<?xml version="1.0" encoding="UTF-8"?>
<testsuite name="com.project.devidea.modules.content.study.repository.StudyRepositoryCustomTest" tests="1" skipped="0" failures="1" errors="0" timestamp="2021-03-10T13:37:37" hostname="DESKTOP-8NO6PS7" time="16.94">
  <properties/>
  <testcase name="기본 검색 테스트" classname="com.project.devidea.modules.content.study.repository.StudyRepositoryCustomTest" time="16.94">
    <failure message="org.modelmapper.MappingException: ModelMapper mapping errors:&#13;&#10;&#13;&#10;1) Error mapping com.project.devidea.modules.content.study.Study to com.project.devidea.modules.content.study.form.StudyListForm&#13;&#10;&#13;&#10;1 error" type="org.modelmapper.MappingException">org.modelmapper.MappingException: ModelMapper mapping errors:

1) Error mapping com.project.devidea.modules.content.study.Study to com.project.devidea.modules.content.study.form.StudyListForm

1 error
	at org.modelmapper.internal.Errors.throwMappingExceptionIfErrorsExist(Errors.java:380)
	at org.modelmapper.internal.MappingEngineImpl.map(MappingEngineImpl.java:81)
	at org.modelmapper.ModelMapper.mapInternal(ModelMapper.java:573)
	at org.modelmapper.ModelMapper.map(ModelMapper.java:406)
	at com.project.devidea.modules.content.study.repository.StudyRepositoryImpl.lambda$findByCondition$0(StudyRepositoryImpl.java:49)
	at java.base/java.util.ArrayList$ArrayListSpliterator.forEachRemaining(ArrayList.java:1655)
	at java.base/java.util.stream.ReferencePipeline$Head.forEach(ReferencePipeline.java:658)
	at com.project.devidea.modules.content.study.repository.StudyRepositoryImpl.findByCondition(StudyRepositoryImpl.java:48)
	at java.base/jdk.internal.reflect.NativeMethodAccessorImpl.invoke0(Native Method)
	at java.base/jdk.internal.reflect.NativeMethodAccessorImpl.invoke(NativeMethodAccessorImpl.java:62)
	at java.base/jdk.internal.reflect.DelegatingMethodAccessorImpl.invoke(DelegatingMethodAccessorImpl.java:43)
	at java.base/java.lang.reflect.Method.invoke(Method.java:566)
	at org.springframework.data.repository.core.support.RepositoryMethodInvoker$RepositoryFragmentMethodInvoker.lambda$new$0(RepositoryMethodInvoker.java:289)
	at org.springframework.data.repository.core.support.RepositoryMethodInvoker.doInvoke(RepositoryMethodInvoker.java:137)
	at org.springframework.data.repository.core.support.RepositoryMethodInvoker.invoke(RepositoryMethodInvoker.java:121)
	at org.springframework.data.repository.core.support.RepositoryComposition$RepositoryFragments.invoke(RepositoryComposition.java:524)
	at org.springframework.data.repository.core.support.RepositoryComposition.invoke(RepositoryComposition.java:285)
	at org.springframework.data.repository.core.support.RepositoryFactorySupport$ImplementationMethodExecutionInterceptor.invoke(RepositoryFactorySupport.java:531)
	at org.springframework.aop.framework.ReflectiveMethodInvocation.proceed(ReflectiveMethodInvocation.java:186)
	at org.springframework.data.repository.core.support.QueryExecutorMethodInterceptor.doInvoke(QueryExecutorMethodInterceptor.java:156)
	at org.springframework.data.repository.core.support.QueryExecutorMethodInterceptor.invoke(QueryExecutorMethodInterceptor.java:131)
	at org.springframework.aop.framework.ReflectiveMethodInvocation.proceed(ReflectiveMethodInvocation.java:186)
	at org.springframework.data.projection.DefaultMethodInvokingMethodInterceptor.invoke(DefaultMethodInvokingMethodInterceptor.java:80)
	at org.springframework.aop.framework.ReflectiveMethodInvocation.proceed(ReflectiveMethodInvocation.java:186)
	at org.springframework.transaction.interceptor.TransactionInterceptor$1.proceedWithInvocation(TransactionInterceptor.java:123)
	at org.springframework.transaction.interceptor.TransactionAspectSupport.invokeWithinTransaction(TransactionAspectSupport.java:388)
	at org.springframework.transaction.interceptor.TransactionInterceptor.invoke(TransactionInterceptor.java:119)
	at org.springframework.aop.framework.ReflectiveMethodInvocation.proceed(ReflectiveMethodInvocation.java:186)
	at org.springframework.dao.support.PersistenceExceptionTranslationInterceptor.invoke(PersistenceExceptionTranslationInterceptor.java:137)
	at org.springframework.aop.framework.ReflectiveMethodInvocation.proceed(ReflectiveMethodInvocation.java:186)
	at org.springframework.data.jpa.repository.support.CrudMethodMetadataPostProcessor$CrudMethodMetadataPopulatingMethodInterceptor.invoke(CrudMethodMetadataPostProcessor.java:174)
	at org.springframework.aop.framework.ReflectiveMethodInvocation.proceed(ReflectiveMethodInvocation.java:186)
	at org.springframework.aop.interceptor.ExposeInvocationInterceptor.invoke(ExposeInvocationInterceptor.java:97)
	at org.springframework.aop.framework.ReflectiveMethodInvocation.proceed(ReflectiveMethodInvocation.java:186)
	at org.springframework.aop.framework.JdkDynamicAopProxy.invoke(JdkDynamicAopProxy.java:215)
	at com.sun.proxy.$Proxy124.findByCondition(Unknown Source)
	at com.project.devidea.modules.content.study.repository.StudyRepositoryCustomTest.기본_테스트(StudyRepositoryCustomTest.java:56)
	at java.base/jdk.internal.reflect.NativeMethodAccessorImpl.invoke0(Native Method)
	at java.base/jdk.internal.reflect.NativeMethodAccessorImpl.invoke(NativeMethodAccessorImpl.java:62)
	at java.base/jdk.internal.reflect.DelegatingMethodAccessorImpl.invoke(DelegatingMethodAccessorImpl.java:43)
	at java.base/java.lang.reflect.Method.invoke(Method.java:566)
	at org.junit.platform.commons.util.ReflectionUtils.invokeMethod(ReflectionUtils.java:688)
	at org.junit.jupiter.engine.execution.MethodInvocation.proceed(MethodInvocation.java:60)
	at org.junit.jupiter.engine.execution.InvocationInterceptorChain$ValidatingInvocation.proceed(InvocationInterceptorChain.java:131)
	at org.junit.jupiter.engine.extension.TimeoutExtension.intercept(TimeoutExtension.java:149)
	at org.junit.jupiter.engine.extension.TimeoutExtension.interceptTestableMethod(TimeoutExtension.java:140)
	at org.junit.jupiter.engine.extension.TimeoutExtension.interceptTestMethod(TimeoutExtension.java:84)
	at org.junit.jupiter.engine.execution.ExecutableInvoker$ReflectiveInterceptorCall.lambda$ofVoidMethod$0(ExecutableInvoker.java:115)
	at org.junit.jupiter.engine.execution.ExecutableInvoker.lambda$invoke$0(ExecutableInvoker.java:105)
	at org.junit.jupiter.engine.execution.InvocationInterceptorChain$InterceptedInvocation.proceed(InvocationInterceptorChain.java:106)
	at org.junit.jupiter.engine.execution.InvocationInterceptorChain.proceed(InvocationInterceptorChain.java:64)
	at org.junit.jupiter.engine.execution.InvocationInterceptorChain.chainAndInvoke(InvocationInterceptorChain.java:45)
	at org.junit.jupiter.engine.execution.InvocationInterceptorChain.invoke(InvocationInterceptorChain.java:37)
	at org.junit.jupiter.engine.execution.ExecutableInvoker.invoke(ExecutableInvoker.java:104)
	at org.junit.jupiter.engine.execution.ExecutableInvoker.invoke(ExecutableInvoker.java:98)
	at org.junit.jupiter.engine.descriptor.TestMethodTestDescriptor.lambda$invokeTestMethod$6(TestMethodTestDescriptor.java:210)
	at org.junit.platform.engine.support.hierarchical.ThrowableCollector.execute(ThrowableCollector.java:73)
	at org.junit.jupiter.engine.descriptor.TestMethodTestDescriptor.invokeTestMethod(TestMethodTestDescriptor.java:206)
	at org.junit.jupiter.engine.descriptor.TestMethodTestDescriptor.execute(TestMethodTestDescriptor.java:131)
	at org.junit.jupiter.engine.descriptor.TestMethodTestDescriptor.execute(TestMethodTestDescriptor.java:65)
	at org.junit.platform.engine.support.hierarchical.NodeTestTask.lambda$executeRecursively$5(NodeTestTask.java:139)
	at org.junit.platform.engine.support.hierarchical.ThrowableCollector.execute(ThrowableCollector.java:73)
	at org.junit.platform.engine.support.hierarchical.NodeTestTask.lambda$executeRecursively$7(NodeTestTask.java:129)
	at org.junit.platform.engine.support.hierarchical.Node.around(Node.java:137)
	at org.junit.platform.engine.support.hierarchical.NodeTestTask.lambda$executeRecursively$8(NodeTestTask.java:127)
	at org.junit.platform.engine.support.hierarchical.ThrowableCollector.execute(ThrowableCollector.java:73)
	at org.junit.platform.engine.support.hierarchical.NodeTestTask.executeRecursively(NodeTestTask.java:126)
	at org.junit.platform.engine.support.hierarchical.NodeTestTask.execute(NodeTestTask.java:84)
	at java.base/java.util.ArrayList.forEach(ArrayList.java:1541)
	at org.junit.platform.engine.support.hierarchical.SameThreadHierarchicalTestExecutorService.invokeAll(SameThreadHierarchicalTestExecutorService.java:38)
	at org.junit.platform.engine.support.hierarchical.NodeTestTask.lambda$executeRecursively$5(NodeTestTask.java:143)
	at org.junit.platform.engine.support.hierarchical.ThrowableCollector.execute(ThrowableCollector.java:73)
	at org.junit.platform.engine.support.hierarchical.NodeTestTask.lambda$executeRecursively$7(NodeTestTask.java:129)
	at org.junit.platform.engine.support.hierarchical.Node.around(Node.java:137)
	at org.junit.platform.engine.support.hierarchical.NodeTestTask.lambda$executeRecursively$8(NodeTestTask.java:127)
	at org.junit.platform.engine.support.hierarchical.ThrowableCollector.execute(ThrowableCollector.java:73)
	at org.junit.platform.engine.support.hierarchical.NodeTestTask.executeRecursively(NodeTestTask.java:126)
	at org.junit.platform.engine.support.hierarchical.NodeTestTask.execute(NodeTestTask.java:84)
	at java.base/java.util.ArrayList.forEach(ArrayList.java:1541)
	at org.junit.platform.engine.support.hierarchical.SameThreadHierarchicalTestExecutorService.invokeAll(SameThreadHierarchicalTestExecutorService.java:38)
	at org.junit.platform.engine.support.hierarchical.NodeTestTask.lambda$executeRecursively$5(NodeTestTask.java:143)
	at org.junit.platform.engine.support.hierarchical.ThrowableCollector.execute(ThrowableCollector.java:73)
	at org.junit.platform.engine.support.hierarchical.NodeTestTask.lambda$executeRecursively$7(NodeTestTask.java:129)
	at org.junit.platform.engine.support.hierarchical.Node.around(Node.java:137)
	at org.junit.platform.engine.support.hierarchical.NodeTestTask.lambda$executeRecursively$8(NodeTestTask.java:127)
	at org.junit.platform.engine.support.hierarchical.ThrowableCollector.execute(ThrowableCollector.java:73)
	at org.junit.platform.engine.support.hierarchical.NodeTestTask.executeRecursively(NodeTestTask.java:126)
	at org.junit.platform.engine.support.hierarchical.NodeTestTask.execute(NodeTestTask.java:84)
	at org.junit.platform.engine.support.hierarchical.SameThreadHierarchicalTestExecutorService.submit(SameThreadHierarchicalTestExecutorService.java:32)
	at org.junit.platform.engine.support.hierarchical.HierarchicalTestExecutor.execute(HierarchicalTestExecutor.java:57)
	at org.junit.platform.engine.support.hierarchical.HierarchicalTestEngine.execute(HierarchicalTestEngine.java:51)
	at org.junit.platform.launcher.core.EngineExecutionOrchestrator.execute(EngineExecutionOrchestrator.java:108)
	at org.junit.platform.launcher.core.EngineExecutionOrchestrator.execute(EngineExecutionOrchestrator.java:88)
	at org.junit.platform.launcher.core.EngineExecutionOrchestrator.lambda$execute$0(EngineExecutionOrchestrator.java:54)
	at org.junit.platform.launcher.core.EngineExecutionOrchestrator.withInterceptedStreams(EngineExecutionOrchestrator.java:67)
	at org.junit.platform.launcher.core.EngineExecutionOrchestrator.execute(EngineExecutionOrchestrator.java:52)
	at org.junit.platform.launcher.core.DefaultLauncher.execute(DefaultLauncher.java:96)
	at org.junit.platform.launcher.core.DefaultLauncher.execute(DefaultLauncher.java:75)
	at org.gradle.api.internal.tasks.testing.junitplatform.JUnitPlatformTestClassProcessor$CollectAllTestClassesExecutor.processAllTestClasses(JUnitPlatformTestClassProcessor.java:99)
	at org.gradle.api.internal.tasks.testing.junitplatform.JUnitPlatformTestClassProcessor$CollectAllTestClassesExecutor.access$000(JUnitPlatformTestClassProcessor.java:79)
	at org.gradle.api.internal.tasks.testing.junitplatform.JUnitPlatformTestClassProcessor.stop(JUnitPlatformTestClassProcessor.java:75)
	at org.gradle.api.internal.tasks.testing.SuiteTestClassProcessor.stop(SuiteTestClassProcessor.java:61)
	at java.base/jdk.internal.reflect.NativeMethodAccessorImpl.invoke0(Native Method)
	at java.base/jdk.internal.reflect.NativeMethodAccessorImpl.invoke(NativeMethodAccessorImpl.java:62)
	at java.base/jdk.internal.reflect.DelegatingMethodAccessorImpl.invoke(DelegatingMethodAccessorImpl.java:43)
	at java.base/java.lang.reflect.Method.invoke(Method.java:566)
	at org.gradle.internal.dispatch.ReflectionDispatch.dispatch(ReflectionDispatch.java:36)
	at org.gradle.internal.dispatch.ReflectionDispatch.dispatch(ReflectionDispatch.java:24)
	at org.gradle.internal.dispatch.ContextClassLoaderDispatch.dispatch(ContextClassLoaderDispatch.java:33)
	at org.gradle.internal.dispatch.ProxyDispatchAdapter$DispatchingInvocationHandler.invoke(ProxyDispatchAdapter.java:94)
	at com.sun.proxy.$Proxy2.stop(Unknown Source)
	at org.gradle.api.internal.tasks.testing.worker.TestWorker.stop(TestWorker.java:133)
	at java.base/jdk.internal.reflect.NativeMethodAccessorImpl.invoke0(Native Method)
	at java.base/jdk.internal.reflect.NativeMethodAccessorImpl.invoke(NativeMethodAccessorImpl.java:62)
	at java.base/jdk.internal.reflect.DelegatingMethodAccessorImpl.invoke(DelegatingMethodAccessorImpl.java:43)
	at java.base/java.lang.reflect.Method.invoke(Method.java:566)
	at org.gradle.internal.dispatch.ReflectionDispatch.dispatch(ReflectionDispatch.java:36)
	at org.gradle.internal.dispatch.ReflectionDispatch.dispatch(ReflectionDispatch.java:24)
	at org.gradle.internal.remote.internal.hub.MessageHubBackedObjectConnection$DispatchWrapper.dispatch(MessageHubBackedObjectConnection.java:182)
	at org.gradle.internal.remote.internal.hub.MessageHubBackedObjectConnection$DispatchWrapper.dispatch(MessageHubBackedObjectConnection.java:164)
	at org.gradle.internal.remote.internal.hub.MessageHub$Handler.run(MessageHub.java:414)
	at org.gradle.internal.concurrent.ExecutorPolicy$CatchAndRecordFailures.onExecute(ExecutorPolicy.java:64)
	at org.gradle.internal.concurrent.ManagedExecutorImpl$1.run(ManagedExecutorImpl.java:48)
	at java.base/java.util.concurrent.ThreadPoolExecutor.runWorker(ThreadPoolExecutor.java:1128)
	at java.base/java.util.concurrent.ThreadPoolExecutor$Worker.run(ThreadPoolExecutor.java:628)
	at org.gradle.internal.concurrent.ThreadFactoryImpl$ManagedThreadRunnable.run(ThreadFactoryImpl.java:56)
	at java.base/java.lang.Thread.run(Thread.java:829)
Caused by: org.modelmapper.MappingException: ModelMapper mapping errors:

1) Failed to set value '	firstName:objective-c,secondName:오브젝트 씨,thirdName:null, parent:프로그래밍언어
	firstName:swift,secondName:스위프트,thirdName:null, parent:프로그래밍언어
	firstName:cloud,secondName:클라우드,thirdName:null, parent:etc' on com.project.devidea.modules.content.study.form.StudyListForm.customSetTags()

1 error
	at org.modelmapper.internal.Errors.toMappingException(Errors.java:258)
	at org.modelmapper.internal.PropertyInfoImpl$MethodMutator.setValue(PropertyInfoImpl.java:128)
	at org.modelmapper.internal.MappingEngineImpl.setDestinationValue(MappingEngineImpl.java:251)
	at org.modelmapper.internal.MappingEngineImpl.propertyMap(MappingEngineImpl.java:188)
	at org.modelmapper.internal.MappingEngineImpl.typeMap(MappingEngineImpl.java:152)
	at org.modelmapper.internal.MappingEngineImpl.map(MappingEngineImpl.java:106)
	at org.modelmapper.internal.MappingEngineImpl.map(MappingEngineImpl.java:72)
	... 125 more
Caused by: java.lang.reflect.InvocationTargetException
	at java.base/jdk.internal.reflect.NativeMethodAccessorImpl.invoke0(Native Method)
	at java.base/jdk.internal.reflect.NativeMethodAccessorImpl.invoke(NativeMethodAccessorImpl.java:62)
	at java.base/jdk.internal.reflect.DelegatingMethodAccessorImpl.invoke(DelegatingMethodAccessorImpl.java:43)
	at java.base/java.lang.reflect.Method.invoke(Method.java:566)
	at org.modelmapper.internal.PropertyInfoImpl$MethodMutator.setValue(PropertyInfoImpl.java:126)
	... 130 more
Caused by: java.lang.NullPointerException
	at com.project.devidea.modules.content.study.form.StudyListForm.lambda$customSetTags$0(StudyListForm.java:46)
	at java.base/java.util.HashMap$KeySpliterator.forEachRemaining(HashMap.java:1603)
	at java.base/java.util.stream.ReferencePipeline$Head.forEach(ReferencePipeline.java:658)
	at com.project.devidea.modules.content.study.form.StudyListForm.customSetTags(StudyListForm.java:46)
	... 135 more
</failure>
  </testcase>
  <system-out><![CDATA[22:37:26.697 [Test worker] DEBUG org.springframework.test.context.BootstrapUtils - Instantiating CacheAwareContextLoaderDelegate from class [org.springframework.test.context.cache.DefaultCacheAwareContextLoaderDelegate]
22:37:26.732 [Test worker] DEBUG org.springframework.test.context.BootstrapUtils - Instantiating BootstrapContext using constructor [public org.springframework.test.context.support.DefaultBootstrapContext(java.lang.Class,org.springframework.test.context.CacheAwareContextLoaderDelegate)]
22:37:26.774 [Test worker] DEBUG org.springframework.test.context.BootstrapUtils - Instantiating TestContextBootstrapper for test class [com.project.devidea.modules.content.study.repository.StudyRepositoryCustomTest] from class [org.springframework.boot.test.context.SpringBootTestContextBootstrapper]
22:37:26.790 [Test worker] INFO org.springframework.boot.test.context.SpringBootTestContextBootstrapper - Neither @ContextConfiguration nor @ContextHierarchy found for test class [com.project.devidea.modules.content.study.repository.StudyRepositoryCustomTest], using SpringBootContextLoader
22:37:26.805 [Test worker] DEBUG org.springframework.test.context.support.AbstractContextLoader - Did not detect default resource location for test class [com.project.devidea.modules.content.study.repository.StudyRepositoryCustomTest]: class path resource [com/project/devidea/modules/content/study/repository/StudyRepositoryCustomTest-context.xml] does not exist
22:37:26.805 [Test worker] DEBUG org.springframework.test.context.support.AbstractContextLoader - Did not detect default resource location for test class [com.project.devidea.modules.content.study.repository.StudyRepositoryCustomTest]: class path resource [com/project/devidea/modules/content/study/repository/StudyRepositoryCustomTestContext.groovy] does not exist
22:37:26.805 [Test worker] INFO org.springframework.test.context.support.AbstractContextLoader - Could not detect default resource locations for test class [com.project.devidea.modules.content.study.repository.StudyRepositoryCustomTest]: no resource found for suffixes {-context.xml, Context.groovy}.
22:37:26.805 [Test worker] INFO org.springframework.test.context.support.AnnotationConfigContextLoaderUtils - Could not detect default configuration classes for test class [com.project.devidea.modules.content.study.repository.StudyRepositoryCustomTest]: StudyRepositoryCustomTest does not declare any static, non-private, non-final, nested classes annotated with @Configuration.
22:37:26.868 [Test worker] DEBUG org.springframework.test.context.support.ActiveProfilesUtils - Could not find an 'annotation declaring class' for annotation type [org.springframework.test.context.ActiveProfiles] and class [com.project.devidea.modules.content.study.repository.StudyRepositoryCustomTest]
22:37:27.009 [Test worker] DEBUG org.springframework.context.annotation.ClassPathScanningCandidateComponentProvider - Identified candidate component class: file [C:\Users\minso\intelij\back-end\devidea\build\classes\java\main\com\project\devidea\DevideaApplication.class]
22:37:27.009 [Test worker] INFO org.springframework.boot.test.context.SpringBootTestContextBootstrapper - Found @SpringBootConfiguration com.project.devidea.DevideaApplication for test class com.project.devidea.modules.content.study.repository.StudyRepositoryCustomTest
22:37:27.180 [Test worker] DEBUG org.springframework.boot.test.context.SpringBootTestContextBootstrapper - @TestExecutionListeners is not present for class [com.project.devidea.modules.content.study.repository.StudyRepositoryCustomTest]: using defaults.
22:37:27.180 [Test worker] INFO org.springframework.boot.test.context.SpringBootTestContextBootstrapper - Loaded default TestExecutionListener class names from location [META-INF/spring.factories]: [org.springframework.security.test.context.support.WithSecurityContextTestExecutionListener, org.springframework.security.test.context.support.ReactorContextTestExecutionListener, org.springframework.boot.test.autoconfigure.restdocs.RestDocsTestExecutionListener, org.springframework.boot.test.autoconfigure.web.client.MockRestServiceServerResetTestExecutionListener, org.springframework.boot.test.autoconfigure.web.servlet.MockMvcPrintOnlyOnFailureTestExecutionListener, org.springframework.boot.test.autoconfigure.web.servlet.WebDriverTestExecutionListener, org.springframework.boot.test.autoconfigure.webservices.client.MockWebServiceServerTestExecutionListener, org.springframework.boot.test.mock.mockito.MockitoTestExecutionListener, org.springframework.boot.test.mock.mockito.ResetMocksTestExecutionListener, org.springframework.test.context.web.ServletTestExecutionListener, org.springframework.test.context.support.DirtiesContextBeforeModesTestExecutionListener, org.springframework.test.context.event.ApplicationEventsTestExecutionListener, org.springframework.test.context.support.DependencyInjectionTestExecutionListener, org.springframework.test.context.support.DirtiesContextTestExecutionListener, org.springframework.test.context.transaction.TransactionalTestExecutionListener, org.springframework.test.context.jdbc.SqlScriptsTestExecutionListener, org.springframework.test.context.event.EventPublishingTestExecutionListener]
22:37:27.235 [Test worker] INFO org.springframework.boot.test.context.SpringBootTestContextBootstrapper - Using TestExecutionListeners: [org.springframework.test.context.web.ServletTestExecutionListener@3d4fa798, org.springframework.test.context.support.DirtiesContextBeforeModesTestExecutionListener@55353d8b, org.springframework.test.context.event.ApplicationEventsTestExecutionListener@7562202b, org.springframework.boot.test.mock.mockito.MockitoTestExecutionListener@4769fd10, org.springframework.boot.test.autoconfigure.SpringBootDependencyInjectionTestExecutionListener@7dae102, org.springframework.test.context.support.DirtiesContextTestExecutionListener@7bff4d17, org.springframework.test.context.transaction.TransactionalTestExecutionListener@1f78593b, org.springframework.test.context.jdbc.SqlScriptsTestExecutionListener@17f1b6b9, org.springframework.security.test.context.support.WithSecurityContextTestExecutionListener@477387b4, org.springframework.test.context.event.EventPublishingTestExecutionListener@4665fdb8, org.springframework.security.test.context.support.ReactorContextTestExecutionListener@1b89c5ce, org.springframework.boot.test.autoconfigure.restdocs.RestDocsTestExecutionListener@1d7fc78, org.springframework.boot.test.autoconfigure.web.client.MockRestServiceServerResetTestExecutionListener@5ac295d1, org.springframework.boot.test.autoconfigure.web.servlet.MockMvcPrintOnlyOnFailureTestExecutionListener@33232b0c, org.springframework.boot.test.autoconfigure.web.servlet.WebDriverTestExecutionListener@66d13f13, org.springframework.boot.test.autoconfigure.webservices.client.MockWebServiceServerTestExecutionListener@585b3b8d, org.springframework.boot.test.mock.mockito.ResetMocksTestExecutionListener@1679514a]
22:37:27.235 [Test worker] DEBUG org.springframework.test.context.support.AbstractDirtiesContextTestExecutionListener - Before test class: context [DefaultTestContext@6d4b37fc testClass = StudyRepositoryCustomTest, testInstance = [null], testMethod = [null], testException = [null], mergedContextConfiguration = [WebMergedContextConfiguration@1898e8c5 testClass = StudyRepositoryCustomTest, locations = '{}', classes = '{class com.project.devidea.DevideaApplication}', contextInitializerClasses = '[]', activeProfiles = '{}', propertySourceLocations = '{}', propertySourceProperties = '{org.springframework.boot.test.context.SpringBootTestContextBootstrapper=true}', contextCustomizers = set[org.springframework.boot.test.autoconfigure.actuate.metrics.MetricsExportContextCustomizerFactory$DisableMetricExportContextCustomizer@5ab019bd, org.springframework.boot.test.autoconfigure.properties.PropertyMappingContextCustomizer@0, org.springframework.boot.test.autoconfigure.web.servlet.WebDriverContextCustomizerFactory$Customizer@697bec16, org.springframework.boot.test.context.filter.ExcludeFilterContextCustomizer@33287622, org.springframework.boot.test.json.DuplicateJsonObjectContextCustomizerFactory$DuplicateJsonObjectContextCustomizer@67dcc52f, org.springframework.boot.test.mock.mockito.MockitoContextCustomizer@0, org.springframework.boot.test.web.client.TestRestTemplateContextCustomizer@6a0e8beb, org.springframework.boot.test.context.SpringBootTestArgs@1, org.springframework.boot.test.context.SpringBootTestWebEnvironment@8603bb7], resourceBasePath = 'src/main/webapp', contextLoader = 'org.springframework.boot.test.context.SpringBootContextLoader', parent = [null]], attributes = map['org.springframework.test.context.web.ServletTestExecutionListener.activateListener' -> true]], class annotated with @DirtiesContext [false] with mode [null].
22:37:27.283 [Test worker] DEBUG org.springframework.test.context.support.TestPropertySourceUtils - Adding inlined properties to environment: {spring.jmx.enabled=false, org.springframework.boot.test.context.SpringBootTestContextBootstrapper=true}

  .   ____          _            __ _ _
 /\\ / ___'_ __ _ _(_)_ __  __ _ \ \ \ \
( ( )\___ | '_ | '_| | '_ \/ _` | \ \ \ \
 \\/  ___)| |_)| | | | | || (_| |  ) ) ) )
  '  |____| .__|_| |_|_| |_\__, | / / / /
 =========|_|==============|___/=/_/_/_/
 :: Spring Boot ::                (v2.4.3)

2021-03-10 22:37:27.738  INFO 20712 --- [    Test worker] c.p.d.m.c.s.r.StudyRepositoryCustomTest  : Starting StudyRepositoryCustomTest using Java 11.0.10 on DESKTOP-8NO6PS7 with PID 20712 (started by minso in C:\Users\minso\intelij\back-end\devidea)
2021-03-10 22:37:27.738  INFO 20712 --- [    Test worker] c.p.d.m.c.s.r.StudyRepositoryCustomTest  : No active profile set, falling back to default profiles: default
2021-03-10 22:37:28.946  INFO 20712 --- [    Test worker] .s.d.r.c.RepositoryConfigurationDelegate : Bootstrapping Spring Data JPA repositories in DEFAULT mode.
2021-03-10 22:37:29.102  INFO 20712 --- [    Test worker] .s.d.r.c.RepositoryConfigurationDelegate : Finished Spring Data repository scanning in 145 ms. Found 5 JPA repository interfaces.
2021-03-10 22:37:30.008  INFO 20712 --- [    Test worker] o.hibernate.jpa.internal.util.LogHelper  : HHH000204: Processing PersistenceUnitInfo [name: default]
2021-03-10 22:37:30.086  INFO 20712 --- [    Test worker] org.hibernate.Version                    : HHH000412: Hibernate ORM core version 5.4.28.Final
2021-03-10 22:37:30.386  INFO 20712 --- [    Test worker] o.hibernate.annotations.common.Version   : HCANN000001: Hibernate Commons Annotations {5.1.2.Final}
2021-03-10 22:37:30.638  INFO 20712 --- [    Test worker] com.zaxxer.hikari.HikariDataSource       : HikariPool-1 - Starting...
2021-03-10 22:37:30.954  INFO 20712 --- [    Test worker] com.zaxxer.hikari.HikariDataSource       : HikariPool-1 - Start completed.
2021-03-10 22:37:31.032  INFO 20712 --- [    Test worker] org.hibernate.dialect.Dialect            : HHH000400: Using dialect: org.hibernate.dialect.H2Dialect
Hibernate: 
    
    drop table if exists account CASCADE 
Hibernate: 
    
    drop table if exists content CASCADE 
Hibernate: 
    
    drop table if exists notification CASCADE 
Hibernate: 
    
    drop table if exists study CASCADE 
Hibernate: 
    
    drop table if exists study_members CASCADE 
Hibernate: 
    
    drop table if exists study_tags CASCADE 
Hibernate: 
    
    drop table if exists tag CASCADE 
Hibernate: 
    
    drop table if exists zone CASCADE 
Hibernate: 
    
    drop sequence if exists hibernate_sequence
Hibernate: create sequence hibernate_sequence start with 1 increment by 1
Hibernate: 
    
    create table account (
       id bigint not null,
        primary key (id)
    )
Hibernate: 
    
    create table content (
       id bigint not null,
        primary key (id)
    )
Hibernate: 
    
    create table notification (
       id bigint not null,
        checked boolean not null,
        checked_date_time timestamp,
        created_date_time timestamp,
        message varchar(255),
        notification_type varchar(255),
        title varchar(255),
        account_id bigint,
        primary key (id)
    )
Hibernate: 
    
    create table study (
       id bigint not null,
        likes integer not null,
        counts integer not null,
        full_description varchar(255),
        level integer,
        max_count integer not null,
        mento_recruiting boolean,
        open boolean not null,
        published_date_time timestamp,
        question varchar(255),
        recruiting boolean not null,
        short_description varchar(255),
        title varchar(255),
        location_id bigint,
        primary key (id)
    )
Hibernate: 
    
    create table study_members (
       study_id bigint not null,
        members_id bigint not null,
        primary key (study_id, members_id)
    )
Hibernate: 
    
    create table study_tags (
       study_id bigint not null,
        tags_id bigint not null,
        primary key (study_id, tags_id)
    )
Hibernate: 
    
    create table tag (
       id bigint not null,
        first_name varchar(255) not null,
        second_name varchar(255),
        third_name varchar(255),
        parent_id bigint,
        primary key (id)
    )
Hibernate: 
    
    create table zone (
       id bigint not null,
        city varchar(255) not null,
        local_name_of_city varchar(255) not null,
        province varchar(255),
        primary key (id)
    )
Hibernate: 
    
    alter table tag 
       add constraint UK_m0o9ygkqul32pjtyhnwc6eqqv unique (first_name)
Hibernate: 
    
    alter table tag 
       add constraint UK_ht8rrgby7khdydbogamx45xcl unique (second_name)
Hibernate: 
    
    alter table tag 
       add constraint UK_kxm1tu5sgquhte0sl2icyg8d unique (third_name)
Hibernate: 
    
    alter table zone 
       add constraint UKbpi2ri94ur6w0um8yw1stvpgg unique (city, province)
Hibernate: 
    
    alter table notification 
       add constraint FKj0b1ncedmpl7sx7t7o54t26v2 
       foreign key (account_id) 
       references account
Hibernate: 
    
    alter table study 
       add constraint FK4nkor9plgvtupft0lc212fig3 
       foreign key (location_id) 
       references zone
Hibernate: 
    
    alter table study_members 
       add constraint FKaq9p14pwrcsffyw95j2wfcs00 
       foreign key (members_id) 
       references account
Hibernate: 
    
    alter table study_members 
       add constraint FK91e2fjvhd8t9u8m71jtj5jx0g 
       foreign key (study_id) 
       references study
Hibernate: 
    
    alter table study_tags 
       add constraint FKjxrh4qj2v71ot7opn2334tdsb 
       foreign key (tags_id) 
       references tag
Hibernate: 
    
    alter table study_tags 
       add constraint FKfcda2rd30mutrwq7v7pdfe4ad 
       foreign key (study_id) 
       references study
Hibernate: 
    
    alter table tag 
       add constraint FK7qmvvbjehhppyl7shle3qeli1 
       foreign key (parent_id) 
       references tag
2021-03-10 22:37:32.453  INFO 20712 --- [    Test worker] o.h.e.t.j.p.i.JtaPlatformInitiator       : HHH000490: Using JtaPlatform implementation: [org.hibernate.engine.transaction.jta.platform.internal.NoJtaPlatform]
2021-03-10 22:37:32.469  INFO 20712 --- [    Test worker] j.LocalContainerEntityManagerFactoryBean : Initialized JPA EntityManagerFactory for persistence unit 'default'
Hibernate: 
    select
        count(*) as col_0_0_ 
    from
        tag tag0_
2021-03-10 22:37:33.968 TRACE 20712 --- [    Test worker] o.h.type.descriptor.sql.BasicExtractor   : extracted value ([col_0_0_] : [BIGINT]) - [0]
Hibernate: 
    call next value for hibernate_sequence
Hibernate: 
    insert 
    into
        tag
        (first_name, parent_id, second_name, third_name, id) 
    values
        (?, ?, ?, ?, ?)
2021-03-10 22:37:34.066 TRACE 20712 --- [    Test worker] o.h.type.descriptor.sql.BasicBinder      : binding parameter [1] as [VARCHAR] - [개발]
2021-03-10 22:37:34.066 TRACE 20712 --- [    Test worker] o.h.type.descriptor.sql.BasicBinder      : binding parameter [2] as [BIGINT] - [null]
2021-03-10 22:37:34.066 TRACE 20712 --- [    Test worker] o.h.type.descriptor.sql.BasicBinder      : binding parameter [3] as [VARCHAR] - [development]
2021-03-10 22:37:34.066 TRACE 20712 --- [    Test worker] o.h.type.descriptor.sql.BasicBinder      : binding parameter [4] as [VARCHAR] - [software]
2021-03-10 22:37:34.066 TRACE 20712 --- [    Test worker] o.h.type.descriptor.sql.BasicBinder      : binding parameter [5] as [BIGINT] - [1]
Hibernate: 
    select
        tag0_.id as id1_6_0_,
        children1_.id as id1_6_1_,
        tag2_.id as id1_6_2_,
        tag0_.first_name as first_na2_6_0_,
        tag0_.parent_id as parent_i5_6_0_,
        tag0_.second_name as second_n3_6_0_,
        tag0_.third_name as third_na4_6_0_,
        children1_.first_name as first_na2_6_1_,
        children1_.parent_id as parent_i5_6_1_,
        children1_.second_name as second_n3_6_1_,
        children1_.third_name as third_na4_6_1_,
        children1_.parent_id as parent_i5_6_0__,
        children1_.id as id1_6_0__,
        tag2_.first_name as first_na2_6_2_,
        tag2_.parent_id as parent_i5_6_2_,
        tag2_.second_name as second_n3_6_2_,
        tag2_.third_name as third_na4_6_2_ 
    from
        tag tag0_ 
    left outer join
        tag children1_ 
            on tag0_.id=children1_.parent_id 
    left outer join
        tag tag2_ 
            on tag0_.parent_id=tag2_.id 
    where
        tag0_.first_name=?
2021-03-10 22:37:34.113 TRACE 20712 --- [    Test worker] o.h.type.descriptor.sql.BasicBinder      : binding parameter [1] as [VARCHAR] - [개발]
2021-03-10 22:37:34.129 TRACE 20712 --- [    Test worker] o.h.type.descriptor.sql.BasicExtractor   : extracted value ([id1_6_0_] : [BIGINT]) - [1]
2021-03-10 22:37:34.129 TRACE 20712 --- [    Test worker] o.h.type.descriptor.sql.BasicExtractor   : extracted value ([id1_6_1_] : [BIGINT]) - [null]
2021-03-10 22:37:34.129 TRACE 20712 --- [    Test worker] o.h.type.descriptor.sql.BasicExtractor   : extracted value ([id1_6_2_] : [BIGINT]) - [null]
2021-03-10 22:37:34.129 TRACE 20712 --- [    Test worker] o.h.type.descriptor.sql.BasicExtractor   : extracted value ([first_na2_6_0_] : [VARCHAR]) - [개발]
2021-03-10 22:37:34.129 TRACE 20712 --- [    Test worker] o.h.type.descriptor.sql.BasicExtractor   : extracted value ([parent_i5_6_0_] : [BIGINT]) - [null]
2021-03-10 22:37:34.129 TRACE 20712 --- [    Test worker] o.h.type.descriptor.sql.BasicExtractor   : extracted value ([second_n3_6_0_] : [VARCHAR]) - [development]
2021-03-10 22:37:34.129 TRACE 20712 --- [    Test worker] o.h.type.descriptor.sql.BasicExtractor   : extracted value ([third_na4_6_0_] : [VARCHAR]) - [software]
2021-03-10 22:37:34.129 TRACE 20712 --- [    Test worker] o.h.type.descriptor.sql.BasicExtractor   : extracted value ([parent_i5_6_0__] : [BIGINT]) - [null]
Hibernate: 
    call next value for hibernate_sequence
Hibernate: 
    insert 
    into
        tag
        (first_name, parent_id, second_name, third_name, id) 
    values
        (?, ?, ?, ?, ?)
2021-03-10 22:37:34.144 TRACE 20712 --- [    Test worker] o.h.type.descriptor.sql.BasicBinder      : binding parameter [1] as [VARCHAR] - [웹개발]
2021-03-10 22:37:34.144 TRACE 20712 --- [    Test worker] o.h.type.descriptor.sql.BasicBinder      : binding parameter [2] as [BIGINT] - [1]
2021-03-10 22:37:34.144 TRACE 20712 --- [    Test worker] o.h.type.descriptor.sql.BasicBinder      : binding parameter [3] as [VARCHAR] - [web]
2021-03-10 22:37:34.144 TRACE 20712 --- [    Test worker] o.h.type.descriptor.sql.BasicBinder      : binding parameter [4] as [VARCHAR] - [web-development]
2021-03-10 22:37:34.144 TRACE 20712 --- [    Test worker] o.h.type.descriptor.sql.BasicBinder      : binding parameter [5] as [BIGINT] - [2]
Hibernate: 
    select
        tag0_.id as id1_6_0_,
        children1_.id as id1_6_1_,
        tag2_.id as id1_6_2_,
        tag0_.first_name as first_na2_6_0_,
        tag0_.parent_id as parent_i5_6_0_,
        tag0_.second_name as second_n3_6_0_,
        tag0_.third_name as third_na4_6_0_,
        children1_.first_name as first_na2_6_1_,
        children1_.parent_id as parent_i5_6_1_,
        children1_.second_name as second_n3_6_1_,
        children1_.third_name as third_na4_6_1_,
        children1_.parent_id as parent_i5_6_0__,
        children1_.id as id1_6_0__,
        tag2_.first_name as first_na2_6_2_,
        tag2_.parent_id as parent_i5_6_2_,
        tag2_.second_name as second_n3_6_2_,
        tag2_.third_name as third_na4_6_2_ 
    from
        tag tag0_ 
    left outer join
        tag children1_ 
            on tag0_.id=children1_.parent_id 
    left outer join
        tag tag2_ 
            on tag0_.parent_id=tag2_.id 
    where
        tag0_.first_name=?
2021-03-10 22:37:34.144 TRACE 20712 --- [    Test worker] o.h.type.descriptor.sql.BasicBinder      : binding parameter [1] as [VARCHAR] - [개발]
2021-03-10 22:37:34.144 TRACE 20712 --- [    Test worker] o.h.type.descriptor.sql.BasicExtractor   : extracted value ([id1_6_0_] : [BIGINT]) - [1]
2021-03-10 22:37:34.144 TRACE 20712 --- [    Test worker] o.h.type.descriptor.sql.BasicExtractor   : extracted value ([id1_6_1_] : [BIGINT]) - [2]
2021-03-10 22:37:34.144 TRACE 20712 --- [    Test worker] o.h.type.descriptor.sql.BasicExtractor   : extracted value ([id1_6_2_] : [BIGINT]) - [null]
2021-03-10 22:37:34.144 TRACE 20712 --- [    Test worker] o.h.type.descriptor.sql.BasicExtractor   : extracted value ([first_na2_6_0_] : [VARCHAR]) - [개발]
2021-03-10 22:37:34.144 TRACE 20712 --- [    Test worker] o.h.type.descriptor.sql.BasicExtractor   : extracted value ([parent_i5_6_0_] : [BIGINT]) - [null]
2021-03-10 22:37:34.144 TRACE 20712 --- [    Test worker] o.h.type.descriptor.sql.BasicExtractor   : extracted value ([second_n3_6_0_] : [VARCHAR]) - [development]
2021-03-10 22:37:34.144 TRACE 20712 --- [    Test worker] o.h.type.descriptor.sql.BasicExtractor   : extracted value ([third_na4_6_0_] : [VARCHAR]) - [software]
2021-03-10 22:37:34.144 TRACE 20712 --- [    Test worker] o.h.type.descriptor.sql.BasicExtractor   : extracted value ([first_na2_6_1_] : [VARCHAR]) - [웹개발]
2021-03-10 22:37:34.144 TRACE 20712 --- [    Test worker] o.h.type.descriptor.sql.BasicExtractor   : extracted value ([parent_i5_6_1_] : [BIGINT]) - [1]
2021-03-10 22:37:34.144 TRACE 20712 --- [    Test worker] o.h.type.descriptor.sql.BasicExtractor   : extracted value ([second_n3_6_1_] : [VARCHAR]) - [web]
2021-03-10 22:37:34.144 TRACE 20712 --- [    Test worker] o.h.type.descriptor.sql.BasicExtractor   : extracted value ([third_na4_6_1_] : [VARCHAR]) - [web-development]
2021-03-10 22:37:34.144 TRACE 20712 --- [    Test worker] o.h.type.descriptor.sql.BasicExtractor   : extracted value ([parent_i5_6_0__] : [BIGINT]) - [1]
2021-03-10 22:37:34.144 TRACE 20712 --- [    Test worker] o.h.type.descriptor.sql.BasicExtractor   : extracted value ([id1_6_0__] : [BIGINT]) - [2]
Hibernate: 
    call next value for hibernate_sequence
Hibernate: 
    insert 
    into
        tag
        (first_name, parent_id, second_name, third_name, id) 
    values
        (?, ?, ?, ?, ?)
2021-03-10 22:37:34.160 TRACE 20712 --- [    Test worker] o.h.type.descriptor.sql.BasicBinder      : binding parameter [1] as [VARCHAR] - [서버/백앤드]
2021-03-10 22:37:34.160 TRACE 20712 --- [    Test worker] o.h.type.descriptor.sql.BasicBinder      : binding parameter [2] as [BIGINT] - [1]
2021-03-10 22:37:34.160 TRACE 20712 --- [    Test worker] o.h.type.descriptor.sql.BasicBinder      : binding parameter [3] as [VARCHAR] - [back-end]
2021-03-10 22:37:34.160 TRACE 20712 --- [    Test worker] o.h.type.descriptor.sql.BasicBinder      : binding parameter [4] as [VARCHAR] - [server]
2021-03-10 22:37:34.160 TRACE 20712 --- [    Test worker] o.h.type.descriptor.sql.BasicBinder      : binding parameter [5] as [BIGINT] - [3]
Hibernate: 
    select
        tag0_.id as id1_6_0_,
        children1_.id as id1_6_1_,
        tag2_.id as id1_6_2_,
        tag0_.first_name as first_na2_6_0_,
        tag0_.parent_id as parent_i5_6_0_,
        tag0_.second_name as second_n3_6_0_,
        tag0_.third_name as third_na4_6_0_,
        children1_.first_name as first_na2_6_1_,
        children1_.parent_id as parent_i5_6_1_,
        children1_.second_name as second_n3_6_1_,
        children1_.third_name as third_na4_6_1_,
        children1_.parent_id as parent_i5_6_0__,
        children1_.id as id1_6_0__,
        tag2_.first_name as first_na2_6_2_,
        tag2_.parent_id as parent_i5_6_2_,
        tag2_.second_name as second_n3_6_2_,
        tag2_.third_name as third_na4_6_2_ 
    from
        tag tag0_ 
    left outer join
        tag children1_ 
            on tag0_.id=children1_.parent_id 
    left outer join
        tag tag2_ 
            on tag0_.parent_id=tag2_.id 
    where
        tag0_.first_name=?
2021-03-10 22:37:34.160 TRACE 20712 --- [    Test worker] o.h.type.descriptor.sql.BasicBinder      : binding parameter [1] as [VARCHAR] - [개발]
2021-03-10 22:37:34.160 TRACE 20712 --- [    Test worker] o.h.type.descriptor.sql.BasicExtractor   : extracted value ([id1_6_0_] : [BIGINT]) - [1]
2021-03-10 22:37:34.160 TRACE 20712 --- [    Test worker] o.h.type.descriptor.sql.BasicExtractor   : extracted value ([id1_6_1_] : [BIGINT]) - [2]
2021-03-10 22:37:34.160 TRACE 20712 --- [    Test worker] o.h.type.descriptor.sql.BasicExtractor   : extracted value ([id1_6_2_] : [BIGINT]) - [null]
2021-03-10 22:37:34.160 TRACE 20712 --- [    Test worker] o.h.type.descriptor.sql.BasicExtractor   : extracted value ([first_na2_6_0_] : [VARCHAR]) - [개발]
2021-03-10 22:37:34.160 TRACE 20712 --- [    Test worker] o.h.type.descriptor.sql.BasicExtractor   : extracted value ([parent_i5_6_0_] : [BIGINT]) - [null]
2021-03-10 22:37:34.160 TRACE 20712 --- [    Test worker] o.h.type.descriptor.sql.BasicExtractor   : extracted value ([second_n3_6_0_] : [VARCHAR]) - [development]
2021-03-10 22:37:34.160 TRACE 20712 --- [    Test worker] o.h.type.descriptor.sql.BasicExtractor   : extracted value ([third_na4_6_0_] : [VARCHAR]) - [software]
2021-03-10 22:37:34.160 TRACE 20712 --- [    Test worker] o.h.type.descriptor.sql.BasicExtractor   : extracted value ([first_na2_6_1_] : [VARCHAR]) - [웹개발]
2021-03-10 22:37:34.160 TRACE 20712 --- [    Test worker] o.h.type.descriptor.sql.BasicExtractor   : extracted value ([parent_i5_6_1_] : [BIGINT]) - [1]
2021-03-10 22:37:34.160 TRACE 20712 --- [    Test worker] o.h.type.descriptor.sql.BasicExtractor   : extracted value ([second_n3_6_1_] : [VARCHAR]) - [web]
2021-03-10 22:37:34.160 TRACE 20712 --- [    Test worker] o.h.type.descriptor.sql.BasicExtractor   : extracted value ([third_na4_6_1_] : [VARCHAR]) - [web-development]
2021-03-10 22:37:34.160 TRACE 20712 --- [    Test worker] o.h.type.descriptor.sql.BasicExtractor   : extracted value ([parent_i5_6_0__] : [BIGINT]) - [1]
2021-03-10 22:37:34.160 TRACE 20712 --- [    Test worker] o.h.type.descriptor.sql.BasicExtractor   : extracted value ([id1_6_0__] : [BIGINT]) - [2]
2021-03-10 22:37:34.160 TRACE 20712 --- [    Test worker] o.h.type.descriptor.sql.BasicExtractor   : extracted value ([id1_6_0_] : [BIGINT]) - [1]
2021-03-10 22:37:34.160 TRACE 20712 --- [    Test worker] o.h.type.descriptor.sql.BasicExtractor   : extracted value ([id1_6_1_] : [BIGINT]) - [3]
2021-03-10 22:37:34.160 TRACE 20712 --- [    Test worker] o.h.type.descriptor.sql.BasicExtractor   : extracted value ([id1_6_2_] : [BIGINT]) - [null]
2021-03-10 22:37:34.160 TRACE 20712 --- [    Test worker] o.h.type.descriptor.sql.BasicExtractor   : extracted value ([first_na2_6_1_] : [VARCHAR]) - [서버/백앤드]
2021-03-10 22:37:34.160 TRACE 20712 --- [    Test worker] o.h.type.descriptor.sql.BasicExtractor   : extracted value ([parent_i5_6_1_] : [BIGINT]) - [1]
2021-03-10 22:37:34.160 TRACE 20712 --- [    Test worker] o.h.type.descriptor.sql.BasicExtractor   : extracted value ([second_n3_6_1_] : [VARCHAR]) - [back-end]
2021-03-10 22:37:34.160 TRACE 20712 --- [    Test worker] o.h.type.descriptor.sql.BasicExtractor   : extracted value ([third_na4_6_1_] : [VARCHAR]) - [server]
2021-03-10 22:37:34.160 TRACE 20712 --- [    Test worker] o.h.type.descriptor.sql.BasicExtractor   : extracted value ([parent_i5_6_0__] : [BIGINT]) - [1]
2021-03-10 22:37:34.160 TRACE 20712 --- [    Test worker] o.h.type.descriptor.sql.BasicExtractor   : extracted value ([id1_6_0__] : [BIGINT]) - [3]
Hibernate: 
    call next value for hibernate_sequence
Hibernate: 
    insert 
    into
        tag
        (first_name, parent_id, second_name, third_name, id) 
    values
        (?, ?, ?, ?, ?)
2021-03-10 22:37:34.175 TRACE 20712 --- [    Test worker] o.h.type.descriptor.sql.BasicBinder      : binding parameter [1] as [VARCHAR] - [프론트앤드]
2021-03-10 22:37:34.175 TRACE 20712 --- [    Test worker] o.h.type.descriptor.sql.BasicBinder      : binding parameter [2] as [BIGINT] - [1]
2021-03-10 22:37:34.175 TRACE 20712 --- [    Test worker] o.h.type.descriptor.sql.BasicBinder      : binding parameter [3] as [VARCHAR] - [front-end]
2021-03-10 22:37:34.175 TRACE 20712 --- [    Test worker] o.h.type.descriptor.sql.BasicBinder      : binding parameter [4] as [VARCHAR] - [UI]
2021-03-10 22:37:34.175 TRACE 20712 --- [    Test worker] o.h.type.descriptor.sql.BasicBinder      : binding parameter [5] as [BIGINT] - [4]
Hibernate: 
    select
        tag0_.id as id1_6_0_,
        children1_.id as id1_6_1_,
        tag2_.id as id1_6_2_,
        tag0_.first_name as first_na2_6_0_,
        tag0_.parent_id as parent_i5_6_0_,
        tag0_.second_name as second_n3_6_0_,
        tag0_.third_name as third_na4_6_0_,
        children1_.first_name as first_na2_6_1_,
        children1_.parent_id as parent_i5_6_1_,
        children1_.second_name as second_n3_6_1_,
        children1_.third_name as third_na4_6_1_,
        children1_.parent_id as parent_i5_6_0__,
        children1_.id as id1_6_0__,
        tag2_.first_name as first_na2_6_2_,
        tag2_.parent_id as parent_i5_6_2_,
        tag2_.second_name as second_n3_6_2_,
        tag2_.third_name as third_na4_6_2_ 
    from
        tag tag0_ 
    left outer join
        tag children1_ 
            on tag0_.id=children1_.parent_id 
    left outer join
        tag tag2_ 
            on tag0_.parent_id=tag2_.id 
    where
        tag0_.first_name=?
2021-03-10 22:37:34.191 TRACE 20712 --- [    Test worker] o.h.type.descriptor.sql.BasicBinder      : binding parameter [1] as [VARCHAR] - [개발]
2021-03-10 22:37:34.207 TRACE 20712 --- [    Test worker] o.h.type.descriptor.sql.BasicExtractor   : extracted value ([id1_6_0_] : [BIGINT]) - [1]
2021-03-10 22:37:34.207 TRACE 20712 --- [    Test worker] o.h.type.descriptor.sql.BasicExtractor   : extracted value ([id1_6_1_] : [BIGINT]) - [2]
2021-03-10 22:37:34.207 TRACE 20712 --- [    Test worker] o.h.type.descriptor.sql.BasicExtractor   : extracted value ([id1_6_2_] : [BIGINT]) - [null]
2021-03-10 22:37:34.207 TRACE 20712 --- [    Test worker] o.h.type.descriptor.sql.BasicExtractor   : extracted value ([first_na2_6_0_] : [VARCHAR]) - [개발]
2021-03-10 22:37:34.207 TRACE 20712 --- [    Test worker] o.h.type.descriptor.sql.BasicExtractor   : extracted value ([parent_i5_6_0_] : [BIGINT]) - [null]
2021-03-10 22:37:34.207 TRACE 20712 --- [    Test worker] o.h.type.descriptor.sql.BasicExtractor   : extracted value ([second_n3_6_0_] : [VARCHAR]) - [development]
2021-03-10 22:37:34.207 TRACE 20712 --- [    Test worker] o.h.type.descriptor.sql.BasicExtractor   : extracted value ([third_na4_6_0_] : [VARCHAR]) - [software]
2021-03-10 22:37:34.207 TRACE 20712 --- [    Test worker] o.h.type.descriptor.sql.BasicExtractor   : extracted value ([first_na2_6_1_] : [VARCHAR]) - [웹개발]
2021-03-10 22:37:34.207 TRACE 20712 --- [    Test worker] o.h.type.descriptor.sql.BasicExtractor   : extracted value ([parent_i5_6_1_] : [BIGINT]) - [1]
2021-03-10 22:37:34.207 TRACE 20712 --- [    Test worker] o.h.type.descriptor.sql.BasicExtractor   : extracted value ([second_n3_6_1_] : [VARCHAR]) - [web]
2021-03-10 22:37:34.207 TRACE 20712 --- [    Test worker] o.h.type.descriptor.sql.BasicExtractor   : extracted value ([third_na4_6_1_] : [VARCHAR]) - [web-development]
2021-03-10 22:37:34.207 TRACE 20712 --- [    Test worker] o.h.type.descriptor.sql.BasicExtractor   : extracted value ([parent_i5_6_0__] : [BIGINT]) - [1]
2021-03-10 22:37:34.207 TRACE 20712 --- [    Test worker] o.h.type.descriptor.sql.BasicExtractor   : extracted value ([id1_6_0__] : [BIGINT]) - [2]
2021-03-10 22:37:34.207 TRACE 20712 --- [    Test worker] o.h.type.descriptor.sql.BasicExtractor   : extracted value ([id1_6_0_] : [BIGINT]) - [1]
2021-03-10 22:37:34.207 TRACE 20712 --- [    Test worker] o.h.type.descriptor.sql.BasicExtractor   : extracted value ([id1_6_1_] : [BIGINT]) - [3]
2021-03-10 22:37:34.207 TRACE 20712 --- [    Test worker] o.h.type.descriptor.sql.BasicExtractor   : extracted value ([id1_6_2_] : [BIGINT]) - [null]
2021-03-10 22:37:34.207 TRACE 20712 --- [    Test worker] o.h.type.descriptor.sql.BasicExtractor   : extracted value ([first_na2_6_1_] : [VARCHAR]) - [서버/백앤드]
2021-03-10 22:37:34.207 TRACE 20712 --- [    Test worker] o.h.type.descriptor.sql.BasicExtractor   : extracted value ([parent_i5_6_1_] : [BIGINT]) - [1]
2021-03-10 22:37:34.207 TRACE 20712 --- [    Test worker] o.h.type.descriptor.sql.BasicExtractor   : extracted value ([second_n3_6_1_] : [VARCHAR]) - [back-end]
2021-03-10 22:37:34.207 TRACE 20712 --- [    Test worker] o.h.type.descriptor.sql.BasicExtractor   : extracted value ([third_na4_6_1_] : [VARCHAR]) - [server]
2021-03-10 22:37:34.207 TRACE 20712 --- [    Test worker] o.h.type.descriptor.sql.BasicExtractor   : extracted value ([parent_i5_6_0__] : [BIGINT]) - [1]
2021-03-10 22:37:34.207 TRACE 20712 --- [    Test worker] o.h.type.descriptor.sql.BasicExtractor   : extracted value ([id1_6_0__] : [BIGINT]) - [3]
2021-03-10 22:37:34.207 TRACE 20712 --- [    Test worker] o.h.type.descriptor.sql.BasicExtractor   : extracted value ([id1_6_0_] : [BIGINT]) - [1]
2021-03-10 22:37:34.207 TRACE 20712 --- [    Test worker] o.h.type.descriptor.sql.BasicExtractor   : extracted value ([id1_6_1_] : [BIGINT]) - [4]
2021-03-10 22:37:34.207 TRACE 20712 --- [    Test worker] o.h.type.descriptor.sql.BasicExtractor   : extracted value ([id1_6_2_] : [BIGINT]) - [null]
2021-03-10 22:37:34.207 TRACE 20712 --- [    Test worker] o.h.type.descriptor.sql.BasicExtractor   : extracted value ([first_na2_6_1_] : [VARCHAR]) - [프론트앤드]
2021-03-10 22:37:34.207 TRACE 20712 --- [    Test worker] o.h.type.descriptor.sql.BasicExtractor   : extracted value ([parent_i5_6_1_] : [BIGINT]) - [1]
2021-03-10 22:37:34.207 TRACE 20712 --- [    Test worker] o.h.type.descriptor.sql.BasicExtractor   : extracted value ([second_n3_6_1_] : [VARCHAR]) - [front-end]
2021-03-10 22:37:34.207 TRACE 20712 --- [    Test worker] o.h.type.descriptor.sql.BasicExtractor   : extracted value ([third_na4_6_1_] : [VARCHAR]) - [UI]
2021-03-10 22:37:34.207 TRACE 20712 --- [    Test worker] o.h.type.descriptor.sql.BasicExtractor   : extracted value ([parent_i5_6_0__] : [BIGINT]) - [1]
2021-03-10 22:37:34.207 TRACE 20712 --- [    Test worker] o.h.type.descriptor.sql.BasicExtractor   : extracted value ([id1_6_0__] : [BIGINT]) - [4]
Hibernate: 
    call next value for hibernate_sequence
Hibernate: 
    insert 
    into
        tag
        (first_name, parent_id, second_name, third_name, id) 
    values
        (?, ?, ?, ?, ?)
2021-03-10 22:37:34.207 TRACE 20712 --- [    Test worker] o.h.type.descriptor.sql.BasicBinder      : binding parameter [1] as [VARCHAR] - [게임개발]
2021-03-10 22:37:34.207 TRACE 20712 --- [    Test worker] o.h.type.descriptor.sql.BasicBinder      : binding parameter [2] as [BIGINT] - [1]
2021-03-10 22:37:34.207 TRACE 20712 --- [    Test worker] o.h.type.descriptor.sql.BasicBinder      : binding parameter [3] as [VARCHAR] - [game]
2021-03-10 22:37:34.207 TRACE 20712 --- [    Test worker] o.h.type.descriptor.sql.BasicBinder      : binding parameter [4] as [VARCHAR] - [game-development]
2021-03-10 22:37:34.207 TRACE 20712 --- [    Test worker] o.h.type.descriptor.sql.BasicBinder      : binding parameter [5] as [BIGINT] - [5]
Hibernate: 
    select
        tag0_.id as id1_6_0_,
        children1_.id as id1_6_1_,
        tag2_.id as id1_6_2_,
        tag0_.first_name as first_na2_6_0_,
        tag0_.parent_id as parent_i5_6_0_,
        tag0_.second_name as second_n3_6_0_,
        tag0_.third_name as third_na4_6_0_,
        children1_.first_name as first_na2_6_1_,
        children1_.parent_id as parent_i5_6_1_,
        children1_.second_name as second_n3_6_1_,
        children1_.third_name as third_na4_6_1_,
        children1_.parent_id as parent_i5_6_0__,
        children1_.id as id1_6_0__,
        tag2_.first_name as first_na2_6_2_,
        tag2_.parent_id as parent_i5_6_2_,
        tag2_.second_name as second_n3_6_2_,
        tag2_.third_name as third_na4_6_2_ 
    from
        tag tag0_ 
    left outer join
        tag children1_ 
            on tag0_.id=children1_.parent_id 
    left outer join
        tag tag2_ 
            on tag0_.parent_id=tag2_.id 
    where
        tag0_.first_name=?
2021-03-10 22:37:34.222 TRACE 20712 --- [    Test worker] o.h.type.descriptor.sql.BasicBinder      : binding parameter [1] as [VARCHAR] - [개발]
2021-03-10 22:37:34.222 TRACE 20712 --- [    Test worker] o.h.type.descriptor.sql.BasicExtractor   : extracted value ([id1_6_0_] : [BIGINT]) - [1]
2021-03-10 22:37:34.222 TRACE 20712 --- [    Test worker] o.h.type.descriptor.sql.BasicExtractor   : extracted value ([id1_6_1_] : [BIGINT]) - [2]
2021-03-10 22:37:34.222 TRACE 20712 --- [    Test worker] o.h.type.descriptor.sql.BasicExtractor   : extracted value ([id1_6_2_] : [BIGINT]) - [null]
2021-03-10 22:37:34.222 TRACE 20712 --- [    Test worker] o.h.type.descriptor.sql.BasicExtractor   : extracted value ([first_na2_6_0_] : [VARCHAR]) - [개발]
2021-03-10 22:37:34.222 TRACE 20712 --- [    Test worker] o.h.type.descriptor.sql.BasicExtractor   : extracted value ([parent_i5_6_0_] : [BIGINT]) - [null]
2021-03-10 22:37:34.222 TRACE 20712 --- [    Test worker] o.h.type.descriptor.sql.BasicExtractor   : extracted value ([second_n3_6_0_] : [VARCHAR]) - [development]
2021-03-10 22:37:34.222 TRACE 20712 --- [    Test worker] o.h.type.descriptor.sql.BasicExtractor   : extracted value ([third_na4_6_0_] : [VARCHAR]) - [software]
2021-03-10 22:37:34.222 TRACE 20712 --- [    Test worker] o.h.type.descriptor.sql.BasicExtractor   : extracted value ([first_na2_6_1_] : [VARCHAR]) - [웹개발]
2021-03-10 22:37:34.222 TRACE 20712 --- [    Test worker] o.h.type.descriptor.sql.BasicExtractor   : extracted value ([parent_i5_6_1_] : [BIGINT]) - [1]
2021-03-10 22:37:34.222 TRACE 20712 --- [    Test worker] o.h.type.descriptor.sql.BasicExtractor   : extracted value ([second_n3_6_1_] : [VARCHAR]) - [web]
2021-03-10 22:37:34.222 TRACE 20712 --- [    Test worker] o.h.type.descriptor.sql.BasicExtractor   : extracted value ([third_na4_6_1_] : [VARCHAR]) - [web-development]
2021-03-10 22:37:34.222 TRACE 20712 --- [    Test worker] o.h.type.descriptor.sql.BasicExtractor   : extracted value ([parent_i5_6_0__] : [BIGINT]) - [1]
2021-03-10 22:37:34.222 TRACE 20712 --- [    Test worker] o.h.type.descriptor.sql.BasicExtractor   : extracted value ([id1_6_0__] : [BIGINT]) - [2]
2021-03-10 22:37:34.222 TRACE 20712 --- [    Test worker] o.h.type.descriptor.sql.BasicExtractor   : extracted value ([id1_6_0_] : [BIGINT]) - [1]
2021-03-10 22:37:34.222 TRACE 20712 --- [    Test worker] o.h.type.descriptor.sql.BasicExtractor   : extracted value ([id1_6_1_] : [BIGINT]) - [3]
2021-03-10 22:37:34.222 TRACE 20712 --- [    Test worker] o.h.type.descriptor.sql.BasicExtractor   : extracted value ([id1_6_2_] : [BIGINT]) - [null]
2021-03-10 22:37:34.222 TRACE 20712 --- [    Test worker] o.h.type.descriptor.sql.BasicExtractor   : extracted value ([first_na2_6_1_] : [VARCHAR]) - [서버/백앤드]
2021-03-10 22:37:34.222 TRACE 20712 --- [    Test worker] o.h.type.descriptor.sql.BasicExtractor   : extracted value ([parent_i5_6_1_] : [BIGINT]) - [1]
2021-03-10 22:37:34.222 TRACE 20712 --- [    Test worker] o.h.type.descriptor.sql.BasicExtractor   : extracted value ([second_n3_6_1_] : [VARCHAR]) - [back-end]
2021-03-10 22:37:34.222 TRACE 20712 --- [    Test worker] o.h.type.descriptor.sql.BasicExtractor   : extracted value ([third_na4_6_1_] : [VARCHAR]) - [server]
2021-03-10 22:37:34.222 TRACE 20712 --- [    Test worker] o.h.type.descriptor.sql.BasicExtractor   : extracted value ([parent_i5_6_0__] : [BIGINT]) - [1]
2021-03-10 22:37:34.222 TRACE 20712 --- [    Test worker] o.h.type.descriptor.sql.BasicExtractor   : extracted value ([id1_6_0__] : [BIGINT]) - [3]
2021-03-10 22:37:34.222 TRACE 20712 --- [    Test worker] o.h.type.descriptor.sql.BasicExtractor   : extracted value ([id1_6_0_] : [BIGINT]) - [1]
2021-03-10 22:37:34.222 TRACE 20712 --- [    Test worker] o.h.type.descriptor.sql.BasicExtractor   : extracted value ([id1_6_1_] : [BIGINT]) - [4]
2021-03-10 22:37:34.222 TRACE 20712 --- [    Test worker] o.h.type.descriptor.sql.BasicExtractor   : extracted value ([id1_6_2_] : [BIGINT]) - [null]
2021-03-10 22:37:34.222 TRACE 20712 --- [    Test worker] o.h.type.descriptor.sql.BasicExtractor   : extracted value ([first_na2_6_1_] : [VARCHAR]) - [프론트앤드]
2021-03-10 22:37:34.222 TRACE 20712 --- [    Test worker] o.h.type.descriptor.sql.BasicExtractor   : extracted value ([parent_i5_6_1_] : [BIGINT]) - [1]
2021-03-10 22:37:34.222 TRACE 20712 --- [    Test worker] o.h.type.descriptor.sql.BasicExtractor   : extracted value ([second_n3_6_1_] : [VARCHAR]) - [front-end]
2021-03-10 22:37:34.222 TRACE 20712 --- [    Test worker] o.h.type.descriptor.sql.BasicExtractor   : extracted value ([third_na4_6_1_] : [VARCHAR]) - [UI]
2021-03-10 22:37:34.222 TRACE 20712 --- [    Test worker] o.h.type.descriptor.sql.BasicExtractor   : extracted value ([parent_i5_6_0__] : [BIGINT]) - [1]
2021-03-10 22:37:34.222 TRACE 20712 --- [    Test worker] o.h.type.descriptor.sql.BasicExtractor   : extracted value ([id1_6_0__] : [BIGINT]) - [4]
2021-03-10 22:37:34.222 TRACE 20712 --- [    Test worker] o.h.type.descriptor.sql.BasicExtractor   : extracted value ([id1_6_0_] : [BIGINT]) - [1]
2021-03-10 22:37:34.222 TRACE 20712 --- [    Test worker] o.h.type.descriptor.sql.BasicExtractor   : extracted value ([id1_6_1_] : [BIGINT]) - [5]
2021-03-10 22:37:34.222 TRACE 20712 --- [    Test worker] o.h.type.descriptor.sql.BasicExtractor   : extracted value ([id1_6_2_] : [BIGINT]) - [null]
2021-03-10 22:37:34.222 TRACE 20712 --- [    Test worker] o.h.type.descriptor.sql.BasicExtractor   : extracted value ([first_na2_6_1_] : [VARCHAR]) - [게임개발]
2021-03-10 22:37:34.222 TRACE 20712 --- [    Test worker] o.h.type.descriptor.sql.BasicExtractor   : extracted value ([parent_i5_6_1_] : [BIGINT]) - [1]
2021-03-10 22:37:34.222 TRACE 20712 --- [    Test worker] o.h.type.descriptor.sql.BasicExtractor   : extracted value ([second_n3_6_1_] : [VARCHAR]) - [game]
2021-03-10 22:37:34.222 TRACE 20712 --- [    Test worker] o.h.type.descriptor.sql.BasicExtractor   : extracted value ([third_na4_6_1_] : [VARCHAR]) - [game-development]
2021-03-10 22:37:34.222 TRACE 20712 --- [    Test worker] o.h.type.descriptor.sql.BasicExtractor   : extracted value ([parent_i5_6_0__] : [BIGINT]) - [1]
2021-03-10 22:37:34.222 TRACE 20712 --- [    Test worker] o.h.type.descriptor.sql.BasicExtractor   : extracted value ([id1_6_0__] : [BIGINT]) - [5]
Hibernate: 
    call next value for hibernate_sequence
Hibernate: 
    insert 
    into
        tag
        (first_name, parent_id, second_name, third_name, id) 
    values
        (?, ?, ?, ?, ?)
2021-03-10 22:37:34.222 TRACE 20712 --- [    Test worker] o.h.type.descriptor.sql.BasicBinder      : binding parameter [1] as [VARCHAR] - [모바일개발]
2021-03-10 22:37:34.222 TRACE 20712 --- [    Test worker] o.h.type.descriptor.sql.BasicBinder      : binding parameter [2] as [BIGINT] - [1]
2021-03-10 22:37:34.222 TRACE 20712 --- [    Test worker] o.h.type.descriptor.sql.BasicBinder      : binding parameter [3] as [VARCHAR] - [mobile]
2021-03-10 22:37:34.222 TRACE 20712 --- [    Test worker] o.h.type.descriptor.sql.BasicBinder      : binding parameter [4] as [VARCHAR] - [mobile-develop]
2021-03-10 22:37:34.222 TRACE 20712 --- [    Test worker] o.h.type.descriptor.sql.BasicBinder      : binding parameter [5] as [BIGINT] - [6]
Hibernate: 
    select
        tag0_.id as id1_6_0_,
        children1_.id as id1_6_1_,
        tag2_.id as id1_6_2_,
        tag0_.first_name as first_na2_6_0_,
        tag0_.parent_id as parent_i5_6_0_,
        tag0_.second_name as second_n3_6_0_,
        tag0_.third_name as third_na4_6_0_,
        children1_.first_name as first_na2_6_1_,
        children1_.parent_id as parent_i5_6_1_,
        children1_.second_name as second_n3_6_1_,
        children1_.third_name as third_na4_6_1_,
        children1_.parent_id as parent_i5_6_0__,
        children1_.id as id1_6_0__,
        tag2_.first_name as first_na2_6_2_,
        tag2_.parent_id as parent_i5_6_2_,
        tag2_.second_name as second_n3_6_2_,
        tag2_.third_name as third_na4_6_2_ 
    from
        tag tag0_ 
    left outer join
        tag children1_ 
            on tag0_.id=children1_.parent_id 
    left outer join
        tag tag2_ 
            on tag0_.parent_id=tag2_.id 
    where
        tag0_.first_name=?
2021-03-10 22:37:34.238 TRACE 20712 --- [    Test worker] o.h.type.descriptor.sql.BasicBinder      : binding parameter [1] as [VARCHAR] - [개발]
2021-03-10 22:37:34.238 TRACE 20712 --- [    Test worker] o.h.type.descriptor.sql.BasicExtractor   : extracted value ([id1_6_0_] : [BIGINT]) - [1]
2021-03-10 22:37:34.238 TRACE 20712 --- [    Test worker] o.h.type.descriptor.sql.BasicExtractor   : extracted value ([id1_6_1_] : [BIGINT]) - [2]
2021-03-10 22:37:34.238 TRACE 20712 --- [    Test worker] o.h.type.descriptor.sql.BasicExtractor   : extracted value ([id1_6_2_] : [BIGINT]) - [null]
2021-03-10 22:37:34.238 TRACE 20712 --- [    Test worker] o.h.type.descriptor.sql.BasicExtractor   : extracted value ([first_na2_6_0_] : [VARCHAR]) - [개발]
2021-03-10 22:37:34.238 TRACE 20712 --- [    Test worker] o.h.type.descriptor.sql.BasicExtractor   : extracted value ([parent_i5_6_0_] : [BIGINT]) - [null]
2021-03-10 22:37:34.238 TRACE 20712 --- [    Test worker] o.h.type.descriptor.sql.BasicExtractor   : extracted value ([second_n3_6_0_] : [VARCHAR]) - [development]
2021-03-10 22:37:34.238 TRACE 20712 --- [    Test worker] o.h.type.descriptor.sql.BasicExtractor   : extracted value ([third_na4_6_0_] : [VARCHAR]) - [software]
2021-03-10 22:37:34.238 TRACE 20712 --- [    Test worker] o.h.type.descriptor.sql.BasicExtractor   : extracted value ([first_na2_6_1_] : [VARCHAR]) - [웹개발]
2021-03-10 22:37:34.238 TRACE 20712 --- [    Test worker] o.h.type.descriptor.sql.BasicExtractor   : extracted value ([parent_i5_6_1_] : [BIGINT]) - [1]
2021-03-10 22:37:34.238 TRACE 20712 --- [    Test worker] o.h.type.descriptor.sql.BasicExtractor   : extracted value ([second_n3_6_1_] : [VARCHAR]) - [web]
2021-03-10 22:37:34.238 TRACE 20712 --- [    Test worker] o.h.type.descriptor.sql.BasicExtractor   : extracted value ([third_na4_6_1_] : [VARCHAR]) - [web-development]
2021-03-10 22:37:34.238 TRACE 20712 --- [    Test worker] o.h.type.descriptor.sql.BasicExtractor   : extracted value ([parent_i5_6_0__] : [BIGINT]) - [1]
2021-03-10 22:37:34.238 TRACE 20712 --- [    Test worker] o.h.type.descriptor.sql.BasicExtractor   : extracted value ([id1_6_0__] : [BIGINT]) - [2]
2021-03-10 22:37:34.238 TRACE 20712 --- [    Test worker] o.h.type.descriptor.sql.BasicExtractor   : extracted value ([id1_6_0_] : [BIGINT]) - [1]
2021-03-10 22:37:34.238 TRACE 20712 --- [    Test worker] o.h.type.descriptor.sql.BasicExtractor   : extracted value ([id1_6_1_] : [BIGINT]) - [3]
2021-03-10 22:37:34.238 TRACE 20712 --- [    Test worker] o.h.type.descriptor.sql.BasicExtractor   : extracted value ([id1_6_2_] : [BIGINT]) - [null]
2021-03-10 22:37:34.238 TRACE 20712 --- [    Test worker] o.h.type.descriptor.sql.BasicExtractor   : extracted value ([first_na2_6_1_] : [VARCHAR]) - [서버/백앤드]
2021-03-10 22:37:34.238 TRACE 20712 --- [    Test worker] o.h.type.descriptor.sql.BasicExtractor   : extracted value ([parent_i5_6_1_] : [BIGINT]) - [1]
2021-03-10 22:37:34.238 TRACE 20712 --- [    Test worker] o.h.type.descriptor.sql.BasicExtractor   : extracted value ([second_n3_6_1_] : [VARCHAR]) - [back-end]
2021-03-10 22:37:34.238 TRACE 20712 --- [    Test worker] o.h.type.descriptor.sql.BasicExtractor   : extracted value ([third_na4_6_1_] : [VARCHAR]) - [server]
2021-03-10 22:37:34.238 TRACE 20712 --- [    Test worker] o.h.type.descriptor.sql.BasicExtractor   : extracted value ([parent_i5_6_0__] : [BIGINT]) - [1]
2021-03-10 22:37:34.238 TRACE 20712 --- [    Test worker] o.h.type.descriptor.sql.BasicExtractor   : extracted value ([id1_6_0__] : [BIGINT]) - [3]
2021-03-10 22:37:34.238 TRACE 20712 --- [    Test worker] o.h.type.descriptor.sql.BasicExtractor   : extracted value ([id1_6_0_] : [BIGINT]) - [1]
2021-03-10 22:37:34.238 TRACE 20712 --- [    Test worker] o.h.type.descriptor.sql.BasicExtractor   : extracted value ([id1_6_1_] : [BIGINT]) - [4]
2021-03-10 22:37:34.238 TRACE 20712 --- [    Test worker] o.h.type.descriptor.sql.BasicExtractor   : extracted value ([id1_6_2_] : [BIGINT]) - [null]
2021-03-10 22:37:34.238 TRACE 20712 --- [    Test worker] o.h.type.descriptor.sql.BasicExtractor   : extracted value ([first_na2_6_1_] : [VARCHAR]) - [프론트앤드]
2021-03-10 22:37:34.238 TRACE 20712 --- [    Test worker] o.h.type.descriptor.sql.BasicExtractor   : extracted value ([parent_i5_6_1_] : [BIGINT]) - [1]
2021-03-10 22:37:34.238 TRACE 20712 --- [    Test worker] o.h.type.descriptor.sql.BasicExtractor   : extracted value ([second_n3_6_1_] : [VARCHAR]) - [front-end]
2021-03-10 22:37:34.238 TRACE 20712 --- [    Test worker] o.h.type.descriptor.sql.BasicExtractor   : extracted value ([third_na4_6_1_] : [VARCHAR]) - [UI]
2021-03-10 22:37:34.238 TRACE 20712 --- [    Test worker] o.h.type.descriptor.sql.BasicExtractor   : extracted value ([parent_i5_6_0__] : [BIGINT]) - [1]
2021-03-10 22:37:34.238 TRACE 20712 --- [    Test worker] o.h.type.descriptor.sql.BasicExtractor   : extracted value ([id1_6_0__] : [BIGINT]) - [4]
2021-03-10 22:37:34.238 TRACE 20712 --- [    Test worker] o.h.type.descriptor.sql.BasicExtractor   : extracted value ([id1_6_0_] : [BIGINT]) - [1]
2021-03-10 22:37:34.238 TRACE 20712 --- [    Test worker] o.h.type.descriptor.sql.BasicExtractor   : extracted value ([id1_6_1_] : [BIGINT]) - [5]
2021-03-10 22:37:34.238 TRACE 20712 --- [    Test worker] o.h.type.descriptor.sql.BasicExtractor   : extracted value ([id1_6_2_] : [BIGINT]) - [null]
2021-03-10 22:37:34.238 TRACE 20712 --- [    Test worker] o.h.type.descriptor.sql.BasicExtractor   : extracted value ([first_na2_6_1_] : [VARCHAR]) - [게임개발]
2021-03-10 22:37:34.238 TRACE 20712 --- [    Test worker] o.h.type.descriptor.sql.BasicExtractor   : extracted value ([parent_i5_6_1_] : [BIGINT]) - [1]
2021-03-10 22:37:34.238 TRACE 20712 --- [    Test worker] o.h.type.descriptor.sql.BasicExtractor   : extracted value ([second_n3_6_1_] : [VARCHAR]) - [game]
2021-03-10 22:37:34.238 TRACE 20712 --- [    Test worker] o.h.type.descriptor.sql.BasicExtractor   : extracted value ([third_na4_6_1_] : [VARCHAR]) - [game-development]
2021-03-10 22:37:34.238 TRACE 20712 --- [    Test worker] o.h.type.descriptor.sql.BasicExtractor   : extracted value ([parent_i5_6_0__] : [BIGINT]) - [1]
2021-03-10 22:37:34.238 TRACE 20712 --- [    Test worker] o.h.type.descriptor.sql.BasicExtractor   : extracted value ([id1_6_0__] : [BIGINT]) - [5]
2021-03-10 22:37:34.238 TRACE 20712 --- [    Test worker] o.h.type.descriptor.sql.BasicExtractor   : extracted value ([id1_6_0_] : [BIGINT]) - [1]
2021-03-10 22:37:34.238 TRACE 20712 --- [    Test worker] o.h.type.descriptor.sql.BasicExtractor   : extracted value ([id1_6_1_] : [BIGINT]) - [6]
2021-03-10 22:37:34.238 TRACE 20712 --- [    Test worker] o.h.type.descriptor.sql.BasicExtractor   : extracted value ([id1_6_2_] : [BIGINT]) - [null]
2021-03-10 22:37:34.238 TRACE 20712 --- [    Test worker] o.h.type.descriptor.sql.BasicExtractor   : extracted value ([first_na2_6_1_] : [VARCHAR]) - [모바일개발]
2021-03-10 22:37:34.238 TRACE 20712 --- [    Test worker] o.h.type.descriptor.sql.BasicExtractor   : extracted value ([parent_i5_6_1_] : [BIGINT]) - [1]
2021-03-10 22:37:34.238 TRACE 20712 --- [    Test worker] o.h.type.descriptor.sql.BasicExtractor   : extracted value ([second_n3_6_1_] : [VARCHAR]) - [mobile]
2021-03-10 22:37:34.238 TRACE 20712 --- [    Test worker] o.h.type.descriptor.sql.BasicExtractor   : extracted value ([third_na4_6_1_] : [VARCHAR]) - [mobile-develop]
2021-03-10 22:37:34.238 TRACE 20712 --- [    Test worker] o.h.type.descriptor.sql.BasicExtractor   : extracted value ([parent_i5_6_0__] : [BIGINT]) - [1]
2021-03-10 22:37:34.238 TRACE 20712 --- [    Test worker] o.h.type.descriptor.sql.BasicExtractor   : extracted value ([id1_6_0__] : [BIGINT]) - [6]
Hibernate: 
    call next value for hibernate_sequence
Hibernate: 
    insert 
    into
        tag
        (first_name, parent_id, second_name, third_name, id) 
    values
        (?, ?, ?, ?, ?)
2021-03-10 22:37:34.238 TRACE 20712 --- [    Test worker] o.h.type.descriptor.sql.BasicBinder      : binding parameter [1] as [VARCHAR] - [정보/보안]
2021-03-10 22:37:34.238 TRACE 20712 --- [    Test worker] o.h.type.descriptor.sql.BasicBinder      : binding parameter [2] as [BIGINT] - [1]
2021-03-10 22:37:34.238 TRACE 20712 --- [    Test worker] o.h.type.descriptor.sql.BasicBinder      : binding parameter [3] as [VARCHAR] - [security]
2021-03-10 22:37:34.238 TRACE 20712 --- [    Test worker] o.h.type.descriptor.sql.BasicBinder      : binding parameter [4] as [VARCHAR] - [hacker]
2021-03-10 22:37:34.238 TRACE 20712 --- [    Test worker] o.h.type.descriptor.sql.BasicBinder      : binding parameter [5] as [BIGINT] - [7]
Hibernate: 
    call next value for hibernate_sequence
Hibernate: 
    insert 
    into
        tag
        (first_name, parent_id, second_name, third_name, id) 
    values
        (?, ?, ?, ?, ?)
2021-03-10 22:37:34.254 TRACE 20712 --- [    Test worker] o.h.type.descriptor.sql.BasicBinder      : binding parameter [1] as [VARCHAR] - [프로그래밍언어]
2021-03-10 22:37:34.254 TRACE 20712 --- [    Test worker] o.h.type.descriptor.sql.BasicBinder      : binding parameter [2] as [BIGINT] - [null]
2021-03-10 22:37:34.254 TRACE 20712 --- [    Test worker] o.h.type.descriptor.sql.BasicBinder      : binding parameter [3] as [VARCHAR] - [programing]
2021-03-10 22:37:34.254 TRACE 20712 --- [    Test worker] o.h.type.descriptor.sql.BasicBinder      : binding parameter [4] as [VARCHAR] - [null]
2021-03-10 22:37:34.254 TRACE 20712 --- [    Test worker] o.h.type.descriptor.sql.BasicBinder      : binding parameter [5] as [BIGINT] - [8]
Hibernate: 
    select
        tag0_.id as id1_6_0_,
        children1_.id as id1_6_1_,
        tag2_.id as id1_6_2_,
        tag0_.first_name as first_na2_6_0_,
        tag0_.parent_id as parent_i5_6_0_,
        tag0_.second_name as second_n3_6_0_,
        tag0_.third_name as third_na4_6_0_,
        children1_.first_name as first_na2_6_1_,
        children1_.parent_id as parent_i5_6_1_,
        children1_.second_name as second_n3_6_1_,
        children1_.third_name as third_na4_6_1_,
        children1_.parent_id as parent_i5_6_0__,
        children1_.id as id1_6_0__,
        tag2_.first_name as first_na2_6_2_,
        tag2_.parent_id as parent_i5_6_2_,
        tag2_.second_name as second_n3_6_2_,
        tag2_.third_name as third_na4_6_2_ 
    from
        tag tag0_ 
    left outer join
        tag children1_ 
            on tag0_.id=children1_.parent_id 
    left outer join
        tag tag2_ 
            on tag0_.parent_id=tag2_.id 
    where
        tag0_.first_name=?
2021-03-10 22:37:34.254 TRACE 20712 --- [    Test worker] o.h.type.descriptor.sql.BasicBinder      : binding parameter [1] as [VARCHAR] - [프로그래밍언어]
2021-03-10 22:37:34.254 TRACE 20712 --- [    Test worker] o.h.type.descriptor.sql.BasicExtractor   : extracted value ([id1_6_0_] : [BIGINT]) - [8]
2021-03-10 22:37:34.254 TRACE 20712 --- [    Test worker] o.h.type.descriptor.sql.BasicExtractor   : extracted value ([id1_6_1_] : [BIGINT]) - [null]
2021-03-10 22:37:34.254 TRACE 20712 --- [    Test worker] o.h.type.descriptor.sql.BasicExtractor   : extracted value ([id1_6_2_] : [BIGINT]) - [null]
2021-03-10 22:37:34.254 TRACE 20712 --- [    Test worker] o.h.type.descriptor.sql.BasicExtractor   : extracted value ([first_na2_6_0_] : [VARCHAR]) - [프로그래밍언어]
2021-03-10 22:37:34.254 TRACE 20712 --- [    Test worker] o.h.type.descriptor.sql.BasicExtractor   : extracted value ([parent_i5_6_0_] : [BIGINT]) - [null]
2021-03-10 22:37:34.254 TRACE 20712 --- [    Test worker] o.h.type.descriptor.sql.BasicExtractor   : extracted value ([second_n3_6_0_] : [VARCHAR]) - [programing]
2021-03-10 22:37:34.254 TRACE 20712 --- [    Test worker] o.h.type.descriptor.sql.BasicExtractor   : extracted value ([third_na4_6_0_] : [VARCHAR]) - [null]
2021-03-10 22:37:34.254 TRACE 20712 --- [    Test worker] o.h.type.descriptor.sql.BasicExtractor   : extracted value ([parent_i5_6_0__] : [BIGINT]) - [null]
Hibernate: 
    call next value for hibernate_sequence
Hibernate: 
    insert 
    into
        tag
        (first_name, parent_id, second_name, third_name, id) 
    values
        (?, ?, ?, ?, ?)
2021-03-10 22:37:34.254 TRACE 20712 --- [    Test worker] o.h.type.descriptor.sql.BasicBinder      : binding parameter [1] as [VARCHAR] - [javascript]
2021-03-10 22:37:34.254 TRACE 20712 --- [    Test worker] o.h.type.descriptor.sql.BasicBinder      : binding parameter [2] as [BIGINT] - [8]
2021-03-10 22:37:34.254 TRACE 20712 --- [    Test worker] o.h.type.descriptor.sql.BasicBinder      : binding parameter [3] as [VARCHAR] - [자바스크립트]
2021-03-10 22:37:34.254 TRACE 20712 --- [    Test worker] o.h.type.descriptor.sql.BasicBinder      : binding parameter [4] as [VARCHAR] - [null]
2021-03-10 22:37:34.254 TRACE 20712 --- [    Test worker] o.h.type.descriptor.sql.BasicBinder      : binding parameter [5] as [BIGINT] - [9]
Hibernate: 
    select
        tag0_.id as id1_6_0_,
        children1_.id as id1_6_1_,
        tag2_.id as id1_6_2_,
        tag0_.first_name as first_na2_6_0_,
        tag0_.parent_id as parent_i5_6_0_,
        tag0_.second_name as second_n3_6_0_,
        tag0_.third_name as third_na4_6_0_,
        children1_.first_name as first_na2_6_1_,
        children1_.parent_id as parent_i5_6_1_,
        children1_.second_name as second_n3_6_1_,
        children1_.third_name as third_na4_6_1_,
        children1_.parent_id as parent_i5_6_0__,
        children1_.id as id1_6_0__,
        tag2_.first_name as first_na2_6_2_,
        tag2_.parent_id as parent_i5_6_2_,
        tag2_.second_name as second_n3_6_2_,
        tag2_.third_name as third_na4_6_2_ 
    from
        tag tag0_ 
    left outer join
        tag children1_ 
            on tag0_.id=children1_.parent_id 
    left outer join
        tag tag2_ 
            on tag0_.parent_id=tag2_.id 
    where
        tag0_.first_name=?
2021-03-10 22:37:34.270 TRACE 20712 --- [    Test worker] o.h.type.descriptor.sql.BasicBinder      : binding parameter [1] as [VARCHAR] - [프로그래밍언어]
2021-03-10 22:37:34.270 TRACE 20712 --- [    Test worker] o.h.type.descriptor.sql.BasicExtractor   : extracted value ([id1_6_0_] : [BIGINT]) - [8]
2021-03-10 22:37:34.270 TRACE 20712 --- [    Test worker] o.h.type.descriptor.sql.BasicExtractor   : extracted value ([id1_6_1_] : [BIGINT]) - [9]
2021-03-10 22:37:34.270 TRACE 20712 --- [    Test worker] o.h.type.descriptor.sql.BasicExtractor   : extracted value ([id1_6_2_] : [BIGINT]) - [null]
2021-03-10 22:37:34.270 TRACE 20712 --- [    Test worker] o.h.type.descriptor.sql.BasicExtractor   : extracted value ([first_na2_6_0_] : [VARCHAR]) - [프로그래밍언어]
2021-03-10 22:37:34.270 TRACE 20712 --- [    Test worker] o.h.type.descriptor.sql.BasicExtractor   : extracted value ([parent_i5_6_0_] : [BIGINT]) - [null]
2021-03-10 22:37:34.270 TRACE 20712 --- [    Test worker] o.h.type.descriptor.sql.BasicExtractor   : extracted value ([second_n3_6_0_] : [VARCHAR]) - [programing]
2021-03-10 22:37:34.270 TRACE 20712 --- [    Test worker] o.h.type.descriptor.sql.BasicExtractor   : extracted value ([third_na4_6_0_] : [VARCHAR]) - [null]
2021-03-10 22:37:34.270 TRACE 20712 --- [    Test worker] o.h.type.descriptor.sql.BasicExtractor   : extracted value ([first_na2_6_1_] : [VARCHAR]) - [javascript]
2021-03-10 22:37:34.270 TRACE 20712 --- [    Test worker] o.h.type.descriptor.sql.BasicExtractor   : extracted value ([parent_i5_6_1_] : [BIGINT]) - [8]
2021-03-10 22:37:34.270 TRACE 20712 --- [    Test worker] o.h.type.descriptor.sql.BasicExtractor   : extracted value ([second_n3_6_1_] : [VARCHAR]) - [자바스크립트]
2021-03-10 22:37:34.270 TRACE 20712 --- [    Test worker] o.h.type.descriptor.sql.BasicExtractor   : extracted value ([third_na4_6_1_] : [VARCHAR]) - [null]
2021-03-10 22:37:34.270 TRACE 20712 --- [    Test worker] o.h.type.descriptor.sql.BasicExtractor   : extracted value ([parent_i5_6_0__] : [BIGINT]) - [8]
2021-03-10 22:37:34.270 TRACE 20712 --- [    Test worker] o.h.type.descriptor.sql.BasicExtractor   : extracted value ([id1_6_0__] : [BIGINT]) - [9]
Hibernate: 
    call next value for hibernate_sequence
Hibernate: 
    insert 
    into
        tag
        (first_name, parent_id, second_name, third_name, id) 
    values
        (?, ?, ?, ?, ?)
2021-03-10 22:37:34.270 TRACE 20712 --- [    Test worker] o.h.type.descriptor.sql.BasicBinder      : binding parameter [1] as [VARCHAR] - [python]
2021-03-10 22:37:34.270 TRACE 20712 --- [    Test worker] o.h.type.descriptor.sql.BasicBinder      : binding parameter [2] as [BIGINT] - [8]
2021-03-10 22:37:34.270 TRACE 20712 --- [    Test worker] o.h.type.descriptor.sql.BasicBinder      : binding parameter [3] as [VARCHAR] - [파이썬]
2021-03-10 22:37:34.270 TRACE 20712 --- [    Test worker] o.h.type.descriptor.sql.BasicBinder      : binding parameter [4] as [VARCHAR] - [null]
2021-03-10 22:37:34.270 TRACE 20712 --- [    Test worker] o.h.type.descriptor.sql.BasicBinder      : binding parameter [5] as [BIGINT] - [10]
Hibernate: 
    select
        tag0_.id as id1_6_0_,
        children1_.id as id1_6_1_,
        tag2_.id as id1_6_2_,
        tag0_.first_name as first_na2_6_0_,
        tag0_.parent_id as parent_i5_6_0_,
        tag0_.second_name as second_n3_6_0_,
        tag0_.third_name as third_na4_6_0_,
        children1_.first_name as first_na2_6_1_,
        children1_.parent_id as parent_i5_6_1_,
        children1_.second_name as second_n3_6_1_,
        children1_.third_name as third_na4_6_1_,
        children1_.parent_id as parent_i5_6_0__,
        children1_.id as id1_6_0__,
        tag2_.first_name as first_na2_6_2_,
        tag2_.parent_id as parent_i5_6_2_,
        tag2_.second_name as second_n3_6_2_,
        tag2_.third_name as third_na4_6_2_ 
    from
        tag tag0_ 
    left outer join
        tag children1_ 
            on tag0_.id=children1_.parent_id 
    left outer join
        tag tag2_ 
            on tag0_.parent_id=tag2_.id 
    where
        tag0_.first_name=?
2021-03-10 22:37:34.286 TRACE 20712 --- [    Test worker] o.h.type.descriptor.sql.BasicBinder      : binding parameter [1] as [VARCHAR] - [프로그래밍언어]
2021-03-10 22:37:34.286 TRACE 20712 --- [    Test worker] o.h.type.descriptor.sql.BasicExtractor   : extracted value ([id1_6_0_] : [BIGINT]) - [8]
2021-03-10 22:37:34.286 TRACE 20712 --- [    Test worker] o.h.type.descriptor.sql.BasicExtractor   : extracted value ([id1_6_1_] : [BIGINT]) - [9]
2021-03-10 22:37:34.286 TRACE 20712 --- [    Test worker] o.h.type.descriptor.sql.BasicExtractor   : extracted value ([id1_6_2_] : [BIGINT]) - [null]
2021-03-10 22:37:34.286 TRACE 20712 --- [    Test worker] o.h.type.descriptor.sql.BasicExtractor   : extracted value ([first_na2_6_0_] : [VARCHAR]) - [프로그래밍언어]
2021-03-10 22:37:34.286 TRACE 20712 --- [    Test worker] o.h.type.descriptor.sql.BasicExtractor   : extracted value ([parent_i5_6_0_] : [BIGINT]) - [null]
2021-03-10 22:37:34.286 TRACE 20712 --- [    Test worker] o.h.type.descriptor.sql.BasicExtractor   : extracted value ([second_n3_6_0_] : [VARCHAR]) - [programing]
2021-03-10 22:37:34.286 TRACE 20712 --- [    Test worker] o.h.type.descriptor.sql.BasicExtractor   : extracted value ([third_na4_6_0_] : [VARCHAR]) - [null]
2021-03-10 22:37:34.286 TRACE 20712 --- [    Test worker] o.h.type.descriptor.sql.BasicExtractor   : extracted value ([first_na2_6_1_] : [VARCHAR]) - [javascript]
2021-03-10 22:37:34.286 TRACE 20712 --- [    Test worker] o.h.type.descriptor.sql.BasicExtractor   : extracted value ([parent_i5_6_1_] : [BIGINT]) - [8]
2021-03-10 22:37:34.286 TRACE 20712 --- [    Test worker] o.h.type.descriptor.sql.BasicExtractor   : extracted value ([second_n3_6_1_] : [VARCHAR]) - [자바스크립트]
2021-03-10 22:37:34.286 TRACE 20712 --- [    Test worker] o.h.type.descriptor.sql.BasicExtractor   : extracted value ([third_na4_6_1_] : [VARCHAR]) - [null]
2021-03-10 22:37:34.286 TRACE 20712 --- [    Test worker] o.h.type.descriptor.sql.BasicExtractor   : extracted value ([parent_i5_6_0__] : [BIGINT]) - [8]
2021-03-10 22:37:34.286 TRACE 20712 --- [    Test worker] o.h.type.descriptor.sql.BasicExtractor   : extracted value ([id1_6_0__] : [BIGINT]) - [9]
2021-03-10 22:37:34.286 TRACE 20712 --- [    Test worker] o.h.type.descriptor.sql.BasicExtractor   : extracted value ([id1_6_0_] : [BIGINT]) - [8]
2021-03-10 22:37:34.286 TRACE 20712 --- [    Test worker] o.h.type.descriptor.sql.BasicExtractor   : extracted value ([id1_6_1_] : [BIGINT]) - [10]
2021-03-10 22:37:34.286 TRACE 20712 --- [    Test worker] o.h.type.descriptor.sql.BasicExtractor   : extracted value ([id1_6_2_] : [BIGINT]) - [null]
2021-03-10 22:37:34.286 TRACE 20712 --- [    Test worker] o.h.type.descriptor.sql.BasicExtractor   : extracted value ([first_na2_6_1_] : [VARCHAR]) - [python]
2021-03-10 22:37:34.286 TRACE 20712 --- [    Test worker] o.h.type.descriptor.sql.BasicExtractor   : extracted value ([parent_i5_6_1_] : [BIGINT]) - [8]
2021-03-10 22:37:34.286 TRACE 20712 --- [    Test worker] o.h.type.descriptor.sql.BasicExtractor   : extracted value ([second_n3_6_1_] : [VARCHAR]) - [파이썬]
2021-03-10 22:37:34.286 TRACE 20712 --- [    Test worker] o.h.type.descriptor.sql.BasicExtractor   : extracted value ([third_na4_6_1_] : [VARCHAR]) - [null]
2021-03-10 22:37:34.286 TRACE 20712 --- [    Test worker] o.h.type.descriptor.sql.BasicExtractor   : extracted value ([parent_i5_6_0__] : [BIGINT]) - [8]
2021-03-10 22:37:34.286 TRACE 20712 --- [    Test worker] o.h.type.descriptor.sql.BasicExtractor   : extracted value ([id1_6_0__] : [BIGINT]) - [10]
Hibernate: 
    call next value for hibernate_sequence
Hibernate: 
    insert 
    into
        tag
        (first_name, parent_id, second_name, third_name, id) 
    values
        (?, ?, ?, ?, ?)
2021-03-10 22:37:34.302 TRACE 20712 --- [    Test worker] o.h.type.descriptor.sql.BasicBinder      : binding parameter [1] as [VARCHAR] - [java]
2021-03-10 22:37:34.302 TRACE 20712 --- [    Test worker] o.h.type.descriptor.sql.BasicBinder      : binding parameter [2] as [BIGINT] - [8]
2021-03-10 22:37:34.302 TRACE 20712 --- [    Test worker] o.h.type.descriptor.sql.BasicBinder      : binding parameter [3] as [VARCHAR] - [자바]
2021-03-10 22:37:34.302 TRACE 20712 --- [    Test worker] o.h.type.descriptor.sql.BasicBinder      : binding parameter [4] as [VARCHAR] - [null]
2021-03-10 22:37:34.302 TRACE 20712 --- [    Test worker] o.h.type.descriptor.sql.BasicBinder      : binding parameter [5] as [BIGINT] - [11]
Hibernate: 
    select
        tag0_.id as id1_6_0_,
        children1_.id as id1_6_1_,
        tag2_.id as id1_6_2_,
        tag0_.first_name as first_na2_6_0_,
        tag0_.parent_id as parent_i5_6_0_,
        tag0_.second_name as second_n3_6_0_,
        tag0_.third_name as third_na4_6_0_,
        children1_.first_name as first_na2_6_1_,
        children1_.parent_id as parent_i5_6_1_,
        children1_.second_name as second_n3_6_1_,
        children1_.third_name as third_na4_6_1_,
        children1_.parent_id as parent_i5_6_0__,
        children1_.id as id1_6_0__,
        tag2_.first_name as first_na2_6_2_,
        tag2_.parent_id as parent_i5_6_2_,
        tag2_.second_name as second_n3_6_2_,
        tag2_.third_name as third_na4_6_2_ 
    from
        tag tag0_ 
    left outer join
        tag children1_ 
            on tag0_.id=children1_.parent_id 
    left outer join
        tag tag2_ 
            on tag0_.parent_id=tag2_.id 
    where
        tag0_.first_name=?
2021-03-10 22:37:34.302 TRACE 20712 --- [    Test worker] o.h.type.descriptor.sql.BasicBinder      : binding parameter [1] as [VARCHAR] - [프로그래밍언어]
2021-03-10 22:37:34.302 TRACE 20712 --- [    Test worker] o.h.type.descriptor.sql.BasicExtractor   : extracted value ([id1_6_0_] : [BIGINT]) - [8]
2021-03-10 22:37:34.302 TRACE 20712 --- [    Test worker] o.h.type.descriptor.sql.BasicExtractor   : extracted value ([id1_6_1_] : [BIGINT]) - [9]
2021-03-10 22:37:34.302 TRACE 20712 --- [    Test worker] o.h.type.descriptor.sql.BasicExtractor   : extracted value ([id1_6_2_] : [BIGINT]) - [null]
2021-03-10 22:37:34.302 TRACE 20712 --- [    Test worker] o.h.type.descriptor.sql.BasicExtractor   : extracted value ([first_na2_6_0_] : [VARCHAR]) - [프로그래밍언어]
2021-03-10 22:37:34.302 TRACE 20712 --- [    Test worker] o.h.type.descriptor.sql.BasicExtractor   : extracted value ([parent_i5_6_0_] : [BIGINT]) - [null]
2021-03-10 22:37:34.302 TRACE 20712 --- [    Test worker] o.h.type.descriptor.sql.BasicExtractor   : extracted value ([second_n3_6_0_] : [VARCHAR]) - [programing]
2021-03-10 22:37:34.302 TRACE 20712 --- [    Test worker] o.h.type.descriptor.sql.BasicExtractor   : extracted value ([third_na4_6_0_] : [VARCHAR]) - [null]
2021-03-10 22:37:34.302 TRACE 20712 --- [    Test worker] o.h.type.descriptor.sql.BasicExtractor   : extracted value ([first_na2_6_1_] : [VARCHAR]) - [javascript]
2021-03-10 22:37:34.302 TRACE 20712 --- [    Test worker] o.h.type.descriptor.sql.BasicExtractor   : extracted value ([parent_i5_6_1_] : [BIGINT]) - [8]
2021-03-10 22:37:34.302 TRACE 20712 --- [    Test worker] o.h.type.descriptor.sql.BasicExtractor   : extracted value ([second_n3_6_1_] : [VARCHAR]) - [자바스크립트]
2021-03-10 22:37:34.302 TRACE 20712 --- [    Test worker] o.h.type.descriptor.sql.BasicExtractor   : extracted value ([third_na4_6_1_] : [VARCHAR]) - [null]
2021-03-10 22:37:34.302 TRACE 20712 --- [    Test worker] o.h.type.descriptor.sql.BasicExtractor   : extracted value ([parent_i5_6_0__] : [BIGINT]) - [8]
2021-03-10 22:37:34.302 TRACE 20712 --- [    Test worker] o.h.type.descriptor.sql.BasicExtractor   : extracted value ([id1_6_0__] : [BIGINT]) - [9]
2021-03-10 22:37:34.302 TRACE 20712 --- [    Test worker] o.h.type.descriptor.sql.BasicExtractor   : extracted value ([id1_6_0_] : [BIGINT]) - [8]
2021-03-10 22:37:34.302 TRACE 20712 --- [    Test worker] o.h.type.descriptor.sql.BasicExtractor   : extracted value ([id1_6_1_] : [BIGINT]) - [10]
2021-03-10 22:37:34.302 TRACE 20712 --- [    Test worker] o.h.type.descriptor.sql.BasicExtractor   : extracted value ([id1_6_2_] : [BIGINT]) - [null]
2021-03-10 22:37:34.317 TRACE 20712 --- [    Test worker] o.h.type.descriptor.sql.BasicExtractor   : extracted value ([first_na2_6_1_] : [VARCHAR]) - [python]
2021-03-10 22:37:34.317 TRACE 20712 --- [    Test worker] o.h.type.descriptor.sql.BasicExtractor   : extracted value ([parent_i5_6_1_] : [BIGINT]) - [8]
2021-03-10 22:37:34.317 TRACE 20712 --- [    Test worker] o.h.type.descriptor.sql.BasicExtractor   : extracted value ([second_n3_6_1_] : [VARCHAR]) - [파이썬]
2021-03-10 22:37:34.317 TRACE 20712 --- [    Test worker] o.h.type.descriptor.sql.BasicExtractor   : extracted value ([third_na4_6_1_] : [VARCHAR]) - [null]
2021-03-10 22:37:34.317 TRACE 20712 --- [    Test worker] o.h.type.descriptor.sql.BasicExtractor   : extracted value ([parent_i5_6_0__] : [BIGINT]) - [8]
2021-03-10 22:37:34.317 TRACE 20712 --- [    Test worker] o.h.type.descriptor.sql.BasicExtractor   : extracted value ([id1_6_0__] : [BIGINT]) - [10]
2021-03-10 22:37:34.317 TRACE 20712 --- [    Test worker] o.h.type.descriptor.sql.BasicExtractor   : extracted value ([id1_6_0_] : [BIGINT]) - [8]
2021-03-10 22:37:34.317 TRACE 20712 --- [    Test worker] o.h.type.descriptor.sql.BasicExtractor   : extracted value ([id1_6_1_] : [BIGINT]) - [11]
2021-03-10 22:37:34.317 TRACE 20712 --- [    Test worker] o.h.type.descriptor.sql.BasicExtractor   : extracted value ([id1_6_2_] : [BIGINT]) - [null]
2021-03-10 22:37:34.317 TRACE 20712 --- [    Test worker] o.h.type.descriptor.sql.BasicExtractor   : extracted value ([first_na2_6_1_] : [VARCHAR]) - [java]
2021-03-10 22:37:34.317 TRACE 20712 --- [    Test worker] o.h.type.descriptor.sql.BasicExtractor   : extracted value ([parent_i5_6_1_] : [BIGINT]) - [8]
2021-03-10 22:37:34.317 TRACE 20712 --- [    Test worker] o.h.type.descriptor.sql.BasicExtractor   : extracted value ([second_n3_6_1_] : [VARCHAR]) - [자바]
2021-03-10 22:37:34.317 TRACE 20712 --- [    Test worker] o.h.type.descriptor.sql.BasicExtractor   : extracted value ([third_na4_6_1_] : [VARCHAR]) - [null]
2021-03-10 22:37:34.317 TRACE 20712 --- [    Test worker] o.h.type.descriptor.sql.BasicExtractor   : extracted value ([parent_i5_6_0__] : [BIGINT]) - [8]
2021-03-10 22:37:34.317 TRACE 20712 --- [    Test worker] o.h.type.descriptor.sql.BasicExtractor   : extracted value ([id1_6_0__] : [BIGINT]) - [11]
Hibernate: 
    call next value for hibernate_sequence
Hibernate: 
    insert 
    into
        tag
        (first_name, parent_id, second_name, third_name, id) 
    values
        (?, ?, ?, ?, ?)
2021-03-10 22:37:34.317 TRACE 20712 --- [    Test worker] o.h.type.descriptor.sql.BasicBinder      : binding parameter [1] as [VARCHAR] - [go]
2021-03-10 22:37:34.317 TRACE 20712 --- [    Test worker] o.h.type.descriptor.sql.BasicBinder      : binding parameter [2] as [BIGINT] - [8]
2021-03-10 22:37:34.317 TRACE 20712 --- [    Test worker] o.h.type.descriptor.sql.BasicBinder      : binding parameter [3] as [VARCHAR] - [고]
2021-03-10 22:37:34.317 TRACE 20712 --- [    Test worker] o.h.type.descriptor.sql.BasicBinder      : binding parameter [4] as [VARCHAR] - [null]
2021-03-10 22:37:34.317 TRACE 20712 --- [    Test worker] o.h.type.descriptor.sql.BasicBinder      : binding parameter [5] as [BIGINT] - [12]
Hibernate: 
    select
        tag0_.id as id1_6_0_,
        children1_.id as id1_6_1_,
        tag2_.id as id1_6_2_,
        tag0_.first_name as first_na2_6_0_,
        tag0_.parent_id as parent_i5_6_0_,
        tag0_.second_name as second_n3_6_0_,
        tag0_.third_name as third_na4_6_0_,
        children1_.first_name as first_na2_6_1_,
        children1_.parent_id as parent_i5_6_1_,
        children1_.second_name as second_n3_6_1_,
        children1_.third_name as third_na4_6_1_,
        children1_.parent_id as parent_i5_6_0__,
        children1_.id as id1_6_0__,
        tag2_.first_name as first_na2_6_2_,
        tag2_.parent_id as parent_i5_6_2_,
        tag2_.second_name as second_n3_6_2_,
        tag2_.third_name as third_na4_6_2_ 
    from
        tag tag0_ 
    left outer join
        tag children1_ 
            on tag0_.id=children1_.parent_id 
    left outer join
        tag tag2_ 
            on tag0_.parent_id=tag2_.id 
    where
        tag0_.first_name=?
2021-03-10 22:37:34.317 TRACE 20712 --- [    Test worker] o.h.type.descriptor.sql.BasicBinder      : binding parameter [1] as [VARCHAR] - [프로그래밍언어]
2021-03-10 22:37:34.317 TRACE 20712 --- [    Test worker] o.h.type.descriptor.sql.BasicExtractor   : extracted value ([id1_6_0_] : [BIGINT]) - [8]
2021-03-10 22:37:34.317 TRACE 20712 --- [    Test worker] o.h.type.descriptor.sql.BasicExtractor   : extracted value ([id1_6_1_] : [BIGINT]) - [9]
2021-03-10 22:37:34.317 TRACE 20712 --- [    Test worker] o.h.type.descriptor.sql.BasicExtractor   : extracted value ([id1_6_2_] : [BIGINT]) - [null]
2021-03-10 22:37:34.317 TRACE 20712 --- [    Test worker] o.h.type.descriptor.sql.BasicExtractor   : extracted value ([first_na2_6_0_] : [VARCHAR]) - [프로그래밍언어]
2021-03-10 22:37:34.317 TRACE 20712 --- [    Test worker] o.h.type.descriptor.sql.BasicExtractor   : extracted value ([parent_i5_6_0_] : [BIGINT]) - [null]
2021-03-10 22:37:34.317 TRACE 20712 --- [    Test worker] o.h.type.descriptor.sql.BasicExtractor   : extracted value ([second_n3_6_0_] : [VARCHAR]) - [programing]
2021-03-10 22:37:34.317 TRACE 20712 --- [    Test worker] o.h.type.descriptor.sql.BasicExtractor   : extracted value ([third_na4_6_0_] : [VARCHAR]) - [null]
2021-03-10 22:37:34.317 TRACE 20712 --- [    Test worker] o.h.type.descriptor.sql.BasicExtractor   : extracted value ([first_na2_6_1_] : [VARCHAR]) - [javascript]
2021-03-10 22:37:34.317 TRACE 20712 --- [    Test worker] o.h.type.descriptor.sql.BasicExtractor   : extracted value ([parent_i5_6_1_] : [BIGINT]) - [8]
2021-03-10 22:37:34.317 TRACE 20712 --- [    Test worker] o.h.type.descriptor.sql.BasicExtractor   : extracted value ([second_n3_6_1_] : [VARCHAR]) - [자바스크립트]
2021-03-10 22:37:34.317 TRACE 20712 --- [    Test worker] o.h.type.descriptor.sql.BasicExtractor   : extracted value ([third_na4_6_1_] : [VARCHAR]) - [null]
2021-03-10 22:37:34.317 TRACE 20712 --- [    Test worker] o.h.type.descriptor.sql.BasicExtractor   : extracted value ([parent_i5_6_0__] : [BIGINT]) - [8]
2021-03-10 22:37:34.317 TRACE 20712 --- [    Test worker] o.h.type.descriptor.sql.BasicExtractor   : extracted value ([id1_6_0__] : [BIGINT]) - [9]
2021-03-10 22:37:34.317 TRACE 20712 --- [    Test worker] o.h.type.descriptor.sql.BasicExtractor   : extracted value ([id1_6_0_] : [BIGINT]) - [8]
2021-03-10 22:37:34.317 TRACE 20712 --- [    Test worker] o.h.type.descriptor.sql.BasicExtractor   : extracted value ([id1_6_1_] : [BIGINT]) - [10]
2021-03-10 22:37:34.317 TRACE 20712 --- [    Test worker] o.h.type.descriptor.sql.BasicExtractor   : extracted value ([id1_6_2_] : [BIGINT]) - [null]
2021-03-10 22:37:34.317 TRACE 20712 --- [    Test worker] o.h.type.descriptor.sql.BasicExtractor   : extracted value ([first_na2_6_1_] : [VARCHAR]) - [python]
2021-03-10 22:37:34.317 TRACE 20712 --- [    Test worker] o.h.type.descriptor.sql.BasicExtractor   : extracted value ([parent_i5_6_1_] : [BIGINT]) - [8]
2021-03-10 22:37:34.317 TRACE 20712 --- [    Test worker] o.h.type.descriptor.sql.BasicExtractor   : extracted value ([second_n3_6_1_] : [VARCHAR]) - [파이썬]
2021-03-10 22:37:34.317 TRACE 20712 --- [    Test worker] o.h.type.descriptor.sql.BasicExtractor   : extracted value ([third_na4_6_1_] : [VARCHAR]) - [null]
2021-03-10 22:37:34.317 TRACE 20712 --- [    Test worker] o.h.type.descriptor.sql.BasicExtractor   : extracted value ([parent_i5_6_0__] : [BIGINT]) - [8]
2021-03-10 22:37:34.317 TRACE 20712 --- [    Test worker] o.h.type.descriptor.sql.BasicExtractor   : extracted value ([id1_6_0__] : [BIGINT]) - [10]
2021-03-10 22:37:34.317 TRACE 20712 --- [    Test worker] o.h.type.descriptor.sql.BasicExtractor   : extracted value ([id1_6_0_] : [BIGINT]) - [8]
2021-03-10 22:37:34.317 TRACE 20712 --- [    Test worker] o.h.type.descriptor.sql.BasicExtractor   : extracted value ([id1_6_1_] : [BIGINT]) - [11]
2021-03-10 22:37:34.317 TRACE 20712 --- [    Test worker] o.h.type.descriptor.sql.BasicExtractor   : extracted value ([id1_6_2_] : [BIGINT]) - [null]
2021-03-10 22:37:34.317 TRACE 20712 --- [    Test worker] o.h.type.descriptor.sql.BasicExtractor   : extracted value ([first_na2_6_1_] : [VARCHAR]) - [java]
2021-03-10 22:37:34.317 TRACE 20712 --- [    Test worker] o.h.type.descriptor.sql.BasicExtractor   : extracted value ([parent_i5_6_1_] : [BIGINT]) - [8]
2021-03-10 22:37:34.317 TRACE 20712 --- [    Test worker] o.h.type.descriptor.sql.BasicExtractor   : extracted value ([second_n3_6_1_] : [VARCHAR]) - [자바]
2021-03-10 22:37:34.333 TRACE 20712 --- [    Test worker] o.h.type.descriptor.sql.BasicExtractor   : extracted value ([third_na4_6_1_] : [VARCHAR]) - [null]
2021-03-10 22:37:34.333 TRACE 20712 --- [    Test worker] o.h.type.descriptor.sql.BasicExtractor   : extracted value ([parent_i5_6_0__] : [BIGINT]) - [8]
2021-03-10 22:37:34.333 TRACE 20712 --- [    Test worker] o.h.type.descriptor.sql.BasicExtractor   : extracted value ([id1_6_0__] : [BIGINT]) - [11]
2021-03-10 22:37:34.333 TRACE 20712 --- [    Test worker] o.h.type.descriptor.sql.BasicExtractor   : extracted value ([id1_6_0_] : [BIGINT]) - [8]
2021-03-10 22:37:34.333 TRACE 20712 --- [    Test worker] o.h.type.descriptor.sql.BasicExtractor   : extracted value ([id1_6_1_] : [BIGINT]) - [12]
2021-03-10 22:37:34.333 TRACE 20712 --- [    Test worker] o.h.type.descriptor.sql.BasicExtractor   : extracted value ([id1_6_2_] : [BIGINT]) - [null]
2021-03-10 22:37:34.333 TRACE 20712 --- [    Test worker] o.h.type.descriptor.sql.BasicExtractor   : extracted value ([first_na2_6_1_] : [VARCHAR]) - [go]
2021-03-10 22:37:34.333 TRACE 20712 --- [    Test worker] o.h.type.descriptor.sql.BasicExtractor   : extracted value ([parent_i5_6_1_] : [BIGINT]) - [8]
2021-03-10 22:37:34.333 TRACE 20712 --- [    Test worker] o.h.type.descriptor.sql.BasicExtractor   : extracted value ([second_n3_6_1_] : [VARCHAR]) - [고]
2021-03-10 22:37:34.333 TRACE 20712 --- [    Test worker] o.h.type.descriptor.sql.BasicExtractor   : extracted value ([third_na4_6_1_] : [VARCHAR]) - [null]
2021-03-10 22:37:34.333 TRACE 20712 --- [    Test worker] o.h.type.descriptor.sql.BasicExtractor   : extracted value ([parent_i5_6_0__] : [BIGINT]) - [8]
2021-03-10 22:37:34.333 TRACE 20712 --- [    Test worker] o.h.type.descriptor.sql.BasicExtractor   : extracted value ([id1_6_0__] : [BIGINT]) - [12]
Hibernate: 
    call next value for hibernate_sequence
Hibernate: 
    insert 
    into
        tag
        (first_name, parent_id, second_name, third_name, id) 
    values
        (?, ?, ?, ?, ?)
2021-03-10 22:37:34.344 TRACE 20712 --- [    Test worker] o.h.type.descriptor.sql.BasicBinder      : binding parameter [1] as [VARCHAR] - [ruby]
2021-03-10 22:37:34.344 TRACE 20712 --- [    Test worker] o.h.type.descriptor.sql.BasicBinder      : binding parameter [2] as [BIGINT] - [8]
2021-03-10 22:37:34.344 TRACE 20712 --- [    Test worker] o.h.type.descriptor.sql.BasicBinder      : binding parameter [3] as [VARCHAR] - [루비]
2021-03-10 22:37:34.344 TRACE 20712 --- [    Test worker] o.h.type.descriptor.sql.BasicBinder      : binding parameter [4] as [VARCHAR] - [null]
2021-03-10 22:37:34.344 TRACE 20712 --- [    Test worker] o.h.type.descriptor.sql.BasicBinder      : binding parameter [5] as [BIGINT] - [13]
Hibernate: 
    select
        tag0_.id as id1_6_0_,
        children1_.id as id1_6_1_,
        tag2_.id as id1_6_2_,
        tag0_.first_name as first_na2_6_0_,
        tag0_.parent_id as parent_i5_6_0_,
        tag0_.second_name as second_n3_6_0_,
        tag0_.third_name as third_na4_6_0_,
        children1_.first_name as first_na2_6_1_,
        children1_.parent_id as parent_i5_6_1_,
        children1_.second_name as second_n3_6_1_,
        children1_.third_name as third_na4_6_1_,
        children1_.parent_id as parent_i5_6_0__,
        children1_.id as id1_6_0__,
        tag2_.first_name as first_na2_6_2_,
        tag2_.parent_id as parent_i5_6_2_,
        tag2_.second_name as second_n3_6_2_,
        tag2_.third_name as third_na4_6_2_ 
    from
        tag tag0_ 
    left outer join
        tag children1_ 
            on tag0_.id=children1_.parent_id 
    left outer join
        tag tag2_ 
            on tag0_.parent_id=tag2_.id 
    where
        tag0_.first_name=?
2021-03-10 22:37:34.350 TRACE 20712 --- [    Test worker] o.h.type.descriptor.sql.BasicBinder      : binding parameter [1] as [VARCHAR] - [프로그래밍언어]
2021-03-10 22:37:34.351 TRACE 20712 --- [    Test worker] o.h.type.descriptor.sql.BasicExtractor   : extracted value ([id1_6_0_] : [BIGINT]) - [8]
2021-03-10 22:37:34.351 TRACE 20712 --- [    Test worker] o.h.type.descriptor.sql.BasicExtractor   : extracted value ([id1_6_1_] : [BIGINT]) - [9]
2021-03-10 22:37:34.352 TRACE 20712 --- [    Test worker] o.h.type.descriptor.sql.BasicExtractor   : extracted value ([id1_6_2_] : [BIGINT]) - [null]
2021-03-10 22:37:34.352 TRACE 20712 --- [    Test worker] o.h.type.descriptor.sql.BasicExtractor   : extracted value ([first_na2_6_0_] : [VARCHAR]) - [프로그래밍언어]
2021-03-10 22:37:34.352 TRACE 20712 --- [    Test worker] o.h.type.descriptor.sql.BasicExtractor   : extracted value ([parent_i5_6_0_] : [BIGINT]) - [null]
2021-03-10 22:37:34.352 TRACE 20712 --- [    Test worker] o.h.type.descriptor.sql.BasicExtractor   : extracted value ([second_n3_6_0_] : [VARCHAR]) - [programing]
2021-03-10 22:37:34.352 TRACE 20712 --- [    Test worker] o.h.type.descriptor.sql.BasicExtractor   : extracted value ([third_na4_6_0_] : [VARCHAR]) - [null]
2021-03-10 22:37:34.353 TRACE 20712 --- [    Test worker] o.h.type.descriptor.sql.BasicExtractor   : extracted value ([first_na2_6_1_] : [VARCHAR]) - [javascript]
2021-03-10 22:37:34.353 TRACE 20712 --- [    Test worker] o.h.type.descriptor.sql.BasicExtractor   : extracted value ([parent_i5_6_1_] : [BIGINT]) - [8]
2021-03-10 22:37:34.353 TRACE 20712 --- [    Test worker] o.h.type.descriptor.sql.BasicExtractor   : extracted value ([second_n3_6_1_] : [VARCHAR]) - [자바스크립트]
2021-03-10 22:37:34.353 TRACE 20712 --- [    Test worker] o.h.type.descriptor.sql.BasicExtractor   : extracted value ([third_na4_6_1_] : [VARCHAR]) - [null]
2021-03-10 22:37:34.353 TRACE 20712 --- [    Test worker] o.h.type.descriptor.sql.BasicExtractor   : extracted value ([parent_i5_6_0__] : [BIGINT]) - [8]
2021-03-10 22:37:34.353 TRACE 20712 --- [    Test worker] o.h.type.descriptor.sql.BasicExtractor   : extracted value ([id1_6_0__] : [BIGINT]) - [9]
2021-03-10 22:37:34.354 TRACE 20712 --- [    Test worker] o.h.type.descriptor.sql.BasicExtractor   : extracted value ([id1_6_0_] : [BIGINT]) - [8]
2021-03-10 22:37:34.354 TRACE 20712 --- [    Test worker] o.h.type.descriptor.sql.BasicExtractor   : extracted value ([id1_6_1_] : [BIGINT]) - [10]
2021-03-10 22:37:34.354 TRACE 20712 --- [    Test worker] o.h.type.descriptor.sql.BasicExtractor   : extracted value ([id1_6_2_] : [BIGINT]) - [null]
2021-03-10 22:37:34.354 TRACE 20712 --- [    Test worker] o.h.type.descriptor.sql.BasicExtractor   : extracted value ([first_na2_6_1_] : [VARCHAR]) - [python]
2021-03-10 22:37:34.354 TRACE 20712 --- [    Test worker] o.h.type.descriptor.sql.BasicExtractor   : extracted value ([parent_i5_6_1_] : [BIGINT]) - [8]
2021-03-10 22:37:34.354 TRACE 20712 --- [    Test worker] o.h.type.descriptor.sql.BasicExtractor   : extracted value ([second_n3_6_1_] : [VARCHAR]) - [파이썬]
2021-03-10 22:37:34.354 TRACE 20712 --- [    Test worker] o.h.type.descriptor.sql.BasicExtractor   : extracted value ([third_na4_6_1_] : [VARCHAR]) - [null]
2021-03-10 22:37:34.354 TRACE 20712 --- [    Test worker] o.h.type.descriptor.sql.BasicExtractor   : extracted value ([parent_i5_6_0__] : [BIGINT]) - [8]
2021-03-10 22:37:34.354 TRACE 20712 --- [    Test worker] o.h.type.descriptor.sql.BasicExtractor   : extracted value ([id1_6_0__] : [BIGINT]) - [10]
2021-03-10 22:37:34.354 TRACE 20712 --- [    Test worker] o.h.type.descriptor.sql.BasicExtractor   : extracted value ([id1_6_0_] : [BIGINT]) - [8]
2021-03-10 22:37:34.354 TRACE 20712 --- [    Test worker] o.h.type.descriptor.sql.BasicExtractor   : extracted value ([id1_6_1_] : [BIGINT]) - [11]
2021-03-10 22:37:34.354 TRACE 20712 --- [    Test worker] o.h.type.descriptor.sql.BasicExtractor   : extracted value ([id1_6_2_] : [BIGINT]) - [null]
2021-03-10 22:37:34.354 TRACE 20712 --- [    Test worker] o.h.type.descriptor.sql.BasicExtractor   : extracted value ([first_na2_6_1_] : [VARCHAR]) - [java]
2021-03-10 22:37:34.354 TRACE 20712 --- [    Test worker] o.h.type.descriptor.sql.BasicExtractor   : extracted value ([parent_i5_6_1_] : [BIGINT]) - [8]
2021-03-10 22:37:34.354 TRACE 20712 --- [    Test worker] o.h.type.descriptor.sql.BasicExtractor   : extracted value ([second_n3_6_1_] : [VARCHAR]) - [자바]
2021-03-10 22:37:34.354 TRACE 20712 --- [    Test worker] o.h.type.descriptor.sql.BasicExtractor   : extracted value ([third_na4_6_1_] : [VARCHAR]) - [null]
2021-03-10 22:37:34.354 TRACE 20712 --- [    Test worker] o.h.type.descriptor.sql.BasicExtractor   : extracted value ([parent_i5_6_0__] : [BIGINT]) - [8]
2021-03-10 22:37:34.354 TRACE 20712 --- [    Test worker] o.h.type.descriptor.sql.BasicExtractor   : extracted value ([id1_6_0__] : [BIGINT]) - [11]
2021-03-10 22:37:34.354 TRACE 20712 --- [    Test worker] o.h.type.descriptor.sql.BasicExtractor   : extracted value ([id1_6_0_] : [BIGINT]) - [8]
2021-03-10 22:37:34.354 TRACE 20712 --- [    Test worker] o.h.type.descriptor.sql.BasicExtractor   : extracted value ([id1_6_1_] : [BIGINT]) - [12]
2021-03-10 22:37:34.354 TRACE 20712 --- [    Test worker] o.h.type.descriptor.sql.BasicExtractor   : extracted value ([id1_6_2_] : [BIGINT]) - [null]
2021-03-10 22:37:34.354 TRACE 20712 --- [    Test worker] o.h.type.descriptor.sql.BasicExtractor   : extracted value ([first_na2_6_1_] : [VARCHAR]) - [go]
2021-03-10 22:37:34.354 TRACE 20712 --- [    Test worker] o.h.type.descriptor.sql.BasicExtractor   : extracted value ([parent_i5_6_1_] : [BIGINT]) - [8]
2021-03-10 22:37:34.354 TRACE 20712 --- [    Test worker] o.h.type.descriptor.sql.BasicExtractor   : extracted value ([second_n3_6_1_] : [VARCHAR]) - [고]
2021-03-10 22:37:34.354 TRACE 20712 --- [    Test worker] o.h.type.descriptor.sql.BasicExtractor   : extracted value ([third_na4_6_1_] : [VARCHAR]) - [null]
2021-03-10 22:37:34.354 TRACE 20712 --- [    Test worker] o.h.type.descriptor.sql.BasicExtractor   : extracted value ([parent_i5_6_0__] : [BIGINT]) - [8]
2021-03-10 22:37:34.354 TRACE 20712 --- [    Test worker] o.h.type.descriptor.sql.BasicExtractor   : extracted value ([id1_6_0__] : [BIGINT]) - [12]
2021-03-10 22:37:34.354 TRACE 20712 --- [    Test worker] o.h.type.descriptor.sql.BasicExtractor   : extracted value ([id1_6_0_] : [BIGINT]) - [8]
2021-03-10 22:37:34.354 TRACE 20712 --- [    Test worker] o.h.type.descriptor.sql.BasicExtractor   : extracted value ([id1_6_1_] : [BIGINT]) - [13]
2021-03-10 22:37:34.354 TRACE 20712 --- [    Test worker] o.h.type.descriptor.sql.BasicExtractor   : extracted value ([id1_6_2_] : [BIGINT]) - [null]
2021-03-10 22:37:34.354 TRACE 20712 --- [    Test worker] o.h.type.descriptor.sql.BasicExtractor   : extracted value ([first_na2_6_1_] : [VARCHAR]) - [ruby]
2021-03-10 22:37:34.354 TRACE 20712 --- [    Test worker] o.h.type.descriptor.sql.BasicExtractor   : extracted value ([parent_i5_6_1_] : [BIGINT]) - [8]
2021-03-10 22:37:34.354 TRACE 20712 --- [    Test worker] o.h.type.descriptor.sql.BasicExtractor   : extracted value ([second_n3_6_1_] : [VARCHAR]) - [루비]
2021-03-10 22:37:34.354 TRACE 20712 --- [    Test worker] o.h.type.descriptor.sql.BasicExtractor   : extracted value ([third_na4_6_1_] : [VARCHAR]) - [null]
2021-03-10 22:37:34.354 TRACE 20712 --- [    Test worker] o.h.type.descriptor.sql.BasicExtractor   : extracted value ([parent_i5_6_0__] : [BIGINT]) - [8]
2021-03-10 22:37:34.354 TRACE 20712 --- [    Test worker] o.h.type.descriptor.sql.BasicExtractor   : extracted value ([id1_6_0__] : [BIGINT]) - [13]
Hibernate: 
    call next value for hibernate_sequence
Hibernate: 
    insert 
    into
        tag
        (first_name, parent_id, second_name, third_name, id) 
    values
        (?, ?, ?, ?, ?)
2021-03-10 22:37:34.354 TRACE 20712 --- [    Test worker] o.h.type.descriptor.sql.BasicBinder      : binding parameter [1] as [VARCHAR] - [c++]
2021-03-10 22:37:34.354 TRACE 20712 --- [    Test worker] o.h.type.descriptor.sql.BasicBinder      : binding parameter [2] as [BIGINT] - [8]
2021-03-10 22:37:34.354 TRACE 20712 --- [    Test worker] o.h.type.descriptor.sql.BasicBinder      : binding parameter [3] as [VARCHAR] - [씨플플]
2021-03-10 22:37:34.354 TRACE 20712 --- [    Test worker] o.h.type.descriptor.sql.BasicBinder      : binding parameter [4] as [VARCHAR] - [null]
2021-03-10 22:37:34.354 TRACE 20712 --- [    Test worker] o.h.type.descriptor.sql.BasicBinder      : binding parameter [5] as [BIGINT] - [14]
Hibernate: 
    select
        tag0_.id as id1_6_0_,
        children1_.id as id1_6_1_,
        tag2_.id as id1_6_2_,
        tag0_.first_name as first_na2_6_0_,
        tag0_.parent_id as parent_i5_6_0_,
        tag0_.second_name as second_n3_6_0_,
        tag0_.third_name as third_na4_6_0_,
        children1_.first_name as first_na2_6_1_,
        children1_.parent_id as parent_i5_6_1_,
        children1_.second_name as second_n3_6_1_,
        children1_.third_name as third_na4_6_1_,
        children1_.parent_id as parent_i5_6_0__,
        children1_.id as id1_6_0__,
        tag2_.first_name as first_na2_6_2_,
        tag2_.parent_id as parent_i5_6_2_,
        tag2_.second_name as second_n3_6_2_,
        tag2_.third_name as third_na4_6_2_ 
    from
        tag tag0_ 
    left outer join
        tag children1_ 
            on tag0_.id=children1_.parent_id 
    left outer join
        tag tag2_ 
            on tag0_.parent_id=tag2_.id 
    where
        tag0_.first_name=?
2021-03-10 22:37:34.354 TRACE 20712 --- [    Test worker] o.h.type.descriptor.sql.BasicBinder      : binding parameter [1] as [VARCHAR] - [프로그래밍언어]
2021-03-10 22:37:34.354 TRACE 20712 --- [    Test worker] o.h.type.descriptor.sql.BasicExtractor   : extracted value ([id1_6_0_] : [BIGINT]) - [8]
2021-03-10 22:37:34.354 TRACE 20712 --- [    Test worker] o.h.type.descriptor.sql.BasicExtractor   : extracted value ([id1_6_1_] : [BIGINT]) - [9]
2021-03-10 22:37:34.354 TRACE 20712 --- [    Test worker] o.h.type.descriptor.sql.BasicExtractor   : extracted value ([id1_6_2_] : [BIGINT]) - [null]
2021-03-10 22:37:34.354 TRACE 20712 --- [    Test worker] o.h.type.descriptor.sql.BasicExtractor   : extracted value ([first_na2_6_0_] : [VARCHAR]) - [프로그래밍언어]
2021-03-10 22:37:34.354 TRACE 20712 --- [    Test worker] o.h.type.descriptor.sql.BasicExtractor   : extracted value ([parent_i5_6_0_] : [BIGINT]) - [null]
2021-03-10 22:37:34.354 TRACE 20712 --- [    Test worker] o.h.type.descriptor.sql.BasicExtractor   : extracted value ([second_n3_6_0_] : [VARCHAR]) - [programing]
2021-03-10 22:37:34.354 TRACE 20712 --- [    Test worker] o.h.type.descriptor.sql.BasicExtractor   : extracted value ([third_na4_6_0_] : [VARCHAR]) - [null]
2021-03-10 22:37:34.354 TRACE 20712 --- [    Test worker] o.h.type.descriptor.sql.BasicExtractor   : extracted value ([first_na2_6_1_] : [VARCHAR]) - [javascript]
2021-03-10 22:37:34.354 TRACE 20712 --- [    Test worker] o.h.type.descriptor.sql.BasicExtractor   : extracted value ([parent_i5_6_1_] : [BIGINT]) - [8]
2021-03-10 22:37:34.354 TRACE 20712 --- [    Test worker] o.h.type.descriptor.sql.BasicExtractor   : extracted value ([second_n3_6_1_] : [VARCHAR]) - [자바스크립트]
2021-03-10 22:37:34.354 TRACE 20712 --- [    Test worker] o.h.type.descriptor.sql.BasicExtractor   : extracted value ([third_na4_6_1_] : [VARCHAR]) - [null]
2021-03-10 22:37:34.354 TRACE 20712 --- [    Test worker] o.h.type.descriptor.sql.BasicExtractor   : extracted value ([parent_i5_6_0__] : [BIGINT]) - [8]
2021-03-10 22:37:34.354 TRACE 20712 --- [    Test worker] o.h.type.descriptor.sql.BasicExtractor   : extracted value ([id1_6_0__] : [BIGINT]) - [9]
2021-03-10 22:37:34.370 TRACE 20712 --- [    Test worker] o.h.type.descriptor.sql.BasicExtractor   : extracted value ([id1_6_0_] : [BIGINT]) - [8]
2021-03-10 22:37:34.370 TRACE 20712 --- [    Test worker] o.h.type.descriptor.sql.BasicExtractor   : extracted value ([id1_6_1_] : [BIGINT]) - [10]
2021-03-10 22:37:34.370 TRACE 20712 --- [    Test worker] o.h.type.descriptor.sql.BasicExtractor   : extracted value ([id1_6_2_] : [BIGINT]) - [null]
2021-03-10 22:37:34.370 TRACE 20712 --- [    Test worker] o.h.type.descriptor.sql.BasicExtractor   : extracted value ([first_na2_6_1_] : [VARCHAR]) - [python]
2021-03-10 22:37:34.370 TRACE 20712 --- [    Test worker] o.h.type.descriptor.sql.BasicExtractor   : extracted value ([parent_i5_6_1_] : [BIGINT]) - [8]
2021-03-10 22:37:34.370 TRACE 20712 --- [    Test worker] o.h.type.descriptor.sql.BasicExtractor   : extracted value ([second_n3_6_1_] : [VARCHAR]) - [파이썬]
2021-03-10 22:37:34.370 TRACE 20712 --- [    Test worker] o.h.type.descriptor.sql.BasicExtractor   : extracted value ([third_na4_6_1_] : [VARCHAR]) - [null]
2021-03-10 22:37:34.370 TRACE 20712 --- [    Test worker] o.h.type.descriptor.sql.BasicExtractor   : extracted value ([parent_i5_6_0__] : [BIGINT]) - [8]
2021-03-10 22:37:34.370 TRACE 20712 --- [    Test worker] o.h.type.descriptor.sql.BasicExtractor   : extracted value ([id1_6_0__] : [BIGINT]) - [10]
2021-03-10 22:37:34.370 TRACE 20712 --- [    Test worker] o.h.type.descriptor.sql.BasicExtractor   : extracted value ([id1_6_0_] : [BIGINT]) - [8]
2021-03-10 22:37:34.370 TRACE 20712 --- [    Test worker] o.h.type.descriptor.sql.BasicExtractor   : extracted value ([id1_6_1_] : [BIGINT]) - [11]
2021-03-10 22:37:34.370 TRACE 20712 --- [    Test worker] o.h.type.descriptor.sql.BasicExtractor   : extracted value ([id1_6_2_] : [BIGINT]) - [null]
2021-03-10 22:37:34.370 TRACE 20712 --- [    Test worker] o.h.type.descriptor.sql.BasicExtractor   : extracted value ([first_na2_6_1_] : [VARCHAR]) - [java]
2021-03-10 22:37:34.370 TRACE 20712 --- [    Test worker] o.h.type.descriptor.sql.BasicExtractor   : extracted value ([parent_i5_6_1_] : [BIGINT]) - [8]
2021-03-10 22:37:34.370 TRACE 20712 --- [    Test worker] o.h.type.descriptor.sql.BasicExtractor   : extracted value ([second_n3_6_1_] : [VARCHAR]) - [자바]
2021-03-10 22:37:34.370 TRACE 20712 --- [    Test worker] o.h.type.descriptor.sql.BasicExtractor   : extracted value ([third_na4_6_1_] : [VARCHAR]) - [null]
2021-03-10 22:37:34.370 TRACE 20712 --- [    Test worker] o.h.type.descriptor.sql.BasicExtractor   : extracted value ([parent_i5_6_0__] : [BIGINT]) - [8]
2021-03-10 22:37:34.370 TRACE 20712 --- [    Test worker] o.h.type.descriptor.sql.BasicExtractor   : extracted value ([id1_6_0__] : [BIGINT]) - [11]
2021-03-10 22:37:34.370 TRACE 20712 --- [    Test worker] o.h.type.descriptor.sql.BasicExtractor   : extracted value ([id1_6_0_] : [BIGINT]) - [8]
2021-03-10 22:37:34.370 TRACE 20712 --- [    Test worker] o.h.type.descriptor.sql.BasicExtractor   : extracted value ([id1_6_1_] : [BIGINT]) - [12]
2021-03-10 22:37:34.370 TRACE 20712 --- [    Test worker] o.h.type.descriptor.sql.BasicExtractor   : extracted value ([id1_6_2_] : [BIGINT]) - [null]
2021-03-10 22:37:34.370 TRACE 20712 --- [    Test worker] o.h.type.descriptor.sql.BasicExtractor   : extracted value ([first_na2_6_1_] : [VARCHAR]) - [go]
2021-03-10 22:37:34.370 TRACE 20712 --- [    Test worker] o.h.type.descriptor.sql.BasicExtractor   : extracted value ([parent_i5_6_1_] : [BIGINT]) - [8]
2021-03-10 22:37:34.370 TRACE 20712 --- [    Test worker] o.h.type.descriptor.sql.BasicExtractor   : extracted value ([second_n3_6_1_] : [VARCHAR]) - [고]
2021-03-10 22:37:34.370 TRACE 20712 --- [    Test worker] o.h.type.descriptor.sql.BasicExtractor   : extracted value ([third_na4_6_1_] : [VARCHAR]) - [null]
2021-03-10 22:37:34.370 TRACE 20712 --- [    Test worker] o.h.type.descriptor.sql.BasicExtractor   : extracted value ([parent_i5_6_0__] : [BIGINT]) - [8]
2021-03-10 22:37:34.370 TRACE 20712 --- [    Test worker] o.h.type.descriptor.sql.BasicExtractor   : extracted value ([id1_6_0__] : [BIGINT]) - [12]
2021-03-10 22:37:34.370 TRACE 20712 --- [    Test worker] o.h.type.descriptor.sql.BasicExtractor   : extracted value ([id1_6_0_] : [BIGINT]) - [8]
2021-03-10 22:37:34.370 TRACE 20712 --- [    Test worker] o.h.type.descriptor.sql.BasicExtractor   : extracted value ([id1_6_1_] : [BIGINT]) - [13]
2021-03-10 22:37:34.370 TRACE 20712 --- [    Test worker] o.h.type.descriptor.sql.BasicExtractor   : extracted value ([id1_6_2_] : [BIGINT]) - [null]
2021-03-10 22:37:34.370 TRACE 20712 --- [    Test worker] o.h.type.descriptor.sql.BasicExtractor   : extracted value ([first_na2_6_1_] : [VARCHAR]) - [ruby]
2021-03-10 22:37:34.370 TRACE 20712 --- [    Test worker] o.h.type.descriptor.sql.BasicExtractor   : extracted value ([parent_i5_6_1_] : [BIGINT]) - [8]
2021-03-10 22:37:34.370 TRACE 20712 --- [    Test worker] o.h.type.descriptor.sql.BasicExtractor   : extracted value ([second_n3_6_1_] : [VARCHAR]) - [루비]
2021-03-10 22:37:34.370 TRACE 20712 --- [    Test worker] o.h.type.descriptor.sql.BasicExtractor   : extracted value ([third_na4_6_1_] : [VARCHAR]) - [null]
2021-03-10 22:37:34.370 TRACE 20712 --- [    Test worker] o.h.type.descriptor.sql.BasicExtractor   : extracted value ([parent_i5_6_0__] : [BIGINT]) - [8]
2021-03-10 22:37:34.370 TRACE 20712 --- [    Test worker] o.h.type.descriptor.sql.BasicExtractor   : extracted value ([id1_6_0__] : [BIGINT]) - [13]
2021-03-10 22:37:34.370 TRACE 20712 --- [    Test worker] o.h.type.descriptor.sql.BasicExtractor   : extracted value ([id1_6_0_] : [BIGINT]) - [8]
2021-03-10 22:37:34.370 TRACE 20712 --- [    Test worker] o.h.type.descriptor.sql.BasicExtractor   : extracted value ([id1_6_1_] : [BIGINT]) - [14]
2021-03-10 22:37:34.370 TRACE 20712 --- [    Test worker] o.h.type.descriptor.sql.BasicExtractor   : extracted value ([id1_6_2_] : [BIGINT]) - [null]
2021-03-10 22:37:34.370 TRACE 20712 --- [    Test worker] o.h.type.descriptor.sql.BasicExtractor   : extracted value ([first_na2_6_1_] : [VARCHAR]) - [c++]
2021-03-10 22:37:34.370 TRACE 20712 --- [    Test worker] o.h.type.descriptor.sql.BasicExtractor   : extracted value ([parent_i5_6_1_] : [BIGINT]) - [8]
2021-03-10 22:37:34.370 TRACE 20712 --- [    Test worker] o.h.type.descriptor.sql.BasicExtractor   : extracted value ([second_n3_6_1_] : [VARCHAR]) - [씨플플]
2021-03-10 22:37:34.370 TRACE 20712 --- [    Test worker] o.h.type.descriptor.sql.BasicExtractor   : extracted value ([third_na4_6_1_] : [VARCHAR]) - [null]
2021-03-10 22:37:34.370 TRACE 20712 --- [    Test worker] o.h.type.descriptor.sql.BasicExtractor   : extracted value ([parent_i5_6_0__] : [BIGINT]) - [8]
2021-03-10 22:37:34.370 TRACE 20712 --- [    Test worker] o.h.type.descriptor.sql.BasicExtractor   : extracted value ([id1_6_0__] : [BIGINT]) - [14]
Hibernate: 
    call next value for hibernate_sequence
Hibernate: 
    insert 
    into
        tag
        (first_name, parent_id, second_name, third_name, id) 
    values
        (?, ?, ?, ?, ?)
2021-03-10 22:37:34.370 TRACE 20712 --- [    Test worker] o.h.type.descriptor.sql.BasicBinder      : binding parameter [1] as [VARCHAR] - [php]
2021-03-10 22:37:34.370 TRACE 20712 --- [    Test worker] o.h.type.descriptor.sql.BasicBinder      : binding parameter [2] as [BIGINT] - [8]
2021-03-10 22:37:34.370 TRACE 20712 --- [    Test worker] o.h.type.descriptor.sql.BasicBinder      : binding parameter [3] as [VARCHAR] - [피에이치피]
2021-03-10 22:37:34.370 TRACE 20712 --- [    Test worker] o.h.type.descriptor.sql.BasicBinder      : binding parameter [4] as [VARCHAR] - [null]
2021-03-10 22:37:34.370 TRACE 20712 --- [    Test worker] o.h.type.descriptor.sql.BasicBinder      : binding parameter [5] as [BIGINT] - [15]
Hibernate: 
    select
        tag0_.id as id1_6_0_,
        children1_.id as id1_6_1_,
        tag2_.id as id1_6_2_,
        tag0_.first_name as first_na2_6_0_,
        tag0_.parent_id as parent_i5_6_0_,
        tag0_.second_name as second_n3_6_0_,
        tag0_.third_name as third_na4_6_0_,
        children1_.first_name as first_na2_6_1_,
        children1_.parent_id as parent_i5_6_1_,
        children1_.second_name as second_n3_6_1_,
        children1_.third_name as third_na4_6_1_,
        children1_.parent_id as parent_i5_6_0__,
        children1_.id as id1_6_0__,
        tag2_.first_name as first_na2_6_2_,
        tag2_.parent_id as parent_i5_6_2_,
        tag2_.second_name as second_n3_6_2_,
        tag2_.third_name as third_na4_6_2_ 
    from
        tag tag0_ 
    left outer join
        tag children1_ 
            on tag0_.id=children1_.parent_id 
    left outer join
        tag tag2_ 
            on tag0_.parent_id=tag2_.id 
    where
        tag0_.first_name=?
2021-03-10 22:37:34.370 TRACE 20712 --- [    Test worker] o.h.type.descriptor.sql.BasicBinder      : binding parameter [1] as [VARCHAR] - [프로그래밍언어]
2021-03-10 22:37:34.370 TRACE 20712 --- [    Test worker] o.h.type.descriptor.sql.BasicExtractor   : extracted value ([id1_6_0_] : [BIGINT]) - [8]
2021-03-10 22:37:34.370 TRACE 20712 --- [    Test worker] o.h.type.descriptor.sql.BasicExtractor   : extracted value ([id1_6_1_] : [BIGINT]) - [9]
2021-03-10 22:37:34.370 TRACE 20712 --- [    Test worker] o.h.type.descriptor.sql.BasicExtractor   : extracted value ([id1_6_2_] : [BIGINT]) - [null]
2021-03-10 22:37:34.370 TRACE 20712 --- [    Test worker] o.h.type.descriptor.sql.BasicExtractor   : extracted value ([first_na2_6_0_] : [VARCHAR]) - [프로그래밍언어]
2021-03-10 22:37:34.370 TRACE 20712 --- [    Test worker] o.h.type.descriptor.sql.BasicExtractor   : extracted value ([parent_i5_6_0_] : [BIGINT]) - [null]
2021-03-10 22:37:34.370 TRACE 20712 --- [    Test worker] o.h.type.descriptor.sql.BasicExtractor   : extracted value ([second_n3_6_0_] : [VARCHAR]) - [programing]
2021-03-10 22:37:34.386 TRACE 20712 --- [    Test worker] o.h.type.descriptor.sql.BasicExtractor   : extracted value ([third_na4_6_0_] : [VARCHAR]) - [null]
2021-03-10 22:37:34.386 TRACE 20712 --- [    Test worker] o.h.type.descriptor.sql.BasicExtractor   : extracted value ([first_na2_6_1_] : [VARCHAR]) - [javascript]
2021-03-10 22:37:34.386 TRACE 20712 --- [    Test worker] o.h.type.descriptor.sql.BasicExtractor   : extracted value ([parent_i5_6_1_] : [BIGINT]) - [8]
2021-03-10 22:37:34.386 TRACE 20712 --- [    Test worker] o.h.type.descriptor.sql.BasicExtractor   : extracted value ([second_n3_6_1_] : [VARCHAR]) - [자바스크립트]
2021-03-10 22:37:34.386 TRACE 20712 --- [    Test worker] o.h.type.descriptor.sql.BasicExtractor   : extracted value ([third_na4_6_1_] : [VARCHAR]) - [null]
2021-03-10 22:37:34.386 TRACE 20712 --- [    Test worker] o.h.type.descriptor.sql.BasicExtractor   : extracted value ([parent_i5_6_0__] : [BIGINT]) - [8]
2021-03-10 22:37:34.386 TRACE 20712 --- [    Test worker] o.h.type.descriptor.sql.BasicExtractor   : extracted value ([id1_6_0__] : [BIGINT]) - [9]
2021-03-10 22:37:34.386 TRACE 20712 --- [    Test worker] o.h.type.descriptor.sql.BasicExtractor   : extracted value ([id1_6_0_] : [BIGINT]) - [8]
2021-03-10 22:37:34.386 TRACE 20712 --- [    Test worker] o.h.type.descriptor.sql.BasicExtractor   : extracted value ([id1_6_1_] : [BIGINT]) - [10]
2021-03-10 22:37:34.386 TRACE 20712 --- [    Test worker] o.h.type.descriptor.sql.BasicExtractor   : extracted value ([id1_6_2_] : [BIGINT]) - [null]
2021-03-10 22:37:34.386 TRACE 20712 --- [    Test worker] o.h.type.descriptor.sql.BasicExtractor   : extracted value ([first_na2_6_1_] : [VARCHAR]) - [python]
2021-03-10 22:37:34.386 TRACE 20712 --- [    Test worker] o.h.type.descriptor.sql.BasicExtractor   : extracted value ([parent_i5_6_1_] : [BIGINT]) - [8]
2021-03-10 22:37:34.386 TRACE 20712 --- [    Test worker] o.h.type.descriptor.sql.BasicExtractor   : extracted value ([second_n3_6_1_] : [VARCHAR]) - [파이썬]
2021-03-10 22:37:34.386 TRACE 20712 --- [    Test worker] o.h.type.descriptor.sql.BasicExtractor   : extracted value ([third_na4_6_1_] : [VARCHAR]) - [null]
2021-03-10 22:37:34.386 TRACE 20712 --- [    Test worker] o.h.type.descriptor.sql.BasicExtractor   : extracted value ([parent_i5_6_0__] : [BIGINT]) - [8]
2021-03-10 22:37:34.386 TRACE 20712 --- [    Test worker] o.h.type.descriptor.sql.BasicExtractor   : extracted value ([id1_6_0__] : [BIGINT]) - [10]
2021-03-10 22:37:34.386 TRACE 20712 --- [    Test worker] o.h.type.descriptor.sql.BasicExtractor   : extracted value ([id1_6_0_] : [BIGINT]) - [8]
2021-03-10 22:37:34.386 TRACE 20712 --- [    Test worker] o.h.type.descriptor.sql.BasicExtractor   : extracted value ([id1_6_1_] : [BIGINT]) - [11]
2021-03-10 22:37:34.386 TRACE 20712 --- [    Test worker] o.h.type.descriptor.sql.BasicExtractor   : extracted value ([id1_6_2_] : [BIGINT]) - [null]
2021-03-10 22:37:34.386 TRACE 20712 --- [    Test worker] o.h.type.descriptor.sql.BasicExtractor   : extracted value ([first_na2_6_1_] : [VARCHAR]) - [java]
2021-03-10 22:37:34.386 TRACE 20712 --- [    Test worker] o.h.type.descriptor.sql.BasicExtractor   : extracted value ([parent_i5_6_1_] : [BIGINT]) - [8]
2021-03-10 22:37:34.386 TRACE 20712 --- [    Test worker] o.h.type.descriptor.sql.BasicExtractor   : extracted value ([second_n3_6_1_] : [VARCHAR]) - [자바]
2021-03-10 22:37:34.386 TRACE 20712 --- [    Test worker] o.h.type.descriptor.sql.BasicExtractor   : extracted value ([third_na4_6_1_] : [VARCHAR]) - [null]
2021-03-10 22:37:34.386 TRACE 20712 --- [    Test worker] o.h.type.descriptor.sql.BasicExtractor   : extracted value ([parent_i5_6_0__] : [BIGINT]) - [8]
2021-03-10 22:37:34.386 TRACE 20712 --- [    Test worker] o.h.type.descriptor.sql.BasicExtractor   : extracted value ([id1_6_0__] : [BIGINT]) - [11]
2021-03-10 22:37:34.386 TRACE 20712 --- [    Test worker] o.h.type.descriptor.sql.BasicExtractor   : extracted value ([id1_6_0_] : [BIGINT]) - [8]
2021-03-10 22:37:34.386 TRACE 20712 --- [    Test worker] o.h.type.descriptor.sql.BasicExtractor   : extracted value ([id1_6_1_] : [BIGINT]) - [12]
2021-03-10 22:37:34.386 TRACE 20712 --- [    Test worker] o.h.type.descriptor.sql.BasicExtractor   : extracted value ([id1_6_2_] : [BIGINT]) - [null]
2021-03-10 22:37:34.386 TRACE 20712 --- [    Test worker] o.h.type.descriptor.sql.BasicExtractor   : extracted value ([first_na2_6_1_] : [VARCHAR]) - [go]
2021-03-10 22:37:34.386 TRACE 20712 --- [    Test worker] o.h.type.descriptor.sql.BasicExtractor   : extracted value ([parent_i5_6_1_] : [BIGINT]) - [8]
2021-03-10 22:37:34.386 TRACE 20712 --- [    Test worker] o.h.type.descriptor.sql.BasicExtractor   : extracted value ([second_n3_6_1_] : [VARCHAR]) - [고]
2021-03-10 22:37:34.386 TRACE 20712 --- [    Test worker] o.h.type.descriptor.sql.BasicExtractor   : extracted value ([third_na4_6_1_] : [VARCHAR]) - [null]
2021-03-10 22:37:34.386 TRACE 20712 --- [    Test worker] o.h.type.descriptor.sql.BasicExtractor   : extracted value ([parent_i5_6_0__] : [BIGINT]) - [8]
2021-03-10 22:37:34.386 TRACE 20712 --- [    Test worker] o.h.type.descriptor.sql.BasicExtractor   : extracted value ([id1_6_0__] : [BIGINT]) - [12]
2021-03-10 22:37:34.386 TRACE 20712 --- [    Test worker] o.h.type.descriptor.sql.BasicExtractor   : extracted value ([id1_6_0_] : [BIGINT]) - [8]
2021-03-10 22:37:34.386 TRACE 20712 --- [    Test worker] o.h.type.descriptor.sql.BasicExtractor   : extracted value ([id1_6_1_] : [BIGINT]) - [13]
2021-03-10 22:37:34.386 TRACE 20712 --- [    Test worker] o.h.type.descriptor.sql.BasicExtractor   : extracted value ([id1_6_2_] : [BIGINT]) - [null]
2021-03-10 22:37:34.386 TRACE 20712 --- [    Test worker] o.h.type.descriptor.sql.BasicExtractor   : extracted value ([first_na2_6_1_] : [VARCHAR]) - [ruby]
2021-03-10 22:37:34.386 TRACE 20712 --- [    Test worker] o.h.type.descriptor.sql.BasicExtractor   : extracted value ([parent_i5_6_1_] : [BIGINT]) - [8]
2021-03-10 22:37:34.386 TRACE 20712 --- [    Test worker] o.h.type.descriptor.sql.BasicExtractor   : extracted value ([second_n3_6_1_] : [VARCHAR]) - [루비]
2021-03-10 22:37:34.386 TRACE 20712 --- [    Test worker] o.h.type.descriptor.sql.BasicExtractor   : extracted value ([third_na4_6_1_] : [VARCHAR]) - [null]
2021-03-10 22:37:34.386 TRACE 20712 --- [    Test worker] o.h.type.descriptor.sql.BasicExtractor   : extracted value ([parent_i5_6_0__] : [BIGINT]) - [8]
2021-03-10 22:37:34.386 TRACE 20712 --- [    Test worker] o.h.type.descriptor.sql.BasicExtractor   : extracted value ([id1_6_0__] : [BIGINT]) - [13]
2021-03-10 22:37:34.386 TRACE 20712 --- [    Test worker] o.h.type.descriptor.sql.BasicExtractor   : extracted value ([id1_6_0_] : [BIGINT]) - [8]
2021-03-10 22:37:34.386 TRACE 20712 --- [    Test worker] o.h.type.descriptor.sql.BasicExtractor   : extracted value ([id1_6_1_] : [BIGINT]) - [14]
2021-03-10 22:37:34.386 TRACE 20712 --- [    Test worker] o.h.type.descriptor.sql.BasicExtractor   : extracted value ([id1_6_2_] : [BIGINT]) - [null]
2021-03-10 22:37:34.386 TRACE 20712 --- [    Test worker] o.h.type.descriptor.sql.BasicExtractor   : extracted value ([first_na2_6_1_] : [VARCHAR]) - [c++]
2021-03-10 22:37:34.386 TRACE 20712 --- [    Test worker] o.h.type.descriptor.sql.BasicExtractor   : extracted value ([parent_i5_6_1_] : [BIGINT]) - [8]
2021-03-10 22:37:34.386 TRACE 20712 --- [    Test worker] o.h.type.descriptor.sql.BasicExtractor   : extracted value ([second_n3_6_1_] : [VARCHAR]) - [씨플플]
2021-03-10 22:37:34.386 TRACE 20712 --- [    Test worker] o.h.type.descriptor.sql.BasicExtractor   : extracted value ([third_na4_6_1_] : [VARCHAR]) - [null]
2021-03-10 22:37:34.386 TRACE 20712 --- [    Test worker] o.h.type.descriptor.sql.BasicExtractor   : extracted value ([parent_i5_6_0__] : [BIGINT]) - [8]
2021-03-10 22:37:34.386 TRACE 20712 --- [    Test worker] o.h.type.descriptor.sql.BasicExtractor   : extracted value ([id1_6_0__] : [BIGINT]) - [14]
2021-03-10 22:37:34.386 TRACE 20712 --- [    Test worker] o.h.type.descriptor.sql.BasicExtractor   : extracted value ([id1_6_0_] : [BIGINT]) - [8]
2021-03-10 22:37:34.386 TRACE 20712 --- [    Test worker] o.h.type.descriptor.sql.BasicExtractor   : extracted value ([id1_6_1_] : [BIGINT]) - [15]
2021-03-10 22:37:34.386 TRACE 20712 --- [    Test worker] o.h.type.descriptor.sql.BasicExtractor   : extracted value ([id1_6_2_] : [BIGINT]) - [null]
2021-03-10 22:37:34.386 TRACE 20712 --- [    Test worker] o.h.type.descriptor.sql.BasicExtractor   : extracted value ([first_na2_6_1_] : [VARCHAR]) - [php]
2021-03-10 22:37:34.386 TRACE 20712 --- [    Test worker] o.h.type.descriptor.sql.BasicExtractor   : extracted value ([parent_i5_6_1_] : [BIGINT]) - [8]
2021-03-10 22:37:34.386 TRACE 20712 --- [    Test worker] o.h.type.descriptor.sql.BasicExtractor   : extracted value ([second_n3_6_1_] : [VARCHAR]) - [피에이치피]
2021-03-10 22:37:34.386 TRACE 20712 --- [    Test worker] o.h.type.descriptor.sql.BasicExtractor   : extracted value ([third_na4_6_1_] : [VARCHAR]) - [null]
2021-03-10 22:37:34.386 TRACE 20712 --- [    Test worker] o.h.type.descriptor.sql.BasicExtractor   : extracted value ([parent_i5_6_0__] : [BIGINT]) - [8]
2021-03-10 22:37:34.386 TRACE 20712 --- [    Test worker] o.h.type.descriptor.sql.BasicExtractor   : extracted value ([id1_6_0__] : [BIGINT]) - [15]
Hibernate: 
    call next value for hibernate_sequence
Hibernate: 
    insert 
    into
        tag
        (first_name, parent_id, second_name, third_name, id) 
    values
        (?, ?, ?, ?, ?)
2021-03-10 22:37:34.386 TRACE 20712 --- [    Test worker] o.h.type.descriptor.sql.BasicBinder      : binding parameter [1] as [VARCHAR] - [타입스크립트]
2021-03-10 22:37:34.386 TRACE 20712 --- [    Test worker] o.h.type.descriptor.sql.BasicBinder      : binding parameter [2] as [BIGINT] - [8]
2021-03-10 22:37:34.386 TRACE 20712 --- [    Test worker] o.h.type.descriptor.sql.BasicBinder      : binding parameter [3] as [VARCHAR] - [TypeScript]
2021-03-10 22:37:34.386 TRACE 20712 --- [    Test worker] o.h.type.descriptor.sql.BasicBinder      : binding parameter [4] as [VARCHAR] - [null]
2021-03-10 22:37:34.386 TRACE 20712 --- [    Test worker] o.h.type.descriptor.sql.BasicBinder      : binding parameter [5] as [BIGINT] - [16]
Hibernate: 
    select
        tag0_.id as id1_6_0_,
        children1_.id as id1_6_1_,
        tag2_.id as id1_6_2_,
        tag0_.first_name as first_na2_6_0_,
        tag0_.parent_id as parent_i5_6_0_,
        tag0_.second_name as second_n3_6_0_,
        tag0_.third_name as third_na4_6_0_,
        children1_.first_name as first_na2_6_1_,
        children1_.parent_id as parent_i5_6_1_,
        children1_.second_name as second_n3_6_1_,
        children1_.third_name as third_na4_6_1_,
        children1_.parent_id as parent_i5_6_0__,
        children1_.id as id1_6_0__,
        tag2_.first_name as first_na2_6_2_,
        tag2_.parent_id as parent_i5_6_2_,
        tag2_.second_name as second_n3_6_2_,
        tag2_.third_name as third_na4_6_2_ 
    from
        tag tag0_ 
    left outer join
        tag children1_ 
            on tag0_.id=children1_.parent_id 
    left outer join
        tag tag2_ 
            on tag0_.parent_id=tag2_.id 
    where
        tag0_.first_name=?
2021-03-10 22:37:34.386 TRACE 20712 --- [    Test worker] o.h.type.descriptor.sql.BasicBinder      : binding parameter [1] as [VARCHAR] - [프로그래밍언어]
2021-03-10 22:37:34.386 TRACE 20712 --- [    Test worker] o.h.type.descriptor.sql.BasicExtractor   : extracted value ([id1_6_0_] : [BIGINT]) - [8]
2021-03-10 22:37:34.386 TRACE 20712 --- [    Test worker] o.h.type.descriptor.sql.BasicExtractor   : extracted value ([id1_6_1_] : [BIGINT]) - [9]
2021-03-10 22:37:34.386 TRACE 20712 --- [    Test worker] o.h.type.descriptor.sql.BasicExtractor   : extracted value ([id1_6_2_] : [BIGINT]) - [null]
2021-03-10 22:37:34.386 TRACE 20712 --- [    Test worker] o.h.type.descriptor.sql.BasicExtractor   : extracted value ([first_na2_6_0_] : [VARCHAR]) - [프로그래밍언어]
2021-03-10 22:37:34.386 TRACE 20712 --- [    Test worker] o.h.type.descriptor.sql.BasicExtractor   : extracted value ([parent_i5_6_0_] : [BIGINT]) - [null]
2021-03-10 22:37:34.401 TRACE 20712 --- [    Test worker] o.h.type.descriptor.sql.BasicExtractor   : extracted value ([second_n3_6_0_] : [VARCHAR]) - [programing]
2021-03-10 22:37:34.401 TRACE 20712 --- [    Test worker] o.h.type.descriptor.sql.BasicExtractor   : extracted value ([third_na4_6_0_] : [VARCHAR]) - [null]
2021-03-10 22:37:34.401 TRACE 20712 --- [    Test worker] o.h.type.descriptor.sql.BasicExtractor   : extracted value ([first_na2_6_1_] : [VARCHAR]) - [javascript]
2021-03-10 22:37:34.401 TRACE 20712 --- [    Test worker] o.h.type.descriptor.sql.BasicExtractor   : extracted value ([parent_i5_6_1_] : [BIGINT]) - [8]
2021-03-10 22:37:34.401 TRACE 20712 --- [    Test worker] o.h.type.descriptor.sql.BasicExtractor   : extracted value ([second_n3_6_1_] : [VARCHAR]) - [자바스크립트]
2021-03-10 22:37:34.401 TRACE 20712 --- [    Test worker] o.h.type.descriptor.sql.BasicExtractor   : extracted value ([third_na4_6_1_] : [VARCHAR]) - [null]
2021-03-10 22:37:34.401 TRACE 20712 --- [    Test worker] o.h.type.descriptor.sql.BasicExtractor   : extracted value ([parent_i5_6_0__] : [BIGINT]) - [8]
2021-03-10 22:37:34.401 TRACE 20712 --- [    Test worker] o.h.type.descriptor.sql.BasicExtractor   : extracted value ([id1_6_0__] : [BIGINT]) - [9]
2021-03-10 22:37:34.401 TRACE 20712 --- [    Test worker] o.h.type.descriptor.sql.BasicExtractor   : extracted value ([id1_6_0_] : [BIGINT]) - [8]
2021-03-10 22:37:34.401 TRACE 20712 --- [    Test worker] o.h.type.descriptor.sql.BasicExtractor   : extracted value ([id1_6_1_] : [BIGINT]) - [10]
2021-03-10 22:37:34.401 TRACE 20712 --- [    Test worker] o.h.type.descriptor.sql.BasicExtractor   : extracted value ([id1_6_2_] : [BIGINT]) - [null]
2021-03-10 22:37:34.401 TRACE 20712 --- [    Test worker] o.h.type.descriptor.sql.BasicExtractor   : extracted value ([first_na2_6_1_] : [VARCHAR]) - [python]
2021-03-10 22:37:34.401 TRACE 20712 --- [    Test worker] o.h.type.descriptor.sql.BasicExtractor   : extracted value ([parent_i5_6_1_] : [BIGINT]) - [8]
2021-03-10 22:37:34.401 TRACE 20712 --- [    Test worker] o.h.type.descriptor.sql.BasicExtractor   : extracted value ([second_n3_6_1_] : [VARCHAR]) - [파이썬]
2021-03-10 22:37:34.401 TRACE 20712 --- [    Test worker] o.h.type.descriptor.sql.BasicExtractor   : extracted value ([third_na4_6_1_] : [VARCHAR]) - [null]
2021-03-10 22:37:34.401 TRACE 20712 --- [    Test worker] o.h.type.descriptor.sql.BasicExtractor   : extracted value ([parent_i5_6_0__] : [BIGINT]) - [8]
2021-03-10 22:37:34.401 TRACE 20712 --- [    Test worker] o.h.type.descriptor.sql.BasicExtractor   : extracted value ([id1_6_0__] : [BIGINT]) - [10]
2021-03-10 22:37:34.401 TRACE 20712 --- [    Test worker] o.h.type.descriptor.sql.BasicExtractor   : extracted value ([id1_6_0_] : [BIGINT]) - [8]
2021-03-10 22:37:34.401 TRACE 20712 --- [    Test worker] o.h.type.descriptor.sql.BasicExtractor   : extracted value ([id1_6_1_] : [BIGINT]) - [11]
2021-03-10 22:37:34.401 TRACE 20712 --- [    Test worker] o.h.type.descriptor.sql.BasicExtractor   : extracted value ([id1_6_2_] : [BIGINT]) - [null]
2021-03-10 22:37:34.401 TRACE 20712 --- [    Test worker] o.h.type.descriptor.sql.BasicExtractor   : extracted value ([first_na2_6_1_] : [VARCHAR]) - [java]
2021-03-10 22:37:34.401 TRACE 20712 --- [    Test worker] o.h.type.descriptor.sql.BasicExtractor   : extracted value ([parent_i5_6_1_] : [BIGINT]) - [8]
2021-03-10 22:37:34.401 TRACE 20712 --- [    Test worker] o.h.type.descriptor.sql.BasicExtractor   : extracted value ([second_n3_6_1_] : [VARCHAR]) - [자바]
2021-03-10 22:37:34.401 TRACE 20712 --- [    Test worker] o.h.type.descriptor.sql.BasicExtractor   : extracted value ([third_na4_6_1_] : [VARCHAR]) - [null]
2021-03-10 22:37:34.401 TRACE 20712 --- [    Test worker] o.h.type.descriptor.sql.BasicExtractor   : extracted value ([parent_i5_6_0__] : [BIGINT]) - [8]
2021-03-10 22:37:34.401 TRACE 20712 --- [    Test worker] o.h.type.descriptor.sql.BasicExtractor   : extracted value ([id1_6_0__] : [BIGINT]) - [11]
2021-03-10 22:37:34.401 TRACE 20712 --- [    Test worker] o.h.type.descriptor.sql.BasicExtractor   : extracted value ([id1_6_0_] : [BIGINT]) - [8]
2021-03-10 22:37:34.401 TRACE 20712 --- [    Test worker] o.h.type.descriptor.sql.BasicExtractor   : extracted value ([id1_6_1_] : [BIGINT]) - [12]
2021-03-10 22:37:34.401 TRACE 20712 --- [    Test worker] o.h.type.descriptor.sql.BasicExtractor   : extracted value ([id1_6_2_] : [BIGINT]) - [null]
2021-03-10 22:37:34.401 TRACE 20712 --- [    Test worker] o.h.type.descriptor.sql.BasicExtractor   : extracted value ([first_na2_6_1_] : [VARCHAR]) - [go]
2021-03-10 22:37:34.401 TRACE 20712 --- [    Test worker] o.h.type.descriptor.sql.BasicExtractor   : extracted value ([parent_i5_6_1_] : [BIGINT]) - [8]
2021-03-10 22:37:34.401 TRACE 20712 --- [    Test worker] o.h.type.descriptor.sql.BasicExtractor   : extracted value ([second_n3_6_1_] : [VARCHAR]) - [고]
2021-03-10 22:37:34.401 TRACE 20712 --- [    Test worker] o.h.type.descriptor.sql.BasicExtractor   : extracted value ([third_na4_6_1_] : [VARCHAR]) - [null]
2021-03-10 22:37:34.401 TRACE 20712 --- [    Test worker] o.h.type.descriptor.sql.BasicExtractor   : extracted value ([parent_i5_6_0__] : [BIGINT]) - [8]
2021-03-10 22:37:34.401 TRACE 20712 --- [    Test worker] o.h.type.descriptor.sql.BasicExtractor   : extracted value ([id1_6_0__] : [BIGINT]) - [12]
2021-03-10 22:37:34.401 TRACE 20712 --- [    Test worker] o.h.type.descriptor.sql.BasicExtractor   : extracted value ([id1_6_0_] : [BIGINT]) - [8]
2021-03-10 22:37:34.401 TRACE 20712 --- [    Test worker] o.h.type.descriptor.sql.BasicExtractor   : extracted value ([id1_6_1_] : [BIGINT]) - [13]
2021-03-10 22:37:34.401 TRACE 20712 --- [    Test worker] o.h.type.descriptor.sql.BasicExtractor   : extracted value ([id1_6_2_] : [BIGINT]) - [null]
2021-03-10 22:37:34.401 TRACE 20712 --- [    Test worker] o.h.type.descriptor.sql.BasicExtractor   : extracted value ([first_na2_6_1_] : [VARCHAR]) - [ruby]
2021-03-10 22:37:34.401 TRACE 20712 --- [    Test worker] o.h.type.descriptor.sql.BasicExtractor   : extracted value ([parent_i5_6_1_] : [BIGINT]) - [8]
2021-03-10 22:37:34.401 TRACE 20712 --- [    Test worker] o.h.type.descriptor.sql.BasicExtractor   : extracted value ([second_n3_6_1_] : [VARCHAR]) - [루비]
2021-03-10 22:37:34.401 TRACE 20712 --- [    Test worker] o.h.type.descriptor.sql.BasicExtractor   : extracted value ([third_na4_6_1_] : [VARCHAR]) - [null]
2021-03-10 22:37:34.401 TRACE 20712 --- [    Test worker] o.h.type.descriptor.sql.BasicExtractor   : extracted value ([parent_i5_6_0__] : [BIGINT]) - [8]
2021-03-10 22:37:34.401 TRACE 20712 --- [    Test worker] o.h.type.descriptor.sql.BasicExtractor   : extracted value ([id1_6_0__] : [BIGINT]) - [13]
2021-03-10 22:37:34.401 TRACE 20712 --- [    Test worker] o.h.type.descriptor.sql.BasicExtractor   : extracted value ([id1_6_0_] : [BIGINT]) - [8]
2021-03-10 22:37:34.401 TRACE 20712 --- [    Test worker] o.h.type.descriptor.sql.BasicExtractor   : extracted value ([id1_6_1_] : [BIGINT]) - [14]
2021-03-10 22:37:34.401 TRACE 20712 --- [    Test worker] o.h.type.descriptor.sql.BasicExtractor   : extracted value ([id1_6_2_] : [BIGINT]) - [null]
2021-03-10 22:37:34.401 TRACE 20712 --- [    Test worker] o.h.type.descriptor.sql.BasicExtractor   : extracted value ([first_na2_6_1_] : [VARCHAR]) - [c++]
2021-03-10 22:37:34.401 TRACE 20712 --- [    Test worker] o.h.type.descriptor.sql.BasicExtractor   : extracted value ([parent_i5_6_1_] : [BIGINT]) - [8]
2021-03-10 22:37:34.401 TRACE 20712 --- [    Test worker] o.h.type.descriptor.sql.BasicExtractor   : extracted value ([second_n3_6_1_] : [VARCHAR]) - [씨플플]
2021-03-10 22:37:34.401 TRACE 20712 --- [    Test worker] o.h.type.descriptor.sql.BasicExtractor   : extracted value ([third_na4_6_1_] : [VARCHAR]) - [null]
2021-03-10 22:37:34.401 TRACE 20712 --- [    Test worker] o.h.type.descriptor.sql.BasicExtractor   : extracted value ([parent_i5_6_0__] : [BIGINT]) - [8]
2021-03-10 22:37:34.401 TRACE 20712 --- [    Test worker] o.h.type.descriptor.sql.BasicExtractor   : extracted value ([id1_6_0__] : [BIGINT]) - [14]
2021-03-10 22:37:34.401 TRACE 20712 --- [    Test worker] o.h.type.descriptor.sql.BasicExtractor   : extracted value ([id1_6_0_] : [BIGINT]) - [8]
2021-03-10 22:37:34.401 TRACE 20712 --- [    Test worker] o.h.type.descriptor.sql.BasicExtractor   : extracted value ([id1_6_1_] : [BIGINT]) - [15]
2021-03-10 22:37:34.401 TRACE 20712 --- [    Test worker] o.h.type.descriptor.sql.BasicExtractor   : extracted value ([id1_6_2_] : [BIGINT]) - [null]
2021-03-10 22:37:34.401 TRACE 20712 --- [    Test worker] o.h.type.descriptor.sql.BasicExtractor   : extracted value ([first_na2_6_1_] : [VARCHAR]) - [php]
2021-03-10 22:37:34.401 TRACE 20712 --- [    Test worker] o.h.type.descriptor.sql.BasicExtractor   : extracted value ([parent_i5_6_1_] : [BIGINT]) - [8]
2021-03-10 22:37:34.401 TRACE 20712 --- [    Test worker] o.h.type.descriptor.sql.BasicExtractor   : extracted value ([second_n3_6_1_] : [VARCHAR]) - [피에이치피]
2021-03-10 22:37:34.401 TRACE 20712 --- [    Test worker] o.h.type.descriptor.sql.BasicExtractor   : extracted value ([third_na4_6_1_] : [VARCHAR]) - [null]
2021-03-10 22:37:34.401 TRACE 20712 --- [    Test worker] o.h.type.descriptor.sql.BasicExtractor   : extracted value ([parent_i5_6_0__] : [BIGINT]) - [8]
2021-03-10 22:37:34.401 TRACE 20712 --- [    Test worker] o.h.type.descriptor.sql.BasicExtractor   : extracted value ([id1_6_0__] : [BIGINT]) - [15]
2021-03-10 22:37:34.401 TRACE 20712 --- [    Test worker] o.h.type.descriptor.sql.BasicExtractor   : extracted value ([id1_6_0_] : [BIGINT]) - [8]
2021-03-10 22:37:34.401 TRACE 20712 --- [    Test worker] o.h.type.descriptor.sql.BasicExtractor   : extracted value ([id1_6_1_] : [BIGINT]) - [16]
2021-03-10 22:37:34.401 TRACE 20712 --- [    Test worker] o.h.type.descriptor.sql.BasicExtractor   : extracted value ([id1_6_2_] : [BIGINT]) - [null]
2021-03-10 22:37:34.401 TRACE 20712 --- [    Test worker] o.h.type.descriptor.sql.BasicExtractor   : extracted value ([first_na2_6_1_] : [VARCHAR]) - [타입스크립트]
2021-03-10 22:37:34.401 TRACE 20712 --- [    Test worker] o.h.type.descriptor.sql.BasicExtractor   : extracted value ([parent_i5_6_1_] : [BIGINT]) - [8]
2021-03-10 22:37:34.401 TRACE 20712 --- [    Test worker] o.h.type.descriptor.sql.BasicExtractor   : extracted value ([second_n3_6_1_] : [VARCHAR]) - [TypeScript]
2021-03-10 22:37:34.401 TRACE 20712 --- [    Test worker] o.h.type.descriptor.sql.BasicExtractor   : extracted value ([third_na4_6_1_] : [VARCHAR]) - [null]
2021-03-10 22:37:34.401 TRACE 20712 --- [    Test worker] o.h.type.descriptor.sql.BasicExtractor   : extracted value ([parent_i5_6_0__] : [BIGINT]) - [8]
2021-03-10 22:37:34.401 TRACE 20712 --- [    Test worker] o.h.type.descriptor.sql.BasicExtractor   : extracted value ([id1_6_0__] : [BIGINT]) - [16]
Hibernate: 
    call next value for hibernate_sequence
Hibernate: 
    insert 
    into
        tag
        (first_name, parent_id, second_name, third_name, id) 
    values
        (?, ?, ?, ?, ?)
2021-03-10 22:37:34.401 TRACE 20712 --- [    Test worker] o.h.type.descriptor.sql.BasicBinder      : binding parameter [1] as [VARCHAR] - [c#]
2021-03-10 22:37:34.401 TRACE 20712 --- [    Test worker] o.h.type.descriptor.sql.BasicBinder      : binding parameter [2] as [BIGINT] - [8]
2021-03-10 22:37:34.401 TRACE 20712 --- [    Test worker] o.h.type.descriptor.sql.BasicBinder      : binding parameter [3] as [VARCHAR] - [씨샾]
2021-03-10 22:37:34.401 TRACE 20712 --- [    Test worker] o.h.type.descriptor.sql.BasicBinder      : binding parameter [4] as [VARCHAR] - [null]
2021-03-10 22:37:34.401 TRACE 20712 --- [    Test worker] o.h.type.descriptor.sql.BasicBinder      : binding parameter [5] as [BIGINT] - [17]
Hibernate: 
    select
        tag0_.id as id1_6_0_,
        children1_.id as id1_6_1_,
        tag2_.id as id1_6_2_,
        tag0_.first_name as first_na2_6_0_,
        tag0_.parent_id as parent_i5_6_0_,
        tag0_.second_name as second_n3_6_0_,
        tag0_.third_name as third_na4_6_0_,
        children1_.first_name as first_na2_6_1_,
        children1_.parent_id as parent_i5_6_1_,
        children1_.second_name as second_n3_6_1_,
        children1_.third_name as third_na4_6_1_,
        children1_.parent_id as parent_i5_6_0__,
        children1_.id as id1_6_0__,
        tag2_.first_name as first_na2_6_2_,
        tag2_.parent_id as parent_i5_6_2_,
        tag2_.second_name as second_n3_6_2_,
        tag2_.third_name as third_na4_6_2_ 
    from
        tag tag0_ 
    left outer join
        tag children1_ 
            on tag0_.id=children1_.parent_id 
    left outer join
        tag tag2_ 
            on tag0_.parent_id=tag2_.id 
    where
        tag0_.first_name=?
2021-03-10 22:37:34.401 TRACE 20712 --- [    Test worker] o.h.type.descriptor.sql.BasicBinder      : binding parameter [1] as [VARCHAR] - [프로그래밍언어]
2021-03-10 22:37:34.401 TRACE 20712 --- [    Test worker] o.h.type.descriptor.sql.BasicExtractor   : extracted value ([id1_6_0_] : [BIGINT]) - [8]
2021-03-10 22:37:34.417 TRACE 20712 --- [    Test worker] o.h.type.descriptor.sql.BasicExtractor   : extracted value ([id1_6_1_] : [BIGINT]) - [9]
2021-03-10 22:37:34.417 TRACE 20712 --- [    Test worker] o.h.type.descriptor.sql.BasicExtractor   : extracted value ([id1_6_2_] : [BIGINT]) - [null]
2021-03-10 22:37:34.417 TRACE 20712 --- [    Test worker] o.h.type.descriptor.sql.BasicExtractor   : extracted value ([first_na2_6_0_] : [VARCHAR]) - [프로그래밍언어]
2021-03-10 22:37:34.417 TRACE 20712 --- [    Test worker] o.h.type.descriptor.sql.BasicExtractor   : extracted value ([parent_i5_6_0_] : [BIGINT]) - [null]
2021-03-10 22:37:34.417 TRACE 20712 --- [    Test worker] o.h.type.descriptor.sql.BasicExtractor   : extracted value ([second_n3_6_0_] : [VARCHAR]) - [programing]
2021-03-10 22:37:34.417 TRACE 20712 --- [    Test worker] o.h.type.descriptor.sql.BasicExtractor   : extracted value ([third_na4_6_0_] : [VARCHAR]) - [null]
2021-03-10 22:37:34.417 TRACE 20712 --- [    Test worker] o.h.type.descriptor.sql.BasicExtractor   : extracted value ([first_na2_6_1_] : [VARCHAR]) - [javascript]
2021-03-10 22:37:34.417 TRACE 20712 --- [    Test worker] o.h.type.descriptor.sql.BasicExtractor   : extracted value ([parent_i5_6_1_] : [BIGINT]) - [8]
2021-03-10 22:37:34.417 TRACE 20712 --- [    Test worker] o.h.type.descriptor.sql.BasicExtractor   : extracted value ([second_n3_6_1_] : [VARCHAR]) - [자바스크립트]
2021-03-10 22:37:34.417 TRACE 20712 --- [    Test worker] o.h.type.descriptor.sql.BasicExtractor   : extracted value ([third_na4_6_1_] : [VARCHAR]) - [null]
2021-03-10 22:37:34.417 TRACE 20712 --- [    Test worker] o.h.type.descriptor.sql.BasicExtractor   : extracted value ([parent_i5_6_0__] : [BIGINT]) - [8]
2021-03-10 22:37:34.417 TRACE 20712 --- [    Test worker] o.h.type.descriptor.sql.BasicExtractor   : extracted value ([id1_6_0__] : [BIGINT]) - [9]
2021-03-10 22:37:34.417 TRACE 20712 --- [    Test worker] o.h.type.descriptor.sql.BasicExtractor   : extracted value ([id1_6_0_] : [BIGINT]) - [8]
2021-03-10 22:37:34.417 TRACE 20712 --- [    Test worker] o.h.type.descriptor.sql.BasicExtractor   : extracted value ([id1_6_1_] : [BIGINT]) - [10]
2021-03-10 22:37:34.417 TRACE 20712 --- [    Test worker] o.h.type.descriptor.sql.BasicExtractor   : extracted value ([id1_6_2_] : [BIGINT]) - [null]
2021-03-10 22:37:34.417 TRACE 20712 --- [    Test worker] o.h.type.descriptor.sql.BasicExtractor   : extracted value ([first_na2_6_1_] : [VARCHAR]) - [python]
2021-03-10 22:37:34.417 TRACE 20712 --- [    Test worker] o.h.type.descriptor.sql.BasicExtractor   : extracted value ([parent_i5_6_1_] : [BIGINT]) - [8]
2021-03-10 22:37:34.417 TRACE 20712 --- [    Test worker] o.h.type.descriptor.sql.BasicExtractor   : extracted value ([second_n3_6_1_] : [VARCHAR]) - [파이썬]
2021-03-10 22:37:34.417 TRACE 20712 --- [    Test worker] o.h.type.descriptor.sql.BasicExtractor   : extracted value ([third_na4_6_1_] : [VARCHAR]) - [null]
2021-03-10 22:37:34.417 TRACE 20712 --- [    Test worker] o.h.type.descriptor.sql.BasicExtractor   : extracted value ([parent_i5_6_0__] : [BIGINT]) - [8]
2021-03-10 22:37:34.417 TRACE 20712 --- [    Test worker] o.h.type.descriptor.sql.BasicExtractor   : extracted value ([id1_6_0__] : [BIGINT]) - [10]
2021-03-10 22:37:34.417 TRACE 20712 --- [    Test worker] o.h.type.descriptor.sql.BasicExtractor   : extracted value ([id1_6_0_] : [BIGINT]) - [8]
2021-03-10 22:37:34.417 TRACE 20712 --- [    Test worker] o.h.type.descriptor.sql.BasicExtractor   : extracted value ([id1_6_1_] : [BIGINT]) - [11]
2021-03-10 22:37:34.417 TRACE 20712 --- [    Test worker] o.h.type.descriptor.sql.BasicExtractor   : extracted value ([id1_6_2_] : [BIGINT]) - [null]
2021-03-10 22:37:34.417 TRACE 20712 --- [    Test worker] o.h.type.descriptor.sql.BasicExtractor   : extracted value ([first_na2_6_1_] : [VARCHAR]) - [java]
2021-03-10 22:37:34.417 TRACE 20712 --- [    Test worker] o.h.type.descriptor.sql.BasicExtractor   : extracted value ([parent_i5_6_1_] : [BIGINT]) - [8]
2021-03-10 22:37:34.417 TRACE 20712 --- [    Test worker] o.h.type.descriptor.sql.BasicExtractor   : extracted value ([second_n3_6_1_] : [VARCHAR]) - [자바]
2021-03-10 22:37:34.417 TRACE 20712 --- [    Test worker] o.h.type.descriptor.sql.BasicExtractor   : extracted value ([third_na4_6_1_] : [VARCHAR]) - [null]
2021-03-10 22:37:34.417 TRACE 20712 --- [    Test worker] o.h.type.descriptor.sql.BasicExtractor   : extracted value ([parent_i5_6_0__] : [BIGINT]) - [8]
2021-03-10 22:37:34.417 TRACE 20712 --- [    Test worker] o.h.type.descriptor.sql.BasicExtractor   : extracted value ([id1_6_0__] : [BIGINT]) - [11]
2021-03-10 22:37:34.417 TRACE 20712 --- [    Test worker] o.h.type.descriptor.sql.BasicExtractor   : extracted value ([id1_6_0_] : [BIGINT]) - [8]
2021-03-10 22:37:34.417 TRACE 20712 --- [    Test worker] o.h.type.descriptor.sql.BasicExtractor   : extracted value ([id1_6_1_] : [BIGINT]) - [12]
2021-03-10 22:37:34.417 TRACE 20712 --- [    Test worker] o.h.type.descriptor.sql.BasicExtractor   : extracted value ([id1_6_2_] : [BIGINT]) - [null]
2021-03-10 22:37:34.417 TRACE 20712 --- [    Test worker] o.h.type.descriptor.sql.BasicExtractor   : extracted value ([first_na2_6_1_] : [VARCHAR]) - [go]
2021-03-10 22:37:34.417 TRACE 20712 --- [    Test worker] o.h.type.descriptor.sql.BasicExtractor   : extracted value ([parent_i5_6_1_] : [BIGINT]) - [8]
2021-03-10 22:37:34.417 TRACE 20712 --- [    Test worker] o.h.type.descriptor.sql.BasicExtractor   : extracted value ([second_n3_6_1_] : [VARCHAR]) - [고]
2021-03-10 22:37:34.417 TRACE 20712 --- [    Test worker] o.h.type.descriptor.sql.BasicExtractor   : extracted value ([third_na4_6_1_] : [VARCHAR]) - [null]
2021-03-10 22:37:34.417 TRACE 20712 --- [    Test worker] o.h.type.descriptor.sql.BasicExtractor   : extracted value ([parent_i5_6_0__] : [BIGINT]) - [8]
2021-03-10 22:37:34.417 TRACE 20712 --- [    Test worker] o.h.type.descriptor.sql.BasicExtractor   : extracted value ([id1_6_0__] : [BIGINT]) - [12]
2021-03-10 22:37:34.417 TRACE 20712 --- [    Test worker] o.h.type.descriptor.sql.BasicExtractor   : extracted value ([id1_6_0_] : [BIGINT]) - [8]
2021-03-10 22:37:34.417 TRACE 20712 --- [    Test worker] o.h.type.descriptor.sql.BasicExtractor   : extracted value ([id1_6_1_] : [BIGINT]) - [13]
2021-03-10 22:37:34.417 TRACE 20712 --- [    Test worker] o.h.type.descriptor.sql.BasicExtractor   : extracted value ([id1_6_2_] : [BIGINT]) - [null]
2021-03-10 22:37:34.417 TRACE 20712 --- [    Test worker] o.h.type.descriptor.sql.BasicExtractor   : extracted value ([first_na2_6_1_] : [VARCHAR]) - [ruby]
2021-03-10 22:37:34.417 TRACE 20712 --- [    Test worker] o.h.type.descriptor.sql.BasicExtractor   : extracted value ([parent_i5_6_1_] : [BIGINT]) - [8]
2021-03-10 22:37:34.417 TRACE 20712 --- [    Test worker] o.h.type.descriptor.sql.BasicExtractor   : extracted value ([second_n3_6_1_] : [VARCHAR]) - [루비]
2021-03-10 22:37:34.417 TRACE 20712 --- [    Test worker] o.h.type.descriptor.sql.BasicExtractor   : extracted value ([third_na4_6_1_] : [VARCHAR]) - [null]
2021-03-10 22:37:34.417 TRACE 20712 --- [    Test worker] o.h.type.descriptor.sql.BasicExtractor   : extracted value ([parent_i5_6_0__] : [BIGINT]) - [8]
2021-03-10 22:37:34.417 TRACE 20712 --- [    Test worker] o.h.type.descriptor.sql.BasicExtractor   : extracted value ([id1_6_0__] : [BIGINT]) - [13]
2021-03-10 22:37:34.417 TRACE 20712 --- [    Test worker] o.h.type.descriptor.sql.BasicExtractor   : extracted value ([id1_6_0_] : [BIGINT]) - [8]
2021-03-10 22:37:34.417 TRACE 20712 --- [    Test worker] o.h.type.descriptor.sql.BasicExtractor   : extracted value ([id1_6_1_] : [BIGINT]) - [14]
2021-03-10 22:37:34.417 TRACE 20712 --- [    Test worker] o.h.type.descriptor.sql.BasicExtractor   : extracted value ([id1_6_2_] : [BIGINT]) - [null]
2021-03-10 22:37:34.417 TRACE 20712 --- [    Test worker] o.h.type.descriptor.sql.BasicExtractor   : extracted value ([first_na2_6_1_] : [VARCHAR]) - [c++]
2021-03-10 22:37:34.417 TRACE 20712 --- [    Test worker] o.h.type.descriptor.sql.BasicExtractor   : extracted value ([parent_i5_6_1_] : [BIGINT]) - [8]
2021-03-10 22:37:34.417 TRACE 20712 --- [    Test worker] o.h.type.descriptor.sql.BasicExtractor   : extracted value ([second_n3_6_1_] : [VARCHAR]) - [씨플플]
2021-03-10 22:37:34.417 TRACE 20712 --- [    Test worker] o.h.type.descriptor.sql.BasicExtractor   : extracted value ([third_na4_6_1_] : [VARCHAR]) - [null]
2021-03-10 22:37:34.417 TRACE 20712 --- [    Test worker] o.h.type.descriptor.sql.BasicExtractor   : extracted value ([parent_i5_6_0__] : [BIGINT]) - [8]
2021-03-10 22:37:34.417 TRACE 20712 --- [    Test worker] o.h.type.descriptor.sql.BasicExtractor   : extracted value ([id1_6_0__] : [BIGINT]) - [14]
2021-03-10 22:37:34.417 TRACE 20712 --- [    Test worker] o.h.type.descriptor.sql.BasicExtractor   : extracted value ([id1_6_0_] : [BIGINT]) - [8]
2021-03-10 22:37:34.417 TRACE 20712 --- [    Test worker] o.h.type.descriptor.sql.BasicExtractor   : extracted value ([id1_6_1_] : [BIGINT]) - [15]
2021-03-10 22:37:34.417 TRACE 20712 --- [    Test worker] o.h.type.descriptor.sql.BasicExtractor   : extracted value ([id1_6_2_] : [BIGINT]) - [null]
2021-03-10 22:37:34.417 TRACE 20712 --- [    Test worker] o.h.type.descriptor.sql.BasicExtractor   : extracted value ([first_na2_6_1_] : [VARCHAR]) - [php]
2021-03-10 22:37:34.417 TRACE 20712 --- [    Test worker] o.h.type.descriptor.sql.BasicExtractor   : extracted value ([parent_i5_6_1_] : [BIGINT]) - [8]
2021-03-10 22:37:34.417 TRACE 20712 --- [    Test worker] o.h.type.descriptor.sql.BasicExtractor   : extracted value ([second_n3_6_1_] : [VARCHAR]) - [피에이치피]
2021-03-10 22:37:34.417 TRACE 20712 --- [    Test worker] o.h.type.descriptor.sql.BasicExtractor   : extracted value ([third_na4_6_1_] : [VARCHAR]) - [null]
2021-03-10 22:37:34.417 TRACE 20712 --- [    Test worker] o.h.type.descriptor.sql.BasicExtractor   : extracted value ([parent_i5_6_0__] : [BIGINT]) - [8]
2021-03-10 22:37:34.417 TRACE 20712 --- [    Test worker] o.h.type.descriptor.sql.BasicExtractor   : extracted value ([id1_6_0__] : [BIGINT]) - [15]
2021-03-10 22:37:34.417 TRACE 20712 --- [    Test worker] o.h.type.descriptor.sql.BasicExtractor   : extracted value ([id1_6_0_] : [BIGINT]) - [8]
2021-03-10 22:37:34.417 TRACE 20712 --- [    Test worker] o.h.type.descriptor.sql.BasicExtractor   : extracted value ([id1_6_1_] : [BIGINT]) - [16]
2021-03-10 22:37:34.417 TRACE 20712 --- [    Test worker] o.h.type.descriptor.sql.BasicExtractor   : extracted value ([id1_6_2_] : [BIGINT]) - [null]
2021-03-10 22:37:34.417 TRACE 20712 --- [    Test worker] o.h.type.descriptor.sql.BasicExtractor   : extracted value ([first_na2_6_1_] : [VARCHAR]) - [타입스크립트]
2021-03-10 22:37:34.417 TRACE 20712 --- [    Test worker] o.h.type.descriptor.sql.BasicExtractor   : extracted value ([parent_i5_6_1_] : [BIGINT]) - [8]
2021-03-10 22:37:34.417 TRACE 20712 --- [    Test worker] o.h.type.descriptor.sql.BasicExtractor   : extracted value ([second_n3_6_1_] : [VARCHAR]) - [TypeScript]
2021-03-10 22:37:34.417 TRACE 20712 --- [    Test worker] o.h.type.descriptor.sql.BasicExtractor   : extracted value ([third_na4_6_1_] : [VARCHAR]) - [null]
2021-03-10 22:37:34.417 TRACE 20712 --- [    Test worker] o.h.type.descriptor.sql.BasicExtractor   : extracted value ([parent_i5_6_0__] : [BIGINT]) - [8]
2021-03-10 22:37:34.417 TRACE 20712 --- [    Test worker] o.h.type.descriptor.sql.BasicExtractor   : extracted value ([id1_6_0__] : [BIGINT]) - [16]
2021-03-10 22:37:34.417 TRACE 20712 --- [    Test worker] o.h.type.descriptor.sql.BasicExtractor   : extracted value ([id1_6_0_] : [BIGINT]) - [8]
2021-03-10 22:37:34.417 TRACE 20712 --- [    Test worker] o.h.type.descriptor.sql.BasicExtractor   : extracted value ([id1_6_1_] : [BIGINT]) - [17]
2021-03-10 22:37:34.417 TRACE 20712 --- [    Test worker] o.h.type.descriptor.sql.BasicExtractor   : extracted value ([id1_6_2_] : [BIGINT]) - [null]
2021-03-10 22:37:34.417 TRACE 20712 --- [    Test worker] o.h.type.descriptor.sql.BasicExtractor   : extracted value ([first_na2_6_1_] : [VARCHAR]) - [c#]
2021-03-10 22:37:34.417 TRACE 20712 --- [    Test worker] o.h.type.descriptor.sql.BasicExtractor   : extracted value ([parent_i5_6_1_] : [BIGINT]) - [8]
2021-03-10 22:37:34.417 TRACE 20712 --- [    Test worker] o.h.type.descriptor.sql.BasicExtractor   : extracted value ([second_n3_6_1_] : [VARCHAR]) - [씨샾]
2021-03-10 22:37:34.417 TRACE 20712 --- [    Test worker] o.h.type.descriptor.sql.BasicExtractor   : extracted value ([third_na4_6_1_] : [VARCHAR]) - [null]
2021-03-10 22:37:34.417 TRACE 20712 --- [    Test worker] o.h.type.descriptor.sql.BasicExtractor   : extracted value ([parent_i5_6_0__] : [BIGINT]) - [8]
2021-03-10 22:37:34.417 TRACE 20712 --- [    Test worker] o.h.type.descriptor.sql.BasicExtractor   : extracted value ([id1_6_0__] : [BIGINT]) - [17]
Hibernate: 
    call next value for hibernate_sequence
Hibernate: 
    insert 
    into
        tag
        (first_name, parent_id, second_name, third_name, id) 
    values
        (?, ?, ?, ?, ?)
2021-03-10 22:37:34.417 TRACE 20712 --- [    Test worker] o.h.type.descriptor.sql.BasicBinder      : binding parameter [1] as [VARCHAR] - [c]
2021-03-10 22:37:34.417 TRACE 20712 --- [    Test worker] o.h.type.descriptor.sql.BasicBinder      : binding parameter [2] as [BIGINT] - [8]
2021-03-10 22:37:34.417 TRACE 20712 --- [    Test worker] o.h.type.descriptor.sql.BasicBinder      : binding parameter [3] as [VARCHAR] - [씨]
2021-03-10 22:37:34.417 TRACE 20712 --- [    Test worker] o.h.type.descriptor.sql.BasicBinder      : binding parameter [4] as [VARCHAR] - [null]
2021-03-10 22:37:34.417 TRACE 20712 --- [    Test worker] o.h.type.descriptor.sql.BasicBinder      : binding parameter [5] as [BIGINT] - [18]
Hibernate: 
    select
        tag0_.id as id1_6_0_,
        children1_.id as id1_6_1_,
        tag2_.id as id1_6_2_,
        tag0_.first_name as first_na2_6_0_,
        tag0_.parent_id as parent_i5_6_0_,
        tag0_.second_name as second_n3_6_0_,
        tag0_.third_name as third_na4_6_0_,
        children1_.first_name as first_na2_6_1_,
        children1_.parent_id as parent_i5_6_1_,
        children1_.second_name as second_n3_6_1_,
        children1_.third_name as third_na4_6_1_,
        children1_.parent_id as parent_i5_6_0__,
        children1_.id as id1_6_0__,
        tag2_.first_name as first_na2_6_2_,
        tag2_.parent_id as parent_i5_6_2_,
        tag2_.second_name as second_n3_6_2_,
        tag2_.third_name as third_na4_6_2_ 
    from
        tag tag0_ 
    left outer join
        tag children1_ 
            on tag0_.id=children1_.parent_id 
    left outer join
        tag tag2_ 
            on tag0_.parent_id=tag2_.id 
    where
        tag0_.first_name=?
2021-03-10 22:37:34.417 TRACE 20712 --- [    Test worker] o.h.type.descriptor.sql.BasicBinder      : binding parameter [1] as [VARCHAR] - [프로그래밍언어]
2021-03-10 22:37:34.417 TRACE 20712 --- [    Test worker] o.h.type.descriptor.sql.BasicExtractor   : extracted value ([id1_6_0_] : [BIGINT]) - [8]
2021-03-10 22:37:34.417 TRACE 20712 --- [    Test worker] o.h.type.descriptor.sql.BasicExtractor   : extracted value ([id1_6_1_] : [BIGINT]) - [9]
2021-03-10 22:37:34.417 TRACE 20712 --- [    Test worker] o.h.type.descriptor.sql.BasicExtractor   : extracted value ([id1_6_2_] : [BIGINT]) - [null]
2021-03-10 22:37:34.417 TRACE 20712 --- [    Test worker] o.h.type.descriptor.sql.BasicExtractor   : extracted value ([first_na2_6_0_] : [VARCHAR]) - [프로그래밍언어]
2021-03-10 22:37:34.417 TRACE 20712 --- [    Test worker] o.h.type.descriptor.sql.BasicExtractor   : extracted value ([parent_i5_6_0_] : [BIGINT]) - [null]
2021-03-10 22:37:34.417 TRACE 20712 --- [    Test worker] o.h.type.descriptor.sql.BasicExtractor   : extracted value ([second_n3_6_0_] : [VARCHAR]) - [programing]
2021-03-10 22:37:34.417 TRACE 20712 --- [    Test worker] o.h.type.descriptor.sql.BasicExtractor   : extracted value ([third_na4_6_0_] : [VARCHAR]) - [null]
2021-03-10 22:37:34.417 TRACE 20712 --- [    Test worker] o.h.type.descriptor.sql.BasicExtractor   : extracted value ([first_na2_6_1_] : [VARCHAR]) - [javascript]
2021-03-10 22:37:34.417 TRACE 20712 --- [    Test worker] o.h.type.descriptor.sql.BasicExtractor   : extracted value ([parent_i5_6_1_] : [BIGINT]) - [8]
2021-03-10 22:37:34.417 TRACE 20712 --- [    Test worker] o.h.type.descriptor.sql.BasicExtractor   : extracted value ([second_n3_6_1_] : [VARCHAR]) - [자바스크립트]
2021-03-10 22:37:34.417 TRACE 20712 --- [    Test worker] o.h.type.descriptor.sql.BasicExtractor   : extracted value ([third_na4_6_1_] : [VARCHAR]) - [null]
2021-03-10 22:37:34.417 TRACE 20712 --- [    Test worker] o.h.type.descriptor.sql.BasicExtractor   : extracted value ([parent_i5_6_0__] : [BIGINT]) - [8]
2021-03-10 22:37:34.417 TRACE 20712 --- [    Test worker] o.h.type.descriptor.sql.BasicExtractor   : extracted value ([id1_6_0__] : [BIGINT]) - [9]
2021-03-10 22:37:34.417 TRACE 20712 --- [    Test worker] o.h.type.descriptor.sql.BasicExtractor   : extracted value ([id1_6_0_] : [BIGINT]) - [8]
2021-03-10 22:37:34.417 TRACE 20712 --- [    Test worker] o.h.type.descriptor.sql.BasicExtractor   : extracted value ([id1_6_1_] : [BIGINT]) - [10]
2021-03-10 22:37:34.417 TRACE 20712 --- [    Test worker] o.h.type.descriptor.sql.BasicExtractor   : extracted value ([id1_6_2_] : [BIGINT]) - [null]
2021-03-10 22:37:34.417 TRACE 20712 --- [    Test worker] o.h.type.descriptor.sql.BasicExtractor   : extracted value ([first_na2_6_1_] : [VARCHAR]) - [python]
2021-03-10 22:37:34.417 TRACE 20712 --- [    Test worker] o.h.type.descriptor.sql.BasicExtractor   : extracted value ([parent_i5_6_1_] : [BIGINT]) - [8]
2021-03-10 22:37:34.417 TRACE 20712 --- [    Test worker] o.h.type.descriptor.sql.BasicExtractor   : extracted value ([second_n3_6_1_] : [VARCHAR]) - [파이썬]
2021-03-10 22:37:34.417 TRACE 20712 --- [    Test worker] o.h.type.descriptor.sql.BasicExtractor   : extracted value ([third_na4_6_1_] : [VARCHAR]) - [null]
2021-03-10 22:37:34.417 TRACE 20712 --- [    Test worker] o.h.type.descriptor.sql.BasicExtractor   : extracted value ([parent_i5_6_0__] : [BIGINT]) - [8]
2021-03-10 22:37:34.417 TRACE 20712 --- [    Test worker] o.h.type.descriptor.sql.BasicExtractor   : extracted value ([id1_6_0__] : [BIGINT]) - [10]
2021-03-10 22:37:34.417 TRACE 20712 --- [    Test worker] o.h.type.descriptor.sql.BasicExtractor   : extracted value ([id1_6_0_] : [BIGINT]) - [8]
2021-03-10 22:37:34.417 TRACE 20712 --- [    Test worker] o.h.type.descriptor.sql.BasicExtractor   : extracted value ([id1_6_1_] : [BIGINT]) - [11]
2021-03-10 22:37:34.417 TRACE 20712 --- [    Test worker] o.h.type.descriptor.sql.BasicExtractor   : extracted value ([id1_6_2_] : [BIGINT]) - [null]
2021-03-10 22:37:34.417 TRACE 20712 --- [    Test worker] o.h.type.descriptor.sql.BasicExtractor   : extracted value ([first_na2_6_1_] : [VARCHAR]) - [java]
2021-03-10 22:37:34.417 TRACE 20712 --- [    Test worker] o.h.type.descriptor.sql.BasicExtractor   : extracted value ([parent_i5_6_1_] : [BIGINT]) - [8]
2021-03-10 22:37:34.417 TRACE 20712 --- [    Test worker] o.h.type.descriptor.sql.BasicExtractor   : extracted value ([second_n3_6_1_] : [VARCHAR]) - [자바]
2021-03-10 22:37:34.417 TRACE 20712 --- [    Test worker] o.h.type.descriptor.sql.BasicExtractor   : extracted value ([third_na4_6_1_] : [VARCHAR]) - [null]
2021-03-10 22:37:34.417 TRACE 20712 --- [    Test worker] o.h.type.descriptor.sql.BasicExtractor   : extracted value ([parent_i5_6_0__] : [BIGINT]) - [8]
2021-03-10 22:37:34.432 TRACE 20712 --- [    Test worker] o.h.type.descriptor.sql.BasicExtractor   : extracted value ([id1_6_0__] : [BIGINT]) - [11]
2021-03-10 22:37:34.432 TRACE 20712 --- [    Test worker] o.h.type.descriptor.sql.BasicExtractor   : extracted value ([id1_6_0_] : [BIGINT]) - [8]
2021-03-10 22:37:34.432 TRACE 20712 --- [    Test worker] o.h.type.descriptor.sql.BasicExtractor   : extracted value ([id1_6_1_] : [BIGINT]) - [12]
2021-03-10 22:37:34.432 TRACE 20712 --- [    Test worker] o.h.type.descriptor.sql.BasicExtractor   : extracted value ([id1_6_2_] : [BIGINT]) - [null]
2021-03-10 22:37:34.432 TRACE 20712 --- [    Test worker] o.h.type.descriptor.sql.BasicExtractor   : extracted value ([first_na2_6_1_] : [VARCHAR]) - [go]
2021-03-10 22:37:34.432 TRACE 20712 --- [    Test worker] o.h.type.descriptor.sql.BasicExtractor   : extracted value ([parent_i5_6_1_] : [BIGINT]) - [8]
2021-03-10 22:37:34.432 TRACE 20712 --- [    Test worker] o.h.type.descriptor.sql.BasicExtractor   : extracted value ([second_n3_6_1_] : [VARCHAR]) - [고]
2021-03-10 22:37:34.432 TRACE 20712 --- [    Test worker] o.h.type.descriptor.sql.BasicExtractor   : extracted value ([third_na4_6_1_] : [VARCHAR]) - [null]
2021-03-10 22:37:34.432 TRACE 20712 --- [    Test worker] o.h.type.descriptor.sql.BasicExtractor   : extracted value ([parent_i5_6_0__] : [BIGINT]) - [8]
2021-03-10 22:37:34.432 TRACE 20712 --- [    Test worker] o.h.type.descriptor.sql.BasicExtractor   : extracted value ([id1_6_0__] : [BIGINT]) - [12]
2021-03-10 22:37:34.432 TRACE 20712 --- [    Test worker] o.h.type.descriptor.sql.BasicExtractor   : extracted value ([id1_6_0_] : [BIGINT]) - [8]
2021-03-10 22:37:34.432 TRACE 20712 --- [    Test worker] o.h.type.descriptor.sql.BasicExtractor   : extracted value ([id1_6_1_] : [BIGINT]) - [13]
2021-03-10 22:37:34.432 TRACE 20712 --- [    Test worker] o.h.type.descriptor.sql.BasicExtractor   : extracted value ([id1_6_2_] : [BIGINT]) - [null]
2021-03-10 22:37:34.432 TRACE 20712 --- [    Test worker] o.h.type.descriptor.sql.BasicExtractor   : extracted value ([first_na2_6_1_] : [VARCHAR]) - [ruby]
2021-03-10 22:37:34.432 TRACE 20712 --- [    Test worker] o.h.type.descriptor.sql.BasicExtractor   : extracted value ([parent_i5_6_1_] : [BIGINT]) - [8]
2021-03-10 22:37:34.432 TRACE 20712 --- [    Test worker] o.h.type.descriptor.sql.BasicExtractor   : extracted value ([second_n3_6_1_] : [VARCHAR]) - [루비]
2021-03-10 22:37:34.432 TRACE 20712 --- [    Test worker] o.h.type.descriptor.sql.BasicExtractor   : extracted value ([third_na4_6_1_] : [VARCHAR]) - [null]
2021-03-10 22:37:34.432 TRACE 20712 --- [    Test worker] o.h.type.descriptor.sql.BasicExtractor   : extracted value ([parent_i5_6_0__] : [BIGINT]) - [8]
2021-03-10 22:37:34.432 TRACE 20712 --- [    Test worker] o.h.type.descriptor.sql.BasicExtractor   : extracted value ([id1_6_0__] : [BIGINT]) - [13]
2021-03-10 22:37:34.432 TRACE 20712 --- [    Test worker] o.h.type.descriptor.sql.BasicExtractor   : extracted value ([id1_6_0_] : [BIGINT]) - [8]
2021-03-10 22:37:34.432 TRACE 20712 --- [    Test worker] o.h.type.descriptor.sql.BasicExtractor   : extracted value ([id1_6_1_] : [BIGINT]) - [14]
2021-03-10 22:37:34.432 TRACE 20712 --- [    Test worker] o.h.type.descriptor.sql.BasicExtractor   : extracted value ([id1_6_2_] : [BIGINT]) - [null]
2021-03-10 22:37:34.432 TRACE 20712 --- [    Test worker] o.h.type.descriptor.sql.BasicExtractor   : extracted value ([first_na2_6_1_] : [VARCHAR]) - [c++]
2021-03-10 22:37:34.432 TRACE 20712 --- [    Test worker] o.h.type.descriptor.sql.BasicExtractor   : extracted value ([parent_i5_6_1_] : [BIGINT]) - [8]
2021-03-10 22:37:34.432 TRACE 20712 --- [    Test worker] o.h.type.descriptor.sql.BasicExtractor   : extracted value ([second_n3_6_1_] : [VARCHAR]) - [씨플플]
2021-03-10 22:37:34.432 TRACE 20712 --- [    Test worker] o.h.type.descriptor.sql.BasicExtractor   : extracted value ([third_na4_6_1_] : [VARCHAR]) - [null]
2021-03-10 22:37:34.432 TRACE 20712 --- [    Test worker] o.h.type.descriptor.sql.BasicExtractor   : extracted value ([parent_i5_6_0__] : [BIGINT]) - [8]
2021-03-10 22:37:34.432 TRACE 20712 --- [    Test worker] o.h.type.descriptor.sql.BasicExtractor   : extracted value ([id1_6_0__] : [BIGINT]) - [14]
2021-03-10 22:37:34.432 TRACE 20712 --- [    Test worker] o.h.type.descriptor.sql.BasicExtractor   : extracted value ([id1_6_0_] : [BIGINT]) - [8]
2021-03-10 22:37:34.432 TRACE 20712 --- [    Test worker] o.h.type.descriptor.sql.BasicExtractor   : extracted value ([id1_6_1_] : [BIGINT]) - [15]
2021-03-10 22:37:34.432 TRACE 20712 --- [    Test worker] o.h.type.descriptor.sql.BasicExtractor   : extracted value ([id1_6_2_] : [BIGINT]) - [null]
2021-03-10 22:37:34.432 TRACE 20712 --- [    Test worker] o.h.type.descriptor.sql.BasicExtractor   : extracted value ([first_na2_6_1_] : [VARCHAR]) - [php]
2021-03-10 22:37:34.432 TRACE 20712 --- [    Test worker] o.h.type.descriptor.sql.BasicExtractor   : extracted value ([parent_i5_6_1_] : [BIGINT]) - [8]
2021-03-10 22:37:34.432 TRACE 20712 --- [    Test worker] o.h.type.descriptor.sql.BasicExtractor   : extracted value ([second_n3_6_1_] : [VARCHAR]) - [피에이치피]
2021-03-10 22:37:34.432 TRACE 20712 --- [    Test worker] o.h.type.descriptor.sql.BasicExtractor   : extracted value ([third_na4_6_1_] : [VARCHAR]) - [null]
2021-03-10 22:37:34.432 TRACE 20712 --- [    Test worker] o.h.type.descriptor.sql.BasicExtractor   : extracted value ([parent_i5_6_0__] : [BIGINT]) - [8]
2021-03-10 22:37:34.432 TRACE 20712 --- [    Test worker] o.h.type.descriptor.sql.BasicExtractor   : extracted value ([id1_6_0__] : [BIGINT]) - [15]
2021-03-10 22:37:34.432 TRACE 20712 --- [    Test worker] o.h.type.descriptor.sql.BasicExtractor   : extracted value ([id1_6_0_] : [BIGINT]) - [8]
2021-03-10 22:37:34.432 TRACE 20712 --- [    Test worker] o.h.type.descriptor.sql.BasicExtractor   : extracted value ([id1_6_1_] : [BIGINT]) - [16]
2021-03-10 22:37:34.432 TRACE 20712 --- [    Test worker] o.h.type.descriptor.sql.BasicExtractor   : extracted value ([id1_6_2_] : [BIGINT]) - [null]
2021-03-10 22:37:34.432 TRACE 20712 --- [    Test worker] o.h.type.descriptor.sql.BasicExtractor   : extracted value ([first_na2_6_1_] : [VARCHAR]) - [타입스크립트]
2021-03-10 22:37:34.432 TRACE 20712 --- [    Test worker] o.h.type.descriptor.sql.BasicExtractor   : extracted value ([parent_i5_6_1_] : [BIGINT]) - [8]
2021-03-10 22:37:34.432 TRACE 20712 --- [    Test worker] o.h.type.descriptor.sql.BasicExtractor   : extracted value ([second_n3_6_1_] : [VARCHAR]) - [TypeScript]
2021-03-10 22:37:34.432 TRACE 20712 --- [    Test worker] o.h.type.descriptor.sql.BasicExtractor   : extracted value ([third_na4_6_1_] : [VARCHAR]) - [null]
2021-03-10 22:37:34.432 TRACE 20712 --- [    Test worker] o.h.type.descriptor.sql.BasicExtractor   : extracted value ([parent_i5_6_0__] : [BIGINT]) - [8]
2021-03-10 22:37:34.432 TRACE 20712 --- [    Test worker] o.h.type.descriptor.sql.BasicExtractor   : extracted value ([id1_6_0__] : [BIGINT]) - [16]
2021-03-10 22:37:34.432 TRACE 20712 --- [    Test worker] o.h.type.descriptor.sql.BasicExtractor   : extracted value ([id1_6_0_] : [BIGINT]) - [8]
2021-03-10 22:37:34.432 TRACE 20712 --- [    Test worker] o.h.type.descriptor.sql.BasicExtractor   : extracted value ([id1_6_1_] : [BIGINT]) - [17]
2021-03-10 22:37:34.432 TRACE 20712 --- [    Test worker] o.h.type.descriptor.sql.BasicExtractor   : extracted value ([id1_6_2_] : [BIGINT]) - [null]
2021-03-10 22:37:34.432 TRACE 20712 --- [    Test worker] o.h.type.descriptor.sql.BasicExtractor   : extracted value ([first_na2_6_1_] : [VARCHAR]) - [c#]
2021-03-10 22:37:34.432 TRACE 20712 --- [    Test worker] o.h.type.descriptor.sql.BasicExtractor   : extracted value ([parent_i5_6_1_] : [BIGINT]) - [8]
2021-03-10 22:37:34.432 TRACE 20712 --- [    Test worker] o.h.type.descriptor.sql.BasicExtractor   : extracted value ([second_n3_6_1_] : [VARCHAR]) - [씨샾]
2021-03-10 22:37:34.432 TRACE 20712 --- [    Test worker] o.h.type.descriptor.sql.BasicExtractor   : extracted value ([third_na4_6_1_] : [VARCHAR]) - [null]
2021-03-10 22:37:34.432 TRACE 20712 --- [    Test worker] o.h.type.descriptor.sql.BasicExtractor   : extracted value ([parent_i5_6_0__] : [BIGINT]) - [8]
2021-03-10 22:37:34.432 TRACE 20712 --- [    Test worker] o.h.type.descriptor.sql.BasicExtractor   : extracted value ([id1_6_0__] : [BIGINT]) - [17]
2021-03-10 22:37:34.432 TRACE 20712 --- [    Test worker] o.h.type.descriptor.sql.BasicExtractor   : extracted value ([id1_6_0_] : [BIGINT]) - [8]
2021-03-10 22:37:34.432 TRACE 20712 --- [    Test worker] o.h.type.descriptor.sql.BasicExtractor   : extracted value ([id1_6_1_] : [BIGINT]) - [18]
2021-03-10 22:37:34.432 TRACE 20712 --- [    Test worker] o.h.type.descriptor.sql.BasicExtractor   : extracted value ([id1_6_2_] : [BIGINT]) - [null]
2021-03-10 22:37:34.432 TRACE 20712 --- [    Test worker] o.h.type.descriptor.sql.BasicExtractor   : extracted value ([first_na2_6_1_] : [VARCHAR]) - [c]
2021-03-10 22:37:34.432 TRACE 20712 --- [    Test worker] o.h.type.descriptor.sql.BasicExtractor   : extracted value ([parent_i5_6_1_] : [BIGINT]) - [8]
2021-03-10 22:37:34.432 TRACE 20712 --- [    Test worker] o.h.type.descriptor.sql.BasicExtractor   : extracted value ([second_n3_6_1_] : [VARCHAR]) - [씨]
2021-03-10 22:37:34.432 TRACE 20712 --- [    Test worker] o.h.type.descriptor.sql.BasicExtractor   : extracted value ([third_na4_6_1_] : [VARCHAR]) - [null]
2021-03-10 22:37:34.432 TRACE 20712 --- [    Test worker] o.h.type.descriptor.sql.BasicExtractor   : extracted value ([parent_i5_6_0__] : [BIGINT]) - [8]
2021-03-10 22:37:34.432 TRACE 20712 --- [    Test worker] o.h.type.descriptor.sql.BasicExtractor   : extracted value ([id1_6_0__] : [BIGINT]) - [18]
Hibernate: 
    call next value for hibernate_sequence
Hibernate: 
    insert 
    into
        tag
        (first_name, parent_id, second_name, third_name, id) 
    values
        (?, ?, ?, ?, ?)
2021-03-10 22:37:34.432 TRACE 20712 --- [    Test worker] o.h.type.descriptor.sql.BasicBinder      : binding parameter [1] as [VARCHAR] - [shell]
2021-03-10 22:37:34.432 TRACE 20712 --- [    Test worker] o.h.type.descriptor.sql.BasicBinder      : binding parameter [2] as [BIGINT] - [8]
2021-03-10 22:37:34.432 TRACE 20712 --- [    Test worker] o.h.type.descriptor.sql.BasicBinder      : binding parameter [3] as [VARCHAR] - [쉘]
2021-03-10 22:37:34.432 TRACE 20712 --- [    Test worker] o.h.type.descriptor.sql.BasicBinder      : binding parameter [4] as [VARCHAR] - [null]
2021-03-10 22:37:34.432 TRACE 20712 --- [    Test worker] o.h.type.descriptor.sql.BasicBinder      : binding parameter [5] as [BIGINT] - [19]
Hibernate: 
    select
        tag0_.id as id1_6_0_,
        children1_.id as id1_6_1_,
        tag2_.id as id1_6_2_,
        tag0_.first_name as first_na2_6_0_,
        tag0_.parent_id as parent_i5_6_0_,
        tag0_.second_name as second_n3_6_0_,
        tag0_.third_name as third_na4_6_0_,
        children1_.first_name as first_na2_6_1_,
        children1_.parent_id as parent_i5_6_1_,
        children1_.second_name as second_n3_6_1_,
        children1_.third_name as third_na4_6_1_,
        children1_.parent_id as parent_i5_6_0__,
        children1_.id as id1_6_0__,
        tag2_.first_name as first_na2_6_2_,
        tag2_.parent_id as parent_i5_6_2_,
        tag2_.second_name as second_n3_6_2_,
        tag2_.third_name as third_na4_6_2_ 
    from
        tag tag0_ 
    left outer join
        tag children1_ 
            on tag0_.id=children1_.parent_id 
    left outer join
        tag tag2_ 
            on tag0_.parent_id=tag2_.id 
    where
        tag0_.first_name=?
2021-03-10 22:37:34.432 TRACE 20712 --- [    Test worker] o.h.type.descriptor.sql.BasicBinder      : binding parameter [1] as [VARCHAR] - [프로그래밍언어]
2021-03-10 22:37:34.432 TRACE 20712 --- [    Test worker] o.h.type.descriptor.sql.BasicExtractor   : extracted value ([id1_6_0_] : [BIGINT]) - [8]
2021-03-10 22:37:34.432 TRACE 20712 --- [    Test worker] o.h.type.descriptor.sql.BasicExtractor   : extracted value ([id1_6_1_] : [BIGINT]) - [9]
2021-03-10 22:37:34.432 TRACE 20712 --- [    Test worker] o.h.type.descriptor.sql.BasicExtractor   : extracted value ([id1_6_2_] : [BIGINT]) - [null]
2021-03-10 22:37:34.432 TRACE 20712 --- [    Test worker] o.h.type.descriptor.sql.BasicExtractor   : extracted value ([first_na2_6_0_] : [VARCHAR]) - [프로그래밍언어]
2021-03-10 22:37:34.432 TRACE 20712 --- [    Test worker] o.h.type.descriptor.sql.BasicExtractor   : extracted value ([parent_i5_6_0_] : [BIGINT]) - [null]
2021-03-10 22:37:34.432 TRACE 20712 --- [    Test worker] o.h.type.descriptor.sql.BasicExtractor   : extracted value ([second_n3_6_0_] : [VARCHAR]) - [programing]
2021-03-10 22:37:34.432 TRACE 20712 --- [    Test worker] o.h.type.descriptor.sql.BasicExtractor   : extracted value ([third_na4_6_0_] : [VARCHAR]) - [null]
2021-03-10 22:37:34.432 TRACE 20712 --- [    Test worker] o.h.type.descriptor.sql.BasicExtractor   : extracted value ([first_na2_6_1_] : [VARCHAR]) - [javascript]
2021-03-10 22:37:34.432 TRACE 20712 --- [    Test worker] o.h.type.descriptor.sql.BasicExtractor   : extracted value ([parent_i5_6_1_] : [BIGINT]) - [8]
2021-03-10 22:37:34.432 TRACE 20712 --- [    Test worker] o.h.type.descriptor.sql.BasicExtractor   : extracted value ([second_n3_6_1_] : [VARCHAR]) - [자바스크립트]
2021-03-10 22:37:34.432 TRACE 20712 --- [    Test worker] o.h.type.descriptor.sql.BasicExtractor   : extracted value ([third_na4_6_1_] : [VARCHAR]) - [null]
2021-03-10 22:37:34.432 TRACE 20712 --- [    Test worker] o.h.type.descriptor.sql.BasicExtractor   : extracted value ([parent_i5_6_0__] : [BIGINT]) - [8]
2021-03-10 22:37:34.432 TRACE 20712 --- [    Test worker] o.h.type.descriptor.sql.BasicExtractor   : extracted value ([id1_6_0__] : [BIGINT]) - [9]
2021-03-10 22:37:34.432 TRACE 20712 --- [    Test worker] o.h.type.descriptor.sql.BasicExtractor   : extracted value ([id1_6_0_] : [BIGINT]) - [8]
2021-03-10 22:37:34.432 TRACE 20712 --- [    Test worker] o.h.type.descriptor.sql.BasicExtractor   : extracted value ([id1_6_1_] : [BIGINT]) - [10]
2021-03-10 22:37:34.432 TRACE 20712 --- [    Test worker] o.h.type.descriptor.sql.BasicExtractor   : extracted value ([id1_6_2_] : [BIGINT]) - [null]
2021-03-10 22:37:34.432 TRACE 20712 --- [    Test worker] o.h.type.descriptor.sql.BasicExtractor   : extracted value ([first_na2_6_1_] : [VARCHAR]) - [python]
2021-03-10 22:37:34.432 TRACE 20712 --- [    Test worker] o.h.type.descriptor.sql.BasicExtractor   : extracted value ([parent_i5_6_1_] : [BIGINT]) - [8]
2021-03-10 22:37:34.432 TRACE 20712 --- [    Test worker] o.h.type.descriptor.sql.BasicExtractor   : extracted value ([second_n3_6_1_] : [VARCHAR]) - [파이썬]
2021-03-10 22:37:34.432 TRACE 20712 --- [    Test worker] o.h.type.descriptor.sql.BasicExtractor   : extracted value ([third_na4_6_1_] : [VARCHAR]) - [null]
2021-03-10 22:37:34.432 TRACE 20712 --- [    Test worker] o.h.type.descriptor.sql.BasicExtractor   : extracted value ([parent_i5_6_0__] : [BIGINT]) - [8]
2021-03-10 22:37:34.432 TRACE 20712 --- [    Test worker] o.h.type.descriptor.sql.BasicExtractor   : extracted value ([id1_6_0__] : [BIGINT]) - [10]
2021-03-10 22:37:34.432 TRACE 20712 --- [    Test worker] o.h.type.descriptor.sql.BasicExtractor   : extracted value ([id1_6_0_] : [BIGINT]) - [8]
2021-03-10 22:37:34.432 TRACE 20712 --- [    Test worker] o.h.type.descriptor.sql.BasicExtractor   : extracted value ([id1_6_1_] : [BIGINT]) - [11]
2021-03-10 22:37:34.432 TRACE 20712 --- [    Test worker] o.h.type.descriptor.sql.BasicExtractor   : extracted value ([id1_6_2_] : [BIGINT]) - [null]
2021-03-10 22:37:34.432 TRACE 20712 --- [    Test worker] o.h.type.descriptor.sql.BasicExtractor   : extracted value ([first_na2_6_1_] : [VARCHAR]) - [java]
2021-03-10 22:37:34.432 TRACE 20712 --- [    Test worker] o.h.type.descriptor.sql.BasicExtractor   : extracted value ([parent_i5_6_1_] : [BIGINT]) - [8]
2021-03-10 22:37:34.432 TRACE 20712 --- [    Test worker] o.h.type.descriptor.sql.BasicExtractor   : extracted value ([second_n3_6_1_] : [VARCHAR]) - [자바]
2021-03-10 22:37:34.432 TRACE 20712 --- [    Test worker] o.h.type.descriptor.sql.BasicExtractor   : extracted value ([third_na4_6_1_] : [VARCHAR]) - [null]
2021-03-10 22:37:34.448 TRACE 20712 --- [    Test worker] o.h.type.descriptor.sql.BasicExtractor   : extracted value ([parent_i5_6_0__] : [BIGINT]) - [8]
2021-03-10 22:37:34.448 TRACE 20712 --- [    Test worker] o.h.type.descriptor.sql.BasicExtractor   : extracted value ([id1_6_0__] : [BIGINT]) - [11]
2021-03-10 22:37:34.448 TRACE 20712 --- [    Test worker] o.h.type.descriptor.sql.BasicExtractor   : extracted value ([id1_6_0_] : [BIGINT]) - [8]
2021-03-10 22:37:34.448 TRACE 20712 --- [    Test worker] o.h.type.descriptor.sql.BasicExtractor   : extracted value ([id1_6_1_] : [BIGINT]) - [12]
2021-03-10 22:37:34.448 TRACE 20712 --- [    Test worker] o.h.type.descriptor.sql.BasicExtractor   : extracted value ([id1_6_2_] : [BIGINT]) - [null]
2021-03-10 22:37:34.448 TRACE 20712 --- [    Test worker] o.h.type.descriptor.sql.BasicExtractor   : extracted value ([first_na2_6_1_] : [VARCHAR]) - [go]
2021-03-10 22:37:34.448 TRACE 20712 --- [    Test worker] o.h.type.descriptor.sql.BasicExtractor   : extracted value ([parent_i5_6_1_] : [BIGINT]) - [8]
2021-03-10 22:37:34.448 TRACE 20712 --- [    Test worker] o.h.type.descriptor.sql.BasicExtractor   : extracted value ([second_n3_6_1_] : [VARCHAR]) - [고]
2021-03-10 22:37:34.448 TRACE 20712 --- [    Test worker] o.h.type.descriptor.sql.BasicExtractor   : extracted value ([third_na4_6_1_] : [VARCHAR]) - [null]
2021-03-10 22:37:34.448 TRACE 20712 --- [    Test worker] o.h.type.descriptor.sql.BasicExtractor   : extracted value ([parent_i5_6_0__] : [BIGINT]) - [8]
2021-03-10 22:37:34.448 TRACE 20712 --- [    Test worker] o.h.type.descriptor.sql.BasicExtractor   : extracted value ([id1_6_0__] : [BIGINT]) - [12]
2021-03-10 22:37:34.448 TRACE 20712 --- [    Test worker] o.h.type.descriptor.sql.BasicExtractor   : extracted value ([id1_6_0_] : [BIGINT]) - [8]
2021-03-10 22:37:34.448 TRACE 20712 --- [    Test worker] o.h.type.descriptor.sql.BasicExtractor   : extracted value ([id1_6_1_] : [BIGINT]) - [13]
2021-03-10 22:37:34.448 TRACE 20712 --- [    Test worker] o.h.type.descriptor.sql.BasicExtractor   : extracted value ([id1_6_2_] : [BIGINT]) - [null]
2021-03-10 22:37:34.448 TRACE 20712 --- [    Test worker] o.h.type.descriptor.sql.BasicExtractor   : extracted value ([first_na2_6_1_] : [VARCHAR]) - [ruby]
2021-03-10 22:37:34.448 TRACE 20712 --- [    Test worker] o.h.type.descriptor.sql.BasicExtractor   : extracted value ([parent_i5_6_1_] : [BIGINT]) - [8]
2021-03-10 22:37:34.448 TRACE 20712 --- [    Test worker] o.h.type.descriptor.sql.BasicExtractor   : extracted value ([second_n3_6_1_] : [VARCHAR]) - [루비]
2021-03-10 22:37:34.448 TRACE 20712 --- [    Test worker] o.h.type.descriptor.sql.BasicExtractor   : extracted value ([third_na4_6_1_] : [VARCHAR]) - [null]
2021-03-10 22:37:34.448 TRACE 20712 --- [    Test worker] o.h.type.descriptor.sql.BasicExtractor   : extracted value ([parent_i5_6_0__] : [BIGINT]) - [8]
2021-03-10 22:37:34.448 TRACE 20712 --- [    Test worker] o.h.type.descriptor.sql.BasicExtractor   : extracted value ([id1_6_0__] : [BIGINT]) - [13]
2021-03-10 22:37:34.448 TRACE 20712 --- [    Test worker] o.h.type.descriptor.sql.BasicExtractor   : extracted value ([id1_6_0_] : [BIGINT]) - [8]
2021-03-10 22:37:34.448 TRACE 20712 --- [    Test worker] o.h.type.descriptor.sql.BasicExtractor   : extracted value ([id1_6_1_] : [BIGINT]) - [14]
2021-03-10 22:37:34.448 TRACE 20712 --- [    Test worker] o.h.type.descriptor.sql.BasicExtractor   : extracted value ([id1_6_2_] : [BIGINT]) - [null]
2021-03-10 22:37:34.448 TRACE 20712 --- [    Test worker] o.h.type.descriptor.sql.BasicExtractor   : extracted value ([first_na2_6_1_] : [VARCHAR]) - [c++]
2021-03-10 22:37:34.448 TRACE 20712 --- [    Test worker] o.h.type.descriptor.sql.BasicExtractor   : extracted value ([parent_i5_6_1_] : [BIGINT]) - [8]
2021-03-10 22:37:34.448 TRACE 20712 --- [    Test worker] o.h.type.descriptor.sql.BasicExtractor   : extracted value ([second_n3_6_1_] : [VARCHAR]) - [씨플플]
2021-03-10 22:37:34.448 TRACE 20712 --- [    Test worker] o.h.type.descriptor.sql.BasicExtractor   : extracted value ([third_na4_6_1_] : [VARCHAR]) - [null]
2021-03-10 22:37:34.448 TRACE 20712 --- [    Test worker] o.h.type.descriptor.sql.BasicExtractor   : extracted value ([parent_i5_6_0__] : [BIGINT]) - [8]
2021-03-10 22:37:34.448 TRACE 20712 --- [    Test worker] o.h.type.descriptor.sql.BasicExtractor   : extracted value ([id1_6_0__] : [BIGINT]) - [14]
2021-03-10 22:37:34.448 TRACE 20712 --- [    Test worker] o.h.type.descriptor.sql.BasicExtractor   : extracted value ([id1_6_0_] : [BIGINT]) - [8]
2021-03-10 22:37:34.448 TRACE 20712 --- [    Test worker] o.h.type.descriptor.sql.BasicExtractor   : extracted value ([id1_6_1_] : [BIGINT]) - [15]
2021-03-10 22:37:34.448 TRACE 20712 --- [    Test worker] o.h.type.descriptor.sql.BasicExtractor   : extracted value ([id1_6_2_] : [BIGINT]) - [null]
2021-03-10 22:37:34.448 TRACE 20712 --- [    Test worker] o.h.type.descriptor.sql.BasicExtractor   : extracted value ([first_na2_6_1_] : [VARCHAR]) - [php]
2021-03-10 22:37:34.448 TRACE 20712 --- [    Test worker] o.h.type.descriptor.sql.BasicExtractor   : extracted value ([parent_i5_6_1_] : [BIGINT]) - [8]
2021-03-10 22:37:34.448 TRACE 20712 --- [    Test worker] o.h.type.descriptor.sql.BasicExtractor   : extracted value ([second_n3_6_1_] : [VARCHAR]) - [피에이치피]
2021-03-10 22:37:34.448 TRACE 20712 --- [    Test worker] o.h.type.descriptor.sql.BasicExtractor   : extracted value ([third_na4_6_1_] : [VARCHAR]) - [null]
2021-03-10 22:37:34.448 TRACE 20712 --- [    Test worker] o.h.type.descriptor.sql.BasicExtractor   : extracted value ([parent_i5_6_0__] : [BIGINT]) - [8]
2021-03-10 22:37:34.448 TRACE 20712 --- [    Test worker] o.h.type.descriptor.sql.BasicExtractor   : extracted value ([id1_6_0__] : [BIGINT]) - [15]
2021-03-10 22:37:34.448 TRACE 20712 --- [    Test worker] o.h.type.descriptor.sql.BasicExtractor   : extracted value ([id1_6_0_] : [BIGINT]) - [8]
2021-03-10 22:37:34.448 TRACE 20712 --- [    Test worker] o.h.type.descriptor.sql.BasicExtractor   : extracted value ([id1_6_1_] : [BIGINT]) - [16]
2021-03-10 22:37:34.448 TRACE 20712 --- [    Test worker] o.h.type.descriptor.sql.BasicExtractor   : extracted value ([id1_6_2_] : [BIGINT]) - [null]
2021-03-10 22:37:34.448 TRACE 20712 --- [    Test worker] o.h.type.descriptor.sql.BasicExtractor   : extracted value ([first_na2_6_1_] : [VARCHAR]) - [타입스크립트]
2021-03-10 22:37:34.448 TRACE 20712 --- [    Test worker] o.h.type.descriptor.sql.BasicExtractor   : extracted value ([parent_i5_6_1_] : [BIGINT]) - [8]
2021-03-10 22:37:34.448 TRACE 20712 --- [    Test worker] o.h.type.descriptor.sql.BasicExtractor   : extracted value ([second_n3_6_1_] : [VARCHAR]) - [TypeScript]
2021-03-10 22:37:34.448 TRACE 20712 --- [    Test worker] o.h.type.descriptor.sql.BasicExtractor   : extracted value ([third_na4_6_1_] : [VARCHAR]) - [null]
2021-03-10 22:37:34.448 TRACE 20712 --- [    Test worker] o.h.type.descriptor.sql.BasicExtractor   : extracted value ([parent_i5_6_0__] : [BIGINT]) - [8]
2021-03-10 22:37:34.448 TRACE 20712 --- [    Test worker] o.h.type.descriptor.sql.BasicExtractor   : extracted value ([id1_6_0__] : [BIGINT]) - [16]
2021-03-10 22:37:34.448 TRACE 20712 --- [    Test worker] o.h.type.descriptor.sql.BasicExtractor   : extracted value ([id1_6_0_] : [BIGINT]) - [8]
2021-03-10 22:37:34.448 TRACE 20712 --- [    Test worker] o.h.type.descriptor.sql.BasicExtractor   : extracted value ([id1_6_1_] : [BIGINT]) - [17]
2021-03-10 22:37:34.448 TRACE 20712 --- [    Test worker] o.h.type.descriptor.sql.BasicExtractor   : extracted value ([id1_6_2_] : [BIGINT]) - [null]
2021-03-10 22:37:34.448 TRACE 20712 --- [    Test worker] o.h.type.descriptor.sql.BasicExtractor   : extracted value ([first_na2_6_1_] : [VARCHAR]) - [c#]
2021-03-10 22:37:34.448 TRACE 20712 --- [    Test worker] o.h.type.descriptor.sql.BasicExtractor   : extracted value ([parent_i5_6_1_] : [BIGINT]) - [8]
2021-03-10 22:37:34.448 TRACE 20712 --- [    Test worker] o.h.type.descriptor.sql.BasicExtractor   : extracted value ([second_n3_6_1_] : [VARCHAR]) - [씨샾]
2021-03-10 22:37:34.448 TRACE 20712 --- [    Test worker] o.h.type.descriptor.sql.BasicExtractor   : extracted value ([third_na4_6_1_] : [VARCHAR]) - [null]
2021-03-10 22:37:34.448 TRACE 20712 --- [    Test worker] o.h.type.descriptor.sql.BasicExtractor   : extracted value ([parent_i5_6_0__] : [BIGINT]) - [8]
2021-03-10 22:37:34.448 TRACE 20712 --- [    Test worker] o.h.type.descriptor.sql.BasicExtractor   : extracted value ([id1_6_0__] : [BIGINT]) - [17]
2021-03-10 22:37:34.448 TRACE 20712 --- [    Test worker] o.h.type.descriptor.sql.BasicExtractor   : extracted value ([id1_6_0_] : [BIGINT]) - [8]
2021-03-10 22:37:34.448 TRACE 20712 --- [    Test worker] o.h.type.descriptor.sql.BasicExtractor   : extracted value ([id1_6_1_] : [BIGINT]) - [18]
2021-03-10 22:37:34.448 TRACE 20712 --- [    Test worker] o.h.type.descriptor.sql.BasicExtractor   : extracted value ([id1_6_2_] : [BIGINT]) - [null]
2021-03-10 22:37:34.448 TRACE 20712 --- [    Test worker] o.h.type.descriptor.sql.BasicExtractor   : extracted value ([first_na2_6_1_] : [VARCHAR]) - [c]
2021-03-10 22:37:34.448 TRACE 20712 --- [    Test worker] o.h.type.descriptor.sql.BasicExtractor   : extracted value ([parent_i5_6_1_] : [BIGINT]) - [8]
2021-03-10 22:37:34.448 TRACE 20712 --- [    Test worker] o.h.type.descriptor.sql.BasicExtractor   : extracted value ([second_n3_6_1_] : [VARCHAR]) - [씨]
2021-03-10 22:37:34.448 TRACE 20712 --- [    Test worker] o.h.type.descriptor.sql.BasicExtractor   : extracted value ([third_na4_6_1_] : [VARCHAR]) - [null]
2021-03-10 22:37:34.448 TRACE 20712 --- [    Test worker] o.h.type.descriptor.sql.BasicExtractor   : extracted value ([parent_i5_6_0__] : [BIGINT]) - [8]
2021-03-10 22:37:34.448 TRACE 20712 --- [    Test worker] o.h.type.descriptor.sql.BasicExtractor   : extracted value ([id1_6_0__] : [BIGINT]) - [18]
2021-03-10 22:37:34.448 TRACE 20712 --- [    Test worker] o.h.type.descriptor.sql.BasicExtractor   : extracted value ([id1_6_0_] : [BIGINT]) - [8]
2021-03-10 22:37:34.448 TRACE 20712 --- [    Test worker] o.h.type.descriptor.sql.BasicExtractor   : extracted value ([id1_6_1_] : [BIGINT]) - [19]
2021-03-10 22:37:34.448 TRACE 20712 --- [    Test worker] o.h.type.descriptor.sql.BasicExtractor   : extracted value ([id1_6_2_] : [BIGINT]) - [null]
2021-03-10 22:37:34.448 TRACE 20712 --- [    Test worker] o.h.type.descriptor.sql.BasicExtractor   : extracted value ([first_na2_6_1_] : [VARCHAR]) - [shell]
2021-03-10 22:37:34.448 TRACE 20712 --- [    Test worker] o.h.type.descriptor.sql.BasicExtractor   : extracted value ([parent_i5_6_1_] : [BIGINT]) - [8]
2021-03-10 22:37:34.448 TRACE 20712 --- [    Test worker] o.h.type.descriptor.sql.BasicExtractor   : extracted value ([second_n3_6_1_] : [VARCHAR]) - [쉘]
2021-03-10 22:37:34.448 TRACE 20712 --- [    Test worker] o.h.type.descriptor.sql.BasicExtractor   : extracted value ([third_na4_6_1_] : [VARCHAR]) - [null]
2021-03-10 22:37:34.448 TRACE 20712 --- [    Test worker] o.h.type.descriptor.sql.BasicExtractor   : extracted value ([parent_i5_6_0__] : [BIGINT]) - [8]
2021-03-10 22:37:34.448 TRACE 20712 --- [    Test worker] o.h.type.descriptor.sql.BasicExtractor   : extracted value ([id1_6_0__] : [BIGINT]) - [19]
Hibernate: 
    call next value for hibernate_sequence
Hibernate: 
    insert 
    into
        tag
        (first_name, parent_id, second_name, third_name, id) 
    values
        (?, ?, ?, ?, ?)
2021-03-10 22:37:34.448 TRACE 20712 --- [    Test worker] o.h.type.descriptor.sql.BasicBinder      : binding parameter [1] as [VARCHAR] - [scala]
2021-03-10 22:37:34.448 TRACE 20712 --- [    Test worker] o.h.type.descriptor.sql.BasicBinder      : binding parameter [2] as [BIGINT] - [8]
2021-03-10 22:37:34.448 TRACE 20712 --- [    Test worker] o.h.type.descriptor.sql.BasicBinder      : binding parameter [3] as [VARCHAR] - [스칼라]
2021-03-10 22:37:34.448 TRACE 20712 --- [    Test worker] o.h.type.descriptor.sql.BasicBinder      : binding parameter [4] as [VARCHAR] - [null]
2021-03-10 22:37:34.448 TRACE 20712 --- [    Test worker] o.h.type.descriptor.sql.BasicBinder      : binding parameter [5] as [BIGINT] - [20]
Hibernate: 
    select
        tag0_.id as id1_6_0_,
        children1_.id as id1_6_1_,
        tag2_.id as id1_6_2_,
        tag0_.first_name as first_na2_6_0_,
        tag0_.parent_id as parent_i5_6_0_,
        tag0_.second_name as second_n3_6_0_,
        tag0_.third_name as third_na4_6_0_,
        children1_.first_name as first_na2_6_1_,
        children1_.parent_id as parent_i5_6_1_,
        children1_.second_name as second_n3_6_1_,
        children1_.third_name as third_na4_6_1_,
        children1_.parent_id as parent_i5_6_0__,
        children1_.id as id1_6_0__,
        tag2_.first_name as first_na2_6_2_,
        tag2_.parent_id as parent_i5_6_2_,
        tag2_.second_name as second_n3_6_2_,
        tag2_.third_name as third_na4_6_2_ 
    from
        tag tag0_ 
    left outer join
        tag children1_ 
            on tag0_.id=children1_.parent_id 
    left outer join
        tag tag2_ 
            on tag0_.parent_id=tag2_.id 
    where
        tag0_.first_name=?
2021-03-10 22:37:34.448 TRACE 20712 --- [    Test worker] o.h.type.descriptor.sql.BasicBinder      : binding parameter [1] as [VARCHAR] - [프로그래밍언어]
2021-03-10 22:37:34.448 TRACE 20712 --- [    Test worker] o.h.type.descriptor.sql.BasicExtractor   : extracted value ([id1_6_0_] : [BIGINT]) - [8]
2021-03-10 22:37:34.448 TRACE 20712 --- [    Test worker] o.h.type.descriptor.sql.BasicExtractor   : extracted value ([id1_6_1_] : [BIGINT]) - [9]
2021-03-10 22:37:34.448 TRACE 20712 --- [    Test worker] o.h.type.descriptor.sql.BasicExtractor   : extracted value ([id1_6_2_] : [BIGINT]) - [null]
2021-03-10 22:37:34.448 TRACE 20712 --- [    Test worker] o.h.type.descriptor.sql.BasicExtractor   : extracted value ([first_na2_6_0_] : [VARCHAR]) - [프로그래밍언어]
2021-03-10 22:37:34.448 TRACE 20712 --- [    Test worker] o.h.type.descriptor.sql.BasicExtractor   : extracted value ([parent_i5_6_0_] : [BIGINT]) - [null]
2021-03-10 22:37:34.448 TRACE 20712 --- [    Test worker] o.h.type.descriptor.sql.BasicExtractor   : extracted value ([second_n3_6_0_] : [VARCHAR]) - [programing]
2021-03-10 22:37:34.448 TRACE 20712 --- [    Test worker] o.h.type.descriptor.sql.BasicExtractor   : extracted value ([third_na4_6_0_] : [VARCHAR]) - [null]
2021-03-10 22:37:34.448 TRACE 20712 --- [    Test worker] o.h.type.descriptor.sql.BasicExtractor   : extracted value ([first_na2_6_1_] : [VARCHAR]) - [javascript]
2021-03-10 22:37:34.448 TRACE 20712 --- [    Test worker] o.h.type.descriptor.sql.BasicExtractor   : extracted value ([parent_i5_6_1_] : [BIGINT]) - [8]
2021-03-10 22:37:34.448 TRACE 20712 --- [    Test worker] o.h.type.descriptor.sql.BasicExtractor   : extracted value ([second_n3_6_1_] : [VARCHAR]) - [자바스크립트]
2021-03-10 22:37:34.464 TRACE 20712 --- [    Test worker] o.h.type.descriptor.sql.BasicExtractor   : extracted value ([third_na4_6_1_] : [VARCHAR]) - [null]
2021-03-10 22:37:34.464 TRACE 20712 --- [    Test worker] o.h.type.descriptor.sql.BasicExtractor   : extracted value ([parent_i5_6_0__] : [BIGINT]) - [8]
2021-03-10 22:37:34.464 TRACE 20712 --- [    Test worker] o.h.type.descriptor.sql.BasicExtractor   : extracted value ([id1_6_0__] : [BIGINT]) - [9]
2021-03-10 22:37:34.464 TRACE 20712 --- [    Test worker] o.h.type.descriptor.sql.BasicExtractor   : extracted value ([id1_6_0_] : [BIGINT]) - [8]
2021-03-10 22:37:34.464 TRACE 20712 --- [    Test worker] o.h.type.descriptor.sql.BasicExtractor   : extracted value ([id1_6_1_] : [BIGINT]) - [10]
2021-03-10 22:37:34.464 TRACE 20712 --- [    Test worker] o.h.type.descriptor.sql.BasicExtractor   : extracted value ([id1_6_2_] : [BIGINT]) - [null]
2021-03-10 22:37:34.464 TRACE 20712 --- [    Test worker] o.h.type.descriptor.sql.BasicExtractor   : extracted value ([first_na2_6_1_] : [VARCHAR]) - [python]
2021-03-10 22:37:34.464 TRACE 20712 --- [    Test worker] o.h.type.descriptor.sql.BasicExtractor   : extracted value ([parent_i5_6_1_] : [BIGINT]) - [8]
2021-03-10 22:37:34.464 TRACE 20712 --- [    Test worker] o.h.type.descriptor.sql.BasicExtractor   : extracted value ([second_n3_6_1_] : [VARCHAR]) - [파이썬]
2021-03-10 22:37:34.464 TRACE 20712 --- [    Test worker] o.h.type.descriptor.sql.BasicExtractor   : extracted value ([third_na4_6_1_] : [VARCHAR]) - [null]
2021-03-10 22:37:34.464 TRACE 20712 --- [    Test worker] o.h.type.descriptor.sql.BasicExtractor   : extracted value ([parent_i5_6_0__] : [BIGINT]) - [8]
2021-03-10 22:37:34.464 TRACE 20712 --- [    Test worker] o.h.type.descriptor.sql.BasicExtractor   : extracted value ([id1_6_0__] : [BIGINT]) - [10]
2021-03-10 22:37:34.464 TRACE 20712 --- [    Test worker] o.h.type.descriptor.sql.BasicExtractor   : extracted value ([id1_6_0_] : [BIGINT]) - [8]
2021-03-10 22:37:34.464 TRACE 20712 --- [    Test worker] o.h.type.descriptor.sql.BasicExtractor   : extracted value ([id1_6_1_] : [BIGINT]) - [11]
2021-03-10 22:37:34.464 TRACE 20712 --- [    Test worker] o.h.type.descriptor.sql.BasicExtractor   : extracted value ([id1_6_2_] : [BIGINT]) - [null]
2021-03-10 22:37:34.464 TRACE 20712 --- [    Test worker] o.h.type.descriptor.sql.BasicExtractor   : extracted value ([first_na2_6_1_] : [VARCHAR]) - [java]
2021-03-10 22:37:34.464 TRACE 20712 --- [    Test worker] o.h.type.descriptor.sql.BasicExtractor   : extracted value ([parent_i5_6_1_] : [BIGINT]) - [8]
2021-03-10 22:37:34.464 TRACE 20712 --- [    Test worker] o.h.type.descriptor.sql.BasicExtractor   : extracted value ([second_n3_6_1_] : [VARCHAR]) - [자바]
2021-03-10 22:37:34.464 TRACE 20712 --- [    Test worker] o.h.type.descriptor.sql.BasicExtractor   : extracted value ([third_na4_6_1_] : [VARCHAR]) - [null]
2021-03-10 22:37:34.464 TRACE 20712 --- [    Test worker] o.h.type.descriptor.sql.BasicExtractor   : extracted value ([parent_i5_6_0__] : [BIGINT]) - [8]
2021-03-10 22:37:34.464 TRACE 20712 --- [    Test worker] o.h.type.descriptor.sql.BasicExtractor   : extracted value ([id1_6_0__] : [BIGINT]) - [11]
2021-03-10 22:37:34.464 TRACE 20712 --- [    Test worker] o.h.type.descriptor.sql.BasicExtractor   : extracted value ([id1_6_0_] : [BIGINT]) - [8]
2021-03-10 22:37:34.464 TRACE 20712 --- [    Test worker] o.h.type.descriptor.sql.BasicExtractor   : extracted value ([id1_6_1_] : [BIGINT]) - [12]
2021-03-10 22:37:34.464 TRACE 20712 --- [    Test worker] o.h.type.descriptor.sql.BasicExtractor   : extracted value ([id1_6_2_] : [BIGINT]) - [null]
2021-03-10 22:37:34.464 TRACE 20712 --- [    Test worker] o.h.type.descriptor.sql.BasicExtractor   : extracted value ([first_na2_6_1_] : [VARCHAR]) - [go]
2021-03-10 22:37:34.464 TRACE 20712 --- [    Test worker] o.h.type.descriptor.sql.BasicExtractor   : extracted value ([parent_i5_6_1_] : [BIGINT]) - [8]
2021-03-10 22:37:34.464 TRACE 20712 --- [    Test worker] o.h.type.descriptor.sql.BasicExtractor   : extracted value ([second_n3_6_1_] : [VARCHAR]) - [고]
2021-03-10 22:37:34.464 TRACE 20712 --- [    Test worker] o.h.type.descriptor.sql.BasicExtractor   : extracted value ([third_na4_6_1_] : [VARCHAR]) - [null]
2021-03-10 22:37:34.464 TRACE 20712 --- [    Test worker] o.h.type.descriptor.sql.BasicExtractor   : extracted value ([parent_i5_6_0__] : [BIGINT]) - [8]
2021-03-10 22:37:34.464 TRACE 20712 --- [    Test worker] o.h.type.descriptor.sql.BasicExtractor   : extracted value ([id1_6_0__] : [BIGINT]) - [12]
2021-03-10 22:37:34.464 TRACE 20712 --- [    Test worker] o.h.type.descriptor.sql.BasicExtractor   : extracted value ([id1_6_0_] : [BIGINT]) - [8]
2021-03-10 22:37:34.464 TRACE 20712 --- [    Test worker] o.h.type.descriptor.sql.BasicExtractor   : extracted value ([id1_6_1_] : [BIGINT]) - [13]
2021-03-10 22:37:34.464 TRACE 20712 --- [    Test worker] o.h.type.descriptor.sql.BasicExtractor   : extracted value ([id1_6_2_] : [BIGINT]) - [null]
2021-03-10 22:37:34.464 TRACE 20712 --- [    Test worker] o.h.type.descriptor.sql.BasicExtractor   : extracted value ([first_na2_6_1_] : [VARCHAR]) - [ruby]
2021-03-10 22:37:34.464 TRACE 20712 --- [    Test worker] o.h.type.descriptor.sql.BasicExtractor   : extracted value ([parent_i5_6_1_] : [BIGINT]) - [8]
2021-03-10 22:37:34.464 TRACE 20712 --- [    Test worker] o.h.type.descriptor.sql.BasicExtractor   : extracted value ([second_n3_6_1_] : [VARCHAR]) - [루비]
2021-03-10 22:37:34.464 TRACE 20712 --- [    Test worker] o.h.type.descriptor.sql.BasicExtractor   : extracted value ([third_na4_6_1_] : [VARCHAR]) - [null]
2021-03-10 22:37:34.464 TRACE 20712 --- [    Test worker] o.h.type.descriptor.sql.BasicExtractor   : extracted value ([parent_i5_6_0__] : [BIGINT]) - [8]
2021-03-10 22:37:34.464 TRACE 20712 --- [    Test worker] o.h.type.descriptor.sql.BasicExtractor   : extracted value ([id1_6_0__] : [BIGINT]) - [13]
2021-03-10 22:37:34.464 TRACE 20712 --- [    Test worker] o.h.type.descriptor.sql.BasicExtractor   : extracted value ([id1_6_0_] : [BIGINT]) - [8]
2021-03-10 22:37:34.464 TRACE 20712 --- [    Test worker] o.h.type.descriptor.sql.BasicExtractor   : extracted value ([id1_6_1_] : [BIGINT]) - [14]
2021-03-10 22:37:34.464 TRACE 20712 --- [    Test worker] o.h.type.descriptor.sql.BasicExtractor   : extracted value ([id1_6_2_] : [BIGINT]) - [null]
2021-03-10 22:37:34.464 TRACE 20712 --- [    Test worker] o.h.type.descriptor.sql.BasicExtractor   : extracted value ([first_na2_6_1_] : [VARCHAR]) - [c++]
2021-03-10 22:37:34.464 TRACE 20712 --- [    Test worker] o.h.type.descriptor.sql.BasicExtractor   : extracted value ([parent_i5_6_1_] : [BIGINT]) - [8]
2021-03-10 22:37:34.464 TRACE 20712 --- [    Test worker] o.h.type.descriptor.sql.BasicExtractor   : extracted value ([second_n3_6_1_] : [VARCHAR]) - [씨플플]
2021-03-10 22:37:34.464 TRACE 20712 --- [    Test worker] o.h.type.descriptor.sql.BasicExtractor   : extracted value ([third_na4_6_1_] : [VARCHAR]) - [null]
2021-03-10 22:37:34.464 TRACE 20712 --- [    Test worker] o.h.type.descriptor.sql.BasicExtractor   : extracted value ([parent_i5_6_0__] : [BIGINT]) - [8]
2021-03-10 22:37:34.464 TRACE 20712 --- [    Test worker] o.h.type.descriptor.sql.BasicExtractor   : extracted value ([id1_6_0__] : [BIGINT]) - [14]
2021-03-10 22:37:34.464 TRACE 20712 --- [    Test worker] o.h.type.descriptor.sql.BasicExtractor   : extracted value ([id1_6_0_] : [BIGINT]) - [8]
2021-03-10 22:37:34.464 TRACE 20712 --- [    Test worker] o.h.type.descriptor.sql.BasicExtractor   : extracted value ([id1_6_1_] : [BIGINT]) - [15]
2021-03-10 22:37:34.464 TRACE 20712 --- [    Test worker] o.h.type.descriptor.sql.BasicExtractor   : extracted value ([id1_6_2_] : [BIGINT]) - [null]
2021-03-10 22:37:34.464 TRACE 20712 --- [    Test worker] o.h.type.descriptor.sql.BasicExtractor   : extracted value ([first_na2_6_1_] : [VARCHAR]) - [php]
2021-03-10 22:37:34.464 TRACE 20712 --- [    Test worker] o.h.type.descriptor.sql.BasicExtractor   : extracted value ([parent_i5_6_1_] : [BIGINT]) - [8]
2021-03-10 22:37:34.464 TRACE 20712 --- [    Test worker] o.h.type.descriptor.sql.BasicExtractor   : extracted value ([second_n3_6_1_] : [VARCHAR]) - [피에이치피]
2021-03-10 22:37:34.464 TRACE 20712 --- [    Test worker] o.h.type.descriptor.sql.BasicExtractor   : extracted value ([third_na4_6_1_] : [VARCHAR]) - [null]
2021-03-10 22:37:34.464 TRACE 20712 --- [    Test worker] o.h.type.descriptor.sql.BasicExtractor   : extracted value ([parent_i5_6_0__] : [BIGINT]) - [8]
2021-03-10 22:37:34.464 TRACE 20712 --- [    Test worker] o.h.type.descriptor.sql.BasicExtractor   : extracted value ([id1_6_0__] : [BIGINT]) - [15]
2021-03-10 22:37:34.464 TRACE 20712 --- [    Test worker] o.h.type.descriptor.sql.BasicExtractor   : extracted value ([id1_6_0_] : [BIGINT]) - [8]
2021-03-10 22:37:34.464 TRACE 20712 --- [    Test worker] o.h.type.descriptor.sql.BasicExtractor   : extracted value ([id1_6_1_] : [BIGINT]) - [16]
2021-03-10 22:37:34.464 TRACE 20712 --- [    Test worker] o.h.type.descriptor.sql.BasicExtractor   : extracted value ([id1_6_2_] : [BIGINT]) - [null]
2021-03-10 22:37:34.464 TRACE 20712 --- [    Test worker] o.h.type.descriptor.sql.BasicExtractor   : extracted value ([first_na2_6_1_] : [VARCHAR]) - [타입스크립트]
2021-03-10 22:37:34.464 TRACE 20712 --- [    Test worker] o.h.type.descriptor.sql.BasicExtractor   : extracted value ([parent_i5_6_1_] : [BIGINT]) - [8]
2021-03-10 22:37:34.464 TRACE 20712 --- [    Test worker] o.h.type.descriptor.sql.BasicExtractor   : extracted value ([second_n3_6_1_] : [VARCHAR]) - [TypeScript]
2021-03-10 22:37:34.464 TRACE 20712 --- [    Test worker] o.h.type.descriptor.sql.BasicExtractor   : extracted value ([third_na4_6_1_] : [VARCHAR]) - [null]
2021-03-10 22:37:34.464 TRACE 20712 --- [    Test worker] o.h.type.descriptor.sql.BasicExtractor   : extracted value ([parent_i5_6_0__] : [BIGINT]) - [8]
2021-03-10 22:37:34.464 TRACE 20712 --- [    Test worker] o.h.type.descriptor.sql.BasicExtractor   : extracted value ([id1_6_0__] : [BIGINT]) - [16]
2021-03-10 22:37:34.464 TRACE 20712 --- [    Test worker] o.h.type.descriptor.sql.BasicExtractor   : extracted value ([id1_6_0_] : [BIGINT]) - [8]
2021-03-10 22:37:34.464 TRACE 20712 --- [    Test worker] o.h.type.descriptor.sql.BasicExtractor   : extracted value ([id1_6_1_] : [BIGINT]) - [17]
2021-03-10 22:37:34.464 TRACE 20712 --- [    Test worker] o.h.type.descriptor.sql.BasicExtractor   : extracted value ([id1_6_2_] : [BIGINT]) - [null]
2021-03-10 22:37:34.464 TRACE 20712 --- [    Test worker] o.h.type.descriptor.sql.BasicExtractor   : extracted value ([first_na2_6_1_] : [VARCHAR]) - [c#]
2021-03-10 22:37:34.464 TRACE 20712 --- [    Test worker] o.h.type.descriptor.sql.BasicExtractor   : extracted value ([parent_i5_6_1_] : [BIGINT]) - [8]
2021-03-10 22:37:34.464 TRACE 20712 --- [    Test worker] o.h.type.descriptor.sql.BasicExtractor   : extracted value ([second_n3_6_1_] : [VARCHAR]) - [씨샾]
2021-03-10 22:37:34.464 TRACE 20712 --- [    Test worker] o.h.type.descriptor.sql.BasicExtractor   : extracted value ([third_na4_6_1_] : [VARCHAR]) - [null]
2021-03-10 22:37:34.464 TRACE 20712 --- [    Test worker] o.h.type.descriptor.sql.BasicExtractor   : extracted value ([parent_i5_6_0__] : [BIGINT]) - [8]
2021-03-10 22:37:34.464 TRACE 20712 --- [    Test worker] o.h.type.descriptor.sql.BasicExtractor   : extracted value ([id1_6_0__] : [BIGINT]) - [17]
2021-03-10 22:37:34.464 TRACE 20712 --- [    Test worker] o.h.type.descriptor.sql.BasicExtractor   : extracted value ([id1_6_0_] : [BIGINT]) - [8]
2021-03-10 22:37:34.464 TRACE 20712 --- [    Test worker] o.h.type.descriptor.sql.BasicExtractor   : extracted value ([id1_6_1_] : [BIGINT]) - [18]
2021-03-10 22:37:34.464 TRACE 20712 --- [    Test worker] o.h.type.descriptor.sql.BasicExtractor   : extracted value ([id1_6_2_] : [BIGINT]) - [null]
2021-03-10 22:37:34.464 TRACE 20712 --- [    Test worker] o.h.type.descriptor.sql.BasicExtractor   : extracted value ([first_na2_6_1_] : [VARCHAR]) - [c]
2021-03-10 22:37:34.464 TRACE 20712 --- [    Test worker] o.h.type.descriptor.sql.BasicExtractor   : extracted value ([parent_i5_6_1_] : [BIGINT]) - [8]
2021-03-10 22:37:34.464 TRACE 20712 --- [    Test worker] o.h.type.descriptor.sql.BasicExtractor   : extracted value ([second_n3_6_1_] : [VARCHAR]) - [씨]
2021-03-10 22:37:34.464 TRACE 20712 --- [    Test worker] o.h.type.descriptor.sql.BasicExtractor   : extracted value ([third_na4_6_1_] : [VARCHAR]) - [null]
2021-03-10 22:37:34.464 TRACE 20712 --- [    Test worker] o.h.type.descriptor.sql.BasicExtractor   : extracted value ([parent_i5_6_0__] : [BIGINT]) - [8]
2021-03-10 22:37:34.464 TRACE 20712 --- [    Test worker] o.h.type.descriptor.sql.BasicExtractor   : extracted value ([id1_6_0__] : [BIGINT]) - [18]
2021-03-10 22:37:34.464 TRACE 20712 --- [    Test worker] o.h.type.descriptor.sql.BasicExtractor   : extracted value ([id1_6_0_] : [BIGINT]) - [8]
2021-03-10 22:37:34.464 TRACE 20712 --- [    Test worker] o.h.type.descriptor.sql.BasicExtractor   : extracted value ([id1_6_1_] : [BIGINT]) - [19]
2021-03-10 22:37:34.464 TRACE 20712 --- [    Test worker] o.h.type.descriptor.sql.BasicExtractor   : extracted value ([id1_6_2_] : [BIGINT]) - [null]
2021-03-10 22:37:34.464 TRACE 20712 --- [    Test worker] o.h.type.descriptor.sql.BasicExtractor   : extracted value ([first_na2_6_1_] : [VARCHAR]) - [shell]
2021-03-10 22:37:34.464 TRACE 20712 --- [    Test worker] o.h.type.descriptor.sql.BasicExtractor   : extracted value ([parent_i5_6_1_] : [BIGINT]) - [8]
2021-03-10 22:37:34.464 TRACE 20712 --- [    Test worker] o.h.type.descriptor.sql.BasicExtractor   : extracted value ([second_n3_6_1_] : [VARCHAR]) - [쉘]
2021-03-10 22:37:34.464 TRACE 20712 --- [    Test worker] o.h.type.descriptor.sql.BasicExtractor   : extracted value ([third_na4_6_1_] : [VARCHAR]) - [null]
2021-03-10 22:37:34.464 TRACE 20712 --- [    Test worker] o.h.type.descriptor.sql.BasicExtractor   : extracted value ([parent_i5_6_0__] : [BIGINT]) - [8]
2021-03-10 22:37:34.464 TRACE 20712 --- [    Test worker] o.h.type.descriptor.sql.BasicExtractor   : extracted value ([id1_6_0__] : [BIGINT]) - [19]
2021-03-10 22:37:34.464 TRACE 20712 --- [    Test worker] o.h.type.descriptor.sql.BasicExtractor   : extracted value ([id1_6_0_] : [BIGINT]) - [8]
2021-03-10 22:37:34.464 TRACE 20712 --- [    Test worker] o.h.type.descriptor.sql.BasicExtractor   : extracted value ([id1_6_1_] : [BIGINT]) - [20]
2021-03-10 22:37:34.464 TRACE 20712 --- [    Test worker] o.h.type.descriptor.sql.BasicExtractor   : extracted value ([id1_6_2_] : [BIGINT]) - [null]
2021-03-10 22:37:34.464 TRACE 20712 --- [    Test worker] o.h.type.descriptor.sql.BasicExtractor   : extracted value ([first_na2_6_1_] : [VARCHAR]) - [scala]
2021-03-10 22:37:34.464 TRACE 20712 --- [    Test worker] o.h.type.descriptor.sql.BasicExtractor   : extracted value ([parent_i5_6_1_] : [BIGINT]) - [8]
2021-03-10 22:37:34.464 TRACE 20712 --- [    Test worker] o.h.type.descriptor.sql.BasicExtractor   : extracted value ([second_n3_6_1_] : [VARCHAR]) - [스칼라]
2021-03-10 22:37:34.464 TRACE 20712 --- [    Test worker] o.h.type.descriptor.sql.BasicExtractor   : extracted value ([third_na4_6_1_] : [VARCHAR]) - [null]
2021-03-10 22:37:34.464 TRACE 20712 --- [    Test worker] o.h.type.descriptor.sql.BasicExtractor   : extracted value ([parent_i5_6_0__] : [BIGINT]) - [8]
2021-03-10 22:37:34.464 TRACE 20712 --- [    Test worker] o.h.type.descriptor.sql.BasicExtractor   : extracted value ([id1_6_0__] : [BIGINT]) - [20]
Hibernate: 
    call next value for hibernate_sequence
Hibernate: 
    insert 
    into
        tag
        (first_name, parent_id, second_name, third_name, id) 
    values
        (?, ?, ?, ?, ?)
2021-03-10 22:37:34.464 TRACE 20712 --- [    Test worker] o.h.type.descriptor.sql.BasicBinder      : binding parameter [1] as [VARCHAR] - [swift]
2021-03-10 22:37:34.464 TRACE 20712 --- [    Test worker] o.h.type.descriptor.sql.BasicBinder      : binding parameter [2] as [BIGINT] - [8]
2021-03-10 22:37:34.464 TRACE 20712 --- [    Test worker] o.h.type.descriptor.sql.BasicBinder      : binding parameter [3] as [VARCHAR] - [스위프트]
2021-03-10 22:37:34.464 TRACE 20712 --- [    Test worker] o.h.type.descriptor.sql.BasicBinder      : binding parameter [4] as [VARCHAR] - [null]
2021-03-10 22:37:34.464 TRACE 20712 --- [    Test worker] o.h.type.descriptor.sql.BasicBinder      : binding parameter [5] as [BIGINT] - [21]
Hibernate: 
    select
        tag0_.id as id1_6_0_,
        children1_.id as id1_6_1_,
        tag2_.id as id1_6_2_,
        tag0_.first_name as first_na2_6_0_,
        tag0_.parent_id as parent_i5_6_0_,
        tag0_.second_name as second_n3_6_0_,
        tag0_.third_name as third_na4_6_0_,
        children1_.first_name as first_na2_6_1_,
        children1_.parent_id as parent_i5_6_1_,
        children1_.second_name as second_n3_6_1_,
        children1_.third_name as third_na4_6_1_,
        children1_.parent_id as parent_i5_6_0__,
        children1_.id as id1_6_0__,
        tag2_.first_name as first_na2_6_2_,
        tag2_.parent_id as parent_i5_6_2_,
        tag2_.second_name as second_n3_6_2_,
        tag2_.third_name as third_na4_6_2_ 
    from
        tag tag0_ 
    left outer join
        tag children1_ 
            on tag0_.id=children1_.parent_id 
    left outer join
        tag tag2_ 
            on tag0_.parent_id=tag2_.id 
    where
        tag0_.first_name=?
2021-03-10 22:37:34.464 TRACE 20712 --- [    Test worker] o.h.type.descriptor.sql.BasicBinder      : binding parameter [1] as [VARCHAR] - [프로그래밍언어]
2021-03-10 22:37:34.479 TRACE 20712 --- [    Test worker] o.h.type.descriptor.sql.BasicExtractor   : extracted value ([id1_6_0_] : [BIGINT]) - [8]
2021-03-10 22:37:34.479 TRACE 20712 --- [    Test worker] o.h.type.descriptor.sql.BasicExtractor   : extracted value ([id1_6_1_] : [BIGINT]) - [9]
2021-03-10 22:37:34.479 TRACE 20712 --- [    Test worker] o.h.type.descriptor.sql.BasicExtractor   : extracted value ([id1_6_2_] : [BIGINT]) - [null]
2021-03-10 22:37:34.479 TRACE 20712 --- [    Test worker] o.h.type.descriptor.sql.BasicExtractor   : extracted value ([first_na2_6_0_] : [VARCHAR]) - [프로그래밍언어]
2021-03-10 22:37:34.479 TRACE 20712 --- [    Test worker] o.h.type.descriptor.sql.BasicExtractor   : extracted value ([parent_i5_6_0_] : [BIGINT]) - [null]
2021-03-10 22:37:34.479 TRACE 20712 --- [    Test worker] o.h.type.descriptor.sql.BasicExtractor   : extracted value ([second_n3_6_0_] : [VARCHAR]) - [programing]
2021-03-10 22:37:34.479 TRACE 20712 --- [    Test worker] o.h.type.descriptor.sql.BasicExtractor   : extracted value ([third_na4_6_0_] : [VARCHAR]) - [null]
2021-03-10 22:37:34.479 TRACE 20712 --- [    Test worker] o.h.type.descriptor.sql.BasicExtractor   : extracted value ([first_na2_6_1_] : [VARCHAR]) - [javascript]
2021-03-10 22:37:34.479 TRACE 20712 --- [    Test worker] o.h.type.descriptor.sql.BasicExtractor   : extracted value ([parent_i5_6_1_] : [BIGINT]) - [8]
2021-03-10 22:37:34.479 TRACE 20712 --- [    Test worker] o.h.type.descriptor.sql.BasicExtractor   : extracted value ([second_n3_6_1_] : [VARCHAR]) - [자바스크립트]
2021-03-10 22:37:34.479 TRACE 20712 --- [    Test worker] o.h.type.descriptor.sql.BasicExtractor   : extracted value ([third_na4_6_1_] : [VARCHAR]) - [null]
2021-03-10 22:37:34.479 TRACE 20712 --- [    Test worker] o.h.type.descriptor.sql.BasicExtractor   : extracted value ([parent_i5_6_0__] : [BIGINT]) - [8]
2021-03-10 22:37:34.479 TRACE 20712 --- [    Test worker] o.h.type.descriptor.sql.BasicExtractor   : extracted value ([id1_6_0__] : [BIGINT]) - [9]
2021-03-10 22:37:34.479 TRACE 20712 --- [    Test worker] o.h.type.descriptor.sql.BasicExtractor   : extracted value ([id1_6_0_] : [BIGINT]) - [8]
2021-03-10 22:37:34.479 TRACE 20712 --- [    Test worker] o.h.type.descriptor.sql.BasicExtractor   : extracted value ([id1_6_1_] : [BIGINT]) - [10]
2021-03-10 22:37:34.479 TRACE 20712 --- [    Test worker] o.h.type.descriptor.sql.BasicExtractor   : extracted value ([id1_6_2_] : [BIGINT]) - [null]
2021-03-10 22:37:34.479 TRACE 20712 --- [    Test worker] o.h.type.descriptor.sql.BasicExtractor   : extracted value ([first_na2_6_1_] : [VARCHAR]) - [python]
2021-03-10 22:37:34.479 TRACE 20712 --- [    Test worker] o.h.type.descriptor.sql.BasicExtractor   : extracted value ([parent_i5_6_1_] : [BIGINT]) - [8]
2021-03-10 22:37:34.479 TRACE 20712 --- [    Test worker] o.h.type.descriptor.sql.BasicExtractor   : extracted value ([second_n3_6_1_] : [VARCHAR]) - [파이썬]
2021-03-10 22:37:34.479 TRACE 20712 --- [    Test worker] o.h.type.descriptor.sql.BasicExtractor   : extracted value ([third_na4_6_1_] : [VARCHAR]) - [null]
2021-03-10 22:37:34.479 TRACE 20712 --- [    Test worker] o.h.type.descriptor.sql.BasicExtractor   : extracted value ([parent_i5_6_0__] : [BIGINT]) - [8]
2021-03-10 22:37:34.479 TRACE 20712 --- [    Test worker] o.h.type.descriptor.sql.BasicExtractor   : extracted value ([id1_6_0__] : [BIGINT]) - [10]
2021-03-10 22:37:34.479 TRACE 20712 --- [    Test worker] o.h.type.descriptor.sql.BasicExtractor   : extracted value ([id1_6_0_] : [BIGINT]) - [8]
2021-03-10 22:37:34.479 TRACE 20712 --- [    Test worker] o.h.type.descriptor.sql.BasicExtractor   : extracted value ([id1_6_1_] : [BIGINT]) - [11]
2021-03-10 22:37:34.479 TRACE 20712 --- [    Test worker] o.h.type.descriptor.sql.BasicExtractor   : extracted value ([id1_6_2_] : [BIGINT]) - [null]
2021-03-10 22:37:34.479 TRACE 20712 --- [    Test worker] o.h.type.descriptor.sql.BasicExtractor   : extracted value ([first_na2_6_1_] : [VARCHAR]) - [java]
2021-03-10 22:37:34.479 TRACE 20712 --- [    Test worker] o.h.type.descriptor.sql.BasicExtractor   : extracted value ([parent_i5_6_1_] : [BIGINT]) - [8]
2021-03-10 22:37:34.479 TRACE 20712 --- [    Test worker] o.h.type.descriptor.sql.BasicExtractor   : extracted value ([second_n3_6_1_] : [VARCHAR]) - [자바]
2021-03-10 22:37:34.479 TRACE 20712 --- [    Test worker] o.h.type.descriptor.sql.BasicExtractor   : extracted value ([third_na4_6_1_] : [VARCHAR]) - [null]
2021-03-10 22:37:34.479 TRACE 20712 --- [    Test worker] o.h.type.descriptor.sql.BasicExtractor   : extracted value ([parent_i5_6_0__] : [BIGINT]) - [8]
2021-03-10 22:37:34.479 TRACE 20712 --- [    Test worker] o.h.type.descriptor.sql.BasicExtractor   : extracted value ([id1_6_0__] : [BIGINT]) - [11]
2021-03-10 22:37:34.479 TRACE 20712 --- [    Test worker] o.h.type.descriptor.sql.BasicExtractor   : extracted value ([id1_6_0_] : [BIGINT]) - [8]
2021-03-10 22:37:34.479 TRACE 20712 --- [    Test worker] o.h.type.descriptor.sql.BasicExtractor   : extracted value ([id1_6_1_] : [BIGINT]) - [12]
2021-03-10 22:37:34.479 TRACE 20712 --- [    Test worker] o.h.type.descriptor.sql.BasicExtractor   : extracted value ([id1_6_2_] : [BIGINT]) - [null]
2021-03-10 22:37:34.479 TRACE 20712 --- [    Test worker] o.h.type.descriptor.sql.BasicExtractor   : extracted value ([first_na2_6_1_] : [VARCHAR]) - [go]
2021-03-10 22:37:34.479 TRACE 20712 --- [    Test worker] o.h.type.descriptor.sql.BasicExtractor   : extracted value ([parent_i5_6_1_] : [BIGINT]) - [8]
2021-03-10 22:37:34.479 TRACE 20712 --- [    Test worker] o.h.type.descriptor.sql.BasicExtractor   : extracted value ([second_n3_6_1_] : [VARCHAR]) - [고]
2021-03-10 22:37:34.479 TRACE 20712 --- [    Test worker] o.h.type.descriptor.sql.BasicExtractor   : extracted value ([third_na4_6_1_] : [VARCHAR]) - [null]
2021-03-10 22:37:34.479 TRACE 20712 --- [    Test worker] o.h.type.descriptor.sql.BasicExtractor   : extracted value ([parent_i5_6_0__] : [BIGINT]) - [8]
2021-03-10 22:37:34.479 TRACE 20712 --- [    Test worker] o.h.type.descriptor.sql.BasicExtractor   : extracted value ([id1_6_0__] : [BIGINT]) - [12]
2021-03-10 22:37:34.479 TRACE 20712 --- [    Test worker] o.h.type.descriptor.sql.BasicExtractor   : extracted value ([id1_6_0_] : [BIGINT]) - [8]
2021-03-10 22:37:34.479 TRACE 20712 --- [    Test worker] o.h.type.descriptor.sql.BasicExtractor   : extracted value ([id1_6_1_] : [BIGINT]) - [13]
2021-03-10 22:37:34.479 TRACE 20712 --- [    Test worker] o.h.type.descriptor.sql.BasicExtractor   : extracted value ([id1_6_2_] : [BIGINT]) - [null]
2021-03-10 22:37:34.479 TRACE 20712 --- [    Test worker] o.h.type.descriptor.sql.BasicExtractor   : extracted value ([first_na2_6_1_] : [VARCHAR]) - [ruby]
2021-03-10 22:37:34.479 TRACE 20712 --- [    Test worker] o.h.type.descriptor.sql.BasicExtractor   : extracted value ([parent_i5_6_1_] : [BIGINT]) - [8]
2021-03-10 22:37:34.479 TRACE 20712 --- [    Test worker] o.h.type.descriptor.sql.BasicExtractor   : extracted value ([second_n3_6_1_] : [VARCHAR]) - [루비]
2021-03-10 22:37:34.479 TRACE 20712 --- [    Test worker] o.h.type.descriptor.sql.BasicExtractor   : extracted value ([third_na4_6_1_] : [VARCHAR]) - [null]
2021-03-10 22:37:34.479 TRACE 20712 --- [    Test worker] o.h.type.descriptor.sql.BasicExtractor   : extracted value ([parent_i5_6_0__] : [BIGINT]) - [8]
2021-03-10 22:37:34.479 TRACE 20712 --- [    Test worker] o.h.type.descriptor.sql.BasicExtractor   : extracted value ([id1_6_0__] : [BIGINT]) - [13]
2021-03-10 22:37:34.479 TRACE 20712 --- [    Test worker] o.h.type.descriptor.sql.BasicExtractor   : extracted value ([id1_6_0_] : [BIGINT]) - [8]
2021-03-10 22:37:34.479 TRACE 20712 --- [    Test worker] o.h.type.descriptor.sql.BasicExtractor   : extracted value ([id1_6_1_] : [BIGINT]) - [14]
2021-03-10 22:37:34.479 TRACE 20712 --- [    Test worker] o.h.type.descriptor.sql.BasicExtractor   : extracted value ([id1_6_2_] : [BIGINT]) - [null]
2021-03-10 22:37:34.479 TRACE 20712 --- [    Test worker] o.h.type.descriptor.sql.BasicExtractor   : extracted value ([first_na2_6_1_] : [VARCHAR]) - [c++]
2021-03-10 22:37:34.479 TRACE 20712 --- [    Test worker] o.h.type.descriptor.sql.BasicExtractor   : extracted value ([parent_i5_6_1_] : [BIGINT]) - [8]
2021-03-10 22:37:34.479 TRACE 20712 --- [    Test worker] o.h.type.descriptor.sql.BasicExtractor   : extracted value ([second_n3_6_1_] : [VARCHAR]) - [씨플플]
2021-03-10 22:37:34.479 TRACE 20712 --- [    Test worker] o.h.type.descriptor.sql.BasicExtractor   : extracted value ([third_na4_6_1_] : [VARCHAR]) - [null]
2021-03-10 22:37:34.479 TRACE 20712 --- [    Test worker] o.h.type.descriptor.sql.BasicExtractor   : extracted value ([parent_i5_6_0__] : [BIGINT]) - [8]
2021-03-10 22:37:34.479 TRACE 20712 --- [    Test worker] o.h.type.descriptor.sql.BasicExtractor   : extracted value ([id1_6_0__] : [BIGINT]) - [14]
2021-03-10 22:37:34.479 TRACE 20712 --- [    Test worker] o.h.type.descriptor.sql.BasicExtractor   : extracted value ([id1_6_0_] : [BIGINT]) - [8]
2021-03-10 22:37:34.479 TRACE 20712 --- [    Test worker] o.h.type.descriptor.sql.BasicExtractor   : extracted value ([id1_6_1_] : [BIGINT]) - [15]
2021-03-10 22:37:34.479 TRACE 20712 --- [    Test worker] o.h.type.descriptor.sql.BasicExtractor   : extracted value ([id1_6_2_] : [BIGINT]) - [null]
2021-03-10 22:37:34.479 TRACE 20712 --- [    Test worker] o.h.type.descriptor.sql.BasicExtractor   : extracted value ([first_na2_6_1_] : [VARCHAR]) - [php]
2021-03-10 22:37:34.479 TRACE 20712 --- [    Test worker] o.h.type.descriptor.sql.BasicExtractor   : extracted value ([parent_i5_6_1_] : [BIGINT]) - [8]
2021-03-10 22:37:34.479 TRACE 20712 --- [    Test worker] o.h.type.descriptor.sql.BasicExtractor   : extracted value ([second_n3_6_1_] : [VARCHAR]) - [피에이치피]
2021-03-10 22:37:34.479 TRACE 20712 --- [    Test worker] o.h.type.descriptor.sql.BasicExtractor   : extracted value ([third_na4_6_1_] : [VARCHAR]) - [null]
2021-03-10 22:37:34.479 TRACE 20712 --- [    Test worker] o.h.type.descriptor.sql.BasicExtractor   : extracted value ([parent_i5_6_0__] : [BIGINT]) - [8]
2021-03-10 22:37:34.479 TRACE 20712 --- [    Test worker] o.h.type.descriptor.sql.BasicExtractor   : extracted value ([id1_6_0__] : [BIGINT]) - [15]
2021-03-10 22:37:34.479 TRACE 20712 --- [    Test worker] o.h.type.descriptor.sql.BasicExtractor   : extracted value ([id1_6_0_] : [BIGINT]) - [8]
2021-03-10 22:37:34.479 TRACE 20712 --- [    Test worker] o.h.type.descriptor.sql.BasicExtractor   : extracted value ([id1_6_1_] : [BIGINT]) - [16]
2021-03-10 22:37:34.479 TRACE 20712 --- [    Test worker] o.h.type.descriptor.sql.BasicExtractor   : extracted value ([id1_6_2_] : [BIGINT]) - [null]
2021-03-10 22:37:34.479 TRACE 20712 --- [    Test worker] o.h.type.descriptor.sql.BasicExtractor   : extracted value ([first_na2_6_1_] : [VARCHAR]) - [타입스크립트]
2021-03-10 22:37:34.479 TRACE 20712 --- [    Test worker] o.h.type.descriptor.sql.BasicExtractor   : extracted value ([parent_i5_6_1_] : [BIGINT]) - [8]
2021-03-10 22:37:34.479 TRACE 20712 --- [    Test worker] o.h.type.descriptor.sql.BasicExtractor   : extracted value ([second_n3_6_1_] : [VARCHAR]) - [TypeScript]
2021-03-10 22:37:34.479 TRACE 20712 --- [    Test worker] o.h.type.descriptor.sql.BasicExtractor   : extracted value ([third_na4_6_1_] : [VARCHAR]) - [null]
2021-03-10 22:37:34.479 TRACE 20712 --- [    Test worker] o.h.type.descriptor.sql.BasicExtractor   : extracted value ([parent_i5_6_0__] : [BIGINT]) - [8]
2021-03-10 22:37:34.479 TRACE 20712 --- [    Test worker] o.h.type.descriptor.sql.BasicExtractor   : extracted value ([id1_6_0__] : [BIGINT]) - [16]
2021-03-10 22:37:34.479 TRACE 20712 --- [    Test worker] o.h.type.descriptor.sql.BasicExtractor   : extracted value ([id1_6_0_] : [BIGINT]) - [8]
2021-03-10 22:37:34.479 TRACE 20712 --- [    Test worker] o.h.type.descriptor.sql.BasicExtractor   : extracted value ([id1_6_1_] : [BIGINT]) - [17]
2021-03-10 22:37:34.479 TRACE 20712 --- [    Test worker] o.h.type.descriptor.sql.BasicExtractor   : extracted value ([id1_6_2_] : [BIGINT]) - [null]
2021-03-10 22:37:34.479 TRACE 20712 --- [    Test worker] o.h.type.descriptor.sql.BasicExtractor   : extracted value ([first_na2_6_1_] : [VARCHAR]) - [c#]
2021-03-10 22:37:34.479 TRACE 20712 --- [    Test worker] o.h.type.descriptor.sql.BasicExtractor   : extracted value ([parent_i5_6_1_] : [BIGINT]) - [8]
2021-03-10 22:37:34.479 TRACE 20712 --- [    Test worker] o.h.type.descriptor.sql.BasicExtractor   : extracted value ([second_n3_6_1_] : [VARCHAR]) - [씨샾]
2021-03-10 22:37:34.479 TRACE 20712 --- [    Test worker] o.h.type.descriptor.sql.BasicExtractor   : extracted value ([third_na4_6_1_] : [VARCHAR]) - [null]
2021-03-10 22:37:34.479 TRACE 20712 --- [    Test worker] o.h.type.descriptor.sql.BasicExtractor   : extracted value ([parent_i5_6_0__] : [BIGINT]) - [8]
2021-03-10 22:37:34.479 TRACE 20712 --- [    Test worker] o.h.type.descriptor.sql.BasicExtractor   : extracted value ([id1_6_0__] : [BIGINT]) - [17]
2021-03-10 22:37:34.479 TRACE 20712 --- [    Test worker] o.h.type.descriptor.sql.BasicExtractor   : extracted value ([id1_6_0_] : [BIGINT]) - [8]
2021-03-10 22:37:34.479 TRACE 20712 --- [    Test worker] o.h.type.descriptor.sql.BasicExtractor   : extracted value ([id1_6_1_] : [BIGINT]) - [18]
2021-03-10 22:37:34.479 TRACE 20712 --- [    Test worker] o.h.type.descriptor.sql.BasicExtractor   : extracted value ([id1_6_2_] : [BIGINT]) - [null]
2021-03-10 22:37:34.479 TRACE 20712 --- [    Test worker] o.h.type.descriptor.sql.BasicExtractor   : extracted value ([first_na2_6_1_] : [VARCHAR]) - [c]
2021-03-10 22:37:34.479 TRACE 20712 --- [    Test worker] o.h.type.descriptor.sql.BasicExtractor   : extracted value ([parent_i5_6_1_] : [BIGINT]) - [8]
2021-03-10 22:37:34.479 TRACE 20712 --- [    Test worker] o.h.type.descriptor.sql.BasicExtractor   : extracted value ([second_n3_6_1_] : [VARCHAR]) - [씨]
2021-03-10 22:37:34.479 TRACE 20712 --- [    Test worker] o.h.type.descriptor.sql.BasicExtractor   : extracted value ([third_na4_6_1_] : [VARCHAR]) - [null]
2021-03-10 22:37:34.479 TRACE 20712 --- [    Test worker] o.h.type.descriptor.sql.BasicExtractor   : extracted value ([parent_i5_6_0__] : [BIGINT]) - [8]
2021-03-10 22:37:34.479 TRACE 20712 --- [    Test worker] o.h.type.descriptor.sql.BasicExtractor   : extracted value ([id1_6_0__] : [BIGINT]) - [18]
2021-03-10 22:37:34.479 TRACE 20712 --- [    Test worker] o.h.type.descriptor.sql.BasicExtractor   : extracted value ([id1_6_0_] : [BIGINT]) - [8]
2021-03-10 22:37:34.479 TRACE 20712 --- [    Test worker] o.h.type.descriptor.sql.BasicExtractor   : extracted value ([id1_6_1_] : [BIGINT]) - [19]
2021-03-10 22:37:34.479 TRACE 20712 --- [    Test worker] o.h.type.descriptor.sql.BasicExtractor   : extracted value ([id1_6_2_] : [BIGINT]) - [null]
2021-03-10 22:37:34.479 TRACE 20712 --- [    Test worker] o.h.type.descriptor.sql.BasicExtractor   : extracted value ([first_na2_6_1_] : [VARCHAR]) - [shell]
2021-03-10 22:37:34.479 TRACE 20712 --- [    Test worker] o.h.type.descriptor.sql.BasicExtractor   : extracted value ([parent_i5_6_1_] : [BIGINT]) - [8]
2021-03-10 22:37:34.479 TRACE 20712 --- [    Test worker] o.h.type.descriptor.sql.BasicExtractor   : extracted value ([second_n3_6_1_] : [VARCHAR]) - [쉘]
2021-03-10 22:37:34.479 TRACE 20712 --- [    Test worker] o.h.type.descriptor.sql.BasicExtractor   : extracted value ([third_na4_6_1_] : [VARCHAR]) - [null]
2021-03-10 22:37:34.479 TRACE 20712 --- [    Test worker] o.h.type.descriptor.sql.BasicExtractor   : extracted value ([parent_i5_6_0__] : [BIGINT]) - [8]
2021-03-10 22:37:34.479 TRACE 20712 --- [    Test worker] o.h.type.descriptor.sql.BasicExtractor   : extracted value ([id1_6_0__] : [BIGINT]) - [19]
2021-03-10 22:37:34.479 TRACE 20712 --- [    Test worker] o.h.type.descriptor.sql.BasicExtractor   : extracted value ([id1_6_0_] : [BIGINT]) - [8]
2021-03-10 22:37:34.479 TRACE 20712 --- [    Test worker] o.h.type.descriptor.sql.BasicExtractor   : extracted value ([id1_6_1_] : [BIGINT]) - [20]
2021-03-10 22:37:34.479 TRACE 20712 --- [    Test worker] o.h.type.descriptor.sql.BasicExtractor   : extracted value ([id1_6_2_] : [BIGINT]) - [null]
2021-03-10 22:37:34.479 TRACE 20712 --- [    Test worker] o.h.type.descriptor.sql.BasicExtractor   : extracted value ([first_na2_6_1_] : [VARCHAR]) - [scala]
2021-03-10 22:37:34.479 TRACE 20712 --- [    Test worker] o.h.type.descriptor.sql.BasicExtractor   : extracted value ([parent_i5_6_1_] : [BIGINT]) - [8]
2021-03-10 22:37:34.479 TRACE 20712 --- [    Test worker] o.h.type.descriptor.sql.BasicExtractor   : extracted value ([second_n3_6_1_] : [VARCHAR]) - [스칼라]
2021-03-10 22:37:34.479 TRACE 20712 --- [    Test worker] o.h.type.descriptor.sql.BasicExtractor   : extracted value ([third_na4_6_1_] : [VARCHAR]) - [null]
2021-03-10 22:37:34.479 TRACE 20712 --- [    Test worker] o.h.type.descriptor.sql.BasicExtractor   : extracted value ([parent_i5_6_0__] : [BIGINT]) - [8]
2021-03-10 22:37:34.479 TRACE 20712 --- [    Test worker] o.h.type.descriptor.sql.BasicExtractor   : extracted value ([id1_6_0__] : [BIGINT]) - [20]
2021-03-10 22:37:34.479 TRACE 20712 --- [    Test worker] o.h.type.descriptor.sql.BasicExtractor   : extracted value ([id1_6_0_] : [BIGINT]) - [8]
2021-03-10 22:37:34.479 TRACE 20712 --- [    Test worker] o.h.type.descriptor.sql.BasicExtractor   : extracted value ([id1_6_1_] : [BIGINT]) - [21]
2021-03-10 22:37:34.479 TRACE 20712 --- [    Test worker] o.h.type.descriptor.sql.BasicExtractor   : extracted value ([id1_6_2_] : [BIGINT]) - [null]
2021-03-10 22:37:34.479 TRACE 20712 --- [    Test worker] o.h.type.descriptor.sql.BasicExtractor   : extracted value ([first_na2_6_1_] : [VARCHAR]) - [swift]
2021-03-10 22:37:34.479 TRACE 20712 --- [    Test worker] o.h.type.descriptor.sql.BasicExtractor   : extracted value ([parent_i5_6_1_] : [BIGINT]) - [8]
2021-03-10 22:37:34.479 TRACE 20712 --- [    Test worker] o.h.type.descriptor.sql.BasicExtractor   : extracted value ([second_n3_6_1_] : [VARCHAR]) - [스위프트]
2021-03-10 22:37:34.479 TRACE 20712 --- [    Test worker] o.h.type.descriptor.sql.BasicExtractor   : extracted value ([third_na4_6_1_] : [VARCHAR]) - [null]
2021-03-10 22:37:34.479 TRACE 20712 --- [    Test worker] o.h.type.descriptor.sql.BasicExtractor   : extracted value ([parent_i5_6_0__] : [BIGINT]) - [8]
2021-03-10 22:37:34.479 TRACE 20712 --- [    Test worker] o.h.type.descriptor.sql.BasicExtractor   : extracted value ([id1_6_0__] : [BIGINT]) - [21]
Hibernate: 
    call next value for hibernate_sequence
Hibernate: 
    insert 
    into
        tag
        (first_name, parent_id, second_name, third_name, id) 
    values
        (?, ?, ?, ?, ?)
2021-03-10 22:37:34.495 TRACE 20712 --- [    Test worker] o.h.type.descriptor.sql.BasicBinder      : binding parameter [1] as [VARCHAR] - [rust]
2021-03-10 22:37:34.495 TRACE 20712 --- [    Test worker] o.h.type.descriptor.sql.BasicBinder      : binding parameter [2] as [BIGINT] - [8]
2021-03-10 22:37:34.495 TRACE 20712 --- [    Test worker] o.h.type.descriptor.sql.BasicBinder      : binding parameter [3] as [VARCHAR] - [러스트]
2021-03-10 22:37:34.495 TRACE 20712 --- [    Test worker] o.h.type.descriptor.sql.BasicBinder      : binding parameter [4] as [VARCHAR] - [null]
2021-03-10 22:37:34.495 TRACE 20712 --- [    Test worker] o.h.type.descriptor.sql.BasicBinder      : binding parameter [5] as [BIGINT] - [22]
Hibernate: 
    select
        tag0_.id as id1_6_0_,
        children1_.id as id1_6_1_,
        tag2_.id as id1_6_2_,
        tag0_.first_name as first_na2_6_0_,
        tag0_.parent_id as parent_i5_6_0_,
        tag0_.second_name as second_n3_6_0_,
        tag0_.third_name as third_na4_6_0_,
        children1_.first_name as first_na2_6_1_,
        children1_.parent_id as parent_i5_6_1_,
        children1_.second_name as second_n3_6_1_,
        children1_.third_name as third_na4_6_1_,
        children1_.parent_id as parent_i5_6_0__,
        children1_.id as id1_6_0__,
        tag2_.first_name as first_na2_6_2_,
        tag2_.parent_id as parent_i5_6_2_,
        tag2_.second_name as second_n3_6_2_,
        tag2_.third_name as third_na4_6_2_ 
    from
        tag tag0_ 
    left outer join
        tag children1_ 
            on tag0_.id=children1_.parent_id 
    left outer join
        tag tag2_ 
            on tag0_.parent_id=tag2_.id 
    where
        tag0_.first_name=?
2021-03-10 22:37:34.495 TRACE 20712 --- [    Test worker] o.h.type.descriptor.sql.BasicBinder      : binding parameter [1] as [VARCHAR] - [프로그래밍언어]
2021-03-10 22:37:34.495 TRACE 20712 --- [    Test worker] o.h.type.descriptor.sql.BasicExtractor   : extracted value ([id1_6_0_] : [BIGINT]) - [8]
2021-03-10 22:37:34.495 TRACE 20712 --- [    Test worker] o.h.type.descriptor.sql.BasicExtractor   : extracted value ([id1_6_1_] : [BIGINT]) - [9]
2021-03-10 22:37:34.495 TRACE 20712 --- [    Test worker] o.h.type.descriptor.sql.BasicExtractor   : extracted value ([id1_6_2_] : [BIGINT]) - [null]
2021-03-10 22:37:34.495 TRACE 20712 --- [    Test worker] o.h.type.descriptor.sql.BasicExtractor   : extracted value ([first_na2_6_0_] : [VARCHAR]) - [프로그래밍언어]
2021-03-10 22:37:34.495 TRACE 20712 --- [    Test worker] o.h.type.descriptor.sql.BasicExtractor   : extracted value ([parent_i5_6_0_] : [BIGINT]) - [null]
2021-03-10 22:37:34.495 TRACE 20712 --- [    Test worker] o.h.type.descriptor.sql.BasicExtractor   : extracted value ([second_n3_6_0_] : [VARCHAR]) - [programing]
2021-03-10 22:37:34.495 TRACE 20712 --- [    Test worker] o.h.type.descriptor.sql.BasicExtractor   : extracted value ([third_na4_6_0_] : [VARCHAR]) - [null]
2021-03-10 22:37:34.495 TRACE 20712 --- [    Test worker] o.h.type.descriptor.sql.BasicExtractor   : extracted value ([first_na2_6_1_] : [VARCHAR]) - [javascript]
2021-03-10 22:37:34.495 TRACE 20712 --- [    Test worker] o.h.type.descriptor.sql.BasicExtractor   : extracted value ([parent_i5_6_1_] : [BIGINT]) - [8]
2021-03-10 22:37:34.495 TRACE 20712 --- [    Test worker] o.h.type.descriptor.sql.BasicExtractor   : extracted value ([second_n3_6_1_] : [VARCHAR]) - [자바스크립트]
2021-03-10 22:37:34.495 TRACE 20712 --- [    Test worker] o.h.type.descriptor.sql.BasicExtractor   : extracted value ([third_na4_6_1_] : [VARCHAR]) - [null]
2021-03-10 22:37:34.495 TRACE 20712 --- [    Test worker] o.h.type.descriptor.sql.BasicExtractor   : extracted value ([parent_i5_6_0__] : [BIGINT]) - [8]
2021-03-10 22:37:34.495 TRACE 20712 --- [    Test worker] o.h.type.descriptor.sql.BasicExtractor   : extracted value ([id1_6_0__] : [BIGINT]) - [9]
2021-03-10 22:37:34.495 TRACE 20712 --- [    Test worker] o.h.type.descriptor.sql.BasicExtractor   : extracted value ([id1_6_0_] : [BIGINT]) - [8]
2021-03-10 22:37:34.495 TRACE 20712 --- [    Test worker] o.h.type.descriptor.sql.BasicExtractor   : extracted value ([id1_6_1_] : [BIGINT]) - [10]
2021-03-10 22:37:34.495 TRACE 20712 --- [    Test worker] o.h.type.descriptor.sql.BasicExtractor   : extracted value ([id1_6_2_] : [BIGINT]) - [null]
2021-03-10 22:37:34.495 TRACE 20712 --- [    Test worker] o.h.type.descriptor.sql.BasicExtractor   : extracted value ([first_na2_6_1_] : [VARCHAR]) - [python]
2021-03-10 22:37:34.495 TRACE 20712 --- [    Test worker] o.h.type.descriptor.sql.BasicExtractor   : extracted value ([parent_i5_6_1_] : [BIGINT]) - [8]
2021-03-10 22:37:34.495 TRACE 20712 --- [    Test worker] o.h.type.descriptor.sql.BasicExtractor   : extracted value ([second_n3_6_1_] : [VARCHAR]) - [파이썬]
2021-03-10 22:37:34.495 TRACE 20712 --- [    Test worker] o.h.type.descriptor.sql.BasicExtractor   : extracted value ([third_na4_6_1_] : [VARCHAR]) - [null]
2021-03-10 22:37:34.495 TRACE 20712 --- [    Test worker] o.h.type.descriptor.sql.BasicExtractor   : extracted value ([parent_i5_6_0__] : [BIGINT]) - [8]
2021-03-10 22:37:34.495 TRACE 20712 --- [    Test worker] o.h.type.descriptor.sql.BasicExtractor   : extracted value ([id1_6_0__] : [BIGINT]) - [10]
2021-03-10 22:37:34.495 TRACE 20712 --- [    Test worker] o.h.type.descriptor.sql.BasicExtractor   : extracted value ([id1_6_0_] : [BIGINT]) - [8]
2021-03-10 22:37:34.495 TRACE 20712 --- [    Test worker] o.h.type.descriptor.sql.BasicExtractor   : extracted value ([id1_6_1_] : [BIGINT]) - [11]
2021-03-10 22:37:34.495 TRACE 20712 --- [    Test worker] o.h.type.descriptor.sql.BasicExtractor   : extracted value ([id1_6_2_] : [BIGINT]) - [null]
2021-03-10 22:37:34.495 TRACE 20712 --- [    Test worker] o.h.type.descriptor.sql.BasicExtractor   : extracted value ([first_na2_6_1_] : [VARCHAR]) - [java]
2021-03-10 22:37:34.495 TRACE 20712 --- [    Test worker] o.h.type.descriptor.sql.BasicExtractor   : extracted value ([parent_i5_6_1_] : [BIGINT]) - [8]
2021-03-10 22:37:34.495 TRACE 20712 --- [    Test worker] o.h.type.descriptor.sql.BasicExtractor   : extracted value ([second_n3_6_1_] : [VARCHAR]) - [자바]
2021-03-10 22:37:34.495 TRACE 20712 --- [    Test worker] o.h.type.descriptor.sql.BasicExtractor   : extracted value ([third_na4_6_1_] : [VARCHAR]) - [null]
2021-03-10 22:37:34.495 TRACE 20712 --- [    Test worker] o.h.type.descriptor.sql.BasicExtractor   : extracted value ([parent_i5_6_0__] : [BIGINT]) - [8]
2021-03-10 22:37:34.495 TRACE 20712 --- [    Test worker] o.h.type.descriptor.sql.BasicExtractor   : extracted value ([id1_6_0__] : [BIGINT]) - [11]
2021-03-10 22:37:34.495 TRACE 20712 --- [    Test worker] o.h.type.descriptor.sql.BasicExtractor   : extracted value ([id1_6_0_] : [BIGINT]) - [8]
2021-03-10 22:37:34.495 TRACE 20712 --- [    Test worker] o.h.type.descriptor.sql.BasicExtractor   : extracted value ([id1_6_1_] : [BIGINT]) - [12]
2021-03-10 22:37:34.495 TRACE 20712 --- [    Test worker] o.h.type.descriptor.sql.BasicExtractor   : extracted value ([id1_6_2_] : [BIGINT]) - [null]
2021-03-10 22:37:34.495 TRACE 20712 --- [    Test worker] o.h.type.descriptor.sql.BasicExtractor   : extracted value ([first_na2_6_1_] : [VARCHAR]) - [go]
2021-03-10 22:37:34.495 TRACE 20712 --- [    Test worker] o.h.type.descriptor.sql.BasicExtractor   : extracted value ([parent_i5_6_1_] : [BIGINT]) - [8]
2021-03-10 22:37:34.495 TRACE 20712 --- [    Test worker] o.h.type.descriptor.sql.BasicExtractor   : extracted value ([second_n3_6_1_] : [VARCHAR]) - [고]
2021-03-10 22:37:34.495 TRACE 20712 --- [    Test worker] o.h.type.descriptor.sql.BasicExtractor   : extracted value ([third_na4_6_1_] : [VARCHAR]) - [null]
2021-03-10 22:37:34.495 TRACE 20712 --- [    Test worker] o.h.type.descriptor.sql.BasicExtractor   : extracted value ([parent_i5_6_0__] : [BIGINT]) - [8]
2021-03-10 22:37:34.495 TRACE 20712 --- [    Test worker] o.h.type.descriptor.sql.BasicExtractor   : extracted value ([id1_6_0__] : [BIGINT]) - [12]
2021-03-10 22:37:34.495 TRACE 20712 --- [    Test worker] o.h.type.descriptor.sql.BasicExtractor   : extracted value ([id1_6_0_] : [BIGINT]) - [8]
2021-03-10 22:37:34.495 TRACE 20712 --- [    Test worker] o.h.type.descriptor.sql.BasicExtractor   : extracted value ([id1_6_1_] : [BIGINT]) - [13]
2021-03-10 22:37:34.495 TRACE 20712 --- [    Test worker] o.h.type.descriptor.sql.BasicExtractor   : extracted value ([id1_6_2_] : [BIGINT]) - [null]
2021-03-10 22:37:34.495 TRACE 20712 --- [    Test worker] o.h.type.descriptor.sql.BasicExtractor   : extracted value ([first_na2_6_1_] : [VARCHAR]) - [ruby]
2021-03-10 22:37:34.495 TRACE 20712 --- [    Test worker] o.h.type.descriptor.sql.BasicExtractor   : extracted value ([parent_i5_6_1_] : [BIGINT]) - [8]
2021-03-10 22:37:34.495 TRACE 20712 --- [    Test worker] o.h.type.descriptor.sql.BasicExtractor   : extracted value ([second_n3_6_1_] : [VARCHAR]) - [루비]
2021-03-10 22:37:34.495 TRACE 20712 --- [    Test worker] o.h.type.descriptor.sql.BasicExtractor   : extracted value ([third_na4_6_1_] : [VARCHAR]) - [null]
2021-03-10 22:37:34.495 TRACE 20712 --- [    Test worker] o.h.type.descriptor.sql.BasicExtractor   : extracted value ([parent_i5_6_0__] : [BIGINT]) - [8]
2021-03-10 22:37:34.495 TRACE 20712 --- [    Test worker] o.h.type.descriptor.sql.BasicExtractor   : extracted value ([id1_6_0__] : [BIGINT]) - [13]
2021-03-10 22:37:34.495 TRACE 20712 --- [    Test worker] o.h.type.descriptor.sql.BasicExtractor   : extracted value ([id1_6_0_] : [BIGINT]) - [8]
2021-03-10 22:37:34.495 TRACE 20712 --- [    Test worker] o.h.type.descriptor.sql.BasicExtractor   : extracted value ([id1_6_1_] : [BIGINT]) - [14]
2021-03-10 22:37:34.495 TRACE 20712 --- [    Test worker] o.h.type.descriptor.sql.BasicExtractor   : extracted value ([id1_6_2_] : [BIGINT]) - [null]
2021-03-10 22:37:34.495 TRACE 20712 --- [    Test worker] o.h.type.descriptor.sql.BasicExtractor   : extracted value ([first_na2_6_1_] : [VARCHAR]) - [c++]
2021-03-10 22:37:34.495 TRACE 20712 --- [    Test worker] o.h.type.descriptor.sql.BasicExtractor   : extracted value ([parent_i5_6_1_] : [BIGINT]) - [8]
2021-03-10 22:37:34.495 TRACE 20712 --- [    Test worker] o.h.type.descriptor.sql.BasicExtractor   : extracted value ([second_n3_6_1_] : [VARCHAR]) - [씨플플]
2021-03-10 22:37:34.495 TRACE 20712 --- [    Test worker] o.h.type.descriptor.sql.BasicExtractor   : extracted value ([third_na4_6_1_] : [VARCHAR]) - [null]
2021-03-10 22:37:34.495 TRACE 20712 --- [    Test worker] o.h.type.descriptor.sql.BasicExtractor   : extracted value ([parent_i5_6_0__] : [BIGINT]) - [8]
2021-03-10 22:37:34.495 TRACE 20712 --- [    Test worker] o.h.type.descriptor.sql.BasicExtractor   : extracted value ([id1_6_0__] : [BIGINT]) - [14]
2021-03-10 22:37:34.495 TRACE 20712 --- [    Test worker] o.h.type.descriptor.sql.BasicExtractor   : extracted value ([id1_6_0_] : [BIGINT]) - [8]
2021-03-10 22:37:34.495 TRACE 20712 --- [    Test worker] o.h.type.descriptor.sql.BasicExtractor   : extracted value ([id1_6_1_] : [BIGINT]) - [15]
2021-03-10 22:37:34.495 TRACE 20712 --- [    Test worker] o.h.type.descriptor.sql.BasicExtractor   : extracted value ([id1_6_2_] : [BIGINT]) - [null]
2021-03-10 22:37:34.495 TRACE 20712 --- [    Test worker] o.h.type.descriptor.sql.BasicExtractor   : extracted value ([first_na2_6_1_] : [VARCHAR]) - [php]
2021-03-10 22:37:34.495 TRACE 20712 --- [    Test worker] o.h.type.descriptor.sql.BasicExtractor   : extracted value ([parent_i5_6_1_] : [BIGINT]) - [8]
2021-03-10 22:37:34.495 TRACE 20712 --- [    Test worker] o.h.type.descriptor.sql.BasicExtractor   : extracted value ([second_n3_6_1_] : [VARCHAR]) - [피에이치피]
2021-03-10 22:37:34.495 TRACE 20712 --- [    Test worker] o.h.type.descriptor.sql.BasicExtractor   : extracted value ([third_na4_6_1_] : [VARCHAR]) - [null]
2021-03-10 22:37:34.495 TRACE 20712 --- [    Test worker] o.h.type.descriptor.sql.BasicExtractor   : extracted value ([parent_i5_6_0__] : [BIGINT]) - [8]
2021-03-10 22:37:34.495 TRACE 20712 --- [    Test worker] o.h.type.descriptor.sql.BasicExtractor   : extracted value ([id1_6_0__] : [BIGINT]) - [15]
2021-03-10 22:37:34.495 TRACE 20712 --- [    Test worker] o.h.type.descriptor.sql.BasicExtractor   : extracted value ([id1_6_0_] : [BIGINT]) - [8]
2021-03-10 22:37:34.495 TRACE 20712 --- [    Test worker] o.h.type.descriptor.sql.BasicExtractor   : extracted value ([id1_6_1_] : [BIGINT]) - [16]
2021-03-10 22:37:34.495 TRACE 20712 --- [    Test worker] o.h.type.descriptor.sql.BasicExtractor   : extracted value ([id1_6_2_] : [BIGINT]) - [null]
2021-03-10 22:37:34.495 TRACE 20712 --- [    Test worker] o.h.type.descriptor.sql.BasicExtractor   : extracted value ([first_na2_6_1_] : [VARCHAR]) - [타입스크립트]
2021-03-10 22:37:34.495 TRACE 20712 --- [    Test worker] o.h.type.descriptor.sql.BasicExtractor   : extracted value ([parent_i5_6_1_] : [BIGINT]) - [8]
2021-03-10 22:37:34.495 TRACE 20712 --- [    Test worker] o.h.type.descriptor.sql.BasicExtractor   : extracted value ([second_n3_6_1_] : [VARCHAR]) - [TypeScript]
2021-03-10 22:37:34.495 TRACE 20712 --- [    Test worker] o.h.type.descriptor.sql.BasicExtractor   : extracted value ([third_na4_6_1_] : [VARCHAR]) - [null]
2021-03-10 22:37:34.495 TRACE 20712 --- [    Test worker] o.h.type.descriptor.sql.BasicExtractor   : extracted value ([parent_i5_6_0__] : [BIGINT]) - [8]
2021-03-10 22:37:34.495 TRACE 20712 --- [    Test worker] o.h.type.descriptor.sql.BasicExtractor   : extracted value ([id1_6_0__] : [BIGINT]) - [16]
2021-03-10 22:37:34.495 TRACE 20712 --- [    Test worker] o.h.type.descriptor.sql.BasicExtractor   : extracted value ([id1_6_0_] : [BIGINT]) - [8]
2021-03-10 22:37:34.495 TRACE 20712 --- [    Test worker] o.h.type.descriptor.sql.BasicExtractor   : extracted value ([id1_6_1_] : [BIGINT]) - [17]
2021-03-10 22:37:34.495 TRACE 20712 --- [    Test worker] o.h.type.descriptor.sql.BasicExtractor   : extracted value ([id1_6_2_] : [BIGINT]) - [null]
2021-03-10 22:37:34.495 TRACE 20712 --- [    Test worker] o.h.type.descriptor.sql.BasicExtractor   : extracted value ([first_na2_6_1_] : [VARCHAR]) - [c#]
2021-03-10 22:37:34.495 TRACE 20712 --- [    Test worker] o.h.type.descriptor.sql.BasicExtractor   : extracted value ([parent_i5_6_1_] : [BIGINT]) - [8]
2021-03-10 22:37:34.495 TRACE 20712 --- [    Test worker] o.h.type.descriptor.sql.BasicExtractor   : extracted value ([second_n3_6_1_] : [VARCHAR]) - [씨샾]
2021-03-10 22:37:34.495 TRACE 20712 --- [    Test worker] o.h.type.descriptor.sql.BasicExtractor   : extracted value ([third_na4_6_1_] : [VARCHAR]) - [null]
2021-03-10 22:37:34.495 TRACE 20712 --- [    Test worker] o.h.type.descriptor.sql.BasicExtractor   : extracted value ([parent_i5_6_0__] : [BIGINT]) - [8]
2021-03-10 22:37:34.495 TRACE 20712 --- [    Test worker] o.h.type.descriptor.sql.BasicExtractor   : extracted value ([id1_6_0__] : [BIGINT]) - [17]
2021-03-10 22:37:34.495 TRACE 20712 --- [    Test worker] o.h.type.descriptor.sql.BasicExtractor   : extracted value ([id1_6_0_] : [BIGINT]) - [8]
2021-03-10 22:37:34.495 TRACE 20712 --- [    Test worker] o.h.type.descriptor.sql.BasicExtractor   : extracted value ([id1_6_1_] : [BIGINT]) - [18]
2021-03-10 22:37:34.495 TRACE 20712 --- [    Test worker] o.h.type.descriptor.sql.BasicExtractor   : extracted value ([id1_6_2_] : [BIGINT]) - [null]
2021-03-10 22:37:34.495 TRACE 20712 --- [    Test worker] o.h.type.descriptor.sql.BasicExtractor   : extracted value ([first_na2_6_1_] : [VARCHAR]) - [c]
2021-03-10 22:37:34.495 TRACE 20712 --- [    Test worker] o.h.type.descriptor.sql.BasicExtractor   : extracted value ([parent_i5_6_1_] : [BIGINT]) - [8]
2021-03-10 22:37:34.495 TRACE 20712 --- [    Test worker] o.h.type.descriptor.sql.BasicExtractor   : extracted value ([second_n3_6_1_] : [VARCHAR]) - [씨]
2021-03-10 22:37:34.495 TRACE 20712 --- [    Test worker] o.h.type.descriptor.sql.BasicExtractor   : extracted value ([third_na4_6_1_] : [VARCHAR]) - [null]
2021-03-10 22:37:34.495 TRACE 20712 --- [    Test worker] o.h.type.descriptor.sql.BasicExtractor   : extracted value ([parent_i5_6_0__] : [BIGINT]) - [8]
2021-03-10 22:37:34.495 TRACE 20712 --- [    Test worker] o.h.type.descriptor.sql.BasicExtractor   : extracted value ([id1_6_0__] : [BIGINT]) - [18]
2021-03-10 22:37:34.495 TRACE 20712 --- [    Test worker] o.h.type.descriptor.sql.BasicExtractor   : extracted value ([id1_6_0_] : [BIGINT]) - [8]
2021-03-10 22:37:34.495 TRACE 20712 --- [    Test worker] o.h.type.descriptor.sql.BasicExtractor   : extracted value ([id1_6_1_] : [BIGINT]) - [19]
2021-03-10 22:37:34.495 TRACE 20712 --- [    Test worker] o.h.type.descriptor.sql.BasicExtractor   : extracted value ([id1_6_2_] : [BIGINT]) - [null]
2021-03-10 22:37:34.495 TRACE 20712 --- [    Test worker] o.h.type.descriptor.sql.BasicExtractor   : extracted value ([first_na2_6_1_] : [VARCHAR]) - [shell]
2021-03-10 22:37:34.495 TRACE 20712 --- [    Test worker] o.h.type.descriptor.sql.BasicExtractor   : extracted value ([parent_i5_6_1_] : [BIGINT]) - [8]
2021-03-10 22:37:34.495 TRACE 20712 --- [    Test worker] o.h.type.descriptor.sql.BasicExtractor   : extracted value ([second_n3_6_1_] : [VARCHAR]) - [쉘]
2021-03-10 22:37:34.495 TRACE 20712 --- [    Test worker] o.h.type.descriptor.sql.BasicExtractor   : extracted value ([third_na4_6_1_] : [VARCHAR]) - [null]
2021-03-10 22:37:34.495 TRACE 20712 --- [    Test worker] o.h.type.descriptor.sql.BasicExtractor   : extracted value ([parent_i5_6_0__] : [BIGINT]) - [8]
2021-03-10 22:37:34.495 TRACE 20712 --- [    Test worker] o.h.type.descriptor.sql.BasicExtractor   : extracted value ([id1_6_0__] : [BIGINT]) - [19]
2021-03-10 22:37:34.495 TRACE 20712 --- [    Test worker] o.h.type.descriptor.sql.BasicExtractor   : extracted value ([id1_6_0_] : [BIGINT]) - [8]
2021-03-10 22:37:34.495 TRACE 20712 --- [    Test worker] o.h.type.descriptor.sql.BasicExtractor   : extracted value ([id1_6_1_] : [BIGINT]) - [20]
2021-03-10 22:37:34.495 TRACE 20712 --- [    Test worker] o.h.type.descriptor.sql.BasicExtractor   : extracted value ([id1_6_2_] : [BIGINT]) - [null]
2021-03-10 22:37:34.495 TRACE 20712 --- [    Test worker] o.h.type.descriptor.sql.BasicExtractor   : extracted value ([first_na2_6_1_] : [VARCHAR]) - [scala]
2021-03-10 22:37:34.495 TRACE 20712 --- [    Test worker] o.h.type.descriptor.sql.BasicExtractor   : extracted value ([parent_i5_6_1_] : [BIGINT]) - [8]
2021-03-10 22:37:34.495 TRACE 20712 --- [    Test worker] o.h.type.descriptor.sql.BasicExtractor   : extracted value ([second_n3_6_1_] : [VARCHAR]) - [스칼라]
2021-03-10 22:37:34.495 TRACE 20712 --- [    Test worker] o.h.type.descriptor.sql.BasicExtractor   : extracted value ([third_na4_6_1_] : [VARCHAR]) - [null]
2021-03-10 22:37:34.495 TRACE 20712 --- [    Test worker] o.h.type.descriptor.sql.BasicExtractor   : extracted value ([parent_i5_6_0__] : [BIGINT]) - [8]
2021-03-10 22:37:34.495 TRACE 20712 --- [    Test worker] o.h.type.descriptor.sql.BasicExtractor   : extracted value ([id1_6_0__] : [BIGINT]) - [20]
2021-03-10 22:37:34.495 TRACE 20712 --- [    Test worker] o.h.type.descriptor.sql.BasicExtractor   : extracted value ([id1_6_0_] : [BIGINT]) - [8]
2021-03-10 22:37:34.495 TRACE 20712 --- [    Test worker] o.h.type.descriptor.sql.BasicExtractor   : extracted value ([id1_6_1_] : [BIGINT]) - [21]
2021-03-10 22:37:34.495 TRACE 20712 --- [    Test worker] o.h.type.descriptor.sql.BasicExtractor   : extracted value ([id1_6_2_] : [BIGINT]) - [null]
2021-03-10 22:37:34.495 TRACE 20712 --- [    Test worker] o.h.type.descriptor.sql.BasicExtractor   : extracted value ([first_na2_6_1_] : [VARCHAR]) - [swift]
2021-03-10 22:37:34.495 TRACE 20712 --- [    Test worker] o.h.type.descriptor.sql.BasicExtractor   : extracted value ([parent_i5_6_1_] : [BIGINT]) - [8]
2021-03-10 22:37:34.495 TRACE 20712 --- [    Test worker] o.h.type.descriptor.sql.BasicExtractor   : extracted value ([second_n3_6_1_] : [VARCHAR]) - [스위프트]
2021-03-10 22:37:34.495 TRACE 20712 --- [    Test worker] o.h.type.descriptor.sql.BasicExtractor   : extracted value ([third_na4_6_1_] : [VARCHAR]) - [null]
2021-03-10 22:37:34.495 TRACE 20712 --- [    Test worker] o.h.type.descriptor.sql.BasicExtractor   : extracted value ([parent_i5_6_0__] : [BIGINT]) - [8]
2021-03-10 22:37:34.495 TRACE 20712 --- [    Test worker] o.h.type.descriptor.sql.BasicExtractor   : extracted value ([id1_6_0__] : [BIGINT]) - [21]
2021-03-10 22:37:34.511 TRACE 20712 --- [    Test worker] o.h.type.descriptor.sql.BasicExtractor   : extracted value ([id1_6_0_] : [BIGINT]) - [8]
2021-03-10 22:37:34.511 TRACE 20712 --- [    Test worker] o.h.type.descriptor.sql.BasicExtractor   : extracted value ([id1_6_1_] : [BIGINT]) - [22]
2021-03-10 22:37:34.511 TRACE 20712 --- [    Test worker] o.h.type.descriptor.sql.BasicExtractor   : extracted value ([id1_6_2_] : [BIGINT]) - [null]
2021-03-10 22:37:34.511 TRACE 20712 --- [    Test worker] o.h.type.descriptor.sql.BasicExtractor   : extracted value ([first_na2_6_1_] : [VARCHAR]) - [rust]
2021-03-10 22:37:34.511 TRACE 20712 --- [    Test worker] o.h.type.descriptor.sql.BasicExtractor   : extracted value ([parent_i5_6_1_] : [BIGINT]) - [8]
2021-03-10 22:37:34.511 TRACE 20712 --- [    Test worker] o.h.type.descriptor.sql.BasicExtractor   : extracted value ([second_n3_6_1_] : [VARCHAR]) - [러스트]
2021-03-10 22:37:34.511 TRACE 20712 --- [    Test worker] o.h.type.descriptor.sql.BasicExtractor   : extracted value ([third_na4_6_1_] : [VARCHAR]) - [null]
2021-03-10 22:37:34.511 TRACE 20712 --- [    Test worker] o.h.type.descriptor.sql.BasicExtractor   : extracted value ([parent_i5_6_0__] : [BIGINT]) - [8]
2021-03-10 22:37:34.511 TRACE 20712 --- [    Test worker] o.h.type.descriptor.sql.BasicExtractor   : extracted value ([id1_6_0__] : [BIGINT]) - [22]
Hibernate: 
    call next value for hibernate_sequence
Hibernate: 
    insert 
    into
        tag
        (first_name, parent_id, second_name, third_name, id) 
    values
        (?, ?, ?, ?, ?)
2021-03-10 22:37:34.511 TRACE 20712 --- [    Test worker] o.h.type.descriptor.sql.BasicBinder      : binding parameter [1] as [VARCHAR] - [dm]
2021-03-10 22:37:34.511 TRACE 20712 --- [    Test worker] o.h.type.descriptor.sql.BasicBinder      : binding parameter [2] as [BIGINT] - [8]
2021-03-10 22:37:34.511 TRACE 20712 --- [    Test worker] o.h.type.descriptor.sql.BasicBinder      : binding parameter [3] as [VARCHAR] - [디엠]
2021-03-10 22:37:34.511 TRACE 20712 --- [    Test worker] o.h.type.descriptor.sql.BasicBinder      : binding parameter [4] as [VARCHAR] - [null]
2021-03-10 22:37:34.511 TRACE 20712 --- [    Test worker] o.h.type.descriptor.sql.BasicBinder      : binding parameter [5] as [BIGINT] - [23]
Hibernate: 
    select
        tag0_.id as id1_6_0_,
        children1_.id as id1_6_1_,
        tag2_.id as id1_6_2_,
        tag0_.first_name as first_na2_6_0_,
        tag0_.parent_id as parent_i5_6_0_,
        tag0_.second_name as second_n3_6_0_,
        tag0_.third_name as third_na4_6_0_,
        children1_.first_name as first_na2_6_1_,
        children1_.parent_id as parent_i5_6_1_,
        children1_.second_name as second_n3_6_1_,
        children1_.third_name as third_na4_6_1_,
        children1_.parent_id as parent_i5_6_0__,
        children1_.id as id1_6_0__,
        tag2_.first_name as first_na2_6_2_,
        tag2_.parent_id as parent_i5_6_2_,
        tag2_.second_name as second_n3_6_2_,
        tag2_.third_name as third_na4_6_2_ 
    from
        tag tag0_ 
    left outer join
        tag children1_ 
            on tag0_.id=children1_.parent_id 
    left outer join
        tag tag2_ 
            on tag0_.parent_id=tag2_.id 
    where
        tag0_.first_name=?
2021-03-10 22:37:34.511 TRACE 20712 --- [    Test worker] o.h.type.descriptor.sql.BasicBinder      : binding parameter [1] as [VARCHAR] - [프로그래밍언어]
2021-03-10 22:37:34.511 TRACE 20712 --- [    Test worker] o.h.type.descriptor.sql.BasicExtractor   : extracted value ([id1_6_0_] : [BIGINT]) - [8]
2021-03-10 22:37:34.511 TRACE 20712 --- [    Test worker] o.h.type.descriptor.sql.BasicExtractor   : extracted value ([id1_6_1_] : [BIGINT]) - [9]
2021-03-10 22:37:34.511 TRACE 20712 --- [    Test worker] o.h.type.descriptor.sql.BasicExtractor   : extracted value ([id1_6_2_] : [BIGINT]) - [null]
2021-03-10 22:37:34.511 TRACE 20712 --- [    Test worker] o.h.type.descriptor.sql.BasicExtractor   : extracted value ([first_na2_6_0_] : [VARCHAR]) - [프로그래밍언어]
2021-03-10 22:37:34.511 TRACE 20712 --- [    Test worker] o.h.type.descriptor.sql.BasicExtractor   : extracted value ([parent_i5_6_0_] : [BIGINT]) - [null]
2021-03-10 22:37:34.511 TRACE 20712 --- [    Test worker] o.h.type.descriptor.sql.BasicExtractor   : extracted value ([second_n3_6_0_] : [VARCHAR]) - [programing]
2021-03-10 22:37:34.511 TRACE 20712 --- [    Test worker] o.h.type.descriptor.sql.BasicExtractor   : extracted value ([third_na4_6_0_] : [VARCHAR]) - [null]
2021-03-10 22:37:34.511 TRACE 20712 --- [    Test worker] o.h.type.descriptor.sql.BasicExtractor   : extracted value ([first_na2_6_1_] : [VARCHAR]) - [javascript]
2021-03-10 22:37:34.511 TRACE 20712 --- [    Test worker] o.h.type.descriptor.sql.BasicExtractor   : extracted value ([parent_i5_6_1_] : [BIGINT]) - [8]
2021-03-10 22:37:34.511 TRACE 20712 --- [    Test worker] o.h.type.descriptor.sql.BasicExtractor   : extracted value ([second_n3_6_1_] : [VARCHAR]) - [자바스크립트]
2021-03-10 22:37:34.511 TRACE 20712 --- [    Test worker] o.h.type.descriptor.sql.BasicExtractor   : extracted value ([third_na4_6_1_] : [VARCHAR]) - [null]
2021-03-10 22:37:34.511 TRACE 20712 --- [    Test worker] o.h.type.descriptor.sql.BasicExtractor   : extracted value ([parent_i5_6_0__] : [BIGINT]) - [8]
2021-03-10 22:37:34.511 TRACE 20712 --- [    Test worker] o.h.type.descriptor.sql.BasicExtractor   : extracted value ([id1_6_0__] : [BIGINT]) - [9]
2021-03-10 22:37:34.511 TRACE 20712 --- [    Test worker] o.h.type.descriptor.sql.BasicExtractor   : extracted value ([id1_6_0_] : [BIGINT]) - [8]
2021-03-10 22:37:34.511 TRACE 20712 --- [    Test worker] o.h.type.descriptor.sql.BasicExtractor   : extracted value ([id1_6_1_] : [BIGINT]) - [10]
2021-03-10 22:37:34.511 TRACE 20712 --- [    Test worker] o.h.type.descriptor.sql.BasicExtractor   : extracted value ([id1_6_2_] : [BIGINT]) - [null]
2021-03-10 22:37:34.511 TRACE 20712 --- [    Test worker] o.h.type.descriptor.sql.BasicExtractor   : extracted value ([first_na2_6_1_] : [VARCHAR]) - [python]
2021-03-10 22:37:34.511 TRACE 20712 --- [    Test worker] o.h.type.descriptor.sql.BasicExtractor   : extracted value ([parent_i5_6_1_] : [BIGINT]) - [8]
2021-03-10 22:37:34.511 TRACE 20712 --- [    Test worker] o.h.type.descriptor.sql.BasicExtractor   : extracted value ([second_n3_6_1_] : [VARCHAR]) - [파이썬]
2021-03-10 22:37:34.511 TRACE 20712 --- [    Test worker] o.h.type.descriptor.sql.BasicExtractor   : extracted value ([third_na4_6_1_] : [VARCHAR]) - [null]
2021-03-10 22:37:34.511 TRACE 20712 --- [    Test worker] o.h.type.descriptor.sql.BasicExtractor   : extracted value ([parent_i5_6_0__] : [BIGINT]) - [8]
2021-03-10 22:37:34.511 TRACE 20712 --- [    Test worker] o.h.type.descriptor.sql.BasicExtractor   : extracted value ([id1_6_0__] : [BIGINT]) - [10]
2021-03-10 22:37:34.511 TRACE 20712 --- [    Test worker] o.h.type.descriptor.sql.BasicExtractor   : extracted value ([id1_6_0_] : [BIGINT]) - [8]
2021-03-10 22:37:34.511 TRACE 20712 --- [    Test worker] o.h.type.descriptor.sql.BasicExtractor   : extracted value ([id1_6_1_] : [BIGINT]) - [11]
2021-03-10 22:37:34.511 TRACE 20712 --- [    Test worker] o.h.type.descriptor.sql.BasicExtractor   : extracted value ([id1_6_2_] : [BIGINT]) - [null]
2021-03-10 22:37:34.511 TRACE 20712 --- [    Test worker] o.h.type.descriptor.sql.BasicExtractor   : extracted value ([first_na2_6_1_] : [VARCHAR]) - [java]
2021-03-10 22:37:34.511 TRACE 20712 --- [    Test worker] o.h.type.descriptor.sql.BasicExtractor   : extracted value ([parent_i5_6_1_] : [BIGINT]) - [8]
2021-03-10 22:37:34.511 TRACE 20712 --- [    Test worker] o.h.type.descriptor.sql.BasicExtractor   : extracted value ([second_n3_6_1_] : [VARCHAR]) - [자바]
2021-03-10 22:37:34.511 TRACE 20712 --- [    Test worker] o.h.type.descriptor.sql.BasicExtractor   : extracted value ([third_na4_6_1_] : [VARCHAR]) - [null]
2021-03-10 22:37:34.511 TRACE 20712 --- [    Test worker] o.h.type.descriptor.sql.BasicExtractor   : extracted value ([parent_i5_6_0__] : [BIGINT]) - [8]
2021-03-10 22:37:34.511 TRACE 20712 --- [    Test worker] o.h.type.descriptor.sql.BasicExtractor   : extracted value ([id1_6_0__] : [BIGINT]) - [11]
2021-03-10 22:37:34.511 TRACE 20712 --- [    Test worker] o.h.type.descriptor.sql.BasicExtractor   : extracted value ([id1_6_0_] : [BIGINT]) - [8]
2021-03-10 22:37:34.511 TRACE 20712 --- [    Test worker] o.h.type.descriptor.sql.BasicExtractor   : extracted value ([id1_6_1_] : [BIGINT]) - [12]
2021-03-10 22:37:34.511 TRACE 20712 --- [    Test worker] o.h.type.descriptor.sql.BasicExtractor   : extracted value ([id1_6_2_] : [BIGINT]) - [null]
2021-03-10 22:37:34.511 TRACE 20712 --- [    Test worker] o.h.type.descriptor.sql.BasicExtractor   : extracted value ([first_na2_6_1_] : [VARCHAR]) - [go]
2021-03-10 22:37:34.511 TRACE 20712 --- [    Test worker] o.h.type.descriptor.sql.BasicExtractor   : extracted value ([parent_i5_6_1_] : [BIGINT]) - [8]
2021-03-10 22:37:34.511 TRACE 20712 --- [    Test worker] o.h.type.descriptor.sql.BasicExtractor   : extracted value ([second_n3_6_1_] : [VARCHAR]) - [고]
2021-03-10 22:37:34.511 TRACE 20712 --- [    Test worker] o.h.type.descriptor.sql.BasicExtractor   : extracted value ([third_na4_6_1_] : [VARCHAR]) - [null]
2021-03-10 22:37:34.511 TRACE 20712 --- [    Test worker] o.h.type.descriptor.sql.BasicExtractor   : extracted value ([parent_i5_6_0__] : [BIGINT]) - [8]
2021-03-10 22:37:34.511 TRACE 20712 --- [    Test worker] o.h.type.descriptor.sql.BasicExtractor   : extracted value ([id1_6_0__] : [BIGINT]) - [12]
2021-03-10 22:37:34.511 TRACE 20712 --- [    Test worker] o.h.type.descriptor.sql.BasicExtractor   : extracted value ([id1_6_0_] : [BIGINT]) - [8]
2021-03-10 22:37:34.511 TRACE 20712 --- [    Test worker] o.h.type.descriptor.sql.BasicExtractor   : extracted value ([id1_6_1_] : [BIGINT]) - [13]
2021-03-10 22:37:34.511 TRACE 20712 --- [    Test worker] o.h.type.descriptor.sql.BasicExtractor   : extracted value ([id1_6_2_] : [BIGINT]) - [null]
2021-03-10 22:37:34.511 TRACE 20712 --- [    Test worker] o.h.type.descriptor.sql.BasicExtractor   : extracted value ([first_na2_6_1_] : [VARCHAR]) - [ruby]
2021-03-10 22:37:34.511 TRACE 20712 --- [    Test worker] o.h.type.descriptor.sql.BasicExtractor   : extracted value ([parent_i5_6_1_] : [BIGINT]) - [8]
2021-03-10 22:37:34.511 TRACE 20712 --- [    Test worker] o.h.type.descriptor.sql.BasicExtractor   : extracted value ([second_n3_6_1_] : [VARCHAR]) - [루비]
2021-03-10 22:37:34.511 TRACE 20712 --- [    Test worker] o.h.type.descriptor.sql.BasicExtractor   : extracted value ([third_na4_6_1_] : [VARCHAR]) - [null]
2021-03-10 22:37:34.511 TRACE 20712 --- [    Test worker] o.h.type.descriptor.sql.BasicExtractor   : extracted value ([parent_i5_6_0__] : [BIGINT]) - [8]
2021-03-10 22:37:34.511 TRACE 20712 --- [    Test worker] o.h.type.descriptor.sql.BasicExtractor   : extracted value ([id1_6_0__] : [BIGINT]) - [13]
2021-03-10 22:37:34.511 TRACE 20712 --- [    Test worker] o.h.type.descriptor.sql.BasicExtractor   : extracted value ([id1_6_0_] : [BIGINT]) - [8]
2021-03-10 22:37:34.511 TRACE 20712 --- [    Test worker] o.h.type.descriptor.sql.BasicExtractor   : extracted value ([id1_6_1_] : [BIGINT]) - [14]
2021-03-10 22:37:34.511 TRACE 20712 --- [    Test worker] o.h.type.descriptor.sql.BasicExtractor   : extracted value ([id1_6_2_] : [BIGINT]) - [null]
2021-03-10 22:37:34.511 TRACE 20712 --- [    Test worker] o.h.type.descriptor.sql.BasicExtractor   : extracted value ([first_na2_6_1_] : [VARCHAR]) - [c++]
2021-03-10 22:37:34.511 TRACE 20712 --- [    Test worker] o.h.type.descriptor.sql.BasicExtractor   : extracted value ([parent_i5_6_1_] : [BIGINT]) - [8]
2021-03-10 22:37:34.511 TRACE 20712 --- [    Test worker] o.h.type.descriptor.sql.BasicExtractor   : extracted value ([second_n3_6_1_] : [VARCHAR]) - [씨플플]
2021-03-10 22:37:34.511 TRACE 20712 --- [    Test worker] o.h.type.descriptor.sql.BasicExtractor   : extracted value ([third_na4_6_1_] : [VARCHAR]) - [null]
2021-03-10 22:37:34.511 TRACE 20712 --- [    Test worker] o.h.type.descriptor.sql.BasicExtractor   : extracted value ([parent_i5_6_0__] : [BIGINT]) - [8]
2021-03-10 22:37:34.511 TRACE 20712 --- [    Test worker] o.h.type.descriptor.sql.BasicExtractor   : extracted value ([id1_6_0__] : [BIGINT]) - [14]
2021-03-10 22:37:34.511 TRACE 20712 --- [    Test worker] o.h.type.descriptor.sql.BasicExtractor   : extracted value ([id1_6_0_] : [BIGINT]) - [8]
2021-03-10 22:37:34.511 TRACE 20712 --- [    Test worker] o.h.type.descriptor.sql.BasicExtractor   : extracted value ([id1_6_1_] : [BIGINT]) - [15]
2021-03-10 22:37:34.511 TRACE 20712 --- [    Test worker] o.h.type.descriptor.sql.BasicExtractor   : extracted value ([id1_6_2_] : [BIGINT]) - [null]
2021-03-10 22:37:34.511 TRACE 20712 --- [    Test worker] o.h.type.descriptor.sql.BasicExtractor   : extracted value ([first_na2_6_1_] : [VARCHAR]) - [php]
2021-03-10 22:37:34.511 TRACE 20712 --- [    Test worker] o.h.type.descriptor.sql.BasicExtractor   : extracted value ([parent_i5_6_1_] : [BIGINT]) - [8]
2021-03-10 22:37:34.511 TRACE 20712 --- [    Test worker] o.h.type.descriptor.sql.BasicExtractor   : extracted value ([second_n3_6_1_] : [VARCHAR]) - [피에이치피]
2021-03-10 22:37:34.511 TRACE 20712 --- [    Test worker] o.h.type.descriptor.sql.BasicExtractor   : extracted value ([third_na4_6_1_] : [VARCHAR]) - [null]
2021-03-10 22:37:34.511 TRACE 20712 --- [    Test worker] o.h.type.descriptor.sql.BasicExtractor   : extracted value ([parent_i5_6_0__] : [BIGINT]) - [8]
2021-03-10 22:37:34.511 TRACE 20712 --- [    Test worker] o.h.type.descriptor.sql.BasicExtractor   : extracted value ([id1_6_0__] : [BIGINT]) - [15]
2021-03-10 22:37:34.511 TRACE 20712 --- [    Test worker] o.h.type.descriptor.sql.BasicExtractor   : extracted value ([id1_6_0_] : [BIGINT]) - [8]
2021-03-10 22:37:34.511 TRACE 20712 --- [    Test worker] o.h.type.descriptor.sql.BasicExtractor   : extracted value ([id1_6_1_] : [BIGINT]) - [16]
2021-03-10 22:37:34.511 TRACE 20712 --- [    Test worker] o.h.type.descriptor.sql.BasicExtractor   : extracted value ([id1_6_2_] : [BIGINT]) - [null]
2021-03-10 22:37:34.511 TRACE 20712 --- [    Test worker] o.h.type.descriptor.sql.BasicExtractor   : extracted value ([first_na2_6_1_] : [VARCHAR]) - [타입스크립트]
2021-03-10 22:37:34.511 TRACE 20712 --- [    Test worker] o.h.type.descriptor.sql.BasicExtractor   : extracted value ([parent_i5_6_1_] : [BIGINT]) - [8]
2021-03-10 22:37:34.511 TRACE 20712 --- [    Test worker] o.h.type.descriptor.sql.BasicExtractor   : extracted value ([second_n3_6_1_] : [VARCHAR]) - [TypeScript]
2021-03-10 22:37:34.511 TRACE 20712 --- [    Test worker] o.h.type.descriptor.sql.BasicExtractor   : extracted value ([third_na4_6_1_] : [VARCHAR]) - [null]
2021-03-10 22:37:34.511 TRACE 20712 --- [    Test worker] o.h.type.descriptor.sql.BasicExtractor   : extracted value ([parent_i5_6_0__] : [BIGINT]) - [8]
2021-03-10 22:37:34.511 TRACE 20712 --- [    Test worker] o.h.type.descriptor.sql.BasicExtractor   : extracted value ([id1_6_0__] : [BIGINT]) - [16]
2021-03-10 22:37:34.511 TRACE 20712 --- [    Test worker] o.h.type.descriptor.sql.BasicExtractor   : extracted value ([id1_6_0_] : [BIGINT]) - [8]
2021-03-10 22:37:34.511 TRACE 20712 --- [    Test worker] o.h.type.descriptor.sql.BasicExtractor   : extracted value ([id1_6_1_] : [BIGINT]) - [17]
2021-03-10 22:37:34.511 TRACE 20712 --- [    Test worker] o.h.type.descriptor.sql.BasicExtractor   : extracted value ([id1_6_2_] : [BIGINT]) - [null]
2021-03-10 22:37:34.511 TRACE 20712 --- [    Test worker] o.h.type.descriptor.sql.BasicExtractor   : extracted value ([first_na2_6_1_] : [VARCHAR]) - [c#]
2021-03-10 22:37:34.511 TRACE 20712 --- [    Test worker] o.h.type.descriptor.sql.BasicExtractor   : extracted value ([parent_i5_6_1_] : [BIGINT]) - [8]
2021-03-10 22:37:34.511 TRACE 20712 --- [    Test worker] o.h.type.descriptor.sql.BasicExtractor   : extracted value ([second_n3_6_1_] : [VARCHAR]) - [씨샾]
2021-03-10 22:37:34.511 TRACE 20712 --- [    Test worker] o.h.type.descriptor.sql.BasicExtractor   : extracted value ([third_na4_6_1_] : [VARCHAR]) - [null]
2021-03-10 22:37:34.511 TRACE 20712 --- [    Test worker] o.h.type.descriptor.sql.BasicExtractor   : extracted value ([parent_i5_6_0__] : [BIGINT]) - [8]
2021-03-10 22:37:34.511 TRACE 20712 --- [    Test worker] o.h.type.descriptor.sql.BasicExtractor   : extracted value ([id1_6_0__] : [BIGINT]) - [17]
2021-03-10 22:37:34.511 TRACE 20712 --- [    Test worker] o.h.type.descriptor.sql.BasicExtractor   : extracted value ([id1_6_0_] : [BIGINT]) - [8]
2021-03-10 22:37:34.511 TRACE 20712 --- [    Test worker] o.h.type.descriptor.sql.BasicExtractor   : extracted value ([id1_6_1_] : [BIGINT]) - [18]
2021-03-10 22:37:34.511 TRACE 20712 --- [    Test worker] o.h.type.descriptor.sql.BasicExtractor   : extracted value ([id1_6_2_] : [BIGINT]) - [null]
2021-03-10 22:37:34.511 TRACE 20712 --- [    Test worker] o.h.type.descriptor.sql.BasicExtractor   : extracted value ([first_na2_6_1_] : [VARCHAR]) - [c]
2021-03-10 22:37:34.511 TRACE 20712 --- [    Test worker] o.h.type.descriptor.sql.BasicExtractor   : extracted value ([parent_i5_6_1_] : [BIGINT]) - [8]
2021-03-10 22:37:34.511 TRACE 20712 --- [    Test worker] o.h.type.descriptor.sql.BasicExtractor   : extracted value ([second_n3_6_1_] : [VARCHAR]) - [씨]
2021-03-10 22:37:34.511 TRACE 20712 --- [    Test worker] o.h.type.descriptor.sql.BasicExtractor   : extracted value ([third_na4_6_1_] : [VARCHAR]) - [null]
2021-03-10 22:37:34.511 TRACE 20712 --- [    Test worker] o.h.type.descriptor.sql.BasicExtractor   : extracted value ([parent_i5_6_0__] : [BIGINT]) - [8]
2021-03-10 22:37:34.511 TRACE 20712 --- [    Test worker] o.h.type.descriptor.sql.BasicExtractor   : extracted value ([id1_6_0__] : [BIGINT]) - [18]
2021-03-10 22:37:34.511 TRACE 20712 --- [    Test worker] o.h.type.descriptor.sql.BasicExtractor   : extracted value ([id1_6_0_] : [BIGINT]) - [8]
2021-03-10 22:37:34.511 TRACE 20712 --- [    Test worker] o.h.type.descriptor.sql.BasicExtractor   : extracted value ([id1_6_1_] : [BIGINT]) - [19]
2021-03-10 22:37:34.511 TRACE 20712 --- [    Test worker] o.h.type.descriptor.sql.BasicExtractor   : extracted value ([id1_6_2_] : [BIGINT]) - [null]
2021-03-10 22:37:34.511 TRACE 20712 --- [    Test worker] o.h.type.descriptor.sql.BasicExtractor   : extracted value ([first_na2_6_1_] : [VARCHAR]) - [shell]
2021-03-10 22:37:34.511 TRACE 20712 --- [    Test worker] o.h.type.descriptor.sql.BasicExtractor   : extracted value ([parent_i5_6_1_] : [BIGINT]) - [8]
2021-03-10 22:37:34.511 TRACE 20712 --- [    Test worker] o.h.type.descriptor.sql.BasicExtractor   : extracted value ([second_n3_6_1_] : [VARCHAR]) - [쉘]
2021-03-10 22:37:34.511 TRACE 20712 --- [    Test worker] o.h.type.descriptor.sql.BasicExtractor   : extracted value ([third_na4_6_1_] : [VARCHAR]) - [null]
2021-03-10 22:37:34.511 TRACE 20712 --- [    Test worker] o.h.type.descriptor.sql.BasicExtractor   : extracted value ([parent_i5_6_0__] : [BIGINT]) - [8]
2021-03-10 22:37:34.511 TRACE 20712 --- [    Test worker] o.h.type.descriptor.sql.BasicExtractor   : extracted value ([id1_6_0__] : [BIGINT]) - [19]
2021-03-10 22:37:34.511 TRACE 20712 --- [    Test worker] o.h.type.descriptor.sql.BasicExtractor   : extracted value ([id1_6_0_] : [BIGINT]) - [8]
2021-03-10 22:37:34.511 TRACE 20712 --- [    Test worker] o.h.type.descriptor.sql.BasicExtractor   : extracted value ([id1_6_1_] : [BIGINT]) - [20]
2021-03-10 22:37:34.511 TRACE 20712 --- [    Test worker] o.h.type.descriptor.sql.BasicExtractor   : extracted value ([id1_6_2_] : [BIGINT]) - [null]
2021-03-10 22:37:34.511 TRACE 20712 --- [    Test worker] o.h.type.descriptor.sql.BasicExtractor   : extracted value ([first_na2_6_1_] : [VARCHAR]) - [scala]
2021-03-10 22:37:34.511 TRACE 20712 --- [    Test worker] o.h.type.descriptor.sql.BasicExtractor   : extracted value ([parent_i5_6_1_] : [BIGINT]) - [8]
2021-03-10 22:37:34.511 TRACE 20712 --- [    Test worker] o.h.type.descriptor.sql.BasicExtractor   : extracted value ([second_n3_6_1_] : [VARCHAR]) - [스칼라]
2021-03-10 22:37:34.511 TRACE 20712 --- [    Test worker] o.h.type.descriptor.sql.BasicExtractor   : extracted value ([third_na4_6_1_] : [VARCHAR]) - [null]
2021-03-10 22:37:34.511 TRACE 20712 --- [    Test worker] o.h.type.descriptor.sql.BasicExtractor   : extracted value ([parent_i5_6_0__] : [BIGINT]) - [8]
2021-03-10 22:37:34.511 TRACE 20712 --- [    Test worker] o.h.type.descriptor.sql.BasicExtractor   : extracted value ([id1_6_0__] : [BIGINT]) - [20]
2021-03-10 22:37:34.511 TRACE 20712 --- [    Test worker] o.h.type.descriptor.sql.BasicExtractor   : extracted value ([id1_6_0_] : [BIGINT]) - [8]
2021-03-10 22:37:34.511 TRACE 20712 --- [    Test worker] o.h.type.descriptor.sql.BasicExtractor   : extracted value ([id1_6_1_] : [BIGINT]) - [21]
2021-03-10 22:37:34.511 TRACE 20712 --- [    Test worker] o.h.type.descriptor.sql.BasicExtractor   : extracted value ([id1_6_2_] : [BIGINT]) - [null]
2021-03-10 22:37:34.511 TRACE 20712 --- [    Test worker] o.h.type.descriptor.sql.BasicExtractor   : extracted value ([first_na2_6_1_] : [VARCHAR]) - [swift]
2021-03-10 22:37:34.511 TRACE 20712 --- [    Test worker] o.h.type.descriptor.sql.BasicExtractor   : extracted value ([parent_i5_6_1_] : [BIGINT]) - [8]
2021-03-10 22:37:34.511 TRACE 20712 --- [    Test worker] o.h.type.descriptor.sql.BasicExtractor   : extracted value ([second_n3_6_1_] : [VARCHAR]) - [스위프트]
2021-03-10 22:37:34.511 TRACE 20712 --- [    Test worker] o.h.type.descriptor.sql.BasicExtractor   : extracted value ([third_na4_6_1_] : [VARCHAR]) - [null]
2021-03-10 22:37:34.511 TRACE 20712 --- [    Test worker] o.h.type.descriptor.sql.BasicExtractor   : extracted value ([parent_i5_6_0__] : [BIGINT]) - [8]
2021-03-10 22:37:34.511 TRACE 20712 --- [    Test worker] o.h.type.descriptor.sql.BasicExtractor   : extracted value ([id1_6_0__] : [BIGINT]) - [21]
2021-03-10 22:37:34.511 TRACE 20712 --- [    Test worker] o.h.type.descriptor.sql.BasicExtractor   : extracted value ([id1_6_0_] : [BIGINT]) - [8]
2021-03-10 22:37:34.511 TRACE 20712 --- [    Test worker] o.h.type.descriptor.sql.BasicExtractor   : extracted value ([id1_6_1_] : [BIGINT]) - [22]
2021-03-10 22:37:34.511 TRACE 20712 --- [    Test worker] o.h.type.descriptor.sql.BasicExtractor   : extracted value ([id1_6_2_] : [BIGINT]) - [null]
2021-03-10 22:37:34.511 TRACE 20712 --- [    Test worker] o.h.type.descriptor.sql.BasicExtractor   : extracted value ([first_na2_6_1_] : [VARCHAR]) - [rust]
2021-03-10 22:37:34.511 TRACE 20712 --- [    Test worker] o.h.type.descriptor.sql.BasicExtractor   : extracted value ([parent_i5_6_1_] : [BIGINT]) - [8]
2021-03-10 22:37:34.511 TRACE 20712 --- [    Test worker] o.h.type.descriptor.sql.BasicExtractor   : extracted value ([second_n3_6_1_] : [VARCHAR]) - [러스트]
2021-03-10 22:37:34.511 TRACE 20712 --- [    Test worker] o.h.type.descriptor.sql.BasicExtractor   : extracted value ([third_na4_6_1_] : [VARCHAR]) - [null]
2021-03-10 22:37:34.511 TRACE 20712 --- [    Test worker] o.h.type.descriptor.sql.BasicExtractor   : extracted value ([parent_i5_6_0__] : [BIGINT]) - [8]
2021-03-10 22:37:34.511 TRACE 20712 --- [    Test worker] o.h.type.descriptor.sql.BasicExtractor   : extracted value ([id1_6_0__] : [BIGINT]) - [22]
2021-03-10 22:37:34.511 TRACE 20712 --- [    Test worker] o.h.type.descriptor.sql.BasicExtractor   : extracted value ([id1_6_0_] : [BIGINT]) - [8]
2021-03-10 22:37:34.526 TRACE 20712 --- [    Test worker] o.h.type.descriptor.sql.BasicExtractor   : extracted value ([id1_6_1_] : [BIGINT]) - [23]
2021-03-10 22:37:34.526 TRACE 20712 --- [    Test worker] o.h.type.descriptor.sql.BasicExtractor   : extracted value ([id1_6_2_] : [BIGINT]) - [null]
2021-03-10 22:37:34.526 TRACE 20712 --- [    Test worker] o.h.type.descriptor.sql.BasicExtractor   : extracted value ([first_na2_6_1_] : [VARCHAR]) - [dm]
2021-03-10 22:37:34.526 TRACE 20712 --- [    Test worker] o.h.type.descriptor.sql.BasicExtractor   : extracted value ([parent_i5_6_1_] : [BIGINT]) - [8]
2021-03-10 22:37:34.526 TRACE 20712 --- [    Test worker] o.h.type.descriptor.sql.BasicExtractor   : extracted value ([second_n3_6_1_] : [VARCHAR]) - [디엠]
2021-03-10 22:37:34.526 TRACE 20712 --- [    Test worker] o.h.type.descriptor.sql.BasicExtractor   : extracted value ([third_na4_6_1_] : [VARCHAR]) - [null]
2021-03-10 22:37:34.526 TRACE 20712 --- [    Test worker] o.h.type.descriptor.sql.BasicExtractor   : extracted value ([parent_i5_6_0__] : [BIGINT]) - [8]
2021-03-10 22:37:34.526 TRACE 20712 --- [    Test worker] o.h.type.descriptor.sql.BasicExtractor   : extracted value ([id1_6_0__] : [BIGINT]) - [23]
Hibernate: 
    call next value for hibernate_sequence
Hibernate: 
    insert 
    into
        tag
        (first_name, parent_id, second_name, third_name, id) 
    values
        (?, ?, ?, ?, ?)
2021-03-10 22:37:34.526 TRACE 20712 --- [    Test worker] o.h.type.descriptor.sql.BasicBinder      : binding parameter [1] as [VARCHAR] - [objective-c]
2021-03-10 22:37:34.526 TRACE 20712 --- [    Test worker] o.h.type.descriptor.sql.BasicBinder      : binding parameter [2] as [BIGINT] - [8]
2021-03-10 22:37:34.526 TRACE 20712 --- [    Test worker] o.h.type.descriptor.sql.BasicBinder      : binding parameter [3] as [VARCHAR] - [오브젝트 씨]
2021-03-10 22:37:34.526 TRACE 20712 --- [    Test worker] o.h.type.descriptor.sql.BasicBinder      : binding parameter [4] as [VARCHAR] - [null]
2021-03-10 22:37:34.526 TRACE 20712 --- [    Test worker] o.h.type.descriptor.sql.BasicBinder      : binding parameter [5] as [BIGINT] - [24]
Hibernate: 
    select
        tag0_.id as id1_6_0_,
        children1_.id as id1_6_1_,
        tag2_.id as id1_6_2_,
        tag0_.first_name as first_na2_6_0_,
        tag0_.parent_id as parent_i5_6_0_,
        tag0_.second_name as second_n3_6_0_,
        tag0_.third_name as third_na4_6_0_,
        children1_.first_name as first_na2_6_1_,
        children1_.parent_id as parent_i5_6_1_,
        children1_.second_name as second_n3_6_1_,
        children1_.third_name as third_na4_6_1_,
        children1_.parent_id as parent_i5_6_0__,
        children1_.id as id1_6_0__,
        tag2_.first_name as first_na2_6_2_,
        tag2_.parent_id as parent_i5_6_2_,
        tag2_.second_name as second_n3_6_2_,
        tag2_.third_name as third_na4_6_2_ 
    from
        tag tag0_ 
    left outer join
        tag children1_ 
            on tag0_.id=children1_.parent_id 
    left outer join
        tag tag2_ 
            on tag0_.parent_id=tag2_.id 
    where
        tag0_.first_name=?
2021-03-10 22:37:34.526 TRACE 20712 --- [    Test worker] o.h.type.descriptor.sql.BasicBinder      : binding parameter [1] as [VARCHAR] - [프로그래밍언어]
2021-03-10 22:37:34.526 TRACE 20712 --- [    Test worker] o.h.type.descriptor.sql.BasicExtractor   : extracted value ([id1_6_0_] : [BIGINT]) - [8]
2021-03-10 22:37:34.526 TRACE 20712 --- [    Test worker] o.h.type.descriptor.sql.BasicExtractor   : extracted value ([id1_6_1_] : [BIGINT]) - [9]
2021-03-10 22:37:34.526 TRACE 20712 --- [    Test worker] o.h.type.descriptor.sql.BasicExtractor   : extracted value ([id1_6_2_] : [BIGINT]) - [null]
2021-03-10 22:37:34.526 TRACE 20712 --- [    Test worker] o.h.type.descriptor.sql.BasicExtractor   : extracted value ([first_na2_6_0_] : [VARCHAR]) - [프로그래밍언어]
2021-03-10 22:37:34.526 TRACE 20712 --- [    Test worker] o.h.type.descriptor.sql.BasicExtractor   : extracted value ([parent_i5_6_0_] : [BIGINT]) - [null]
2021-03-10 22:37:34.526 TRACE 20712 --- [    Test worker] o.h.type.descriptor.sql.BasicExtractor   : extracted value ([second_n3_6_0_] : [VARCHAR]) - [programing]
2021-03-10 22:37:34.526 TRACE 20712 --- [    Test worker] o.h.type.descriptor.sql.BasicExtractor   : extracted value ([third_na4_6_0_] : [VARCHAR]) - [null]
2021-03-10 22:37:34.526 TRACE 20712 --- [    Test worker] o.h.type.descriptor.sql.BasicExtractor   : extracted value ([first_na2_6_1_] : [VARCHAR]) - [javascript]
2021-03-10 22:37:34.526 TRACE 20712 --- [    Test worker] o.h.type.descriptor.sql.BasicExtractor   : extracted value ([parent_i5_6_1_] : [BIGINT]) - [8]
2021-03-10 22:37:34.526 TRACE 20712 --- [    Test worker] o.h.type.descriptor.sql.BasicExtractor   : extracted value ([second_n3_6_1_] : [VARCHAR]) - [자바스크립트]
2021-03-10 22:37:34.526 TRACE 20712 --- [    Test worker] o.h.type.descriptor.sql.BasicExtractor   : extracted value ([third_na4_6_1_] : [VARCHAR]) - [null]
2021-03-10 22:37:34.526 TRACE 20712 --- [    Test worker] o.h.type.descriptor.sql.BasicExtractor   : extracted value ([parent_i5_6_0__] : [BIGINT]) - [8]
2021-03-10 22:37:34.526 TRACE 20712 --- [    Test worker] o.h.type.descriptor.sql.BasicExtractor   : extracted value ([id1_6_0__] : [BIGINT]) - [9]
2021-03-10 22:37:34.526 TRACE 20712 --- [    Test worker] o.h.type.descriptor.sql.BasicExtractor   : extracted value ([id1_6_0_] : [BIGINT]) - [8]
2021-03-10 22:37:34.526 TRACE 20712 --- [    Test worker] o.h.type.descriptor.sql.BasicExtractor   : extracted value ([id1_6_1_] : [BIGINT]) - [10]
2021-03-10 22:37:34.526 TRACE 20712 --- [    Test worker] o.h.type.descriptor.sql.BasicExtractor   : extracted value ([id1_6_2_] : [BIGINT]) - [null]
2021-03-10 22:37:34.526 TRACE 20712 --- [    Test worker] o.h.type.descriptor.sql.BasicExtractor   : extracted value ([first_na2_6_1_] : [VARCHAR]) - [python]
2021-03-10 22:37:34.526 TRACE 20712 --- [    Test worker] o.h.type.descriptor.sql.BasicExtractor   : extracted value ([parent_i5_6_1_] : [BIGINT]) - [8]
2021-03-10 22:37:34.526 TRACE 20712 --- [    Test worker] o.h.type.descriptor.sql.BasicExtractor   : extracted value ([second_n3_6_1_] : [VARCHAR]) - [파이썬]
2021-03-10 22:37:34.526 TRACE 20712 --- [    Test worker] o.h.type.descriptor.sql.BasicExtractor   : extracted value ([third_na4_6_1_] : [VARCHAR]) - [null]
2021-03-10 22:37:34.526 TRACE 20712 --- [    Test worker] o.h.type.descriptor.sql.BasicExtractor   : extracted value ([parent_i5_6_0__] : [BIGINT]) - [8]
2021-03-10 22:37:34.526 TRACE 20712 --- [    Test worker] o.h.type.descriptor.sql.BasicExtractor   : extracted value ([id1_6_0__] : [BIGINT]) - [10]
2021-03-10 22:37:34.526 TRACE 20712 --- [    Test worker] o.h.type.descriptor.sql.BasicExtractor   : extracted value ([id1_6_0_] : [BIGINT]) - [8]
2021-03-10 22:37:34.526 TRACE 20712 --- [    Test worker] o.h.type.descriptor.sql.BasicExtractor   : extracted value ([id1_6_1_] : [BIGINT]) - [11]
2021-03-10 22:37:34.526 TRACE 20712 --- [    Test worker] o.h.type.descriptor.sql.BasicExtractor   : extracted value ([id1_6_2_] : [BIGINT]) - [null]
2021-03-10 22:37:34.526 TRACE 20712 --- [    Test worker] o.h.type.descriptor.sql.BasicExtractor   : extracted value ([first_na2_6_1_] : [VARCHAR]) - [java]
2021-03-10 22:37:34.526 TRACE 20712 --- [    Test worker] o.h.type.descriptor.sql.BasicExtractor   : extracted value ([parent_i5_6_1_] : [BIGINT]) - [8]
2021-03-10 22:37:34.526 TRACE 20712 --- [    Test worker] o.h.type.descriptor.sql.BasicExtractor   : extracted value ([second_n3_6_1_] : [VARCHAR]) - [자바]
2021-03-10 22:37:34.526 TRACE 20712 --- [    Test worker] o.h.type.descriptor.sql.BasicExtractor   : extracted value ([third_na4_6_1_] : [VARCHAR]) - [null]
2021-03-10 22:37:34.526 TRACE 20712 --- [    Test worker] o.h.type.descriptor.sql.BasicExtractor   : extracted value ([parent_i5_6_0__] : [BIGINT]) - [8]
2021-03-10 22:37:34.526 TRACE 20712 --- [    Test worker] o.h.type.descriptor.sql.BasicExtractor   : extracted value ([id1_6_0__] : [BIGINT]) - [11]
2021-03-10 22:37:34.526 TRACE 20712 --- [    Test worker] o.h.type.descriptor.sql.BasicExtractor   : extracted value ([id1_6_0_] : [BIGINT]) - [8]
2021-03-10 22:37:34.526 TRACE 20712 --- [    Test worker] o.h.type.descriptor.sql.BasicExtractor   : extracted value ([id1_6_1_] : [BIGINT]) - [12]
2021-03-10 22:37:34.526 TRACE 20712 --- [    Test worker] o.h.type.descriptor.sql.BasicExtractor   : extracted value ([id1_6_2_] : [BIGINT]) - [null]
2021-03-10 22:37:34.526 TRACE 20712 --- [    Test worker] o.h.type.descriptor.sql.BasicExtractor   : extracted value ([first_na2_6_1_] : [VARCHAR]) - [go]
2021-03-10 22:37:34.526 TRACE 20712 --- [    Test worker] o.h.type.descriptor.sql.BasicExtractor   : extracted value ([parent_i5_6_1_] : [BIGINT]) - [8]
2021-03-10 22:37:34.526 TRACE 20712 --- [    Test worker] o.h.type.descriptor.sql.BasicExtractor   : extracted value ([second_n3_6_1_] : [VARCHAR]) - [고]
2021-03-10 22:37:34.526 TRACE 20712 --- [    Test worker] o.h.type.descriptor.sql.BasicExtractor   : extracted value ([third_na4_6_1_] : [VARCHAR]) - [null]
2021-03-10 22:37:34.526 TRACE 20712 --- [    Test worker] o.h.type.descriptor.sql.BasicExtractor   : extracted value ([parent_i5_6_0__] : [BIGINT]) - [8]
2021-03-10 22:37:34.526 TRACE 20712 --- [    Test worker] o.h.type.descriptor.sql.BasicExtractor   : extracted value ([id1_6_0__] : [BIGINT]) - [12]
2021-03-10 22:37:34.526 TRACE 20712 --- [    Test worker] o.h.type.descriptor.sql.BasicExtractor   : extracted value ([id1_6_0_] : [BIGINT]) - [8]
2021-03-10 22:37:34.526 TRACE 20712 --- [    Test worker] o.h.type.descriptor.sql.BasicExtractor   : extracted value ([id1_6_1_] : [BIGINT]) - [13]
2021-03-10 22:37:34.526 TRACE 20712 --- [    Test worker] o.h.type.descriptor.sql.BasicExtractor   : extracted value ([id1_6_2_] : [BIGINT]) - [null]
2021-03-10 22:37:34.526 TRACE 20712 --- [    Test worker] o.h.type.descriptor.sql.BasicExtractor   : extracted value ([first_na2_6_1_] : [VARCHAR]) - [ruby]
2021-03-10 22:37:34.526 TRACE 20712 --- [    Test worker] o.h.type.descriptor.sql.BasicExtractor   : extracted value ([parent_i5_6_1_] : [BIGINT]) - [8]
2021-03-10 22:37:34.526 TRACE 20712 --- [    Test worker] o.h.type.descriptor.sql.BasicExtractor   : extracted value ([second_n3_6_1_] : [VARCHAR]) - [루비]
2021-03-10 22:37:34.526 TRACE 20712 --- [    Test worker] o.h.type.descriptor.sql.BasicExtractor   : extracted value ([third_na4_6_1_] : [VARCHAR]) - [null]
2021-03-10 22:37:34.526 TRACE 20712 --- [    Test worker] o.h.type.descriptor.sql.BasicExtractor   : extracted value ([parent_i5_6_0__] : [BIGINT]) - [8]
2021-03-10 22:37:34.526 TRACE 20712 --- [    Test worker] o.h.type.descriptor.sql.BasicExtractor   : extracted value ([id1_6_0__] : [BIGINT]) - [13]
2021-03-10 22:37:34.526 TRACE 20712 --- [    Test worker] o.h.type.descriptor.sql.BasicExtractor   : extracted value ([id1_6_0_] : [BIGINT]) - [8]
2021-03-10 22:37:34.526 TRACE 20712 --- [    Test worker] o.h.type.descriptor.sql.BasicExtractor   : extracted value ([id1_6_1_] : [BIGINT]) - [14]
2021-03-10 22:37:34.526 TRACE 20712 --- [    Test worker] o.h.type.descriptor.sql.BasicExtractor   : extracted value ([id1_6_2_] : [BIGINT]) - [null]
2021-03-10 22:37:34.526 TRACE 20712 --- [    Test worker] o.h.type.descriptor.sql.BasicExtractor   : extracted value ([first_na2_6_1_] : [VARCHAR]) - [c++]
2021-03-10 22:37:34.526 TRACE 20712 --- [    Test worker] o.h.type.descriptor.sql.BasicExtractor   : extracted value ([parent_i5_6_1_] : [BIGINT]) - [8]
2021-03-10 22:37:34.526 TRACE 20712 --- [    Test worker] o.h.type.descriptor.sql.BasicExtractor   : extracted value ([second_n3_6_1_] : [VARCHAR]) - [씨플플]
2021-03-10 22:37:34.526 TRACE 20712 --- [    Test worker] o.h.type.descriptor.sql.BasicExtractor   : extracted value ([third_na4_6_1_] : [VARCHAR]) - [null]
2021-03-10 22:37:34.526 TRACE 20712 --- [    Test worker] o.h.type.descriptor.sql.BasicExtractor   : extracted value ([parent_i5_6_0__] : [BIGINT]) - [8]
2021-03-10 22:37:34.526 TRACE 20712 --- [    Test worker] o.h.type.descriptor.sql.BasicExtractor   : extracted value ([id1_6_0__] : [BIGINT]) - [14]
2021-03-10 22:37:34.526 TRACE 20712 --- [    Test worker] o.h.type.descriptor.sql.BasicExtractor   : extracted value ([id1_6_0_] : [BIGINT]) - [8]
2021-03-10 22:37:34.526 TRACE 20712 --- [    Test worker] o.h.type.descriptor.sql.BasicExtractor   : extracted value ([id1_6_1_] : [BIGINT]) - [15]
2021-03-10 22:37:34.526 TRACE 20712 --- [    Test worker] o.h.type.descriptor.sql.BasicExtractor   : extracted value ([id1_6_2_] : [BIGINT]) - [null]
2021-03-10 22:37:34.526 TRACE 20712 --- [    Test worker] o.h.type.descriptor.sql.BasicExtractor   : extracted value ([first_na2_6_1_] : [VARCHAR]) - [php]
2021-03-10 22:37:34.526 TRACE 20712 --- [    Test worker] o.h.type.descriptor.sql.BasicExtractor   : extracted value ([parent_i5_6_1_] : [BIGINT]) - [8]
2021-03-10 22:37:34.526 TRACE 20712 --- [    Test worker] o.h.type.descriptor.sql.BasicExtractor   : extracted value ([second_n3_6_1_] : [VARCHAR]) - [피에이치피]
2021-03-10 22:37:34.526 TRACE 20712 --- [    Test worker] o.h.type.descriptor.sql.BasicExtractor   : extracted value ([third_na4_6_1_] : [VARCHAR]) - [null]
2021-03-10 22:37:34.526 TRACE 20712 --- [    Test worker] o.h.type.descriptor.sql.BasicExtractor   : extracted value ([parent_i5_6_0__] : [BIGINT]) - [8]
2021-03-10 22:37:34.526 TRACE 20712 --- [    Test worker] o.h.type.descriptor.sql.BasicExtractor   : extracted value ([id1_6_0__] : [BIGINT]) - [15]
2021-03-10 22:37:34.526 TRACE 20712 --- [    Test worker] o.h.type.descriptor.sql.BasicExtractor   : extracted value ([id1_6_0_] : [BIGINT]) - [8]
2021-03-10 22:37:34.526 TRACE 20712 --- [    Test worker] o.h.type.descriptor.sql.BasicExtractor   : extracted value ([id1_6_1_] : [BIGINT]) - [16]
2021-03-10 22:37:34.526 TRACE 20712 --- [    Test worker] o.h.type.descriptor.sql.BasicExtractor   : extracted value ([id1_6_2_] : [BIGINT]) - [null]
2021-03-10 22:37:34.526 TRACE 20712 --- [    Test worker] o.h.type.descriptor.sql.BasicExtractor   : extracted value ([first_na2_6_1_] : [VARCHAR]) - [타입스크립트]
2021-03-10 22:37:34.526 TRACE 20712 --- [    Test worker] o.h.type.descriptor.sql.BasicExtractor   : extracted value ([parent_i5_6_1_] : [BIGINT]) - [8]
2021-03-10 22:37:34.526 TRACE 20712 --- [    Test worker] o.h.type.descriptor.sql.BasicExtractor   : extracted value ([second_n3_6_1_] : [VARCHAR]) - [TypeScript]
2021-03-10 22:37:34.526 TRACE 20712 --- [    Test worker] o.h.type.descriptor.sql.BasicExtractor   : extracted value ([third_na4_6_1_] : [VARCHAR]) - [null]
2021-03-10 22:37:34.526 TRACE 20712 --- [    Test worker] o.h.type.descriptor.sql.BasicExtractor   : extracted value ([parent_i5_6_0__] : [BIGINT]) - [8]
2021-03-10 22:37:34.526 TRACE 20712 --- [    Test worker] o.h.type.descriptor.sql.BasicExtractor   : extracted value ([id1_6_0__] : [BIGINT]) - [16]
2021-03-10 22:37:34.526 TRACE 20712 --- [    Test worker] o.h.type.descriptor.sql.BasicExtractor   : extracted value ([id1_6_0_] : [BIGINT]) - [8]
2021-03-10 22:37:34.526 TRACE 20712 --- [    Test worker] o.h.type.descriptor.sql.BasicExtractor   : extracted value ([id1_6_1_] : [BIGINT]) - [17]
2021-03-10 22:37:34.526 TRACE 20712 --- [    Test worker] o.h.type.descriptor.sql.BasicExtractor   : extracted value ([id1_6_2_] : [BIGINT]) - [null]
2021-03-10 22:37:34.526 TRACE 20712 --- [    Test worker] o.h.type.descriptor.sql.BasicExtractor   : extracted value ([first_na2_6_1_] : [VARCHAR]) - [c#]
2021-03-10 22:37:34.526 TRACE 20712 --- [    Test worker] o.h.type.descriptor.sql.BasicExtractor   : extracted value ([parent_i5_6_1_] : [BIGINT]) - [8]
2021-03-10 22:37:34.526 TRACE 20712 --- [    Test worker] o.h.type.descriptor.sql.BasicExtractor   : extracted value ([second_n3_6_1_] : [VARCHAR]) - [씨샾]
2021-03-10 22:37:34.526 TRACE 20712 --- [    Test worker] o.h.type.descriptor.sql.BasicExtractor   : extracted value ([third_na4_6_1_] : [VARCHAR]) - [null]
2021-03-10 22:37:34.526 TRACE 20712 --- [    Test worker] o.h.type.descriptor.sql.BasicExtractor   : extracted value ([parent_i5_6_0__] : [BIGINT]) - [8]
2021-03-10 22:37:34.526 TRACE 20712 --- [    Test worker] o.h.type.descriptor.sql.BasicExtractor   : extracted value ([id1_6_0__] : [BIGINT]) - [17]
2021-03-10 22:37:34.526 TRACE 20712 --- [    Test worker] o.h.type.descriptor.sql.BasicExtractor   : extracted value ([id1_6_0_] : [BIGINT]) - [8]
2021-03-10 22:37:34.526 TRACE 20712 --- [    Test worker] o.h.type.descriptor.sql.BasicExtractor   : extracted value ([id1_6_1_] : [BIGINT]) - [18]
2021-03-10 22:37:34.526 TRACE 20712 --- [    Test worker] o.h.type.descriptor.sql.BasicExtractor   : extracted value ([id1_6_2_] : [BIGINT]) - [null]
2021-03-10 22:37:34.526 TRACE 20712 --- [    Test worker] o.h.type.descriptor.sql.BasicExtractor   : extracted value ([first_na2_6_1_] : [VARCHAR]) - [c]
2021-03-10 22:37:34.526 TRACE 20712 --- [    Test worker] o.h.type.descriptor.sql.BasicExtractor   : extracted value ([parent_i5_6_1_] : [BIGINT]) - [8]
2021-03-10 22:37:34.526 TRACE 20712 --- [    Test worker] o.h.type.descriptor.sql.BasicExtractor   : extracted value ([second_n3_6_1_] : [VARCHAR]) - [씨]
2021-03-10 22:37:34.526 TRACE 20712 --- [    Test worker] o.h.type.descriptor.sql.BasicExtractor   : extracted value ([third_na4_6_1_] : [VARCHAR]) - [null]
2021-03-10 22:37:34.526 TRACE 20712 --- [    Test worker] o.h.type.descriptor.sql.BasicExtractor   : extracted value ([parent_i5_6_0__] : [BIGINT]) - [8]
2021-03-10 22:37:34.526 TRACE 20712 --- [    Test worker] o.h.type.descriptor.sql.BasicExtractor   : extracted value ([id1_6_0__] : [BIGINT]) - [18]
2021-03-10 22:37:34.526 TRACE 20712 --- [    Test worker] o.h.type.descriptor.sql.BasicExtractor   : extracted value ([id1_6_0_] : [BIGINT]) - [8]
2021-03-10 22:37:34.526 TRACE 20712 --- [    Test worker] o.h.type.descriptor.sql.BasicExtractor   : extracted value ([id1_6_1_] : [BIGINT]) - [19]
2021-03-10 22:37:34.526 TRACE 20712 --- [    Test worker] o.h.type.descriptor.sql.BasicExtractor   : extracted value ([id1_6_2_] : [BIGINT]) - [null]
2021-03-10 22:37:34.526 TRACE 20712 --- [    Test worker] o.h.type.descriptor.sql.BasicExtractor   : extracted value ([first_na2_6_1_] : [VARCHAR]) - [shell]
2021-03-10 22:37:34.526 TRACE 20712 --- [    Test worker] o.h.type.descriptor.sql.BasicExtractor   : extracted value ([parent_i5_6_1_] : [BIGINT]) - [8]
2021-03-10 22:37:34.526 TRACE 20712 --- [    Test worker] o.h.type.descriptor.sql.BasicExtractor   : extracted value ([second_n3_6_1_] : [VARCHAR]) - [쉘]
2021-03-10 22:37:34.526 TRACE 20712 --- [    Test worker] o.h.type.descriptor.sql.BasicExtractor   : extracted value ([third_na4_6_1_] : [VARCHAR]) - [null]
2021-03-10 22:37:34.526 TRACE 20712 --- [    Test worker] o.h.type.descriptor.sql.BasicExtractor   : extracted value ([parent_i5_6_0__] : [BIGINT]) - [8]
2021-03-10 22:37:34.526 TRACE 20712 --- [    Test worker] o.h.type.descriptor.sql.BasicExtractor   : extracted value ([id1_6_0__] : [BIGINT]) - [19]
2021-03-10 22:37:34.526 TRACE 20712 --- [    Test worker] o.h.type.descriptor.sql.BasicExtractor   : extracted value ([id1_6_0_] : [BIGINT]) - [8]
2021-03-10 22:37:34.526 TRACE 20712 --- [    Test worker] o.h.type.descriptor.sql.BasicExtractor   : extracted value ([id1_6_1_] : [BIGINT]) - [20]
2021-03-10 22:37:34.526 TRACE 20712 --- [    Test worker] o.h.type.descriptor.sql.BasicExtractor   : extracted value ([id1_6_2_] : [BIGINT]) - [null]
2021-03-10 22:37:34.526 TRACE 20712 --- [    Test worker] o.h.type.descriptor.sql.BasicExtractor   : extracted value ([first_na2_6_1_] : [VARCHAR]) - [scala]
2021-03-10 22:37:34.526 TRACE 20712 --- [    Test worker] o.h.type.descriptor.sql.BasicExtractor   : extracted value ([parent_i5_6_1_] : [BIGINT]) - [8]
2021-03-10 22:37:34.526 TRACE 20712 --- [    Test worker] o.h.type.descriptor.sql.BasicExtractor   : extracted value ([second_n3_6_1_] : [VARCHAR]) - [스칼라]
2021-03-10 22:37:34.526 TRACE 20712 --- [    Test worker] o.h.type.descriptor.sql.BasicExtractor   : extracted value ([third_na4_6_1_] : [VARCHAR]) - [null]
2021-03-10 22:37:34.526 TRACE 20712 --- [    Test worker] o.h.type.descriptor.sql.BasicExtractor   : extracted value ([parent_i5_6_0__] : [BIGINT]) - [8]
2021-03-10 22:37:34.526 TRACE 20712 --- [    Test worker] o.h.type.descriptor.sql.BasicExtractor   : extracted value ([id1_6_0__] : [BIGINT]) - [20]
2021-03-10 22:37:34.526 TRACE 20712 --- [    Test worker] o.h.type.descriptor.sql.BasicExtractor   : extracted value ([id1_6_0_] : [BIGINT]) - [8]
2021-03-10 22:37:34.526 TRACE 20712 --- [    Test worker] o.h.type.descriptor.sql.BasicExtractor   : extracted value ([id1_6_1_] : [BIGINT]) - [21]
2021-03-10 22:37:34.526 TRACE 20712 --- [    Test worker] o.h.type.descriptor.sql.BasicExtractor   : extracted value ([id1_6_2_] : [BIGINT]) - [null]
2021-03-10 22:37:34.526 TRACE 20712 --- [    Test worker] o.h.type.descriptor.sql.BasicExtractor   : extracted value ([first_na2_6_1_] : [VARCHAR]) - [swift]
2021-03-10 22:37:34.526 TRACE 20712 --- [    Test worker] o.h.type.descriptor.sql.BasicExtractor   : extracted value ([parent_i5_6_1_] : [BIGINT]) - [8]
2021-03-10 22:37:34.526 TRACE 20712 --- [    Test worker] o.h.type.descriptor.sql.BasicExtractor   : extracted value ([second_n3_6_1_] : [VARCHAR]) - [스위프트]
2021-03-10 22:37:34.526 TRACE 20712 --- [    Test worker] o.h.type.descriptor.sql.BasicExtractor   : extracted value ([third_na4_6_1_] : [VARCHAR]) - [null]
2021-03-10 22:37:34.526 TRACE 20712 --- [    Test worker] o.h.type.descriptor.sql.BasicExtractor   : extracted value ([parent_i5_6_0__] : [BIGINT]) - [8]
2021-03-10 22:37:34.526 TRACE 20712 --- [    Test worker] o.h.type.descriptor.sql.BasicExtractor   : extracted value ([id1_6_0__] : [BIGINT]) - [21]
2021-03-10 22:37:34.526 TRACE 20712 --- [    Test worker] o.h.type.descriptor.sql.BasicExtractor   : extracted value ([id1_6_0_] : [BIGINT]) - [8]
2021-03-10 22:37:34.526 TRACE 20712 --- [    Test worker] o.h.type.descriptor.sql.BasicExtractor   : extracted value ([id1_6_1_] : [BIGINT]) - [22]
2021-03-10 22:37:34.526 TRACE 20712 --- [    Test worker] o.h.type.descriptor.sql.BasicExtractor   : extracted value ([id1_6_2_] : [BIGINT]) - [null]
2021-03-10 22:37:34.526 TRACE 20712 --- [    Test worker] o.h.type.descriptor.sql.BasicExtractor   : extracted value ([first_na2_6_1_] : [VARCHAR]) - [rust]
2021-03-10 22:37:34.526 TRACE 20712 --- [    Test worker] o.h.type.descriptor.sql.BasicExtractor   : extracted value ([parent_i5_6_1_] : [BIGINT]) - [8]
2021-03-10 22:37:34.526 TRACE 20712 --- [    Test worker] o.h.type.descriptor.sql.BasicExtractor   : extracted value ([second_n3_6_1_] : [VARCHAR]) - [러스트]
2021-03-10 22:37:34.526 TRACE 20712 --- [    Test worker] o.h.type.descriptor.sql.BasicExtractor   : extracted value ([third_na4_6_1_] : [VARCHAR]) - [null]
2021-03-10 22:37:34.526 TRACE 20712 --- [    Test worker] o.h.type.descriptor.sql.BasicExtractor   : extracted value ([parent_i5_6_0__] : [BIGINT]) - [8]
2021-03-10 22:37:34.526 TRACE 20712 --- [    Test worker] o.h.type.descriptor.sql.BasicExtractor   : extracted value ([id1_6_0__] : [BIGINT]) - [22]
2021-03-10 22:37:34.526 TRACE 20712 --- [    Test worker] o.h.type.descriptor.sql.BasicExtractor   : extracted value ([id1_6_0_] : [BIGINT]) - [8]
2021-03-10 22:37:34.526 TRACE 20712 --- [    Test worker] o.h.type.descriptor.sql.BasicExtractor   : extracted value ([id1_6_1_] : [BIGINT]) - [23]
2021-03-10 22:37:34.526 TRACE 20712 --- [    Test worker] o.h.type.descriptor.sql.BasicExtractor   : extracted value ([id1_6_2_] : [BIGINT]) - [null]
2021-03-10 22:37:34.526 TRACE 20712 --- [    Test worker] o.h.type.descriptor.sql.BasicExtractor   : extracted value ([first_na2_6_1_] : [VARCHAR]) - [dm]
2021-03-10 22:37:34.526 TRACE 20712 --- [    Test worker] o.h.type.descriptor.sql.BasicExtractor   : extracted value ([parent_i5_6_1_] : [BIGINT]) - [8]
2021-03-10 22:37:34.526 TRACE 20712 --- [    Test worker] o.h.type.descriptor.sql.BasicExtractor   : extracted value ([second_n3_6_1_] : [VARCHAR]) - [디엠]
2021-03-10 22:37:34.526 TRACE 20712 --- [    Test worker] o.h.type.descriptor.sql.BasicExtractor   : extracted value ([third_na4_6_1_] : [VARCHAR]) - [null]
2021-03-10 22:37:34.526 TRACE 20712 --- [    Test worker] o.h.type.descriptor.sql.BasicExtractor   : extracted value ([parent_i5_6_0__] : [BIGINT]) - [8]
2021-03-10 22:37:34.526 TRACE 20712 --- [    Test worker] o.h.type.descriptor.sql.BasicExtractor   : extracted value ([id1_6_0__] : [BIGINT]) - [23]
2021-03-10 22:37:34.526 TRACE 20712 --- [    Test worker] o.h.type.descriptor.sql.BasicExtractor   : extracted value ([id1_6_0_] : [BIGINT]) - [8]
2021-03-10 22:37:34.526 TRACE 20712 --- [    Test worker] o.h.type.descriptor.sql.BasicExtractor   : extracted value ([id1_6_1_] : [BIGINT]) - [24]
2021-03-10 22:37:34.526 TRACE 20712 --- [    Test worker] o.h.type.descriptor.sql.BasicExtractor   : extracted value ([id1_6_2_] : [BIGINT]) - [null]
2021-03-10 22:37:34.542 TRACE 20712 --- [    Test worker] o.h.type.descriptor.sql.BasicExtractor   : extracted value ([first_na2_6_1_] : [VARCHAR]) - [objective-c]
2021-03-10 22:37:34.542 TRACE 20712 --- [    Test worker] o.h.type.descriptor.sql.BasicExtractor   : extracted value ([parent_i5_6_1_] : [BIGINT]) - [8]
2021-03-10 22:37:34.542 TRACE 20712 --- [    Test worker] o.h.type.descriptor.sql.BasicExtractor   : extracted value ([second_n3_6_1_] : [VARCHAR]) - [오브젝트 씨]
2021-03-10 22:37:34.542 TRACE 20712 --- [    Test worker] o.h.type.descriptor.sql.BasicExtractor   : extracted value ([third_na4_6_1_] : [VARCHAR]) - [null]
2021-03-10 22:37:34.542 TRACE 20712 --- [    Test worker] o.h.type.descriptor.sql.BasicExtractor   : extracted value ([parent_i5_6_0__] : [BIGINT]) - [8]
2021-03-10 22:37:34.542 TRACE 20712 --- [    Test worker] o.h.type.descriptor.sql.BasicExtractor   : extracted value ([id1_6_0__] : [BIGINT]) - [24]
Hibernate: 
    call next value for hibernate_sequence
Hibernate: 
    insert 
    into
        tag
        (first_name, parent_id, second_name, third_name, id) 
    values
        (?, ?, ?, ?, ?)
2021-03-10 22:37:34.542 TRACE 20712 --- [    Test worker] o.h.type.descriptor.sql.BasicBinder      : binding parameter [1] as [VARCHAR] - [kotlin]
2021-03-10 22:37:34.542 TRACE 20712 --- [    Test worker] o.h.type.descriptor.sql.BasicBinder      : binding parameter [2] as [BIGINT] - [8]
2021-03-10 22:37:34.542 TRACE 20712 --- [    Test worker] o.h.type.descriptor.sql.BasicBinder      : binding parameter [3] as [VARCHAR] - [코틀린]
2021-03-10 22:37:34.542 TRACE 20712 --- [    Test worker] o.h.type.descriptor.sql.BasicBinder      : binding parameter [4] as [VARCHAR] - [null]
2021-03-10 22:37:34.542 TRACE 20712 --- [    Test worker] o.h.type.descriptor.sql.BasicBinder      : binding parameter [5] as [BIGINT] - [25]
Hibernate: 
    call next value for hibernate_sequence
Hibernate: 
    insert 
    into
        tag
        (first_name, parent_id, second_name, third_name, id) 
    values
        (?, ?, ?, ?, ?)
2021-03-10 22:37:34.542 TRACE 20712 --- [    Test worker] o.h.type.descriptor.sql.BasicBinder      : binding parameter [1] as [VARCHAR] - [프레임워크]
2021-03-10 22:37:34.542 TRACE 20712 --- [    Test worker] o.h.type.descriptor.sql.BasicBinder      : binding parameter [2] as [BIGINT] - [null]
2021-03-10 22:37:34.542 TRACE 20712 --- [    Test worker] o.h.type.descriptor.sql.BasicBinder      : binding parameter [3] as [VARCHAR] - [framework]
2021-03-10 22:37:34.542 TRACE 20712 --- [    Test worker] o.h.type.descriptor.sql.BasicBinder      : binding parameter [4] as [VARCHAR] - [null]
2021-03-10 22:37:34.542 TRACE 20712 --- [    Test worker] o.h.type.descriptor.sql.BasicBinder      : binding parameter [5] as [BIGINT] - [26]
Hibernate: 
    select
        tag0_.id as id1_6_0_,
        children1_.id as id1_6_1_,
        tag2_.id as id1_6_2_,
        tag0_.first_name as first_na2_6_0_,
        tag0_.parent_id as parent_i5_6_0_,
        tag0_.second_name as second_n3_6_0_,
        tag0_.third_name as third_na4_6_0_,
        children1_.first_name as first_na2_6_1_,
        children1_.parent_id as parent_i5_6_1_,
        children1_.second_name as second_n3_6_1_,
        children1_.third_name as third_na4_6_1_,
        children1_.parent_id as parent_i5_6_0__,
        children1_.id as id1_6_0__,
        tag2_.first_name as first_na2_6_2_,
        tag2_.parent_id as parent_i5_6_2_,
        tag2_.second_name as second_n3_6_2_,
        tag2_.third_name as third_na4_6_2_ 
    from
        tag tag0_ 
    left outer join
        tag children1_ 
            on tag0_.id=children1_.parent_id 
    left outer join
        tag tag2_ 
            on tag0_.parent_id=tag2_.id 
    where
        tag0_.first_name=?
2021-03-10 22:37:34.542 TRACE 20712 --- [    Test worker] o.h.type.descriptor.sql.BasicBinder      : binding parameter [1] as [VARCHAR] - [프레임워크]
2021-03-10 22:37:34.542 TRACE 20712 --- [    Test worker] o.h.type.descriptor.sql.BasicExtractor   : extracted value ([id1_6_0_] : [BIGINT]) - [26]
2021-03-10 22:37:34.542 TRACE 20712 --- [    Test worker] o.h.type.descriptor.sql.BasicExtractor   : extracted value ([id1_6_1_] : [BIGINT]) - [null]
2021-03-10 22:37:34.542 TRACE 20712 --- [    Test worker] o.h.type.descriptor.sql.BasicExtractor   : extracted value ([id1_6_2_] : [BIGINT]) - [null]
2021-03-10 22:37:34.542 TRACE 20712 --- [    Test worker] o.h.type.descriptor.sql.BasicExtractor   : extracted value ([first_na2_6_0_] : [VARCHAR]) - [프레임워크]
2021-03-10 22:37:34.542 TRACE 20712 --- [    Test worker] o.h.type.descriptor.sql.BasicExtractor   : extracted value ([parent_i5_6_0_] : [BIGINT]) - [null]
2021-03-10 22:37:34.542 TRACE 20712 --- [    Test worker] o.h.type.descriptor.sql.BasicExtractor   : extracted value ([second_n3_6_0_] : [VARCHAR]) - [framework]
2021-03-10 22:37:34.542 TRACE 20712 --- [    Test worker] o.h.type.descriptor.sql.BasicExtractor   : extracted value ([third_na4_6_0_] : [VARCHAR]) - [null]
2021-03-10 22:37:34.542 TRACE 20712 --- [    Test worker] o.h.type.descriptor.sql.BasicExtractor   : extracted value ([parent_i5_6_0__] : [BIGINT]) - [null]
Hibernate: 
    call next value for hibernate_sequence
Hibernate: 
    insert 
    into
        tag
        (first_name, parent_id, second_name, third_name, id) 
    values
        (?, ?, ?, ?, ?)
2021-03-10 22:37:34.542 TRACE 20712 --- [    Test worker] o.h.type.descriptor.sql.BasicBinder      : binding parameter [1] as [VARCHAR] - [react]
2021-03-10 22:37:34.542 TRACE 20712 --- [    Test worker] o.h.type.descriptor.sql.BasicBinder      : binding parameter [2] as [BIGINT] - [26]
2021-03-10 22:37:34.542 TRACE 20712 --- [    Test worker] o.h.type.descriptor.sql.BasicBinder      : binding parameter [3] as [VARCHAR] - [리엑트]
2021-03-10 22:37:34.542 TRACE 20712 --- [    Test worker] o.h.type.descriptor.sql.BasicBinder      : binding parameter [4] as [VARCHAR] - [null]
2021-03-10 22:37:34.542 TRACE 20712 --- [    Test worker] o.h.type.descriptor.sql.BasicBinder      : binding parameter [5] as [BIGINT] - [27]
Hibernate: 
    select
        tag0_.id as id1_6_0_,
        children1_.id as id1_6_1_,
        tag2_.id as id1_6_2_,
        tag0_.first_name as first_na2_6_0_,
        tag0_.parent_id as parent_i5_6_0_,
        tag0_.second_name as second_n3_6_0_,
        tag0_.third_name as third_na4_6_0_,
        children1_.first_name as first_na2_6_1_,
        children1_.parent_id as parent_i5_6_1_,
        children1_.second_name as second_n3_6_1_,
        children1_.third_name as third_na4_6_1_,
        children1_.parent_id as parent_i5_6_0__,
        children1_.id as id1_6_0__,
        tag2_.first_name as first_na2_6_2_,
        tag2_.parent_id as parent_i5_6_2_,
        tag2_.second_name as second_n3_6_2_,
        tag2_.third_name as third_na4_6_2_ 
    from
        tag tag0_ 
    left outer join
        tag children1_ 
            on tag0_.id=children1_.parent_id 
    left outer join
        tag tag2_ 
            on tag0_.parent_id=tag2_.id 
    where
        tag0_.first_name=?
2021-03-10 22:37:34.542 TRACE 20712 --- [    Test worker] o.h.type.descriptor.sql.BasicBinder      : binding parameter [1] as [VARCHAR] - [프레임워크]
2021-03-10 22:37:34.557 TRACE 20712 --- [    Test worker] o.h.type.descriptor.sql.BasicExtractor   : extracted value ([id1_6_0_] : [BIGINT]) - [26]
2021-03-10 22:37:34.557 TRACE 20712 --- [    Test worker] o.h.type.descriptor.sql.BasicExtractor   : extracted value ([id1_6_1_] : [BIGINT]) - [27]
2021-03-10 22:37:34.557 TRACE 20712 --- [    Test worker] o.h.type.descriptor.sql.BasicExtractor   : extracted value ([id1_6_2_] : [BIGINT]) - [null]
2021-03-10 22:37:34.557 TRACE 20712 --- [    Test worker] o.h.type.descriptor.sql.BasicExtractor   : extracted value ([first_na2_6_0_] : [VARCHAR]) - [프레임워크]
2021-03-10 22:37:34.557 TRACE 20712 --- [    Test worker] o.h.type.descriptor.sql.BasicExtractor   : extracted value ([parent_i5_6_0_] : [BIGINT]) - [null]
2021-03-10 22:37:34.557 TRACE 20712 --- [    Test worker] o.h.type.descriptor.sql.BasicExtractor   : extracted value ([second_n3_6_0_] : [VARCHAR]) - [framework]
2021-03-10 22:37:34.557 TRACE 20712 --- [    Test worker] o.h.type.descriptor.sql.BasicExtractor   : extracted value ([third_na4_6_0_] : [VARCHAR]) - [null]
2021-03-10 22:37:34.557 TRACE 20712 --- [    Test worker] o.h.type.descriptor.sql.BasicExtractor   : extracted value ([first_na2_6_1_] : [VARCHAR]) - [react]
2021-03-10 22:37:34.557 TRACE 20712 --- [    Test worker] o.h.type.descriptor.sql.BasicExtractor   : extracted value ([parent_i5_6_1_] : [BIGINT]) - [26]
2021-03-10 22:37:34.557 TRACE 20712 --- [    Test worker] o.h.type.descriptor.sql.BasicExtractor   : extracted value ([second_n3_6_1_] : [VARCHAR]) - [리엑트]
2021-03-10 22:37:34.557 TRACE 20712 --- [    Test worker] o.h.type.descriptor.sql.BasicExtractor   : extracted value ([third_na4_6_1_] : [VARCHAR]) - [null]
2021-03-10 22:37:34.557 TRACE 20712 --- [    Test worker] o.h.type.descriptor.sql.BasicExtractor   : extracted value ([parent_i5_6_0__] : [BIGINT]) - [26]
2021-03-10 22:37:34.557 TRACE 20712 --- [    Test worker] o.h.type.descriptor.sql.BasicExtractor   : extracted value ([id1_6_0__] : [BIGINT]) - [27]
Hibernate: 
    call next value for hibernate_sequence
Hibernate: 
    insert 
    into
        tag
        (first_name, parent_id, second_name, third_name, id) 
    values
        (?, ?, ?, ?, ?)
2021-03-10 22:37:34.557 TRACE 20712 --- [    Test worker] o.h.type.descriptor.sql.BasicBinder      : binding parameter [1] as [VARCHAR] - [asp.net mvc]
2021-03-10 22:37:34.557 TRACE 20712 --- [    Test worker] o.h.type.descriptor.sql.BasicBinder      : binding parameter [2] as [BIGINT] - [26]
2021-03-10 22:37:34.557 TRACE 20712 --- [    Test worker] o.h.type.descriptor.sql.BasicBinder      : binding parameter [3] as [VARCHAR] - [null]
2021-03-10 22:37:34.557 TRACE 20712 --- [    Test worker] o.h.type.descriptor.sql.BasicBinder      : binding parameter [4] as [VARCHAR] - [null]
2021-03-10 22:37:34.557 TRACE 20712 --- [    Test worker] o.h.type.descriptor.sql.BasicBinder      : binding parameter [5] as [BIGINT] - [28]
Hibernate: 
    select
        tag0_.id as id1_6_0_,
        children1_.id as id1_6_1_,
        tag2_.id as id1_6_2_,
        tag0_.first_name as first_na2_6_0_,
        tag0_.parent_id as parent_i5_6_0_,
        tag0_.second_name as second_n3_6_0_,
        tag0_.third_name as third_na4_6_0_,
        children1_.first_name as first_na2_6_1_,
        children1_.parent_id as parent_i5_6_1_,
        children1_.second_name as second_n3_6_1_,
        children1_.third_name as third_na4_6_1_,
        children1_.parent_id as parent_i5_6_0__,
        children1_.id as id1_6_0__,
        tag2_.first_name as first_na2_6_2_,
        tag2_.parent_id as parent_i5_6_2_,
        tag2_.second_name as second_n3_6_2_,
        tag2_.third_name as third_na4_6_2_ 
    from
        tag tag0_ 
    left outer join
        tag children1_ 
            on tag0_.id=children1_.parent_id 
    left outer join
        tag tag2_ 
            on tag0_.parent_id=tag2_.id 
    where
        tag0_.first_name=?
2021-03-10 22:37:34.557 TRACE 20712 --- [    Test worker] o.h.type.descriptor.sql.BasicBinder      : binding parameter [1] as [VARCHAR] - [프레임워크]
2021-03-10 22:37:34.557 TRACE 20712 --- [    Test worker] o.h.type.descriptor.sql.BasicExtractor   : extracted value ([id1_6_0_] : [BIGINT]) - [26]
2021-03-10 22:37:34.557 TRACE 20712 --- [    Test worker] o.h.type.descriptor.sql.BasicExtractor   : extracted value ([id1_6_1_] : [BIGINT]) - [27]
2021-03-10 22:37:34.557 TRACE 20712 --- [    Test worker] o.h.type.descriptor.sql.BasicExtractor   : extracted value ([id1_6_2_] : [BIGINT]) - [null]
2021-03-10 22:37:34.557 TRACE 20712 --- [    Test worker] o.h.type.descriptor.sql.BasicExtractor   : extracted value ([first_na2_6_0_] : [VARCHAR]) - [프레임워크]
2021-03-10 22:37:34.557 TRACE 20712 --- [    Test worker] o.h.type.descriptor.sql.BasicExtractor   : extracted value ([parent_i5_6_0_] : [BIGINT]) - [null]
2021-03-10 22:37:34.557 TRACE 20712 --- [    Test worker] o.h.type.descriptor.sql.BasicExtractor   : extracted value ([second_n3_6_0_] : [VARCHAR]) - [framework]
2021-03-10 22:37:34.557 TRACE 20712 --- [    Test worker] o.h.type.descriptor.sql.BasicExtractor   : extracted value ([third_na4_6_0_] : [VARCHAR]) - [null]
2021-03-10 22:37:34.557 TRACE 20712 --- [    Test worker] o.h.type.descriptor.sql.BasicExtractor   : extracted value ([first_na2_6_1_] : [VARCHAR]) - [react]
2021-03-10 22:37:34.557 TRACE 20712 --- [    Test worker] o.h.type.descriptor.sql.BasicExtractor   : extracted value ([parent_i5_6_1_] : [BIGINT]) - [26]
2021-03-10 22:37:34.557 TRACE 20712 --- [    Test worker] o.h.type.descriptor.sql.BasicExtractor   : extracted value ([second_n3_6_1_] : [VARCHAR]) - [리엑트]
2021-03-10 22:37:34.557 TRACE 20712 --- [    Test worker] o.h.type.descriptor.sql.BasicExtractor   : extracted value ([third_na4_6_1_] : [VARCHAR]) - [null]
2021-03-10 22:37:34.557 TRACE 20712 --- [    Test worker] o.h.type.descriptor.sql.BasicExtractor   : extracted value ([parent_i5_6_0__] : [BIGINT]) - [26]
2021-03-10 22:37:34.557 TRACE 20712 --- [    Test worker] o.h.type.descriptor.sql.BasicExtractor   : extracted value ([id1_6_0__] : [BIGINT]) - [27]
2021-03-10 22:37:34.557 TRACE 20712 --- [    Test worker] o.h.type.descriptor.sql.BasicExtractor   : extracted value ([id1_6_0_] : [BIGINT]) - [26]
2021-03-10 22:37:34.557 TRACE 20712 --- [    Test worker] o.h.type.descriptor.sql.BasicExtractor   : extracted value ([id1_6_1_] : [BIGINT]) - [28]
2021-03-10 22:37:34.557 TRACE 20712 --- [    Test worker] o.h.type.descriptor.sql.BasicExtractor   : extracted value ([id1_6_2_] : [BIGINT]) - [null]
2021-03-10 22:37:34.557 TRACE 20712 --- [    Test worker] o.h.type.descriptor.sql.BasicExtractor   : extracted value ([first_na2_6_1_] : [VARCHAR]) - [asp.net mvc]
2021-03-10 22:37:34.557 TRACE 20712 --- [    Test worker] o.h.type.descriptor.sql.BasicExtractor   : extracted value ([parent_i5_6_1_] : [BIGINT]) - [26]
2021-03-10 22:37:34.557 TRACE 20712 --- [    Test worker] o.h.type.descriptor.sql.BasicExtractor   : extracted value ([second_n3_6_1_] : [VARCHAR]) - [null]
2021-03-10 22:37:34.557 TRACE 20712 --- [    Test worker] o.h.type.descriptor.sql.BasicExtractor   : extracted value ([third_na4_6_1_] : [VARCHAR]) - [null]
2021-03-10 22:37:34.557 TRACE 20712 --- [    Test worker] o.h.type.descriptor.sql.BasicExtractor   : extracted value ([parent_i5_6_0__] : [BIGINT]) - [26]
2021-03-10 22:37:34.557 TRACE 20712 --- [    Test worker] o.h.type.descriptor.sql.BasicExtractor   : extracted value ([id1_6_0__] : [BIGINT]) - [28]
Hibernate: 
    call next value for hibernate_sequence
Hibernate: 
    insert 
    into
        tag
        (first_name, parent_id, second_name, third_name, id) 
    values
        (?, ?, ?, ?, ?)
2021-03-10 22:37:34.557 TRACE 20712 --- [    Test worker] o.h.type.descriptor.sql.BasicBinder      : binding parameter [1] as [VARCHAR] - [angular]
2021-03-10 22:37:34.557 TRACE 20712 --- [    Test worker] o.h.type.descriptor.sql.BasicBinder      : binding parameter [2] as [BIGINT] - [26]
2021-03-10 22:37:34.557 TRACE 20712 --- [    Test worker] o.h.type.descriptor.sql.BasicBinder      : binding parameter [3] as [VARCHAR] - [앵귤러]
2021-03-10 22:37:34.557 TRACE 20712 --- [    Test worker] o.h.type.descriptor.sql.BasicBinder      : binding parameter [4] as [VARCHAR] - [null]
2021-03-10 22:37:34.557 TRACE 20712 --- [    Test worker] o.h.type.descriptor.sql.BasicBinder      : binding parameter [5] as [BIGINT] - [29]
Hibernate: 
    select
        tag0_.id as id1_6_0_,
        children1_.id as id1_6_1_,
        tag2_.id as id1_6_2_,
        tag0_.first_name as first_na2_6_0_,
        tag0_.parent_id as parent_i5_6_0_,
        tag0_.second_name as second_n3_6_0_,
        tag0_.third_name as third_na4_6_0_,
        children1_.first_name as first_na2_6_1_,
        children1_.parent_id as parent_i5_6_1_,
        children1_.second_name as second_n3_6_1_,
        children1_.third_name as third_na4_6_1_,
        children1_.parent_id as parent_i5_6_0__,
        children1_.id as id1_6_0__,
        tag2_.first_name as first_na2_6_2_,
        tag2_.parent_id as parent_i5_6_2_,
        tag2_.second_name as second_n3_6_2_,
        tag2_.third_name as third_na4_6_2_ 
    from
        tag tag0_ 
    left outer join
        tag children1_ 
            on tag0_.id=children1_.parent_id 
    left outer join
        tag tag2_ 
            on tag0_.parent_id=tag2_.id 
    where
        tag0_.first_name=?
2021-03-10 22:37:34.557 TRACE 20712 --- [    Test worker] o.h.type.descriptor.sql.BasicBinder      : binding parameter [1] as [VARCHAR] - [프레임워크]
2021-03-10 22:37:34.557 TRACE 20712 --- [    Test worker] o.h.type.descriptor.sql.BasicExtractor   : extracted value ([id1_6_0_] : [BIGINT]) - [26]
2021-03-10 22:37:34.557 TRACE 20712 --- [    Test worker] o.h.type.descriptor.sql.BasicExtractor   : extracted value ([id1_6_1_] : [BIGINT]) - [27]
2021-03-10 22:37:34.557 TRACE 20712 --- [    Test worker] o.h.type.descriptor.sql.BasicExtractor   : extracted value ([id1_6_2_] : [BIGINT]) - [null]
2021-03-10 22:37:34.557 TRACE 20712 --- [    Test worker] o.h.type.descriptor.sql.BasicExtractor   : extracted value ([first_na2_6_0_] : [VARCHAR]) - [프레임워크]
2021-03-10 22:37:34.557 TRACE 20712 --- [    Test worker] o.h.type.descriptor.sql.BasicExtractor   : extracted value ([parent_i5_6_0_] : [BIGINT]) - [null]
2021-03-10 22:37:34.557 TRACE 20712 --- [    Test worker] o.h.type.descriptor.sql.BasicExtractor   : extracted value ([second_n3_6_0_] : [VARCHAR]) - [framework]
2021-03-10 22:37:34.557 TRACE 20712 --- [    Test worker] o.h.type.descriptor.sql.BasicExtractor   : extracted value ([third_na4_6_0_] : [VARCHAR]) - [null]
2021-03-10 22:37:34.557 TRACE 20712 --- [    Test worker] o.h.type.descriptor.sql.BasicExtractor   : extracted value ([first_na2_6_1_] : [VARCHAR]) - [react]
2021-03-10 22:37:34.557 TRACE 20712 --- [    Test worker] o.h.type.descriptor.sql.BasicExtractor   : extracted value ([parent_i5_6_1_] : [BIGINT]) - [26]
2021-03-10 22:37:34.557 TRACE 20712 --- [    Test worker] o.h.type.descriptor.sql.BasicExtractor   : extracted value ([second_n3_6_1_] : [VARCHAR]) - [리엑트]
2021-03-10 22:37:34.557 TRACE 20712 --- [    Test worker] o.h.type.descriptor.sql.BasicExtractor   : extracted value ([third_na4_6_1_] : [VARCHAR]) - [null]
2021-03-10 22:37:34.557 TRACE 20712 --- [    Test worker] o.h.type.descriptor.sql.BasicExtractor   : extracted value ([parent_i5_6_0__] : [BIGINT]) - [26]
2021-03-10 22:37:34.557 TRACE 20712 --- [    Test worker] o.h.type.descriptor.sql.BasicExtractor   : extracted value ([id1_6_0__] : [BIGINT]) - [27]
2021-03-10 22:37:34.557 TRACE 20712 --- [    Test worker] o.h.type.descriptor.sql.BasicExtractor   : extracted value ([id1_6_0_] : [BIGINT]) - [26]
2021-03-10 22:37:34.557 TRACE 20712 --- [    Test worker] o.h.type.descriptor.sql.BasicExtractor   : extracted value ([id1_6_1_] : [BIGINT]) - [28]
2021-03-10 22:37:34.557 TRACE 20712 --- [    Test worker] o.h.type.descriptor.sql.BasicExtractor   : extracted value ([id1_6_2_] : [BIGINT]) - [null]
2021-03-10 22:37:34.557 TRACE 20712 --- [    Test worker] o.h.type.descriptor.sql.BasicExtractor   : extracted value ([first_na2_6_1_] : [VARCHAR]) - [asp.net mvc]
2021-03-10 22:37:34.557 TRACE 20712 --- [    Test worker] o.h.type.descriptor.sql.BasicExtractor   : extracted value ([parent_i5_6_1_] : [BIGINT]) - [26]
2021-03-10 22:37:34.557 TRACE 20712 --- [    Test worker] o.h.type.descriptor.sql.BasicExtractor   : extracted value ([second_n3_6_1_] : [VARCHAR]) - [null]
2021-03-10 22:37:34.557 TRACE 20712 --- [    Test worker] o.h.type.descriptor.sql.BasicExtractor   : extracted value ([third_na4_6_1_] : [VARCHAR]) - [null]
2021-03-10 22:37:34.557 TRACE 20712 --- [    Test worker] o.h.type.descriptor.sql.BasicExtractor   : extracted value ([parent_i5_6_0__] : [BIGINT]) - [26]
2021-03-10 22:37:34.557 TRACE 20712 --- [    Test worker] o.h.type.descriptor.sql.BasicExtractor   : extracted value ([id1_6_0__] : [BIGINT]) - [28]
2021-03-10 22:37:34.557 TRACE 20712 --- [    Test worker] o.h.type.descriptor.sql.BasicExtractor   : extracted value ([id1_6_0_] : [BIGINT]) - [26]
2021-03-10 22:37:34.557 TRACE 20712 --- [    Test worker] o.h.type.descriptor.sql.BasicExtractor   : extracted value ([id1_6_1_] : [BIGINT]) - [29]
2021-03-10 22:37:34.557 TRACE 20712 --- [    Test worker] o.h.type.descriptor.sql.BasicExtractor   : extracted value ([id1_6_2_] : [BIGINT]) - [null]
2021-03-10 22:37:34.557 TRACE 20712 --- [    Test worker] o.h.type.descriptor.sql.BasicExtractor   : extracted value ([first_na2_6_1_] : [VARCHAR]) - [angular]
2021-03-10 22:37:34.557 TRACE 20712 --- [    Test worker] o.h.type.descriptor.sql.BasicExtractor   : extracted value ([parent_i5_6_1_] : [BIGINT]) - [26]
2021-03-10 22:37:34.557 TRACE 20712 --- [    Test worker] o.h.type.descriptor.sql.BasicExtractor   : extracted value ([second_n3_6_1_] : [VARCHAR]) - [앵귤러]
2021-03-10 22:37:34.557 TRACE 20712 --- [    Test worker] o.h.type.descriptor.sql.BasicExtractor   : extracted value ([third_na4_6_1_] : [VARCHAR]) - [null]
2021-03-10 22:37:34.557 TRACE 20712 --- [    Test worker] o.h.type.descriptor.sql.BasicExtractor   : extracted value ([parent_i5_6_0__] : [BIGINT]) - [26]
2021-03-10 22:37:34.557 TRACE 20712 --- [    Test worker] o.h.type.descriptor.sql.BasicExtractor   : extracted value ([id1_6_0__] : [BIGINT]) - [29]
Hibernate: 
    call next value for hibernate_sequence
Hibernate: 
    insert 
    into
        tag
        (first_name, parent_id, second_name, third_name, id) 
    values
        (?, ?, ?, ?, ?)
2021-03-10 22:37:34.557 TRACE 20712 --- [    Test worker] o.h.type.descriptor.sql.BasicBinder      : binding parameter [1] as [VARCHAR] - [Ruby on Rails]
2021-03-10 22:37:34.557 TRACE 20712 --- [    Test worker] o.h.type.descriptor.sql.BasicBinder      : binding parameter [2] as [BIGINT] - [26]
2021-03-10 22:37:34.557 TRACE 20712 --- [    Test worker] o.h.type.descriptor.sql.BasicBinder      : binding parameter [3] as [VARCHAR] - [루비온레일스]
2021-03-10 22:37:34.557 TRACE 20712 --- [    Test worker] o.h.type.descriptor.sql.BasicBinder      : binding parameter [4] as [VARCHAR] - [null]
2021-03-10 22:37:34.557 TRACE 20712 --- [    Test worker] o.h.type.descriptor.sql.BasicBinder      : binding parameter [5] as [BIGINT] - [30]
Hibernate: 
    select
        tag0_.id as id1_6_0_,
        children1_.id as id1_6_1_,
        tag2_.id as id1_6_2_,
        tag0_.first_name as first_na2_6_0_,
        tag0_.parent_id as parent_i5_6_0_,
        tag0_.second_name as second_n3_6_0_,
        tag0_.third_name as third_na4_6_0_,
        children1_.first_name as first_na2_6_1_,
        children1_.parent_id as parent_i5_6_1_,
        children1_.second_name as second_n3_6_1_,
        children1_.third_name as third_na4_6_1_,
        children1_.parent_id as parent_i5_6_0__,
        children1_.id as id1_6_0__,
        tag2_.first_name as first_na2_6_2_,
        tag2_.parent_id as parent_i5_6_2_,
        tag2_.second_name as second_n3_6_2_,
        tag2_.third_name as third_na4_6_2_ 
    from
        tag tag0_ 
    left outer join
        tag children1_ 
            on tag0_.id=children1_.parent_id 
    left outer join
        tag tag2_ 
            on tag0_.parent_id=tag2_.id 
    where
        tag0_.first_name=?
2021-03-10 22:37:34.573 TRACE 20712 --- [    Test worker] o.h.type.descriptor.sql.BasicBinder      : binding parameter [1] as [VARCHAR] - [프레임워크]
2021-03-10 22:37:34.573 TRACE 20712 --- [    Test worker] o.h.type.descriptor.sql.BasicExtractor   : extracted value ([id1_6_0_] : [BIGINT]) - [26]
2021-03-10 22:37:34.573 TRACE 20712 --- [    Test worker] o.h.type.descriptor.sql.BasicExtractor   : extracted value ([id1_6_1_] : [BIGINT]) - [27]
2021-03-10 22:37:34.573 TRACE 20712 --- [    Test worker] o.h.type.descriptor.sql.BasicExtractor   : extracted value ([id1_6_2_] : [BIGINT]) - [null]
2021-03-10 22:37:34.573 TRACE 20712 --- [    Test worker] o.h.type.descriptor.sql.BasicExtractor   : extracted value ([first_na2_6_0_] : [VARCHAR]) - [프레임워크]
2021-03-10 22:37:34.573 TRACE 20712 --- [    Test worker] o.h.type.descriptor.sql.BasicExtractor   : extracted value ([parent_i5_6_0_] : [BIGINT]) - [null]
2021-03-10 22:37:34.573 TRACE 20712 --- [    Test worker] o.h.type.descriptor.sql.BasicExtractor   : extracted value ([second_n3_6_0_] : [VARCHAR]) - [framework]
2021-03-10 22:37:34.573 TRACE 20712 --- [    Test worker] o.h.type.descriptor.sql.BasicExtractor   : extracted value ([third_na4_6_0_] : [VARCHAR]) - [null]
2021-03-10 22:37:34.573 TRACE 20712 --- [    Test worker] o.h.type.descriptor.sql.BasicExtractor   : extracted value ([first_na2_6_1_] : [VARCHAR]) - [react]
2021-03-10 22:37:34.573 TRACE 20712 --- [    Test worker] o.h.type.descriptor.sql.BasicExtractor   : extracted value ([parent_i5_6_1_] : [BIGINT]) - [26]
2021-03-10 22:37:34.573 TRACE 20712 --- [    Test worker] o.h.type.descriptor.sql.BasicExtractor   : extracted value ([second_n3_6_1_] : [VARCHAR]) - [리엑트]
2021-03-10 22:37:34.573 TRACE 20712 --- [    Test worker] o.h.type.descriptor.sql.BasicExtractor   : extracted value ([third_na4_6_1_] : [VARCHAR]) - [null]
2021-03-10 22:37:34.573 TRACE 20712 --- [    Test worker] o.h.type.descriptor.sql.BasicExtractor   : extracted value ([parent_i5_6_0__] : [BIGINT]) - [26]
2021-03-10 22:37:34.573 TRACE 20712 --- [    Test worker] o.h.type.descriptor.sql.BasicExtractor   : extracted value ([id1_6_0__] : [BIGINT]) - [27]
2021-03-10 22:37:34.573 TRACE 20712 --- [    Test worker] o.h.type.descriptor.sql.BasicExtractor   : extracted value ([id1_6_0_] : [BIGINT]) - [26]
2021-03-10 22:37:34.573 TRACE 20712 --- [    Test worker] o.h.type.descriptor.sql.BasicExtractor   : extracted value ([id1_6_1_] : [BIGINT]) - [28]
2021-03-10 22:37:34.573 TRACE 20712 --- [    Test worker] o.h.type.descriptor.sql.BasicExtractor   : extracted value ([id1_6_2_] : [BIGINT]) - [null]
2021-03-10 22:37:34.573 TRACE 20712 --- [    Test worker] o.h.type.descriptor.sql.BasicExtractor   : extracted value ([first_na2_6_1_] : [VARCHAR]) - [asp.net mvc]
2021-03-10 22:37:34.573 TRACE 20712 --- [    Test worker] o.h.type.descriptor.sql.BasicExtractor   : extracted value ([parent_i5_6_1_] : [BIGINT]) - [26]
2021-03-10 22:37:34.573 TRACE 20712 --- [    Test worker] o.h.type.descriptor.sql.BasicExtractor   : extracted value ([second_n3_6_1_] : [VARCHAR]) - [null]
2021-03-10 22:37:34.573 TRACE 20712 --- [    Test worker] o.h.type.descriptor.sql.BasicExtractor   : extracted value ([third_na4_6_1_] : [VARCHAR]) - [null]
2021-03-10 22:37:34.573 TRACE 20712 --- [    Test worker] o.h.type.descriptor.sql.BasicExtractor   : extracted value ([parent_i5_6_0__] : [BIGINT]) - [26]
2021-03-10 22:37:34.573 TRACE 20712 --- [    Test worker] o.h.type.descriptor.sql.BasicExtractor   : extracted value ([id1_6_0__] : [BIGINT]) - [28]
2021-03-10 22:37:34.573 TRACE 20712 --- [    Test worker] o.h.type.descriptor.sql.BasicExtractor   : extracted value ([id1_6_0_] : [BIGINT]) - [26]
2021-03-10 22:37:34.573 TRACE 20712 --- [    Test worker] o.h.type.descriptor.sql.BasicExtractor   : extracted value ([id1_6_1_] : [BIGINT]) - [29]
2021-03-10 22:37:34.573 TRACE 20712 --- [    Test worker] o.h.type.descriptor.sql.BasicExtractor   : extracted value ([id1_6_2_] : [BIGINT]) - [null]
2021-03-10 22:37:34.573 TRACE 20712 --- [    Test worker] o.h.type.descriptor.sql.BasicExtractor   : extracted value ([first_na2_6_1_] : [VARCHAR]) - [angular]
2021-03-10 22:37:34.573 TRACE 20712 --- [    Test worker] o.h.type.descriptor.sql.BasicExtractor   : extracted value ([parent_i5_6_1_] : [BIGINT]) - [26]
2021-03-10 22:37:34.573 TRACE 20712 --- [    Test worker] o.h.type.descriptor.sql.BasicExtractor   : extracted value ([second_n3_6_1_] : [VARCHAR]) - [앵귤러]
2021-03-10 22:37:34.573 TRACE 20712 --- [    Test worker] o.h.type.descriptor.sql.BasicExtractor   : extracted value ([third_na4_6_1_] : [VARCHAR]) - [null]
2021-03-10 22:37:34.573 TRACE 20712 --- [    Test worker] o.h.type.descriptor.sql.BasicExtractor   : extracted value ([parent_i5_6_0__] : [BIGINT]) - [26]
2021-03-10 22:37:34.573 TRACE 20712 --- [    Test worker] o.h.type.descriptor.sql.BasicExtractor   : extracted value ([id1_6_0__] : [BIGINT]) - [29]
2021-03-10 22:37:34.573 TRACE 20712 --- [    Test worker] o.h.type.descriptor.sql.BasicExtractor   : extracted value ([id1_6_0_] : [BIGINT]) - [26]
2021-03-10 22:37:34.573 TRACE 20712 --- [    Test worker] o.h.type.descriptor.sql.BasicExtractor   : extracted value ([id1_6_1_] : [BIGINT]) - [30]
2021-03-10 22:37:34.573 TRACE 20712 --- [    Test worker] o.h.type.descriptor.sql.BasicExtractor   : extracted value ([id1_6_2_] : [BIGINT]) - [null]
2021-03-10 22:37:34.573 TRACE 20712 --- [    Test worker] o.h.type.descriptor.sql.BasicExtractor   : extracted value ([first_na2_6_1_] : [VARCHAR]) - [Ruby on Rails]
2021-03-10 22:37:34.573 TRACE 20712 --- [    Test worker] o.h.type.descriptor.sql.BasicExtractor   : extracted value ([parent_i5_6_1_] : [BIGINT]) - [26]
2021-03-10 22:37:34.573 TRACE 20712 --- [    Test worker] o.h.type.descriptor.sql.BasicExtractor   : extracted value ([second_n3_6_1_] : [VARCHAR]) - [루비온레일스]
2021-03-10 22:37:34.573 TRACE 20712 --- [    Test worker] o.h.type.descriptor.sql.BasicExtractor   : extracted value ([third_na4_6_1_] : [VARCHAR]) - [null]
2021-03-10 22:37:34.573 TRACE 20712 --- [    Test worker] o.h.type.descriptor.sql.BasicExtractor   : extracted value ([parent_i5_6_0__] : [BIGINT]) - [26]
2021-03-10 22:37:34.573 TRACE 20712 --- [    Test worker] o.h.type.descriptor.sql.BasicExtractor   : extracted value ([id1_6_0__] : [BIGINT]) - [30]
Hibernate: 
    call next value for hibernate_sequence
Hibernate: 
    insert 
    into
        tag
        (first_name, parent_id, second_name, third_name, id) 
    values
        (?, ?, ?, ?, ?)
2021-03-10 22:37:34.573 TRACE 20712 --- [    Test worker] o.h.type.descriptor.sql.BasicBinder      : binding parameter [1] as [VARCHAR] - [AngularJS]
2021-03-10 22:37:34.573 TRACE 20712 --- [    Test worker] o.h.type.descriptor.sql.BasicBinder      : binding parameter [2] as [BIGINT] - [26]
2021-03-10 22:37:34.573 TRACE 20712 --- [    Test worker] o.h.type.descriptor.sql.BasicBinder      : binding parameter [3] as [VARCHAR] - [null]
2021-03-10 22:37:34.573 TRACE 20712 --- [    Test worker] o.h.type.descriptor.sql.BasicBinder      : binding parameter [4] as [VARCHAR] - [null]
2021-03-10 22:37:34.573 TRACE 20712 --- [    Test worker] o.h.type.descriptor.sql.BasicBinder      : binding parameter [5] as [BIGINT] - [31]
Hibernate: 
    select
        tag0_.id as id1_6_0_,
        children1_.id as id1_6_1_,
        tag2_.id as id1_6_2_,
        tag0_.first_name as first_na2_6_0_,
        tag0_.parent_id as parent_i5_6_0_,
        tag0_.second_name as second_n3_6_0_,
        tag0_.third_name as third_na4_6_0_,
        children1_.first_name as first_na2_6_1_,
        children1_.parent_id as parent_i5_6_1_,
        children1_.second_name as second_n3_6_1_,
        children1_.third_name as third_na4_6_1_,
        children1_.parent_id as parent_i5_6_0__,
        children1_.id as id1_6_0__,
        tag2_.first_name as first_na2_6_2_,
        tag2_.parent_id as parent_i5_6_2_,
        tag2_.second_name as second_n3_6_2_,
        tag2_.third_name as third_na4_6_2_ 
    from
        tag tag0_ 
    left outer join
        tag children1_ 
            on tag0_.id=children1_.parent_id 
    left outer join
        tag tag2_ 
            on tag0_.parent_id=tag2_.id 
    where
        tag0_.first_name=?
2021-03-10 22:37:34.573 TRACE 20712 --- [    Test worker] o.h.type.descriptor.sql.BasicBinder      : binding parameter [1] as [VARCHAR] - [프레임워크]
2021-03-10 22:37:34.573 TRACE 20712 --- [    Test worker] o.h.type.descriptor.sql.BasicExtractor   : extracted value ([id1_6_0_] : [BIGINT]) - [26]
2021-03-10 22:37:34.573 TRACE 20712 --- [    Test worker] o.h.type.descriptor.sql.BasicExtractor   : extracted value ([id1_6_1_] : [BIGINT]) - [27]
2021-03-10 22:37:34.573 TRACE 20712 --- [    Test worker] o.h.type.descriptor.sql.BasicExtractor   : extracted value ([id1_6_2_] : [BIGINT]) - [null]
2021-03-10 22:37:34.573 TRACE 20712 --- [    Test worker] o.h.type.descriptor.sql.BasicExtractor   : extracted value ([first_na2_6_0_] : [VARCHAR]) - [프레임워크]
2021-03-10 22:37:34.573 TRACE 20712 --- [    Test worker] o.h.type.descriptor.sql.BasicExtractor   : extracted value ([parent_i5_6_0_] : [BIGINT]) - [null]
2021-03-10 22:37:34.573 TRACE 20712 --- [    Test worker] o.h.type.descriptor.sql.BasicExtractor   : extracted value ([second_n3_6_0_] : [VARCHAR]) - [framework]
2021-03-10 22:37:34.573 TRACE 20712 --- [    Test worker] o.h.type.descriptor.sql.BasicExtractor   : extracted value ([third_na4_6_0_] : [VARCHAR]) - [null]
2021-03-10 22:37:34.573 TRACE 20712 --- [    Test worker] o.h.type.descriptor.sql.BasicExtractor   : extracted value ([first_na2_6_1_] : [VARCHAR]) - [react]
2021-03-10 22:37:34.573 TRACE 20712 --- [    Test worker] o.h.type.descriptor.sql.BasicExtractor   : extracted value ([parent_i5_6_1_] : [BIGINT]) - [26]
2021-03-10 22:37:34.573 TRACE 20712 --- [    Test worker] o.h.type.descriptor.sql.BasicExtractor   : extracted value ([second_n3_6_1_] : [VARCHAR]) - [리엑트]
2021-03-10 22:37:34.573 TRACE 20712 --- [    Test worker] o.h.type.descriptor.sql.BasicExtractor   : extracted value ([third_na4_6_1_] : [VARCHAR]) - [null]
2021-03-10 22:37:34.573 TRACE 20712 --- [    Test worker] o.h.type.descriptor.sql.BasicExtractor   : extracted value ([parent_i5_6_0__] : [BIGINT]) - [26]
2021-03-10 22:37:34.573 TRACE 20712 --- [    Test worker] o.h.type.descriptor.sql.BasicExtractor   : extracted value ([id1_6_0__] : [BIGINT]) - [27]
2021-03-10 22:37:34.573 TRACE 20712 --- [    Test worker] o.h.type.descriptor.sql.BasicExtractor   : extracted value ([id1_6_0_] : [BIGINT]) - [26]
2021-03-10 22:37:34.573 TRACE 20712 --- [    Test worker] o.h.type.descriptor.sql.BasicExtractor   : extracted value ([id1_6_1_] : [BIGINT]) - [28]
2021-03-10 22:37:34.573 TRACE 20712 --- [    Test worker] o.h.type.descriptor.sql.BasicExtractor   : extracted value ([id1_6_2_] : [BIGINT]) - [null]
2021-03-10 22:37:34.573 TRACE 20712 --- [    Test worker] o.h.type.descriptor.sql.BasicExtractor   : extracted value ([first_na2_6_1_] : [VARCHAR]) - [asp.net mvc]
2021-03-10 22:37:34.573 TRACE 20712 --- [    Test worker] o.h.type.descriptor.sql.BasicExtractor   : extracted value ([parent_i5_6_1_] : [BIGINT]) - [26]
2021-03-10 22:37:34.573 TRACE 20712 --- [    Test worker] o.h.type.descriptor.sql.BasicExtractor   : extracted value ([second_n3_6_1_] : [VARCHAR]) - [null]
2021-03-10 22:37:34.573 TRACE 20712 --- [    Test worker] o.h.type.descriptor.sql.BasicExtractor   : extracted value ([third_na4_6_1_] : [VARCHAR]) - [null]
2021-03-10 22:37:34.573 TRACE 20712 --- [    Test worker] o.h.type.descriptor.sql.BasicExtractor   : extracted value ([parent_i5_6_0__] : [BIGINT]) - [26]
2021-03-10 22:37:34.573 TRACE 20712 --- [    Test worker] o.h.type.descriptor.sql.BasicExtractor   : extracted value ([id1_6_0__] : [BIGINT]) - [28]
2021-03-10 22:37:34.573 TRACE 20712 --- [    Test worker] o.h.type.descriptor.sql.BasicExtractor   : extracted value ([id1_6_0_] : [BIGINT]) - [26]
2021-03-10 22:37:34.573 TRACE 20712 --- [    Test worker] o.h.type.descriptor.sql.BasicExtractor   : extracted value ([id1_6_1_] : [BIGINT]) - [29]
2021-03-10 22:37:34.573 TRACE 20712 --- [    Test worker] o.h.type.descriptor.sql.BasicExtractor   : extracted value ([id1_6_2_] : [BIGINT]) - [null]
2021-03-10 22:37:34.573 TRACE 20712 --- [    Test worker] o.h.type.descriptor.sql.BasicExtractor   : extracted value ([first_na2_6_1_] : [VARCHAR]) - [angular]
2021-03-10 22:37:34.573 TRACE 20712 --- [    Test worker] o.h.type.descriptor.sql.BasicExtractor   : extracted value ([parent_i5_6_1_] : [BIGINT]) - [26]
2021-03-10 22:37:34.573 TRACE 20712 --- [    Test worker] o.h.type.descriptor.sql.BasicExtractor   : extracted value ([second_n3_6_1_] : [VARCHAR]) - [앵귤러]
2021-03-10 22:37:34.573 TRACE 20712 --- [    Test worker] o.h.type.descriptor.sql.BasicExtractor   : extracted value ([third_na4_6_1_] : [VARCHAR]) - [null]
2021-03-10 22:37:34.573 TRACE 20712 --- [    Test worker] o.h.type.descriptor.sql.BasicExtractor   : extracted value ([parent_i5_6_0__] : [BIGINT]) - [26]
2021-03-10 22:37:34.573 TRACE 20712 --- [    Test worker] o.h.type.descriptor.sql.BasicExtractor   : extracted value ([id1_6_0__] : [BIGINT]) - [29]
2021-03-10 22:37:34.573 TRACE 20712 --- [    Test worker] o.h.type.descriptor.sql.BasicExtractor   : extracted value ([id1_6_0_] : [BIGINT]) - [26]
2021-03-10 22:37:34.573 TRACE 20712 --- [    Test worker] o.h.type.descriptor.sql.BasicExtractor   : extracted value ([id1_6_1_] : [BIGINT]) - [30]
2021-03-10 22:37:34.573 TRACE 20712 --- [    Test worker] o.h.type.descriptor.sql.BasicExtractor   : extracted value ([id1_6_2_] : [BIGINT]) - [null]
2021-03-10 22:37:34.573 TRACE 20712 --- [    Test worker] o.h.type.descriptor.sql.BasicExtractor   : extracted value ([first_na2_6_1_] : [VARCHAR]) - [Ruby on Rails]
2021-03-10 22:37:34.573 TRACE 20712 --- [    Test worker] o.h.type.descriptor.sql.BasicExtractor   : extracted value ([parent_i5_6_1_] : [BIGINT]) - [26]
2021-03-10 22:37:34.573 TRACE 20712 --- [    Test worker] o.h.type.descriptor.sql.BasicExtractor   : extracted value ([second_n3_6_1_] : [VARCHAR]) - [루비온레일스]
2021-03-10 22:37:34.573 TRACE 20712 --- [    Test worker] o.h.type.descriptor.sql.BasicExtractor   : extracted value ([third_na4_6_1_] : [VARCHAR]) - [null]
2021-03-10 22:37:34.573 TRACE 20712 --- [    Test worker] o.h.type.descriptor.sql.BasicExtractor   : extracted value ([parent_i5_6_0__] : [BIGINT]) - [26]
2021-03-10 22:37:34.573 TRACE 20712 --- [    Test worker] o.h.type.descriptor.sql.BasicExtractor   : extracted value ([id1_6_0__] : [BIGINT]) - [30]
2021-03-10 22:37:34.573 TRACE 20712 --- [    Test worker] o.h.type.descriptor.sql.BasicExtractor   : extracted value ([id1_6_0_] : [BIGINT]) - [26]
2021-03-10 22:37:34.573 TRACE 20712 --- [    Test worker] o.h.type.descriptor.sql.BasicExtractor   : extracted value ([id1_6_1_] : [BIGINT]) - [31]
2021-03-10 22:37:34.573 TRACE 20712 --- [    Test worker] o.h.type.descriptor.sql.BasicExtractor   : extracted value ([id1_6_2_] : [BIGINT]) - [null]
2021-03-10 22:37:34.573 TRACE 20712 --- [    Test worker] o.h.type.descriptor.sql.BasicExtractor   : extracted value ([first_na2_6_1_] : [VARCHAR]) - [AngularJS]
2021-03-10 22:37:34.573 TRACE 20712 --- [    Test worker] o.h.type.descriptor.sql.BasicExtractor   : extracted value ([parent_i5_6_1_] : [BIGINT]) - [26]
2021-03-10 22:37:34.573 TRACE 20712 --- [    Test worker] o.h.type.descriptor.sql.BasicExtractor   : extracted value ([second_n3_6_1_] : [VARCHAR]) - [null]
2021-03-10 22:37:34.573 TRACE 20712 --- [    Test worker] o.h.type.descriptor.sql.BasicExtractor   : extracted value ([third_na4_6_1_] : [VARCHAR]) - [null]
2021-03-10 22:37:34.573 TRACE 20712 --- [    Test worker] o.h.type.descriptor.sql.BasicExtractor   : extracted value ([parent_i5_6_0__] : [BIGINT]) - [26]
2021-03-10 22:37:34.573 TRACE 20712 --- [    Test worker] o.h.type.descriptor.sql.BasicExtractor   : extracted value ([id1_6_0__] : [BIGINT]) - [31]
Hibernate: 
    call next value for hibernate_sequence
Hibernate: 
    insert 
    into
        tag
        (first_name, parent_id, second_name, third_name, id) 
    values
        (?, ?, ?, ?, ?)
2021-03-10 22:37:34.573 TRACE 20712 --- [    Test worker] o.h.type.descriptor.sql.BasicBinder      : binding parameter [1] as [VARCHAR] - [Vue.js]
2021-03-10 22:37:34.573 TRACE 20712 --- [    Test worker] o.h.type.descriptor.sql.BasicBinder      : binding parameter [2] as [BIGINT] - [26]
2021-03-10 22:37:34.573 TRACE 20712 --- [    Test worker] o.h.type.descriptor.sql.BasicBinder      : binding parameter [3] as [VARCHAR] - [뷰]
2021-03-10 22:37:34.573 TRACE 20712 --- [    Test worker] o.h.type.descriptor.sql.BasicBinder      : binding parameter [4] as [VARCHAR] - [null]
2021-03-10 22:37:34.573 TRACE 20712 --- [    Test worker] o.h.type.descriptor.sql.BasicBinder      : binding parameter [5] as [BIGINT] - [32]
Hibernate: 
    select
        tag0_.id as id1_6_0_,
        children1_.id as id1_6_1_,
        tag2_.id as id1_6_2_,
        tag0_.first_name as first_na2_6_0_,
        tag0_.parent_id as parent_i5_6_0_,
        tag0_.second_name as second_n3_6_0_,
        tag0_.third_name as third_na4_6_0_,
        children1_.first_name as first_na2_6_1_,
        children1_.parent_id as parent_i5_6_1_,
        children1_.second_name as second_n3_6_1_,
        children1_.third_name as third_na4_6_1_,
        children1_.parent_id as parent_i5_6_0__,
        children1_.id as id1_6_0__,
        tag2_.first_name as first_na2_6_2_,
        tag2_.parent_id as parent_i5_6_2_,
        tag2_.second_name as second_n3_6_2_,
        tag2_.third_name as third_na4_6_2_ 
    from
        tag tag0_ 
    left outer join
        tag children1_ 
            on tag0_.id=children1_.parent_id 
    left outer join
        tag tag2_ 
            on tag0_.parent_id=tag2_.id 
    where
        tag0_.first_name=?
2021-03-10 22:37:34.573 TRACE 20712 --- [    Test worker] o.h.type.descriptor.sql.BasicBinder      : binding parameter [1] as [VARCHAR] - [프레임워크]
2021-03-10 22:37:34.573 TRACE 20712 --- [    Test worker] o.h.type.descriptor.sql.BasicExtractor   : extracted value ([id1_6_0_] : [BIGINT]) - [26]
2021-03-10 22:37:34.573 TRACE 20712 --- [    Test worker] o.h.type.descriptor.sql.BasicExtractor   : extracted value ([id1_6_1_] : [BIGINT]) - [27]
2021-03-10 22:37:34.573 TRACE 20712 --- [    Test worker] o.h.type.descriptor.sql.BasicExtractor   : extracted value ([id1_6_2_] : [BIGINT]) - [null]
2021-03-10 22:37:34.573 TRACE 20712 --- [    Test worker] o.h.type.descriptor.sql.BasicExtractor   : extracted value ([first_na2_6_0_] : [VARCHAR]) - [프레임워크]
2021-03-10 22:37:34.573 TRACE 20712 --- [    Test worker] o.h.type.descriptor.sql.BasicExtractor   : extracted value ([parent_i5_6_0_] : [BIGINT]) - [null]
2021-03-10 22:37:34.573 TRACE 20712 --- [    Test worker] o.h.type.descriptor.sql.BasicExtractor   : extracted value ([second_n3_6_0_] : [VARCHAR]) - [framework]
2021-03-10 22:37:34.573 TRACE 20712 --- [    Test worker] o.h.type.descriptor.sql.BasicExtractor   : extracted value ([third_na4_6_0_] : [VARCHAR]) - [null]
2021-03-10 22:37:34.573 TRACE 20712 --- [    Test worker] o.h.type.descriptor.sql.BasicExtractor   : extracted value ([first_na2_6_1_] : [VARCHAR]) - [react]
2021-03-10 22:37:34.573 TRACE 20712 --- [    Test worker] o.h.type.descriptor.sql.BasicExtractor   : extracted value ([parent_i5_6_1_] : [BIGINT]) - [26]
2021-03-10 22:37:34.573 TRACE 20712 --- [    Test worker] o.h.type.descriptor.sql.BasicExtractor   : extracted value ([second_n3_6_1_] : [VARCHAR]) - [리엑트]
2021-03-10 22:37:34.573 TRACE 20712 --- [    Test worker] o.h.type.descriptor.sql.BasicExtractor   : extracted value ([third_na4_6_1_] : [VARCHAR]) - [null]
2021-03-10 22:37:34.573 TRACE 20712 --- [    Test worker] o.h.type.descriptor.sql.BasicExtractor   : extracted value ([parent_i5_6_0__] : [BIGINT]) - [26]
2021-03-10 22:37:34.573 TRACE 20712 --- [    Test worker] o.h.type.descriptor.sql.BasicExtractor   : extracted value ([id1_6_0__] : [BIGINT]) - [27]
2021-03-10 22:37:34.573 TRACE 20712 --- [    Test worker] o.h.type.descriptor.sql.BasicExtractor   : extracted value ([id1_6_0_] : [BIGINT]) - [26]
2021-03-10 22:37:34.573 TRACE 20712 --- [    Test worker] o.h.type.descriptor.sql.BasicExtractor   : extracted value ([id1_6_1_] : [BIGINT]) - [28]
2021-03-10 22:37:34.573 TRACE 20712 --- [    Test worker] o.h.type.descriptor.sql.BasicExtractor   : extracted value ([id1_6_2_] : [BIGINT]) - [null]
2021-03-10 22:37:34.573 TRACE 20712 --- [    Test worker] o.h.type.descriptor.sql.BasicExtractor   : extracted value ([first_na2_6_1_] : [VARCHAR]) - [asp.net mvc]
2021-03-10 22:37:34.573 TRACE 20712 --- [    Test worker] o.h.type.descriptor.sql.BasicExtractor   : extracted value ([parent_i5_6_1_] : [BIGINT]) - [26]
2021-03-10 22:37:34.573 TRACE 20712 --- [    Test worker] o.h.type.descriptor.sql.BasicExtractor   : extracted value ([second_n3_6_1_] : [VARCHAR]) - [null]
2021-03-10 22:37:34.573 TRACE 20712 --- [    Test worker] o.h.type.descriptor.sql.BasicExtractor   : extracted value ([third_na4_6_1_] : [VARCHAR]) - [null]
2021-03-10 22:37:34.573 TRACE 20712 --- [    Test worker] o.h.type.descriptor.sql.BasicExtractor   : extracted value ([parent_i5_6_0__] : [BIGINT]) - [26]
2021-03-10 22:37:34.573 TRACE 20712 --- [    Test worker] o.h.type.descriptor.sql.BasicExtractor   : extracted value ([id1_6_0__] : [BIGINT]) - [28]
2021-03-10 22:37:34.573 TRACE 20712 --- [    Test worker] o.h.type.descriptor.sql.BasicExtractor   : extracted value ([id1_6_0_] : [BIGINT]) - [26]
2021-03-10 22:37:34.573 TRACE 20712 --- [    Test worker] o.h.type.descriptor.sql.BasicExtractor   : extracted value ([id1_6_1_] : [BIGINT]) - [29]
2021-03-10 22:37:34.573 TRACE 20712 --- [    Test worker] o.h.type.descriptor.sql.BasicExtractor   : extracted value ([id1_6_2_] : [BIGINT]) - [null]
2021-03-10 22:37:34.589 TRACE 20712 --- [    Test worker] o.h.type.descriptor.sql.BasicExtractor   : extracted value ([first_na2_6_1_] : [VARCHAR]) - [angular]
2021-03-10 22:37:34.589 TRACE 20712 --- [    Test worker] o.h.type.descriptor.sql.BasicExtractor   : extracted value ([parent_i5_6_1_] : [BIGINT]) - [26]
2021-03-10 22:37:34.589 TRACE 20712 --- [    Test worker] o.h.type.descriptor.sql.BasicExtractor   : extracted value ([second_n3_6_1_] : [VARCHAR]) - [앵귤러]
2021-03-10 22:37:34.589 TRACE 20712 --- [    Test worker] o.h.type.descriptor.sql.BasicExtractor   : extracted value ([third_na4_6_1_] : [VARCHAR]) - [null]
2021-03-10 22:37:34.589 TRACE 20712 --- [    Test worker] o.h.type.descriptor.sql.BasicExtractor   : extracted value ([parent_i5_6_0__] : [BIGINT]) - [26]
2021-03-10 22:37:34.589 TRACE 20712 --- [    Test worker] o.h.type.descriptor.sql.BasicExtractor   : extracted value ([id1_6_0__] : [BIGINT]) - [29]
2021-03-10 22:37:34.589 TRACE 20712 --- [    Test worker] o.h.type.descriptor.sql.BasicExtractor   : extracted value ([id1_6_0_] : [BIGINT]) - [26]
2021-03-10 22:37:34.589 TRACE 20712 --- [    Test worker] o.h.type.descriptor.sql.BasicExtractor   : extracted value ([id1_6_1_] : [BIGINT]) - [30]
2021-03-10 22:37:34.589 TRACE 20712 --- [    Test worker] o.h.type.descriptor.sql.BasicExtractor   : extracted value ([id1_6_2_] : [BIGINT]) - [null]
2021-03-10 22:37:34.589 TRACE 20712 --- [    Test worker] o.h.type.descriptor.sql.BasicExtractor   : extracted value ([first_na2_6_1_] : [VARCHAR]) - [Ruby on Rails]
2021-03-10 22:37:34.589 TRACE 20712 --- [    Test worker] o.h.type.descriptor.sql.BasicExtractor   : extracted value ([parent_i5_6_1_] : [BIGINT]) - [26]
2021-03-10 22:37:34.589 TRACE 20712 --- [    Test worker] o.h.type.descriptor.sql.BasicExtractor   : extracted value ([second_n3_6_1_] : [VARCHAR]) - [루비온레일스]
2021-03-10 22:37:34.589 TRACE 20712 --- [    Test worker] o.h.type.descriptor.sql.BasicExtractor   : extracted value ([third_na4_6_1_] : [VARCHAR]) - [null]
2021-03-10 22:37:34.589 TRACE 20712 --- [    Test worker] o.h.type.descriptor.sql.BasicExtractor   : extracted value ([parent_i5_6_0__] : [BIGINT]) - [26]
2021-03-10 22:37:34.589 TRACE 20712 --- [    Test worker] o.h.type.descriptor.sql.BasicExtractor   : extracted value ([id1_6_0__] : [BIGINT]) - [30]
2021-03-10 22:37:34.589 TRACE 20712 --- [    Test worker] o.h.type.descriptor.sql.BasicExtractor   : extracted value ([id1_6_0_] : [BIGINT]) - [26]
2021-03-10 22:37:34.589 TRACE 20712 --- [    Test worker] o.h.type.descriptor.sql.BasicExtractor   : extracted value ([id1_6_1_] : [BIGINT]) - [31]
2021-03-10 22:37:34.589 TRACE 20712 --- [    Test worker] o.h.type.descriptor.sql.BasicExtractor   : extracted value ([id1_6_2_] : [BIGINT]) - [null]
2021-03-10 22:37:34.589 TRACE 20712 --- [    Test worker] o.h.type.descriptor.sql.BasicExtractor   : extracted value ([first_na2_6_1_] : [VARCHAR]) - [AngularJS]
2021-03-10 22:37:34.589 TRACE 20712 --- [    Test worker] o.h.type.descriptor.sql.BasicExtractor   : extracted value ([parent_i5_6_1_] : [BIGINT]) - [26]
2021-03-10 22:37:34.589 TRACE 20712 --- [    Test worker] o.h.type.descriptor.sql.BasicExtractor   : extracted value ([second_n3_6_1_] : [VARCHAR]) - [null]
2021-03-10 22:37:34.589 TRACE 20712 --- [    Test worker] o.h.type.descriptor.sql.BasicExtractor   : extracted value ([third_na4_6_1_] : [VARCHAR]) - [null]
2021-03-10 22:37:34.589 TRACE 20712 --- [    Test worker] o.h.type.descriptor.sql.BasicExtractor   : extracted value ([parent_i5_6_0__] : [BIGINT]) - [26]
2021-03-10 22:37:34.589 TRACE 20712 --- [    Test worker] o.h.type.descriptor.sql.BasicExtractor   : extracted value ([id1_6_0__] : [BIGINT]) - [31]
2021-03-10 22:37:34.589 TRACE 20712 --- [    Test worker] o.h.type.descriptor.sql.BasicExtractor   : extracted value ([id1_6_0_] : [BIGINT]) - [26]
2021-03-10 22:37:34.589 TRACE 20712 --- [    Test worker] o.h.type.descriptor.sql.BasicExtractor   : extracted value ([id1_6_1_] : [BIGINT]) - [32]
2021-03-10 22:37:34.589 TRACE 20712 --- [    Test worker] o.h.type.descriptor.sql.BasicExtractor   : extracted value ([id1_6_2_] : [BIGINT]) - [null]
2021-03-10 22:37:34.589 TRACE 20712 --- [    Test worker] o.h.type.descriptor.sql.BasicExtractor   : extracted value ([first_na2_6_1_] : [VARCHAR]) - [Vue.js]
2021-03-10 22:37:34.589 TRACE 20712 --- [    Test worker] o.h.type.descriptor.sql.BasicExtractor   : extracted value ([parent_i5_6_1_] : [BIGINT]) - [26]
2021-03-10 22:37:34.589 TRACE 20712 --- [    Test worker] o.h.type.descriptor.sql.BasicExtractor   : extracted value ([second_n3_6_1_] : [VARCHAR]) - [뷰]
2021-03-10 22:37:34.589 TRACE 20712 --- [    Test worker] o.h.type.descriptor.sql.BasicExtractor   : extracted value ([third_na4_6_1_] : [VARCHAR]) - [null]
2021-03-10 22:37:34.589 TRACE 20712 --- [    Test worker] o.h.type.descriptor.sql.BasicExtractor   : extracted value ([parent_i5_6_0__] : [BIGINT]) - [26]
2021-03-10 22:37:34.589 TRACE 20712 --- [    Test worker] o.h.type.descriptor.sql.BasicExtractor   : extracted value ([id1_6_0__] : [BIGINT]) - [32]
Hibernate: 
    call next value for hibernate_sequence
Hibernate: 
    insert 
    into
        tag
        (first_name, parent_id, second_name, third_name, id) 
    values
        (?, ?, ?, ?, ?)
2021-03-10 22:37:34.589 TRACE 20712 --- [    Test worker] o.h.type.descriptor.sql.BasicBinder      : binding parameter [1] as [VARCHAR] - [django]
2021-03-10 22:37:34.589 TRACE 20712 --- [    Test worker] o.h.type.descriptor.sql.BasicBinder      : binding parameter [2] as [BIGINT] - [26]
2021-03-10 22:37:34.589 TRACE 20712 --- [    Test worker] o.h.type.descriptor.sql.BasicBinder      : binding parameter [3] as [VARCHAR] - [장고]
2021-03-10 22:37:34.589 TRACE 20712 --- [    Test worker] o.h.type.descriptor.sql.BasicBinder      : binding parameter [4] as [VARCHAR] - [null]
2021-03-10 22:37:34.589 TRACE 20712 --- [    Test worker] o.h.type.descriptor.sql.BasicBinder      : binding parameter [5] as [BIGINT] - [33]
Hibernate: 
    select
        tag0_.id as id1_6_0_,
        children1_.id as id1_6_1_,
        tag2_.id as id1_6_2_,
        tag0_.first_name as first_na2_6_0_,
        tag0_.parent_id as parent_i5_6_0_,
        tag0_.second_name as second_n3_6_0_,
        tag0_.third_name as third_na4_6_0_,
        children1_.first_name as first_na2_6_1_,
        children1_.parent_id as parent_i5_6_1_,
        children1_.second_name as second_n3_6_1_,
        children1_.third_name as third_na4_6_1_,
        children1_.parent_id as parent_i5_6_0__,
        children1_.id as id1_6_0__,
        tag2_.first_name as first_na2_6_2_,
        tag2_.parent_id as parent_i5_6_2_,
        tag2_.second_name as second_n3_6_2_,
        tag2_.third_name as third_na4_6_2_ 
    from
        tag tag0_ 
    left outer join
        tag children1_ 
            on tag0_.id=children1_.parent_id 
    left outer join
        tag tag2_ 
            on tag0_.parent_id=tag2_.id 
    where
        tag0_.first_name=?
2021-03-10 22:37:34.589 TRACE 20712 --- [    Test worker] o.h.type.descriptor.sql.BasicBinder      : binding parameter [1] as [VARCHAR] - [프레임워크]
2021-03-10 22:37:34.589 TRACE 20712 --- [    Test worker] o.h.type.descriptor.sql.BasicExtractor   : extracted value ([id1_6_0_] : [BIGINT]) - [26]
2021-03-10 22:37:34.589 TRACE 20712 --- [    Test worker] o.h.type.descriptor.sql.BasicExtractor   : extracted value ([id1_6_1_] : [BIGINT]) - [27]
2021-03-10 22:37:34.589 TRACE 20712 --- [    Test worker] o.h.type.descriptor.sql.BasicExtractor   : extracted value ([id1_6_2_] : [BIGINT]) - [null]
2021-03-10 22:37:34.589 TRACE 20712 --- [    Test worker] o.h.type.descriptor.sql.BasicExtractor   : extracted value ([first_na2_6_0_] : [VARCHAR]) - [프레임워크]
2021-03-10 22:37:34.589 TRACE 20712 --- [    Test worker] o.h.type.descriptor.sql.BasicExtractor   : extracted value ([parent_i5_6_0_] : [BIGINT]) - [null]
2021-03-10 22:37:34.589 TRACE 20712 --- [    Test worker] o.h.type.descriptor.sql.BasicExtractor   : extracted value ([second_n3_6_0_] : [VARCHAR]) - [framework]
2021-03-10 22:37:34.589 TRACE 20712 --- [    Test worker] o.h.type.descriptor.sql.BasicExtractor   : extracted value ([third_na4_6_0_] : [VARCHAR]) - [null]
2021-03-10 22:37:34.589 TRACE 20712 --- [    Test worker] o.h.type.descriptor.sql.BasicExtractor   : extracted value ([first_na2_6_1_] : [VARCHAR]) - [react]
2021-03-10 22:37:34.589 TRACE 20712 --- [    Test worker] o.h.type.descriptor.sql.BasicExtractor   : extracted value ([parent_i5_6_1_] : [BIGINT]) - [26]
2021-03-10 22:37:34.589 TRACE 20712 --- [    Test worker] o.h.type.descriptor.sql.BasicExtractor   : extracted value ([second_n3_6_1_] : [VARCHAR]) - [리엑트]
2021-03-10 22:37:34.589 TRACE 20712 --- [    Test worker] o.h.type.descriptor.sql.BasicExtractor   : extracted value ([third_na4_6_1_] : [VARCHAR]) - [null]
2021-03-10 22:37:34.589 TRACE 20712 --- [    Test worker] o.h.type.descriptor.sql.BasicExtractor   : extracted value ([parent_i5_6_0__] : [BIGINT]) - [26]
2021-03-10 22:37:34.589 TRACE 20712 --- [    Test worker] o.h.type.descriptor.sql.BasicExtractor   : extracted value ([id1_6_0__] : [BIGINT]) - [27]
2021-03-10 22:37:34.589 TRACE 20712 --- [    Test worker] o.h.type.descriptor.sql.BasicExtractor   : extracted value ([id1_6_0_] : [BIGINT]) - [26]
2021-03-10 22:37:34.589 TRACE 20712 --- [    Test worker] o.h.type.descriptor.sql.BasicExtractor   : extracted value ([id1_6_1_] : [BIGINT]) - [28]
2021-03-10 22:37:34.589 TRACE 20712 --- [    Test worker] o.h.type.descriptor.sql.BasicExtractor   : extracted value ([id1_6_2_] : [BIGINT]) - [null]
2021-03-10 22:37:34.589 TRACE 20712 --- [    Test worker] o.h.type.descriptor.sql.BasicExtractor   : extracted value ([first_na2_6_1_] : [VARCHAR]) - [asp.net mvc]
2021-03-10 22:37:34.589 TRACE 20712 --- [    Test worker] o.h.type.descriptor.sql.BasicExtractor   : extracted value ([parent_i5_6_1_] : [BIGINT]) - [26]
2021-03-10 22:37:34.589 TRACE 20712 --- [    Test worker] o.h.type.descriptor.sql.BasicExtractor   : extracted value ([second_n3_6_1_] : [VARCHAR]) - [null]
2021-03-10 22:37:34.589 TRACE 20712 --- [    Test worker] o.h.type.descriptor.sql.BasicExtractor   : extracted value ([third_na4_6_1_] : [VARCHAR]) - [null]
2021-03-10 22:37:34.589 TRACE 20712 --- [    Test worker] o.h.type.descriptor.sql.BasicExtractor   : extracted value ([parent_i5_6_0__] : [BIGINT]) - [26]
2021-03-10 22:37:34.589 TRACE 20712 --- [    Test worker] o.h.type.descriptor.sql.BasicExtractor   : extracted value ([id1_6_0__] : [BIGINT]) - [28]
2021-03-10 22:37:34.589 TRACE 20712 --- [    Test worker] o.h.type.descriptor.sql.BasicExtractor   : extracted value ([id1_6_0_] : [BIGINT]) - [26]
2021-03-10 22:37:34.589 TRACE 20712 --- [    Test worker] o.h.type.descriptor.sql.BasicExtractor   : extracted value ([id1_6_1_] : [BIGINT]) - [29]
2021-03-10 22:37:34.589 TRACE 20712 --- [    Test worker] o.h.type.descriptor.sql.BasicExtractor   : extracted value ([id1_6_2_] : [BIGINT]) - [null]
2021-03-10 22:37:34.589 TRACE 20712 --- [    Test worker] o.h.type.descriptor.sql.BasicExtractor   : extracted value ([first_na2_6_1_] : [VARCHAR]) - [angular]
2021-03-10 22:37:34.589 TRACE 20712 --- [    Test worker] o.h.type.descriptor.sql.BasicExtractor   : extracted value ([parent_i5_6_1_] : [BIGINT]) - [26]
2021-03-10 22:37:34.589 TRACE 20712 --- [    Test worker] o.h.type.descriptor.sql.BasicExtractor   : extracted value ([second_n3_6_1_] : [VARCHAR]) - [앵귤러]
2021-03-10 22:37:34.589 TRACE 20712 --- [    Test worker] o.h.type.descriptor.sql.BasicExtractor   : extracted value ([third_na4_6_1_] : [VARCHAR]) - [null]
2021-03-10 22:37:34.589 TRACE 20712 --- [    Test worker] o.h.type.descriptor.sql.BasicExtractor   : extracted value ([parent_i5_6_0__] : [BIGINT]) - [26]
2021-03-10 22:37:34.589 TRACE 20712 --- [    Test worker] o.h.type.descriptor.sql.BasicExtractor   : extracted value ([id1_6_0__] : [BIGINT]) - [29]
2021-03-10 22:37:34.589 TRACE 20712 --- [    Test worker] o.h.type.descriptor.sql.BasicExtractor   : extracted value ([id1_6_0_] : [BIGINT]) - [26]
2021-03-10 22:37:34.589 TRACE 20712 --- [    Test worker] o.h.type.descriptor.sql.BasicExtractor   : extracted value ([id1_6_1_] : [BIGINT]) - [30]
2021-03-10 22:37:34.589 TRACE 20712 --- [    Test worker] o.h.type.descriptor.sql.BasicExtractor   : extracted value ([id1_6_2_] : [BIGINT]) - [null]
2021-03-10 22:37:34.589 TRACE 20712 --- [    Test worker] o.h.type.descriptor.sql.BasicExtractor   : extracted value ([first_na2_6_1_] : [VARCHAR]) - [Ruby on Rails]
2021-03-10 22:37:34.589 TRACE 20712 --- [    Test worker] o.h.type.descriptor.sql.BasicExtractor   : extracted value ([parent_i5_6_1_] : [BIGINT]) - [26]
2021-03-10 22:37:34.589 TRACE 20712 --- [    Test worker] o.h.type.descriptor.sql.BasicExtractor   : extracted value ([second_n3_6_1_] : [VARCHAR]) - [루비온레일스]
2021-03-10 22:37:34.589 TRACE 20712 --- [    Test worker] o.h.type.descriptor.sql.BasicExtractor   : extracted value ([third_na4_6_1_] : [VARCHAR]) - [null]
2021-03-10 22:37:34.589 TRACE 20712 --- [    Test worker] o.h.type.descriptor.sql.BasicExtractor   : extracted value ([parent_i5_6_0__] : [BIGINT]) - [26]
2021-03-10 22:37:34.589 TRACE 20712 --- [    Test worker] o.h.type.descriptor.sql.BasicExtractor   : extracted value ([id1_6_0__] : [BIGINT]) - [30]
2021-03-10 22:37:34.589 TRACE 20712 --- [    Test worker] o.h.type.descriptor.sql.BasicExtractor   : extracted value ([id1_6_0_] : [BIGINT]) - [26]
2021-03-10 22:37:34.589 TRACE 20712 --- [    Test worker] o.h.type.descriptor.sql.BasicExtractor   : extracted value ([id1_6_1_] : [BIGINT]) - [31]
2021-03-10 22:37:34.589 TRACE 20712 --- [    Test worker] o.h.type.descriptor.sql.BasicExtractor   : extracted value ([id1_6_2_] : [BIGINT]) - [null]
2021-03-10 22:37:34.589 TRACE 20712 --- [    Test worker] o.h.type.descriptor.sql.BasicExtractor   : extracted value ([first_na2_6_1_] : [VARCHAR]) - [AngularJS]
2021-03-10 22:37:34.589 TRACE 20712 --- [    Test worker] o.h.type.descriptor.sql.BasicExtractor   : extracted value ([parent_i5_6_1_] : [BIGINT]) - [26]
2021-03-10 22:37:34.589 TRACE 20712 --- [    Test worker] o.h.type.descriptor.sql.BasicExtractor   : extracted value ([second_n3_6_1_] : [VARCHAR]) - [null]
2021-03-10 22:37:34.589 TRACE 20712 --- [    Test worker] o.h.type.descriptor.sql.BasicExtractor   : extracted value ([third_na4_6_1_] : [VARCHAR]) - [null]
2021-03-10 22:37:34.589 TRACE 20712 --- [    Test worker] o.h.type.descriptor.sql.BasicExtractor   : extracted value ([parent_i5_6_0__] : [BIGINT]) - [26]
2021-03-10 22:37:34.589 TRACE 20712 --- [    Test worker] o.h.type.descriptor.sql.BasicExtractor   : extracted value ([id1_6_0__] : [BIGINT]) - [31]
2021-03-10 22:37:34.589 TRACE 20712 --- [    Test worker] o.h.type.descriptor.sql.BasicExtractor   : extracted value ([id1_6_0_] : [BIGINT]) - [26]
2021-03-10 22:37:34.589 TRACE 20712 --- [    Test worker] o.h.type.descriptor.sql.BasicExtractor   : extracted value ([id1_6_1_] : [BIGINT]) - [32]
2021-03-10 22:37:34.589 TRACE 20712 --- [    Test worker] o.h.type.descriptor.sql.BasicExtractor   : extracted value ([id1_6_2_] : [BIGINT]) - [null]
2021-03-10 22:37:34.589 TRACE 20712 --- [    Test worker] o.h.type.descriptor.sql.BasicExtractor   : extracted value ([first_na2_6_1_] : [VARCHAR]) - [Vue.js]
2021-03-10 22:37:34.589 TRACE 20712 --- [    Test worker] o.h.type.descriptor.sql.BasicExtractor   : extracted value ([parent_i5_6_1_] : [BIGINT]) - [26]
2021-03-10 22:37:34.589 TRACE 20712 --- [    Test worker] o.h.type.descriptor.sql.BasicExtractor   : extracted value ([second_n3_6_1_] : [VARCHAR]) - [뷰]
2021-03-10 22:37:34.589 TRACE 20712 --- [    Test worker] o.h.type.descriptor.sql.BasicExtractor   : extracted value ([third_na4_6_1_] : [VARCHAR]) - [null]
2021-03-10 22:37:34.589 TRACE 20712 --- [    Test worker] o.h.type.descriptor.sql.BasicExtractor   : extracted value ([parent_i5_6_0__] : [BIGINT]) - [26]
2021-03-10 22:37:34.589 TRACE 20712 --- [    Test worker] o.h.type.descriptor.sql.BasicExtractor   : extracted value ([id1_6_0__] : [BIGINT]) - [32]
2021-03-10 22:37:34.589 TRACE 20712 --- [    Test worker] o.h.type.descriptor.sql.BasicExtractor   : extracted value ([id1_6_0_] : [BIGINT]) - [26]
2021-03-10 22:37:34.589 TRACE 20712 --- [    Test worker] o.h.type.descriptor.sql.BasicExtractor   : extracted value ([id1_6_1_] : [BIGINT]) - [33]
2021-03-10 22:37:34.589 TRACE 20712 --- [    Test worker] o.h.type.descriptor.sql.BasicExtractor   : extracted value ([id1_6_2_] : [BIGINT]) - [null]
2021-03-10 22:37:34.589 TRACE 20712 --- [    Test worker] o.h.type.descriptor.sql.BasicExtractor   : extracted value ([first_na2_6_1_] : [VARCHAR]) - [django]
2021-03-10 22:37:34.589 TRACE 20712 --- [    Test worker] o.h.type.descriptor.sql.BasicExtractor   : extracted value ([parent_i5_6_1_] : [BIGINT]) - [26]
2021-03-10 22:37:34.589 TRACE 20712 --- [    Test worker] o.h.type.descriptor.sql.BasicExtractor   : extracted value ([second_n3_6_1_] : [VARCHAR]) - [장고]
2021-03-10 22:37:34.589 TRACE 20712 --- [    Test worker] o.h.type.descriptor.sql.BasicExtractor   : extracted value ([third_na4_6_1_] : [VARCHAR]) - [null]
2021-03-10 22:37:34.589 TRACE 20712 --- [    Test worker] o.h.type.descriptor.sql.BasicExtractor   : extracted value ([parent_i5_6_0__] : [BIGINT]) - [26]
2021-03-10 22:37:34.589 TRACE 20712 --- [    Test worker] o.h.type.descriptor.sql.BasicExtractor   : extracted value ([id1_6_0__] : [BIGINT]) - [33]
Hibernate: 
    call next value for hibernate_sequence
Hibernate: 
    insert 
    into
        tag
        (first_name, parent_id, second_name, third_name, id) 
    values
        (?, ?, ?, ?, ?)
2021-03-10 22:37:34.589 TRACE 20712 --- [    Test worker] o.h.type.descriptor.sql.BasicBinder      : binding parameter [1] as [VARCHAR] - [laravel]
2021-03-10 22:37:34.589 TRACE 20712 --- [    Test worker] o.h.type.descriptor.sql.BasicBinder      : binding parameter [2] as [BIGINT] - [26]
2021-03-10 22:37:34.589 TRACE 20712 --- [    Test worker] o.h.type.descriptor.sql.BasicBinder      : binding parameter [3] as [VARCHAR] - [라라벨]
2021-03-10 22:37:34.589 TRACE 20712 --- [    Test worker] o.h.type.descriptor.sql.BasicBinder      : binding parameter [4] as [VARCHAR] - [null]
2021-03-10 22:37:34.589 TRACE 20712 --- [    Test worker] o.h.type.descriptor.sql.BasicBinder      : binding parameter [5] as [BIGINT] - [34]
Hibernate: 
    select
        tag0_.id as id1_6_0_,
        children1_.id as id1_6_1_,
        tag2_.id as id1_6_2_,
        tag0_.first_name as first_na2_6_0_,
        tag0_.parent_id as parent_i5_6_0_,
        tag0_.second_name as second_n3_6_0_,
        tag0_.third_name as third_na4_6_0_,
        children1_.first_name as first_na2_6_1_,
        children1_.parent_id as parent_i5_6_1_,
        children1_.second_name as second_n3_6_1_,
        children1_.third_name as third_na4_6_1_,
        children1_.parent_id as parent_i5_6_0__,
        children1_.id as id1_6_0__,
        tag2_.first_name as first_na2_6_2_,
        tag2_.parent_id as parent_i5_6_2_,
        tag2_.second_name as second_n3_6_2_,
        tag2_.third_name as third_na4_6_2_ 
    from
        tag tag0_ 
    left outer join
        tag children1_ 
            on tag0_.id=children1_.parent_id 
    left outer join
        tag tag2_ 
            on tag0_.parent_id=tag2_.id 
    where
        tag0_.first_name=?
2021-03-10 22:37:34.604 TRACE 20712 --- [    Test worker] o.h.type.descriptor.sql.BasicBinder      : binding parameter [1] as [VARCHAR] - [프레임워크]
2021-03-10 22:37:34.604 TRACE 20712 --- [    Test worker] o.h.type.descriptor.sql.BasicExtractor   : extracted value ([id1_6_0_] : [BIGINT]) - [26]
2021-03-10 22:37:34.604 TRACE 20712 --- [    Test worker] o.h.type.descriptor.sql.BasicExtractor   : extracted value ([id1_6_1_] : [BIGINT]) - [27]
2021-03-10 22:37:34.604 TRACE 20712 --- [    Test worker] o.h.type.descriptor.sql.BasicExtractor   : extracted value ([id1_6_2_] : [BIGINT]) - [null]
2021-03-10 22:37:34.604 TRACE 20712 --- [    Test worker] o.h.type.descriptor.sql.BasicExtractor   : extracted value ([first_na2_6_0_] : [VARCHAR]) - [프레임워크]
2021-03-10 22:37:34.604 TRACE 20712 --- [    Test worker] o.h.type.descriptor.sql.BasicExtractor   : extracted value ([parent_i5_6_0_] : [BIGINT]) - [null]
2021-03-10 22:37:34.604 TRACE 20712 --- [    Test worker] o.h.type.descriptor.sql.BasicExtractor   : extracted value ([second_n3_6_0_] : [VARCHAR]) - [framework]
2021-03-10 22:37:34.604 TRACE 20712 --- [    Test worker] o.h.type.descriptor.sql.BasicExtractor   : extracted value ([third_na4_6_0_] : [VARCHAR]) - [null]
2021-03-10 22:37:34.604 TRACE 20712 --- [    Test worker] o.h.type.descriptor.sql.BasicExtractor   : extracted value ([first_na2_6_1_] : [VARCHAR]) - [react]
2021-03-10 22:37:34.604 TRACE 20712 --- [    Test worker] o.h.type.descriptor.sql.BasicExtractor   : extracted value ([parent_i5_6_1_] : [BIGINT]) - [26]
2021-03-10 22:37:34.604 TRACE 20712 --- [    Test worker] o.h.type.descriptor.sql.BasicExtractor   : extracted value ([second_n3_6_1_] : [VARCHAR]) - [리엑트]
2021-03-10 22:37:34.604 TRACE 20712 --- [    Test worker] o.h.type.descriptor.sql.BasicExtractor   : extracted value ([third_na4_6_1_] : [VARCHAR]) - [null]
2021-03-10 22:37:34.604 TRACE 20712 --- [    Test worker] o.h.type.descriptor.sql.BasicExtractor   : extracted value ([parent_i5_6_0__] : [BIGINT]) - [26]
2021-03-10 22:37:34.604 TRACE 20712 --- [    Test worker] o.h.type.descriptor.sql.BasicExtractor   : extracted value ([id1_6_0__] : [BIGINT]) - [27]
2021-03-10 22:37:34.604 TRACE 20712 --- [    Test worker] o.h.type.descriptor.sql.BasicExtractor   : extracted value ([id1_6_0_] : [BIGINT]) - [26]
2021-03-10 22:37:34.604 TRACE 20712 --- [    Test worker] o.h.type.descriptor.sql.BasicExtractor   : extracted value ([id1_6_1_] : [BIGINT]) - [28]
2021-03-10 22:37:34.604 TRACE 20712 --- [    Test worker] o.h.type.descriptor.sql.BasicExtractor   : extracted value ([id1_6_2_] : [BIGINT]) - [null]
2021-03-10 22:37:34.604 TRACE 20712 --- [    Test worker] o.h.type.descriptor.sql.BasicExtractor   : extracted value ([first_na2_6_1_] : [VARCHAR]) - [asp.net mvc]
2021-03-10 22:37:34.604 TRACE 20712 --- [    Test worker] o.h.type.descriptor.sql.BasicExtractor   : extracted value ([parent_i5_6_1_] : [BIGINT]) - [26]
2021-03-10 22:37:34.604 TRACE 20712 --- [    Test worker] o.h.type.descriptor.sql.BasicExtractor   : extracted value ([second_n3_6_1_] : [VARCHAR]) - [null]
2021-03-10 22:37:34.604 TRACE 20712 --- [    Test worker] o.h.type.descriptor.sql.BasicExtractor   : extracted value ([third_na4_6_1_] : [VARCHAR]) - [null]
2021-03-10 22:37:34.604 TRACE 20712 --- [    Test worker] o.h.type.descriptor.sql.BasicExtractor   : extracted value ([parent_i5_6_0__] : [BIGINT]) - [26]
2021-03-10 22:37:34.604 TRACE 20712 --- [    Test worker] o.h.type.descriptor.sql.BasicExtractor   : extracted value ([id1_6_0__] : [BIGINT]) - [28]
2021-03-10 22:37:34.604 TRACE 20712 --- [    Test worker] o.h.type.descriptor.sql.BasicExtractor   : extracted value ([id1_6_0_] : [BIGINT]) - [26]
2021-03-10 22:37:34.604 TRACE 20712 --- [    Test worker] o.h.type.descriptor.sql.BasicExtractor   : extracted value ([id1_6_1_] : [BIGINT]) - [29]
2021-03-10 22:37:34.604 TRACE 20712 --- [    Test worker] o.h.type.descriptor.sql.BasicExtractor   : extracted value ([id1_6_2_] : [BIGINT]) - [null]
2021-03-10 22:37:34.604 TRACE 20712 --- [    Test worker] o.h.type.descriptor.sql.BasicExtractor   : extracted value ([first_na2_6_1_] : [VARCHAR]) - [angular]
2021-03-10 22:37:34.604 TRACE 20712 --- [    Test worker] o.h.type.descriptor.sql.BasicExtractor   : extracted value ([parent_i5_6_1_] : [BIGINT]) - [26]
2021-03-10 22:37:34.604 TRACE 20712 --- [    Test worker] o.h.type.descriptor.sql.BasicExtractor   : extracted value ([second_n3_6_1_] : [VARCHAR]) - [앵귤러]
2021-03-10 22:37:34.604 TRACE 20712 --- [    Test worker] o.h.type.descriptor.sql.BasicExtractor   : extracted value ([third_na4_6_1_] : [VARCHAR]) - [null]
2021-03-10 22:37:34.604 TRACE 20712 --- [    Test worker] o.h.type.descriptor.sql.BasicExtractor   : extracted value ([parent_i5_6_0__] : [BIGINT]) - [26]
2021-03-10 22:37:34.604 TRACE 20712 --- [    Test worker] o.h.type.descriptor.sql.BasicExtractor   : extracted value ([id1_6_0__] : [BIGINT]) - [29]
2021-03-10 22:37:34.604 TRACE 20712 --- [    Test worker] o.h.type.descriptor.sql.BasicExtractor   : extracted value ([id1_6_0_] : [BIGINT]) - [26]
2021-03-10 22:37:34.604 TRACE 20712 --- [    Test worker] o.h.type.descriptor.sql.BasicExtractor   : extracted value ([id1_6_1_] : [BIGINT]) - [30]
2021-03-10 22:37:34.604 TRACE 20712 --- [    Test worker] o.h.type.descriptor.sql.BasicExtractor   : extracted value ([id1_6_2_] : [BIGINT]) - [null]
2021-03-10 22:37:34.604 TRACE 20712 --- [    Test worker] o.h.type.descriptor.sql.BasicExtractor   : extracted value ([first_na2_6_1_] : [VARCHAR]) - [Ruby on Rails]
2021-03-10 22:37:34.604 TRACE 20712 --- [    Test worker] o.h.type.descriptor.sql.BasicExtractor   : extracted value ([parent_i5_6_1_] : [BIGINT]) - [26]
2021-03-10 22:37:34.604 TRACE 20712 --- [    Test worker] o.h.type.descriptor.sql.BasicExtractor   : extracted value ([second_n3_6_1_] : [VARCHAR]) - [루비온레일스]
2021-03-10 22:37:34.604 TRACE 20712 --- [    Test worker] o.h.type.descriptor.sql.BasicExtractor   : extracted value ([third_na4_6_1_] : [VARCHAR]) - [null]
2021-03-10 22:37:34.604 TRACE 20712 --- [    Test worker] o.h.type.descriptor.sql.BasicExtractor   : extracted value ([parent_i5_6_0__] : [BIGINT]) - [26]
2021-03-10 22:37:34.604 TRACE 20712 --- [    Test worker] o.h.type.descriptor.sql.BasicExtractor   : extracted value ([id1_6_0__] : [BIGINT]) - [30]
2021-03-10 22:37:34.604 TRACE 20712 --- [    Test worker] o.h.type.descriptor.sql.BasicExtractor   : extracted value ([id1_6_0_] : [BIGINT]) - [26]
2021-03-10 22:37:34.604 TRACE 20712 --- [    Test worker] o.h.type.descriptor.sql.BasicExtractor   : extracted value ([id1_6_1_] : [BIGINT]) - [31]
2021-03-10 22:37:34.604 TRACE 20712 --- [    Test worker] o.h.type.descriptor.sql.BasicExtractor   : extracted value ([id1_6_2_] : [BIGINT]) - [null]
2021-03-10 22:37:34.604 TRACE 20712 --- [    Test worker] o.h.type.descriptor.sql.BasicExtractor   : extracted value ([first_na2_6_1_] : [VARCHAR]) - [AngularJS]
2021-03-10 22:37:34.604 TRACE 20712 --- [    Test worker] o.h.type.descriptor.sql.BasicExtractor   : extracted value ([parent_i5_6_1_] : [BIGINT]) - [26]
2021-03-10 22:37:34.604 TRACE 20712 --- [    Test worker] o.h.type.descriptor.sql.BasicExtractor   : extracted value ([second_n3_6_1_] : [VARCHAR]) - [null]
2021-03-10 22:37:34.604 TRACE 20712 --- [    Test worker] o.h.type.descriptor.sql.BasicExtractor   : extracted value ([third_na4_6_1_] : [VARCHAR]) - [null]
2021-03-10 22:37:34.604 TRACE 20712 --- [    Test worker] o.h.type.descriptor.sql.BasicExtractor   : extracted value ([parent_i5_6_0__] : [BIGINT]) - [26]
2021-03-10 22:37:34.604 TRACE 20712 --- [    Test worker] o.h.type.descriptor.sql.BasicExtractor   : extracted value ([id1_6_0__] : [BIGINT]) - [31]
2021-03-10 22:37:34.604 TRACE 20712 --- [    Test worker] o.h.type.descriptor.sql.BasicExtractor   : extracted value ([id1_6_0_] : [BIGINT]) - [26]
2021-03-10 22:37:34.604 TRACE 20712 --- [    Test worker] o.h.type.descriptor.sql.BasicExtractor   : extracted value ([id1_6_1_] : [BIGINT]) - [32]
2021-03-10 22:37:34.604 TRACE 20712 --- [    Test worker] o.h.type.descriptor.sql.BasicExtractor   : extracted value ([id1_6_2_] : [BIGINT]) - [null]
2021-03-10 22:37:34.604 TRACE 20712 --- [    Test worker] o.h.type.descriptor.sql.BasicExtractor   : extracted value ([first_na2_6_1_] : [VARCHAR]) - [Vue.js]
2021-03-10 22:37:34.604 TRACE 20712 --- [    Test worker] o.h.type.descriptor.sql.BasicExtractor   : extracted value ([parent_i5_6_1_] : [BIGINT]) - [26]
2021-03-10 22:37:34.604 TRACE 20712 --- [    Test worker] o.h.type.descriptor.sql.BasicExtractor   : extracted value ([second_n3_6_1_] : [VARCHAR]) - [뷰]
2021-03-10 22:37:34.604 TRACE 20712 --- [    Test worker] o.h.type.descriptor.sql.BasicExtractor   : extracted value ([third_na4_6_1_] : [VARCHAR]) - [null]
2021-03-10 22:37:34.604 TRACE 20712 --- [    Test worker] o.h.type.descriptor.sql.BasicExtractor   : extracted value ([parent_i5_6_0__] : [BIGINT]) - [26]
2021-03-10 22:37:34.604 TRACE 20712 --- [    Test worker] o.h.type.descriptor.sql.BasicExtractor   : extracted value ([id1_6_0__] : [BIGINT]) - [32]
2021-03-10 22:37:34.604 TRACE 20712 --- [    Test worker] o.h.type.descriptor.sql.BasicExtractor   : extracted value ([id1_6_0_] : [BIGINT]) - [26]
2021-03-10 22:37:34.604 TRACE 20712 --- [    Test worker] o.h.type.descriptor.sql.BasicExtractor   : extracted value ([id1_6_1_] : [BIGINT]) - [33]
2021-03-10 22:37:34.604 TRACE 20712 --- [    Test worker] o.h.type.descriptor.sql.BasicExtractor   : extracted value ([id1_6_2_] : [BIGINT]) - [null]
2021-03-10 22:37:34.604 TRACE 20712 --- [    Test worker] o.h.type.descriptor.sql.BasicExtractor   : extracted value ([first_na2_6_1_] : [VARCHAR]) - [django]
2021-03-10 22:37:34.604 TRACE 20712 --- [    Test worker] o.h.type.descriptor.sql.BasicExtractor   : extracted value ([parent_i5_6_1_] : [BIGINT]) - [26]
2021-03-10 22:37:34.604 TRACE 20712 --- [    Test worker] o.h.type.descriptor.sql.BasicExtractor   : extracted value ([second_n3_6_1_] : [VARCHAR]) - [장고]
2021-03-10 22:37:34.604 TRACE 20712 --- [    Test worker] o.h.type.descriptor.sql.BasicExtractor   : extracted value ([third_na4_6_1_] : [VARCHAR]) - [null]
2021-03-10 22:37:34.604 TRACE 20712 --- [    Test worker] o.h.type.descriptor.sql.BasicExtractor   : extracted value ([parent_i5_6_0__] : [BIGINT]) - [26]
2021-03-10 22:37:34.604 TRACE 20712 --- [    Test worker] o.h.type.descriptor.sql.BasicExtractor   : extracted value ([id1_6_0__] : [BIGINT]) - [33]
2021-03-10 22:37:34.604 TRACE 20712 --- [    Test worker] o.h.type.descriptor.sql.BasicExtractor   : extracted value ([id1_6_0_] : [BIGINT]) - [26]
2021-03-10 22:37:34.604 TRACE 20712 --- [    Test worker] o.h.type.descriptor.sql.BasicExtractor   : extracted value ([id1_6_1_] : [BIGINT]) - [34]
2021-03-10 22:37:34.604 TRACE 20712 --- [    Test worker] o.h.type.descriptor.sql.BasicExtractor   : extracted value ([id1_6_2_] : [BIGINT]) - [null]
2021-03-10 22:37:34.604 TRACE 20712 --- [    Test worker] o.h.type.descriptor.sql.BasicExtractor   : extracted value ([first_na2_6_1_] : [VARCHAR]) - [laravel]
2021-03-10 22:37:34.604 TRACE 20712 --- [    Test worker] o.h.type.descriptor.sql.BasicExtractor   : extracted value ([parent_i5_6_1_] : [BIGINT]) - [26]
2021-03-10 22:37:34.604 TRACE 20712 --- [    Test worker] o.h.type.descriptor.sql.BasicExtractor   : extracted value ([second_n3_6_1_] : [VARCHAR]) - [라라벨]
2021-03-10 22:37:34.604 TRACE 20712 --- [    Test worker] o.h.type.descriptor.sql.BasicExtractor   : extracted value ([third_na4_6_1_] : [VARCHAR]) - [null]
2021-03-10 22:37:34.604 TRACE 20712 --- [    Test worker] o.h.type.descriptor.sql.BasicExtractor   : extracted value ([parent_i5_6_0__] : [BIGINT]) - [26]
2021-03-10 22:37:34.604 TRACE 20712 --- [    Test worker] o.h.type.descriptor.sql.BasicExtractor   : extracted value ([id1_6_0__] : [BIGINT]) - [34]
Hibernate: 
    call next value for hibernate_sequence
Hibernate: 
    insert 
    into
        tag
        (first_name, parent_id, second_name, third_name, id) 
    values
        (?, ?, ?, ?, ?)
2021-03-10 22:37:34.604 TRACE 20712 --- [    Test worker] o.h.type.descriptor.sql.BasicBinder      : binding parameter [1] as [VARCHAR] - [asp.net]
2021-03-10 22:37:34.604 TRACE 20712 --- [    Test worker] o.h.type.descriptor.sql.BasicBinder      : binding parameter [2] as [BIGINT] - [26]
2021-03-10 22:37:34.604 TRACE 20712 --- [    Test worker] o.h.type.descriptor.sql.BasicBinder      : binding parameter [3] as [VARCHAR] - [null]
2021-03-10 22:37:34.604 TRACE 20712 --- [    Test worker] o.h.type.descriptor.sql.BasicBinder      : binding parameter [4] as [VARCHAR] - [null]
2021-03-10 22:37:34.604 TRACE 20712 --- [    Test worker] o.h.type.descriptor.sql.BasicBinder      : binding parameter [5] as [BIGINT] - [35]
Hibernate: 
    select
        tag0_.id as id1_6_0_,
        children1_.id as id1_6_1_,
        tag2_.id as id1_6_2_,
        tag0_.first_name as first_na2_6_0_,
        tag0_.parent_id as parent_i5_6_0_,
        tag0_.second_name as second_n3_6_0_,
        tag0_.third_name as third_na4_6_0_,
        children1_.first_name as first_na2_6_1_,
        children1_.parent_id as parent_i5_6_1_,
        children1_.second_name as second_n3_6_1_,
        children1_.third_name as third_na4_6_1_,
        children1_.parent_id as parent_i5_6_0__,
        children1_.id as id1_6_0__,
        tag2_.first_name as first_na2_6_2_,
        tag2_.parent_id as parent_i5_6_2_,
        tag2_.second_name as second_n3_6_2_,
        tag2_.third_name as third_na4_6_2_ 
    from
        tag tag0_ 
    left outer join
        tag children1_ 
            on tag0_.id=children1_.parent_id 
    left outer join
        tag tag2_ 
            on tag0_.parent_id=tag2_.id 
    where
        tag0_.first_name=?
2021-03-10 22:37:34.604 TRACE 20712 --- [    Test worker] o.h.type.descriptor.sql.BasicBinder      : binding parameter [1] as [VARCHAR] - [프레임워크]
2021-03-10 22:37:34.604 TRACE 20712 --- [    Test worker] o.h.type.descriptor.sql.BasicExtractor   : extracted value ([id1_6_0_] : [BIGINT]) - [26]
2021-03-10 22:37:34.604 TRACE 20712 --- [    Test worker] o.h.type.descriptor.sql.BasicExtractor   : extracted value ([id1_6_1_] : [BIGINT]) - [27]
2021-03-10 22:37:34.604 TRACE 20712 --- [    Test worker] o.h.type.descriptor.sql.BasicExtractor   : extracted value ([id1_6_2_] : [BIGINT]) - [null]
2021-03-10 22:37:34.604 TRACE 20712 --- [    Test worker] o.h.type.descriptor.sql.BasicExtractor   : extracted value ([first_na2_6_0_] : [VARCHAR]) - [프레임워크]
2021-03-10 22:37:34.604 TRACE 20712 --- [    Test worker] o.h.type.descriptor.sql.BasicExtractor   : extracted value ([parent_i5_6_0_] : [BIGINT]) - [null]
2021-03-10 22:37:34.604 TRACE 20712 --- [    Test worker] o.h.type.descriptor.sql.BasicExtractor   : extracted value ([second_n3_6_0_] : [VARCHAR]) - [framework]
2021-03-10 22:37:34.604 TRACE 20712 --- [    Test worker] o.h.type.descriptor.sql.BasicExtractor   : extracted value ([third_na4_6_0_] : [VARCHAR]) - [null]
2021-03-10 22:37:34.604 TRACE 20712 --- [    Test worker] o.h.type.descriptor.sql.BasicExtractor   : extracted value ([first_na2_6_1_] : [VARCHAR]) - [react]
2021-03-10 22:37:34.604 TRACE 20712 --- [    Test worker] o.h.type.descriptor.sql.BasicExtractor   : extracted value ([parent_i5_6_1_] : [BIGINT]) - [26]
2021-03-10 22:37:34.604 TRACE 20712 --- [    Test worker] o.h.type.descriptor.sql.BasicExtractor   : extracted value ([second_n3_6_1_] : [VARCHAR]) - [리엑트]
2021-03-10 22:37:34.604 TRACE 20712 --- [    Test worker] o.h.type.descriptor.sql.BasicExtractor   : extracted value ([third_na4_6_1_] : [VARCHAR]) - [null]
2021-03-10 22:37:34.604 TRACE 20712 --- [    Test worker] o.h.type.descriptor.sql.BasicExtractor   : extracted value ([parent_i5_6_0__] : [BIGINT]) - [26]
2021-03-10 22:37:34.604 TRACE 20712 --- [    Test worker] o.h.type.descriptor.sql.BasicExtractor   : extracted value ([id1_6_0__] : [BIGINT]) - [27]
2021-03-10 22:37:34.604 TRACE 20712 --- [    Test worker] o.h.type.descriptor.sql.BasicExtractor   : extracted value ([id1_6_0_] : [BIGINT]) - [26]
2021-03-10 22:37:34.604 TRACE 20712 --- [    Test worker] o.h.type.descriptor.sql.BasicExtractor   : extracted value ([id1_6_1_] : [BIGINT]) - [28]
2021-03-10 22:37:34.604 TRACE 20712 --- [    Test worker] o.h.type.descriptor.sql.BasicExtractor   : extracted value ([id1_6_2_] : [BIGINT]) - [null]
2021-03-10 22:37:34.604 TRACE 20712 --- [    Test worker] o.h.type.descriptor.sql.BasicExtractor   : extracted value ([first_na2_6_1_] : [VARCHAR]) - [asp.net mvc]
2021-03-10 22:37:34.604 TRACE 20712 --- [    Test worker] o.h.type.descriptor.sql.BasicExtractor   : extracted value ([parent_i5_6_1_] : [BIGINT]) - [26]
2021-03-10 22:37:34.604 TRACE 20712 --- [    Test worker] o.h.type.descriptor.sql.BasicExtractor   : extracted value ([second_n3_6_1_] : [VARCHAR]) - [null]
2021-03-10 22:37:34.604 TRACE 20712 --- [    Test worker] o.h.type.descriptor.sql.BasicExtractor   : extracted value ([third_na4_6_1_] : [VARCHAR]) - [null]
2021-03-10 22:37:34.604 TRACE 20712 --- [    Test worker] o.h.type.descriptor.sql.BasicExtractor   : extracted value ([parent_i5_6_0__] : [BIGINT]) - [26]
2021-03-10 22:37:34.604 TRACE 20712 --- [    Test worker] o.h.type.descriptor.sql.BasicExtractor   : extracted value ([id1_6_0__] : [BIGINT]) - [28]
2021-03-10 22:37:34.604 TRACE 20712 --- [    Test worker] o.h.type.descriptor.sql.BasicExtractor   : extracted value ([id1_6_0_] : [BIGINT]) - [26]
2021-03-10 22:37:34.604 TRACE 20712 --- [    Test worker] o.h.type.descriptor.sql.BasicExtractor   : extracted value ([id1_6_1_] : [BIGINT]) - [29]
2021-03-10 22:37:34.604 TRACE 20712 --- [    Test worker] o.h.type.descriptor.sql.BasicExtractor   : extracted value ([id1_6_2_] : [BIGINT]) - [null]
2021-03-10 22:37:34.604 TRACE 20712 --- [    Test worker] o.h.type.descriptor.sql.BasicExtractor   : extracted value ([first_na2_6_1_] : [VARCHAR]) - [angular]
2021-03-10 22:37:34.604 TRACE 20712 --- [    Test worker] o.h.type.descriptor.sql.BasicExtractor   : extracted value ([parent_i5_6_1_] : [BIGINT]) - [26]
2021-03-10 22:37:34.604 TRACE 20712 --- [    Test worker] o.h.type.descriptor.sql.BasicExtractor   : extracted value ([second_n3_6_1_] : [VARCHAR]) - [앵귤러]
2021-03-10 22:37:34.604 TRACE 20712 --- [    Test worker] o.h.type.descriptor.sql.BasicExtractor   : extracted value ([third_na4_6_1_] : [VARCHAR]) - [null]
2021-03-10 22:37:34.604 TRACE 20712 --- [    Test worker] o.h.type.descriptor.sql.BasicExtractor   : extracted value ([parent_i5_6_0__] : [BIGINT]) - [26]
2021-03-10 22:37:34.604 TRACE 20712 --- [    Test worker] o.h.type.descriptor.sql.BasicExtractor   : extracted value ([id1_6_0__] : [BIGINT]) - [29]
2021-03-10 22:37:34.604 TRACE 20712 --- [    Test worker] o.h.type.descriptor.sql.BasicExtractor   : extracted value ([id1_6_0_] : [BIGINT]) - [26]
2021-03-10 22:37:34.604 TRACE 20712 --- [    Test worker] o.h.type.descriptor.sql.BasicExtractor   : extracted value ([id1_6_1_] : [BIGINT]) - [30]
2021-03-10 22:37:34.604 TRACE 20712 --- [    Test worker] o.h.type.descriptor.sql.BasicExtractor   : extracted value ([id1_6_2_] : [BIGINT]) - [null]
2021-03-10 22:37:34.604 TRACE 20712 --- [    Test worker] o.h.type.descriptor.sql.BasicExtractor   : extracted value ([first_na2_6_1_] : [VARCHAR]) - [Ruby on Rails]
2021-03-10 22:37:34.604 TRACE 20712 --- [    Test worker] o.h.type.descriptor.sql.BasicExtractor   : extracted value ([parent_i5_6_1_] : [BIGINT]) - [26]
2021-03-10 22:37:34.604 TRACE 20712 --- [    Test worker] o.h.type.descriptor.sql.BasicExtractor   : extracted value ([second_n3_6_1_] : [VARCHAR]) - [루비온레일스]
2021-03-10 22:37:34.604 TRACE 20712 --- [    Test worker] o.h.type.descriptor.sql.BasicExtractor   : extracted value ([third_na4_6_1_] : [VARCHAR]) - [null]
2021-03-10 22:37:34.604 TRACE 20712 --- [    Test worker] o.h.type.descriptor.sql.BasicExtractor   : extracted value ([parent_i5_6_0__] : [BIGINT]) - [26]
2021-03-10 22:37:34.604 TRACE 20712 --- [    Test worker] o.h.type.descriptor.sql.BasicExtractor   : extracted value ([id1_6_0__] : [BIGINT]) - [30]
2021-03-10 22:37:34.604 TRACE 20712 --- [    Test worker] o.h.type.descriptor.sql.BasicExtractor   : extracted value ([id1_6_0_] : [BIGINT]) - [26]
2021-03-10 22:37:34.604 TRACE 20712 --- [    Test worker] o.h.type.descriptor.sql.BasicExtractor   : extracted value ([id1_6_1_] : [BIGINT]) - [31]
2021-03-10 22:37:34.604 TRACE 20712 --- [    Test worker] o.h.type.descriptor.sql.BasicExtractor   : extracted value ([id1_6_2_] : [BIGINT]) - [null]
2021-03-10 22:37:34.604 TRACE 20712 --- [    Test worker] o.h.type.descriptor.sql.BasicExtractor   : extracted value ([first_na2_6_1_] : [VARCHAR]) - [AngularJS]
2021-03-10 22:37:34.604 TRACE 20712 --- [    Test worker] o.h.type.descriptor.sql.BasicExtractor   : extracted value ([parent_i5_6_1_] : [BIGINT]) - [26]
2021-03-10 22:37:34.604 TRACE 20712 --- [    Test worker] o.h.type.descriptor.sql.BasicExtractor   : extracted value ([second_n3_6_1_] : [VARCHAR]) - [null]
2021-03-10 22:37:34.604 TRACE 20712 --- [    Test worker] o.h.type.descriptor.sql.BasicExtractor   : extracted value ([third_na4_6_1_] : [VARCHAR]) - [null]
2021-03-10 22:37:34.604 TRACE 20712 --- [    Test worker] o.h.type.descriptor.sql.BasicExtractor   : extracted value ([parent_i5_6_0__] : [BIGINT]) - [26]
2021-03-10 22:37:34.604 TRACE 20712 --- [    Test worker] o.h.type.descriptor.sql.BasicExtractor   : extracted value ([id1_6_0__] : [BIGINT]) - [31]
2021-03-10 22:37:34.604 TRACE 20712 --- [    Test worker] o.h.type.descriptor.sql.BasicExtractor   : extracted value ([id1_6_0_] : [BIGINT]) - [26]
2021-03-10 22:37:34.604 TRACE 20712 --- [    Test worker] o.h.type.descriptor.sql.BasicExtractor   : extracted value ([id1_6_1_] : [BIGINT]) - [32]
2021-03-10 22:37:34.604 TRACE 20712 --- [    Test worker] o.h.type.descriptor.sql.BasicExtractor   : extracted value ([id1_6_2_] : [BIGINT]) - [null]
2021-03-10 22:37:34.604 TRACE 20712 --- [    Test worker] o.h.type.descriptor.sql.BasicExtractor   : extracted value ([first_na2_6_1_] : [VARCHAR]) - [Vue.js]
2021-03-10 22:37:34.604 TRACE 20712 --- [    Test worker] o.h.type.descriptor.sql.BasicExtractor   : extracted value ([parent_i5_6_1_] : [BIGINT]) - [26]
2021-03-10 22:37:34.604 TRACE 20712 --- [    Test worker] o.h.type.descriptor.sql.BasicExtractor   : extracted value ([second_n3_6_1_] : [VARCHAR]) - [뷰]
2021-03-10 22:37:34.604 TRACE 20712 --- [    Test worker] o.h.type.descriptor.sql.BasicExtractor   : extracted value ([third_na4_6_1_] : [VARCHAR]) - [null]
2021-03-10 22:37:34.604 TRACE 20712 --- [    Test worker] o.h.type.descriptor.sql.BasicExtractor   : extracted value ([parent_i5_6_0__] : [BIGINT]) - [26]
2021-03-10 22:37:34.620 TRACE 20712 --- [    Test worker] o.h.type.descriptor.sql.BasicExtractor   : extracted value ([id1_6_0__] : [BIGINT]) - [32]
2021-03-10 22:37:34.620 TRACE 20712 --- [    Test worker] o.h.type.descriptor.sql.BasicExtractor   : extracted value ([id1_6_0_] : [BIGINT]) - [26]
2021-03-10 22:37:34.620 TRACE 20712 --- [    Test worker] o.h.type.descriptor.sql.BasicExtractor   : extracted value ([id1_6_1_] : [BIGINT]) - [33]
2021-03-10 22:37:34.620 TRACE 20712 --- [    Test worker] o.h.type.descriptor.sql.BasicExtractor   : extracted value ([id1_6_2_] : [BIGINT]) - [null]
2021-03-10 22:37:34.620 TRACE 20712 --- [    Test worker] o.h.type.descriptor.sql.BasicExtractor   : extracted value ([first_na2_6_1_] : [VARCHAR]) - [django]
2021-03-10 22:37:34.620 TRACE 20712 --- [    Test worker] o.h.type.descriptor.sql.BasicExtractor   : extracted value ([parent_i5_6_1_] : [BIGINT]) - [26]
2021-03-10 22:37:34.620 TRACE 20712 --- [    Test worker] o.h.type.descriptor.sql.BasicExtractor   : extracted value ([second_n3_6_1_] : [VARCHAR]) - [장고]
2021-03-10 22:37:34.620 TRACE 20712 --- [    Test worker] o.h.type.descriptor.sql.BasicExtractor   : extracted value ([third_na4_6_1_] : [VARCHAR]) - [null]
2021-03-10 22:37:34.620 TRACE 20712 --- [    Test worker] o.h.type.descriptor.sql.BasicExtractor   : extracted value ([parent_i5_6_0__] : [BIGINT]) - [26]
2021-03-10 22:37:34.620 TRACE 20712 --- [    Test worker] o.h.type.descriptor.sql.BasicExtractor   : extracted value ([id1_6_0__] : [BIGINT]) - [33]
2021-03-10 22:37:34.620 TRACE 20712 --- [    Test worker] o.h.type.descriptor.sql.BasicExtractor   : extracted value ([id1_6_0_] : [BIGINT]) - [26]
2021-03-10 22:37:34.620 TRACE 20712 --- [    Test worker] o.h.type.descriptor.sql.BasicExtractor   : extracted value ([id1_6_1_] : [BIGINT]) - [34]
2021-03-10 22:37:34.620 TRACE 20712 --- [    Test worker] o.h.type.descriptor.sql.BasicExtractor   : extracted value ([id1_6_2_] : [BIGINT]) - [null]
2021-03-10 22:37:34.620 TRACE 20712 --- [    Test worker] o.h.type.descriptor.sql.BasicExtractor   : extracted value ([first_na2_6_1_] : [VARCHAR]) - [laravel]
2021-03-10 22:37:34.620 TRACE 20712 --- [    Test worker] o.h.type.descriptor.sql.BasicExtractor   : extracted value ([parent_i5_6_1_] : [BIGINT]) - [26]
2021-03-10 22:37:34.620 TRACE 20712 --- [    Test worker] o.h.type.descriptor.sql.BasicExtractor   : extracted value ([second_n3_6_1_] : [VARCHAR]) - [라라벨]
2021-03-10 22:37:34.620 TRACE 20712 --- [    Test worker] o.h.type.descriptor.sql.BasicExtractor   : extracted value ([third_na4_6_1_] : [VARCHAR]) - [null]
2021-03-10 22:37:34.620 TRACE 20712 --- [    Test worker] o.h.type.descriptor.sql.BasicExtractor   : extracted value ([parent_i5_6_0__] : [BIGINT]) - [26]
2021-03-10 22:37:34.620 TRACE 20712 --- [    Test worker] o.h.type.descriptor.sql.BasicExtractor   : extracted value ([id1_6_0__] : [BIGINT]) - [34]
2021-03-10 22:37:34.620 TRACE 20712 --- [    Test worker] o.h.type.descriptor.sql.BasicExtractor   : extracted value ([id1_6_0_] : [BIGINT]) - [26]
2021-03-10 22:37:34.620 TRACE 20712 --- [    Test worker] o.h.type.descriptor.sql.BasicExtractor   : extracted value ([id1_6_1_] : [BIGINT]) - [35]
2021-03-10 22:37:34.620 TRACE 20712 --- [    Test worker] o.h.type.descriptor.sql.BasicExtractor   : extracted value ([id1_6_2_] : [BIGINT]) - [null]
2021-03-10 22:37:34.620 TRACE 20712 --- [    Test worker] o.h.type.descriptor.sql.BasicExtractor   : extracted value ([first_na2_6_1_] : [VARCHAR]) - [asp.net]
2021-03-10 22:37:34.620 TRACE 20712 --- [    Test worker] o.h.type.descriptor.sql.BasicExtractor   : extracted value ([parent_i5_6_1_] : [BIGINT]) - [26]
2021-03-10 22:37:34.620 TRACE 20712 --- [    Test worker] o.h.type.descriptor.sql.BasicExtractor   : extracted value ([second_n3_6_1_] : [VARCHAR]) - [null]
2021-03-10 22:37:34.620 TRACE 20712 --- [    Test worker] o.h.type.descriptor.sql.BasicExtractor   : extracted value ([third_na4_6_1_] : [VARCHAR]) - [null]
2021-03-10 22:37:34.620 TRACE 20712 --- [    Test worker] o.h.type.descriptor.sql.BasicExtractor   : extracted value ([parent_i5_6_0__] : [BIGINT]) - [26]
2021-03-10 22:37:34.620 TRACE 20712 --- [    Test worker] o.h.type.descriptor.sql.BasicExtractor   : extracted value ([id1_6_0__] : [BIGINT]) - [35]
Hibernate: 
    call next value for hibernate_sequence
Hibernate: 
    insert 
    into
        tag
        (first_name, parent_id, second_name, third_name, id) 
    values
        (?, ?, ?, ?, ?)
2021-03-10 22:37:34.620 TRACE 20712 --- [    Test worker] o.h.type.descriptor.sql.BasicBinder      : binding parameter [1] as [VARCHAR] - [spring]
2021-03-10 22:37:34.620 TRACE 20712 --- [    Test worker] o.h.type.descriptor.sql.BasicBinder      : binding parameter [2] as [BIGINT] - [26]
2021-03-10 22:37:34.620 TRACE 20712 --- [    Test worker] o.h.type.descriptor.sql.BasicBinder      : binding parameter [3] as [VARCHAR] - [스프링]
2021-03-10 22:37:34.620 TRACE 20712 --- [    Test worker] o.h.type.descriptor.sql.BasicBinder      : binding parameter [4] as [VARCHAR] - [null]
2021-03-10 22:37:34.620 TRACE 20712 --- [    Test worker] o.h.type.descriptor.sql.BasicBinder      : binding parameter [5] as [BIGINT] - [36]
Hibernate: 
    select
        tag0_.id as id1_6_0_,
        children1_.id as id1_6_1_,
        tag2_.id as id1_6_2_,
        tag0_.first_name as first_na2_6_0_,
        tag0_.parent_id as parent_i5_6_0_,
        tag0_.second_name as second_n3_6_0_,
        tag0_.third_name as third_na4_6_0_,
        children1_.first_name as first_na2_6_1_,
        children1_.parent_id as parent_i5_6_1_,
        children1_.second_name as second_n3_6_1_,
        children1_.third_name as third_na4_6_1_,
        children1_.parent_id as parent_i5_6_0__,
        children1_.id as id1_6_0__,
        tag2_.first_name as first_na2_6_2_,
        tag2_.parent_id as parent_i5_6_2_,
        tag2_.second_name as second_n3_6_2_,
        tag2_.third_name as third_na4_6_2_ 
    from
        tag tag0_ 
    left outer join
        tag children1_ 
            on tag0_.id=children1_.parent_id 
    left outer join
        tag tag2_ 
            on tag0_.parent_id=tag2_.id 
    where
        tag0_.first_name=?
2021-03-10 22:37:34.620 TRACE 20712 --- [    Test worker] o.h.type.descriptor.sql.BasicBinder      : binding parameter [1] as [VARCHAR] - [프레임워크]
2021-03-10 22:37:34.620 TRACE 20712 --- [    Test worker] o.h.type.descriptor.sql.BasicExtractor   : extracted value ([id1_6_0_] : [BIGINT]) - [26]
2021-03-10 22:37:34.620 TRACE 20712 --- [    Test worker] o.h.type.descriptor.sql.BasicExtractor   : extracted value ([id1_6_1_] : [BIGINT]) - [27]
2021-03-10 22:37:34.620 TRACE 20712 --- [    Test worker] o.h.type.descriptor.sql.BasicExtractor   : extracted value ([id1_6_2_] : [BIGINT]) - [null]
2021-03-10 22:37:34.620 TRACE 20712 --- [    Test worker] o.h.type.descriptor.sql.BasicExtractor   : extracted value ([first_na2_6_0_] : [VARCHAR]) - [프레임워크]
2021-03-10 22:37:34.620 TRACE 20712 --- [    Test worker] o.h.type.descriptor.sql.BasicExtractor   : extracted value ([parent_i5_6_0_] : [BIGINT]) - [null]
2021-03-10 22:37:34.620 TRACE 20712 --- [    Test worker] o.h.type.descriptor.sql.BasicExtractor   : extracted value ([second_n3_6_0_] : [VARCHAR]) - [framework]
2021-03-10 22:37:34.620 TRACE 20712 --- [    Test worker] o.h.type.descriptor.sql.BasicExtractor   : extracted value ([third_na4_6_0_] : [VARCHAR]) - [null]
2021-03-10 22:37:34.620 TRACE 20712 --- [    Test worker] o.h.type.descriptor.sql.BasicExtractor   : extracted value ([first_na2_6_1_] : [VARCHAR]) - [react]
2021-03-10 22:37:34.620 TRACE 20712 --- [    Test worker] o.h.type.descriptor.sql.BasicExtractor   : extracted value ([parent_i5_6_1_] : [BIGINT]) - [26]
2021-03-10 22:37:34.620 TRACE 20712 --- [    Test worker] o.h.type.descriptor.sql.BasicExtractor   : extracted value ([second_n3_6_1_] : [VARCHAR]) - [리엑트]
2021-03-10 22:37:34.620 TRACE 20712 --- [    Test worker] o.h.type.descriptor.sql.BasicExtractor   : extracted value ([third_na4_6_1_] : [VARCHAR]) - [null]
2021-03-10 22:37:34.620 TRACE 20712 --- [    Test worker] o.h.type.descriptor.sql.BasicExtractor   : extracted value ([parent_i5_6_0__] : [BIGINT]) - [26]
2021-03-10 22:37:34.620 TRACE 20712 --- [    Test worker] o.h.type.descriptor.sql.BasicExtractor   : extracted value ([id1_6_0__] : [BIGINT]) - [27]
2021-03-10 22:37:34.620 TRACE 20712 --- [    Test worker] o.h.type.descriptor.sql.BasicExtractor   : extracted value ([id1_6_0_] : [BIGINT]) - [26]
2021-03-10 22:37:34.620 TRACE 20712 --- [    Test worker] o.h.type.descriptor.sql.BasicExtractor   : extracted value ([id1_6_1_] : [BIGINT]) - [28]
2021-03-10 22:37:34.620 TRACE 20712 --- [    Test worker] o.h.type.descriptor.sql.BasicExtractor   : extracted value ([id1_6_2_] : [BIGINT]) - [null]
2021-03-10 22:37:34.620 TRACE 20712 --- [    Test worker] o.h.type.descriptor.sql.BasicExtractor   : extracted value ([first_na2_6_1_] : [VARCHAR]) - [asp.net mvc]
2021-03-10 22:37:34.620 TRACE 20712 --- [    Test worker] o.h.type.descriptor.sql.BasicExtractor   : extracted value ([parent_i5_6_1_] : [BIGINT]) - [26]
2021-03-10 22:37:34.620 TRACE 20712 --- [    Test worker] o.h.type.descriptor.sql.BasicExtractor   : extracted value ([second_n3_6_1_] : [VARCHAR]) - [null]
2021-03-10 22:37:34.620 TRACE 20712 --- [    Test worker] o.h.type.descriptor.sql.BasicExtractor   : extracted value ([third_na4_6_1_] : [VARCHAR]) - [null]
2021-03-10 22:37:34.620 TRACE 20712 --- [    Test worker] o.h.type.descriptor.sql.BasicExtractor   : extracted value ([parent_i5_6_0__] : [BIGINT]) - [26]
2021-03-10 22:37:34.620 TRACE 20712 --- [    Test worker] o.h.type.descriptor.sql.BasicExtractor   : extracted value ([id1_6_0__] : [BIGINT]) - [28]
2021-03-10 22:37:34.620 TRACE 20712 --- [    Test worker] o.h.type.descriptor.sql.BasicExtractor   : extracted value ([id1_6_0_] : [BIGINT]) - [26]
2021-03-10 22:37:34.620 TRACE 20712 --- [    Test worker] o.h.type.descriptor.sql.BasicExtractor   : extracted value ([id1_6_1_] : [BIGINT]) - [29]
2021-03-10 22:37:34.620 TRACE 20712 --- [    Test worker] o.h.type.descriptor.sql.BasicExtractor   : extracted value ([id1_6_2_] : [BIGINT]) - [null]
2021-03-10 22:37:34.620 TRACE 20712 --- [    Test worker] o.h.type.descriptor.sql.BasicExtractor   : extracted value ([first_na2_6_1_] : [VARCHAR]) - [angular]
2021-03-10 22:37:34.620 TRACE 20712 --- [    Test worker] o.h.type.descriptor.sql.BasicExtractor   : extracted value ([parent_i5_6_1_] : [BIGINT]) - [26]
2021-03-10 22:37:34.620 TRACE 20712 --- [    Test worker] o.h.type.descriptor.sql.BasicExtractor   : extracted value ([second_n3_6_1_] : [VARCHAR]) - [앵귤러]
2021-03-10 22:37:34.620 TRACE 20712 --- [    Test worker] o.h.type.descriptor.sql.BasicExtractor   : extracted value ([third_na4_6_1_] : [VARCHAR]) - [null]
2021-03-10 22:37:34.620 TRACE 20712 --- [    Test worker] o.h.type.descriptor.sql.BasicExtractor   : extracted value ([parent_i5_6_0__] : [BIGINT]) - [26]
2021-03-10 22:37:34.620 TRACE 20712 --- [    Test worker] o.h.type.descriptor.sql.BasicExtractor   : extracted value ([id1_6_0__] : [BIGINT]) - [29]
2021-03-10 22:37:34.620 TRACE 20712 --- [    Test worker] o.h.type.descriptor.sql.BasicExtractor   : extracted value ([id1_6_0_] : [BIGINT]) - [26]
2021-03-10 22:37:34.620 TRACE 20712 --- [    Test worker] o.h.type.descriptor.sql.BasicExtractor   : extracted value ([id1_6_1_] : [BIGINT]) - [30]
2021-03-10 22:37:34.620 TRACE 20712 --- [    Test worker] o.h.type.descriptor.sql.BasicExtractor   : extracted value ([id1_6_2_] : [BIGINT]) - [null]
2021-03-10 22:37:34.620 TRACE 20712 --- [    Test worker] o.h.type.descriptor.sql.BasicExtractor   : extracted value ([first_na2_6_1_] : [VARCHAR]) - [Ruby on Rails]
2021-03-10 22:37:34.620 TRACE 20712 --- [    Test worker] o.h.type.descriptor.sql.BasicExtractor   : extracted value ([parent_i5_6_1_] : [BIGINT]) - [26]
2021-03-10 22:37:34.620 TRACE 20712 --- [    Test worker] o.h.type.descriptor.sql.BasicExtractor   : extracted value ([second_n3_6_1_] : [VARCHAR]) - [루비온레일스]
2021-03-10 22:37:34.620 TRACE 20712 --- [    Test worker] o.h.type.descriptor.sql.BasicExtractor   : extracted value ([third_na4_6_1_] : [VARCHAR]) - [null]
2021-03-10 22:37:34.620 TRACE 20712 --- [    Test worker] o.h.type.descriptor.sql.BasicExtractor   : extracted value ([parent_i5_6_0__] : [BIGINT]) - [26]
2021-03-10 22:37:34.620 TRACE 20712 --- [    Test worker] o.h.type.descriptor.sql.BasicExtractor   : extracted value ([id1_6_0__] : [BIGINT]) - [30]
2021-03-10 22:37:34.620 TRACE 20712 --- [    Test worker] o.h.type.descriptor.sql.BasicExtractor   : extracted value ([id1_6_0_] : [BIGINT]) - [26]
2021-03-10 22:37:34.620 TRACE 20712 --- [    Test worker] o.h.type.descriptor.sql.BasicExtractor   : extracted value ([id1_6_1_] : [BIGINT]) - [31]
2021-03-10 22:37:34.620 TRACE 20712 --- [    Test worker] o.h.type.descriptor.sql.BasicExtractor   : extracted value ([id1_6_2_] : [BIGINT]) - [null]
2021-03-10 22:37:34.620 TRACE 20712 --- [    Test worker] o.h.type.descriptor.sql.BasicExtractor   : extracted value ([first_na2_6_1_] : [VARCHAR]) - [AngularJS]
2021-03-10 22:37:34.620 TRACE 20712 --- [    Test worker] o.h.type.descriptor.sql.BasicExtractor   : extracted value ([parent_i5_6_1_] : [BIGINT]) - [26]
2021-03-10 22:37:34.620 TRACE 20712 --- [    Test worker] o.h.type.descriptor.sql.BasicExtractor   : extracted value ([second_n3_6_1_] : [VARCHAR]) - [null]
2021-03-10 22:37:34.620 TRACE 20712 --- [    Test worker] o.h.type.descriptor.sql.BasicExtractor   : extracted value ([third_na4_6_1_] : [VARCHAR]) - [null]
2021-03-10 22:37:34.620 TRACE 20712 --- [    Test worker] o.h.type.descriptor.sql.BasicExtractor   : extracted value ([parent_i5_6_0__] : [BIGINT]) - [26]
2021-03-10 22:37:34.620 TRACE 20712 --- [    Test worker] o.h.type.descriptor.sql.BasicExtractor   : extracted value ([id1_6_0__] : [BIGINT]) - [31]
2021-03-10 22:37:34.620 TRACE 20712 --- [    Test worker] o.h.type.descriptor.sql.BasicExtractor   : extracted value ([id1_6_0_] : [BIGINT]) - [26]
2021-03-10 22:37:34.620 TRACE 20712 --- [    Test worker] o.h.type.descriptor.sql.BasicExtractor   : extracted value ([id1_6_1_] : [BIGINT]) - [32]
2021-03-10 22:37:34.620 TRACE 20712 --- [    Test worker] o.h.type.descriptor.sql.BasicExtractor   : extracted value ([id1_6_2_] : [BIGINT]) - [null]
2021-03-10 22:37:34.620 TRACE 20712 --- [    Test worker] o.h.type.descriptor.sql.BasicExtractor   : extracted value ([first_na2_6_1_] : [VARCHAR]) - [Vue.js]
2021-03-10 22:37:34.620 TRACE 20712 --- [    Test worker] o.h.type.descriptor.sql.BasicExtractor   : extracted value ([parent_i5_6_1_] : [BIGINT]) - [26]
2021-03-10 22:37:34.620 TRACE 20712 --- [    Test worker] o.h.type.descriptor.sql.BasicExtractor   : extracted value ([second_n3_6_1_] : [VARCHAR]) - [뷰]
2021-03-10 22:37:34.620 TRACE 20712 --- [    Test worker] o.h.type.descriptor.sql.BasicExtractor   : extracted value ([third_na4_6_1_] : [VARCHAR]) - [null]
2021-03-10 22:37:34.620 TRACE 20712 --- [    Test worker] o.h.type.descriptor.sql.BasicExtractor   : extracted value ([parent_i5_6_0__] : [BIGINT]) - [26]
2021-03-10 22:37:34.620 TRACE 20712 --- [    Test worker] o.h.type.descriptor.sql.BasicExtractor   : extracted value ([id1_6_0__] : [BIGINT]) - [32]
2021-03-10 22:37:34.620 TRACE 20712 --- [    Test worker] o.h.type.descriptor.sql.BasicExtractor   : extracted value ([id1_6_0_] : [BIGINT]) - [26]
2021-03-10 22:37:34.620 TRACE 20712 --- [    Test worker] o.h.type.descriptor.sql.BasicExtractor   : extracted value ([id1_6_1_] : [BIGINT]) - [33]
2021-03-10 22:37:34.620 TRACE 20712 --- [    Test worker] o.h.type.descriptor.sql.BasicExtractor   : extracted value ([id1_6_2_] : [BIGINT]) - [null]
2021-03-10 22:37:34.620 TRACE 20712 --- [    Test worker] o.h.type.descriptor.sql.BasicExtractor   : extracted value ([first_na2_6_1_] : [VARCHAR]) - [django]
2021-03-10 22:37:34.620 TRACE 20712 --- [    Test worker] o.h.type.descriptor.sql.BasicExtractor   : extracted value ([parent_i5_6_1_] : [BIGINT]) - [26]
2021-03-10 22:37:34.620 TRACE 20712 --- [    Test worker] o.h.type.descriptor.sql.BasicExtractor   : extracted value ([second_n3_6_1_] : [VARCHAR]) - [장고]
2021-03-10 22:37:34.620 TRACE 20712 --- [    Test worker] o.h.type.descriptor.sql.BasicExtractor   : extracted value ([third_na4_6_1_] : [VARCHAR]) - [null]
2021-03-10 22:37:34.620 TRACE 20712 --- [    Test worker] o.h.type.descriptor.sql.BasicExtractor   : extracted value ([parent_i5_6_0__] : [BIGINT]) - [26]
2021-03-10 22:37:34.620 TRACE 20712 --- [    Test worker] o.h.type.descriptor.sql.BasicExtractor   : extracted value ([id1_6_0__] : [BIGINT]) - [33]
2021-03-10 22:37:34.620 TRACE 20712 --- [    Test worker] o.h.type.descriptor.sql.BasicExtractor   : extracted value ([id1_6_0_] : [BIGINT]) - [26]
2021-03-10 22:37:34.620 TRACE 20712 --- [    Test worker] o.h.type.descriptor.sql.BasicExtractor   : extracted value ([id1_6_1_] : [BIGINT]) - [34]
2021-03-10 22:37:34.620 TRACE 20712 --- [    Test worker] o.h.type.descriptor.sql.BasicExtractor   : extracted value ([id1_6_2_] : [BIGINT]) - [null]
2021-03-10 22:37:34.620 TRACE 20712 --- [    Test worker] o.h.type.descriptor.sql.BasicExtractor   : extracted value ([first_na2_6_1_] : [VARCHAR]) - [laravel]
2021-03-10 22:37:34.620 TRACE 20712 --- [    Test worker] o.h.type.descriptor.sql.BasicExtractor   : extracted value ([parent_i5_6_1_] : [BIGINT]) - [26]
2021-03-10 22:37:34.620 TRACE 20712 --- [    Test worker] o.h.type.descriptor.sql.BasicExtractor   : extracted value ([second_n3_6_1_] : [VARCHAR]) - [라라벨]
2021-03-10 22:37:34.620 TRACE 20712 --- [    Test worker] o.h.type.descriptor.sql.BasicExtractor   : extracted value ([third_na4_6_1_] : [VARCHAR]) - [null]
2021-03-10 22:37:34.620 TRACE 20712 --- [    Test worker] o.h.type.descriptor.sql.BasicExtractor   : extracted value ([parent_i5_6_0__] : [BIGINT]) - [26]
2021-03-10 22:37:34.620 TRACE 20712 --- [    Test worker] o.h.type.descriptor.sql.BasicExtractor   : extracted value ([id1_6_0__] : [BIGINT]) - [34]
2021-03-10 22:37:34.620 TRACE 20712 --- [    Test worker] o.h.type.descriptor.sql.BasicExtractor   : extracted value ([id1_6_0_] : [BIGINT]) - [26]
2021-03-10 22:37:34.620 TRACE 20712 --- [    Test worker] o.h.type.descriptor.sql.BasicExtractor   : extracted value ([id1_6_1_] : [BIGINT]) - [35]
2021-03-10 22:37:34.620 TRACE 20712 --- [    Test worker] o.h.type.descriptor.sql.BasicExtractor   : extracted value ([id1_6_2_] : [BIGINT]) - [null]
2021-03-10 22:37:34.620 TRACE 20712 --- [    Test worker] o.h.type.descriptor.sql.BasicExtractor   : extracted value ([first_na2_6_1_] : [VARCHAR]) - [asp.net]
2021-03-10 22:37:34.620 TRACE 20712 --- [    Test worker] o.h.type.descriptor.sql.BasicExtractor   : extracted value ([parent_i5_6_1_] : [BIGINT]) - [26]
2021-03-10 22:37:34.620 TRACE 20712 --- [    Test worker] o.h.type.descriptor.sql.BasicExtractor   : extracted value ([second_n3_6_1_] : [VARCHAR]) - [null]
2021-03-10 22:37:34.620 TRACE 20712 --- [    Test worker] o.h.type.descriptor.sql.BasicExtractor   : extracted value ([third_na4_6_1_] : [VARCHAR]) - [null]
2021-03-10 22:37:34.620 TRACE 20712 --- [    Test worker] o.h.type.descriptor.sql.BasicExtractor   : extracted value ([parent_i5_6_0__] : [BIGINT]) - [26]
2021-03-10 22:37:34.620 TRACE 20712 --- [    Test worker] o.h.type.descriptor.sql.BasicExtractor   : extracted value ([id1_6_0__] : [BIGINT]) - [35]
2021-03-10 22:37:34.620 TRACE 20712 --- [    Test worker] o.h.type.descriptor.sql.BasicExtractor   : extracted value ([id1_6_0_] : [BIGINT]) - [26]
2021-03-10 22:37:34.620 TRACE 20712 --- [    Test worker] o.h.type.descriptor.sql.BasicExtractor   : extracted value ([id1_6_1_] : [BIGINT]) - [36]
2021-03-10 22:37:34.620 TRACE 20712 --- [    Test worker] o.h.type.descriptor.sql.BasicExtractor   : extracted value ([id1_6_2_] : [BIGINT]) - [null]
2021-03-10 22:37:34.620 TRACE 20712 --- [    Test worker] o.h.type.descriptor.sql.BasicExtractor   : extracted value ([first_na2_6_1_] : [VARCHAR]) - [spring]
2021-03-10 22:37:34.620 TRACE 20712 --- [    Test worker] o.h.type.descriptor.sql.BasicExtractor   : extracted value ([parent_i5_6_1_] : [BIGINT]) - [26]
2021-03-10 22:37:34.620 TRACE 20712 --- [    Test worker] o.h.type.descriptor.sql.BasicExtractor   : extracted value ([second_n3_6_1_] : [VARCHAR]) - [스프링]
2021-03-10 22:37:34.620 TRACE 20712 --- [    Test worker] o.h.type.descriptor.sql.BasicExtractor   : extracted value ([third_na4_6_1_] : [VARCHAR]) - [null]
2021-03-10 22:37:34.620 TRACE 20712 --- [    Test worker] o.h.type.descriptor.sql.BasicExtractor   : extracted value ([parent_i5_6_0__] : [BIGINT]) - [26]
2021-03-10 22:37:34.620 TRACE 20712 --- [    Test worker] o.h.type.descriptor.sql.BasicExtractor   : extracted value ([id1_6_0__] : [BIGINT]) - [36]
Hibernate: 
    call next value for hibernate_sequence
Hibernate: 
    insert 
    into
        tag
        (first_name, parent_id, second_name, third_name, id) 
    values
        (?, ?, ?, ?, ?)
2021-03-10 22:37:34.620 TRACE 20712 --- [    Test worker] o.h.type.descriptor.sql.BasicBinder      : binding parameter [1] as [VARCHAR] - [express]
2021-03-10 22:37:34.620 TRACE 20712 --- [    Test worker] o.h.type.descriptor.sql.BasicBinder      : binding parameter [2] as [BIGINT] - [26]
2021-03-10 22:37:34.620 TRACE 20712 --- [    Test worker] o.h.type.descriptor.sql.BasicBinder      : binding parameter [3] as [VARCHAR] - [익스프레스]
2021-03-10 22:37:34.620 TRACE 20712 --- [    Test worker] o.h.type.descriptor.sql.BasicBinder      : binding parameter [4] as [VARCHAR] - [null]
2021-03-10 22:37:34.620 TRACE 20712 --- [    Test worker] o.h.type.descriptor.sql.BasicBinder      : binding parameter [5] as [BIGINT] - [37]
Hibernate: 
    select
        tag0_.id as id1_6_0_,
        children1_.id as id1_6_1_,
        tag2_.id as id1_6_2_,
        tag0_.first_name as first_na2_6_0_,
        tag0_.parent_id as parent_i5_6_0_,
        tag0_.second_name as second_n3_6_0_,
        tag0_.third_name as third_na4_6_0_,
        children1_.first_name as first_na2_6_1_,
        children1_.parent_id as parent_i5_6_1_,
        children1_.second_name as second_n3_6_1_,
        children1_.third_name as third_na4_6_1_,
        children1_.parent_id as parent_i5_6_0__,
        children1_.id as id1_6_0__,
        tag2_.first_name as first_na2_6_2_,
        tag2_.parent_id as parent_i5_6_2_,
        tag2_.second_name as second_n3_6_2_,
        tag2_.third_name as third_na4_6_2_ 
    from
        tag tag0_ 
    left outer join
        tag children1_ 
            on tag0_.id=children1_.parent_id 
    left outer join
        tag tag2_ 
            on tag0_.parent_id=tag2_.id 
    where
        tag0_.first_name=?
2021-03-10 22:37:34.636 TRACE 20712 --- [    Test worker] o.h.type.descriptor.sql.BasicBinder      : binding parameter [1] as [VARCHAR] - [프레임워크]
2021-03-10 22:37:34.636 TRACE 20712 --- [    Test worker] o.h.type.descriptor.sql.BasicExtractor   : extracted value ([id1_6_0_] : [BIGINT]) - [26]
2021-03-10 22:37:34.636 TRACE 20712 --- [    Test worker] o.h.type.descriptor.sql.BasicExtractor   : extracted value ([id1_6_1_] : [BIGINT]) - [27]
2021-03-10 22:37:34.636 TRACE 20712 --- [    Test worker] o.h.type.descriptor.sql.BasicExtractor   : extracted value ([id1_6_2_] : [BIGINT]) - [null]
2021-03-10 22:37:34.636 TRACE 20712 --- [    Test worker] o.h.type.descriptor.sql.BasicExtractor   : extracted value ([first_na2_6_0_] : [VARCHAR]) - [프레임워크]
2021-03-10 22:37:34.636 TRACE 20712 --- [    Test worker] o.h.type.descriptor.sql.BasicExtractor   : extracted value ([parent_i5_6_0_] : [BIGINT]) - [null]
2021-03-10 22:37:34.636 TRACE 20712 --- [    Test worker] o.h.type.descriptor.sql.BasicExtractor   : extracted value ([second_n3_6_0_] : [VARCHAR]) - [framework]
2021-03-10 22:37:34.636 TRACE 20712 --- [    Test worker] o.h.type.descriptor.sql.BasicExtractor   : extracted value ([third_na4_6_0_] : [VARCHAR]) - [null]
2021-03-10 22:37:34.636 TRACE 20712 --- [    Test worker] o.h.type.descriptor.sql.BasicExtractor   : extracted value ([first_na2_6_1_] : [VARCHAR]) - [react]
2021-03-10 22:37:34.636 TRACE 20712 --- [    Test worker] o.h.type.descriptor.sql.BasicExtractor   : extracted value ([parent_i5_6_1_] : [BIGINT]) - [26]
2021-03-10 22:37:34.636 TRACE 20712 --- [    Test worker] o.h.type.descriptor.sql.BasicExtractor   : extracted value ([second_n3_6_1_] : [VARCHAR]) - [리엑트]
2021-03-10 22:37:34.636 TRACE 20712 --- [    Test worker] o.h.type.descriptor.sql.BasicExtractor   : extracted value ([third_na4_6_1_] : [VARCHAR]) - [null]
2021-03-10 22:37:34.636 TRACE 20712 --- [    Test worker] o.h.type.descriptor.sql.BasicExtractor   : extracted value ([parent_i5_6_0__] : [BIGINT]) - [26]
2021-03-10 22:37:34.636 TRACE 20712 --- [    Test worker] o.h.type.descriptor.sql.BasicExtractor   : extracted value ([id1_6_0__] : [BIGINT]) - [27]
2021-03-10 22:37:34.636 TRACE 20712 --- [    Test worker] o.h.type.descriptor.sql.BasicExtractor   : extracted value ([id1_6_0_] : [BIGINT]) - [26]
2021-03-10 22:37:34.636 TRACE 20712 --- [    Test worker] o.h.type.descriptor.sql.BasicExtractor   : extracted value ([id1_6_1_] : [BIGINT]) - [28]
2021-03-10 22:37:34.636 TRACE 20712 --- [    Test worker] o.h.type.descriptor.sql.BasicExtractor   : extracted value ([id1_6_2_] : [BIGINT]) - [null]
2021-03-10 22:37:34.636 TRACE 20712 --- [    Test worker] o.h.type.descriptor.sql.BasicExtractor   : extracted value ([first_na2_6_1_] : [VARCHAR]) - [asp.net mvc]
2021-03-10 22:37:34.636 TRACE 20712 --- [    Test worker] o.h.type.descriptor.sql.BasicExtractor   : extracted value ([parent_i5_6_1_] : [BIGINT]) - [26]
2021-03-10 22:37:34.636 TRACE 20712 --- [    Test worker] o.h.type.descriptor.sql.BasicExtractor   : extracted value ([second_n3_6_1_] : [VARCHAR]) - [null]
2021-03-10 22:37:34.636 TRACE 20712 --- [    Test worker] o.h.type.descriptor.sql.BasicExtractor   : extracted value ([third_na4_6_1_] : [VARCHAR]) - [null]
2021-03-10 22:37:34.636 TRACE 20712 --- [    Test worker] o.h.type.descriptor.sql.BasicExtractor   : extracted value ([parent_i5_6_0__] : [BIGINT]) - [26]
2021-03-10 22:37:34.636 TRACE 20712 --- [    Test worker] o.h.type.descriptor.sql.BasicExtractor   : extracted value ([id1_6_0__] : [BIGINT]) - [28]
2021-03-10 22:37:34.636 TRACE 20712 --- [    Test worker] o.h.type.descriptor.sql.BasicExtractor   : extracted value ([id1_6_0_] : [BIGINT]) - [26]
2021-03-10 22:37:34.636 TRACE 20712 --- [    Test worker] o.h.type.descriptor.sql.BasicExtractor   : extracted value ([id1_6_1_] : [BIGINT]) - [29]
2021-03-10 22:37:34.636 TRACE 20712 --- [    Test worker] o.h.type.descriptor.sql.BasicExtractor   : extracted value ([id1_6_2_] : [BIGINT]) - [null]
2021-03-10 22:37:34.636 TRACE 20712 --- [    Test worker] o.h.type.descriptor.sql.BasicExtractor   : extracted value ([first_na2_6_1_] : [VARCHAR]) - [angular]
2021-03-10 22:37:34.636 TRACE 20712 --- [    Test worker] o.h.type.descriptor.sql.BasicExtractor   : extracted value ([parent_i5_6_1_] : [BIGINT]) - [26]
2021-03-10 22:37:34.636 TRACE 20712 --- [    Test worker] o.h.type.descriptor.sql.BasicExtractor   : extracted value ([second_n3_6_1_] : [VARCHAR]) - [앵귤러]
2021-03-10 22:37:34.636 TRACE 20712 --- [    Test worker] o.h.type.descriptor.sql.BasicExtractor   : extracted value ([third_na4_6_1_] : [VARCHAR]) - [null]
2021-03-10 22:37:34.636 TRACE 20712 --- [    Test worker] o.h.type.descriptor.sql.BasicExtractor   : extracted value ([parent_i5_6_0__] : [BIGINT]) - [26]
2021-03-10 22:37:34.636 TRACE 20712 --- [    Test worker] o.h.type.descriptor.sql.BasicExtractor   : extracted value ([id1_6_0__] : [BIGINT]) - [29]
2021-03-10 22:37:34.636 TRACE 20712 --- [    Test worker] o.h.type.descriptor.sql.BasicExtractor   : extracted value ([id1_6_0_] : [BIGINT]) - [26]
2021-03-10 22:37:34.636 TRACE 20712 --- [    Test worker] o.h.type.descriptor.sql.BasicExtractor   : extracted value ([id1_6_1_] : [BIGINT]) - [30]
2021-03-10 22:37:34.636 TRACE 20712 --- [    Test worker] o.h.type.descriptor.sql.BasicExtractor   : extracted value ([id1_6_2_] : [BIGINT]) - [null]
2021-03-10 22:37:34.636 TRACE 20712 --- [    Test worker] o.h.type.descriptor.sql.BasicExtractor   : extracted value ([first_na2_6_1_] : [VARCHAR]) - [Ruby on Rails]
2021-03-10 22:37:34.636 TRACE 20712 --- [    Test worker] o.h.type.descriptor.sql.BasicExtractor   : extracted value ([parent_i5_6_1_] : [BIGINT]) - [26]
2021-03-10 22:37:34.636 TRACE 20712 --- [    Test worker] o.h.type.descriptor.sql.BasicExtractor   : extracted value ([second_n3_6_1_] : [VARCHAR]) - [루비온레일스]
2021-03-10 22:37:34.636 TRACE 20712 --- [    Test worker] o.h.type.descriptor.sql.BasicExtractor   : extracted value ([third_na4_6_1_] : [VARCHAR]) - [null]
2021-03-10 22:37:34.636 TRACE 20712 --- [    Test worker] o.h.type.descriptor.sql.BasicExtractor   : extracted value ([parent_i5_6_0__] : [BIGINT]) - [26]
2021-03-10 22:37:34.636 TRACE 20712 --- [    Test worker] o.h.type.descriptor.sql.BasicExtractor   : extracted value ([id1_6_0__] : [BIGINT]) - [30]
2021-03-10 22:37:34.636 TRACE 20712 --- [    Test worker] o.h.type.descriptor.sql.BasicExtractor   : extracted value ([id1_6_0_] : [BIGINT]) - [26]
2021-03-10 22:37:34.636 TRACE 20712 --- [    Test worker] o.h.type.descriptor.sql.BasicExtractor   : extracted value ([id1_6_1_] : [BIGINT]) - [31]
2021-03-10 22:37:34.636 TRACE 20712 --- [    Test worker] o.h.type.descriptor.sql.BasicExtractor   : extracted value ([id1_6_2_] : [BIGINT]) - [null]
2021-03-10 22:37:34.636 TRACE 20712 --- [    Test worker] o.h.type.descriptor.sql.BasicExtractor   : extracted value ([first_na2_6_1_] : [VARCHAR]) - [AngularJS]
2021-03-10 22:37:34.636 TRACE 20712 --- [    Test worker] o.h.type.descriptor.sql.BasicExtractor   : extracted value ([parent_i5_6_1_] : [BIGINT]) - [26]
2021-03-10 22:37:34.636 TRACE 20712 --- [    Test worker] o.h.type.descriptor.sql.BasicExtractor   : extracted value ([second_n3_6_1_] : [VARCHAR]) - [null]
2021-03-10 22:37:34.636 TRACE 20712 --- [    Test worker] o.h.type.descriptor.sql.BasicExtractor   : extracted value ([third_na4_6_1_] : [VARCHAR]) - [null]
2021-03-10 22:37:34.636 TRACE 20712 --- [    Test worker] o.h.type.descriptor.sql.BasicExtractor   : extracted value ([parent_i5_6_0__] : [BIGINT]) - [26]
2021-03-10 22:37:34.636 TRACE 20712 --- [    Test worker] o.h.type.descriptor.sql.BasicExtractor   : extracted value ([id1_6_0__] : [BIGINT]) - [31]
2021-03-10 22:37:34.636 TRACE 20712 --- [    Test worker] o.h.type.descriptor.sql.BasicExtractor   : extracted value ([id1_6_0_] : [BIGINT]) - [26]
2021-03-10 22:37:34.636 TRACE 20712 --- [    Test worker] o.h.type.descriptor.sql.BasicExtractor   : extracted value ([id1_6_1_] : [BIGINT]) - [32]
2021-03-10 22:37:34.636 TRACE 20712 --- [    Test worker] o.h.type.descriptor.sql.BasicExtractor   : extracted value ([id1_6_2_] : [BIGINT]) - [null]
2021-03-10 22:37:34.636 TRACE 20712 --- [    Test worker] o.h.type.descriptor.sql.BasicExtractor   : extracted value ([first_na2_6_1_] : [VARCHAR]) - [Vue.js]
2021-03-10 22:37:34.636 TRACE 20712 --- [    Test worker] o.h.type.descriptor.sql.BasicExtractor   : extracted value ([parent_i5_6_1_] : [BIGINT]) - [26]
2021-03-10 22:37:34.636 TRACE 20712 --- [    Test worker] o.h.type.descriptor.sql.BasicExtractor   : extracted value ([second_n3_6_1_] : [VARCHAR]) - [뷰]
2021-03-10 22:37:34.636 TRACE 20712 --- [    Test worker] o.h.type.descriptor.sql.BasicExtractor   : extracted value ([third_na4_6_1_] : [VARCHAR]) - [null]
2021-03-10 22:37:34.636 TRACE 20712 --- [    Test worker] o.h.type.descriptor.sql.BasicExtractor   : extracted value ([parent_i5_6_0__] : [BIGINT]) - [26]
2021-03-10 22:37:34.636 TRACE 20712 --- [    Test worker] o.h.type.descriptor.sql.BasicExtractor   : extracted value ([id1_6_0__] : [BIGINT]) - [32]
2021-03-10 22:37:34.636 TRACE 20712 --- [    Test worker] o.h.type.descriptor.sql.BasicExtractor   : extracted value ([id1_6_0_] : [BIGINT]) - [26]
2021-03-10 22:37:34.636 TRACE 20712 --- [    Test worker] o.h.type.descriptor.sql.BasicExtractor   : extracted value ([id1_6_1_] : [BIGINT]) - [33]
2021-03-10 22:37:34.636 TRACE 20712 --- [    Test worker] o.h.type.descriptor.sql.BasicExtractor   : extracted value ([id1_6_2_] : [BIGINT]) - [null]
2021-03-10 22:37:34.636 TRACE 20712 --- [    Test worker] o.h.type.descriptor.sql.BasicExtractor   : extracted value ([first_na2_6_1_] : [VARCHAR]) - [django]
2021-03-10 22:37:34.636 TRACE 20712 --- [    Test worker] o.h.type.descriptor.sql.BasicExtractor   : extracted value ([parent_i5_6_1_] : [BIGINT]) - [26]
2021-03-10 22:37:34.636 TRACE 20712 --- [    Test worker] o.h.type.descriptor.sql.BasicExtractor   : extracted value ([second_n3_6_1_] : [VARCHAR]) - [장고]
2021-03-10 22:37:34.636 TRACE 20712 --- [    Test worker] o.h.type.descriptor.sql.BasicExtractor   : extracted value ([third_na4_6_1_] : [VARCHAR]) - [null]
2021-03-10 22:37:34.636 TRACE 20712 --- [    Test worker] o.h.type.descriptor.sql.BasicExtractor   : extracted value ([parent_i5_6_0__] : [BIGINT]) - [26]
2021-03-10 22:37:34.636 TRACE 20712 --- [    Test worker] o.h.type.descriptor.sql.BasicExtractor   : extracted value ([id1_6_0__] : [BIGINT]) - [33]
2021-03-10 22:37:34.636 TRACE 20712 --- [    Test worker] o.h.type.descriptor.sql.BasicExtractor   : extracted value ([id1_6_0_] : [BIGINT]) - [26]
2021-03-10 22:37:34.636 TRACE 20712 --- [    Test worker] o.h.type.descriptor.sql.BasicExtractor   : extracted value ([id1_6_1_] : [BIGINT]) - [34]
2021-03-10 22:37:34.636 TRACE 20712 --- [    Test worker] o.h.type.descriptor.sql.BasicExtractor   : extracted value ([id1_6_2_] : [BIGINT]) - [null]
2021-03-10 22:37:34.636 TRACE 20712 --- [    Test worker] o.h.type.descriptor.sql.BasicExtractor   : extracted value ([first_na2_6_1_] : [VARCHAR]) - [laravel]
2021-03-10 22:37:34.636 TRACE 20712 --- [    Test worker] o.h.type.descriptor.sql.BasicExtractor   : extracted value ([parent_i5_6_1_] : [BIGINT]) - [26]
2021-03-10 22:37:34.636 TRACE 20712 --- [    Test worker] o.h.type.descriptor.sql.BasicExtractor   : extracted value ([second_n3_6_1_] : [VARCHAR]) - [라라벨]
2021-03-10 22:37:34.636 TRACE 20712 --- [    Test worker] o.h.type.descriptor.sql.BasicExtractor   : extracted value ([third_na4_6_1_] : [VARCHAR]) - [null]
2021-03-10 22:37:34.636 TRACE 20712 --- [    Test worker] o.h.type.descriptor.sql.BasicExtractor   : extracted value ([parent_i5_6_0__] : [BIGINT]) - [26]
2021-03-10 22:37:34.636 TRACE 20712 --- [    Test worker] o.h.type.descriptor.sql.BasicExtractor   : extracted value ([id1_6_0__] : [BIGINT]) - [34]
2021-03-10 22:37:34.636 TRACE 20712 --- [    Test worker] o.h.type.descriptor.sql.BasicExtractor   : extracted value ([id1_6_0_] : [BIGINT]) - [26]
2021-03-10 22:37:34.636 TRACE 20712 --- [    Test worker] o.h.type.descriptor.sql.BasicExtractor   : extracted value ([id1_6_1_] : [BIGINT]) - [35]
2021-03-10 22:37:34.636 TRACE 20712 --- [    Test worker] o.h.type.descriptor.sql.BasicExtractor   : extracted value ([id1_6_2_] : [BIGINT]) - [null]
2021-03-10 22:37:34.636 TRACE 20712 --- [    Test worker] o.h.type.descriptor.sql.BasicExtractor   : extracted value ([first_na2_6_1_] : [VARCHAR]) - [asp.net]
2021-03-10 22:37:34.636 TRACE 20712 --- [    Test worker] o.h.type.descriptor.sql.BasicExtractor   : extracted value ([parent_i5_6_1_] : [BIGINT]) - [26]
2021-03-10 22:37:34.636 TRACE 20712 --- [    Test worker] o.h.type.descriptor.sql.BasicExtractor   : extracted value ([second_n3_6_1_] : [VARCHAR]) - [null]
2021-03-10 22:37:34.636 TRACE 20712 --- [    Test worker] o.h.type.descriptor.sql.BasicExtractor   : extracted value ([third_na4_6_1_] : [VARCHAR]) - [null]
2021-03-10 22:37:34.636 TRACE 20712 --- [    Test worker] o.h.type.descriptor.sql.BasicExtractor   : extracted value ([parent_i5_6_0__] : [BIGINT]) - [26]
2021-03-10 22:37:34.636 TRACE 20712 --- [    Test worker] o.h.type.descriptor.sql.BasicExtractor   : extracted value ([id1_6_0__] : [BIGINT]) - [35]
2021-03-10 22:37:34.636 TRACE 20712 --- [    Test worker] o.h.type.descriptor.sql.BasicExtractor   : extracted value ([id1_6_0_] : [BIGINT]) - [26]
2021-03-10 22:37:34.636 TRACE 20712 --- [    Test worker] o.h.type.descriptor.sql.BasicExtractor   : extracted value ([id1_6_1_] : [BIGINT]) - [36]
2021-03-10 22:37:34.636 TRACE 20712 --- [    Test worker] o.h.type.descriptor.sql.BasicExtractor   : extracted value ([id1_6_2_] : [BIGINT]) - [null]
2021-03-10 22:37:34.636 TRACE 20712 --- [    Test worker] o.h.type.descriptor.sql.BasicExtractor   : extracted value ([first_na2_6_1_] : [VARCHAR]) - [spring]
2021-03-10 22:37:34.636 TRACE 20712 --- [    Test worker] o.h.type.descriptor.sql.BasicExtractor   : extracted value ([parent_i5_6_1_] : [BIGINT]) - [26]
2021-03-10 22:37:34.636 TRACE 20712 --- [    Test worker] o.h.type.descriptor.sql.BasicExtractor   : extracted value ([second_n3_6_1_] : [VARCHAR]) - [스프링]
2021-03-10 22:37:34.636 TRACE 20712 --- [    Test worker] o.h.type.descriptor.sql.BasicExtractor   : extracted value ([third_na4_6_1_] : [VARCHAR]) - [null]
2021-03-10 22:37:34.636 TRACE 20712 --- [    Test worker] o.h.type.descriptor.sql.BasicExtractor   : extracted value ([parent_i5_6_0__] : [BIGINT]) - [26]
2021-03-10 22:37:34.636 TRACE 20712 --- [    Test worker] o.h.type.descriptor.sql.BasicExtractor   : extracted value ([id1_6_0__] : [BIGINT]) - [36]
2021-03-10 22:37:34.636 TRACE 20712 --- [    Test worker] o.h.type.descriptor.sql.BasicExtractor   : extracted value ([id1_6_0_] : [BIGINT]) - [26]
2021-03-10 22:37:34.636 TRACE 20712 --- [    Test worker] o.h.type.descriptor.sql.BasicExtractor   : extracted value ([id1_6_1_] : [BIGINT]) - [37]
2021-03-10 22:37:34.636 TRACE 20712 --- [    Test worker] o.h.type.descriptor.sql.BasicExtractor   : extracted value ([id1_6_2_] : [BIGINT]) - [null]
2021-03-10 22:37:34.636 TRACE 20712 --- [    Test worker] o.h.type.descriptor.sql.BasicExtractor   : extracted value ([first_na2_6_1_] : [VARCHAR]) - [express]
2021-03-10 22:37:34.636 TRACE 20712 --- [    Test worker] o.h.type.descriptor.sql.BasicExtractor   : extracted value ([parent_i5_6_1_] : [BIGINT]) - [26]
2021-03-10 22:37:34.636 TRACE 20712 --- [    Test worker] o.h.type.descriptor.sql.BasicExtractor   : extracted value ([second_n3_6_1_] : [VARCHAR]) - [익스프레스]
2021-03-10 22:37:34.636 TRACE 20712 --- [    Test worker] o.h.type.descriptor.sql.BasicExtractor   : extracted value ([third_na4_6_1_] : [VARCHAR]) - [null]
2021-03-10 22:37:34.636 TRACE 20712 --- [    Test worker] o.h.type.descriptor.sql.BasicExtractor   : extracted value ([parent_i5_6_0__] : [BIGINT]) - [26]
2021-03-10 22:37:34.636 TRACE 20712 --- [    Test worker] o.h.type.descriptor.sql.BasicExtractor   : extracted value ([id1_6_0__] : [BIGINT]) - [37]
Hibernate: 
    call next value for hibernate_sequence
Hibernate: 
    insert 
    into
        tag
        (first_name, parent_id, second_name, third_name, id) 
    values
        (?, ?, ?, ?, ?)
2021-03-10 22:37:34.636 TRACE 20712 --- [    Test worker] o.h.type.descriptor.sql.BasicBinder      : binding parameter [1] as [VARCHAR] - [flask]
2021-03-10 22:37:34.636 TRACE 20712 --- [    Test worker] o.h.type.descriptor.sql.BasicBinder      : binding parameter [2] as [BIGINT] - [26]
2021-03-10 22:37:34.636 TRACE 20712 --- [    Test worker] o.h.type.descriptor.sql.BasicBinder      : binding parameter [3] as [VARCHAR] - [플라스크]
2021-03-10 22:37:34.636 TRACE 20712 --- [    Test worker] o.h.type.descriptor.sql.BasicBinder      : binding parameter [4] as [VARCHAR] - [null]
2021-03-10 22:37:34.636 TRACE 20712 --- [    Test worker] o.h.type.descriptor.sql.BasicBinder      : binding parameter [5] as [BIGINT] - [38]
Hibernate: 
    call next value for hibernate_sequence
Hibernate: 
    insert 
    into
        tag
        (first_name, parent_id, second_name, third_name, id) 
    values
        (?, ?, ?, ?, ?)
2021-03-10 22:37:34.636 TRACE 20712 --- [    Test worker] o.h.type.descriptor.sql.BasicBinder      : binding parameter [1] as [VARCHAR] - [etc]
2021-03-10 22:37:34.636 TRACE 20712 --- [    Test worker] o.h.type.descriptor.sql.BasicBinder      : binding parameter [2] as [BIGINT] - [null]
2021-03-10 22:37:34.636 TRACE 20712 --- [    Test worker] o.h.type.descriptor.sql.BasicBinder      : binding parameter [3] as [VARCHAR] - [null]
2021-03-10 22:37:34.636 TRACE 20712 --- [    Test worker] o.h.type.descriptor.sql.BasicBinder      : binding parameter [4] as [VARCHAR] - [null]
2021-03-10 22:37:34.636 TRACE 20712 --- [    Test worker] o.h.type.descriptor.sql.BasicBinder      : binding parameter [5] as [BIGINT] - [39]
Hibernate: 
    select
        tag0_.id as id1_6_0_,
        children1_.id as id1_6_1_,
        tag2_.id as id1_6_2_,
        tag0_.first_name as first_na2_6_0_,
        tag0_.parent_id as parent_i5_6_0_,
        tag0_.second_name as second_n3_6_0_,
        tag0_.third_name as third_na4_6_0_,
        children1_.first_name as first_na2_6_1_,
        children1_.parent_id as parent_i5_6_1_,
        children1_.second_name as second_n3_6_1_,
        children1_.third_name as third_na4_6_1_,
        children1_.parent_id as parent_i5_6_0__,
        children1_.id as id1_6_0__,
        tag2_.first_name as first_na2_6_2_,
        tag2_.parent_id as parent_i5_6_2_,
        tag2_.second_name as second_n3_6_2_,
        tag2_.third_name as third_na4_6_2_ 
    from
        tag tag0_ 
    left outer join
        tag children1_ 
            on tag0_.id=children1_.parent_id 
    left outer join
        tag tag2_ 
            on tag0_.parent_id=tag2_.id 
    where
        tag0_.first_name=?
2021-03-10 22:37:34.636 TRACE 20712 --- [    Test worker] o.h.type.descriptor.sql.BasicBinder      : binding parameter [1] as [VARCHAR] - [etc]
2021-03-10 22:37:34.651 TRACE 20712 --- [    Test worker] o.h.type.descriptor.sql.BasicExtractor   : extracted value ([id1_6_0_] : [BIGINT]) - [39]
2021-03-10 22:37:34.651 TRACE 20712 --- [    Test worker] o.h.type.descriptor.sql.BasicExtractor   : extracted value ([id1_6_1_] : [BIGINT]) - [null]
2021-03-10 22:37:34.651 TRACE 20712 --- [    Test worker] o.h.type.descriptor.sql.BasicExtractor   : extracted value ([id1_6_2_] : [BIGINT]) - [null]
2021-03-10 22:37:34.651 TRACE 20712 --- [    Test worker] o.h.type.descriptor.sql.BasicExtractor   : extracted value ([first_na2_6_0_] : [VARCHAR]) - [etc]
2021-03-10 22:37:34.651 TRACE 20712 --- [    Test worker] o.h.type.descriptor.sql.BasicExtractor   : extracted value ([parent_i5_6_0_] : [BIGINT]) - [null]
2021-03-10 22:37:34.651 TRACE 20712 --- [    Test worker] o.h.type.descriptor.sql.BasicExtractor   : extracted value ([second_n3_6_0_] : [VARCHAR]) - [null]
2021-03-10 22:37:34.651 TRACE 20712 --- [    Test worker] o.h.type.descriptor.sql.BasicExtractor   : extracted value ([third_na4_6_0_] : [VARCHAR]) - [null]
2021-03-10 22:37:34.651 TRACE 20712 --- [    Test worker] o.h.type.descriptor.sql.BasicExtractor   : extracted value ([parent_i5_6_0__] : [BIGINT]) - [null]
Hibernate: 
    call next value for hibernate_sequence
Hibernate: 
    insert 
    into
        tag
        (first_name, parent_id, second_name, third_name, id) 
    values
        (?, ?, ?, ?, ?)
2021-03-10 22:37:34.651 TRACE 20712 --- [    Test worker] o.h.type.descriptor.sql.BasicBinder      : binding parameter [1] as [VARCHAR] - [docker]
2021-03-10 22:37:34.651 TRACE 20712 --- [    Test worker] o.h.type.descriptor.sql.BasicBinder      : binding parameter [2] as [BIGINT] - [39]
2021-03-10 22:37:34.651 TRACE 20712 --- [    Test worker] o.h.type.descriptor.sql.BasicBinder      : binding parameter [3] as [VARCHAR] - [도커]
2021-03-10 22:37:34.651 TRACE 20712 --- [    Test worker] o.h.type.descriptor.sql.BasicBinder      : binding parameter [4] as [VARCHAR] - [null]
2021-03-10 22:37:34.651 TRACE 20712 --- [    Test worker] o.h.type.descriptor.sql.BasicBinder      : binding parameter [5] as [BIGINT] - [40]
Hibernate: 
    select
        tag0_.id as id1_6_0_,
        children1_.id as id1_6_1_,
        tag2_.id as id1_6_2_,
        tag0_.first_name as first_na2_6_0_,
        tag0_.parent_id as parent_i5_6_0_,
        tag0_.second_name as second_n3_6_0_,
        tag0_.third_name as third_na4_6_0_,
        children1_.first_name as first_na2_6_1_,
        children1_.parent_id as parent_i5_6_1_,
        children1_.second_name as second_n3_6_1_,
        children1_.third_name as third_na4_6_1_,
        children1_.parent_id as parent_i5_6_0__,
        children1_.id as id1_6_0__,
        tag2_.first_name as first_na2_6_2_,
        tag2_.parent_id as parent_i5_6_2_,
        tag2_.second_name as second_n3_6_2_,
        tag2_.third_name as third_na4_6_2_ 
    from
        tag tag0_ 
    left outer join
        tag children1_ 
            on tag0_.id=children1_.parent_id 
    left outer join
        tag tag2_ 
            on tag0_.parent_id=tag2_.id 
    where
        tag0_.first_name=?
2021-03-10 22:37:34.651 TRACE 20712 --- [    Test worker] o.h.type.descriptor.sql.BasicBinder      : binding parameter [1] as [VARCHAR] - [etc]
2021-03-10 22:37:34.651 TRACE 20712 --- [    Test worker] o.h.type.descriptor.sql.BasicExtractor   : extracted value ([id1_6_0_] : [BIGINT]) - [39]
2021-03-10 22:37:34.651 TRACE 20712 --- [    Test worker] o.h.type.descriptor.sql.BasicExtractor   : extracted value ([id1_6_1_] : [BIGINT]) - [40]
2021-03-10 22:37:34.651 TRACE 20712 --- [    Test worker] o.h.type.descriptor.sql.BasicExtractor   : extracted value ([id1_6_2_] : [BIGINT]) - [null]
2021-03-10 22:37:34.651 TRACE 20712 --- [    Test worker] o.h.type.descriptor.sql.BasicExtractor   : extracted value ([first_na2_6_0_] : [VARCHAR]) - [etc]
2021-03-10 22:37:34.651 TRACE 20712 --- [    Test worker] o.h.type.descriptor.sql.BasicExtractor   : extracted value ([parent_i5_6_0_] : [BIGINT]) - [null]
2021-03-10 22:37:34.651 TRACE 20712 --- [    Test worker] o.h.type.descriptor.sql.BasicExtractor   : extracted value ([second_n3_6_0_] : [VARCHAR]) - [null]
2021-03-10 22:37:34.651 TRACE 20712 --- [    Test worker] o.h.type.descriptor.sql.BasicExtractor   : extracted value ([third_na4_6_0_] : [VARCHAR]) - [null]
2021-03-10 22:37:34.651 TRACE 20712 --- [    Test worker] o.h.type.descriptor.sql.BasicExtractor   : extracted value ([first_na2_6_1_] : [VARCHAR]) - [docker]
2021-03-10 22:37:34.651 TRACE 20712 --- [    Test worker] o.h.type.descriptor.sql.BasicExtractor   : extracted value ([parent_i5_6_1_] : [BIGINT]) - [39]
2021-03-10 22:37:34.651 TRACE 20712 --- [    Test worker] o.h.type.descriptor.sql.BasicExtractor   : extracted value ([second_n3_6_1_] : [VARCHAR]) - [도커]
2021-03-10 22:37:34.651 TRACE 20712 --- [    Test worker] o.h.type.descriptor.sql.BasicExtractor   : extracted value ([third_na4_6_1_] : [VARCHAR]) - [null]
2021-03-10 22:37:34.651 TRACE 20712 --- [    Test worker] o.h.type.descriptor.sql.BasicExtractor   : extracted value ([parent_i5_6_0__] : [BIGINT]) - [39]
2021-03-10 22:37:34.651 TRACE 20712 --- [    Test worker] o.h.type.descriptor.sql.BasicExtractor   : extracted value ([id1_6_0__] : [BIGINT]) - [40]
Hibernate: 
    call next value for hibernate_sequence
Hibernate: 
    insert 
    into
        tag
        (first_name, parent_id, second_name, third_name, id) 
    values
        (?, ?, ?, ?, ?)
2021-03-10 22:37:34.651 TRACE 20712 --- [    Test worker] o.h.type.descriptor.sql.BasicBinder      : binding parameter [1] as [VARCHAR] - [devops]
2021-03-10 22:37:34.651 TRACE 20712 --- [    Test worker] o.h.type.descriptor.sql.BasicBinder      : binding parameter [2] as [BIGINT] - [39]
2021-03-10 22:37:34.651 TRACE 20712 --- [    Test worker] o.h.type.descriptor.sql.BasicBinder      : binding parameter [3] as [VARCHAR] - [데브옵스]
2021-03-10 22:37:34.651 TRACE 20712 --- [    Test worker] o.h.type.descriptor.sql.BasicBinder      : binding parameter [4] as [VARCHAR] - [null]
2021-03-10 22:37:34.651 TRACE 20712 --- [    Test worker] o.h.type.descriptor.sql.BasicBinder      : binding parameter [5] as [BIGINT] - [41]
Hibernate: 
    select
        tag0_.id as id1_6_0_,
        children1_.id as id1_6_1_,
        tag2_.id as id1_6_2_,
        tag0_.first_name as first_na2_6_0_,
        tag0_.parent_id as parent_i5_6_0_,
        tag0_.second_name as second_n3_6_0_,
        tag0_.third_name as third_na4_6_0_,
        children1_.first_name as first_na2_6_1_,
        children1_.parent_id as parent_i5_6_1_,
        children1_.second_name as second_n3_6_1_,
        children1_.third_name as third_na4_6_1_,
        children1_.parent_id as parent_i5_6_0__,
        children1_.id as id1_6_0__,
        tag2_.first_name as first_na2_6_2_,
        tag2_.parent_id as parent_i5_6_2_,
        tag2_.second_name as second_n3_6_2_,
        tag2_.third_name as third_na4_6_2_ 
    from
        tag tag0_ 
    left outer join
        tag children1_ 
            on tag0_.id=children1_.parent_id 
    left outer join
        tag tag2_ 
            on tag0_.parent_id=tag2_.id 
    where
        tag0_.first_name=?
2021-03-10 22:37:34.651 TRACE 20712 --- [    Test worker] o.h.type.descriptor.sql.BasicBinder      : binding parameter [1] as [VARCHAR] - [etc]
2021-03-10 22:37:34.651 TRACE 20712 --- [    Test worker] o.h.type.descriptor.sql.BasicExtractor   : extracted value ([id1_6_0_] : [BIGINT]) - [39]
2021-03-10 22:37:34.651 TRACE 20712 --- [    Test worker] o.h.type.descriptor.sql.BasicExtractor   : extracted value ([id1_6_1_] : [BIGINT]) - [40]
2021-03-10 22:37:34.651 TRACE 20712 --- [    Test worker] o.h.type.descriptor.sql.BasicExtractor   : extracted value ([id1_6_2_] : [BIGINT]) - [null]
2021-03-10 22:37:34.651 TRACE 20712 --- [    Test worker] o.h.type.descriptor.sql.BasicExtractor   : extracted value ([first_na2_6_0_] : [VARCHAR]) - [etc]
2021-03-10 22:37:34.651 TRACE 20712 --- [    Test worker] o.h.type.descriptor.sql.BasicExtractor   : extracted value ([parent_i5_6_0_] : [BIGINT]) - [null]
2021-03-10 22:37:34.651 TRACE 20712 --- [    Test worker] o.h.type.descriptor.sql.BasicExtractor   : extracted value ([second_n3_6_0_] : [VARCHAR]) - [null]
2021-03-10 22:37:34.651 TRACE 20712 --- [    Test worker] o.h.type.descriptor.sql.BasicExtractor   : extracted value ([third_na4_6_0_] : [VARCHAR]) - [null]
2021-03-10 22:37:34.651 TRACE 20712 --- [    Test worker] o.h.type.descriptor.sql.BasicExtractor   : extracted value ([first_na2_6_1_] : [VARCHAR]) - [docker]
2021-03-10 22:37:34.651 TRACE 20712 --- [    Test worker] o.h.type.descriptor.sql.BasicExtractor   : extracted value ([parent_i5_6_1_] : [BIGINT]) - [39]
2021-03-10 22:37:34.651 TRACE 20712 --- [    Test worker] o.h.type.descriptor.sql.BasicExtractor   : extracted value ([second_n3_6_1_] : [VARCHAR]) - [도커]
2021-03-10 22:37:34.651 TRACE 20712 --- [    Test worker] o.h.type.descriptor.sql.BasicExtractor   : extracted value ([third_na4_6_1_] : [VARCHAR]) - [null]
2021-03-10 22:37:34.651 TRACE 20712 --- [    Test worker] o.h.type.descriptor.sql.BasicExtractor   : extracted value ([parent_i5_6_0__] : [BIGINT]) - [39]
2021-03-10 22:37:34.651 TRACE 20712 --- [    Test worker] o.h.type.descriptor.sql.BasicExtractor   : extracted value ([id1_6_0__] : [BIGINT]) - [40]
2021-03-10 22:37:34.651 TRACE 20712 --- [    Test worker] o.h.type.descriptor.sql.BasicExtractor   : extracted value ([id1_6_0_] : [BIGINT]) - [39]
2021-03-10 22:37:34.651 TRACE 20712 --- [    Test worker] o.h.type.descriptor.sql.BasicExtractor   : extracted value ([id1_6_1_] : [BIGINT]) - [41]
2021-03-10 22:37:34.651 TRACE 20712 --- [    Test worker] o.h.type.descriptor.sql.BasicExtractor   : extracted value ([id1_6_2_] : [BIGINT]) - [null]
2021-03-10 22:37:34.651 TRACE 20712 --- [    Test worker] o.h.type.descriptor.sql.BasicExtractor   : extracted value ([first_na2_6_1_] : [VARCHAR]) - [devops]
2021-03-10 22:37:34.651 TRACE 20712 --- [    Test worker] o.h.type.descriptor.sql.BasicExtractor   : extracted value ([parent_i5_6_1_] : [BIGINT]) - [39]
2021-03-10 22:37:34.651 TRACE 20712 --- [    Test worker] o.h.type.descriptor.sql.BasicExtractor   : extracted value ([second_n3_6_1_] : [VARCHAR]) - [데브옵스]
2021-03-10 22:37:34.651 TRACE 20712 --- [    Test worker] o.h.type.descriptor.sql.BasicExtractor   : extracted value ([third_na4_6_1_] : [VARCHAR]) - [null]
2021-03-10 22:37:34.651 TRACE 20712 --- [    Test worker] o.h.type.descriptor.sql.BasicExtractor   : extracted value ([parent_i5_6_0__] : [BIGINT]) - [39]
2021-03-10 22:37:34.651 TRACE 20712 --- [    Test worker] o.h.type.descriptor.sql.BasicExtractor   : extracted value ([id1_6_0__] : [BIGINT]) - [41]
Hibernate: 
    call next value for hibernate_sequence
Hibernate: 
    insert 
    into
        tag
        (first_name, parent_id, second_name, third_name, id) 
    values
        (?, ?, ?, ?, ?)
2021-03-10 22:37:34.667 TRACE 20712 --- [    Test worker] o.h.type.descriptor.sql.BasicBinder      : binding parameter [1] as [VARCHAR] - [kubernetes]
2021-03-10 22:37:34.667 TRACE 20712 --- [    Test worker] o.h.type.descriptor.sql.BasicBinder      : binding parameter [2] as [BIGINT] - [39]
2021-03-10 22:37:34.667 TRACE 20712 --- [    Test worker] o.h.type.descriptor.sql.BasicBinder      : binding parameter [3] as [VARCHAR] - [쿠버네티스]
2021-03-10 22:37:34.667 TRACE 20712 --- [    Test worker] o.h.type.descriptor.sql.BasicBinder      : binding parameter [4] as [VARCHAR] - [null]
2021-03-10 22:37:34.667 TRACE 20712 --- [    Test worker] o.h.type.descriptor.sql.BasicBinder      : binding parameter [5] as [BIGINT] - [42]
Hibernate: 
    select
        tag0_.id as id1_6_0_,
        children1_.id as id1_6_1_,
        tag2_.id as id1_6_2_,
        tag0_.first_name as first_na2_6_0_,
        tag0_.parent_id as parent_i5_6_0_,
        tag0_.second_name as second_n3_6_0_,
        tag0_.third_name as third_na4_6_0_,
        children1_.first_name as first_na2_6_1_,
        children1_.parent_id as parent_i5_6_1_,
        children1_.second_name as second_n3_6_1_,
        children1_.third_name as third_na4_6_1_,
        children1_.parent_id as parent_i5_6_0__,
        children1_.id as id1_6_0__,
        tag2_.first_name as first_na2_6_2_,
        tag2_.parent_id as parent_i5_6_2_,
        tag2_.second_name as second_n3_6_2_,
        tag2_.third_name as third_na4_6_2_ 
    from
        tag tag0_ 
    left outer join
        tag children1_ 
            on tag0_.id=children1_.parent_id 
    left outer join
        tag tag2_ 
            on tag0_.parent_id=tag2_.id 
    where
        tag0_.first_name=?
2021-03-10 22:37:34.667 TRACE 20712 --- [    Test worker] o.h.type.descriptor.sql.BasicBinder      : binding parameter [1] as [VARCHAR] - [etc]
2021-03-10 22:37:34.667 TRACE 20712 --- [    Test worker] o.h.type.descriptor.sql.BasicExtractor   : extracted value ([id1_6_0_] : [BIGINT]) - [39]
2021-03-10 22:37:34.667 TRACE 20712 --- [    Test worker] o.h.type.descriptor.sql.BasicExtractor   : extracted value ([id1_6_1_] : [BIGINT]) - [40]
2021-03-10 22:37:34.667 TRACE 20712 --- [    Test worker] o.h.type.descriptor.sql.BasicExtractor   : extracted value ([id1_6_2_] : [BIGINT]) - [null]
2021-03-10 22:37:34.667 TRACE 20712 --- [    Test worker] o.h.type.descriptor.sql.BasicExtractor   : extracted value ([first_na2_6_0_] : [VARCHAR]) - [etc]
2021-03-10 22:37:34.667 TRACE 20712 --- [    Test worker] o.h.type.descriptor.sql.BasicExtractor   : extracted value ([parent_i5_6_0_] : [BIGINT]) - [null]
2021-03-10 22:37:34.667 TRACE 20712 --- [    Test worker] o.h.type.descriptor.sql.BasicExtractor   : extracted value ([second_n3_6_0_] : [VARCHAR]) - [null]
2021-03-10 22:37:34.667 TRACE 20712 --- [    Test worker] o.h.type.descriptor.sql.BasicExtractor   : extracted value ([third_na4_6_0_] : [VARCHAR]) - [null]
2021-03-10 22:37:34.667 TRACE 20712 --- [    Test worker] o.h.type.descriptor.sql.BasicExtractor   : extracted value ([first_na2_6_1_] : [VARCHAR]) - [docker]
2021-03-10 22:37:34.667 TRACE 20712 --- [    Test worker] o.h.type.descriptor.sql.BasicExtractor   : extracted value ([parent_i5_6_1_] : [BIGINT]) - [39]
2021-03-10 22:37:34.667 TRACE 20712 --- [    Test worker] o.h.type.descriptor.sql.BasicExtractor   : extracted value ([second_n3_6_1_] : [VARCHAR]) - [도커]
2021-03-10 22:37:34.667 TRACE 20712 --- [    Test worker] o.h.type.descriptor.sql.BasicExtractor   : extracted value ([third_na4_6_1_] : [VARCHAR]) - [null]
2021-03-10 22:37:34.667 TRACE 20712 --- [    Test worker] o.h.type.descriptor.sql.BasicExtractor   : extracted value ([parent_i5_6_0__] : [BIGINT]) - [39]
2021-03-10 22:37:34.667 TRACE 20712 --- [    Test worker] o.h.type.descriptor.sql.BasicExtractor   : extracted value ([id1_6_0__] : [BIGINT]) - [40]
2021-03-10 22:37:34.667 TRACE 20712 --- [    Test worker] o.h.type.descriptor.sql.BasicExtractor   : extracted value ([id1_6_0_] : [BIGINT]) - [39]
2021-03-10 22:37:34.667 TRACE 20712 --- [    Test worker] o.h.type.descriptor.sql.BasicExtractor   : extracted value ([id1_6_1_] : [BIGINT]) - [41]
2021-03-10 22:37:34.667 TRACE 20712 --- [    Test worker] o.h.type.descriptor.sql.BasicExtractor   : extracted value ([id1_6_2_] : [BIGINT]) - [null]
2021-03-10 22:37:34.667 TRACE 20712 --- [    Test worker] o.h.type.descriptor.sql.BasicExtractor   : extracted value ([first_na2_6_1_] : [VARCHAR]) - [devops]
2021-03-10 22:37:34.667 TRACE 20712 --- [    Test worker] o.h.type.descriptor.sql.BasicExtractor   : extracted value ([parent_i5_6_1_] : [BIGINT]) - [39]
2021-03-10 22:37:34.667 TRACE 20712 --- [    Test worker] o.h.type.descriptor.sql.BasicExtractor   : extracted value ([second_n3_6_1_] : [VARCHAR]) - [데브옵스]
2021-03-10 22:37:34.667 TRACE 20712 --- [    Test worker] o.h.type.descriptor.sql.BasicExtractor   : extracted value ([third_na4_6_1_] : [VARCHAR]) - [null]
2021-03-10 22:37:34.667 TRACE 20712 --- [    Test worker] o.h.type.descriptor.sql.BasicExtractor   : extracted value ([parent_i5_6_0__] : [BIGINT]) - [39]
2021-03-10 22:37:34.667 TRACE 20712 --- [    Test worker] o.h.type.descriptor.sql.BasicExtractor   : extracted value ([id1_6_0__] : [BIGINT]) - [41]
2021-03-10 22:37:34.667 TRACE 20712 --- [    Test worker] o.h.type.descriptor.sql.BasicExtractor   : extracted value ([id1_6_0_] : [BIGINT]) - [39]
2021-03-10 22:37:34.667 TRACE 20712 --- [    Test worker] o.h.type.descriptor.sql.BasicExtractor   : extracted value ([id1_6_1_] : [BIGINT]) - [42]
2021-03-10 22:37:34.667 TRACE 20712 --- [    Test worker] o.h.type.descriptor.sql.BasicExtractor   : extracted value ([id1_6_2_] : [BIGINT]) - [null]
2021-03-10 22:37:34.667 TRACE 20712 --- [    Test worker] o.h.type.descriptor.sql.BasicExtractor   : extracted value ([first_na2_6_1_] : [VARCHAR]) - [kubernetes]
2021-03-10 22:37:34.667 TRACE 20712 --- [    Test worker] o.h.type.descriptor.sql.BasicExtractor   : extracted value ([parent_i5_6_1_] : [BIGINT]) - [39]
2021-03-10 22:37:34.667 TRACE 20712 --- [    Test worker] o.h.type.descriptor.sql.BasicExtractor   : extracted value ([second_n3_6_1_] : [VARCHAR]) - [쿠버네티스]
2021-03-10 22:37:34.667 TRACE 20712 --- [    Test worker] o.h.type.descriptor.sql.BasicExtractor   : extracted value ([third_na4_6_1_] : [VARCHAR]) - [null]
2021-03-10 22:37:34.667 TRACE 20712 --- [    Test worker] o.h.type.descriptor.sql.BasicExtractor   : extracted value ([parent_i5_6_0__] : [BIGINT]) - [39]
2021-03-10 22:37:34.667 TRACE 20712 --- [    Test worker] o.h.type.descriptor.sql.BasicExtractor   : extracted value ([id1_6_0__] : [BIGINT]) - [42]
Hibernate: 
    call next value for hibernate_sequence
Hibernate: 
    insert 
    into
        tag
        (first_name, parent_id, second_name, third_name, id) 
    values
        (?, ?, ?, ?, ?)
2021-03-10 22:37:34.667 TRACE 20712 --- [    Test worker] o.h.type.descriptor.sql.BasicBinder      : binding parameter [1] as [VARCHAR] - [algorithm]
2021-03-10 22:37:34.667 TRACE 20712 --- [    Test worker] o.h.type.descriptor.sql.BasicBinder      : binding parameter [2] as [BIGINT] - [39]
2021-03-10 22:37:34.667 TRACE 20712 --- [    Test worker] o.h.type.descriptor.sql.BasicBinder      : binding parameter [3] as [VARCHAR] - [알고리즘]
2021-03-10 22:37:34.667 TRACE 20712 --- [    Test worker] o.h.type.descriptor.sql.BasicBinder      : binding parameter [4] as [VARCHAR] - [null]
2021-03-10 22:37:34.667 TRACE 20712 --- [    Test worker] o.h.type.descriptor.sql.BasicBinder      : binding parameter [5] as [BIGINT] - [43]
Hibernate: 
    select
        tag0_.id as id1_6_0_,
        children1_.id as id1_6_1_,
        tag2_.id as id1_6_2_,
        tag0_.first_name as first_na2_6_0_,
        tag0_.parent_id as parent_i5_6_0_,
        tag0_.second_name as second_n3_6_0_,
        tag0_.third_name as third_na4_6_0_,
        children1_.first_name as first_na2_6_1_,
        children1_.parent_id as parent_i5_6_1_,
        children1_.second_name as second_n3_6_1_,
        children1_.third_name as third_na4_6_1_,
        children1_.parent_id as parent_i5_6_0__,
        children1_.id as id1_6_0__,
        tag2_.first_name as first_na2_6_2_,
        tag2_.parent_id as parent_i5_6_2_,
        tag2_.second_name as second_n3_6_2_,
        tag2_.third_name as third_na4_6_2_ 
    from
        tag tag0_ 
    left outer join
        tag children1_ 
            on tag0_.id=children1_.parent_id 
    left outer join
        tag tag2_ 
            on tag0_.parent_id=tag2_.id 
    where
        tag0_.first_name=?
2021-03-10 22:37:34.667 TRACE 20712 --- [    Test worker] o.h.type.descriptor.sql.BasicBinder      : binding parameter [1] as [VARCHAR] - [etc]
2021-03-10 22:37:34.667 TRACE 20712 --- [    Test worker] o.h.type.descriptor.sql.BasicExtractor   : extracted value ([id1_6_0_] : [BIGINT]) - [39]
2021-03-10 22:37:34.667 TRACE 20712 --- [    Test worker] o.h.type.descriptor.sql.BasicExtractor   : extracted value ([id1_6_1_] : [BIGINT]) - [40]
2021-03-10 22:37:34.667 TRACE 20712 --- [    Test worker] o.h.type.descriptor.sql.BasicExtractor   : extracted value ([id1_6_2_] : [BIGINT]) - [null]
2021-03-10 22:37:34.667 TRACE 20712 --- [    Test worker] o.h.type.descriptor.sql.BasicExtractor   : extracted value ([first_na2_6_0_] : [VARCHAR]) - [etc]
2021-03-10 22:37:34.667 TRACE 20712 --- [    Test worker] o.h.type.descriptor.sql.BasicExtractor   : extracted value ([parent_i5_6_0_] : [BIGINT]) - [null]
2021-03-10 22:37:34.667 TRACE 20712 --- [    Test worker] o.h.type.descriptor.sql.BasicExtractor   : extracted value ([second_n3_6_0_] : [VARCHAR]) - [null]
2021-03-10 22:37:34.667 TRACE 20712 --- [    Test worker] o.h.type.descriptor.sql.BasicExtractor   : extracted value ([third_na4_6_0_] : [VARCHAR]) - [null]
2021-03-10 22:37:34.667 TRACE 20712 --- [    Test worker] o.h.type.descriptor.sql.BasicExtractor   : extracted value ([first_na2_6_1_] : [VARCHAR]) - [docker]
2021-03-10 22:37:34.667 TRACE 20712 --- [    Test worker] o.h.type.descriptor.sql.BasicExtractor   : extracted value ([parent_i5_6_1_] : [BIGINT]) - [39]
2021-03-10 22:37:34.667 TRACE 20712 --- [    Test worker] o.h.type.descriptor.sql.BasicExtractor   : extracted value ([second_n3_6_1_] : [VARCHAR]) - [도커]
2021-03-10 22:37:34.667 TRACE 20712 --- [    Test worker] o.h.type.descriptor.sql.BasicExtractor   : extracted value ([third_na4_6_1_] : [VARCHAR]) - [null]
2021-03-10 22:37:34.667 TRACE 20712 --- [    Test worker] o.h.type.descriptor.sql.BasicExtractor   : extracted value ([parent_i5_6_0__] : [BIGINT]) - [39]
2021-03-10 22:37:34.667 TRACE 20712 --- [    Test worker] o.h.type.descriptor.sql.BasicExtractor   : extracted value ([id1_6_0__] : [BIGINT]) - [40]
2021-03-10 22:37:34.667 TRACE 20712 --- [    Test worker] o.h.type.descriptor.sql.BasicExtractor   : extracted value ([id1_6_0_] : [BIGINT]) - [39]
2021-03-10 22:37:34.667 TRACE 20712 --- [    Test worker] o.h.type.descriptor.sql.BasicExtractor   : extracted value ([id1_6_1_] : [BIGINT]) - [41]
2021-03-10 22:37:34.667 TRACE 20712 --- [    Test worker] o.h.type.descriptor.sql.BasicExtractor   : extracted value ([id1_6_2_] : [BIGINT]) - [null]
2021-03-10 22:37:34.667 TRACE 20712 --- [    Test worker] o.h.type.descriptor.sql.BasicExtractor   : extracted value ([first_na2_6_1_] : [VARCHAR]) - [devops]
2021-03-10 22:37:34.667 TRACE 20712 --- [    Test worker] o.h.type.descriptor.sql.BasicExtractor   : extracted value ([parent_i5_6_1_] : [BIGINT]) - [39]
2021-03-10 22:37:34.667 TRACE 20712 --- [    Test worker] o.h.type.descriptor.sql.BasicExtractor   : extracted value ([second_n3_6_1_] : [VARCHAR]) - [데브옵스]
2021-03-10 22:37:34.667 TRACE 20712 --- [    Test worker] o.h.type.descriptor.sql.BasicExtractor   : extracted value ([third_na4_6_1_] : [VARCHAR]) - [null]
2021-03-10 22:37:34.667 TRACE 20712 --- [    Test worker] o.h.type.descriptor.sql.BasicExtractor   : extracted value ([parent_i5_6_0__] : [BIGINT]) - [39]
2021-03-10 22:37:34.667 TRACE 20712 --- [    Test worker] o.h.type.descriptor.sql.BasicExtractor   : extracted value ([id1_6_0__] : [BIGINT]) - [41]
2021-03-10 22:37:34.667 TRACE 20712 --- [    Test worker] o.h.type.descriptor.sql.BasicExtractor   : extracted value ([id1_6_0_] : [BIGINT]) - [39]
2021-03-10 22:37:34.667 TRACE 20712 --- [    Test worker] o.h.type.descriptor.sql.BasicExtractor   : extracted value ([id1_6_1_] : [BIGINT]) - [42]
2021-03-10 22:37:34.667 TRACE 20712 --- [    Test worker] o.h.type.descriptor.sql.BasicExtractor   : extracted value ([id1_6_2_] : [BIGINT]) - [null]
2021-03-10 22:37:34.667 TRACE 20712 --- [    Test worker] o.h.type.descriptor.sql.BasicExtractor   : extracted value ([first_na2_6_1_] : [VARCHAR]) - [kubernetes]
2021-03-10 22:37:34.667 TRACE 20712 --- [    Test worker] o.h.type.descriptor.sql.BasicExtractor   : extracted value ([parent_i5_6_1_] : [BIGINT]) - [39]
2021-03-10 22:37:34.667 TRACE 20712 --- [    Test worker] o.h.type.descriptor.sql.BasicExtractor   : extracted value ([second_n3_6_1_] : [VARCHAR]) - [쿠버네티스]
2021-03-10 22:37:34.667 TRACE 20712 --- [    Test worker] o.h.type.descriptor.sql.BasicExtractor   : extracted value ([third_na4_6_1_] : [VARCHAR]) - [null]
2021-03-10 22:37:34.667 TRACE 20712 --- [    Test worker] o.h.type.descriptor.sql.BasicExtractor   : extracted value ([parent_i5_6_0__] : [BIGINT]) - [39]
2021-03-10 22:37:34.667 TRACE 20712 --- [    Test worker] o.h.type.descriptor.sql.BasicExtractor   : extracted value ([id1_6_0__] : [BIGINT]) - [42]
2021-03-10 22:37:34.667 TRACE 20712 --- [    Test worker] o.h.type.descriptor.sql.BasicExtractor   : extracted value ([id1_6_0_] : [BIGINT]) - [39]
2021-03-10 22:37:34.667 TRACE 20712 --- [    Test worker] o.h.type.descriptor.sql.BasicExtractor   : extracted value ([id1_6_1_] : [BIGINT]) - [43]
2021-03-10 22:37:34.667 TRACE 20712 --- [    Test worker] o.h.type.descriptor.sql.BasicExtractor   : extracted value ([id1_6_2_] : [BIGINT]) - [null]
2021-03-10 22:37:34.667 TRACE 20712 --- [    Test worker] o.h.type.descriptor.sql.BasicExtractor   : extracted value ([first_na2_6_1_] : [VARCHAR]) - [algorithm]
2021-03-10 22:37:34.667 TRACE 20712 --- [    Test worker] o.h.type.descriptor.sql.BasicExtractor   : extracted value ([parent_i5_6_1_] : [BIGINT]) - [39]
2021-03-10 22:37:34.667 TRACE 20712 --- [    Test worker] o.h.type.descriptor.sql.BasicExtractor   : extracted value ([second_n3_6_1_] : [VARCHAR]) - [알고리즘]
2021-03-10 22:37:34.667 TRACE 20712 --- [    Test worker] o.h.type.descriptor.sql.BasicExtractor   : extracted value ([third_na4_6_1_] : [VARCHAR]) - [null]
2021-03-10 22:37:34.667 TRACE 20712 --- [    Test worker] o.h.type.descriptor.sql.BasicExtractor   : extracted value ([parent_i5_6_0__] : [BIGINT]) - [39]
2021-03-10 22:37:34.667 TRACE 20712 --- [    Test worker] o.h.type.descriptor.sql.BasicExtractor   : extracted value ([id1_6_0__] : [BIGINT]) - [43]
Hibernate: 
    call next value for hibernate_sequence
Hibernate: 
    insert 
    into
        tag
        (first_name, parent_id, second_name, third_name, id) 
    values
        (?, ?, ?, ?, ?)
2021-03-10 22:37:34.682 TRACE 20712 --- [    Test worker] o.h.type.descriptor.sql.BasicBinder      : binding parameter [1] as [VARCHAR] - [data-structure]
2021-03-10 22:37:34.682 TRACE 20712 --- [    Test worker] o.h.type.descriptor.sql.BasicBinder      : binding parameter [2] as [BIGINT] - [39]
2021-03-10 22:37:34.682 TRACE 20712 --- [    Test worker] o.h.type.descriptor.sql.BasicBinder      : binding parameter [3] as [VARCHAR] - [자료구조]
2021-03-10 22:37:34.682 TRACE 20712 --- [    Test worker] o.h.type.descriptor.sql.BasicBinder      : binding parameter [4] as [VARCHAR] - [null]
2021-03-10 22:37:34.682 TRACE 20712 --- [    Test worker] o.h.type.descriptor.sql.BasicBinder      : binding parameter [5] as [BIGINT] - [44]
Hibernate: 
    select
        tag0_.id as id1_6_0_,
        children1_.id as id1_6_1_,
        tag2_.id as id1_6_2_,
        tag0_.first_name as first_na2_6_0_,
        tag0_.parent_id as parent_i5_6_0_,
        tag0_.second_name as second_n3_6_0_,
        tag0_.third_name as third_na4_6_0_,
        children1_.first_name as first_na2_6_1_,
        children1_.parent_id as parent_i5_6_1_,
        children1_.second_name as second_n3_6_1_,
        children1_.third_name as third_na4_6_1_,
        children1_.parent_id as parent_i5_6_0__,
        children1_.id as id1_6_0__,
        tag2_.first_name as first_na2_6_2_,
        tag2_.parent_id as parent_i5_6_2_,
        tag2_.second_name as second_n3_6_2_,
        tag2_.third_name as third_na4_6_2_ 
    from
        tag tag0_ 
    left outer join
        tag children1_ 
            on tag0_.id=children1_.parent_id 
    left outer join
        tag tag2_ 
            on tag0_.parent_id=tag2_.id 
    where
        tag0_.first_name=?
2021-03-10 22:37:34.682 TRACE 20712 --- [    Test worker] o.h.type.descriptor.sql.BasicBinder      : binding parameter [1] as [VARCHAR] - [etc]
2021-03-10 22:37:34.682 TRACE 20712 --- [    Test worker] o.h.type.descriptor.sql.BasicExtractor   : extracted value ([id1_6_0_] : [BIGINT]) - [39]
2021-03-10 22:37:34.682 TRACE 20712 --- [    Test worker] o.h.type.descriptor.sql.BasicExtractor   : extracted value ([id1_6_1_] : [BIGINT]) - [40]
2021-03-10 22:37:34.682 TRACE 20712 --- [    Test worker] o.h.type.descriptor.sql.BasicExtractor   : extracted value ([id1_6_2_] : [BIGINT]) - [null]
2021-03-10 22:37:34.682 TRACE 20712 --- [    Test worker] o.h.type.descriptor.sql.BasicExtractor   : extracted value ([first_na2_6_0_] : [VARCHAR]) - [etc]
2021-03-10 22:37:34.682 TRACE 20712 --- [    Test worker] o.h.type.descriptor.sql.BasicExtractor   : extracted value ([parent_i5_6_0_] : [BIGINT]) - [null]
2021-03-10 22:37:34.682 TRACE 20712 --- [    Test worker] o.h.type.descriptor.sql.BasicExtractor   : extracted value ([second_n3_6_0_] : [VARCHAR]) - [null]
2021-03-10 22:37:34.682 TRACE 20712 --- [    Test worker] o.h.type.descriptor.sql.BasicExtractor   : extracted value ([third_na4_6_0_] : [VARCHAR]) - [null]
2021-03-10 22:37:34.682 TRACE 20712 --- [    Test worker] o.h.type.descriptor.sql.BasicExtractor   : extracted value ([first_na2_6_1_] : [VARCHAR]) - [docker]
2021-03-10 22:37:34.682 TRACE 20712 --- [    Test worker] o.h.type.descriptor.sql.BasicExtractor   : extracted value ([parent_i5_6_1_] : [BIGINT]) - [39]
2021-03-10 22:37:34.682 TRACE 20712 --- [    Test worker] o.h.type.descriptor.sql.BasicExtractor   : extracted value ([second_n3_6_1_] : [VARCHAR]) - [도커]
2021-03-10 22:37:34.682 TRACE 20712 --- [    Test worker] o.h.type.descriptor.sql.BasicExtractor   : extracted value ([third_na4_6_1_] : [VARCHAR]) - [null]
2021-03-10 22:37:34.682 TRACE 20712 --- [    Test worker] o.h.type.descriptor.sql.BasicExtractor   : extracted value ([parent_i5_6_0__] : [BIGINT]) - [39]
2021-03-10 22:37:34.682 TRACE 20712 --- [    Test worker] o.h.type.descriptor.sql.BasicExtractor   : extracted value ([id1_6_0__] : [BIGINT]) - [40]
2021-03-10 22:37:34.682 TRACE 20712 --- [    Test worker] o.h.type.descriptor.sql.BasicExtractor   : extracted value ([id1_6_0_] : [BIGINT]) - [39]
2021-03-10 22:37:34.682 TRACE 20712 --- [    Test worker] o.h.type.descriptor.sql.BasicExtractor   : extracted value ([id1_6_1_] : [BIGINT]) - [41]
2021-03-10 22:37:34.682 TRACE 20712 --- [    Test worker] o.h.type.descriptor.sql.BasicExtractor   : extracted value ([id1_6_2_] : [BIGINT]) - [null]
2021-03-10 22:37:34.682 TRACE 20712 --- [    Test worker] o.h.type.descriptor.sql.BasicExtractor   : extracted value ([first_na2_6_1_] : [VARCHAR]) - [devops]
2021-03-10 22:37:34.682 TRACE 20712 --- [    Test worker] o.h.type.descriptor.sql.BasicExtractor   : extracted value ([parent_i5_6_1_] : [BIGINT]) - [39]
2021-03-10 22:37:34.682 TRACE 20712 --- [    Test worker] o.h.type.descriptor.sql.BasicExtractor   : extracted value ([second_n3_6_1_] : [VARCHAR]) - [데브옵스]
2021-03-10 22:37:34.682 TRACE 20712 --- [    Test worker] o.h.type.descriptor.sql.BasicExtractor   : extracted value ([third_na4_6_1_] : [VARCHAR]) - [null]
2021-03-10 22:37:34.682 TRACE 20712 --- [    Test worker] o.h.type.descriptor.sql.BasicExtractor   : extracted value ([parent_i5_6_0__] : [BIGINT]) - [39]
2021-03-10 22:37:34.682 TRACE 20712 --- [    Test worker] o.h.type.descriptor.sql.BasicExtractor   : extracted value ([id1_6_0__] : [BIGINT]) - [41]
2021-03-10 22:37:34.682 TRACE 20712 --- [    Test worker] o.h.type.descriptor.sql.BasicExtractor   : extracted value ([id1_6_0_] : [BIGINT]) - [39]
2021-03-10 22:37:34.682 TRACE 20712 --- [    Test worker] o.h.type.descriptor.sql.BasicExtractor   : extracted value ([id1_6_1_] : [BIGINT]) - [42]
2021-03-10 22:37:34.682 TRACE 20712 --- [    Test worker] o.h.type.descriptor.sql.BasicExtractor   : extracted value ([id1_6_2_] : [BIGINT]) - [null]
2021-03-10 22:37:34.682 TRACE 20712 --- [    Test worker] o.h.type.descriptor.sql.BasicExtractor   : extracted value ([first_na2_6_1_] : [VARCHAR]) - [kubernetes]
2021-03-10 22:37:34.682 TRACE 20712 --- [    Test worker] o.h.type.descriptor.sql.BasicExtractor   : extracted value ([parent_i5_6_1_] : [BIGINT]) - [39]
2021-03-10 22:37:34.682 TRACE 20712 --- [    Test worker] o.h.type.descriptor.sql.BasicExtractor   : extracted value ([second_n3_6_1_] : [VARCHAR]) - [쿠버네티스]
2021-03-10 22:37:34.682 TRACE 20712 --- [    Test worker] o.h.type.descriptor.sql.BasicExtractor   : extracted value ([third_na4_6_1_] : [VARCHAR]) - [null]
2021-03-10 22:37:34.682 TRACE 20712 --- [    Test worker] o.h.type.descriptor.sql.BasicExtractor   : extracted value ([parent_i5_6_0__] : [BIGINT]) - [39]
2021-03-10 22:37:34.682 TRACE 20712 --- [    Test worker] o.h.type.descriptor.sql.BasicExtractor   : extracted value ([id1_6_0__] : [BIGINT]) - [42]
2021-03-10 22:37:34.682 TRACE 20712 --- [    Test worker] o.h.type.descriptor.sql.BasicExtractor   : extracted value ([id1_6_0_] : [BIGINT]) - [39]
2021-03-10 22:37:34.682 TRACE 20712 --- [    Test worker] o.h.type.descriptor.sql.BasicExtractor   : extracted value ([id1_6_1_] : [BIGINT]) - [43]
2021-03-10 22:37:34.682 TRACE 20712 --- [    Test worker] o.h.type.descriptor.sql.BasicExtractor   : extracted value ([id1_6_2_] : [BIGINT]) - [null]
2021-03-10 22:37:34.682 TRACE 20712 --- [    Test worker] o.h.type.descriptor.sql.BasicExtractor   : extracted value ([first_na2_6_1_] : [VARCHAR]) - [algorithm]
2021-03-10 22:37:34.682 TRACE 20712 --- [    Test worker] o.h.type.descriptor.sql.BasicExtractor   : extracted value ([parent_i5_6_1_] : [BIGINT]) - [39]
2021-03-10 22:37:34.682 TRACE 20712 --- [    Test worker] o.h.type.descriptor.sql.BasicExtractor   : extracted value ([second_n3_6_1_] : [VARCHAR]) - [알고리즘]
2021-03-10 22:37:34.682 TRACE 20712 --- [    Test worker] o.h.type.descriptor.sql.BasicExtractor   : extracted value ([third_na4_6_1_] : [VARCHAR]) - [null]
2021-03-10 22:37:34.682 TRACE 20712 --- [    Test worker] o.h.type.descriptor.sql.BasicExtractor   : extracted value ([parent_i5_6_0__] : [BIGINT]) - [39]
2021-03-10 22:37:34.682 TRACE 20712 --- [    Test worker] o.h.type.descriptor.sql.BasicExtractor   : extracted value ([id1_6_0__] : [BIGINT]) - [43]
2021-03-10 22:37:34.682 TRACE 20712 --- [    Test worker] o.h.type.descriptor.sql.BasicExtractor   : extracted value ([id1_6_0_] : [BIGINT]) - [39]
2021-03-10 22:37:34.682 TRACE 20712 --- [    Test worker] o.h.type.descriptor.sql.BasicExtractor   : extracted value ([id1_6_1_] : [BIGINT]) - [44]
2021-03-10 22:37:34.682 TRACE 20712 --- [    Test worker] o.h.type.descriptor.sql.BasicExtractor   : extracted value ([id1_6_2_] : [BIGINT]) - [null]
2021-03-10 22:37:34.682 TRACE 20712 --- [    Test worker] o.h.type.descriptor.sql.BasicExtractor   : extracted value ([first_na2_6_1_] : [VARCHAR]) - [data-structure]
2021-03-10 22:37:34.682 TRACE 20712 --- [    Test worker] o.h.type.descriptor.sql.BasicExtractor   : extracted value ([parent_i5_6_1_] : [BIGINT]) - [39]
2021-03-10 22:37:34.682 TRACE 20712 --- [    Test worker] o.h.type.descriptor.sql.BasicExtractor   : extracted value ([second_n3_6_1_] : [VARCHAR]) - [자료구조]
2021-03-10 22:37:34.682 TRACE 20712 --- [    Test worker] o.h.type.descriptor.sql.BasicExtractor   : extracted value ([third_na4_6_1_] : [VARCHAR]) - [null]
2021-03-10 22:37:34.682 TRACE 20712 --- [    Test worker] o.h.type.descriptor.sql.BasicExtractor   : extracted value ([parent_i5_6_0__] : [BIGINT]) - [39]
2021-03-10 22:37:34.682 TRACE 20712 --- [    Test worker] o.h.type.descriptor.sql.BasicExtractor   : extracted value ([id1_6_0__] : [BIGINT]) - [44]
Hibernate: 
    call next value for hibernate_sequence
Hibernate: 
    insert 
    into
        tag
        (first_name, parent_id, second_name, third_name, id) 
    values
        (?, ?, ?, ?, ?)
2021-03-10 22:37:34.682 TRACE 20712 --- [    Test worker] o.h.type.descriptor.sql.BasicBinder      : binding parameter [1] as [VARCHAR] - [system]
2021-03-10 22:37:34.682 TRACE 20712 --- [    Test worker] o.h.type.descriptor.sql.BasicBinder      : binding parameter [2] as [BIGINT] - [39]
2021-03-10 22:37:34.682 TRACE 20712 --- [    Test worker] o.h.type.descriptor.sql.BasicBinder      : binding parameter [3] as [VARCHAR] - [시스템]
2021-03-10 22:37:34.682 TRACE 20712 --- [    Test worker] o.h.type.descriptor.sql.BasicBinder      : binding parameter [4] as [VARCHAR] - [null]
2021-03-10 22:37:34.682 TRACE 20712 --- [    Test worker] o.h.type.descriptor.sql.BasicBinder      : binding parameter [5] as [BIGINT] - [45]
Hibernate: 
    select
        tag0_.id as id1_6_0_,
        children1_.id as id1_6_1_,
        tag2_.id as id1_6_2_,
        tag0_.first_name as first_na2_6_0_,
        tag0_.parent_id as parent_i5_6_0_,
        tag0_.second_name as second_n3_6_0_,
        tag0_.third_name as third_na4_6_0_,
        children1_.first_name as first_na2_6_1_,
        children1_.parent_id as parent_i5_6_1_,
        children1_.second_name as second_n3_6_1_,
        children1_.third_name as third_na4_6_1_,
        children1_.parent_id as parent_i5_6_0__,
        children1_.id as id1_6_0__,
        tag2_.first_name as first_na2_6_2_,
        tag2_.parent_id as parent_i5_6_2_,
        tag2_.second_name as second_n3_6_2_,
        tag2_.third_name as third_na4_6_2_ 
    from
        tag tag0_ 
    left outer join
        tag children1_ 
            on tag0_.id=children1_.parent_id 
    left outer join
        tag tag2_ 
            on tag0_.parent_id=tag2_.id 
    where
        tag0_.first_name=?
2021-03-10 22:37:34.682 TRACE 20712 --- [    Test worker] o.h.type.descriptor.sql.BasicBinder      : binding parameter [1] as [VARCHAR] - [etc]
2021-03-10 22:37:34.682 TRACE 20712 --- [    Test worker] o.h.type.descriptor.sql.BasicExtractor   : extracted value ([id1_6_0_] : [BIGINT]) - [39]
2021-03-10 22:37:34.682 TRACE 20712 --- [    Test worker] o.h.type.descriptor.sql.BasicExtractor   : extracted value ([id1_6_1_] : [BIGINT]) - [40]
2021-03-10 22:37:34.682 TRACE 20712 --- [    Test worker] o.h.type.descriptor.sql.BasicExtractor   : extracted value ([id1_6_2_] : [BIGINT]) - [null]
2021-03-10 22:37:34.682 TRACE 20712 --- [    Test worker] o.h.type.descriptor.sql.BasicExtractor   : extracted value ([first_na2_6_0_] : [VARCHAR]) - [etc]
2021-03-10 22:37:34.682 TRACE 20712 --- [    Test worker] o.h.type.descriptor.sql.BasicExtractor   : extracted value ([parent_i5_6_0_] : [BIGINT]) - [null]
2021-03-10 22:37:34.682 TRACE 20712 --- [    Test worker] o.h.type.descriptor.sql.BasicExtractor   : extracted value ([second_n3_6_0_] : [VARCHAR]) - [null]
2021-03-10 22:37:34.682 TRACE 20712 --- [    Test worker] o.h.type.descriptor.sql.BasicExtractor   : extracted value ([third_na4_6_0_] : [VARCHAR]) - [null]
2021-03-10 22:37:34.682 TRACE 20712 --- [    Test worker] o.h.type.descriptor.sql.BasicExtractor   : extracted value ([first_na2_6_1_] : [VARCHAR]) - [docker]
2021-03-10 22:37:34.682 TRACE 20712 --- [    Test worker] o.h.type.descriptor.sql.BasicExtractor   : extracted value ([parent_i5_6_1_] : [BIGINT]) - [39]
2021-03-10 22:37:34.682 TRACE 20712 --- [    Test worker] o.h.type.descriptor.sql.BasicExtractor   : extracted value ([second_n3_6_1_] : [VARCHAR]) - [도커]
2021-03-10 22:37:34.682 TRACE 20712 --- [    Test worker] o.h.type.descriptor.sql.BasicExtractor   : extracted value ([third_na4_6_1_] : [VARCHAR]) - [null]
2021-03-10 22:37:34.682 TRACE 20712 --- [    Test worker] o.h.type.descriptor.sql.BasicExtractor   : extracted value ([parent_i5_6_0__] : [BIGINT]) - [39]
2021-03-10 22:37:34.682 TRACE 20712 --- [    Test worker] o.h.type.descriptor.sql.BasicExtractor   : extracted value ([id1_6_0__] : [BIGINT]) - [40]
2021-03-10 22:37:34.682 TRACE 20712 --- [    Test worker] o.h.type.descriptor.sql.BasicExtractor   : extracted value ([id1_6_0_] : [BIGINT]) - [39]
2021-03-10 22:37:34.682 TRACE 20712 --- [    Test worker] o.h.type.descriptor.sql.BasicExtractor   : extracted value ([id1_6_1_] : [BIGINT]) - [41]
2021-03-10 22:37:34.682 TRACE 20712 --- [    Test worker] o.h.type.descriptor.sql.BasicExtractor   : extracted value ([id1_6_2_] : [BIGINT]) - [null]
2021-03-10 22:37:34.682 TRACE 20712 --- [    Test worker] o.h.type.descriptor.sql.BasicExtractor   : extracted value ([first_na2_6_1_] : [VARCHAR]) - [devops]
2021-03-10 22:37:34.682 TRACE 20712 --- [    Test worker] o.h.type.descriptor.sql.BasicExtractor   : extracted value ([parent_i5_6_1_] : [BIGINT]) - [39]
2021-03-10 22:37:34.682 TRACE 20712 --- [    Test worker] o.h.type.descriptor.sql.BasicExtractor   : extracted value ([second_n3_6_1_] : [VARCHAR]) - [데브옵스]
2021-03-10 22:37:34.682 TRACE 20712 --- [    Test worker] o.h.type.descriptor.sql.BasicExtractor   : extracted value ([third_na4_6_1_] : [VARCHAR]) - [null]
2021-03-10 22:37:34.682 TRACE 20712 --- [    Test worker] o.h.type.descriptor.sql.BasicExtractor   : extracted value ([parent_i5_6_0__] : [BIGINT]) - [39]
2021-03-10 22:37:34.682 TRACE 20712 --- [    Test worker] o.h.type.descriptor.sql.BasicExtractor   : extracted value ([id1_6_0__] : [BIGINT]) - [41]
2021-03-10 22:37:34.682 TRACE 20712 --- [    Test worker] o.h.type.descriptor.sql.BasicExtractor   : extracted value ([id1_6_0_] : [BIGINT]) - [39]
2021-03-10 22:37:34.682 TRACE 20712 --- [    Test worker] o.h.type.descriptor.sql.BasicExtractor   : extracted value ([id1_6_1_] : [BIGINT]) - [42]
2021-03-10 22:37:34.682 TRACE 20712 --- [    Test worker] o.h.type.descriptor.sql.BasicExtractor   : extracted value ([id1_6_2_] : [BIGINT]) - [null]
2021-03-10 22:37:34.682 TRACE 20712 --- [    Test worker] o.h.type.descriptor.sql.BasicExtractor   : extracted value ([first_na2_6_1_] : [VARCHAR]) - [kubernetes]
2021-03-10 22:37:34.682 TRACE 20712 --- [    Test worker] o.h.type.descriptor.sql.BasicExtractor   : extracted value ([parent_i5_6_1_] : [BIGINT]) - [39]
2021-03-10 22:37:34.682 TRACE 20712 --- [    Test worker] o.h.type.descriptor.sql.BasicExtractor   : extracted value ([second_n3_6_1_] : [VARCHAR]) - [쿠버네티스]
2021-03-10 22:37:34.682 TRACE 20712 --- [    Test worker] o.h.type.descriptor.sql.BasicExtractor   : extracted value ([third_na4_6_1_] : [VARCHAR]) - [null]
2021-03-10 22:37:34.682 TRACE 20712 --- [    Test worker] o.h.type.descriptor.sql.BasicExtractor   : extracted value ([parent_i5_6_0__] : [BIGINT]) - [39]
2021-03-10 22:37:34.682 TRACE 20712 --- [    Test worker] o.h.type.descriptor.sql.BasicExtractor   : extracted value ([id1_6_0__] : [BIGINT]) - [42]
2021-03-10 22:37:34.682 TRACE 20712 --- [    Test worker] o.h.type.descriptor.sql.BasicExtractor   : extracted value ([id1_6_0_] : [BIGINT]) - [39]
2021-03-10 22:37:34.682 TRACE 20712 --- [    Test worker] o.h.type.descriptor.sql.BasicExtractor   : extracted value ([id1_6_1_] : [BIGINT]) - [43]
2021-03-10 22:37:34.682 TRACE 20712 --- [    Test worker] o.h.type.descriptor.sql.BasicExtractor   : extracted value ([id1_6_2_] : [BIGINT]) - [null]
2021-03-10 22:37:34.682 TRACE 20712 --- [    Test worker] o.h.type.descriptor.sql.BasicExtractor   : extracted value ([first_na2_6_1_] : [VARCHAR]) - [algorithm]
2021-03-10 22:37:34.682 TRACE 20712 --- [    Test worker] o.h.type.descriptor.sql.BasicExtractor   : extracted value ([parent_i5_6_1_] : [BIGINT]) - [39]
2021-03-10 22:37:34.682 TRACE 20712 --- [    Test worker] o.h.type.descriptor.sql.BasicExtractor   : extracted value ([second_n3_6_1_] : [VARCHAR]) - [알고리즘]
2021-03-10 22:37:34.682 TRACE 20712 --- [    Test worker] o.h.type.descriptor.sql.BasicExtractor   : extracted value ([third_na4_6_1_] : [VARCHAR]) - [null]
2021-03-10 22:37:34.682 TRACE 20712 --- [    Test worker] o.h.type.descriptor.sql.BasicExtractor   : extracted value ([parent_i5_6_0__] : [BIGINT]) - [39]
2021-03-10 22:37:34.682 TRACE 20712 --- [    Test worker] o.h.type.descriptor.sql.BasicExtractor   : extracted value ([id1_6_0__] : [BIGINT]) - [43]
2021-03-10 22:37:34.682 TRACE 20712 --- [    Test worker] o.h.type.descriptor.sql.BasicExtractor   : extracted value ([id1_6_0_] : [BIGINT]) - [39]
2021-03-10 22:37:34.682 TRACE 20712 --- [    Test worker] o.h.type.descriptor.sql.BasicExtractor   : extracted value ([id1_6_1_] : [BIGINT]) - [44]
2021-03-10 22:37:34.682 TRACE 20712 --- [    Test worker] o.h.type.descriptor.sql.BasicExtractor   : extracted value ([id1_6_2_] : [BIGINT]) - [null]
2021-03-10 22:37:34.682 TRACE 20712 --- [    Test worker] o.h.type.descriptor.sql.BasicExtractor   : extracted value ([first_na2_6_1_] : [VARCHAR]) - [data-structure]
2021-03-10 22:37:34.682 TRACE 20712 --- [    Test worker] o.h.type.descriptor.sql.BasicExtractor   : extracted value ([parent_i5_6_1_] : [BIGINT]) - [39]
2021-03-10 22:37:34.682 TRACE 20712 --- [    Test worker] o.h.type.descriptor.sql.BasicExtractor   : extracted value ([second_n3_6_1_] : [VARCHAR]) - [자료구조]
2021-03-10 22:37:34.682 TRACE 20712 --- [    Test worker] o.h.type.descriptor.sql.BasicExtractor   : extracted value ([third_na4_6_1_] : [VARCHAR]) - [null]
2021-03-10 22:37:34.682 TRACE 20712 --- [    Test worker] o.h.type.descriptor.sql.BasicExtractor   : extracted value ([parent_i5_6_0__] : [BIGINT]) - [39]
2021-03-10 22:37:34.682 TRACE 20712 --- [    Test worker] o.h.type.descriptor.sql.BasicExtractor   : extracted value ([id1_6_0__] : [BIGINT]) - [44]
2021-03-10 22:37:34.682 TRACE 20712 --- [    Test worker] o.h.type.descriptor.sql.BasicExtractor   : extracted value ([id1_6_0_] : [BIGINT]) - [39]
2021-03-10 22:37:34.682 TRACE 20712 --- [    Test worker] o.h.type.descriptor.sql.BasicExtractor   : extracted value ([id1_6_1_] : [BIGINT]) - [45]
2021-03-10 22:37:34.682 TRACE 20712 --- [    Test worker] o.h.type.descriptor.sql.BasicExtractor   : extracted value ([id1_6_2_] : [BIGINT]) - [null]
2021-03-10 22:37:34.682 TRACE 20712 --- [    Test worker] o.h.type.descriptor.sql.BasicExtractor   : extracted value ([first_na2_6_1_] : [VARCHAR]) - [system]
2021-03-10 22:37:34.682 TRACE 20712 --- [    Test worker] o.h.type.descriptor.sql.BasicExtractor   : extracted value ([parent_i5_6_1_] : [BIGINT]) - [39]
2021-03-10 22:37:34.682 TRACE 20712 --- [    Test worker] o.h.type.descriptor.sql.BasicExtractor   : extracted value ([second_n3_6_1_] : [VARCHAR]) - [시스템]
2021-03-10 22:37:34.682 TRACE 20712 --- [    Test worker] o.h.type.descriptor.sql.BasicExtractor   : extracted value ([third_na4_6_1_] : [VARCHAR]) - [null]
2021-03-10 22:37:34.682 TRACE 20712 --- [    Test worker] o.h.type.descriptor.sql.BasicExtractor   : extracted value ([parent_i5_6_0__] : [BIGINT]) - [39]
2021-03-10 22:37:34.682 TRACE 20712 --- [    Test worker] o.h.type.descriptor.sql.BasicExtractor   : extracted value ([id1_6_0__] : [BIGINT]) - [45]
Hibernate: 
    call next value for hibernate_sequence
Hibernate: 
    insert 
    into
        tag
        (first_name, parent_id, second_name, third_name, id) 
    values
        (?, ?, ?, ?, ?)
2021-03-10 22:37:34.682 TRACE 20712 --- [    Test worker] o.h.type.descriptor.sql.BasicBinder      : binding parameter [1] as [VARCHAR] - [database]
2021-03-10 22:37:34.682 TRACE 20712 --- [    Test worker] o.h.type.descriptor.sql.BasicBinder      : binding parameter [2] as [BIGINT] - [39]
2021-03-10 22:37:34.682 TRACE 20712 --- [    Test worker] o.h.type.descriptor.sql.BasicBinder      : binding parameter [3] as [VARCHAR] - [데이터베이스]
2021-03-10 22:37:34.682 TRACE 20712 --- [    Test worker] o.h.type.descriptor.sql.BasicBinder      : binding parameter [4] as [VARCHAR] - [null]
2021-03-10 22:37:34.698 TRACE 20712 --- [    Test worker] o.h.type.descriptor.sql.BasicBinder      : binding parameter [5] as [BIGINT] - [46]
Hibernate: 
    select
        tag0_.id as id1_6_0_,
        children1_.id as id1_6_1_,
        tag2_.id as id1_6_2_,
        tag0_.first_name as first_na2_6_0_,
        tag0_.parent_id as parent_i5_6_0_,
        tag0_.second_name as second_n3_6_0_,
        tag0_.third_name as third_na4_6_0_,
        children1_.first_name as first_na2_6_1_,
        children1_.parent_id as parent_i5_6_1_,
        children1_.second_name as second_n3_6_1_,
        children1_.third_name as third_na4_6_1_,
        children1_.parent_id as parent_i5_6_0__,
        children1_.id as id1_6_0__,
        tag2_.first_name as first_na2_6_2_,
        tag2_.parent_id as parent_i5_6_2_,
        tag2_.second_name as second_n3_6_2_,
        tag2_.third_name as third_na4_6_2_ 
    from
        tag tag0_ 
    left outer join
        tag children1_ 
            on tag0_.id=children1_.parent_id 
    left outer join
        tag tag2_ 
            on tag0_.parent_id=tag2_.id 
    where
        tag0_.first_name=?
2021-03-10 22:37:34.698 TRACE 20712 --- [    Test worker] o.h.type.descriptor.sql.BasicBinder      : binding parameter [1] as [VARCHAR] - [etc]
2021-03-10 22:37:34.698 TRACE 20712 --- [    Test worker] o.h.type.descriptor.sql.BasicExtractor   : extracted value ([id1_6_0_] : [BIGINT]) - [39]
2021-03-10 22:37:34.698 TRACE 20712 --- [    Test worker] o.h.type.descriptor.sql.BasicExtractor   : extracted value ([id1_6_1_] : [BIGINT]) - [40]
2021-03-10 22:37:34.698 TRACE 20712 --- [    Test worker] o.h.type.descriptor.sql.BasicExtractor   : extracted value ([id1_6_2_] : [BIGINT]) - [null]
2021-03-10 22:37:34.698 TRACE 20712 --- [    Test worker] o.h.type.descriptor.sql.BasicExtractor   : extracted value ([first_na2_6_0_] : [VARCHAR]) - [etc]
2021-03-10 22:37:34.698 TRACE 20712 --- [    Test worker] o.h.type.descriptor.sql.BasicExtractor   : extracted value ([parent_i5_6_0_] : [BIGINT]) - [null]
2021-03-10 22:37:34.698 TRACE 20712 --- [    Test worker] o.h.type.descriptor.sql.BasicExtractor   : extracted value ([second_n3_6_0_] : [VARCHAR]) - [null]
2021-03-10 22:37:34.698 TRACE 20712 --- [    Test worker] o.h.type.descriptor.sql.BasicExtractor   : extracted value ([third_na4_6_0_] : [VARCHAR]) - [null]
2021-03-10 22:37:34.698 TRACE 20712 --- [    Test worker] o.h.type.descriptor.sql.BasicExtractor   : extracted value ([first_na2_6_1_] : [VARCHAR]) - [docker]
2021-03-10 22:37:34.698 TRACE 20712 --- [    Test worker] o.h.type.descriptor.sql.BasicExtractor   : extracted value ([parent_i5_6_1_] : [BIGINT]) - [39]
2021-03-10 22:37:34.698 TRACE 20712 --- [    Test worker] o.h.type.descriptor.sql.BasicExtractor   : extracted value ([second_n3_6_1_] : [VARCHAR]) - [도커]
2021-03-10 22:37:34.698 TRACE 20712 --- [    Test worker] o.h.type.descriptor.sql.BasicExtractor   : extracted value ([third_na4_6_1_] : [VARCHAR]) - [null]
2021-03-10 22:37:34.698 TRACE 20712 --- [    Test worker] o.h.type.descriptor.sql.BasicExtractor   : extracted value ([parent_i5_6_0__] : [BIGINT]) - [39]
2021-03-10 22:37:34.698 TRACE 20712 --- [    Test worker] o.h.type.descriptor.sql.BasicExtractor   : extracted value ([id1_6_0__] : [BIGINT]) - [40]
2021-03-10 22:37:34.698 TRACE 20712 --- [    Test worker] o.h.type.descriptor.sql.BasicExtractor   : extracted value ([id1_6_0_] : [BIGINT]) - [39]
2021-03-10 22:37:34.698 TRACE 20712 --- [    Test worker] o.h.type.descriptor.sql.BasicExtractor   : extracted value ([id1_6_1_] : [BIGINT]) - [41]
2021-03-10 22:37:34.698 TRACE 20712 --- [    Test worker] o.h.type.descriptor.sql.BasicExtractor   : extracted value ([id1_6_2_] : [BIGINT]) - [null]
2021-03-10 22:37:34.698 TRACE 20712 --- [    Test worker] o.h.type.descriptor.sql.BasicExtractor   : extracted value ([first_na2_6_1_] : [VARCHAR]) - [devops]
2021-03-10 22:37:34.698 TRACE 20712 --- [    Test worker] o.h.type.descriptor.sql.BasicExtractor   : extracted value ([parent_i5_6_1_] : [BIGINT]) - [39]
2021-03-10 22:37:34.698 TRACE 20712 --- [    Test worker] o.h.type.descriptor.sql.BasicExtractor   : extracted value ([second_n3_6_1_] : [VARCHAR]) - [데브옵스]
2021-03-10 22:37:34.698 TRACE 20712 --- [    Test worker] o.h.type.descriptor.sql.BasicExtractor   : extracted value ([third_na4_6_1_] : [VARCHAR]) - [null]
2021-03-10 22:37:34.698 TRACE 20712 --- [    Test worker] o.h.type.descriptor.sql.BasicExtractor   : extracted value ([parent_i5_6_0__] : [BIGINT]) - [39]
2021-03-10 22:37:34.698 TRACE 20712 --- [    Test worker] o.h.type.descriptor.sql.BasicExtractor   : extracted value ([id1_6_0__] : [BIGINT]) - [41]
2021-03-10 22:37:34.698 TRACE 20712 --- [    Test worker] o.h.type.descriptor.sql.BasicExtractor   : extracted value ([id1_6_0_] : [BIGINT]) - [39]
2021-03-10 22:37:34.698 TRACE 20712 --- [    Test worker] o.h.type.descriptor.sql.BasicExtractor   : extracted value ([id1_6_1_] : [BIGINT]) - [42]
2021-03-10 22:37:34.698 TRACE 20712 --- [    Test worker] o.h.type.descriptor.sql.BasicExtractor   : extracted value ([id1_6_2_] : [BIGINT]) - [null]
2021-03-10 22:37:34.698 TRACE 20712 --- [    Test worker] o.h.type.descriptor.sql.BasicExtractor   : extracted value ([first_na2_6_1_] : [VARCHAR]) - [kubernetes]
2021-03-10 22:37:34.698 TRACE 20712 --- [    Test worker] o.h.type.descriptor.sql.BasicExtractor   : extracted value ([parent_i5_6_1_] : [BIGINT]) - [39]
2021-03-10 22:37:34.698 TRACE 20712 --- [    Test worker] o.h.type.descriptor.sql.BasicExtractor   : extracted value ([second_n3_6_1_] : [VARCHAR]) - [쿠버네티스]
2021-03-10 22:37:34.698 TRACE 20712 --- [    Test worker] o.h.type.descriptor.sql.BasicExtractor   : extracted value ([third_na4_6_1_] : [VARCHAR]) - [null]
2021-03-10 22:37:34.698 TRACE 20712 --- [    Test worker] o.h.type.descriptor.sql.BasicExtractor   : extracted value ([parent_i5_6_0__] : [BIGINT]) - [39]
2021-03-10 22:37:34.698 TRACE 20712 --- [    Test worker] o.h.type.descriptor.sql.BasicExtractor   : extracted value ([id1_6_0__] : [BIGINT]) - [42]
2021-03-10 22:37:34.698 TRACE 20712 --- [    Test worker] o.h.type.descriptor.sql.BasicExtractor   : extracted value ([id1_6_0_] : [BIGINT]) - [39]
2021-03-10 22:37:34.698 TRACE 20712 --- [    Test worker] o.h.type.descriptor.sql.BasicExtractor   : extracted value ([id1_6_1_] : [BIGINT]) - [43]
2021-03-10 22:37:34.698 TRACE 20712 --- [    Test worker] o.h.type.descriptor.sql.BasicExtractor   : extracted value ([id1_6_2_] : [BIGINT]) - [null]
2021-03-10 22:37:34.698 TRACE 20712 --- [    Test worker] o.h.type.descriptor.sql.BasicExtractor   : extracted value ([first_na2_6_1_] : [VARCHAR]) - [algorithm]
2021-03-10 22:37:34.698 TRACE 20712 --- [    Test worker] o.h.type.descriptor.sql.BasicExtractor   : extracted value ([parent_i5_6_1_] : [BIGINT]) - [39]
2021-03-10 22:37:34.698 TRACE 20712 --- [    Test worker] o.h.type.descriptor.sql.BasicExtractor   : extracted value ([second_n3_6_1_] : [VARCHAR]) - [알고리즘]
2021-03-10 22:37:34.698 TRACE 20712 --- [    Test worker] o.h.type.descriptor.sql.BasicExtractor   : extracted value ([third_na4_6_1_] : [VARCHAR]) - [null]
2021-03-10 22:37:34.698 TRACE 20712 --- [    Test worker] o.h.type.descriptor.sql.BasicExtractor   : extracted value ([parent_i5_6_0__] : [BIGINT]) - [39]
2021-03-10 22:37:34.698 TRACE 20712 --- [    Test worker] o.h.type.descriptor.sql.BasicExtractor   : extracted value ([id1_6_0__] : [BIGINT]) - [43]
2021-03-10 22:37:34.698 TRACE 20712 --- [    Test worker] o.h.type.descriptor.sql.BasicExtractor   : extracted value ([id1_6_0_] : [BIGINT]) - [39]
2021-03-10 22:37:34.698 TRACE 20712 --- [    Test worker] o.h.type.descriptor.sql.BasicExtractor   : extracted value ([id1_6_1_] : [BIGINT]) - [44]
2021-03-10 22:37:34.698 TRACE 20712 --- [    Test worker] o.h.type.descriptor.sql.BasicExtractor   : extracted value ([id1_6_2_] : [BIGINT]) - [null]
2021-03-10 22:37:34.698 TRACE 20712 --- [    Test worker] o.h.type.descriptor.sql.BasicExtractor   : extracted value ([first_na2_6_1_] : [VARCHAR]) - [data-structure]
2021-03-10 22:37:34.698 TRACE 20712 --- [    Test worker] o.h.type.descriptor.sql.BasicExtractor   : extracted value ([parent_i5_6_1_] : [BIGINT]) - [39]
2021-03-10 22:37:34.698 TRACE 20712 --- [    Test worker] o.h.type.descriptor.sql.BasicExtractor   : extracted value ([second_n3_6_1_] : [VARCHAR]) - [자료구조]
2021-03-10 22:37:34.698 TRACE 20712 --- [    Test worker] o.h.type.descriptor.sql.BasicExtractor   : extracted value ([third_na4_6_1_] : [VARCHAR]) - [null]
2021-03-10 22:37:34.698 TRACE 20712 --- [    Test worker] o.h.type.descriptor.sql.BasicExtractor   : extracted value ([parent_i5_6_0__] : [BIGINT]) - [39]
2021-03-10 22:37:34.698 TRACE 20712 --- [    Test worker] o.h.type.descriptor.sql.BasicExtractor   : extracted value ([id1_6_0__] : [BIGINT]) - [44]
2021-03-10 22:37:34.698 TRACE 20712 --- [    Test worker] o.h.type.descriptor.sql.BasicExtractor   : extracted value ([id1_6_0_] : [BIGINT]) - [39]
2021-03-10 22:37:34.698 TRACE 20712 --- [    Test worker] o.h.type.descriptor.sql.BasicExtractor   : extracted value ([id1_6_1_] : [BIGINT]) - [45]
2021-03-10 22:37:34.698 TRACE 20712 --- [    Test worker] o.h.type.descriptor.sql.BasicExtractor   : extracted value ([id1_6_2_] : [BIGINT]) - [null]
2021-03-10 22:37:34.698 TRACE 20712 --- [    Test worker] o.h.type.descriptor.sql.BasicExtractor   : extracted value ([first_na2_6_1_] : [VARCHAR]) - [system]
2021-03-10 22:37:34.698 TRACE 20712 --- [    Test worker] o.h.type.descriptor.sql.BasicExtractor   : extracted value ([parent_i5_6_1_] : [BIGINT]) - [39]
2021-03-10 22:37:34.698 TRACE 20712 --- [    Test worker] o.h.type.descriptor.sql.BasicExtractor   : extracted value ([second_n3_6_1_] : [VARCHAR]) - [시스템]
2021-03-10 22:37:34.698 TRACE 20712 --- [    Test worker] o.h.type.descriptor.sql.BasicExtractor   : extracted value ([third_na4_6_1_] : [VARCHAR]) - [null]
2021-03-10 22:37:34.698 TRACE 20712 --- [    Test worker] o.h.type.descriptor.sql.BasicExtractor   : extracted value ([parent_i5_6_0__] : [BIGINT]) - [39]
2021-03-10 22:37:34.698 TRACE 20712 --- [    Test worker] o.h.type.descriptor.sql.BasicExtractor   : extracted value ([id1_6_0__] : [BIGINT]) - [45]
2021-03-10 22:37:34.698 TRACE 20712 --- [    Test worker] o.h.type.descriptor.sql.BasicExtractor   : extracted value ([id1_6_0_] : [BIGINT]) - [39]
2021-03-10 22:37:34.698 TRACE 20712 --- [    Test worker] o.h.type.descriptor.sql.BasicExtractor   : extracted value ([id1_6_1_] : [BIGINT]) - [46]
2021-03-10 22:37:34.698 TRACE 20712 --- [    Test worker] o.h.type.descriptor.sql.BasicExtractor   : extracted value ([id1_6_2_] : [BIGINT]) - [null]
2021-03-10 22:37:34.698 TRACE 20712 --- [    Test worker] o.h.type.descriptor.sql.BasicExtractor   : extracted value ([first_na2_6_1_] : [VARCHAR]) - [database]
2021-03-10 22:37:34.698 TRACE 20712 --- [    Test worker] o.h.type.descriptor.sql.BasicExtractor   : extracted value ([parent_i5_6_1_] : [BIGINT]) - [39]
2021-03-10 22:37:34.698 TRACE 20712 --- [    Test worker] o.h.type.descriptor.sql.BasicExtractor   : extracted value ([second_n3_6_1_] : [VARCHAR]) - [데이터베이스]
2021-03-10 22:37:34.698 TRACE 20712 --- [    Test worker] o.h.type.descriptor.sql.BasicExtractor   : extracted value ([third_na4_6_1_] : [VARCHAR]) - [null]
2021-03-10 22:37:34.698 TRACE 20712 --- [    Test worker] o.h.type.descriptor.sql.BasicExtractor   : extracted value ([parent_i5_6_0__] : [BIGINT]) - [39]
2021-03-10 22:37:34.698 TRACE 20712 --- [    Test worker] o.h.type.descriptor.sql.BasicExtractor   : extracted value ([id1_6_0__] : [BIGINT]) - [46]
Hibernate: 
    call next value for hibernate_sequence
Hibernate: 
    insert 
    into
        tag
        (first_name, parent_id, second_name, third_name, id) 
    values
        (?, ?, ?, ?, ?)
2021-03-10 22:37:34.698 TRACE 20712 --- [    Test worker] o.h.type.descriptor.sql.BasicBinder      : binding parameter [1] as [VARCHAR] - [network]
2021-03-10 22:37:34.698 TRACE 20712 --- [    Test worker] o.h.type.descriptor.sql.BasicBinder      : binding parameter [2] as [BIGINT] - [39]
2021-03-10 22:37:34.698 TRACE 20712 --- [    Test worker] o.h.type.descriptor.sql.BasicBinder      : binding parameter [3] as [VARCHAR] - [네트워크]
2021-03-10 22:37:34.698 TRACE 20712 --- [    Test worker] o.h.type.descriptor.sql.BasicBinder      : binding parameter [4] as [VARCHAR] - [null]
2021-03-10 22:37:34.698 TRACE 20712 --- [    Test worker] o.h.type.descriptor.sql.BasicBinder      : binding parameter [5] as [BIGINT] - [47]
Hibernate: 
    select
        tag0_.id as id1_6_0_,
        children1_.id as id1_6_1_,
        tag2_.id as id1_6_2_,
        tag0_.first_name as first_na2_6_0_,
        tag0_.parent_id as parent_i5_6_0_,
        tag0_.second_name as second_n3_6_0_,
        tag0_.third_name as third_na4_6_0_,
        children1_.first_name as first_na2_6_1_,
        children1_.parent_id as parent_i5_6_1_,
        children1_.second_name as second_n3_6_1_,
        children1_.third_name as third_na4_6_1_,
        children1_.parent_id as parent_i5_6_0__,
        children1_.id as id1_6_0__,
        tag2_.first_name as first_na2_6_2_,
        tag2_.parent_id as parent_i5_6_2_,
        tag2_.second_name as second_n3_6_2_,
        tag2_.third_name as third_na4_6_2_ 
    from
        tag tag0_ 
    left outer join
        tag children1_ 
            on tag0_.id=children1_.parent_id 
    left outer join
        tag tag2_ 
            on tag0_.parent_id=tag2_.id 
    where
        tag0_.first_name=?
2021-03-10 22:37:34.698 TRACE 20712 --- [    Test worker] o.h.type.descriptor.sql.BasicBinder      : binding parameter [1] as [VARCHAR] - [etc]
2021-03-10 22:37:34.714 TRACE 20712 --- [    Test worker] o.h.type.descriptor.sql.BasicExtractor   : extracted value ([id1_6_0_] : [BIGINT]) - [39]
2021-03-10 22:37:34.714 TRACE 20712 --- [    Test worker] o.h.type.descriptor.sql.BasicExtractor   : extracted value ([id1_6_1_] : [BIGINT]) - [40]
2021-03-10 22:37:34.714 TRACE 20712 --- [    Test worker] o.h.type.descriptor.sql.BasicExtractor   : extracted value ([id1_6_2_] : [BIGINT]) - [null]
2021-03-10 22:37:34.714 TRACE 20712 --- [    Test worker] o.h.type.descriptor.sql.BasicExtractor   : extracted value ([first_na2_6_0_] : [VARCHAR]) - [etc]
2021-03-10 22:37:34.714 TRACE 20712 --- [    Test worker] o.h.type.descriptor.sql.BasicExtractor   : extracted value ([parent_i5_6_0_] : [BIGINT]) - [null]
2021-03-10 22:37:34.714 TRACE 20712 --- [    Test worker] o.h.type.descriptor.sql.BasicExtractor   : extracted value ([second_n3_6_0_] : [VARCHAR]) - [null]
2021-03-10 22:37:34.714 TRACE 20712 --- [    Test worker] o.h.type.descriptor.sql.BasicExtractor   : extracted value ([third_na4_6_0_] : [VARCHAR]) - [null]
2021-03-10 22:37:34.714 TRACE 20712 --- [    Test worker] o.h.type.descriptor.sql.BasicExtractor   : extracted value ([first_na2_6_1_] : [VARCHAR]) - [docker]
2021-03-10 22:37:34.714 TRACE 20712 --- [    Test worker] o.h.type.descriptor.sql.BasicExtractor   : extracted value ([parent_i5_6_1_] : [BIGINT]) - [39]
2021-03-10 22:37:34.714 TRACE 20712 --- [    Test worker] o.h.type.descriptor.sql.BasicExtractor   : extracted value ([second_n3_6_1_] : [VARCHAR]) - [도커]
2021-03-10 22:37:34.714 TRACE 20712 --- [    Test worker] o.h.type.descriptor.sql.BasicExtractor   : extracted value ([third_na4_6_1_] : [VARCHAR]) - [null]
2021-03-10 22:37:34.714 TRACE 20712 --- [    Test worker] o.h.type.descriptor.sql.BasicExtractor   : extracted value ([parent_i5_6_0__] : [BIGINT]) - [39]
2021-03-10 22:37:34.714 TRACE 20712 --- [    Test worker] o.h.type.descriptor.sql.BasicExtractor   : extracted value ([id1_6_0__] : [BIGINT]) - [40]
2021-03-10 22:37:34.714 TRACE 20712 --- [    Test worker] o.h.type.descriptor.sql.BasicExtractor   : extracted value ([id1_6_0_] : [BIGINT]) - [39]
2021-03-10 22:37:34.714 TRACE 20712 --- [    Test worker] o.h.type.descriptor.sql.BasicExtractor   : extracted value ([id1_6_1_] : [BIGINT]) - [41]
2021-03-10 22:37:34.714 TRACE 20712 --- [    Test worker] o.h.type.descriptor.sql.BasicExtractor   : extracted value ([id1_6_2_] : [BIGINT]) - [null]
2021-03-10 22:37:34.714 TRACE 20712 --- [    Test worker] o.h.type.descriptor.sql.BasicExtractor   : extracted value ([first_na2_6_1_] : [VARCHAR]) - [devops]
2021-03-10 22:37:34.714 TRACE 20712 --- [    Test worker] o.h.type.descriptor.sql.BasicExtractor   : extracted value ([parent_i5_6_1_] : [BIGINT]) - [39]
2021-03-10 22:37:34.714 TRACE 20712 --- [    Test worker] o.h.type.descriptor.sql.BasicExtractor   : extracted value ([second_n3_6_1_] : [VARCHAR]) - [데브옵스]
2021-03-10 22:37:34.714 TRACE 20712 --- [    Test worker] o.h.type.descriptor.sql.BasicExtractor   : extracted value ([third_na4_6_1_] : [VARCHAR]) - [null]
2021-03-10 22:37:34.714 TRACE 20712 --- [    Test worker] o.h.type.descriptor.sql.BasicExtractor   : extracted value ([parent_i5_6_0__] : [BIGINT]) - [39]
2021-03-10 22:37:34.714 TRACE 20712 --- [    Test worker] o.h.type.descriptor.sql.BasicExtractor   : extracted value ([id1_6_0__] : [BIGINT]) - [41]
2021-03-10 22:37:34.714 TRACE 20712 --- [    Test worker] o.h.type.descriptor.sql.BasicExtractor   : extracted value ([id1_6_0_] : [BIGINT]) - [39]
2021-03-10 22:37:34.714 TRACE 20712 --- [    Test worker] o.h.type.descriptor.sql.BasicExtractor   : extracted value ([id1_6_1_] : [BIGINT]) - [42]
2021-03-10 22:37:34.714 TRACE 20712 --- [    Test worker] o.h.type.descriptor.sql.BasicExtractor   : extracted value ([id1_6_2_] : [BIGINT]) - [null]
2021-03-10 22:37:34.714 TRACE 20712 --- [    Test worker] o.h.type.descriptor.sql.BasicExtractor   : extracted value ([first_na2_6_1_] : [VARCHAR]) - [kubernetes]
2021-03-10 22:37:34.714 TRACE 20712 --- [    Test worker] o.h.type.descriptor.sql.BasicExtractor   : extracted value ([parent_i5_6_1_] : [BIGINT]) - [39]
2021-03-10 22:37:34.714 TRACE 20712 --- [    Test worker] o.h.type.descriptor.sql.BasicExtractor   : extracted value ([second_n3_6_1_] : [VARCHAR]) - [쿠버네티스]
2021-03-10 22:37:34.714 TRACE 20712 --- [    Test worker] o.h.type.descriptor.sql.BasicExtractor   : extracted value ([third_na4_6_1_] : [VARCHAR]) - [null]
2021-03-10 22:37:34.714 TRACE 20712 --- [    Test worker] o.h.type.descriptor.sql.BasicExtractor   : extracted value ([parent_i5_6_0__] : [BIGINT]) - [39]
2021-03-10 22:37:34.714 TRACE 20712 --- [    Test worker] o.h.type.descriptor.sql.BasicExtractor   : extracted value ([id1_6_0__] : [BIGINT]) - [42]
2021-03-10 22:37:34.714 TRACE 20712 --- [    Test worker] o.h.type.descriptor.sql.BasicExtractor   : extracted value ([id1_6_0_] : [BIGINT]) - [39]
2021-03-10 22:37:34.714 TRACE 20712 --- [    Test worker] o.h.type.descriptor.sql.BasicExtractor   : extracted value ([id1_6_1_] : [BIGINT]) - [43]
2021-03-10 22:37:34.714 TRACE 20712 --- [    Test worker] o.h.type.descriptor.sql.BasicExtractor   : extracted value ([id1_6_2_] : [BIGINT]) - [null]
2021-03-10 22:37:34.714 TRACE 20712 --- [    Test worker] o.h.type.descriptor.sql.BasicExtractor   : extracted value ([first_na2_6_1_] : [VARCHAR]) - [algorithm]
2021-03-10 22:37:34.714 TRACE 20712 --- [    Test worker] o.h.type.descriptor.sql.BasicExtractor   : extracted value ([parent_i5_6_1_] : [BIGINT]) - [39]
2021-03-10 22:37:34.714 TRACE 20712 --- [    Test worker] o.h.type.descriptor.sql.BasicExtractor   : extracted value ([second_n3_6_1_] : [VARCHAR]) - [알고리즘]
2021-03-10 22:37:34.714 TRACE 20712 --- [    Test worker] o.h.type.descriptor.sql.BasicExtractor   : extracted value ([third_na4_6_1_] : [VARCHAR]) - [null]
2021-03-10 22:37:34.714 TRACE 20712 --- [    Test worker] o.h.type.descriptor.sql.BasicExtractor   : extracted value ([parent_i5_6_0__] : [BIGINT]) - [39]
2021-03-10 22:37:34.714 TRACE 20712 --- [    Test worker] o.h.type.descriptor.sql.BasicExtractor   : extracted value ([id1_6_0__] : [BIGINT]) - [43]
2021-03-10 22:37:34.714 TRACE 20712 --- [    Test worker] o.h.type.descriptor.sql.BasicExtractor   : extracted value ([id1_6_0_] : [BIGINT]) - [39]
2021-03-10 22:37:34.714 TRACE 20712 --- [    Test worker] o.h.type.descriptor.sql.BasicExtractor   : extracted value ([id1_6_1_] : [BIGINT]) - [44]
2021-03-10 22:37:34.714 TRACE 20712 --- [    Test worker] o.h.type.descriptor.sql.BasicExtractor   : extracted value ([id1_6_2_] : [BIGINT]) - [null]
2021-03-10 22:37:34.714 TRACE 20712 --- [    Test worker] o.h.type.descriptor.sql.BasicExtractor   : extracted value ([first_na2_6_1_] : [VARCHAR]) - [data-structure]
2021-03-10 22:37:34.714 TRACE 20712 --- [    Test worker] o.h.type.descriptor.sql.BasicExtractor   : extracted value ([parent_i5_6_1_] : [BIGINT]) - [39]
2021-03-10 22:37:34.714 TRACE 20712 --- [    Test worker] o.h.type.descriptor.sql.BasicExtractor   : extracted value ([second_n3_6_1_] : [VARCHAR]) - [자료구조]
2021-03-10 22:37:34.714 TRACE 20712 --- [    Test worker] o.h.type.descriptor.sql.BasicExtractor   : extracted value ([third_na4_6_1_] : [VARCHAR]) - [null]
2021-03-10 22:37:34.714 TRACE 20712 --- [    Test worker] o.h.type.descriptor.sql.BasicExtractor   : extracted value ([parent_i5_6_0__] : [BIGINT]) - [39]
2021-03-10 22:37:34.714 TRACE 20712 --- [    Test worker] o.h.type.descriptor.sql.BasicExtractor   : extracted value ([id1_6_0__] : [BIGINT]) - [44]
2021-03-10 22:37:34.714 TRACE 20712 --- [    Test worker] o.h.type.descriptor.sql.BasicExtractor   : extracted value ([id1_6_0_] : [BIGINT]) - [39]
2021-03-10 22:37:34.714 TRACE 20712 --- [    Test worker] o.h.type.descriptor.sql.BasicExtractor   : extracted value ([id1_6_1_] : [BIGINT]) - [45]
2021-03-10 22:37:34.714 TRACE 20712 --- [    Test worker] o.h.type.descriptor.sql.BasicExtractor   : extracted value ([id1_6_2_] : [BIGINT]) - [null]
2021-03-10 22:37:34.714 TRACE 20712 --- [    Test worker] o.h.type.descriptor.sql.BasicExtractor   : extracted value ([first_na2_6_1_] : [VARCHAR]) - [system]
2021-03-10 22:37:34.714 TRACE 20712 --- [    Test worker] o.h.type.descriptor.sql.BasicExtractor   : extracted value ([parent_i5_6_1_] : [BIGINT]) - [39]
2021-03-10 22:37:34.714 TRACE 20712 --- [    Test worker] o.h.type.descriptor.sql.BasicExtractor   : extracted value ([second_n3_6_1_] : [VARCHAR]) - [시스템]
2021-03-10 22:37:34.714 TRACE 20712 --- [    Test worker] o.h.type.descriptor.sql.BasicExtractor   : extracted value ([third_na4_6_1_] : [VARCHAR]) - [null]
2021-03-10 22:37:34.714 TRACE 20712 --- [    Test worker] o.h.type.descriptor.sql.BasicExtractor   : extracted value ([parent_i5_6_0__] : [BIGINT]) - [39]
2021-03-10 22:37:34.714 TRACE 20712 --- [    Test worker] o.h.type.descriptor.sql.BasicExtractor   : extracted value ([id1_6_0__] : [BIGINT]) - [45]
2021-03-10 22:37:34.714 TRACE 20712 --- [    Test worker] o.h.type.descriptor.sql.BasicExtractor   : extracted value ([id1_6_0_] : [BIGINT]) - [39]
2021-03-10 22:37:34.714 TRACE 20712 --- [    Test worker] o.h.type.descriptor.sql.BasicExtractor   : extracted value ([id1_6_1_] : [BIGINT]) - [46]
2021-03-10 22:37:34.714 TRACE 20712 --- [    Test worker] o.h.type.descriptor.sql.BasicExtractor   : extracted value ([id1_6_2_] : [BIGINT]) - [null]
2021-03-10 22:37:34.714 TRACE 20712 --- [    Test worker] o.h.type.descriptor.sql.BasicExtractor   : extracted value ([first_na2_6_1_] : [VARCHAR]) - [database]
2021-03-10 22:37:34.714 TRACE 20712 --- [    Test worker] o.h.type.descriptor.sql.BasicExtractor   : extracted value ([parent_i5_6_1_] : [BIGINT]) - [39]
2021-03-10 22:37:34.714 TRACE 20712 --- [    Test worker] o.h.type.descriptor.sql.BasicExtractor   : extracted value ([second_n3_6_1_] : [VARCHAR]) - [데이터베이스]
2021-03-10 22:37:34.714 TRACE 20712 --- [    Test worker] o.h.type.descriptor.sql.BasicExtractor   : extracted value ([third_na4_6_1_] : [VARCHAR]) - [null]
2021-03-10 22:37:34.714 TRACE 20712 --- [    Test worker] o.h.type.descriptor.sql.BasicExtractor   : extracted value ([parent_i5_6_0__] : [BIGINT]) - [39]
2021-03-10 22:37:34.714 TRACE 20712 --- [    Test worker] o.h.type.descriptor.sql.BasicExtractor   : extracted value ([id1_6_0__] : [BIGINT]) - [46]
2021-03-10 22:37:34.714 TRACE 20712 --- [    Test worker] o.h.type.descriptor.sql.BasicExtractor   : extracted value ([id1_6_0_] : [BIGINT]) - [39]
2021-03-10 22:37:34.714 TRACE 20712 --- [    Test worker] o.h.type.descriptor.sql.BasicExtractor   : extracted value ([id1_6_1_] : [BIGINT]) - [47]
2021-03-10 22:37:34.714 TRACE 20712 --- [    Test worker] o.h.type.descriptor.sql.BasicExtractor   : extracted value ([id1_6_2_] : [BIGINT]) - [null]
2021-03-10 22:37:34.714 TRACE 20712 --- [    Test worker] o.h.type.descriptor.sql.BasicExtractor   : extracted value ([first_na2_6_1_] : [VARCHAR]) - [network]
2021-03-10 22:37:34.714 TRACE 20712 --- [    Test worker] o.h.type.descriptor.sql.BasicExtractor   : extracted value ([parent_i5_6_1_] : [BIGINT]) - [39]
2021-03-10 22:37:34.714 TRACE 20712 --- [    Test worker] o.h.type.descriptor.sql.BasicExtractor   : extracted value ([second_n3_6_1_] : [VARCHAR]) - [네트워크]
2021-03-10 22:37:34.714 TRACE 20712 --- [    Test worker] o.h.type.descriptor.sql.BasicExtractor   : extracted value ([third_na4_6_1_] : [VARCHAR]) - [null]
2021-03-10 22:37:34.714 TRACE 20712 --- [    Test worker] o.h.type.descriptor.sql.BasicExtractor   : extracted value ([parent_i5_6_0__] : [BIGINT]) - [39]
2021-03-10 22:37:34.714 TRACE 20712 --- [    Test worker] o.h.type.descriptor.sql.BasicExtractor   : extracted value ([id1_6_0__] : [BIGINT]) - [47]
Hibernate: 
    call next value for hibernate_sequence
Hibernate: 
    insert 
    into
        tag
        (first_name, parent_id, second_name, third_name, id) 
    values
        (?, ?, ?, ?, ?)
2021-03-10 22:37:34.714 TRACE 20712 --- [    Test worker] o.h.type.descriptor.sql.BasicBinder      : binding parameter [1] as [VARCHAR] - [os]
2021-03-10 22:37:34.714 TRACE 20712 --- [    Test worker] o.h.type.descriptor.sql.BasicBinder      : binding parameter [2] as [BIGINT] - [39]
2021-03-10 22:37:34.714 TRACE 20712 --- [    Test worker] o.h.type.descriptor.sql.BasicBinder      : binding parameter [3] as [VARCHAR] - [운영체제]
2021-03-10 22:37:34.714 TRACE 20712 --- [    Test worker] o.h.type.descriptor.sql.BasicBinder      : binding parameter [4] as [VARCHAR] - [null]
2021-03-10 22:37:34.714 TRACE 20712 --- [    Test worker] o.h.type.descriptor.sql.BasicBinder      : binding parameter [5] as [BIGINT] - [48]
Hibernate: 
    select
        tag0_.id as id1_6_0_,
        children1_.id as id1_6_1_,
        tag2_.id as id1_6_2_,
        tag0_.first_name as first_na2_6_0_,
        tag0_.parent_id as parent_i5_6_0_,
        tag0_.second_name as second_n3_6_0_,
        tag0_.third_name as third_na4_6_0_,
        children1_.first_name as first_na2_6_1_,
        children1_.parent_id as parent_i5_6_1_,
        children1_.second_name as second_n3_6_1_,
        children1_.third_name as third_na4_6_1_,
        children1_.parent_id as parent_i5_6_0__,
        children1_.id as id1_6_0__,
        tag2_.first_name as first_na2_6_2_,
        tag2_.parent_id as parent_i5_6_2_,
        tag2_.second_name as second_n3_6_2_,
        tag2_.third_name as third_na4_6_2_ 
    from
        tag tag0_ 
    left outer join
        tag children1_ 
            on tag0_.id=children1_.parent_id 
    left outer join
        tag tag2_ 
            on tag0_.parent_id=tag2_.id 
    where
        tag0_.first_name=?
2021-03-10 22:37:34.729 TRACE 20712 --- [    Test worker] o.h.type.descriptor.sql.BasicBinder      : binding parameter [1] as [VARCHAR] - [etc]
2021-03-10 22:37:34.729 TRACE 20712 --- [    Test worker] o.h.type.descriptor.sql.BasicExtractor   : extracted value ([id1_6_0_] : [BIGINT]) - [39]
2021-03-10 22:37:34.729 TRACE 20712 --- [    Test worker] o.h.type.descriptor.sql.BasicExtractor   : extracted value ([id1_6_1_] : [BIGINT]) - [40]
2021-03-10 22:37:34.729 TRACE 20712 --- [    Test worker] o.h.type.descriptor.sql.BasicExtractor   : extracted value ([id1_6_2_] : [BIGINT]) - [null]
2021-03-10 22:37:34.729 TRACE 20712 --- [    Test worker] o.h.type.descriptor.sql.BasicExtractor   : extracted value ([first_na2_6_0_] : [VARCHAR]) - [etc]
2021-03-10 22:37:34.729 TRACE 20712 --- [    Test worker] o.h.type.descriptor.sql.BasicExtractor   : extracted value ([parent_i5_6_0_] : [BIGINT]) - [null]
2021-03-10 22:37:34.729 TRACE 20712 --- [    Test worker] o.h.type.descriptor.sql.BasicExtractor   : extracted value ([second_n3_6_0_] : [VARCHAR]) - [null]
2021-03-10 22:37:34.729 TRACE 20712 --- [    Test worker] o.h.type.descriptor.sql.BasicExtractor   : extracted value ([third_na4_6_0_] : [VARCHAR]) - [null]
2021-03-10 22:37:34.729 TRACE 20712 --- [    Test worker] o.h.type.descriptor.sql.BasicExtractor   : extracted value ([first_na2_6_1_] : [VARCHAR]) - [docker]
2021-03-10 22:37:34.729 TRACE 20712 --- [    Test worker] o.h.type.descriptor.sql.BasicExtractor   : extracted value ([parent_i5_6_1_] : [BIGINT]) - [39]
2021-03-10 22:37:34.729 TRACE 20712 --- [    Test worker] o.h.type.descriptor.sql.BasicExtractor   : extracted value ([second_n3_6_1_] : [VARCHAR]) - [도커]
2021-03-10 22:37:34.729 TRACE 20712 --- [    Test worker] o.h.type.descriptor.sql.BasicExtractor   : extracted value ([third_na4_6_1_] : [VARCHAR]) - [null]
2021-03-10 22:37:34.729 TRACE 20712 --- [    Test worker] o.h.type.descriptor.sql.BasicExtractor   : extracted value ([parent_i5_6_0__] : [BIGINT]) - [39]
2021-03-10 22:37:34.729 TRACE 20712 --- [    Test worker] o.h.type.descriptor.sql.BasicExtractor   : extracted value ([id1_6_0__] : [BIGINT]) - [40]
2021-03-10 22:37:34.729 TRACE 20712 --- [    Test worker] o.h.type.descriptor.sql.BasicExtractor   : extracted value ([id1_6_0_] : [BIGINT]) - [39]
2021-03-10 22:37:34.729 TRACE 20712 --- [    Test worker] o.h.type.descriptor.sql.BasicExtractor   : extracted value ([id1_6_1_] : [BIGINT]) - [41]
2021-03-10 22:37:34.729 TRACE 20712 --- [    Test worker] o.h.type.descriptor.sql.BasicExtractor   : extracted value ([id1_6_2_] : [BIGINT]) - [null]
2021-03-10 22:37:34.729 TRACE 20712 --- [    Test worker] o.h.type.descriptor.sql.BasicExtractor   : extracted value ([first_na2_6_1_] : [VARCHAR]) - [devops]
2021-03-10 22:37:34.729 TRACE 20712 --- [    Test worker] o.h.type.descriptor.sql.BasicExtractor   : extracted value ([parent_i5_6_1_] : [BIGINT]) - [39]
2021-03-10 22:37:34.729 TRACE 20712 --- [    Test worker] o.h.type.descriptor.sql.BasicExtractor   : extracted value ([second_n3_6_1_] : [VARCHAR]) - [데브옵스]
2021-03-10 22:37:34.729 TRACE 20712 --- [    Test worker] o.h.type.descriptor.sql.BasicExtractor   : extracted value ([third_na4_6_1_] : [VARCHAR]) - [null]
2021-03-10 22:37:34.729 TRACE 20712 --- [    Test worker] o.h.type.descriptor.sql.BasicExtractor   : extracted value ([parent_i5_6_0__] : [BIGINT]) - [39]
2021-03-10 22:37:34.729 TRACE 20712 --- [    Test worker] o.h.type.descriptor.sql.BasicExtractor   : extracted value ([id1_6_0__] : [BIGINT]) - [41]
2021-03-10 22:37:34.729 TRACE 20712 --- [    Test worker] o.h.type.descriptor.sql.BasicExtractor   : extracted value ([id1_6_0_] : [BIGINT]) - [39]
2021-03-10 22:37:34.729 TRACE 20712 --- [    Test worker] o.h.type.descriptor.sql.BasicExtractor   : extracted value ([id1_6_1_] : [BIGINT]) - [42]
2021-03-10 22:37:34.729 TRACE 20712 --- [    Test worker] o.h.type.descriptor.sql.BasicExtractor   : extracted value ([id1_6_2_] : [BIGINT]) - [null]
2021-03-10 22:37:34.729 TRACE 20712 --- [    Test worker] o.h.type.descriptor.sql.BasicExtractor   : extracted value ([first_na2_6_1_] : [VARCHAR]) - [kubernetes]
2021-03-10 22:37:34.729 TRACE 20712 --- [    Test worker] o.h.type.descriptor.sql.BasicExtractor   : extracted value ([parent_i5_6_1_] : [BIGINT]) - [39]
2021-03-10 22:37:34.729 TRACE 20712 --- [    Test worker] o.h.type.descriptor.sql.BasicExtractor   : extracted value ([second_n3_6_1_] : [VARCHAR]) - [쿠버네티스]
2021-03-10 22:37:34.729 TRACE 20712 --- [    Test worker] o.h.type.descriptor.sql.BasicExtractor   : extracted value ([third_na4_6_1_] : [VARCHAR]) - [null]
2021-03-10 22:37:34.729 TRACE 20712 --- [    Test worker] o.h.type.descriptor.sql.BasicExtractor   : extracted value ([parent_i5_6_0__] : [BIGINT]) - [39]
2021-03-10 22:37:34.729 TRACE 20712 --- [    Test worker] o.h.type.descriptor.sql.BasicExtractor   : extracted value ([id1_6_0__] : [BIGINT]) - [42]
2021-03-10 22:37:34.729 TRACE 20712 --- [    Test worker] o.h.type.descriptor.sql.BasicExtractor   : extracted value ([id1_6_0_] : [BIGINT]) - [39]
2021-03-10 22:37:34.729 TRACE 20712 --- [    Test worker] o.h.type.descriptor.sql.BasicExtractor   : extracted value ([id1_6_1_] : [BIGINT]) - [43]
2021-03-10 22:37:34.729 TRACE 20712 --- [    Test worker] o.h.type.descriptor.sql.BasicExtractor   : extracted value ([id1_6_2_] : [BIGINT]) - [null]
2021-03-10 22:37:34.729 TRACE 20712 --- [    Test worker] o.h.type.descriptor.sql.BasicExtractor   : extracted value ([first_na2_6_1_] : [VARCHAR]) - [algorithm]
2021-03-10 22:37:34.729 TRACE 20712 --- [    Test worker] o.h.type.descriptor.sql.BasicExtractor   : extracted value ([parent_i5_6_1_] : [BIGINT]) - [39]
2021-03-10 22:37:34.729 TRACE 20712 --- [    Test worker] o.h.type.descriptor.sql.BasicExtractor   : extracted value ([second_n3_6_1_] : [VARCHAR]) - [알고리즘]
2021-03-10 22:37:34.729 TRACE 20712 --- [    Test worker] o.h.type.descriptor.sql.BasicExtractor   : extracted value ([third_na4_6_1_] : [VARCHAR]) - [null]
2021-03-10 22:37:34.729 TRACE 20712 --- [    Test worker] o.h.type.descriptor.sql.BasicExtractor   : extracted value ([parent_i5_6_0__] : [BIGINT]) - [39]
2021-03-10 22:37:34.729 TRACE 20712 --- [    Test worker] o.h.type.descriptor.sql.BasicExtractor   : extracted value ([id1_6_0__] : [BIGINT]) - [43]
2021-03-10 22:37:34.729 TRACE 20712 --- [    Test worker] o.h.type.descriptor.sql.BasicExtractor   : extracted value ([id1_6_0_] : [BIGINT]) - [39]
2021-03-10 22:37:34.729 TRACE 20712 --- [    Test worker] o.h.type.descriptor.sql.BasicExtractor   : extracted value ([id1_6_1_] : [BIGINT]) - [44]
2021-03-10 22:37:34.729 TRACE 20712 --- [    Test worker] o.h.type.descriptor.sql.BasicExtractor   : extracted value ([id1_6_2_] : [BIGINT]) - [null]
2021-03-10 22:37:34.729 TRACE 20712 --- [    Test worker] o.h.type.descriptor.sql.BasicExtractor   : extracted value ([first_na2_6_1_] : [VARCHAR]) - [data-structure]
2021-03-10 22:37:34.729 TRACE 20712 --- [    Test worker] o.h.type.descriptor.sql.BasicExtractor   : extracted value ([parent_i5_6_1_] : [BIGINT]) - [39]
2021-03-10 22:37:34.729 TRACE 20712 --- [    Test worker] o.h.type.descriptor.sql.BasicExtractor   : extracted value ([second_n3_6_1_] : [VARCHAR]) - [자료구조]
2021-03-10 22:37:34.729 TRACE 20712 --- [    Test worker] o.h.type.descriptor.sql.BasicExtractor   : extracted value ([third_na4_6_1_] : [VARCHAR]) - [null]
2021-03-10 22:37:34.729 TRACE 20712 --- [    Test worker] o.h.type.descriptor.sql.BasicExtractor   : extracted value ([parent_i5_6_0__] : [BIGINT]) - [39]
2021-03-10 22:37:34.729 TRACE 20712 --- [    Test worker] o.h.type.descriptor.sql.BasicExtractor   : extracted value ([id1_6_0__] : [BIGINT]) - [44]
2021-03-10 22:37:34.729 TRACE 20712 --- [    Test worker] o.h.type.descriptor.sql.BasicExtractor   : extracted value ([id1_6_0_] : [BIGINT]) - [39]
2021-03-10 22:37:34.729 TRACE 20712 --- [    Test worker] o.h.type.descriptor.sql.BasicExtractor   : extracted value ([id1_6_1_] : [BIGINT]) - [45]
2021-03-10 22:37:34.729 TRACE 20712 --- [    Test worker] o.h.type.descriptor.sql.BasicExtractor   : extracted value ([id1_6_2_] : [BIGINT]) - [null]
2021-03-10 22:37:34.729 TRACE 20712 --- [    Test worker] o.h.type.descriptor.sql.BasicExtractor   : extracted value ([first_na2_6_1_] : [VARCHAR]) - [system]
2021-03-10 22:37:34.729 TRACE 20712 --- [    Test worker] o.h.type.descriptor.sql.BasicExtractor   : extracted value ([parent_i5_6_1_] : [BIGINT]) - [39]
2021-03-10 22:37:34.729 TRACE 20712 --- [    Test worker] o.h.type.descriptor.sql.BasicExtractor   : extracted value ([second_n3_6_1_] : [VARCHAR]) - [시스템]
2021-03-10 22:37:34.729 TRACE 20712 --- [    Test worker] o.h.type.descriptor.sql.BasicExtractor   : extracted value ([third_na4_6_1_] : [VARCHAR]) - [null]
2021-03-10 22:37:34.729 TRACE 20712 --- [    Test worker] o.h.type.descriptor.sql.BasicExtractor   : extracted value ([parent_i5_6_0__] : [BIGINT]) - [39]
2021-03-10 22:37:34.729 TRACE 20712 --- [    Test worker] o.h.type.descriptor.sql.BasicExtractor   : extracted value ([id1_6_0__] : [BIGINT]) - [45]
2021-03-10 22:37:34.729 TRACE 20712 --- [    Test worker] o.h.type.descriptor.sql.BasicExtractor   : extracted value ([id1_6_0_] : [BIGINT]) - [39]
2021-03-10 22:37:34.729 TRACE 20712 --- [    Test worker] o.h.type.descriptor.sql.BasicExtractor   : extracted value ([id1_6_1_] : [BIGINT]) - [46]
2021-03-10 22:37:34.729 TRACE 20712 --- [    Test worker] o.h.type.descriptor.sql.BasicExtractor   : extracted value ([id1_6_2_] : [BIGINT]) - [null]
2021-03-10 22:37:34.729 TRACE 20712 --- [    Test worker] o.h.type.descriptor.sql.BasicExtractor   : extracted value ([first_na2_6_1_] : [VARCHAR]) - [database]
2021-03-10 22:37:34.729 TRACE 20712 --- [    Test worker] o.h.type.descriptor.sql.BasicExtractor   : extracted value ([parent_i5_6_1_] : [BIGINT]) - [39]
2021-03-10 22:37:34.729 TRACE 20712 --- [    Test worker] o.h.type.descriptor.sql.BasicExtractor   : extracted value ([second_n3_6_1_] : [VARCHAR]) - [데이터베이스]
2021-03-10 22:37:34.729 TRACE 20712 --- [    Test worker] o.h.type.descriptor.sql.BasicExtractor   : extracted value ([third_na4_6_1_] : [VARCHAR]) - [null]
2021-03-10 22:37:34.729 TRACE 20712 --- [    Test worker] o.h.type.descriptor.sql.BasicExtractor   : extracted value ([parent_i5_6_0__] : [BIGINT]) - [39]
2021-03-10 22:37:34.729 TRACE 20712 --- [    Test worker] o.h.type.descriptor.sql.BasicExtractor   : extracted value ([id1_6_0__] : [BIGINT]) - [46]
2021-03-10 22:37:34.729 TRACE 20712 --- [    Test worker] o.h.type.descriptor.sql.BasicExtractor   : extracted value ([id1_6_0_] : [BIGINT]) - [39]
2021-03-10 22:37:34.729 TRACE 20712 --- [    Test worker] o.h.type.descriptor.sql.BasicExtractor   : extracted value ([id1_6_1_] : [BIGINT]) - [47]
2021-03-10 22:37:34.729 TRACE 20712 --- [    Test worker] o.h.type.descriptor.sql.BasicExtractor   : extracted value ([id1_6_2_] : [BIGINT]) - [null]
2021-03-10 22:37:34.729 TRACE 20712 --- [    Test worker] o.h.type.descriptor.sql.BasicExtractor   : extracted value ([first_na2_6_1_] : [VARCHAR]) - [network]
2021-03-10 22:37:34.729 TRACE 20712 --- [    Test worker] o.h.type.descriptor.sql.BasicExtractor   : extracted value ([parent_i5_6_1_] : [BIGINT]) - [39]
2021-03-10 22:37:34.729 TRACE 20712 --- [    Test worker] o.h.type.descriptor.sql.BasicExtractor   : extracted value ([second_n3_6_1_] : [VARCHAR]) - [네트워크]
2021-03-10 22:37:34.729 TRACE 20712 --- [    Test worker] o.h.type.descriptor.sql.BasicExtractor   : extracted value ([third_na4_6_1_] : [VARCHAR]) - [null]
2021-03-10 22:37:34.729 TRACE 20712 --- [    Test worker] o.h.type.descriptor.sql.BasicExtractor   : extracted value ([parent_i5_6_0__] : [BIGINT]) - [39]
2021-03-10 22:37:34.729 TRACE 20712 --- [    Test worker] o.h.type.descriptor.sql.BasicExtractor   : extracted value ([id1_6_0__] : [BIGINT]) - [47]
2021-03-10 22:37:34.729 TRACE 20712 --- [    Test worker] o.h.type.descriptor.sql.BasicExtractor   : extracted value ([id1_6_0_] : [BIGINT]) - [39]
2021-03-10 22:37:34.729 TRACE 20712 --- [    Test worker] o.h.type.descriptor.sql.BasicExtractor   : extracted value ([id1_6_1_] : [BIGINT]) - [48]
2021-03-10 22:37:34.729 TRACE 20712 --- [    Test worker] o.h.type.descriptor.sql.BasicExtractor   : extracted value ([id1_6_2_] : [BIGINT]) - [null]
2021-03-10 22:37:34.729 TRACE 20712 --- [    Test worker] o.h.type.descriptor.sql.BasicExtractor   : extracted value ([first_na2_6_1_] : [VARCHAR]) - [os]
2021-03-10 22:37:34.729 TRACE 20712 --- [    Test worker] o.h.type.descriptor.sql.BasicExtractor   : extracted value ([parent_i5_6_1_] : [BIGINT]) - [39]
2021-03-10 22:37:34.729 TRACE 20712 --- [    Test worker] o.h.type.descriptor.sql.BasicExtractor   : extracted value ([second_n3_6_1_] : [VARCHAR]) - [운영체제]
2021-03-10 22:37:34.729 TRACE 20712 --- [    Test worker] o.h.type.descriptor.sql.BasicExtractor   : extracted value ([third_na4_6_1_] : [VARCHAR]) - [null]
2021-03-10 22:37:34.729 TRACE 20712 --- [    Test worker] o.h.type.descriptor.sql.BasicExtractor   : extracted value ([parent_i5_6_0__] : [BIGINT]) - [39]
2021-03-10 22:37:34.729 TRACE 20712 --- [    Test worker] o.h.type.descriptor.sql.BasicExtractor   : extracted value ([id1_6_0__] : [BIGINT]) - [48]
Hibernate: 
    call next value for hibernate_sequence
Hibernate: 
    insert 
    into
        tag
        (first_name, parent_id, second_name, third_name, id) 
    values
        (?, ?, ?, ?, ?)
2021-03-10 22:37:34.729 TRACE 20712 --- [    Test worker] o.h.type.descriptor.sql.BasicBinder      : binding parameter [1] as [VARCHAR] - [linux]
2021-03-10 22:37:34.729 TRACE 20712 --- [    Test worker] o.h.type.descriptor.sql.BasicBinder      : binding parameter [2] as [BIGINT] - [39]
2021-03-10 22:37:34.729 TRACE 20712 --- [    Test worker] o.h.type.descriptor.sql.BasicBinder      : binding parameter [3] as [VARCHAR] - [리눅스]
2021-03-10 22:37:34.729 TRACE 20712 --- [    Test worker] o.h.type.descriptor.sql.BasicBinder      : binding parameter [4] as [VARCHAR] - [null]
2021-03-10 22:37:34.729 TRACE 20712 --- [    Test worker] o.h.type.descriptor.sql.BasicBinder      : binding parameter [5] as [BIGINT] - [49]
Hibernate: 
    select
        tag0_.id as id1_6_0_,
        children1_.id as id1_6_1_,
        tag2_.id as id1_6_2_,
        tag0_.first_name as first_na2_6_0_,
        tag0_.parent_id as parent_i5_6_0_,
        tag0_.second_name as second_n3_6_0_,
        tag0_.third_name as third_na4_6_0_,
        children1_.first_name as first_na2_6_1_,
        children1_.parent_id as parent_i5_6_1_,
        children1_.second_name as second_n3_6_1_,
        children1_.third_name as third_na4_6_1_,
        children1_.parent_id as parent_i5_6_0__,
        children1_.id as id1_6_0__,
        tag2_.first_name as first_na2_6_2_,
        tag2_.parent_id as parent_i5_6_2_,
        tag2_.second_name as second_n3_6_2_,
        tag2_.third_name as third_na4_6_2_ 
    from
        tag tag0_ 
    left outer join
        tag children1_ 
            on tag0_.id=children1_.parent_id 
    left outer join
        tag tag2_ 
            on tag0_.parent_id=tag2_.id 
    where
        tag0_.first_name=?
2021-03-10 22:37:34.729 TRACE 20712 --- [    Test worker] o.h.type.descriptor.sql.BasicBinder      : binding parameter [1] as [VARCHAR] - [etc]
2021-03-10 22:37:34.729 TRACE 20712 --- [    Test worker] o.h.type.descriptor.sql.BasicExtractor   : extracted value ([id1_6_0_] : [BIGINT]) - [39]
2021-03-10 22:37:34.729 TRACE 20712 --- [    Test worker] o.h.type.descriptor.sql.BasicExtractor   : extracted value ([id1_6_1_] : [BIGINT]) - [40]
2021-03-10 22:37:34.729 TRACE 20712 --- [    Test worker] o.h.type.descriptor.sql.BasicExtractor   : extracted value ([id1_6_2_] : [BIGINT]) - [null]
2021-03-10 22:37:34.729 TRACE 20712 --- [    Test worker] o.h.type.descriptor.sql.BasicExtractor   : extracted value ([first_na2_6_0_] : [VARCHAR]) - [etc]
2021-03-10 22:37:34.729 TRACE 20712 --- [    Test worker] o.h.type.descriptor.sql.BasicExtractor   : extracted value ([parent_i5_6_0_] : [BIGINT]) - [null]
2021-03-10 22:37:34.729 TRACE 20712 --- [    Test worker] o.h.type.descriptor.sql.BasicExtractor   : extracted value ([second_n3_6_0_] : [VARCHAR]) - [null]
2021-03-10 22:37:34.729 TRACE 20712 --- [    Test worker] o.h.type.descriptor.sql.BasicExtractor   : extracted value ([third_na4_6_0_] : [VARCHAR]) - [null]
2021-03-10 22:37:34.729 TRACE 20712 --- [    Test worker] o.h.type.descriptor.sql.BasicExtractor   : extracted value ([first_na2_6_1_] : [VARCHAR]) - [docker]
2021-03-10 22:37:34.729 TRACE 20712 --- [    Test worker] o.h.type.descriptor.sql.BasicExtractor   : extracted value ([parent_i5_6_1_] : [BIGINT]) - [39]
2021-03-10 22:37:34.729 TRACE 20712 --- [    Test worker] o.h.type.descriptor.sql.BasicExtractor   : extracted value ([second_n3_6_1_] : [VARCHAR]) - [도커]
2021-03-10 22:37:34.729 TRACE 20712 --- [    Test worker] o.h.type.descriptor.sql.BasicExtractor   : extracted value ([third_na4_6_1_] : [VARCHAR]) - [null]
2021-03-10 22:37:34.729 TRACE 20712 --- [    Test worker] o.h.type.descriptor.sql.BasicExtractor   : extracted value ([parent_i5_6_0__] : [BIGINT]) - [39]
2021-03-10 22:37:34.729 TRACE 20712 --- [    Test worker] o.h.type.descriptor.sql.BasicExtractor   : extracted value ([id1_6_0__] : [BIGINT]) - [40]
2021-03-10 22:37:34.729 TRACE 20712 --- [    Test worker] o.h.type.descriptor.sql.BasicExtractor   : extracted value ([id1_6_0_] : [BIGINT]) - [39]
2021-03-10 22:37:34.729 TRACE 20712 --- [    Test worker] o.h.type.descriptor.sql.BasicExtractor   : extracted value ([id1_6_1_] : [BIGINT]) - [41]
2021-03-10 22:37:34.729 TRACE 20712 --- [    Test worker] o.h.type.descriptor.sql.BasicExtractor   : extracted value ([id1_6_2_] : [BIGINT]) - [null]
2021-03-10 22:37:34.729 TRACE 20712 --- [    Test worker] o.h.type.descriptor.sql.BasicExtractor   : extracted value ([first_na2_6_1_] : [VARCHAR]) - [devops]
2021-03-10 22:37:34.729 TRACE 20712 --- [    Test worker] o.h.type.descriptor.sql.BasicExtractor   : extracted value ([parent_i5_6_1_] : [BIGINT]) - [39]
2021-03-10 22:37:34.729 TRACE 20712 --- [    Test worker] o.h.type.descriptor.sql.BasicExtractor   : extracted value ([second_n3_6_1_] : [VARCHAR]) - [데브옵스]
2021-03-10 22:37:34.729 TRACE 20712 --- [    Test worker] o.h.type.descriptor.sql.BasicExtractor   : extracted value ([third_na4_6_1_] : [VARCHAR]) - [null]
2021-03-10 22:37:34.729 TRACE 20712 --- [    Test worker] o.h.type.descriptor.sql.BasicExtractor   : extracted value ([parent_i5_6_0__] : [BIGINT]) - [39]
2021-03-10 22:37:34.729 TRACE 20712 --- [    Test worker] o.h.type.descriptor.sql.BasicExtractor   : extracted value ([id1_6_0__] : [BIGINT]) - [41]
2021-03-10 22:37:34.729 TRACE 20712 --- [    Test worker] o.h.type.descriptor.sql.BasicExtractor   : extracted value ([id1_6_0_] : [BIGINT]) - [39]
2021-03-10 22:37:34.729 TRACE 20712 --- [    Test worker] o.h.type.descriptor.sql.BasicExtractor   : extracted value ([id1_6_1_] : [BIGINT]) - [42]
2021-03-10 22:37:34.729 TRACE 20712 --- [    Test worker] o.h.type.descriptor.sql.BasicExtractor   : extracted value ([id1_6_2_] : [BIGINT]) - [null]
2021-03-10 22:37:34.729 TRACE 20712 --- [    Test worker] o.h.type.descriptor.sql.BasicExtractor   : extracted value ([first_na2_6_1_] : [VARCHAR]) - [kubernetes]
2021-03-10 22:37:34.729 TRACE 20712 --- [    Test worker] o.h.type.descriptor.sql.BasicExtractor   : extracted value ([parent_i5_6_1_] : [BIGINT]) - [39]
2021-03-10 22:37:34.729 TRACE 20712 --- [    Test worker] o.h.type.descriptor.sql.BasicExtractor   : extracted value ([second_n3_6_1_] : [VARCHAR]) - [쿠버네티스]
2021-03-10 22:37:34.729 TRACE 20712 --- [    Test worker] o.h.type.descriptor.sql.BasicExtractor   : extracted value ([third_na4_6_1_] : [VARCHAR]) - [null]
2021-03-10 22:37:34.729 TRACE 20712 --- [    Test worker] o.h.type.descriptor.sql.BasicExtractor   : extracted value ([parent_i5_6_0__] : [BIGINT]) - [39]
2021-03-10 22:37:34.729 TRACE 20712 --- [    Test worker] o.h.type.descriptor.sql.BasicExtractor   : extracted value ([id1_6_0__] : [BIGINT]) - [42]
2021-03-10 22:37:34.729 TRACE 20712 --- [    Test worker] o.h.type.descriptor.sql.BasicExtractor   : extracted value ([id1_6_0_] : [BIGINT]) - [39]
2021-03-10 22:37:34.729 TRACE 20712 --- [    Test worker] o.h.type.descriptor.sql.BasicExtractor   : extracted value ([id1_6_1_] : [BIGINT]) - [43]
2021-03-10 22:37:34.729 TRACE 20712 --- [    Test worker] o.h.type.descriptor.sql.BasicExtractor   : extracted value ([id1_6_2_] : [BIGINT]) - [null]
2021-03-10 22:37:34.729 TRACE 20712 --- [    Test worker] o.h.type.descriptor.sql.BasicExtractor   : extracted value ([first_na2_6_1_] : [VARCHAR]) - [algorithm]
2021-03-10 22:37:34.729 TRACE 20712 --- [    Test worker] o.h.type.descriptor.sql.BasicExtractor   : extracted value ([parent_i5_6_1_] : [BIGINT]) - [39]
2021-03-10 22:37:34.729 TRACE 20712 --- [    Test worker] o.h.type.descriptor.sql.BasicExtractor   : extracted value ([second_n3_6_1_] : [VARCHAR]) - [알고리즘]
2021-03-10 22:37:34.729 TRACE 20712 --- [    Test worker] o.h.type.descriptor.sql.BasicExtractor   : extracted value ([third_na4_6_1_] : [VARCHAR]) - [null]
2021-03-10 22:37:34.729 TRACE 20712 --- [    Test worker] o.h.type.descriptor.sql.BasicExtractor   : extracted value ([parent_i5_6_0__] : [BIGINT]) - [39]
2021-03-10 22:37:34.729 TRACE 20712 --- [    Test worker] o.h.type.descriptor.sql.BasicExtractor   : extracted value ([id1_6_0__] : [BIGINT]) - [43]
2021-03-10 22:37:34.729 TRACE 20712 --- [    Test worker] o.h.type.descriptor.sql.BasicExtractor   : extracted value ([id1_6_0_] : [BIGINT]) - [39]
2021-03-10 22:37:34.729 TRACE 20712 --- [    Test worker] o.h.type.descriptor.sql.BasicExtractor   : extracted value ([id1_6_1_] : [BIGINT]) - [44]
2021-03-10 22:37:34.729 TRACE 20712 --- [    Test worker] o.h.type.descriptor.sql.BasicExtractor   : extracted value ([id1_6_2_] : [BIGINT]) - [null]
2021-03-10 22:37:34.729 TRACE 20712 --- [    Test worker] o.h.type.descriptor.sql.BasicExtractor   : extracted value ([first_na2_6_1_] : [VARCHAR]) - [data-structure]
2021-03-10 22:37:34.729 TRACE 20712 --- [    Test worker] o.h.type.descriptor.sql.BasicExtractor   : extracted value ([parent_i5_6_1_] : [BIGINT]) - [39]
2021-03-10 22:37:34.729 TRACE 20712 --- [    Test worker] o.h.type.descriptor.sql.BasicExtractor   : extracted value ([second_n3_6_1_] : [VARCHAR]) - [자료구조]
2021-03-10 22:37:34.729 TRACE 20712 --- [    Test worker] o.h.type.descriptor.sql.BasicExtractor   : extracted value ([third_na4_6_1_] : [VARCHAR]) - [null]
2021-03-10 22:37:34.729 TRACE 20712 --- [    Test worker] o.h.type.descriptor.sql.BasicExtractor   : extracted value ([parent_i5_6_0__] : [BIGINT]) - [39]
2021-03-10 22:37:34.729 TRACE 20712 --- [    Test worker] o.h.type.descriptor.sql.BasicExtractor   : extracted value ([id1_6_0__] : [BIGINT]) - [44]
2021-03-10 22:37:34.729 TRACE 20712 --- [    Test worker] o.h.type.descriptor.sql.BasicExtractor   : extracted value ([id1_6_0_] : [BIGINT]) - [39]
2021-03-10 22:37:34.729 TRACE 20712 --- [    Test worker] o.h.type.descriptor.sql.BasicExtractor   : extracted value ([id1_6_1_] : [BIGINT]) - [45]
2021-03-10 22:37:34.729 TRACE 20712 --- [    Test worker] o.h.type.descriptor.sql.BasicExtractor   : extracted value ([id1_6_2_] : [BIGINT]) - [null]
2021-03-10 22:37:34.729 TRACE 20712 --- [    Test worker] o.h.type.descriptor.sql.BasicExtractor   : extracted value ([first_na2_6_1_] : [VARCHAR]) - [system]
2021-03-10 22:37:34.729 TRACE 20712 --- [    Test worker] o.h.type.descriptor.sql.BasicExtractor   : extracted value ([parent_i5_6_1_] : [BIGINT]) - [39]
2021-03-10 22:37:34.729 TRACE 20712 --- [    Test worker] o.h.type.descriptor.sql.BasicExtractor   : extracted value ([second_n3_6_1_] : [VARCHAR]) - [시스템]
2021-03-10 22:37:34.729 TRACE 20712 --- [    Test worker] o.h.type.descriptor.sql.BasicExtractor   : extracted value ([third_na4_6_1_] : [VARCHAR]) - [null]
2021-03-10 22:37:34.729 TRACE 20712 --- [    Test worker] o.h.type.descriptor.sql.BasicExtractor   : extracted value ([parent_i5_6_0__] : [BIGINT]) - [39]
2021-03-10 22:37:34.729 TRACE 20712 --- [    Test worker] o.h.type.descriptor.sql.BasicExtractor   : extracted value ([id1_6_0__] : [BIGINT]) - [45]
2021-03-10 22:37:34.729 TRACE 20712 --- [    Test worker] o.h.type.descriptor.sql.BasicExtractor   : extracted value ([id1_6_0_] : [BIGINT]) - [39]
2021-03-10 22:37:34.729 TRACE 20712 --- [    Test worker] o.h.type.descriptor.sql.BasicExtractor   : extracted value ([id1_6_1_] : [BIGINT]) - [46]
2021-03-10 22:37:34.745 TRACE 20712 --- [    Test worker] o.h.type.descriptor.sql.BasicExtractor   : extracted value ([id1_6_2_] : [BIGINT]) - [null]
2021-03-10 22:37:34.745 TRACE 20712 --- [    Test worker] o.h.type.descriptor.sql.BasicExtractor   : extracted value ([first_na2_6_1_] : [VARCHAR]) - [database]
2021-03-10 22:37:34.745 TRACE 20712 --- [    Test worker] o.h.type.descriptor.sql.BasicExtractor   : extracted value ([parent_i5_6_1_] : [BIGINT]) - [39]
2021-03-10 22:37:34.745 TRACE 20712 --- [    Test worker] o.h.type.descriptor.sql.BasicExtractor   : extracted value ([second_n3_6_1_] : [VARCHAR]) - [데이터베이스]
2021-03-10 22:37:34.745 TRACE 20712 --- [    Test worker] o.h.type.descriptor.sql.BasicExtractor   : extracted value ([third_na4_6_1_] : [VARCHAR]) - [null]
2021-03-10 22:37:34.745 TRACE 20712 --- [    Test worker] o.h.type.descriptor.sql.BasicExtractor   : extracted value ([parent_i5_6_0__] : [BIGINT]) - [39]
2021-03-10 22:37:34.745 TRACE 20712 --- [    Test worker] o.h.type.descriptor.sql.BasicExtractor   : extracted value ([id1_6_0__] : [BIGINT]) - [46]
2021-03-10 22:37:34.745 TRACE 20712 --- [    Test worker] o.h.type.descriptor.sql.BasicExtractor   : extracted value ([id1_6_0_] : [BIGINT]) - [39]
2021-03-10 22:37:34.745 TRACE 20712 --- [    Test worker] o.h.type.descriptor.sql.BasicExtractor   : extracted value ([id1_6_1_] : [BIGINT]) - [47]
2021-03-10 22:37:34.745 TRACE 20712 --- [    Test worker] o.h.type.descriptor.sql.BasicExtractor   : extracted value ([id1_6_2_] : [BIGINT]) - [null]
2021-03-10 22:37:34.745 TRACE 20712 --- [    Test worker] o.h.type.descriptor.sql.BasicExtractor   : extracted value ([first_na2_6_1_] : [VARCHAR]) - [network]
2021-03-10 22:37:34.745 TRACE 20712 --- [    Test worker] o.h.type.descriptor.sql.BasicExtractor   : extracted value ([parent_i5_6_1_] : [BIGINT]) - [39]
2021-03-10 22:37:34.745 TRACE 20712 --- [    Test worker] o.h.type.descriptor.sql.BasicExtractor   : extracted value ([second_n3_6_1_] : [VARCHAR]) - [네트워크]
2021-03-10 22:37:34.745 TRACE 20712 --- [    Test worker] o.h.type.descriptor.sql.BasicExtractor   : extracted value ([third_na4_6_1_] : [VARCHAR]) - [null]
2021-03-10 22:37:34.745 TRACE 20712 --- [    Test worker] o.h.type.descriptor.sql.BasicExtractor   : extracted value ([parent_i5_6_0__] : [BIGINT]) - [39]
2021-03-10 22:37:34.745 TRACE 20712 --- [    Test worker] o.h.type.descriptor.sql.BasicExtractor   : extracted value ([id1_6_0__] : [BIGINT]) - [47]
2021-03-10 22:37:34.745 TRACE 20712 --- [    Test worker] o.h.type.descriptor.sql.BasicExtractor   : extracted value ([id1_6_0_] : [BIGINT]) - [39]
2021-03-10 22:37:34.745 TRACE 20712 --- [    Test worker] o.h.type.descriptor.sql.BasicExtractor   : extracted value ([id1_6_1_] : [BIGINT]) - [48]
2021-03-10 22:37:34.745 TRACE 20712 --- [    Test worker] o.h.type.descriptor.sql.BasicExtractor   : extracted value ([id1_6_2_] : [BIGINT]) - [null]
2021-03-10 22:37:34.745 TRACE 20712 --- [    Test worker] o.h.type.descriptor.sql.BasicExtractor   : extracted value ([first_na2_6_1_] : [VARCHAR]) - [os]
2021-03-10 22:37:34.745 TRACE 20712 --- [    Test worker] o.h.type.descriptor.sql.BasicExtractor   : extracted value ([parent_i5_6_1_] : [BIGINT]) - [39]
2021-03-10 22:37:34.745 TRACE 20712 --- [    Test worker] o.h.type.descriptor.sql.BasicExtractor   : extracted value ([second_n3_6_1_] : [VARCHAR]) - [운영체제]
2021-03-10 22:37:34.745 TRACE 20712 --- [    Test worker] o.h.type.descriptor.sql.BasicExtractor   : extracted value ([third_na4_6_1_] : [VARCHAR]) - [null]
2021-03-10 22:37:34.745 TRACE 20712 --- [    Test worker] o.h.type.descriptor.sql.BasicExtractor   : extracted value ([parent_i5_6_0__] : [BIGINT]) - [39]
2021-03-10 22:37:34.745 TRACE 20712 --- [    Test worker] o.h.type.descriptor.sql.BasicExtractor   : extracted value ([id1_6_0__] : [BIGINT]) - [48]
2021-03-10 22:37:34.745 TRACE 20712 --- [    Test worker] o.h.type.descriptor.sql.BasicExtractor   : extracted value ([id1_6_0_] : [BIGINT]) - [39]
2021-03-10 22:37:34.745 TRACE 20712 --- [    Test worker] o.h.type.descriptor.sql.BasicExtractor   : extracted value ([id1_6_1_] : [BIGINT]) - [49]
2021-03-10 22:37:34.745 TRACE 20712 --- [    Test worker] o.h.type.descriptor.sql.BasicExtractor   : extracted value ([id1_6_2_] : [BIGINT]) - [null]
2021-03-10 22:37:34.745 TRACE 20712 --- [    Test worker] o.h.type.descriptor.sql.BasicExtractor   : extracted value ([first_na2_6_1_] : [VARCHAR]) - [linux]
2021-03-10 22:37:34.745 TRACE 20712 --- [    Test worker] o.h.type.descriptor.sql.BasicExtractor   : extracted value ([parent_i5_6_1_] : [BIGINT]) - [39]
2021-03-10 22:37:34.745 TRACE 20712 --- [    Test worker] o.h.type.descriptor.sql.BasicExtractor   : extracted value ([second_n3_6_1_] : [VARCHAR]) - [리눅스]
2021-03-10 22:37:34.745 TRACE 20712 --- [    Test worker] o.h.type.descriptor.sql.BasicExtractor   : extracted value ([third_na4_6_1_] : [VARCHAR]) - [null]
2021-03-10 22:37:34.745 TRACE 20712 --- [    Test worker] o.h.type.descriptor.sql.BasicExtractor   : extracted value ([parent_i5_6_0__] : [BIGINT]) - [39]
2021-03-10 22:37:34.745 TRACE 20712 --- [    Test worker] o.h.type.descriptor.sql.BasicExtractor   : extracted value ([id1_6_0__] : [BIGINT]) - [49]
Hibernate: 
    call next value for hibernate_sequence
Hibernate: 
    insert 
    into
        tag
        (first_name, parent_id, second_name, third_name, id) 
    values
        (?, ?, ?, ?, ?)
2021-03-10 22:37:34.745 TRACE 20712 --- [    Test worker] o.h.type.descriptor.sql.BasicBinder      : binding parameter [1] as [VARCHAR] - [android]
2021-03-10 22:37:34.745 TRACE 20712 --- [    Test worker] o.h.type.descriptor.sql.BasicBinder      : binding parameter [2] as [BIGINT] - [39]
2021-03-10 22:37:34.745 TRACE 20712 --- [    Test worker] o.h.type.descriptor.sql.BasicBinder      : binding parameter [3] as [VARCHAR] - [안드로이드]
2021-03-10 22:37:34.745 TRACE 20712 --- [    Test worker] o.h.type.descriptor.sql.BasicBinder      : binding parameter [4] as [VARCHAR] - [null]
2021-03-10 22:37:34.745 TRACE 20712 --- [    Test worker] o.h.type.descriptor.sql.BasicBinder      : binding parameter [5] as [BIGINT] - [50]
Hibernate: 
    select
        tag0_.id as id1_6_0_,
        children1_.id as id1_6_1_,
        tag2_.id as id1_6_2_,
        tag0_.first_name as first_na2_6_0_,
        tag0_.parent_id as parent_i5_6_0_,
        tag0_.second_name as second_n3_6_0_,
        tag0_.third_name as third_na4_6_0_,
        children1_.first_name as first_na2_6_1_,
        children1_.parent_id as parent_i5_6_1_,
        children1_.second_name as second_n3_6_1_,
        children1_.third_name as third_na4_6_1_,
        children1_.parent_id as parent_i5_6_0__,
        children1_.id as id1_6_0__,
        tag2_.first_name as first_na2_6_2_,
        tag2_.parent_id as parent_i5_6_2_,
        tag2_.second_name as second_n3_6_2_,
        tag2_.third_name as third_na4_6_2_ 
    from
        tag tag0_ 
    left outer join
        tag children1_ 
            on tag0_.id=children1_.parent_id 
    left outer join
        tag tag2_ 
            on tag0_.parent_id=tag2_.id 
    where
        tag0_.first_name=?
2021-03-10 22:37:34.745 TRACE 20712 --- [    Test worker] o.h.type.descriptor.sql.BasicBinder      : binding parameter [1] as [VARCHAR] - [etc]
2021-03-10 22:37:34.745 TRACE 20712 --- [    Test worker] o.h.type.descriptor.sql.BasicExtractor   : extracted value ([id1_6_0_] : [BIGINT]) - [39]
2021-03-10 22:37:34.745 TRACE 20712 --- [    Test worker] o.h.type.descriptor.sql.BasicExtractor   : extracted value ([id1_6_1_] : [BIGINT]) - [40]
2021-03-10 22:37:34.745 TRACE 20712 --- [    Test worker] o.h.type.descriptor.sql.BasicExtractor   : extracted value ([id1_6_2_] : [BIGINT]) - [null]
2021-03-10 22:37:34.745 TRACE 20712 --- [    Test worker] o.h.type.descriptor.sql.BasicExtractor   : extracted value ([first_na2_6_0_] : [VARCHAR]) - [etc]
2021-03-10 22:37:34.745 TRACE 20712 --- [    Test worker] o.h.type.descriptor.sql.BasicExtractor   : extracted value ([parent_i5_6_0_] : [BIGINT]) - [null]
2021-03-10 22:37:34.745 TRACE 20712 --- [    Test worker] o.h.type.descriptor.sql.BasicExtractor   : extracted value ([second_n3_6_0_] : [VARCHAR]) - [null]
2021-03-10 22:37:34.745 TRACE 20712 --- [    Test worker] o.h.type.descriptor.sql.BasicExtractor   : extracted value ([third_na4_6_0_] : [VARCHAR]) - [null]
2021-03-10 22:37:34.745 TRACE 20712 --- [    Test worker] o.h.type.descriptor.sql.BasicExtractor   : extracted value ([first_na2_6_1_] : [VARCHAR]) - [docker]
2021-03-10 22:37:34.745 TRACE 20712 --- [    Test worker] o.h.type.descriptor.sql.BasicExtractor   : extracted value ([parent_i5_6_1_] : [BIGINT]) - [39]
2021-03-10 22:37:34.745 TRACE 20712 --- [    Test worker] o.h.type.descriptor.sql.BasicExtractor   : extracted value ([second_n3_6_1_] : [VARCHAR]) - [도커]
2021-03-10 22:37:34.745 TRACE 20712 --- [    Test worker] o.h.type.descriptor.sql.BasicExtractor   : extracted value ([third_na4_6_1_] : [VARCHAR]) - [null]
2021-03-10 22:37:34.745 TRACE 20712 --- [    Test worker] o.h.type.descriptor.sql.BasicExtractor   : extracted value ([parent_i5_6_0__] : [BIGINT]) - [39]
2021-03-10 22:37:34.745 TRACE 20712 --- [    Test worker] o.h.type.descriptor.sql.BasicExtractor   : extracted value ([id1_6_0__] : [BIGINT]) - [40]
2021-03-10 22:37:34.745 TRACE 20712 --- [    Test worker] o.h.type.descriptor.sql.BasicExtractor   : extracted value ([id1_6_0_] : [BIGINT]) - [39]
2021-03-10 22:37:34.745 TRACE 20712 --- [    Test worker] o.h.type.descriptor.sql.BasicExtractor   : extracted value ([id1_6_1_] : [BIGINT]) - [41]
2021-03-10 22:37:34.745 TRACE 20712 --- [    Test worker] o.h.type.descriptor.sql.BasicExtractor   : extracted value ([id1_6_2_] : [BIGINT]) - [null]
2021-03-10 22:37:34.745 TRACE 20712 --- [    Test worker] o.h.type.descriptor.sql.BasicExtractor   : extracted value ([first_na2_6_1_] : [VARCHAR]) - [devops]
2021-03-10 22:37:34.745 TRACE 20712 --- [    Test worker] o.h.type.descriptor.sql.BasicExtractor   : extracted value ([parent_i5_6_1_] : [BIGINT]) - [39]
2021-03-10 22:37:34.745 TRACE 20712 --- [    Test worker] o.h.type.descriptor.sql.BasicExtractor   : extracted value ([second_n3_6_1_] : [VARCHAR]) - [데브옵스]
2021-03-10 22:37:34.745 TRACE 20712 --- [    Test worker] o.h.type.descriptor.sql.BasicExtractor   : extracted value ([third_na4_6_1_] : [VARCHAR]) - [null]
2021-03-10 22:37:34.745 TRACE 20712 --- [    Test worker] o.h.type.descriptor.sql.BasicExtractor   : extracted value ([parent_i5_6_0__] : [BIGINT]) - [39]
2021-03-10 22:37:34.745 TRACE 20712 --- [    Test worker] o.h.type.descriptor.sql.BasicExtractor   : extracted value ([id1_6_0__] : [BIGINT]) - [41]
2021-03-10 22:37:34.745 TRACE 20712 --- [    Test worker] o.h.type.descriptor.sql.BasicExtractor   : extracted value ([id1_6_0_] : [BIGINT]) - [39]
2021-03-10 22:37:34.745 TRACE 20712 --- [    Test worker] o.h.type.descriptor.sql.BasicExtractor   : extracted value ([id1_6_1_] : [BIGINT]) - [42]
2021-03-10 22:37:34.745 TRACE 20712 --- [    Test worker] o.h.type.descriptor.sql.BasicExtractor   : extracted value ([id1_6_2_] : [BIGINT]) - [null]
2021-03-10 22:37:34.745 TRACE 20712 --- [    Test worker] o.h.type.descriptor.sql.BasicExtractor   : extracted value ([first_na2_6_1_] : [VARCHAR]) - [kubernetes]
2021-03-10 22:37:34.745 TRACE 20712 --- [    Test worker] o.h.type.descriptor.sql.BasicExtractor   : extracted value ([parent_i5_6_1_] : [BIGINT]) - [39]
2021-03-10 22:37:34.745 TRACE 20712 --- [    Test worker] o.h.type.descriptor.sql.BasicExtractor   : extracted value ([second_n3_6_1_] : [VARCHAR]) - [쿠버네티스]
2021-03-10 22:37:34.745 TRACE 20712 --- [    Test worker] o.h.type.descriptor.sql.BasicExtractor   : extracted value ([third_na4_6_1_] : [VARCHAR]) - [null]
2021-03-10 22:37:34.745 TRACE 20712 --- [    Test worker] o.h.type.descriptor.sql.BasicExtractor   : extracted value ([parent_i5_6_0__] : [BIGINT]) - [39]
2021-03-10 22:37:34.745 TRACE 20712 --- [    Test worker] o.h.type.descriptor.sql.BasicExtractor   : extracted value ([id1_6_0__] : [BIGINT]) - [42]
2021-03-10 22:37:34.745 TRACE 20712 --- [    Test worker] o.h.type.descriptor.sql.BasicExtractor   : extracted value ([id1_6_0_] : [BIGINT]) - [39]
2021-03-10 22:37:34.745 TRACE 20712 --- [    Test worker] o.h.type.descriptor.sql.BasicExtractor   : extracted value ([id1_6_1_] : [BIGINT]) - [43]
2021-03-10 22:37:34.745 TRACE 20712 --- [    Test worker] o.h.type.descriptor.sql.BasicExtractor   : extracted value ([id1_6_2_] : [BIGINT]) - [null]
2021-03-10 22:37:34.745 TRACE 20712 --- [    Test worker] o.h.type.descriptor.sql.BasicExtractor   : extracted value ([first_na2_6_1_] : [VARCHAR]) - [algorithm]
2021-03-10 22:37:34.745 TRACE 20712 --- [    Test worker] o.h.type.descriptor.sql.BasicExtractor   : extracted value ([parent_i5_6_1_] : [BIGINT]) - [39]
2021-03-10 22:37:34.745 TRACE 20712 --- [    Test worker] o.h.type.descriptor.sql.BasicExtractor   : extracted value ([second_n3_6_1_] : [VARCHAR]) - [알고리즘]
2021-03-10 22:37:34.745 TRACE 20712 --- [    Test worker] o.h.type.descriptor.sql.BasicExtractor   : extracted value ([third_na4_6_1_] : [VARCHAR]) - [null]
2021-03-10 22:37:34.745 TRACE 20712 --- [    Test worker] o.h.type.descriptor.sql.BasicExtractor   : extracted value ([parent_i5_6_0__] : [BIGINT]) - [39]
2021-03-10 22:37:34.745 TRACE 20712 --- [    Test worker] o.h.type.descriptor.sql.BasicExtractor   : extracted value ([id1_6_0__] : [BIGINT]) - [43]
2021-03-10 22:37:34.745 TRACE 20712 --- [    Test worker] o.h.type.descriptor.sql.BasicExtractor   : extracted value ([id1_6_0_] : [BIGINT]) - [39]
2021-03-10 22:37:34.745 TRACE 20712 --- [    Test worker] o.h.type.descriptor.sql.BasicExtractor   : extracted value ([id1_6_1_] : [BIGINT]) - [44]
2021-03-10 22:37:34.745 TRACE 20712 --- [    Test worker] o.h.type.descriptor.sql.BasicExtractor   : extracted value ([id1_6_2_] : [BIGINT]) - [null]
2021-03-10 22:37:34.745 TRACE 20712 --- [    Test worker] o.h.type.descriptor.sql.BasicExtractor   : extracted value ([first_na2_6_1_] : [VARCHAR]) - [data-structure]
2021-03-10 22:37:34.745 TRACE 20712 --- [    Test worker] o.h.type.descriptor.sql.BasicExtractor   : extracted value ([parent_i5_6_1_] : [BIGINT]) - [39]
2021-03-10 22:37:34.745 TRACE 20712 --- [    Test worker] o.h.type.descriptor.sql.BasicExtractor   : extracted value ([second_n3_6_1_] : [VARCHAR]) - [자료구조]
2021-03-10 22:37:34.745 TRACE 20712 --- [    Test worker] o.h.type.descriptor.sql.BasicExtractor   : extracted value ([third_na4_6_1_] : [VARCHAR]) - [null]
2021-03-10 22:37:34.745 TRACE 20712 --- [    Test worker] o.h.type.descriptor.sql.BasicExtractor   : extracted value ([parent_i5_6_0__] : [BIGINT]) - [39]
2021-03-10 22:37:34.745 TRACE 20712 --- [    Test worker] o.h.type.descriptor.sql.BasicExtractor   : extracted value ([id1_6_0__] : [BIGINT]) - [44]
2021-03-10 22:37:34.745 TRACE 20712 --- [    Test worker] o.h.type.descriptor.sql.BasicExtractor   : extracted value ([id1_6_0_] : [BIGINT]) - [39]
2021-03-10 22:37:34.745 TRACE 20712 --- [    Test worker] o.h.type.descriptor.sql.BasicExtractor   : extracted value ([id1_6_1_] : [BIGINT]) - [45]
2021-03-10 22:37:34.745 TRACE 20712 --- [    Test worker] o.h.type.descriptor.sql.BasicExtractor   : extracted value ([id1_6_2_] : [BIGINT]) - [null]
2021-03-10 22:37:34.745 TRACE 20712 --- [    Test worker] o.h.type.descriptor.sql.BasicExtractor   : extracted value ([first_na2_6_1_] : [VARCHAR]) - [system]
2021-03-10 22:37:34.745 TRACE 20712 --- [    Test worker] o.h.type.descriptor.sql.BasicExtractor   : extracted value ([parent_i5_6_1_] : [BIGINT]) - [39]
2021-03-10 22:37:34.745 TRACE 20712 --- [    Test worker] o.h.type.descriptor.sql.BasicExtractor   : extracted value ([second_n3_6_1_] : [VARCHAR]) - [시스템]
2021-03-10 22:37:34.745 TRACE 20712 --- [    Test worker] o.h.type.descriptor.sql.BasicExtractor   : extracted value ([third_na4_6_1_] : [VARCHAR]) - [null]
2021-03-10 22:37:34.745 TRACE 20712 --- [    Test worker] o.h.type.descriptor.sql.BasicExtractor   : extracted value ([parent_i5_6_0__] : [BIGINT]) - [39]
2021-03-10 22:37:34.745 TRACE 20712 --- [    Test worker] o.h.type.descriptor.sql.BasicExtractor   : extracted value ([id1_6_0__] : [BIGINT]) - [45]
2021-03-10 22:37:34.745 TRACE 20712 --- [    Test worker] o.h.type.descriptor.sql.BasicExtractor   : extracted value ([id1_6_0_] : [BIGINT]) - [39]
2021-03-10 22:37:34.745 TRACE 20712 --- [    Test worker] o.h.type.descriptor.sql.BasicExtractor   : extracted value ([id1_6_1_] : [BIGINT]) - [46]
2021-03-10 22:37:34.745 TRACE 20712 --- [    Test worker] o.h.type.descriptor.sql.BasicExtractor   : extracted value ([id1_6_2_] : [BIGINT]) - [null]
2021-03-10 22:37:34.745 TRACE 20712 --- [    Test worker] o.h.type.descriptor.sql.BasicExtractor   : extracted value ([first_na2_6_1_] : [VARCHAR]) - [database]
2021-03-10 22:37:34.745 TRACE 20712 --- [    Test worker] o.h.type.descriptor.sql.BasicExtractor   : extracted value ([parent_i5_6_1_] : [BIGINT]) - [39]
2021-03-10 22:37:34.745 TRACE 20712 --- [    Test worker] o.h.type.descriptor.sql.BasicExtractor   : extracted value ([second_n3_6_1_] : [VARCHAR]) - [데이터베이스]
2021-03-10 22:37:34.745 TRACE 20712 --- [    Test worker] o.h.type.descriptor.sql.BasicExtractor   : extracted value ([third_na4_6_1_] : [VARCHAR]) - [null]
2021-03-10 22:37:34.745 TRACE 20712 --- [    Test worker] o.h.type.descriptor.sql.BasicExtractor   : extracted value ([parent_i5_6_0__] : [BIGINT]) - [39]
2021-03-10 22:37:34.745 TRACE 20712 --- [    Test worker] o.h.type.descriptor.sql.BasicExtractor   : extracted value ([id1_6_0__] : [BIGINT]) - [46]
2021-03-10 22:37:34.745 TRACE 20712 --- [    Test worker] o.h.type.descriptor.sql.BasicExtractor   : extracted value ([id1_6_0_] : [BIGINT]) - [39]
2021-03-10 22:37:34.745 TRACE 20712 --- [    Test worker] o.h.type.descriptor.sql.BasicExtractor   : extracted value ([id1_6_1_] : [BIGINT]) - [47]
2021-03-10 22:37:34.745 TRACE 20712 --- [    Test worker] o.h.type.descriptor.sql.BasicExtractor   : extracted value ([id1_6_2_] : [BIGINT]) - [null]
2021-03-10 22:37:34.745 TRACE 20712 --- [    Test worker] o.h.type.descriptor.sql.BasicExtractor   : extracted value ([first_na2_6_1_] : [VARCHAR]) - [network]
2021-03-10 22:37:34.745 TRACE 20712 --- [    Test worker] o.h.type.descriptor.sql.BasicExtractor   : extracted value ([parent_i5_6_1_] : [BIGINT]) - [39]
2021-03-10 22:37:34.745 TRACE 20712 --- [    Test worker] o.h.type.descriptor.sql.BasicExtractor   : extracted value ([second_n3_6_1_] : [VARCHAR]) - [네트워크]
2021-03-10 22:37:34.745 TRACE 20712 --- [    Test worker] o.h.type.descriptor.sql.BasicExtractor   : extracted value ([third_na4_6_1_] : [VARCHAR]) - [null]
2021-03-10 22:37:34.745 TRACE 20712 --- [    Test worker] o.h.type.descriptor.sql.BasicExtractor   : extracted value ([parent_i5_6_0__] : [BIGINT]) - [39]
2021-03-10 22:37:34.745 TRACE 20712 --- [    Test worker] o.h.type.descriptor.sql.BasicExtractor   : extracted value ([id1_6_0__] : [BIGINT]) - [47]
2021-03-10 22:37:34.745 TRACE 20712 --- [    Test worker] o.h.type.descriptor.sql.BasicExtractor   : extracted value ([id1_6_0_] : [BIGINT]) - [39]
2021-03-10 22:37:34.745 TRACE 20712 --- [    Test worker] o.h.type.descriptor.sql.BasicExtractor   : extracted value ([id1_6_1_] : [BIGINT]) - [48]
2021-03-10 22:37:34.745 TRACE 20712 --- [    Test worker] o.h.type.descriptor.sql.BasicExtractor   : extracted value ([id1_6_2_] : [BIGINT]) - [null]
2021-03-10 22:37:34.745 TRACE 20712 --- [    Test worker] o.h.type.descriptor.sql.BasicExtractor   : extracted value ([first_na2_6_1_] : [VARCHAR]) - [os]
2021-03-10 22:37:34.745 TRACE 20712 --- [    Test worker] o.h.type.descriptor.sql.BasicExtractor   : extracted value ([parent_i5_6_1_] : [BIGINT]) - [39]
2021-03-10 22:37:34.745 TRACE 20712 --- [    Test worker] o.h.type.descriptor.sql.BasicExtractor   : extracted value ([second_n3_6_1_] : [VARCHAR]) - [운영체제]
2021-03-10 22:37:34.745 TRACE 20712 --- [    Test worker] o.h.type.descriptor.sql.BasicExtractor   : extracted value ([third_na4_6_1_] : [VARCHAR]) - [null]
2021-03-10 22:37:34.745 TRACE 20712 --- [    Test worker] o.h.type.descriptor.sql.BasicExtractor   : extracted value ([parent_i5_6_0__] : [BIGINT]) - [39]
2021-03-10 22:37:34.745 TRACE 20712 --- [    Test worker] o.h.type.descriptor.sql.BasicExtractor   : extracted value ([id1_6_0__] : [BIGINT]) - [48]
2021-03-10 22:37:34.745 TRACE 20712 --- [    Test worker] o.h.type.descriptor.sql.BasicExtractor   : extracted value ([id1_6_0_] : [BIGINT]) - [39]
2021-03-10 22:37:34.745 TRACE 20712 --- [    Test worker] o.h.type.descriptor.sql.BasicExtractor   : extracted value ([id1_6_1_] : [BIGINT]) - [49]
2021-03-10 22:37:34.745 TRACE 20712 --- [    Test worker] o.h.type.descriptor.sql.BasicExtractor   : extracted value ([id1_6_2_] : [BIGINT]) - [null]
2021-03-10 22:37:34.745 TRACE 20712 --- [    Test worker] o.h.type.descriptor.sql.BasicExtractor   : extracted value ([first_na2_6_1_] : [VARCHAR]) - [linux]
2021-03-10 22:37:34.745 TRACE 20712 --- [    Test worker] o.h.type.descriptor.sql.BasicExtractor   : extracted value ([parent_i5_6_1_] : [BIGINT]) - [39]
2021-03-10 22:37:34.745 TRACE 20712 --- [    Test worker] o.h.type.descriptor.sql.BasicExtractor   : extracted value ([second_n3_6_1_] : [VARCHAR]) - [리눅스]
2021-03-10 22:37:34.745 TRACE 20712 --- [    Test worker] o.h.type.descriptor.sql.BasicExtractor   : extracted value ([third_na4_6_1_] : [VARCHAR]) - [null]
2021-03-10 22:37:34.745 TRACE 20712 --- [    Test worker] o.h.type.descriptor.sql.BasicExtractor   : extracted value ([parent_i5_6_0__] : [BIGINT]) - [39]
2021-03-10 22:37:34.745 TRACE 20712 --- [    Test worker] o.h.type.descriptor.sql.BasicExtractor   : extracted value ([id1_6_0__] : [BIGINT]) - [49]
2021-03-10 22:37:34.745 TRACE 20712 --- [    Test worker] o.h.type.descriptor.sql.BasicExtractor   : extracted value ([id1_6_0_] : [BIGINT]) - [39]
2021-03-10 22:37:34.745 TRACE 20712 --- [    Test worker] o.h.type.descriptor.sql.BasicExtractor   : extracted value ([id1_6_1_] : [BIGINT]) - [50]
2021-03-10 22:37:34.745 TRACE 20712 --- [    Test worker] o.h.type.descriptor.sql.BasicExtractor   : extracted value ([id1_6_2_] : [BIGINT]) - [null]
2021-03-10 22:37:34.745 TRACE 20712 --- [    Test worker] o.h.type.descriptor.sql.BasicExtractor   : extracted value ([first_na2_6_1_] : [VARCHAR]) - [android]
2021-03-10 22:37:34.745 TRACE 20712 --- [    Test worker] o.h.type.descriptor.sql.BasicExtractor   : extracted value ([parent_i5_6_1_] : [BIGINT]) - [39]
2021-03-10 22:37:34.745 TRACE 20712 --- [    Test worker] o.h.type.descriptor.sql.BasicExtractor   : extracted value ([second_n3_6_1_] : [VARCHAR]) - [안드로이드]
2021-03-10 22:37:34.745 TRACE 20712 --- [    Test worker] o.h.type.descriptor.sql.BasicExtractor   : extracted value ([third_na4_6_1_] : [VARCHAR]) - [null]
2021-03-10 22:37:34.745 TRACE 20712 --- [    Test worker] o.h.type.descriptor.sql.BasicExtractor   : extracted value ([parent_i5_6_0__] : [BIGINT]) - [39]
2021-03-10 22:37:34.745 TRACE 20712 --- [    Test worker] o.h.type.descriptor.sql.BasicExtractor   : extracted value ([id1_6_0__] : [BIGINT]) - [50]
Hibernate: 
    call next value for hibernate_sequence
Hibernate: 
    insert 
    into
        tag
        (first_name, parent_id, second_name, third_name, id) 
    values
        (?, ?, ?, ?, ?)
2021-03-10 22:37:34.761 TRACE 20712 --- [    Test worker] o.h.type.descriptor.sql.BasicBinder      : binding parameter [1] as [VARCHAR] - [ios]
2021-03-10 22:37:34.761 TRACE 20712 --- [    Test worker] o.h.type.descriptor.sql.BasicBinder      : binding parameter [2] as [BIGINT] - [39]
2021-03-10 22:37:34.761 TRACE 20712 --- [    Test worker] o.h.type.descriptor.sql.BasicBinder      : binding parameter [3] as [VARCHAR] - [mac-os]
2021-03-10 22:37:34.761 TRACE 20712 --- [    Test worker] o.h.type.descriptor.sql.BasicBinder      : binding parameter [4] as [VARCHAR] - [맥os]
2021-03-10 22:37:34.761 TRACE 20712 --- [    Test worker] o.h.type.descriptor.sql.BasicBinder      : binding parameter [5] as [BIGINT] - [51]
Hibernate: 
    select
        tag0_.id as id1_6_0_,
        children1_.id as id1_6_1_,
        tag2_.id as id1_6_2_,
        tag0_.first_name as first_na2_6_0_,
        tag0_.parent_id as parent_i5_6_0_,
        tag0_.second_name as second_n3_6_0_,
        tag0_.third_name as third_na4_6_0_,
        children1_.first_name as first_na2_6_1_,
        children1_.parent_id as parent_i5_6_1_,
        children1_.second_name as second_n3_6_1_,
        children1_.third_name as third_na4_6_1_,
        children1_.parent_id as parent_i5_6_0__,
        children1_.id as id1_6_0__,
        tag2_.first_name as first_na2_6_2_,
        tag2_.parent_id as parent_i5_6_2_,
        tag2_.second_name as second_n3_6_2_,
        tag2_.third_name as third_na4_6_2_ 
    from
        tag tag0_ 
    left outer join
        tag children1_ 
            on tag0_.id=children1_.parent_id 
    left outer join
        tag tag2_ 
            on tag0_.parent_id=tag2_.id 
    where
        tag0_.first_name=?
2021-03-10 22:37:34.761 TRACE 20712 --- [    Test worker] o.h.type.descriptor.sql.BasicBinder      : binding parameter [1] as [VARCHAR] - [etc]
2021-03-10 22:37:34.761 TRACE 20712 --- [    Test worker] o.h.type.descriptor.sql.BasicExtractor   : extracted value ([id1_6_0_] : [BIGINT]) - [39]
2021-03-10 22:37:34.761 TRACE 20712 --- [    Test worker] o.h.type.descriptor.sql.BasicExtractor   : extracted value ([id1_6_1_] : [BIGINT]) - [40]
2021-03-10 22:37:34.761 TRACE 20712 --- [    Test worker] o.h.type.descriptor.sql.BasicExtractor   : extracted value ([id1_6_2_] : [BIGINT]) - [null]
2021-03-10 22:37:34.761 TRACE 20712 --- [    Test worker] o.h.type.descriptor.sql.BasicExtractor   : extracted value ([first_na2_6_0_] : [VARCHAR]) - [etc]
2021-03-10 22:37:34.761 TRACE 20712 --- [    Test worker] o.h.type.descriptor.sql.BasicExtractor   : extracted value ([parent_i5_6_0_] : [BIGINT]) - [null]
2021-03-10 22:37:34.761 TRACE 20712 --- [    Test worker] o.h.type.descriptor.sql.BasicExtractor   : extracted value ([second_n3_6_0_] : [VARCHAR]) - [null]
2021-03-10 22:37:34.761 TRACE 20712 --- [    Test worker] o.h.type.descriptor.sql.BasicExtractor   : extracted value ([third_na4_6_0_] : [VARCHAR]) - [null]
2021-03-10 22:37:34.761 TRACE 20712 --- [    Test worker] o.h.type.descriptor.sql.BasicExtractor   : extracted value ([first_na2_6_1_] : [VARCHAR]) - [docker]
2021-03-10 22:37:34.761 TRACE 20712 --- [    Test worker] o.h.type.descriptor.sql.BasicExtractor   : extracted value ([parent_i5_6_1_] : [BIGINT]) - [39]
2021-03-10 22:37:34.761 TRACE 20712 --- [    Test worker] o.h.type.descriptor.sql.BasicExtractor   : extracted value ([second_n3_6_1_] : [VARCHAR]) - [도커]
2021-03-10 22:37:34.761 TRACE 20712 --- [    Test worker] o.h.type.descriptor.sql.BasicExtractor   : extracted value ([third_na4_6_1_] : [VARCHAR]) - [null]
2021-03-10 22:37:34.761 TRACE 20712 --- [    Test worker] o.h.type.descriptor.sql.BasicExtractor   : extracted value ([parent_i5_6_0__] : [BIGINT]) - [39]
2021-03-10 22:37:34.761 TRACE 20712 --- [    Test worker] o.h.type.descriptor.sql.BasicExtractor   : extracted value ([id1_6_0__] : [BIGINT]) - [40]
2021-03-10 22:37:34.761 TRACE 20712 --- [    Test worker] o.h.type.descriptor.sql.BasicExtractor   : extracted value ([id1_6_0_] : [BIGINT]) - [39]
2021-03-10 22:37:34.761 TRACE 20712 --- [    Test worker] o.h.type.descriptor.sql.BasicExtractor   : extracted value ([id1_6_1_] : [BIGINT]) - [41]
2021-03-10 22:37:34.761 TRACE 20712 --- [    Test worker] o.h.type.descriptor.sql.BasicExtractor   : extracted value ([id1_6_2_] : [BIGINT]) - [null]
2021-03-10 22:37:34.761 TRACE 20712 --- [    Test worker] o.h.type.descriptor.sql.BasicExtractor   : extracted value ([first_na2_6_1_] : [VARCHAR]) - [devops]
2021-03-10 22:37:34.761 TRACE 20712 --- [    Test worker] o.h.type.descriptor.sql.BasicExtractor   : extracted value ([parent_i5_6_1_] : [BIGINT]) - [39]
2021-03-10 22:37:34.761 TRACE 20712 --- [    Test worker] o.h.type.descriptor.sql.BasicExtractor   : extracted value ([second_n3_6_1_] : [VARCHAR]) - [데브옵스]
2021-03-10 22:37:34.761 TRACE 20712 --- [    Test worker] o.h.type.descriptor.sql.BasicExtractor   : extracted value ([third_na4_6_1_] : [VARCHAR]) - [null]
2021-03-10 22:37:34.761 TRACE 20712 --- [    Test worker] o.h.type.descriptor.sql.BasicExtractor   : extracted value ([parent_i5_6_0__] : [BIGINT]) - [39]
2021-03-10 22:37:34.761 TRACE 20712 --- [    Test worker] o.h.type.descriptor.sql.BasicExtractor   : extracted value ([id1_6_0__] : [BIGINT]) - [41]
2021-03-10 22:37:34.761 TRACE 20712 --- [    Test worker] o.h.type.descriptor.sql.BasicExtractor   : extracted value ([id1_6_0_] : [BIGINT]) - [39]
2021-03-10 22:37:34.761 TRACE 20712 --- [    Test worker] o.h.type.descriptor.sql.BasicExtractor   : extracted value ([id1_6_1_] : [BIGINT]) - [42]
2021-03-10 22:37:34.761 TRACE 20712 --- [    Test worker] o.h.type.descriptor.sql.BasicExtractor   : extracted value ([id1_6_2_] : [BIGINT]) - [null]
2021-03-10 22:37:34.761 TRACE 20712 --- [    Test worker] o.h.type.descriptor.sql.BasicExtractor   : extracted value ([first_na2_6_1_] : [VARCHAR]) - [kubernetes]
2021-03-10 22:37:34.761 TRACE 20712 --- [    Test worker] o.h.type.descriptor.sql.BasicExtractor   : extracted value ([parent_i5_6_1_] : [BIGINT]) - [39]
2021-03-10 22:37:34.761 TRACE 20712 --- [    Test worker] o.h.type.descriptor.sql.BasicExtractor   : extracted value ([second_n3_6_1_] : [VARCHAR]) - [쿠버네티스]
2021-03-10 22:37:34.761 TRACE 20712 --- [    Test worker] o.h.type.descriptor.sql.BasicExtractor   : extracted value ([third_na4_6_1_] : [VARCHAR]) - [null]
2021-03-10 22:37:34.761 TRACE 20712 --- [    Test worker] o.h.type.descriptor.sql.BasicExtractor   : extracted value ([parent_i5_6_0__] : [BIGINT]) - [39]
2021-03-10 22:37:34.761 TRACE 20712 --- [    Test worker] o.h.type.descriptor.sql.BasicExtractor   : extracted value ([id1_6_0__] : [BIGINT]) - [42]
2021-03-10 22:37:34.761 TRACE 20712 --- [    Test worker] o.h.type.descriptor.sql.BasicExtractor   : extracted value ([id1_6_0_] : [BIGINT]) - [39]
2021-03-10 22:37:34.761 TRACE 20712 --- [    Test worker] o.h.type.descriptor.sql.BasicExtractor   : extracted value ([id1_6_1_] : [BIGINT]) - [43]
2021-03-10 22:37:34.761 TRACE 20712 --- [    Test worker] o.h.type.descriptor.sql.BasicExtractor   : extracted value ([id1_6_2_] : [BIGINT]) - [null]
2021-03-10 22:37:34.761 TRACE 20712 --- [    Test worker] o.h.type.descriptor.sql.BasicExtractor   : extracted value ([first_na2_6_1_] : [VARCHAR]) - [algorithm]
2021-03-10 22:37:34.761 TRACE 20712 --- [    Test worker] o.h.type.descriptor.sql.BasicExtractor   : extracted value ([parent_i5_6_1_] : [BIGINT]) - [39]
2021-03-10 22:37:34.761 TRACE 20712 --- [    Test worker] o.h.type.descriptor.sql.BasicExtractor   : extracted value ([second_n3_6_1_] : [VARCHAR]) - [알고리즘]
2021-03-10 22:37:34.761 TRACE 20712 --- [    Test worker] o.h.type.descriptor.sql.BasicExtractor   : extracted value ([third_na4_6_1_] : [VARCHAR]) - [null]
2021-03-10 22:37:34.761 TRACE 20712 --- [    Test worker] o.h.type.descriptor.sql.BasicExtractor   : extracted value ([parent_i5_6_0__] : [BIGINT]) - [39]
2021-03-10 22:37:34.761 TRACE 20712 --- [    Test worker] o.h.type.descriptor.sql.BasicExtractor   : extracted value ([id1_6_0__] : [BIGINT]) - [43]
2021-03-10 22:37:34.761 TRACE 20712 --- [    Test worker] o.h.type.descriptor.sql.BasicExtractor   : extracted value ([id1_6_0_] : [BIGINT]) - [39]
2021-03-10 22:37:34.761 TRACE 20712 --- [    Test worker] o.h.type.descriptor.sql.BasicExtractor   : extracted value ([id1_6_1_] : [BIGINT]) - [44]
2021-03-10 22:37:34.761 TRACE 20712 --- [    Test worker] o.h.type.descriptor.sql.BasicExtractor   : extracted value ([id1_6_2_] : [BIGINT]) - [null]
2021-03-10 22:37:34.761 TRACE 20712 --- [    Test worker] o.h.type.descriptor.sql.BasicExtractor   : extracted value ([first_na2_6_1_] : [VARCHAR]) - [data-structure]
2021-03-10 22:37:34.761 TRACE 20712 --- [    Test worker] o.h.type.descriptor.sql.BasicExtractor   : extracted value ([parent_i5_6_1_] : [BIGINT]) - [39]
2021-03-10 22:37:34.761 TRACE 20712 --- [    Test worker] o.h.type.descriptor.sql.BasicExtractor   : extracted value ([second_n3_6_1_] : [VARCHAR]) - [자료구조]
2021-03-10 22:37:34.761 TRACE 20712 --- [    Test worker] o.h.type.descriptor.sql.BasicExtractor   : extracted value ([third_na4_6_1_] : [VARCHAR]) - [null]
2021-03-10 22:37:34.761 TRACE 20712 --- [    Test worker] o.h.type.descriptor.sql.BasicExtractor   : extracted value ([parent_i5_6_0__] : [BIGINT]) - [39]
2021-03-10 22:37:34.761 TRACE 20712 --- [    Test worker] o.h.type.descriptor.sql.BasicExtractor   : extracted value ([id1_6_0__] : [BIGINT]) - [44]
2021-03-10 22:37:34.761 TRACE 20712 --- [    Test worker] o.h.type.descriptor.sql.BasicExtractor   : extracted value ([id1_6_0_] : [BIGINT]) - [39]
2021-03-10 22:37:34.761 TRACE 20712 --- [    Test worker] o.h.type.descriptor.sql.BasicExtractor   : extracted value ([id1_6_1_] : [BIGINT]) - [45]
2021-03-10 22:37:34.761 TRACE 20712 --- [    Test worker] o.h.type.descriptor.sql.BasicExtractor   : extracted value ([id1_6_2_] : [BIGINT]) - [null]
2021-03-10 22:37:34.761 TRACE 20712 --- [    Test worker] o.h.type.descriptor.sql.BasicExtractor   : extracted value ([first_na2_6_1_] : [VARCHAR]) - [system]
2021-03-10 22:37:34.761 TRACE 20712 --- [    Test worker] o.h.type.descriptor.sql.BasicExtractor   : extracted value ([parent_i5_6_1_] : [BIGINT]) - [39]
2021-03-10 22:37:34.761 TRACE 20712 --- [    Test worker] o.h.type.descriptor.sql.BasicExtractor   : extracted value ([second_n3_6_1_] : [VARCHAR]) - [시스템]
2021-03-10 22:37:34.761 TRACE 20712 --- [    Test worker] o.h.type.descriptor.sql.BasicExtractor   : extracted value ([third_na4_6_1_] : [VARCHAR]) - [null]
2021-03-10 22:37:34.761 TRACE 20712 --- [    Test worker] o.h.type.descriptor.sql.BasicExtractor   : extracted value ([parent_i5_6_0__] : [BIGINT]) - [39]
2021-03-10 22:37:34.761 TRACE 20712 --- [    Test worker] o.h.type.descriptor.sql.BasicExtractor   : extracted value ([id1_6_0__] : [BIGINT]) - [45]
2021-03-10 22:37:34.761 TRACE 20712 --- [    Test worker] o.h.type.descriptor.sql.BasicExtractor   : extracted value ([id1_6_0_] : [BIGINT]) - [39]
2021-03-10 22:37:34.761 TRACE 20712 --- [    Test worker] o.h.type.descriptor.sql.BasicExtractor   : extracted value ([id1_6_1_] : [BIGINT]) - [46]
2021-03-10 22:37:34.761 TRACE 20712 --- [    Test worker] o.h.type.descriptor.sql.BasicExtractor   : extracted value ([id1_6_2_] : [BIGINT]) - [null]
2021-03-10 22:37:34.761 TRACE 20712 --- [    Test worker] o.h.type.descriptor.sql.BasicExtractor   : extracted value ([first_na2_6_1_] : [VARCHAR]) - [database]
2021-03-10 22:37:34.761 TRACE 20712 --- [    Test worker] o.h.type.descriptor.sql.BasicExtractor   : extracted value ([parent_i5_6_1_] : [BIGINT]) - [39]
2021-03-10 22:37:34.761 TRACE 20712 --- [    Test worker] o.h.type.descriptor.sql.BasicExtractor   : extracted value ([second_n3_6_1_] : [VARCHAR]) - [데이터베이스]
2021-03-10 22:37:34.761 TRACE 20712 --- [    Test worker] o.h.type.descriptor.sql.BasicExtractor   : extracted value ([third_na4_6_1_] : [VARCHAR]) - [null]
2021-03-10 22:37:34.761 TRACE 20712 --- [    Test worker] o.h.type.descriptor.sql.BasicExtractor   : extracted value ([parent_i5_6_0__] : [BIGINT]) - [39]
2021-03-10 22:37:34.761 TRACE 20712 --- [    Test worker] o.h.type.descriptor.sql.BasicExtractor   : extracted value ([id1_6_0__] : [BIGINT]) - [46]
2021-03-10 22:37:34.761 TRACE 20712 --- [    Test worker] o.h.type.descriptor.sql.BasicExtractor   : extracted value ([id1_6_0_] : [BIGINT]) - [39]
2021-03-10 22:37:34.761 TRACE 20712 --- [    Test worker] o.h.type.descriptor.sql.BasicExtractor   : extracted value ([id1_6_1_] : [BIGINT]) - [47]
2021-03-10 22:37:34.761 TRACE 20712 --- [    Test worker] o.h.type.descriptor.sql.BasicExtractor   : extracted value ([id1_6_2_] : [BIGINT]) - [null]
2021-03-10 22:37:34.761 TRACE 20712 --- [    Test worker] o.h.type.descriptor.sql.BasicExtractor   : extracted value ([first_na2_6_1_] : [VARCHAR]) - [network]
2021-03-10 22:37:34.761 TRACE 20712 --- [    Test worker] o.h.type.descriptor.sql.BasicExtractor   : extracted value ([parent_i5_6_1_] : [BIGINT]) - [39]
2021-03-10 22:37:34.761 TRACE 20712 --- [    Test worker] o.h.type.descriptor.sql.BasicExtractor   : extracted value ([second_n3_6_1_] : [VARCHAR]) - [네트워크]
2021-03-10 22:37:34.761 TRACE 20712 --- [    Test worker] o.h.type.descriptor.sql.BasicExtractor   : extracted value ([third_na4_6_1_] : [VARCHAR]) - [null]
2021-03-10 22:37:34.761 TRACE 20712 --- [    Test worker] o.h.type.descriptor.sql.BasicExtractor   : extracted value ([parent_i5_6_0__] : [BIGINT]) - [39]
2021-03-10 22:37:34.761 TRACE 20712 --- [    Test worker] o.h.type.descriptor.sql.BasicExtractor   : extracted value ([id1_6_0__] : [BIGINT]) - [47]
2021-03-10 22:37:34.761 TRACE 20712 --- [    Test worker] o.h.type.descriptor.sql.BasicExtractor   : extracted value ([id1_6_0_] : [BIGINT]) - [39]
2021-03-10 22:37:34.761 TRACE 20712 --- [    Test worker] o.h.type.descriptor.sql.BasicExtractor   : extracted value ([id1_6_1_] : [BIGINT]) - [48]
2021-03-10 22:37:34.761 TRACE 20712 --- [    Test worker] o.h.type.descriptor.sql.BasicExtractor   : extracted value ([id1_6_2_] : [BIGINT]) - [null]
2021-03-10 22:37:34.761 TRACE 20712 --- [    Test worker] o.h.type.descriptor.sql.BasicExtractor   : extracted value ([first_na2_6_1_] : [VARCHAR]) - [os]
2021-03-10 22:37:34.761 TRACE 20712 --- [    Test worker] o.h.type.descriptor.sql.BasicExtractor   : extracted value ([parent_i5_6_1_] : [BIGINT]) - [39]
2021-03-10 22:37:34.761 TRACE 20712 --- [    Test worker] o.h.type.descriptor.sql.BasicExtractor   : extracted value ([second_n3_6_1_] : [VARCHAR]) - [운영체제]
2021-03-10 22:37:34.761 TRACE 20712 --- [    Test worker] o.h.type.descriptor.sql.BasicExtractor   : extracted value ([third_na4_6_1_] : [VARCHAR]) - [null]
2021-03-10 22:37:34.761 TRACE 20712 --- [    Test worker] o.h.type.descriptor.sql.BasicExtractor   : extracted value ([parent_i5_6_0__] : [BIGINT]) - [39]
2021-03-10 22:37:34.761 TRACE 20712 --- [    Test worker] o.h.type.descriptor.sql.BasicExtractor   : extracted value ([id1_6_0__] : [BIGINT]) - [48]
2021-03-10 22:37:34.761 TRACE 20712 --- [    Test worker] o.h.type.descriptor.sql.BasicExtractor   : extracted value ([id1_6_0_] : [BIGINT]) - [39]
2021-03-10 22:37:34.761 TRACE 20712 --- [    Test worker] o.h.type.descriptor.sql.BasicExtractor   : extracted value ([id1_6_1_] : [BIGINT]) - [49]
2021-03-10 22:37:34.761 TRACE 20712 --- [    Test worker] o.h.type.descriptor.sql.BasicExtractor   : extracted value ([id1_6_2_] : [BIGINT]) - [null]
2021-03-10 22:37:34.761 TRACE 20712 --- [    Test worker] o.h.type.descriptor.sql.BasicExtractor   : extracted value ([first_na2_6_1_] : [VARCHAR]) - [linux]
2021-03-10 22:37:34.761 TRACE 20712 --- [    Test worker] o.h.type.descriptor.sql.BasicExtractor   : extracted value ([parent_i5_6_1_] : [BIGINT]) - [39]
2021-03-10 22:37:34.761 TRACE 20712 --- [    Test worker] o.h.type.descriptor.sql.BasicExtractor   : extracted value ([second_n3_6_1_] : [VARCHAR]) - [리눅스]
2021-03-10 22:37:34.761 TRACE 20712 --- [    Test worker] o.h.type.descriptor.sql.BasicExtractor   : extracted value ([third_na4_6_1_] : [VARCHAR]) - [null]
2021-03-10 22:37:34.761 TRACE 20712 --- [    Test worker] o.h.type.descriptor.sql.BasicExtractor   : extracted value ([parent_i5_6_0__] : [BIGINT]) - [39]
2021-03-10 22:37:34.761 TRACE 20712 --- [    Test worker] o.h.type.descriptor.sql.BasicExtractor   : extracted value ([id1_6_0__] : [BIGINT]) - [49]
2021-03-10 22:37:34.761 TRACE 20712 --- [    Test worker] o.h.type.descriptor.sql.BasicExtractor   : extracted value ([id1_6_0_] : [BIGINT]) - [39]
2021-03-10 22:37:34.761 TRACE 20712 --- [    Test worker] o.h.type.descriptor.sql.BasicExtractor   : extracted value ([id1_6_1_] : [BIGINT]) - [50]
2021-03-10 22:37:34.761 TRACE 20712 --- [    Test worker] o.h.type.descriptor.sql.BasicExtractor   : extracted value ([id1_6_2_] : [BIGINT]) - [null]
2021-03-10 22:37:34.761 TRACE 20712 --- [    Test worker] o.h.type.descriptor.sql.BasicExtractor   : extracted value ([first_na2_6_1_] : [VARCHAR]) - [android]
2021-03-10 22:37:34.761 TRACE 20712 --- [    Test worker] o.h.type.descriptor.sql.BasicExtractor   : extracted value ([parent_i5_6_1_] : [BIGINT]) - [39]
2021-03-10 22:37:34.761 TRACE 20712 --- [    Test worker] o.h.type.descriptor.sql.BasicExtractor   : extracted value ([second_n3_6_1_] : [VARCHAR]) - [안드로이드]
2021-03-10 22:37:34.761 TRACE 20712 --- [    Test worker] o.h.type.descriptor.sql.BasicExtractor   : extracted value ([third_na4_6_1_] : [VARCHAR]) - [null]
2021-03-10 22:37:34.761 TRACE 20712 --- [    Test worker] o.h.type.descriptor.sql.BasicExtractor   : extracted value ([parent_i5_6_0__] : [BIGINT]) - [39]
2021-03-10 22:37:34.761 TRACE 20712 --- [    Test worker] o.h.type.descriptor.sql.BasicExtractor   : extracted value ([id1_6_0__] : [BIGINT]) - [50]
2021-03-10 22:37:34.761 TRACE 20712 --- [    Test worker] o.h.type.descriptor.sql.BasicExtractor   : extracted value ([id1_6_0_] : [BIGINT]) - [39]
2021-03-10 22:37:34.761 TRACE 20712 --- [    Test worker] o.h.type.descriptor.sql.BasicExtractor   : extracted value ([id1_6_1_] : [BIGINT]) - [51]
2021-03-10 22:37:34.761 TRACE 20712 --- [    Test worker] o.h.type.descriptor.sql.BasicExtractor   : extracted value ([id1_6_2_] : [BIGINT]) - [null]
2021-03-10 22:37:34.761 TRACE 20712 --- [    Test worker] o.h.type.descriptor.sql.BasicExtractor   : extracted value ([first_na2_6_1_] : [VARCHAR]) - [ios]
2021-03-10 22:37:34.761 TRACE 20712 --- [    Test worker] o.h.type.descriptor.sql.BasicExtractor   : extracted value ([parent_i5_6_1_] : [BIGINT]) - [39]
2021-03-10 22:37:34.761 TRACE 20712 --- [    Test worker] o.h.type.descriptor.sql.BasicExtractor   : extracted value ([second_n3_6_1_] : [VARCHAR]) - [mac-os]
2021-03-10 22:37:34.761 TRACE 20712 --- [    Test worker] o.h.type.descriptor.sql.BasicExtractor   : extracted value ([third_na4_6_1_] : [VARCHAR]) - [맥os]
2021-03-10 22:37:34.761 TRACE 20712 --- [    Test worker] o.h.type.descriptor.sql.BasicExtractor   : extracted value ([parent_i5_6_0__] : [BIGINT]) - [39]
2021-03-10 22:37:34.761 TRACE 20712 --- [    Test worker] o.h.type.descriptor.sql.BasicExtractor   : extracted value ([id1_6_0__] : [BIGINT]) - [51]
Hibernate: 
    call next value for hibernate_sequence
Hibernate: 
    insert 
    into
        tag
        (first_name, parent_id, second_name, third_name, id) 
    values
        (?, ?, ?, ?, ?)
2021-03-10 22:37:34.761 TRACE 20712 --- [    Test worker] o.h.type.descriptor.sql.BasicBinder      : binding parameter [1] as [VARCHAR] - [data-science]
2021-03-10 22:37:34.761 TRACE 20712 --- [    Test worker] o.h.type.descriptor.sql.BasicBinder      : binding parameter [2] as [BIGINT] - [39]
2021-03-10 22:37:34.761 TRACE 20712 --- [    Test worker] o.h.type.descriptor.sql.BasicBinder      : binding parameter [3] as [VARCHAR] - [데이터사이언스]
2021-03-10 22:37:34.761 TRACE 20712 --- [    Test worker] o.h.type.descriptor.sql.BasicBinder      : binding parameter [4] as [VARCHAR] - [DS]
2021-03-10 22:37:34.761 TRACE 20712 --- [    Test worker] o.h.type.descriptor.sql.BasicBinder      : binding parameter [5] as [BIGINT] - [52]
Hibernate: 
    select
        tag0_.id as id1_6_0_,
        children1_.id as id1_6_1_,
        tag2_.id as id1_6_2_,
        tag0_.first_name as first_na2_6_0_,
        tag0_.parent_id as parent_i5_6_0_,
        tag0_.second_name as second_n3_6_0_,
        tag0_.third_name as third_na4_6_0_,
        children1_.first_name as first_na2_6_1_,
        children1_.parent_id as parent_i5_6_1_,
        children1_.second_name as second_n3_6_1_,
        children1_.third_name as third_na4_6_1_,
        children1_.parent_id as parent_i5_6_0__,
        children1_.id as id1_6_0__,
        tag2_.first_name as first_na2_6_2_,
        tag2_.parent_id as parent_i5_6_2_,
        tag2_.second_name as second_n3_6_2_,
        tag2_.third_name as third_na4_6_2_ 
    from
        tag tag0_ 
    left outer join
        tag children1_ 
            on tag0_.id=children1_.parent_id 
    left outer join
        tag tag2_ 
            on tag0_.parent_id=tag2_.id 
    where
        tag0_.first_name=?
2021-03-10 22:37:34.776 TRACE 20712 --- [    Test worker] o.h.type.descriptor.sql.BasicBinder      : binding parameter [1] as [VARCHAR] - [etc]
2021-03-10 22:37:34.776 TRACE 20712 --- [    Test worker] o.h.type.descriptor.sql.BasicExtractor   : extracted value ([id1_6_0_] : [BIGINT]) - [39]
2021-03-10 22:37:34.776 TRACE 20712 --- [    Test worker] o.h.type.descriptor.sql.BasicExtractor   : extracted value ([id1_6_1_] : [BIGINT]) - [40]
2021-03-10 22:37:34.776 TRACE 20712 --- [    Test worker] o.h.type.descriptor.sql.BasicExtractor   : extracted value ([id1_6_2_] : [BIGINT]) - [null]
2021-03-10 22:37:34.776 TRACE 20712 --- [    Test worker] o.h.type.descriptor.sql.BasicExtractor   : extracted value ([first_na2_6_0_] : [VARCHAR]) - [etc]
2021-03-10 22:37:34.776 TRACE 20712 --- [    Test worker] o.h.type.descriptor.sql.BasicExtractor   : extracted value ([parent_i5_6_0_] : [BIGINT]) - [null]
2021-03-10 22:37:34.776 TRACE 20712 --- [    Test worker] o.h.type.descriptor.sql.BasicExtractor   : extracted value ([second_n3_6_0_] : [VARCHAR]) - [null]
2021-03-10 22:37:34.776 TRACE 20712 --- [    Test worker] o.h.type.descriptor.sql.BasicExtractor   : extracted value ([third_na4_6_0_] : [VARCHAR]) - [null]
2021-03-10 22:37:34.776 TRACE 20712 --- [    Test worker] o.h.type.descriptor.sql.BasicExtractor   : extracted value ([first_na2_6_1_] : [VARCHAR]) - [docker]
2021-03-10 22:37:34.776 TRACE 20712 --- [    Test worker] o.h.type.descriptor.sql.BasicExtractor   : extracted value ([parent_i5_6_1_] : [BIGINT]) - [39]
2021-03-10 22:37:34.776 TRACE 20712 --- [    Test worker] o.h.type.descriptor.sql.BasicExtractor   : extracted value ([second_n3_6_1_] : [VARCHAR]) - [도커]
2021-03-10 22:37:34.776 TRACE 20712 --- [    Test worker] o.h.type.descriptor.sql.BasicExtractor   : extracted value ([third_na4_6_1_] : [VARCHAR]) - [null]
2021-03-10 22:37:34.776 TRACE 20712 --- [    Test worker] o.h.type.descriptor.sql.BasicExtractor   : extracted value ([parent_i5_6_0__] : [BIGINT]) - [39]
2021-03-10 22:37:34.776 TRACE 20712 --- [    Test worker] o.h.type.descriptor.sql.BasicExtractor   : extracted value ([id1_6_0__] : [BIGINT]) - [40]
2021-03-10 22:37:34.776 TRACE 20712 --- [    Test worker] o.h.type.descriptor.sql.BasicExtractor   : extracted value ([id1_6_0_] : [BIGINT]) - [39]
2021-03-10 22:37:34.776 TRACE 20712 --- [    Test worker] o.h.type.descriptor.sql.BasicExtractor   : extracted value ([id1_6_1_] : [BIGINT]) - [41]
2021-03-10 22:37:34.776 TRACE 20712 --- [    Test worker] o.h.type.descriptor.sql.BasicExtractor   : extracted value ([id1_6_2_] : [BIGINT]) - [null]
2021-03-10 22:37:34.776 TRACE 20712 --- [    Test worker] o.h.type.descriptor.sql.BasicExtractor   : extracted value ([first_na2_6_1_] : [VARCHAR]) - [devops]
2021-03-10 22:37:34.776 TRACE 20712 --- [    Test worker] o.h.type.descriptor.sql.BasicExtractor   : extracted value ([parent_i5_6_1_] : [BIGINT]) - [39]
2021-03-10 22:37:34.776 TRACE 20712 --- [    Test worker] o.h.type.descriptor.sql.BasicExtractor   : extracted value ([second_n3_6_1_] : [VARCHAR]) - [데브옵스]
2021-03-10 22:37:34.776 TRACE 20712 --- [    Test worker] o.h.type.descriptor.sql.BasicExtractor   : extracted value ([third_na4_6_1_] : [VARCHAR]) - [null]
2021-03-10 22:37:34.776 TRACE 20712 --- [    Test worker] o.h.type.descriptor.sql.BasicExtractor   : extracted value ([parent_i5_6_0__] : [BIGINT]) - [39]
2021-03-10 22:37:34.776 TRACE 20712 --- [    Test worker] o.h.type.descriptor.sql.BasicExtractor   : extracted value ([id1_6_0__] : [BIGINT]) - [41]
2021-03-10 22:37:34.776 TRACE 20712 --- [    Test worker] o.h.type.descriptor.sql.BasicExtractor   : extracted value ([id1_6_0_] : [BIGINT]) - [39]
2021-03-10 22:37:34.776 TRACE 20712 --- [    Test worker] o.h.type.descriptor.sql.BasicExtractor   : extracted value ([id1_6_1_] : [BIGINT]) - [42]
2021-03-10 22:37:34.776 TRACE 20712 --- [    Test worker] o.h.type.descriptor.sql.BasicExtractor   : extracted value ([id1_6_2_] : [BIGINT]) - [null]
2021-03-10 22:37:34.776 TRACE 20712 --- [    Test worker] o.h.type.descriptor.sql.BasicExtractor   : extracted value ([first_na2_6_1_] : [VARCHAR]) - [kubernetes]
2021-03-10 22:37:34.776 TRACE 20712 --- [    Test worker] o.h.type.descriptor.sql.BasicExtractor   : extracted value ([parent_i5_6_1_] : [BIGINT]) - [39]
2021-03-10 22:37:34.776 TRACE 20712 --- [    Test worker] o.h.type.descriptor.sql.BasicExtractor   : extracted value ([second_n3_6_1_] : [VARCHAR]) - [쿠버네티스]
2021-03-10 22:37:34.776 TRACE 20712 --- [    Test worker] o.h.type.descriptor.sql.BasicExtractor   : extracted value ([third_na4_6_1_] : [VARCHAR]) - [null]
2021-03-10 22:37:34.776 TRACE 20712 --- [    Test worker] o.h.type.descriptor.sql.BasicExtractor   : extracted value ([parent_i5_6_0__] : [BIGINT]) - [39]
2021-03-10 22:37:34.776 TRACE 20712 --- [    Test worker] o.h.type.descriptor.sql.BasicExtractor   : extracted value ([id1_6_0__] : [BIGINT]) - [42]
2021-03-10 22:37:34.776 TRACE 20712 --- [    Test worker] o.h.type.descriptor.sql.BasicExtractor   : extracted value ([id1_6_0_] : [BIGINT]) - [39]
2021-03-10 22:37:34.776 TRACE 20712 --- [    Test worker] o.h.type.descriptor.sql.BasicExtractor   : extracted value ([id1_6_1_] : [BIGINT]) - [43]
2021-03-10 22:37:34.776 TRACE 20712 --- [    Test worker] o.h.type.descriptor.sql.BasicExtractor   : extracted value ([id1_6_2_] : [BIGINT]) - [null]
2021-03-10 22:37:34.776 TRACE 20712 --- [    Test worker] o.h.type.descriptor.sql.BasicExtractor   : extracted value ([first_na2_6_1_] : [VARCHAR]) - [algorithm]
2021-03-10 22:37:34.776 TRACE 20712 --- [    Test worker] o.h.type.descriptor.sql.BasicExtractor   : extracted value ([parent_i5_6_1_] : [BIGINT]) - [39]
2021-03-10 22:37:34.776 TRACE 20712 --- [    Test worker] o.h.type.descriptor.sql.BasicExtractor   : extracted value ([second_n3_6_1_] : [VARCHAR]) - [알고리즘]
2021-03-10 22:37:34.776 TRACE 20712 --- [    Test worker] o.h.type.descriptor.sql.BasicExtractor   : extracted value ([third_na4_6_1_] : [VARCHAR]) - [null]
2021-03-10 22:37:34.776 TRACE 20712 --- [    Test worker] o.h.type.descriptor.sql.BasicExtractor   : extracted value ([parent_i5_6_0__] : [BIGINT]) - [39]
2021-03-10 22:37:34.776 TRACE 20712 --- [    Test worker] o.h.type.descriptor.sql.BasicExtractor   : extracted value ([id1_6_0__] : [BIGINT]) - [43]
2021-03-10 22:37:34.776 TRACE 20712 --- [    Test worker] o.h.type.descriptor.sql.BasicExtractor   : extracted value ([id1_6_0_] : [BIGINT]) - [39]
2021-03-10 22:37:34.776 TRACE 20712 --- [    Test worker] o.h.type.descriptor.sql.BasicExtractor   : extracted value ([id1_6_1_] : [BIGINT]) - [44]
2021-03-10 22:37:34.776 TRACE 20712 --- [    Test worker] o.h.type.descriptor.sql.BasicExtractor   : extracted value ([id1_6_2_] : [BIGINT]) - [null]
2021-03-10 22:37:34.776 TRACE 20712 --- [    Test worker] o.h.type.descriptor.sql.BasicExtractor   : extracted value ([first_na2_6_1_] : [VARCHAR]) - [data-structure]
2021-03-10 22:37:34.776 TRACE 20712 --- [    Test worker] o.h.type.descriptor.sql.BasicExtractor   : extracted value ([parent_i5_6_1_] : [BIGINT]) - [39]
2021-03-10 22:37:34.776 TRACE 20712 --- [    Test worker] o.h.type.descriptor.sql.BasicExtractor   : extracted value ([second_n3_6_1_] : [VARCHAR]) - [자료구조]
2021-03-10 22:37:34.776 TRACE 20712 --- [    Test worker] o.h.type.descriptor.sql.BasicExtractor   : extracted value ([third_na4_6_1_] : [VARCHAR]) - [null]
2021-03-10 22:37:34.776 TRACE 20712 --- [    Test worker] o.h.type.descriptor.sql.BasicExtractor   : extracted value ([parent_i5_6_0__] : [BIGINT]) - [39]
2021-03-10 22:37:34.776 TRACE 20712 --- [    Test worker] o.h.type.descriptor.sql.BasicExtractor   : extracted value ([id1_6_0__] : [BIGINT]) - [44]
2021-03-10 22:37:34.776 TRACE 20712 --- [    Test worker] o.h.type.descriptor.sql.BasicExtractor   : extracted value ([id1_6_0_] : [BIGINT]) - [39]
2021-03-10 22:37:34.776 TRACE 20712 --- [    Test worker] o.h.type.descriptor.sql.BasicExtractor   : extracted value ([id1_6_1_] : [BIGINT]) - [45]
2021-03-10 22:37:34.776 TRACE 20712 --- [    Test worker] o.h.type.descriptor.sql.BasicExtractor   : extracted value ([id1_6_2_] : [BIGINT]) - [null]
2021-03-10 22:37:34.776 TRACE 20712 --- [    Test worker] o.h.type.descriptor.sql.BasicExtractor   : extracted value ([first_na2_6_1_] : [VARCHAR]) - [system]
2021-03-10 22:37:34.776 TRACE 20712 --- [    Test worker] o.h.type.descriptor.sql.BasicExtractor   : extracted value ([parent_i5_6_1_] : [BIGINT]) - [39]
2021-03-10 22:37:34.776 TRACE 20712 --- [    Test worker] o.h.type.descriptor.sql.BasicExtractor   : extracted value ([second_n3_6_1_] : [VARCHAR]) - [시스템]
2021-03-10 22:37:34.776 TRACE 20712 --- [    Test worker] o.h.type.descriptor.sql.BasicExtractor   : extracted value ([third_na4_6_1_] : [VARCHAR]) - [null]
2021-03-10 22:37:34.776 TRACE 20712 --- [    Test worker] o.h.type.descriptor.sql.BasicExtractor   : extracted value ([parent_i5_6_0__] : [BIGINT]) - [39]
2021-03-10 22:37:34.776 TRACE 20712 --- [    Test worker] o.h.type.descriptor.sql.BasicExtractor   : extracted value ([id1_6_0__] : [BIGINT]) - [45]
2021-03-10 22:37:34.776 TRACE 20712 --- [    Test worker] o.h.type.descriptor.sql.BasicExtractor   : extracted value ([id1_6_0_] : [BIGINT]) - [39]
2021-03-10 22:37:34.776 TRACE 20712 --- [    Test worker] o.h.type.descriptor.sql.BasicExtractor   : extracted value ([id1_6_1_] : [BIGINT]) - [46]
2021-03-10 22:37:34.776 TRACE 20712 --- [    Test worker] o.h.type.descriptor.sql.BasicExtractor   : extracted value ([id1_6_2_] : [BIGINT]) - [null]
2021-03-10 22:37:34.776 TRACE 20712 --- [    Test worker] o.h.type.descriptor.sql.BasicExtractor   : extracted value ([first_na2_6_1_] : [VARCHAR]) - [database]
2021-03-10 22:37:34.776 TRACE 20712 --- [    Test worker] o.h.type.descriptor.sql.BasicExtractor   : extracted value ([parent_i5_6_1_] : [BIGINT]) - [39]
2021-03-10 22:37:34.776 TRACE 20712 --- [    Test worker] o.h.type.descriptor.sql.BasicExtractor   : extracted value ([second_n3_6_1_] : [VARCHAR]) - [데이터베이스]
2021-03-10 22:37:34.776 TRACE 20712 --- [    Test worker] o.h.type.descriptor.sql.BasicExtractor   : extracted value ([third_na4_6_1_] : [VARCHAR]) - [null]
2021-03-10 22:37:34.776 TRACE 20712 --- [    Test worker] o.h.type.descriptor.sql.BasicExtractor   : extracted value ([parent_i5_6_0__] : [BIGINT]) - [39]
2021-03-10 22:37:34.776 TRACE 20712 --- [    Test worker] o.h.type.descriptor.sql.BasicExtractor   : extracted value ([id1_6_0__] : [BIGINT]) - [46]
2021-03-10 22:37:34.776 TRACE 20712 --- [    Test worker] o.h.type.descriptor.sql.BasicExtractor   : extracted value ([id1_6_0_] : [BIGINT]) - [39]
2021-03-10 22:37:34.776 TRACE 20712 --- [    Test worker] o.h.type.descriptor.sql.BasicExtractor   : extracted value ([id1_6_1_] : [BIGINT]) - [47]
2021-03-10 22:37:34.776 TRACE 20712 --- [    Test worker] o.h.type.descriptor.sql.BasicExtractor   : extracted value ([id1_6_2_] : [BIGINT]) - [null]
2021-03-10 22:37:34.776 TRACE 20712 --- [    Test worker] o.h.type.descriptor.sql.BasicExtractor   : extracted value ([first_na2_6_1_] : [VARCHAR]) - [network]
2021-03-10 22:37:34.776 TRACE 20712 --- [    Test worker] o.h.type.descriptor.sql.BasicExtractor   : extracted value ([parent_i5_6_1_] : [BIGINT]) - [39]
2021-03-10 22:37:34.776 TRACE 20712 --- [    Test worker] o.h.type.descriptor.sql.BasicExtractor   : extracted value ([second_n3_6_1_] : [VARCHAR]) - [네트워크]
2021-03-10 22:37:34.776 TRACE 20712 --- [    Test worker] o.h.type.descriptor.sql.BasicExtractor   : extracted value ([third_na4_6_1_] : [VARCHAR]) - [null]
2021-03-10 22:37:34.776 TRACE 20712 --- [    Test worker] o.h.type.descriptor.sql.BasicExtractor   : extracted value ([parent_i5_6_0__] : [BIGINT]) - [39]
2021-03-10 22:37:34.776 TRACE 20712 --- [    Test worker] o.h.type.descriptor.sql.BasicExtractor   : extracted value ([id1_6_0__] : [BIGINT]) - [47]
2021-03-10 22:37:34.776 TRACE 20712 --- [    Test worker] o.h.type.descriptor.sql.BasicExtractor   : extracted value ([id1_6_0_] : [BIGINT]) - [39]
2021-03-10 22:37:34.776 TRACE 20712 --- [    Test worker] o.h.type.descriptor.sql.BasicExtractor   : extracted value ([id1_6_1_] : [BIGINT]) - [48]
2021-03-10 22:37:34.776 TRACE 20712 --- [    Test worker] o.h.type.descriptor.sql.BasicExtractor   : extracted value ([id1_6_2_] : [BIGINT]) - [null]
2021-03-10 22:37:34.776 TRACE 20712 --- [    Test worker] o.h.type.descriptor.sql.BasicExtractor   : extracted value ([first_na2_6_1_] : [VARCHAR]) - [os]
2021-03-10 22:37:34.776 TRACE 20712 --- [    Test worker] o.h.type.descriptor.sql.BasicExtractor   : extracted value ([parent_i5_6_1_] : [BIGINT]) - [39]
2021-03-10 22:37:34.776 TRACE 20712 --- [    Test worker] o.h.type.descriptor.sql.BasicExtractor   : extracted value ([second_n3_6_1_] : [VARCHAR]) - [운영체제]
2021-03-10 22:37:34.776 TRACE 20712 --- [    Test worker] o.h.type.descriptor.sql.BasicExtractor   : extracted value ([third_na4_6_1_] : [VARCHAR]) - [null]
2021-03-10 22:37:34.776 TRACE 20712 --- [    Test worker] o.h.type.descriptor.sql.BasicExtractor   : extracted value ([parent_i5_6_0__] : [BIGINT]) - [39]
2021-03-10 22:37:34.776 TRACE 20712 --- [    Test worker] o.h.type.descriptor.sql.BasicExtractor   : extracted value ([id1_6_0__] : [BIGINT]) - [48]
2021-03-10 22:37:34.776 TRACE 20712 --- [    Test worker] o.h.type.descriptor.sql.BasicExtractor   : extracted value ([id1_6_0_] : [BIGINT]) - [39]
2021-03-10 22:37:34.776 TRACE 20712 --- [    Test worker] o.h.type.descriptor.sql.BasicExtractor   : extracted value ([id1_6_1_] : [BIGINT]) - [49]
2021-03-10 22:37:34.776 TRACE 20712 --- [    Test worker] o.h.type.descriptor.sql.BasicExtractor   : extracted value ([id1_6_2_] : [BIGINT]) - [null]
2021-03-10 22:37:34.776 TRACE 20712 --- [    Test worker] o.h.type.descriptor.sql.BasicExtractor   : extracted value ([first_na2_6_1_] : [VARCHAR]) - [linux]
2021-03-10 22:37:34.776 TRACE 20712 --- [    Test worker] o.h.type.descriptor.sql.BasicExtractor   : extracted value ([parent_i5_6_1_] : [BIGINT]) - [39]
2021-03-10 22:37:34.776 TRACE 20712 --- [    Test worker] o.h.type.descriptor.sql.BasicExtractor   : extracted value ([second_n3_6_1_] : [VARCHAR]) - [리눅스]
2021-03-10 22:37:34.776 TRACE 20712 --- [    Test worker] o.h.type.descriptor.sql.BasicExtractor   : extracted value ([third_na4_6_1_] : [VARCHAR]) - [null]
2021-03-10 22:37:34.776 TRACE 20712 --- [    Test worker] o.h.type.descriptor.sql.BasicExtractor   : extracted value ([parent_i5_6_0__] : [BIGINT]) - [39]
2021-03-10 22:37:34.776 TRACE 20712 --- [    Test worker] o.h.type.descriptor.sql.BasicExtractor   : extracted value ([id1_6_0__] : [BIGINT]) - [49]
2021-03-10 22:37:34.776 TRACE 20712 --- [    Test worker] o.h.type.descriptor.sql.BasicExtractor   : extracted value ([id1_6_0_] : [BIGINT]) - [39]
2021-03-10 22:37:34.776 TRACE 20712 --- [    Test worker] o.h.type.descriptor.sql.BasicExtractor   : extracted value ([id1_6_1_] : [BIGINT]) - [50]
2021-03-10 22:37:34.776 TRACE 20712 --- [    Test worker] o.h.type.descriptor.sql.BasicExtractor   : extracted value ([id1_6_2_] : [BIGINT]) - [null]
2021-03-10 22:37:34.776 TRACE 20712 --- [    Test worker] o.h.type.descriptor.sql.BasicExtractor   : extracted value ([first_na2_6_1_] : [VARCHAR]) - [android]
2021-03-10 22:37:34.776 TRACE 20712 --- [    Test worker] o.h.type.descriptor.sql.BasicExtractor   : extracted value ([parent_i5_6_1_] : [BIGINT]) - [39]
2021-03-10 22:37:34.776 TRACE 20712 --- [    Test worker] o.h.type.descriptor.sql.BasicExtractor   : extracted value ([second_n3_6_1_] : [VARCHAR]) - [안드로이드]
2021-03-10 22:37:34.776 TRACE 20712 --- [    Test worker] o.h.type.descriptor.sql.BasicExtractor   : extracted value ([third_na4_6_1_] : [VARCHAR]) - [null]
2021-03-10 22:37:34.776 TRACE 20712 --- [    Test worker] o.h.type.descriptor.sql.BasicExtractor   : extracted value ([parent_i5_6_0__] : [BIGINT]) - [39]
2021-03-10 22:37:34.776 TRACE 20712 --- [    Test worker] o.h.type.descriptor.sql.BasicExtractor   : extracted value ([id1_6_0__] : [BIGINT]) - [50]
2021-03-10 22:37:34.776 TRACE 20712 --- [    Test worker] o.h.type.descriptor.sql.BasicExtractor   : extracted value ([id1_6_0_] : [BIGINT]) - [39]
2021-03-10 22:37:34.776 TRACE 20712 --- [    Test worker] o.h.type.descriptor.sql.BasicExtractor   : extracted value ([id1_6_1_] : [BIGINT]) - [51]
2021-03-10 22:37:34.776 TRACE 20712 --- [    Test worker] o.h.type.descriptor.sql.BasicExtractor   : extracted value ([id1_6_2_] : [BIGINT]) - [null]
2021-03-10 22:37:34.776 TRACE 20712 --- [    Test worker] o.h.type.descriptor.sql.BasicExtractor   : extracted value ([first_na2_6_1_] : [VARCHAR]) - [ios]
2021-03-10 22:37:34.776 TRACE 20712 --- [    Test worker] o.h.type.descriptor.sql.BasicExtractor   : extracted value ([parent_i5_6_1_] : [BIGINT]) - [39]
2021-03-10 22:37:34.776 TRACE 20712 --- [    Test worker] o.h.type.descriptor.sql.BasicExtractor   : extracted value ([second_n3_6_1_] : [VARCHAR]) - [mac-os]
2021-03-10 22:37:34.776 TRACE 20712 --- [    Test worker] o.h.type.descriptor.sql.BasicExtractor   : extracted value ([third_na4_6_1_] : [VARCHAR]) - [맥os]
2021-03-10 22:37:34.776 TRACE 20712 --- [    Test worker] o.h.type.descriptor.sql.BasicExtractor   : extracted value ([parent_i5_6_0__] : [BIGINT]) - [39]
2021-03-10 22:37:34.776 TRACE 20712 --- [    Test worker] o.h.type.descriptor.sql.BasicExtractor   : extracted value ([id1_6_0__] : [BIGINT]) - [51]
2021-03-10 22:37:34.776 TRACE 20712 --- [    Test worker] o.h.type.descriptor.sql.BasicExtractor   : extracted value ([id1_6_0_] : [BIGINT]) - [39]
2021-03-10 22:37:34.776 TRACE 20712 --- [    Test worker] o.h.type.descriptor.sql.BasicExtractor   : extracted value ([id1_6_1_] : [BIGINT]) - [52]
2021-03-10 22:37:34.776 TRACE 20712 --- [    Test worker] o.h.type.descriptor.sql.BasicExtractor   : extracted value ([id1_6_2_] : [BIGINT]) - [null]
2021-03-10 22:37:34.776 TRACE 20712 --- [    Test worker] o.h.type.descriptor.sql.BasicExtractor   : extracted value ([first_na2_6_1_] : [VARCHAR]) - [data-science]
2021-03-10 22:37:34.776 TRACE 20712 --- [    Test worker] o.h.type.descriptor.sql.BasicExtractor   : extracted value ([parent_i5_6_1_] : [BIGINT]) - [39]
2021-03-10 22:37:34.776 TRACE 20712 --- [    Test worker] o.h.type.descriptor.sql.BasicExtractor   : extracted value ([second_n3_6_1_] : [VARCHAR]) - [데이터사이언스]
2021-03-10 22:37:34.776 TRACE 20712 --- [    Test worker] o.h.type.descriptor.sql.BasicExtractor   : extracted value ([third_na4_6_1_] : [VARCHAR]) - [DS]
2021-03-10 22:37:34.776 TRACE 20712 --- [    Test worker] o.h.type.descriptor.sql.BasicExtractor   : extracted value ([parent_i5_6_0__] : [BIGINT]) - [39]
2021-03-10 22:37:34.776 TRACE 20712 --- [    Test worker] o.h.type.descriptor.sql.BasicExtractor   : extracted value ([id1_6_0__] : [BIGINT]) - [52]
Hibernate: 
    call next value for hibernate_sequence
Hibernate: 
    insert 
    into
        tag
        (first_name, parent_id, second_name, third_name, id) 
    values
        (?, ?, ?, ?, ?)
2021-03-10 22:37:34.792 TRACE 20712 --- [    Test worker] o.h.type.descriptor.sql.BasicBinder      : binding parameter [1] as [VARCHAR] - [AI]
2021-03-10 22:37:34.792 TRACE 20712 --- [    Test worker] o.h.type.descriptor.sql.BasicBinder      : binding parameter [2] as [BIGINT] - [39]
2021-03-10 22:37:34.792 TRACE 20712 --- [    Test worker] o.h.type.descriptor.sql.BasicBinder      : binding parameter [3] as [VARCHAR] - [인공지능]
2021-03-10 22:37:34.792 TRACE 20712 --- [    Test worker] o.h.type.descriptor.sql.BasicBinder      : binding parameter [4] as [VARCHAR] - [null]
2021-03-10 22:37:34.792 TRACE 20712 --- [    Test worker] o.h.type.descriptor.sql.BasicBinder      : binding parameter [5] as [BIGINT] - [53]
Hibernate: 
    select
        tag0_.id as id1_6_0_,
        children1_.id as id1_6_1_,
        tag2_.id as id1_6_2_,
        tag0_.first_name as first_na2_6_0_,
        tag0_.parent_id as parent_i5_6_0_,
        tag0_.second_name as second_n3_6_0_,
        tag0_.third_name as third_na4_6_0_,
        children1_.first_name as first_na2_6_1_,
        children1_.parent_id as parent_i5_6_1_,
        children1_.second_name as second_n3_6_1_,
        children1_.third_name as third_na4_6_1_,
        children1_.parent_id as parent_i5_6_0__,
        children1_.id as id1_6_0__,
        tag2_.first_name as first_na2_6_2_,
        tag2_.parent_id as parent_i5_6_2_,
        tag2_.second_name as second_n3_6_2_,
        tag2_.third_name as third_na4_6_2_ 
    from
        tag tag0_ 
    left outer join
        tag children1_ 
            on tag0_.id=children1_.parent_id 
    left outer join
        tag tag2_ 
            on tag0_.parent_id=tag2_.id 
    where
        tag0_.first_name=?
2021-03-10 22:37:34.807 TRACE 20712 --- [    Test worker] o.h.type.descriptor.sql.BasicBinder      : binding parameter [1] as [VARCHAR] - [etc]
2021-03-10 22:37:34.807 TRACE 20712 --- [    Test worker] o.h.type.descriptor.sql.BasicExtractor   : extracted value ([id1_6_0_] : [BIGINT]) - [39]
2021-03-10 22:37:34.807 TRACE 20712 --- [    Test worker] o.h.type.descriptor.sql.BasicExtractor   : extracted value ([id1_6_1_] : [BIGINT]) - [40]
2021-03-10 22:37:34.807 TRACE 20712 --- [    Test worker] o.h.type.descriptor.sql.BasicExtractor   : extracted value ([id1_6_2_] : [BIGINT]) - [null]
2021-03-10 22:37:34.807 TRACE 20712 --- [    Test worker] o.h.type.descriptor.sql.BasicExtractor   : extracted value ([first_na2_6_0_] : [VARCHAR]) - [etc]
2021-03-10 22:37:34.807 TRACE 20712 --- [    Test worker] o.h.type.descriptor.sql.BasicExtractor   : extracted value ([parent_i5_6_0_] : [BIGINT]) - [null]
2021-03-10 22:37:34.807 TRACE 20712 --- [    Test worker] o.h.type.descriptor.sql.BasicExtractor   : extracted value ([second_n3_6_0_] : [VARCHAR]) - [null]
2021-03-10 22:37:34.807 TRACE 20712 --- [    Test worker] o.h.type.descriptor.sql.BasicExtractor   : extracted value ([third_na4_6_0_] : [VARCHAR]) - [null]
2021-03-10 22:37:34.807 TRACE 20712 --- [    Test worker] o.h.type.descriptor.sql.BasicExtractor   : extracted value ([first_na2_6_1_] : [VARCHAR]) - [docker]
2021-03-10 22:37:34.807 TRACE 20712 --- [    Test worker] o.h.type.descriptor.sql.BasicExtractor   : extracted value ([parent_i5_6_1_] : [BIGINT]) - [39]
2021-03-10 22:37:34.807 TRACE 20712 --- [    Test worker] o.h.type.descriptor.sql.BasicExtractor   : extracted value ([second_n3_6_1_] : [VARCHAR]) - [도커]
2021-03-10 22:37:34.807 TRACE 20712 --- [    Test worker] o.h.type.descriptor.sql.BasicExtractor   : extracted value ([third_na4_6_1_] : [VARCHAR]) - [null]
2021-03-10 22:37:34.807 TRACE 20712 --- [    Test worker] o.h.type.descriptor.sql.BasicExtractor   : extracted value ([parent_i5_6_0__] : [BIGINT]) - [39]
2021-03-10 22:37:34.807 TRACE 20712 --- [    Test worker] o.h.type.descriptor.sql.BasicExtractor   : extracted value ([id1_6_0__] : [BIGINT]) - [40]
2021-03-10 22:37:34.807 TRACE 20712 --- [    Test worker] o.h.type.descriptor.sql.BasicExtractor   : extracted value ([id1_6_0_] : [BIGINT]) - [39]
2021-03-10 22:37:34.807 TRACE 20712 --- [    Test worker] o.h.type.descriptor.sql.BasicExtractor   : extracted value ([id1_6_1_] : [BIGINT]) - [41]
2021-03-10 22:37:34.807 TRACE 20712 --- [    Test worker] o.h.type.descriptor.sql.BasicExtractor   : extracted value ([id1_6_2_] : [BIGINT]) - [null]
2021-03-10 22:37:34.807 TRACE 20712 --- [    Test worker] o.h.type.descriptor.sql.BasicExtractor   : extracted value ([first_na2_6_1_] : [VARCHAR]) - [devops]
2021-03-10 22:37:34.807 TRACE 20712 --- [    Test worker] o.h.type.descriptor.sql.BasicExtractor   : extracted value ([parent_i5_6_1_] : [BIGINT]) - [39]
2021-03-10 22:37:34.807 TRACE 20712 --- [    Test worker] o.h.type.descriptor.sql.BasicExtractor   : extracted value ([second_n3_6_1_] : [VARCHAR]) - [데브옵스]
2021-03-10 22:37:34.807 TRACE 20712 --- [    Test worker] o.h.type.descriptor.sql.BasicExtractor   : extracted value ([third_na4_6_1_] : [VARCHAR]) - [null]
2021-03-10 22:37:34.807 TRACE 20712 --- [    Test worker] o.h.type.descriptor.sql.BasicExtractor   : extracted value ([parent_i5_6_0__] : [BIGINT]) - [39]
2021-03-10 22:37:34.807 TRACE 20712 --- [    Test worker] o.h.type.descriptor.sql.BasicExtractor   : extracted value ([id1_6_0__] : [BIGINT]) - [41]
2021-03-10 22:37:34.807 TRACE 20712 --- [    Test worker] o.h.type.descriptor.sql.BasicExtractor   : extracted value ([id1_6_0_] : [BIGINT]) - [39]
2021-03-10 22:37:34.807 TRACE 20712 --- [    Test worker] o.h.type.descriptor.sql.BasicExtractor   : extracted value ([id1_6_1_] : [BIGINT]) - [42]
2021-03-10 22:37:34.807 TRACE 20712 --- [    Test worker] o.h.type.descriptor.sql.BasicExtractor   : extracted value ([id1_6_2_] : [BIGINT]) - [null]
2021-03-10 22:37:34.807 TRACE 20712 --- [    Test worker] o.h.type.descriptor.sql.BasicExtractor   : extracted value ([first_na2_6_1_] : [VARCHAR]) - [kubernetes]
2021-03-10 22:37:34.807 TRACE 20712 --- [    Test worker] o.h.type.descriptor.sql.BasicExtractor   : extracted value ([parent_i5_6_1_] : [BIGINT]) - [39]
2021-03-10 22:37:34.807 TRACE 20712 --- [    Test worker] o.h.type.descriptor.sql.BasicExtractor   : extracted value ([second_n3_6_1_] : [VARCHAR]) - [쿠버네티스]
2021-03-10 22:37:34.807 TRACE 20712 --- [    Test worker] o.h.type.descriptor.sql.BasicExtractor   : extracted value ([third_na4_6_1_] : [VARCHAR]) - [null]
2021-03-10 22:37:34.807 TRACE 20712 --- [    Test worker] o.h.type.descriptor.sql.BasicExtractor   : extracted value ([parent_i5_6_0__] : [BIGINT]) - [39]
2021-03-10 22:37:34.807 TRACE 20712 --- [    Test worker] o.h.type.descriptor.sql.BasicExtractor   : extracted value ([id1_6_0__] : [BIGINT]) - [42]
2021-03-10 22:37:34.807 TRACE 20712 --- [    Test worker] o.h.type.descriptor.sql.BasicExtractor   : extracted value ([id1_6_0_] : [BIGINT]) - [39]
2021-03-10 22:37:34.807 TRACE 20712 --- [    Test worker] o.h.type.descriptor.sql.BasicExtractor   : extracted value ([id1_6_1_] : [BIGINT]) - [43]
2021-03-10 22:37:34.807 TRACE 20712 --- [    Test worker] o.h.type.descriptor.sql.BasicExtractor   : extracted value ([id1_6_2_] : [BIGINT]) - [null]
2021-03-10 22:37:34.807 TRACE 20712 --- [    Test worker] o.h.type.descriptor.sql.BasicExtractor   : extracted value ([first_na2_6_1_] : [VARCHAR]) - [algorithm]
2021-03-10 22:37:34.807 TRACE 20712 --- [    Test worker] o.h.type.descriptor.sql.BasicExtractor   : extracted value ([parent_i5_6_1_] : [BIGINT]) - [39]
2021-03-10 22:37:34.807 TRACE 20712 --- [    Test worker] o.h.type.descriptor.sql.BasicExtractor   : extracted value ([second_n3_6_1_] : [VARCHAR]) - [알고리즘]
2021-03-10 22:37:34.807 TRACE 20712 --- [    Test worker] o.h.type.descriptor.sql.BasicExtractor   : extracted value ([third_na4_6_1_] : [VARCHAR]) - [null]
2021-03-10 22:37:34.807 TRACE 20712 --- [    Test worker] o.h.type.descriptor.sql.BasicExtractor   : extracted value ([parent_i5_6_0__] : [BIGINT]) - [39]
2021-03-10 22:37:34.807 TRACE 20712 --- [    Test worker] o.h.type.descriptor.sql.BasicExtractor   : extracted value ([id1_6_0__] : [BIGINT]) - [43]
2021-03-10 22:37:34.807 TRACE 20712 --- [    Test worker] o.h.type.descriptor.sql.BasicExtractor   : extracted value ([id1_6_0_] : [BIGINT]) - [39]
2021-03-10 22:37:34.807 TRACE 20712 --- [    Test worker] o.h.type.descriptor.sql.BasicExtractor   : extracted value ([id1_6_1_] : [BIGINT]) - [44]
2021-03-10 22:37:34.807 TRACE 20712 --- [    Test worker] o.h.type.descriptor.sql.BasicExtractor   : extracted value ([id1_6_2_] : [BIGINT]) - [null]
2021-03-10 22:37:34.807 TRACE 20712 --- [    Test worker] o.h.type.descriptor.sql.BasicExtractor   : extracted value ([first_na2_6_1_] : [VARCHAR]) - [data-structure]
2021-03-10 22:37:34.807 TRACE 20712 --- [    Test worker] o.h.type.descriptor.sql.BasicExtractor   : extracted value ([parent_i5_6_1_] : [BIGINT]) - [39]
2021-03-10 22:37:34.807 TRACE 20712 --- [    Test worker] o.h.type.descriptor.sql.BasicExtractor   : extracted value ([second_n3_6_1_] : [VARCHAR]) - [자료구조]
2021-03-10 22:37:34.807 TRACE 20712 --- [    Test worker] o.h.type.descriptor.sql.BasicExtractor   : extracted value ([third_na4_6_1_] : [VARCHAR]) - [null]
2021-03-10 22:37:34.807 TRACE 20712 --- [    Test worker] o.h.type.descriptor.sql.BasicExtractor   : extracted value ([parent_i5_6_0__] : [BIGINT]) - [39]
2021-03-10 22:37:34.807 TRACE 20712 --- [    Test worker] o.h.type.descriptor.sql.BasicExtractor   : extracted value ([id1_6_0__] : [BIGINT]) - [44]
2021-03-10 22:37:34.807 TRACE 20712 --- [    Test worker] o.h.type.descriptor.sql.BasicExtractor   : extracted value ([id1_6_0_] : [BIGINT]) - [39]
2021-03-10 22:37:34.807 TRACE 20712 --- [    Test worker] o.h.type.descriptor.sql.BasicExtractor   : extracted value ([id1_6_1_] : [BIGINT]) - [45]
2021-03-10 22:37:34.807 TRACE 20712 --- [    Test worker] o.h.type.descriptor.sql.BasicExtractor   : extracted value ([id1_6_2_] : [BIGINT]) - [null]
2021-03-10 22:37:34.807 TRACE 20712 --- [    Test worker] o.h.type.descriptor.sql.BasicExtractor   : extracted value ([first_na2_6_1_] : [VARCHAR]) - [system]
2021-03-10 22:37:34.807 TRACE 20712 --- [    Test worker] o.h.type.descriptor.sql.BasicExtractor   : extracted value ([parent_i5_6_1_] : [BIGINT]) - [39]
2021-03-10 22:37:34.807 TRACE 20712 --- [    Test worker] o.h.type.descriptor.sql.BasicExtractor   : extracted value ([second_n3_6_1_] : [VARCHAR]) - [시스템]
2021-03-10 22:37:34.807 TRACE 20712 --- [    Test worker] o.h.type.descriptor.sql.BasicExtractor   : extracted value ([third_na4_6_1_] : [VARCHAR]) - [null]
2021-03-10 22:37:34.807 TRACE 20712 --- [    Test worker] o.h.type.descriptor.sql.BasicExtractor   : extracted value ([parent_i5_6_0__] : [BIGINT]) - [39]
2021-03-10 22:37:34.807 TRACE 20712 --- [    Test worker] o.h.type.descriptor.sql.BasicExtractor   : extracted value ([id1_6_0__] : [BIGINT]) - [45]
2021-03-10 22:37:34.807 TRACE 20712 --- [    Test worker] o.h.type.descriptor.sql.BasicExtractor   : extracted value ([id1_6_0_] : [BIGINT]) - [39]
2021-03-10 22:37:34.807 TRACE 20712 --- [    Test worker] o.h.type.descriptor.sql.BasicExtractor   : extracted value ([id1_6_1_] : [BIGINT]) - [46]
2021-03-10 22:37:34.807 TRACE 20712 --- [    Test worker] o.h.type.descriptor.sql.BasicExtractor   : extracted value ([id1_6_2_] : [BIGINT]) - [null]
2021-03-10 22:37:34.807 TRACE 20712 --- [    Test worker] o.h.type.descriptor.sql.BasicExtractor   : extracted value ([first_na2_6_1_] : [VARCHAR]) - [database]
2021-03-10 22:37:34.807 TRACE 20712 --- [    Test worker] o.h.type.descriptor.sql.BasicExtractor   : extracted value ([parent_i5_6_1_] : [BIGINT]) - [39]
2021-03-10 22:37:34.807 TRACE 20712 --- [    Test worker] o.h.type.descriptor.sql.BasicExtractor   : extracted value ([second_n3_6_1_] : [VARCHAR]) - [데이터베이스]
2021-03-10 22:37:34.807 TRACE 20712 --- [    Test worker] o.h.type.descriptor.sql.BasicExtractor   : extracted value ([third_na4_6_1_] : [VARCHAR]) - [null]
2021-03-10 22:37:34.807 TRACE 20712 --- [    Test worker] o.h.type.descriptor.sql.BasicExtractor   : extracted value ([parent_i5_6_0__] : [BIGINT]) - [39]
2021-03-10 22:37:34.807 TRACE 20712 --- [    Test worker] o.h.type.descriptor.sql.BasicExtractor   : extracted value ([id1_6_0__] : [BIGINT]) - [46]
2021-03-10 22:37:34.807 TRACE 20712 --- [    Test worker] o.h.type.descriptor.sql.BasicExtractor   : extracted value ([id1_6_0_] : [BIGINT]) - [39]
2021-03-10 22:37:34.807 TRACE 20712 --- [    Test worker] o.h.type.descriptor.sql.BasicExtractor   : extracted value ([id1_6_1_] : [BIGINT]) - [47]
2021-03-10 22:37:34.807 TRACE 20712 --- [    Test worker] o.h.type.descriptor.sql.BasicExtractor   : extracted value ([id1_6_2_] : [BIGINT]) - [null]
2021-03-10 22:37:34.807 TRACE 20712 --- [    Test worker] o.h.type.descriptor.sql.BasicExtractor   : extracted value ([first_na2_6_1_] : [VARCHAR]) - [network]
2021-03-10 22:37:34.807 TRACE 20712 --- [    Test worker] o.h.type.descriptor.sql.BasicExtractor   : extracted value ([parent_i5_6_1_] : [BIGINT]) - [39]
2021-03-10 22:37:34.807 TRACE 20712 --- [    Test worker] o.h.type.descriptor.sql.BasicExtractor   : extracted value ([second_n3_6_1_] : [VARCHAR]) - [네트워크]
2021-03-10 22:37:34.807 TRACE 20712 --- [    Test worker] o.h.type.descriptor.sql.BasicExtractor   : extracted value ([third_na4_6_1_] : [VARCHAR]) - [null]
2021-03-10 22:37:34.807 TRACE 20712 --- [    Test worker] o.h.type.descriptor.sql.BasicExtractor   : extracted value ([parent_i5_6_0__] : [BIGINT]) - [39]
2021-03-10 22:37:34.807 TRACE 20712 --- [    Test worker] o.h.type.descriptor.sql.BasicExtractor   : extracted value ([id1_6_0__] : [BIGINT]) - [47]
2021-03-10 22:37:34.807 TRACE 20712 --- [    Test worker] o.h.type.descriptor.sql.BasicExtractor   : extracted value ([id1_6_0_] : [BIGINT]) - [39]
2021-03-10 22:37:34.807 TRACE 20712 --- [    Test worker] o.h.type.descriptor.sql.BasicExtractor   : extracted value ([id1_6_1_] : [BIGINT]) - [48]
2021-03-10 22:37:34.807 TRACE 20712 --- [    Test worker] o.h.type.descriptor.sql.BasicExtractor   : extracted value ([id1_6_2_] : [BIGINT]) - [null]
2021-03-10 22:37:34.807 TRACE 20712 --- [    Test worker] o.h.type.descriptor.sql.BasicExtractor   : extracted value ([first_na2_6_1_] : [VARCHAR]) - [os]
2021-03-10 22:37:34.807 TRACE 20712 --- [    Test worker] o.h.type.descriptor.sql.BasicExtractor   : extracted value ([parent_i5_6_1_] : [BIGINT]) - [39]
2021-03-10 22:37:34.807 TRACE 20712 --- [    Test worker] o.h.type.descriptor.sql.BasicExtractor   : extracted value ([second_n3_6_1_] : [VARCHAR]) - [운영체제]
2021-03-10 22:37:34.807 TRACE 20712 --- [    Test worker] o.h.type.descriptor.sql.BasicExtractor   : extracted value ([third_na4_6_1_] : [VARCHAR]) - [null]
2021-03-10 22:37:34.807 TRACE 20712 --- [    Test worker] o.h.type.descriptor.sql.BasicExtractor   : extracted value ([parent_i5_6_0__] : [BIGINT]) - [39]
2021-03-10 22:37:34.807 TRACE 20712 --- [    Test worker] o.h.type.descriptor.sql.BasicExtractor   : extracted value ([id1_6_0__] : [BIGINT]) - [48]
2021-03-10 22:37:34.807 TRACE 20712 --- [    Test worker] o.h.type.descriptor.sql.BasicExtractor   : extracted value ([id1_6_0_] : [BIGINT]) - [39]
2021-03-10 22:37:34.807 TRACE 20712 --- [    Test worker] o.h.type.descriptor.sql.BasicExtractor   : extracted value ([id1_6_1_] : [BIGINT]) - [49]
2021-03-10 22:37:34.807 TRACE 20712 --- [    Test worker] o.h.type.descriptor.sql.BasicExtractor   : extracted value ([id1_6_2_] : [BIGINT]) - [null]
2021-03-10 22:37:34.807 TRACE 20712 --- [    Test worker] o.h.type.descriptor.sql.BasicExtractor   : extracted value ([first_na2_6_1_] : [VARCHAR]) - [linux]
2021-03-10 22:37:34.807 TRACE 20712 --- [    Test worker] o.h.type.descriptor.sql.BasicExtractor   : extracted value ([parent_i5_6_1_] : [BIGINT]) - [39]
2021-03-10 22:37:34.807 TRACE 20712 --- [    Test worker] o.h.type.descriptor.sql.BasicExtractor   : extracted value ([second_n3_6_1_] : [VARCHAR]) - [리눅스]
2021-03-10 22:37:34.807 TRACE 20712 --- [    Test worker] o.h.type.descriptor.sql.BasicExtractor   : extracted value ([third_na4_6_1_] : [VARCHAR]) - [null]
2021-03-10 22:37:34.807 TRACE 20712 --- [    Test worker] o.h.type.descriptor.sql.BasicExtractor   : extracted value ([parent_i5_6_0__] : [BIGINT]) - [39]
2021-03-10 22:37:34.807 TRACE 20712 --- [    Test worker] o.h.type.descriptor.sql.BasicExtractor   : extracted value ([id1_6_0__] : [BIGINT]) - [49]
2021-03-10 22:37:34.807 TRACE 20712 --- [    Test worker] o.h.type.descriptor.sql.BasicExtractor   : extracted value ([id1_6_0_] : [BIGINT]) - [39]
2021-03-10 22:37:34.807 TRACE 20712 --- [    Test worker] o.h.type.descriptor.sql.BasicExtractor   : extracted value ([id1_6_1_] : [BIGINT]) - [50]
2021-03-10 22:37:34.807 TRACE 20712 --- [    Test worker] o.h.type.descriptor.sql.BasicExtractor   : extracted value ([id1_6_2_] : [BIGINT]) - [null]
2021-03-10 22:37:34.807 TRACE 20712 --- [    Test worker] o.h.type.descriptor.sql.BasicExtractor   : extracted value ([first_na2_6_1_] : [VARCHAR]) - [android]
2021-03-10 22:37:34.807 TRACE 20712 --- [    Test worker] o.h.type.descriptor.sql.BasicExtractor   : extracted value ([parent_i5_6_1_] : [BIGINT]) - [39]
2021-03-10 22:37:34.807 TRACE 20712 --- [    Test worker] o.h.type.descriptor.sql.BasicExtractor   : extracted value ([second_n3_6_1_] : [VARCHAR]) - [안드로이드]
2021-03-10 22:37:34.807 TRACE 20712 --- [    Test worker] o.h.type.descriptor.sql.BasicExtractor   : extracted value ([third_na4_6_1_] : [VARCHAR]) - [null]
2021-03-10 22:37:34.807 TRACE 20712 --- [    Test worker] o.h.type.descriptor.sql.BasicExtractor   : extracted value ([parent_i5_6_0__] : [BIGINT]) - [39]
2021-03-10 22:37:34.807 TRACE 20712 --- [    Test worker] o.h.type.descriptor.sql.BasicExtractor   : extracted value ([id1_6_0__] : [BIGINT]) - [50]
2021-03-10 22:37:34.807 TRACE 20712 --- [    Test worker] o.h.type.descriptor.sql.BasicExtractor   : extracted value ([id1_6_0_] : [BIGINT]) - [39]
2021-03-10 22:37:34.807 TRACE 20712 --- [    Test worker] o.h.type.descriptor.sql.BasicExtractor   : extracted value ([id1_6_1_] : [BIGINT]) - [51]
2021-03-10 22:37:34.807 TRACE 20712 --- [    Test worker] o.h.type.descriptor.sql.BasicExtractor   : extracted value ([id1_6_2_] : [BIGINT]) - [null]
2021-03-10 22:37:34.807 TRACE 20712 --- [    Test worker] o.h.type.descriptor.sql.BasicExtractor   : extracted value ([first_na2_6_1_] : [VARCHAR]) - [ios]
2021-03-10 22:37:34.807 TRACE 20712 --- [    Test worker] o.h.type.descriptor.sql.BasicExtractor   : extracted value ([parent_i5_6_1_] : [BIGINT]) - [39]
2021-03-10 22:37:34.807 TRACE 20712 --- [    Test worker] o.h.type.descriptor.sql.BasicExtractor   : extracted value ([second_n3_6_1_] : [VARCHAR]) - [mac-os]
2021-03-10 22:37:34.807 TRACE 20712 --- [    Test worker] o.h.type.descriptor.sql.BasicExtractor   : extracted value ([third_na4_6_1_] : [VARCHAR]) - [맥os]
2021-03-10 22:37:34.807 TRACE 20712 --- [    Test worker] o.h.type.descriptor.sql.BasicExtractor   : extracted value ([parent_i5_6_0__] : [BIGINT]) - [39]
2021-03-10 22:37:34.807 TRACE 20712 --- [    Test worker] o.h.type.descriptor.sql.BasicExtractor   : extracted value ([id1_6_0__] : [BIGINT]) - [51]
2021-03-10 22:37:34.807 TRACE 20712 --- [    Test worker] o.h.type.descriptor.sql.BasicExtractor   : extracted value ([id1_6_0_] : [BIGINT]) - [39]
2021-03-10 22:37:34.807 TRACE 20712 --- [    Test worker] o.h.type.descriptor.sql.BasicExtractor   : extracted value ([id1_6_1_] : [BIGINT]) - [52]
2021-03-10 22:37:34.807 TRACE 20712 --- [    Test worker] o.h.type.descriptor.sql.BasicExtractor   : extracted value ([id1_6_2_] : [BIGINT]) - [null]
2021-03-10 22:37:34.807 TRACE 20712 --- [    Test worker] o.h.type.descriptor.sql.BasicExtractor   : extracted value ([first_na2_6_1_] : [VARCHAR]) - [data-science]
2021-03-10 22:37:34.807 TRACE 20712 --- [    Test worker] o.h.type.descriptor.sql.BasicExtractor   : extracted value ([parent_i5_6_1_] : [BIGINT]) - [39]
2021-03-10 22:37:34.807 TRACE 20712 --- [    Test worker] o.h.type.descriptor.sql.BasicExtractor   : extracted value ([second_n3_6_1_] : [VARCHAR]) - [데이터사이언스]
2021-03-10 22:37:34.807 TRACE 20712 --- [    Test worker] o.h.type.descriptor.sql.BasicExtractor   : extracted value ([third_na4_6_1_] : [VARCHAR]) - [DS]
2021-03-10 22:37:34.807 TRACE 20712 --- [    Test worker] o.h.type.descriptor.sql.BasicExtractor   : extracted value ([parent_i5_6_0__] : [BIGINT]) - [39]
2021-03-10 22:37:34.807 TRACE 20712 --- [    Test worker] o.h.type.descriptor.sql.BasicExtractor   : extracted value ([id1_6_0__] : [BIGINT]) - [52]
2021-03-10 22:37:34.807 TRACE 20712 --- [    Test worker] o.h.type.descriptor.sql.BasicExtractor   : extracted value ([id1_6_0_] : [BIGINT]) - [39]
2021-03-10 22:37:34.807 TRACE 20712 --- [    Test worker] o.h.type.descriptor.sql.BasicExtractor   : extracted value ([id1_6_1_] : [BIGINT]) - [53]
2021-03-10 22:37:34.807 TRACE 20712 --- [    Test worker] o.h.type.descriptor.sql.BasicExtractor   : extracted value ([id1_6_2_] : [BIGINT]) - [null]
2021-03-10 22:37:34.807 TRACE 20712 --- [    Test worker] o.h.type.descriptor.sql.BasicExtractor   : extracted value ([first_na2_6_1_] : [VARCHAR]) - [AI]
2021-03-10 22:37:34.807 TRACE 20712 --- [    Test worker] o.h.type.descriptor.sql.BasicExtractor   : extracted value ([parent_i5_6_1_] : [BIGINT]) - [39]
2021-03-10 22:37:34.807 TRACE 20712 --- [    Test worker] o.h.type.descriptor.sql.BasicExtractor   : extracted value ([second_n3_6_1_] : [VARCHAR]) - [인공지능]
2021-03-10 22:37:34.807 TRACE 20712 --- [    Test worker] o.h.type.descriptor.sql.BasicExtractor   : extracted value ([third_na4_6_1_] : [VARCHAR]) - [null]
2021-03-10 22:37:34.807 TRACE 20712 --- [    Test worker] o.h.type.descriptor.sql.BasicExtractor   : extracted value ([parent_i5_6_0__] : [BIGINT]) - [39]
2021-03-10 22:37:34.807 TRACE 20712 --- [    Test worker] o.h.type.descriptor.sql.BasicExtractor   : extracted value ([id1_6_0__] : [BIGINT]) - [53]
Hibernate: 
    call next value for hibernate_sequence
Hibernate: 
    insert 
    into
        tag
        (first_name, parent_id, second_name, third_name, id) 
    values
        (?, ?, ?, ?, ?)
2021-03-10 22:37:34.807 TRACE 20712 --- [    Test worker] o.h.type.descriptor.sql.BasicBinder      : binding parameter [1] as [VARCHAR] - [TDD]
2021-03-10 22:37:34.807 TRACE 20712 --- [    Test worker] o.h.type.descriptor.sql.BasicBinder      : binding parameter [2] as [BIGINT] - [39]
2021-03-10 22:37:34.807 TRACE 20712 --- [    Test worker] o.h.type.descriptor.sql.BasicBinder      : binding parameter [3] as [VARCHAR] - [테스트 주도 개발]
2021-03-10 22:37:34.807 TRACE 20712 --- [    Test worker] o.h.type.descriptor.sql.BasicBinder      : binding parameter [4] as [VARCHAR] - [null]
2021-03-10 22:37:34.807 TRACE 20712 --- [    Test worker] o.h.type.descriptor.sql.BasicBinder      : binding parameter [5] as [BIGINT] - [54]
Hibernate: 
    select
        tag0_.id as id1_6_0_,
        children1_.id as id1_6_1_,
        tag2_.id as id1_6_2_,
        tag0_.first_name as first_na2_6_0_,
        tag0_.parent_id as parent_i5_6_0_,
        tag0_.second_name as second_n3_6_0_,
        tag0_.third_name as third_na4_6_0_,
        children1_.first_name as first_na2_6_1_,
        children1_.parent_id as parent_i5_6_1_,
        children1_.second_name as second_n3_6_1_,
        children1_.third_name as third_na4_6_1_,
        children1_.parent_id as parent_i5_6_0__,
        children1_.id as id1_6_0__,
        tag2_.first_name as first_na2_6_2_,
        tag2_.parent_id as parent_i5_6_2_,
        tag2_.second_name as second_n3_6_2_,
        tag2_.third_name as third_na4_6_2_ 
    from
        tag tag0_ 
    left outer join
        tag children1_ 
            on tag0_.id=children1_.parent_id 
    left outer join
        tag tag2_ 
            on tag0_.parent_id=tag2_.id 
    where
        tag0_.first_name=?
2021-03-10 22:37:34.807 TRACE 20712 --- [    Test worker] o.h.type.descriptor.sql.BasicBinder      : binding parameter [1] as [VARCHAR] - [etc]
2021-03-10 22:37:34.823 TRACE 20712 --- [    Test worker] o.h.type.descriptor.sql.BasicExtractor   : extracted value ([id1_6_0_] : [BIGINT]) - [39]
2021-03-10 22:37:34.823 TRACE 20712 --- [    Test worker] o.h.type.descriptor.sql.BasicExtractor   : extracted value ([id1_6_1_] : [BIGINT]) - [40]
2021-03-10 22:37:34.823 TRACE 20712 --- [    Test worker] o.h.type.descriptor.sql.BasicExtractor   : extracted value ([id1_6_2_] : [BIGINT]) - [null]
2021-03-10 22:37:34.823 TRACE 20712 --- [    Test worker] o.h.type.descriptor.sql.BasicExtractor   : extracted value ([first_na2_6_0_] : [VARCHAR]) - [etc]
2021-03-10 22:37:34.823 TRACE 20712 --- [    Test worker] o.h.type.descriptor.sql.BasicExtractor   : extracted value ([parent_i5_6_0_] : [BIGINT]) - [null]
2021-03-10 22:37:34.823 TRACE 20712 --- [    Test worker] o.h.type.descriptor.sql.BasicExtractor   : extracted value ([second_n3_6_0_] : [VARCHAR]) - [null]
2021-03-10 22:37:34.823 TRACE 20712 --- [    Test worker] o.h.type.descriptor.sql.BasicExtractor   : extracted value ([third_na4_6_0_] : [VARCHAR]) - [null]
2021-03-10 22:37:34.823 TRACE 20712 --- [    Test worker] o.h.type.descriptor.sql.BasicExtractor   : extracted value ([first_na2_6_1_] : [VARCHAR]) - [docker]
2021-03-10 22:37:34.823 TRACE 20712 --- [    Test worker] o.h.type.descriptor.sql.BasicExtractor   : extracted value ([parent_i5_6_1_] : [BIGINT]) - [39]
2021-03-10 22:37:34.823 TRACE 20712 --- [    Test worker] o.h.type.descriptor.sql.BasicExtractor   : extracted value ([second_n3_6_1_] : [VARCHAR]) - [도커]
2021-03-10 22:37:34.823 TRACE 20712 --- [    Test worker] o.h.type.descriptor.sql.BasicExtractor   : extracted value ([third_na4_6_1_] : [VARCHAR]) - [null]
2021-03-10 22:37:34.823 TRACE 20712 --- [    Test worker] o.h.type.descriptor.sql.BasicExtractor   : extracted value ([parent_i5_6_0__] : [BIGINT]) - [39]
2021-03-10 22:37:34.823 TRACE 20712 --- [    Test worker] o.h.type.descriptor.sql.BasicExtractor   : extracted value ([id1_6_0__] : [BIGINT]) - [40]
2021-03-10 22:37:34.823 TRACE 20712 --- [    Test worker] o.h.type.descriptor.sql.BasicExtractor   : extracted value ([id1_6_0_] : [BIGINT]) - [39]
2021-03-10 22:37:34.823 TRACE 20712 --- [    Test worker] o.h.type.descriptor.sql.BasicExtractor   : extracted value ([id1_6_1_] : [BIGINT]) - [41]
2021-03-10 22:37:34.823 TRACE 20712 --- [    Test worker] o.h.type.descriptor.sql.BasicExtractor   : extracted value ([id1_6_2_] : [BIGINT]) - [null]
2021-03-10 22:37:34.823 TRACE 20712 --- [    Test worker] o.h.type.descriptor.sql.BasicExtractor   : extracted value ([first_na2_6_1_] : [VARCHAR]) - [devops]
2021-03-10 22:37:34.823 TRACE 20712 --- [    Test worker] o.h.type.descriptor.sql.BasicExtractor   : extracted value ([parent_i5_6_1_] : [BIGINT]) - [39]
2021-03-10 22:37:34.823 TRACE 20712 --- [    Test worker] o.h.type.descriptor.sql.BasicExtractor   : extracted value ([second_n3_6_1_] : [VARCHAR]) - [데브옵스]
2021-03-10 22:37:34.823 TRACE 20712 --- [    Test worker] o.h.type.descriptor.sql.BasicExtractor   : extracted value ([third_na4_6_1_] : [VARCHAR]) - [null]
2021-03-10 22:37:34.823 TRACE 20712 --- [    Test worker] o.h.type.descriptor.sql.BasicExtractor   : extracted value ([parent_i5_6_0__] : [BIGINT]) - [39]
2021-03-10 22:37:34.823 TRACE 20712 --- [    Test worker] o.h.type.descriptor.sql.BasicExtractor   : extracted value ([id1_6_0__] : [BIGINT]) - [41]
2021-03-10 22:37:34.823 TRACE 20712 --- [    Test worker] o.h.type.descriptor.sql.BasicExtractor   : extracted value ([id1_6_0_] : [BIGINT]) - [39]
2021-03-10 22:37:34.823 TRACE 20712 --- [    Test worker] o.h.type.descriptor.sql.BasicExtractor   : extracted value ([id1_6_1_] : [BIGINT]) - [42]
2021-03-10 22:37:34.823 TRACE 20712 --- [    Test worker] o.h.type.descriptor.sql.BasicExtractor   : extracted value ([id1_6_2_] : [BIGINT]) - [null]
2021-03-10 22:37:34.823 TRACE 20712 --- [    Test worker] o.h.type.descriptor.sql.BasicExtractor   : extracted value ([first_na2_6_1_] : [VARCHAR]) - [kubernetes]
2021-03-10 22:37:34.823 TRACE 20712 --- [    Test worker] o.h.type.descriptor.sql.BasicExtractor   : extracted value ([parent_i5_6_1_] : [BIGINT]) - [39]
2021-03-10 22:37:34.823 TRACE 20712 --- [    Test worker] o.h.type.descriptor.sql.BasicExtractor   : extracted value ([second_n3_6_1_] : [VARCHAR]) - [쿠버네티스]
2021-03-10 22:37:34.823 TRACE 20712 --- [    Test worker] o.h.type.descriptor.sql.BasicExtractor   : extracted value ([third_na4_6_1_] : [VARCHAR]) - [null]
2021-03-10 22:37:34.823 TRACE 20712 --- [    Test worker] o.h.type.descriptor.sql.BasicExtractor   : extracted value ([parent_i5_6_0__] : [BIGINT]) - [39]
2021-03-10 22:37:34.823 TRACE 20712 --- [    Test worker] o.h.type.descriptor.sql.BasicExtractor   : extracted value ([id1_6_0__] : [BIGINT]) - [42]
2021-03-10 22:37:34.823 TRACE 20712 --- [    Test worker] o.h.type.descriptor.sql.BasicExtractor   : extracted value ([id1_6_0_] : [BIGINT]) - [39]
2021-03-10 22:37:34.823 TRACE 20712 --- [    Test worker] o.h.type.descriptor.sql.BasicExtractor   : extracted value ([id1_6_1_] : [BIGINT]) - [43]
2021-03-10 22:37:34.823 TRACE 20712 --- [    Test worker] o.h.type.descriptor.sql.BasicExtractor   : extracted value ([id1_6_2_] : [BIGINT]) - [null]
2021-03-10 22:37:34.823 TRACE 20712 --- [    Test worker] o.h.type.descriptor.sql.BasicExtractor   : extracted value ([first_na2_6_1_] : [VARCHAR]) - [algorithm]
2021-03-10 22:37:34.823 TRACE 20712 --- [    Test worker] o.h.type.descriptor.sql.BasicExtractor   : extracted value ([parent_i5_6_1_] : [BIGINT]) - [39]
2021-03-10 22:37:34.823 TRACE 20712 --- [    Test worker] o.h.type.descriptor.sql.BasicExtractor   : extracted value ([second_n3_6_1_] : [VARCHAR]) - [알고리즘]
2021-03-10 22:37:34.823 TRACE 20712 --- [    Test worker] o.h.type.descriptor.sql.BasicExtractor   : extracted value ([third_na4_6_1_] : [VARCHAR]) - [null]
2021-03-10 22:37:34.823 TRACE 20712 --- [    Test worker] o.h.type.descriptor.sql.BasicExtractor   : extracted value ([parent_i5_6_0__] : [BIGINT]) - [39]
2021-03-10 22:37:34.823 TRACE 20712 --- [    Test worker] o.h.type.descriptor.sql.BasicExtractor   : extracted value ([id1_6_0__] : [BIGINT]) - [43]
2021-03-10 22:37:34.823 TRACE 20712 --- [    Test worker] o.h.type.descriptor.sql.BasicExtractor   : extracted value ([id1_6_0_] : [BIGINT]) - [39]
2021-03-10 22:37:34.823 TRACE 20712 --- [    Test worker] o.h.type.descriptor.sql.BasicExtractor   : extracted value ([id1_6_1_] : [BIGINT]) - [44]
2021-03-10 22:37:34.823 TRACE 20712 --- [    Test worker] o.h.type.descriptor.sql.BasicExtractor   : extracted value ([id1_6_2_] : [BIGINT]) - [null]
2021-03-10 22:37:34.823 TRACE 20712 --- [    Test worker] o.h.type.descriptor.sql.BasicExtractor   : extracted value ([first_na2_6_1_] : [VARCHAR]) - [data-structure]
2021-03-10 22:37:34.823 TRACE 20712 --- [    Test worker] o.h.type.descriptor.sql.BasicExtractor   : extracted value ([parent_i5_6_1_] : [BIGINT]) - [39]
2021-03-10 22:37:34.823 TRACE 20712 --- [    Test worker] o.h.type.descriptor.sql.BasicExtractor   : extracted value ([second_n3_6_1_] : [VARCHAR]) - [자료구조]
2021-03-10 22:37:34.823 TRACE 20712 --- [    Test worker] o.h.type.descriptor.sql.BasicExtractor   : extracted value ([third_na4_6_1_] : [VARCHAR]) - [null]
2021-03-10 22:37:34.823 TRACE 20712 --- [    Test worker] o.h.type.descriptor.sql.BasicExtractor   : extracted value ([parent_i5_6_0__] : [BIGINT]) - [39]
2021-03-10 22:37:34.823 TRACE 20712 --- [    Test worker] o.h.type.descriptor.sql.BasicExtractor   : extracted value ([id1_6_0__] : [BIGINT]) - [44]
2021-03-10 22:37:34.823 TRACE 20712 --- [    Test worker] o.h.type.descriptor.sql.BasicExtractor   : extracted value ([id1_6_0_] : [BIGINT]) - [39]
2021-03-10 22:37:34.823 TRACE 20712 --- [    Test worker] o.h.type.descriptor.sql.BasicExtractor   : extracted value ([id1_6_1_] : [BIGINT]) - [45]
2021-03-10 22:37:34.823 TRACE 20712 --- [    Test worker] o.h.type.descriptor.sql.BasicExtractor   : extracted value ([id1_6_2_] : [BIGINT]) - [null]
2021-03-10 22:37:34.823 TRACE 20712 --- [    Test worker] o.h.type.descriptor.sql.BasicExtractor   : extracted value ([first_na2_6_1_] : [VARCHAR]) - [system]
2021-03-10 22:37:34.823 TRACE 20712 --- [    Test worker] o.h.type.descriptor.sql.BasicExtractor   : extracted value ([parent_i5_6_1_] : [BIGINT]) - [39]
2021-03-10 22:37:34.823 TRACE 20712 --- [    Test worker] o.h.type.descriptor.sql.BasicExtractor   : extracted value ([second_n3_6_1_] : [VARCHAR]) - [시스템]
2021-03-10 22:37:34.823 TRACE 20712 --- [    Test worker] o.h.type.descriptor.sql.BasicExtractor   : extracted value ([third_na4_6_1_] : [VARCHAR]) - [null]
2021-03-10 22:37:34.823 TRACE 20712 --- [    Test worker] o.h.type.descriptor.sql.BasicExtractor   : extracted value ([parent_i5_6_0__] : [BIGINT]) - [39]
2021-03-10 22:37:34.823 TRACE 20712 --- [    Test worker] o.h.type.descriptor.sql.BasicExtractor   : extracted value ([id1_6_0__] : [BIGINT]) - [45]
2021-03-10 22:37:34.823 TRACE 20712 --- [    Test worker] o.h.type.descriptor.sql.BasicExtractor   : extracted value ([id1_6_0_] : [BIGINT]) - [39]
2021-03-10 22:37:34.823 TRACE 20712 --- [    Test worker] o.h.type.descriptor.sql.BasicExtractor   : extracted value ([id1_6_1_] : [BIGINT]) - [46]
2021-03-10 22:37:34.823 TRACE 20712 --- [    Test worker] o.h.type.descriptor.sql.BasicExtractor   : extracted value ([id1_6_2_] : [BIGINT]) - [null]
2021-03-10 22:37:34.823 TRACE 20712 --- [    Test worker] o.h.type.descriptor.sql.BasicExtractor   : extracted value ([first_na2_6_1_] : [VARCHAR]) - [database]
2021-03-10 22:37:34.823 TRACE 20712 --- [    Test worker] o.h.type.descriptor.sql.BasicExtractor   : extracted value ([parent_i5_6_1_] : [BIGINT]) - [39]
2021-03-10 22:37:34.823 TRACE 20712 --- [    Test worker] o.h.type.descriptor.sql.BasicExtractor   : extracted value ([second_n3_6_1_] : [VARCHAR]) - [데이터베이스]
2021-03-10 22:37:34.823 TRACE 20712 --- [    Test worker] o.h.type.descriptor.sql.BasicExtractor   : extracted value ([third_na4_6_1_] : [VARCHAR]) - [null]
2021-03-10 22:37:34.823 TRACE 20712 --- [    Test worker] o.h.type.descriptor.sql.BasicExtractor   : extracted value ([parent_i5_6_0__] : [BIGINT]) - [39]
2021-03-10 22:37:34.823 TRACE 20712 --- [    Test worker] o.h.type.descriptor.sql.BasicExtractor   : extracted value ([id1_6_0__] : [BIGINT]) - [46]
2021-03-10 22:37:34.823 TRACE 20712 --- [    Test worker] o.h.type.descriptor.sql.BasicExtractor   : extracted value ([id1_6_0_] : [BIGINT]) - [39]
2021-03-10 22:37:34.823 TRACE 20712 --- [    Test worker] o.h.type.descriptor.sql.BasicExtractor   : extracted value ([id1_6_1_] : [BIGINT]) - [47]
2021-03-10 22:37:34.823 TRACE 20712 --- [    Test worker] o.h.type.descriptor.sql.BasicExtractor   : extracted value ([id1_6_2_] : [BIGINT]) - [null]
2021-03-10 22:37:34.823 TRACE 20712 --- [    Test worker] o.h.type.descriptor.sql.BasicExtractor   : extracted value ([first_na2_6_1_] : [VARCHAR]) - [network]
2021-03-10 22:37:34.823 TRACE 20712 --- [    Test worker] o.h.type.descriptor.sql.BasicExtractor   : extracted value ([parent_i5_6_1_] : [BIGINT]) - [39]
2021-03-10 22:37:34.823 TRACE 20712 --- [    Test worker] o.h.type.descriptor.sql.BasicExtractor   : extracted value ([second_n3_6_1_] : [VARCHAR]) - [네트워크]
2021-03-10 22:37:34.823 TRACE 20712 --- [    Test worker] o.h.type.descriptor.sql.BasicExtractor   : extracted value ([third_na4_6_1_] : [VARCHAR]) - [null]
2021-03-10 22:37:34.823 TRACE 20712 --- [    Test worker] o.h.type.descriptor.sql.BasicExtractor   : extracted value ([parent_i5_6_0__] : [BIGINT]) - [39]
2021-03-10 22:37:34.823 TRACE 20712 --- [    Test worker] o.h.type.descriptor.sql.BasicExtractor   : extracted value ([id1_6_0__] : [BIGINT]) - [47]
2021-03-10 22:37:34.823 TRACE 20712 --- [    Test worker] o.h.type.descriptor.sql.BasicExtractor   : extracted value ([id1_6_0_] : [BIGINT]) - [39]
2021-03-10 22:37:34.823 TRACE 20712 --- [    Test worker] o.h.type.descriptor.sql.BasicExtractor   : extracted value ([id1_6_1_] : [BIGINT]) - [48]
2021-03-10 22:37:34.823 TRACE 20712 --- [    Test worker] o.h.type.descriptor.sql.BasicExtractor   : extracted value ([id1_6_2_] : [BIGINT]) - [null]
2021-03-10 22:37:34.823 TRACE 20712 --- [    Test worker] o.h.type.descriptor.sql.BasicExtractor   : extracted value ([first_na2_6_1_] : [VARCHAR]) - [os]
2021-03-10 22:37:34.823 TRACE 20712 --- [    Test worker] o.h.type.descriptor.sql.BasicExtractor   : extracted value ([parent_i5_6_1_] : [BIGINT]) - [39]
2021-03-10 22:37:34.823 TRACE 20712 --- [    Test worker] o.h.type.descriptor.sql.BasicExtractor   : extracted value ([second_n3_6_1_] : [VARCHAR]) - [운영체제]
2021-03-10 22:37:34.823 TRACE 20712 --- [    Test worker] o.h.type.descriptor.sql.BasicExtractor   : extracted value ([third_na4_6_1_] : [VARCHAR]) - [null]
2021-03-10 22:37:34.823 TRACE 20712 --- [    Test worker] o.h.type.descriptor.sql.BasicExtractor   : extracted value ([parent_i5_6_0__] : [BIGINT]) - [39]
2021-03-10 22:37:34.823 TRACE 20712 --- [    Test worker] o.h.type.descriptor.sql.BasicExtractor   : extracted value ([id1_6_0__] : [BIGINT]) - [48]
2021-03-10 22:37:34.823 TRACE 20712 --- [    Test worker] o.h.type.descriptor.sql.BasicExtractor   : extracted value ([id1_6_0_] : [BIGINT]) - [39]
2021-03-10 22:37:34.823 TRACE 20712 --- [    Test worker] o.h.type.descriptor.sql.BasicExtractor   : extracted value ([id1_6_1_] : [BIGINT]) - [49]
2021-03-10 22:37:34.823 TRACE 20712 --- [    Test worker] o.h.type.descriptor.sql.BasicExtractor   : extracted value ([id1_6_2_] : [BIGINT]) - [null]
2021-03-10 22:37:34.823 TRACE 20712 --- [    Test worker] o.h.type.descriptor.sql.BasicExtractor   : extracted value ([first_na2_6_1_] : [VARCHAR]) - [linux]
2021-03-10 22:37:34.823 TRACE 20712 --- [    Test worker] o.h.type.descriptor.sql.BasicExtractor   : extracted value ([parent_i5_6_1_] : [BIGINT]) - [39]
2021-03-10 22:37:34.823 TRACE 20712 --- [    Test worker] o.h.type.descriptor.sql.BasicExtractor   : extracted value ([second_n3_6_1_] : [VARCHAR]) - [리눅스]
2021-03-10 22:37:34.823 TRACE 20712 --- [    Test worker] o.h.type.descriptor.sql.BasicExtractor   : extracted value ([third_na4_6_1_] : [VARCHAR]) - [null]
2021-03-10 22:37:34.823 TRACE 20712 --- [    Test worker] o.h.type.descriptor.sql.BasicExtractor   : extracted value ([parent_i5_6_0__] : [BIGINT]) - [39]
2021-03-10 22:37:34.823 TRACE 20712 --- [    Test worker] o.h.type.descriptor.sql.BasicExtractor   : extracted value ([id1_6_0__] : [BIGINT]) - [49]
2021-03-10 22:37:34.823 TRACE 20712 --- [    Test worker] o.h.type.descriptor.sql.BasicExtractor   : extracted value ([id1_6_0_] : [BIGINT]) - [39]
2021-03-10 22:37:34.823 TRACE 20712 --- [    Test worker] o.h.type.descriptor.sql.BasicExtractor   : extracted value ([id1_6_1_] : [BIGINT]) - [50]
2021-03-10 22:37:34.823 TRACE 20712 --- [    Test worker] o.h.type.descriptor.sql.BasicExtractor   : extracted value ([id1_6_2_] : [BIGINT]) - [null]
2021-03-10 22:37:34.823 TRACE 20712 --- [    Test worker] o.h.type.descriptor.sql.BasicExtractor   : extracted value ([first_na2_6_1_] : [VARCHAR]) - [android]
2021-03-10 22:37:34.823 TRACE 20712 --- [    Test worker] o.h.type.descriptor.sql.BasicExtractor   : extracted value ([parent_i5_6_1_] : [BIGINT]) - [39]
2021-03-10 22:37:34.823 TRACE 20712 --- [    Test worker] o.h.type.descriptor.sql.BasicExtractor   : extracted value ([second_n3_6_1_] : [VARCHAR]) - [안드로이드]
2021-03-10 22:37:34.823 TRACE 20712 --- [    Test worker] o.h.type.descriptor.sql.BasicExtractor   : extracted value ([third_na4_6_1_] : [VARCHAR]) - [null]
2021-03-10 22:37:34.823 TRACE 20712 --- [    Test worker] o.h.type.descriptor.sql.BasicExtractor   : extracted value ([parent_i5_6_0__] : [BIGINT]) - [39]
2021-03-10 22:37:34.823 TRACE 20712 --- [    Test worker] o.h.type.descriptor.sql.BasicExtractor   : extracted value ([id1_6_0__] : [BIGINT]) - [50]
2021-03-10 22:37:34.823 TRACE 20712 --- [    Test worker] o.h.type.descriptor.sql.BasicExtractor   : extracted value ([id1_6_0_] : [BIGINT]) - [39]
2021-03-10 22:37:34.823 TRACE 20712 --- [    Test worker] o.h.type.descriptor.sql.BasicExtractor   : extracted value ([id1_6_1_] : [BIGINT]) - [51]
2021-03-10 22:37:34.823 TRACE 20712 --- [    Test worker] o.h.type.descriptor.sql.BasicExtractor   : extracted value ([id1_6_2_] : [BIGINT]) - [null]
2021-03-10 22:37:34.823 TRACE 20712 --- [    Test worker] o.h.type.descriptor.sql.BasicExtractor   : extracted value ([first_na2_6_1_] : [VARCHAR]) - [ios]
2021-03-10 22:37:34.823 TRACE 20712 --- [    Test worker] o.h.type.descriptor.sql.BasicExtractor   : extracted value ([parent_i5_6_1_] : [BIGINT]) - [39]
2021-03-10 22:37:34.823 TRACE 20712 --- [    Test worker] o.h.type.descriptor.sql.BasicExtractor   : extracted value ([second_n3_6_1_] : [VARCHAR]) - [mac-os]
2021-03-10 22:37:34.823 TRACE 20712 --- [    Test worker] o.h.type.descriptor.sql.BasicExtractor   : extracted value ([third_na4_6_1_] : [VARCHAR]) - [맥os]
2021-03-10 22:37:34.823 TRACE 20712 --- [    Test worker] o.h.type.descriptor.sql.BasicExtractor   : extracted value ([parent_i5_6_0__] : [BIGINT]) - [39]
2021-03-10 22:37:34.823 TRACE 20712 --- [    Test worker] o.h.type.descriptor.sql.BasicExtractor   : extracted value ([id1_6_0__] : [BIGINT]) - [51]
2021-03-10 22:37:34.823 TRACE 20712 --- [    Test worker] o.h.type.descriptor.sql.BasicExtractor   : extracted value ([id1_6_0_] : [BIGINT]) - [39]
2021-03-10 22:37:34.823 TRACE 20712 --- [    Test worker] o.h.type.descriptor.sql.BasicExtractor   : extracted value ([id1_6_1_] : [BIGINT]) - [52]
2021-03-10 22:37:34.823 TRACE 20712 --- [    Test worker] o.h.type.descriptor.sql.BasicExtractor   : extracted value ([id1_6_2_] : [BIGINT]) - [null]
2021-03-10 22:37:34.823 TRACE 20712 --- [    Test worker] o.h.type.descriptor.sql.BasicExtractor   : extracted value ([first_na2_6_1_] : [VARCHAR]) - [data-science]
2021-03-10 22:37:34.823 TRACE 20712 --- [    Test worker] o.h.type.descriptor.sql.BasicExtractor   : extracted value ([parent_i5_6_1_] : [BIGINT]) - [39]
2021-03-10 22:37:34.823 TRACE 20712 --- [    Test worker] o.h.type.descriptor.sql.BasicExtractor   : extracted value ([second_n3_6_1_] : [VARCHAR]) - [데이터사이언스]
2021-03-10 22:37:34.823 TRACE 20712 --- [    Test worker] o.h.type.descriptor.sql.BasicExtractor   : extracted value ([third_na4_6_1_] : [VARCHAR]) - [DS]
2021-03-10 22:37:34.823 TRACE 20712 --- [    Test worker] o.h.type.descriptor.sql.BasicExtractor   : extracted value ([parent_i5_6_0__] : [BIGINT]) - [39]
2021-03-10 22:37:34.823 TRACE 20712 --- [    Test worker] o.h.type.descriptor.sql.BasicExtractor   : extracted value ([id1_6_0__] : [BIGINT]) - [52]
2021-03-10 22:37:34.823 TRACE 20712 --- [    Test worker] o.h.type.descriptor.sql.BasicExtractor   : extracted value ([id1_6_0_] : [BIGINT]) - [39]
2021-03-10 22:37:34.823 TRACE 20712 --- [    Test worker] o.h.type.descriptor.sql.BasicExtractor   : extracted value ([id1_6_1_] : [BIGINT]) - [53]
2021-03-10 22:37:34.823 TRACE 20712 --- [    Test worker] o.h.type.descriptor.sql.BasicExtractor   : extracted value ([id1_6_2_] : [BIGINT]) - [null]
2021-03-10 22:37:34.823 TRACE 20712 --- [    Test worker] o.h.type.descriptor.sql.BasicExtractor   : extracted value ([first_na2_6_1_] : [VARCHAR]) - [AI]
2021-03-10 22:37:34.823 TRACE 20712 --- [    Test worker] o.h.type.descriptor.sql.BasicExtractor   : extracted value ([parent_i5_6_1_] : [BIGINT]) - [39]
2021-03-10 22:37:34.823 TRACE 20712 --- [    Test worker] o.h.type.descriptor.sql.BasicExtractor   : extracted value ([second_n3_6_1_] : [VARCHAR]) - [인공지능]
2021-03-10 22:37:34.823 TRACE 20712 --- [    Test worker] o.h.type.descriptor.sql.BasicExtractor   : extracted value ([third_na4_6_1_] : [VARCHAR]) - [null]
2021-03-10 22:37:34.823 TRACE 20712 --- [    Test worker] o.h.type.descriptor.sql.BasicExtractor   : extracted value ([parent_i5_6_0__] : [BIGINT]) - [39]
2021-03-10 22:37:34.823 TRACE 20712 --- [    Test worker] o.h.type.descriptor.sql.BasicExtractor   : extracted value ([id1_6_0__] : [BIGINT]) - [53]
2021-03-10 22:37:34.823 TRACE 20712 --- [    Test worker] o.h.type.descriptor.sql.BasicExtractor   : extracted value ([id1_6_0_] : [BIGINT]) - [39]
2021-03-10 22:37:34.823 TRACE 20712 --- [    Test worker] o.h.type.descriptor.sql.BasicExtractor   : extracted value ([id1_6_1_] : [BIGINT]) - [54]
2021-03-10 22:37:34.823 TRACE 20712 --- [    Test worker] o.h.type.descriptor.sql.BasicExtractor   : extracted value ([id1_6_2_] : [BIGINT]) - [null]
2021-03-10 22:37:34.823 TRACE 20712 --- [    Test worker] o.h.type.descriptor.sql.BasicExtractor   : extracted value ([first_na2_6_1_] : [VARCHAR]) - [TDD]
2021-03-10 22:37:34.823 TRACE 20712 --- [    Test worker] o.h.type.descriptor.sql.BasicExtractor   : extracted value ([parent_i5_6_1_] : [BIGINT]) - [39]
2021-03-10 22:37:34.823 TRACE 20712 --- [    Test worker] o.h.type.descriptor.sql.BasicExtractor   : extracted value ([second_n3_6_1_] : [VARCHAR]) - [테스트 주도 개발]
2021-03-10 22:37:34.823 TRACE 20712 --- [    Test worker] o.h.type.descriptor.sql.BasicExtractor   : extracted value ([third_na4_6_1_] : [VARCHAR]) - [null]
2021-03-10 22:37:34.823 TRACE 20712 --- [    Test worker] o.h.type.descriptor.sql.BasicExtractor   : extracted value ([parent_i5_6_0__] : [BIGINT]) - [39]
2021-03-10 22:37:34.823 TRACE 20712 --- [    Test worker] o.h.type.descriptor.sql.BasicExtractor   : extracted value ([id1_6_0__] : [BIGINT]) - [54]
Hibernate: 
    call next value for hibernate_sequence
Hibernate: 
    insert 
    into
        tag
        (first_name, parent_id, second_name, third_name, id) 
    values
        (?, ?, ?, ?, ?)
2021-03-10 22:37:34.823 TRACE 20712 --- [    Test worker] o.h.type.descriptor.sql.BasicBinder      : binding parameter [1] as [VARCHAR] - [Design-Pattern]
2021-03-10 22:37:34.823 TRACE 20712 --- [    Test worker] o.h.type.descriptor.sql.BasicBinder      : binding parameter [2] as [BIGINT] - [39]
2021-03-10 22:37:34.823 TRACE 20712 --- [    Test worker] o.h.type.descriptor.sql.BasicBinder      : binding parameter [3] as [VARCHAR] - [디자인 패턴]
2021-03-10 22:37:34.823 TRACE 20712 --- [    Test worker] o.h.type.descriptor.sql.BasicBinder      : binding parameter [4] as [VARCHAR] - [null]
2021-03-10 22:37:34.823 TRACE 20712 --- [    Test worker] o.h.type.descriptor.sql.BasicBinder      : binding parameter [5] as [BIGINT] - [55]
Hibernate: 
    select
        tag0_.id as id1_6_0_,
        children1_.id as id1_6_1_,
        tag2_.id as id1_6_2_,
        tag0_.first_name as first_na2_6_0_,
        tag0_.parent_id as parent_i5_6_0_,
        tag0_.second_name as second_n3_6_0_,
        tag0_.third_name as third_na4_6_0_,
        children1_.first_name as first_na2_6_1_,
        children1_.parent_id as parent_i5_6_1_,
        children1_.second_name as second_n3_6_1_,
        children1_.third_name as third_na4_6_1_,
        children1_.parent_id as parent_i5_6_0__,
        children1_.id as id1_6_0__,
        tag2_.first_name as first_na2_6_2_,
        tag2_.parent_id as parent_i5_6_2_,
        tag2_.second_name as second_n3_6_2_,
        tag2_.third_name as third_na4_6_2_ 
    from
        tag tag0_ 
    left outer join
        tag children1_ 
            on tag0_.id=children1_.parent_id 
    left outer join
        tag tag2_ 
            on tag0_.parent_id=tag2_.id 
    where
        tag0_.first_name=?
2021-03-10 22:37:34.823 TRACE 20712 --- [    Test worker] o.h.type.descriptor.sql.BasicBinder      : binding parameter [1] as [VARCHAR] - [etc]
2021-03-10 22:37:34.823 TRACE 20712 --- [    Test worker] o.h.type.descriptor.sql.BasicExtractor   : extracted value ([id1_6_0_] : [BIGINT]) - [39]
2021-03-10 22:37:34.823 TRACE 20712 --- [    Test worker] o.h.type.descriptor.sql.BasicExtractor   : extracted value ([id1_6_1_] : [BIGINT]) - [40]
2021-03-10 22:37:34.823 TRACE 20712 --- [    Test worker] o.h.type.descriptor.sql.BasicExtractor   : extracted value ([id1_6_2_] : [BIGINT]) - [null]
2021-03-10 22:37:34.823 TRACE 20712 --- [    Test worker] o.h.type.descriptor.sql.BasicExtractor   : extracted value ([first_na2_6_0_] : [VARCHAR]) - [etc]
2021-03-10 22:37:34.823 TRACE 20712 --- [    Test worker] o.h.type.descriptor.sql.BasicExtractor   : extracted value ([parent_i5_6_0_] : [BIGINT]) - [null]
2021-03-10 22:37:34.823 TRACE 20712 --- [    Test worker] o.h.type.descriptor.sql.BasicExtractor   : extracted value ([second_n3_6_0_] : [VARCHAR]) - [null]
2021-03-10 22:37:34.823 TRACE 20712 --- [    Test worker] o.h.type.descriptor.sql.BasicExtractor   : extracted value ([third_na4_6_0_] : [VARCHAR]) - [null]
2021-03-10 22:37:34.823 TRACE 20712 --- [    Test worker] o.h.type.descriptor.sql.BasicExtractor   : extracted value ([first_na2_6_1_] : [VARCHAR]) - [docker]
2021-03-10 22:37:34.823 TRACE 20712 --- [    Test worker] o.h.type.descriptor.sql.BasicExtractor   : extracted value ([parent_i5_6_1_] : [BIGINT]) - [39]
2021-03-10 22:37:34.823 TRACE 20712 --- [    Test worker] o.h.type.descriptor.sql.BasicExtractor   : extracted value ([second_n3_6_1_] : [VARCHAR]) - [도커]
2021-03-10 22:37:34.823 TRACE 20712 --- [    Test worker] o.h.type.descriptor.sql.BasicExtractor   : extracted value ([third_na4_6_1_] : [VARCHAR]) - [null]
2021-03-10 22:37:34.823 TRACE 20712 --- [    Test worker] o.h.type.descriptor.sql.BasicExtractor   : extracted value ([parent_i5_6_0__] : [BIGINT]) - [39]
2021-03-10 22:37:34.823 TRACE 20712 --- [    Test worker] o.h.type.descriptor.sql.BasicExtractor   : extracted value ([id1_6_0__] : [BIGINT]) - [40]
2021-03-10 22:37:34.823 TRACE 20712 --- [    Test worker] o.h.type.descriptor.sql.BasicExtractor   : extracted value ([id1_6_0_] : [BIGINT]) - [39]
2021-03-10 22:37:34.823 TRACE 20712 --- [    Test worker] o.h.type.descriptor.sql.BasicExtractor   : extracted value ([id1_6_1_] : [BIGINT]) - [41]
2021-03-10 22:37:34.823 TRACE 20712 --- [    Test worker] o.h.type.descriptor.sql.BasicExtractor   : extracted value ([id1_6_2_] : [BIGINT]) - [null]
2021-03-10 22:37:34.823 TRACE 20712 --- [    Test worker] o.h.type.descriptor.sql.BasicExtractor   : extracted value ([first_na2_6_1_] : [VARCHAR]) - [devops]
2021-03-10 22:37:34.823 TRACE 20712 --- [    Test worker] o.h.type.descriptor.sql.BasicExtractor   : extracted value ([parent_i5_6_1_] : [BIGINT]) - [39]
2021-03-10 22:37:34.823 TRACE 20712 --- [    Test worker] o.h.type.descriptor.sql.BasicExtractor   : extracted value ([second_n3_6_1_] : [VARCHAR]) - [데브옵스]
2021-03-10 22:37:34.823 TRACE 20712 --- [    Test worker] o.h.type.descriptor.sql.BasicExtractor   : extracted value ([third_na4_6_1_] : [VARCHAR]) - [null]
2021-03-10 22:37:34.823 TRACE 20712 --- [    Test worker] o.h.type.descriptor.sql.BasicExtractor   : extracted value ([parent_i5_6_0__] : [BIGINT]) - [39]
2021-03-10 22:37:34.823 TRACE 20712 --- [    Test worker] o.h.type.descriptor.sql.BasicExtractor   : extracted value ([id1_6_0__] : [BIGINT]) - [41]
2021-03-10 22:37:34.823 TRACE 20712 --- [    Test worker] o.h.type.descriptor.sql.BasicExtractor   : extracted value ([id1_6_0_] : [BIGINT]) - [39]
2021-03-10 22:37:34.823 TRACE 20712 --- [    Test worker] o.h.type.descriptor.sql.BasicExtractor   : extracted value ([id1_6_1_] : [BIGINT]) - [42]
2021-03-10 22:37:34.823 TRACE 20712 --- [    Test worker] o.h.type.descriptor.sql.BasicExtractor   : extracted value ([id1_6_2_] : [BIGINT]) - [null]
2021-03-10 22:37:34.823 TRACE 20712 --- [    Test worker] o.h.type.descriptor.sql.BasicExtractor   : extracted value ([first_na2_6_1_] : [VARCHAR]) - [kubernetes]
2021-03-10 22:37:34.823 TRACE 20712 --- [    Test worker] o.h.type.descriptor.sql.BasicExtractor   : extracted value ([parent_i5_6_1_] : [BIGINT]) - [39]
2021-03-10 22:37:34.823 TRACE 20712 --- [    Test worker] o.h.type.descriptor.sql.BasicExtractor   : extracted value ([second_n3_6_1_] : [VARCHAR]) - [쿠버네티스]
2021-03-10 22:37:34.823 TRACE 20712 --- [    Test worker] o.h.type.descriptor.sql.BasicExtractor   : extracted value ([third_na4_6_1_] : [VARCHAR]) - [null]
2021-03-10 22:37:34.823 TRACE 20712 --- [    Test worker] o.h.type.descriptor.sql.BasicExtractor   : extracted value ([parent_i5_6_0__] : [BIGINT]) - [39]
2021-03-10 22:37:34.823 TRACE 20712 --- [    Test worker] o.h.type.descriptor.sql.BasicExtractor   : extracted value ([id1_6_0__] : [BIGINT]) - [42]
2021-03-10 22:37:34.823 TRACE 20712 --- [    Test worker] o.h.type.descriptor.sql.BasicExtractor   : extracted value ([id1_6_0_] : [BIGINT]) - [39]
2021-03-10 22:37:34.823 TRACE 20712 --- [    Test worker] o.h.type.descriptor.sql.BasicExtractor   : extracted value ([id1_6_1_] : [BIGINT]) - [43]
2021-03-10 22:37:34.823 TRACE 20712 --- [    Test worker] o.h.type.descriptor.sql.BasicExtractor   : extracted value ([id1_6_2_] : [BIGINT]) - [null]
2021-03-10 22:37:34.823 TRACE 20712 --- [    Test worker] o.h.type.descriptor.sql.BasicExtractor   : extracted value ([first_na2_6_1_] : [VARCHAR]) - [algorithm]
2021-03-10 22:37:34.823 TRACE 20712 --- [    Test worker] o.h.type.descriptor.sql.BasicExtractor   : extracted value ([parent_i5_6_1_] : [BIGINT]) - [39]
2021-03-10 22:37:34.823 TRACE 20712 --- [    Test worker] o.h.type.descriptor.sql.BasicExtractor   : extracted value ([second_n3_6_1_] : [VARCHAR]) - [알고리즘]
2021-03-10 22:37:34.823 TRACE 20712 --- [    Test worker] o.h.type.descriptor.sql.BasicExtractor   : extracted value ([third_na4_6_1_] : [VARCHAR]) - [null]
2021-03-10 22:37:34.823 TRACE 20712 --- [    Test worker] o.h.type.descriptor.sql.BasicExtractor   : extracted value ([parent_i5_6_0__] : [BIGINT]) - [39]
2021-03-10 22:37:34.823 TRACE 20712 --- [    Test worker] o.h.type.descriptor.sql.BasicExtractor   : extracted value ([id1_6_0__] : [BIGINT]) - [43]
2021-03-10 22:37:34.823 TRACE 20712 --- [    Test worker] o.h.type.descriptor.sql.BasicExtractor   : extracted value ([id1_6_0_] : [BIGINT]) - [39]
2021-03-10 22:37:34.823 TRACE 20712 --- [    Test worker] o.h.type.descriptor.sql.BasicExtractor   : extracted value ([id1_6_1_] : [BIGINT]) - [44]
2021-03-10 22:37:34.823 TRACE 20712 --- [    Test worker] o.h.type.descriptor.sql.BasicExtractor   : extracted value ([id1_6_2_] : [BIGINT]) - [null]
2021-03-10 22:37:34.823 TRACE 20712 --- [    Test worker] o.h.type.descriptor.sql.BasicExtractor   : extracted value ([first_na2_6_1_] : [VARCHAR]) - [data-structure]
2021-03-10 22:37:34.823 TRACE 20712 --- [    Test worker] o.h.type.descriptor.sql.BasicExtractor   : extracted value ([parent_i5_6_1_] : [BIGINT]) - [39]
2021-03-10 22:37:34.823 TRACE 20712 --- [    Test worker] o.h.type.descriptor.sql.BasicExtractor   : extracted value ([second_n3_6_1_] : [VARCHAR]) - [자료구조]
2021-03-10 22:37:34.823 TRACE 20712 --- [    Test worker] o.h.type.descriptor.sql.BasicExtractor   : extracted value ([third_na4_6_1_] : [VARCHAR]) - [null]
2021-03-10 22:37:34.823 TRACE 20712 --- [    Test worker] o.h.type.descriptor.sql.BasicExtractor   : extracted value ([parent_i5_6_0__] : [BIGINT]) - [39]
2021-03-10 22:37:34.823 TRACE 20712 --- [    Test worker] o.h.type.descriptor.sql.BasicExtractor   : extracted value ([id1_6_0__] : [BIGINT]) - [44]
2021-03-10 22:37:34.823 TRACE 20712 --- [    Test worker] o.h.type.descriptor.sql.BasicExtractor   : extracted value ([id1_6_0_] : [BIGINT]) - [39]
2021-03-10 22:37:34.839 TRACE 20712 --- [    Test worker] o.h.type.descriptor.sql.BasicExtractor   : extracted value ([id1_6_1_] : [BIGINT]) - [45]
2021-03-10 22:37:34.839 TRACE 20712 --- [    Test worker] o.h.type.descriptor.sql.BasicExtractor   : extracted value ([id1_6_2_] : [BIGINT]) - [null]
2021-03-10 22:37:34.839 TRACE 20712 --- [    Test worker] o.h.type.descriptor.sql.BasicExtractor   : extracted value ([first_na2_6_1_] : [VARCHAR]) - [system]
2021-03-10 22:37:34.839 TRACE 20712 --- [    Test worker] o.h.type.descriptor.sql.BasicExtractor   : extracted value ([parent_i5_6_1_] : [BIGINT]) - [39]
2021-03-10 22:37:34.839 TRACE 20712 --- [    Test worker] o.h.type.descriptor.sql.BasicExtractor   : extracted value ([second_n3_6_1_] : [VARCHAR]) - [시스템]
2021-03-10 22:37:34.839 TRACE 20712 --- [    Test worker] o.h.type.descriptor.sql.BasicExtractor   : extracted value ([third_na4_6_1_] : [VARCHAR]) - [null]
2021-03-10 22:37:34.839 TRACE 20712 --- [    Test worker] o.h.type.descriptor.sql.BasicExtractor   : extracted value ([parent_i5_6_0__] : [BIGINT]) - [39]
2021-03-10 22:37:34.839 TRACE 20712 --- [    Test worker] o.h.type.descriptor.sql.BasicExtractor   : extracted value ([id1_6_0__] : [BIGINT]) - [45]
2021-03-10 22:37:34.839 TRACE 20712 --- [    Test worker] o.h.type.descriptor.sql.BasicExtractor   : extracted value ([id1_6_0_] : [BIGINT]) - [39]
2021-03-10 22:37:34.839 TRACE 20712 --- [    Test worker] o.h.type.descriptor.sql.BasicExtractor   : extracted value ([id1_6_1_] : [BIGINT]) - [46]
2021-03-10 22:37:34.839 TRACE 20712 --- [    Test worker] o.h.type.descriptor.sql.BasicExtractor   : extracted value ([id1_6_2_] : [BIGINT]) - [null]
2021-03-10 22:37:34.839 TRACE 20712 --- [    Test worker] o.h.type.descriptor.sql.BasicExtractor   : extracted value ([first_na2_6_1_] : [VARCHAR]) - [database]
2021-03-10 22:37:34.839 TRACE 20712 --- [    Test worker] o.h.type.descriptor.sql.BasicExtractor   : extracted value ([parent_i5_6_1_] : [BIGINT]) - [39]
2021-03-10 22:37:34.839 TRACE 20712 --- [    Test worker] o.h.type.descriptor.sql.BasicExtractor   : extracted value ([second_n3_6_1_] : [VARCHAR]) - [데이터베이스]
2021-03-10 22:37:34.839 TRACE 20712 --- [    Test worker] o.h.type.descriptor.sql.BasicExtractor   : extracted value ([third_na4_6_1_] : [VARCHAR]) - [null]
2021-03-10 22:37:34.839 TRACE 20712 --- [    Test worker] o.h.type.descriptor.sql.BasicExtractor   : extracted value ([parent_i5_6_0__] : [BIGINT]) - [39]
2021-03-10 22:37:34.839 TRACE 20712 --- [    Test worker] o.h.type.descriptor.sql.BasicExtractor   : extracted value ([id1_6_0__] : [BIGINT]) - [46]
2021-03-10 22:37:34.839 TRACE 20712 --- [    Test worker] o.h.type.descriptor.sql.BasicExtractor   : extracted value ([id1_6_0_] : [BIGINT]) - [39]
2021-03-10 22:37:34.839 TRACE 20712 --- [    Test worker] o.h.type.descriptor.sql.BasicExtractor   : extracted value ([id1_6_1_] : [BIGINT]) - [47]
2021-03-10 22:37:34.839 TRACE 20712 --- [    Test worker] o.h.type.descriptor.sql.BasicExtractor   : extracted value ([id1_6_2_] : [BIGINT]) - [null]
2021-03-10 22:37:34.839 TRACE 20712 --- [    Test worker] o.h.type.descriptor.sql.BasicExtractor   : extracted value ([first_na2_6_1_] : [VARCHAR]) - [network]
2021-03-10 22:37:34.839 TRACE 20712 --- [    Test worker] o.h.type.descriptor.sql.BasicExtractor   : extracted value ([parent_i5_6_1_] : [BIGINT]) - [39]
2021-03-10 22:37:34.839 TRACE 20712 --- [    Test worker] o.h.type.descriptor.sql.BasicExtractor   : extracted value ([second_n3_6_1_] : [VARCHAR]) - [네트워크]
2021-03-10 22:37:34.839 TRACE 20712 --- [    Test worker] o.h.type.descriptor.sql.BasicExtractor   : extracted value ([third_na4_6_1_] : [VARCHAR]) - [null]
2021-03-10 22:37:34.839 TRACE 20712 --- [    Test worker] o.h.type.descriptor.sql.BasicExtractor   : extracted value ([parent_i5_6_0__] : [BIGINT]) - [39]
2021-03-10 22:37:34.839 TRACE 20712 --- [    Test worker] o.h.type.descriptor.sql.BasicExtractor   : extracted value ([id1_6_0__] : [BIGINT]) - [47]
2021-03-10 22:37:34.839 TRACE 20712 --- [    Test worker] o.h.type.descriptor.sql.BasicExtractor   : extracted value ([id1_6_0_] : [BIGINT]) - [39]
2021-03-10 22:37:34.839 TRACE 20712 --- [    Test worker] o.h.type.descriptor.sql.BasicExtractor   : extracted value ([id1_6_1_] : [BIGINT]) - [48]
2021-03-10 22:37:34.839 TRACE 20712 --- [    Test worker] o.h.type.descriptor.sql.BasicExtractor   : extracted value ([id1_6_2_] : [BIGINT]) - [null]
2021-03-10 22:37:34.839 TRACE 20712 --- [    Test worker] o.h.type.descriptor.sql.BasicExtractor   : extracted value ([first_na2_6_1_] : [VARCHAR]) - [os]
2021-03-10 22:37:34.839 TRACE 20712 --- [    Test worker] o.h.type.descriptor.sql.BasicExtractor   : extracted value ([parent_i5_6_1_] : [BIGINT]) - [39]
2021-03-10 22:37:34.839 TRACE 20712 --- [    Test worker] o.h.type.descriptor.sql.BasicExtractor   : extracted value ([second_n3_6_1_] : [VARCHAR]) - [운영체제]
2021-03-10 22:37:34.839 TRACE 20712 --- [    Test worker] o.h.type.descriptor.sql.BasicExtractor   : extracted value ([third_na4_6_1_] : [VARCHAR]) - [null]
2021-03-10 22:37:34.839 TRACE 20712 --- [    Test worker] o.h.type.descriptor.sql.BasicExtractor   : extracted value ([parent_i5_6_0__] : [BIGINT]) - [39]
2021-03-10 22:37:34.839 TRACE 20712 --- [    Test worker] o.h.type.descriptor.sql.BasicExtractor   : extracted value ([id1_6_0__] : [BIGINT]) - [48]
2021-03-10 22:37:34.839 TRACE 20712 --- [    Test worker] o.h.type.descriptor.sql.BasicExtractor   : extracted value ([id1_6_0_] : [BIGINT]) - [39]
2021-03-10 22:37:34.839 TRACE 20712 --- [    Test worker] o.h.type.descriptor.sql.BasicExtractor   : extracted value ([id1_6_1_] : [BIGINT]) - [49]
2021-03-10 22:37:34.839 TRACE 20712 --- [    Test worker] o.h.type.descriptor.sql.BasicExtractor   : extracted value ([id1_6_2_] : [BIGINT]) - [null]
2021-03-10 22:37:34.839 TRACE 20712 --- [    Test worker] o.h.type.descriptor.sql.BasicExtractor   : extracted value ([first_na2_6_1_] : [VARCHAR]) - [linux]
2021-03-10 22:37:34.839 TRACE 20712 --- [    Test worker] o.h.type.descriptor.sql.BasicExtractor   : extracted value ([parent_i5_6_1_] : [BIGINT]) - [39]
2021-03-10 22:37:34.839 TRACE 20712 --- [    Test worker] o.h.type.descriptor.sql.BasicExtractor   : extracted value ([second_n3_6_1_] : [VARCHAR]) - [리눅스]
2021-03-10 22:37:34.839 TRACE 20712 --- [    Test worker] o.h.type.descriptor.sql.BasicExtractor   : extracted value ([third_na4_6_1_] : [VARCHAR]) - [null]
2021-03-10 22:37:34.839 TRACE 20712 --- [    Test worker] o.h.type.descriptor.sql.BasicExtractor   : extracted value ([parent_i5_6_0__] : [BIGINT]) - [39]
2021-03-10 22:37:34.839 TRACE 20712 --- [    Test worker] o.h.type.descriptor.sql.BasicExtractor   : extracted value ([id1_6_0__] : [BIGINT]) - [49]
2021-03-10 22:37:34.839 TRACE 20712 --- [    Test worker] o.h.type.descriptor.sql.BasicExtractor   : extracted value ([id1_6_0_] : [BIGINT]) - [39]
2021-03-10 22:37:34.839 TRACE 20712 --- [    Test worker] o.h.type.descriptor.sql.BasicExtractor   : extracted value ([id1_6_1_] : [BIGINT]) - [50]
2021-03-10 22:37:34.839 TRACE 20712 --- [    Test worker] o.h.type.descriptor.sql.BasicExtractor   : extracted value ([id1_6_2_] : [BIGINT]) - [null]
2021-03-10 22:37:34.839 TRACE 20712 --- [    Test worker] o.h.type.descriptor.sql.BasicExtractor   : extracted value ([first_na2_6_1_] : [VARCHAR]) - [android]
2021-03-10 22:37:34.839 TRACE 20712 --- [    Test worker] o.h.type.descriptor.sql.BasicExtractor   : extracted value ([parent_i5_6_1_] : [BIGINT]) - [39]
2021-03-10 22:37:34.839 TRACE 20712 --- [    Test worker] o.h.type.descriptor.sql.BasicExtractor   : extracted value ([second_n3_6_1_] : [VARCHAR]) - [안드로이드]
2021-03-10 22:37:34.839 TRACE 20712 --- [    Test worker] o.h.type.descriptor.sql.BasicExtractor   : extracted value ([third_na4_6_1_] : [VARCHAR]) - [null]
2021-03-10 22:37:34.839 TRACE 20712 --- [    Test worker] o.h.type.descriptor.sql.BasicExtractor   : extracted value ([parent_i5_6_0__] : [BIGINT]) - [39]
2021-03-10 22:37:34.839 TRACE 20712 --- [    Test worker] o.h.type.descriptor.sql.BasicExtractor   : extracted value ([id1_6_0__] : [BIGINT]) - [50]
2021-03-10 22:37:34.839 TRACE 20712 --- [    Test worker] o.h.type.descriptor.sql.BasicExtractor   : extracted value ([id1_6_0_] : [BIGINT]) - [39]
2021-03-10 22:37:34.839 TRACE 20712 --- [    Test worker] o.h.type.descriptor.sql.BasicExtractor   : extracted value ([id1_6_1_] : [BIGINT]) - [51]
2021-03-10 22:37:34.839 TRACE 20712 --- [    Test worker] o.h.type.descriptor.sql.BasicExtractor   : extracted value ([id1_6_2_] : [BIGINT]) - [null]
2021-03-10 22:37:34.839 TRACE 20712 --- [    Test worker] o.h.type.descriptor.sql.BasicExtractor   : extracted value ([first_na2_6_1_] : [VARCHAR]) - [ios]
2021-03-10 22:37:34.839 TRACE 20712 --- [    Test worker] o.h.type.descriptor.sql.BasicExtractor   : extracted value ([parent_i5_6_1_] : [BIGINT]) - [39]
2021-03-10 22:37:34.839 TRACE 20712 --- [    Test worker] o.h.type.descriptor.sql.BasicExtractor   : extracted value ([second_n3_6_1_] : [VARCHAR]) - [mac-os]
2021-03-10 22:37:34.839 TRACE 20712 --- [    Test worker] o.h.type.descriptor.sql.BasicExtractor   : extracted value ([third_na4_6_1_] : [VARCHAR]) - [맥os]
2021-03-10 22:37:34.839 TRACE 20712 --- [    Test worker] o.h.type.descriptor.sql.BasicExtractor   : extracted value ([parent_i5_6_0__] : [BIGINT]) - [39]
2021-03-10 22:37:34.839 TRACE 20712 --- [    Test worker] o.h.type.descriptor.sql.BasicExtractor   : extracted value ([id1_6_0__] : [BIGINT]) - [51]
2021-03-10 22:37:34.839 TRACE 20712 --- [    Test worker] o.h.type.descriptor.sql.BasicExtractor   : extracted value ([id1_6_0_] : [BIGINT]) - [39]
2021-03-10 22:37:34.839 TRACE 20712 --- [    Test worker] o.h.type.descriptor.sql.BasicExtractor   : extracted value ([id1_6_1_] : [BIGINT]) - [52]
2021-03-10 22:37:34.839 TRACE 20712 --- [    Test worker] o.h.type.descriptor.sql.BasicExtractor   : extracted value ([id1_6_2_] : [BIGINT]) - [null]
2021-03-10 22:37:34.839 TRACE 20712 --- [    Test worker] o.h.type.descriptor.sql.BasicExtractor   : extracted value ([first_na2_6_1_] : [VARCHAR]) - [data-science]
2021-03-10 22:37:34.839 TRACE 20712 --- [    Test worker] o.h.type.descriptor.sql.BasicExtractor   : extracted value ([parent_i5_6_1_] : [BIGINT]) - [39]
2021-03-10 22:37:34.839 TRACE 20712 --- [    Test worker] o.h.type.descriptor.sql.BasicExtractor   : extracted value ([second_n3_6_1_] : [VARCHAR]) - [데이터사이언스]
2021-03-10 22:37:34.839 TRACE 20712 --- [    Test worker] o.h.type.descriptor.sql.BasicExtractor   : extracted value ([third_na4_6_1_] : [VARCHAR]) - [DS]
2021-03-10 22:37:34.839 TRACE 20712 --- [    Test worker] o.h.type.descriptor.sql.BasicExtractor   : extracted value ([parent_i5_6_0__] : [BIGINT]) - [39]
2021-03-10 22:37:34.839 TRACE 20712 --- [    Test worker] o.h.type.descriptor.sql.BasicExtractor   : extracted value ([id1_6_0__] : [BIGINT]) - [52]
2021-03-10 22:37:34.839 TRACE 20712 --- [    Test worker] o.h.type.descriptor.sql.BasicExtractor   : extracted value ([id1_6_0_] : [BIGINT]) - [39]
2021-03-10 22:37:34.839 TRACE 20712 --- [    Test worker] o.h.type.descriptor.sql.BasicExtractor   : extracted value ([id1_6_1_] : [BIGINT]) - [53]
2021-03-10 22:37:34.839 TRACE 20712 --- [    Test worker] o.h.type.descriptor.sql.BasicExtractor   : extracted value ([id1_6_2_] : [BIGINT]) - [null]
2021-03-10 22:37:34.839 TRACE 20712 --- [    Test worker] o.h.type.descriptor.sql.BasicExtractor   : extracted value ([first_na2_6_1_] : [VARCHAR]) - [AI]
2021-03-10 22:37:34.839 TRACE 20712 --- [    Test worker] o.h.type.descriptor.sql.BasicExtractor   : extracted value ([parent_i5_6_1_] : [BIGINT]) - [39]
2021-03-10 22:37:34.839 TRACE 20712 --- [    Test worker] o.h.type.descriptor.sql.BasicExtractor   : extracted value ([second_n3_6_1_] : [VARCHAR]) - [인공지능]
2021-03-10 22:37:34.839 TRACE 20712 --- [    Test worker] o.h.type.descriptor.sql.BasicExtractor   : extracted value ([third_na4_6_1_] : [VARCHAR]) - [null]
2021-03-10 22:37:34.839 TRACE 20712 --- [    Test worker] o.h.type.descriptor.sql.BasicExtractor   : extracted value ([parent_i5_6_0__] : [BIGINT]) - [39]
2021-03-10 22:37:34.839 TRACE 20712 --- [    Test worker] o.h.type.descriptor.sql.BasicExtractor   : extracted value ([id1_6_0__] : [BIGINT]) - [53]
2021-03-10 22:37:34.839 TRACE 20712 --- [    Test worker] o.h.type.descriptor.sql.BasicExtractor   : extracted value ([id1_6_0_] : [BIGINT]) - [39]
2021-03-10 22:37:34.839 TRACE 20712 --- [    Test worker] o.h.type.descriptor.sql.BasicExtractor   : extracted value ([id1_6_1_] : [BIGINT]) - [54]
2021-03-10 22:37:34.839 TRACE 20712 --- [    Test worker] o.h.type.descriptor.sql.BasicExtractor   : extracted value ([id1_6_2_] : [BIGINT]) - [null]
2021-03-10 22:37:34.839 TRACE 20712 --- [    Test worker] o.h.type.descriptor.sql.BasicExtractor   : extracted value ([first_na2_6_1_] : [VARCHAR]) - [TDD]
2021-03-10 22:37:34.839 TRACE 20712 --- [    Test worker] o.h.type.descriptor.sql.BasicExtractor   : extracted value ([parent_i5_6_1_] : [BIGINT]) - [39]
2021-03-10 22:37:34.839 TRACE 20712 --- [    Test worker] o.h.type.descriptor.sql.BasicExtractor   : extracted value ([second_n3_6_1_] : [VARCHAR]) - [테스트 주도 개발]
2021-03-10 22:37:34.839 TRACE 20712 --- [    Test worker] o.h.type.descriptor.sql.BasicExtractor   : extracted value ([third_na4_6_1_] : [VARCHAR]) - [null]
2021-03-10 22:37:34.839 TRACE 20712 --- [    Test worker] o.h.type.descriptor.sql.BasicExtractor   : extracted value ([parent_i5_6_0__] : [BIGINT]) - [39]
2021-03-10 22:37:34.839 TRACE 20712 --- [    Test worker] o.h.type.descriptor.sql.BasicExtractor   : extracted value ([id1_6_0__] : [BIGINT]) - [54]
2021-03-10 22:37:34.839 TRACE 20712 --- [    Test worker] o.h.type.descriptor.sql.BasicExtractor   : extracted value ([id1_6_0_] : [BIGINT]) - [39]
2021-03-10 22:37:34.839 TRACE 20712 --- [    Test worker] o.h.type.descriptor.sql.BasicExtractor   : extracted value ([id1_6_1_] : [BIGINT]) - [55]
2021-03-10 22:37:34.839 TRACE 20712 --- [    Test worker] o.h.type.descriptor.sql.BasicExtractor   : extracted value ([id1_6_2_] : [BIGINT]) - [null]
2021-03-10 22:37:34.839 TRACE 20712 --- [    Test worker] o.h.type.descriptor.sql.BasicExtractor   : extracted value ([first_na2_6_1_] : [VARCHAR]) - [Design-Pattern]
2021-03-10 22:37:34.839 TRACE 20712 --- [    Test worker] o.h.type.descriptor.sql.BasicExtractor   : extracted value ([parent_i5_6_1_] : [BIGINT]) - [39]
2021-03-10 22:37:34.839 TRACE 20712 --- [    Test worker] o.h.type.descriptor.sql.BasicExtractor   : extracted value ([second_n3_6_1_] : [VARCHAR]) - [디자인 패턴]
2021-03-10 22:37:34.839 TRACE 20712 --- [    Test worker] o.h.type.descriptor.sql.BasicExtractor   : extracted value ([third_na4_6_1_] : [VARCHAR]) - [null]
2021-03-10 22:37:34.839 TRACE 20712 --- [    Test worker] o.h.type.descriptor.sql.BasicExtractor   : extracted value ([parent_i5_6_0__] : [BIGINT]) - [39]
2021-03-10 22:37:34.839 TRACE 20712 --- [    Test worker] o.h.type.descriptor.sql.BasicExtractor   : extracted value ([id1_6_0__] : [BIGINT]) - [55]
Hibernate: 
    call next value for hibernate_sequence
Hibernate: 
    insert 
    into
        tag
        (first_name, parent_id, second_name, third_name, id) 
    values
        (?, ?, ?, ?, ?)
2021-03-10 22:37:34.839 TRACE 20712 --- [    Test worker] o.h.type.descriptor.sql.BasicBinder      : binding parameter [1] as [VARCHAR] - [microservice]
2021-03-10 22:37:34.839 TRACE 20712 --- [    Test worker] o.h.type.descriptor.sql.BasicBinder      : binding parameter [2] as [BIGINT] - [39]
2021-03-10 22:37:34.839 TRACE 20712 --- [    Test worker] o.h.type.descriptor.sql.BasicBinder      : binding parameter [3] as [VARCHAR] - [마이크로서비스]
2021-03-10 22:37:34.839 TRACE 20712 --- [    Test worker] o.h.type.descriptor.sql.BasicBinder      : binding parameter [4] as [VARCHAR] - [null]
2021-03-10 22:37:34.839 TRACE 20712 --- [    Test worker] o.h.type.descriptor.sql.BasicBinder      : binding parameter [5] as [BIGINT] - [56]
Hibernate: 
    select
        tag0_.id as id1_6_0_,
        children1_.id as id1_6_1_,
        tag2_.id as id1_6_2_,
        tag0_.first_name as first_na2_6_0_,
        tag0_.parent_id as parent_i5_6_0_,
        tag0_.second_name as second_n3_6_0_,
        tag0_.third_name as third_na4_6_0_,
        children1_.first_name as first_na2_6_1_,
        children1_.parent_id as parent_i5_6_1_,
        children1_.second_name as second_n3_6_1_,
        children1_.third_name as third_na4_6_1_,
        children1_.parent_id as parent_i5_6_0__,
        children1_.id as id1_6_0__,
        tag2_.first_name as first_na2_6_2_,
        tag2_.parent_id as parent_i5_6_2_,
        tag2_.second_name as second_n3_6_2_,
        tag2_.third_name as third_na4_6_2_ 
    from
        tag tag0_ 
    left outer join
        tag children1_ 
            on tag0_.id=children1_.parent_id 
    left outer join
        tag tag2_ 
            on tag0_.parent_id=tag2_.id 
    where
        tag0_.first_name=?
2021-03-10 22:37:34.839 TRACE 20712 --- [    Test worker] o.h.type.descriptor.sql.BasicBinder      : binding parameter [1] as [VARCHAR] - [etc]
2021-03-10 22:37:34.839 TRACE 20712 --- [    Test worker] o.h.type.descriptor.sql.BasicExtractor   : extracted value ([id1_6_0_] : [BIGINT]) - [39]
2021-03-10 22:37:34.839 TRACE 20712 --- [    Test worker] o.h.type.descriptor.sql.BasicExtractor   : extracted value ([id1_6_1_] : [BIGINT]) - [40]
2021-03-10 22:37:34.839 TRACE 20712 --- [    Test worker] o.h.type.descriptor.sql.BasicExtractor   : extracted value ([id1_6_2_] : [BIGINT]) - [null]
2021-03-10 22:37:34.839 TRACE 20712 --- [    Test worker] o.h.type.descriptor.sql.BasicExtractor   : extracted value ([first_na2_6_0_] : [VARCHAR]) - [etc]
2021-03-10 22:37:34.839 TRACE 20712 --- [    Test worker] o.h.type.descriptor.sql.BasicExtractor   : extracted value ([parent_i5_6_0_] : [BIGINT]) - [null]
2021-03-10 22:37:34.839 TRACE 20712 --- [    Test worker] o.h.type.descriptor.sql.BasicExtractor   : extracted value ([second_n3_6_0_] : [VARCHAR]) - [null]
2021-03-10 22:37:34.839 TRACE 20712 --- [    Test worker] o.h.type.descriptor.sql.BasicExtractor   : extracted value ([third_na4_6_0_] : [VARCHAR]) - [null]
2021-03-10 22:37:34.839 TRACE 20712 --- [    Test worker] o.h.type.descriptor.sql.BasicExtractor   : extracted value ([first_na2_6_1_] : [VARCHAR]) - [docker]
2021-03-10 22:37:34.839 TRACE 20712 --- [    Test worker] o.h.type.descriptor.sql.BasicExtractor   : extracted value ([parent_i5_6_1_] : [BIGINT]) - [39]
2021-03-10 22:37:34.839 TRACE 20712 --- [    Test worker] o.h.type.descriptor.sql.BasicExtractor   : extracted value ([second_n3_6_1_] : [VARCHAR]) - [도커]
2021-03-10 22:37:34.839 TRACE 20712 --- [    Test worker] o.h.type.descriptor.sql.BasicExtractor   : extracted value ([third_na4_6_1_] : [VARCHAR]) - [null]
2021-03-10 22:37:34.839 TRACE 20712 --- [    Test worker] o.h.type.descriptor.sql.BasicExtractor   : extracted value ([parent_i5_6_0__] : [BIGINT]) - [39]
2021-03-10 22:37:34.839 TRACE 20712 --- [    Test worker] o.h.type.descriptor.sql.BasicExtractor   : extracted value ([id1_6_0__] : [BIGINT]) - [40]
2021-03-10 22:37:34.839 TRACE 20712 --- [    Test worker] o.h.type.descriptor.sql.BasicExtractor   : extracted value ([id1_6_0_] : [BIGINT]) - [39]
2021-03-10 22:37:34.839 TRACE 20712 --- [    Test worker] o.h.type.descriptor.sql.BasicExtractor   : extracted value ([id1_6_1_] : [BIGINT]) - [41]
2021-03-10 22:37:34.839 TRACE 20712 --- [    Test worker] o.h.type.descriptor.sql.BasicExtractor   : extracted value ([id1_6_2_] : [BIGINT]) - [null]
2021-03-10 22:37:34.839 TRACE 20712 --- [    Test worker] o.h.type.descriptor.sql.BasicExtractor   : extracted value ([first_na2_6_1_] : [VARCHAR]) - [devops]
2021-03-10 22:37:34.839 TRACE 20712 --- [    Test worker] o.h.type.descriptor.sql.BasicExtractor   : extracted value ([parent_i5_6_1_] : [BIGINT]) - [39]
2021-03-10 22:37:34.839 TRACE 20712 --- [    Test worker] o.h.type.descriptor.sql.BasicExtractor   : extracted value ([second_n3_6_1_] : [VARCHAR]) - [데브옵스]
2021-03-10 22:37:34.839 TRACE 20712 --- [    Test worker] o.h.type.descriptor.sql.BasicExtractor   : extracted value ([third_na4_6_1_] : [VARCHAR]) - [null]
2021-03-10 22:37:34.839 TRACE 20712 --- [    Test worker] o.h.type.descriptor.sql.BasicExtractor   : extracted value ([parent_i5_6_0__] : [BIGINT]) - [39]
2021-03-10 22:37:34.839 TRACE 20712 --- [    Test worker] o.h.type.descriptor.sql.BasicExtractor   : extracted value ([id1_6_0__] : [BIGINT]) - [41]
2021-03-10 22:37:34.839 TRACE 20712 --- [    Test worker] o.h.type.descriptor.sql.BasicExtractor   : extracted value ([id1_6_0_] : [BIGINT]) - [39]
2021-03-10 22:37:34.839 TRACE 20712 --- [    Test worker] o.h.type.descriptor.sql.BasicExtractor   : extracted value ([id1_6_1_] : [BIGINT]) - [42]
2021-03-10 22:37:34.839 TRACE 20712 --- [    Test worker] o.h.type.descriptor.sql.BasicExtractor   : extracted value ([id1_6_2_] : [BIGINT]) - [null]
2021-03-10 22:37:34.839 TRACE 20712 --- [    Test worker] o.h.type.descriptor.sql.BasicExtractor   : extracted value ([first_na2_6_1_] : [VARCHAR]) - [kubernetes]
2021-03-10 22:37:34.839 TRACE 20712 --- [    Test worker] o.h.type.descriptor.sql.BasicExtractor   : extracted value ([parent_i5_6_1_] : [BIGINT]) - [39]
2021-03-10 22:37:34.839 TRACE 20712 --- [    Test worker] o.h.type.descriptor.sql.BasicExtractor   : extracted value ([second_n3_6_1_] : [VARCHAR]) - [쿠버네티스]
2021-03-10 22:37:34.839 TRACE 20712 --- [    Test worker] o.h.type.descriptor.sql.BasicExtractor   : extracted value ([third_na4_6_1_] : [VARCHAR]) - [null]
2021-03-10 22:37:34.839 TRACE 20712 --- [    Test worker] o.h.type.descriptor.sql.BasicExtractor   : extracted value ([parent_i5_6_0__] : [BIGINT]) - [39]
2021-03-10 22:37:34.839 TRACE 20712 --- [    Test worker] o.h.type.descriptor.sql.BasicExtractor   : extracted value ([id1_6_0__] : [BIGINT]) - [42]
2021-03-10 22:37:34.839 TRACE 20712 --- [    Test worker] o.h.type.descriptor.sql.BasicExtractor   : extracted value ([id1_6_0_] : [BIGINT]) - [39]
2021-03-10 22:37:34.839 TRACE 20712 --- [    Test worker] o.h.type.descriptor.sql.BasicExtractor   : extracted value ([id1_6_1_] : [BIGINT]) - [43]
2021-03-10 22:37:34.839 TRACE 20712 --- [    Test worker] o.h.type.descriptor.sql.BasicExtractor   : extracted value ([id1_6_2_] : [BIGINT]) - [null]
2021-03-10 22:37:34.839 TRACE 20712 --- [    Test worker] o.h.type.descriptor.sql.BasicExtractor   : extracted value ([first_na2_6_1_] : [VARCHAR]) - [algorithm]
2021-03-10 22:37:34.839 TRACE 20712 --- [    Test worker] o.h.type.descriptor.sql.BasicExtractor   : extracted value ([parent_i5_6_1_] : [BIGINT]) - [39]
2021-03-10 22:37:34.839 TRACE 20712 --- [    Test worker] o.h.type.descriptor.sql.BasicExtractor   : extracted value ([second_n3_6_1_] : [VARCHAR]) - [알고리즘]
2021-03-10 22:37:34.839 TRACE 20712 --- [    Test worker] o.h.type.descriptor.sql.BasicExtractor   : extracted value ([third_na4_6_1_] : [VARCHAR]) - [null]
2021-03-10 22:37:34.839 TRACE 20712 --- [    Test worker] o.h.type.descriptor.sql.BasicExtractor   : extracted value ([parent_i5_6_0__] : [BIGINT]) - [39]
2021-03-10 22:37:34.839 TRACE 20712 --- [    Test worker] o.h.type.descriptor.sql.BasicExtractor   : extracted value ([id1_6_0__] : [BIGINT]) - [43]
2021-03-10 22:37:34.839 TRACE 20712 --- [    Test worker] o.h.type.descriptor.sql.BasicExtractor   : extracted value ([id1_6_0_] : [BIGINT]) - [39]
2021-03-10 22:37:34.839 TRACE 20712 --- [    Test worker] o.h.type.descriptor.sql.BasicExtractor   : extracted value ([id1_6_1_] : [BIGINT]) - [44]
2021-03-10 22:37:34.839 TRACE 20712 --- [    Test worker] o.h.type.descriptor.sql.BasicExtractor   : extracted value ([id1_6_2_] : [BIGINT]) - [null]
2021-03-10 22:37:34.839 TRACE 20712 --- [    Test worker] o.h.type.descriptor.sql.BasicExtractor   : extracted value ([first_na2_6_1_] : [VARCHAR]) - [data-structure]
2021-03-10 22:37:34.839 TRACE 20712 --- [    Test worker] o.h.type.descriptor.sql.BasicExtractor   : extracted value ([parent_i5_6_1_] : [BIGINT]) - [39]
2021-03-10 22:37:34.839 TRACE 20712 --- [    Test worker] o.h.type.descriptor.sql.BasicExtractor   : extracted value ([second_n3_6_1_] : [VARCHAR]) - [자료구조]
2021-03-10 22:37:34.839 TRACE 20712 --- [    Test worker] o.h.type.descriptor.sql.BasicExtractor   : extracted value ([third_na4_6_1_] : [VARCHAR]) - [null]
2021-03-10 22:37:34.839 TRACE 20712 --- [    Test worker] o.h.type.descriptor.sql.BasicExtractor   : extracted value ([parent_i5_6_0__] : [BIGINT]) - [39]
2021-03-10 22:37:34.839 TRACE 20712 --- [    Test worker] o.h.type.descriptor.sql.BasicExtractor   : extracted value ([id1_6_0__] : [BIGINT]) - [44]
2021-03-10 22:37:34.839 TRACE 20712 --- [    Test worker] o.h.type.descriptor.sql.BasicExtractor   : extracted value ([id1_6_0_] : [BIGINT]) - [39]
2021-03-10 22:37:34.839 TRACE 20712 --- [    Test worker] o.h.type.descriptor.sql.BasicExtractor   : extracted value ([id1_6_1_] : [BIGINT]) - [45]
2021-03-10 22:37:34.839 TRACE 20712 --- [    Test worker] o.h.type.descriptor.sql.BasicExtractor   : extracted value ([id1_6_2_] : [BIGINT]) - [null]
2021-03-10 22:37:34.839 TRACE 20712 --- [    Test worker] o.h.type.descriptor.sql.BasicExtractor   : extracted value ([first_na2_6_1_] : [VARCHAR]) - [system]
2021-03-10 22:37:34.839 TRACE 20712 --- [    Test worker] o.h.type.descriptor.sql.BasicExtractor   : extracted value ([parent_i5_6_1_] : [BIGINT]) - [39]
2021-03-10 22:37:34.839 TRACE 20712 --- [    Test worker] o.h.type.descriptor.sql.BasicExtractor   : extracted value ([second_n3_6_1_] : [VARCHAR]) - [시스템]
2021-03-10 22:37:34.839 TRACE 20712 --- [    Test worker] o.h.type.descriptor.sql.BasicExtractor   : extracted value ([third_na4_6_1_] : [VARCHAR]) - [null]
2021-03-10 22:37:34.839 TRACE 20712 --- [    Test worker] o.h.type.descriptor.sql.BasicExtractor   : extracted value ([parent_i5_6_0__] : [BIGINT]) - [39]
2021-03-10 22:37:34.839 TRACE 20712 --- [    Test worker] o.h.type.descriptor.sql.BasicExtractor   : extracted value ([id1_6_0__] : [BIGINT]) - [45]
2021-03-10 22:37:34.839 TRACE 20712 --- [    Test worker] o.h.type.descriptor.sql.BasicExtractor   : extracted value ([id1_6_0_] : [BIGINT]) - [39]
2021-03-10 22:37:34.839 TRACE 20712 --- [    Test worker] o.h.type.descriptor.sql.BasicExtractor   : extracted value ([id1_6_1_] : [BIGINT]) - [46]
2021-03-10 22:37:34.839 TRACE 20712 --- [    Test worker] o.h.type.descriptor.sql.BasicExtractor   : extracted value ([id1_6_2_] : [BIGINT]) - [null]
2021-03-10 22:37:34.839 TRACE 20712 --- [    Test worker] o.h.type.descriptor.sql.BasicExtractor   : extracted value ([first_na2_6_1_] : [VARCHAR]) - [database]
2021-03-10 22:37:34.839 TRACE 20712 --- [    Test worker] o.h.type.descriptor.sql.BasicExtractor   : extracted value ([parent_i5_6_1_] : [BIGINT]) - [39]
2021-03-10 22:37:34.839 TRACE 20712 --- [    Test worker] o.h.type.descriptor.sql.BasicExtractor   : extracted value ([second_n3_6_1_] : [VARCHAR]) - [데이터베이스]
2021-03-10 22:37:34.839 TRACE 20712 --- [    Test worker] o.h.type.descriptor.sql.BasicExtractor   : extracted value ([third_na4_6_1_] : [VARCHAR]) - [null]
2021-03-10 22:37:34.839 TRACE 20712 --- [    Test worker] o.h.type.descriptor.sql.BasicExtractor   : extracted value ([parent_i5_6_0__] : [BIGINT]) - [39]
2021-03-10 22:37:34.839 TRACE 20712 --- [    Test worker] o.h.type.descriptor.sql.BasicExtractor   : extracted value ([id1_6_0__] : [BIGINT]) - [46]
2021-03-10 22:37:34.839 TRACE 20712 --- [    Test worker] o.h.type.descriptor.sql.BasicExtractor   : extracted value ([id1_6_0_] : [BIGINT]) - [39]
2021-03-10 22:37:34.839 TRACE 20712 --- [    Test worker] o.h.type.descriptor.sql.BasicExtractor   : extracted value ([id1_6_1_] : [BIGINT]) - [47]
2021-03-10 22:37:34.839 TRACE 20712 --- [    Test worker] o.h.type.descriptor.sql.BasicExtractor   : extracted value ([id1_6_2_] : [BIGINT]) - [null]
2021-03-10 22:37:34.839 TRACE 20712 --- [    Test worker] o.h.type.descriptor.sql.BasicExtractor   : extracted value ([first_na2_6_1_] : [VARCHAR]) - [network]
2021-03-10 22:37:34.839 TRACE 20712 --- [    Test worker] o.h.type.descriptor.sql.BasicExtractor   : extracted value ([parent_i5_6_1_] : [BIGINT]) - [39]
2021-03-10 22:37:34.839 TRACE 20712 --- [    Test worker] o.h.type.descriptor.sql.BasicExtractor   : extracted value ([second_n3_6_1_] : [VARCHAR]) - [네트워크]
2021-03-10 22:37:34.839 TRACE 20712 --- [    Test worker] o.h.type.descriptor.sql.BasicExtractor   : extracted value ([third_na4_6_1_] : [VARCHAR]) - [null]
2021-03-10 22:37:34.839 TRACE 20712 --- [    Test worker] o.h.type.descriptor.sql.BasicExtractor   : extracted value ([parent_i5_6_0__] : [BIGINT]) - [39]
2021-03-10 22:37:34.839 TRACE 20712 --- [    Test worker] o.h.type.descriptor.sql.BasicExtractor   : extracted value ([id1_6_0__] : [BIGINT]) - [47]
2021-03-10 22:37:34.839 TRACE 20712 --- [    Test worker] o.h.type.descriptor.sql.BasicExtractor   : extracted value ([id1_6_0_] : [BIGINT]) - [39]
2021-03-10 22:37:34.839 TRACE 20712 --- [    Test worker] o.h.type.descriptor.sql.BasicExtractor   : extracted value ([id1_6_1_] : [BIGINT]) - [48]
2021-03-10 22:37:34.839 TRACE 20712 --- [    Test worker] o.h.type.descriptor.sql.BasicExtractor   : extracted value ([id1_6_2_] : [BIGINT]) - [null]
2021-03-10 22:37:34.839 TRACE 20712 --- [    Test worker] o.h.type.descriptor.sql.BasicExtractor   : extracted value ([first_na2_6_1_] : [VARCHAR]) - [os]
2021-03-10 22:37:34.839 TRACE 20712 --- [    Test worker] o.h.type.descriptor.sql.BasicExtractor   : extracted value ([parent_i5_6_1_] : [BIGINT]) - [39]
2021-03-10 22:37:34.839 TRACE 20712 --- [    Test worker] o.h.type.descriptor.sql.BasicExtractor   : extracted value ([second_n3_6_1_] : [VARCHAR]) - [운영체제]
2021-03-10 22:37:34.839 TRACE 20712 --- [    Test worker] o.h.type.descriptor.sql.BasicExtractor   : extracted value ([third_na4_6_1_] : [VARCHAR]) - [null]
2021-03-10 22:37:34.839 TRACE 20712 --- [    Test worker] o.h.type.descriptor.sql.BasicExtractor   : extracted value ([parent_i5_6_0__] : [BIGINT]) - [39]
2021-03-10 22:37:34.839 TRACE 20712 --- [    Test worker] o.h.type.descriptor.sql.BasicExtractor   : extracted value ([id1_6_0__] : [BIGINT]) - [48]
2021-03-10 22:37:34.839 TRACE 20712 --- [    Test worker] o.h.type.descriptor.sql.BasicExtractor   : extracted value ([id1_6_0_] : [BIGINT]) - [39]
2021-03-10 22:37:34.839 TRACE 20712 --- [    Test worker] o.h.type.descriptor.sql.BasicExtractor   : extracted value ([id1_6_1_] : [BIGINT]) - [49]
2021-03-10 22:37:34.839 TRACE 20712 --- [    Test worker] o.h.type.descriptor.sql.BasicExtractor   : extracted value ([id1_6_2_] : [BIGINT]) - [null]
2021-03-10 22:37:34.839 TRACE 20712 --- [    Test worker] o.h.type.descriptor.sql.BasicExtractor   : extracted value ([first_na2_6_1_] : [VARCHAR]) - [linux]
2021-03-10 22:37:34.839 TRACE 20712 --- [    Test worker] o.h.type.descriptor.sql.BasicExtractor   : extracted value ([parent_i5_6_1_] : [BIGINT]) - [39]
2021-03-10 22:37:34.839 TRACE 20712 --- [    Test worker] o.h.type.descriptor.sql.BasicExtractor   : extracted value ([second_n3_6_1_] : [VARCHAR]) - [리눅스]
2021-03-10 22:37:34.839 TRACE 20712 --- [    Test worker] o.h.type.descriptor.sql.BasicExtractor   : extracted value ([third_na4_6_1_] : [VARCHAR]) - [null]
2021-03-10 22:37:34.839 TRACE 20712 --- [    Test worker] o.h.type.descriptor.sql.BasicExtractor   : extracted value ([parent_i5_6_0__] : [BIGINT]) - [39]
2021-03-10 22:37:34.839 TRACE 20712 --- [    Test worker] o.h.type.descriptor.sql.BasicExtractor   : extracted value ([id1_6_0__] : [BIGINT]) - [49]
2021-03-10 22:37:34.839 TRACE 20712 --- [    Test worker] o.h.type.descriptor.sql.BasicExtractor   : extracted value ([id1_6_0_] : [BIGINT]) - [39]
2021-03-10 22:37:34.839 TRACE 20712 --- [    Test worker] o.h.type.descriptor.sql.BasicExtractor   : extracted value ([id1_6_1_] : [BIGINT]) - [50]
2021-03-10 22:37:34.839 TRACE 20712 --- [    Test worker] o.h.type.descriptor.sql.BasicExtractor   : extracted value ([id1_6_2_] : [BIGINT]) - [null]
2021-03-10 22:37:34.839 TRACE 20712 --- [    Test worker] o.h.type.descriptor.sql.BasicExtractor   : extracted value ([first_na2_6_1_] : [VARCHAR]) - [android]
2021-03-10 22:37:34.839 TRACE 20712 --- [    Test worker] o.h.type.descriptor.sql.BasicExtractor   : extracted value ([parent_i5_6_1_] : [BIGINT]) - [39]
2021-03-10 22:37:34.839 TRACE 20712 --- [    Test worker] o.h.type.descriptor.sql.BasicExtractor   : extracted value ([second_n3_6_1_] : [VARCHAR]) - [안드로이드]
2021-03-10 22:37:34.839 TRACE 20712 --- [    Test worker] o.h.type.descriptor.sql.BasicExtractor   : extracted value ([third_na4_6_1_] : [VARCHAR]) - [null]
2021-03-10 22:37:34.839 TRACE 20712 --- [    Test worker] o.h.type.descriptor.sql.BasicExtractor   : extracted value ([parent_i5_6_0__] : [BIGINT]) - [39]
2021-03-10 22:37:34.839 TRACE 20712 --- [    Test worker] o.h.type.descriptor.sql.BasicExtractor   : extracted value ([id1_6_0__] : [BIGINT]) - [50]
2021-03-10 22:37:34.839 TRACE 20712 --- [    Test worker] o.h.type.descriptor.sql.BasicExtractor   : extracted value ([id1_6_0_] : [BIGINT]) - [39]
2021-03-10 22:37:34.839 TRACE 20712 --- [    Test worker] o.h.type.descriptor.sql.BasicExtractor   : extracted value ([id1_6_1_] : [BIGINT]) - [51]
2021-03-10 22:37:34.839 TRACE 20712 --- [    Test worker] o.h.type.descriptor.sql.BasicExtractor   : extracted value ([id1_6_2_] : [BIGINT]) - [null]
2021-03-10 22:37:34.839 TRACE 20712 --- [    Test worker] o.h.type.descriptor.sql.BasicExtractor   : extracted value ([first_na2_6_1_] : [VARCHAR]) - [ios]
2021-03-10 22:37:34.839 TRACE 20712 --- [    Test worker] o.h.type.descriptor.sql.BasicExtractor   : extracted value ([parent_i5_6_1_] : [BIGINT]) - [39]
2021-03-10 22:37:34.839 TRACE 20712 --- [    Test worker] o.h.type.descriptor.sql.BasicExtractor   : extracted value ([second_n3_6_1_] : [VARCHAR]) - [mac-os]
2021-03-10 22:37:34.839 TRACE 20712 --- [    Test worker] o.h.type.descriptor.sql.BasicExtractor   : extracted value ([third_na4_6_1_] : [VARCHAR]) - [맥os]
2021-03-10 22:37:34.839 TRACE 20712 --- [    Test worker] o.h.type.descriptor.sql.BasicExtractor   : extracted value ([parent_i5_6_0__] : [BIGINT]) - [39]
2021-03-10 22:37:34.839 TRACE 20712 --- [    Test worker] o.h.type.descriptor.sql.BasicExtractor   : extracted value ([id1_6_0__] : [BIGINT]) - [51]
2021-03-10 22:37:34.839 TRACE 20712 --- [    Test worker] o.h.type.descriptor.sql.BasicExtractor   : extracted value ([id1_6_0_] : [BIGINT]) - [39]
2021-03-10 22:37:34.839 TRACE 20712 --- [    Test worker] o.h.type.descriptor.sql.BasicExtractor   : extracted value ([id1_6_1_] : [BIGINT]) - [52]
2021-03-10 22:37:34.839 TRACE 20712 --- [    Test worker] o.h.type.descriptor.sql.BasicExtractor   : extracted value ([id1_6_2_] : [BIGINT]) - [null]
2021-03-10 22:37:34.839 TRACE 20712 --- [    Test worker] o.h.type.descriptor.sql.BasicExtractor   : extracted value ([first_na2_6_1_] : [VARCHAR]) - [data-science]
2021-03-10 22:37:34.839 TRACE 20712 --- [    Test worker] o.h.type.descriptor.sql.BasicExtractor   : extracted value ([parent_i5_6_1_] : [BIGINT]) - [39]
2021-03-10 22:37:34.839 TRACE 20712 --- [    Test worker] o.h.type.descriptor.sql.BasicExtractor   : extracted value ([second_n3_6_1_] : [VARCHAR]) - [데이터사이언스]
2021-03-10 22:37:34.839 TRACE 20712 --- [    Test worker] o.h.type.descriptor.sql.BasicExtractor   : extracted value ([third_na4_6_1_] : [VARCHAR]) - [DS]
2021-03-10 22:37:34.839 TRACE 20712 --- [    Test worker] o.h.type.descriptor.sql.BasicExtractor   : extracted value ([parent_i5_6_0__] : [BIGINT]) - [39]
2021-03-10 22:37:34.839 TRACE 20712 --- [    Test worker] o.h.type.descriptor.sql.BasicExtractor   : extracted value ([id1_6_0__] : [BIGINT]) - [52]
2021-03-10 22:37:34.839 TRACE 20712 --- [    Test worker] o.h.type.descriptor.sql.BasicExtractor   : extracted value ([id1_6_0_] : [BIGINT]) - [39]
2021-03-10 22:37:34.839 TRACE 20712 --- [    Test worker] o.h.type.descriptor.sql.BasicExtractor   : extracted value ([id1_6_1_] : [BIGINT]) - [53]
2021-03-10 22:37:34.839 TRACE 20712 --- [    Test worker] o.h.type.descriptor.sql.BasicExtractor   : extracted value ([id1_6_2_] : [BIGINT]) - [null]
2021-03-10 22:37:34.839 TRACE 20712 --- [    Test worker] o.h.type.descriptor.sql.BasicExtractor   : extracted value ([first_na2_6_1_] : [VARCHAR]) - [AI]
2021-03-10 22:37:34.839 TRACE 20712 --- [    Test worker] o.h.type.descriptor.sql.BasicExtractor   : extracted value ([parent_i5_6_1_] : [BIGINT]) - [39]
2021-03-10 22:37:34.839 TRACE 20712 --- [    Test worker] o.h.type.descriptor.sql.BasicExtractor   : extracted value ([second_n3_6_1_] : [VARCHAR]) - [인공지능]
2021-03-10 22:37:34.839 TRACE 20712 --- [    Test worker] o.h.type.descriptor.sql.BasicExtractor   : extracted value ([third_na4_6_1_] : [VARCHAR]) - [null]
2021-03-10 22:37:34.839 TRACE 20712 --- [    Test worker] o.h.type.descriptor.sql.BasicExtractor   : extracted value ([parent_i5_6_0__] : [BIGINT]) - [39]
2021-03-10 22:37:34.839 TRACE 20712 --- [    Test worker] o.h.type.descriptor.sql.BasicExtractor   : extracted value ([id1_6_0__] : [BIGINT]) - [53]
2021-03-10 22:37:34.839 TRACE 20712 --- [    Test worker] o.h.type.descriptor.sql.BasicExtractor   : extracted value ([id1_6_0_] : [BIGINT]) - [39]
2021-03-10 22:37:34.839 TRACE 20712 --- [    Test worker] o.h.type.descriptor.sql.BasicExtractor   : extracted value ([id1_6_1_] : [BIGINT]) - [54]
2021-03-10 22:37:34.839 TRACE 20712 --- [    Test worker] o.h.type.descriptor.sql.BasicExtractor   : extracted value ([id1_6_2_] : [BIGINT]) - [null]
2021-03-10 22:37:34.839 TRACE 20712 --- [    Test worker] o.h.type.descriptor.sql.BasicExtractor   : extracted value ([first_na2_6_1_] : [VARCHAR]) - [TDD]
2021-03-10 22:37:34.839 TRACE 20712 --- [    Test worker] o.h.type.descriptor.sql.BasicExtractor   : extracted value ([parent_i5_6_1_] : [BIGINT]) - [39]
2021-03-10 22:37:34.839 TRACE 20712 --- [    Test worker] o.h.type.descriptor.sql.BasicExtractor   : extracted value ([second_n3_6_1_] : [VARCHAR]) - [테스트 주도 개발]
2021-03-10 22:37:34.839 TRACE 20712 --- [    Test worker] o.h.type.descriptor.sql.BasicExtractor   : extracted value ([third_na4_6_1_] : [VARCHAR]) - [null]
2021-03-10 22:37:34.839 TRACE 20712 --- [    Test worker] o.h.type.descriptor.sql.BasicExtractor   : extracted value ([parent_i5_6_0__] : [BIGINT]) - [39]
2021-03-10 22:37:34.839 TRACE 20712 --- [    Test worker] o.h.type.descriptor.sql.BasicExtractor   : extracted value ([id1_6_0__] : [BIGINT]) - [54]
2021-03-10 22:37:34.839 TRACE 20712 --- [    Test worker] o.h.type.descriptor.sql.BasicExtractor   : extracted value ([id1_6_0_] : [BIGINT]) - [39]
2021-03-10 22:37:34.839 TRACE 20712 --- [    Test worker] o.h.type.descriptor.sql.BasicExtractor   : extracted value ([id1_6_1_] : [BIGINT]) - [55]
2021-03-10 22:37:34.839 TRACE 20712 --- [    Test worker] o.h.type.descriptor.sql.BasicExtractor   : extracted value ([id1_6_2_] : [BIGINT]) - [null]
2021-03-10 22:37:34.839 TRACE 20712 --- [    Test worker] o.h.type.descriptor.sql.BasicExtractor   : extracted value ([first_na2_6_1_] : [VARCHAR]) - [Design-Pattern]
2021-03-10 22:37:34.839 TRACE 20712 --- [    Test worker] o.h.type.descriptor.sql.BasicExtractor   : extracted value ([parent_i5_6_1_] : [BIGINT]) - [39]
2021-03-10 22:37:34.839 TRACE 20712 --- [    Test worker] o.h.type.descriptor.sql.BasicExtractor   : extracted value ([second_n3_6_1_] : [VARCHAR]) - [디자인 패턴]
2021-03-10 22:37:34.839 TRACE 20712 --- [    Test worker] o.h.type.descriptor.sql.BasicExtractor   : extracted value ([third_na4_6_1_] : [VARCHAR]) - [null]
2021-03-10 22:37:34.839 TRACE 20712 --- [    Test worker] o.h.type.descriptor.sql.BasicExtractor   : extracted value ([parent_i5_6_0__] : [BIGINT]) - [39]
2021-03-10 22:37:34.839 TRACE 20712 --- [    Test worker] o.h.type.descriptor.sql.BasicExtractor   : extracted value ([id1_6_0__] : [BIGINT]) - [55]
2021-03-10 22:37:34.839 TRACE 20712 --- [    Test worker] o.h.type.descriptor.sql.BasicExtractor   : extracted value ([id1_6_0_] : [BIGINT]) - [39]
2021-03-10 22:37:34.839 TRACE 20712 --- [    Test worker] o.h.type.descriptor.sql.BasicExtractor   : extracted value ([id1_6_1_] : [BIGINT]) - [56]
2021-03-10 22:37:34.839 TRACE 20712 --- [    Test worker] o.h.type.descriptor.sql.BasicExtractor   : extracted value ([id1_6_2_] : [BIGINT]) - [null]
2021-03-10 22:37:34.839 TRACE 20712 --- [    Test worker] o.h.type.descriptor.sql.BasicExtractor   : extracted value ([first_na2_6_1_] : [VARCHAR]) - [microservice]
2021-03-10 22:37:34.839 TRACE 20712 --- [    Test worker] o.h.type.descriptor.sql.BasicExtractor   : extracted value ([parent_i5_6_1_] : [BIGINT]) - [39]
2021-03-10 22:37:34.839 TRACE 20712 --- [    Test worker] o.h.type.descriptor.sql.BasicExtractor   : extracted value ([second_n3_6_1_] : [VARCHAR]) - [마이크로서비스]
2021-03-10 22:37:34.839 TRACE 20712 --- [    Test worker] o.h.type.descriptor.sql.BasicExtractor   : extracted value ([third_na4_6_1_] : [VARCHAR]) - [null]
2021-03-10 22:37:34.839 TRACE 20712 --- [    Test worker] o.h.type.descriptor.sql.BasicExtractor   : extracted value ([parent_i5_6_0__] : [BIGINT]) - [39]
2021-03-10 22:37:34.839 TRACE 20712 --- [    Test worker] o.h.type.descriptor.sql.BasicExtractor   : extracted value ([id1_6_0__] : [BIGINT]) - [56]
Hibernate: 
    call next value for hibernate_sequence
Hibernate: 
    insert 
    into
        tag
        (first_name, parent_id, second_name, third_name, id) 
    values
        (?, ?, ?, ?, ?)
2021-03-10 22:37:34.855 TRACE 20712 --- [    Test worker] o.h.type.descriptor.sql.BasicBinder      : binding parameter [1] as [VARCHAR] - [AWS]
2021-03-10 22:37:34.856 TRACE 20712 --- [    Test worker] o.h.type.descriptor.sql.BasicBinder      : binding parameter [2] as [BIGINT] - [39]
2021-03-10 22:37:34.856 TRACE 20712 --- [    Test worker] o.h.type.descriptor.sql.BasicBinder      : binding parameter [3] as [VARCHAR] - [아마존웹서비스]
2021-03-10 22:37:34.856 TRACE 20712 --- [    Test worker] o.h.type.descriptor.sql.BasicBinder      : binding parameter [4] as [VARCHAR] - [null]
2021-03-10 22:37:34.856 TRACE 20712 --- [    Test worker] o.h.type.descriptor.sql.BasicBinder      : binding parameter [5] as [BIGINT] - [57]
Hibernate: 
    select
        tag0_.id as id1_6_0_,
        children1_.id as id1_6_1_,
        tag2_.id as id1_6_2_,
        tag0_.first_name as first_na2_6_0_,
        tag0_.parent_id as parent_i5_6_0_,
        tag0_.second_name as second_n3_6_0_,
        tag0_.third_name as third_na4_6_0_,
        children1_.first_name as first_na2_6_1_,
        children1_.parent_id as parent_i5_6_1_,
        children1_.second_name as second_n3_6_1_,
        children1_.third_name as third_na4_6_1_,
        children1_.parent_id as parent_i5_6_0__,
        children1_.id as id1_6_0__,
        tag2_.first_name as first_na2_6_2_,
        tag2_.parent_id as parent_i5_6_2_,
        tag2_.second_name as second_n3_6_2_,
        tag2_.third_name as third_na4_6_2_ 
    from
        tag tag0_ 
    left outer join
        tag children1_ 
            on tag0_.id=children1_.parent_id 
    left outer join
        tag tag2_ 
            on tag0_.parent_id=tag2_.id 
    where
        tag0_.first_name=?
2021-03-10 22:37:34.858 TRACE 20712 --- [    Test worker] o.h.type.descriptor.sql.BasicBinder      : binding parameter [1] as [VARCHAR] - [etc]
2021-03-10 22:37:34.858 TRACE 20712 --- [    Test worker] o.h.type.descriptor.sql.BasicExtractor   : extracted value ([id1_6_0_] : [BIGINT]) - [39]
2021-03-10 22:37:34.858 TRACE 20712 --- [    Test worker] o.h.type.descriptor.sql.BasicExtractor   : extracted value ([id1_6_1_] : [BIGINT]) - [40]
2021-03-10 22:37:34.858 TRACE 20712 --- [    Test worker] o.h.type.descriptor.sql.BasicExtractor   : extracted value ([id1_6_2_] : [BIGINT]) - [null]
2021-03-10 22:37:34.858 TRACE 20712 --- [    Test worker] o.h.type.descriptor.sql.BasicExtractor   : extracted value ([first_na2_6_0_] : [VARCHAR]) - [etc]
2021-03-10 22:37:34.858 TRACE 20712 --- [    Test worker] o.h.type.descriptor.sql.BasicExtractor   : extracted value ([parent_i5_6_0_] : [BIGINT]) - [null]
2021-03-10 22:37:34.858 TRACE 20712 --- [    Test worker] o.h.type.descriptor.sql.BasicExtractor   : extracted value ([second_n3_6_0_] : [VARCHAR]) - [null]
2021-03-10 22:37:34.858 TRACE 20712 --- [    Test worker] o.h.type.descriptor.sql.BasicExtractor   : extracted value ([third_na4_6_0_] : [VARCHAR]) - [null]
2021-03-10 22:37:34.858 TRACE 20712 --- [    Test worker] o.h.type.descriptor.sql.BasicExtractor   : extracted value ([first_na2_6_1_] : [VARCHAR]) - [docker]
2021-03-10 22:37:34.858 TRACE 20712 --- [    Test worker] o.h.type.descriptor.sql.BasicExtractor   : extracted value ([parent_i5_6_1_] : [BIGINT]) - [39]
2021-03-10 22:37:34.858 TRACE 20712 --- [    Test worker] o.h.type.descriptor.sql.BasicExtractor   : extracted value ([second_n3_6_1_] : [VARCHAR]) - [도커]
2021-03-10 22:37:34.858 TRACE 20712 --- [    Test worker] o.h.type.descriptor.sql.BasicExtractor   : extracted value ([third_na4_6_1_] : [VARCHAR]) - [null]
2021-03-10 22:37:34.858 TRACE 20712 --- [    Test worker] o.h.type.descriptor.sql.BasicExtractor   : extracted value ([parent_i5_6_0__] : [BIGINT]) - [39]
2021-03-10 22:37:34.858 TRACE 20712 --- [    Test worker] o.h.type.descriptor.sql.BasicExtractor   : extracted value ([id1_6_0__] : [BIGINT]) - [40]
2021-03-10 22:37:34.858 TRACE 20712 --- [    Test worker] o.h.type.descriptor.sql.BasicExtractor   : extracted value ([id1_6_0_] : [BIGINT]) - [39]
2021-03-10 22:37:34.858 TRACE 20712 --- [    Test worker] o.h.type.descriptor.sql.BasicExtractor   : extracted value ([id1_6_1_] : [BIGINT]) - [41]
2021-03-10 22:37:34.858 TRACE 20712 --- [    Test worker] o.h.type.descriptor.sql.BasicExtractor   : extracted value ([id1_6_2_] : [BIGINT]) - [null]
2021-03-10 22:37:34.858 TRACE 20712 --- [    Test worker] o.h.type.descriptor.sql.BasicExtractor   : extracted value ([first_na2_6_1_] : [VARCHAR]) - [devops]
2021-03-10 22:37:34.858 TRACE 20712 --- [    Test worker] o.h.type.descriptor.sql.BasicExtractor   : extracted value ([parent_i5_6_1_] : [BIGINT]) - [39]
2021-03-10 22:37:34.858 TRACE 20712 --- [    Test worker] o.h.type.descriptor.sql.BasicExtractor   : extracted value ([second_n3_6_1_] : [VARCHAR]) - [데브옵스]
2021-03-10 22:37:34.858 TRACE 20712 --- [    Test worker] o.h.type.descriptor.sql.BasicExtractor   : extracted value ([third_na4_6_1_] : [VARCHAR]) - [null]
2021-03-10 22:37:34.858 TRACE 20712 --- [    Test worker] o.h.type.descriptor.sql.BasicExtractor   : extracted value ([parent_i5_6_0__] : [BIGINT]) - [39]
2021-03-10 22:37:34.858 TRACE 20712 --- [    Test worker] o.h.type.descriptor.sql.BasicExtractor   : extracted value ([id1_6_0__] : [BIGINT]) - [41]
2021-03-10 22:37:34.858 TRACE 20712 --- [    Test worker] o.h.type.descriptor.sql.BasicExtractor   : extracted value ([id1_6_0_] : [BIGINT]) - [39]
2021-03-10 22:37:34.858 TRACE 20712 --- [    Test worker] o.h.type.descriptor.sql.BasicExtractor   : extracted value ([id1_6_1_] : [BIGINT]) - [42]
2021-03-10 22:37:34.858 TRACE 20712 --- [    Test worker] o.h.type.descriptor.sql.BasicExtractor   : extracted value ([id1_6_2_] : [BIGINT]) - [null]
2021-03-10 22:37:34.858 TRACE 20712 --- [    Test worker] o.h.type.descriptor.sql.BasicExtractor   : extracted value ([first_na2_6_1_] : [VARCHAR]) - [kubernetes]
2021-03-10 22:37:34.858 TRACE 20712 --- [    Test worker] o.h.type.descriptor.sql.BasicExtractor   : extracted value ([parent_i5_6_1_] : [BIGINT]) - [39]
2021-03-10 22:37:34.858 TRACE 20712 --- [    Test worker] o.h.type.descriptor.sql.BasicExtractor   : extracted value ([second_n3_6_1_] : [VARCHAR]) - [쿠버네티스]
2021-03-10 22:37:34.858 TRACE 20712 --- [    Test worker] o.h.type.descriptor.sql.BasicExtractor   : extracted value ([third_na4_6_1_] : [VARCHAR]) - [null]
2021-03-10 22:37:34.858 TRACE 20712 --- [    Test worker] o.h.type.descriptor.sql.BasicExtractor   : extracted value ([parent_i5_6_0__] : [BIGINT]) - [39]
2021-03-10 22:37:34.858 TRACE 20712 --- [    Test worker] o.h.type.descriptor.sql.BasicExtractor   : extracted value ([id1_6_0__] : [BIGINT]) - [42]
2021-03-10 22:37:34.858 TRACE 20712 --- [    Test worker] o.h.type.descriptor.sql.BasicExtractor   : extracted value ([id1_6_0_] : [BIGINT]) - [39]
2021-03-10 22:37:34.858 TRACE 20712 --- [    Test worker] o.h.type.descriptor.sql.BasicExtractor   : extracted value ([id1_6_1_] : [BIGINT]) - [43]
2021-03-10 22:37:34.858 TRACE 20712 --- [    Test worker] o.h.type.descriptor.sql.BasicExtractor   : extracted value ([id1_6_2_] : [BIGINT]) - [null]
2021-03-10 22:37:34.858 TRACE 20712 --- [    Test worker] o.h.type.descriptor.sql.BasicExtractor   : extracted value ([first_na2_6_1_] : [VARCHAR]) - [algorithm]
2021-03-10 22:37:34.858 TRACE 20712 --- [    Test worker] o.h.type.descriptor.sql.BasicExtractor   : extracted value ([parent_i5_6_1_] : [BIGINT]) - [39]
2021-03-10 22:37:34.858 TRACE 20712 --- [    Test worker] o.h.type.descriptor.sql.BasicExtractor   : extracted value ([second_n3_6_1_] : [VARCHAR]) - [알고리즘]
2021-03-10 22:37:34.858 TRACE 20712 --- [    Test worker] o.h.type.descriptor.sql.BasicExtractor   : extracted value ([third_na4_6_1_] : [VARCHAR]) - [null]
2021-03-10 22:37:34.858 TRACE 20712 --- [    Test worker] o.h.type.descriptor.sql.BasicExtractor   : extracted value ([parent_i5_6_0__] : [BIGINT]) - [39]
2021-03-10 22:37:34.858 TRACE 20712 --- [    Test worker] o.h.type.descriptor.sql.BasicExtractor   : extracted value ([id1_6_0__] : [BIGINT]) - [43]
2021-03-10 22:37:34.858 TRACE 20712 --- [    Test worker] o.h.type.descriptor.sql.BasicExtractor   : extracted value ([id1_6_0_] : [BIGINT]) - [39]
2021-03-10 22:37:34.858 TRACE 20712 --- [    Test worker] o.h.type.descriptor.sql.BasicExtractor   : extracted value ([id1_6_1_] : [BIGINT]) - [44]
2021-03-10 22:37:34.858 TRACE 20712 --- [    Test worker] o.h.type.descriptor.sql.BasicExtractor   : extracted value ([id1_6_2_] : [BIGINT]) - [null]
2021-03-10 22:37:34.858 TRACE 20712 --- [    Test worker] o.h.type.descriptor.sql.BasicExtractor   : extracted value ([first_na2_6_1_] : [VARCHAR]) - [data-structure]
2021-03-10 22:37:34.858 TRACE 20712 --- [    Test worker] o.h.type.descriptor.sql.BasicExtractor   : extracted value ([parent_i5_6_1_] : [BIGINT]) - [39]
2021-03-10 22:37:34.858 TRACE 20712 --- [    Test worker] o.h.type.descriptor.sql.BasicExtractor   : extracted value ([second_n3_6_1_] : [VARCHAR]) - [자료구조]
2021-03-10 22:37:34.858 TRACE 20712 --- [    Test worker] o.h.type.descriptor.sql.BasicExtractor   : extracted value ([third_na4_6_1_] : [VARCHAR]) - [null]
2021-03-10 22:37:34.858 TRACE 20712 --- [    Test worker] o.h.type.descriptor.sql.BasicExtractor   : extracted value ([parent_i5_6_0__] : [BIGINT]) - [39]
2021-03-10 22:37:34.858 TRACE 20712 --- [    Test worker] o.h.type.descriptor.sql.BasicExtractor   : extracted value ([id1_6_0__] : [BIGINT]) - [44]
2021-03-10 22:37:34.858 TRACE 20712 --- [    Test worker] o.h.type.descriptor.sql.BasicExtractor   : extracted value ([id1_6_0_] : [BIGINT]) - [39]
2021-03-10 22:37:34.858 TRACE 20712 --- [    Test worker] o.h.type.descriptor.sql.BasicExtractor   : extracted value ([id1_6_1_] : [BIGINT]) - [45]
2021-03-10 22:37:34.858 TRACE 20712 --- [    Test worker] o.h.type.descriptor.sql.BasicExtractor   : extracted value ([id1_6_2_] : [BIGINT]) - [null]
2021-03-10 22:37:34.858 TRACE 20712 --- [    Test worker] o.h.type.descriptor.sql.BasicExtractor   : extracted value ([first_na2_6_1_] : [VARCHAR]) - [system]
2021-03-10 22:37:34.858 TRACE 20712 --- [    Test worker] o.h.type.descriptor.sql.BasicExtractor   : extracted value ([parent_i5_6_1_] : [BIGINT]) - [39]
2021-03-10 22:37:34.858 TRACE 20712 --- [    Test worker] o.h.type.descriptor.sql.BasicExtractor   : extracted value ([second_n3_6_1_] : [VARCHAR]) - [시스템]
2021-03-10 22:37:34.858 TRACE 20712 --- [    Test worker] o.h.type.descriptor.sql.BasicExtractor   : extracted value ([third_na4_6_1_] : [VARCHAR]) - [null]
2021-03-10 22:37:34.858 TRACE 20712 --- [    Test worker] o.h.type.descriptor.sql.BasicExtractor   : extracted value ([parent_i5_6_0__] : [BIGINT]) - [39]
2021-03-10 22:37:34.858 TRACE 20712 --- [    Test worker] o.h.type.descriptor.sql.BasicExtractor   : extracted value ([id1_6_0__] : [BIGINT]) - [45]
2021-03-10 22:37:34.858 TRACE 20712 --- [    Test worker] o.h.type.descriptor.sql.BasicExtractor   : extracted value ([id1_6_0_] : [BIGINT]) - [39]
2021-03-10 22:37:34.858 TRACE 20712 --- [    Test worker] o.h.type.descriptor.sql.BasicExtractor   : extracted value ([id1_6_1_] : [BIGINT]) - [46]
2021-03-10 22:37:34.858 TRACE 20712 --- [    Test worker] o.h.type.descriptor.sql.BasicExtractor   : extracted value ([id1_6_2_] : [BIGINT]) - [null]
2021-03-10 22:37:34.858 TRACE 20712 --- [    Test worker] o.h.type.descriptor.sql.BasicExtractor   : extracted value ([first_na2_6_1_] : [VARCHAR]) - [database]
2021-03-10 22:37:34.858 TRACE 20712 --- [    Test worker] o.h.type.descriptor.sql.BasicExtractor   : extracted value ([parent_i5_6_1_] : [BIGINT]) - [39]
2021-03-10 22:37:34.858 TRACE 20712 --- [    Test worker] o.h.type.descriptor.sql.BasicExtractor   : extracted value ([second_n3_6_1_] : [VARCHAR]) - [데이터베이스]
2021-03-10 22:37:34.858 TRACE 20712 --- [    Test worker] o.h.type.descriptor.sql.BasicExtractor   : extracted value ([third_na4_6_1_] : [VARCHAR]) - [null]
2021-03-10 22:37:34.858 TRACE 20712 --- [    Test worker] o.h.type.descriptor.sql.BasicExtractor   : extracted value ([parent_i5_6_0__] : [BIGINT]) - [39]
2021-03-10 22:37:34.858 TRACE 20712 --- [    Test worker] o.h.type.descriptor.sql.BasicExtractor   : extracted value ([id1_6_0__] : [BIGINT]) - [46]
2021-03-10 22:37:34.858 TRACE 20712 --- [    Test worker] o.h.type.descriptor.sql.BasicExtractor   : extracted value ([id1_6_0_] : [BIGINT]) - [39]
2021-03-10 22:37:34.858 TRACE 20712 --- [    Test worker] o.h.type.descriptor.sql.BasicExtractor   : extracted value ([id1_6_1_] : [BIGINT]) - [47]
2021-03-10 22:37:34.858 TRACE 20712 --- [    Test worker] o.h.type.descriptor.sql.BasicExtractor   : extracted value ([id1_6_2_] : [BIGINT]) - [null]
2021-03-10 22:37:34.858 TRACE 20712 --- [    Test worker] o.h.type.descriptor.sql.BasicExtractor   : extracted value ([first_na2_6_1_] : [VARCHAR]) - [network]
2021-03-10 22:37:34.858 TRACE 20712 --- [    Test worker] o.h.type.descriptor.sql.BasicExtractor   : extracted value ([parent_i5_6_1_] : [BIGINT]) - [39]
2021-03-10 22:37:34.858 TRACE 20712 --- [    Test worker] o.h.type.descriptor.sql.BasicExtractor   : extracted value ([second_n3_6_1_] : [VARCHAR]) - [네트워크]
2021-03-10 22:37:34.858 TRACE 20712 --- [    Test worker] o.h.type.descriptor.sql.BasicExtractor   : extracted value ([third_na4_6_1_] : [VARCHAR]) - [null]
2021-03-10 22:37:34.858 TRACE 20712 --- [    Test worker] o.h.type.descriptor.sql.BasicExtractor   : extracted value ([parent_i5_6_0__] : [BIGINT]) - [39]
2021-03-10 22:37:34.858 TRACE 20712 --- [    Test worker] o.h.type.descriptor.sql.BasicExtractor   : extracted value ([id1_6_0__] : [BIGINT]) - [47]
2021-03-10 22:37:34.858 TRACE 20712 --- [    Test worker] o.h.type.descriptor.sql.BasicExtractor   : extracted value ([id1_6_0_] : [BIGINT]) - [39]
2021-03-10 22:37:34.858 TRACE 20712 --- [    Test worker] o.h.type.descriptor.sql.BasicExtractor   : extracted value ([id1_6_1_] : [BIGINT]) - [48]
2021-03-10 22:37:34.858 TRACE 20712 --- [    Test worker] o.h.type.descriptor.sql.BasicExtractor   : extracted value ([id1_6_2_] : [BIGINT]) - [null]
2021-03-10 22:37:34.858 TRACE 20712 --- [    Test worker] o.h.type.descriptor.sql.BasicExtractor   : extracted value ([first_na2_6_1_] : [VARCHAR]) - [os]
2021-03-10 22:37:34.858 TRACE 20712 --- [    Test worker] o.h.type.descriptor.sql.BasicExtractor   : extracted value ([parent_i5_6_1_] : [BIGINT]) - [39]
2021-03-10 22:37:34.858 TRACE 20712 --- [    Test worker] o.h.type.descriptor.sql.BasicExtractor   : extracted value ([second_n3_6_1_] : [VARCHAR]) - [운영체제]
2021-03-10 22:37:34.858 TRACE 20712 --- [    Test worker] o.h.type.descriptor.sql.BasicExtractor   : extracted value ([third_na4_6_1_] : [VARCHAR]) - [null]
2021-03-10 22:37:34.858 TRACE 20712 --- [    Test worker] o.h.type.descriptor.sql.BasicExtractor   : extracted value ([parent_i5_6_0__] : [BIGINT]) - [39]
2021-03-10 22:37:34.858 TRACE 20712 --- [    Test worker] o.h.type.descriptor.sql.BasicExtractor   : extracted value ([id1_6_0__] : [BIGINT]) - [48]
2021-03-10 22:37:34.858 TRACE 20712 --- [    Test worker] o.h.type.descriptor.sql.BasicExtractor   : extracted value ([id1_6_0_] : [BIGINT]) - [39]
2021-03-10 22:37:34.858 TRACE 20712 --- [    Test worker] o.h.type.descriptor.sql.BasicExtractor   : extracted value ([id1_6_1_] : [BIGINT]) - [49]
2021-03-10 22:37:34.858 TRACE 20712 --- [    Test worker] o.h.type.descriptor.sql.BasicExtractor   : extracted value ([id1_6_2_] : [BIGINT]) - [null]
2021-03-10 22:37:34.858 TRACE 20712 --- [    Test worker] o.h.type.descriptor.sql.BasicExtractor   : extracted value ([first_na2_6_1_] : [VARCHAR]) - [linux]
2021-03-10 22:37:34.858 TRACE 20712 --- [    Test worker] o.h.type.descriptor.sql.BasicExtractor   : extracted value ([parent_i5_6_1_] : [BIGINT]) - [39]
2021-03-10 22:37:34.858 TRACE 20712 --- [    Test worker] o.h.type.descriptor.sql.BasicExtractor   : extracted value ([second_n3_6_1_] : [VARCHAR]) - [리눅스]
2021-03-10 22:37:34.858 TRACE 20712 --- [    Test worker] o.h.type.descriptor.sql.BasicExtractor   : extracted value ([third_na4_6_1_] : [VARCHAR]) - [null]
2021-03-10 22:37:34.858 TRACE 20712 --- [    Test worker] o.h.type.descriptor.sql.BasicExtractor   : extracted value ([parent_i5_6_0__] : [BIGINT]) - [39]
2021-03-10 22:37:34.858 TRACE 20712 --- [    Test worker] o.h.type.descriptor.sql.BasicExtractor   : extracted value ([id1_6_0__] : [BIGINT]) - [49]
2021-03-10 22:37:34.858 TRACE 20712 --- [    Test worker] o.h.type.descriptor.sql.BasicExtractor   : extracted value ([id1_6_0_] : [BIGINT]) - [39]
2021-03-10 22:37:34.858 TRACE 20712 --- [    Test worker] o.h.type.descriptor.sql.BasicExtractor   : extracted value ([id1_6_1_] : [BIGINT]) - [50]
2021-03-10 22:37:34.858 TRACE 20712 --- [    Test worker] o.h.type.descriptor.sql.BasicExtractor   : extracted value ([id1_6_2_] : [BIGINT]) - [null]
2021-03-10 22:37:34.858 TRACE 20712 --- [    Test worker] o.h.type.descriptor.sql.BasicExtractor   : extracted value ([first_na2_6_1_] : [VARCHAR]) - [android]
2021-03-10 22:37:34.858 TRACE 20712 --- [    Test worker] o.h.type.descriptor.sql.BasicExtractor   : extracted value ([parent_i5_6_1_] : [BIGINT]) - [39]
2021-03-10 22:37:34.858 TRACE 20712 --- [    Test worker] o.h.type.descriptor.sql.BasicExtractor   : extracted value ([second_n3_6_1_] : [VARCHAR]) - [안드로이드]
2021-03-10 22:37:34.858 TRACE 20712 --- [    Test worker] o.h.type.descriptor.sql.BasicExtractor   : extracted value ([third_na4_6_1_] : [VARCHAR]) - [null]
2021-03-10 22:37:34.858 TRACE 20712 --- [    Test worker] o.h.type.descriptor.sql.BasicExtractor   : extracted value ([parent_i5_6_0__] : [BIGINT]) - [39]
2021-03-10 22:37:34.858 TRACE 20712 --- [    Test worker] o.h.type.descriptor.sql.BasicExtractor   : extracted value ([id1_6_0__] : [BIGINT]) - [50]
2021-03-10 22:37:34.858 TRACE 20712 --- [    Test worker] o.h.type.descriptor.sql.BasicExtractor   : extracted value ([id1_6_0_] : [BIGINT]) - [39]
2021-03-10 22:37:34.858 TRACE 20712 --- [    Test worker] o.h.type.descriptor.sql.BasicExtractor   : extracted value ([id1_6_1_] : [BIGINT]) - [51]
2021-03-10 22:37:34.858 TRACE 20712 --- [    Test worker] o.h.type.descriptor.sql.BasicExtractor   : extracted value ([id1_6_2_] : [BIGINT]) - [null]
2021-03-10 22:37:34.858 TRACE 20712 --- [    Test worker] o.h.type.descriptor.sql.BasicExtractor   : extracted value ([first_na2_6_1_] : [VARCHAR]) - [ios]
2021-03-10 22:37:34.858 TRACE 20712 --- [    Test worker] o.h.type.descriptor.sql.BasicExtractor   : extracted value ([parent_i5_6_1_] : [BIGINT]) - [39]
2021-03-10 22:37:34.858 TRACE 20712 --- [    Test worker] o.h.type.descriptor.sql.BasicExtractor   : extracted value ([second_n3_6_1_] : [VARCHAR]) - [mac-os]
2021-03-10 22:37:34.858 TRACE 20712 --- [    Test worker] o.h.type.descriptor.sql.BasicExtractor   : extracted value ([third_na4_6_1_] : [VARCHAR]) - [맥os]
2021-03-10 22:37:34.858 TRACE 20712 --- [    Test worker] o.h.type.descriptor.sql.BasicExtractor   : extracted value ([parent_i5_6_0__] : [BIGINT]) - [39]
2021-03-10 22:37:34.858 TRACE 20712 --- [    Test worker] o.h.type.descriptor.sql.BasicExtractor   : extracted value ([id1_6_0__] : [BIGINT]) - [51]
2021-03-10 22:37:34.858 TRACE 20712 --- [    Test worker] o.h.type.descriptor.sql.BasicExtractor   : extracted value ([id1_6_0_] : [BIGINT]) - [39]
2021-03-10 22:37:34.858 TRACE 20712 --- [    Test worker] o.h.type.descriptor.sql.BasicExtractor   : extracted value ([id1_6_1_] : [BIGINT]) - [52]
2021-03-10 22:37:34.858 TRACE 20712 --- [    Test worker] o.h.type.descriptor.sql.BasicExtractor   : extracted value ([id1_6_2_] : [BIGINT]) - [null]
2021-03-10 22:37:34.858 TRACE 20712 --- [    Test worker] o.h.type.descriptor.sql.BasicExtractor   : extracted value ([first_na2_6_1_] : [VARCHAR]) - [data-science]
2021-03-10 22:37:34.858 TRACE 20712 --- [    Test worker] o.h.type.descriptor.sql.BasicExtractor   : extracted value ([parent_i5_6_1_] : [BIGINT]) - [39]
2021-03-10 22:37:34.858 TRACE 20712 --- [    Test worker] o.h.type.descriptor.sql.BasicExtractor   : extracted value ([second_n3_6_1_] : [VARCHAR]) - [데이터사이언스]
2021-03-10 22:37:34.858 TRACE 20712 --- [    Test worker] o.h.type.descriptor.sql.BasicExtractor   : extracted value ([third_na4_6_1_] : [VARCHAR]) - [DS]
2021-03-10 22:37:34.858 TRACE 20712 --- [    Test worker] o.h.type.descriptor.sql.BasicExtractor   : extracted value ([parent_i5_6_0__] : [BIGINT]) - [39]
2021-03-10 22:37:34.858 TRACE 20712 --- [    Test worker] o.h.type.descriptor.sql.BasicExtractor   : extracted value ([id1_6_0__] : [BIGINT]) - [52]
2021-03-10 22:37:34.858 TRACE 20712 --- [    Test worker] o.h.type.descriptor.sql.BasicExtractor   : extracted value ([id1_6_0_] : [BIGINT]) - [39]
2021-03-10 22:37:34.858 TRACE 20712 --- [    Test worker] o.h.type.descriptor.sql.BasicExtractor   : extracted value ([id1_6_1_] : [BIGINT]) - [53]
2021-03-10 22:37:34.858 TRACE 20712 --- [    Test worker] o.h.type.descriptor.sql.BasicExtractor   : extracted value ([id1_6_2_] : [BIGINT]) - [null]
2021-03-10 22:37:34.858 TRACE 20712 --- [    Test worker] o.h.type.descriptor.sql.BasicExtractor   : extracted value ([first_na2_6_1_] : [VARCHAR]) - [AI]
2021-03-10 22:37:34.858 TRACE 20712 --- [    Test worker] o.h.type.descriptor.sql.BasicExtractor   : extracted value ([parent_i5_6_1_] : [BIGINT]) - [39]
2021-03-10 22:37:34.858 TRACE 20712 --- [    Test worker] o.h.type.descriptor.sql.BasicExtractor   : extracted value ([second_n3_6_1_] : [VARCHAR]) - [인공지능]
2021-03-10 22:37:34.858 TRACE 20712 --- [    Test worker] o.h.type.descriptor.sql.BasicExtractor   : extracted value ([third_na4_6_1_] : [VARCHAR]) - [null]
2021-03-10 22:37:34.858 TRACE 20712 --- [    Test worker] o.h.type.descriptor.sql.BasicExtractor   : extracted value ([parent_i5_6_0__] : [BIGINT]) - [39]
2021-03-10 22:37:34.858 TRACE 20712 --- [    Test worker] o.h.type.descriptor.sql.BasicExtractor   : extracted value ([id1_6_0__] : [BIGINT]) - [53]
2021-03-10 22:37:34.858 TRACE 20712 --- [    Test worker] o.h.type.descriptor.sql.BasicExtractor   : extracted value ([id1_6_0_] : [BIGINT]) - [39]
2021-03-10 22:37:34.858 TRACE 20712 --- [    Test worker] o.h.type.descriptor.sql.BasicExtractor   : extracted value ([id1_6_1_] : [BIGINT]) - [54]
2021-03-10 22:37:34.858 TRACE 20712 --- [    Test worker] o.h.type.descriptor.sql.BasicExtractor   : extracted value ([id1_6_2_] : [BIGINT]) - [null]
2021-03-10 22:37:34.858 TRACE 20712 --- [    Test worker] o.h.type.descriptor.sql.BasicExtractor   : extracted value ([first_na2_6_1_] : [VARCHAR]) - [TDD]
2021-03-10 22:37:34.858 TRACE 20712 --- [    Test worker] o.h.type.descriptor.sql.BasicExtractor   : extracted value ([parent_i5_6_1_] : [BIGINT]) - [39]
2021-03-10 22:37:34.858 TRACE 20712 --- [    Test worker] o.h.type.descriptor.sql.BasicExtractor   : extracted value ([second_n3_6_1_] : [VARCHAR]) - [테스트 주도 개발]
2021-03-10 22:37:34.858 TRACE 20712 --- [    Test worker] o.h.type.descriptor.sql.BasicExtractor   : extracted value ([third_na4_6_1_] : [VARCHAR]) - [null]
2021-03-10 22:37:34.858 TRACE 20712 --- [    Test worker] o.h.type.descriptor.sql.BasicExtractor   : extracted value ([parent_i5_6_0__] : [BIGINT]) - [39]
2021-03-10 22:37:34.858 TRACE 20712 --- [    Test worker] o.h.type.descriptor.sql.BasicExtractor   : extracted value ([id1_6_0__] : [BIGINT]) - [54]
2021-03-10 22:37:34.858 TRACE 20712 --- [    Test worker] o.h.type.descriptor.sql.BasicExtractor   : extracted value ([id1_6_0_] : [BIGINT]) - [39]
2021-03-10 22:37:34.858 TRACE 20712 --- [    Test worker] o.h.type.descriptor.sql.BasicExtractor   : extracted value ([id1_6_1_] : [BIGINT]) - [55]
2021-03-10 22:37:34.858 TRACE 20712 --- [    Test worker] o.h.type.descriptor.sql.BasicExtractor   : extracted value ([id1_6_2_] : [BIGINT]) - [null]
2021-03-10 22:37:34.858 TRACE 20712 --- [    Test worker] o.h.type.descriptor.sql.BasicExtractor   : extracted value ([first_na2_6_1_] : [VARCHAR]) - [Design-Pattern]
2021-03-10 22:37:34.858 TRACE 20712 --- [    Test worker] o.h.type.descriptor.sql.BasicExtractor   : extracted value ([parent_i5_6_1_] : [BIGINT]) - [39]
2021-03-10 22:37:34.858 TRACE 20712 --- [    Test worker] o.h.type.descriptor.sql.BasicExtractor   : extracted value ([second_n3_6_1_] : [VARCHAR]) - [디자인 패턴]
2021-03-10 22:37:34.858 TRACE 20712 --- [    Test worker] o.h.type.descriptor.sql.BasicExtractor   : extracted value ([third_na4_6_1_] : [VARCHAR]) - [null]
2021-03-10 22:37:34.858 TRACE 20712 --- [    Test worker] o.h.type.descriptor.sql.BasicExtractor   : extracted value ([parent_i5_6_0__] : [BIGINT]) - [39]
2021-03-10 22:37:34.858 TRACE 20712 --- [    Test worker] o.h.type.descriptor.sql.BasicExtractor   : extracted value ([id1_6_0__] : [BIGINT]) - [55]
2021-03-10 22:37:34.858 TRACE 20712 --- [    Test worker] o.h.type.descriptor.sql.BasicExtractor   : extracted value ([id1_6_0_] : [BIGINT]) - [39]
2021-03-10 22:37:34.858 TRACE 20712 --- [    Test worker] o.h.type.descriptor.sql.BasicExtractor   : extracted value ([id1_6_1_] : [BIGINT]) - [56]
2021-03-10 22:37:34.858 TRACE 20712 --- [    Test worker] o.h.type.descriptor.sql.BasicExtractor   : extracted value ([id1_6_2_] : [BIGINT]) - [null]
2021-03-10 22:37:34.858 TRACE 20712 --- [    Test worker] o.h.type.descriptor.sql.BasicExtractor   : extracted value ([first_na2_6_1_] : [VARCHAR]) - [microservice]
2021-03-10 22:37:34.858 TRACE 20712 --- [    Test worker] o.h.type.descriptor.sql.BasicExtractor   : extracted value ([parent_i5_6_1_] : [BIGINT]) - [39]
2021-03-10 22:37:34.858 TRACE 20712 --- [    Test worker] o.h.type.descriptor.sql.BasicExtractor   : extracted value ([second_n3_6_1_] : [VARCHAR]) - [마이크로서비스]
2021-03-10 22:37:34.858 TRACE 20712 --- [    Test worker] o.h.type.descriptor.sql.BasicExtractor   : extracted value ([third_na4_6_1_] : [VARCHAR]) - [null]
2021-03-10 22:37:34.858 TRACE 20712 --- [    Test worker] o.h.type.descriptor.sql.BasicExtractor   : extracted value ([parent_i5_6_0__] : [BIGINT]) - [39]
2021-03-10 22:37:34.858 TRACE 20712 --- [    Test worker] o.h.type.descriptor.sql.BasicExtractor   : extracted value ([id1_6_0__] : [BIGINT]) - [56]
2021-03-10 22:37:34.858 TRACE 20712 --- [    Test worker] o.h.type.descriptor.sql.BasicExtractor   : extracted value ([id1_6_0_] : [BIGINT]) - [39]
2021-03-10 22:37:34.858 TRACE 20712 --- [    Test worker] o.h.type.descriptor.sql.BasicExtractor   : extracted value ([id1_6_1_] : [BIGINT]) - [57]
2021-03-10 22:37:34.858 TRACE 20712 --- [    Test worker] o.h.type.descriptor.sql.BasicExtractor   : extracted value ([id1_6_2_] : [BIGINT]) - [null]
2021-03-10 22:37:34.858 TRACE 20712 --- [    Test worker] o.h.type.descriptor.sql.BasicExtractor   : extracted value ([first_na2_6_1_] : [VARCHAR]) - [AWS]
2021-03-10 22:37:34.858 TRACE 20712 --- [    Test worker] o.h.type.descriptor.sql.BasicExtractor   : extracted value ([parent_i5_6_1_] : [BIGINT]) - [39]
2021-03-10 22:37:34.858 TRACE 20712 --- [    Test worker] o.h.type.descriptor.sql.BasicExtractor   : extracted value ([second_n3_6_1_] : [VARCHAR]) - [아마존웹서비스]
2021-03-10 22:37:34.858 TRACE 20712 --- [    Test worker] o.h.type.descriptor.sql.BasicExtractor   : extracted value ([third_na4_6_1_] : [VARCHAR]) - [null]
2021-03-10 22:37:34.858 TRACE 20712 --- [    Test worker] o.h.type.descriptor.sql.BasicExtractor   : extracted value ([parent_i5_6_0__] : [BIGINT]) - [39]
2021-03-10 22:37:34.858 TRACE 20712 --- [    Test worker] o.h.type.descriptor.sql.BasicExtractor   : extracted value ([id1_6_0__] : [BIGINT]) - [57]
Hibernate: 
    call next value for hibernate_sequence
Hibernate: 
    insert 
    into
        tag
        (first_name, parent_id, second_name, third_name, id) 
    values
        (?, ?, ?, ?, ?)
2021-03-10 22:37:34.858 TRACE 20712 --- [    Test worker] o.h.type.descriptor.sql.BasicBinder      : binding parameter [1] as [VARCHAR] - [cloud]
2021-03-10 22:37:34.858 TRACE 20712 --- [    Test worker] o.h.type.descriptor.sql.BasicBinder      : binding parameter [2] as [BIGINT] - [39]
2021-03-10 22:37:34.858 TRACE 20712 --- [    Test worker] o.h.type.descriptor.sql.BasicBinder      : binding parameter [3] as [VARCHAR] - [클라우드]
2021-03-10 22:37:34.858 TRACE 20712 --- [    Test worker] o.h.type.descriptor.sql.BasicBinder      : binding parameter [4] as [VARCHAR] - [null]
2021-03-10 22:37:34.858 TRACE 20712 --- [    Test worker] o.h.type.descriptor.sql.BasicBinder      : binding parameter [5] as [BIGINT] - [58]
Hibernate: 
    select
        tag0_.id as id1_6_0_,
        children1_.id as id1_6_1_,
        tag2_.id as id1_6_2_,
        tag0_.first_name as first_na2_6_0_,
        tag0_.parent_id as parent_i5_6_0_,
        tag0_.second_name as second_n3_6_0_,
        tag0_.third_name as third_na4_6_0_,
        children1_.first_name as first_na2_6_1_,
        children1_.parent_id as parent_i5_6_1_,
        children1_.second_name as second_n3_6_1_,
        children1_.third_name as third_na4_6_1_,
        children1_.parent_id as parent_i5_6_0__,
        children1_.id as id1_6_0__,
        tag2_.first_name as first_na2_6_2_,
        tag2_.parent_id as parent_i5_6_2_,
        tag2_.second_name as second_n3_6_2_,
        tag2_.third_name as third_na4_6_2_ 
    from
        tag tag0_ 
    left outer join
        tag children1_ 
            on tag0_.id=children1_.parent_id 
    left outer join
        tag tag2_ 
            on tag0_.parent_id=tag2_.id 
    where
        tag0_.first_name=?
2021-03-10 22:37:34.858 TRACE 20712 --- [    Test worker] o.h.type.descriptor.sql.BasicBinder      : binding parameter [1] as [VARCHAR] - [etc]
2021-03-10 22:37:34.874 TRACE 20712 --- [    Test worker] o.h.type.descriptor.sql.BasicExtractor   : extracted value ([id1_6_0_] : [BIGINT]) - [39]
2021-03-10 22:37:34.874 TRACE 20712 --- [    Test worker] o.h.type.descriptor.sql.BasicExtractor   : extracted value ([id1_6_1_] : [BIGINT]) - [40]
2021-03-10 22:37:34.874 TRACE 20712 --- [    Test worker] o.h.type.descriptor.sql.BasicExtractor   : extracted value ([id1_6_2_] : [BIGINT]) - [null]
2021-03-10 22:37:34.874 TRACE 20712 --- [    Test worker] o.h.type.descriptor.sql.BasicExtractor   : extracted value ([first_na2_6_0_] : [VARCHAR]) - [etc]
2021-03-10 22:37:34.874 TRACE 20712 --- [    Test worker] o.h.type.descriptor.sql.BasicExtractor   : extracted value ([parent_i5_6_0_] : [BIGINT]) - [null]
2021-03-10 22:37:34.874 TRACE 20712 --- [    Test worker] o.h.type.descriptor.sql.BasicExtractor   : extracted value ([second_n3_6_0_] : [VARCHAR]) - [null]
2021-03-10 22:37:34.874 TRACE 20712 --- [    Test worker] o.h.type.descriptor.sql.BasicExtractor   : extracted value ([third_na4_6_0_] : [VARCHAR]) - [null]
2021-03-10 22:37:34.874 TRACE 20712 --- [    Test worker] o.h.type.descriptor.sql.BasicExtractor   : extracted value ([first_na2_6_1_] : [VARCHAR]) - [docker]
2021-03-10 22:37:34.874 TRACE 20712 --- [    Test worker] o.h.type.descriptor.sql.BasicExtractor   : extracted value ([parent_i5_6_1_] : [BIGINT]) - [39]
2021-03-10 22:37:34.874 TRACE 20712 --- [    Test worker] o.h.type.descriptor.sql.BasicExtractor   : extracted value ([second_n3_6_1_] : [VARCHAR]) - [도커]
2021-03-10 22:37:34.874 TRACE 20712 --- [    Test worker] o.h.type.descriptor.sql.BasicExtractor   : extracted value ([third_na4_6_1_] : [VARCHAR]) - [null]
2021-03-10 22:37:34.874 TRACE 20712 --- [    Test worker] o.h.type.descriptor.sql.BasicExtractor   : extracted value ([parent_i5_6_0__] : [BIGINT]) - [39]
2021-03-10 22:37:34.874 TRACE 20712 --- [    Test worker] o.h.type.descriptor.sql.BasicExtractor   : extracted value ([id1_6_0__] : [BIGINT]) - [40]
2021-03-10 22:37:34.874 TRACE 20712 --- [    Test worker] o.h.type.descriptor.sql.BasicExtractor   : extracted value ([id1_6_0_] : [BIGINT]) - [39]
2021-03-10 22:37:34.874 TRACE 20712 --- [    Test worker] o.h.type.descriptor.sql.BasicExtractor   : extracted value ([id1_6_1_] : [BIGINT]) - [41]
2021-03-10 22:37:34.874 TRACE 20712 --- [    Test worker] o.h.type.descriptor.sql.BasicExtractor   : extracted value ([id1_6_2_] : [BIGINT]) - [null]
2021-03-10 22:37:34.874 TRACE 20712 --- [    Test worker] o.h.type.descriptor.sql.BasicExtractor   : extracted value ([first_na2_6_1_] : [VARCHAR]) - [devops]
2021-03-10 22:37:34.874 TRACE 20712 --- [    Test worker] o.h.type.descriptor.sql.BasicExtractor   : extracted value ([parent_i5_6_1_] : [BIGINT]) - [39]
2021-03-10 22:37:34.874 TRACE 20712 --- [    Test worker] o.h.type.descriptor.sql.BasicExtractor   : extracted value ([second_n3_6_1_] : [VARCHAR]) - [데브옵스]
2021-03-10 22:37:34.874 TRACE 20712 --- [    Test worker] o.h.type.descriptor.sql.BasicExtractor   : extracted value ([third_na4_6_1_] : [VARCHAR]) - [null]
2021-03-10 22:37:34.874 TRACE 20712 --- [    Test worker] o.h.type.descriptor.sql.BasicExtractor   : extracted value ([parent_i5_6_0__] : [BIGINT]) - [39]
2021-03-10 22:37:34.874 TRACE 20712 --- [    Test worker] o.h.type.descriptor.sql.BasicExtractor   : extracted value ([id1_6_0__] : [BIGINT]) - [41]
2021-03-10 22:37:34.874 TRACE 20712 --- [    Test worker] o.h.type.descriptor.sql.BasicExtractor   : extracted value ([id1_6_0_] : [BIGINT]) - [39]
2021-03-10 22:37:34.874 TRACE 20712 --- [    Test worker] o.h.type.descriptor.sql.BasicExtractor   : extracted value ([id1_6_1_] : [BIGINT]) - [42]
2021-03-10 22:37:34.874 TRACE 20712 --- [    Test worker] o.h.type.descriptor.sql.BasicExtractor   : extracted value ([id1_6_2_] : [BIGINT]) - [null]
2021-03-10 22:37:34.874 TRACE 20712 --- [    Test worker] o.h.type.descriptor.sql.BasicExtractor   : extracted value ([first_na2_6_1_] : [VARCHAR]) - [kubernetes]
2021-03-10 22:37:34.874 TRACE 20712 --- [    Test worker] o.h.type.descriptor.sql.BasicExtractor   : extracted value ([parent_i5_6_1_] : [BIGINT]) - [39]
2021-03-10 22:37:34.874 TRACE 20712 --- [    Test worker] o.h.type.descriptor.sql.BasicExtractor   : extracted value ([second_n3_6_1_] : [VARCHAR]) - [쿠버네티스]
2021-03-10 22:37:34.874 TRACE 20712 --- [    Test worker] o.h.type.descriptor.sql.BasicExtractor   : extracted value ([third_na4_6_1_] : [VARCHAR]) - [null]
2021-03-10 22:37:34.874 TRACE 20712 --- [    Test worker] o.h.type.descriptor.sql.BasicExtractor   : extracted value ([parent_i5_6_0__] : [BIGINT]) - [39]
2021-03-10 22:37:34.874 TRACE 20712 --- [    Test worker] o.h.type.descriptor.sql.BasicExtractor   : extracted value ([id1_6_0__] : [BIGINT]) - [42]
2021-03-10 22:37:34.874 TRACE 20712 --- [    Test worker] o.h.type.descriptor.sql.BasicExtractor   : extracted value ([id1_6_0_] : [BIGINT]) - [39]
2021-03-10 22:37:34.874 TRACE 20712 --- [    Test worker] o.h.type.descriptor.sql.BasicExtractor   : extracted value ([id1_6_1_] : [BIGINT]) - [43]
2021-03-10 22:37:34.874 TRACE 20712 --- [    Test worker] o.h.type.descriptor.sql.BasicExtractor   : extracted value ([id1_6_2_] : [BIGINT]) - [null]
2021-03-10 22:37:34.874 TRACE 20712 --- [    Test worker] o.h.type.descriptor.sql.BasicExtractor   : extracted value ([first_na2_6_1_] : [VARCHAR]) - [algorithm]
2021-03-10 22:37:34.874 TRACE 20712 --- [    Test worker] o.h.type.descriptor.sql.BasicExtractor   : extracted value ([parent_i5_6_1_] : [BIGINT]) - [39]
2021-03-10 22:37:34.874 TRACE 20712 --- [    Test worker] o.h.type.descriptor.sql.BasicExtractor   : extracted value ([second_n3_6_1_] : [VARCHAR]) - [알고리즘]
2021-03-10 22:37:34.874 TRACE 20712 --- [    Test worker] o.h.type.descriptor.sql.BasicExtractor   : extracted value ([third_na4_6_1_] : [VARCHAR]) - [null]
2021-03-10 22:37:34.874 TRACE 20712 --- [    Test worker] o.h.type.descriptor.sql.BasicExtractor   : extracted value ([parent_i5_6_0__] : [BIGINT]) - [39]
2021-03-10 22:37:34.874 TRACE 20712 --- [    Test worker] o.h.type.descriptor.sql.BasicExtractor   : extracted value ([id1_6_0__] : [BIGINT]) - [43]
2021-03-10 22:37:34.874 TRACE 20712 --- [    Test worker] o.h.type.descriptor.sql.BasicExtractor   : extracted value ([id1_6_0_] : [BIGINT]) - [39]
2021-03-10 22:37:34.874 TRACE 20712 --- [    Test worker] o.h.type.descriptor.sql.BasicExtractor   : extracted value ([id1_6_1_] : [BIGINT]) - [44]
2021-03-10 22:37:34.874 TRACE 20712 --- [    Test worker] o.h.type.descriptor.sql.BasicExtractor   : extracted value ([id1_6_2_] : [BIGINT]) - [null]
2021-03-10 22:37:34.874 TRACE 20712 --- [    Test worker] o.h.type.descriptor.sql.BasicExtractor   : extracted value ([first_na2_6_1_] : [VARCHAR]) - [data-structure]
2021-03-10 22:37:34.874 TRACE 20712 --- [    Test worker] o.h.type.descriptor.sql.BasicExtractor   : extracted value ([parent_i5_6_1_] : [BIGINT]) - [39]
2021-03-10 22:37:34.874 TRACE 20712 --- [    Test worker] o.h.type.descriptor.sql.BasicExtractor   : extracted value ([second_n3_6_1_] : [VARCHAR]) - [자료구조]
2021-03-10 22:37:34.874 TRACE 20712 --- [    Test worker] o.h.type.descriptor.sql.BasicExtractor   : extracted value ([third_na4_6_1_] : [VARCHAR]) - [null]
2021-03-10 22:37:34.874 TRACE 20712 --- [    Test worker] o.h.type.descriptor.sql.BasicExtractor   : extracted value ([parent_i5_6_0__] : [BIGINT]) - [39]
2021-03-10 22:37:34.874 TRACE 20712 --- [    Test worker] o.h.type.descriptor.sql.BasicExtractor   : extracted value ([id1_6_0__] : [BIGINT]) - [44]
2021-03-10 22:37:34.874 TRACE 20712 --- [    Test worker] o.h.type.descriptor.sql.BasicExtractor   : extracted value ([id1_6_0_] : [BIGINT]) - [39]
2021-03-10 22:37:34.874 TRACE 20712 --- [    Test worker] o.h.type.descriptor.sql.BasicExtractor   : extracted value ([id1_6_1_] : [BIGINT]) - [45]
2021-03-10 22:37:34.874 TRACE 20712 --- [    Test worker] o.h.type.descriptor.sql.BasicExtractor   : extracted value ([id1_6_2_] : [BIGINT]) - [null]
2021-03-10 22:37:34.874 TRACE 20712 --- [    Test worker] o.h.type.descriptor.sql.BasicExtractor   : extracted value ([first_na2_6_1_] : [VARCHAR]) - [system]
2021-03-10 22:37:34.874 TRACE 20712 --- [    Test worker] o.h.type.descriptor.sql.BasicExtractor   : extracted value ([parent_i5_6_1_] : [BIGINT]) - [39]
2021-03-10 22:37:34.874 TRACE 20712 --- [    Test worker] o.h.type.descriptor.sql.BasicExtractor   : extracted value ([second_n3_6_1_] : [VARCHAR]) - [시스템]
2021-03-10 22:37:34.874 TRACE 20712 --- [    Test worker] o.h.type.descriptor.sql.BasicExtractor   : extracted value ([third_na4_6_1_] : [VARCHAR]) - [null]
2021-03-10 22:37:34.874 TRACE 20712 --- [    Test worker] o.h.type.descriptor.sql.BasicExtractor   : extracted value ([parent_i5_6_0__] : [BIGINT]) - [39]
2021-03-10 22:37:34.874 TRACE 20712 --- [    Test worker] o.h.type.descriptor.sql.BasicExtractor   : extracted value ([id1_6_0__] : [BIGINT]) - [45]
2021-03-10 22:37:34.874 TRACE 20712 --- [    Test worker] o.h.type.descriptor.sql.BasicExtractor   : extracted value ([id1_6_0_] : [BIGINT]) - [39]
2021-03-10 22:37:34.874 TRACE 20712 --- [    Test worker] o.h.type.descriptor.sql.BasicExtractor   : extracted value ([id1_6_1_] : [BIGINT]) - [46]
2021-03-10 22:37:34.874 TRACE 20712 --- [    Test worker] o.h.type.descriptor.sql.BasicExtractor   : extracted value ([id1_6_2_] : [BIGINT]) - [null]
2021-03-10 22:37:34.874 TRACE 20712 --- [    Test worker] o.h.type.descriptor.sql.BasicExtractor   : extracted value ([first_na2_6_1_] : [VARCHAR]) - [database]
2021-03-10 22:37:34.874 TRACE 20712 --- [    Test worker] o.h.type.descriptor.sql.BasicExtractor   : extracted value ([parent_i5_6_1_] : [BIGINT]) - [39]
2021-03-10 22:37:34.874 TRACE 20712 --- [    Test worker] o.h.type.descriptor.sql.BasicExtractor   : extracted value ([second_n3_6_1_] : [VARCHAR]) - [데이터베이스]
2021-03-10 22:37:34.874 TRACE 20712 --- [    Test worker] o.h.type.descriptor.sql.BasicExtractor   : extracted value ([third_na4_6_1_] : [VARCHAR]) - [null]
2021-03-10 22:37:34.874 TRACE 20712 --- [    Test worker] o.h.type.descriptor.sql.BasicExtractor   : extracted value ([parent_i5_6_0__] : [BIGINT]) - [39]
2021-03-10 22:37:34.874 TRACE 20712 --- [    Test worker] o.h.type.descriptor.sql.BasicExtractor   : extracted value ([id1_6_0__] : [BIGINT]) - [46]
2021-03-10 22:37:34.874 TRACE 20712 --- [    Test worker] o.h.type.descriptor.sql.BasicExtractor   : extracted value ([id1_6_0_] : [BIGINT]) - [39]
2021-03-10 22:37:34.874 TRACE 20712 --- [    Test worker] o.h.type.descriptor.sql.BasicExtractor   : extracted value ([id1_6_1_] : [BIGINT]) - [47]
2021-03-10 22:37:34.874 TRACE 20712 --- [    Test worker] o.h.type.descriptor.sql.BasicExtractor   : extracted value ([id1_6_2_] : [BIGINT]) - [null]
2021-03-10 22:37:34.874 TRACE 20712 --- [    Test worker] o.h.type.descriptor.sql.BasicExtractor   : extracted value ([first_na2_6_1_] : [VARCHAR]) - [network]
2021-03-10 22:37:34.874 TRACE 20712 --- [    Test worker] o.h.type.descriptor.sql.BasicExtractor   : extracted value ([parent_i5_6_1_] : [BIGINT]) - [39]
2021-03-10 22:37:34.874 TRACE 20712 --- [    Test worker] o.h.type.descriptor.sql.BasicExtractor   : extracted value ([second_n3_6_1_] : [VARCHAR]) - [네트워크]
2021-03-10 22:37:34.874 TRACE 20712 --- [    Test worker] o.h.type.descriptor.sql.BasicExtractor   : extracted value ([third_na4_6_1_] : [VARCHAR]) - [null]
2021-03-10 22:37:34.874 TRACE 20712 --- [    Test worker] o.h.type.descriptor.sql.BasicExtractor   : extracted value ([parent_i5_6_0__] : [BIGINT]) - [39]
2021-03-10 22:37:34.874 TRACE 20712 --- [    Test worker] o.h.type.descriptor.sql.BasicExtractor   : extracted value ([id1_6_0__] : [BIGINT]) - [47]
2021-03-10 22:37:34.874 TRACE 20712 --- [    Test worker] o.h.type.descriptor.sql.BasicExtractor   : extracted value ([id1_6_0_] : [BIGINT]) - [39]
2021-03-10 22:37:34.874 TRACE 20712 --- [    Test worker] o.h.type.descriptor.sql.BasicExtractor   : extracted value ([id1_6_1_] : [BIGINT]) - [48]
2021-03-10 22:37:34.874 TRACE 20712 --- [    Test worker] o.h.type.descriptor.sql.BasicExtractor   : extracted value ([id1_6_2_] : [BIGINT]) - [null]
2021-03-10 22:37:34.874 TRACE 20712 --- [    Test worker] o.h.type.descriptor.sql.BasicExtractor   : extracted value ([first_na2_6_1_] : [VARCHAR]) - [os]
2021-03-10 22:37:34.874 TRACE 20712 --- [    Test worker] o.h.type.descriptor.sql.BasicExtractor   : extracted value ([parent_i5_6_1_] : [BIGINT]) - [39]
2021-03-10 22:37:34.874 TRACE 20712 --- [    Test worker] o.h.type.descriptor.sql.BasicExtractor   : extracted value ([second_n3_6_1_] : [VARCHAR]) - [운영체제]
2021-03-10 22:37:34.874 TRACE 20712 --- [    Test worker] o.h.type.descriptor.sql.BasicExtractor   : extracted value ([third_na4_6_1_] : [VARCHAR]) - [null]
2021-03-10 22:37:34.874 TRACE 20712 --- [    Test worker] o.h.type.descriptor.sql.BasicExtractor   : extracted value ([parent_i5_6_0__] : [BIGINT]) - [39]
2021-03-10 22:37:34.874 TRACE 20712 --- [    Test worker] o.h.type.descriptor.sql.BasicExtractor   : extracted value ([id1_6_0__] : [BIGINT]) - [48]
2021-03-10 22:37:34.874 TRACE 20712 --- [    Test worker] o.h.type.descriptor.sql.BasicExtractor   : extracted value ([id1_6_0_] : [BIGINT]) - [39]
2021-03-10 22:37:34.874 TRACE 20712 --- [    Test worker] o.h.type.descriptor.sql.BasicExtractor   : extracted value ([id1_6_1_] : [BIGINT]) - [49]
2021-03-10 22:37:34.874 TRACE 20712 --- [    Test worker] o.h.type.descriptor.sql.BasicExtractor   : extracted value ([id1_6_2_] : [BIGINT]) - [null]
2021-03-10 22:37:34.874 TRACE 20712 --- [    Test worker] o.h.type.descriptor.sql.BasicExtractor   : extracted value ([first_na2_6_1_] : [VARCHAR]) - [linux]
2021-03-10 22:37:34.874 TRACE 20712 --- [    Test worker] o.h.type.descriptor.sql.BasicExtractor   : extracted value ([parent_i5_6_1_] : [BIGINT]) - [39]
2021-03-10 22:37:34.874 TRACE 20712 --- [    Test worker] o.h.type.descriptor.sql.BasicExtractor   : extracted value ([second_n3_6_1_] : [VARCHAR]) - [리눅스]
2021-03-10 22:37:34.874 TRACE 20712 --- [    Test worker] o.h.type.descriptor.sql.BasicExtractor   : extracted value ([third_na4_6_1_] : [VARCHAR]) - [null]
2021-03-10 22:37:34.874 TRACE 20712 --- [    Test worker] o.h.type.descriptor.sql.BasicExtractor   : extracted value ([parent_i5_6_0__] : [BIGINT]) - [39]
2021-03-10 22:37:34.874 TRACE 20712 --- [    Test worker] o.h.type.descriptor.sql.BasicExtractor   : extracted value ([id1_6_0__] : [BIGINT]) - [49]
2021-03-10 22:37:34.874 TRACE 20712 --- [    Test worker] o.h.type.descriptor.sql.BasicExtractor   : extracted value ([id1_6_0_] : [BIGINT]) - [39]
2021-03-10 22:37:34.874 TRACE 20712 --- [    Test worker] o.h.type.descriptor.sql.BasicExtractor   : extracted value ([id1_6_1_] : [BIGINT]) - [50]
2021-03-10 22:37:34.874 TRACE 20712 --- [    Test worker] o.h.type.descriptor.sql.BasicExtractor   : extracted value ([id1_6_2_] : [BIGINT]) - [null]
2021-03-10 22:37:34.874 TRACE 20712 --- [    Test worker] o.h.type.descriptor.sql.BasicExtractor   : extracted value ([first_na2_6_1_] : [VARCHAR]) - [android]
2021-03-10 22:37:34.874 TRACE 20712 --- [    Test worker] o.h.type.descriptor.sql.BasicExtractor   : extracted value ([parent_i5_6_1_] : [BIGINT]) - [39]
2021-03-10 22:37:34.874 TRACE 20712 --- [    Test worker] o.h.type.descriptor.sql.BasicExtractor   : extracted value ([second_n3_6_1_] : [VARCHAR]) - [안드로이드]
2021-03-10 22:37:34.874 TRACE 20712 --- [    Test worker] o.h.type.descriptor.sql.BasicExtractor   : extracted value ([third_na4_6_1_] : [VARCHAR]) - [null]
2021-03-10 22:37:34.874 TRACE 20712 --- [    Test worker] o.h.type.descriptor.sql.BasicExtractor   : extracted value ([parent_i5_6_0__] : [BIGINT]) - [39]
2021-03-10 22:37:34.874 TRACE 20712 --- [    Test worker] o.h.type.descriptor.sql.BasicExtractor   : extracted value ([id1_6_0__] : [BIGINT]) - [50]
2021-03-10 22:37:34.874 TRACE 20712 --- [    Test worker] o.h.type.descriptor.sql.BasicExtractor   : extracted value ([id1_6_0_] : [BIGINT]) - [39]
2021-03-10 22:37:34.874 TRACE 20712 --- [    Test worker] o.h.type.descriptor.sql.BasicExtractor   : extracted value ([id1_6_1_] : [BIGINT]) - [51]
2021-03-10 22:37:34.874 TRACE 20712 --- [    Test worker] o.h.type.descriptor.sql.BasicExtractor   : extracted value ([id1_6_2_] : [BIGINT]) - [null]
2021-03-10 22:37:34.874 TRACE 20712 --- [    Test worker] o.h.type.descriptor.sql.BasicExtractor   : extracted value ([first_na2_6_1_] : [VARCHAR]) - [ios]
2021-03-10 22:37:34.874 TRACE 20712 --- [    Test worker] o.h.type.descriptor.sql.BasicExtractor   : extracted value ([parent_i5_6_1_] : [BIGINT]) - [39]
2021-03-10 22:37:34.874 TRACE 20712 --- [    Test worker] o.h.type.descriptor.sql.BasicExtractor   : extracted value ([second_n3_6_1_] : [VARCHAR]) - [mac-os]
2021-03-10 22:37:34.874 TRACE 20712 --- [    Test worker] o.h.type.descriptor.sql.BasicExtractor   : extracted value ([third_na4_6_1_] : [VARCHAR]) - [맥os]
2021-03-10 22:37:34.874 TRACE 20712 --- [    Test worker] o.h.type.descriptor.sql.BasicExtractor   : extracted value ([parent_i5_6_0__] : [BIGINT]) - [39]
2021-03-10 22:37:34.874 TRACE 20712 --- [    Test worker] o.h.type.descriptor.sql.BasicExtractor   : extracted value ([id1_6_0__] : [BIGINT]) - [51]
2021-03-10 22:37:34.874 TRACE 20712 --- [    Test worker] o.h.type.descriptor.sql.BasicExtractor   : extracted value ([id1_6_0_] : [BIGINT]) - [39]
2021-03-10 22:37:34.874 TRACE 20712 --- [    Test worker] o.h.type.descriptor.sql.BasicExtractor   : extracted value ([id1_6_1_] : [BIGINT]) - [52]
2021-03-10 22:37:34.874 TRACE 20712 --- [    Test worker] o.h.type.descriptor.sql.BasicExtractor   : extracted value ([id1_6_2_] : [BIGINT]) - [null]
2021-03-10 22:37:34.874 TRACE 20712 --- [    Test worker] o.h.type.descriptor.sql.BasicExtractor   : extracted value ([first_na2_6_1_] : [VARCHAR]) - [data-science]
2021-03-10 22:37:34.874 TRACE 20712 --- [    Test worker] o.h.type.descriptor.sql.BasicExtractor   : extracted value ([parent_i5_6_1_] : [BIGINT]) - [39]
2021-03-10 22:37:34.874 TRACE 20712 --- [    Test worker] o.h.type.descriptor.sql.BasicExtractor   : extracted value ([second_n3_6_1_] : [VARCHAR]) - [데이터사이언스]
2021-03-10 22:37:34.874 TRACE 20712 --- [    Test worker] o.h.type.descriptor.sql.BasicExtractor   : extracted value ([third_na4_6_1_] : [VARCHAR]) - [DS]
2021-03-10 22:37:34.874 TRACE 20712 --- [    Test worker] o.h.type.descriptor.sql.BasicExtractor   : extracted value ([parent_i5_6_0__] : [BIGINT]) - [39]
2021-03-10 22:37:34.874 TRACE 20712 --- [    Test worker] o.h.type.descriptor.sql.BasicExtractor   : extracted value ([id1_6_0__] : [BIGINT]) - [52]
2021-03-10 22:37:34.874 TRACE 20712 --- [    Test worker] o.h.type.descriptor.sql.BasicExtractor   : extracted value ([id1_6_0_] : [BIGINT]) - [39]
2021-03-10 22:37:34.874 TRACE 20712 --- [    Test worker] o.h.type.descriptor.sql.BasicExtractor   : extracted value ([id1_6_1_] : [BIGINT]) - [53]
2021-03-10 22:37:34.874 TRACE 20712 --- [    Test worker] o.h.type.descriptor.sql.BasicExtractor   : extracted value ([id1_6_2_] : [BIGINT]) - [null]
2021-03-10 22:37:34.874 TRACE 20712 --- [    Test worker] o.h.type.descriptor.sql.BasicExtractor   : extracted value ([first_na2_6_1_] : [VARCHAR]) - [AI]
2021-03-10 22:37:34.874 TRACE 20712 --- [    Test worker] o.h.type.descriptor.sql.BasicExtractor   : extracted value ([parent_i5_6_1_] : [BIGINT]) - [39]
2021-03-10 22:37:34.874 TRACE 20712 --- [    Test worker] o.h.type.descriptor.sql.BasicExtractor   : extracted value ([second_n3_6_1_] : [VARCHAR]) - [인공지능]
2021-03-10 22:37:34.874 TRACE 20712 --- [    Test worker] o.h.type.descriptor.sql.BasicExtractor   : extracted value ([third_na4_6_1_] : [VARCHAR]) - [null]
2021-03-10 22:37:34.874 TRACE 20712 --- [    Test worker] o.h.type.descriptor.sql.BasicExtractor   : extracted value ([parent_i5_6_0__] : [BIGINT]) - [39]
2021-03-10 22:37:34.874 TRACE 20712 --- [    Test worker] o.h.type.descriptor.sql.BasicExtractor   : extracted value ([id1_6_0__] : [BIGINT]) - [53]
2021-03-10 22:37:34.874 TRACE 20712 --- [    Test worker] o.h.type.descriptor.sql.BasicExtractor   : extracted value ([id1_6_0_] : [BIGINT]) - [39]
2021-03-10 22:37:34.874 TRACE 20712 --- [    Test worker] o.h.type.descriptor.sql.BasicExtractor   : extracted value ([id1_6_1_] : [BIGINT]) - [54]
2021-03-10 22:37:34.874 TRACE 20712 --- [    Test worker] o.h.type.descriptor.sql.BasicExtractor   : extracted value ([id1_6_2_] : [BIGINT]) - [null]
2021-03-10 22:37:34.874 TRACE 20712 --- [    Test worker] o.h.type.descriptor.sql.BasicExtractor   : extracted value ([first_na2_6_1_] : [VARCHAR]) - [TDD]
2021-03-10 22:37:34.874 TRACE 20712 --- [    Test worker] o.h.type.descriptor.sql.BasicExtractor   : extracted value ([parent_i5_6_1_] : [BIGINT]) - [39]
2021-03-10 22:37:34.874 TRACE 20712 --- [    Test worker] o.h.type.descriptor.sql.BasicExtractor   : extracted value ([second_n3_6_1_] : [VARCHAR]) - [테스트 주도 개발]
2021-03-10 22:37:34.874 TRACE 20712 --- [    Test worker] o.h.type.descriptor.sql.BasicExtractor   : extracted value ([third_na4_6_1_] : [VARCHAR]) - [null]
2021-03-10 22:37:34.874 TRACE 20712 --- [    Test worker] o.h.type.descriptor.sql.BasicExtractor   : extracted value ([parent_i5_6_0__] : [BIGINT]) - [39]
2021-03-10 22:37:34.874 TRACE 20712 --- [    Test worker] o.h.type.descriptor.sql.BasicExtractor   : extracted value ([id1_6_0__] : [BIGINT]) - [54]
2021-03-10 22:37:34.874 TRACE 20712 --- [    Test worker] o.h.type.descriptor.sql.BasicExtractor   : extracted value ([id1_6_0_] : [BIGINT]) - [39]
2021-03-10 22:37:34.874 TRACE 20712 --- [    Test worker] o.h.type.descriptor.sql.BasicExtractor   : extracted value ([id1_6_1_] : [BIGINT]) - [55]
2021-03-10 22:37:34.874 TRACE 20712 --- [    Test worker] o.h.type.descriptor.sql.BasicExtractor   : extracted value ([id1_6_2_] : [BIGINT]) - [null]
2021-03-10 22:37:34.874 TRACE 20712 --- [    Test worker] o.h.type.descriptor.sql.BasicExtractor   : extracted value ([first_na2_6_1_] : [VARCHAR]) - [Design-Pattern]
2021-03-10 22:37:34.874 TRACE 20712 --- [    Test worker] o.h.type.descriptor.sql.BasicExtractor   : extracted value ([parent_i5_6_1_] : [BIGINT]) - [39]
2021-03-10 22:37:34.874 TRACE 20712 --- [    Test worker] o.h.type.descriptor.sql.BasicExtractor   : extracted value ([second_n3_6_1_] : [VARCHAR]) - [디자인 패턴]
2021-03-10 22:37:34.874 TRACE 20712 --- [    Test worker] o.h.type.descriptor.sql.BasicExtractor   : extracted value ([third_na4_6_1_] : [VARCHAR]) - [null]
2021-03-10 22:37:34.874 TRACE 20712 --- [    Test worker] o.h.type.descriptor.sql.BasicExtractor   : extracted value ([parent_i5_6_0__] : [BIGINT]) - [39]
2021-03-10 22:37:34.874 TRACE 20712 --- [    Test worker] o.h.type.descriptor.sql.BasicExtractor   : extracted value ([id1_6_0__] : [BIGINT]) - [55]
2021-03-10 22:37:34.874 TRACE 20712 --- [    Test worker] o.h.type.descriptor.sql.BasicExtractor   : extracted value ([id1_6_0_] : [BIGINT]) - [39]
2021-03-10 22:37:34.874 TRACE 20712 --- [    Test worker] o.h.type.descriptor.sql.BasicExtractor   : extracted value ([id1_6_1_] : [BIGINT]) - [56]
2021-03-10 22:37:34.874 TRACE 20712 --- [    Test worker] o.h.type.descriptor.sql.BasicExtractor   : extracted value ([id1_6_2_] : [BIGINT]) - [null]
2021-03-10 22:37:34.874 TRACE 20712 --- [    Test worker] o.h.type.descriptor.sql.BasicExtractor   : extracted value ([first_na2_6_1_] : [VARCHAR]) - [microservice]
2021-03-10 22:37:34.874 TRACE 20712 --- [    Test worker] o.h.type.descriptor.sql.BasicExtractor   : extracted value ([parent_i5_6_1_] : [BIGINT]) - [39]
2021-03-10 22:37:34.874 TRACE 20712 --- [    Test worker] o.h.type.descriptor.sql.BasicExtractor   : extracted value ([second_n3_6_1_] : [VARCHAR]) - [마이크로서비스]
2021-03-10 22:37:34.874 TRACE 20712 --- [    Test worker] o.h.type.descriptor.sql.BasicExtractor   : extracted value ([third_na4_6_1_] : [VARCHAR]) - [null]
2021-03-10 22:37:34.874 TRACE 20712 --- [    Test worker] o.h.type.descriptor.sql.BasicExtractor   : extracted value ([parent_i5_6_0__] : [BIGINT]) - [39]
2021-03-10 22:37:34.874 TRACE 20712 --- [    Test worker] o.h.type.descriptor.sql.BasicExtractor   : extracted value ([id1_6_0__] : [BIGINT]) - [56]
2021-03-10 22:37:34.874 TRACE 20712 --- [    Test worker] o.h.type.descriptor.sql.BasicExtractor   : extracted value ([id1_6_0_] : [BIGINT]) - [39]
2021-03-10 22:37:34.874 TRACE 20712 --- [    Test worker] o.h.type.descriptor.sql.BasicExtractor   : extracted value ([id1_6_1_] : [BIGINT]) - [57]
2021-03-10 22:37:34.874 TRACE 20712 --- [    Test worker] o.h.type.descriptor.sql.BasicExtractor   : extracted value ([id1_6_2_] : [BIGINT]) - [null]
2021-03-10 22:37:34.874 TRACE 20712 --- [    Test worker] o.h.type.descriptor.sql.BasicExtractor   : extracted value ([first_na2_6_1_] : [VARCHAR]) - [AWS]
2021-03-10 22:37:34.874 TRACE 20712 --- [    Test worker] o.h.type.descriptor.sql.BasicExtractor   : extracted value ([parent_i5_6_1_] : [BIGINT]) - [39]
2021-03-10 22:37:34.874 TRACE 20712 --- [    Test worker] o.h.type.descriptor.sql.BasicExtractor   : extracted value ([second_n3_6_1_] : [VARCHAR]) - [아마존웹서비스]
2021-03-10 22:37:34.874 TRACE 20712 --- [    Test worker] o.h.type.descriptor.sql.BasicExtractor   : extracted value ([third_na4_6_1_] : [VARCHAR]) - [null]
2021-03-10 22:37:34.874 TRACE 20712 --- [    Test worker] o.h.type.descriptor.sql.BasicExtractor   : extracted value ([parent_i5_6_0__] : [BIGINT]) - [39]
2021-03-10 22:37:34.874 TRACE 20712 --- [    Test worker] o.h.type.descriptor.sql.BasicExtractor   : extracted value ([id1_6_0__] : [BIGINT]) - [57]
2021-03-10 22:37:34.874 TRACE 20712 --- [    Test worker] o.h.type.descriptor.sql.BasicExtractor   : extracted value ([id1_6_0_] : [BIGINT]) - [39]
2021-03-10 22:37:34.874 TRACE 20712 --- [    Test worker] o.h.type.descriptor.sql.BasicExtractor   : extracted value ([id1_6_1_] : [BIGINT]) - [58]
2021-03-10 22:37:34.874 TRACE 20712 --- [    Test worker] o.h.type.descriptor.sql.BasicExtractor   : extracted value ([id1_6_2_] : [BIGINT]) - [null]
2021-03-10 22:37:34.874 TRACE 20712 --- [    Test worker] o.h.type.descriptor.sql.BasicExtractor   : extracted value ([first_na2_6_1_] : [VARCHAR]) - [cloud]
2021-03-10 22:37:34.874 TRACE 20712 --- [    Test worker] o.h.type.descriptor.sql.BasicExtractor   : extracted value ([parent_i5_6_1_] : [BIGINT]) - [39]
2021-03-10 22:37:34.874 TRACE 20712 --- [    Test worker] o.h.type.descriptor.sql.BasicExtractor   : extracted value ([second_n3_6_1_] : [VARCHAR]) - [클라우드]
2021-03-10 22:37:34.874 TRACE 20712 --- [    Test worker] o.h.type.descriptor.sql.BasicExtractor   : extracted value ([third_na4_6_1_] : [VARCHAR]) - [null]
2021-03-10 22:37:34.874 TRACE 20712 --- [    Test worker] o.h.type.descriptor.sql.BasicExtractor   : extracted value ([parent_i5_6_0__] : [BIGINT]) - [39]
2021-03-10 22:37:34.874 TRACE 20712 --- [    Test worker] o.h.type.descriptor.sql.BasicExtractor   : extracted value ([id1_6_0__] : [BIGINT]) - [58]
Hibernate: 
    call next value for hibernate_sequence
Hibernate: 
    insert 
    into
        tag
        (first_name, parent_id, second_name, third_name, id) 
    values
        (?, ?, ?, ?, ?)
2021-03-10 22:37:34.874 TRACE 20712 --- [    Test worker] o.h.type.descriptor.sql.BasicBinder      : binding parameter [1] as [VARCHAR] - [git]
2021-03-10 22:37:34.874 TRACE 20712 --- [    Test worker] o.h.type.descriptor.sql.BasicBinder      : binding parameter [2] as [BIGINT] - [39]
2021-03-10 22:37:34.874 TRACE 20712 --- [    Test worker] o.h.type.descriptor.sql.BasicBinder      : binding parameter [3] as [VARCHAR] - [깃]
2021-03-10 22:37:34.874 TRACE 20712 --- [    Test worker] o.h.type.descriptor.sql.BasicBinder      : binding parameter [4] as [VARCHAR] - [github]
2021-03-10 22:37:34.874 TRACE 20712 --- [    Test worker] o.h.type.descriptor.sql.BasicBinder      : binding parameter [5] as [BIGINT] - [59]
Hibernate: 
    select
        tag0_.id as id1_6_0_,
        children1_.id as id1_6_1_,
        tag2_.id as id1_6_2_,
        tag0_.first_name as first_na2_6_0_,
        tag0_.parent_id as parent_i5_6_0_,
        tag0_.second_name as second_n3_6_0_,
        tag0_.third_name as third_na4_6_0_,
        children1_.first_name as first_na2_6_1_,
        children1_.parent_id as parent_i5_6_1_,
        children1_.second_name as second_n3_6_1_,
        children1_.third_name as third_na4_6_1_,
        children1_.parent_id as parent_i5_6_0__,
        children1_.id as id1_6_0__,
        tag2_.first_name as first_na2_6_2_,
        tag2_.parent_id as parent_i5_6_2_,
        tag2_.second_name as second_n3_6_2_,
        tag2_.third_name as third_na4_6_2_ 
    from
        tag tag0_ 
    left outer join
        tag children1_ 
            on tag0_.id=children1_.parent_id 
    left outer join
        tag tag2_ 
            on tag0_.parent_id=tag2_.id 
    where
        tag0_.first_name=?
2021-03-10 22:37:34.874 TRACE 20712 --- [    Test worker] o.h.type.descriptor.sql.BasicBinder      : binding parameter [1] as [VARCHAR] - [etc]
2021-03-10 22:37:34.874 TRACE 20712 --- [    Test worker] o.h.type.descriptor.sql.BasicExtractor   : extracted value ([id1_6_0_] : [BIGINT]) - [39]
2021-03-10 22:37:34.874 TRACE 20712 --- [    Test worker] o.h.type.descriptor.sql.BasicExtractor   : extracted value ([id1_6_1_] : [BIGINT]) - [40]
2021-03-10 22:37:34.874 TRACE 20712 --- [    Test worker] o.h.type.descriptor.sql.BasicExtractor   : extracted value ([id1_6_2_] : [BIGINT]) - [null]
2021-03-10 22:37:34.874 TRACE 20712 --- [    Test worker] o.h.type.descriptor.sql.BasicExtractor   : extracted value ([first_na2_6_0_] : [VARCHAR]) - [etc]
2021-03-10 22:37:34.874 TRACE 20712 --- [    Test worker] o.h.type.descriptor.sql.BasicExtractor   : extracted value ([parent_i5_6_0_] : [BIGINT]) - [null]
2021-03-10 22:37:34.874 TRACE 20712 --- [    Test worker] o.h.type.descriptor.sql.BasicExtractor   : extracted value ([second_n3_6_0_] : [VARCHAR]) - [null]
2021-03-10 22:37:34.874 TRACE 20712 --- [    Test worker] o.h.type.descriptor.sql.BasicExtractor   : extracted value ([third_na4_6_0_] : [VARCHAR]) - [null]
2021-03-10 22:37:34.874 TRACE 20712 --- [    Test worker] o.h.type.descriptor.sql.BasicExtractor   : extracted value ([first_na2_6_1_] : [VARCHAR]) - [docker]
2021-03-10 22:37:34.874 TRACE 20712 --- [    Test worker] o.h.type.descriptor.sql.BasicExtractor   : extracted value ([parent_i5_6_1_] : [BIGINT]) - [39]
2021-03-10 22:37:34.874 TRACE 20712 --- [    Test worker] o.h.type.descriptor.sql.BasicExtractor   : extracted value ([second_n3_6_1_] : [VARCHAR]) - [도커]
2021-03-10 22:37:34.874 TRACE 20712 --- [    Test worker] o.h.type.descriptor.sql.BasicExtractor   : extracted value ([third_na4_6_1_] : [VARCHAR]) - [null]
2021-03-10 22:37:34.874 TRACE 20712 --- [    Test worker] o.h.type.descriptor.sql.BasicExtractor   : extracted value ([parent_i5_6_0__] : [BIGINT]) - [39]
2021-03-10 22:37:34.874 TRACE 20712 --- [    Test worker] o.h.type.descriptor.sql.BasicExtractor   : extracted value ([id1_6_0__] : [BIGINT]) - [40]
2021-03-10 22:37:34.874 TRACE 20712 --- [    Test worker] o.h.type.descriptor.sql.BasicExtractor   : extracted value ([id1_6_0_] : [BIGINT]) - [39]
2021-03-10 22:37:34.874 TRACE 20712 --- [    Test worker] o.h.type.descriptor.sql.BasicExtractor   : extracted value ([id1_6_1_] : [BIGINT]) - [41]
2021-03-10 22:37:34.874 TRACE 20712 --- [    Test worker] o.h.type.descriptor.sql.BasicExtractor   : extracted value ([id1_6_2_] : [BIGINT]) - [null]
2021-03-10 22:37:34.874 TRACE 20712 --- [    Test worker] o.h.type.descriptor.sql.BasicExtractor   : extracted value ([first_na2_6_1_] : [VARCHAR]) - [devops]
2021-03-10 22:37:34.874 TRACE 20712 --- [    Test worker] o.h.type.descriptor.sql.BasicExtractor   : extracted value ([parent_i5_6_1_] : [BIGINT]) - [39]
2021-03-10 22:37:34.874 TRACE 20712 --- [    Test worker] o.h.type.descriptor.sql.BasicExtractor   : extracted value ([second_n3_6_1_] : [VARCHAR]) - [데브옵스]
2021-03-10 22:37:34.874 TRACE 20712 --- [    Test worker] o.h.type.descriptor.sql.BasicExtractor   : extracted value ([third_na4_6_1_] : [VARCHAR]) - [null]
2021-03-10 22:37:34.874 TRACE 20712 --- [    Test worker] o.h.type.descriptor.sql.BasicExtractor   : extracted value ([parent_i5_6_0__] : [BIGINT]) - [39]
2021-03-10 22:37:34.874 TRACE 20712 --- [    Test worker] o.h.type.descriptor.sql.BasicExtractor   : extracted value ([id1_6_0__] : [BIGINT]) - [41]
2021-03-10 22:37:34.874 TRACE 20712 --- [    Test worker] o.h.type.descriptor.sql.BasicExtractor   : extracted value ([id1_6_0_] : [BIGINT]) - [39]
2021-03-10 22:37:34.874 TRACE 20712 --- [    Test worker] o.h.type.descriptor.sql.BasicExtractor   : extracted value ([id1_6_1_] : [BIGINT]) - [42]
2021-03-10 22:37:34.874 TRACE 20712 --- [    Test worker] o.h.type.descriptor.sql.BasicExtractor   : extracted value ([id1_6_2_] : [BIGINT]) - [null]
2021-03-10 22:37:34.874 TRACE 20712 --- [    Test worker] o.h.type.descriptor.sql.BasicExtractor   : extracted value ([first_na2_6_1_] : [VARCHAR]) - [kubernetes]
2021-03-10 22:37:34.874 TRACE 20712 --- [    Test worker] o.h.type.descriptor.sql.BasicExtractor   : extracted value ([parent_i5_6_1_] : [BIGINT]) - [39]
2021-03-10 22:37:34.874 TRACE 20712 --- [    Test worker] o.h.type.descriptor.sql.BasicExtractor   : extracted value ([second_n3_6_1_] : [VARCHAR]) - [쿠버네티스]
2021-03-10 22:37:34.874 TRACE 20712 --- [    Test worker] o.h.type.descriptor.sql.BasicExtractor   : extracted value ([third_na4_6_1_] : [VARCHAR]) - [null]
2021-03-10 22:37:34.874 TRACE 20712 --- [    Test worker] o.h.type.descriptor.sql.BasicExtractor   : extracted value ([parent_i5_6_0__] : [BIGINT]) - [39]
2021-03-10 22:37:34.874 TRACE 20712 --- [    Test worker] o.h.type.descriptor.sql.BasicExtractor   : extracted value ([id1_6_0__] : [BIGINT]) - [42]
2021-03-10 22:37:34.874 TRACE 20712 --- [    Test worker] o.h.type.descriptor.sql.BasicExtractor   : extracted value ([id1_6_0_] : [BIGINT]) - [39]
2021-03-10 22:37:34.874 TRACE 20712 --- [    Test worker] o.h.type.descriptor.sql.BasicExtractor   : extracted value ([id1_6_1_] : [BIGINT]) - [43]
2021-03-10 22:37:34.874 TRACE 20712 --- [    Test worker] o.h.type.descriptor.sql.BasicExtractor   : extracted value ([id1_6_2_] : [BIGINT]) - [null]
2021-03-10 22:37:34.874 TRACE 20712 --- [    Test worker] o.h.type.descriptor.sql.BasicExtractor   : extracted value ([first_na2_6_1_] : [VARCHAR]) - [algorithm]
2021-03-10 22:37:34.874 TRACE 20712 --- [    Test worker] o.h.type.descriptor.sql.BasicExtractor   : extracted value ([parent_i5_6_1_] : [BIGINT]) - [39]
2021-03-10 22:37:34.874 TRACE 20712 --- [    Test worker] o.h.type.descriptor.sql.BasicExtractor   : extracted value ([second_n3_6_1_] : [VARCHAR]) - [알고리즘]
2021-03-10 22:37:34.874 TRACE 20712 --- [    Test worker] o.h.type.descriptor.sql.BasicExtractor   : extracted value ([third_na4_6_1_] : [VARCHAR]) - [null]
2021-03-10 22:37:34.874 TRACE 20712 --- [    Test worker] o.h.type.descriptor.sql.BasicExtractor   : extracted value ([parent_i5_6_0__] : [BIGINT]) - [39]
2021-03-10 22:37:34.874 TRACE 20712 --- [    Test worker] o.h.type.descriptor.sql.BasicExtractor   : extracted value ([id1_6_0__] : [BIGINT]) - [43]
2021-03-10 22:37:34.874 TRACE 20712 --- [    Test worker] o.h.type.descriptor.sql.BasicExtractor   : extracted value ([id1_6_0_] : [BIGINT]) - [39]
2021-03-10 22:37:34.874 TRACE 20712 --- [    Test worker] o.h.type.descriptor.sql.BasicExtractor   : extracted value ([id1_6_1_] : [BIGINT]) - [44]
2021-03-10 22:37:34.874 TRACE 20712 --- [    Test worker] o.h.type.descriptor.sql.BasicExtractor   : extracted value ([id1_6_2_] : [BIGINT]) - [null]
2021-03-10 22:37:34.874 TRACE 20712 --- [    Test worker] o.h.type.descriptor.sql.BasicExtractor   : extracted value ([first_na2_6_1_] : [VARCHAR]) - [data-structure]
2021-03-10 22:37:34.874 TRACE 20712 --- [    Test worker] o.h.type.descriptor.sql.BasicExtractor   : extracted value ([parent_i5_6_1_] : [BIGINT]) - [39]
2021-03-10 22:37:34.874 TRACE 20712 --- [    Test worker] o.h.type.descriptor.sql.BasicExtractor   : extracted value ([second_n3_6_1_] : [VARCHAR]) - [자료구조]
2021-03-10 22:37:34.874 TRACE 20712 --- [    Test worker] o.h.type.descriptor.sql.BasicExtractor   : extracted value ([third_na4_6_1_] : [VARCHAR]) - [null]
2021-03-10 22:37:34.874 TRACE 20712 --- [    Test worker] o.h.type.descriptor.sql.BasicExtractor   : extracted value ([parent_i5_6_0__] : [BIGINT]) - [39]
2021-03-10 22:37:34.874 TRACE 20712 --- [    Test worker] o.h.type.descriptor.sql.BasicExtractor   : extracted value ([id1_6_0__] : [BIGINT]) - [44]
2021-03-10 22:37:34.874 TRACE 20712 --- [    Test worker] o.h.type.descriptor.sql.BasicExtractor   : extracted value ([id1_6_0_] : [BIGINT]) - [39]
2021-03-10 22:37:34.874 TRACE 20712 --- [    Test worker] o.h.type.descriptor.sql.BasicExtractor   : extracted value ([id1_6_1_] : [BIGINT]) - [45]
2021-03-10 22:37:34.874 TRACE 20712 --- [    Test worker] o.h.type.descriptor.sql.BasicExtractor   : extracted value ([id1_6_2_] : [BIGINT]) - [null]
2021-03-10 22:37:34.874 TRACE 20712 --- [    Test worker] o.h.type.descriptor.sql.BasicExtractor   : extracted value ([first_na2_6_1_] : [VARCHAR]) - [system]
2021-03-10 22:37:34.874 TRACE 20712 --- [    Test worker] o.h.type.descriptor.sql.BasicExtractor   : extracted value ([parent_i5_6_1_] : [BIGINT]) - [39]
2021-03-10 22:37:34.874 TRACE 20712 --- [    Test worker] o.h.type.descriptor.sql.BasicExtractor   : extracted value ([second_n3_6_1_] : [VARCHAR]) - [시스템]
2021-03-10 22:37:34.874 TRACE 20712 --- [    Test worker] o.h.type.descriptor.sql.BasicExtractor   : extracted value ([third_na4_6_1_] : [VARCHAR]) - [null]
2021-03-10 22:37:34.874 TRACE 20712 --- [    Test worker] o.h.type.descriptor.sql.BasicExtractor   : extracted value ([parent_i5_6_0__] : [BIGINT]) - [39]
2021-03-10 22:37:34.874 TRACE 20712 --- [    Test worker] o.h.type.descriptor.sql.BasicExtractor   : extracted value ([id1_6_0__] : [BIGINT]) - [45]
2021-03-10 22:37:34.874 TRACE 20712 --- [    Test worker] o.h.type.descriptor.sql.BasicExtractor   : extracted value ([id1_6_0_] : [BIGINT]) - [39]
2021-03-10 22:37:34.874 TRACE 20712 --- [    Test worker] o.h.type.descriptor.sql.BasicExtractor   : extracted value ([id1_6_1_] : [BIGINT]) - [46]
2021-03-10 22:37:34.874 TRACE 20712 --- [    Test worker] o.h.type.descriptor.sql.BasicExtractor   : extracted value ([id1_6_2_] : [BIGINT]) - [null]
2021-03-10 22:37:34.874 TRACE 20712 --- [    Test worker] o.h.type.descriptor.sql.BasicExtractor   : extracted value ([first_na2_6_1_] : [VARCHAR]) - [database]
2021-03-10 22:37:34.874 TRACE 20712 --- [    Test worker] o.h.type.descriptor.sql.BasicExtractor   : extracted value ([parent_i5_6_1_] : [BIGINT]) - [39]
2021-03-10 22:37:34.874 TRACE 20712 --- [    Test worker] o.h.type.descriptor.sql.BasicExtractor   : extracted value ([second_n3_6_1_] : [VARCHAR]) - [데이터베이스]
2021-03-10 22:37:34.874 TRACE 20712 --- [    Test worker] o.h.type.descriptor.sql.BasicExtractor   : extracted value ([third_na4_6_1_] : [VARCHAR]) - [null]
2021-03-10 22:37:34.874 TRACE 20712 --- [    Test worker] o.h.type.descriptor.sql.BasicExtractor   : extracted value ([parent_i5_6_0__] : [BIGINT]) - [39]
2021-03-10 22:37:34.874 TRACE 20712 --- [    Test worker] o.h.type.descriptor.sql.BasicExtractor   : extracted value ([id1_6_0__] : [BIGINT]) - [46]
2021-03-10 22:37:34.874 TRACE 20712 --- [    Test worker] o.h.type.descriptor.sql.BasicExtractor   : extracted value ([id1_6_0_] : [BIGINT]) - [39]
2021-03-10 22:37:34.874 TRACE 20712 --- [    Test worker] o.h.type.descriptor.sql.BasicExtractor   : extracted value ([id1_6_1_] : [BIGINT]) - [47]
2021-03-10 22:37:34.874 TRACE 20712 --- [    Test worker] o.h.type.descriptor.sql.BasicExtractor   : extracted value ([id1_6_2_] : [BIGINT]) - [null]
2021-03-10 22:37:34.874 TRACE 20712 --- [    Test worker] o.h.type.descriptor.sql.BasicExtractor   : extracted value ([first_na2_6_1_] : [VARCHAR]) - [network]
2021-03-10 22:37:34.874 TRACE 20712 --- [    Test worker] o.h.type.descriptor.sql.BasicExtractor   : extracted value ([parent_i5_6_1_] : [BIGINT]) - [39]
2021-03-10 22:37:34.874 TRACE 20712 --- [    Test worker] o.h.type.descriptor.sql.BasicExtractor   : extracted value ([second_n3_6_1_] : [VARCHAR]) - [네트워크]
2021-03-10 22:37:34.874 TRACE 20712 --- [    Test worker] o.h.type.descriptor.sql.BasicExtractor   : extracted value ([third_na4_6_1_] : [VARCHAR]) - [null]
2021-03-10 22:37:34.874 TRACE 20712 --- [    Test worker] o.h.type.descriptor.sql.BasicExtractor   : extracted value ([parent_i5_6_0__] : [BIGINT]) - [39]
2021-03-10 22:37:34.874 TRACE 20712 --- [    Test worker] o.h.type.descriptor.sql.BasicExtractor   : extracted value ([id1_6_0__] : [BIGINT]) - [47]
2021-03-10 22:37:34.874 TRACE 20712 --- [    Test worker] o.h.type.descriptor.sql.BasicExtractor   : extracted value ([id1_6_0_] : [BIGINT]) - [39]
2021-03-10 22:37:34.874 TRACE 20712 --- [    Test worker] o.h.type.descriptor.sql.BasicExtractor   : extracted value ([id1_6_1_] : [BIGINT]) - [48]
2021-03-10 22:37:34.874 TRACE 20712 --- [    Test worker] o.h.type.descriptor.sql.BasicExtractor   : extracted value ([id1_6_2_] : [BIGINT]) - [null]
2021-03-10 22:37:34.874 TRACE 20712 --- [    Test worker] o.h.type.descriptor.sql.BasicExtractor   : extracted value ([first_na2_6_1_] : [VARCHAR]) - [os]
2021-03-10 22:37:34.874 TRACE 20712 --- [    Test worker] o.h.type.descriptor.sql.BasicExtractor   : extracted value ([parent_i5_6_1_] : [BIGINT]) - [39]
2021-03-10 22:37:34.874 TRACE 20712 --- [    Test worker] o.h.type.descriptor.sql.BasicExtractor   : extracted value ([second_n3_6_1_] : [VARCHAR]) - [운영체제]
2021-03-10 22:37:34.874 TRACE 20712 --- [    Test worker] o.h.type.descriptor.sql.BasicExtractor   : extracted value ([third_na4_6_1_] : [VARCHAR]) - [null]
2021-03-10 22:37:34.874 TRACE 20712 --- [    Test worker] o.h.type.descriptor.sql.BasicExtractor   : extracted value ([parent_i5_6_0__] : [BIGINT]) - [39]
2021-03-10 22:37:34.874 TRACE 20712 --- [    Test worker] o.h.type.descriptor.sql.BasicExtractor   : extracted value ([id1_6_0__] : [BIGINT]) - [48]
2021-03-10 22:37:34.874 TRACE 20712 --- [    Test worker] o.h.type.descriptor.sql.BasicExtractor   : extracted value ([id1_6_0_] : [BIGINT]) - [39]
2021-03-10 22:37:34.874 TRACE 20712 --- [    Test worker] o.h.type.descriptor.sql.BasicExtractor   : extracted value ([id1_6_1_] : [BIGINT]) - [49]
2021-03-10 22:37:34.874 TRACE 20712 --- [    Test worker] o.h.type.descriptor.sql.BasicExtractor   : extracted value ([id1_6_2_] : [BIGINT]) - [null]
2021-03-10 22:37:34.874 TRACE 20712 --- [    Test worker] o.h.type.descriptor.sql.BasicExtractor   : extracted value ([first_na2_6_1_] : [VARCHAR]) - [linux]
2021-03-10 22:37:34.874 TRACE 20712 --- [    Test worker] o.h.type.descriptor.sql.BasicExtractor   : extracted value ([parent_i5_6_1_] : [BIGINT]) - [39]
2021-03-10 22:37:34.874 TRACE 20712 --- [    Test worker] o.h.type.descriptor.sql.BasicExtractor   : extracted value ([second_n3_6_1_] : [VARCHAR]) - [리눅스]
2021-03-10 22:37:34.874 TRACE 20712 --- [    Test worker] o.h.type.descriptor.sql.BasicExtractor   : extracted value ([third_na4_6_1_] : [VARCHAR]) - [null]
2021-03-10 22:37:34.874 TRACE 20712 --- [    Test worker] o.h.type.descriptor.sql.BasicExtractor   : extracted value ([parent_i5_6_0__] : [BIGINT]) - [39]
2021-03-10 22:37:34.874 TRACE 20712 --- [    Test worker] o.h.type.descriptor.sql.BasicExtractor   : extracted value ([id1_6_0__] : [BIGINT]) - [49]
2021-03-10 22:37:34.874 TRACE 20712 --- [    Test worker] o.h.type.descriptor.sql.BasicExtractor   : extracted value ([id1_6_0_] : [BIGINT]) - [39]
2021-03-10 22:37:34.874 TRACE 20712 --- [    Test worker] o.h.type.descriptor.sql.BasicExtractor   : extracted value ([id1_6_1_] : [BIGINT]) - [50]
2021-03-10 22:37:34.889 TRACE 20712 --- [    Test worker] o.h.type.descriptor.sql.BasicExtractor   : extracted value ([id1_6_2_] : [BIGINT]) - [null]
2021-03-10 22:37:34.889 TRACE 20712 --- [    Test worker] o.h.type.descriptor.sql.BasicExtractor   : extracted value ([first_na2_6_1_] : [VARCHAR]) - [android]
2021-03-10 22:37:34.889 TRACE 20712 --- [    Test worker] o.h.type.descriptor.sql.BasicExtractor   : extracted value ([parent_i5_6_1_] : [BIGINT]) - [39]
2021-03-10 22:37:34.889 TRACE 20712 --- [    Test worker] o.h.type.descriptor.sql.BasicExtractor   : extracted value ([second_n3_6_1_] : [VARCHAR]) - [안드로이드]
2021-03-10 22:37:34.889 TRACE 20712 --- [    Test worker] o.h.type.descriptor.sql.BasicExtractor   : extracted value ([third_na4_6_1_] : [VARCHAR]) - [null]
2021-03-10 22:37:34.889 TRACE 20712 --- [    Test worker] o.h.type.descriptor.sql.BasicExtractor   : extracted value ([parent_i5_6_0__] : [BIGINT]) - [39]
2021-03-10 22:37:34.889 TRACE 20712 --- [    Test worker] o.h.type.descriptor.sql.BasicExtractor   : extracted value ([id1_6_0__] : [BIGINT]) - [50]
2021-03-10 22:37:34.889 TRACE 20712 --- [    Test worker] o.h.type.descriptor.sql.BasicExtractor   : extracted value ([id1_6_0_] : [BIGINT]) - [39]
2021-03-10 22:37:34.889 TRACE 20712 --- [    Test worker] o.h.type.descriptor.sql.BasicExtractor   : extracted value ([id1_6_1_] : [BIGINT]) - [51]
2021-03-10 22:37:34.889 TRACE 20712 --- [    Test worker] o.h.type.descriptor.sql.BasicExtractor   : extracted value ([id1_6_2_] : [BIGINT]) - [null]
2021-03-10 22:37:34.889 TRACE 20712 --- [    Test worker] o.h.type.descriptor.sql.BasicExtractor   : extracted value ([first_na2_6_1_] : [VARCHAR]) - [ios]
2021-03-10 22:37:34.889 TRACE 20712 --- [    Test worker] o.h.type.descriptor.sql.BasicExtractor   : extracted value ([parent_i5_6_1_] : [BIGINT]) - [39]
2021-03-10 22:37:34.889 TRACE 20712 --- [    Test worker] o.h.type.descriptor.sql.BasicExtractor   : extracted value ([second_n3_6_1_] : [VARCHAR]) - [mac-os]
2021-03-10 22:37:34.889 TRACE 20712 --- [    Test worker] o.h.type.descriptor.sql.BasicExtractor   : extracted value ([third_na4_6_1_] : [VARCHAR]) - [맥os]
2021-03-10 22:37:34.889 TRACE 20712 --- [    Test worker] o.h.type.descriptor.sql.BasicExtractor   : extracted value ([parent_i5_6_0__] : [BIGINT]) - [39]
2021-03-10 22:37:34.889 TRACE 20712 --- [    Test worker] o.h.type.descriptor.sql.BasicExtractor   : extracted value ([id1_6_0__] : [BIGINT]) - [51]
2021-03-10 22:37:34.889 TRACE 20712 --- [    Test worker] o.h.type.descriptor.sql.BasicExtractor   : extracted value ([id1_6_0_] : [BIGINT]) - [39]
2021-03-10 22:37:34.889 TRACE 20712 --- [    Test worker] o.h.type.descriptor.sql.BasicExtractor   : extracted value ([id1_6_1_] : [BIGINT]) - [52]
2021-03-10 22:37:34.889 TRACE 20712 --- [    Test worker] o.h.type.descriptor.sql.BasicExtractor   : extracted value ([id1_6_2_] : [BIGINT]) - [null]
2021-03-10 22:37:34.889 TRACE 20712 --- [    Test worker] o.h.type.descriptor.sql.BasicExtractor   : extracted value ([first_na2_6_1_] : [VARCHAR]) - [data-science]
2021-03-10 22:37:34.889 TRACE 20712 --- [    Test worker] o.h.type.descriptor.sql.BasicExtractor   : extracted value ([parent_i5_6_1_] : [BIGINT]) - [39]
2021-03-10 22:37:34.889 TRACE 20712 --- [    Test worker] o.h.type.descriptor.sql.BasicExtractor   : extracted value ([second_n3_6_1_] : [VARCHAR]) - [데이터사이언스]
2021-03-10 22:37:34.889 TRACE 20712 --- [    Test worker] o.h.type.descriptor.sql.BasicExtractor   : extracted value ([third_na4_6_1_] : [VARCHAR]) - [DS]
2021-03-10 22:37:34.889 TRACE 20712 --- [    Test worker] o.h.type.descriptor.sql.BasicExtractor   : extracted value ([parent_i5_6_0__] : [BIGINT]) - [39]
2021-03-10 22:37:34.889 TRACE 20712 --- [    Test worker] o.h.type.descriptor.sql.BasicExtractor   : extracted value ([id1_6_0__] : [BIGINT]) - [52]
2021-03-10 22:37:34.889 TRACE 20712 --- [    Test worker] o.h.type.descriptor.sql.BasicExtractor   : extracted value ([id1_6_0_] : [BIGINT]) - [39]
2021-03-10 22:37:34.889 TRACE 20712 --- [    Test worker] o.h.type.descriptor.sql.BasicExtractor   : extracted value ([id1_6_1_] : [BIGINT]) - [53]
2021-03-10 22:37:34.889 TRACE 20712 --- [    Test worker] o.h.type.descriptor.sql.BasicExtractor   : extracted value ([id1_6_2_] : [BIGINT]) - [null]
2021-03-10 22:37:34.889 TRACE 20712 --- [    Test worker] o.h.type.descriptor.sql.BasicExtractor   : extracted value ([first_na2_6_1_] : [VARCHAR]) - [AI]
2021-03-10 22:37:34.889 TRACE 20712 --- [    Test worker] o.h.type.descriptor.sql.BasicExtractor   : extracted value ([parent_i5_6_1_] : [BIGINT]) - [39]
2021-03-10 22:37:34.889 TRACE 20712 --- [    Test worker] o.h.type.descriptor.sql.BasicExtractor   : extracted value ([second_n3_6_1_] : [VARCHAR]) - [인공지능]
2021-03-10 22:37:34.889 TRACE 20712 --- [    Test worker] o.h.type.descriptor.sql.BasicExtractor   : extracted value ([third_na4_6_1_] : [VARCHAR]) - [null]
2021-03-10 22:37:34.889 TRACE 20712 --- [    Test worker] o.h.type.descriptor.sql.BasicExtractor   : extracted value ([parent_i5_6_0__] : [BIGINT]) - [39]
2021-03-10 22:37:34.889 TRACE 20712 --- [    Test worker] o.h.type.descriptor.sql.BasicExtractor   : extracted value ([id1_6_0__] : [BIGINT]) - [53]
2021-03-10 22:37:34.889 TRACE 20712 --- [    Test worker] o.h.type.descriptor.sql.BasicExtractor   : extracted value ([id1_6_0_] : [BIGINT]) - [39]
2021-03-10 22:37:34.889 TRACE 20712 --- [    Test worker] o.h.type.descriptor.sql.BasicExtractor   : extracted value ([id1_6_1_] : [BIGINT]) - [54]
2021-03-10 22:37:34.889 TRACE 20712 --- [    Test worker] o.h.type.descriptor.sql.BasicExtractor   : extracted value ([id1_6_2_] : [BIGINT]) - [null]
2021-03-10 22:37:34.889 TRACE 20712 --- [    Test worker] o.h.type.descriptor.sql.BasicExtractor   : extracted value ([first_na2_6_1_] : [VARCHAR]) - [TDD]
2021-03-10 22:37:34.889 TRACE 20712 --- [    Test worker] o.h.type.descriptor.sql.BasicExtractor   : extracted value ([parent_i5_6_1_] : [BIGINT]) - [39]
2021-03-10 22:37:34.889 TRACE 20712 --- [    Test worker] o.h.type.descriptor.sql.BasicExtractor   : extracted value ([second_n3_6_1_] : [VARCHAR]) - [테스트 주도 개발]
2021-03-10 22:37:34.889 TRACE 20712 --- [    Test worker] o.h.type.descriptor.sql.BasicExtractor   : extracted value ([third_na4_6_1_] : [VARCHAR]) - [null]
2021-03-10 22:37:34.889 TRACE 20712 --- [    Test worker] o.h.type.descriptor.sql.BasicExtractor   : extracted value ([parent_i5_6_0__] : [BIGINT]) - [39]
2021-03-10 22:37:34.889 TRACE 20712 --- [    Test worker] o.h.type.descriptor.sql.BasicExtractor   : extracted value ([id1_6_0__] : [BIGINT]) - [54]
2021-03-10 22:37:34.889 TRACE 20712 --- [    Test worker] o.h.type.descriptor.sql.BasicExtractor   : extracted value ([id1_6_0_] : [BIGINT]) - [39]
2021-03-10 22:37:34.889 TRACE 20712 --- [    Test worker] o.h.type.descriptor.sql.BasicExtractor   : extracted value ([id1_6_1_] : [BIGINT]) - [55]
2021-03-10 22:37:34.889 TRACE 20712 --- [    Test worker] o.h.type.descriptor.sql.BasicExtractor   : extracted value ([id1_6_2_] : [BIGINT]) - [null]
2021-03-10 22:37:34.889 TRACE 20712 --- [    Test worker] o.h.type.descriptor.sql.BasicExtractor   : extracted value ([first_na2_6_1_] : [VARCHAR]) - [Design-Pattern]
2021-03-10 22:37:34.889 TRACE 20712 --- [    Test worker] o.h.type.descriptor.sql.BasicExtractor   : extracted value ([parent_i5_6_1_] : [BIGINT]) - [39]
2021-03-10 22:37:34.889 TRACE 20712 --- [    Test worker] o.h.type.descriptor.sql.BasicExtractor   : extracted value ([second_n3_6_1_] : [VARCHAR]) - [디자인 패턴]
2021-03-10 22:37:34.889 TRACE 20712 --- [    Test worker] o.h.type.descriptor.sql.BasicExtractor   : extracted value ([third_na4_6_1_] : [VARCHAR]) - [null]
2021-03-10 22:37:34.889 TRACE 20712 --- [    Test worker] o.h.type.descriptor.sql.BasicExtractor   : extracted value ([parent_i5_6_0__] : [BIGINT]) - [39]
2021-03-10 22:37:34.889 TRACE 20712 --- [    Test worker] o.h.type.descriptor.sql.BasicExtractor   : extracted value ([id1_6_0__] : [BIGINT]) - [55]
2021-03-10 22:37:34.889 TRACE 20712 --- [    Test worker] o.h.type.descriptor.sql.BasicExtractor   : extracted value ([id1_6_0_] : [BIGINT]) - [39]
2021-03-10 22:37:34.889 TRACE 20712 --- [    Test worker] o.h.type.descriptor.sql.BasicExtractor   : extracted value ([id1_6_1_] : [BIGINT]) - [56]
2021-03-10 22:37:34.889 TRACE 20712 --- [    Test worker] o.h.type.descriptor.sql.BasicExtractor   : extracted value ([id1_6_2_] : [BIGINT]) - [null]
2021-03-10 22:37:34.889 TRACE 20712 --- [    Test worker] o.h.type.descriptor.sql.BasicExtractor   : extracted value ([first_na2_6_1_] : [VARCHAR]) - [microservice]
2021-03-10 22:37:34.889 TRACE 20712 --- [    Test worker] o.h.type.descriptor.sql.BasicExtractor   : extracted value ([parent_i5_6_1_] : [BIGINT]) - [39]
2021-03-10 22:37:34.889 TRACE 20712 --- [    Test worker] o.h.type.descriptor.sql.BasicExtractor   : extracted value ([second_n3_6_1_] : [VARCHAR]) - [마이크로서비스]
2021-03-10 22:37:34.889 TRACE 20712 --- [    Test worker] o.h.type.descriptor.sql.BasicExtractor   : extracted value ([third_na4_6_1_] : [VARCHAR]) - [null]
2021-03-10 22:37:34.889 TRACE 20712 --- [    Test worker] o.h.type.descriptor.sql.BasicExtractor   : extracted value ([parent_i5_6_0__] : [BIGINT]) - [39]
2021-03-10 22:37:34.889 TRACE 20712 --- [    Test worker] o.h.type.descriptor.sql.BasicExtractor   : extracted value ([id1_6_0__] : [BIGINT]) - [56]
2021-03-10 22:37:34.889 TRACE 20712 --- [    Test worker] o.h.type.descriptor.sql.BasicExtractor   : extracted value ([id1_6_0_] : [BIGINT]) - [39]
2021-03-10 22:37:34.889 TRACE 20712 --- [    Test worker] o.h.type.descriptor.sql.BasicExtractor   : extracted value ([id1_6_1_] : [BIGINT]) - [57]
2021-03-10 22:37:34.889 TRACE 20712 --- [    Test worker] o.h.type.descriptor.sql.BasicExtractor   : extracted value ([id1_6_2_] : [BIGINT]) - [null]
2021-03-10 22:37:34.889 TRACE 20712 --- [    Test worker] o.h.type.descriptor.sql.BasicExtractor   : extracted value ([first_na2_6_1_] : [VARCHAR]) - [AWS]
2021-03-10 22:37:34.889 TRACE 20712 --- [    Test worker] o.h.type.descriptor.sql.BasicExtractor   : extracted value ([parent_i5_6_1_] : [BIGINT]) - [39]
2021-03-10 22:37:34.889 TRACE 20712 --- [    Test worker] o.h.type.descriptor.sql.BasicExtractor   : extracted value ([second_n3_6_1_] : [VARCHAR]) - [아마존웹서비스]
2021-03-10 22:37:34.889 TRACE 20712 --- [    Test worker] o.h.type.descriptor.sql.BasicExtractor   : extracted value ([third_na4_6_1_] : [VARCHAR]) - [null]
2021-03-10 22:37:34.889 TRACE 20712 --- [    Test worker] o.h.type.descriptor.sql.BasicExtractor   : extracted value ([parent_i5_6_0__] : [BIGINT]) - [39]
2021-03-10 22:37:34.889 TRACE 20712 --- [    Test worker] o.h.type.descriptor.sql.BasicExtractor   : extracted value ([id1_6_0__] : [BIGINT]) - [57]
2021-03-10 22:37:34.889 TRACE 20712 --- [    Test worker] o.h.type.descriptor.sql.BasicExtractor   : extracted value ([id1_6_0_] : [BIGINT]) - [39]
2021-03-10 22:37:34.889 TRACE 20712 --- [    Test worker] o.h.type.descriptor.sql.BasicExtractor   : extracted value ([id1_6_1_] : [BIGINT]) - [58]
2021-03-10 22:37:34.889 TRACE 20712 --- [    Test worker] o.h.type.descriptor.sql.BasicExtractor   : extracted value ([id1_6_2_] : [BIGINT]) - [null]
2021-03-10 22:37:34.889 TRACE 20712 --- [    Test worker] o.h.type.descriptor.sql.BasicExtractor   : extracted value ([first_na2_6_1_] : [VARCHAR]) - [cloud]
2021-03-10 22:37:34.889 TRACE 20712 --- [    Test worker] o.h.type.descriptor.sql.BasicExtractor   : extracted value ([parent_i5_6_1_] : [BIGINT]) - [39]
2021-03-10 22:37:34.889 TRACE 20712 --- [    Test worker] o.h.type.descriptor.sql.BasicExtractor   : extracted value ([second_n3_6_1_] : [VARCHAR]) - [클라우드]
2021-03-10 22:37:34.889 TRACE 20712 --- [    Test worker] o.h.type.descriptor.sql.BasicExtractor   : extracted value ([third_na4_6_1_] : [VARCHAR]) - [null]
2021-03-10 22:37:34.889 TRACE 20712 --- [    Test worker] o.h.type.descriptor.sql.BasicExtractor   : extracted value ([parent_i5_6_0__] : [BIGINT]) - [39]
2021-03-10 22:37:34.889 TRACE 20712 --- [    Test worker] o.h.type.descriptor.sql.BasicExtractor   : extracted value ([id1_6_0__] : [BIGINT]) - [58]
2021-03-10 22:37:34.889 TRACE 20712 --- [    Test worker] o.h.type.descriptor.sql.BasicExtractor   : extracted value ([id1_6_0_] : [BIGINT]) - [39]
2021-03-10 22:37:34.889 TRACE 20712 --- [    Test worker] o.h.type.descriptor.sql.BasicExtractor   : extracted value ([id1_6_1_] : [BIGINT]) - [59]
2021-03-10 22:37:34.889 TRACE 20712 --- [    Test worker] o.h.type.descriptor.sql.BasicExtractor   : extracted value ([id1_6_2_] : [BIGINT]) - [null]
2021-03-10 22:37:34.889 TRACE 20712 --- [    Test worker] o.h.type.descriptor.sql.BasicExtractor   : extracted value ([first_na2_6_1_] : [VARCHAR]) - [git]
2021-03-10 22:37:34.889 TRACE 20712 --- [    Test worker] o.h.type.descriptor.sql.BasicExtractor   : extracted value ([parent_i5_6_1_] : [BIGINT]) - [39]
2021-03-10 22:37:34.889 TRACE 20712 --- [    Test worker] o.h.type.descriptor.sql.BasicExtractor   : extracted value ([second_n3_6_1_] : [VARCHAR]) - [깃]
2021-03-10 22:37:34.889 TRACE 20712 --- [    Test worker] o.h.type.descriptor.sql.BasicExtractor   : extracted value ([third_na4_6_1_] : [VARCHAR]) - [github]
2021-03-10 22:37:34.889 TRACE 20712 --- [    Test worker] o.h.type.descriptor.sql.BasicExtractor   : extracted value ([parent_i5_6_0__] : [BIGINT]) - [39]
2021-03-10 22:37:34.889 TRACE 20712 --- [    Test worker] o.h.type.descriptor.sql.BasicExtractor   : extracted value ([id1_6_0__] : [BIGINT]) - [59]
Hibernate: 
    call next value for hibernate_sequence
Hibernate: 
    insert 
    into
        tag
        (first_name, parent_id, second_name, third_name, id) 
    values
        (?, ?, ?, ?, ?)
2021-03-10 22:37:34.889 TRACE 20712 --- [    Test worker] o.h.type.descriptor.sql.BasicBinder      : binding parameter [1] as [VARCHAR] - [google]
2021-03-10 22:37:34.889 TRACE 20712 --- [    Test worker] o.h.type.descriptor.sql.BasicBinder      : binding parameter [2] as [BIGINT] - [39]
2021-03-10 22:37:34.889 TRACE 20712 --- [    Test worker] o.h.type.descriptor.sql.BasicBinder      : binding parameter [3] as [VARCHAR] - [구글]
2021-03-10 22:37:34.889 TRACE 20712 --- [    Test worker] o.h.type.descriptor.sql.BasicBinder      : binding parameter [4] as [VARCHAR] - [null]
2021-03-10 22:37:34.889 TRACE 20712 --- [    Test worker] o.h.type.descriptor.sql.BasicBinder      : binding parameter [5] as [BIGINT] - [60]
Hibernate: 
    select
        count(*) as col_0_0_ 
    from
        zone zone0_
2021-03-10 22:37:34.905 TRACE 20712 --- [    Test worker] o.h.type.descriptor.sql.BasicExtractor   : extracted value ([col_0_0_] : [BIGINT]) - [0]
Hibernate: 
    call next value for hibernate_sequence
Hibernate: 
    call next value for hibernate_sequence
Hibernate: 
    call next value for hibernate_sequence
Hibernate: 
    call next value for hibernate_sequence
Hibernate: 
    call next value for hibernate_sequence
Hibernate: 
    call next value for hibernate_sequence
Hibernate: 
    call next value for hibernate_sequence
Hibernate: 
    call next value for hibernate_sequence
Hibernate: 
    call next value for hibernate_sequence
Hibernate: 
    call next value for hibernate_sequence
Hibernate: 
    call next value for hibernate_sequence
Hibernate: 
    call next value for hibernate_sequence
Hibernate: 
    call next value for hibernate_sequence
Hibernate: 
    call next value for hibernate_sequence
Hibernate: 
    call next value for hibernate_sequence
Hibernate: 
    call next value for hibernate_sequence
Hibernate: 
    call next value for hibernate_sequence
Hibernate: 
    call next value for hibernate_sequence
Hibernate: 
    call next value for hibernate_sequence
Hibernate: 
    call next value for hibernate_sequence
Hibernate: 
    call next value for hibernate_sequence
Hibernate: 
    call next value for hibernate_sequence
Hibernate: 
    call next value for hibernate_sequence
Hibernate: 
    call next value for hibernate_sequence
Hibernate: 
    call next value for hibernate_sequence
Hibernate: 
    call next value for hibernate_sequence
Hibernate: 
    call next value for hibernate_sequence
Hibernate: 
    call next value for hibernate_sequence
Hibernate: 
    call next value for hibernate_sequence
Hibernate: 
    call next value for hibernate_sequence
Hibernate: 
    call next value for hibernate_sequence
Hibernate: 
    call next value for hibernate_sequence
Hibernate: 
    call next value for hibernate_sequence
Hibernate: 
    call next value for hibernate_sequence
Hibernate: 
    call next value for hibernate_sequence
Hibernate: 
    call next value for hibernate_sequence
Hibernate: 
    call next value for hibernate_sequence
Hibernate: 
    call next value for hibernate_sequence
Hibernate: 
    call next value for hibernate_sequence
Hibernate: 
    call next value for hibernate_sequence
Hibernate: 
    call next value for hibernate_sequence
Hibernate: 
    call next value for hibernate_sequence
Hibernate: 
    call next value for hibernate_sequence
Hibernate: 
    call next value for hibernate_sequence
Hibernate: 
    call next value for hibernate_sequence
Hibernate: 
    call next value for hibernate_sequence
Hibernate: 
    call next value for hibernate_sequence
Hibernate: 
    call next value for hibernate_sequence
Hibernate: 
    call next value for hibernate_sequence
Hibernate: 
    call next value for hibernate_sequence
Hibernate: 
    call next value for hibernate_sequence
Hibernate: 
    call next value for hibernate_sequence
Hibernate: 
    call next value for hibernate_sequence
Hibernate: 
    call next value for hibernate_sequence
Hibernate: 
    call next value for hibernate_sequence
Hibernate: 
    call next value for hibernate_sequence
Hibernate: 
    call next value for hibernate_sequence
Hibernate: 
    call next value for hibernate_sequence
Hibernate: 
    call next value for hibernate_sequence
Hibernate: 
    call next value for hibernate_sequence
Hibernate: 
    call next value for hibernate_sequence
Hibernate: 
    call next value for hibernate_sequence
Hibernate: 
    call next value for hibernate_sequence
Hibernate: 
    call next value for hibernate_sequence
Hibernate: 
    call next value for hibernate_sequence
Hibernate: 
    call next value for hibernate_sequence
Hibernate: 
    call next value for hibernate_sequence
Hibernate: 
    call next value for hibernate_sequence
Hibernate: 
    call next value for hibernate_sequence
Hibernate: 
    call next value for hibernate_sequence
Hibernate: 
    call next value for hibernate_sequence
Hibernate: 
    call next value for hibernate_sequence
Hibernate: 
    call next value for hibernate_sequence
Hibernate: 
    call next value for hibernate_sequence
Hibernate: 
    call next value for hibernate_sequence
Hibernate: 
    call next value for hibernate_sequence
Hibernate: 
    call next value for hibernate_sequence
Hibernate: 
    call next value for hibernate_sequence
Hibernate: 
    call next value for hibernate_sequence
Hibernate: 
    call next value for hibernate_sequence
Hibernate: 
    call next value for hibernate_sequence
Hibernate: 
    call next value for hibernate_sequence
Hibernate: 
    call next value for hibernate_sequence
Hibernate: 
    call next value for hibernate_sequence
Hibernate: 
    call next value for hibernate_sequence
Hibernate: 
    insert 
    into
        zone
        (city, local_name_of_city, province, id) 
    values
        (?, ?, ?, ?)
2021-03-10 22:37:34.936 TRACE 20712 --- [    Test worker] o.h.type.descriptor.sql.BasicBinder      : binding parameter [1] as [VARCHAR] - [Andong]
2021-03-10 22:37:34.936 TRACE 20712 --- [    Test worker] o.h.type.descriptor.sql.BasicBinder      : binding parameter [2] as [VARCHAR] - [안동시]
2021-03-10 22:37:34.936 TRACE 20712 --- [    Test worker] o.h.type.descriptor.sql.BasicBinder      : binding parameter [3] as [VARCHAR] - [North Gyeongsang]
2021-03-10 22:37:34.936 TRACE 20712 --- [    Test worker] o.h.type.descriptor.sql.BasicBinder      : binding parameter [4] as [BIGINT] - [61]
Hibernate: 
    insert 
    into
        zone
        (city, local_name_of_city, province, id) 
    values
        (?, ?, ?, ?)
2021-03-10 22:37:34.936 TRACE 20712 --- [    Test worker] o.h.type.descriptor.sql.BasicBinder      : binding parameter [1] as [VARCHAR] - [Ansan]
2021-03-10 22:37:34.936 TRACE 20712 --- [    Test worker] o.h.type.descriptor.sql.BasicBinder      : binding parameter [2] as [VARCHAR] - [안산시]
2021-03-10 22:37:34.936 TRACE 20712 --- [    Test worker] o.h.type.descriptor.sql.BasicBinder      : binding parameter [3] as [VARCHAR] - [Gyeonggi]
2021-03-10 22:37:34.936 TRACE 20712 --- [    Test worker] o.h.type.descriptor.sql.BasicBinder      : binding parameter [4] as [BIGINT] - [62]
Hibernate: 
    insert 
    into
        zone
        (city, local_name_of_city, province, id) 
    values
        (?, ?, ?, ?)
2021-03-10 22:37:34.936 TRACE 20712 --- [    Test worker] o.h.type.descriptor.sql.BasicBinder      : binding parameter [1] as [VARCHAR] - [Anseong]
2021-03-10 22:37:34.936 TRACE 20712 --- [    Test worker] o.h.type.descriptor.sql.BasicBinder      : binding parameter [2] as [VARCHAR] - [안성시]
2021-03-10 22:37:34.936 TRACE 20712 --- [    Test worker] o.h.type.descriptor.sql.BasicBinder      : binding parameter [3] as [VARCHAR] - [Gyeonggi]
2021-03-10 22:37:34.936 TRACE 20712 --- [    Test worker] o.h.type.descriptor.sql.BasicBinder      : binding parameter [4] as [BIGINT] - [63]
Hibernate: 
    insert 
    into
        zone
        (city, local_name_of_city, province, id) 
    values
        (?, ?, ?, ?)
2021-03-10 22:37:34.936 TRACE 20712 --- [    Test worker] o.h.type.descriptor.sql.BasicBinder      : binding parameter [1] as [VARCHAR] - [Anyang]
2021-03-10 22:37:34.936 TRACE 20712 --- [    Test worker] o.h.type.descriptor.sql.BasicBinder      : binding parameter [2] as [VARCHAR] - [안양시]
2021-03-10 22:37:34.936 TRACE 20712 --- [    Test worker] o.h.type.descriptor.sql.BasicBinder      : binding parameter [3] as [VARCHAR] - [Gyeonggi]
2021-03-10 22:37:34.936 TRACE 20712 --- [    Test worker] o.h.type.descriptor.sql.BasicBinder      : binding parameter [4] as [BIGINT] - [64]
Hibernate: 
    insert 
    into
        zone
        (city, local_name_of_city, province, id) 
    values
        (?, ?, ?, ?)
2021-03-10 22:37:34.936 TRACE 20712 --- [    Test worker] o.h.type.descriptor.sql.BasicBinder      : binding parameter [1] as [VARCHAR] - [Asan]
2021-03-10 22:37:34.936 TRACE 20712 --- [    Test worker] o.h.type.descriptor.sql.BasicBinder      : binding parameter [2] as [VARCHAR] - [아산시]
2021-03-10 22:37:34.936 TRACE 20712 --- [    Test worker] o.h.type.descriptor.sql.BasicBinder      : binding parameter [3] as [VARCHAR] - [South Chungcheong]
2021-03-10 22:37:34.936 TRACE 20712 --- [    Test worker] o.h.type.descriptor.sql.BasicBinder      : binding parameter [4] as [BIGINT] - [65]
Hibernate: 
    insert 
    into
        zone
        (city, local_name_of_city, province, id) 
    values
        (?, ?, ?, ?)
2021-03-10 22:37:34.936 TRACE 20712 --- [    Test worker] o.h.type.descriptor.sql.BasicBinder      : binding parameter [1] as [VARCHAR] - [Boryeong]
2021-03-10 22:37:34.936 TRACE 20712 --- [    Test worker] o.h.type.descriptor.sql.BasicBinder      : binding parameter [2] as [VARCHAR] - [보령시]
2021-03-10 22:37:34.936 TRACE 20712 --- [    Test worker] o.h.type.descriptor.sql.BasicBinder      : binding parameter [3] as [VARCHAR] - [South Chungcheong]
2021-03-10 22:37:34.936 TRACE 20712 --- [    Test worker] o.h.type.descriptor.sql.BasicBinder      : binding parameter [4] as [BIGINT] - [66]
Hibernate: 
    insert 
    into
        zone
        (city, local_name_of_city, province, id) 
    values
        (?, ?, ?, ?)
2021-03-10 22:37:34.936 TRACE 20712 --- [    Test worker] o.h.type.descriptor.sql.BasicBinder      : binding parameter [1] as [VARCHAR] - [Bucheon]
2021-03-10 22:37:34.936 TRACE 20712 --- [    Test worker] o.h.type.descriptor.sql.BasicBinder      : binding parameter [2] as [VARCHAR] - [부천시]
2021-03-10 22:37:34.936 TRACE 20712 --- [    Test worker] o.h.type.descriptor.sql.BasicBinder      : binding parameter [3] as [VARCHAR] - [Gyeonggi]
2021-03-10 22:37:34.936 TRACE 20712 --- [    Test worker] o.h.type.descriptor.sql.BasicBinder      : binding parameter [4] as [BIGINT] - [67]
Hibernate: 
    insert 
    into
        zone
        (city, local_name_of_city, province, id) 
    values
        (?, ?, ?, ?)
2021-03-10 22:37:34.936 TRACE 20712 --- [    Test worker] o.h.type.descriptor.sql.BasicBinder      : binding parameter [1] as [VARCHAR] - [Busan]
2021-03-10 22:37:34.936 TRACE 20712 --- [    Test worker] o.h.type.descriptor.sql.BasicBinder      : binding parameter [2] as [VARCHAR] - [부산광역시]
2021-03-10 22:37:34.936 TRACE 20712 --- [    Test worker] o.h.type.descriptor.sql.BasicBinder      : binding parameter [3] as [VARCHAR] - [none]
2021-03-10 22:37:34.936 TRACE 20712 --- [    Test worker] o.h.type.descriptor.sql.BasicBinder      : binding parameter [4] as [BIGINT] - [68]
Hibernate: 
    insert 
    into
        zone
        (city, local_name_of_city, province, id) 
    values
        (?, ?, ?, ?)
2021-03-10 22:37:34.936 TRACE 20712 --- [    Test worker] o.h.type.descriptor.sql.BasicBinder      : binding parameter [1] as [VARCHAR] - [Changwon]
2021-03-10 22:37:34.936 TRACE 20712 --- [    Test worker] o.h.type.descriptor.sql.BasicBinder      : binding parameter [2] as [VARCHAR] - [창원시]
2021-03-10 22:37:34.936 TRACE 20712 --- [    Test worker] o.h.type.descriptor.sql.BasicBinder      : binding parameter [3] as [VARCHAR] - [South Gyeongsang]
2021-03-10 22:37:34.936 TRACE 20712 --- [    Test worker] o.h.type.descriptor.sql.BasicBinder      : binding parameter [4] as [BIGINT] - [69]
Hibernate: 
    insert 
    into
        zone
        (city, local_name_of_city, province, id) 
    values
        (?, ?, ?, ?)
2021-03-10 22:37:34.936 TRACE 20712 --- [    Test worker] o.h.type.descriptor.sql.BasicBinder      : binding parameter [1] as [VARCHAR] - [Cheonan]
2021-03-10 22:37:34.936 TRACE 20712 --- [    Test worker] o.h.type.descriptor.sql.BasicBinder      : binding parameter [2] as [VARCHAR] - [천안시]
2021-03-10 22:37:34.936 TRACE 20712 --- [    Test worker] o.h.type.descriptor.sql.BasicBinder      : binding parameter [3] as [VARCHAR] - [South Chungcheong]
2021-03-10 22:37:34.936 TRACE 20712 --- [    Test worker] o.h.type.descriptor.sql.BasicBinder      : binding parameter [4] as [BIGINT] - [70]
Hibernate: 
    insert 
    into
        zone
        (city, local_name_of_city, province, id) 
    values
        (?, ?, ?, ?)
2021-03-10 22:37:34.936 TRACE 20712 --- [    Test worker] o.h.type.descriptor.sql.BasicBinder      : binding parameter [1] as [VARCHAR] - [Cheongju]
2021-03-10 22:37:34.936 TRACE 20712 --- [    Test worker] o.h.type.descriptor.sql.BasicBinder      : binding parameter [2] as [VARCHAR] - [청주시]
2021-03-10 22:37:34.936 TRACE 20712 --- [    Test worker] o.h.type.descriptor.sql.BasicBinder      : binding parameter [3] as [VARCHAR] - [North Chungcheong]
2021-03-10 22:37:34.936 TRACE 20712 --- [    Test worker] o.h.type.descriptor.sql.BasicBinder      : binding parameter [4] as [BIGINT] - [71]
Hibernate: 
    insert 
    into
        zone
        (city, local_name_of_city, province, id) 
    values
        (?, ?, ?, ?)
2021-03-10 22:37:34.936 TRACE 20712 --- [    Test worker] o.h.type.descriptor.sql.BasicBinder      : binding parameter [1] as [VARCHAR] - [Chuncheon]
2021-03-10 22:37:34.936 TRACE 20712 --- [    Test worker] o.h.type.descriptor.sql.BasicBinder      : binding parameter [2] as [VARCHAR] - [춘천시]
2021-03-10 22:37:34.936 TRACE 20712 --- [    Test worker] o.h.type.descriptor.sql.BasicBinder      : binding parameter [3] as [VARCHAR] - [Gangwon]
2021-03-10 22:37:34.936 TRACE 20712 --- [    Test worker] o.h.type.descriptor.sql.BasicBinder      : binding parameter [4] as [BIGINT] - [72]
Hibernate: 
    insert 
    into
        zone
        (city, local_name_of_city, province, id) 
    values
        (?, ?, ?, ?)
2021-03-10 22:37:34.936 TRACE 20712 --- [    Test worker] o.h.type.descriptor.sql.BasicBinder      : binding parameter [1] as [VARCHAR] - [Chungju]
2021-03-10 22:37:34.936 TRACE 20712 --- [    Test worker] o.h.type.descriptor.sql.BasicBinder      : binding parameter [2] as [VARCHAR] - [충주시]
2021-03-10 22:37:34.936 TRACE 20712 --- [    Test worker] o.h.type.descriptor.sql.BasicBinder      : binding parameter [3] as [VARCHAR] - [North Chungcheong]
2021-03-10 22:37:34.936 TRACE 20712 --- [    Test worker] o.h.type.descriptor.sql.BasicBinder      : binding parameter [4] as [BIGINT] - [73]
Hibernate: 
    insert 
    into
        zone
        (city, local_name_of_city, province, id) 
    values
        (?, ?, ?, ?)
2021-03-10 22:37:34.936 TRACE 20712 --- [    Test worker] o.h.type.descriptor.sql.BasicBinder      : binding parameter [1] as [VARCHAR] - [Daegu]
2021-03-10 22:37:34.936 TRACE 20712 --- [    Test worker] o.h.type.descriptor.sql.BasicBinder      : binding parameter [2] as [VARCHAR] - [대구광역시]
2021-03-10 22:37:34.936 TRACE 20712 --- [    Test worker] o.h.type.descriptor.sql.BasicBinder      : binding parameter [3] as [VARCHAR] - [none]
2021-03-10 22:37:34.936 TRACE 20712 --- [    Test worker] o.h.type.descriptor.sql.BasicBinder      : binding parameter [4] as [BIGINT] - [74]
Hibernate: 
    insert 
    into
        zone
        (city, local_name_of_city, province, id) 
    values
        (?, ?, ?, ?)
2021-03-10 22:37:34.936 TRACE 20712 --- [    Test worker] o.h.type.descriptor.sql.BasicBinder      : binding parameter [1] as [VARCHAR] - [Daejeon]
2021-03-10 22:37:34.936 TRACE 20712 --- [    Test worker] o.h.type.descriptor.sql.BasicBinder      : binding parameter [2] as [VARCHAR] - [대전광역시]
2021-03-10 22:37:34.936 TRACE 20712 --- [    Test worker] o.h.type.descriptor.sql.BasicBinder      : binding parameter [3] as [VARCHAR] - [none]
2021-03-10 22:37:34.936 TRACE 20712 --- [    Test worker] o.h.type.descriptor.sql.BasicBinder      : binding parameter [4] as [BIGINT] - [75]
Hibernate: 
    insert 
    into
        zone
        (city, local_name_of_city, province, id) 
    values
        (?, ?, ?, ?)
2021-03-10 22:37:34.936 TRACE 20712 --- [    Test worker] o.h.type.descriptor.sql.BasicBinder      : binding parameter [1] as [VARCHAR] - [Dangjin]
2021-03-10 22:37:34.936 TRACE 20712 --- [    Test worker] o.h.type.descriptor.sql.BasicBinder      : binding parameter [2] as [VARCHAR] - [당진시]
2021-03-10 22:37:34.936 TRACE 20712 --- [    Test worker] o.h.type.descriptor.sql.BasicBinder      : binding parameter [3] as [VARCHAR] - [South Chungcheong]
2021-03-10 22:37:34.936 TRACE 20712 --- [    Test worker] o.h.type.descriptor.sql.BasicBinder      : binding parameter [4] as [BIGINT] - [76]
Hibernate: 
    insert 
    into
        zone
        (city, local_name_of_city, province, id) 
    values
        (?, ?, ?, ?)
2021-03-10 22:37:34.936 TRACE 20712 --- [    Test worker] o.h.type.descriptor.sql.BasicBinder      : binding parameter [1] as [VARCHAR] - [Dongducheon]
2021-03-10 22:37:34.936 TRACE 20712 --- [    Test worker] o.h.type.descriptor.sql.BasicBinder      : binding parameter [2] as [VARCHAR] - [동두천시]
2021-03-10 22:37:34.936 TRACE 20712 --- [    Test worker] o.h.type.descriptor.sql.BasicBinder      : binding parameter [3] as [VARCHAR] - [Gyeonggi]
2021-03-10 22:37:34.936 TRACE 20712 --- [    Test worker] o.h.type.descriptor.sql.BasicBinder      : binding parameter [4] as [BIGINT] - [77]
Hibernate: 
    insert 
    into
        zone
        (city, local_name_of_city, province, id) 
    values
        (?, ?, ?, ?)
2021-03-10 22:37:34.936 TRACE 20712 --- [    Test worker] o.h.type.descriptor.sql.BasicBinder      : binding parameter [1] as [VARCHAR] - [Donghae]
2021-03-10 22:37:34.936 TRACE 20712 --- [    Test worker] o.h.type.descriptor.sql.BasicBinder      : binding parameter [2] as [VARCHAR] - [동해시]
2021-03-10 22:37:34.936 TRACE 20712 --- [    Test worker] o.h.type.descriptor.sql.BasicBinder      : binding parameter [3] as [VARCHAR] - [Gangwon]
2021-03-10 22:37:34.936 TRACE 20712 --- [    Test worker] o.h.type.descriptor.sql.BasicBinder      : binding parameter [4] as [BIGINT] - [78]
Hibernate: 
    insert 
    into
        zone
        (city, local_name_of_city, province, id) 
    values
        (?, ?, ?, ?)
2021-03-10 22:37:34.936 TRACE 20712 --- [    Test worker] o.h.type.descriptor.sql.BasicBinder      : binding parameter [1] as [VARCHAR] - [Gangneung]
2021-03-10 22:37:34.936 TRACE 20712 --- [    Test worker] o.h.type.descriptor.sql.BasicBinder      : binding parameter [2] as [VARCHAR] - [강릉시]
2021-03-10 22:37:34.936 TRACE 20712 --- [    Test worker] o.h.type.descriptor.sql.BasicBinder      : binding parameter [3] as [VARCHAR] - [Gangwon]
2021-03-10 22:37:34.936 TRACE 20712 --- [    Test worker] o.h.type.descriptor.sql.BasicBinder      : binding parameter [4] as [BIGINT] - [79]
Hibernate: 
    insert 
    into
        zone
        (city, local_name_of_city, province, id) 
    values
        (?, ?, ?, ?)
2021-03-10 22:37:34.936 TRACE 20712 --- [    Test worker] o.h.type.descriptor.sql.BasicBinder      : binding parameter [1] as [VARCHAR] - [Geoje]
2021-03-10 22:37:34.936 TRACE 20712 --- [    Test worker] o.h.type.descriptor.sql.BasicBinder      : binding parameter [2] as [VARCHAR] - [거제시]
2021-03-10 22:37:34.936 TRACE 20712 --- [    Test worker] o.h.type.descriptor.sql.BasicBinder      : binding parameter [3] as [VARCHAR] - [South Gyeongsang]
2021-03-10 22:37:34.952 TRACE 20712 --- [    Test worker] o.h.type.descriptor.sql.BasicBinder      : binding parameter [4] as [BIGINT] - [80]
Hibernate: 
    insert 
    into
        zone
        (city, local_name_of_city, province, id) 
    values
        (?, ?, ?, ?)
2021-03-10 22:37:34.952 TRACE 20712 --- [    Test worker] o.h.type.descriptor.sql.BasicBinder      : binding parameter [1] as [VARCHAR] - [Gimcheon]
2021-03-10 22:37:34.952 TRACE 20712 --- [    Test worker] o.h.type.descriptor.sql.BasicBinder      : binding parameter [2] as [VARCHAR] - [김천시]
2021-03-10 22:37:34.952 TRACE 20712 --- [    Test worker] o.h.type.descriptor.sql.BasicBinder      : binding parameter [3] as [VARCHAR] - [North Gyeongsang]
2021-03-10 22:37:34.952 TRACE 20712 --- [    Test worker] o.h.type.descriptor.sql.BasicBinder      : binding parameter [4] as [BIGINT] - [81]
Hibernate: 
    insert 
    into
        zone
        (city, local_name_of_city, province, id) 
    values
        (?, ?, ?, ?)
2021-03-10 22:37:34.952 TRACE 20712 --- [    Test worker] o.h.type.descriptor.sql.BasicBinder      : binding parameter [1] as [VARCHAR] - [Gimhae]
2021-03-10 22:37:34.952 TRACE 20712 --- [    Test worker] o.h.type.descriptor.sql.BasicBinder      : binding parameter [2] as [VARCHAR] - [김해시]
2021-03-10 22:37:34.952 TRACE 20712 --- [    Test worker] o.h.type.descriptor.sql.BasicBinder      : binding parameter [3] as [VARCHAR] - [South Gyeongsang]
2021-03-10 22:37:34.952 TRACE 20712 --- [    Test worker] o.h.type.descriptor.sql.BasicBinder      : binding parameter [4] as [BIGINT] - [82]
Hibernate: 
    insert 
    into
        zone
        (city, local_name_of_city, province, id) 
    values
        (?, ?, ?, ?)
2021-03-10 22:37:34.952 TRACE 20712 --- [    Test worker] o.h.type.descriptor.sql.BasicBinder      : binding parameter [1] as [VARCHAR] - [Gimje]
2021-03-10 22:37:34.952 TRACE 20712 --- [    Test worker] o.h.type.descriptor.sql.BasicBinder      : binding parameter [2] as [VARCHAR] - [김제시]
2021-03-10 22:37:34.952 TRACE 20712 --- [    Test worker] o.h.type.descriptor.sql.BasicBinder      : binding parameter [3] as [VARCHAR] - [North Jeolla]
2021-03-10 22:37:34.952 TRACE 20712 --- [    Test worker] o.h.type.descriptor.sql.BasicBinder      : binding parameter [4] as [BIGINT] - [83]
Hibernate: 
    insert 
    into
        zone
        (city, local_name_of_city, province, id) 
    values
        (?, ?, ?, ?)
2021-03-10 22:37:34.952 TRACE 20712 --- [    Test worker] o.h.type.descriptor.sql.BasicBinder      : binding parameter [1] as [VARCHAR] - [Gimpo]
2021-03-10 22:37:34.952 TRACE 20712 --- [    Test worker] o.h.type.descriptor.sql.BasicBinder      : binding parameter [2] as [VARCHAR] - [김포시]
2021-03-10 22:37:34.952 TRACE 20712 --- [    Test worker] o.h.type.descriptor.sql.BasicBinder      : binding parameter [3] as [VARCHAR] - [Gyeonggi]
2021-03-10 22:37:34.952 TRACE 20712 --- [    Test worker] o.h.type.descriptor.sql.BasicBinder      : binding parameter [4] as [BIGINT] - [84]
Hibernate: 
    insert 
    into
        zone
        (city, local_name_of_city, province, id) 
    values
        (?, ?, ?, ?)
2021-03-10 22:37:34.952 TRACE 20712 --- [    Test worker] o.h.type.descriptor.sql.BasicBinder      : binding parameter [1] as [VARCHAR] - [Gongju]
2021-03-10 22:37:34.952 TRACE 20712 --- [    Test worker] o.h.type.descriptor.sql.BasicBinder      : binding parameter [2] as [VARCHAR] - [공주시]
2021-03-10 22:37:34.952 TRACE 20712 --- [    Test worker] o.h.type.descriptor.sql.BasicBinder      : binding parameter [3] as [VARCHAR] - [South Chungcheong]
2021-03-10 22:37:34.952 TRACE 20712 --- [    Test worker] o.h.type.descriptor.sql.BasicBinder      : binding parameter [4] as [BIGINT] - [85]
Hibernate: 
    insert 
    into
        zone
        (city, local_name_of_city, province, id) 
    values
        (?, ?, ?, ?)
2021-03-10 22:37:34.952 TRACE 20712 --- [    Test worker] o.h.type.descriptor.sql.BasicBinder      : binding parameter [1] as [VARCHAR] - [Goyang]
2021-03-10 22:37:34.952 TRACE 20712 --- [    Test worker] o.h.type.descriptor.sql.BasicBinder      : binding parameter [2] as [VARCHAR] - [고양시]
2021-03-10 22:37:34.952 TRACE 20712 --- [    Test worker] o.h.type.descriptor.sql.BasicBinder      : binding parameter [3] as [VARCHAR] - [Gyeonggi]
2021-03-10 22:37:34.952 TRACE 20712 --- [    Test worker] o.h.type.descriptor.sql.BasicBinder      : binding parameter [4] as [BIGINT] - [86]
Hibernate: 
    insert 
    into
        zone
        (city, local_name_of_city, province, id) 
    values
        (?, ?, ?, ?)
2021-03-10 22:37:34.952 TRACE 20712 --- [    Test worker] o.h.type.descriptor.sql.BasicBinder      : binding parameter [1] as [VARCHAR] - [Gumi]
2021-03-10 22:37:34.952 TRACE 20712 --- [    Test worker] o.h.type.descriptor.sql.BasicBinder      : binding parameter [2] as [VARCHAR] - [구미시]
2021-03-10 22:37:34.952 TRACE 20712 --- [    Test worker] o.h.type.descriptor.sql.BasicBinder      : binding parameter [3] as [VARCHAR] - [North Gyeongsang]
2021-03-10 22:37:34.952 TRACE 20712 --- [    Test worker] o.h.type.descriptor.sql.BasicBinder      : binding parameter [4] as [BIGINT] - [87]
Hibernate: 
    insert 
    into
        zone
        (city, local_name_of_city, province, id) 
    values
        (?, ?, ?, ?)
2021-03-10 22:37:34.952 TRACE 20712 --- [    Test worker] o.h.type.descriptor.sql.BasicBinder      : binding parameter [1] as [VARCHAR] - [Gunpo]
2021-03-10 22:37:34.952 TRACE 20712 --- [    Test worker] o.h.type.descriptor.sql.BasicBinder      : binding parameter [2] as [VARCHAR] - [군포시]
2021-03-10 22:37:34.952 TRACE 20712 --- [    Test worker] o.h.type.descriptor.sql.BasicBinder      : binding parameter [3] as [VARCHAR] - [Gyeonggi]
2021-03-10 22:37:34.952 TRACE 20712 --- [    Test worker] o.h.type.descriptor.sql.BasicBinder      : binding parameter [4] as [BIGINT] - [88]
Hibernate: 
    insert 
    into
        zone
        (city, local_name_of_city, province, id) 
    values
        (?, ?, ?, ?)
2021-03-10 22:37:34.952 TRACE 20712 --- [    Test worker] o.h.type.descriptor.sql.BasicBinder      : binding parameter [1] as [VARCHAR] - [Gunsan]
2021-03-10 22:37:34.952 TRACE 20712 --- [    Test worker] o.h.type.descriptor.sql.BasicBinder      : binding parameter [2] as [VARCHAR] - [군산시]
2021-03-10 22:37:34.952 TRACE 20712 --- [    Test worker] o.h.type.descriptor.sql.BasicBinder      : binding parameter [3] as [VARCHAR] - [North Jeolla]
2021-03-10 22:37:34.952 TRACE 20712 --- [    Test worker] o.h.type.descriptor.sql.BasicBinder      : binding parameter [4] as [BIGINT] - [89]
Hibernate: 
    insert 
    into
        zone
        (city, local_name_of_city, province, id) 
    values
        (?, ?, ?, ?)
2021-03-10 22:37:34.952 TRACE 20712 --- [    Test worker] o.h.type.descriptor.sql.BasicBinder      : binding parameter [1] as [VARCHAR] - [Guri]
2021-03-10 22:37:34.952 TRACE 20712 --- [    Test worker] o.h.type.descriptor.sql.BasicBinder      : binding parameter [2] as [VARCHAR] - [구리시]
2021-03-10 22:37:34.952 TRACE 20712 --- [    Test worker] o.h.type.descriptor.sql.BasicBinder      : binding parameter [3] as [VARCHAR] - [Gyeonggi]
2021-03-10 22:37:34.952 TRACE 20712 --- [    Test worker] o.h.type.descriptor.sql.BasicBinder      : binding parameter [4] as [BIGINT] - [90]
Hibernate: 
    insert 
    into
        zone
        (city, local_name_of_city, province, id) 
    values
        (?, ?, ?, ?)
2021-03-10 22:37:34.952 TRACE 20712 --- [    Test worker] o.h.type.descriptor.sql.BasicBinder      : binding parameter [1] as [VARCHAR] - [Gwacheon]
2021-03-10 22:37:34.952 TRACE 20712 --- [    Test worker] o.h.type.descriptor.sql.BasicBinder      : binding parameter [2] as [VARCHAR] - [과천시]
2021-03-10 22:37:34.952 TRACE 20712 --- [    Test worker] o.h.type.descriptor.sql.BasicBinder      : binding parameter [3] as [VARCHAR] - [Gyeonggi]
2021-03-10 22:37:34.952 TRACE 20712 --- [    Test worker] o.h.type.descriptor.sql.BasicBinder      : binding parameter [4] as [BIGINT] - [91]
Hibernate: 
    insert 
    into
        zone
        (city, local_name_of_city, province, id) 
    values
        (?, ?, ?, ?)
2021-03-10 22:37:34.952 TRACE 20712 --- [    Test worker] o.h.type.descriptor.sql.BasicBinder      : binding parameter [1] as [VARCHAR] - [Gwangju]
2021-03-10 22:37:34.952 TRACE 20712 --- [    Test worker] o.h.type.descriptor.sql.BasicBinder      : binding parameter [2] as [VARCHAR] - [광주광역시]
2021-03-10 22:37:34.952 TRACE 20712 --- [    Test worker] o.h.type.descriptor.sql.BasicBinder      : binding parameter [3] as [VARCHAR] - [none]
2021-03-10 22:37:34.952 TRACE 20712 --- [    Test worker] o.h.type.descriptor.sql.BasicBinder      : binding parameter [4] as [BIGINT] - [92]
Hibernate: 
    insert 
    into
        zone
        (city, local_name_of_city, province, id) 
    values
        (?, ?, ?, ?)
2021-03-10 22:37:34.952 TRACE 20712 --- [    Test worker] o.h.type.descriptor.sql.BasicBinder      : binding parameter [1] as [VARCHAR] - [Gwangju]
2021-03-10 22:37:34.952 TRACE 20712 --- [    Test worker] o.h.type.descriptor.sql.BasicBinder      : binding parameter [2] as [VARCHAR] - [광주시]
2021-03-10 22:37:34.952 TRACE 20712 --- [    Test worker] o.h.type.descriptor.sql.BasicBinder      : binding parameter [3] as [VARCHAR] - [Gyeonggi]
2021-03-10 22:37:34.952 TRACE 20712 --- [    Test worker] o.h.type.descriptor.sql.BasicBinder      : binding parameter [4] as [BIGINT] - [93]
Hibernate: 
    insert 
    into
        zone
        (city, local_name_of_city, province, id) 
    values
        (?, ?, ?, ?)
2021-03-10 22:37:34.952 TRACE 20712 --- [    Test worker] o.h.type.descriptor.sql.BasicBinder      : binding parameter [1] as [VARCHAR] - [Gwangmyeong]
2021-03-10 22:37:34.952 TRACE 20712 --- [    Test worker] o.h.type.descriptor.sql.BasicBinder      : binding parameter [2] as [VARCHAR] - [광명시]
2021-03-10 22:37:34.952 TRACE 20712 --- [    Test worker] o.h.type.descriptor.sql.BasicBinder      : binding parameter [3] as [VARCHAR] - [Gyeonggi]
2021-03-10 22:37:34.952 TRACE 20712 --- [    Test worker] o.h.type.descriptor.sql.BasicBinder      : binding parameter [4] as [BIGINT] - [94]
Hibernate: 
    insert 
    into
        zone
        (city, local_name_of_city, province, id) 
    values
        (?, ?, ?, ?)
2021-03-10 22:37:34.952 TRACE 20712 --- [    Test worker] o.h.type.descriptor.sql.BasicBinder      : binding parameter [1] as [VARCHAR] - [Gwangyang]
2021-03-10 22:37:34.952 TRACE 20712 --- [    Test worker] o.h.type.descriptor.sql.BasicBinder      : binding parameter [2] as [VARCHAR] - [광양시]
2021-03-10 22:37:34.952 TRACE 20712 --- [    Test worker] o.h.type.descriptor.sql.BasicBinder      : binding parameter [3] as [VARCHAR] - [South Jeolla]
2021-03-10 22:37:34.952 TRACE 20712 --- [    Test worker] o.h.type.descriptor.sql.BasicBinder      : binding parameter [4] as [BIGINT] - [95]
Hibernate: 
    insert 
    into
        zone
        (city, local_name_of_city, province, id) 
    values
        (?, ?, ?, ?)
2021-03-10 22:37:34.952 TRACE 20712 --- [    Test worker] o.h.type.descriptor.sql.BasicBinder      : binding parameter [1] as [VARCHAR] - [Gyeongju]
2021-03-10 22:37:34.952 TRACE 20712 --- [    Test worker] o.h.type.descriptor.sql.BasicBinder      : binding parameter [2] as [VARCHAR] - [경주시]
2021-03-10 22:37:34.952 TRACE 20712 --- [    Test worker] o.h.type.descriptor.sql.BasicBinder      : binding parameter [3] as [VARCHAR] - [North Gyeongsang]
2021-03-10 22:37:34.952 TRACE 20712 --- [    Test worker] o.h.type.descriptor.sql.BasicBinder      : binding parameter [4] as [BIGINT] - [96]
Hibernate: 
    insert 
    into
        zone
        (city, local_name_of_city, province, id) 
    values
        (?, ?, ?, ?)
2021-03-10 22:37:34.952 TRACE 20712 --- [    Test worker] o.h.type.descriptor.sql.BasicBinder      : binding parameter [1] as [VARCHAR] - [Gyeongsan]
2021-03-10 22:37:34.952 TRACE 20712 --- [    Test worker] o.h.type.descriptor.sql.BasicBinder      : binding parameter [2] as [VARCHAR] - [경산시]
2021-03-10 22:37:34.952 TRACE 20712 --- [    Test worker] o.h.type.descriptor.sql.BasicBinder      : binding parameter [3] as [VARCHAR] - [North Gyeongsang]
2021-03-10 22:37:34.952 TRACE 20712 --- [    Test worker] o.h.type.descriptor.sql.BasicBinder      : binding parameter [4] as [BIGINT] - [97]
Hibernate: 
    insert 
    into
        zone
        (city, local_name_of_city, province, id) 
    values
        (?, ?, ?, ?)
2021-03-10 22:37:34.952 TRACE 20712 --- [    Test worker] o.h.type.descriptor.sql.BasicBinder      : binding parameter [1] as [VARCHAR] - [Gyeryong]
2021-03-10 22:37:34.952 TRACE 20712 --- [    Test worker] o.h.type.descriptor.sql.BasicBinder      : binding parameter [2] as [VARCHAR] - [계룡시]
2021-03-10 22:37:34.952 TRACE 20712 --- [    Test worker] o.h.type.descriptor.sql.BasicBinder      : binding parameter [3] as [VARCHAR] - [South Chungcheong]
2021-03-10 22:37:34.952 TRACE 20712 --- [    Test worker] o.h.type.descriptor.sql.BasicBinder      : binding parameter [4] as [BIGINT] - [98]
Hibernate: 
    insert 
    into
        zone
        (city, local_name_of_city, province, id) 
    values
        (?, ?, ?, ?)
2021-03-10 22:37:34.952 TRACE 20712 --- [    Test worker] o.h.type.descriptor.sql.BasicBinder      : binding parameter [1] as [VARCHAR] - [Hanam]
2021-03-10 22:37:34.952 TRACE 20712 --- [    Test worker] o.h.type.descriptor.sql.BasicBinder      : binding parameter [2] as [VARCHAR] - [하남시]
2021-03-10 22:37:34.952 TRACE 20712 --- [    Test worker] o.h.type.descriptor.sql.BasicBinder      : binding parameter [3] as [VARCHAR] - [Gyeonggi]
2021-03-10 22:37:34.952 TRACE 20712 --- [    Test worker] o.h.type.descriptor.sql.BasicBinder      : binding parameter [4] as [BIGINT] - [99]
Hibernate: 
    insert 
    into
        zone
        (city, local_name_of_city, province, id) 
    values
        (?, ?, ?, ?)
2021-03-10 22:37:34.952 TRACE 20712 --- [    Test worker] o.h.type.descriptor.sql.BasicBinder      : binding parameter [1] as [VARCHAR] - [Hwaseong]
2021-03-10 22:37:34.952 TRACE 20712 --- [    Test worker] o.h.type.descriptor.sql.BasicBinder      : binding parameter [2] as [VARCHAR] - [화성시]
2021-03-10 22:37:34.952 TRACE 20712 --- [    Test worker] o.h.type.descriptor.sql.BasicBinder      : binding parameter [3] as [VARCHAR] - [Gyeonggi]
2021-03-10 22:37:34.952 TRACE 20712 --- [    Test worker] o.h.type.descriptor.sql.BasicBinder      : binding parameter [4] as [BIGINT] - [100]
Hibernate: 
    insert 
    into
        zone
        (city, local_name_of_city, province, id) 
    values
        (?, ?, ?, ?)
2021-03-10 22:37:34.952 TRACE 20712 --- [    Test worker] o.h.type.descriptor.sql.BasicBinder      : binding parameter [1] as [VARCHAR] - [Icheon]
2021-03-10 22:37:34.952 TRACE 20712 --- [    Test worker] o.h.type.descriptor.sql.BasicBinder      : binding parameter [2] as [VARCHAR] - [이천시]
2021-03-10 22:37:34.952 TRACE 20712 --- [    Test worker] o.h.type.descriptor.sql.BasicBinder      : binding parameter [3] as [VARCHAR] - [Gyeonggi]
2021-03-10 22:37:34.952 TRACE 20712 --- [    Test worker] o.h.type.descriptor.sql.BasicBinder      : binding parameter [4] as [BIGINT] - [101]
Hibernate: 
    insert 
    into
        zone
        (city, local_name_of_city, province, id) 
    values
        (?, ?, ?, ?)
2021-03-10 22:37:34.952 TRACE 20712 --- [    Test worker] o.h.type.descriptor.sql.BasicBinder      : binding parameter [1] as [VARCHAR] - [Iksan]
2021-03-10 22:37:34.952 TRACE 20712 --- [    Test worker] o.h.type.descriptor.sql.BasicBinder      : binding parameter [2] as [VARCHAR] - [익산시]
2021-03-10 22:37:34.952 TRACE 20712 --- [    Test worker] o.h.type.descriptor.sql.BasicBinder      : binding parameter [3] as [VARCHAR] - [North Jeolla]
2021-03-10 22:37:34.952 TRACE 20712 --- [    Test worker] o.h.type.descriptor.sql.BasicBinder      : binding parameter [4] as [BIGINT] - [102]
Hibernate: 
    insert 
    into
        zone
        (city, local_name_of_city, province, id) 
    values
        (?, ?, ?, ?)
2021-03-10 22:37:34.952 TRACE 20712 --- [    Test worker] o.h.type.descriptor.sql.BasicBinder      : binding parameter [1] as [VARCHAR] - [Incheon]
2021-03-10 22:37:34.952 TRACE 20712 --- [    Test worker] o.h.type.descriptor.sql.BasicBinder      : binding parameter [2] as [VARCHAR] - [인천광역시]
2021-03-10 22:37:34.952 TRACE 20712 --- [    Test worker] o.h.type.descriptor.sql.BasicBinder      : binding parameter [3] as [VARCHAR] - [none]
2021-03-10 22:37:34.952 TRACE 20712 --- [    Test worker] o.h.type.descriptor.sql.BasicBinder      : binding parameter [4] as [BIGINT] - [103]
Hibernate: 
    insert 
    into
        zone
        (city, local_name_of_city, province, id) 
    values
        (?, ?, ?, ?)
2021-03-10 22:37:34.952 TRACE 20712 --- [    Test worker] o.h.type.descriptor.sql.BasicBinder      : binding parameter [1] as [VARCHAR] - [Jecheon]
2021-03-10 22:37:34.952 TRACE 20712 --- [    Test worker] o.h.type.descriptor.sql.BasicBinder      : binding parameter [2] as [VARCHAR] - [제천시]
2021-03-10 22:37:34.952 TRACE 20712 --- [    Test worker] o.h.type.descriptor.sql.BasicBinder      : binding parameter [3] as [VARCHAR] - [North Chungcheong]
2021-03-10 22:37:34.952 TRACE 20712 --- [    Test worker] o.h.type.descriptor.sql.BasicBinder      : binding parameter [4] as [BIGINT] - [104]
Hibernate: 
    insert 
    into
        zone
        (city, local_name_of_city, province, id) 
    values
        (?, ?, ?, ?)
2021-03-10 22:37:34.952 TRACE 20712 --- [    Test worker] o.h.type.descriptor.sql.BasicBinder      : binding parameter [1] as [VARCHAR] - [Jeongeup]
2021-03-10 22:37:34.952 TRACE 20712 --- [    Test worker] o.h.type.descriptor.sql.BasicBinder      : binding parameter [2] as [VARCHAR] - [정읍시]
2021-03-10 22:37:34.952 TRACE 20712 --- [    Test worker] o.h.type.descriptor.sql.BasicBinder      : binding parameter [3] as [VARCHAR] - [North Jeolla]
2021-03-10 22:37:34.952 TRACE 20712 --- [    Test worker] o.h.type.descriptor.sql.BasicBinder      : binding parameter [4] as [BIGINT] - [105]
Hibernate: 
    insert 
    into
        zone
        (city, local_name_of_city, province, id) 
    values
        (?, ?, ?, ?)
2021-03-10 22:37:34.952 TRACE 20712 --- [    Test worker] o.h.type.descriptor.sql.BasicBinder      : binding parameter [1] as [VARCHAR] - [Jeonju]
2021-03-10 22:37:34.952 TRACE 20712 --- [    Test worker] o.h.type.descriptor.sql.BasicBinder      : binding parameter [2] as [VARCHAR] - [전주시]
2021-03-10 22:37:34.952 TRACE 20712 --- [    Test worker] o.h.type.descriptor.sql.BasicBinder      : binding parameter [3] as [VARCHAR] - [North Jeolla]
2021-03-10 22:37:34.952 TRACE 20712 --- [    Test worker] o.h.type.descriptor.sql.BasicBinder      : binding parameter [4] as [BIGINT] - [106]
Hibernate: 
    insert 
    into
        zone
        (city, local_name_of_city, province, id) 
    values
        (?, ?, ?, ?)
2021-03-10 22:37:34.952 TRACE 20712 --- [    Test worker] o.h.type.descriptor.sql.BasicBinder      : binding parameter [1] as [VARCHAR] - [Jeju]
2021-03-10 22:37:34.952 TRACE 20712 --- [    Test worker] o.h.type.descriptor.sql.BasicBinder      : binding parameter [2] as [VARCHAR] - [제주시]
2021-03-10 22:37:34.952 TRACE 20712 --- [    Test worker] o.h.type.descriptor.sql.BasicBinder      : binding parameter [3] as [VARCHAR] - [Jeju]
2021-03-10 22:37:34.952 TRACE 20712 --- [    Test worker] o.h.type.descriptor.sql.BasicBinder      : binding parameter [4] as [BIGINT] - [107]
Hibernate: 
    insert 
    into
        zone
        (city, local_name_of_city, province, id) 
    values
        (?, ?, ?, ?)
2021-03-10 22:37:34.952 TRACE 20712 --- [    Test worker] o.h.type.descriptor.sql.BasicBinder      : binding parameter [1] as [VARCHAR] - [Jinju]
2021-03-10 22:37:34.952 TRACE 20712 --- [    Test worker] o.h.type.descriptor.sql.BasicBinder      : binding parameter [2] as [VARCHAR] - [진주시]
2021-03-10 22:37:34.952 TRACE 20712 --- [    Test worker] o.h.type.descriptor.sql.BasicBinder      : binding parameter [3] as [VARCHAR] - [South Gyeongsang]
2021-03-10 22:37:34.952 TRACE 20712 --- [    Test worker] o.h.type.descriptor.sql.BasicBinder      : binding parameter [4] as [BIGINT] - [108]
Hibernate: 
    insert 
    into
        zone
        (city, local_name_of_city, province, id) 
    values
        (?, ?, ?, ?)
2021-03-10 22:37:34.967 TRACE 20712 --- [    Test worker] o.h.type.descriptor.sql.BasicBinder      : binding parameter [1] as [VARCHAR] - [Naju]
2021-03-10 22:37:34.967 TRACE 20712 --- [    Test worker] o.h.type.descriptor.sql.BasicBinder      : binding parameter [2] as [VARCHAR] - [나주시]
2021-03-10 22:37:34.967 TRACE 20712 --- [    Test worker] o.h.type.descriptor.sql.BasicBinder      : binding parameter [3] as [VARCHAR] - [South Jeolla]
2021-03-10 22:37:34.967 TRACE 20712 --- [    Test worker] o.h.type.descriptor.sql.BasicBinder      : binding parameter [4] as [BIGINT] - [109]
Hibernate: 
    insert 
    into
        zone
        (city, local_name_of_city, province, id) 
    values
        (?, ?, ?, ?)
2021-03-10 22:37:34.967 TRACE 20712 --- [    Test worker] o.h.type.descriptor.sql.BasicBinder      : binding parameter [1] as [VARCHAR] - [Namyangju]
2021-03-10 22:37:34.967 TRACE 20712 --- [    Test worker] o.h.type.descriptor.sql.BasicBinder      : binding parameter [2] as [VARCHAR] - [남양주시]
2021-03-10 22:37:34.967 TRACE 20712 --- [    Test worker] o.h.type.descriptor.sql.BasicBinder      : binding parameter [3] as [VARCHAR] - [Gyeonggi]
2021-03-10 22:37:34.967 TRACE 20712 --- [    Test worker] o.h.type.descriptor.sql.BasicBinder      : binding parameter [4] as [BIGINT] - [110]
Hibernate: 
    insert 
    into
        zone
        (city, local_name_of_city, province, id) 
    values
        (?, ?, ?, ?)
2021-03-10 22:37:34.967 TRACE 20712 --- [    Test worker] o.h.type.descriptor.sql.BasicBinder      : binding parameter [1] as [VARCHAR] - [Namwon]
2021-03-10 22:37:34.967 TRACE 20712 --- [    Test worker] o.h.type.descriptor.sql.BasicBinder      : binding parameter [2] as [VARCHAR] - [남원시]
2021-03-10 22:37:34.967 TRACE 20712 --- [    Test worker] o.h.type.descriptor.sql.BasicBinder      : binding parameter [3] as [VARCHAR] - [North Jeolla]
2021-03-10 22:37:34.967 TRACE 20712 --- [    Test worker] o.h.type.descriptor.sql.BasicBinder      : binding parameter [4] as [BIGINT] - [111]
Hibernate: 
    insert 
    into
        zone
        (city, local_name_of_city, province, id) 
    values
        (?, ?, ?, ?)
2021-03-10 22:37:34.967 TRACE 20712 --- [    Test worker] o.h.type.descriptor.sql.BasicBinder      : binding parameter [1] as [VARCHAR] - [Nonsan]
2021-03-10 22:37:34.967 TRACE 20712 --- [    Test worker] o.h.type.descriptor.sql.BasicBinder      : binding parameter [2] as [VARCHAR] - [논산시]
2021-03-10 22:37:34.967 TRACE 20712 --- [    Test worker] o.h.type.descriptor.sql.BasicBinder      : binding parameter [3] as [VARCHAR] - [South Chungcheong]
2021-03-10 22:37:34.967 TRACE 20712 --- [    Test worker] o.h.type.descriptor.sql.BasicBinder      : binding parameter [4] as [BIGINT] - [112]
Hibernate: 
    insert 
    into
        zone
        (city, local_name_of_city, province, id) 
    values
        (?, ?, ?, ?)
2021-03-10 22:37:34.967 TRACE 20712 --- [    Test worker] o.h.type.descriptor.sql.BasicBinder      : binding parameter [1] as [VARCHAR] - [Miryang]
2021-03-10 22:37:34.967 TRACE 20712 --- [    Test worker] o.h.type.descriptor.sql.BasicBinder      : binding parameter [2] as [VARCHAR] - [밀양시]
2021-03-10 22:37:34.967 TRACE 20712 --- [    Test worker] o.h.type.descriptor.sql.BasicBinder      : binding parameter [3] as [VARCHAR] - [South Gyeongsang]
2021-03-10 22:37:34.967 TRACE 20712 --- [    Test worker] o.h.type.descriptor.sql.BasicBinder      : binding parameter [4] as [BIGINT] - [113]
Hibernate: 
    insert 
    into
        zone
        (city, local_name_of_city, province, id) 
    values
        (?, ?, ?, ?)
2021-03-10 22:37:34.967 TRACE 20712 --- [    Test worker] o.h.type.descriptor.sql.BasicBinder      : binding parameter [1] as [VARCHAR] - [Mokpo]
2021-03-10 22:37:34.967 TRACE 20712 --- [    Test worker] o.h.type.descriptor.sql.BasicBinder      : binding parameter [2] as [VARCHAR] - [목포시]
2021-03-10 22:37:34.967 TRACE 20712 --- [    Test worker] o.h.type.descriptor.sql.BasicBinder      : binding parameter [3] as [VARCHAR] - [South Jeolla]
2021-03-10 22:37:34.967 TRACE 20712 --- [    Test worker] o.h.type.descriptor.sql.BasicBinder      : binding parameter [4] as [BIGINT] - [114]
Hibernate: 
    insert 
    into
        zone
        (city, local_name_of_city, province, id) 
    values
        (?, ?, ?, ?)
2021-03-10 22:37:34.967 TRACE 20712 --- [    Test worker] o.h.type.descriptor.sql.BasicBinder      : binding parameter [1] as [VARCHAR] - [Mungyeong]
2021-03-10 22:37:34.967 TRACE 20712 --- [    Test worker] o.h.type.descriptor.sql.BasicBinder      : binding parameter [2] as [VARCHAR] - [문경시]
2021-03-10 22:37:34.967 TRACE 20712 --- [    Test worker] o.h.type.descriptor.sql.BasicBinder      : binding parameter [3] as [VARCHAR] - [North Gyeongsang]
2021-03-10 22:37:34.967 TRACE 20712 --- [    Test worker] o.h.type.descriptor.sql.BasicBinder      : binding parameter [4] as [BIGINT] - [115]
Hibernate: 
    insert 
    into
        zone
        (city, local_name_of_city, province, id) 
    values
        (?, ?, ?, ?)
2021-03-10 22:37:34.967 TRACE 20712 --- [    Test worker] o.h.type.descriptor.sql.BasicBinder      : binding parameter [1] as [VARCHAR] - [Osan]
2021-03-10 22:37:34.967 TRACE 20712 --- [    Test worker] o.h.type.descriptor.sql.BasicBinder      : binding parameter [2] as [VARCHAR] - [오산시]
2021-03-10 22:37:34.967 TRACE 20712 --- [    Test worker] o.h.type.descriptor.sql.BasicBinder      : binding parameter [3] as [VARCHAR] - [Gyeonggi]
2021-03-10 22:37:34.967 TRACE 20712 --- [    Test worker] o.h.type.descriptor.sql.BasicBinder      : binding parameter [4] as [BIGINT] - [116]
Hibernate: 
    insert 
    into
        zone
        (city, local_name_of_city, province, id) 
    values
        (?, ?, ?, ?)
2021-03-10 22:37:34.967 TRACE 20712 --- [    Test worker] o.h.type.descriptor.sql.BasicBinder      : binding parameter [1] as [VARCHAR] - [Paju]
2021-03-10 22:37:34.967 TRACE 20712 --- [    Test worker] o.h.type.descriptor.sql.BasicBinder      : binding parameter [2] as [VARCHAR] - [파주시]
2021-03-10 22:37:34.967 TRACE 20712 --- [    Test worker] o.h.type.descriptor.sql.BasicBinder      : binding parameter [3] as [VARCHAR] - [Gyeonggi]
2021-03-10 22:37:34.967 TRACE 20712 --- [    Test worker] o.h.type.descriptor.sql.BasicBinder      : binding parameter [4] as [BIGINT] - [117]
Hibernate: 
    insert 
    into
        zone
        (city, local_name_of_city, province, id) 
    values
        (?, ?, ?, ?)
2021-03-10 22:37:34.967 TRACE 20712 --- [    Test worker] o.h.type.descriptor.sql.BasicBinder      : binding parameter [1] as [VARCHAR] - [Pocheon]
2021-03-10 22:37:34.967 TRACE 20712 --- [    Test worker] o.h.type.descriptor.sql.BasicBinder      : binding parameter [2] as [VARCHAR] - [포천시]
2021-03-10 22:37:34.967 TRACE 20712 --- [    Test worker] o.h.type.descriptor.sql.BasicBinder      : binding parameter [3] as [VARCHAR] - [Gyeonggi]
2021-03-10 22:37:34.967 TRACE 20712 --- [    Test worker] o.h.type.descriptor.sql.BasicBinder      : binding parameter [4] as [BIGINT] - [118]
Hibernate: 
    insert 
    into
        zone
        (city, local_name_of_city, province, id) 
    values
        (?, ?, ?, ?)
2021-03-10 22:37:34.967 TRACE 20712 --- [    Test worker] o.h.type.descriptor.sql.BasicBinder      : binding parameter [1] as [VARCHAR] - [Pohang]
2021-03-10 22:37:34.967 TRACE 20712 --- [    Test worker] o.h.type.descriptor.sql.BasicBinder      : binding parameter [2] as [VARCHAR] - [포항시]
2021-03-10 22:37:34.967 TRACE 20712 --- [    Test worker] o.h.type.descriptor.sql.BasicBinder      : binding parameter [3] as [VARCHAR] - [North Gyeongsang]
2021-03-10 22:37:34.967 TRACE 20712 --- [    Test worker] o.h.type.descriptor.sql.BasicBinder      : binding parameter [4] as [BIGINT] - [119]
Hibernate: 
    insert 
    into
        zone
        (city, local_name_of_city, province, id) 
    values
        (?, ?, ?, ?)
2021-03-10 22:37:34.967 TRACE 20712 --- [    Test worker] o.h.type.descriptor.sql.BasicBinder      : binding parameter [1] as [VARCHAR] - [Pyeongtaek]
2021-03-10 22:37:34.967 TRACE 20712 --- [    Test worker] o.h.type.descriptor.sql.BasicBinder      : binding parameter [2] as [VARCHAR] - [평택시]
2021-03-10 22:37:34.967 TRACE 20712 --- [    Test worker] o.h.type.descriptor.sql.BasicBinder      : binding parameter [3] as [VARCHAR] - [Gyeonggi]
2021-03-10 22:37:34.967 TRACE 20712 --- [    Test worker] o.h.type.descriptor.sql.BasicBinder      : binding parameter [4] as [BIGINT] - [120]
Hibernate: 
    insert 
    into
        zone
        (city, local_name_of_city, province, id) 
    values
        (?, ?, ?, ?)
2021-03-10 22:37:34.967 TRACE 20712 --- [    Test worker] o.h.type.descriptor.sql.BasicBinder      : binding parameter [1] as [VARCHAR] - [Sacheon]
2021-03-10 22:37:34.967 TRACE 20712 --- [    Test worker] o.h.type.descriptor.sql.BasicBinder      : binding parameter [2] as [VARCHAR] - [사천시]
2021-03-10 22:37:34.967 TRACE 20712 --- [    Test worker] o.h.type.descriptor.sql.BasicBinder      : binding parameter [3] as [VARCHAR] - [South Gyeongsang]
2021-03-10 22:37:34.967 TRACE 20712 --- [    Test worker] o.h.type.descriptor.sql.BasicBinder      : binding parameter [4] as [BIGINT] - [121]
Hibernate: 
    insert 
    into
        zone
        (city, local_name_of_city, province, id) 
    values
        (?, ?, ?, ?)
2021-03-10 22:37:34.967 TRACE 20712 --- [    Test worker] o.h.type.descriptor.sql.BasicBinder      : binding parameter [1] as [VARCHAR] - [Sangju]
2021-03-10 22:37:34.967 TRACE 20712 --- [    Test worker] o.h.type.descriptor.sql.BasicBinder      : binding parameter [2] as [VARCHAR] - [상주시]
2021-03-10 22:37:34.967 TRACE 20712 --- [    Test worker] o.h.type.descriptor.sql.BasicBinder      : binding parameter [3] as [VARCHAR] - [North Gyeongsang]
2021-03-10 22:37:34.967 TRACE 20712 --- [    Test worker] o.h.type.descriptor.sql.BasicBinder      : binding parameter [4] as [BIGINT] - [122]
Hibernate: 
    insert 
    into
        zone
        (city, local_name_of_city, province, id) 
    values
        (?, ?, ?, ?)
2021-03-10 22:37:34.967 TRACE 20712 --- [    Test worker] o.h.type.descriptor.sql.BasicBinder      : binding parameter [1] as [VARCHAR] - [Samcheok]
2021-03-10 22:37:34.967 TRACE 20712 --- [    Test worker] o.h.type.descriptor.sql.BasicBinder      : binding parameter [2] as [VARCHAR] - [삼척시]
2021-03-10 22:37:34.967 TRACE 20712 --- [    Test worker] o.h.type.descriptor.sql.BasicBinder      : binding parameter [3] as [VARCHAR] - [Gangwon]
2021-03-10 22:37:34.967 TRACE 20712 --- [    Test worker] o.h.type.descriptor.sql.BasicBinder      : binding parameter [4] as [BIGINT] - [123]
Hibernate: 
    insert 
    into
        zone
        (city, local_name_of_city, province, id) 
    values
        (?, ?, ?, ?)
2021-03-10 22:37:34.967 TRACE 20712 --- [    Test worker] o.h.type.descriptor.sql.BasicBinder      : binding parameter [1] as [VARCHAR] - [Sejong]
2021-03-10 22:37:34.967 TRACE 20712 --- [    Test worker] o.h.type.descriptor.sql.BasicBinder      : binding parameter [2] as [VARCHAR] - [세종특별자치시]
2021-03-10 22:37:34.967 TRACE 20712 --- [    Test worker] o.h.type.descriptor.sql.BasicBinder      : binding parameter [3] as [VARCHAR] - [none]
2021-03-10 22:37:34.967 TRACE 20712 --- [    Test worker] o.h.type.descriptor.sql.BasicBinder      : binding parameter [4] as [BIGINT] - [124]
Hibernate: 
    insert 
    into
        zone
        (city, local_name_of_city, province, id) 
    values
        (?, ?, ?, ?)
2021-03-10 22:37:34.967 TRACE 20712 --- [    Test worker] o.h.type.descriptor.sql.BasicBinder      : binding parameter [1] as [VARCHAR] - [Seogwipo]
2021-03-10 22:37:34.967 TRACE 20712 --- [    Test worker] o.h.type.descriptor.sql.BasicBinder      : binding parameter [2] as [VARCHAR] - [서귀포시]
2021-03-10 22:37:34.967 TRACE 20712 --- [    Test worker] o.h.type.descriptor.sql.BasicBinder      : binding parameter [3] as [VARCHAR] - [Jeju]
2021-03-10 22:37:34.967 TRACE 20712 --- [    Test worker] o.h.type.descriptor.sql.BasicBinder      : binding parameter [4] as [BIGINT] - [125]
Hibernate: 
    insert 
    into
        zone
        (city, local_name_of_city, province, id) 
    values
        (?, ?, ?, ?)
2021-03-10 22:37:34.967 TRACE 20712 --- [    Test worker] o.h.type.descriptor.sql.BasicBinder      : binding parameter [1] as [VARCHAR] - [Seongnam]
2021-03-10 22:37:34.967 TRACE 20712 --- [    Test worker] o.h.type.descriptor.sql.BasicBinder      : binding parameter [2] as [VARCHAR] - [성남시]
2021-03-10 22:37:34.967 TRACE 20712 --- [    Test worker] o.h.type.descriptor.sql.BasicBinder      : binding parameter [3] as [VARCHAR] - [Gyeonggi]
2021-03-10 22:37:34.967 TRACE 20712 --- [    Test worker] o.h.type.descriptor.sql.BasicBinder      : binding parameter [4] as [BIGINT] - [126]
Hibernate: 
    insert 
    into
        zone
        (city, local_name_of_city, province, id) 
    values
        (?, ?, ?, ?)
2021-03-10 22:37:34.967 TRACE 20712 --- [    Test worker] o.h.type.descriptor.sql.BasicBinder      : binding parameter [1] as [VARCHAR] - [Seosan]
2021-03-10 22:37:34.967 TRACE 20712 --- [    Test worker] o.h.type.descriptor.sql.BasicBinder      : binding parameter [2] as [VARCHAR] - [서산시]
2021-03-10 22:37:34.967 TRACE 20712 --- [    Test worker] o.h.type.descriptor.sql.BasicBinder      : binding parameter [3] as [VARCHAR] - [South Chungcheong]
2021-03-10 22:37:34.967 TRACE 20712 --- [    Test worker] o.h.type.descriptor.sql.BasicBinder      : binding parameter [4] as [BIGINT] - [127]
Hibernate: 
    insert 
    into
        zone
        (city, local_name_of_city, province, id) 
    values
        (?, ?, ?, ?)
2021-03-10 22:37:34.967 TRACE 20712 --- [    Test worker] o.h.type.descriptor.sql.BasicBinder      : binding parameter [1] as [VARCHAR] - [Seoul]
2021-03-10 22:37:34.967 TRACE 20712 --- [    Test worker] o.h.type.descriptor.sql.BasicBinder      : binding parameter [2] as [VARCHAR] - [서울특별시]
2021-03-10 22:37:34.967 TRACE 20712 --- [    Test worker] o.h.type.descriptor.sql.BasicBinder      : binding parameter [3] as [VARCHAR] - [none]
2021-03-10 22:37:34.967 TRACE 20712 --- [    Test worker] o.h.type.descriptor.sql.BasicBinder      : binding parameter [4] as [BIGINT] - [128]
Hibernate: 
    insert 
    into
        zone
        (city, local_name_of_city, province, id) 
    values
        (?, ?, ?, ?)
2021-03-10 22:37:34.967 TRACE 20712 --- [    Test worker] o.h.type.descriptor.sql.BasicBinder      : binding parameter [1] as [VARCHAR] - [Siheung]
2021-03-10 22:37:34.967 TRACE 20712 --- [    Test worker] o.h.type.descriptor.sql.BasicBinder      : binding parameter [2] as [VARCHAR] - [시흥시]
2021-03-10 22:37:34.967 TRACE 20712 --- [    Test worker] o.h.type.descriptor.sql.BasicBinder      : binding parameter [3] as [VARCHAR] - [Gyeonggi]
2021-03-10 22:37:34.967 TRACE 20712 --- [    Test worker] o.h.type.descriptor.sql.BasicBinder      : binding parameter [4] as [BIGINT] - [129]
Hibernate: 
    insert 
    into
        zone
        (city, local_name_of_city, province, id) 
    values
        (?, ?, ?, ?)
2021-03-10 22:37:34.967 TRACE 20712 --- [    Test worker] o.h.type.descriptor.sql.BasicBinder      : binding parameter [1] as [VARCHAR] - [Sokcho]
2021-03-10 22:37:34.967 TRACE 20712 --- [    Test worker] o.h.type.descriptor.sql.BasicBinder      : binding parameter [2] as [VARCHAR] - [속초시]
2021-03-10 22:37:34.967 TRACE 20712 --- [    Test worker] o.h.type.descriptor.sql.BasicBinder      : binding parameter [3] as [VARCHAR] - [Gangwon]
2021-03-10 22:37:34.967 TRACE 20712 --- [    Test worker] o.h.type.descriptor.sql.BasicBinder      : binding parameter [4] as [BIGINT] - [130]
Hibernate: 
    insert 
    into
        zone
        (city, local_name_of_city, province, id) 
    values
        (?, ?, ?, ?)
2021-03-10 22:37:34.967 TRACE 20712 --- [    Test worker] o.h.type.descriptor.sql.BasicBinder      : binding parameter [1] as [VARCHAR] - [Suncheon]
2021-03-10 22:37:34.967 TRACE 20712 --- [    Test worker] o.h.type.descriptor.sql.BasicBinder      : binding parameter [2] as [VARCHAR] - [순천시]
2021-03-10 22:37:34.967 TRACE 20712 --- [    Test worker] o.h.type.descriptor.sql.BasicBinder      : binding parameter [3] as [VARCHAR] - [South Jeolla]
2021-03-10 22:37:34.967 TRACE 20712 --- [    Test worker] o.h.type.descriptor.sql.BasicBinder      : binding parameter [4] as [BIGINT] - [131]
Hibernate: 
    insert 
    into
        zone
        (city, local_name_of_city, province, id) 
    values
        (?, ?, ?, ?)
2021-03-10 22:37:34.967 TRACE 20712 --- [    Test worker] o.h.type.descriptor.sql.BasicBinder      : binding parameter [1] as [VARCHAR] - [Suwon]
2021-03-10 22:37:34.967 TRACE 20712 --- [    Test worker] o.h.type.descriptor.sql.BasicBinder      : binding parameter [2] as [VARCHAR] - [수원시]
2021-03-10 22:37:34.967 TRACE 20712 --- [    Test worker] o.h.type.descriptor.sql.BasicBinder      : binding parameter [3] as [VARCHAR] - [Gyeonggi]
2021-03-10 22:37:34.967 TRACE 20712 --- [    Test worker] o.h.type.descriptor.sql.BasicBinder      : binding parameter [4] as [BIGINT] - [132]
Hibernate: 
    insert 
    into
        zone
        (city, local_name_of_city, province, id) 
    values
        (?, ?, ?, ?)
2021-03-10 22:37:34.967 TRACE 20712 --- [    Test worker] o.h.type.descriptor.sql.BasicBinder      : binding parameter [1] as [VARCHAR] - [Taebaek]
2021-03-10 22:37:34.967 TRACE 20712 --- [    Test worker] o.h.type.descriptor.sql.BasicBinder      : binding parameter [2] as [VARCHAR] - [태백시]
2021-03-10 22:37:34.967 TRACE 20712 --- [    Test worker] o.h.type.descriptor.sql.BasicBinder      : binding parameter [3] as [VARCHAR] - [Gangwon]
2021-03-10 22:37:34.967 TRACE 20712 --- [    Test worker] o.h.type.descriptor.sql.BasicBinder      : binding parameter [4] as [BIGINT] - [133]
Hibernate: 
    insert 
    into
        zone
        (city, local_name_of_city, province, id) 
    values
        (?, ?, ?, ?)
2021-03-10 22:37:34.967 TRACE 20712 --- [    Test worker] o.h.type.descriptor.sql.BasicBinder      : binding parameter [1] as [VARCHAR] - [Tongyeong]
2021-03-10 22:37:34.967 TRACE 20712 --- [    Test worker] o.h.type.descriptor.sql.BasicBinder      : binding parameter [2] as [VARCHAR] - [통영시]
2021-03-10 22:37:34.967 TRACE 20712 --- [    Test worker] o.h.type.descriptor.sql.BasicBinder      : binding parameter [3] as [VARCHAR] - [South Gyeongsang]
2021-03-10 22:37:34.967 TRACE 20712 --- [    Test worker] o.h.type.descriptor.sql.BasicBinder      : binding parameter [4] as [BIGINT] - [134]
Hibernate: 
    insert 
    into
        zone
        (city, local_name_of_city, province, id) 
    values
        (?, ?, ?, ?)
2021-03-10 22:37:34.967 TRACE 20712 --- [    Test worker] o.h.type.descriptor.sql.BasicBinder      : binding parameter [1] as [VARCHAR] - [Uijeongbu]
2021-03-10 22:37:34.967 TRACE 20712 --- [    Test worker] o.h.type.descriptor.sql.BasicBinder      : binding parameter [2] as [VARCHAR] - [의정부시]
2021-03-10 22:37:34.967 TRACE 20712 --- [    Test worker] o.h.type.descriptor.sql.BasicBinder      : binding parameter [3] as [VARCHAR] - [Gyeonggi]
2021-03-10 22:37:34.967 TRACE 20712 --- [    Test worker] o.h.type.descriptor.sql.BasicBinder      : binding parameter [4] as [BIGINT] - [135]
Hibernate: 
    insert 
    into
        zone
        (city, local_name_of_city, province, id) 
    values
        (?, ?, ?, ?)
2021-03-10 22:37:34.967 TRACE 20712 --- [    Test worker] o.h.type.descriptor.sql.BasicBinder      : binding parameter [1] as [VARCHAR] - [Uiwang]
2021-03-10 22:37:34.967 TRACE 20712 --- [    Test worker] o.h.type.descriptor.sql.BasicBinder      : binding parameter [2] as [VARCHAR] - [의왕시]
2021-03-10 22:37:34.967 TRACE 20712 --- [    Test worker] o.h.type.descriptor.sql.BasicBinder      : binding parameter [3] as [VARCHAR] - [Gyeonggi]
2021-03-10 22:37:34.967 TRACE 20712 --- [    Test worker] o.h.type.descriptor.sql.BasicBinder      : binding parameter [4] as [BIGINT] - [136]
Hibernate: 
    insert 
    into
        zone
        (city, local_name_of_city, province, id) 
    values
        (?, ?, ?, ?)
2021-03-10 22:37:34.983 TRACE 20712 --- [    Test worker] o.h.type.descriptor.sql.BasicBinder      : binding parameter [1] as [VARCHAR] - [Ulsan]
2021-03-10 22:37:34.983 TRACE 20712 --- [    Test worker] o.h.type.descriptor.sql.BasicBinder      : binding parameter [2] as [VARCHAR] - [울산광역시]
2021-03-10 22:37:34.983 TRACE 20712 --- [    Test worker] o.h.type.descriptor.sql.BasicBinder      : binding parameter [3] as [VARCHAR] - [none]
2021-03-10 22:37:34.983 TRACE 20712 --- [    Test worker] o.h.type.descriptor.sql.BasicBinder      : binding parameter [4] as [BIGINT] - [137]
Hibernate: 
    insert 
    into
        zone
        (city, local_name_of_city, province, id) 
    values
        (?, ?, ?, ?)
2021-03-10 22:37:34.983 TRACE 20712 --- [    Test worker] o.h.type.descriptor.sql.BasicBinder      : binding parameter [1] as [VARCHAR] - [Wonju]
2021-03-10 22:37:34.983 TRACE 20712 --- [    Test worker] o.h.type.descriptor.sql.BasicBinder      : binding parameter [2] as [VARCHAR] - [원주시]
2021-03-10 22:37:34.983 TRACE 20712 --- [    Test worker] o.h.type.descriptor.sql.BasicBinder      : binding parameter [3] as [VARCHAR] - [Gangwon]
2021-03-10 22:37:34.983 TRACE 20712 --- [    Test worker] o.h.type.descriptor.sql.BasicBinder      : binding parameter [4] as [BIGINT] - [138]
Hibernate: 
    insert 
    into
        zone
        (city, local_name_of_city, province, id) 
    values
        (?, ?, ?, ?)
2021-03-10 22:37:34.983 TRACE 20712 --- [    Test worker] o.h.type.descriptor.sql.BasicBinder      : binding parameter [1] as [VARCHAR] - [Yangju]
2021-03-10 22:37:34.983 TRACE 20712 --- [    Test worker] o.h.type.descriptor.sql.BasicBinder      : binding parameter [2] as [VARCHAR] - [양주시]
2021-03-10 22:37:34.983 TRACE 20712 --- [    Test worker] o.h.type.descriptor.sql.BasicBinder      : binding parameter [3] as [VARCHAR] - [Gyeonggi]
2021-03-10 22:37:34.983 TRACE 20712 --- [    Test worker] o.h.type.descriptor.sql.BasicBinder      : binding parameter [4] as [BIGINT] - [139]
Hibernate: 
    insert 
    into
        zone
        (city, local_name_of_city, province, id) 
    values
        (?, ?, ?, ?)
2021-03-10 22:37:34.983 TRACE 20712 --- [    Test worker] o.h.type.descriptor.sql.BasicBinder      : binding parameter [1] as [VARCHAR] - [Yangsan]
2021-03-10 22:37:34.983 TRACE 20712 --- [    Test worker] o.h.type.descriptor.sql.BasicBinder      : binding parameter [2] as [VARCHAR] - [양산시]
2021-03-10 22:37:34.983 TRACE 20712 --- [    Test worker] o.h.type.descriptor.sql.BasicBinder      : binding parameter [3] as [VARCHAR] - [South Gyeongsang]
2021-03-10 22:37:34.983 TRACE 20712 --- [    Test worker] o.h.type.descriptor.sql.BasicBinder      : binding parameter [4] as [BIGINT] - [140]
Hibernate: 
    insert 
    into
        zone
        (city, local_name_of_city, province, id) 
    values
        (?, ?, ?, ?)
2021-03-10 22:37:34.983 TRACE 20712 --- [    Test worker] o.h.type.descriptor.sql.BasicBinder      : binding parameter [1] as [VARCHAR] - [Yeoju]
2021-03-10 22:37:34.983 TRACE 20712 --- [    Test worker] o.h.type.descriptor.sql.BasicBinder      : binding parameter [2] as [VARCHAR] - [여주시]
2021-03-10 22:37:34.983 TRACE 20712 --- [    Test worker] o.h.type.descriptor.sql.BasicBinder      : binding parameter [3] as [VARCHAR] - [Gyeonggi]
2021-03-10 22:37:34.983 TRACE 20712 --- [    Test worker] o.h.type.descriptor.sql.BasicBinder      : binding parameter [4] as [BIGINT] - [141]
Hibernate: 
    insert 
    into
        zone
        (city, local_name_of_city, province, id) 
    values
        (?, ?, ?, ?)
2021-03-10 22:37:34.983 TRACE 20712 --- [    Test worker] o.h.type.descriptor.sql.BasicBinder      : binding parameter [1] as [VARCHAR] - [Yeongcheon]
2021-03-10 22:37:34.983 TRACE 20712 --- [    Test worker] o.h.type.descriptor.sql.BasicBinder      : binding parameter [2] as [VARCHAR] - [영천시]
2021-03-10 22:37:34.983 TRACE 20712 --- [    Test worker] o.h.type.descriptor.sql.BasicBinder      : binding parameter [3] as [VARCHAR] - [North Gyeongsang]
2021-03-10 22:37:34.983 TRACE 20712 --- [    Test worker] o.h.type.descriptor.sql.BasicBinder      : binding parameter [4] as [BIGINT] - [142]
Hibernate: 
    insert 
    into
        zone
        (city, local_name_of_city, province, id) 
    values
        (?, ?, ?, ?)
2021-03-10 22:37:34.983 TRACE 20712 --- [    Test worker] o.h.type.descriptor.sql.BasicBinder      : binding parameter [1] as [VARCHAR] - [Yeongju]
2021-03-10 22:37:34.983 TRACE 20712 --- [    Test worker] o.h.type.descriptor.sql.BasicBinder      : binding parameter [2] as [VARCHAR] - [영주시]
2021-03-10 22:37:34.983 TRACE 20712 --- [    Test worker] o.h.type.descriptor.sql.BasicBinder      : binding parameter [3] as [VARCHAR] - [North Gyeongsang]
2021-03-10 22:37:34.983 TRACE 20712 --- [    Test worker] o.h.type.descriptor.sql.BasicBinder      : binding parameter [4] as [BIGINT] - [143]
Hibernate: 
    insert 
    into
        zone
        (city, local_name_of_city, province, id) 
    values
        (?, ?, ?, ?)
2021-03-10 22:37:34.983 TRACE 20712 --- [    Test worker] o.h.type.descriptor.sql.BasicBinder      : binding parameter [1] as [VARCHAR] - [Yeosu]
2021-03-10 22:37:34.983 TRACE 20712 --- [    Test worker] o.h.type.descriptor.sql.BasicBinder      : binding parameter [2] as [VARCHAR] - [여수시]
2021-03-10 22:37:34.983 TRACE 20712 --- [    Test worker] o.h.type.descriptor.sql.BasicBinder      : binding parameter [3] as [VARCHAR] - [South Jeolla]
2021-03-10 22:37:34.983 TRACE 20712 --- [    Test worker] o.h.type.descriptor.sql.BasicBinder      : binding parameter [4] as [BIGINT] - [144]
Hibernate: 
    insert 
    into
        zone
        (city, local_name_of_city, province, id) 
    values
        (?, ?, ?, ?)
2021-03-10 22:37:34.983 TRACE 20712 --- [    Test worker] o.h.type.descriptor.sql.BasicBinder      : binding parameter [1] as [VARCHAR] - [Yongin]
2021-03-10 22:37:34.983 TRACE 20712 --- [    Test worker] o.h.type.descriptor.sql.BasicBinder      : binding parameter [2] as [VARCHAR] - [용인시]
2021-03-10 22:37:34.983 TRACE 20712 --- [    Test worker] o.h.type.descriptor.sql.BasicBinder      : binding parameter [3] as [VARCHAR] - [Gyeonggi]
2021-03-10 22:37:34.983 TRACE 20712 --- [    Test worker] o.h.type.descriptor.sql.BasicBinder      : binding parameter [4] as [BIGINT] - [145]
2021-03-10 22:37:35.428  WARN 20712 --- [    Test worker] JpaBaseConfiguration$JpaWebConfiguration : spring.jpa.open-in-view is enabled by default. Therefore, database queries may be performed during view rendering. Explicitly configure spring.jpa.open-in-view to disable this warning
2021-03-10 22:37:35.895  INFO 20712 --- [    Test worker] o.s.s.concurrent.ThreadPoolTaskExecutor  : Initializing ExecutorService 'applicationTaskExecutor'
2021-03-10 22:37:36.608  INFO 20712 --- [    Test worker] .s.s.UserDetailsServiceAutoConfiguration : 

Using generated security password: 8422aa37-733f-49f9-862e-84ae30365462

2021-03-10 22:37:37.023  INFO 20712 --- [    Test worker] o.s.s.web.DefaultSecurityFilterChain     : Will secure any request with [org.springframework.security.web.context.request.async.WebAsyncManagerIntegrationFilter@5bb1635, org.springframework.security.web.context.SecurityContextPersistenceFilter@5b75e86a, org.springframework.security.web.header.HeaderWriterFilter@2437c27b, org.springframework.security.web.csrf.CsrfFilter@9ebd294, org.springframework.security.web.authentication.logout.LogoutFilter@69d8f96f, org.springframework.security.web.authentication.UsernamePasswordAuthenticationFilter@235e4c71, org.springframework.security.web.authentication.ui.DefaultLoginPageGeneratingFilter@1112d4a7, org.springframework.security.web.authentication.ui.DefaultLogoutPageGeneratingFilter@2f1e2fd, org.springframework.security.web.authentication.www.BasicAuthenticationFilter@1d86bc6b, org.springframework.security.web.savedrequest.RequestCacheAwareFilter@6df1a53a, org.springframework.security.web.servletapi.SecurityContextHolderAwareRequestFilter@2decf22c, org.springframework.security.web.authentication.AnonymousAuthenticationFilter@2a3c632c, org.springframework.security.web.session.SessionManagementFilter@3c099c4b, org.springframework.security.web.access.ExceptionTranslationFilter@4311e853, org.springframework.security.web.access.intercept.FilterSecurityInterceptor@2937170d]
2021-03-10 22:37:37.195  INFO 20712 --- [    Test worker] c.p.d.m.c.s.r.StudyRepositoryCustomTest  : Started StudyRepositoryCustomTest in 9.908 seconds (JVM running for 11.824)
2021-03-10 22:37:37.243  INFO 20712 --- [    Test worker] o.s.t.c.transaction.TransactionContext   : Began transaction (1) for test context [DefaultTestContext@6d4b37fc testClass = StudyRepositoryCustomTest, testInstance = com.project.devidea.modules.content.study.repository.StudyRepositoryCustomTest@28b53187, testMethod = 기본_테스트@StudyRepositoryCustomTest, testException = [null], mergedContextConfiguration = [WebMergedContextConfiguration@1898e8c5 testClass = StudyRepositoryCustomTest, locations = '{}', classes = '{class com.project.devidea.DevideaApplication}', contextInitializerClasses = '[]', activeProfiles = '{}', propertySourceLocations = '{}', propertySourceProperties = '{org.springframework.boot.test.context.SpringBootTestContextBootstrapper=true}', contextCustomizers = set[org.springframework.boot.test.autoconfigure.actuate.metrics.MetricsExportContextCustomizerFactory$DisableMetricExportContextCustomizer@5ab019bd, org.springframework.boot.test.autoconfigure.properties.PropertyMappingContextCustomizer@0, org.springframework.boot.test.autoconfigure.web.servlet.WebDriverContextCustomizerFactory$Customizer@697bec16, org.springframework.boot.test.context.filter.ExcludeFilterContextCustomizer@33287622, org.springframework.boot.test.json.DuplicateJsonObjectContextCustomizerFactory$DuplicateJsonObjectContextCustomizer@67dcc52f, org.springframework.boot.test.mock.mockito.MockitoContextCustomizer@0, org.springframework.boot.test.web.client.TestRestTemplateContextCustomizer@6a0e8beb, org.springframework.boot.test.context.SpringBootTestArgs@1, org.springframework.boot.test.context.SpringBootTestWebEnvironment@8603bb7], resourceBasePath = 'src/main/webapp', contextLoader = 'org.springframework.boot.test.context.SpringBootContextLoader', parent = [null]], attributes = map['org.springframework.test.context.web.ServletTestExecutionListener.activateListener' -> true, 'org.springframework.test.context.web.ServletTestExecutionListener.populatedRequestContextHolder' -> true, 'org.springframework.test.context.web.ServletTestExecutionListener.resetRequestContextHolder' -> true, 'org.springframework.test.context.event.ApplicationEventsTestExecutionListener.recordApplicationEvents' -> false]]; transaction manager [org.springframework.orm.jpa.JpaTransactionManager@e0d57e4]; rollback [true]
Hibernate: 
    select
        tag0_.id as id1_6_0_,
        children1_.id as id1_6_1_,
        tag2_.id as id1_6_2_,
        tag0_.first_name as first_na2_6_0_,
        tag0_.parent_id as parent_i5_6_0_,
        tag0_.second_name as second_n3_6_0_,
        tag0_.third_name as third_na4_6_0_,
        children1_.first_name as first_na2_6_1_,
        children1_.parent_id as parent_i5_6_1_,
        children1_.second_name as second_n3_6_1_,
        children1_.third_name as third_na4_6_1_,
        children1_.parent_id as parent_i5_6_0__,
        children1_.id as id1_6_0__,
        tag2_.first_name as first_na2_6_2_,
        tag2_.parent_id as parent_i5_6_2_,
        tag2_.second_name as second_n3_6_2_,
        tag2_.third_name as third_na4_6_2_ 
    from
        tag tag0_ 
    left outer join
        tag children1_ 
            on tag0_.id=children1_.parent_id 
    left outer join
        tag tag2_ 
            on tag0_.parent_id=tag2_.id
2021-03-10 22:37:37.383 TRACE 20712 --- [    Test worker] o.h.type.descriptor.sql.BasicExtractor   : extracted value ([id1_6_0_] : [BIGINT]) - [1]
2021-03-10 22:37:37.399 TRACE 20712 --- [    Test worker] o.h.type.descriptor.sql.BasicExtractor   : extracted value ([id1_6_1_] : [BIGINT]) - [2]
2021-03-10 22:37:37.399 TRACE 20712 --- [    Test worker] o.h.type.descriptor.sql.BasicExtractor   : extracted value ([id1_6_2_] : [BIGINT]) - [null]
2021-03-10 22:37:37.400 TRACE 20712 --- [    Test worker] o.h.type.descriptor.sql.BasicExtractor   : extracted value ([first_na2_6_0_] : [VARCHAR]) - [개발]
2021-03-10 22:37:37.400 TRACE 20712 --- [    Test worker] o.h.type.descriptor.sql.BasicExtractor   : extracted value ([parent_i5_6_0_] : [BIGINT]) - [null]
2021-03-10 22:37:37.400 TRACE 20712 --- [    Test worker] o.h.type.descriptor.sql.BasicExtractor   : extracted value ([second_n3_6_0_] : [VARCHAR]) - [development]
2021-03-10 22:37:37.401 TRACE 20712 --- [    Test worker] o.h.type.descriptor.sql.BasicExtractor   : extracted value ([third_na4_6_0_] : [VARCHAR]) - [software]
2021-03-10 22:37:37.401 TRACE 20712 --- [    Test worker] o.h.type.descriptor.sql.BasicExtractor   : extracted value ([first_na2_6_1_] : [VARCHAR]) - [웹개발]
2021-03-10 22:37:37.401 TRACE 20712 --- [    Test worker] o.h.type.descriptor.sql.BasicExtractor   : extracted value ([parent_i5_6_1_] : [BIGINT]) - [1]
2021-03-10 22:37:37.401 TRACE 20712 --- [    Test worker] o.h.type.descriptor.sql.BasicExtractor   : extracted value ([second_n3_6_1_] : [VARCHAR]) - [web]
2021-03-10 22:37:37.401 TRACE 20712 --- [    Test worker] o.h.type.descriptor.sql.BasicExtractor   : extracted value ([third_na4_6_1_] : [VARCHAR]) - [web-development]
2021-03-10 22:37:37.401 TRACE 20712 --- [    Test worker] o.h.type.descriptor.sql.BasicExtractor   : extracted value ([parent_i5_6_0__] : [BIGINT]) - [1]
2021-03-10 22:37:37.402 TRACE 20712 --- [    Test worker] o.h.type.descriptor.sql.BasicExtractor   : extracted value ([id1_6_0__] : [BIGINT]) - [2]
2021-03-10 22:37:37.402 TRACE 20712 --- [    Test worker] o.h.type.descriptor.sql.BasicExtractor   : extracted value ([id1_6_0_] : [BIGINT]) - [1]
2021-03-10 22:37:37.402 TRACE 20712 --- [    Test worker] o.h.type.descriptor.sql.BasicExtractor   : extracted value ([id1_6_1_] : [BIGINT]) - [3]
2021-03-10 22:37:37.402 TRACE 20712 --- [    Test worker] o.h.type.descriptor.sql.BasicExtractor   : extracted value ([id1_6_2_] : [BIGINT]) - [null]
2021-03-10 22:37:37.402 TRACE 20712 --- [    Test worker] o.h.type.descriptor.sql.BasicExtractor   : extracted value ([first_na2_6_1_] : [VARCHAR]) - [서버/백앤드]
2021-03-10 22:37:37.402 TRACE 20712 --- [    Test worker] o.h.type.descriptor.sql.BasicExtractor   : extracted value ([parent_i5_6_1_] : [BIGINT]) - [1]
2021-03-10 22:37:37.402 TRACE 20712 --- [    Test worker] o.h.type.descriptor.sql.BasicExtractor   : extracted value ([second_n3_6_1_] : [VARCHAR]) - [back-end]
2021-03-10 22:37:37.402 TRACE 20712 --- [    Test worker] o.h.type.descriptor.sql.BasicExtractor   : extracted value ([third_na4_6_1_] : [VARCHAR]) - [server]
2021-03-10 22:37:37.402 TRACE 20712 --- [    Test worker] o.h.type.descriptor.sql.BasicExtractor   : extracted value ([parent_i5_6_0__] : [BIGINT]) - [1]
2021-03-10 22:37:37.402 TRACE 20712 --- [    Test worker] o.h.type.descriptor.sql.BasicExtractor   : extracted value ([id1_6_0__] : [BIGINT]) - [3]
2021-03-10 22:37:37.402 TRACE 20712 --- [    Test worker] o.h.type.descriptor.sql.BasicExtractor   : extracted value ([id1_6_0_] : [BIGINT]) - [1]
2021-03-10 22:37:37.402 TRACE 20712 --- [    Test worker] o.h.type.descriptor.sql.BasicExtractor   : extracted value ([id1_6_1_] : [BIGINT]) - [4]
2021-03-10 22:37:37.402 TRACE 20712 --- [    Test worker] o.h.type.descriptor.sql.BasicExtractor   : extracted value ([id1_6_2_] : [BIGINT]) - [null]
2021-03-10 22:37:37.402 TRACE 20712 --- [    Test worker] o.h.type.descriptor.sql.BasicExtractor   : extracted value ([first_na2_6_1_] : [VARCHAR]) - [프론트앤드]
2021-03-10 22:37:37.403 TRACE 20712 --- [    Test worker] o.h.type.descriptor.sql.BasicExtractor   : extracted value ([parent_i5_6_1_] : [BIGINT]) - [1]
2021-03-10 22:37:37.403 TRACE 20712 --- [    Test worker] o.h.type.descriptor.sql.BasicExtractor   : extracted value ([second_n3_6_1_] : [VARCHAR]) - [front-end]
2021-03-10 22:37:37.403 TRACE 20712 --- [    Test worker] o.h.type.descriptor.sql.BasicExtractor   : extracted value ([third_na4_6_1_] : [VARCHAR]) - [UI]
2021-03-10 22:37:37.403 TRACE 20712 --- [    Test worker] o.h.type.descriptor.sql.BasicExtractor   : extracted value ([parent_i5_6_0__] : [BIGINT]) - [1]
2021-03-10 22:37:37.403 TRACE 20712 --- [    Test worker] o.h.type.descriptor.sql.BasicExtractor   : extracted value ([id1_6_0__] : [BIGINT]) - [4]
2021-03-10 22:37:37.403 TRACE 20712 --- [    Test worker] o.h.type.descriptor.sql.BasicExtractor   : extracted value ([id1_6_0_] : [BIGINT]) - [1]
2021-03-10 22:37:37.403 TRACE 20712 --- [    Test worker] o.h.type.descriptor.sql.BasicExtractor   : extracted value ([id1_6_1_] : [BIGINT]) - [5]
2021-03-10 22:37:37.403 TRACE 20712 --- [    Test worker] o.h.type.descriptor.sql.BasicExtractor   : extracted value ([id1_6_2_] : [BIGINT]) - [null]
2021-03-10 22:37:37.403 TRACE 20712 --- [    Test worker] o.h.type.descriptor.sql.BasicExtractor   : extracted value ([first_na2_6_1_] : [VARCHAR]) - [게임개발]
2021-03-10 22:37:37.403 TRACE 20712 --- [    Test worker] o.h.type.descriptor.sql.BasicExtractor   : extracted value ([parent_i5_6_1_] : [BIGINT]) - [1]
2021-03-10 22:37:37.403 TRACE 20712 --- [    Test worker] o.h.type.descriptor.sql.BasicExtractor   : extracted value ([second_n3_6_1_] : [VARCHAR]) - [game]
2021-03-10 22:37:37.403 TRACE 20712 --- [    Test worker] o.h.type.descriptor.sql.BasicExtractor   : extracted value ([third_na4_6_1_] : [VARCHAR]) - [game-development]
2021-03-10 22:37:37.403 TRACE 20712 --- [    Test worker] o.h.type.descriptor.sql.BasicExtractor   : extracted value ([parent_i5_6_0__] : [BIGINT]) - [1]
2021-03-10 22:37:37.403 TRACE 20712 --- [    Test worker] o.h.type.descriptor.sql.BasicExtractor   : extracted value ([id1_6_0__] : [BIGINT]) - [5]
2021-03-10 22:37:37.403 TRACE 20712 --- [    Test worker] o.h.type.descriptor.sql.BasicExtractor   : extracted value ([id1_6_0_] : [BIGINT]) - [1]
2021-03-10 22:37:37.403 TRACE 20712 --- [    Test worker] o.h.type.descriptor.sql.BasicExtractor   : extracted value ([id1_6_1_] : [BIGINT]) - [6]
2021-03-10 22:37:37.403 TRACE 20712 --- [    Test worker] o.h.type.descriptor.sql.BasicExtractor   : extracted value ([id1_6_2_] : [BIGINT]) - [null]
2021-03-10 22:37:37.403 TRACE 20712 --- [    Test worker] o.h.type.descriptor.sql.BasicExtractor   : extracted value ([first_na2_6_1_] : [VARCHAR]) - [모바일개발]
2021-03-10 22:37:37.403 TRACE 20712 --- [    Test worker] o.h.type.descriptor.sql.BasicExtractor   : extracted value ([parent_i5_6_1_] : [BIGINT]) - [1]
2021-03-10 22:37:37.403 TRACE 20712 --- [    Test worker] o.h.type.descriptor.sql.BasicExtractor   : extracted value ([second_n3_6_1_] : [VARCHAR]) - [mobile]
2021-03-10 22:37:37.403 TRACE 20712 --- [    Test worker] o.h.type.descriptor.sql.BasicExtractor   : extracted value ([third_na4_6_1_] : [VARCHAR]) - [mobile-develop]
2021-03-10 22:37:37.403 TRACE 20712 --- [    Test worker] o.h.type.descriptor.sql.BasicExtractor   : extracted value ([parent_i5_6_0__] : [BIGINT]) - [1]
2021-03-10 22:37:37.403 TRACE 20712 --- [    Test worker] o.h.type.descriptor.sql.BasicExtractor   : extracted value ([id1_6_0__] : [BIGINT]) - [6]
2021-03-10 22:37:37.403 TRACE 20712 --- [    Test worker] o.h.type.descriptor.sql.BasicExtractor   : extracted value ([id1_6_0_] : [BIGINT]) - [1]
2021-03-10 22:37:37.403 TRACE 20712 --- [    Test worker] o.h.type.descriptor.sql.BasicExtractor   : extracted value ([id1_6_1_] : [BIGINT]) - [7]
2021-03-10 22:37:37.403 TRACE 20712 --- [    Test worker] o.h.type.descriptor.sql.BasicExtractor   : extracted value ([id1_6_2_] : [BIGINT]) - [null]
2021-03-10 22:37:37.403 TRACE 20712 --- [    Test worker] o.h.type.descriptor.sql.BasicExtractor   : extracted value ([first_na2_6_1_] : [VARCHAR]) - [정보/보안]
2021-03-10 22:37:37.403 TRACE 20712 --- [    Test worker] o.h.type.descriptor.sql.BasicExtractor   : extracted value ([parent_i5_6_1_] : [BIGINT]) - [1]
2021-03-10 22:37:37.403 TRACE 20712 --- [    Test worker] o.h.type.descriptor.sql.BasicExtractor   : extracted value ([second_n3_6_1_] : [VARCHAR]) - [security]
2021-03-10 22:37:37.403 TRACE 20712 --- [    Test worker] o.h.type.descriptor.sql.BasicExtractor   : extracted value ([third_na4_6_1_] : [VARCHAR]) - [hacker]
2021-03-10 22:37:37.403 TRACE 20712 --- [    Test worker] o.h.type.descriptor.sql.BasicExtractor   : extracted value ([parent_i5_6_0__] : [BIGINT]) - [1]
2021-03-10 22:37:37.403 TRACE 20712 --- [    Test worker] o.h.type.descriptor.sql.BasicExtractor   : extracted value ([id1_6_0__] : [BIGINT]) - [7]
2021-03-10 22:37:37.403 TRACE 20712 --- [    Test worker] o.h.type.descriptor.sql.BasicExtractor   : extracted value ([id1_6_0_] : [BIGINT]) - [2]
2021-03-10 22:37:37.403 TRACE 20712 --- [    Test worker] o.h.type.descriptor.sql.BasicExtractor   : extracted value ([id1_6_1_] : [BIGINT]) - [null]
2021-03-10 22:37:37.403 TRACE 20712 --- [    Test worker] o.h.type.descriptor.sql.BasicExtractor   : extracted value ([id1_6_2_] : [BIGINT]) - [1]
2021-03-10 22:37:37.403 TRACE 20712 --- [    Test worker] o.h.type.descriptor.sql.BasicExtractor   : extracted value ([parent_i5_6_0__] : [BIGINT]) - [null]
2021-03-10 22:37:37.403 TRACE 20712 --- [    Test worker] o.h.type.descriptor.sql.BasicExtractor   : extracted value ([id1_6_0_] : [BIGINT]) - [3]
2021-03-10 22:37:37.403 TRACE 20712 --- [    Test worker] o.h.type.descriptor.sql.BasicExtractor   : extracted value ([id1_6_1_] : [BIGINT]) - [null]
2021-03-10 22:37:37.403 TRACE 20712 --- [    Test worker] o.h.type.descriptor.sql.BasicExtractor   : extracted value ([id1_6_2_] : [BIGINT]) - [1]
2021-03-10 22:37:37.403 TRACE 20712 --- [    Test worker] o.h.type.descriptor.sql.BasicExtractor   : extracted value ([parent_i5_6_0__] : [BIGINT]) - [null]
2021-03-10 22:37:37.403 TRACE 20712 --- [    Test worker] o.h.type.descriptor.sql.BasicExtractor   : extracted value ([id1_6_0_] : [BIGINT]) - [4]
2021-03-10 22:37:37.403 TRACE 20712 --- [    Test worker] o.h.type.descriptor.sql.BasicExtractor   : extracted value ([id1_6_1_] : [BIGINT]) - [null]
2021-03-10 22:37:37.403 TRACE 20712 --- [    Test worker] o.h.type.descriptor.sql.BasicExtractor   : extracted value ([id1_6_2_] : [BIGINT]) - [1]
2021-03-10 22:37:37.403 TRACE 20712 --- [    Test worker] o.h.type.descriptor.sql.BasicExtractor   : extracted value ([parent_i5_6_0__] : [BIGINT]) - [null]
2021-03-10 22:37:37.403 TRACE 20712 --- [    Test worker] o.h.type.descriptor.sql.BasicExtractor   : extracted value ([id1_6_0_] : [BIGINT]) - [5]
2021-03-10 22:37:37.403 TRACE 20712 --- [    Test worker] o.h.type.descriptor.sql.BasicExtractor   : extracted value ([id1_6_1_] : [BIGINT]) - [null]
2021-03-10 22:37:37.403 TRACE 20712 --- [    Test worker] o.h.type.descriptor.sql.BasicExtractor   : extracted value ([id1_6_2_] : [BIGINT]) - [1]
2021-03-10 22:37:37.403 TRACE 20712 --- [    Test worker] o.h.type.descriptor.sql.BasicExtractor   : extracted value ([parent_i5_6_0__] : [BIGINT]) - [null]
2021-03-10 22:37:37.403 TRACE 20712 --- [    Test worker] o.h.type.descriptor.sql.BasicExtractor   : extracted value ([id1_6_0_] : [BIGINT]) - [6]
2021-03-10 22:37:37.403 TRACE 20712 --- [    Test worker] o.h.type.descriptor.sql.BasicExtractor   : extracted value ([id1_6_1_] : [BIGINT]) - [null]
2021-03-10 22:37:37.403 TRACE 20712 --- [    Test worker] o.h.type.descriptor.sql.BasicExtractor   : extracted value ([id1_6_2_] : [BIGINT]) - [1]
2021-03-10 22:37:37.403 TRACE 20712 --- [    Test worker] o.h.type.descriptor.sql.BasicExtractor   : extracted value ([parent_i5_6_0__] : [BIGINT]) - [null]
2021-03-10 22:37:37.403 TRACE 20712 --- [    Test worker] o.h.type.descriptor.sql.BasicExtractor   : extracted value ([id1_6_0_] : [BIGINT]) - [7]
2021-03-10 22:37:37.403 TRACE 20712 --- [    Test worker] o.h.type.descriptor.sql.BasicExtractor   : extracted value ([id1_6_1_] : [BIGINT]) - [null]
2021-03-10 22:37:37.403 TRACE 20712 --- [    Test worker] o.h.type.descriptor.sql.BasicExtractor   : extracted value ([id1_6_2_] : [BIGINT]) - [1]
2021-03-10 22:37:37.403 TRACE 20712 --- [    Test worker] o.h.type.descriptor.sql.BasicExtractor   : extracted value ([parent_i5_6_0__] : [BIGINT]) - [null]
2021-03-10 22:37:37.403 TRACE 20712 --- [    Test worker] o.h.type.descriptor.sql.BasicExtractor   : extracted value ([id1_6_0_] : [BIGINT]) - [8]
2021-03-10 22:37:37.403 TRACE 20712 --- [    Test worker] o.h.type.descriptor.sql.BasicExtractor   : extracted value ([id1_6_1_] : [BIGINT]) - [9]
2021-03-10 22:37:37.403 TRACE 20712 --- [    Test worker] o.h.type.descriptor.sql.BasicExtractor   : extracted value ([id1_6_2_] : [BIGINT]) - [null]
2021-03-10 22:37:37.403 TRACE 20712 --- [    Test worker] o.h.type.descriptor.sql.BasicExtractor   : extracted value ([first_na2_6_0_] : [VARCHAR]) - [프로그래밍언어]
2021-03-10 22:37:37.403 TRACE 20712 --- [    Test worker] o.h.type.descriptor.sql.BasicExtractor   : extracted value ([parent_i5_6_0_] : [BIGINT]) - [null]
2021-03-10 22:37:37.403 TRACE 20712 --- [    Test worker] o.h.type.descriptor.sql.BasicExtractor   : extracted value ([second_n3_6_0_] : [VARCHAR]) - [programing]
2021-03-10 22:37:37.403 TRACE 20712 --- [    Test worker] o.h.type.descriptor.sql.BasicExtractor   : extracted value ([third_na4_6_0_] : [VARCHAR]) - [null]
2021-03-10 22:37:37.403 TRACE 20712 --- [    Test worker] o.h.type.descriptor.sql.BasicExtractor   : extracted value ([first_na2_6_1_] : [VARCHAR]) - [javascript]
2021-03-10 22:37:37.403 TRACE 20712 --- [    Test worker] o.h.type.descriptor.sql.BasicExtractor   : extracted value ([parent_i5_6_1_] : [BIGINT]) - [8]
2021-03-10 22:37:37.403 TRACE 20712 --- [    Test worker] o.h.type.descriptor.sql.BasicExtractor   : extracted value ([second_n3_6_1_] : [VARCHAR]) - [자바스크립트]
2021-03-10 22:37:37.403 TRACE 20712 --- [    Test worker] o.h.type.descriptor.sql.BasicExtractor   : extracted value ([third_na4_6_1_] : [VARCHAR]) - [null]
2021-03-10 22:37:37.403 TRACE 20712 --- [    Test worker] o.h.type.descriptor.sql.BasicExtractor   : extracted value ([parent_i5_6_0__] : [BIGINT]) - [8]
2021-03-10 22:37:37.403 TRACE 20712 --- [    Test worker] o.h.type.descriptor.sql.BasicExtractor   : extracted value ([id1_6_0__] : [BIGINT]) - [9]
2021-03-10 22:37:37.403 TRACE 20712 --- [    Test worker] o.h.type.descriptor.sql.BasicExtractor   : extracted value ([id1_6_0_] : [BIGINT]) - [8]
2021-03-10 22:37:37.403 TRACE 20712 --- [    Test worker] o.h.type.descriptor.sql.BasicExtractor   : extracted value ([id1_6_1_] : [BIGINT]) - [10]
2021-03-10 22:37:37.403 TRACE 20712 --- [    Test worker] o.h.type.descriptor.sql.BasicExtractor   : extracted value ([id1_6_2_] : [BIGINT]) - [null]
2021-03-10 22:37:37.403 TRACE 20712 --- [    Test worker] o.h.type.descriptor.sql.BasicExtractor   : extracted value ([first_na2_6_1_] : [VARCHAR]) - [python]
2021-03-10 22:37:37.403 TRACE 20712 --- [    Test worker] o.h.type.descriptor.sql.BasicExtractor   : extracted value ([parent_i5_6_1_] : [BIGINT]) - [8]
2021-03-10 22:37:37.403 TRACE 20712 --- [    Test worker] o.h.type.descriptor.sql.BasicExtractor   : extracted value ([second_n3_6_1_] : [VARCHAR]) - [파이썬]
2021-03-10 22:37:37.403 TRACE 20712 --- [    Test worker] o.h.type.descriptor.sql.BasicExtractor   : extracted value ([third_na4_6_1_] : [VARCHAR]) - [null]
2021-03-10 22:37:37.403 TRACE 20712 --- [    Test worker] o.h.type.descriptor.sql.BasicExtractor   : extracted value ([parent_i5_6_0__] : [BIGINT]) - [8]
2021-03-10 22:37:37.403 TRACE 20712 --- [    Test worker] o.h.type.descriptor.sql.BasicExtractor   : extracted value ([id1_6_0__] : [BIGINT]) - [10]
2021-03-10 22:37:37.403 TRACE 20712 --- [    Test worker] o.h.type.descriptor.sql.BasicExtractor   : extracted value ([id1_6_0_] : [BIGINT]) - [8]
2021-03-10 22:37:37.403 TRACE 20712 --- [    Test worker] o.h.type.descriptor.sql.BasicExtractor   : extracted value ([id1_6_1_] : [BIGINT]) - [11]
2021-03-10 22:37:37.403 TRACE 20712 --- [    Test worker] o.h.type.descriptor.sql.BasicExtractor   : extracted value ([id1_6_2_] : [BIGINT]) - [null]
2021-03-10 22:37:37.403 TRACE 20712 --- [    Test worker] o.h.type.descriptor.sql.BasicExtractor   : extracted value ([first_na2_6_1_] : [VARCHAR]) - [java]
2021-03-10 22:37:37.403 TRACE 20712 --- [    Test worker] o.h.type.descriptor.sql.BasicExtractor   : extracted value ([parent_i5_6_1_] : [BIGINT]) - [8]
2021-03-10 22:37:37.403 TRACE 20712 --- [    Test worker] o.h.type.descriptor.sql.BasicExtractor   : extracted value ([second_n3_6_1_] : [VARCHAR]) - [자바]
2021-03-10 22:37:37.403 TRACE 20712 --- [    Test worker] o.h.type.descriptor.sql.BasicExtractor   : extracted value ([third_na4_6_1_] : [VARCHAR]) - [null]
2021-03-10 22:37:37.403 TRACE 20712 --- [    Test worker] o.h.type.descriptor.sql.BasicExtractor   : extracted value ([parent_i5_6_0__] : [BIGINT]) - [8]
2021-03-10 22:37:37.403 TRACE 20712 --- [    Test worker] o.h.type.descriptor.sql.BasicExtractor   : extracted value ([id1_6_0__] : [BIGINT]) - [11]
2021-03-10 22:37:37.403 TRACE 20712 --- [    Test worker] o.h.type.descriptor.sql.BasicExtractor   : extracted value ([id1_6_0_] : [BIGINT]) - [8]
2021-03-10 22:37:37.403 TRACE 20712 --- [    Test worker] o.h.type.descriptor.sql.BasicExtractor   : extracted value ([id1_6_1_] : [BIGINT]) - [12]
2021-03-10 22:37:37.403 TRACE 20712 --- [    Test worker] o.h.type.descriptor.sql.BasicExtractor   : extracted value ([id1_6_2_] : [BIGINT]) - [null]
2021-03-10 22:37:37.403 TRACE 20712 --- [    Test worker] o.h.type.descriptor.sql.BasicExtractor   : extracted value ([first_na2_6_1_] : [VARCHAR]) - [go]
2021-03-10 22:37:37.403 TRACE 20712 --- [    Test worker] o.h.type.descriptor.sql.BasicExtractor   : extracted value ([parent_i5_6_1_] : [BIGINT]) - [8]
2021-03-10 22:37:37.403 TRACE 20712 --- [    Test worker] o.h.type.descriptor.sql.BasicExtractor   : extracted value ([second_n3_6_1_] : [VARCHAR]) - [고]
2021-03-10 22:37:37.403 TRACE 20712 --- [    Test worker] o.h.type.descriptor.sql.BasicExtractor   : extracted value ([third_na4_6_1_] : [VARCHAR]) - [null]
2021-03-10 22:37:37.403 TRACE 20712 --- [    Test worker] o.h.type.descriptor.sql.BasicExtractor   : extracted value ([parent_i5_6_0__] : [BIGINT]) - [8]
2021-03-10 22:37:37.403 TRACE 20712 --- [    Test worker] o.h.type.descriptor.sql.BasicExtractor   : extracted value ([id1_6_0__] : [BIGINT]) - [12]
2021-03-10 22:37:37.403 TRACE 20712 --- [    Test worker] o.h.type.descriptor.sql.BasicExtractor   : extracted value ([id1_6_0_] : [BIGINT]) - [8]
2021-03-10 22:37:37.403 TRACE 20712 --- [    Test worker] o.h.type.descriptor.sql.BasicExtractor   : extracted value ([id1_6_1_] : [BIGINT]) - [13]
2021-03-10 22:37:37.403 TRACE 20712 --- [    Test worker] o.h.type.descriptor.sql.BasicExtractor   : extracted value ([id1_6_2_] : [BIGINT]) - [null]
2021-03-10 22:37:37.403 TRACE 20712 --- [    Test worker] o.h.type.descriptor.sql.BasicExtractor   : extracted value ([first_na2_6_1_] : [VARCHAR]) - [ruby]
2021-03-10 22:37:37.403 TRACE 20712 --- [    Test worker] o.h.type.descriptor.sql.BasicExtractor   : extracted value ([parent_i5_6_1_] : [BIGINT]) - [8]
2021-03-10 22:37:37.403 TRACE 20712 --- [    Test worker] o.h.type.descriptor.sql.BasicExtractor   : extracted value ([second_n3_6_1_] : [VARCHAR]) - [루비]
2021-03-10 22:37:37.403 TRACE 20712 --- [    Test worker] o.h.type.descriptor.sql.BasicExtractor   : extracted value ([third_na4_6_1_] : [VARCHAR]) - [null]
2021-03-10 22:37:37.403 TRACE 20712 --- [    Test worker] o.h.type.descriptor.sql.BasicExtractor   : extracted value ([parent_i5_6_0__] : [BIGINT]) - [8]
2021-03-10 22:37:37.403 TRACE 20712 --- [    Test worker] o.h.type.descriptor.sql.BasicExtractor   : extracted value ([id1_6_0__] : [BIGINT]) - [13]
2021-03-10 22:37:37.403 TRACE 20712 --- [    Test worker] o.h.type.descriptor.sql.BasicExtractor   : extracted value ([id1_6_0_] : [BIGINT]) - [8]
2021-03-10 22:37:37.403 TRACE 20712 --- [    Test worker] o.h.type.descriptor.sql.BasicExtractor   : extracted value ([id1_6_1_] : [BIGINT]) - [14]
2021-03-10 22:37:37.403 TRACE 20712 --- [    Test worker] o.h.type.descriptor.sql.BasicExtractor   : extracted value ([id1_6_2_] : [BIGINT]) - [null]
2021-03-10 22:37:37.403 TRACE 20712 --- [    Test worker] o.h.type.descriptor.sql.BasicExtractor   : extracted value ([first_na2_6_1_] : [VARCHAR]) - [c++]
2021-03-10 22:37:37.403 TRACE 20712 --- [    Test worker] o.h.type.descriptor.sql.BasicExtractor   : extracted value ([parent_i5_6_1_] : [BIGINT]) - [8]
2021-03-10 22:37:37.403 TRACE 20712 --- [    Test worker] o.h.type.descriptor.sql.BasicExtractor   : extracted value ([second_n3_6_1_] : [VARCHAR]) - [씨플플]
2021-03-10 22:37:37.403 TRACE 20712 --- [    Test worker] o.h.type.descriptor.sql.BasicExtractor   : extracted value ([third_na4_6_1_] : [VARCHAR]) - [null]
2021-03-10 22:37:37.403 TRACE 20712 --- [    Test worker] o.h.type.descriptor.sql.BasicExtractor   : extracted value ([parent_i5_6_0__] : [BIGINT]) - [8]
2021-03-10 22:37:37.403 TRACE 20712 --- [    Test worker] o.h.type.descriptor.sql.BasicExtractor   : extracted value ([id1_6_0__] : [BIGINT]) - [14]
2021-03-10 22:37:37.403 TRACE 20712 --- [    Test worker] o.h.type.descriptor.sql.BasicExtractor   : extracted value ([id1_6_0_] : [BIGINT]) - [8]
2021-03-10 22:37:37.403 TRACE 20712 --- [    Test worker] o.h.type.descriptor.sql.BasicExtractor   : extracted value ([id1_6_1_] : [BIGINT]) - [15]
2021-03-10 22:37:37.403 TRACE 20712 --- [    Test worker] o.h.type.descriptor.sql.BasicExtractor   : extracted value ([id1_6_2_] : [BIGINT]) - [null]
2021-03-10 22:37:37.403 TRACE 20712 --- [    Test worker] o.h.type.descriptor.sql.BasicExtractor   : extracted value ([first_na2_6_1_] : [VARCHAR]) - [php]
2021-03-10 22:37:37.403 TRACE 20712 --- [    Test worker] o.h.type.descriptor.sql.BasicExtractor   : extracted value ([parent_i5_6_1_] : [BIGINT]) - [8]
2021-03-10 22:37:37.403 TRACE 20712 --- [    Test worker] o.h.type.descriptor.sql.BasicExtractor   : extracted value ([second_n3_6_1_] : [VARCHAR]) - [피에이치피]
2021-03-10 22:37:37.403 TRACE 20712 --- [    Test worker] o.h.type.descriptor.sql.BasicExtractor   : extracted value ([third_na4_6_1_] : [VARCHAR]) - [null]
2021-03-10 22:37:37.403 TRACE 20712 --- [    Test worker] o.h.type.descriptor.sql.BasicExtractor   : extracted value ([parent_i5_6_0__] : [BIGINT]) - [8]
2021-03-10 22:37:37.403 TRACE 20712 --- [    Test worker] o.h.type.descriptor.sql.BasicExtractor   : extracted value ([id1_6_0__] : [BIGINT]) - [15]
2021-03-10 22:37:37.403 TRACE 20712 --- [    Test worker] o.h.type.descriptor.sql.BasicExtractor   : extracted value ([id1_6_0_] : [BIGINT]) - [8]
2021-03-10 22:37:37.403 TRACE 20712 --- [    Test worker] o.h.type.descriptor.sql.BasicExtractor   : extracted value ([id1_6_1_] : [BIGINT]) - [16]
2021-03-10 22:37:37.403 TRACE 20712 --- [    Test worker] o.h.type.descriptor.sql.BasicExtractor   : extracted value ([id1_6_2_] : [BIGINT]) - [null]
2021-03-10 22:37:37.403 TRACE 20712 --- [    Test worker] o.h.type.descriptor.sql.BasicExtractor   : extracted value ([first_na2_6_1_] : [VARCHAR]) - [타입스크립트]
2021-03-10 22:37:37.403 TRACE 20712 --- [    Test worker] o.h.type.descriptor.sql.BasicExtractor   : extracted value ([parent_i5_6_1_] : [BIGINT]) - [8]
2021-03-10 22:37:37.403 TRACE 20712 --- [    Test worker] o.h.type.descriptor.sql.BasicExtractor   : extracted value ([second_n3_6_1_] : [VARCHAR]) - [TypeScript]
2021-03-10 22:37:37.403 TRACE 20712 --- [    Test worker] o.h.type.descriptor.sql.BasicExtractor   : extracted value ([third_na4_6_1_] : [VARCHAR]) - [null]
2021-03-10 22:37:37.403 TRACE 20712 --- [    Test worker] o.h.type.descriptor.sql.BasicExtractor   : extracted value ([parent_i5_6_0__] : [BIGINT]) - [8]
2021-03-10 22:37:37.403 TRACE 20712 --- [    Test worker] o.h.type.descriptor.sql.BasicExtractor   : extracted value ([id1_6_0__] : [BIGINT]) - [16]
2021-03-10 22:37:37.403 TRACE 20712 --- [    Test worker] o.h.type.descriptor.sql.BasicExtractor   : extracted value ([id1_6_0_] : [BIGINT]) - [8]
2021-03-10 22:37:37.403 TRACE 20712 --- [    Test worker] o.h.type.descriptor.sql.BasicExtractor   : extracted value ([id1_6_1_] : [BIGINT]) - [17]
2021-03-10 22:37:37.403 TRACE 20712 --- [    Test worker] o.h.type.descriptor.sql.BasicExtractor   : extracted value ([id1_6_2_] : [BIGINT]) - [null]
2021-03-10 22:37:37.403 TRACE 20712 --- [    Test worker] o.h.type.descriptor.sql.BasicExtractor   : extracted value ([first_na2_6_1_] : [VARCHAR]) - [c#]
2021-03-10 22:37:37.403 TRACE 20712 --- [    Test worker] o.h.type.descriptor.sql.BasicExtractor   : extracted value ([parent_i5_6_1_] : [BIGINT]) - [8]
2021-03-10 22:37:37.403 TRACE 20712 --- [    Test worker] o.h.type.descriptor.sql.BasicExtractor   : extracted value ([second_n3_6_1_] : [VARCHAR]) - [씨샾]
2021-03-10 22:37:37.403 TRACE 20712 --- [    Test worker] o.h.type.descriptor.sql.BasicExtractor   : extracted value ([third_na4_6_1_] : [VARCHAR]) - [null]
2021-03-10 22:37:37.403 TRACE 20712 --- [    Test worker] o.h.type.descriptor.sql.BasicExtractor   : extracted value ([parent_i5_6_0__] : [BIGINT]) - [8]
2021-03-10 22:37:37.403 TRACE 20712 --- [    Test worker] o.h.type.descriptor.sql.BasicExtractor   : extracted value ([id1_6_0__] : [BIGINT]) - [17]
2021-03-10 22:37:37.403 TRACE 20712 --- [    Test worker] o.h.type.descriptor.sql.BasicExtractor   : extracted value ([id1_6_0_] : [BIGINT]) - [8]
2021-03-10 22:37:37.403 TRACE 20712 --- [    Test worker] o.h.type.descriptor.sql.BasicExtractor   : extracted value ([id1_6_1_] : [BIGINT]) - [18]
2021-03-10 22:37:37.403 TRACE 20712 --- [    Test worker] o.h.type.descriptor.sql.BasicExtractor   : extracted value ([id1_6_2_] : [BIGINT]) - [null]
2021-03-10 22:37:37.403 TRACE 20712 --- [    Test worker] o.h.type.descriptor.sql.BasicExtractor   : extracted value ([first_na2_6_1_] : [VARCHAR]) - [c]
2021-03-10 22:37:37.403 TRACE 20712 --- [    Test worker] o.h.type.descriptor.sql.BasicExtractor   : extracted value ([parent_i5_6_1_] : [BIGINT]) - [8]
2021-03-10 22:37:37.403 TRACE 20712 --- [    Test worker] o.h.type.descriptor.sql.BasicExtractor   : extracted value ([second_n3_6_1_] : [VARCHAR]) - [씨]
2021-03-10 22:37:37.403 TRACE 20712 --- [    Test worker] o.h.type.descriptor.sql.BasicExtractor   : extracted value ([third_na4_6_1_] : [VARCHAR]) - [null]
2021-03-10 22:37:37.403 TRACE 20712 --- [    Test worker] o.h.type.descriptor.sql.BasicExtractor   : extracted value ([parent_i5_6_0__] : [BIGINT]) - [8]
2021-03-10 22:37:37.403 TRACE 20712 --- [    Test worker] o.h.type.descriptor.sql.BasicExtractor   : extracted value ([id1_6_0__] : [BIGINT]) - [18]
2021-03-10 22:37:37.403 TRACE 20712 --- [    Test worker] o.h.type.descriptor.sql.BasicExtractor   : extracted value ([id1_6_0_] : [BIGINT]) - [8]
2021-03-10 22:37:37.403 TRACE 20712 --- [    Test worker] o.h.type.descriptor.sql.BasicExtractor   : extracted value ([id1_6_1_] : [BIGINT]) - [19]
2021-03-10 22:37:37.403 TRACE 20712 --- [    Test worker] o.h.type.descriptor.sql.BasicExtractor   : extracted value ([id1_6_2_] : [BIGINT]) - [null]
2021-03-10 22:37:37.403 TRACE 20712 --- [    Test worker] o.h.type.descriptor.sql.BasicExtractor   : extracted value ([first_na2_6_1_] : [VARCHAR]) - [shell]
2021-03-10 22:37:37.403 TRACE 20712 --- [    Test worker] o.h.type.descriptor.sql.BasicExtractor   : extracted value ([parent_i5_6_1_] : [BIGINT]) - [8]
2021-03-10 22:37:37.403 TRACE 20712 --- [    Test worker] o.h.type.descriptor.sql.BasicExtractor   : extracted value ([second_n3_6_1_] : [VARCHAR]) - [쉘]
2021-03-10 22:37:37.403 TRACE 20712 --- [    Test worker] o.h.type.descriptor.sql.BasicExtractor   : extracted value ([third_na4_6_1_] : [VARCHAR]) - [null]
2021-03-10 22:37:37.403 TRACE 20712 --- [    Test worker] o.h.type.descriptor.sql.BasicExtractor   : extracted value ([parent_i5_6_0__] : [BIGINT]) - [8]
2021-03-10 22:37:37.403 TRACE 20712 --- [    Test worker] o.h.type.descriptor.sql.BasicExtractor   : extracted value ([id1_6_0__] : [BIGINT]) - [19]
2021-03-10 22:37:37.403 TRACE 20712 --- [    Test worker] o.h.type.descriptor.sql.BasicExtractor   : extracted value ([id1_6_0_] : [BIGINT]) - [8]
2021-03-10 22:37:37.403 TRACE 20712 --- [    Test worker] o.h.type.descriptor.sql.BasicExtractor   : extracted value ([id1_6_1_] : [BIGINT]) - [20]
2021-03-10 22:37:37.403 TRACE 20712 --- [    Test worker] o.h.type.descriptor.sql.BasicExtractor   : extracted value ([id1_6_2_] : [BIGINT]) - [null]
2021-03-10 22:37:37.403 TRACE 20712 --- [    Test worker] o.h.type.descriptor.sql.BasicExtractor   : extracted value ([first_na2_6_1_] : [VARCHAR]) - [scala]
2021-03-10 22:37:37.403 TRACE 20712 --- [    Test worker] o.h.type.descriptor.sql.BasicExtractor   : extracted value ([parent_i5_6_1_] : [BIGINT]) - [8]
2021-03-10 22:37:37.403 TRACE 20712 --- [    Test worker] o.h.type.descriptor.sql.BasicExtractor   : extracted value ([second_n3_6_1_] : [VARCHAR]) - [스칼라]
2021-03-10 22:37:37.403 TRACE 20712 --- [    Test worker] o.h.type.descriptor.sql.BasicExtractor   : extracted value ([third_na4_6_1_] : [VARCHAR]) - [null]
2021-03-10 22:37:37.403 TRACE 20712 --- [    Test worker] o.h.type.descriptor.sql.BasicExtractor   : extracted value ([parent_i5_6_0__] : [BIGINT]) - [8]
2021-03-10 22:37:37.403 TRACE 20712 --- [    Test worker] o.h.type.descriptor.sql.BasicExtractor   : extracted value ([id1_6_0__] : [BIGINT]) - [20]
2021-03-10 22:37:37.403 TRACE 20712 --- [    Test worker] o.h.type.descriptor.sql.BasicExtractor   : extracted value ([id1_6_0_] : [BIGINT]) - [8]
2021-03-10 22:37:37.403 TRACE 20712 --- [    Test worker] o.h.type.descriptor.sql.BasicExtractor   : extracted value ([id1_6_1_] : [BIGINT]) - [21]
2021-03-10 22:37:37.403 TRACE 20712 --- [    Test worker] o.h.type.descriptor.sql.BasicExtractor   : extracted value ([id1_6_2_] : [BIGINT]) - [null]
2021-03-10 22:37:37.403 TRACE 20712 --- [    Test worker] o.h.type.descriptor.sql.BasicExtractor   : extracted value ([first_na2_6_1_] : [VARCHAR]) - [swift]
2021-03-10 22:37:37.403 TRACE 20712 --- [    Test worker] o.h.type.descriptor.sql.BasicExtractor   : extracted value ([parent_i5_6_1_] : [BIGINT]) - [8]
2021-03-10 22:37:37.403 TRACE 20712 --- [    Test worker] o.h.type.descriptor.sql.BasicExtractor   : extracted value ([second_n3_6_1_] : [VARCHAR]) - [스위프트]
2021-03-10 22:37:37.403 TRACE 20712 --- [    Test worker] o.h.type.descriptor.sql.BasicExtractor   : extracted value ([third_na4_6_1_] : [VARCHAR]) - [null]
2021-03-10 22:37:37.403 TRACE 20712 --- [    Test worker] o.h.type.descriptor.sql.BasicExtractor   : extracted value ([parent_i5_6_0__] : [BIGINT]) - [8]
2021-03-10 22:37:37.403 TRACE 20712 --- [    Test worker] o.h.type.descriptor.sql.BasicExtractor   : extracted value ([id1_6_0__] : [BIGINT]) - [21]
2021-03-10 22:37:37.403 TRACE 20712 --- [    Test worker] o.h.type.descriptor.sql.BasicExtractor   : extracted value ([id1_6_0_] : [BIGINT]) - [8]
2021-03-10 22:37:37.403 TRACE 20712 --- [    Test worker] o.h.type.descriptor.sql.BasicExtractor   : extracted value ([id1_6_1_] : [BIGINT]) - [22]
2021-03-10 22:37:37.403 TRACE 20712 --- [    Test worker] o.h.type.descriptor.sql.BasicExtractor   : extracted value ([id1_6_2_] : [BIGINT]) - [null]
2021-03-10 22:37:37.403 TRACE 20712 --- [    Test worker] o.h.type.descriptor.sql.BasicExtractor   : extracted value ([first_na2_6_1_] : [VARCHAR]) - [rust]
2021-03-10 22:37:37.403 TRACE 20712 --- [    Test worker] o.h.type.descriptor.sql.BasicExtractor   : extracted value ([parent_i5_6_1_] : [BIGINT]) - [8]
2021-03-10 22:37:37.403 TRACE 20712 --- [    Test worker] o.h.type.descriptor.sql.BasicExtractor   : extracted value ([second_n3_6_1_] : [VARCHAR]) - [러스트]
2021-03-10 22:37:37.403 TRACE 20712 --- [    Test worker] o.h.type.descriptor.sql.BasicExtractor   : extracted value ([third_na4_6_1_] : [VARCHAR]) - [null]
2021-03-10 22:37:37.403 TRACE 20712 --- [    Test worker] o.h.type.descriptor.sql.BasicExtractor   : extracted value ([parent_i5_6_0__] : [BIGINT]) - [8]
2021-03-10 22:37:37.403 TRACE 20712 --- [    Test worker] o.h.type.descriptor.sql.BasicExtractor   : extracted value ([id1_6_0__] : [BIGINT]) - [22]
2021-03-10 22:37:37.403 TRACE 20712 --- [    Test worker] o.h.type.descriptor.sql.BasicExtractor   : extracted value ([id1_6_0_] : [BIGINT]) - [8]
2021-03-10 22:37:37.403 TRACE 20712 --- [    Test worker] o.h.type.descriptor.sql.BasicExtractor   : extracted value ([id1_6_1_] : [BIGINT]) - [23]
2021-03-10 22:37:37.403 TRACE 20712 --- [    Test worker] o.h.type.descriptor.sql.BasicExtractor   : extracted value ([id1_6_2_] : [BIGINT]) - [null]
2021-03-10 22:37:37.403 TRACE 20712 --- [    Test worker] o.h.type.descriptor.sql.BasicExtractor   : extracted value ([first_na2_6_1_] : [VARCHAR]) - [dm]
2021-03-10 22:37:37.403 TRACE 20712 --- [    Test worker] o.h.type.descriptor.sql.BasicExtractor   : extracted value ([parent_i5_6_1_] : [BIGINT]) - [8]
2021-03-10 22:37:37.403 TRACE 20712 --- [    Test worker] o.h.type.descriptor.sql.BasicExtractor   : extracted value ([second_n3_6_1_] : [VARCHAR]) - [디엠]
2021-03-10 22:37:37.403 TRACE 20712 --- [    Test worker] o.h.type.descriptor.sql.BasicExtractor   : extracted value ([third_na4_6_1_] : [VARCHAR]) - [null]
2021-03-10 22:37:37.403 TRACE 20712 --- [    Test worker] o.h.type.descriptor.sql.BasicExtractor   : extracted value ([parent_i5_6_0__] : [BIGINT]) - [8]
2021-03-10 22:37:37.403 TRACE 20712 --- [    Test worker] o.h.type.descriptor.sql.BasicExtractor   : extracted value ([id1_6_0__] : [BIGINT]) - [23]
2021-03-10 22:37:37.403 TRACE 20712 --- [    Test worker] o.h.type.descriptor.sql.BasicExtractor   : extracted value ([id1_6_0_] : [BIGINT]) - [8]
2021-03-10 22:37:37.403 TRACE 20712 --- [    Test worker] o.h.type.descriptor.sql.BasicExtractor   : extracted value ([id1_6_1_] : [BIGINT]) - [24]
2021-03-10 22:37:37.403 TRACE 20712 --- [    Test worker] o.h.type.descriptor.sql.BasicExtractor   : extracted value ([id1_6_2_] : [BIGINT]) - [null]
2021-03-10 22:37:37.403 TRACE 20712 --- [    Test worker] o.h.type.descriptor.sql.BasicExtractor   : extracted value ([first_na2_6_1_] : [VARCHAR]) - [objective-c]
2021-03-10 22:37:37.403 TRACE 20712 --- [    Test worker] o.h.type.descriptor.sql.BasicExtractor   : extracted value ([parent_i5_6_1_] : [BIGINT]) - [8]
2021-03-10 22:37:37.403 TRACE 20712 --- [    Test worker] o.h.type.descriptor.sql.BasicExtractor   : extracted value ([second_n3_6_1_] : [VARCHAR]) - [오브젝트 씨]
2021-03-10 22:37:37.403 TRACE 20712 --- [    Test worker] o.h.type.descriptor.sql.BasicExtractor   : extracted value ([third_na4_6_1_] : [VARCHAR]) - [null]
2021-03-10 22:37:37.403 TRACE 20712 --- [    Test worker] o.h.type.descriptor.sql.BasicExtractor   : extracted value ([parent_i5_6_0__] : [BIGINT]) - [8]
2021-03-10 22:37:37.403 TRACE 20712 --- [    Test worker] o.h.type.descriptor.sql.BasicExtractor   : extracted value ([id1_6_0__] : [BIGINT]) - [24]
2021-03-10 22:37:37.403 TRACE 20712 --- [    Test worker] o.h.type.descriptor.sql.BasicExtractor   : extracted value ([id1_6_0_] : [BIGINT]) - [8]
2021-03-10 22:37:37.403 TRACE 20712 --- [    Test worker] o.h.type.descriptor.sql.BasicExtractor   : extracted value ([id1_6_1_] : [BIGINT]) - [25]
2021-03-10 22:37:37.403 TRACE 20712 --- [    Test worker] o.h.type.descriptor.sql.BasicExtractor   : extracted value ([id1_6_2_] : [BIGINT]) - [null]
2021-03-10 22:37:37.403 TRACE 20712 --- [    Test worker] o.h.type.descriptor.sql.BasicExtractor   : extracted value ([first_na2_6_1_] : [VARCHAR]) - [kotlin]
2021-03-10 22:37:37.403 TRACE 20712 --- [    Test worker] o.h.type.descriptor.sql.BasicExtractor   : extracted value ([parent_i5_6_1_] : [BIGINT]) - [8]
2021-03-10 22:37:37.403 TRACE 20712 --- [    Test worker] o.h.type.descriptor.sql.BasicExtractor   : extracted value ([second_n3_6_1_] : [VARCHAR]) - [코틀린]
2021-03-10 22:37:37.403 TRACE 20712 --- [    Test worker] o.h.type.descriptor.sql.BasicExtractor   : extracted value ([third_na4_6_1_] : [VARCHAR]) - [null]
2021-03-10 22:37:37.403 TRACE 20712 --- [    Test worker] o.h.type.descriptor.sql.BasicExtractor   : extracted value ([parent_i5_6_0__] : [BIGINT]) - [8]
2021-03-10 22:37:37.403 TRACE 20712 --- [    Test worker] o.h.type.descriptor.sql.BasicExtractor   : extracted value ([id1_6_0__] : [BIGINT]) - [25]
2021-03-10 22:37:37.403 TRACE 20712 --- [    Test worker] o.h.type.descriptor.sql.BasicExtractor   : extracted value ([id1_6_0_] : [BIGINT]) - [9]
2021-03-10 22:37:37.403 TRACE 20712 --- [    Test worker] o.h.type.descriptor.sql.BasicExtractor   : extracted value ([id1_6_1_] : [BIGINT]) - [null]
2021-03-10 22:37:37.403 TRACE 20712 --- [    Test worker] o.h.type.descriptor.sql.BasicExtractor   : extracted value ([id1_6_2_] : [BIGINT]) - [8]
2021-03-10 22:37:37.403 TRACE 20712 --- [    Test worker] o.h.type.descriptor.sql.BasicExtractor   : extracted value ([parent_i5_6_0__] : [BIGINT]) - [null]
2021-03-10 22:37:37.403 TRACE 20712 --- [    Test worker] o.h.type.descriptor.sql.BasicExtractor   : extracted value ([id1_6_0_] : [BIGINT]) - [10]
2021-03-10 22:37:37.403 TRACE 20712 --- [    Test worker] o.h.type.descriptor.sql.BasicExtractor   : extracted value ([id1_6_1_] : [BIGINT]) - [null]
2021-03-10 22:37:37.403 TRACE 20712 --- [    Test worker] o.h.type.descriptor.sql.BasicExtractor   : extracted value ([id1_6_2_] : [BIGINT]) - [8]
2021-03-10 22:37:37.403 TRACE 20712 --- [    Test worker] o.h.type.descriptor.sql.BasicExtractor   : extracted value ([parent_i5_6_0__] : [BIGINT]) - [null]
2021-03-10 22:37:37.403 TRACE 20712 --- [    Test worker] o.h.type.descriptor.sql.BasicExtractor   : extracted value ([id1_6_0_] : [BIGINT]) - [11]
2021-03-10 22:37:37.403 TRACE 20712 --- [    Test worker] o.h.type.descriptor.sql.BasicExtractor   : extracted value ([id1_6_1_] : [BIGINT]) - [null]
2021-03-10 22:37:37.403 TRACE 20712 --- [    Test worker] o.h.type.descriptor.sql.BasicExtractor   : extracted value ([id1_6_2_] : [BIGINT]) - [8]
2021-03-10 22:37:37.403 TRACE 20712 --- [    Test worker] o.h.type.descriptor.sql.BasicExtractor   : extracted value ([parent_i5_6_0__] : [BIGINT]) - [null]
2021-03-10 22:37:37.403 TRACE 20712 --- [    Test worker] o.h.type.descriptor.sql.BasicExtractor   : extracted value ([id1_6_0_] : [BIGINT]) - [12]
2021-03-10 22:37:37.403 TRACE 20712 --- [    Test worker] o.h.type.descriptor.sql.BasicExtractor   : extracted value ([id1_6_1_] : [BIGINT]) - [null]
2021-03-10 22:37:37.403 TRACE 20712 --- [    Test worker] o.h.type.descriptor.sql.BasicExtractor   : extracted value ([id1_6_2_] : [BIGINT]) - [8]
2021-03-10 22:37:37.403 TRACE 20712 --- [    Test worker] o.h.type.descriptor.sql.BasicExtractor   : extracted value ([parent_i5_6_0__] : [BIGINT]) - [null]
2021-03-10 22:37:37.403 TRACE 20712 --- [    Test worker] o.h.type.descriptor.sql.BasicExtractor   : extracted value ([id1_6_0_] : [BIGINT]) - [13]
2021-03-10 22:37:37.403 TRACE 20712 --- [    Test worker] o.h.type.descriptor.sql.BasicExtractor   : extracted value ([id1_6_1_] : [BIGINT]) - [null]
2021-03-10 22:37:37.403 TRACE 20712 --- [    Test worker] o.h.type.descriptor.sql.BasicExtractor   : extracted value ([id1_6_2_] : [BIGINT]) - [8]
2021-03-10 22:37:37.403 TRACE 20712 --- [    Test worker] o.h.type.descriptor.sql.BasicExtractor   : extracted value ([parent_i5_6_0__] : [BIGINT]) - [null]
2021-03-10 22:37:37.403 TRACE 20712 --- [    Test worker] o.h.type.descriptor.sql.BasicExtractor   : extracted value ([id1_6_0_] : [BIGINT]) - [14]
2021-03-10 22:37:37.403 TRACE 20712 --- [    Test worker] o.h.type.descriptor.sql.BasicExtractor   : extracted value ([id1_6_1_] : [BIGINT]) - [null]
2021-03-10 22:37:37.403 TRACE 20712 --- [    Test worker] o.h.type.descriptor.sql.BasicExtractor   : extracted value ([id1_6_2_] : [BIGINT]) - [8]
2021-03-10 22:37:37.403 TRACE 20712 --- [    Test worker] o.h.type.descriptor.sql.BasicExtractor   : extracted value ([parent_i5_6_0__] : [BIGINT]) - [null]
2021-03-10 22:37:37.403 TRACE 20712 --- [    Test worker] o.h.type.descriptor.sql.BasicExtractor   : extracted value ([id1_6_0_] : [BIGINT]) - [15]
2021-03-10 22:37:37.403 TRACE 20712 --- [    Test worker] o.h.type.descriptor.sql.BasicExtractor   : extracted value ([id1_6_1_] : [BIGINT]) - [null]
2021-03-10 22:37:37.403 TRACE 20712 --- [    Test worker] o.h.type.descriptor.sql.BasicExtractor   : extracted value ([id1_6_2_] : [BIGINT]) - [8]
2021-03-10 22:37:37.403 TRACE 20712 --- [    Test worker] o.h.type.descriptor.sql.BasicExtractor   : extracted value ([parent_i5_6_0__] : [BIGINT]) - [null]
2021-03-10 22:37:37.403 TRACE 20712 --- [    Test worker] o.h.type.descriptor.sql.BasicExtractor   : extracted value ([id1_6_0_] : [BIGINT]) - [16]
2021-03-10 22:37:37.403 TRACE 20712 --- [    Test worker] o.h.type.descriptor.sql.BasicExtractor   : extracted value ([id1_6_1_] : [BIGINT]) - [null]
2021-03-10 22:37:37.403 TRACE 20712 --- [    Test worker] o.h.type.descriptor.sql.BasicExtractor   : extracted value ([id1_6_2_] : [BIGINT]) - [8]
2021-03-10 22:37:37.403 TRACE 20712 --- [    Test worker] o.h.type.descriptor.sql.BasicExtractor   : extracted value ([parent_i5_6_0__] : [BIGINT]) - [null]
2021-03-10 22:37:37.403 TRACE 20712 --- [    Test worker] o.h.type.descriptor.sql.BasicExtractor   : extracted value ([id1_6_0_] : [BIGINT]) - [17]
2021-03-10 22:37:37.403 TRACE 20712 --- [    Test worker] o.h.type.descriptor.sql.BasicExtractor   : extracted value ([id1_6_1_] : [BIGINT]) - [null]
2021-03-10 22:37:37.403 TRACE 20712 --- [    Test worker] o.h.type.descriptor.sql.BasicExtractor   : extracted value ([id1_6_2_] : [BIGINT]) - [8]
2021-03-10 22:37:37.403 TRACE 20712 --- [    Test worker] o.h.type.descriptor.sql.BasicExtractor   : extracted value ([parent_i5_6_0__] : [BIGINT]) - [null]
2021-03-10 22:37:37.403 TRACE 20712 --- [    Test worker] o.h.type.descriptor.sql.BasicExtractor   : extracted value ([id1_6_0_] : [BIGINT]) - [18]
2021-03-10 22:37:37.403 TRACE 20712 --- [    Test worker] o.h.type.descriptor.sql.BasicExtractor   : extracted value ([id1_6_1_] : [BIGINT]) - [null]
2021-03-10 22:37:37.403 TRACE 20712 --- [    Test worker] o.h.type.descriptor.sql.BasicExtractor   : extracted value ([id1_6_2_] : [BIGINT]) - [8]
2021-03-10 22:37:37.403 TRACE 20712 --- [    Test worker] o.h.type.descriptor.sql.BasicExtractor   : extracted value ([parent_i5_6_0__] : [BIGINT]) - [null]
2021-03-10 22:37:37.403 TRACE 20712 --- [    Test worker] o.h.type.descriptor.sql.BasicExtractor   : extracted value ([id1_6_0_] : [BIGINT]) - [19]
2021-03-10 22:37:37.403 TRACE 20712 --- [    Test worker] o.h.type.descriptor.sql.BasicExtractor   : extracted value ([id1_6_1_] : [BIGINT]) - [null]
2021-03-10 22:37:37.403 TRACE 20712 --- [    Test worker] o.h.type.descriptor.sql.BasicExtractor   : extracted value ([id1_6_2_] : [BIGINT]) - [8]
2021-03-10 22:37:37.403 TRACE 20712 --- [    Test worker] o.h.type.descriptor.sql.BasicExtractor   : extracted value ([parent_i5_6_0__] : [BIGINT]) - [null]
2021-03-10 22:37:37.403 TRACE 20712 --- [    Test worker] o.h.type.descriptor.sql.BasicExtractor   : extracted value ([id1_6_0_] : [BIGINT]) - [20]
2021-03-10 22:37:37.403 TRACE 20712 --- [    Test worker] o.h.type.descriptor.sql.BasicExtractor   : extracted value ([id1_6_1_] : [BIGINT]) - [null]
2021-03-10 22:37:37.403 TRACE 20712 --- [    Test worker] o.h.type.descriptor.sql.BasicExtractor   : extracted value ([id1_6_2_] : [BIGINT]) - [8]
2021-03-10 22:37:37.403 TRACE 20712 --- [    Test worker] o.h.type.descriptor.sql.BasicExtractor   : extracted value ([parent_i5_6_0__] : [BIGINT]) - [null]
2021-03-10 22:37:37.403 TRACE 20712 --- [    Test worker] o.h.type.descriptor.sql.BasicExtractor   : extracted value ([id1_6_0_] : [BIGINT]) - [21]
2021-03-10 22:37:37.403 TRACE 20712 --- [    Test worker] o.h.type.descriptor.sql.BasicExtractor   : extracted value ([id1_6_1_] : [BIGINT]) - [null]
2021-03-10 22:37:37.403 TRACE 20712 --- [    Test worker] o.h.type.descriptor.sql.BasicExtractor   : extracted value ([id1_6_2_] : [BIGINT]) - [8]
2021-03-10 22:37:37.403 TRACE 20712 --- [    Test worker] o.h.type.descriptor.sql.BasicExtractor   : extracted value ([parent_i5_6_0__] : [BIGINT]) - [null]
2021-03-10 22:37:37.403 TRACE 20712 --- [    Test worker] o.h.type.descriptor.sql.BasicExtractor   : extracted value ([id1_6_0_] : [BIGINT]) - [22]
2021-03-10 22:37:37.403 TRACE 20712 --- [    Test worker] o.h.type.descriptor.sql.BasicExtractor   : extracted value ([id1_6_1_] : [BIGINT]) - [null]
2021-03-10 22:37:37.403 TRACE 20712 --- [    Test worker] o.h.type.descriptor.sql.BasicExtractor   : extracted value ([id1_6_2_] : [BIGINT]) - [8]
2021-03-10 22:37:37.403 TRACE 20712 --- [    Test worker] o.h.type.descriptor.sql.BasicExtractor   : extracted value ([parent_i5_6_0__] : [BIGINT]) - [null]
2021-03-10 22:37:37.403 TRACE 20712 --- [    Test worker] o.h.type.descriptor.sql.BasicExtractor   : extracted value ([id1_6_0_] : [BIGINT]) - [23]
2021-03-10 22:37:37.403 TRACE 20712 --- [    Test worker] o.h.type.descriptor.sql.BasicExtractor   : extracted value ([id1_6_1_] : [BIGINT]) - [null]
2021-03-10 22:37:37.403 TRACE 20712 --- [    Test worker] o.h.type.descriptor.sql.BasicExtractor   : extracted value ([id1_6_2_] : [BIGINT]) - [8]
2021-03-10 22:37:37.403 TRACE 20712 --- [    Test worker] o.h.type.descriptor.sql.BasicExtractor   : extracted value ([parent_i5_6_0__] : [BIGINT]) - [null]
2021-03-10 22:37:37.403 TRACE 20712 --- [    Test worker] o.h.type.descriptor.sql.BasicExtractor   : extracted value ([id1_6_0_] : [BIGINT]) - [24]
2021-03-10 22:37:37.403 TRACE 20712 --- [    Test worker] o.h.type.descriptor.sql.BasicExtractor   : extracted value ([id1_6_1_] : [BIGINT]) - [null]
2021-03-10 22:37:37.403 TRACE 20712 --- [    Test worker] o.h.type.descriptor.sql.BasicExtractor   : extracted value ([id1_6_2_] : [BIGINT]) - [8]
2021-03-10 22:37:37.403 TRACE 20712 --- [    Test worker] o.h.type.descriptor.sql.BasicExtractor   : extracted value ([parent_i5_6_0__] : [BIGINT]) - [null]
2021-03-10 22:37:37.403 TRACE 20712 --- [    Test worker] o.h.type.descriptor.sql.BasicExtractor   : extracted value ([id1_6_0_] : [BIGINT]) - [25]
2021-03-10 22:37:37.403 TRACE 20712 --- [    Test worker] o.h.type.descriptor.sql.BasicExtractor   : extracted value ([id1_6_1_] : [BIGINT]) - [null]
2021-03-10 22:37:37.403 TRACE 20712 --- [    Test worker] o.h.type.descriptor.sql.BasicExtractor   : extracted value ([id1_6_2_] : [BIGINT]) - [8]
2021-03-10 22:37:37.403 TRACE 20712 --- [    Test worker] o.h.type.descriptor.sql.BasicExtractor   : extracted value ([parent_i5_6_0__] : [BIGINT]) - [null]
2021-03-10 22:37:37.403 TRACE 20712 --- [    Test worker] o.h.type.descriptor.sql.BasicExtractor   : extracted value ([id1_6_0_] : [BIGINT]) - [26]
2021-03-10 22:37:37.403 TRACE 20712 --- [    Test worker] o.h.type.descriptor.sql.BasicExtractor   : extracted value ([id1_6_1_] : [BIGINT]) - [27]
2021-03-10 22:37:37.403 TRACE 20712 --- [    Test worker] o.h.type.descriptor.sql.BasicExtractor   : extracted value ([id1_6_2_] : [BIGINT]) - [null]
2021-03-10 22:37:37.403 TRACE 20712 --- [    Test worker] o.h.type.descriptor.sql.BasicExtractor   : extracted value ([first_na2_6_0_] : [VARCHAR]) - [프레임워크]
2021-03-10 22:37:37.403 TRACE 20712 --- [    Test worker] o.h.type.descriptor.sql.BasicExtractor   : extracted value ([parent_i5_6_0_] : [BIGINT]) - [null]
2021-03-10 22:37:37.403 TRACE 20712 --- [    Test worker] o.h.type.descriptor.sql.BasicExtractor   : extracted value ([second_n3_6_0_] : [VARCHAR]) - [framework]
2021-03-10 22:37:37.403 TRACE 20712 --- [    Test worker] o.h.type.descriptor.sql.BasicExtractor   : extracted value ([third_na4_6_0_] : [VARCHAR]) - [null]
2021-03-10 22:37:37.403 TRACE 20712 --- [    Test worker] o.h.type.descriptor.sql.BasicExtractor   : extracted value ([first_na2_6_1_] : [VARCHAR]) - [react]
2021-03-10 22:37:37.403 TRACE 20712 --- [    Test worker] o.h.type.descriptor.sql.BasicExtractor   : extracted value ([parent_i5_6_1_] : [BIGINT]) - [26]
2021-03-10 22:37:37.403 TRACE 20712 --- [    Test worker] o.h.type.descriptor.sql.BasicExtractor   : extracted value ([second_n3_6_1_] : [VARCHAR]) - [리엑트]
2021-03-10 22:37:37.403 TRACE 20712 --- [    Test worker] o.h.type.descriptor.sql.BasicExtractor   : extracted value ([third_na4_6_1_] : [VARCHAR]) - [null]
2021-03-10 22:37:37.403 TRACE 20712 --- [    Test worker] o.h.type.descriptor.sql.BasicExtractor   : extracted value ([parent_i5_6_0__] : [BIGINT]) - [26]
2021-03-10 22:37:37.403 TRACE 20712 --- [    Test worker] o.h.type.descriptor.sql.BasicExtractor   : extracted value ([id1_6_0__] : [BIGINT]) - [27]
2021-03-10 22:37:37.403 TRACE 20712 --- [    Test worker] o.h.type.descriptor.sql.BasicExtractor   : extracted value ([id1_6_0_] : [BIGINT]) - [26]
2021-03-10 22:37:37.403 TRACE 20712 --- [    Test worker] o.h.type.descriptor.sql.BasicExtractor   : extracted value ([id1_6_1_] : [BIGINT]) - [28]
2021-03-10 22:37:37.403 TRACE 20712 --- [    Test worker] o.h.type.descriptor.sql.BasicExtractor   : extracted value ([id1_6_2_] : [BIGINT]) - [null]
2021-03-10 22:37:37.403 TRACE 20712 --- [    Test worker] o.h.type.descriptor.sql.BasicExtractor   : extracted value ([first_na2_6_1_] : [VARCHAR]) - [asp.net mvc]
2021-03-10 22:37:37.403 TRACE 20712 --- [    Test worker] o.h.type.descriptor.sql.BasicExtractor   : extracted value ([parent_i5_6_1_] : [BIGINT]) - [26]
2021-03-10 22:37:37.403 TRACE 20712 --- [    Test worker] o.h.type.descriptor.sql.BasicExtractor   : extracted value ([second_n3_6_1_] : [VARCHAR]) - [null]
2021-03-10 22:37:37.403 TRACE 20712 --- [    Test worker] o.h.type.descriptor.sql.BasicExtractor   : extracted value ([third_na4_6_1_] : [VARCHAR]) - [null]
2021-03-10 22:37:37.403 TRACE 20712 --- [    Test worker] o.h.type.descriptor.sql.BasicExtractor   : extracted value ([parent_i5_6_0__] : [BIGINT]) - [26]
2021-03-10 22:37:37.403 TRACE 20712 --- [    Test worker] o.h.type.descriptor.sql.BasicExtractor   : extracted value ([id1_6_0__] : [BIGINT]) - [28]
2021-03-10 22:37:37.403 TRACE 20712 --- [    Test worker] o.h.type.descriptor.sql.BasicExtractor   : extracted value ([id1_6_0_] : [BIGINT]) - [26]
2021-03-10 22:37:37.403 TRACE 20712 --- [    Test worker] o.h.type.descriptor.sql.BasicExtractor   : extracted value ([id1_6_1_] : [BIGINT]) - [29]
2021-03-10 22:37:37.403 TRACE 20712 --- [    Test worker] o.h.type.descriptor.sql.BasicExtractor   : extracted value ([id1_6_2_] : [BIGINT]) - [null]
2021-03-10 22:37:37.403 TRACE 20712 --- [    Test worker] o.h.type.descriptor.sql.BasicExtractor   : extracted value ([first_na2_6_1_] : [VARCHAR]) - [angular]
2021-03-10 22:37:37.403 TRACE 20712 --- [    Test worker] o.h.type.descriptor.sql.BasicExtractor   : extracted value ([parent_i5_6_1_] : [BIGINT]) - [26]
2021-03-10 22:37:37.403 TRACE 20712 --- [    Test worker] o.h.type.descriptor.sql.BasicExtractor   : extracted value ([second_n3_6_1_] : [VARCHAR]) - [앵귤러]
2021-03-10 22:37:37.403 TRACE 20712 --- [    Test worker] o.h.type.descriptor.sql.BasicExtractor   : extracted value ([third_na4_6_1_] : [VARCHAR]) - [null]
2021-03-10 22:37:37.403 TRACE 20712 --- [    Test worker] o.h.type.descriptor.sql.BasicExtractor   : extracted value ([parent_i5_6_0__] : [BIGINT]) - [26]
2021-03-10 22:37:37.403 TRACE 20712 --- [    Test worker] o.h.type.descriptor.sql.BasicExtractor   : extracted value ([id1_6_0__] : [BIGINT]) - [29]
2021-03-10 22:37:37.403 TRACE 20712 --- [    Test worker] o.h.type.descriptor.sql.BasicExtractor   : extracted value ([id1_6_0_] : [BIGINT]) - [26]
2021-03-10 22:37:37.403 TRACE 20712 --- [    Test worker] o.h.type.descriptor.sql.BasicExtractor   : extracted value ([id1_6_1_] : [BIGINT]) - [30]
2021-03-10 22:37:37.403 TRACE 20712 --- [    Test worker] o.h.type.descriptor.sql.BasicExtractor   : extracted value ([id1_6_2_] : [BIGINT]) - [null]
2021-03-10 22:37:37.403 TRACE 20712 --- [    Test worker] o.h.type.descriptor.sql.BasicExtractor   : extracted value ([first_na2_6_1_] : [VARCHAR]) - [Ruby on Rails]
2021-03-10 22:37:37.403 TRACE 20712 --- [    Test worker] o.h.type.descriptor.sql.BasicExtractor   : extracted value ([parent_i5_6_1_] : [BIGINT]) - [26]
2021-03-10 22:37:37.403 TRACE 20712 --- [    Test worker] o.h.type.descriptor.sql.BasicExtractor   : extracted value ([second_n3_6_1_] : [VARCHAR]) - [루비온레일스]
2021-03-10 22:37:37.403 TRACE 20712 --- [    Test worker] o.h.type.descriptor.sql.BasicExtractor   : extracted value ([third_na4_6_1_] : [VARCHAR]) - [null]
2021-03-10 22:37:37.403 TRACE 20712 --- [    Test worker] o.h.type.descriptor.sql.BasicExtractor   : extracted value ([parent_i5_6_0__] : [BIGINT]) - [26]
2021-03-10 22:37:37.403 TRACE 20712 --- [    Test worker] o.h.type.descriptor.sql.BasicExtractor   : extracted value ([id1_6_0__] : [BIGINT]) - [30]
2021-03-10 22:37:37.403 TRACE 20712 --- [    Test worker] o.h.type.descriptor.sql.BasicExtractor   : extracted value ([id1_6_0_] : [BIGINT]) - [26]
2021-03-10 22:37:37.403 TRACE 20712 --- [    Test worker] o.h.type.descriptor.sql.BasicExtractor   : extracted value ([id1_6_1_] : [BIGINT]) - [31]
2021-03-10 22:37:37.403 TRACE 20712 --- [    Test worker] o.h.type.descriptor.sql.BasicExtractor   : extracted value ([id1_6_2_] : [BIGINT]) - [null]
2021-03-10 22:37:37.403 TRACE 20712 --- [    Test worker] o.h.type.descriptor.sql.BasicExtractor   : extracted value ([first_na2_6_1_] : [VARCHAR]) - [AngularJS]
2021-03-10 22:37:37.403 TRACE 20712 --- [    Test worker] o.h.type.descriptor.sql.BasicExtractor   : extracted value ([parent_i5_6_1_] : [BIGINT]) - [26]
2021-03-10 22:37:37.403 TRACE 20712 --- [    Test worker] o.h.type.descriptor.sql.BasicExtractor   : extracted value ([second_n3_6_1_] : [VARCHAR]) - [null]
2021-03-10 22:37:37.403 TRACE 20712 --- [    Test worker] o.h.type.descriptor.sql.BasicExtractor   : extracted value ([third_na4_6_1_] : [VARCHAR]) - [null]
2021-03-10 22:37:37.403 TRACE 20712 --- [    Test worker] o.h.type.descriptor.sql.BasicExtractor   : extracted value ([parent_i5_6_0__] : [BIGINT]) - [26]
2021-03-10 22:37:37.403 TRACE 20712 --- [    Test worker] o.h.type.descriptor.sql.BasicExtractor   : extracted value ([id1_6_0__] : [BIGINT]) - [31]
2021-03-10 22:37:37.403 TRACE 20712 --- [    Test worker] o.h.type.descriptor.sql.BasicExtractor   : extracted value ([id1_6_0_] : [BIGINT]) - [26]
2021-03-10 22:37:37.403 TRACE 20712 --- [    Test worker] o.h.type.descriptor.sql.BasicExtractor   : extracted value ([id1_6_1_] : [BIGINT]) - [32]
2021-03-10 22:37:37.403 TRACE 20712 --- [    Test worker] o.h.type.descriptor.sql.BasicExtractor   : extracted value ([id1_6_2_] : [BIGINT]) - [null]
2021-03-10 22:37:37.403 TRACE 20712 --- [    Test worker] o.h.type.descriptor.sql.BasicExtractor   : extracted value ([first_na2_6_1_] : [VARCHAR]) - [Vue.js]
2021-03-10 22:37:37.403 TRACE 20712 --- [    Test worker] o.h.type.descriptor.sql.BasicExtractor   : extracted value ([parent_i5_6_1_] : [BIGINT]) - [26]
2021-03-10 22:37:37.403 TRACE 20712 --- [    Test worker] o.h.type.descriptor.sql.BasicExtractor   : extracted value ([second_n3_6_1_] : [VARCHAR]) - [뷰]
2021-03-10 22:37:37.403 TRACE 20712 --- [    Test worker] o.h.type.descriptor.sql.BasicExtractor   : extracted value ([third_na4_6_1_] : [VARCHAR]) - [null]
2021-03-10 22:37:37.403 TRACE 20712 --- [    Test worker] o.h.type.descriptor.sql.BasicExtractor   : extracted value ([parent_i5_6_0__] : [BIGINT]) - [26]
2021-03-10 22:37:37.403 TRACE 20712 --- [    Test worker] o.h.type.descriptor.sql.BasicExtractor   : extracted value ([id1_6_0__] : [BIGINT]) - [32]
2021-03-10 22:37:37.403 TRACE 20712 --- [    Test worker] o.h.type.descriptor.sql.BasicExtractor   : extracted value ([id1_6_0_] : [BIGINT]) - [26]
2021-03-10 22:37:37.403 TRACE 20712 --- [    Test worker] o.h.type.descriptor.sql.BasicExtractor   : extracted value ([id1_6_1_] : [BIGINT]) - [33]
2021-03-10 22:37:37.403 TRACE 20712 --- [    Test worker] o.h.type.descriptor.sql.BasicExtractor   : extracted value ([id1_6_2_] : [BIGINT]) - [null]
2021-03-10 22:37:37.403 TRACE 20712 --- [    Test worker] o.h.type.descriptor.sql.BasicExtractor   : extracted value ([first_na2_6_1_] : [VARCHAR]) - [django]
2021-03-10 22:37:37.403 TRACE 20712 --- [    Test worker] o.h.type.descriptor.sql.BasicExtractor   : extracted value ([parent_i5_6_1_] : [BIGINT]) - [26]
2021-03-10 22:37:37.403 TRACE 20712 --- [    Test worker] o.h.type.descriptor.sql.BasicExtractor   : extracted value ([second_n3_6_1_] : [VARCHAR]) - [장고]
2021-03-10 22:37:37.403 TRACE 20712 --- [    Test worker] o.h.type.descriptor.sql.BasicExtractor   : extracted value ([third_na4_6_1_] : [VARCHAR]) - [null]
2021-03-10 22:37:37.403 TRACE 20712 --- [    Test worker] o.h.type.descriptor.sql.BasicExtractor   : extracted value ([parent_i5_6_0__] : [BIGINT]) - [26]
2021-03-10 22:37:37.403 TRACE 20712 --- [    Test worker] o.h.type.descriptor.sql.BasicExtractor   : extracted value ([id1_6_0__] : [BIGINT]) - [33]
2021-03-10 22:37:37.403 TRACE 20712 --- [    Test worker] o.h.type.descriptor.sql.BasicExtractor   : extracted value ([id1_6_0_] : [BIGINT]) - [26]
2021-03-10 22:37:37.403 TRACE 20712 --- [    Test worker] o.h.type.descriptor.sql.BasicExtractor   : extracted value ([id1_6_1_] : [BIGINT]) - [34]
2021-03-10 22:37:37.403 TRACE 20712 --- [    Test worker] o.h.type.descriptor.sql.BasicExtractor   : extracted value ([id1_6_2_] : [BIGINT]) - [null]
2021-03-10 22:37:37.403 TRACE 20712 --- [    Test worker] o.h.type.descriptor.sql.BasicExtractor   : extracted value ([first_na2_6_1_] : [VARCHAR]) - [laravel]
2021-03-10 22:37:37.403 TRACE 20712 --- [    Test worker] o.h.type.descriptor.sql.BasicExtractor   : extracted value ([parent_i5_6_1_] : [BIGINT]) - [26]
2021-03-10 22:37:37.403 TRACE 20712 --- [    Test worker] o.h.type.descriptor.sql.BasicExtractor   : extracted value ([second_n3_6_1_] : [VARCHAR]) - [라라벨]
2021-03-10 22:37:37.403 TRACE 20712 --- [    Test worker] o.h.type.descriptor.sql.BasicExtractor   : extracted value ([third_na4_6_1_] : [VARCHAR]) - [null]
2021-03-10 22:37:37.403 TRACE 20712 --- [    Test worker] o.h.type.descriptor.sql.BasicExtractor   : extracted value ([parent_i5_6_0__] : [BIGINT]) - [26]
2021-03-10 22:37:37.418 TRACE 20712 --- [    Test worker] o.h.type.descriptor.sql.BasicExtractor   : extracted value ([id1_6_0__] : [BIGINT]) - [34]
2021-03-10 22:37:37.418 TRACE 20712 --- [    Test worker] o.h.type.descriptor.sql.BasicExtractor   : extracted value ([id1_6_0_] : [BIGINT]) - [26]
2021-03-10 22:37:37.418 TRACE 20712 --- [    Test worker] o.h.type.descriptor.sql.BasicExtractor   : extracted value ([id1_6_1_] : [BIGINT]) - [35]
2021-03-10 22:37:37.418 TRACE 20712 --- [    Test worker] o.h.type.descriptor.sql.BasicExtractor   : extracted value ([id1_6_2_] : [BIGINT]) - [null]
2021-03-10 22:37:37.418 TRACE 20712 --- [    Test worker] o.h.type.descriptor.sql.BasicExtractor   : extracted value ([first_na2_6_1_] : [VARCHAR]) - [asp.net]
2021-03-10 22:37:37.418 TRACE 20712 --- [    Test worker] o.h.type.descriptor.sql.BasicExtractor   : extracted value ([parent_i5_6_1_] : [BIGINT]) - [26]
2021-03-10 22:37:37.418 TRACE 20712 --- [    Test worker] o.h.type.descriptor.sql.BasicExtractor   : extracted value ([second_n3_6_1_] : [VARCHAR]) - [null]
2021-03-10 22:37:37.418 TRACE 20712 --- [    Test worker] o.h.type.descriptor.sql.BasicExtractor   : extracted value ([third_na4_6_1_] : [VARCHAR]) - [null]
2021-03-10 22:37:37.418 TRACE 20712 --- [    Test worker] o.h.type.descriptor.sql.BasicExtractor   : extracted value ([parent_i5_6_0__] : [BIGINT]) - [26]
2021-03-10 22:37:37.418 TRACE 20712 --- [    Test worker] o.h.type.descriptor.sql.BasicExtractor   : extracted value ([id1_6_0__] : [BIGINT]) - [35]
2021-03-10 22:37:37.418 TRACE 20712 --- [    Test worker] o.h.type.descriptor.sql.BasicExtractor   : extracted value ([id1_6_0_] : [BIGINT]) - [26]
2021-03-10 22:37:37.418 TRACE 20712 --- [    Test worker] o.h.type.descriptor.sql.BasicExtractor   : extracted value ([id1_6_1_] : [BIGINT]) - [36]
2021-03-10 22:37:37.418 TRACE 20712 --- [    Test worker] o.h.type.descriptor.sql.BasicExtractor   : extracted value ([id1_6_2_] : [BIGINT]) - [null]
2021-03-10 22:37:37.418 TRACE 20712 --- [    Test worker] o.h.type.descriptor.sql.BasicExtractor   : extracted value ([first_na2_6_1_] : [VARCHAR]) - [spring]
2021-03-10 22:37:37.418 TRACE 20712 --- [    Test worker] o.h.type.descriptor.sql.BasicExtractor   : extracted value ([parent_i5_6_1_] : [BIGINT]) - [26]
2021-03-10 22:37:37.418 TRACE 20712 --- [    Test worker] o.h.type.descriptor.sql.BasicExtractor   : extracted value ([second_n3_6_1_] : [VARCHAR]) - [스프링]
2021-03-10 22:37:37.418 TRACE 20712 --- [    Test worker] o.h.type.descriptor.sql.BasicExtractor   : extracted value ([third_na4_6_1_] : [VARCHAR]) - [null]
2021-03-10 22:37:37.418 TRACE 20712 --- [    Test worker] o.h.type.descriptor.sql.BasicExtractor   : extracted value ([parent_i5_6_0__] : [BIGINT]) - [26]
2021-03-10 22:37:37.418 TRACE 20712 --- [    Test worker] o.h.type.descriptor.sql.BasicExtractor   : extracted value ([id1_6_0__] : [BIGINT]) - [36]
2021-03-10 22:37:37.418 TRACE 20712 --- [    Test worker] o.h.type.descriptor.sql.BasicExtractor   : extracted value ([id1_6_0_] : [BIGINT]) - [26]
2021-03-10 22:37:37.418 TRACE 20712 --- [    Test worker] o.h.type.descriptor.sql.BasicExtractor   : extracted value ([id1_6_1_] : [BIGINT]) - [37]
2021-03-10 22:37:37.418 TRACE 20712 --- [    Test worker] o.h.type.descriptor.sql.BasicExtractor   : extracted value ([id1_6_2_] : [BIGINT]) - [null]
2021-03-10 22:37:37.418 TRACE 20712 --- [    Test worker] o.h.type.descriptor.sql.BasicExtractor   : extracted value ([first_na2_6_1_] : [VARCHAR]) - [express]
2021-03-10 22:37:37.418 TRACE 20712 --- [    Test worker] o.h.type.descriptor.sql.BasicExtractor   : extracted value ([parent_i5_6_1_] : [BIGINT]) - [26]
2021-03-10 22:37:37.418 TRACE 20712 --- [    Test worker] o.h.type.descriptor.sql.BasicExtractor   : extracted value ([second_n3_6_1_] : [VARCHAR]) - [익스프레스]
2021-03-10 22:37:37.418 TRACE 20712 --- [    Test worker] o.h.type.descriptor.sql.BasicExtractor   : extracted value ([third_na4_6_1_] : [VARCHAR]) - [null]
2021-03-10 22:37:37.418 TRACE 20712 --- [    Test worker] o.h.type.descriptor.sql.BasicExtractor   : extracted value ([parent_i5_6_0__] : [BIGINT]) - [26]
2021-03-10 22:37:37.418 TRACE 20712 --- [    Test worker] o.h.type.descriptor.sql.BasicExtractor   : extracted value ([id1_6_0__] : [BIGINT]) - [37]
2021-03-10 22:37:37.418 TRACE 20712 --- [    Test worker] o.h.type.descriptor.sql.BasicExtractor   : extracted value ([id1_6_0_] : [BIGINT]) - [26]
2021-03-10 22:37:37.418 TRACE 20712 --- [    Test worker] o.h.type.descriptor.sql.BasicExtractor   : extracted value ([id1_6_1_] : [BIGINT]) - [38]
2021-03-10 22:37:37.418 TRACE 20712 --- [    Test worker] o.h.type.descriptor.sql.BasicExtractor   : extracted value ([id1_6_2_] : [BIGINT]) - [null]
2021-03-10 22:37:37.418 TRACE 20712 --- [    Test worker] o.h.type.descriptor.sql.BasicExtractor   : extracted value ([first_na2_6_1_] : [VARCHAR]) - [flask]
2021-03-10 22:37:37.418 TRACE 20712 --- [    Test worker] o.h.type.descriptor.sql.BasicExtractor   : extracted value ([parent_i5_6_1_] : [BIGINT]) - [26]
2021-03-10 22:37:37.418 TRACE 20712 --- [    Test worker] o.h.type.descriptor.sql.BasicExtractor   : extracted value ([second_n3_6_1_] : [VARCHAR]) - [플라스크]
2021-03-10 22:37:37.418 TRACE 20712 --- [    Test worker] o.h.type.descriptor.sql.BasicExtractor   : extracted value ([third_na4_6_1_] : [VARCHAR]) - [null]
2021-03-10 22:37:37.418 TRACE 20712 --- [    Test worker] o.h.type.descriptor.sql.BasicExtractor   : extracted value ([parent_i5_6_0__] : [BIGINT]) - [26]
2021-03-10 22:37:37.418 TRACE 20712 --- [    Test worker] o.h.type.descriptor.sql.BasicExtractor   : extracted value ([id1_6_0__] : [BIGINT]) - [38]
2021-03-10 22:37:37.418 TRACE 20712 --- [    Test worker] o.h.type.descriptor.sql.BasicExtractor   : extracted value ([id1_6_0_] : [BIGINT]) - [27]
2021-03-10 22:37:37.418 TRACE 20712 --- [    Test worker] o.h.type.descriptor.sql.BasicExtractor   : extracted value ([id1_6_1_] : [BIGINT]) - [null]
2021-03-10 22:37:37.418 TRACE 20712 --- [    Test worker] o.h.type.descriptor.sql.BasicExtractor   : extracted value ([id1_6_2_] : [BIGINT]) - [26]
2021-03-10 22:37:37.418 TRACE 20712 --- [    Test worker] o.h.type.descriptor.sql.BasicExtractor   : extracted value ([parent_i5_6_0__] : [BIGINT]) - [null]
2021-03-10 22:37:37.418 TRACE 20712 --- [    Test worker] o.h.type.descriptor.sql.BasicExtractor   : extracted value ([id1_6_0_] : [BIGINT]) - [28]
2021-03-10 22:37:37.418 TRACE 20712 --- [    Test worker] o.h.type.descriptor.sql.BasicExtractor   : extracted value ([id1_6_1_] : [BIGINT]) - [null]
2021-03-10 22:37:37.418 TRACE 20712 --- [    Test worker] o.h.type.descriptor.sql.BasicExtractor   : extracted value ([id1_6_2_] : [BIGINT]) - [26]
2021-03-10 22:37:37.418 TRACE 20712 --- [    Test worker] o.h.type.descriptor.sql.BasicExtractor   : extracted value ([parent_i5_6_0__] : [BIGINT]) - [null]
2021-03-10 22:37:37.418 TRACE 20712 --- [    Test worker] o.h.type.descriptor.sql.BasicExtractor   : extracted value ([id1_6_0_] : [BIGINT]) - [29]
2021-03-10 22:37:37.418 TRACE 20712 --- [    Test worker] o.h.type.descriptor.sql.BasicExtractor   : extracted value ([id1_6_1_] : [BIGINT]) - [null]
2021-03-10 22:37:37.418 TRACE 20712 --- [    Test worker] o.h.type.descriptor.sql.BasicExtractor   : extracted value ([id1_6_2_] : [BIGINT]) - [26]
2021-03-10 22:37:37.418 TRACE 20712 --- [    Test worker] o.h.type.descriptor.sql.BasicExtractor   : extracted value ([parent_i5_6_0__] : [BIGINT]) - [null]
2021-03-10 22:37:37.418 TRACE 20712 --- [    Test worker] o.h.type.descriptor.sql.BasicExtractor   : extracted value ([id1_6_0_] : [BIGINT]) - [30]
2021-03-10 22:37:37.418 TRACE 20712 --- [    Test worker] o.h.type.descriptor.sql.BasicExtractor   : extracted value ([id1_6_1_] : [BIGINT]) - [null]
2021-03-10 22:37:37.418 TRACE 20712 --- [    Test worker] o.h.type.descriptor.sql.BasicExtractor   : extracted value ([id1_6_2_] : [BIGINT]) - [26]
2021-03-10 22:37:37.418 TRACE 20712 --- [    Test worker] o.h.type.descriptor.sql.BasicExtractor   : extracted value ([parent_i5_6_0__] : [BIGINT]) - [null]
2021-03-10 22:37:37.418 TRACE 20712 --- [    Test worker] o.h.type.descriptor.sql.BasicExtractor   : extracted value ([id1_6_0_] : [BIGINT]) - [31]
2021-03-10 22:37:37.418 TRACE 20712 --- [    Test worker] o.h.type.descriptor.sql.BasicExtractor   : extracted value ([id1_6_1_] : [BIGINT]) - [null]
2021-03-10 22:37:37.418 TRACE 20712 --- [    Test worker] o.h.type.descriptor.sql.BasicExtractor   : extracted value ([id1_6_2_] : [BIGINT]) - [26]
2021-03-10 22:37:37.418 TRACE 20712 --- [    Test worker] o.h.type.descriptor.sql.BasicExtractor   : extracted value ([parent_i5_6_0__] : [BIGINT]) - [null]
2021-03-10 22:37:37.418 TRACE 20712 --- [    Test worker] o.h.type.descriptor.sql.BasicExtractor   : extracted value ([id1_6_0_] : [BIGINT]) - [32]
2021-03-10 22:37:37.418 TRACE 20712 --- [    Test worker] o.h.type.descriptor.sql.BasicExtractor   : extracted value ([id1_6_1_] : [BIGINT]) - [null]
2021-03-10 22:37:37.418 TRACE 20712 --- [    Test worker] o.h.type.descriptor.sql.BasicExtractor   : extracted value ([id1_6_2_] : [BIGINT]) - [26]
2021-03-10 22:37:37.418 TRACE 20712 --- [    Test worker] o.h.type.descriptor.sql.BasicExtractor   : extracted value ([parent_i5_6_0__] : [BIGINT]) - [null]
2021-03-10 22:37:37.418 TRACE 20712 --- [    Test worker] o.h.type.descriptor.sql.BasicExtractor   : extracted value ([id1_6_0_] : [BIGINT]) - [33]
2021-03-10 22:37:37.418 TRACE 20712 --- [    Test worker] o.h.type.descriptor.sql.BasicExtractor   : extracted value ([id1_6_1_] : [BIGINT]) - [null]
2021-03-10 22:37:37.418 TRACE 20712 --- [    Test worker] o.h.type.descriptor.sql.BasicExtractor   : extracted value ([id1_6_2_] : [BIGINT]) - [26]
2021-03-10 22:37:37.418 TRACE 20712 --- [    Test worker] o.h.type.descriptor.sql.BasicExtractor   : extracted value ([parent_i5_6_0__] : [BIGINT]) - [null]
2021-03-10 22:37:37.418 TRACE 20712 --- [    Test worker] o.h.type.descriptor.sql.BasicExtractor   : extracted value ([id1_6_0_] : [BIGINT]) - [34]
2021-03-10 22:37:37.418 TRACE 20712 --- [    Test worker] o.h.type.descriptor.sql.BasicExtractor   : extracted value ([id1_6_1_] : [BIGINT]) - [null]
2021-03-10 22:37:37.418 TRACE 20712 --- [    Test worker] o.h.type.descriptor.sql.BasicExtractor   : extracted value ([id1_6_2_] : [BIGINT]) - [26]
2021-03-10 22:37:37.418 TRACE 20712 --- [    Test worker] o.h.type.descriptor.sql.BasicExtractor   : extracted value ([parent_i5_6_0__] : [BIGINT]) - [null]
2021-03-10 22:37:37.418 TRACE 20712 --- [    Test worker] o.h.type.descriptor.sql.BasicExtractor   : extracted value ([id1_6_0_] : [BIGINT]) - [35]
2021-03-10 22:37:37.418 TRACE 20712 --- [    Test worker] o.h.type.descriptor.sql.BasicExtractor   : extracted value ([id1_6_1_] : [BIGINT]) - [null]
2021-03-10 22:37:37.418 TRACE 20712 --- [    Test worker] o.h.type.descriptor.sql.BasicExtractor   : extracted value ([id1_6_2_] : [BIGINT]) - [26]
2021-03-10 22:37:37.418 TRACE 20712 --- [    Test worker] o.h.type.descriptor.sql.BasicExtractor   : extracted value ([parent_i5_6_0__] : [BIGINT]) - [null]
2021-03-10 22:37:37.418 TRACE 20712 --- [    Test worker] o.h.type.descriptor.sql.BasicExtractor   : extracted value ([id1_6_0_] : [BIGINT]) - [36]
2021-03-10 22:37:37.418 TRACE 20712 --- [    Test worker] o.h.type.descriptor.sql.BasicExtractor   : extracted value ([id1_6_1_] : [BIGINT]) - [null]
2021-03-10 22:37:37.418 TRACE 20712 --- [    Test worker] o.h.type.descriptor.sql.BasicExtractor   : extracted value ([id1_6_2_] : [BIGINT]) - [26]
2021-03-10 22:37:37.418 TRACE 20712 --- [    Test worker] o.h.type.descriptor.sql.BasicExtractor   : extracted value ([parent_i5_6_0__] : [BIGINT]) - [null]
2021-03-10 22:37:37.418 TRACE 20712 --- [    Test worker] o.h.type.descriptor.sql.BasicExtractor   : extracted value ([id1_6_0_] : [BIGINT]) - [37]
2021-03-10 22:37:37.418 TRACE 20712 --- [    Test worker] o.h.type.descriptor.sql.BasicExtractor   : extracted value ([id1_6_1_] : [BIGINT]) - [null]
2021-03-10 22:37:37.418 TRACE 20712 --- [    Test worker] o.h.type.descriptor.sql.BasicExtractor   : extracted value ([id1_6_2_] : [BIGINT]) - [26]
2021-03-10 22:37:37.418 TRACE 20712 --- [    Test worker] o.h.type.descriptor.sql.BasicExtractor   : extracted value ([parent_i5_6_0__] : [BIGINT]) - [null]
2021-03-10 22:37:37.418 TRACE 20712 --- [    Test worker] o.h.type.descriptor.sql.BasicExtractor   : extracted value ([id1_6_0_] : [BIGINT]) - [38]
2021-03-10 22:37:37.418 TRACE 20712 --- [    Test worker] o.h.type.descriptor.sql.BasicExtractor   : extracted value ([id1_6_1_] : [BIGINT]) - [null]
2021-03-10 22:37:37.418 TRACE 20712 --- [    Test worker] o.h.type.descriptor.sql.BasicExtractor   : extracted value ([id1_6_2_] : [BIGINT]) - [26]
2021-03-10 22:37:37.418 TRACE 20712 --- [    Test worker] o.h.type.descriptor.sql.BasicExtractor   : extracted value ([parent_i5_6_0__] : [BIGINT]) - [null]
2021-03-10 22:37:37.418 TRACE 20712 --- [    Test worker] o.h.type.descriptor.sql.BasicExtractor   : extracted value ([id1_6_0_] : [BIGINT]) - [39]
2021-03-10 22:37:37.418 TRACE 20712 --- [    Test worker] o.h.type.descriptor.sql.BasicExtractor   : extracted value ([id1_6_1_] : [BIGINT]) - [40]
2021-03-10 22:37:37.418 TRACE 20712 --- [    Test worker] o.h.type.descriptor.sql.BasicExtractor   : extracted value ([id1_6_2_] : [BIGINT]) - [null]
2021-03-10 22:37:37.418 TRACE 20712 --- [    Test worker] o.h.type.descriptor.sql.BasicExtractor   : extracted value ([first_na2_6_0_] : [VARCHAR]) - [etc]
2021-03-10 22:37:37.418 TRACE 20712 --- [    Test worker] o.h.type.descriptor.sql.BasicExtractor   : extracted value ([parent_i5_6_0_] : [BIGINT]) - [null]
2021-03-10 22:37:37.418 TRACE 20712 --- [    Test worker] o.h.type.descriptor.sql.BasicExtractor   : extracted value ([second_n3_6_0_] : [VARCHAR]) - [null]
2021-03-10 22:37:37.418 TRACE 20712 --- [    Test worker] o.h.type.descriptor.sql.BasicExtractor   : extracted value ([third_na4_6_0_] : [VARCHAR]) - [null]
2021-03-10 22:37:37.418 TRACE 20712 --- [    Test worker] o.h.type.descriptor.sql.BasicExtractor   : extracted value ([first_na2_6_1_] : [VARCHAR]) - [docker]
2021-03-10 22:37:37.418 TRACE 20712 --- [    Test worker] o.h.type.descriptor.sql.BasicExtractor   : extracted value ([parent_i5_6_1_] : [BIGINT]) - [39]
2021-03-10 22:37:37.418 TRACE 20712 --- [    Test worker] o.h.type.descriptor.sql.BasicExtractor   : extracted value ([second_n3_6_1_] : [VARCHAR]) - [도커]
2021-03-10 22:37:37.418 TRACE 20712 --- [    Test worker] o.h.type.descriptor.sql.BasicExtractor   : extracted value ([third_na4_6_1_] : [VARCHAR]) - [null]
2021-03-10 22:37:37.418 TRACE 20712 --- [    Test worker] o.h.type.descriptor.sql.BasicExtractor   : extracted value ([parent_i5_6_0__] : [BIGINT]) - [39]
2021-03-10 22:37:37.418 TRACE 20712 --- [    Test worker] o.h.type.descriptor.sql.BasicExtractor   : extracted value ([id1_6_0__] : [BIGINT]) - [40]
2021-03-10 22:37:37.418 TRACE 20712 --- [    Test worker] o.h.type.descriptor.sql.BasicExtractor   : extracted value ([id1_6_0_] : [BIGINT]) - [39]
2021-03-10 22:37:37.418 TRACE 20712 --- [    Test worker] o.h.type.descriptor.sql.BasicExtractor   : extracted value ([id1_6_1_] : [BIGINT]) - [41]
2021-03-10 22:37:37.418 TRACE 20712 --- [    Test worker] o.h.type.descriptor.sql.BasicExtractor   : extracted value ([id1_6_2_] : [BIGINT]) - [null]
2021-03-10 22:37:37.418 TRACE 20712 --- [    Test worker] o.h.type.descriptor.sql.BasicExtractor   : extracted value ([first_na2_6_1_] : [VARCHAR]) - [devops]
2021-03-10 22:37:37.418 TRACE 20712 --- [    Test worker] o.h.type.descriptor.sql.BasicExtractor   : extracted value ([parent_i5_6_1_] : [BIGINT]) - [39]
2021-03-10 22:37:37.418 TRACE 20712 --- [    Test worker] o.h.type.descriptor.sql.BasicExtractor   : extracted value ([second_n3_6_1_] : [VARCHAR]) - [데브옵스]
2021-03-10 22:37:37.418 TRACE 20712 --- [    Test worker] o.h.type.descriptor.sql.BasicExtractor   : extracted value ([third_na4_6_1_] : [VARCHAR]) - [null]
2021-03-10 22:37:37.418 TRACE 20712 --- [    Test worker] o.h.type.descriptor.sql.BasicExtractor   : extracted value ([parent_i5_6_0__] : [BIGINT]) - [39]
2021-03-10 22:37:37.418 TRACE 20712 --- [    Test worker] o.h.type.descriptor.sql.BasicExtractor   : extracted value ([id1_6_0__] : [BIGINT]) - [41]
2021-03-10 22:37:37.418 TRACE 20712 --- [    Test worker] o.h.type.descriptor.sql.BasicExtractor   : extracted value ([id1_6_0_] : [BIGINT]) - [39]
2021-03-10 22:37:37.418 TRACE 20712 --- [    Test worker] o.h.type.descriptor.sql.BasicExtractor   : extracted value ([id1_6_1_] : [BIGINT]) - [42]
2021-03-10 22:37:37.418 TRACE 20712 --- [    Test worker] o.h.type.descriptor.sql.BasicExtractor   : extracted value ([id1_6_2_] : [BIGINT]) - [null]
2021-03-10 22:37:37.418 TRACE 20712 --- [    Test worker] o.h.type.descriptor.sql.BasicExtractor   : extracted value ([first_na2_6_1_] : [VARCHAR]) - [kubernetes]
2021-03-10 22:37:37.418 TRACE 20712 --- [    Test worker] o.h.type.descriptor.sql.BasicExtractor   : extracted value ([parent_i5_6_1_] : [BIGINT]) - [39]
2021-03-10 22:37:37.418 TRACE 20712 --- [    Test worker] o.h.type.descriptor.sql.BasicExtractor   : extracted value ([second_n3_6_1_] : [VARCHAR]) - [쿠버네티스]
2021-03-10 22:37:37.418 TRACE 20712 --- [    Test worker] o.h.type.descriptor.sql.BasicExtractor   : extracted value ([third_na4_6_1_] : [VARCHAR]) - [null]
2021-03-10 22:37:37.418 TRACE 20712 --- [    Test worker] o.h.type.descriptor.sql.BasicExtractor   : extracted value ([parent_i5_6_0__] : [BIGINT]) - [39]
2021-03-10 22:37:37.418 TRACE 20712 --- [    Test worker] o.h.type.descriptor.sql.BasicExtractor   : extracted value ([id1_6_0__] : [BIGINT]) - [42]
2021-03-10 22:37:37.418 TRACE 20712 --- [    Test worker] o.h.type.descriptor.sql.BasicExtractor   : extracted value ([id1_6_0_] : [BIGINT]) - [39]
2021-03-10 22:37:37.418 TRACE 20712 --- [    Test worker] o.h.type.descriptor.sql.BasicExtractor   : extracted value ([id1_6_1_] : [BIGINT]) - [43]
2021-03-10 22:37:37.418 TRACE 20712 --- [    Test worker] o.h.type.descriptor.sql.BasicExtractor   : extracted value ([id1_6_2_] : [BIGINT]) - [null]
2021-03-10 22:37:37.418 TRACE 20712 --- [    Test worker] o.h.type.descriptor.sql.BasicExtractor   : extracted value ([first_na2_6_1_] : [VARCHAR]) - [algorithm]
2021-03-10 22:37:37.418 TRACE 20712 --- [    Test worker] o.h.type.descriptor.sql.BasicExtractor   : extracted value ([parent_i5_6_1_] : [BIGINT]) - [39]
2021-03-10 22:37:37.418 TRACE 20712 --- [    Test worker] o.h.type.descriptor.sql.BasicExtractor   : extracted value ([second_n3_6_1_] : [VARCHAR]) - [알고리즘]
2021-03-10 22:37:37.418 TRACE 20712 --- [    Test worker] o.h.type.descriptor.sql.BasicExtractor   : extracted value ([third_na4_6_1_] : [VARCHAR]) - [null]
2021-03-10 22:37:37.418 TRACE 20712 --- [    Test worker] o.h.type.descriptor.sql.BasicExtractor   : extracted value ([parent_i5_6_0__] : [BIGINT]) - [39]
2021-03-10 22:37:37.418 TRACE 20712 --- [    Test worker] o.h.type.descriptor.sql.BasicExtractor   : extracted value ([id1_6_0__] : [BIGINT]) - [43]
2021-03-10 22:37:37.418 TRACE 20712 --- [    Test worker] o.h.type.descriptor.sql.BasicExtractor   : extracted value ([id1_6_0_] : [BIGINT]) - [39]
2021-03-10 22:37:37.418 TRACE 20712 --- [    Test worker] o.h.type.descriptor.sql.BasicExtractor   : extracted value ([id1_6_1_] : [BIGINT]) - [44]
2021-03-10 22:37:37.418 TRACE 20712 --- [    Test worker] o.h.type.descriptor.sql.BasicExtractor   : extracted value ([id1_6_2_] : [BIGINT]) - [null]
2021-03-10 22:37:37.418 TRACE 20712 --- [    Test worker] o.h.type.descriptor.sql.BasicExtractor   : extracted value ([first_na2_6_1_] : [VARCHAR]) - [data-structure]
2021-03-10 22:37:37.418 TRACE 20712 --- [    Test worker] o.h.type.descriptor.sql.BasicExtractor   : extracted value ([parent_i5_6_1_] : [BIGINT]) - [39]
2021-03-10 22:37:37.418 TRACE 20712 --- [    Test worker] o.h.type.descriptor.sql.BasicExtractor   : extracted value ([second_n3_6_1_] : [VARCHAR]) - [자료구조]
2021-03-10 22:37:37.418 TRACE 20712 --- [    Test worker] o.h.type.descriptor.sql.BasicExtractor   : extracted value ([third_na4_6_1_] : [VARCHAR]) - [null]
2021-03-10 22:37:37.418 TRACE 20712 --- [    Test worker] o.h.type.descriptor.sql.BasicExtractor   : extracted value ([parent_i5_6_0__] : [BIGINT]) - [39]
2021-03-10 22:37:37.418 TRACE 20712 --- [    Test worker] o.h.type.descriptor.sql.BasicExtractor   : extracted value ([id1_6_0__] : [BIGINT]) - [44]
2021-03-10 22:37:37.418 TRACE 20712 --- [    Test worker] o.h.type.descriptor.sql.BasicExtractor   : extracted value ([id1_6_0_] : [BIGINT]) - [39]
2021-03-10 22:37:37.418 TRACE 20712 --- [    Test worker] o.h.type.descriptor.sql.BasicExtractor   : extracted value ([id1_6_1_] : [BIGINT]) - [45]
2021-03-10 22:37:37.418 TRACE 20712 --- [    Test worker] o.h.type.descriptor.sql.BasicExtractor   : extracted value ([id1_6_2_] : [BIGINT]) - [null]
2021-03-10 22:37:37.418 TRACE 20712 --- [    Test worker] o.h.type.descriptor.sql.BasicExtractor   : extracted value ([first_na2_6_1_] : [VARCHAR]) - [system]
2021-03-10 22:37:37.418 TRACE 20712 --- [    Test worker] o.h.type.descriptor.sql.BasicExtractor   : extracted value ([parent_i5_6_1_] : [BIGINT]) - [39]
2021-03-10 22:37:37.418 TRACE 20712 --- [    Test worker] o.h.type.descriptor.sql.BasicExtractor   : extracted value ([second_n3_6_1_] : [VARCHAR]) - [시스템]
2021-03-10 22:37:37.418 TRACE 20712 --- [    Test worker] o.h.type.descriptor.sql.BasicExtractor   : extracted value ([third_na4_6_1_] : [VARCHAR]) - [null]
2021-03-10 22:37:37.418 TRACE 20712 --- [    Test worker] o.h.type.descriptor.sql.BasicExtractor   : extracted value ([parent_i5_6_0__] : [BIGINT]) - [39]
2021-03-10 22:37:37.418 TRACE 20712 --- [    Test worker] o.h.type.descriptor.sql.BasicExtractor   : extracted value ([id1_6_0__] : [BIGINT]) - [45]
2021-03-10 22:37:37.418 TRACE 20712 --- [    Test worker] o.h.type.descriptor.sql.BasicExtractor   : extracted value ([id1_6_0_] : [BIGINT]) - [39]
2021-03-10 22:37:37.418 TRACE 20712 --- [    Test worker] o.h.type.descriptor.sql.BasicExtractor   : extracted value ([id1_6_1_] : [BIGINT]) - [46]
2021-03-10 22:37:37.418 TRACE 20712 --- [    Test worker] o.h.type.descriptor.sql.BasicExtractor   : extracted value ([id1_6_2_] : [BIGINT]) - [null]
2021-03-10 22:37:37.418 TRACE 20712 --- [    Test worker] o.h.type.descriptor.sql.BasicExtractor   : extracted value ([first_na2_6_1_] : [VARCHAR]) - [database]
2021-03-10 22:37:37.418 TRACE 20712 --- [    Test worker] o.h.type.descriptor.sql.BasicExtractor   : extracted value ([parent_i5_6_1_] : [BIGINT]) - [39]
2021-03-10 22:37:37.418 TRACE 20712 --- [    Test worker] o.h.type.descriptor.sql.BasicExtractor   : extracted value ([second_n3_6_1_] : [VARCHAR]) - [데이터베이스]
2021-03-10 22:37:37.418 TRACE 20712 --- [    Test worker] o.h.type.descriptor.sql.BasicExtractor   : extracted value ([third_na4_6_1_] : [VARCHAR]) - [null]
2021-03-10 22:37:37.418 TRACE 20712 --- [    Test worker] o.h.type.descriptor.sql.BasicExtractor   : extracted value ([parent_i5_6_0__] : [BIGINT]) - [39]
2021-03-10 22:37:37.418 TRACE 20712 --- [    Test worker] o.h.type.descriptor.sql.BasicExtractor   : extracted value ([id1_6_0__] : [BIGINT]) - [46]
2021-03-10 22:37:37.418 TRACE 20712 --- [    Test worker] o.h.type.descriptor.sql.BasicExtractor   : extracted value ([id1_6_0_] : [BIGINT]) - [39]
2021-03-10 22:37:37.418 TRACE 20712 --- [    Test worker] o.h.type.descriptor.sql.BasicExtractor   : extracted value ([id1_6_1_] : [BIGINT]) - [47]
2021-03-10 22:37:37.418 TRACE 20712 --- [    Test worker] o.h.type.descriptor.sql.BasicExtractor   : extracted value ([id1_6_2_] : [BIGINT]) - [null]
2021-03-10 22:37:37.418 TRACE 20712 --- [    Test worker] o.h.type.descriptor.sql.BasicExtractor   : extracted value ([first_na2_6_1_] : [VARCHAR]) - [network]
2021-03-10 22:37:37.418 TRACE 20712 --- [    Test worker] o.h.type.descriptor.sql.BasicExtractor   : extracted value ([parent_i5_6_1_] : [BIGINT]) - [39]
2021-03-10 22:37:37.418 TRACE 20712 --- [    Test worker] o.h.type.descriptor.sql.BasicExtractor   : extracted value ([second_n3_6_1_] : [VARCHAR]) - [네트워크]
2021-03-10 22:37:37.418 TRACE 20712 --- [    Test worker] o.h.type.descriptor.sql.BasicExtractor   : extracted value ([third_na4_6_1_] : [VARCHAR]) - [null]
2021-03-10 22:37:37.418 TRACE 20712 --- [    Test worker] o.h.type.descriptor.sql.BasicExtractor   : extracted value ([parent_i5_6_0__] : [BIGINT]) - [39]
2021-03-10 22:37:37.418 TRACE 20712 --- [    Test worker] o.h.type.descriptor.sql.BasicExtractor   : extracted value ([id1_6_0__] : [BIGINT]) - [47]
2021-03-10 22:37:37.418 TRACE 20712 --- [    Test worker] o.h.type.descriptor.sql.BasicExtractor   : extracted value ([id1_6_0_] : [BIGINT]) - [39]
2021-03-10 22:37:37.418 TRACE 20712 --- [    Test worker] o.h.type.descriptor.sql.BasicExtractor   : extracted value ([id1_6_1_] : [BIGINT]) - [48]
2021-03-10 22:37:37.418 TRACE 20712 --- [    Test worker] o.h.type.descriptor.sql.BasicExtractor   : extracted value ([id1_6_2_] : [BIGINT]) - [null]
2021-03-10 22:37:37.418 TRACE 20712 --- [    Test worker] o.h.type.descriptor.sql.BasicExtractor   : extracted value ([first_na2_6_1_] : [VARCHAR]) - [os]
2021-03-10 22:37:37.418 TRACE 20712 --- [    Test worker] o.h.type.descriptor.sql.BasicExtractor   : extracted value ([parent_i5_6_1_] : [BIGINT]) - [39]
2021-03-10 22:37:37.418 TRACE 20712 --- [    Test worker] o.h.type.descriptor.sql.BasicExtractor   : extracted value ([second_n3_6_1_] : [VARCHAR]) - [운영체제]
2021-03-10 22:37:37.418 TRACE 20712 --- [    Test worker] o.h.type.descriptor.sql.BasicExtractor   : extracted value ([third_na4_6_1_] : [VARCHAR]) - [null]
2021-03-10 22:37:37.418 TRACE 20712 --- [    Test worker] o.h.type.descriptor.sql.BasicExtractor   : extracted value ([parent_i5_6_0__] : [BIGINT]) - [39]
2021-03-10 22:37:37.418 TRACE 20712 --- [    Test worker] o.h.type.descriptor.sql.BasicExtractor   : extracted value ([id1_6_0__] : [BIGINT]) - [48]
2021-03-10 22:37:37.418 TRACE 20712 --- [    Test worker] o.h.type.descriptor.sql.BasicExtractor   : extracted value ([id1_6_0_] : [BIGINT]) - [39]
2021-03-10 22:37:37.418 TRACE 20712 --- [    Test worker] o.h.type.descriptor.sql.BasicExtractor   : extracted value ([id1_6_1_] : [BIGINT]) - [49]
2021-03-10 22:37:37.418 TRACE 20712 --- [    Test worker] o.h.type.descriptor.sql.BasicExtractor   : extracted value ([id1_6_2_] : [BIGINT]) - [null]
2021-03-10 22:37:37.418 TRACE 20712 --- [    Test worker] o.h.type.descriptor.sql.BasicExtractor   : extracted value ([first_na2_6_1_] : [VARCHAR]) - [linux]
2021-03-10 22:37:37.418 TRACE 20712 --- [    Test worker] o.h.type.descriptor.sql.BasicExtractor   : extracted value ([parent_i5_6_1_] : [BIGINT]) - [39]
2021-03-10 22:37:37.418 TRACE 20712 --- [    Test worker] o.h.type.descriptor.sql.BasicExtractor   : extracted value ([second_n3_6_1_] : [VARCHAR]) - [리눅스]
2021-03-10 22:37:37.418 TRACE 20712 --- [    Test worker] o.h.type.descriptor.sql.BasicExtractor   : extracted value ([third_na4_6_1_] : [VARCHAR]) - [null]
2021-03-10 22:37:37.418 TRACE 20712 --- [    Test worker] o.h.type.descriptor.sql.BasicExtractor   : extracted value ([parent_i5_6_0__] : [BIGINT]) - [39]
2021-03-10 22:37:37.418 TRACE 20712 --- [    Test worker] o.h.type.descriptor.sql.BasicExtractor   : extracted value ([id1_6_0__] : [BIGINT]) - [49]
2021-03-10 22:37:37.418 TRACE 20712 --- [    Test worker] o.h.type.descriptor.sql.BasicExtractor   : extracted value ([id1_6_0_] : [BIGINT]) - [39]
2021-03-10 22:37:37.418 TRACE 20712 --- [    Test worker] o.h.type.descriptor.sql.BasicExtractor   : extracted value ([id1_6_1_] : [BIGINT]) - [50]
2021-03-10 22:37:37.418 TRACE 20712 --- [    Test worker] o.h.type.descriptor.sql.BasicExtractor   : extracted value ([id1_6_2_] : [BIGINT]) - [null]
2021-03-10 22:37:37.418 TRACE 20712 --- [    Test worker] o.h.type.descriptor.sql.BasicExtractor   : extracted value ([first_na2_6_1_] : [VARCHAR]) - [android]
2021-03-10 22:37:37.418 TRACE 20712 --- [    Test worker] o.h.type.descriptor.sql.BasicExtractor   : extracted value ([parent_i5_6_1_] : [BIGINT]) - [39]
2021-03-10 22:37:37.418 TRACE 20712 --- [    Test worker] o.h.type.descriptor.sql.BasicExtractor   : extracted value ([second_n3_6_1_] : [VARCHAR]) - [안드로이드]
2021-03-10 22:37:37.418 TRACE 20712 --- [    Test worker] o.h.type.descriptor.sql.BasicExtractor   : extracted value ([third_na4_6_1_] : [VARCHAR]) - [null]
2021-03-10 22:37:37.418 TRACE 20712 --- [    Test worker] o.h.type.descriptor.sql.BasicExtractor   : extracted value ([parent_i5_6_0__] : [BIGINT]) - [39]
2021-03-10 22:37:37.418 TRACE 20712 --- [    Test worker] o.h.type.descriptor.sql.BasicExtractor   : extracted value ([id1_6_0__] : [BIGINT]) - [50]
2021-03-10 22:37:37.418 TRACE 20712 --- [    Test worker] o.h.type.descriptor.sql.BasicExtractor   : extracted value ([id1_6_0_] : [BIGINT]) - [39]
2021-03-10 22:37:37.418 TRACE 20712 --- [    Test worker] o.h.type.descriptor.sql.BasicExtractor   : extracted value ([id1_6_1_] : [BIGINT]) - [51]
2021-03-10 22:37:37.418 TRACE 20712 --- [    Test worker] o.h.type.descriptor.sql.BasicExtractor   : extracted value ([id1_6_2_] : [BIGINT]) - [null]
2021-03-10 22:37:37.418 TRACE 20712 --- [    Test worker] o.h.type.descriptor.sql.BasicExtractor   : extracted value ([first_na2_6_1_] : [VARCHAR]) - [ios]
2021-03-10 22:37:37.418 TRACE 20712 --- [    Test worker] o.h.type.descriptor.sql.BasicExtractor   : extracted value ([parent_i5_6_1_] : [BIGINT]) - [39]
2021-03-10 22:37:37.418 TRACE 20712 --- [    Test worker] o.h.type.descriptor.sql.BasicExtractor   : extracted value ([second_n3_6_1_] : [VARCHAR]) - [mac-os]
2021-03-10 22:37:37.418 TRACE 20712 --- [    Test worker] o.h.type.descriptor.sql.BasicExtractor   : extracted value ([third_na4_6_1_] : [VARCHAR]) - [맥os]
2021-03-10 22:37:37.418 TRACE 20712 --- [    Test worker] o.h.type.descriptor.sql.BasicExtractor   : extracted value ([parent_i5_6_0__] : [BIGINT]) - [39]
2021-03-10 22:37:37.418 TRACE 20712 --- [    Test worker] o.h.type.descriptor.sql.BasicExtractor   : extracted value ([id1_6_0__] : [BIGINT]) - [51]
2021-03-10 22:37:37.418 TRACE 20712 --- [    Test worker] o.h.type.descriptor.sql.BasicExtractor   : extracted value ([id1_6_0_] : [BIGINT]) - [39]
2021-03-10 22:37:37.418 TRACE 20712 --- [    Test worker] o.h.type.descriptor.sql.BasicExtractor   : extracted value ([id1_6_1_] : [BIGINT]) - [52]
2021-03-10 22:37:37.418 TRACE 20712 --- [    Test worker] o.h.type.descriptor.sql.BasicExtractor   : extracted value ([id1_6_2_] : [BIGINT]) - [null]
2021-03-10 22:37:37.418 TRACE 20712 --- [    Test worker] o.h.type.descriptor.sql.BasicExtractor   : extracted value ([first_na2_6_1_] : [VARCHAR]) - [data-science]
2021-03-10 22:37:37.418 TRACE 20712 --- [    Test worker] o.h.type.descriptor.sql.BasicExtractor   : extracted value ([parent_i5_6_1_] : [BIGINT]) - [39]
2021-03-10 22:37:37.418 TRACE 20712 --- [    Test worker] o.h.type.descriptor.sql.BasicExtractor   : extracted value ([second_n3_6_1_] : [VARCHAR]) - [데이터사이언스]
2021-03-10 22:37:37.418 TRACE 20712 --- [    Test worker] o.h.type.descriptor.sql.BasicExtractor   : extracted value ([third_na4_6_1_] : [VARCHAR]) - [DS]
2021-03-10 22:37:37.418 TRACE 20712 --- [    Test worker] o.h.type.descriptor.sql.BasicExtractor   : extracted value ([parent_i5_6_0__] : [BIGINT]) - [39]
2021-03-10 22:37:37.418 TRACE 20712 --- [    Test worker] o.h.type.descriptor.sql.BasicExtractor   : extracted value ([id1_6_0__] : [BIGINT]) - [52]
2021-03-10 22:37:37.418 TRACE 20712 --- [    Test worker] o.h.type.descriptor.sql.BasicExtractor   : extracted value ([id1_6_0_] : [BIGINT]) - [39]
2021-03-10 22:37:37.418 TRACE 20712 --- [    Test worker] o.h.type.descriptor.sql.BasicExtractor   : extracted value ([id1_6_1_] : [BIGINT]) - [53]
2021-03-10 22:37:37.418 TRACE 20712 --- [    Test worker] o.h.type.descriptor.sql.BasicExtractor   : extracted value ([id1_6_2_] : [BIGINT]) - [null]
2021-03-10 22:37:37.418 TRACE 20712 --- [    Test worker] o.h.type.descriptor.sql.BasicExtractor   : extracted value ([first_na2_6_1_] : [VARCHAR]) - [AI]
2021-03-10 22:37:37.418 TRACE 20712 --- [    Test worker] o.h.type.descriptor.sql.BasicExtractor   : extracted value ([parent_i5_6_1_] : [BIGINT]) - [39]
2021-03-10 22:37:37.418 TRACE 20712 --- [    Test worker] o.h.type.descriptor.sql.BasicExtractor   : extracted value ([second_n3_6_1_] : [VARCHAR]) - [인공지능]
2021-03-10 22:37:37.418 TRACE 20712 --- [    Test worker] o.h.type.descriptor.sql.BasicExtractor   : extracted value ([third_na4_6_1_] : [VARCHAR]) - [null]
2021-03-10 22:37:37.418 TRACE 20712 --- [    Test worker] o.h.type.descriptor.sql.BasicExtractor   : extracted value ([parent_i5_6_0__] : [BIGINT]) - [39]
2021-03-10 22:37:37.418 TRACE 20712 --- [    Test worker] o.h.type.descriptor.sql.BasicExtractor   : extracted value ([id1_6_0__] : [BIGINT]) - [53]
2021-03-10 22:37:37.418 TRACE 20712 --- [    Test worker] o.h.type.descriptor.sql.BasicExtractor   : extracted value ([id1_6_0_] : [BIGINT]) - [39]
2021-03-10 22:37:37.418 TRACE 20712 --- [    Test worker] o.h.type.descriptor.sql.BasicExtractor   : extracted value ([id1_6_1_] : [BIGINT]) - [54]
2021-03-10 22:37:37.418 TRACE 20712 --- [    Test worker] o.h.type.descriptor.sql.BasicExtractor   : extracted value ([id1_6_2_] : [BIGINT]) - [null]
2021-03-10 22:37:37.418 TRACE 20712 --- [    Test worker] o.h.type.descriptor.sql.BasicExtractor   : extracted value ([first_na2_6_1_] : [VARCHAR]) - [TDD]
2021-03-10 22:37:37.418 TRACE 20712 --- [    Test worker] o.h.type.descriptor.sql.BasicExtractor   : extracted value ([parent_i5_6_1_] : [BIGINT]) - [39]
2021-03-10 22:37:37.418 TRACE 20712 --- [    Test worker] o.h.type.descriptor.sql.BasicExtractor   : extracted value ([second_n3_6_1_] : [VARCHAR]) - [테스트 주도 개발]
2021-03-10 22:37:37.418 TRACE 20712 --- [    Test worker] o.h.type.descriptor.sql.BasicExtractor   : extracted value ([third_na4_6_1_] : [VARCHAR]) - [null]
2021-03-10 22:37:37.418 TRACE 20712 --- [    Test worker] o.h.type.descriptor.sql.BasicExtractor   : extracted value ([parent_i5_6_0__] : [BIGINT]) - [39]
2021-03-10 22:37:37.418 TRACE 20712 --- [    Test worker] o.h.type.descriptor.sql.BasicExtractor   : extracted value ([id1_6_0__] : [BIGINT]) - [54]
2021-03-10 22:37:37.418 TRACE 20712 --- [    Test worker] o.h.type.descriptor.sql.BasicExtractor   : extracted value ([id1_6_0_] : [BIGINT]) - [39]
2021-03-10 22:37:37.418 TRACE 20712 --- [    Test worker] o.h.type.descriptor.sql.BasicExtractor   : extracted value ([id1_6_1_] : [BIGINT]) - [55]
2021-03-10 22:37:37.418 TRACE 20712 --- [    Test worker] o.h.type.descriptor.sql.BasicExtractor   : extracted value ([id1_6_2_] : [BIGINT]) - [null]
2021-03-10 22:37:37.418 TRACE 20712 --- [    Test worker] o.h.type.descriptor.sql.BasicExtractor   : extracted value ([first_na2_6_1_] : [VARCHAR]) - [Design-Pattern]
2021-03-10 22:37:37.418 TRACE 20712 --- [    Test worker] o.h.type.descriptor.sql.BasicExtractor   : extracted value ([parent_i5_6_1_] : [BIGINT]) - [39]
2021-03-10 22:37:37.418 TRACE 20712 --- [    Test worker] o.h.type.descriptor.sql.BasicExtractor   : extracted value ([second_n3_6_1_] : [VARCHAR]) - [디자인 패턴]
2021-03-10 22:37:37.418 TRACE 20712 --- [    Test worker] o.h.type.descriptor.sql.BasicExtractor   : extracted value ([third_na4_6_1_] : [VARCHAR]) - [null]
2021-03-10 22:37:37.418 TRACE 20712 --- [    Test worker] o.h.type.descriptor.sql.BasicExtractor   : extracted value ([parent_i5_6_0__] : [BIGINT]) - [39]
2021-03-10 22:37:37.418 TRACE 20712 --- [    Test worker] o.h.type.descriptor.sql.BasicExtractor   : extracted value ([id1_6_0__] : [BIGINT]) - [55]
2021-03-10 22:37:37.418 TRACE 20712 --- [    Test worker] o.h.type.descriptor.sql.BasicExtractor   : extracted value ([id1_6_0_] : [BIGINT]) - [39]
2021-03-10 22:37:37.418 TRACE 20712 --- [    Test worker] o.h.type.descriptor.sql.BasicExtractor   : extracted value ([id1_6_1_] : [BIGINT]) - [56]
2021-03-10 22:37:37.418 TRACE 20712 --- [    Test worker] o.h.type.descriptor.sql.BasicExtractor   : extracted value ([id1_6_2_] : [BIGINT]) - [null]
2021-03-10 22:37:37.418 TRACE 20712 --- [    Test worker] o.h.type.descriptor.sql.BasicExtractor   : extracted value ([first_na2_6_1_] : [VARCHAR]) - [microservice]
2021-03-10 22:37:37.418 TRACE 20712 --- [    Test worker] o.h.type.descriptor.sql.BasicExtractor   : extracted value ([parent_i5_6_1_] : [BIGINT]) - [39]
2021-03-10 22:37:37.418 TRACE 20712 --- [    Test worker] o.h.type.descriptor.sql.BasicExtractor   : extracted value ([second_n3_6_1_] : [VARCHAR]) - [마이크로서비스]
2021-03-10 22:37:37.418 TRACE 20712 --- [    Test worker] o.h.type.descriptor.sql.BasicExtractor   : extracted value ([third_na4_6_1_] : [VARCHAR]) - [null]
2021-03-10 22:37:37.418 TRACE 20712 --- [    Test worker] o.h.type.descriptor.sql.BasicExtractor   : extracted value ([parent_i5_6_0__] : [BIGINT]) - [39]
2021-03-10 22:37:37.418 TRACE 20712 --- [    Test worker] o.h.type.descriptor.sql.BasicExtractor   : extracted value ([id1_6_0__] : [BIGINT]) - [56]
2021-03-10 22:37:37.418 TRACE 20712 --- [    Test worker] o.h.type.descriptor.sql.BasicExtractor   : extracted value ([id1_6_0_] : [BIGINT]) - [39]
2021-03-10 22:37:37.418 TRACE 20712 --- [    Test worker] o.h.type.descriptor.sql.BasicExtractor   : extracted value ([id1_6_1_] : [BIGINT]) - [57]
2021-03-10 22:37:37.418 TRACE 20712 --- [    Test worker] o.h.type.descriptor.sql.BasicExtractor   : extracted value ([id1_6_2_] : [BIGINT]) - [null]
2021-03-10 22:37:37.418 TRACE 20712 --- [    Test worker] o.h.type.descriptor.sql.BasicExtractor   : extracted value ([first_na2_6_1_] : [VARCHAR]) - [AWS]
2021-03-10 22:37:37.418 TRACE 20712 --- [    Test worker] o.h.type.descriptor.sql.BasicExtractor   : extracted value ([parent_i5_6_1_] : [BIGINT]) - [39]
2021-03-10 22:37:37.418 TRACE 20712 --- [    Test worker] o.h.type.descriptor.sql.BasicExtractor   : extracted value ([second_n3_6_1_] : [VARCHAR]) - [아마존웹서비스]
2021-03-10 22:37:37.418 TRACE 20712 --- [    Test worker] o.h.type.descriptor.sql.BasicExtractor   : extracted value ([third_na4_6_1_] : [VARCHAR]) - [null]
2021-03-10 22:37:37.418 TRACE 20712 --- [    Test worker] o.h.type.descriptor.sql.BasicExtractor   : extracted value ([parent_i5_6_0__] : [BIGINT]) - [39]
2021-03-10 22:37:37.418 TRACE 20712 --- [    Test worker] o.h.type.descriptor.sql.BasicExtractor   : extracted value ([id1_6_0__] : [BIGINT]) - [57]
2021-03-10 22:37:37.418 TRACE 20712 --- [    Test worker] o.h.type.descriptor.sql.BasicExtractor   : extracted value ([id1_6_0_] : [BIGINT]) - [39]
2021-03-10 22:37:37.418 TRACE 20712 --- [    Test worker] o.h.type.descriptor.sql.BasicExtractor   : extracted value ([id1_6_1_] : [BIGINT]) - [58]
2021-03-10 22:37:37.418 TRACE 20712 --- [    Test worker] o.h.type.descriptor.sql.BasicExtractor   : extracted value ([id1_6_2_] : [BIGINT]) - [null]
2021-03-10 22:37:37.418 TRACE 20712 --- [    Test worker] o.h.type.descriptor.sql.BasicExtractor   : extracted value ([first_na2_6_1_] : [VARCHAR]) - [cloud]
2021-03-10 22:37:37.418 TRACE 20712 --- [    Test worker] o.h.type.descriptor.sql.BasicExtractor   : extracted value ([parent_i5_6_1_] : [BIGINT]) - [39]
2021-03-10 22:37:37.418 TRACE 20712 --- [    Test worker] o.h.type.descriptor.sql.BasicExtractor   : extracted value ([second_n3_6_1_] : [VARCHAR]) - [클라우드]
2021-03-10 22:37:37.418 TRACE 20712 --- [    Test worker] o.h.type.descriptor.sql.BasicExtractor   : extracted value ([third_na4_6_1_] : [VARCHAR]) - [null]
2021-03-10 22:37:37.418 TRACE 20712 --- [    Test worker] o.h.type.descriptor.sql.BasicExtractor   : extracted value ([parent_i5_6_0__] : [BIGINT]) - [39]
2021-03-10 22:37:37.418 TRACE 20712 --- [    Test worker] o.h.type.descriptor.sql.BasicExtractor   : extracted value ([id1_6_0__] : [BIGINT]) - [58]
2021-03-10 22:37:37.418 TRACE 20712 --- [    Test worker] o.h.type.descriptor.sql.BasicExtractor   : extracted value ([id1_6_0_] : [BIGINT]) - [39]
2021-03-10 22:37:37.418 TRACE 20712 --- [    Test worker] o.h.type.descriptor.sql.BasicExtractor   : extracted value ([id1_6_1_] : [BIGINT]) - [59]
2021-03-10 22:37:37.418 TRACE 20712 --- [    Test worker] o.h.type.descriptor.sql.BasicExtractor   : extracted value ([id1_6_2_] : [BIGINT]) - [null]
2021-03-10 22:37:37.418 TRACE 20712 --- [    Test worker] o.h.type.descriptor.sql.BasicExtractor   : extracted value ([first_na2_6_1_] : [VARCHAR]) - [git]
2021-03-10 22:37:37.418 TRACE 20712 --- [    Test worker] o.h.type.descriptor.sql.BasicExtractor   : extracted value ([parent_i5_6_1_] : [BIGINT]) - [39]
2021-03-10 22:37:37.418 TRACE 20712 --- [    Test worker] o.h.type.descriptor.sql.BasicExtractor   : extracted value ([second_n3_6_1_] : [VARCHAR]) - [깃]
2021-03-10 22:37:37.418 TRACE 20712 --- [    Test worker] o.h.type.descriptor.sql.BasicExtractor   : extracted value ([third_na4_6_1_] : [VARCHAR]) - [github]
2021-03-10 22:37:37.418 TRACE 20712 --- [    Test worker] o.h.type.descriptor.sql.BasicExtractor   : extracted value ([parent_i5_6_0__] : [BIGINT]) - [39]
2021-03-10 22:37:37.418 TRACE 20712 --- [    Test worker] o.h.type.descriptor.sql.BasicExtractor   : extracted value ([id1_6_0__] : [BIGINT]) - [59]
2021-03-10 22:37:37.418 TRACE 20712 --- [    Test worker] o.h.type.descriptor.sql.BasicExtractor   : extracted value ([id1_6_0_] : [BIGINT]) - [39]
2021-03-10 22:37:37.418 TRACE 20712 --- [    Test worker] o.h.type.descriptor.sql.BasicExtractor   : extracted value ([id1_6_1_] : [BIGINT]) - [60]
2021-03-10 22:37:37.418 TRACE 20712 --- [    Test worker] o.h.type.descriptor.sql.BasicExtractor   : extracted value ([id1_6_2_] : [BIGINT]) - [null]
2021-03-10 22:37:37.418 TRACE 20712 --- [    Test worker] o.h.type.descriptor.sql.BasicExtractor   : extracted value ([first_na2_6_1_] : [VARCHAR]) - [google]
2021-03-10 22:37:37.418 TRACE 20712 --- [    Test worker] o.h.type.descriptor.sql.BasicExtractor   : extracted value ([parent_i5_6_1_] : [BIGINT]) - [39]
2021-03-10 22:37:37.418 TRACE 20712 --- [    Test worker] o.h.type.descriptor.sql.BasicExtractor   : extracted value ([second_n3_6_1_] : [VARCHAR]) - [구글]
2021-03-10 22:37:37.418 TRACE 20712 --- [    Test worker] o.h.type.descriptor.sql.BasicExtractor   : extracted value ([third_na4_6_1_] : [VARCHAR]) - [null]
2021-03-10 22:37:37.418 TRACE 20712 --- [    Test worker] o.h.type.descriptor.sql.BasicExtractor   : extracted value ([parent_i5_6_0__] : [BIGINT]) - [39]
2021-03-10 22:37:37.418 TRACE 20712 --- [    Test worker] o.h.type.descriptor.sql.BasicExtractor   : extracted value ([id1_6_0__] : [BIGINT]) - [60]
2021-03-10 22:37:37.418 TRACE 20712 --- [    Test worker] o.h.type.descriptor.sql.BasicExtractor   : extracted value ([id1_6_0_] : [BIGINT]) - [40]
2021-03-10 22:37:37.418 TRACE 20712 --- [    Test worker] o.h.type.descriptor.sql.BasicExtractor   : extracted value ([id1_6_1_] : [BIGINT]) - [null]
2021-03-10 22:37:37.418 TRACE 20712 --- [    Test worker] o.h.type.descriptor.sql.BasicExtractor   : extracted value ([id1_6_2_] : [BIGINT]) - [39]
2021-03-10 22:37:37.418 TRACE 20712 --- [    Test worker] o.h.type.descriptor.sql.BasicExtractor   : extracted value ([parent_i5_6_0__] : [BIGINT]) - [null]
2021-03-10 22:37:37.418 TRACE 20712 --- [    Test worker] o.h.type.descriptor.sql.BasicExtractor   : extracted value ([id1_6_0_] : [BIGINT]) - [41]
2021-03-10 22:37:37.418 TRACE 20712 --- [    Test worker] o.h.type.descriptor.sql.BasicExtractor   : extracted value ([id1_6_1_] : [BIGINT]) - [null]
2021-03-10 22:37:37.418 TRACE 20712 --- [    Test worker] o.h.type.descriptor.sql.BasicExtractor   : extracted value ([id1_6_2_] : [BIGINT]) - [39]
2021-03-10 22:37:37.418 TRACE 20712 --- [    Test worker] o.h.type.descriptor.sql.BasicExtractor   : extracted value ([parent_i5_6_0__] : [BIGINT]) - [null]
2021-03-10 22:37:37.418 TRACE 20712 --- [    Test worker] o.h.type.descriptor.sql.BasicExtractor   : extracted value ([id1_6_0_] : [BIGINT]) - [42]
2021-03-10 22:37:37.418 TRACE 20712 --- [    Test worker] o.h.type.descriptor.sql.BasicExtractor   : extracted value ([id1_6_1_] : [BIGINT]) - [null]
2021-03-10 22:37:37.418 TRACE 20712 --- [    Test worker] o.h.type.descriptor.sql.BasicExtractor   : extracted value ([id1_6_2_] : [BIGINT]) - [39]
2021-03-10 22:37:37.418 TRACE 20712 --- [    Test worker] o.h.type.descriptor.sql.BasicExtractor   : extracted value ([parent_i5_6_0__] : [BIGINT]) - [null]
2021-03-10 22:37:37.418 TRACE 20712 --- [    Test worker] o.h.type.descriptor.sql.BasicExtractor   : extracted value ([id1_6_0_] : [BIGINT]) - [43]
2021-03-10 22:37:37.418 TRACE 20712 --- [    Test worker] o.h.type.descriptor.sql.BasicExtractor   : extracted value ([id1_6_1_] : [BIGINT]) - [null]
2021-03-10 22:37:37.418 TRACE 20712 --- [    Test worker] o.h.type.descriptor.sql.BasicExtractor   : extracted value ([id1_6_2_] : [BIGINT]) - [39]
2021-03-10 22:37:37.418 TRACE 20712 --- [    Test worker] o.h.type.descriptor.sql.BasicExtractor   : extracted value ([parent_i5_6_0__] : [BIGINT]) - [null]
2021-03-10 22:37:37.418 TRACE 20712 --- [    Test worker] o.h.type.descriptor.sql.BasicExtractor   : extracted value ([id1_6_0_] : [BIGINT]) - [44]
2021-03-10 22:37:37.418 TRACE 20712 --- [    Test worker] o.h.type.descriptor.sql.BasicExtractor   : extracted value ([id1_6_1_] : [BIGINT]) - [null]
2021-03-10 22:37:37.418 TRACE 20712 --- [    Test worker] o.h.type.descriptor.sql.BasicExtractor   : extracted value ([id1_6_2_] : [BIGINT]) - [39]
2021-03-10 22:37:37.418 TRACE 20712 --- [    Test worker] o.h.type.descriptor.sql.BasicExtractor   : extracted value ([parent_i5_6_0__] : [BIGINT]) - [null]
2021-03-10 22:37:37.418 TRACE 20712 --- [    Test worker] o.h.type.descriptor.sql.BasicExtractor   : extracted value ([id1_6_0_] : [BIGINT]) - [45]
2021-03-10 22:37:37.418 TRACE 20712 --- [    Test worker] o.h.type.descriptor.sql.BasicExtractor   : extracted value ([id1_6_1_] : [BIGINT]) - [null]
2021-03-10 22:37:37.418 TRACE 20712 --- [    Test worker] o.h.type.descriptor.sql.BasicExtractor   : extracted value ([id1_6_2_] : [BIGINT]) - [39]
2021-03-10 22:37:37.418 TRACE 20712 --- [    Test worker] o.h.type.descriptor.sql.BasicExtractor   : extracted value ([parent_i5_6_0__] : [BIGINT]) - [null]
2021-03-10 22:37:37.418 TRACE 20712 --- [    Test worker] o.h.type.descriptor.sql.BasicExtractor   : extracted value ([id1_6_0_] : [BIGINT]) - [46]
2021-03-10 22:37:37.418 TRACE 20712 --- [    Test worker] o.h.type.descriptor.sql.BasicExtractor   : extracted value ([id1_6_1_] : [BIGINT]) - [null]
2021-03-10 22:37:37.418 TRACE 20712 --- [    Test worker] o.h.type.descriptor.sql.BasicExtractor   : extracted value ([id1_6_2_] : [BIGINT]) - [39]
2021-03-10 22:37:37.418 TRACE 20712 --- [    Test worker] o.h.type.descriptor.sql.BasicExtractor   : extracted value ([parent_i5_6_0__] : [BIGINT]) - [null]
2021-03-10 22:37:37.418 TRACE 20712 --- [    Test worker] o.h.type.descriptor.sql.BasicExtractor   : extracted value ([id1_6_0_] : [BIGINT]) - [47]
2021-03-10 22:37:37.418 TRACE 20712 --- [    Test worker] o.h.type.descriptor.sql.BasicExtractor   : extracted value ([id1_6_1_] : [BIGINT]) - [null]
2021-03-10 22:37:37.418 TRACE 20712 --- [    Test worker] o.h.type.descriptor.sql.BasicExtractor   : extracted value ([id1_6_2_] : [BIGINT]) - [39]
2021-03-10 22:37:37.418 TRACE 20712 --- [    Test worker] o.h.type.descriptor.sql.BasicExtractor   : extracted value ([parent_i5_6_0__] : [BIGINT]) - [null]
2021-03-10 22:37:37.418 TRACE 20712 --- [    Test worker] o.h.type.descriptor.sql.BasicExtractor   : extracted value ([id1_6_0_] : [BIGINT]) - [48]
2021-03-10 22:37:37.418 TRACE 20712 --- [    Test worker] o.h.type.descriptor.sql.BasicExtractor   : extracted value ([id1_6_1_] : [BIGINT]) - [null]
2021-03-10 22:37:37.418 TRACE 20712 --- [    Test worker] o.h.type.descriptor.sql.BasicExtractor   : extracted value ([id1_6_2_] : [BIGINT]) - [39]
2021-03-10 22:37:37.418 TRACE 20712 --- [    Test worker] o.h.type.descriptor.sql.BasicExtractor   : extracted value ([parent_i5_6_0__] : [BIGINT]) - [null]
2021-03-10 22:37:37.418 TRACE 20712 --- [    Test worker] o.h.type.descriptor.sql.BasicExtractor   : extracted value ([id1_6_0_] : [BIGINT]) - [49]
2021-03-10 22:37:37.418 TRACE 20712 --- [    Test worker] o.h.type.descriptor.sql.BasicExtractor   : extracted value ([id1_6_1_] : [BIGINT]) - [null]
2021-03-10 22:37:37.418 TRACE 20712 --- [    Test worker] o.h.type.descriptor.sql.BasicExtractor   : extracted value ([id1_6_2_] : [BIGINT]) - [39]
2021-03-10 22:37:37.418 TRACE 20712 --- [    Test worker] o.h.type.descriptor.sql.BasicExtractor   : extracted value ([parent_i5_6_0__] : [BIGINT]) - [null]
2021-03-10 22:37:37.418 TRACE 20712 --- [    Test worker] o.h.type.descriptor.sql.BasicExtractor   : extracted value ([id1_6_0_] : [BIGINT]) - [50]
2021-03-10 22:37:37.418 TRACE 20712 --- [    Test worker] o.h.type.descriptor.sql.BasicExtractor   : extracted value ([id1_6_1_] : [BIGINT]) - [null]
2021-03-10 22:37:37.418 TRACE 20712 --- [    Test worker] o.h.type.descriptor.sql.BasicExtractor   : extracted value ([id1_6_2_] : [BIGINT]) - [39]
2021-03-10 22:37:37.418 TRACE 20712 --- [    Test worker] o.h.type.descriptor.sql.BasicExtractor   : extracted value ([parent_i5_6_0__] : [BIGINT]) - [null]
2021-03-10 22:37:37.418 TRACE 20712 --- [    Test worker] o.h.type.descriptor.sql.BasicExtractor   : extracted value ([id1_6_0_] : [BIGINT]) - [51]
2021-03-10 22:37:37.418 TRACE 20712 --- [    Test worker] o.h.type.descriptor.sql.BasicExtractor   : extracted value ([id1_6_1_] : [BIGINT]) - [null]
2021-03-10 22:37:37.418 TRACE 20712 --- [    Test worker] o.h.type.descriptor.sql.BasicExtractor   : extracted value ([id1_6_2_] : [BIGINT]) - [39]
2021-03-10 22:37:37.418 TRACE 20712 --- [    Test worker] o.h.type.descriptor.sql.BasicExtractor   : extracted value ([parent_i5_6_0__] : [BIGINT]) - [null]
2021-03-10 22:37:37.418 TRACE 20712 --- [    Test worker] o.h.type.descriptor.sql.BasicExtractor   : extracted value ([id1_6_0_] : [BIGINT]) - [52]
2021-03-10 22:37:37.418 TRACE 20712 --- [    Test worker] o.h.type.descriptor.sql.BasicExtractor   : extracted value ([id1_6_1_] : [BIGINT]) - [null]
2021-03-10 22:37:37.418 TRACE 20712 --- [    Test worker] o.h.type.descriptor.sql.BasicExtractor   : extracted value ([id1_6_2_] : [BIGINT]) - [39]
2021-03-10 22:37:37.418 TRACE 20712 --- [    Test worker] o.h.type.descriptor.sql.BasicExtractor   : extracted value ([parent_i5_6_0__] : [BIGINT]) - [null]
2021-03-10 22:37:37.418 TRACE 20712 --- [    Test worker] o.h.type.descriptor.sql.BasicExtractor   : extracted value ([id1_6_0_] : [BIGINT]) - [53]
2021-03-10 22:37:37.418 TRACE 20712 --- [    Test worker] o.h.type.descriptor.sql.BasicExtractor   : extracted value ([id1_6_1_] : [BIGINT]) - [null]
2021-03-10 22:37:37.418 TRACE 20712 --- [    Test worker] o.h.type.descriptor.sql.BasicExtractor   : extracted value ([id1_6_2_] : [BIGINT]) - [39]
2021-03-10 22:37:37.418 TRACE 20712 --- [    Test worker] o.h.type.descriptor.sql.BasicExtractor   : extracted value ([parent_i5_6_0__] : [BIGINT]) - [null]
2021-03-10 22:37:37.418 TRACE 20712 --- [    Test worker] o.h.type.descriptor.sql.BasicExtractor   : extracted value ([id1_6_0_] : [BIGINT]) - [54]
2021-03-10 22:37:37.418 TRACE 20712 --- [    Test worker] o.h.type.descriptor.sql.BasicExtractor   : extracted value ([id1_6_1_] : [BIGINT]) - [null]
2021-03-10 22:37:37.418 TRACE 20712 --- [    Test worker] o.h.type.descriptor.sql.BasicExtractor   : extracted value ([id1_6_2_] : [BIGINT]) - [39]
2021-03-10 22:37:37.418 TRACE 20712 --- [    Test worker] o.h.type.descriptor.sql.BasicExtractor   : extracted value ([parent_i5_6_0__] : [BIGINT]) - [null]
2021-03-10 22:37:37.418 TRACE 20712 --- [    Test worker] o.h.type.descriptor.sql.BasicExtractor   : extracted value ([id1_6_0_] : [BIGINT]) - [55]
2021-03-10 22:37:37.418 TRACE 20712 --- [    Test worker] o.h.type.descriptor.sql.BasicExtractor   : extracted value ([id1_6_1_] : [BIGINT]) - [null]
2021-03-10 22:37:37.418 TRACE 20712 --- [    Test worker] o.h.type.descriptor.sql.BasicExtractor   : extracted value ([id1_6_2_] : [BIGINT]) - [39]
2021-03-10 22:37:37.418 TRACE 20712 --- [    Test worker] o.h.type.descriptor.sql.BasicExtractor   : extracted value ([parent_i5_6_0__] : [BIGINT]) - [null]
2021-03-10 22:37:37.418 TRACE 20712 --- [    Test worker] o.h.type.descriptor.sql.BasicExtractor   : extracted value ([id1_6_0_] : [BIGINT]) - [56]
2021-03-10 22:37:37.418 TRACE 20712 --- [    Test worker] o.h.type.descriptor.sql.BasicExtractor   : extracted value ([id1_6_1_] : [BIGINT]) - [null]
2021-03-10 22:37:37.418 TRACE 20712 --- [    Test worker] o.h.type.descriptor.sql.BasicExtractor   : extracted value ([id1_6_2_] : [BIGINT]) - [39]
2021-03-10 22:37:37.418 TRACE 20712 --- [    Test worker] o.h.type.descriptor.sql.BasicExtractor   : extracted value ([parent_i5_6_0__] : [BIGINT]) - [null]
2021-03-10 22:37:37.418 TRACE 20712 --- [    Test worker] o.h.type.descriptor.sql.BasicExtractor   : extracted value ([id1_6_0_] : [BIGINT]) - [57]
2021-03-10 22:37:37.418 TRACE 20712 --- [    Test worker] o.h.type.descriptor.sql.BasicExtractor   : extracted value ([id1_6_1_] : [BIGINT]) - [null]
2021-03-10 22:37:37.418 TRACE 20712 --- [    Test worker] o.h.type.descriptor.sql.BasicExtractor   : extracted value ([id1_6_2_] : [BIGINT]) - [39]
2021-03-10 22:37:37.418 TRACE 20712 --- [    Test worker] o.h.type.descriptor.sql.BasicExtractor   : extracted value ([parent_i5_6_0__] : [BIGINT]) - [null]
2021-03-10 22:37:37.418 TRACE 20712 --- [    Test worker] o.h.type.descriptor.sql.BasicExtractor   : extracted value ([id1_6_0_] : [BIGINT]) - [58]
2021-03-10 22:37:37.418 TRACE 20712 --- [    Test worker] o.h.type.descriptor.sql.BasicExtractor   : extracted value ([id1_6_1_] : [BIGINT]) - [null]
2021-03-10 22:37:37.418 TRACE 20712 --- [    Test worker] o.h.type.descriptor.sql.BasicExtractor   : extracted value ([id1_6_2_] : [BIGINT]) - [39]
2021-03-10 22:37:37.418 TRACE 20712 --- [    Test worker] o.h.type.descriptor.sql.BasicExtractor   : extracted value ([parent_i5_6_0__] : [BIGINT]) - [null]
2021-03-10 22:37:37.418 TRACE 20712 --- [    Test worker] o.h.type.descriptor.sql.BasicExtractor   : extracted value ([id1_6_0_] : [BIGINT]) - [59]
2021-03-10 22:37:37.418 TRACE 20712 --- [    Test worker] o.h.type.descriptor.sql.BasicExtractor   : extracted value ([id1_6_1_] : [BIGINT]) - [null]
2021-03-10 22:37:37.418 TRACE 20712 --- [    Test worker] o.h.type.descriptor.sql.BasicExtractor   : extracted value ([id1_6_2_] : [BIGINT]) - [39]
2021-03-10 22:37:37.418 TRACE 20712 --- [    Test worker] o.h.type.descriptor.sql.BasicExtractor   : extracted value ([parent_i5_6_0__] : [BIGINT]) - [null]
2021-03-10 22:37:37.418 TRACE 20712 --- [    Test worker] o.h.type.descriptor.sql.BasicExtractor   : extracted value ([id1_6_0_] : [BIGINT]) - [60]
2021-03-10 22:37:37.418 TRACE 20712 --- [    Test worker] o.h.type.descriptor.sql.BasicExtractor   : extracted value ([id1_6_1_] : [BIGINT]) - [null]
2021-03-10 22:37:37.418 TRACE 20712 --- [    Test worker] o.h.type.descriptor.sql.BasicExtractor   : extracted value ([id1_6_2_] : [BIGINT]) - [39]
2021-03-10 22:37:37.418 TRACE 20712 --- [    Test worker] o.h.type.descriptor.sql.BasicExtractor   : extracted value ([parent_i5_6_0__] : [BIGINT]) - [null]
Hibernate: 
    select
        zone0_.id as id1_7_,
        zone0_.city as city2_7_,
        zone0_.local_name_of_city as local_na3_7_,
        zone0_.province as province4_7_ 
    from
        zone zone0_
2021-03-10 22:37:37.434 TRACE 20712 --- [    Test worker] o.h.type.descriptor.sql.BasicExtractor   : extracted value ([id1_7_] : [BIGINT]) - [61]
2021-03-10 22:37:37.434 TRACE 20712 --- [    Test worker] o.h.type.descriptor.sql.BasicExtractor   : extracted value ([city2_7_] : [VARCHAR]) - [Andong]
2021-03-10 22:37:37.434 TRACE 20712 --- [    Test worker] o.h.type.descriptor.sql.BasicExtractor   : extracted value ([local_na3_7_] : [VARCHAR]) - [안동시]
2021-03-10 22:37:37.434 TRACE 20712 --- [    Test worker] o.h.type.descriptor.sql.BasicExtractor   : extracted value ([province4_7_] : [VARCHAR]) - [North Gyeongsang]
2021-03-10 22:37:37.434 TRACE 20712 --- [    Test worker] o.h.type.descriptor.sql.BasicExtractor   : extracted value ([id1_7_] : [BIGINT]) - [62]
2021-03-10 22:37:37.434 TRACE 20712 --- [    Test worker] o.h.type.descriptor.sql.BasicExtractor   : extracted value ([city2_7_] : [VARCHAR]) - [Ansan]
2021-03-10 22:37:37.434 TRACE 20712 --- [    Test worker] o.h.type.descriptor.sql.BasicExtractor   : extracted value ([local_na3_7_] : [VARCHAR]) - [안산시]
2021-03-10 22:37:37.434 TRACE 20712 --- [    Test worker] o.h.type.descriptor.sql.BasicExtractor   : extracted value ([province4_7_] : [VARCHAR]) - [Gyeonggi]
2021-03-10 22:37:37.434 TRACE 20712 --- [    Test worker] o.h.type.descriptor.sql.BasicExtractor   : extracted value ([id1_7_] : [BIGINT]) - [63]
2021-03-10 22:37:37.434 TRACE 20712 --- [    Test worker] o.h.type.descriptor.sql.BasicExtractor   : extracted value ([city2_7_] : [VARCHAR]) - [Anseong]
2021-03-10 22:37:37.434 TRACE 20712 --- [    Test worker] o.h.type.descriptor.sql.BasicExtractor   : extracted value ([local_na3_7_] : [VARCHAR]) - [안성시]
2021-03-10 22:37:37.434 TRACE 20712 --- [    Test worker] o.h.type.descriptor.sql.BasicExtractor   : extracted value ([province4_7_] : [VARCHAR]) - [Gyeonggi]
2021-03-10 22:37:37.434 TRACE 20712 --- [    Test worker] o.h.type.descriptor.sql.BasicExtractor   : extracted value ([id1_7_] : [BIGINT]) - [64]
2021-03-10 22:37:37.434 TRACE 20712 --- [    Test worker] o.h.type.descriptor.sql.BasicExtractor   : extracted value ([city2_7_] : [VARCHAR]) - [Anyang]
2021-03-10 22:37:37.434 TRACE 20712 --- [    Test worker] o.h.type.descriptor.sql.BasicExtractor   : extracted value ([local_na3_7_] : [VARCHAR]) - [안양시]
2021-03-10 22:37:37.434 TRACE 20712 --- [    Test worker] o.h.type.descriptor.sql.BasicExtractor   : extracted value ([province4_7_] : [VARCHAR]) - [Gyeonggi]
2021-03-10 22:37:37.434 TRACE 20712 --- [    Test worker] o.h.type.descriptor.sql.BasicExtractor   : extracted value ([id1_7_] : [BIGINT]) - [65]
2021-03-10 22:37:37.434 TRACE 20712 --- [    Test worker] o.h.type.descriptor.sql.BasicExtractor   : extracted value ([city2_7_] : [VARCHAR]) - [Asan]
2021-03-10 22:37:37.434 TRACE 20712 --- [    Test worker] o.h.type.descriptor.sql.BasicExtractor   : extracted value ([local_na3_7_] : [VARCHAR]) - [아산시]
2021-03-10 22:37:37.434 TRACE 20712 --- [    Test worker] o.h.type.descriptor.sql.BasicExtractor   : extracted value ([province4_7_] : [VARCHAR]) - [South Chungcheong]
2021-03-10 22:37:37.434 TRACE 20712 --- [    Test worker] o.h.type.descriptor.sql.BasicExtractor   : extracted value ([id1_7_] : [BIGINT]) - [66]
2021-03-10 22:37:37.434 TRACE 20712 --- [    Test worker] o.h.type.descriptor.sql.BasicExtractor   : extracted value ([city2_7_] : [VARCHAR]) - [Boryeong]
2021-03-10 22:37:37.434 TRACE 20712 --- [    Test worker] o.h.type.descriptor.sql.BasicExtractor   : extracted value ([local_na3_7_] : [VARCHAR]) - [보령시]
2021-03-10 22:37:37.434 TRACE 20712 --- [    Test worker] o.h.type.descriptor.sql.BasicExtractor   : extracted value ([province4_7_] : [VARCHAR]) - [South Chungcheong]
2021-03-10 22:37:37.434 TRACE 20712 --- [    Test worker] o.h.type.descriptor.sql.BasicExtractor   : extracted value ([id1_7_] : [BIGINT]) - [67]
2021-03-10 22:37:37.434 TRACE 20712 --- [    Test worker] o.h.type.descriptor.sql.BasicExtractor   : extracted value ([city2_7_] : [VARCHAR]) - [Bucheon]
2021-03-10 22:37:37.434 TRACE 20712 --- [    Test worker] o.h.type.descriptor.sql.BasicExtractor   : extracted value ([local_na3_7_] : [VARCHAR]) - [부천시]
2021-03-10 22:37:37.434 TRACE 20712 --- [    Test worker] o.h.type.descriptor.sql.BasicExtractor   : extracted value ([province4_7_] : [VARCHAR]) - [Gyeonggi]
2021-03-10 22:37:37.434 TRACE 20712 --- [    Test worker] o.h.type.descriptor.sql.BasicExtractor   : extracted value ([id1_7_] : [BIGINT]) - [68]
2021-03-10 22:37:37.434 TRACE 20712 --- [    Test worker] o.h.type.descriptor.sql.BasicExtractor   : extracted value ([city2_7_] : [VARCHAR]) - [Busan]
2021-03-10 22:37:37.434 TRACE 20712 --- [    Test worker] o.h.type.descriptor.sql.BasicExtractor   : extracted value ([local_na3_7_] : [VARCHAR]) - [부산광역시]
2021-03-10 22:37:37.434 TRACE 20712 --- [    Test worker] o.h.type.descriptor.sql.BasicExtractor   : extracted value ([province4_7_] : [VARCHAR]) - [none]
2021-03-10 22:37:37.434 TRACE 20712 --- [    Test worker] o.h.type.descriptor.sql.BasicExtractor   : extracted value ([id1_7_] : [BIGINT]) - [69]
2021-03-10 22:37:37.434 TRACE 20712 --- [    Test worker] o.h.type.descriptor.sql.BasicExtractor   : extracted value ([city2_7_] : [VARCHAR]) - [Changwon]
2021-03-10 22:37:37.434 TRACE 20712 --- [    Test worker] o.h.type.descriptor.sql.BasicExtractor   : extracted value ([local_na3_7_] : [VARCHAR]) - [창원시]
2021-03-10 22:37:37.434 TRACE 20712 --- [    Test worker] o.h.type.descriptor.sql.BasicExtractor   : extracted value ([province4_7_] : [VARCHAR]) - [South Gyeongsang]
2021-03-10 22:37:37.434 TRACE 20712 --- [    Test worker] o.h.type.descriptor.sql.BasicExtractor   : extracted value ([id1_7_] : [BIGINT]) - [70]
2021-03-10 22:37:37.434 TRACE 20712 --- [    Test worker] o.h.type.descriptor.sql.BasicExtractor   : extracted value ([city2_7_] : [VARCHAR]) - [Cheonan]
2021-03-10 22:37:37.434 TRACE 20712 --- [    Test worker] o.h.type.descriptor.sql.BasicExtractor   : extracted value ([local_na3_7_] : [VARCHAR]) - [천안시]
2021-03-10 22:37:37.434 TRACE 20712 --- [    Test worker] o.h.type.descriptor.sql.BasicExtractor   : extracted value ([province4_7_] : [VARCHAR]) - [South Chungcheong]
2021-03-10 22:37:37.434 TRACE 20712 --- [    Test worker] o.h.type.descriptor.sql.BasicExtractor   : extracted value ([id1_7_] : [BIGINT]) - [71]
2021-03-10 22:37:37.434 TRACE 20712 --- [    Test worker] o.h.type.descriptor.sql.BasicExtractor   : extracted value ([city2_7_] : [VARCHAR]) - [Cheongju]
2021-03-10 22:37:37.434 TRACE 20712 --- [    Test worker] o.h.type.descriptor.sql.BasicExtractor   : extracted value ([local_na3_7_] : [VARCHAR]) - [청주시]
2021-03-10 22:37:37.434 TRACE 20712 --- [    Test worker] o.h.type.descriptor.sql.BasicExtractor   : extracted value ([province4_7_] : [VARCHAR]) - [North Chungcheong]
2021-03-10 22:37:37.434 TRACE 20712 --- [    Test worker] o.h.type.descriptor.sql.BasicExtractor   : extracted value ([id1_7_] : [BIGINT]) - [72]
2021-03-10 22:37:37.434 TRACE 20712 --- [    Test worker] o.h.type.descriptor.sql.BasicExtractor   : extracted value ([city2_7_] : [VARCHAR]) - [Chuncheon]
2021-03-10 22:37:37.434 TRACE 20712 --- [    Test worker] o.h.type.descriptor.sql.BasicExtractor   : extracted value ([local_na3_7_] : [VARCHAR]) - [춘천시]
2021-03-10 22:37:37.434 TRACE 20712 --- [    Test worker] o.h.type.descriptor.sql.BasicExtractor   : extracted value ([province4_7_] : [VARCHAR]) - [Gangwon]
2021-03-10 22:37:37.434 TRACE 20712 --- [    Test worker] o.h.type.descriptor.sql.BasicExtractor   : extracted value ([id1_7_] : [BIGINT]) - [73]
2021-03-10 22:37:37.434 TRACE 20712 --- [    Test worker] o.h.type.descriptor.sql.BasicExtractor   : extracted value ([city2_7_] : [VARCHAR]) - [Chungju]
2021-03-10 22:37:37.434 TRACE 20712 --- [    Test worker] o.h.type.descriptor.sql.BasicExtractor   : extracted value ([local_na3_7_] : [VARCHAR]) - [충주시]
2021-03-10 22:37:37.434 TRACE 20712 --- [    Test worker] o.h.type.descriptor.sql.BasicExtractor   : extracted value ([province4_7_] : [VARCHAR]) - [North Chungcheong]
2021-03-10 22:37:37.434 TRACE 20712 --- [    Test worker] o.h.type.descriptor.sql.BasicExtractor   : extracted value ([id1_7_] : [BIGINT]) - [74]
2021-03-10 22:37:37.434 TRACE 20712 --- [    Test worker] o.h.type.descriptor.sql.BasicExtractor   : extracted value ([city2_7_] : [VARCHAR]) - [Daegu]
2021-03-10 22:37:37.434 TRACE 20712 --- [    Test worker] o.h.type.descriptor.sql.BasicExtractor   : extracted value ([local_na3_7_] : [VARCHAR]) - [대구광역시]
2021-03-10 22:37:37.434 TRACE 20712 --- [    Test worker] o.h.type.descriptor.sql.BasicExtractor   : extracted value ([province4_7_] : [VARCHAR]) - [none]
2021-03-10 22:37:37.434 TRACE 20712 --- [    Test worker] o.h.type.descriptor.sql.BasicExtractor   : extracted value ([id1_7_] : [BIGINT]) - [75]
2021-03-10 22:37:37.434 TRACE 20712 --- [    Test worker] o.h.type.descriptor.sql.BasicExtractor   : extracted value ([city2_7_] : [VARCHAR]) - [Daejeon]
2021-03-10 22:37:37.434 TRACE 20712 --- [    Test worker] o.h.type.descriptor.sql.BasicExtractor   : extracted value ([local_na3_7_] : [VARCHAR]) - [대전광역시]
2021-03-10 22:37:37.434 TRACE 20712 --- [    Test worker] o.h.type.descriptor.sql.BasicExtractor   : extracted value ([province4_7_] : [VARCHAR]) - [none]
2021-03-10 22:37:37.434 TRACE 20712 --- [    Test worker] o.h.type.descriptor.sql.BasicExtractor   : extracted value ([id1_7_] : [BIGINT]) - [76]
2021-03-10 22:37:37.434 TRACE 20712 --- [    Test worker] o.h.type.descriptor.sql.BasicExtractor   : extracted value ([city2_7_] : [VARCHAR]) - [Dangjin]
2021-03-10 22:37:37.434 TRACE 20712 --- [    Test worker] o.h.type.descriptor.sql.BasicExtractor   : extracted value ([local_na3_7_] : [VARCHAR]) - [당진시]
2021-03-10 22:37:37.434 TRACE 20712 --- [    Test worker] o.h.type.descriptor.sql.BasicExtractor   : extracted value ([province4_7_] : [VARCHAR]) - [South Chungcheong]
2021-03-10 22:37:37.434 TRACE 20712 --- [    Test worker] o.h.type.descriptor.sql.BasicExtractor   : extracted value ([id1_7_] : [BIGINT]) - [77]
2021-03-10 22:37:37.434 TRACE 20712 --- [    Test worker] o.h.type.descriptor.sql.BasicExtractor   : extracted value ([city2_7_] : [VARCHAR]) - [Dongducheon]
2021-03-10 22:37:37.434 TRACE 20712 --- [    Test worker] o.h.type.descriptor.sql.BasicExtractor   : extracted value ([local_na3_7_] : [VARCHAR]) - [동두천시]
2021-03-10 22:37:37.434 TRACE 20712 --- [    Test worker] o.h.type.descriptor.sql.BasicExtractor   : extracted value ([province4_7_] : [VARCHAR]) - [Gyeonggi]
2021-03-10 22:37:37.434 TRACE 20712 --- [    Test worker] o.h.type.descriptor.sql.BasicExtractor   : extracted value ([id1_7_] : [BIGINT]) - [78]
2021-03-10 22:37:37.434 TRACE 20712 --- [    Test worker] o.h.type.descriptor.sql.BasicExtractor   : extracted value ([city2_7_] : [VARCHAR]) - [Donghae]
2021-03-10 22:37:37.434 TRACE 20712 --- [    Test worker] o.h.type.descriptor.sql.BasicExtractor   : extracted value ([local_na3_7_] : [VARCHAR]) - [동해시]
2021-03-10 22:37:37.434 TRACE 20712 --- [    Test worker] o.h.type.descriptor.sql.BasicExtractor   : extracted value ([province4_7_] : [VARCHAR]) - [Gangwon]
2021-03-10 22:37:37.434 TRACE 20712 --- [    Test worker] o.h.type.descriptor.sql.BasicExtractor   : extracted value ([id1_7_] : [BIGINT]) - [79]
2021-03-10 22:37:37.434 TRACE 20712 --- [    Test worker] o.h.type.descriptor.sql.BasicExtractor   : extracted value ([city2_7_] : [VARCHAR]) - [Gangneung]
2021-03-10 22:37:37.434 TRACE 20712 --- [    Test worker] o.h.type.descriptor.sql.BasicExtractor   : extracted value ([local_na3_7_] : [VARCHAR]) - [강릉시]
2021-03-10 22:37:37.434 TRACE 20712 --- [    Test worker] o.h.type.descriptor.sql.BasicExtractor   : extracted value ([province4_7_] : [VARCHAR]) - [Gangwon]
2021-03-10 22:37:37.434 TRACE 20712 --- [    Test worker] o.h.type.descriptor.sql.BasicExtractor   : extracted value ([id1_7_] : [BIGINT]) - [80]
2021-03-10 22:37:37.434 TRACE 20712 --- [    Test worker] o.h.type.descriptor.sql.BasicExtractor   : extracted value ([city2_7_] : [VARCHAR]) - [Geoje]
2021-03-10 22:37:37.434 TRACE 20712 --- [    Test worker] o.h.type.descriptor.sql.BasicExtractor   : extracted value ([local_na3_7_] : [VARCHAR]) - [거제시]
2021-03-10 22:37:37.434 TRACE 20712 --- [    Test worker] o.h.type.descriptor.sql.BasicExtractor   : extracted value ([province4_7_] : [VARCHAR]) - [South Gyeongsang]
2021-03-10 22:37:37.434 TRACE 20712 --- [    Test worker] o.h.type.descriptor.sql.BasicExtractor   : extracted value ([id1_7_] : [BIGINT]) - [81]
2021-03-10 22:37:37.434 TRACE 20712 --- [    Test worker] o.h.type.descriptor.sql.BasicExtractor   : extracted value ([city2_7_] : [VARCHAR]) - [Gimcheon]
2021-03-10 22:37:37.434 TRACE 20712 --- [    Test worker] o.h.type.descriptor.sql.BasicExtractor   : extracted value ([local_na3_7_] : [VARCHAR]) - [김천시]
2021-03-10 22:37:37.434 TRACE 20712 --- [    Test worker] o.h.type.descriptor.sql.BasicExtractor   : extracted value ([province4_7_] : [VARCHAR]) - [North Gyeongsang]
2021-03-10 22:37:37.434 TRACE 20712 --- [    Test worker] o.h.type.descriptor.sql.BasicExtractor   : extracted value ([id1_7_] : [BIGINT]) - [82]
2021-03-10 22:37:37.434 TRACE 20712 --- [    Test worker] o.h.type.descriptor.sql.BasicExtractor   : extracted value ([city2_7_] : [VARCHAR]) - [Gimhae]
2021-03-10 22:37:37.434 TRACE 20712 --- [    Test worker] o.h.type.descriptor.sql.BasicExtractor   : extracted value ([local_na3_7_] : [VARCHAR]) - [김해시]
2021-03-10 22:37:37.434 TRACE 20712 --- [    Test worker] o.h.type.descriptor.sql.BasicExtractor   : extracted value ([province4_7_] : [VARCHAR]) - [South Gyeongsang]
2021-03-10 22:37:37.434 TRACE 20712 --- [    Test worker] o.h.type.descriptor.sql.BasicExtractor   : extracted value ([id1_7_] : [BIGINT]) - [83]
2021-03-10 22:37:37.434 TRACE 20712 --- [    Test worker] o.h.type.descriptor.sql.BasicExtractor   : extracted value ([city2_7_] : [VARCHAR]) - [Gimje]
2021-03-10 22:37:37.434 TRACE 20712 --- [    Test worker] o.h.type.descriptor.sql.BasicExtractor   : extracted value ([local_na3_7_] : [VARCHAR]) - [김제시]
2021-03-10 22:37:37.434 TRACE 20712 --- [    Test worker] o.h.type.descriptor.sql.BasicExtractor   : extracted value ([province4_7_] : [VARCHAR]) - [North Jeolla]
2021-03-10 22:37:37.434 TRACE 20712 --- [    Test worker] o.h.type.descriptor.sql.BasicExtractor   : extracted value ([id1_7_] : [BIGINT]) - [84]
2021-03-10 22:37:37.434 TRACE 20712 --- [    Test worker] o.h.type.descriptor.sql.BasicExtractor   : extracted value ([city2_7_] : [VARCHAR]) - [Gimpo]
2021-03-10 22:37:37.434 TRACE 20712 --- [    Test worker] o.h.type.descriptor.sql.BasicExtractor   : extracted value ([local_na3_7_] : [VARCHAR]) - [김포시]
2021-03-10 22:37:37.434 TRACE 20712 --- [    Test worker] o.h.type.descriptor.sql.BasicExtractor   : extracted value ([province4_7_] : [VARCHAR]) - [Gyeonggi]
2021-03-10 22:37:37.434 TRACE 20712 --- [    Test worker] o.h.type.descriptor.sql.BasicExtractor   : extracted value ([id1_7_] : [BIGINT]) - [85]
2021-03-10 22:37:37.434 TRACE 20712 --- [    Test worker] o.h.type.descriptor.sql.BasicExtractor   : extracted value ([city2_7_] : [VARCHAR]) - [Gongju]
2021-03-10 22:37:37.434 TRACE 20712 --- [    Test worker] o.h.type.descriptor.sql.BasicExtractor   : extracted value ([local_na3_7_] : [VARCHAR]) - [공주시]
2021-03-10 22:37:37.434 TRACE 20712 --- [    Test worker] o.h.type.descriptor.sql.BasicExtractor   : extracted value ([province4_7_] : [VARCHAR]) - [South Chungcheong]
2021-03-10 22:37:37.434 TRACE 20712 --- [    Test worker] o.h.type.descriptor.sql.BasicExtractor   : extracted value ([id1_7_] : [BIGINT]) - [86]
2021-03-10 22:37:37.434 TRACE 20712 --- [    Test worker] o.h.type.descriptor.sql.BasicExtractor   : extracted value ([city2_7_] : [VARCHAR]) - [Goyang]
2021-03-10 22:37:37.434 TRACE 20712 --- [    Test worker] o.h.type.descriptor.sql.BasicExtractor   : extracted value ([local_na3_7_] : [VARCHAR]) - [고양시]
2021-03-10 22:37:37.434 TRACE 20712 --- [    Test worker] o.h.type.descriptor.sql.BasicExtractor   : extracted value ([province4_7_] : [VARCHAR]) - [Gyeonggi]
2021-03-10 22:37:37.434 TRACE 20712 --- [    Test worker] o.h.type.descriptor.sql.BasicExtractor   : extracted value ([id1_7_] : [BIGINT]) - [87]
2021-03-10 22:37:37.434 TRACE 20712 --- [    Test worker] o.h.type.descriptor.sql.BasicExtractor   : extracted value ([city2_7_] : [VARCHAR]) - [Gumi]
2021-03-10 22:37:37.434 TRACE 20712 --- [    Test worker] o.h.type.descriptor.sql.BasicExtractor   : extracted value ([local_na3_7_] : [VARCHAR]) - [구미시]
2021-03-10 22:37:37.434 TRACE 20712 --- [    Test worker] o.h.type.descriptor.sql.BasicExtractor   : extracted value ([province4_7_] : [VARCHAR]) - [North Gyeongsang]
2021-03-10 22:37:37.434 TRACE 20712 --- [    Test worker] o.h.type.descriptor.sql.BasicExtractor   : extracted value ([id1_7_] : [BIGINT]) - [88]
2021-03-10 22:37:37.434 TRACE 20712 --- [    Test worker] o.h.type.descriptor.sql.BasicExtractor   : extracted value ([city2_7_] : [VARCHAR]) - [Gunpo]
2021-03-10 22:37:37.434 TRACE 20712 --- [    Test worker] o.h.type.descriptor.sql.BasicExtractor   : extracted value ([local_na3_7_] : [VARCHAR]) - [군포시]
2021-03-10 22:37:37.434 TRACE 20712 --- [    Test worker] o.h.type.descriptor.sql.BasicExtractor   : extracted value ([province4_7_] : [VARCHAR]) - [Gyeonggi]
2021-03-10 22:37:37.434 TRACE 20712 --- [    Test worker] o.h.type.descriptor.sql.BasicExtractor   : extracted value ([id1_7_] : [BIGINT]) - [89]
2021-03-10 22:37:37.434 TRACE 20712 --- [    Test worker] o.h.type.descriptor.sql.BasicExtractor   : extracted value ([city2_7_] : [VARCHAR]) - [Gunsan]
2021-03-10 22:37:37.434 TRACE 20712 --- [    Test worker] o.h.type.descriptor.sql.BasicExtractor   : extracted value ([local_na3_7_] : [VARCHAR]) - [군산시]
2021-03-10 22:37:37.434 TRACE 20712 --- [    Test worker] o.h.type.descriptor.sql.BasicExtractor   : extracted value ([province4_7_] : [VARCHAR]) - [North Jeolla]
2021-03-10 22:37:37.434 TRACE 20712 --- [    Test worker] o.h.type.descriptor.sql.BasicExtractor   : extracted value ([id1_7_] : [BIGINT]) - [90]
2021-03-10 22:37:37.434 TRACE 20712 --- [    Test worker] o.h.type.descriptor.sql.BasicExtractor   : extracted value ([city2_7_] : [VARCHAR]) - [Guri]
2021-03-10 22:37:37.434 TRACE 20712 --- [    Test worker] o.h.type.descriptor.sql.BasicExtractor   : extracted value ([local_na3_7_] : [VARCHAR]) - [구리시]
2021-03-10 22:37:37.434 TRACE 20712 --- [    Test worker] o.h.type.descriptor.sql.BasicExtractor   : extracted value ([province4_7_] : [VARCHAR]) - [Gyeonggi]
2021-03-10 22:37:37.434 TRACE 20712 --- [    Test worker] o.h.type.descriptor.sql.BasicExtractor   : extracted value ([id1_7_] : [BIGINT]) - [91]
2021-03-10 22:37:37.434 TRACE 20712 --- [    Test worker] o.h.type.descriptor.sql.BasicExtractor   : extracted value ([city2_7_] : [VARCHAR]) - [Gwacheon]
2021-03-10 22:37:37.434 TRACE 20712 --- [    Test worker] o.h.type.descriptor.sql.BasicExtractor   : extracted value ([local_na3_7_] : [VARCHAR]) - [과천시]
2021-03-10 22:37:37.434 TRACE 20712 --- [    Test worker] o.h.type.descriptor.sql.BasicExtractor   : extracted value ([province4_7_] : [VARCHAR]) - [Gyeonggi]
2021-03-10 22:37:37.434 TRACE 20712 --- [    Test worker] o.h.type.descriptor.sql.BasicExtractor   : extracted value ([id1_7_] : [BIGINT]) - [92]
2021-03-10 22:37:37.434 TRACE 20712 --- [    Test worker] o.h.type.descriptor.sql.BasicExtractor   : extracted value ([city2_7_] : [VARCHAR]) - [Gwangju]
2021-03-10 22:37:37.434 TRACE 20712 --- [    Test worker] o.h.type.descriptor.sql.BasicExtractor   : extracted value ([local_na3_7_] : [VARCHAR]) - [광주광역시]
2021-03-10 22:37:37.434 TRACE 20712 --- [    Test worker] o.h.type.descriptor.sql.BasicExtractor   : extracted value ([province4_7_] : [VARCHAR]) - [none]
2021-03-10 22:37:37.434 TRACE 20712 --- [    Test worker] o.h.type.descriptor.sql.BasicExtractor   : extracted value ([id1_7_] : [BIGINT]) - [93]
2021-03-10 22:37:37.434 TRACE 20712 --- [    Test worker] o.h.type.descriptor.sql.BasicExtractor   : extracted value ([city2_7_] : [VARCHAR]) - [Gwangju]
2021-03-10 22:37:37.434 TRACE 20712 --- [    Test worker] o.h.type.descriptor.sql.BasicExtractor   : extracted value ([local_na3_7_] : [VARCHAR]) - [광주시]
2021-03-10 22:37:37.434 TRACE 20712 --- [    Test worker] o.h.type.descriptor.sql.BasicExtractor   : extracted value ([province4_7_] : [VARCHAR]) - [Gyeonggi]
2021-03-10 22:37:37.434 TRACE 20712 --- [    Test worker] o.h.type.descriptor.sql.BasicExtractor   : extracted value ([id1_7_] : [BIGINT]) - [94]
2021-03-10 22:37:37.434 TRACE 20712 --- [    Test worker] o.h.type.descriptor.sql.BasicExtractor   : extracted value ([city2_7_] : [VARCHAR]) - [Gwangmyeong]
2021-03-10 22:37:37.434 TRACE 20712 --- [    Test worker] o.h.type.descriptor.sql.BasicExtractor   : extracted value ([local_na3_7_] : [VARCHAR]) - [광명시]
2021-03-10 22:37:37.434 TRACE 20712 --- [    Test worker] o.h.type.descriptor.sql.BasicExtractor   : extracted value ([province4_7_] : [VARCHAR]) - [Gyeonggi]
2021-03-10 22:37:37.434 TRACE 20712 --- [    Test worker] o.h.type.descriptor.sql.BasicExtractor   : extracted value ([id1_7_] : [BIGINT]) - [95]
2021-03-10 22:37:37.434 TRACE 20712 --- [    Test worker] o.h.type.descriptor.sql.BasicExtractor   : extracted value ([city2_7_] : [VARCHAR]) - [Gwangyang]
2021-03-10 22:37:37.434 TRACE 20712 --- [    Test worker] o.h.type.descriptor.sql.BasicExtractor   : extracted value ([local_na3_7_] : [VARCHAR]) - [광양시]
2021-03-10 22:37:37.434 TRACE 20712 --- [    Test worker] o.h.type.descriptor.sql.BasicExtractor   : extracted value ([province4_7_] : [VARCHAR]) - [South Jeolla]
2021-03-10 22:37:37.434 TRACE 20712 --- [    Test worker] o.h.type.descriptor.sql.BasicExtractor   : extracted value ([id1_7_] : [BIGINT]) - [96]
2021-03-10 22:37:37.434 TRACE 20712 --- [    Test worker] o.h.type.descriptor.sql.BasicExtractor   : extracted value ([city2_7_] : [VARCHAR]) - [Gyeongju]
2021-03-10 22:37:37.434 TRACE 20712 --- [    Test worker] o.h.type.descriptor.sql.BasicExtractor   : extracted value ([local_na3_7_] : [VARCHAR]) - [경주시]
2021-03-10 22:37:37.434 TRACE 20712 --- [    Test worker] o.h.type.descriptor.sql.BasicExtractor   : extracted value ([province4_7_] : [VARCHAR]) - [North Gyeongsang]
2021-03-10 22:37:37.434 TRACE 20712 --- [    Test worker] o.h.type.descriptor.sql.BasicExtractor   : extracted value ([id1_7_] : [BIGINT]) - [97]
2021-03-10 22:37:37.434 TRACE 20712 --- [    Test worker] o.h.type.descriptor.sql.BasicExtractor   : extracted value ([city2_7_] : [VARCHAR]) - [Gyeongsan]
2021-03-10 22:37:37.434 TRACE 20712 --- [    Test worker] o.h.type.descriptor.sql.BasicExtractor   : extracted value ([local_na3_7_] : [VARCHAR]) - [경산시]
2021-03-10 22:37:37.434 TRACE 20712 --- [    Test worker] o.h.type.descriptor.sql.BasicExtractor   : extracted value ([province4_7_] : [VARCHAR]) - [North Gyeongsang]
2021-03-10 22:37:37.434 TRACE 20712 --- [    Test worker] o.h.type.descriptor.sql.BasicExtractor   : extracted value ([id1_7_] : [BIGINT]) - [98]
2021-03-10 22:37:37.434 TRACE 20712 --- [    Test worker] o.h.type.descriptor.sql.BasicExtractor   : extracted value ([city2_7_] : [VARCHAR]) - [Gyeryong]
2021-03-10 22:37:37.434 TRACE 20712 --- [    Test worker] o.h.type.descriptor.sql.BasicExtractor   : extracted value ([local_na3_7_] : [VARCHAR]) - [계룡시]
2021-03-10 22:37:37.434 TRACE 20712 --- [    Test worker] o.h.type.descriptor.sql.BasicExtractor   : extracted value ([province4_7_] : [VARCHAR]) - [South Chungcheong]
2021-03-10 22:37:37.434 TRACE 20712 --- [    Test worker] o.h.type.descriptor.sql.BasicExtractor   : extracted value ([id1_7_] : [BIGINT]) - [99]
2021-03-10 22:37:37.450 TRACE 20712 --- [    Test worker] o.h.type.descriptor.sql.BasicExtractor   : extracted value ([city2_7_] : [VARCHAR]) - [Hanam]
2021-03-10 22:37:37.450 TRACE 20712 --- [    Test worker] o.h.type.descriptor.sql.BasicExtractor   : extracted value ([local_na3_7_] : [VARCHAR]) - [하남시]
2021-03-10 22:37:37.450 TRACE 20712 --- [    Test worker] o.h.type.descriptor.sql.BasicExtractor   : extracted value ([province4_7_] : [VARCHAR]) - [Gyeonggi]
2021-03-10 22:37:37.450 TRACE 20712 --- [    Test worker] o.h.type.descriptor.sql.BasicExtractor   : extracted value ([id1_7_] : [BIGINT]) - [100]
2021-03-10 22:37:37.450 TRACE 20712 --- [    Test worker] o.h.type.descriptor.sql.BasicExtractor   : extracted value ([city2_7_] : [VARCHAR]) - [Hwaseong]
2021-03-10 22:37:37.450 TRACE 20712 --- [    Test worker] o.h.type.descriptor.sql.BasicExtractor   : extracted value ([local_na3_7_] : [VARCHAR]) - [화성시]
2021-03-10 22:37:37.450 TRACE 20712 --- [    Test worker] o.h.type.descriptor.sql.BasicExtractor   : extracted value ([province4_7_] : [VARCHAR]) - [Gyeonggi]
2021-03-10 22:37:37.450 TRACE 20712 --- [    Test worker] o.h.type.descriptor.sql.BasicExtractor   : extracted value ([id1_7_] : [BIGINT]) - [101]
2021-03-10 22:37:37.450 TRACE 20712 --- [    Test worker] o.h.type.descriptor.sql.BasicExtractor   : extracted value ([city2_7_] : [VARCHAR]) - [Icheon]
2021-03-10 22:37:37.450 TRACE 20712 --- [    Test worker] o.h.type.descriptor.sql.BasicExtractor   : extracted value ([local_na3_7_] : [VARCHAR]) - [이천시]
2021-03-10 22:37:37.450 TRACE 20712 --- [    Test worker] o.h.type.descriptor.sql.BasicExtractor   : extracted value ([province4_7_] : [VARCHAR]) - [Gyeonggi]
2021-03-10 22:37:37.450 TRACE 20712 --- [    Test worker] o.h.type.descriptor.sql.BasicExtractor   : extracted value ([id1_7_] : [BIGINT]) - [102]
2021-03-10 22:37:37.450 TRACE 20712 --- [    Test worker] o.h.type.descriptor.sql.BasicExtractor   : extracted value ([city2_7_] : [VARCHAR]) - [Iksan]
2021-03-10 22:37:37.450 TRACE 20712 --- [    Test worker] o.h.type.descriptor.sql.BasicExtractor   : extracted value ([local_na3_7_] : [VARCHAR]) - [익산시]
2021-03-10 22:37:37.450 TRACE 20712 --- [    Test worker] o.h.type.descriptor.sql.BasicExtractor   : extracted value ([province4_7_] : [VARCHAR]) - [North Jeolla]
2021-03-10 22:37:37.450 TRACE 20712 --- [    Test worker] o.h.type.descriptor.sql.BasicExtractor   : extracted value ([id1_7_] : [BIGINT]) - [103]
2021-03-10 22:37:37.450 TRACE 20712 --- [    Test worker] o.h.type.descriptor.sql.BasicExtractor   : extracted value ([city2_7_] : [VARCHAR]) - [Incheon]
2021-03-10 22:37:37.450 TRACE 20712 --- [    Test worker] o.h.type.descriptor.sql.BasicExtractor   : extracted value ([local_na3_7_] : [VARCHAR]) - [인천광역시]
2021-03-10 22:37:37.450 TRACE 20712 --- [    Test worker] o.h.type.descriptor.sql.BasicExtractor   : extracted value ([province4_7_] : [VARCHAR]) - [none]
2021-03-10 22:37:37.450 TRACE 20712 --- [    Test worker] o.h.type.descriptor.sql.BasicExtractor   : extracted value ([id1_7_] : [BIGINT]) - [104]
2021-03-10 22:37:37.450 TRACE 20712 --- [    Test worker] o.h.type.descriptor.sql.BasicExtractor   : extracted value ([city2_7_] : [VARCHAR]) - [Jecheon]
2021-03-10 22:37:37.450 TRACE 20712 --- [    Test worker] o.h.type.descriptor.sql.BasicExtractor   : extracted value ([local_na3_7_] : [VARCHAR]) - [제천시]
2021-03-10 22:37:37.450 TRACE 20712 --- [    Test worker] o.h.type.descriptor.sql.BasicExtractor   : extracted value ([province4_7_] : [VARCHAR]) - [North Chungcheong]
2021-03-10 22:37:37.450 TRACE 20712 --- [    Test worker] o.h.type.descriptor.sql.BasicExtractor   : extracted value ([id1_7_] : [BIGINT]) - [105]
2021-03-10 22:37:37.450 TRACE 20712 --- [    Test worker] o.h.type.descriptor.sql.BasicExtractor   : extracted value ([city2_7_] : [VARCHAR]) - [Jeongeup]
2021-03-10 22:37:37.450 TRACE 20712 --- [    Test worker] o.h.type.descriptor.sql.BasicExtractor   : extracted value ([local_na3_7_] : [VARCHAR]) - [정읍시]
2021-03-10 22:37:37.450 TRACE 20712 --- [    Test worker] o.h.type.descriptor.sql.BasicExtractor   : extracted value ([province4_7_] : [VARCHAR]) - [North Jeolla]
2021-03-10 22:37:37.450 TRACE 20712 --- [    Test worker] o.h.type.descriptor.sql.BasicExtractor   : extracted value ([id1_7_] : [BIGINT]) - [106]
2021-03-10 22:37:37.450 TRACE 20712 --- [    Test worker] o.h.type.descriptor.sql.BasicExtractor   : extracted value ([city2_7_] : [VARCHAR]) - [Jeonju]
2021-03-10 22:37:37.450 TRACE 20712 --- [    Test worker] o.h.type.descriptor.sql.BasicExtractor   : extracted value ([local_na3_7_] : [VARCHAR]) - [전주시]
2021-03-10 22:37:37.450 TRACE 20712 --- [    Test worker] o.h.type.descriptor.sql.BasicExtractor   : extracted value ([province4_7_] : [VARCHAR]) - [North Jeolla]
2021-03-10 22:37:37.450 TRACE 20712 --- [    Test worker] o.h.type.descriptor.sql.BasicExtractor   : extracted value ([id1_7_] : [BIGINT]) - [107]
2021-03-10 22:37:37.450 TRACE 20712 --- [    Test worker] o.h.type.descriptor.sql.BasicExtractor   : extracted value ([city2_7_] : [VARCHAR]) - [Jeju]
2021-03-10 22:37:37.450 TRACE 20712 --- [    Test worker] o.h.type.descriptor.sql.BasicExtractor   : extracted value ([local_na3_7_] : [VARCHAR]) - [제주시]
2021-03-10 22:37:37.450 TRACE 20712 --- [    Test worker] o.h.type.descriptor.sql.BasicExtractor   : extracted value ([province4_7_] : [VARCHAR]) - [Jeju]
2021-03-10 22:37:37.450 TRACE 20712 --- [    Test worker] o.h.type.descriptor.sql.BasicExtractor   : extracted value ([id1_7_] : [BIGINT]) - [108]
2021-03-10 22:37:37.450 TRACE 20712 --- [    Test worker] o.h.type.descriptor.sql.BasicExtractor   : extracted value ([city2_7_] : [VARCHAR]) - [Jinju]
2021-03-10 22:37:37.450 TRACE 20712 --- [    Test worker] o.h.type.descriptor.sql.BasicExtractor   : extracted value ([local_na3_7_] : [VARCHAR]) - [진주시]
2021-03-10 22:37:37.450 TRACE 20712 --- [    Test worker] o.h.type.descriptor.sql.BasicExtractor   : extracted value ([province4_7_] : [VARCHAR]) - [South Gyeongsang]
2021-03-10 22:37:37.450 TRACE 20712 --- [    Test worker] o.h.type.descriptor.sql.BasicExtractor   : extracted value ([id1_7_] : [BIGINT]) - [109]
2021-03-10 22:37:37.450 TRACE 20712 --- [    Test worker] o.h.type.descriptor.sql.BasicExtractor   : extracted value ([city2_7_] : [VARCHAR]) - [Naju]
2021-03-10 22:37:37.450 TRACE 20712 --- [    Test worker] o.h.type.descriptor.sql.BasicExtractor   : extracted value ([local_na3_7_] : [VARCHAR]) - [나주시]
2021-03-10 22:37:37.450 TRACE 20712 --- [    Test worker] o.h.type.descriptor.sql.BasicExtractor   : extracted value ([province4_7_] : [VARCHAR]) - [South Jeolla]
2021-03-10 22:37:37.450 TRACE 20712 --- [    Test worker] o.h.type.descriptor.sql.BasicExtractor   : extracted value ([id1_7_] : [BIGINT]) - [110]
2021-03-10 22:37:37.450 TRACE 20712 --- [    Test worker] o.h.type.descriptor.sql.BasicExtractor   : extracted value ([city2_7_] : [VARCHAR]) - [Namyangju]
2021-03-10 22:37:37.450 TRACE 20712 --- [    Test worker] o.h.type.descriptor.sql.BasicExtractor   : extracted value ([local_na3_7_] : [VARCHAR]) - [남양주시]
2021-03-10 22:37:37.450 TRACE 20712 --- [    Test worker] o.h.type.descriptor.sql.BasicExtractor   : extracted value ([province4_7_] : [VARCHAR]) - [Gyeonggi]
2021-03-10 22:37:37.450 TRACE 20712 --- [    Test worker] o.h.type.descriptor.sql.BasicExtractor   : extracted value ([id1_7_] : [BIGINT]) - [111]
2021-03-10 22:37:37.450 TRACE 20712 --- [    Test worker] o.h.type.descriptor.sql.BasicExtractor   : extracted value ([city2_7_] : [VARCHAR]) - [Namwon]
2021-03-10 22:37:37.450 TRACE 20712 --- [    Test worker] o.h.type.descriptor.sql.BasicExtractor   : extracted value ([local_na3_7_] : [VARCHAR]) - [남원시]
2021-03-10 22:37:37.450 TRACE 20712 --- [    Test worker] o.h.type.descriptor.sql.BasicExtractor   : extracted value ([province4_7_] : [VARCHAR]) - [North Jeolla]
2021-03-10 22:37:37.450 TRACE 20712 --- [    Test worker] o.h.type.descriptor.sql.BasicExtractor   : extracted value ([id1_7_] : [BIGINT]) - [112]
2021-03-10 22:37:37.450 TRACE 20712 --- [    Test worker] o.h.type.descriptor.sql.BasicExtractor   : extracted value ([city2_7_] : [VARCHAR]) - [Nonsan]
2021-03-10 22:37:37.450 TRACE 20712 --- [    Test worker] o.h.type.descriptor.sql.BasicExtractor   : extracted value ([local_na3_7_] : [VARCHAR]) - [논산시]
2021-03-10 22:37:37.450 TRACE 20712 --- [    Test worker] o.h.type.descriptor.sql.BasicExtractor   : extracted value ([province4_7_] : [VARCHAR]) - [South Chungcheong]
2021-03-10 22:37:37.450 TRACE 20712 --- [    Test worker] o.h.type.descriptor.sql.BasicExtractor   : extracted value ([id1_7_] : [BIGINT]) - [113]
2021-03-10 22:37:37.450 TRACE 20712 --- [    Test worker] o.h.type.descriptor.sql.BasicExtractor   : extracted value ([city2_7_] : [VARCHAR]) - [Miryang]
2021-03-10 22:37:37.450 TRACE 20712 --- [    Test worker] o.h.type.descriptor.sql.BasicExtractor   : extracted value ([local_na3_7_] : [VARCHAR]) - [밀양시]
2021-03-10 22:37:37.450 TRACE 20712 --- [    Test worker] o.h.type.descriptor.sql.BasicExtractor   : extracted value ([province4_7_] : [VARCHAR]) - [South Gyeongsang]
2021-03-10 22:37:37.450 TRACE 20712 --- [    Test worker] o.h.type.descriptor.sql.BasicExtractor   : extracted value ([id1_7_] : [BIGINT]) - [114]
2021-03-10 22:37:37.450 TRACE 20712 --- [    Test worker] o.h.type.descriptor.sql.BasicExtractor   : extracted value ([city2_7_] : [VARCHAR]) - [Mokpo]
2021-03-10 22:37:37.450 TRACE 20712 --- [    Test worker] o.h.type.descriptor.sql.BasicExtractor   : extracted value ([local_na3_7_] : [VARCHAR]) - [목포시]
2021-03-10 22:37:37.450 TRACE 20712 --- [    Test worker] o.h.type.descriptor.sql.BasicExtractor   : extracted value ([province4_7_] : [VARCHAR]) - [South Jeolla]
2021-03-10 22:37:37.450 TRACE 20712 --- [    Test worker] o.h.type.descriptor.sql.BasicExtractor   : extracted value ([id1_7_] : [BIGINT]) - [115]
2021-03-10 22:37:37.450 TRACE 20712 --- [    Test worker] o.h.type.descriptor.sql.BasicExtractor   : extracted value ([city2_7_] : [VARCHAR]) - [Mungyeong]
2021-03-10 22:37:37.450 TRACE 20712 --- [    Test worker] o.h.type.descriptor.sql.BasicExtractor   : extracted value ([local_na3_7_] : [VARCHAR]) - [문경시]
2021-03-10 22:37:37.450 TRACE 20712 --- [    Test worker] o.h.type.descriptor.sql.BasicExtractor   : extracted value ([province4_7_] : [VARCHAR]) - [North Gyeongsang]
2021-03-10 22:37:37.450 TRACE 20712 --- [    Test worker] o.h.type.descriptor.sql.BasicExtractor   : extracted value ([id1_7_] : [BIGINT]) - [116]
2021-03-10 22:37:37.450 TRACE 20712 --- [    Test worker] o.h.type.descriptor.sql.BasicExtractor   : extracted value ([city2_7_] : [VARCHAR]) - [Osan]
2021-03-10 22:37:37.450 TRACE 20712 --- [    Test worker] o.h.type.descriptor.sql.BasicExtractor   : extracted value ([local_na3_7_] : [VARCHAR]) - [오산시]
2021-03-10 22:37:37.450 TRACE 20712 --- [    Test worker] o.h.type.descriptor.sql.BasicExtractor   : extracted value ([province4_7_] : [VARCHAR]) - [Gyeonggi]
2021-03-10 22:37:37.450 TRACE 20712 --- [    Test worker] o.h.type.descriptor.sql.BasicExtractor   : extracted value ([id1_7_] : [BIGINT]) - [117]
2021-03-10 22:37:37.450 TRACE 20712 --- [    Test worker] o.h.type.descriptor.sql.BasicExtractor   : extracted value ([city2_7_] : [VARCHAR]) - [Paju]
2021-03-10 22:37:37.450 TRACE 20712 --- [    Test worker] o.h.type.descriptor.sql.BasicExtractor   : extracted value ([local_na3_7_] : [VARCHAR]) - [파주시]
2021-03-10 22:37:37.450 TRACE 20712 --- [    Test worker] o.h.type.descriptor.sql.BasicExtractor   : extracted value ([province4_7_] : [VARCHAR]) - [Gyeonggi]
2021-03-10 22:37:37.450 TRACE 20712 --- [    Test worker] o.h.type.descriptor.sql.BasicExtractor   : extracted value ([id1_7_] : [BIGINT]) - [118]
2021-03-10 22:37:37.450 TRACE 20712 --- [    Test worker] o.h.type.descriptor.sql.BasicExtractor   : extracted value ([city2_7_] : [VARCHAR]) - [Pocheon]
2021-03-10 22:37:37.450 TRACE 20712 --- [    Test worker] o.h.type.descriptor.sql.BasicExtractor   : extracted value ([local_na3_7_] : [VARCHAR]) - [포천시]
2021-03-10 22:37:37.450 TRACE 20712 --- [    Test worker] o.h.type.descriptor.sql.BasicExtractor   : extracted value ([province4_7_] : [VARCHAR]) - [Gyeonggi]
2021-03-10 22:37:37.450 TRACE 20712 --- [    Test worker] o.h.type.descriptor.sql.BasicExtractor   : extracted value ([id1_7_] : [BIGINT]) - [119]
2021-03-10 22:37:37.450 TRACE 20712 --- [    Test worker] o.h.type.descriptor.sql.BasicExtractor   : extracted value ([city2_7_] : [VARCHAR]) - [Pohang]
2021-03-10 22:37:37.450 TRACE 20712 --- [    Test worker] o.h.type.descriptor.sql.BasicExtractor   : extracted value ([local_na3_7_] : [VARCHAR]) - [포항시]
2021-03-10 22:37:37.450 TRACE 20712 --- [    Test worker] o.h.type.descriptor.sql.BasicExtractor   : extracted value ([province4_7_] : [VARCHAR]) - [North Gyeongsang]
2021-03-10 22:37:37.450 TRACE 20712 --- [    Test worker] o.h.type.descriptor.sql.BasicExtractor   : extracted value ([id1_7_] : [BIGINT]) - [120]
2021-03-10 22:37:37.450 TRACE 20712 --- [    Test worker] o.h.type.descriptor.sql.BasicExtractor   : extracted value ([city2_7_] : [VARCHAR]) - [Pyeongtaek]
2021-03-10 22:37:37.450 TRACE 20712 --- [    Test worker] o.h.type.descriptor.sql.BasicExtractor   : extracted value ([local_na3_7_] : [VARCHAR]) - [평택시]
2021-03-10 22:37:37.450 TRACE 20712 --- [    Test worker] o.h.type.descriptor.sql.BasicExtractor   : extracted value ([province4_7_] : [VARCHAR]) - [Gyeonggi]
2021-03-10 22:37:37.450 TRACE 20712 --- [    Test worker] o.h.type.descriptor.sql.BasicExtractor   : extracted value ([id1_7_] : [BIGINT]) - [121]
2021-03-10 22:37:37.450 TRACE 20712 --- [    Test worker] o.h.type.descriptor.sql.BasicExtractor   : extracted value ([city2_7_] : [VARCHAR]) - [Sacheon]
2021-03-10 22:37:37.450 TRACE 20712 --- [    Test worker] o.h.type.descriptor.sql.BasicExtractor   : extracted value ([local_na3_7_] : [VARCHAR]) - [사천시]
2021-03-10 22:37:37.450 TRACE 20712 --- [    Test worker] o.h.type.descriptor.sql.BasicExtractor   : extracted value ([province4_7_] : [VARCHAR]) - [South Gyeongsang]
2021-03-10 22:37:37.450 TRACE 20712 --- [    Test worker] o.h.type.descriptor.sql.BasicExtractor   : extracted value ([id1_7_] : [BIGINT]) - [122]
2021-03-10 22:37:37.450 TRACE 20712 --- [    Test worker] o.h.type.descriptor.sql.BasicExtractor   : extracted value ([city2_7_] : [VARCHAR]) - [Sangju]
2021-03-10 22:37:37.450 TRACE 20712 --- [    Test worker] o.h.type.descriptor.sql.BasicExtractor   : extracted value ([local_na3_7_] : [VARCHAR]) - [상주시]
2021-03-10 22:37:37.450 TRACE 20712 --- [    Test worker] o.h.type.descriptor.sql.BasicExtractor   : extracted value ([province4_7_] : [VARCHAR]) - [North Gyeongsang]
2021-03-10 22:37:37.450 TRACE 20712 --- [    Test worker] o.h.type.descriptor.sql.BasicExtractor   : extracted value ([id1_7_] : [BIGINT]) - [123]
2021-03-10 22:37:37.450 TRACE 20712 --- [    Test worker] o.h.type.descriptor.sql.BasicExtractor   : extracted value ([city2_7_] : [VARCHAR]) - [Samcheok]
2021-03-10 22:37:37.450 TRACE 20712 --- [    Test worker] o.h.type.descriptor.sql.BasicExtractor   : extracted value ([local_na3_7_] : [VARCHAR]) - [삼척시]
2021-03-10 22:37:37.450 TRACE 20712 --- [    Test worker] o.h.type.descriptor.sql.BasicExtractor   : extracted value ([province4_7_] : [VARCHAR]) - [Gangwon]
2021-03-10 22:37:37.450 TRACE 20712 --- [    Test worker] o.h.type.descriptor.sql.BasicExtractor   : extracted value ([id1_7_] : [BIGINT]) - [124]
2021-03-10 22:37:37.450 TRACE 20712 --- [    Test worker] o.h.type.descriptor.sql.BasicExtractor   : extracted value ([city2_7_] : [VARCHAR]) - [Sejong]
2021-03-10 22:37:37.450 TRACE 20712 --- [    Test worker] o.h.type.descriptor.sql.BasicExtractor   : extracted value ([local_na3_7_] : [VARCHAR]) - [세종특별자치시]
2021-03-10 22:37:37.450 TRACE 20712 --- [    Test worker] o.h.type.descriptor.sql.BasicExtractor   : extracted value ([province4_7_] : [VARCHAR]) - [none]
2021-03-10 22:37:37.450 TRACE 20712 --- [    Test worker] o.h.type.descriptor.sql.BasicExtractor   : extracted value ([id1_7_] : [BIGINT]) - [125]
2021-03-10 22:37:37.450 TRACE 20712 --- [    Test worker] o.h.type.descriptor.sql.BasicExtractor   : extracted value ([city2_7_] : [VARCHAR]) - [Seogwipo]
2021-03-10 22:37:37.450 TRACE 20712 --- [    Test worker] o.h.type.descriptor.sql.BasicExtractor   : extracted value ([local_na3_7_] : [VARCHAR]) - [서귀포시]
2021-03-10 22:37:37.450 TRACE 20712 --- [    Test worker] o.h.type.descriptor.sql.BasicExtractor   : extracted value ([province4_7_] : [VARCHAR]) - [Jeju]
2021-03-10 22:37:37.450 TRACE 20712 --- [    Test worker] o.h.type.descriptor.sql.BasicExtractor   : extracted value ([id1_7_] : [BIGINT]) - [126]
2021-03-10 22:37:37.450 TRACE 20712 --- [    Test worker] o.h.type.descriptor.sql.BasicExtractor   : extracted value ([city2_7_] : [VARCHAR]) - [Seongnam]
2021-03-10 22:37:37.450 TRACE 20712 --- [    Test worker] o.h.type.descriptor.sql.BasicExtractor   : extracted value ([local_na3_7_] : [VARCHAR]) - [성남시]
2021-03-10 22:37:37.450 TRACE 20712 --- [    Test worker] o.h.type.descriptor.sql.BasicExtractor   : extracted value ([province4_7_] : [VARCHAR]) - [Gyeonggi]
2021-03-10 22:37:37.450 TRACE 20712 --- [    Test worker] o.h.type.descriptor.sql.BasicExtractor   : extracted value ([id1_7_] : [BIGINT]) - [127]
2021-03-10 22:37:37.450 TRACE 20712 --- [    Test worker] o.h.type.descriptor.sql.BasicExtractor   : extracted value ([city2_7_] : [VARCHAR]) - [Seosan]
2021-03-10 22:37:37.450 TRACE 20712 --- [    Test worker] o.h.type.descriptor.sql.BasicExtractor   : extracted value ([local_na3_7_] : [VARCHAR]) - [서산시]
2021-03-10 22:37:37.450 TRACE 20712 --- [    Test worker] o.h.type.descriptor.sql.BasicExtractor   : extracted value ([province4_7_] : [VARCHAR]) - [South Chungcheong]
2021-03-10 22:37:37.450 TRACE 20712 --- [    Test worker] o.h.type.descriptor.sql.BasicExtractor   : extracted value ([id1_7_] : [BIGINT]) - [128]
2021-03-10 22:37:37.450 TRACE 20712 --- [    Test worker] o.h.type.descriptor.sql.BasicExtractor   : extracted value ([city2_7_] : [VARCHAR]) - [Seoul]
2021-03-10 22:37:37.450 TRACE 20712 --- [    Test worker] o.h.type.descriptor.sql.BasicExtractor   : extracted value ([local_na3_7_] : [VARCHAR]) - [서울특별시]
2021-03-10 22:37:37.450 TRACE 20712 --- [    Test worker] o.h.type.descriptor.sql.BasicExtractor   : extracted value ([province4_7_] : [VARCHAR]) - [none]
2021-03-10 22:37:37.450 TRACE 20712 --- [    Test worker] o.h.type.descriptor.sql.BasicExtractor   : extracted value ([id1_7_] : [BIGINT]) - [129]
2021-03-10 22:37:37.450 TRACE 20712 --- [    Test worker] o.h.type.descriptor.sql.BasicExtractor   : extracted value ([city2_7_] : [VARCHAR]) - [Siheung]
2021-03-10 22:37:37.450 TRACE 20712 --- [    Test worker] o.h.type.descriptor.sql.BasicExtractor   : extracted value ([local_na3_7_] : [VARCHAR]) - [시흥시]
2021-03-10 22:37:37.450 TRACE 20712 --- [    Test worker] o.h.type.descriptor.sql.BasicExtractor   : extracted value ([province4_7_] : [VARCHAR]) - [Gyeonggi]
2021-03-10 22:37:37.450 TRACE 20712 --- [    Test worker] o.h.type.descriptor.sql.BasicExtractor   : extracted value ([id1_7_] : [BIGINT]) - [130]
2021-03-10 22:37:37.450 TRACE 20712 --- [    Test worker] o.h.type.descriptor.sql.BasicExtractor   : extracted value ([city2_7_] : [VARCHAR]) - [Sokcho]
2021-03-10 22:37:37.450 TRACE 20712 --- [    Test worker] o.h.type.descriptor.sql.BasicExtractor   : extracted value ([local_na3_7_] : [VARCHAR]) - [속초시]
2021-03-10 22:37:37.450 TRACE 20712 --- [    Test worker] o.h.type.descriptor.sql.BasicExtractor   : extracted value ([province4_7_] : [VARCHAR]) - [Gangwon]
2021-03-10 22:37:37.450 TRACE 20712 --- [    Test worker] o.h.type.descriptor.sql.BasicExtractor   : extracted value ([id1_7_] : [BIGINT]) - [131]
2021-03-10 22:37:37.450 TRACE 20712 --- [    Test worker] o.h.type.descriptor.sql.BasicExtractor   : extracted value ([city2_7_] : [VARCHAR]) - [Suncheon]
2021-03-10 22:37:37.450 TRACE 20712 --- [    Test worker] o.h.type.descriptor.sql.BasicExtractor   : extracted value ([local_na3_7_] : [VARCHAR]) - [순천시]
2021-03-10 22:37:37.450 TRACE 20712 --- [    Test worker] o.h.type.descriptor.sql.BasicExtractor   : extracted value ([province4_7_] : [VARCHAR]) - [South Jeolla]
2021-03-10 22:37:37.450 TRACE 20712 --- [    Test worker] o.h.type.descriptor.sql.BasicExtractor   : extracted value ([id1_7_] : [BIGINT]) - [132]
2021-03-10 22:37:37.450 TRACE 20712 --- [    Test worker] o.h.type.descriptor.sql.BasicExtractor   : extracted value ([city2_7_] : [VARCHAR]) - [Suwon]
2021-03-10 22:37:37.450 TRACE 20712 --- [    Test worker] o.h.type.descriptor.sql.BasicExtractor   : extracted value ([local_na3_7_] : [VARCHAR]) - [수원시]
2021-03-10 22:37:37.450 TRACE 20712 --- [    Test worker] o.h.type.descriptor.sql.BasicExtractor   : extracted value ([province4_7_] : [VARCHAR]) - [Gyeonggi]
2021-03-10 22:37:37.450 TRACE 20712 --- [    Test worker] o.h.type.descriptor.sql.BasicExtractor   : extracted value ([id1_7_] : [BIGINT]) - [133]
2021-03-10 22:37:37.450 TRACE 20712 --- [    Test worker] o.h.type.descriptor.sql.BasicExtractor   : extracted value ([city2_7_] : [VARCHAR]) - [Taebaek]
2021-03-10 22:37:37.450 TRACE 20712 --- [    Test worker] o.h.type.descriptor.sql.BasicExtractor   : extracted value ([local_na3_7_] : [VARCHAR]) - [태백시]
2021-03-10 22:37:37.450 TRACE 20712 --- [    Test worker] o.h.type.descriptor.sql.BasicExtractor   : extracted value ([province4_7_] : [VARCHAR]) - [Gangwon]
2021-03-10 22:37:37.450 TRACE 20712 --- [    Test worker] o.h.type.descriptor.sql.BasicExtractor   : extracted value ([id1_7_] : [BIGINT]) - [134]
2021-03-10 22:37:37.450 TRACE 20712 --- [    Test worker] o.h.type.descriptor.sql.BasicExtractor   : extracted value ([city2_7_] : [VARCHAR]) - [Tongyeong]
2021-03-10 22:37:37.450 TRACE 20712 --- [    Test worker] o.h.type.descriptor.sql.BasicExtractor   : extracted value ([local_na3_7_] : [VARCHAR]) - [통영시]
2021-03-10 22:37:37.450 TRACE 20712 --- [    Test worker] o.h.type.descriptor.sql.BasicExtractor   : extracted value ([province4_7_] : [VARCHAR]) - [South Gyeongsang]
2021-03-10 22:37:37.450 TRACE 20712 --- [    Test worker] o.h.type.descriptor.sql.BasicExtractor   : extracted value ([id1_7_] : [BIGINT]) - [135]
2021-03-10 22:37:37.450 TRACE 20712 --- [    Test worker] o.h.type.descriptor.sql.BasicExtractor   : extracted value ([city2_7_] : [VARCHAR]) - [Uijeongbu]
2021-03-10 22:37:37.450 TRACE 20712 --- [    Test worker] o.h.type.descriptor.sql.BasicExtractor   : extracted value ([local_na3_7_] : [VARCHAR]) - [의정부시]
2021-03-10 22:37:37.450 TRACE 20712 --- [    Test worker] o.h.type.descriptor.sql.BasicExtractor   : extracted value ([province4_7_] : [VARCHAR]) - [Gyeonggi]
2021-03-10 22:37:37.450 TRACE 20712 --- [    Test worker] o.h.type.descriptor.sql.BasicExtractor   : extracted value ([id1_7_] : [BIGINT]) - [136]
2021-03-10 22:37:37.450 TRACE 20712 --- [    Test worker] o.h.type.descriptor.sql.BasicExtractor   : extracted value ([city2_7_] : [VARCHAR]) - [Uiwang]
2021-03-10 22:37:37.450 TRACE 20712 --- [    Test worker] o.h.type.descriptor.sql.BasicExtractor   : extracted value ([local_na3_7_] : [VARCHAR]) - [의왕시]
2021-03-10 22:37:37.450 TRACE 20712 --- [    Test worker] o.h.type.descriptor.sql.BasicExtractor   : extracted value ([province4_7_] : [VARCHAR]) - [Gyeonggi]
2021-03-10 22:37:37.450 TRACE 20712 --- [    Test worker] o.h.type.descriptor.sql.BasicExtractor   : extracted value ([id1_7_] : [BIGINT]) - [137]
2021-03-10 22:37:37.450 TRACE 20712 --- [    Test worker] o.h.type.descriptor.sql.BasicExtractor   : extracted value ([city2_7_] : [VARCHAR]) - [Ulsan]
2021-03-10 22:37:37.450 TRACE 20712 --- [    Test worker] o.h.type.descriptor.sql.BasicExtractor   : extracted value ([local_na3_7_] : [VARCHAR]) - [울산광역시]
2021-03-10 22:37:37.450 TRACE 20712 --- [    Test worker] o.h.type.descriptor.sql.BasicExtractor   : extracted value ([province4_7_] : [VARCHAR]) - [none]
2021-03-10 22:37:37.450 TRACE 20712 --- [    Test worker] o.h.type.descriptor.sql.BasicExtractor   : extracted value ([id1_7_] : [BIGINT]) - [138]
2021-03-10 22:37:37.450 TRACE 20712 --- [    Test worker] o.h.type.descriptor.sql.BasicExtractor   : extracted value ([city2_7_] : [VARCHAR]) - [Wonju]
2021-03-10 22:37:37.450 TRACE 20712 --- [    Test worker] o.h.type.descriptor.sql.BasicExtractor   : extracted value ([local_na3_7_] : [VARCHAR]) - [원주시]
2021-03-10 22:37:37.450 TRACE 20712 --- [    Test worker] o.h.type.descriptor.sql.BasicExtractor   : extracted value ([province4_7_] : [VARCHAR]) - [Gangwon]
2021-03-10 22:37:37.450 TRACE 20712 --- [    Test worker] o.h.type.descriptor.sql.BasicExtractor   : extracted value ([id1_7_] : [BIGINT]) - [139]
2021-03-10 22:37:37.450 TRACE 20712 --- [    Test worker] o.h.type.descriptor.sql.BasicExtractor   : extracted value ([city2_7_] : [VARCHAR]) - [Yangju]
2021-03-10 22:37:37.450 TRACE 20712 --- [    Test worker] o.h.type.descriptor.sql.BasicExtractor   : extracted value ([local_na3_7_] : [VARCHAR]) - [양주시]
2021-03-10 22:37:37.450 TRACE 20712 --- [    Test worker] o.h.type.descriptor.sql.BasicExtractor   : extracted value ([province4_7_] : [VARCHAR]) - [Gyeonggi]
2021-03-10 22:37:37.450 TRACE 20712 --- [    Test worker] o.h.type.descriptor.sql.BasicExtractor   : extracted value ([id1_7_] : [BIGINT]) - [140]
2021-03-10 22:37:37.450 TRACE 20712 --- [    Test worker] o.h.type.descriptor.sql.BasicExtractor   : extracted value ([city2_7_] : [VARCHAR]) - [Yangsan]
2021-03-10 22:37:37.450 TRACE 20712 --- [    Test worker] o.h.type.descriptor.sql.BasicExtractor   : extracted value ([local_na3_7_] : [VARCHAR]) - [양산시]
2021-03-10 22:37:37.450 TRACE 20712 --- [    Test worker] o.h.type.descriptor.sql.BasicExtractor   : extracted value ([province4_7_] : [VARCHAR]) - [South Gyeongsang]
2021-03-10 22:37:37.450 TRACE 20712 --- [    Test worker] o.h.type.descriptor.sql.BasicExtractor   : extracted value ([id1_7_] : [BIGINT]) - [141]
2021-03-10 22:37:37.450 TRACE 20712 --- [    Test worker] o.h.type.descriptor.sql.BasicExtractor   : extracted value ([city2_7_] : [VARCHAR]) - [Yeoju]
2021-03-10 22:37:37.450 TRACE 20712 --- [    Test worker] o.h.type.descriptor.sql.BasicExtractor   : extracted value ([local_na3_7_] : [VARCHAR]) - [여주시]
2021-03-10 22:37:37.450 TRACE 20712 --- [    Test worker] o.h.type.descriptor.sql.BasicExtractor   : extracted value ([province4_7_] : [VARCHAR]) - [Gyeonggi]
2021-03-10 22:37:37.450 TRACE 20712 --- [    Test worker] o.h.type.descriptor.sql.BasicExtractor   : extracted value ([id1_7_] : [BIGINT]) - [142]
2021-03-10 22:37:37.450 TRACE 20712 --- [    Test worker] o.h.type.descriptor.sql.BasicExtractor   : extracted value ([city2_7_] : [VARCHAR]) - [Yeongcheon]
2021-03-10 22:37:37.450 TRACE 20712 --- [    Test worker] o.h.type.descriptor.sql.BasicExtractor   : extracted value ([local_na3_7_] : [VARCHAR]) - [영천시]
2021-03-10 22:37:37.450 TRACE 20712 --- [    Test worker] o.h.type.descriptor.sql.BasicExtractor   : extracted value ([province4_7_] : [VARCHAR]) - [North Gyeongsang]
2021-03-10 22:37:37.450 TRACE 20712 --- [    Test worker] o.h.type.descriptor.sql.BasicExtractor   : extracted value ([id1_7_] : [BIGINT]) - [143]
2021-03-10 22:37:37.450 TRACE 20712 --- [    Test worker] o.h.type.descriptor.sql.BasicExtractor   : extracted value ([city2_7_] : [VARCHAR]) - [Yeongju]
2021-03-10 22:37:37.450 TRACE 20712 --- [    Test worker] o.h.type.descriptor.sql.BasicExtractor   : extracted value ([local_na3_7_] : [VARCHAR]) - [영주시]
2021-03-10 22:37:37.450 TRACE 20712 --- [    Test worker] o.h.type.descriptor.sql.BasicExtractor   : extracted value ([province4_7_] : [VARCHAR]) - [North Gyeongsang]
2021-03-10 22:37:37.450 TRACE 20712 --- [    Test worker] o.h.type.descriptor.sql.BasicExtractor   : extracted value ([id1_7_] : [BIGINT]) - [144]
2021-03-10 22:37:37.450 TRACE 20712 --- [    Test worker] o.h.type.descriptor.sql.BasicExtractor   : extracted value ([city2_7_] : [VARCHAR]) - [Yeosu]
2021-03-10 22:37:37.450 TRACE 20712 --- [    Test worker] o.h.type.descriptor.sql.BasicExtractor   : extracted value ([local_na3_7_] : [VARCHAR]) - [여수시]
2021-03-10 22:37:37.450 TRACE 20712 --- [    Test worker] o.h.type.descriptor.sql.BasicExtractor   : extracted value ([province4_7_] : [VARCHAR]) - [South Jeolla]
2021-03-10 22:37:37.450 TRACE 20712 --- [    Test worker] o.h.type.descriptor.sql.BasicExtractor   : extracted value ([id1_7_] : [BIGINT]) - [145]
2021-03-10 22:37:37.450 TRACE 20712 --- [    Test worker] o.h.type.descriptor.sql.BasicExtractor   : extracted value ([city2_7_] : [VARCHAR]) - [Yongin]
2021-03-10 22:37:37.450 TRACE 20712 --- [    Test worker] o.h.type.descriptor.sql.BasicExtractor   : extracted value ([local_na3_7_] : [VARCHAR]) - [용인시]
2021-03-10 22:37:37.450 TRACE 20712 --- [    Test worker] o.h.type.descriptor.sql.BasicExtractor   : extracted value ([province4_7_] : [VARCHAR]) - [Gyeonggi]
Hibernate: 
    select
        zone0_.id as id1_7_,
        zone0_.city as city2_7_,
        zone0_.local_name_of_city as local_na3_7_,
        zone0_.province as province4_7_ 
    from
        zone zone0_
2021-03-10 22:37:37.450 TRACE 20712 --- [    Test worker] o.h.type.descriptor.sql.BasicExtractor   : extracted value ([id1_7_] : [BIGINT]) - [61]
2021-03-10 22:37:37.450 TRACE 20712 --- [    Test worker] o.h.type.descriptor.sql.BasicExtractor   : extracted value ([id1_7_] : [BIGINT]) - [62]
2021-03-10 22:37:37.450 TRACE 20712 --- [    Test worker] o.h.type.descriptor.sql.BasicExtractor   : extracted value ([id1_7_] : [BIGINT]) - [63]
2021-03-10 22:37:37.450 TRACE 20712 --- [    Test worker] o.h.type.descriptor.sql.BasicExtractor   : extracted value ([id1_7_] : [BIGINT]) - [64]
2021-03-10 22:37:37.450 TRACE 20712 --- [    Test worker] o.h.type.descriptor.sql.BasicExtractor   : extracted value ([id1_7_] : [BIGINT]) - [65]
2021-03-10 22:37:37.450 TRACE 20712 --- [    Test worker] o.h.type.descriptor.sql.BasicExtractor   : extracted value ([id1_7_] : [BIGINT]) - [66]
2021-03-10 22:37:37.450 TRACE 20712 --- [    Test worker] o.h.type.descriptor.sql.BasicExtractor   : extracted value ([id1_7_] : [BIGINT]) - [67]
2021-03-10 22:37:37.450 TRACE 20712 --- [    Test worker] o.h.type.descriptor.sql.BasicExtractor   : extracted value ([id1_7_] : [BIGINT]) - [68]
2021-03-10 22:37:37.450 TRACE 20712 --- [    Test worker] o.h.type.descriptor.sql.BasicExtractor   : extracted value ([id1_7_] : [BIGINT]) - [69]
2021-03-10 22:37:37.450 TRACE 20712 --- [    Test worker] o.h.type.descriptor.sql.BasicExtractor   : extracted value ([id1_7_] : [BIGINT]) - [70]
2021-03-10 22:37:37.450 TRACE 20712 --- [    Test worker] o.h.type.descriptor.sql.BasicExtractor   : extracted value ([id1_7_] : [BIGINT]) - [71]
2021-03-10 22:37:37.450 TRACE 20712 --- [    Test worker] o.h.type.descriptor.sql.BasicExtractor   : extracted value ([id1_7_] : [BIGINT]) - [72]
2021-03-10 22:37:37.450 TRACE 20712 --- [    Test worker] o.h.type.descriptor.sql.BasicExtractor   : extracted value ([id1_7_] : [BIGINT]) - [73]
2021-03-10 22:37:37.450 TRACE 20712 --- [    Test worker] o.h.type.descriptor.sql.BasicExtractor   : extracted value ([id1_7_] : [BIGINT]) - [74]
2021-03-10 22:37:37.450 TRACE 20712 --- [    Test worker] o.h.type.descriptor.sql.BasicExtractor   : extracted value ([id1_7_] : [BIGINT]) - [75]
2021-03-10 22:37:37.450 TRACE 20712 --- [    Test worker] o.h.type.descriptor.sql.BasicExtractor   : extracted value ([id1_7_] : [BIGINT]) - [76]
2021-03-10 22:37:37.450 TRACE 20712 --- [    Test worker] o.h.type.descriptor.sql.BasicExtractor   : extracted value ([id1_7_] : [BIGINT]) - [77]
2021-03-10 22:37:37.450 TRACE 20712 --- [    Test worker] o.h.type.descriptor.sql.BasicExtractor   : extracted value ([id1_7_] : [BIGINT]) - [78]
2021-03-10 22:37:37.450 TRACE 20712 --- [    Test worker] o.h.type.descriptor.sql.BasicExtractor   : extracted value ([id1_7_] : [BIGINT]) - [79]
2021-03-10 22:37:37.450 TRACE 20712 --- [    Test worker] o.h.type.descriptor.sql.BasicExtractor   : extracted value ([id1_7_] : [BIGINT]) - [80]
2021-03-10 22:37:37.450 TRACE 20712 --- [    Test worker] o.h.type.descriptor.sql.BasicExtractor   : extracted value ([id1_7_] : [BIGINT]) - [81]
2021-03-10 22:37:37.450 TRACE 20712 --- [    Test worker] o.h.type.descriptor.sql.BasicExtractor   : extracted value ([id1_7_] : [BIGINT]) - [82]
2021-03-10 22:37:37.450 TRACE 20712 --- [    Test worker] o.h.type.descriptor.sql.BasicExtractor   : extracted value ([id1_7_] : [BIGINT]) - [83]
2021-03-10 22:37:37.450 TRACE 20712 --- [    Test worker] o.h.type.descriptor.sql.BasicExtractor   : extracted value ([id1_7_] : [BIGINT]) - [84]
2021-03-10 22:37:37.450 TRACE 20712 --- [    Test worker] o.h.type.descriptor.sql.BasicExtractor   : extracted value ([id1_7_] : [BIGINT]) - [85]
2021-03-10 22:37:37.450 TRACE 20712 --- [    Test worker] o.h.type.descriptor.sql.BasicExtractor   : extracted value ([id1_7_] : [BIGINT]) - [86]
2021-03-10 22:37:37.450 TRACE 20712 --- [    Test worker] o.h.type.descriptor.sql.BasicExtractor   : extracted value ([id1_7_] : [BIGINT]) - [87]
2021-03-10 22:37:37.450 TRACE 20712 --- [    Test worker] o.h.type.descriptor.sql.BasicExtractor   : extracted value ([id1_7_] : [BIGINT]) - [88]
2021-03-10 22:37:37.450 TRACE 20712 --- [    Test worker] o.h.type.descriptor.sql.BasicExtractor   : extracted value ([id1_7_] : [BIGINT]) - [89]
2021-03-10 22:37:37.450 TRACE 20712 --- [    Test worker] o.h.type.descriptor.sql.BasicExtractor   : extracted value ([id1_7_] : [BIGINT]) - [90]
2021-03-10 22:37:37.450 TRACE 20712 --- [    Test worker] o.h.type.descriptor.sql.BasicExtractor   : extracted value ([id1_7_] : [BIGINT]) - [91]
2021-03-10 22:37:37.450 TRACE 20712 --- [    Test worker] o.h.type.descriptor.sql.BasicExtractor   : extracted value ([id1_7_] : [BIGINT]) - [92]
2021-03-10 22:37:37.450 TRACE 20712 --- [    Test worker] o.h.type.descriptor.sql.BasicExtractor   : extracted value ([id1_7_] : [BIGINT]) - [93]
2021-03-10 22:37:37.450 TRACE 20712 --- [    Test worker] o.h.type.descriptor.sql.BasicExtractor   : extracted value ([id1_7_] : [BIGINT]) - [94]
2021-03-10 22:37:37.450 TRACE 20712 --- [    Test worker] o.h.type.descriptor.sql.BasicExtractor   : extracted value ([id1_7_] : [BIGINT]) - [95]
2021-03-10 22:37:37.450 TRACE 20712 --- [    Test worker] o.h.type.descriptor.sql.BasicExtractor   : extracted value ([id1_7_] : [BIGINT]) - [96]
2021-03-10 22:37:37.450 TRACE 20712 --- [    Test worker] o.h.type.descriptor.sql.BasicExtractor   : extracted value ([id1_7_] : [BIGINT]) - [97]
2021-03-10 22:37:37.450 TRACE 20712 --- [    Test worker] o.h.type.descriptor.sql.BasicExtractor   : extracted value ([id1_7_] : [BIGINT]) - [98]
2021-03-10 22:37:37.450 TRACE 20712 --- [    Test worker] o.h.type.descriptor.sql.BasicExtractor   : extracted value ([id1_7_] : [BIGINT]) - [99]
2021-03-10 22:37:37.450 TRACE 20712 --- [    Test worker] o.h.type.descriptor.sql.BasicExtractor   : extracted value ([id1_7_] : [BIGINT]) - [100]
2021-03-10 22:37:37.450 TRACE 20712 --- [    Test worker] o.h.type.descriptor.sql.BasicExtractor   : extracted value ([id1_7_] : [BIGINT]) - [101]
2021-03-10 22:37:37.450 TRACE 20712 --- [    Test worker] o.h.type.descriptor.sql.BasicExtractor   : extracted value ([id1_7_] : [BIGINT]) - [102]
2021-03-10 22:37:37.450 TRACE 20712 --- [    Test worker] o.h.type.descriptor.sql.BasicExtractor   : extracted value ([id1_7_] : [BIGINT]) - [103]
2021-03-10 22:37:37.450 TRACE 20712 --- [    Test worker] o.h.type.descriptor.sql.BasicExtractor   : extracted value ([id1_7_] : [BIGINT]) - [104]
2021-03-10 22:37:37.450 TRACE 20712 --- [    Test worker] o.h.type.descriptor.sql.BasicExtractor   : extracted value ([id1_7_] : [BIGINT]) - [105]
2021-03-10 22:37:37.450 TRACE 20712 --- [    Test worker] o.h.type.descriptor.sql.BasicExtractor   : extracted value ([id1_7_] : [BIGINT]) - [106]
2021-03-10 22:37:37.450 TRACE 20712 --- [    Test worker] o.h.type.descriptor.sql.BasicExtractor   : extracted value ([id1_7_] : [BIGINT]) - [107]
2021-03-10 22:37:37.450 TRACE 20712 --- [    Test worker] o.h.type.descriptor.sql.BasicExtractor   : extracted value ([id1_7_] : [BIGINT]) - [108]
2021-03-10 22:37:37.450 TRACE 20712 --- [    Test worker] o.h.type.descriptor.sql.BasicExtractor   : extracted value ([id1_7_] : [BIGINT]) - [109]
2021-03-10 22:37:37.450 TRACE 20712 --- [    Test worker] o.h.type.descriptor.sql.BasicExtractor   : extracted value ([id1_7_] : [BIGINT]) - [110]
2021-03-10 22:37:37.450 TRACE 20712 --- [    Test worker] o.h.type.descriptor.sql.BasicExtractor   : extracted value ([id1_7_] : [BIGINT]) - [111]
2021-03-10 22:37:37.450 TRACE 20712 --- [    Test worker] o.h.type.descriptor.sql.BasicExtractor   : extracted value ([id1_7_] : [BIGINT]) - [112]
2021-03-10 22:37:37.450 TRACE 20712 --- [    Test worker] o.h.type.descriptor.sql.BasicExtractor   : extracted value ([id1_7_] : [BIGINT]) - [113]
2021-03-10 22:37:37.450 TRACE 20712 --- [    Test worker] o.h.type.descriptor.sql.BasicExtractor   : extracted value ([id1_7_] : [BIGINT]) - [114]
2021-03-10 22:37:37.450 TRACE 20712 --- [    Test worker] o.h.type.descriptor.sql.BasicExtractor   : extracted value ([id1_7_] : [BIGINT]) - [115]
2021-03-10 22:37:37.450 TRACE 20712 --- [    Test worker] o.h.type.descriptor.sql.BasicExtractor   : extracted value ([id1_7_] : [BIGINT]) - [116]
2021-03-10 22:37:37.450 TRACE 20712 --- [    Test worker] o.h.type.descriptor.sql.BasicExtractor   : extracted value ([id1_7_] : [BIGINT]) - [117]
2021-03-10 22:37:37.450 TRACE 20712 --- [    Test worker] o.h.type.descriptor.sql.BasicExtractor   : extracted value ([id1_7_] : [BIGINT]) - [118]
2021-03-10 22:37:37.450 TRACE 20712 --- [    Test worker] o.h.type.descriptor.sql.BasicExtractor   : extracted value ([id1_7_] : [BIGINT]) - [119]
2021-03-10 22:37:37.450 TRACE 20712 --- [    Test worker] o.h.type.descriptor.sql.BasicExtractor   : extracted value ([id1_7_] : [BIGINT]) - [120]
2021-03-10 22:37:37.450 TRACE 20712 --- [    Test worker] o.h.type.descriptor.sql.BasicExtractor   : extracted value ([id1_7_] : [BIGINT]) - [121]
2021-03-10 22:37:37.450 TRACE 20712 --- [    Test worker] o.h.type.descriptor.sql.BasicExtractor   : extracted value ([id1_7_] : [BIGINT]) - [122]
2021-03-10 22:37:37.450 TRACE 20712 --- [    Test worker] o.h.type.descriptor.sql.BasicExtractor   : extracted value ([id1_7_] : [BIGINT]) - [123]
2021-03-10 22:37:37.450 TRACE 20712 --- [    Test worker] o.h.type.descriptor.sql.BasicExtractor   : extracted value ([id1_7_] : [BIGINT]) - [124]
2021-03-10 22:37:37.450 TRACE 20712 --- [    Test worker] o.h.type.descriptor.sql.BasicExtractor   : extracted value ([id1_7_] : [BIGINT]) - [125]
2021-03-10 22:37:37.450 TRACE 20712 --- [    Test worker] o.h.type.descriptor.sql.BasicExtractor   : extracted value ([id1_7_] : [BIGINT]) - [126]
2021-03-10 22:37:37.450 TRACE 20712 --- [    Test worker] o.h.type.descriptor.sql.BasicExtractor   : extracted value ([id1_7_] : [BIGINT]) - [127]
2021-03-10 22:37:37.450 TRACE 20712 --- [    Test worker] o.h.type.descriptor.sql.BasicExtractor   : extracted value ([id1_7_] : [BIGINT]) - [128]
2021-03-10 22:37:37.450 TRACE 20712 --- [    Test worker] o.h.type.descriptor.sql.BasicExtractor   : extracted value ([id1_7_] : [BIGINT]) - [129]
2021-03-10 22:37:37.450 TRACE 20712 --- [    Test worker] o.h.type.descriptor.sql.BasicExtractor   : extracted value ([id1_7_] : [BIGINT]) - [130]
2021-03-10 22:37:37.450 TRACE 20712 --- [    Test worker] o.h.type.descriptor.sql.BasicExtractor   : extracted value ([id1_7_] : [BIGINT]) - [131]
2021-03-10 22:37:37.450 TRACE 20712 --- [    Test worker] o.h.type.descriptor.sql.BasicExtractor   : extracted value ([id1_7_] : [BIGINT]) - [132]
2021-03-10 22:37:37.450 TRACE 20712 --- [    Test worker] o.h.type.descriptor.sql.BasicExtractor   : extracted value ([id1_7_] : [BIGINT]) - [133]
2021-03-10 22:37:37.450 TRACE 20712 --- [    Test worker] o.h.type.descriptor.sql.BasicExtractor   : extracted value ([id1_7_] : [BIGINT]) - [134]
2021-03-10 22:37:37.450 TRACE 20712 --- [    Test worker] o.h.type.descriptor.sql.BasicExtractor   : extracted value ([id1_7_] : [BIGINT]) - [135]
2021-03-10 22:37:37.450 TRACE 20712 --- [    Test worker] o.h.type.descriptor.sql.BasicExtractor   : extracted value ([id1_7_] : [BIGINT]) - [136]
2021-03-10 22:37:37.450 TRACE 20712 --- [    Test worker] o.h.type.descriptor.sql.BasicExtractor   : extracted value ([id1_7_] : [BIGINT]) - [137]
2021-03-10 22:37:37.450 TRACE 20712 --- [    Test worker] o.h.type.descriptor.sql.BasicExtractor   : extracted value ([id1_7_] : [BIGINT]) - [138]
2021-03-10 22:37:37.450 TRACE 20712 --- [    Test worker] o.h.type.descriptor.sql.BasicExtractor   : extracted value ([id1_7_] : [BIGINT]) - [139]
2021-03-10 22:37:37.450 TRACE 20712 --- [    Test worker] o.h.type.descriptor.sql.BasicExtractor   : extracted value ([id1_7_] : [BIGINT]) - [140]
2021-03-10 22:37:37.450 TRACE 20712 --- [    Test worker] o.h.type.descriptor.sql.BasicExtractor   : extracted value ([id1_7_] : [BIGINT]) - [141]
2021-03-10 22:37:37.450 TRACE 20712 --- [    Test worker] o.h.type.descriptor.sql.BasicExtractor   : extracted value ([id1_7_] : [BIGINT]) - [142]
2021-03-10 22:37:37.450 TRACE 20712 --- [    Test worker] o.h.type.descriptor.sql.BasicExtractor   : extracted value ([id1_7_] : [BIGINT]) - [143]
2021-03-10 22:37:37.450 TRACE 20712 --- [    Test worker] o.h.type.descriptor.sql.BasicExtractor   : extracted value ([id1_7_] : [BIGINT]) - [144]
2021-03-10 22:37:37.450 TRACE 20712 --- [    Test worker] o.h.type.descriptor.sql.BasicExtractor   : extracted value ([id1_7_] : [BIGINT]) - [145]
Hibernate: 
    select
        zone0_.id as id1_7_,
        zone0_.city as city2_7_,
        zone0_.local_name_of_city as local_na3_7_,
        zone0_.province as province4_7_ 
    from
        zone zone0_
2021-03-10 22:37:37.450 TRACE 20712 --- [    Test worker] o.h.type.descriptor.sql.BasicExtractor   : extracted value ([id1_7_] : [BIGINT]) - [61]
2021-03-10 22:37:37.450 TRACE 20712 --- [    Test worker] o.h.type.descriptor.sql.BasicExtractor   : extracted value ([id1_7_] : [BIGINT]) - [62]
2021-03-10 22:37:37.450 TRACE 20712 --- [    Test worker] o.h.type.descriptor.sql.BasicExtractor   : extracted value ([id1_7_] : [BIGINT]) - [63]
2021-03-10 22:37:37.450 TRACE 20712 --- [    Test worker] o.h.type.descriptor.sql.BasicExtractor   : extracted value ([id1_7_] : [BIGINT]) - [64]
2021-03-10 22:37:37.450 TRACE 20712 --- [    Test worker] o.h.type.descriptor.sql.BasicExtractor   : extracted value ([id1_7_] : [BIGINT]) - [65]
2021-03-10 22:37:37.450 TRACE 20712 --- [    Test worker] o.h.type.descriptor.sql.BasicExtractor   : extracted value ([id1_7_] : [BIGINT]) - [66]
2021-03-10 22:37:37.450 TRACE 20712 --- [    Test worker] o.h.type.descriptor.sql.BasicExtractor   : extracted value ([id1_7_] : [BIGINT]) - [67]
2021-03-10 22:37:37.450 TRACE 20712 --- [    Test worker] o.h.type.descriptor.sql.BasicExtractor   : extracted value ([id1_7_] : [BIGINT]) - [68]
2021-03-10 22:37:37.450 TRACE 20712 --- [    Test worker] o.h.type.descriptor.sql.BasicExtractor   : extracted value ([id1_7_] : [BIGINT]) - [69]
2021-03-10 22:37:37.450 TRACE 20712 --- [    Test worker] o.h.type.descriptor.sql.BasicExtractor   : extracted value ([id1_7_] : [BIGINT]) - [70]
2021-03-10 22:37:37.450 TRACE 20712 --- [    Test worker] o.h.type.descriptor.sql.BasicExtractor   : extracted value ([id1_7_] : [BIGINT]) - [71]
2021-03-10 22:37:37.450 TRACE 20712 --- [    Test worker] o.h.type.descriptor.sql.BasicExtractor   : extracted value ([id1_7_] : [BIGINT]) - [72]
2021-03-10 22:37:37.450 TRACE 20712 --- [    Test worker] o.h.type.descriptor.sql.BasicExtractor   : extracted value ([id1_7_] : [BIGINT]) - [73]
2021-03-10 22:37:37.450 TRACE 20712 --- [    Test worker] o.h.type.descriptor.sql.BasicExtractor   : extracted value ([id1_7_] : [BIGINT]) - [74]
2021-03-10 22:37:37.450 TRACE 20712 --- [    Test worker] o.h.type.descriptor.sql.BasicExtractor   : extracted value ([id1_7_] : [BIGINT]) - [75]
2021-03-10 22:37:37.450 TRACE 20712 --- [    Test worker] o.h.type.descriptor.sql.BasicExtractor   : extracted value ([id1_7_] : [BIGINT]) - [76]
2021-03-10 22:37:37.450 TRACE 20712 --- [    Test worker] o.h.type.descriptor.sql.BasicExtractor   : extracted value ([id1_7_] : [BIGINT]) - [77]
2021-03-10 22:37:37.450 TRACE 20712 --- [    Test worker] o.h.type.descriptor.sql.BasicExtractor   : extracted value ([id1_7_] : [BIGINT]) - [78]
2021-03-10 22:37:37.450 TRACE 20712 --- [    Test worker] o.h.type.descriptor.sql.BasicExtractor   : extracted value ([id1_7_] : [BIGINT]) - [79]
2021-03-10 22:37:37.450 TRACE 20712 --- [    Test worker] o.h.type.descriptor.sql.BasicExtractor   : extracted value ([id1_7_] : [BIGINT]) - [80]
2021-03-10 22:37:37.450 TRACE 20712 --- [    Test worker] o.h.type.descriptor.sql.BasicExtractor   : extracted value ([id1_7_] : [BIGINT]) - [81]
2021-03-10 22:37:37.450 TRACE 20712 --- [    Test worker] o.h.type.descriptor.sql.BasicExtractor   : extracted value ([id1_7_] : [BIGINT]) - [82]
2021-03-10 22:37:37.450 TRACE 20712 --- [    Test worker] o.h.type.descriptor.sql.BasicExtractor   : extracted value ([id1_7_] : [BIGINT]) - [83]
2021-03-10 22:37:37.450 TRACE 20712 --- [    Test worker] o.h.type.descriptor.sql.BasicExtractor   : extracted value ([id1_7_] : [BIGINT]) - [84]
2021-03-10 22:37:37.450 TRACE 20712 --- [    Test worker] o.h.type.descriptor.sql.BasicExtractor   : extracted value ([id1_7_] : [BIGINT]) - [85]
2021-03-10 22:37:37.450 TRACE 20712 --- [    Test worker] o.h.type.descriptor.sql.BasicExtractor   : extracted value ([id1_7_] : [BIGINT]) - [86]
2021-03-10 22:37:37.450 TRACE 20712 --- [    Test worker] o.h.type.descriptor.sql.BasicExtractor   : extracted value ([id1_7_] : [BIGINT]) - [87]
2021-03-10 22:37:37.450 TRACE 20712 --- [    Test worker] o.h.type.descriptor.sql.BasicExtractor   : extracted value ([id1_7_] : [BIGINT]) - [88]
2021-03-10 22:37:37.450 TRACE 20712 --- [    Test worker] o.h.type.descriptor.sql.BasicExtractor   : extracted value ([id1_7_] : [BIGINT]) - [89]
2021-03-10 22:37:37.450 TRACE 20712 --- [    Test worker] o.h.type.descriptor.sql.BasicExtractor   : extracted value ([id1_7_] : [BIGINT]) - [90]
2021-03-10 22:37:37.450 TRACE 20712 --- [    Test worker] o.h.type.descriptor.sql.BasicExtractor   : extracted value ([id1_7_] : [BIGINT]) - [91]
2021-03-10 22:37:37.450 TRACE 20712 --- [    Test worker] o.h.type.descriptor.sql.BasicExtractor   : extracted value ([id1_7_] : [BIGINT]) - [92]
2021-03-10 22:37:37.450 TRACE 20712 --- [    Test worker] o.h.type.descriptor.sql.BasicExtractor   : extracted value ([id1_7_] : [BIGINT]) - [93]
2021-03-10 22:37:37.450 TRACE 20712 --- [    Test worker] o.h.type.descriptor.sql.BasicExtractor   : extracted value ([id1_7_] : [BIGINT]) - [94]
2021-03-10 22:37:37.450 TRACE 20712 --- [    Test worker] o.h.type.descriptor.sql.BasicExtractor   : extracted value ([id1_7_] : [BIGINT]) - [95]
2021-03-10 22:37:37.450 TRACE 20712 --- [    Test worker] o.h.type.descriptor.sql.BasicExtractor   : extracted value ([id1_7_] : [BIGINT]) - [96]
2021-03-10 22:37:37.450 TRACE 20712 --- [    Test worker] o.h.type.descriptor.sql.BasicExtractor   : extracted value ([id1_7_] : [BIGINT]) - [97]
2021-03-10 22:37:37.450 TRACE 20712 --- [    Test worker] o.h.type.descriptor.sql.BasicExtractor   : extracted value ([id1_7_] : [BIGINT]) - [98]
2021-03-10 22:37:37.450 TRACE 20712 --- [    Test worker] o.h.type.descriptor.sql.BasicExtractor   : extracted value ([id1_7_] : [BIGINT]) - [99]
2021-03-10 22:37:37.465 TRACE 20712 --- [    Test worker] o.h.type.descriptor.sql.BasicExtractor   : extracted value ([id1_7_] : [BIGINT]) - [100]
2021-03-10 22:37:37.465 TRACE 20712 --- [    Test worker] o.h.type.descriptor.sql.BasicExtractor   : extracted value ([id1_7_] : [BIGINT]) - [101]
2021-03-10 22:37:37.465 TRACE 20712 --- [    Test worker] o.h.type.descriptor.sql.BasicExtractor   : extracted value ([id1_7_] : [BIGINT]) - [102]
2021-03-10 22:37:37.465 TRACE 20712 --- [    Test worker] o.h.type.descriptor.sql.BasicExtractor   : extracted value ([id1_7_] : [BIGINT]) - [103]
2021-03-10 22:37:37.465 TRACE 20712 --- [    Test worker] o.h.type.descriptor.sql.BasicExtractor   : extracted value ([id1_7_] : [BIGINT]) - [104]
2021-03-10 22:37:37.465 TRACE 20712 --- [    Test worker] o.h.type.descriptor.sql.BasicExtractor   : extracted value ([id1_7_] : [BIGINT]) - [105]
2021-03-10 22:37:37.465 TRACE 20712 --- [    Test worker] o.h.type.descriptor.sql.BasicExtractor   : extracted value ([id1_7_] : [BIGINT]) - [106]
2021-03-10 22:37:37.465 TRACE 20712 --- [    Test worker] o.h.type.descriptor.sql.BasicExtractor   : extracted value ([id1_7_] : [BIGINT]) - [107]
2021-03-10 22:37:37.465 TRACE 20712 --- [    Test worker] o.h.type.descriptor.sql.BasicExtractor   : extracted value ([id1_7_] : [BIGINT]) - [108]
2021-03-10 22:37:37.465 TRACE 20712 --- [    Test worker] o.h.type.descriptor.sql.BasicExtractor   : extracted value ([id1_7_] : [BIGINT]) - [109]
2021-03-10 22:37:37.465 TRACE 20712 --- [    Test worker] o.h.type.descriptor.sql.BasicExtractor   : extracted value ([id1_7_] : [BIGINT]) - [110]
2021-03-10 22:37:37.465 TRACE 20712 --- [    Test worker] o.h.type.descriptor.sql.BasicExtractor   : extracted value ([id1_7_] : [BIGINT]) - [111]
2021-03-10 22:37:37.465 TRACE 20712 --- [    Test worker] o.h.type.descriptor.sql.BasicExtractor   : extracted value ([id1_7_] : [BIGINT]) - [112]
2021-03-10 22:37:37.465 TRACE 20712 --- [    Test worker] o.h.type.descriptor.sql.BasicExtractor   : extracted value ([id1_7_] : [BIGINT]) - [113]
2021-03-10 22:37:37.465 TRACE 20712 --- [    Test worker] o.h.type.descriptor.sql.BasicExtractor   : extracted value ([id1_7_] : [BIGINT]) - [114]
2021-03-10 22:37:37.465 TRACE 20712 --- [    Test worker] o.h.type.descriptor.sql.BasicExtractor   : extracted value ([id1_7_] : [BIGINT]) - [115]
2021-03-10 22:37:37.465 TRACE 20712 --- [    Test worker] o.h.type.descriptor.sql.BasicExtractor   : extracted value ([id1_7_] : [BIGINT]) - [116]
2021-03-10 22:37:37.465 TRACE 20712 --- [    Test worker] o.h.type.descriptor.sql.BasicExtractor   : extracted value ([id1_7_] : [BIGINT]) - [117]
2021-03-10 22:37:37.465 TRACE 20712 --- [    Test worker] o.h.type.descriptor.sql.BasicExtractor   : extracted value ([id1_7_] : [BIGINT]) - [118]
2021-03-10 22:37:37.465 TRACE 20712 --- [    Test worker] o.h.type.descriptor.sql.BasicExtractor   : extracted value ([id1_7_] : [BIGINT]) - [119]
2021-03-10 22:37:37.465 TRACE 20712 --- [    Test worker] o.h.type.descriptor.sql.BasicExtractor   : extracted value ([id1_7_] : [BIGINT]) - [120]
2021-03-10 22:37:37.465 TRACE 20712 --- [    Test worker] o.h.type.descriptor.sql.BasicExtractor   : extracted value ([id1_7_] : [BIGINT]) - [121]
2021-03-10 22:37:37.465 TRACE 20712 --- [    Test worker] o.h.type.descriptor.sql.BasicExtractor   : extracted value ([id1_7_] : [BIGINT]) - [122]
2021-03-10 22:37:37.465 TRACE 20712 --- [    Test worker] o.h.type.descriptor.sql.BasicExtractor   : extracted value ([id1_7_] : [BIGINT]) - [123]
2021-03-10 22:37:37.465 TRACE 20712 --- [    Test worker] o.h.type.descriptor.sql.BasicExtractor   : extracted value ([id1_7_] : [BIGINT]) - [124]
2021-03-10 22:37:37.465 TRACE 20712 --- [    Test worker] o.h.type.descriptor.sql.BasicExtractor   : extracted value ([id1_7_] : [BIGINT]) - [125]
2021-03-10 22:37:37.465 TRACE 20712 --- [    Test worker] o.h.type.descriptor.sql.BasicExtractor   : extracted value ([id1_7_] : [BIGINT]) - [126]
2021-03-10 22:37:37.465 TRACE 20712 --- [    Test worker] o.h.type.descriptor.sql.BasicExtractor   : extracted value ([id1_7_] : [BIGINT]) - [127]
2021-03-10 22:37:37.465 TRACE 20712 --- [    Test worker] o.h.type.descriptor.sql.BasicExtractor   : extracted value ([id1_7_] : [BIGINT]) - [128]
2021-03-10 22:37:37.465 TRACE 20712 --- [    Test worker] o.h.type.descriptor.sql.BasicExtractor   : extracted value ([id1_7_] : [BIGINT]) - [129]
2021-03-10 22:37:37.465 TRACE 20712 --- [    Test worker] o.h.type.descriptor.sql.BasicExtractor   : extracted value ([id1_7_] : [BIGINT]) - [130]
2021-03-10 22:37:37.465 TRACE 20712 --- [    Test worker] o.h.type.descriptor.sql.BasicExtractor   : extracted value ([id1_7_] : [BIGINT]) - [131]
2021-03-10 22:37:37.465 TRACE 20712 --- [    Test worker] o.h.type.descriptor.sql.BasicExtractor   : extracted value ([id1_7_] : [BIGINT]) - [132]
2021-03-10 22:37:37.465 TRACE 20712 --- [    Test worker] o.h.type.descriptor.sql.BasicExtractor   : extracted value ([id1_7_] : [BIGINT]) - [133]
2021-03-10 22:37:37.465 TRACE 20712 --- [    Test worker] o.h.type.descriptor.sql.BasicExtractor   : extracted value ([id1_7_] : [BIGINT]) - [134]
2021-03-10 22:37:37.465 TRACE 20712 --- [    Test worker] o.h.type.descriptor.sql.BasicExtractor   : extracted value ([id1_7_] : [BIGINT]) - [135]
2021-03-10 22:37:37.465 TRACE 20712 --- [    Test worker] o.h.type.descriptor.sql.BasicExtractor   : extracted value ([id1_7_] : [BIGINT]) - [136]
2021-03-10 22:37:37.465 TRACE 20712 --- [    Test worker] o.h.type.descriptor.sql.BasicExtractor   : extracted value ([id1_7_] : [BIGINT]) - [137]
2021-03-10 22:37:37.465 TRACE 20712 --- [    Test worker] o.h.type.descriptor.sql.BasicExtractor   : extracted value ([id1_7_] : [BIGINT]) - [138]
2021-03-10 22:37:37.465 TRACE 20712 --- [    Test worker] o.h.type.descriptor.sql.BasicExtractor   : extracted value ([id1_7_] : [BIGINT]) - [139]
2021-03-10 22:37:37.465 TRACE 20712 --- [    Test worker] o.h.type.descriptor.sql.BasicExtractor   : extracted value ([id1_7_] : [BIGINT]) - [140]
2021-03-10 22:37:37.465 TRACE 20712 --- [    Test worker] o.h.type.descriptor.sql.BasicExtractor   : extracted value ([id1_7_] : [BIGINT]) - [141]
2021-03-10 22:37:37.465 TRACE 20712 --- [    Test worker] o.h.type.descriptor.sql.BasicExtractor   : extracted value ([id1_7_] : [BIGINT]) - [142]
2021-03-10 22:37:37.465 TRACE 20712 --- [    Test worker] o.h.type.descriptor.sql.BasicExtractor   : extracted value ([id1_7_] : [BIGINT]) - [143]
2021-03-10 22:37:37.465 TRACE 20712 --- [    Test worker] o.h.type.descriptor.sql.BasicExtractor   : extracted value ([id1_7_] : [BIGINT]) - [144]
2021-03-10 22:37:37.465 TRACE 20712 --- [    Test worker] o.h.type.descriptor.sql.BasicExtractor   : extracted value ([id1_7_] : [BIGINT]) - [145]
Hibernate: 
    select
        zone0_.id as id1_7_,
        zone0_.city as city2_7_,
        zone0_.local_name_of_city as local_na3_7_,
        zone0_.province as province4_7_ 
    from
        zone zone0_
2021-03-10 22:37:37.465 TRACE 20712 --- [    Test worker] o.h.type.descriptor.sql.BasicExtractor   : extracted value ([id1_7_] : [BIGINT]) - [61]
2021-03-10 22:37:37.465 TRACE 20712 --- [    Test worker] o.h.type.descriptor.sql.BasicExtractor   : extracted value ([id1_7_] : [BIGINT]) - [62]
2021-03-10 22:37:37.465 TRACE 20712 --- [    Test worker] o.h.type.descriptor.sql.BasicExtractor   : extracted value ([id1_7_] : [BIGINT]) - [63]
2021-03-10 22:37:37.465 TRACE 20712 --- [    Test worker] o.h.type.descriptor.sql.BasicExtractor   : extracted value ([id1_7_] : [BIGINT]) - [64]
2021-03-10 22:37:37.465 TRACE 20712 --- [    Test worker] o.h.type.descriptor.sql.BasicExtractor   : extracted value ([id1_7_] : [BIGINT]) - [65]
2021-03-10 22:37:37.465 TRACE 20712 --- [    Test worker] o.h.type.descriptor.sql.BasicExtractor   : extracted value ([id1_7_] : [BIGINT]) - [66]
2021-03-10 22:37:37.465 TRACE 20712 --- [    Test worker] o.h.type.descriptor.sql.BasicExtractor   : extracted value ([id1_7_] : [BIGINT]) - [67]
2021-03-10 22:37:37.465 TRACE 20712 --- [    Test worker] o.h.type.descriptor.sql.BasicExtractor   : extracted value ([id1_7_] : [BIGINT]) - [68]
2021-03-10 22:37:37.465 TRACE 20712 --- [    Test worker] o.h.type.descriptor.sql.BasicExtractor   : extracted value ([id1_7_] : [BIGINT]) - [69]
2021-03-10 22:37:37.465 TRACE 20712 --- [    Test worker] o.h.type.descriptor.sql.BasicExtractor   : extracted value ([id1_7_] : [BIGINT]) - [70]
2021-03-10 22:37:37.465 TRACE 20712 --- [    Test worker] o.h.type.descriptor.sql.BasicExtractor   : extracted value ([id1_7_] : [BIGINT]) - [71]
2021-03-10 22:37:37.465 TRACE 20712 --- [    Test worker] o.h.type.descriptor.sql.BasicExtractor   : extracted value ([id1_7_] : [BIGINT]) - [72]
2021-03-10 22:37:37.465 TRACE 20712 --- [    Test worker] o.h.type.descriptor.sql.BasicExtractor   : extracted value ([id1_7_] : [BIGINT]) - [73]
2021-03-10 22:37:37.465 TRACE 20712 --- [    Test worker] o.h.type.descriptor.sql.BasicExtractor   : extracted value ([id1_7_] : [BIGINT]) - [74]
2021-03-10 22:37:37.465 TRACE 20712 --- [    Test worker] o.h.type.descriptor.sql.BasicExtractor   : extracted value ([id1_7_] : [BIGINT]) - [75]
2021-03-10 22:37:37.465 TRACE 20712 --- [    Test worker] o.h.type.descriptor.sql.BasicExtractor   : extracted value ([id1_7_] : [BIGINT]) - [76]
2021-03-10 22:37:37.465 TRACE 20712 --- [    Test worker] o.h.type.descriptor.sql.BasicExtractor   : extracted value ([id1_7_] : [BIGINT]) - [77]
2021-03-10 22:37:37.465 TRACE 20712 --- [    Test worker] o.h.type.descriptor.sql.BasicExtractor   : extracted value ([id1_7_] : [BIGINT]) - [78]
2021-03-10 22:37:37.465 TRACE 20712 --- [    Test worker] o.h.type.descriptor.sql.BasicExtractor   : extracted value ([id1_7_] : [BIGINT]) - [79]
2021-03-10 22:37:37.465 TRACE 20712 --- [    Test worker] o.h.type.descriptor.sql.BasicExtractor   : extracted value ([id1_7_] : [BIGINT]) - [80]
2021-03-10 22:37:37.465 TRACE 20712 --- [    Test worker] o.h.type.descriptor.sql.BasicExtractor   : extracted value ([id1_7_] : [BIGINT]) - [81]
2021-03-10 22:37:37.465 TRACE 20712 --- [    Test worker] o.h.type.descriptor.sql.BasicExtractor   : extracted value ([id1_7_] : [BIGINT]) - [82]
2021-03-10 22:37:37.465 TRACE 20712 --- [    Test worker] o.h.type.descriptor.sql.BasicExtractor   : extracted value ([id1_7_] : [BIGINT]) - [83]
2021-03-10 22:37:37.465 TRACE 20712 --- [    Test worker] o.h.type.descriptor.sql.BasicExtractor   : extracted value ([id1_7_] : [BIGINT]) - [84]
2021-03-10 22:37:37.465 TRACE 20712 --- [    Test worker] o.h.type.descriptor.sql.BasicExtractor   : extracted value ([id1_7_] : [BIGINT]) - [85]
2021-03-10 22:37:37.465 TRACE 20712 --- [    Test worker] o.h.type.descriptor.sql.BasicExtractor   : extracted value ([id1_7_] : [BIGINT]) - [86]
2021-03-10 22:37:37.465 TRACE 20712 --- [    Test worker] o.h.type.descriptor.sql.BasicExtractor   : extracted value ([id1_7_] : [BIGINT]) - [87]
2021-03-10 22:37:37.465 TRACE 20712 --- [    Test worker] o.h.type.descriptor.sql.BasicExtractor   : extracted value ([id1_7_] : [BIGINT]) - [88]
2021-03-10 22:37:37.465 TRACE 20712 --- [    Test worker] o.h.type.descriptor.sql.BasicExtractor   : extracted value ([id1_7_] : [BIGINT]) - [89]
2021-03-10 22:37:37.465 TRACE 20712 --- [    Test worker] o.h.type.descriptor.sql.BasicExtractor   : extracted value ([id1_7_] : [BIGINT]) - [90]
2021-03-10 22:37:37.465 TRACE 20712 --- [    Test worker] o.h.type.descriptor.sql.BasicExtractor   : extracted value ([id1_7_] : [BIGINT]) - [91]
2021-03-10 22:37:37.465 TRACE 20712 --- [    Test worker] o.h.type.descriptor.sql.BasicExtractor   : extracted value ([id1_7_] : [BIGINT]) - [92]
2021-03-10 22:37:37.465 TRACE 20712 --- [    Test worker] o.h.type.descriptor.sql.BasicExtractor   : extracted value ([id1_7_] : [BIGINT]) - [93]
2021-03-10 22:37:37.465 TRACE 20712 --- [    Test worker] o.h.type.descriptor.sql.BasicExtractor   : extracted value ([id1_7_] : [BIGINT]) - [94]
2021-03-10 22:37:37.465 TRACE 20712 --- [    Test worker] o.h.type.descriptor.sql.BasicExtractor   : extracted value ([id1_7_] : [BIGINT]) - [95]
2021-03-10 22:37:37.465 TRACE 20712 --- [    Test worker] o.h.type.descriptor.sql.BasicExtractor   : extracted value ([id1_7_] : [BIGINT]) - [96]
2021-03-10 22:37:37.465 TRACE 20712 --- [    Test worker] o.h.type.descriptor.sql.BasicExtractor   : extracted value ([id1_7_] : [BIGINT]) - [97]
2021-03-10 22:37:37.465 TRACE 20712 --- [    Test worker] o.h.type.descriptor.sql.BasicExtractor   : extracted value ([id1_7_] : [BIGINT]) - [98]
2021-03-10 22:37:37.465 TRACE 20712 --- [    Test worker] o.h.type.descriptor.sql.BasicExtractor   : extracted value ([id1_7_] : [BIGINT]) - [99]
2021-03-10 22:37:37.465 TRACE 20712 --- [    Test worker] o.h.type.descriptor.sql.BasicExtractor   : extracted value ([id1_7_] : [BIGINT]) - [100]
2021-03-10 22:37:37.465 TRACE 20712 --- [    Test worker] o.h.type.descriptor.sql.BasicExtractor   : extracted value ([id1_7_] : [BIGINT]) - [101]
2021-03-10 22:37:37.465 TRACE 20712 --- [    Test worker] o.h.type.descriptor.sql.BasicExtractor   : extracted value ([id1_7_] : [BIGINT]) - [102]
2021-03-10 22:37:37.465 TRACE 20712 --- [    Test worker] o.h.type.descriptor.sql.BasicExtractor   : extracted value ([id1_7_] : [BIGINT]) - [103]
2021-03-10 22:37:37.465 TRACE 20712 --- [    Test worker] o.h.type.descriptor.sql.BasicExtractor   : extracted value ([id1_7_] : [BIGINT]) - [104]
2021-03-10 22:37:37.465 TRACE 20712 --- [    Test worker] o.h.type.descriptor.sql.BasicExtractor   : extracted value ([id1_7_] : [BIGINT]) - [105]
2021-03-10 22:37:37.465 TRACE 20712 --- [    Test worker] o.h.type.descriptor.sql.BasicExtractor   : extracted value ([id1_7_] : [BIGINT]) - [106]
2021-03-10 22:37:37.465 TRACE 20712 --- [    Test worker] o.h.type.descriptor.sql.BasicExtractor   : extracted value ([id1_7_] : [BIGINT]) - [107]
2021-03-10 22:37:37.465 TRACE 20712 --- [    Test worker] o.h.type.descriptor.sql.BasicExtractor   : extracted value ([id1_7_] : [BIGINT]) - [108]
2021-03-10 22:37:37.465 TRACE 20712 --- [    Test worker] o.h.type.descriptor.sql.BasicExtractor   : extracted value ([id1_7_] : [BIGINT]) - [109]
2021-03-10 22:37:37.465 TRACE 20712 --- [    Test worker] o.h.type.descriptor.sql.BasicExtractor   : extracted value ([id1_7_] : [BIGINT]) - [110]
2021-03-10 22:37:37.465 TRACE 20712 --- [    Test worker] o.h.type.descriptor.sql.BasicExtractor   : extracted value ([id1_7_] : [BIGINT]) - [111]
2021-03-10 22:37:37.465 TRACE 20712 --- [    Test worker] o.h.type.descriptor.sql.BasicExtractor   : extracted value ([id1_7_] : [BIGINT]) - [112]
2021-03-10 22:37:37.465 TRACE 20712 --- [    Test worker] o.h.type.descriptor.sql.BasicExtractor   : extracted value ([id1_7_] : [BIGINT]) - [113]
2021-03-10 22:37:37.465 TRACE 20712 --- [    Test worker] o.h.type.descriptor.sql.BasicExtractor   : extracted value ([id1_7_] : [BIGINT]) - [114]
2021-03-10 22:37:37.465 TRACE 20712 --- [    Test worker] o.h.type.descriptor.sql.BasicExtractor   : extracted value ([id1_7_] : [BIGINT]) - [115]
2021-03-10 22:37:37.465 TRACE 20712 --- [    Test worker] o.h.type.descriptor.sql.BasicExtractor   : extracted value ([id1_7_] : [BIGINT]) - [116]
2021-03-10 22:37:37.465 TRACE 20712 --- [    Test worker] o.h.type.descriptor.sql.BasicExtractor   : extracted value ([id1_7_] : [BIGINT]) - [117]
2021-03-10 22:37:37.465 TRACE 20712 --- [    Test worker] o.h.type.descriptor.sql.BasicExtractor   : extracted value ([id1_7_] : [BIGINT]) - [118]
2021-03-10 22:37:37.465 TRACE 20712 --- [    Test worker] o.h.type.descriptor.sql.BasicExtractor   : extracted value ([id1_7_] : [BIGINT]) - [119]
2021-03-10 22:37:37.465 TRACE 20712 --- [    Test worker] o.h.type.descriptor.sql.BasicExtractor   : extracted value ([id1_7_] : [BIGINT]) - [120]
2021-03-10 22:37:37.465 TRACE 20712 --- [    Test worker] o.h.type.descriptor.sql.BasicExtractor   : extracted value ([id1_7_] : [BIGINT]) - [121]
2021-03-10 22:37:37.465 TRACE 20712 --- [    Test worker] o.h.type.descriptor.sql.BasicExtractor   : extracted value ([id1_7_] : [BIGINT]) - [122]
2021-03-10 22:37:37.465 TRACE 20712 --- [    Test worker] o.h.type.descriptor.sql.BasicExtractor   : extracted value ([id1_7_] : [BIGINT]) - [123]
2021-03-10 22:37:37.465 TRACE 20712 --- [    Test worker] o.h.type.descriptor.sql.BasicExtractor   : extracted value ([id1_7_] : [BIGINT]) - [124]
2021-03-10 22:37:37.465 TRACE 20712 --- [    Test worker] o.h.type.descriptor.sql.BasicExtractor   : extracted value ([id1_7_] : [BIGINT]) - [125]
2021-03-10 22:37:37.465 TRACE 20712 --- [    Test worker] o.h.type.descriptor.sql.BasicExtractor   : extracted value ([id1_7_] : [BIGINT]) - [126]
2021-03-10 22:37:37.465 TRACE 20712 --- [    Test worker] o.h.type.descriptor.sql.BasicExtractor   : extracted value ([id1_7_] : [BIGINT]) - [127]
2021-03-10 22:37:37.465 TRACE 20712 --- [    Test worker] o.h.type.descriptor.sql.BasicExtractor   : extracted value ([id1_7_] : [BIGINT]) - [128]
2021-03-10 22:37:37.465 TRACE 20712 --- [    Test worker] o.h.type.descriptor.sql.BasicExtractor   : extracted value ([id1_7_] : [BIGINT]) - [129]
2021-03-10 22:37:37.465 TRACE 20712 --- [    Test worker] o.h.type.descriptor.sql.BasicExtractor   : extracted value ([id1_7_] : [BIGINT]) - [130]
2021-03-10 22:37:37.465 TRACE 20712 --- [    Test worker] o.h.type.descriptor.sql.BasicExtractor   : extracted value ([id1_7_] : [BIGINT]) - [131]
2021-03-10 22:37:37.465 TRACE 20712 --- [    Test worker] o.h.type.descriptor.sql.BasicExtractor   : extracted value ([id1_7_] : [BIGINT]) - [132]
2021-03-10 22:37:37.465 TRACE 20712 --- [    Test worker] o.h.type.descriptor.sql.BasicExtractor   : extracted value ([id1_7_] : [BIGINT]) - [133]
2021-03-10 22:37:37.465 TRACE 20712 --- [    Test worker] o.h.type.descriptor.sql.BasicExtractor   : extracted value ([id1_7_] : [BIGINT]) - [134]
2021-03-10 22:37:37.465 TRACE 20712 --- [    Test worker] o.h.type.descriptor.sql.BasicExtractor   : extracted value ([id1_7_] : [BIGINT]) - [135]
2021-03-10 22:37:37.465 TRACE 20712 --- [    Test worker] o.h.type.descriptor.sql.BasicExtractor   : extracted value ([id1_7_] : [BIGINT]) - [136]
2021-03-10 22:37:37.465 TRACE 20712 --- [    Test worker] o.h.type.descriptor.sql.BasicExtractor   : extracted value ([id1_7_] : [BIGINT]) - [137]
2021-03-10 22:37:37.465 TRACE 20712 --- [    Test worker] o.h.type.descriptor.sql.BasicExtractor   : extracted value ([id1_7_] : [BIGINT]) - [138]
2021-03-10 22:37:37.465 TRACE 20712 --- [    Test worker] o.h.type.descriptor.sql.BasicExtractor   : extracted value ([id1_7_] : [BIGINT]) - [139]
2021-03-10 22:37:37.465 TRACE 20712 --- [    Test worker] o.h.type.descriptor.sql.BasicExtractor   : extracted value ([id1_7_] : [BIGINT]) - [140]
2021-03-10 22:37:37.465 TRACE 20712 --- [    Test worker] o.h.type.descriptor.sql.BasicExtractor   : extracted value ([id1_7_] : [BIGINT]) - [141]
2021-03-10 22:37:37.465 TRACE 20712 --- [    Test worker] o.h.type.descriptor.sql.BasicExtractor   : extracted value ([id1_7_] : [BIGINT]) - [142]
2021-03-10 22:37:37.465 TRACE 20712 --- [    Test worker] o.h.type.descriptor.sql.BasicExtractor   : extracted value ([id1_7_] : [BIGINT]) - [143]
2021-03-10 22:37:37.465 TRACE 20712 --- [    Test worker] o.h.type.descriptor.sql.BasicExtractor   : extracted value ([id1_7_] : [BIGINT]) - [144]
2021-03-10 22:37:37.465 TRACE 20712 --- [    Test worker] o.h.type.descriptor.sql.BasicExtractor   : extracted value ([id1_7_] : [BIGINT]) - [145]
Hibernate: 
    select
        zone0_.id as id1_7_,
        zone0_.city as city2_7_,
        zone0_.local_name_of_city as local_na3_7_,
        zone0_.province as province4_7_ 
    from
        zone zone0_
2021-03-10 22:37:37.465 TRACE 20712 --- [    Test worker] o.h.type.descriptor.sql.BasicExtractor   : extracted value ([id1_7_] : [BIGINT]) - [61]
2021-03-10 22:37:37.465 TRACE 20712 --- [    Test worker] o.h.type.descriptor.sql.BasicExtractor   : extracted value ([id1_7_] : [BIGINT]) - [62]
2021-03-10 22:37:37.465 TRACE 20712 --- [    Test worker] o.h.type.descriptor.sql.BasicExtractor   : extracted value ([id1_7_] : [BIGINT]) - [63]
2021-03-10 22:37:37.465 TRACE 20712 --- [    Test worker] o.h.type.descriptor.sql.BasicExtractor   : extracted value ([id1_7_] : [BIGINT]) - [64]
2021-03-10 22:37:37.465 TRACE 20712 --- [    Test worker] o.h.type.descriptor.sql.BasicExtractor   : extracted value ([id1_7_] : [BIGINT]) - [65]
2021-03-10 22:37:37.465 TRACE 20712 --- [    Test worker] o.h.type.descriptor.sql.BasicExtractor   : extracted value ([id1_7_] : [BIGINT]) - [66]
2021-03-10 22:37:37.465 TRACE 20712 --- [    Test worker] o.h.type.descriptor.sql.BasicExtractor   : extracted value ([id1_7_] : [BIGINT]) - [67]
2021-03-10 22:37:37.465 TRACE 20712 --- [    Test worker] o.h.type.descriptor.sql.BasicExtractor   : extracted value ([id1_7_] : [BIGINT]) - [68]
2021-03-10 22:37:37.465 TRACE 20712 --- [    Test worker] o.h.type.descriptor.sql.BasicExtractor   : extracted value ([id1_7_] : [BIGINT]) - [69]
2021-03-10 22:37:37.465 TRACE 20712 --- [    Test worker] o.h.type.descriptor.sql.BasicExtractor   : extracted value ([id1_7_] : [BIGINT]) - [70]
2021-03-10 22:37:37.465 TRACE 20712 --- [    Test worker] o.h.type.descriptor.sql.BasicExtractor   : extracted value ([id1_7_] : [BIGINT]) - [71]
2021-03-10 22:37:37.465 TRACE 20712 --- [    Test worker] o.h.type.descriptor.sql.BasicExtractor   : extracted value ([id1_7_] : [BIGINT]) - [72]
2021-03-10 22:37:37.465 TRACE 20712 --- [    Test worker] o.h.type.descriptor.sql.BasicExtractor   : extracted value ([id1_7_] : [BIGINT]) - [73]
2021-03-10 22:37:37.465 TRACE 20712 --- [    Test worker] o.h.type.descriptor.sql.BasicExtractor   : extracted value ([id1_7_] : [BIGINT]) - [74]
2021-03-10 22:37:37.465 TRACE 20712 --- [    Test worker] o.h.type.descriptor.sql.BasicExtractor   : extracted value ([id1_7_] : [BIGINT]) - [75]
2021-03-10 22:37:37.465 TRACE 20712 --- [    Test worker] o.h.type.descriptor.sql.BasicExtractor   : extracted value ([id1_7_] : [BIGINT]) - [76]
2021-03-10 22:37:37.465 TRACE 20712 --- [    Test worker] o.h.type.descriptor.sql.BasicExtractor   : extracted value ([id1_7_] : [BIGINT]) - [77]
2021-03-10 22:37:37.465 TRACE 20712 --- [    Test worker] o.h.type.descriptor.sql.BasicExtractor   : extracted value ([id1_7_] : [BIGINT]) - [78]
2021-03-10 22:37:37.465 TRACE 20712 --- [    Test worker] o.h.type.descriptor.sql.BasicExtractor   : extracted value ([id1_7_] : [BIGINT]) - [79]
2021-03-10 22:37:37.465 TRACE 20712 --- [    Test worker] o.h.type.descriptor.sql.BasicExtractor   : extracted value ([id1_7_] : [BIGINT]) - [80]
2021-03-10 22:37:37.465 TRACE 20712 --- [    Test worker] o.h.type.descriptor.sql.BasicExtractor   : extracted value ([id1_7_] : [BIGINT]) - [81]
2021-03-10 22:37:37.465 TRACE 20712 --- [    Test worker] o.h.type.descriptor.sql.BasicExtractor   : extracted value ([id1_7_] : [BIGINT]) - [82]
2021-03-10 22:37:37.465 TRACE 20712 --- [    Test worker] o.h.type.descriptor.sql.BasicExtractor   : extracted value ([id1_7_] : [BIGINT]) - [83]
2021-03-10 22:37:37.465 TRACE 20712 --- [    Test worker] o.h.type.descriptor.sql.BasicExtractor   : extracted value ([id1_7_] : [BIGINT]) - [84]
2021-03-10 22:37:37.465 TRACE 20712 --- [    Test worker] o.h.type.descriptor.sql.BasicExtractor   : extracted value ([id1_7_] : [BIGINT]) - [85]
2021-03-10 22:37:37.465 TRACE 20712 --- [    Test worker] o.h.type.descriptor.sql.BasicExtractor   : extracted value ([id1_7_] : [BIGINT]) - [86]
2021-03-10 22:37:37.465 TRACE 20712 --- [    Test worker] o.h.type.descriptor.sql.BasicExtractor   : extracted value ([id1_7_] : [BIGINT]) - [87]
2021-03-10 22:37:37.465 TRACE 20712 --- [    Test worker] o.h.type.descriptor.sql.BasicExtractor   : extracted value ([id1_7_] : [BIGINT]) - [88]
2021-03-10 22:37:37.465 TRACE 20712 --- [    Test worker] o.h.type.descriptor.sql.BasicExtractor   : extracted value ([id1_7_] : [BIGINT]) - [89]
2021-03-10 22:37:37.465 TRACE 20712 --- [    Test worker] o.h.type.descriptor.sql.BasicExtractor   : extracted value ([id1_7_] : [BIGINT]) - [90]
2021-03-10 22:37:37.465 TRACE 20712 --- [    Test worker] o.h.type.descriptor.sql.BasicExtractor   : extracted value ([id1_7_] : [BIGINT]) - [91]
2021-03-10 22:37:37.465 TRACE 20712 --- [    Test worker] o.h.type.descriptor.sql.BasicExtractor   : extracted value ([id1_7_] : [BIGINT]) - [92]
2021-03-10 22:37:37.465 TRACE 20712 --- [    Test worker] o.h.type.descriptor.sql.BasicExtractor   : extracted value ([id1_7_] : [BIGINT]) - [93]
2021-03-10 22:37:37.465 TRACE 20712 --- [    Test worker] o.h.type.descriptor.sql.BasicExtractor   : extracted value ([id1_7_] : [BIGINT]) - [94]
2021-03-10 22:37:37.465 TRACE 20712 --- [    Test worker] o.h.type.descriptor.sql.BasicExtractor   : extracted value ([id1_7_] : [BIGINT]) - [95]
2021-03-10 22:37:37.465 TRACE 20712 --- [    Test worker] o.h.type.descriptor.sql.BasicExtractor   : extracted value ([id1_7_] : [BIGINT]) - [96]
2021-03-10 22:37:37.465 TRACE 20712 --- [    Test worker] o.h.type.descriptor.sql.BasicExtractor   : extracted value ([id1_7_] : [BIGINT]) - [97]
2021-03-10 22:37:37.465 TRACE 20712 --- [    Test worker] o.h.type.descriptor.sql.BasicExtractor   : extracted value ([id1_7_] : [BIGINT]) - [98]
2021-03-10 22:37:37.465 TRACE 20712 --- [    Test worker] o.h.type.descriptor.sql.BasicExtractor   : extracted value ([id1_7_] : [BIGINT]) - [99]
2021-03-10 22:37:37.465 TRACE 20712 --- [    Test worker] o.h.type.descriptor.sql.BasicExtractor   : extracted value ([id1_7_] : [BIGINT]) - [100]
2021-03-10 22:37:37.465 TRACE 20712 --- [    Test worker] o.h.type.descriptor.sql.BasicExtractor   : extracted value ([id1_7_] : [BIGINT]) - [101]
2021-03-10 22:37:37.465 TRACE 20712 --- [    Test worker] o.h.type.descriptor.sql.BasicExtractor   : extracted value ([id1_7_] : [BIGINT]) - [102]
2021-03-10 22:37:37.465 TRACE 20712 --- [    Test worker] o.h.type.descriptor.sql.BasicExtractor   : extracted value ([id1_7_] : [BIGINT]) - [103]
2021-03-10 22:37:37.465 TRACE 20712 --- [    Test worker] o.h.type.descriptor.sql.BasicExtractor   : extracted value ([id1_7_] : [BIGINT]) - [104]
2021-03-10 22:37:37.465 TRACE 20712 --- [    Test worker] o.h.type.descriptor.sql.BasicExtractor   : extracted value ([id1_7_] : [BIGINT]) - [105]
2021-03-10 22:37:37.465 TRACE 20712 --- [    Test worker] o.h.type.descriptor.sql.BasicExtractor   : extracted value ([id1_7_] : [BIGINT]) - [106]
2021-03-10 22:37:37.465 TRACE 20712 --- [    Test worker] o.h.type.descriptor.sql.BasicExtractor   : extracted value ([id1_7_] : [BIGINT]) - [107]
2021-03-10 22:37:37.465 TRACE 20712 --- [    Test worker] o.h.type.descriptor.sql.BasicExtractor   : extracted value ([id1_7_] : [BIGINT]) - [108]
2021-03-10 22:37:37.465 TRACE 20712 --- [    Test worker] o.h.type.descriptor.sql.BasicExtractor   : extracted value ([id1_7_] : [BIGINT]) - [109]
2021-03-10 22:37:37.465 TRACE 20712 --- [    Test worker] o.h.type.descriptor.sql.BasicExtractor   : extracted value ([id1_7_] : [BIGINT]) - [110]
2021-03-10 22:37:37.465 TRACE 20712 --- [    Test worker] o.h.type.descriptor.sql.BasicExtractor   : extracted value ([id1_7_] : [BIGINT]) - [111]
2021-03-10 22:37:37.465 TRACE 20712 --- [    Test worker] o.h.type.descriptor.sql.BasicExtractor   : extracted value ([id1_7_] : [BIGINT]) - [112]
2021-03-10 22:37:37.465 TRACE 20712 --- [    Test worker] o.h.type.descriptor.sql.BasicExtractor   : extracted value ([id1_7_] : [BIGINT]) - [113]
2021-03-10 22:37:37.465 TRACE 20712 --- [    Test worker] o.h.type.descriptor.sql.BasicExtractor   : extracted value ([id1_7_] : [BIGINT]) - [114]
2021-03-10 22:37:37.465 TRACE 20712 --- [    Test worker] o.h.type.descriptor.sql.BasicExtractor   : extracted value ([id1_7_] : [BIGINT]) - [115]
2021-03-10 22:37:37.465 TRACE 20712 --- [    Test worker] o.h.type.descriptor.sql.BasicExtractor   : extracted value ([id1_7_] : [BIGINT]) - [116]
2021-03-10 22:37:37.465 TRACE 20712 --- [    Test worker] o.h.type.descriptor.sql.BasicExtractor   : extracted value ([id1_7_] : [BIGINT]) - [117]
2021-03-10 22:37:37.465 TRACE 20712 --- [    Test worker] o.h.type.descriptor.sql.BasicExtractor   : extracted value ([id1_7_] : [BIGINT]) - [118]
2021-03-10 22:37:37.465 TRACE 20712 --- [    Test worker] o.h.type.descriptor.sql.BasicExtractor   : extracted value ([id1_7_] : [BIGINT]) - [119]
2021-03-10 22:37:37.465 TRACE 20712 --- [    Test worker] o.h.type.descriptor.sql.BasicExtractor   : extracted value ([id1_7_] : [BIGINT]) - [120]
2021-03-10 22:37:37.465 TRACE 20712 --- [    Test worker] o.h.type.descriptor.sql.BasicExtractor   : extracted value ([id1_7_] : [BIGINT]) - [121]
2021-03-10 22:37:37.465 TRACE 20712 --- [    Test worker] o.h.type.descriptor.sql.BasicExtractor   : extracted value ([id1_7_] : [BIGINT]) - [122]
2021-03-10 22:37:37.465 TRACE 20712 --- [    Test worker] o.h.type.descriptor.sql.BasicExtractor   : extracted value ([id1_7_] : [BIGINT]) - [123]
2021-03-10 22:37:37.465 TRACE 20712 --- [    Test worker] o.h.type.descriptor.sql.BasicExtractor   : extracted value ([id1_7_] : [BIGINT]) - [124]
2021-03-10 22:37:37.465 TRACE 20712 --- [    Test worker] o.h.type.descriptor.sql.BasicExtractor   : extracted value ([id1_7_] : [BIGINT]) - [125]
2021-03-10 22:37:37.465 TRACE 20712 --- [    Test worker] o.h.type.descriptor.sql.BasicExtractor   : extracted value ([id1_7_] : [BIGINT]) - [126]
2021-03-10 22:37:37.465 TRACE 20712 --- [    Test worker] o.h.type.descriptor.sql.BasicExtractor   : extracted value ([id1_7_] : [BIGINT]) - [127]
2021-03-10 22:37:37.465 TRACE 20712 --- [    Test worker] o.h.type.descriptor.sql.BasicExtractor   : extracted value ([id1_7_] : [BIGINT]) - [128]
2021-03-10 22:37:37.465 TRACE 20712 --- [    Test worker] o.h.type.descriptor.sql.BasicExtractor   : extracted value ([id1_7_] : [BIGINT]) - [129]
2021-03-10 22:37:37.465 TRACE 20712 --- [    Test worker] o.h.type.descriptor.sql.BasicExtractor   : extracted value ([id1_7_] : [BIGINT]) - [130]
2021-03-10 22:37:37.465 TRACE 20712 --- [    Test worker] o.h.type.descriptor.sql.BasicExtractor   : extracted value ([id1_7_] : [BIGINT]) - [131]
2021-03-10 22:37:37.465 TRACE 20712 --- [    Test worker] o.h.type.descriptor.sql.BasicExtractor   : extracted value ([id1_7_] : [BIGINT]) - [132]
2021-03-10 22:37:37.465 TRACE 20712 --- [    Test worker] o.h.type.descriptor.sql.BasicExtractor   : extracted value ([id1_7_] : [BIGINT]) - [133]
2021-03-10 22:37:37.465 TRACE 20712 --- [    Test worker] o.h.type.descriptor.sql.BasicExtractor   : extracted value ([id1_7_] : [BIGINT]) - [134]
2021-03-10 22:37:37.465 TRACE 20712 --- [    Test worker] o.h.type.descriptor.sql.BasicExtractor   : extracted value ([id1_7_] : [BIGINT]) - [135]
2021-03-10 22:37:37.465 TRACE 20712 --- [    Test worker] o.h.type.descriptor.sql.BasicExtractor   : extracted value ([id1_7_] : [BIGINT]) - [136]
2021-03-10 22:37:37.465 TRACE 20712 --- [    Test worker] o.h.type.descriptor.sql.BasicExtractor   : extracted value ([id1_7_] : [BIGINT]) - [137]
2021-03-10 22:37:37.465 TRACE 20712 --- [    Test worker] o.h.type.descriptor.sql.BasicExtractor   : extracted value ([id1_7_] : [BIGINT]) - [138]
2021-03-10 22:37:37.465 TRACE 20712 --- [    Test worker] o.h.type.descriptor.sql.BasicExtractor   : extracted value ([id1_7_] : [BIGINT]) - [139]
2021-03-10 22:37:37.465 TRACE 20712 --- [    Test worker] o.h.type.descriptor.sql.BasicExtractor   : extracted value ([id1_7_] : [BIGINT]) - [140]
2021-03-10 22:37:37.465 TRACE 20712 --- [    Test worker] o.h.type.descriptor.sql.BasicExtractor   : extracted value ([id1_7_] : [BIGINT]) - [141]
2021-03-10 22:37:37.465 TRACE 20712 --- [    Test worker] o.h.type.descriptor.sql.BasicExtractor   : extracted value ([id1_7_] : [BIGINT]) - [142]
2021-03-10 22:37:37.465 TRACE 20712 --- [    Test worker] o.h.type.descriptor.sql.BasicExtractor   : extracted value ([id1_7_] : [BIGINT]) - [143]
2021-03-10 22:37:37.465 TRACE 20712 --- [    Test worker] o.h.type.descriptor.sql.BasicExtractor   : extracted value ([id1_7_] : [BIGINT]) - [144]
2021-03-10 22:37:37.465 TRACE 20712 --- [    Test worker] o.h.type.descriptor.sql.BasicExtractor   : extracted value ([id1_7_] : [BIGINT]) - [145]
Hibernate: 
    select
        zone0_.id as id1_7_,
        zone0_.city as city2_7_,
        zone0_.local_name_of_city as local_na3_7_,
        zone0_.province as province4_7_ 
    from
        zone zone0_
2021-03-10 22:37:37.465 TRACE 20712 --- [    Test worker] o.h.type.descriptor.sql.BasicExtractor   : extracted value ([id1_7_] : [BIGINT]) - [61]
2021-03-10 22:37:37.465 TRACE 20712 --- [    Test worker] o.h.type.descriptor.sql.BasicExtractor   : extracted value ([id1_7_] : [BIGINT]) - [62]
2021-03-10 22:37:37.465 TRACE 20712 --- [    Test worker] o.h.type.descriptor.sql.BasicExtractor   : extracted value ([id1_7_] : [BIGINT]) - [63]
2021-03-10 22:37:37.465 TRACE 20712 --- [    Test worker] o.h.type.descriptor.sql.BasicExtractor   : extracted value ([id1_7_] : [BIGINT]) - [64]
2021-03-10 22:37:37.465 TRACE 20712 --- [    Test worker] o.h.type.descriptor.sql.BasicExtractor   : extracted value ([id1_7_] : [BIGINT]) - [65]
2021-03-10 22:37:37.465 TRACE 20712 --- [    Test worker] o.h.type.descriptor.sql.BasicExtractor   : extracted value ([id1_7_] : [BIGINT]) - [66]
2021-03-10 22:37:37.465 TRACE 20712 --- [    Test worker] o.h.type.descriptor.sql.BasicExtractor   : extracted value ([id1_7_] : [BIGINT]) - [67]
2021-03-10 22:37:37.465 TRACE 20712 --- [    Test worker] o.h.type.descriptor.sql.BasicExtractor   : extracted value ([id1_7_] : [BIGINT]) - [68]
2021-03-10 22:37:37.465 TRACE 20712 --- [    Test worker] o.h.type.descriptor.sql.BasicExtractor   : extracted value ([id1_7_] : [BIGINT]) - [69]
2021-03-10 22:37:37.465 TRACE 20712 --- [    Test worker] o.h.type.descriptor.sql.BasicExtractor   : extracted value ([id1_7_] : [BIGINT]) - [70]
2021-03-10 22:37:37.465 TRACE 20712 --- [    Test worker] o.h.type.descriptor.sql.BasicExtractor   : extracted value ([id1_7_] : [BIGINT]) - [71]
2021-03-10 22:37:37.465 TRACE 20712 --- [    Test worker] o.h.type.descriptor.sql.BasicExtractor   : extracted value ([id1_7_] : [BIGINT]) - [72]
2021-03-10 22:37:37.465 TRACE 20712 --- [    Test worker] o.h.type.descriptor.sql.BasicExtractor   : extracted value ([id1_7_] : [BIGINT]) - [73]
2021-03-10 22:37:37.465 TRACE 20712 --- [    Test worker] o.h.type.descriptor.sql.BasicExtractor   : extracted value ([id1_7_] : [BIGINT]) - [74]
2021-03-10 22:37:37.465 TRACE 20712 --- [    Test worker] o.h.type.descriptor.sql.BasicExtractor   : extracted value ([id1_7_] : [BIGINT]) - [75]
2021-03-10 22:37:37.465 TRACE 20712 --- [    Test worker] o.h.type.descriptor.sql.BasicExtractor   : extracted value ([id1_7_] : [BIGINT]) - [76]
2021-03-10 22:37:37.465 TRACE 20712 --- [    Test worker] o.h.type.descriptor.sql.BasicExtractor   : extracted value ([id1_7_] : [BIGINT]) - [77]
2021-03-10 22:37:37.465 TRACE 20712 --- [    Test worker] o.h.type.descriptor.sql.BasicExtractor   : extracted value ([id1_7_] : [BIGINT]) - [78]
2021-03-10 22:37:37.465 TRACE 20712 --- [    Test worker] o.h.type.descriptor.sql.BasicExtractor   : extracted value ([id1_7_] : [BIGINT]) - [79]
2021-03-10 22:37:37.465 TRACE 20712 --- [    Test worker] o.h.type.descriptor.sql.BasicExtractor   : extracted value ([id1_7_] : [BIGINT]) - [80]
2021-03-10 22:37:37.465 TRACE 20712 --- [    Test worker] o.h.type.descriptor.sql.BasicExtractor   : extracted value ([id1_7_] : [BIGINT]) - [81]
2021-03-10 22:37:37.465 TRACE 20712 --- [    Test worker] o.h.type.descriptor.sql.BasicExtractor   : extracted value ([id1_7_] : [BIGINT]) - [82]
2021-03-10 22:37:37.465 TRACE 20712 --- [    Test worker] o.h.type.descriptor.sql.BasicExtractor   : extracted value ([id1_7_] : [BIGINT]) - [83]
2021-03-10 22:37:37.465 TRACE 20712 --- [    Test worker] o.h.type.descriptor.sql.BasicExtractor   : extracted value ([id1_7_] : [BIGINT]) - [84]
2021-03-10 22:37:37.465 TRACE 20712 --- [    Test worker] o.h.type.descriptor.sql.BasicExtractor   : extracted value ([id1_7_] : [BIGINT]) - [85]
2021-03-10 22:37:37.465 TRACE 20712 --- [    Test worker] o.h.type.descriptor.sql.BasicExtractor   : extracted value ([id1_7_] : [BIGINT]) - [86]
2021-03-10 22:37:37.465 TRACE 20712 --- [    Test worker] o.h.type.descriptor.sql.BasicExtractor   : extracted value ([id1_7_] : [BIGINT]) - [87]
2021-03-10 22:37:37.465 TRACE 20712 --- [    Test worker] o.h.type.descriptor.sql.BasicExtractor   : extracted value ([id1_7_] : [BIGINT]) - [88]
2021-03-10 22:37:37.465 TRACE 20712 --- [    Test worker] o.h.type.descriptor.sql.BasicExtractor   : extracted value ([id1_7_] : [BIGINT]) - [89]
2021-03-10 22:37:37.465 TRACE 20712 --- [    Test worker] o.h.type.descriptor.sql.BasicExtractor   : extracted value ([id1_7_] : [BIGINT]) - [90]
2021-03-10 22:37:37.465 TRACE 20712 --- [    Test worker] o.h.type.descriptor.sql.BasicExtractor   : extracted value ([id1_7_] : [BIGINT]) - [91]
2021-03-10 22:37:37.465 TRACE 20712 --- [    Test worker] o.h.type.descriptor.sql.BasicExtractor   : extracted value ([id1_7_] : [BIGINT]) - [92]
2021-03-10 22:37:37.465 TRACE 20712 --- [    Test worker] o.h.type.descriptor.sql.BasicExtractor   : extracted value ([id1_7_] : [BIGINT]) - [93]
2021-03-10 22:37:37.465 TRACE 20712 --- [    Test worker] o.h.type.descriptor.sql.BasicExtractor   : extracted value ([id1_7_] : [BIGINT]) - [94]
2021-03-10 22:37:37.465 TRACE 20712 --- [    Test worker] o.h.type.descriptor.sql.BasicExtractor   : extracted value ([id1_7_] : [BIGINT]) - [95]
2021-03-10 22:37:37.465 TRACE 20712 --- [    Test worker] o.h.type.descriptor.sql.BasicExtractor   : extracted value ([id1_7_] : [BIGINT]) - [96]
2021-03-10 22:37:37.465 TRACE 20712 --- [    Test worker] o.h.type.descriptor.sql.BasicExtractor   : extracted value ([id1_7_] : [BIGINT]) - [97]
2021-03-10 22:37:37.465 TRACE 20712 --- [    Test worker] o.h.type.descriptor.sql.BasicExtractor   : extracted value ([id1_7_] : [BIGINT]) - [98]
2021-03-10 22:37:37.465 TRACE 20712 --- [    Test worker] o.h.type.descriptor.sql.BasicExtractor   : extracted value ([id1_7_] : [BIGINT]) - [99]
2021-03-10 22:37:37.465 TRACE 20712 --- [    Test worker] o.h.type.descriptor.sql.BasicExtractor   : extracted value ([id1_7_] : [BIGINT]) - [100]
2021-03-10 22:37:37.465 TRACE 20712 --- [    Test worker] o.h.type.descriptor.sql.BasicExtractor   : extracted value ([id1_7_] : [BIGINT]) - [101]
2021-03-10 22:37:37.465 TRACE 20712 --- [    Test worker] o.h.type.descriptor.sql.BasicExtractor   : extracted value ([id1_7_] : [BIGINT]) - [102]
2021-03-10 22:37:37.465 TRACE 20712 --- [    Test worker] o.h.type.descriptor.sql.BasicExtractor   : extracted value ([id1_7_] : [BIGINT]) - [103]
2021-03-10 22:37:37.465 TRACE 20712 --- [    Test worker] o.h.type.descriptor.sql.BasicExtractor   : extracted value ([id1_7_] : [BIGINT]) - [104]
2021-03-10 22:37:37.465 TRACE 20712 --- [    Test worker] o.h.type.descriptor.sql.BasicExtractor   : extracted value ([id1_7_] : [BIGINT]) - [105]
2021-03-10 22:37:37.465 TRACE 20712 --- [    Test worker] o.h.type.descriptor.sql.BasicExtractor   : extracted value ([id1_7_] : [BIGINT]) - [106]
2021-03-10 22:37:37.465 TRACE 20712 --- [    Test worker] o.h.type.descriptor.sql.BasicExtractor   : extracted value ([id1_7_] : [BIGINT]) - [107]
2021-03-10 22:37:37.465 TRACE 20712 --- [    Test worker] o.h.type.descriptor.sql.BasicExtractor   : extracted value ([id1_7_] : [BIGINT]) - [108]
2021-03-10 22:37:37.465 TRACE 20712 --- [    Test worker] o.h.type.descriptor.sql.BasicExtractor   : extracted value ([id1_7_] : [BIGINT]) - [109]
2021-03-10 22:37:37.465 TRACE 20712 --- [    Test worker] o.h.type.descriptor.sql.BasicExtractor   : extracted value ([id1_7_] : [BIGINT]) - [110]
2021-03-10 22:37:37.465 TRACE 20712 --- [    Test worker] o.h.type.descriptor.sql.BasicExtractor   : extracted value ([id1_7_] : [BIGINT]) - [111]
2021-03-10 22:37:37.465 TRACE 20712 --- [    Test worker] o.h.type.descriptor.sql.BasicExtractor   : extracted value ([id1_7_] : [BIGINT]) - [112]
2021-03-10 22:37:37.465 TRACE 20712 --- [    Test worker] o.h.type.descriptor.sql.BasicExtractor   : extracted value ([id1_7_] : [BIGINT]) - [113]
2021-03-10 22:37:37.465 TRACE 20712 --- [    Test worker] o.h.type.descriptor.sql.BasicExtractor   : extracted value ([id1_7_] : [BIGINT]) - [114]
2021-03-10 22:37:37.465 TRACE 20712 --- [    Test worker] o.h.type.descriptor.sql.BasicExtractor   : extracted value ([id1_7_] : [BIGINT]) - [115]
2021-03-10 22:37:37.465 TRACE 20712 --- [    Test worker] o.h.type.descriptor.sql.BasicExtractor   : extracted value ([id1_7_] : [BIGINT]) - [116]
2021-03-10 22:37:37.465 TRACE 20712 --- [    Test worker] o.h.type.descriptor.sql.BasicExtractor   : extracted value ([id1_7_] : [BIGINT]) - [117]
2021-03-10 22:37:37.465 TRACE 20712 --- [    Test worker] o.h.type.descriptor.sql.BasicExtractor   : extracted value ([id1_7_] : [BIGINT]) - [118]
2021-03-10 22:37:37.465 TRACE 20712 --- [    Test worker] o.h.type.descriptor.sql.BasicExtractor   : extracted value ([id1_7_] : [BIGINT]) - [119]
2021-03-10 22:37:37.465 TRACE 20712 --- [    Test worker] o.h.type.descriptor.sql.BasicExtractor   : extracted value ([id1_7_] : [BIGINT]) - [120]
2021-03-10 22:37:37.465 TRACE 20712 --- [    Test worker] o.h.type.descriptor.sql.BasicExtractor   : extracted value ([id1_7_] : [BIGINT]) - [121]
2021-03-10 22:37:37.465 TRACE 20712 --- [    Test worker] o.h.type.descriptor.sql.BasicExtractor   : extracted value ([id1_7_] : [BIGINT]) - [122]
2021-03-10 22:37:37.465 TRACE 20712 --- [    Test worker] o.h.type.descriptor.sql.BasicExtractor   : extracted value ([id1_7_] : [BIGINT]) - [123]
2021-03-10 22:37:37.465 TRACE 20712 --- [    Test worker] o.h.type.descriptor.sql.BasicExtractor   : extracted value ([id1_7_] : [BIGINT]) - [124]
2021-03-10 22:37:37.465 TRACE 20712 --- [    Test worker] o.h.type.descriptor.sql.BasicExtractor   : extracted value ([id1_7_] : [BIGINT]) - [125]
2021-03-10 22:37:37.465 TRACE 20712 --- [    Test worker] o.h.type.descriptor.sql.BasicExtractor   : extracted value ([id1_7_] : [BIGINT]) - [126]
2021-03-10 22:37:37.465 TRACE 20712 --- [    Test worker] o.h.type.descriptor.sql.BasicExtractor   : extracted value ([id1_7_] : [BIGINT]) - [127]
2021-03-10 22:37:37.465 TRACE 20712 --- [    Test worker] o.h.type.descriptor.sql.BasicExtractor   : extracted value ([id1_7_] : [BIGINT]) - [128]
2021-03-10 22:37:37.465 TRACE 20712 --- [    Test worker] o.h.type.descriptor.sql.BasicExtractor   : extracted value ([id1_7_] : [BIGINT]) - [129]
2021-03-10 22:37:37.465 TRACE 20712 --- [    Test worker] o.h.type.descriptor.sql.BasicExtractor   : extracted value ([id1_7_] : [BIGINT]) - [130]
2021-03-10 22:37:37.465 TRACE 20712 --- [    Test worker] o.h.type.descriptor.sql.BasicExtractor   : extracted value ([id1_7_] : [BIGINT]) - [131]
2021-03-10 22:37:37.465 TRACE 20712 --- [    Test worker] o.h.type.descriptor.sql.BasicExtractor   : extracted value ([id1_7_] : [BIGINT]) - [132]
2021-03-10 22:37:37.465 TRACE 20712 --- [    Test worker] o.h.type.descriptor.sql.BasicExtractor   : extracted value ([id1_7_] : [BIGINT]) - [133]
2021-03-10 22:37:37.465 TRACE 20712 --- [    Test worker] o.h.type.descriptor.sql.BasicExtractor   : extracted value ([id1_7_] : [BIGINT]) - [134]
2021-03-10 22:37:37.465 TRACE 20712 --- [    Test worker] o.h.type.descriptor.sql.BasicExtractor   : extracted value ([id1_7_] : [BIGINT]) - [135]
2021-03-10 22:37:37.465 TRACE 20712 --- [    Test worker] o.h.type.descriptor.sql.BasicExtractor   : extracted value ([id1_7_] : [BIGINT]) - [136]
2021-03-10 22:37:37.465 TRACE 20712 --- [    Test worker] o.h.type.descriptor.sql.BasicExtractor   : extracted value ([id1_7_] : [BIGINT]) - [137]
2021-03-10 22:37:37.465 TRACE 20712 --- [    Test worker] o.h.type.descriptor.sql.BasicExtractor   : extracted value ([id1_7_] : [BIGINT]) - [138]
2021-03-10 22:37:37.465 TRACE 20712 --- [    Test worker] o.h.type.descriptor.sql.BasicExtractor   : extracted value ([id1_7_] : [BIGINT]) - [139]
2021-03-10 22:37:37.465 TRACE 20712 --- [    Test worker] o.h.type.descriptor.sql.BasicExtractor   : extracted value ([id1_7_] : [BIGINT]) - [140]
2021-03-10 22:37:37.465 TRACE 20712 --- [    Test worker] o.h.type.descriptor.sql.BasicExtractor   : extracted value ([id1_7_] : [BIGINT]) - [141]
2021-03-10 22:37:37.465 TRACE 20712 --- [    Test worker] o.h.type.descriptor.sql.BasicExtractor   : extracted value ([id1_7_] : [BIGINT]) - [142]
2021-03-10 22:37:37.465 TRACE 20712 --- [    Test worker] o.h.type.descriptor.sql.BasicExtractor   : extracted value ([id1_7_] : [BIGINT]) - [143]
2021-03-10 22:37:37.465 TRACE 20712 --- [    Test worker] o.h.type.descriptor.sql.BasicExtractor   : extracted value ([id1_7_] : [BIGINT]) - [144]
2021-03-10 22:37:37.465 TRACE 20712 --- [    Test worker] o.h.type.descriptor.sql.BasicExtractor   : extracted value ([id1_7_] : [BIGINT]) - [145]
Hibernate: 
    select
        zone0_.id as id1_7_,
        zone0_.city as city2_7_,
        zone0_.local_name_of_city as local_na3_7_,
        zone0_.province as province4_7_ 
    from
        zone zone0_
2021-03-10 22:37:37.481 TRACE 20712 --- [    Test worker] o.h.type.descriptor.sql.BasicExtractor   : extracted value ([id1_7_] : [BIGINT]) - [61]
2021-03-10 22:37:37.481 TRACE 20712 --- [    Test worker] o.h.type.descriptor.sql.BasicExtractor   : extracted value ([id1_7_] : [BIGINT]) - [62]
2021-03-10 22:37:37.481 TRACE 20712 --- [    Test worker] o.h.type.descriptor.sql.BasicExtractor   : extracted value ([id1_7_] : [BIGINT]) - [63]
2021-03-10 22:37:37.481 TRACE 20712 --- [    Test worker] o.h.type.descriptor.sql.BasicExtractor   : extracted value ([id1_7_] : [BIGINT]) - [64]
2021-03-10 22:37:37.481 TRACE 20712 --- [    Test worker] o.h.type.descriptor.sql.BasicExtractor   : extracted value ([id1_7_] : [BIGINT]) - [65]
2021-03-10 22:37:37.481 TRACE 20712 --- [    Test worker] o.h.type.descriptor.sql.BasicExtractor   : extracted value ([id1_7_] : [BIGINT]) - [66]
2021-03-10 22:37:37.481 TRACE 20712 --- [    Test worker] o.h.type.descriptor.sql.BasicExtractor   : extracted value ([id1_7_] : [BIGINT]) - [67]
2021-03-10 22:37:37.481 TRACE 20712 --- [    Test worker] o.h.type.descriptor.sql.BasicExtractor   : extracted value ([id1_7_] : [BIGINT]) - [68]
2021-03-10 22:37:37.481 TRACE 20712 --- [    Test worker] o.h.type.descriptor.sql.BasicExtractor   : extracted value ([id1_7_] : [BIGINT]) - [69]
2021-03-10 22:37:37.481 TRACE 20712 --- [    Test worker] o.h.type.descriptor.sql.BasicExtractor   : extracted value ([id1_7_] : [BIGINT]) - [70]
2021-03-10 22:37:37.481 TRACE 20712 --- [    Test worker] o.h.type.descriptor.sql.BasicExtractor   : extracted value ([id1_7_] : [BIGINT]) - [71]
2021-03-10 22:37:37.481 TRACE 20712 --- [    Test worker] o.h.type.descriptor.sql.BasicExtractor   : extracted value ([id1_7_] : [BIGINT]) - [72]
2021-03-10 22:37:37.481 TRACE 20712 --- [    Test worker] o.h.type.descriptor.sql.BasicExtractor   : extracted value ([id1_7_] : [BIGINT]) - [73]
2021-03-10 22:37:37.481 TRACE 20712 --- [    Test worker] o.h.type.descriptor.sql.BasicExtractor   : extracted value ([id1_7_] : [BIGINT]) - [74]
2021-03-10 22:37:37.481 TRACE 20712 --- [    Test worker] o.h.type.descriptor.sql.BasicExtractor   : extracted value ([id1_7_] : [BIGINT]) - [75]
2021-03-10 22:37:37.481 TRACE 20712 --- [    Test worker] o.h.type.descriptor.sql.BasicExtractor   : extracted value ([id1_7_] : [BIGINT]) - [76]
2021-03-10 22:37:37.481 TRACE 20712 --- [    Test worker] o.h.type.descriptor.sql.BasicExtractor   : extracted value ([id1_7_] : [BIGINT]) - [77]
2021-03-10 22:37:37.481 TRACE 20712 --- [    Test worker] o.h.type.descriptor.sql.BasicExtractor   : extracted value ([id1_7_] : [BIGINT]) - [78]
2021-03-10 22:37:37.481 TRACE 20712 --- [    Test worker] o.h.type.descriptor.sql.BasicExtractor   : extracted value ([id1_7_] : [BIGINT]) - [79]
2021-03-10 22:37:37.481 TRACE 20712 --- [    Test worker] o.h.type.descriptor.sql.BasicExtractor   : extracted value ([id1_7_] : [BIGINT]) - [80]
2021-03-10 22:37:37.481 TRACE 20712 --- [    Test worker] o.h.type.descriptor.sql.BasicExtractor   : extracted value ([id1_7_] : [BIGINT]) - [81]
2021-03-10 22:37:37.481 TRACE 20712 --- [    Test worker] o.h.type.descriptor.sql.BasicExtractor   : extracted value ([id1_7_] : [BIGINT]) - [82]
2021-03-10 22:37:37.481 TRACE 20712 --- [    Test worker] o.h.type.descriptor.sql.BasicExtractor   : extracted value ([id1_7_] : [BIGINT]) - [83]
2021-03-10 22:37:37.481 TRACE 20712 --- [    Test worker] o.h.type.descriptor.sql.BasicExtractor   : extracted value ([id1_7_] : [BIGINT]) - [84]
2021-03-10 22:37:37.481 TRACE 20712 --- [    Test worker] o.h.type.descriptor.sql.BasicExtractor   : extracted value ([id1_7_] : [BIGINT]) - [85]
2021-03-10 22:37:37.481 TRACE 20712 --- [    Test worker] o.h.type.descriptor.sql.BasicExtractor   : extracted value ([id1_7_] : [BIGINT]) - [86]
2021-03-10 22:37:37.481 TRACE 20712 --- [    Test worker] o.h.type.descriptor.sql.BasicExtractor   : extracted value ([id1_7_] : [BIGINT]) - [87]
2021-03-10 22:37:37.481 TRACE 20712 --- [    Test worker] o.h.type.descriptor.sql.BasicExtractor   : extracted value ([id1_7_] : [BIGINT]) - [88]
2021-03-10 22:37:37.481 TRACE 20712 --- [    Test worker] o.h.type.descriptor.sql.BasicExtractor   : extracted value ([id1_7_] : [BIGINT]) - [89]
2021-03-10 22:37:37.481 TRACE 20712 --- [    Test worker] o.h.type.descriptor.sql.BasicExtractor   : extracted value ([id1_7_] : [BIGINT]) - [90]
2021-03-10 22:37:37.481 TRACE 20712 --- [    Test worker] o.h.type.descriptor.sql.BasicExtractor   : extracted value ([id1_7_] : [BIGINT]) - [91]
2021-03-10 22:37:37.481 TRACE 20712 --- [    Test worker] o.h.type.descriptor.sql.BasicExtractor   : extracted value ([id1_7_] : [BIGINT]) - [92]
2021-03-10 22:37:37.481 TRACE 20712 --- [    Test worker] o.h.type.descriptor.sql.BasicExtractor   : extracted value ([id1_7_] : [BIGINT]) - [93]
2021-03-10 22:37:37.481 TRACE 20712 --- [    Test worker] o.h.type.descriptor.sql.BasicExtractor   : extracted value ([id1_7_] : [BIGINT]) - [94]
2021-03-10 22:37:37.481 TRACE 20712 --- [    Test worker] o.h.type.descriptor.sql.BasicExtractor   : extracted value ([id1_7_] : [BIGINT]) - [95]
2021-03-10 22:37:37.481 TRACE 20712 --- [    Test worker] o.h.type.descriptor.sql.BasicExtractor   : extracted value ([id1_7_] : [BIGINT]) - [96]
2021-03-10 22:37:37.481 TRACE 20712 --- [    Test worker] o.h.type.descriptor.sql.BasicExtractor   : extracted value ([id1_7_] : [BIGINT]) - [97]
2021-03-10 22:37:37.481 TRACE 20712 --- [    Test worker] o.h.type.descriptor.sql.BasicExtractor   : extracted value ([id1_7_] : [BIGINT]) - [98]
2021-03-10 22:37:37.481 TRACE 20712 --- [    Test worker] o.h.type.descriptor.sql.BasicExtractor   : extracted value ([id1_7_] : [BIGINT]) - [99]
2021-03-10 22:37:37.481 TRACE 20712 --- [    Test worker] o.h.type.descriptor.sql.BasicExtractor   : extracted value ([id1_7_] : [BIGINT]) - [100]
2021-03-10 22:37:37.481 TRACE 20712 --- [    Test worker] o.h.type.descriptor.sql.BasicExtractor   : extracted value ([id1_7_] : [BIGINT]) - [101]
2021-03-10 22:37:37.481 TRACE 20712 --- [    Test worker] o.h.type.descriptor.sql.BasicExtractor   : extracted value ([id1_7_] : [BIGINT]) - [102]
2021-03-10 22:37:37.481 TRACE 20712 --- [    Test worker] o.h.type.descriptor.sql.BasicExtractor   : extracted value ([id1_7_] : [BIGINT]) - [103]
2021-03-10 22:37:37.481 TRACE 20712 --- [    Test worker] o.h.type.descriptor.sql.BasicExtractor   : extracted value ([id1_7_] : [BIGINT]) - [104]
2021-03-10 22:37:37.481 TRACE 20712 --- [    Test worker] o.h.type.descriptor.sql.BasicExtractor   : extracted value ([id1_7_] : [BIGINT]) - [105]
2021-03-10 22:37:37.481 TRACE 20712 --- [    Test worker] o.h.type.descriptor.sql.BasicExtractor   : extracted value ([id1_7_] : [BIGINT]) - [106]
2021-03-10 22:37:37.481 TRACE 20712 --- [    Test worker] o.h.type.descriptor.sql.BasicExtractor   : extracted value ([id1_7_] : [BIGINT]) - [107]
2021-03-10 22:37:37.481 TRACE 20712 --- [    Test worker] o.h.type.descriptor.sql.BasicExtractor   : extracted value ([id1_7_] : [BIGINT]) - [108]
2021-03-10 22:37:37.481 TRACE 20712 --- [    Test worker] o.h.type.descriptor.sql.BasicExtractor   : extracted value ([id1_7_] : [BIGINT]) - [109]
2021-03-10 22:37:37.481 TRACE 20712 --- [    Test worker] o.h.type.descriptor.sql.BasicExtractor   : extracted value ([id1_7_] : [BIGINT]) - [110]
2021-03-10 22:37:37.481 TRACE 20712 --- [    Test worker] o.h.type.descriptor.sql.BasicExtractor   : extracted value ([id1_7_] : [BIGINT]) - [111]
2021-03-10 22:37:37.481 TRACE 20712 --- [    Test worker] o.h.type.descriptor.sql.BasicExtractor   : extracted value ([id1_7_] : [BIGINT]) - [112]
2021-03-10 22:37:37.481 TRACE 20712 --- [    Test worker] o.h.type.descriptor.sql.BasicExtractor   : extracted value ([id1_7_] : [BIGINT]) - [113]
2021-03-10 22:37:37.481 TRACE 20712 --- [    Test worker] o.h.type.descriptor.sql.BasicExtractor   : extracted value ([id1_7_] : [BIGINT]) - [114]
2021-03-10 22:37:37.481 TRACE 20712 --- [    Test worker] o.h.type.descriptor.sql.BasicExtractor   : extracted value ([id1_7_] : [BIGINT]) - [115]
2021-03-10 22:37:37.481 TRACE 20712 --- [    Test worker] o.h.type.descriptor.sql.BasicExtractor   : extracted value ([id1_7_] : [BIGINT]) - [116]
2021-03-10 22:37:37.481 TRACE 20712 --- [    Test worker] o.h.type.descriptor.sql.BasicExtractor   : extracted value ([id1_7_] : [BIGINT]) - [117]
2021-03-10 22:37:37.481 TRACE 20712 --- [    Test worker] o.h.type.descriptor.sql.BasicExtractor   : extracted value ([id1_7_] : [BIGINT]) - [118]
2021-03-10 22:37:37.481 TRACE 20712 --- [    Test worker] o.h.type.descriptor.sql.BasicExtractor   : extracted value ([id1_7_] : [BIGINT]) - [119]
2021-03-10 22:37:37.481 TRACE 20712 --- [    Test worker] o.h.type.descriptor.sql.BasicExtractor   : extracted value ([id1_7_] : [BIGINT]) - [120]
2021-03-10 22:37:37.481 TRACE 20712 --- [    Test worker] o.h.type.descriptor.sql.BasicExtractor   : extracted value ([id1_7_] : [BIGINT]) - [121]
2021-03-10 22:37:37.481 TRACE 20712 --- [    Test worker] o.h.type.descriptor.sql.BasicExtractor   : extracted value ([id1_7_] : [BIGINT]) - [122]
2021-03-10 22:37:37.481 TRACE 20712 --- [    Test worker] o.h.type.descriptor.sql.BasicExtractor   : extracted value ([id1_7_] : [BIGINT]) - [123]
2021-03-10 22:37:37.481 TRACE 20712 --- [    Test worker] o.h.type.descriptor.sql.BasicExtractor   : extracted value ([id1_7_] : [BIGINT]) - [124]
2021-03-10 22:37:37.481 TRACE 20712 --- [    Test worker] o.h.type.descriptor.sql.BasicExtractor   : extracted value ([id1_7_] : [BIGINT]) - [125]
2021-03-10 22:37:37.481 TRACE 20712 --- [    Test worker] o.h.type.descriptor.sql.BasicExtractor   : extracted value ([id1_7_] : [BIGINT]) - [126]
2021-03-10 22:37:37.481 TRACE 20712 --- [    Test worker] o.h.type.descriptor.sql.BasicExtractor   : extracted value ([id1_7_] : [BIGINT]) - [127]
2021-03-10 22:37:37.481 TRACE 20712 --- [    Test worker] o.h.type.descriptor.sql.BasicExtractor   : extracted value ([id1_7_] : [BIGINT]) - [128]
2021-03-10 22:37:37.481 TRACE 20712 --- [    Test worker] o.h.type.descriptor.sql.BasicExtractor   : extracted value ([id1_7_] : [BIGINT]) - [129]
2021-03-10 22:37:37.481 TRACE 20712 --- [    Test worker] o.h.type.descriptor.sql.BasicExtractor   : extracted value ([id1_7_] : [BIGINT]) - [130]
2021-03-10 22:37:37.481 TRACE 20712 --- [    Test worker] o.h.type.descriptor.sql.BasicExtractor   : extracted value ([id1_7_] : [BIGINT]) - [131]
2021-03-10 22:37:37.481 TRACE 20712 --- [    Test worker] o.h.type.descriptor.sql.BasicExtractor   : extracted value ([id1_7_] : [BIGINT]) - [132]
2021-03-10 22:37:37.481 TRACE 20712 --- [    Test worker] o.h.type.descriptor.sql.BasicExtractor   : extracted value ([id1_7_] : [BIGINT]) - [133]
2021-03-10 22:37:37.481 TRACE 20712 --- [    Test worker] o.h.type.descriptor.sql.BasicExtractor   : extracted value ([id1_7_] : [BIGINT]) - [134]
2021-03-10 22:37:37.481 TRACE 20712 --- [    Test worker] o.h.type.descriptor.sql.BasicExtractor   : extracted value ([id1_7_] : [BIGINT]) - [135]
2021-03-10 22:37:37.481 TRACE 20712 --- [    Test worker] o.h.type.descriptor.sql.BasicExtractor   : extracted value ([id1_7_] : [BIGINT]) - [136]
2021-03-10 22:37:37.481 TRACE 20712 --- [    Test worker] o.h.type.descriptor.sql.BasicExtractor   : extracted value ([id1_7_] : [BIGINT]) - [137]
2021-03-10 22:37:37.481 TRACE 20712 --- [    Test worker] o.h.type.descriptor.sql.BasicExtractor   : extracted value ([id1_7_] : [BIGINT]) - [138]
2021-03-10 22:37:37.481 TRACE 20712 --- [    Test worker] o.h.type.descriptor.sql.BasicExtractor   : extracted value ([id1_7_] : [BIGINT]) - [139]
2021-03-10 22:37:37.481 TRACE 20712 --- [    Test worker] o.h.type.descriptor.sql.BasicExtractor   : extracted value ([id1_7_] : [BIGINT]) - [140]
2021-03-10 22:37:37.481 TRACE 20712 --- [    Test worker] o.h.type.descriptor.sql.BasicExtractor   : extracted value ([id1_7_] : [BIGINT]) - [141]
2021-03-10 22:37:37.481 TRACE 20712 --- [    Test worker] o.h.type.descriptor.sql.BasicExtractor   : extracted value ([id1_7_] : [BIGINT]) - [142]
2021-03-10 22:37:37.481 TRACE 20712 --- [    Test worker] o.h.type.descriptor.sql.BasicExtractor   : extracted value ([id1_7_] : [BIGINT]) - [143]
2021-03-10 22:37:37.481 TRACE 20712 --- [    Test worker] o.h.type.descriptor.sql.BasicExtractor   : extracted value ([id1_7_] : [BIGINT]) - [144]
2021-03-10 22:37:37.481 TRACE 20712 --- [    Test worker] o.h.type.descriptor.sql.BasicExtractor   : extracted value ([id1_7_] : [BIGINT]) - [145]
Hibernate: 
    select
        zone0_.id as id1_7_,
        zone0_.city as city2_7_,
        zone0_.local_name_of_city as local_na3_7_,
        zone0_.province as province4_7_ 
    from
        zone zone0_
2021-03-10 22:37:37.481 TRACE 20712 --- [    Test worker] o.h.type.descriptor.sql.BasicExtractor   : extracted value ([id1_7_] : [BIGINT]) - [61]
2021-03-10 22:37:37.481 TRACE 20712 --- [    Test worker] o.h.type.descriptor.sql.BasicExtractor   : extracted value ([id1_7_] : [BIGINT]) - [62]
2021-03-10 22:37:37.481 TRACE 20712 --- [    Test worker] o.h.type.descriptor.sql.BasicExtractor   : extracted value ([id1_7_] : [BIGINT]) - [63]
2021-03-10 22:37:37.481 TRACE 20712 --- [    Test worker] o.h.type.descriptor.sql.BasicExtractor   : extracted value ([id1_7_] : [BIGINT]) - [64]
2021-03-10 22:37:37.481 TRACE 20712 --- [    Test worker] o.h.type.descriptor.sql.BasicExtractor   : extracted value ([id1_7_] : [BIGINT]) - [65]
2021-03-10 22:37:37.481 TRACE 20712 --- [    Test worker] o.h.type.descriptor.sql.BasicExtractor   : extracted value ([id1_7_] : [BIGINT]) - [66]
2021-03-10 22:37:37.481 TRACE 20712 --- [    Test worker] o.h.type.descriptor.sql.BasicExtractor   : extracted value ([id1_7_] : [BIGINT]) - [67]
2021-03-10 22:37:37.481 TRACE 20712 --- [    Test worker] o.h.type.descriptor.sql.BasicExtractor   : extracted value ([id1_7_] : [BIGINT]) - [68]
2021-03-10 22:37:37.481 TRACE 20712 --- [    Test worker] o.h.type.descriptor.sql.BasicExtractor   : extracted value ([id1_7_] : [BIGINT]) - [69]
2021-03-10 22:37:37.481 TRACE 20712 --- [    Test worker] o.h.type.descriptor.sql.BasicExtractor   : extracted value ([id1_7_] : [BIGINT]) - [70]
2021-03-10 22:37:37.481 TRACE 20712 --- [    Test worker] o.h.type.descriptor.sql.BasicExtractor   : extracted value ([id1_7_] : [BIGINT]) - [71]
2021-03-10 22:37:37.481 TRACE 20712 --- [    Test worker] o.h.type.descriptor.sql.BasicExtractor   : extracted value ([id1_7_] : [BIGINT]) - [72]
2021-03-10 22:37:37.481 TRACE 20712 --- [    Test worker] o.h.type.descriptor.sql.BasicExtractor   : extracted value ([id1_7_] : [BIGINT]) - [73]
2021-03-10 22:37:37.481 TRACE 20712 --- [    Test worker] o.h.type.descriptor.sql.BasicExtractor   : extracted value ([id1_7_] : [BIGINT]) - [74]
2021-03-10 22:37:37.481 TRACE 20712 --- [    Test worker] o.h.type.descriptor.sql.BasicExtractor   : extracted value ([id1_7_] : [BIGINT]) - [75]
2021-03-10 22:37:37.481 TRACE 20712 --- [    Test worker] o.h.type.descriptor.sql.BasicExtractor   : extracted value ([id1_7_] : [BIGINT]) - [76]
2021-03-10 22:37:37.481 TRACE 20712 --- [    Test worker] o.h.type.descriptor.sql.BasicExtractor   : extracted value ([id1_7_] : [BIGINT]) - [77]
2021-03-10 22:37:37.481 TRACE 20712 --- [    Test worker] o.h.type.descriptor.sql.BasicExtractor   : extracted value ([id1_7_] : [BIGINT]) - [78]
2021-03-10 22:37:37.481 TRACE 20712 --- [    Test worker] o.h.type.descriptor.sql.BasicExtractor   : extracted value ([id1_7_] : [BIGINT]) - [79]
2021-03-10 22:37:37.481 TRACE 20712 --- [    Test worker] o.h.type.descriptor.sql.BasicExtractor   : extracted value ([id1_7_] : [BIGINT]) - [80]
2021-03-10 22:37:37.481 TRACE 20712 --- [    Test worker] o.h.type.descriptor.sql.BasicExtractor   : extracted value ([id1_7_] : [BIGINT]) - [81]
2021-03-10 22:37:37.481 TRACE 20712 --- [    Test worker] o.h.type.descriptor.sql.BasicExtractor   : extracted value ([id1_7_] : [BIGINT]) - [82]
2021-03-10 22:37:37.481 TRACE 20712 --- [    Test worker] o.h.type.descriptor.sql.BasicExtractor   : extracted value ([id1_7_] : [BIGINT]) - [83]
2021-03-10 22:37:37.481 TRACE 20712 --- [    Test worker] o.h.type.descriptor.sql.BasicExtractor   : extracted value ([id1_7_] : [BIGINT]) - [84]
2021-03-10 22:37:37.481 TRACE 20712 --- [    Test worker] o.h.type.descriptor.sql.BasicExtractor   : extracted value ([id1_7_] : [BIGINT]) - [85]
2021-03-10 22:37:37.481 TRACE 20712 --- [    Test worker] o.h.type.descriptor.sql.BasicExtractor   : extracted value ([id1_7_] : [BIGINT]) - [86]
2021-03-10 22:37:37.481 TRACE 20712 --- [    Test worker] o.h.type.descriptor.sql.BasicExtractor   : extracted value ([id1_7_] : [BIGINT]) - [87]
2021-03-10 22:37:37.481 TRACE 20712 --- [    Test worker] o.h.type.descriptor.sql.BasicExtractor   : extracted value ([id1_7_] : [BIGINT]) - [88]
2021-03-10 22:37:37.481 TRACE 20712 --- [    Test worker] o.h.type.descriptor.sql.BasicExtractor   : extracted value ([id1_7_] : [BIGINT]) - [89]
2021-03-10 22:37:37.481 TRACE 20712 --- [    Test worker] o.h.type.descriptor.sql.BasicExtractor   : extracted value ([id1_7_] : [BIGINT]) - [90]
2021-03-10 22:37:37.481 TRACE 20712 --- [    Test worker] o.h.type.descriptor.sql.BasicExtractor   : extracted value ([id1_7_] : [BIGINT]) - [91]
2021-03-10 22:37:37.481 TRACE 20712 --- [    Test worker] o.h.type.descriptor.sql.BasicExtractor   : extracted value ([id1_7_] : [BIGINT]) - [92]
2021-03-10 22:37:37.481 TRACE 20712 --- [    Test worker] o.h.type.descriptor.sql.BasicExtractor   : extracted value ([id1_7_] : [BIGINT]) - [93]
2021-03-10 22:37:37.481 TRACE 20712 --- [    Test worker] o.h.type.descriptor.sql.BasicExtractor   : extracted value ([id1_7_] : [BIGINT]) - [94]
2021-03-10 22:37:37.481 TRACE 20712 --- [    Test worker] o.h.type.descriptor.sql.BasicExtractor   : extracted value ([id1_7_] : [BIGINT]) - [95]
2021-03-10 22:37:37.481 TRACE 20712 --- [    Test worker] o.h.type.descriptor.sql.BasicExtractor   : extracted value ([id1_7_] : [BIGINT]) - [96]
2021-03-10 22:37:37.481 TRACE 20712 --- [    Test worker] o.h.type.descriptor.sql.BasicExtractor   : extracted value ([id1_7_] : [BIGINT]) - [97]
2021-03-10 22:37:37.481 TRACE 20712 --- [    Test worker] o.h.type.descriptor.sql.BasicExtractor   : extracted value ([id1_7_] : [BIGINT]) - [98]
2021-03-10 22:37:37.481 TRACE 20712 --- [    Test worker] o.h.type.descriptor.sql.BasicExtractor   : extracted value ([id1_7_] : [BIGINT]) - [99]
2021-03-10 22:37:37.481 TRACE 20712 --- [    Test worker] o.h.type.descriptor.sql.BasicExtractor   : extracted value ([id1_7_] : [BIGINT]) - [100]
2021-03-10 22:37:37.481 TRACE 20712 --- [    Test worker] o.h.type.descriptor.sql.BasicExtractor   : extracted value ([id1_7_] : [BIGINT]) - [101]
2021-03-10 22:37:37.481 TRACE 20712 --- [    Test worker] o.h.type.descriptor.sql.BasicExtractor   : extracted value ([id1_7_] : [BIGINT]) - [102]
2021-03-10 22:37:37.481 TRACE 20712 --- [    Test worker] o.h.type.descriptor.sql.BasicExtractor   : extracted value ([id1_7_] : [BIGINT]) - [103]
2021-03-10 22:37:37.481 TRACE 20712 --- [    Test worker] o.h.type.descriptor.sql.BasicExtractor   : extracted value ([id1_7_] : [BIGINT]) - [104]
2021-03-10 22:37:37.481 TRACE 20712 --- [    Test worker] o.h.type.descriptor.sql.BasicExtractor   : extracted value ([id1_7_] : [BIGINT]) - [105]
2021-03-10 22:37:37.481 TRACE 20712 --- [    Test worker] o.h.type.descriptor.sql.BasicExtractor   : extracted value ([id1_7_] : [BIGINT]) - [106]
2021-03-10 22:37:37.481 TRACE 20712 --- [    Test worker] o.h.type.descriptor.sql.BasicExtractor   : extracted value ([id1_7_] : [BIGINT]) - [107]
2021-03-10 22:37:37.481 TRACE 20712 --- [    Test worker] o.h.type.descriptor.sql.BasicExtractor   : extracted value ([id1_7_] : [BIGINT]) - [108]
2021-03-10 22:37:37.481 TRACE 20712 --- [    Test worker] o.h.type.descriptor.sql.BasicExtractor   : extracted value ([id1_7_] : [BIGINT]) - [109]
2021-03-10 22:37:37.481 TRACE 20712 --- [    Test worker] o.h.type.descriptor.sql.BasicExtractor   : extracted value ([id1_7_] : [BIGINT]) - [110]
2021-03-10 22:37:37.481 TRACE 20712 --- [    Test worker] o.h.type.descriptor.sql.BasicExtractor   : extracted value ([id1_7_] : [BIGINT]) - [111]
2021-03-10 22:37:37.481 TRACE 20712 --- [    Test worker] o.h.type.descriptor.sql.BasicExtractor   : extracted value ([id1_7_] : [BIGINT]) - [112]
2021-03-10 22:37:37.481 TRACE 20712 --- [    Test worker] o.h.type.descriptor.sql.BasicExtractor   : extracted value ([id1_7_] : [BIGINT]) - [113]
2021-03-10 22:37:37.481 TRACE 20712 --- [    Test worker] o.h.type.descriptor.sql.BasicExtractor   : extracted value ([id1_7_] : [BIGINT]) - [114]
2021-03-10 22:37:37.481 TRACE 20712 --- [    Test worker] o.h.type.descriptor.sql.BasicExtractor   : extracted value ([id1_7_] : [BIGINT]) - [115]
2021-03-10 22:37:37.481 TRACE 20712 --- [    Test worker] o.h.type.descriptor.sql.BasicExtractor   : extracted value ([id1_7_] : [BIGINT]) - [116]
2021-03-10 22:37:37.481 TRACE 20712 --- [    Test worker] o.h.type.descriptor.sql.BasicExtractor   : extracted value ([id1_7_] : [BIGINT]) - [117]
2021-03-10 22:37:37.481 TRACE 20712 --- [    Test worker] o.h.type.descriptor.sql.BasicExtractor   : extracted value ([id1_7_] : [BIGINT]) - [118]
2021-03-10 22:37:37.481 TRACE 20712 --- [    Test worker] o.h.type.descriptor.sql.BasicExtractor   : extracted value ([id1_7_] : [BIGINT]) - [119]
2021-03-10 22:37:37.481 TRACE 20712 --- [    Test worker] o.h.type.descriptor.sql.BasicExtractor   : extracted value ([id1_7_] : [BIGINT]) - [120]
2021-03-10 22:37:37.481 TRACE 20712 --- [    Test worker] o.h.type.descriptor.sql.BasicExtractor   : extracted value ([id1_7_] : [BIGINT]) - [121]
2021-03-10 22:37:37.481 TRACE 20712 --- [    Test worker] o.h.type.descriptor.sql.BasicExtractor   : extracted value ([id1_7_] : [BIGINT]) - [122]
2021-03-10 22:37:37.481 TRACE 20712 --- [    Test worker] o.h.type.descriptor.sql.BasicExtractor   : extracted value ([id1_7_] : [BIGINT]) - [123]
2021-03-10 22:37:37.481 TRACE 20712 --- [    Test worker] o.h.type.descriptor.sql.BasicExtractor   : extracted value ([id1_7_] : [BIGINT]) - [124]
2021-03-10 22:37:37.481 TRACE 20712 --- [    Test worker] o.h.type.descriptor.sql.BasicExtractor   : extracted value ([id1_7_] : [BIGINT]) - [125]
2021-03-10 22:37:37.481 TRACE 20712 --- [    Test worker] o.h.type.descriptor.sql.BasicExtractor   : extracted value ([id1_7_] : [BIGINT]) - [126]
2021-03-10 22:37:37.481 TRACE 20712 --- [    Test worker] o.h.type.descriptor.sql.BasicExtractor   : extracted value ([id1_7_] : [BIGINT]) - [127]
2021-03-10 22:37:37.481 TRACE 20712 --- [    Test worker] o.h.type.descriptor.sql.BasicExtractor   : extracted value ([id1_7_] : [BIGINT]) - [128]
2021-03-10 22:37:37.481 TRACE 20712 --- [    Test worker] o.h.type.descriptor.sql.BasicExtractor   : extracted value ([id1_7_] : [BIGINT]) - [129]
2021-03-10 22:37:37.481 TRACE 20712 --- [    Test worker] o.h.type.descriptor.sql.BasicExtractor   : extracted value ([id1_7_] : [BIGINT]) - [130]
2021-03-10 22:37:37.481 TRACE 20712 --- [    Test worker] o.h.type.descriptor.sql.BasicExtractor   : extracted value ([id1_7_] : [BIGINT]) - [131]
2021-03-10 22:37:37.481 TRACE 20712 --- [    Test worker] o.h.type.descriptor.sql.BasicExtractor   : extracted value ([id1_7_] : [BIGINT]) - [132]
2021-03-10 22:37:37.481 TRACE 20712 --- [    Test worker] o.h.type.descriptor.sql.BasicExtractor   : extracted value ([id1_7_] : [BIGINT]) - [133]
2021-03-10 22:37:37.481 TRACE 20712 --- [    Test worker] o.h.type.descriptor.sql.BasicExtractor   : extracted value ([id1_7_] : [BIGINT]) - [134]
2021-03-10 22:37:37.481 TRACE 20712 --- [    Test worker] o.h.type.descriptor.sql.BasicExtractor   : extracted value ([id1_7_] : [BIGINT]) - [135]
2021-03-10 22:37:37.481 TRACE 20712 --- [    Test worker] o.h.type.descriptor.sql.BasicExtractor   : extracted value ([id1_7_] : [BIGINT]) - [136]
2021-03-10 22:37:37.481 TRACE 20712 --- [    Test worker] o.h.type.descriptor.sql.BasicExtractor   : extracted value ([id1_7_] : [BIGINT]) - [137]
2021-03-10 22:37:37.481 TRACE 20712 --- [    Test worker] o.h.type.descriptor.sql.BasicExtractor   : extracted value ([id1_7_] : [BIGINT]) - [138]
2021-03-10 22:37:37.481 TRACE 20712 --- [    Test worker] o.h.type.descriptor.sql.BasicExtractor   : extracted value ([id1_7_] : [BIGINT]) - [139]
2021-03-10 22:37:37.481 TRACE 20712 --- [    Test worker] o.h.type.descriptor.sql.BasicExtractor   : extracted value ([id1_7_] : [BIGINT]) - [140]
2021-03-10 22:37:37.481 TRACE 20712 --- [    Test worker] o.h.type.descriptor.sql.BasicExtractor   : extracted value ([id1_7_] : [BIGINT]) - [141]
2021-03-10 22:37:37.481 TRACE 20712 --- [    Test worker] o.h.type.descriptor.sql.BasicExtractor   : extracted value ([id1_7_] : [BIGINT]) - [142]
2021-03-10 22:37:37.481 TRACE 20712 --- [    Test worker] o.h.type.descriptor.sql.BasicExtractor   : extracted value ([id1_7_] : [BIGINT]) - [143]
2021-03-10 22:37:37.481 TRACE 20712 --- [    Test worker] o.h.type.descriptor.sql.BasicExtractor   : extracted value ([id1_7_] : [BIGINT]) - [144]
2021-03-10 22:37:37.481 TRACE 20712 --- [    Test worker] o.h.type.descriptor.sql.BasicExtractor   : extracted value ([id1_7_] : [BIGINT]) - [145]
Hibernate: 
    select
        zone0_.id as id1_7_,
        zone0_.city as city2_7_,
        zone0_.local_name_of_city as local_na3_7_,
        zone0_.province as province4_7_ 
    from
        zone zone0_
2021-03-10 22:37:37.481 TRACE 20712 --- [    Test worker] o.h.type.descriptor.sql.BasicExtractor   : extracted value ([id1_7_] : [BIGINT]) - [61]
2021-03-10 22:37:37.481 TRACE 20712 --- [    Test worker] o.h.type.descriptor.sql.BasicExtractor   : extracted value ([id1_7_] : [BIGINT]) - [62]
2021-03-10 22:37:37.481 TRACE 20712 --- [    Test worker] o.h.type.descriptor.sql.BasicExtractor   : extracted value ([id1_7_] : [BIGINT]) - [63]
2021-03-10 22:37:37.481 TRACE 20712 --- [    Test worker] o.h.type.descriptor.sql.BasicExtractor   : extracted value ([id1_7_] : [BIGINT]) - [64]
2021-03-10 22:37:37.481 TRACE 20712 --- [    Test worker] o.h.type.descriptor.sql.BasicExtractor   : extracted value ([id1_7_] : [BIGINT]) - [65]
2021-03-10 22:37:37.481 TRACE 20712 --- [    Test worker] o.h.type.descriptor.sql.BasicExtractor   : extracted value ([id1_7_] : [BIGINT]) - [66]
2021-03-10 22:37:37.481 TRACE 20712 --- [    Test worker] o.h.type.descriptor.sql.BasicExtractor   : extracted value ([id1_7_] : [BIGINT]) - [67]
2021-03-10 22:37:37.481 TRACE 20712 --- [    Test worker] o.h.type.descriptor.sql.BasicExtractor   : extracted value ([id1_7_] : [BIGINT]) - [68]
2021-03-10 22:37:37.481 TRACE 20712 --- [    Test worker] o.h.type.descriptor.sql.BasicExtractor   : extracted value ([id1_7_] : [BIGINT]) - [69]
2021-03-10 22:37:37.481 TRACE 20712 --- [    Test worker] o.h.type.descriptor.sql.BasicExtractor   : extracted value ([id1_7_] : [BIGINT]) - [70]
2021-03-10 22:37:37.481 TRACE 20712 --- [    Test worker] o.h.type.descriptor.sql.BasicExtractor   : extracted value ([id1_7_] : [BIGINT]) - [71]
2021-03-10 22:37:37.481 TRACE 20712 --- [    Test worker] o.h.type.descriptor.sql.BasicExtractor   : extracted value ([id1_7_] : [BIGINT]) - [72]
2021-03-10 22:37:37.481 TRACE 20712 --- [    Test worker] o.h.type.descriptor.sql.BasicExtractor   : extracted value ([id1_7_] : [BIGINT]) - [73]
2021-03-10 22:37:37.481 TRACE 20712 --- [    Test worker] o.h.type.descriptor.sql.BasicExtractor   : extracted value ([id1_7_] : [BIGINT]) - [74]
2021-03-10 22:37:37.481 TRACE 20712 --- [    Test worker] o.h.type.descriptor.sql.BasicExtractor   : extracted value ([id1_7_] : [BIGINT]) - [75]
2021-03-10 22:37:37.481 TRACE 20712 --- [    Test worker] o.h.type.descriptor.sql.BasicExtractor   : extracted value ([id1_7_] : [BIGINT]) - [76]
2021-03-10 22:37:37.481 TRACE 20712 --- [    Test worker] o.h.type.descriptor.sql.BasicExtractor   : extracted value ([id1_7_] : [BIGINT]) - [77]
2021-03-10 22:37:37.481 TRACE 20712 --- [    Test worker] o.h.type.descriptor.sql.BasicExtractor   : extracted value ([id1_7_] : [BIGINT]) - [78]
2021-03-10 22:37:37.481 TRACE 20712 --- [    Test worker] o.h.type.descriptor.sql.BasicExtractor   : extracted value ([id1_7_] : [BIGINT]) - [79]
2021-03-10 22:37:37.481 TRACE 20712 --- [    Test worker] o.h.type.descriptor.sql.BasicExtractor   : extracted value ([id1_7_] : [BIGINT]) - [80]
2021-03-10 22:37:37.481 TRACE 20712 --- [    Test worker] o.h.type.descriptor.sql.BasicExtractor   : extracted value ([id1_7_] : [BIGINT]) - [81]
2021-03-10 22:37:37.481 TRACE 20712 --- [    Test worker] o.h.type.descriptor.sql.BasicExtractor   : extracted value ([id1_7_] : [BIGINT]) - [82]
2021-03-10 22:37:37.481 TRACE 20712 --- [    Test worker] o.h.type.descriptor.sql.BasicExtractor   : extracted value ([id1_7_] : [BIGINT]) - [83]
2021-03-10 22:37:37.481 TRACE 20712 --- [    Test worker] o.h.type.descriptor.sql.BasicExtractor   : extracted value ([id1_7_] : [BIGINT]) - [84]
2021-03-10 22:37:37.481 TRACE 20712 --- [    Test worker] o.h.type.descriptor.sql.BasicExtractor   : extracted value ([id1_7_] : [BIGINT]) - [85]
2021-03-10 22:37:37.481 TRACE 20712 --- [    Test worker] o.h.type.descriptor.sql.BasicExtractor   : extracted value ([id1_7_] : [BIGINT]) - [86]
2021-03-10 22:37:37.481 TRACE 20712 --- [    Test worker] o.h.type.descriptor.sql.BasicExtractor   : extracted value ([id1_7_] : [BIGINT]) - [87]
2021-03-10 22:37:37.481 TRACE 20712 --- [    Test worker] o.h.type.descriptor.sql.BasicExtractor   : extracted value ([id1_7_] : [BIGINT]) - [88]
2021-03-10 22:37:37.481 TRACE 20712 --- [    Test worker] o.h.type.descriptor.sql.BasicExtractor   : extracted value ([id1_7_] : [BIGINT]) - [89]
2021-03-10 22:37:37.481 TRACE 20712 --- [    Test worker] o.h.type.descriptor.sql.BasicExtractor   : extracted value ([id1_7_] : [BIGINT]) - [90]
2021-03-10 22:37:37.481 TRACE 20712 --- [    Test worker] o.h.type.descriptor.sql.BasicExtractor   : extracted value ([id1_7_] : [BIGINT]) - [91]
2021-03-10 22:37:37.481 TRACE 20712 --- [    Test worker] o.h.type.descriptor.sql.BasicExtractor   : extracted value ([id1_7_] : [BIGINT]) - [92]
2021-03-10 22:37:37.481 TRACE 20712 --- [    Test worker] o.h.type.descriptor.sql.BasicExtractor   : extracted value ([id1_7_] : [BIGINT]) - [93]
2021-03-10 22:37:37.481 TRACE 20712 --- [    Test worker] o.h.type.descriptor.sql.BasicExtractor   : extracted value ([id1_7_] : [BIGINT]) - [94]
2021-03-10 22:37:37.481 TRACE 20712 --- [    Test worker] o.h.type.descriptor.sql.BasicExtractor   : extracted value ([id1_7_] : [BIGINT]) - [95]
2021-03-10 22:37:37.481 TRACE 20712 --- [    Test worker] o.h.type.descriptor.sql.BasicExtractor   : extracted value ([id1_7_] : [BIGINT]) - [96]
2021-03-10 22:37:37.481 TRACE 20712 --- [    Test worker] o.h.type.descriptor.sql.BasicExtractor   : extracted value ([id1_7_] : [BIGINT]) - [97]
2021-03-10 22:37:37.481 TRACE 20712 --- [    Test worker] o.h.type.descriptor.sql.BasicExtractor   : extracted value ([id1_7_] : [BIGINT]) - [98]
2021-03-10 22:37:37.481 TRACE 20712 --- [    Test worker] o.h.type.descriptor.sql.BasicExtractor   : extracted value ([id1_7_] : [BIGINT]) - [99]
2021-03-10 22:37:37.481 TRACE 20712 --- [    Test worker] o.h.type.descriptor.sql.BasicExtractor   : extracted value ([id1_7_] : [BIGINT]) - [100]
2021-03-10 22:37:37.481 TRACE 20712 --- [    Test worker] o.h.type.descriptor.sql.BasicExtractor   : extracted value ([id1_7_] : [BIGINT]) - [101]
2021-03-10 22:37:37.481 TRACE 20712 --- [    Test worker] o.h.type.descriptor.sql.BasicExtractor   : extracted value ([id1_7_] : [BIGINT]) - [102]
2021-03-10 22:37:37.481 TRACE 20712 --- [    Test worker] o.h.type.descriptor.sql.BasicExtractor   : extracted value ([id1_7_] : [BIGINT]) - [103]
2021-03-10 22:37:37.481 TRACE 20712 --- [    Test worker] o.h.type.descriptor.sql.BasicExtractor   : extracted value ([id1_7_] : [BIGINT]) - [104]
2021-03-10 22:37:37.481 TRACE 20712 --- [    Test worker] o.h.type.descriptor.sql.BasicExtractor   : extracted value ([id1_7_] : [BIGINT]) - [105]
2021-03-10 22:37:37.481 TRACE 20712 --- [    Test worker] o.h.type.descriptor.sql.BasicExtractor   : extracted value ([id1_7_] : [BIGINT]) - [106]
2021-03-10 22:37:37.481 TRACE 20712 --- [    Test worker] o.h.type.descriptor.sql.BasicExtractor   : extracted value ([id1_7_] : [BIGINT]) - [107]
2021-03-10 22:37:37.481 TRACE 20712 --- [    Test worker] o.h.type.descriptor.sql.BasicExtractor   : extracted value ([id1_7_] : [BIGINT]) - [108]
2021-03-10 22:37:37.481 TRACE 20712 --- [    Test worker] o.h.type.descriptor.sql.BasicExtractor   : extracted value ([id1_7_] : [BIGINT]) - [109]
2021-03-10 22:37:37.481 TRACE 20712 --- [    Test worker] o.h.type.descriptor.sql.BasicExtractor   : extracted value ([id1_7_] : [BIGINT]) - [110]
2021-03-10 22:37:37.481 TRACE 20712 --- [    Test worker] o.h.type.descriptor.sql.BasicExtractor   : extracted value ([id1_7_] : [BIGINT]) - [111]
2021-03-10 22:37:37.481 TRACE 20712 --- [    Test worker] o.h.type.descriptor.sql.BasicExtractor   : extracted value ([id1_7_] : [BIGINT]) - [112]
2021-03-10 22:37:37.481 TRACE 20712 --- [    Test worker] o.h.type.descriptor.sql.BasicExtractor   : extracted value ([id1_7_] : [BIGINT]) - [113]
2021-03-10 22:37:37.481 TRACE 20712 --- [    Test worker] o.h.type.descriptor.sql.BasicExtractor   : extracted value ([id1_7_] : [BIGINT]) - [114]
2021-03-10 22:37:37.481 TRACE 20712 --- [    Test worker] o.h.type.descriptor.sql.BasicExtractor   : extracted value ([id1_7_] : [BIGINT]) - [115]
2021-03-10 22:37:37.481 TRACE 20712 --- [    Test worker] o.h.type.descriptor.sql.BasicExtractor   : extracted value ([id1_7_] : [BIGINT]) - [116]
2021-03-10 22:37:37.481 TRACE 20712 --- [    Test worker] o.h.type.descriptor.sql.BasicExtractor   : extracted value ([id1_7_] : [BIGINT]) - [117]
2021-03-10 22:37:37.481 TRACE 20712 --- [    Test worker] o.h.type.descriptor.sql.BasicExtractor   : extracted value ([id1_7_] : [BIGINT]) - [118]
2021-03-10 22:37:37.481 TRACE 20712 --- [    Test worker] o.h.type.descriptor.sql.BasicExtractor   : extracted value ([id1_7_] : [BIGINT]) - [119]
2021-03-10 22:37:37.481 TRACE 20712 --- [    Test worker] o.h.type.descriptor.sql.BasicExtractor   : extracted value ([id1_7_] : [BIGINT]) - [120]
2021-03-10 22:37:37.481 TRACE 20712 --- [    Test worker] o.h.type.descriptor.sql.BasicExtractor   : extracted value ([id1_7_] : [BIGINT]) - [121]
2021-03-10 22:37:37.481 TRACE 20712 --- [    Test worker] o.h.type.descriptor.sql.BasicExtractor   : extracted value ([id1_7_] : [BIGINT]) - [122]
2021-03-10 22:37:37.481 TRACE 20712 --- [    Test worker] o.h.type.descriptor.sql.BasicExtractor   : extracted value ([id1_7_] : [BIGINT]) - [123]
2021-03-10 22:37:37.481 TRACE 20712 --- [    Test worker] o.h.type.descriptor.sql.BasicExtractor   : extracted value ([id1_7_] : [BIGINT]) - [124]
2021-03-10 22:37:37.481 TRACE 20712 --- [    Test worker] o.h.type.descriptor.sql.BasicExtractor   : extracted value ([id1_7_] : [BIGINT]) - [125]
2021-03-10 22:37:37.481 TRACE 20712 --- [    Test worker] o.h.type.descriptor.sql.BasicExtractor   : extracted value ([id1_7_] : [BIGINT]) - [126]
2021-03-10 22:37:37.481 TRACE 20712 --- [    Test worker] o.h.type.descriptor.sql.BasicExtractor   : extracted value ([id1_7_] : [BIGINT]) - [127]
2021-03-10 22:37:37.481 TRACE 20712 --- [    Test worker] o.h.type.descriptor.sql.BasicExtractor   : extracted value ([id1_7_] : [BIGINT]) - [128]
2021-03-10 22:37:37.481 TRACE 20712 --- [    Test worker] o.h.type.descriptor.sql.BasicExtractor   : extracted value ([id1_7_] : [BIGINT]) - [129]
2021-03-10 22:37:37.481 TRACE 20712 --- [    Test worker] o.h.type.descriptor.sql.BasicExtractor   : extracted value ([id1_7_] : [BIGINT]) - [130]
2021-03-10 22:37:37.481 TRACE 20712 --- [    Test worker] o.h.type.descriptor.sql.BasicExtractor   : extracted value ([id1_7_] : [BIGINT]) - [131]
2021-03-10 22:37:37.481 TRACE 20712 --- [    Test worker] o.h.type.descriptor.sql.BasicExtractor   : extracted value ([id1_7_] : [BIGINT]) - [132]
2021-03-10 22:37:37.481 TRACE 20712 --- [    Test worker] o.h.type.descriptor.sql.BasicExtractor   : extracted value ([id1_7_] : [BIGINT]) - [133]
2021-03-10 22:37:37.481 TRACE 20712 --- [    Test worker] o.h.type.descriptor.sql.BasicExtractor   : extracted value ([id1_7_] : [BIGINT]) - [134]
2021-03-10 22:37:37.481 TRACE 20712 --- [    Test worker] o.h.type.descriptor.sql.BasicExtractor   : extracted value ([id1_7_] : [BIGINT]) - [135]
2021-03-10 22:37:37.481 TRACE 20712 --- [    Test worker] o.h.type.descriptor.sql.BasicExtractor   : extracted value ([id1_7_] : [BIGINT]) - [136]
2021-03-10 22:37:37.481 TRACE 20712 --- [    Test worker] o.h.type.descriptor.sql.BasicExtractor   : extracted value ([id1_7_] : [BIGINT]) - [137]
2021-03-10 22:37:37.481 TRACE 20712 --- [    Test worker] o.h.type.descriptor.sql.BasicExtractor   : extracted value ([id1_7_] : [BIGINT]) - [138]
2021-03-10 22:37:37.481 TRACE 20712 --- [    Test worker] o.h.type.descriptor.sql.BasicExtractor   : extracted value ([id1_7_] : [BIGINT]) - [139]
2021-03-10 22:37:37.481 TRACE 20712 --- [    Test worker] o.h.type.descriptor.sql.BasicExtractor   : extracted value ([id1_7_] : [BIGINT]) - [140]
2021-03-10 22:37:37.481 TRACE 20712 --- [    Test worker] o.h.type.descriptor.sql.BasicExtractor   : extracted value ([id1_7_] : [BIGINT]) - [141]
2021-03-10 22:37:37.481 TRACE 20712 --- [    Test worker] o.h.type.descriptor.sql.BasicExtractor   : extracted value ([id1_7_] : [BIGINT]) - [142]
2021-03-10 22:37:37.481 TRACE 20712 --- [    Test worker] o.h.type.descriptor.sql.BasicExtractor   : extracted value ([id1_7_] : [BIGINT]) - [143]
2021-03-10 22:37:37.481 TRACE 20712 --- [    Test worker] o.h.type.descriptor.sql.BasicExtractor   : extracted value ([id1_7_] : [BIGINT]) - [144]
2021-03-10 22:37:37.481 TRACE 20712 --- [    Test worker] o.h.type.descriptor.sql.BasicExtractor   : extracted value ([id1_7_] : [BIGINT]) - [145]
Hibernate: 
    select
        zone0_.id as id1_7_,
        zone0_.city as city2_7_,
        zone0_.local_name_of_city as local_na3_7_,
        zone0_.province as province4_7_ 
    from
        zone zone0_
2021-03-10 22:37:37.481 TRACE 20712 --- [    Test worker] o.h.type.descriptor.sql.BasicExtractor   : extracted value ([id1_7_] : [BIGINT]) - [61]
2021-03-10 22:37:37.481 TRACE 20712 --- [    Test worker] o.h.type.descriptor.sql.BasicExtractor   : extracted value ([id1_7_] : [BIGINT]) - [62]
2021-03-10 22:37:37.481 TRACE 20712 --- [    Test worker] o.h.type.descriptor.sql.BasicExtractor   : extracted value ([id1_7_] : [BIGINT]) - [63]
2021-03-10 22:37:37.481 TRACE 20712 --- [    Test worker] o.h.type.descriptor.sql.BasicExtractor   : extracted value ([id1_7_] : [BIGINT]) - [64]
2021-03-10 22:37:37.481 TRACE 20712 --- [    Test worker] o.h.type.descriptor.sql.BasicExtractor   : extracted value ([id1_7_] : [BIGINT]) - [65]
2021-03-10 22:37:37.481 TRACE 20712 --- [    Test worker] o.h.type.descriptor.sql.BasicExtractor   : extracted value ([id1_7_] : [BIGINT]) - [66]
2021-03-10 22:37:37.481 TRACE 20712 --- [    Test worker] o.h.type.descriptor.sql.BasicExtractor   : extracted value ([id1_7_] : [BIGINT]) - [67]
2021-03-10 22:37:37.481 TRACE 20712 --- [    Test worker] o.h.type.descriptor.sql.BasicExtractor   : extracted value ([id1_7_] : [BIGINT]) - [68]
2021-03-10 22:37:37.481 TRACE 20712 --- [    Test worker] o.h.type.descriptor.sql.BasicExtractor   : extracted value ([id1_7_] : [BIGINT]) - [69]
2021-03-10 22:37:37.481 TRACE 20712 --- [    Test worker] o.h.type.descriptor.sql.BasicExtractor   : extracted value ([id1_7_] : [BIGINT]) - [70]
2021-03-10 22:37:37.481 TRACE 20712 --- [    Test worker] o.h.type.descriptor.sql.BasicExtractor   : extracted value ([id1_7_] : [BIGINT]) - [71]
2021-03-10 22:37:37.481 TRACE 20712 --- [    Test worker] o.h.type.descriptor.sql.BasicExtractor   : extracted value ([id1_7_] : [BIGINT]) - [72]
2021-03-10 22:37:37.481 TRACE 20712 --- [    Test worker] o.h.type.descriptor.sql.BasicExtractor   : extracted value ([id1_7_] : [BIGINT]) - [73]
2021-03-10 22:37:37.481 TRACE 20712 --- [    Test worker] o.h.type.descriptor.sql.BasicExtractor   : extracted value ([id1_7_] : [BIGINT]) - [74]
2021-03-10 22:37:37.481 TRACE 20712 --- [    Test worker] o.h.type.descriptor.sql.BasicExtractor   : extracted value ([id1_7_] : [BIGINT]) - [75]
2021-03-10 22:37:37.481 TRACE 20712 --- [    Test worker] o.h.type.descriptor.sql.BasicExtractor   : extracted value ([id1_7_] : [BIGINT]) - [76]
2021-03-10 22:37:37.481 TRACE 20712 --- [    Test worker] o.h.type.descriptor.sql.BasicExtractor   : extracted value ([id1_7_] : [BIGINT]) - [77]
2021-03-10 22:37:37.481 TRACE 20712 --- [    Test worker] o.h.type.descriptor.sql.BasicExtractor   : extracted value ([id1_7_] : [BIGINT]) - [78]
2021-03-10 22:37:37.481 TRACE 20712 --- [    Test worker] o.h.type.descriptor.sql.BasicExtractor   : extracted value ([id1_7_] : [BIGINT]) - [79]
2021-03-10 22:37:37.481 TRACE 20712 --- [    Test worker] o.h.type.descriptor.sql.BasicExtractor   : extracted value ([id1_7_] : [BIGINT]) - [80]
2021-03-10 22:37:37.481 TRACE 20712 --- [    Test worker] o.h.type.descriptor.sql.BasicExtractor   : extracted value ([id1_7_] : [BIGINT]) - [81]
2021-03-10 22:37:37.481 TRACE 20712 --- [    Test worker] o.h.type.descriptor.sql.BasicExtractor   : extracted value ([id1_7_] : [BIGINT]) - [82]
2021-03-10 22:37:37.481 TRACE 20712 --- [    Test worker] o.h.type.descriptor.sql.BasicExtractor   : extracted value ([id1_7_] : [BIGINT]) - [83]
2021-03-10 22:37:37.481 TRACE 20712 --- [    Test worker] o.h.type.descriptor.sql.BasicExtractor   : extracted value ([id1_7_] : [BIGINT]) - [84]
2021-03-10 22:37:37.481 TRACE 20712 --- [    Test worker] o.h.type.descriptor.sql.BasicExtractor   : extracted value ([id1_7_] : [BIGINT]) - [85]
2021-03-10 22:37:37.481 TRACE 20712 --- [    Test worker] o.h.type.descriptor.sql.BasicExtractor   : extracted value ([id1_7_] : [BIGINT]) - [86]
2021-03-10 22:37:37.481 TRACE 20712 --- [    Test worker] o.h.type.descriptor.sql.BasicExtractor   : extracted value ([id1_7_] : [BIGINT]) - [87]
2021-03-10 22:37:37.481 TRACE 20712 --- [    Test worker] o.h.type.descriptor.sql.BasicExtractor   : extracted value ([id1_7_] : [BIGINT]) - [88]
2021-03-10 22:37:37.481 TRACE 20712 --- [    Test worker] o.h.type.descriptor.sql.BasicExtractor   : extracted value ([id1_7_] : [BIGINT]) - [89]
2021-03-10 22:37:37.481 TRACE 20712 --- [    Test worker] o.h.type.descriptor.sql.BasicExtractor   : extracted value ([id1_7_] : [BIGINT]) - [90]
2021-03-10 22:37:37.481 TRACE 20712 --- [    Test worker] o.h.type.descriptor.sql.BasicExtractor   : extracted value ([id1_7_] : [BIGINT]) - [91]
2021-03-10 22:37:37.481 TRACE 20712 --- [    Test worker] o.h.type.descriptor.sql.BasicExtractor   : extracted value ([id1_7_] : [BIGINT]) - [92]
2021-03-10 22:37:37.481 TRACE 20712 --- [    Test worker] o.h.type.descriptor.sql.BasicExtractor   : extracted value ([id1_7_] : [BIGINT]) - [93]
2021-03-10 22:37:37.481 TRACE 20712 --- [    Test worker] o.h.type.descriptor.sql.BasicExtractor   : extracted value ([id1_7_] : [BIGINT]) - [94]
2021-03-10 22:37:37.481 TRACE 20712 --- [    Test worker] o.h.type.descriptor.sql.BasicExtractor   : extracted value ([id1_7_] : [BIGINT]) - [95]
2021-03-10 22:37:37.481 TRACE 20712 --- [    Test worker] o.h.type.descriptor.sql.BasicExtractor   : extracted value ([id1_7_] : [BIGINT]) - [96]
2021-03-10 22:37:37.481 TRACE 20712 --- [    Test worker] o.h.type.descriptor.sql.BasicExtractor   : extracted value ([id1_7_] : [BIGINT]) - [97]
2021-03-10 22:37:37.481 TRACE 20712 --- [    Test worker] o.h.type.descriptor.sql.BasicExtractor   : extracted value ([id1_7_] : [BIGINT]) - [98]
2021-03-10 22:37:37.481 TRACE 20712 --- [    Test worker] o.h.type.descriptor.sql.BasicExtractor   : extracted value ([id1_7_] : [BIGINT]) - [99]
2021-03-10 22:37:37.481 TRACE 20712 --- [    Test worker] o.h.type.descriptor.sql.BasicExtractor   : extracted value ([id1_7_] : [BIGINT]) - [100]
2021-03-10 22:37:37.481 TRACE 20712 --- [    Test worker] o.h.type.descriptor.sql.BasicExtractor   : extracted value ([id1_7_] : [BIGINT]) - [101]
2021-03-10 22:37:37.481 TRACE 20712 --- [    Test worker] o.h.type.descriptor.sql.BasicExtractor   : extracted value ([id1_7_] : [BIGINT]) - [102]
2021-03-10 22:37:37.481 TRACE 20712 --- [    Test worker] o.h.type.descriptor.sql.BasicExtractor   : extracted value ([id1_7_] : [BIGINT]) - [103]
2021-03-10 22:37:37.481 TRACE 20712 --- [    Test worker] o.h.type.descriptor.sql.BasicExtractor   : extracted value ([id1_7_] : [BIGINT]) - [104]
2021-03-10 22:37:37.481 TRACE 20712 --- [    Test worker] o.h.type.descriptor.sql.BasicExtractor   : extracted value ([id1_7_] : [BIGINT]) - [105]
2021-03-10 22:37:37.481 TRACE 20712 --- [    Test worker] o.h.type.descriptor.sql.BasicExtractor   : extracted value ([id1_7_] : [BIGINT]) - [106]
2021-03-10 22:37:37.481 TRACE 20712 --- [    Test worker] o.h.type.descriptor.sql.BasicExtractor   : extracted value ([id1_7_] : [BIGINT]) - [107]
2021-03-10 22:37:37.481 TRACE 20712 --- [    Test worker] o.h.type.descriptor.sql.BasicExtractor   : extracted value ([id1_7_] : [BIGINT]) - [108]
2021-03-10 22:37:37.481 TRACE 20712 --- [    Test worker] o.h.type.descriptor.sql.BasicExtractor   : extracted value ([id1_7_] : [BIGINT]) - [109]
2021-03-10 22:37:37.481 TRACE 20712 --- [    Test worker] o.h.type.descriptor.sql.BasicExtractor   : extracted value ([id1_7_] : [BIGINT]) - [110]
2021-03-10 22:37:37.481 TRACE 20712 --- [    Test worker] o.h.type.descriptor.sql.BasicExtractor   : extracted value ([id1_7_] : [BIGINT]) - [111]
2021-03-10 22:37:37.481 TRACE 20712 --- [    Test worker] o.h.type.descriptor.sql.BasicExtractor   : extracted value ([id1_7_] : [BIGINT]) - [112]
2021-03-10 22:37:37.481 TRACE 20712 --- [    Test worker] o.h.type.descriptor.sql.BasicExtractor   : extracted value ([id1_7_] : [BIGINT]) - [113]
2021-03-10 22:37:37.481 TRACE 20712 --- [    Test worker] o.h.type.descriptor.sql.BasicExtractor   : extracted value ([id1_7_] : [BIGINT]) - [114]
2021-03-10 22:37:37.481 TRACE 20712 --- [    Test worker] o.h.type.descriptor.sql.BasicExtractor   : extracted value ([id1_7_] : [BIGINT]) - [115]
2021-03-10 22:37:37.481 TRACE 20712 --- [    Test worker] o.h.type.descriptor.sql.BasicExtractor   : extracted value ([id1_7_] : [BIGINT]) - [116]
2021-03-10 22:37:37.481 TRACE 20712 --- [    Test worker] o.h.type.descriptor.sql.BasicExtractor   : extracted value ([id1_7_] : [BIGINT]) - [117]
2021-03-10 22:37:37.481 TRACE 20712 --- [    Test worker] o.h.type.descriptor.sql.BasicExtractor   : extracted value ([id1_7_] : [BIGINT]) - [118]
2021-03-10 22:37:37.496 TRACE 20712 --- [    Test worker] o.h.type.descriptor.sql.BasicExtractor   : extracted value ([id1_7_] : [BIGINT]) - [119]
2021-03-10 22:37:37.496 TRACE 20712 --- [    Test worker] o.h.type.descriptor.sql.BasicExtractor   : extracted value ([id1_7_] : [BIGINT]) - [120]
2021-03-10 22:37:37.496 TRACE 20712 --- [    Test worker] o.h.type.descriptor.sql.BasicExtractor   : extracted value ([id1_7_] : [BIGINT]) - [121]
2021-03-10 22:37:37.496 TRACE 20712 --- [    Test worker] o.h.type.descriptor.sql.BasicExtractor   : extracted value ([id1_7_] : [BIGINT]) - [122]
2021-03-10 22:37:37.496 TRACE 20712 --- [    Test worker] o.h.type.descriptor.sql.BasicExtractor   : extracted value ([id1_7_] : [BIGINT]) - [123]
2021-03-10 22:37:37.496 TRACE 20712 --- [    Test worker] o.h.type.descriptor.sql.BasicExtractor   : extracted value ([id1_7_] : [BIGINT]) - [124]
2021-03-10 22:37:37.496 TRACE 20712 --- [    Test worker] o.h.type.descriptor.sql.BasicExtractor   : extracted value ([id1_7_] : [BIGINT]) - [125]
2021-03-10 22:37:37.496 TRACE 20712 --- [    Test worker] o.h.type.descriptor.sql.BasicExtractor   : extracted value ([id1_7_] : [BIGINT]) - [126]
2021-03-10 22:37:37.496 TRACE 20712 --- [    Test worker] o.h.type.descriptor.sql.BasicExtractor   : extracted value ([id1_7_] : [BIGINT]) - [127]
2021-03-10 22:37:37.496 TRACE 20712 --- [    Test worker] o.h.type.descriptor.sql.BasicExtractor   : extracted value ([id1_7_] : [BIGINT]) - [128]
2021-03-10 22:37:37.496 TRACE 20712 --- [    Test worker] o.h.type.descriptor.sql.BasicExtractor   : extracted value ([id1_7_] : [BIGINT]) - [129]
2021-03-10 22:37:37.496 TRACE 20712 --- [    Test worker] o.h.type.descriptor.sql.BasicExtractor   : extracted value ([id1_7_] : [BIGINT]) - [130]
2021-03-10 22:37:37.496 TRACE 20712 --- [    Test worker] o.h.type.descriptor.sql.BasicExtractor   : extracted value ([id1_7_] : [BIGINT]) - [131]
2021-03-10 22:37:37.496 TRACE 20712 --- [    Test worker] o.h.type.descriptor.sql.BasicExtractor   : extracted value ([id1_7_] : [BIGINT]) - [132]
2021-03-10 22:37:37.496 TRACE 20712 --- [    Test worker] o.h.type.descriptor.sql.BasicExtractor   : extracted value ([id1_7_] : [BIGINT]) - [133]
2021-03-10 22:37:37.496 TRACE 20712 --- [    Test worker] o.h.type.descriptor.sql.BasicExtractor   : extracted value ([id1_7_] : [BIGINT]) - [134]
2021-03-10 22:37:37.496 TRACE 20712 --- [    Test worker] o.h.type.descriptor.sql.BasicExtractor   : extracted value ([id1_7_] : [BIGINT]) - [135]
2021-03-10 22:37:37.496 TRACE 20712 --- [    Test worker] o.h.type.descriptor.sql.BasicExtractor   : extracted value ([id1_7_] : [BIGINT]) - [136]
2021-03-10 22:37:37.496 TRACE 20712 --- [    Test worker] o.h.type.descriptor.sql.BasicExtractor   : extracted value ([id1_7_] : [BIGINT]) - [137]
2021-03-10 22:37:37.496 TRACE 20712 --- [    Test worker] o.h.type.descriptor.sql.BasicExtractor   : extracted value ([id1_7_] : [BIGINT]) - [138]
2021-03-10 22:37:37.496 TRACE 20712 --- [    Test worker] o.h.type.descriptor.sql.BasicExtractor   : extracted value ([id1_7_] : [BIGINT]) - [139]
2021-03-10 22:37:37.496 TRACE 20712 --- [    Test worker] o.h.type.descriptor.sql.BasicExtractor   : extracted value ([id1_7_] : [BIGINT]) - [140]
2021-03-10 22:37:37.496 TRACE 20712 --- [    Test worker] o.h.type.descriptor.sql.BasicExtractor   : extracted value ([id1_7_] : [BIGINT]) - [141]
2021-03-10 22:37:37.496 TRACE 20712 --- [    Test worker] o.h.type.descriptor.sql.BasicExtractor   : extracted value ([id1_7_] : [BIGINT]) - [142]
2021-03-10 22:37:37.496 TRACE 20712 --- [    Test worker] o.h.type.descriptor.sql.BasicExtractor   : extracted value ([id1_7_] : [BIGINT]) - [143]
2021-03-10 22:37:37.496 TRACE 20712 --- [    Test worker] o.h.type.descriptor.sql.BasicExtractor   : extracted value ([id1_7_] : [BIGINT]) - [144]
2021-03-10 22:37:37.496 TRACE 20712 --- [    Test worker] o.h.type.descriptor.sql.BasicExtractor   : extracted value ([id1_7_] : [BIGINT]) - [145]
Hibernate: 
    select
        zone0_.id as id1_7_,
        zone0_.city as city2_7_,
        zone0_.local_name_of_city as local_na3_7_,
        zone0_.province as province4_7_ 
    from
        zone zone0_
2021-03-10 22:37:37.496 TRACE 20712 --- [    Test worker] o.h.type.descriptor.sql.BasicExtractor   : extracted value ([id1_7_] : [BIGINT]) - [61]
2021-03-10 22:37:37.496 TRACE 20712 --- [    Test worker] o.h.type.descriptor.sql.BasicExtractor   : extracted value ([id1_7_] : [BIGINT]) - [62]
2021-03-10 22:37:37.496 TRACE 20712 --- [    Test worker] o.h.type.descriptor.sql.BasicExtractor   : extracted value ([id1_7_] : [BIGINT]) - [63]
2021-03-10 22:37:37.496 TRACE 20712 --- [    Test worker] o.h.type.descriptor.sql.BasicExtractor   : extracted value ([id1_7_] : [BIGINT]) - [64]
2021-03-10 22:37:37.496 TRACE 20712 --- [    Test worker] o.h.type.descriptor.sql.BasicExtractor   : extracted value ([id1_7_] : [BIGINT]) - [65]
2021-03-10 22:37:37.496 TRACE 20712 --- [    Test worker] o.h.type.descriptor.sql.BasicExtractor   : extracted value ([id1_7_] : [BIGINT]) - [66]
2021-03-10 22:37:37.496 TRACE 20712 --- [    Test worker] o.h.type.descriptor.sql.BasicExtractor   : extracted value ([id1_7_] : [BIGINT]) - [67]
2021-03-10 22:37:37.496 TRACE 20712 --- [    Test worker] o.h.type.descriptor.sql.BasicExtractor   : extracted value ([id1_7_] : [BIGINT]) - [68]
2021-03-10 22:37:37.496 TRACE 20712 --- [    Test worker] o.h.type.descriptor.sql.BasicExtractor   : extracted value ([id1_7_] : [BIGINT]) - [69]
2021-03-10 22:37:37.496 TRACE 20712 --- [    Test worker] o.h.type.descriptor.sql.BasicExtractor   : extracted value ([id1_7_] : [BIGINT]) - [70]
2021-03-10 22:37:37.496 TRACE 20712 --- [    Test worker] o.h.type.descriptor.sql.BasicExtractor   : extracted value ([id1_7_] : [BIGINT]) - [71]
2021-03-10 22:37:37.496 TRACE 20712 --- [    Test worker] o.h.type.descriptor.sql.BasicExtractor   : extracted value ([id1_7_] : [BIGINT]) - [72]
2021-03-10 22:37:37.496 TRACE 20712 --- [    Test worker] o.h.type.descriptor.sql.BasicExtractor   : extracted value ([id1_7_] : [BIGINT]) - [73]
2021-03-10 22:37:37.496 TRACE 20712 --- [    Test worker] o.h.type.descriptor.sql.BasicExtractor   : extracted value ([id1_7_] : [BIGINT]) - [74]
2021-03-10 22:37:37.496 TRACE 20712 --- [    Test worker] o.h.type.descriptor.sql.BasicExtractor   : extracted value ([id1_7_] : [BIGINT]) - [75]
2021-03-10 22:37:37.496 TRACE 20712 --- [    Test worker] o.h.type.descriptor.sql.BasicExtractor   : extracted value ([id1_7_] : [BIGINT]) - [76]
2021-03-10 22:37:37.496 TRACE 20712 --- [    Test worker] o.h.type.descriptor.sql.BasicExtractor   : extracted value ([id1_7_] : [BIGINT]) - [77]
2021-03-10 22:37:37.496 TRACE 20712 --- [    Test worker] o.h.type.descriptor.sql.BasicExtractor   : extracted value ([id1_7_] : [BIGINT]) - [78]
2021-03-10 22:37:37.496 TRACE 20712 --- [    Test worker] o.h.type.descriptor.sql.BasicExtractor   : extracted value ([id1_7_] : [BIGINT]) - [79]
2021-03-10 22:37:37.496 TRACE 20712 --- [    Test worker] o.h.type.descriptor.sql.BasicExtractor   : extracted value ([id1_7_] : [BIGINT]) - [80]
2021-03-10 22:37:37.496 TRACE 20712 --- [    Test worker] o.h.type.descriptor.sql.BasicExtractor   : extracted value ([id1_7_] : [BIGINT]) - [81]
2021-03-10 22:37:37.496 TRACE 20712 --- [    Test worker] o.h.type.descriptor.sql.BasicExtractor   : extracted value ([id1_7_] : [BIGINT]) - [82]
2021-03-10 22:37:37.496 TRACE 20712 --- [    Test worker] o.h.type.descriptor.sql.BasicExtractor   : extracted value ([id1_7_] : [BIGINT]) - [83]
2021-03-10 22:37:37.496 TRACE 20712 --- [    Test worker] o.h.type.descriptor.sql.BasicExtractor   : extracted value ([id1_7_] : [BIGINT]) - [84]
2021-03-10 22:37:37.496 TRACE 20712 --- [    Test worker] o.h.type.descriptor.sql.BasicExtractor   : extracted value ([id1_7_] : [BIGINT]) - [85]
2021-03-10 22:37:37.496 TRACE 20712 --- [    Test worker] o.h.type.descriptor.sql.BasicExtractor   : extracted value ([id1_7_] : [BIGINT]) - [86]
2021-03-10 22:37:37.496 TRACE 20712 --- [    Test worker] o.h.type.descriptor.sql.BasicExtractor   : extracted value ([id1_7_] : [BIGINT]) - [87]
2021-03-10 22:37:37.496 TRACE 20712 --- [    Test worker] o.h.type.descriptor.sql.BasicExtractor   : extracted value ([id1_7_] : [BIGINT]) - [88]
2021-03-10 22:37:37.496 TRACE 20712 --- [    Test worker] o.h.type.descriptor.sql.BasicExtractor   : extracted value ([id1_7_] : [BIGINT]) - [89]
2021-03-10 22:37:37.496 TRACE 20712 --- [    Test worker] o.h.type.descriptor.sql.BasicExtractor   : extracted value ([id1_7_] : [BIGINT]) - [90]
2021-03-10 22:37:37.496 TRACE 20712 --- [    Test worker] o.h.type.descriptor.sql.BasicExtractor   : extracted value ([id1_7_] : [BIGINT]) - [91]
2021-03-10 22:37:37.496 TRACE 20712 --- [    Test worker] o.h.type.descriptor.sql.BasicExtractor   : extracted value ([id1_7_] : [BIGINT]) - [92]
2021-03-10 22:37:37.496 TRACE 20712 --- [    Test worker] o.h.type.descriptor.sql.BasicExtractor   : extracted value ([id1_7_] : [BIGINT]) - [93]
2021-03-10 22:37:37.496 TRACE 20712 --- [    Test worker] o.h.type.descriptor.sql.BasicExtractor   : extracted value ([id1_7_] : [BIGINT]) - [94]
2021-03-10 22:37:37.496 TRACE 20712 --- [    Test worker] o.h.type.descriptor.sql.BasicExtractor   : extracted value ([id1_7_] : [BIGINT]) - [95]
2021-03-10 22:37:37.496 TRACE 20712 --- [    Test worker] o.h.type.descriptor.sql.BasicExtractor   : extracted value ([id1_7_] : [BIGINT]) - [96]
2021-03-10 22:37:37.496 TRACE 20712 --- [    Test worker] o.h.type.descriptor.sql.BasicExtractor   : extracted value ([id1_7_] : [BIGINT]) - [97]
2021-03-10 22:37:37.496 TRACE 20712 --- [    Test worker] o.h.type.descriptor.sql.BasicExtractor   : extracted value ([id1_7_] : [BIGINT]) - [98]
2021-03-10 22:37:37.496 TRACE 20712 --- [    Test worker] o.h.type.descriptor.sql.BasicExtractor   : extracted value ([id1_7_] : [BIGINT]) - [99]
2021-03-10 22:37:37.496 TRACE 20712 --- [    Test worker] o.h.type.descriptor.sql.BasicExtractor   : extracted value ([id1_7_] : [BIGINT]) - [100]
2021-03-10 22:37:37.496 TRACE 20712 --- [    Test worker] o.h.type.descriptor.sql.BasicExtractor   : extracted value ([id1_7_] : [BIGINT]) - [101]
2021-03-10 22:37:37.496 TRACE 20712 --- [    Test worker] o.h.type.descriptor.sql.BasicExtractor   : extracted value ([id1_7_] : [BIGINT]) - [102]
2021-03-10 22:37:37.496 TRACE 20712 --- [    Test worker] o.h.type.descriptor.sql.BasicExtractor   : extracted value ([id1_7_] : [BIGINT]) - [103]
2021-03-10 22:37:37.496 TRACE 20712 --- [    Test worker] o.h.type.descriptor.sql.BasicExtractor   : extracted value ([id1_7_] : [BIGINT]) - [104]
2021-03-10 22:37:37.496 TRACE 20712 --- [    Test worker] o.h.type.descriptor.sql.BasicExtractor   : extracted value ([id1_7_] : [BIGINT]) - [105]
2021-03-10 22:37:37.496 TRACE 20712 --- [    Test worker] o.h.type.descriptor.sql.BasicExtractor   : extracted value ([id1_7_] : [BIGINT]) - [106]
2021-03-10 22:37:37.496 TRACE 20712 --- [    Test worker] o.h.type.descriptor.sql.BasicExtractor   : extracted value ([id1_7_] : [BIGINT]) - [107]
2021-03-10 22:37:37.496 TRACE 20712 --- [    Test worker] o.h.type.descriptor.sql.BasicExtractor   : extracted value ([id1_7_] : [BIGINT]) - [108]
2021-03-10 22:37:37.496 TRACE 20712 --- [    Test worker] o.h.type.descriptor.sql.BasicExtractor   : extracted value ([id1_7_] : [BIGINT]) - [109]
2021-03-10 22:37:37.496 TRACE 20712 --- [    Test worker] o.h.type.descriptor.sql.BasicExtractor   : extracted value ([id1_7_] : [BIGINT]) - [110]
2021-03-10 22:37:37.496 TRACE 20712 --- [    Test worker] o.h.type.descriptor.sql.BasicExtractor   : extracted value ([id1_7_] : [BIGINT]) - [111]
2021-03-10 22:37:37.496 TRACE 20712 --- [    Test worker] o.h.type.descriptor.sql.BasicExtractor   : extracted value ([id1_7_] : [BIGINT]) - [112]
2021-03-10 22:37:37.496 TRACE 20712 --- [    Test worker] o.h.type.descriptor.sql.BasicExtractor   : extracted value ([id1_7_] : [BIGINT]) - [113]
2021-03-10 22:37:37.496 TRACE 20712 --- [    Test worker] o.h.type.descriptor.sql.BasicExtractor   : extracted value ([id1_7_] : [BIGINT]) - [114]
2021-03-10 22:37:37.496 TRACE 20712 --- [    Test worker] o.h.type.descriptor.sql.BasicExtractor   : extracted value ([id1_7_] : [BIGINT]) - [115]
2021-03-10 22:37:37.496 TRACE 20712 --- [    Test worker] o.h.type.descriptor.sql.BasicExtractor   : extracted value ([id1_7_] : [BIGINT]) - [116]
2021-03-10 22:37:37.496 TRACE 20712 --- [    Test worker] o.h.type.descriptor.sql.BasicExtractor   : extracted value ([id1_7_] : [BIGINT]) - [117]
2021-03-10 22:37:37.496 TRACE 20712 --- [    Test worker] o.h.type.descriptor.sql.BasicExtractor   : extracted value ([id1_7_] : [BIGINT]) - [118]
2021-03-10 22:37:37.496 TRACE 20712 --- [    Test worker] o.h.type.descriptor.sql.BasicExtractor   : extracted value ([id1_7_] : [BIGINT]) - [119]
2021-03-10 22:37:37.496 TRACE 20712 --- [    Test worker] o.h.type.descriptor.sql.BasicExtractor   : extracted value ([id1_7_] : [BIGINT]) - [120]
2021-03-10 22:37:37.496 TRACE 20712 --- [    Test worker] o.h.type.descriptor.sql.BasicExtractor   : extracted value ([id1_7_] : [BIGINT]) - [121]
2021-03-10 22:37:37.496 TRACE 20712 --- [    Test worker] o.h.type.descriptor.sql.BasicExtractor   : extracted value ([id1_7_] : [BIGINT]) - [122]
2021-03-10 22:37:37.496 TRACE 20712 --- [    Test worker] o.h.type.descriptor.sql.BasicExtractor   : extracted value ([id1_7_] : [BIGINT]) - [123]
2021-03-10 22:37:37.496 TRACE 20712 --- [    Test worker] o.h.type.descriptor.sql.BasicExtractor   : extracted value ([id1_7_] : [BIGINT]) - [124]
2021-03-10 22:37:37.496 TRACE 20712 --- [    Test worker] o.h.type.descriptor.sql.BasicExtractor   : extracted value ([id1_7_] : [BIGINT]) - [125]
2021-03-10 22:37:37.496 TRACE 20712 --- [    Test worker] o.h.type.descriptor.sql.BasicExtractor   : extracted value ([id1_7_] : [BIGINT]) - [126]
2021-03-10 22:37:37.496 TRACE 20712 --- [    Test worker] o.h.type.descriptor.sql.BasicExtractor   : extracted value ([id1_7_] : [BIGINT]) - [127]
2021-03-10 22:37:37.496 TRACE 20712 --- [    Test worker] o.h.type.descriptor.sql.BasicExtractor   : extracted value ([id1_7_] : [BIGINT]) - [128]
2021-03-10 22:37:37.496 TRACE 20712 --- [    Test worker] o.h.type.descriptor.sql.BasicExtractor   : extracted value ([id1_7_] : [BIGINT]) - [129]
2021-03-10 22:37:37.496 TRACE 20712 --- [    Test worker] o.h.type.descriptor.sql.BasicExtractor   : extracted value ([id1_7_] : [BIGINT]) - [130]
2021-03-10 22:37:37.496 TRACE 20712 --- [    Test worker] o.h.type.descriptor.sql.BasicExtractor   : extracted value ([id1_7_] : [BIGINT]) - [131]
2021-03-10 22:37:37.496 TRACE 20712 --- [    Test worker] o.h.type.descriptor.sql.BasicExtractor   : extracted value ([id1_7_] : [BIGINT]) - [132]
2021-03-10 22:37:37.496 TRACE 20712 --- [    Test worker] o.h.type.descriptor.sql.BasicExtractor   : extracted value ([id1_7_] : [BIGINT]) - [133]
2021-03-10 22:37:37.496 TRACE 20712 --- [    Test worker] o.h.type.descriptor.sql.BasicExtractor   : extracted value ([id1_7_] : [BIGINT]) - [134]
2021-03-10 22:37:37.496 TRACE 20712 --- [    Test worker] o.h.type.descriptor.sql.BasicExtractor   : extracted value ([id1_7_] : [BIGINT]) - [135]
2021-03-10 22:37:37.496 TRACE 20712 --- [    Test worker] o.h.type.descriptor.sql.BasicExtractor   : extracted value ([id1_7_] : [BIGINT]) - [136]
2021-03-10 22:37:37.496 TRACE 20712 --- [    Test worker] o.h.type.descriptor.sql.BasicExtractor   : extracted value ([id1_7_] : [BIGINT]) - [137]
2021-03-10 22:37:37.496 TRACE 20712 --- [    Test worker] o.h.type.descriptor.sql.BasicExtractor   : extracted value ([id1_7_] : [BIGINT]) - [138]
2021-03-10 22:37:37.496 TRACE 20712 --- [    Test worker] o.h.type.descriptor.sql.BasicExtractor   : extracted value ([id1_7_] : [BIGINT]) - [139]
2021-03-10 22:37:37.496 TRACE 20712 --- [    Test worker] o.h.type.descriptor.sql.BasicExtractor   : extracted value ([id1_7_] : [BIGINT]) - [140]
2021-03-10 22:37:37.496 TRACE 20712 --- [    Test worker] o.h.type.descriptor.sql.BasicExtractor   : extracted value ([id1_7_] : [BIGINT]) - [141]
2021-03-10 22:37:37.496 TRACE 20712 --- [    Test worker] o.h.type.descriptor.sql.BasicExtractor   : extracted value ([id1_7_] : [BIGINT]) - [142]
2021-03-10 22:37:37.496 TRACE 20712 --- [    Test worker] o.h.type.descriptor.sql.BasicExtractor   : extracted value ([id1_7_] : [BIGINT]) - [143]
2021-03-10 22:37:37.496 TRACE 20712 --- [    Test worker] o.h.type.descriptor.sql.BasicExtractor   : extracted value ([id1_7_] : [BIGINT]) - [144]
2021-03-10 22:37:37.496 TRACE 20712 --- [    Test worker] o.h.type.descriptor.sql.BasicExtractor   : extracted value ([id1_7_] : [BIGINT]) - [145]
Hibernate: 
    select
        zone0_.id as id1_7_,
        zone0_.city as city2_7_,
        zone0_.local_name_of_city as local_na3_7_,
        zone0_.province as province4_7_ 
    from
        zone zone0_
2021-03-10 22:37:37.496 TRACE 20712 --- [    Test worker] o.h.type.descriptor.sql.BasicExtractor   : extracted value ([id1_7_] : [BIGINT]) - [61]
2021-03-10 22:37:37.496 TRACE 20712 --- [    Test worker] o.h.type.descriptor.sql.BasicExtractor   : extracted value ([id1_7_] : [BIGINT]) - [62]
2021-03-10 22:37:37.496 TRACE 20712 --- [    Test worker] o.h.type.descriptor.sql.BasicExtractor   : extracted value ([id1_7_] : [BIGINT]) - [63]
2021-03-10 22:37:37.496 TRACE 20712 --- [    Test worker] o.h.type.descriptor.sql.BasicExtractor   : extracted value ([id1_7_] : [BIGINT]) - [64]
2021-03-10 22:37:37.496 TRACE 20712 --- [    Test worker] o.h.type.descriptor.sql.BasicExtractor   : extracted value ([id1_7_] : [BIGINT]) - [65]
2021-03-10 22:37:37.496 TRACE 20712 --- [    Test worker] o.h.type.descriptor.sql.BasicExtractor   : extracted value ([id1_7_] : [BIGINT]) - [66]
2021-03-10 22:37:37.496 TRACE 20712 --- [    Test worker] o.h.type.descriptor.sql.BasicExtractor   : extracted value ([id1_7_] : [BIGINT]) - [67]
2021-03-10 22:37:37.496 TRACE 20712 --- [    Test worker] o.h.type.descriptor.sql.BasicExtractor   : extracted value ([id1_7_] : [BIGINT]) - [68]
2021-03-10 22:37:37.496 TRACE 20712 --- [    Test worker] o.h.type.descriptor.sql.BasicExtractor   : extracted value ([id1_7_] : [BIGINT]) - [69]
2021-03-10 22:37:37.496 TRACE 20712 --- [    Test worker] o.h.type.descriptor.sql.BasicExtractor   : extracted value ([id1_7_] : [BIGINT]) - [70]
2021-03-10 22:37:37.496 TRACE 20712 --- [    Test worker] o.h.type.descriptor.sql.BasicExtractor   : extracted value ([id1_7_] : [BIGINT]) - [71]
2021-03-10 22:37:37.496 TRACE 20712 --- [    Test worker] o.h.type.descriptor.sql.BasicExtractor   : extracted value ([id1_7_] : [BIGINT]) - [72]
2021-03-10 22:37:37.496 TRACE 20712 --- [    Test worker] o.h.type.descriptor.sql.BasicExtractor   : extracted value ([id1_7_] : [BIGINT]) - [73]
2021-03-10 22:37:37.496 TRACE 20712 --- [    Test worker] o.h.type.descriptor.sql.BasicExtractor   : extracted value ([id1_7_] : [BIGINT]) - [74]
2021-03-10 22:37:37.496 TRACE 20712 --- [    Test worker] o.h.type.descriptor.sql.BasicExtractor   : extracted value ([id1_7_] : [BIGINT]) - [75]
2021-03-10 22:37:37.496 TRACE 20712 --- [    Test worker] o.h.type.descriptor.sql.BasicExtractor   : extracted value ([id1_7_] : [BIGINT]) - [76]
2021-03-10 22:37:37.496 TRACE 20712 --- [    Test worker] o.h.type.descriptor.sql.BasicExtractor   : extracted value ([id1_7_] : [BIGINT]) - [77]
2021-03-10 22:37:37.496 TRACE 20712 --- [    Test worker] o.h.type.descriptor.sql.BasicExtractor   : extracted value ([id1_7_] : [BIGINT]) - [78]
2021-03-10 22:37:37.496 TRACE 20712 --- [    Test worker] o.h.type.descriptor.sql.BasicExtractor   : extracted value ([id1_7_] : [BIGINT]) - [79]
2021-03-10 22:37:37.496 TRACE 20712 --- [    Test worker] o.h.type.descriptor.sql.BasicExtractor   : extracted value ([id1_7_] : [BIGINT]) - [80]
2021-03-10 22:37:37.496 TRACE 20712 --- [    Test worker] o.h.type.descriptor.sql.BasicExtractor   : extracted value ([id1_7_] : [BIGINT]) - [81]
2021-03-10 22:37:37.496 TRACE 20712 --- [    Test worker] o.h.type.descriptor.sql.BasicExtractor   : extracted value ([id1_7_] : [BIGINT]) - [82]
2021-03-10 22:37:37.496 TRACE 20712 --- [    Test worker] o.h.type.descriptor.sql.BasicExtractor   : extracted value ([id1_7_] : [BIGINT]) - [83]
2021-03-10 22:37:37.496 TRACE 20712 --- [    Test worker] o.h.type.descriptor.sql.BasicExtractor   : extracted value ([id1_7_] : [BIGINT]) - [84]
2021-03-10 22:37:37.496 TRACE 20712 --- [    Test worker] o.h.type.descriptor.sql.BasicExtractor   : extracted value ([id1_7_] : [BIGINT]) - [85]
2021-03-10 22:37:37.496 TRACE 20712 --- [    Test worker] o.h.type.descriptor.sql.BasicExtractor   : extracted value ([id1_7_] : [BIGINT]) - [86]
2021-03-10 22:37:37.496 TRACE 20712 --- [    Test worker] o.h.type.descriptor.sql.BasicExtractor   : extracted value ([id1_7_] : [BIGINT]) - [87]
2021-03-10 22:37:37.496 TRACE 20712 --- [    Test worker] o.h.type.descriptor.sql.BasicExtractor   : extracted value ([id1_7_] : [BIGINT]) - [88]
2021-03-10 22:37:37.496 TRACE 20712 --- [    Test worker] o.h.type.descriptor.sql.BasicExtractor   : extracted value ([id1_7_] : [BIGINT]) - [89]
2021-03-10 22:37:37.496 TRACE 20712 --- [    Test worker] o.h.type.descriptor.sql.BasicExtractor   : extracted value ([id1_7_] : [BIGINT]) - [90]
2021-03-10 22:37:37.496 TRACE 20712 --- [    Test worker] o.h.type.descriptor.sql.BasicExtractor   : extracted value ([id1_7_] : [BIGINT]) - [91]
2021-03-10 22:37:37.496 TRACE 20712 --- [    Test worker] o.h.type.descriptor.sql.BasicExtractor   : extracted value ([id1_7_] : [BIGINT]) - [92]
2021-03-10 22:37:37.496 TRACE 20712 --- [    Test worker] o.h.type.descriptor.sql.BasicExtractor   : extracted value ([id1_7_] : [BIGINT]) - [93]
2021-03-10 22:37:37.496 TRACE 20712 --- [    Test worker] o.h.type.descriptor.sql.BasicExtractor   : extracted value ([id1_7_] : [BIGINT]) - [94]
2021-03-10 22:37:37.496 TRACE 20712 --- [    Test worker] o.h.type.descriptor.sql.BasicExtractor   : extracted value ([id1_7_] : [BIGINT]) - [95]
2021-03-10 22:37:37.496 TRACE 20712 --- [    Test worker] o.h.type.descriptor.sql.BasicExtractor   : extracted value ([id1_7_] : [BIGINT]) - [96]
2021-03-10 22:37:37.496 TRACE 20712 --- [    Test worker] o.h.type.descriptor.sql.BasicExtractor   : extracted value ([id1_7_] : [BIGINT]) - [97]
2021-03-10 22:37:37.496 TRACE 20712 --- [    Test worker] o.h.type.descriptor.sql.BasicExtractor   : extracted value ([id1_7_] : [BIGINT]) - [98]
2021-03-10 22:37:37.496 TRACE 20712 --- [    Test worker] o.h.type.descriptor.sql.BasicExtractor   : extracted value ([id1_7_] : [BIGINT]) - [99]
2021-03-10 22:37:37.496 TRACE 20712 --- [    Test worker] o.h.type.descriptor.sql.BasicExtractor   : extracted value ([id1_7_] : [BIGINT]) - [100]
2021-03-10 22:37:37.496 TRACE 20712 --- [    Test worker] o.h.type.descriptor.sql.BasicExtractor   : extracted value ([id1_7_] : [BIGINT]) - [101]
2021-03-10 22:37:37.496 TRACE 20712 --- [    Test worker] o.h.type.descriptor.sql.BasicExtractor   : extracted value ([id1_7_] : [BIGINT]) - [102]
2021-03-10 22:37:37.496 TRACE 20712 --- [    Test worker] o.h.type.descriptor.sql.BasicExtractor   : extracted value ([id1_7_] : [BIGINT]) - [103]
2021-03-10 22:37:37.496 TRACE 20712 --- [    Test worker] o.h.type.descriptor.sql.BasicExtractor   : extracted value ([id1_7_] : [BIGINT]) - [104]
2021-03-10 22:37:37.496 TRACE 20712 --- [    Test worker] o.h.type.descriptor.sql.BasicExtractor   : extracted value ([id1_7_] : [BIGINT]) - [105]
2021-03-10 22:37:37.496 TRACE 20712 --- [    Test worker] o.h.type.descriptor.sql.BasicExtractor   : extracted value ([id1_7_] : [BIGINT]) - [106]
2021-03-10 22:37:37.496 TRACE 20712 --- [    Test worker] o.h.type.descriptor.sql.BasicExtractor   : extracted value ([id1_7_] : [BIGINT]) - [107]
2021-03-10 22:37:37.496 TRACE 20712 --- [    Test worker] o.h.type.descriptor.sql.BasicExtractor   : extracted value ([id1_7_] : [BIGINT]) - [108]
2021-03-10 22:37:37.496 TRACE 20712 --- [    Test worker] o.h.type.descriptor.sql.BasicExtractor   : extracted value ([id1_7_] : [BIGINT]) - [109]
2021-03-10 22:37:37.496 TRACE 20712 --- [    Test worker] o.h.type.descriptor.sql.BasicExtractor   : extracted value ([id1_7_] : [BIGINT]) - [110]
2021-03-10 22:37:37.496 TRACE 20712 --- [    Test worker] o.h.type.descriptor.sql.BasicExtractor   : extracted value ([id1_7_] : [BIGINT]) - [111]
2021-03-10 22:37:37.496 TRACE 20712 --- [    Test worker] o.h.type.descriptor.sql.BasicExtractor   : extracted value ([id1_7_] : [BIGINT]) - [112]
2021-03-10 22:37:37.496 TRACE 20712 --- [    Test worker] o.h.type.descriptor.sql.BasicExtractor   : extracted value ([id1_7_] : [BIGINT]) - [113]
2021-03-10 22:37:37.496 TRACE 20712 --- [    Test worker] o.h.type.descriptor.sql.BasicExtractor   : extracted value ([id1_7_] : [BIGINT]) - [114]
2021-03-10 22:37:37.496 TRACE 20712 --- [    Test worker] o.h.type.descriptor.sql.BasicExtractor   : extracted value ([id1_7_] : [BIGINT]) - [115]
2021-03-10 22:37:37.496 TRACE 20712 --- [    Test worker] o.h.type.descriptor.sql.BasicExtractor   : extracted value ([id1_7_] : [BIGINT]) - [116]
2021-03-10 22:37:37.496 TRACE 20712 --- [    Test worker] o.h.type.descriptor.sql.BasicExtractor   : extracted value ([id1_7_] : [BIGINT]) - [117]
2021-03-10 22:37:37.496 TRACE 20712 --- [    Test worker] o.h.type.descriptor.sql.BasicExtractor   : extracted value ([id1_7_] : [BIGINT]) - [118]
2021-03-10 22:37:37.496 TRACE 20712 --- [    Test worker] o.h.type.descriptor.sql.BasicExtractor   : extracted value ([id1_7_] : [BIGINT]) - [119]
2021-03-10 22:37:37.496 TRACE 20712 --- [    Test worker] o.h.type.descriptor.sql.BasicExtractor   : extracted value ([id1_7_] : [BIGINT]) - [120]
2021-03-10 22:37:37.496 TRACE 20712 --- [    Test worker] o.h.type.descriptor.sql.BasicExtractor   : extracted value ([id1_7_] : [BIGINT]) - [121]
2021-03-10 22:37:37.496 TRACE 20712 --- [    Test worker] o.h.type.descriptor.sql.BasicExtractor   : extracted value ([id1_7_] : [BIGINT]) - [122]
2021-03-10 22:37:37.496 TRACE 20712 --- [    Test worker] o.h.type.descriptor.sql.BasicExtractor   : extracted value ([id1_7_] : [BIGINT]) - [123]
2021-03-10 22:37:37.496 TRACE 20712 --- [    Test worker] o.h.type.descriptor.sql.BasicExtractor   : extracted value ([id1_7_] : [BIGINT]) - [124]
2021-03-10 22:37:37.496 TRACE 20712 --- [    Test worker] o.h.type.descriptor.sql.BasicExtractor   : extracted value ([id1_7_] : [BIGINT]) - [125]
2021-03-10 22:37:37.496 TRACE 20712 --- [    Test worker] o.h.type.descriptor.sql.BasicExtractor   : extracted value ([id1_7_] : [BIGINT]) - [126]
2021-03-10 22:37:37.496 TRACE 20712 --- [    Test worker] o.h.type.descriptor.sql.BasicExtractor   : extracted value ([id1_7_] : [BIGINT]) - [127]
2021-03-10 22:37:37.496 TRACE 20712 --- [    Test worker] o.h.type.descriptor.sql.BasicExtractor   : extracted value ([id1_7_] : [BIGINT]) - [128]
2021-03-10 22:37:37.496 TRACE 20712 --- [    Test worker] o.h.type.descriptor.sql.BasicExtractor   : extracted value ([id1_7_] : [BIGINT]) - [129]
2021-03-10 22:37:37.496 TRACE 20712 --- [    Test worker] o.h.type.descriptor.sql.BasicExtractor   : extracted value ([id1_7_] : [BIGINT]) - [130]
2021-03-10 22:37:37.496 TRACE 20712 --- [    Test worker] o.h.type.descriptor.sql.BasicExtractor   : extracted value ([id1_7_] : [BIGINT]) - [131]
2021-03-10 22:37:37.496 TRACE 20712 --- [    Test worker] o.h.type.descriptor.sql.BasicExtractor   : extracted value ([id1_7_] : [BIGINT]) - [132]
2021-03-10 22:37:37.496 TRACE 20712 --- [    Test worker] o.h.type.descriptor.sql.BasicExtractor   : extracted value ([id1_7_] : [BIGINT]) - [133]
2021-03-10 22:37:37.496 TRACE 20712 --- [    Test worker] o.h.type.descriptor.sql.BasicExtractor   : extracted value ([id1_7_] : [BIGINT]) - [134]
2021-03-10 22:37:37.496 TRACE 20712 --- [    Test worker] o.h.type.descriptor.sql.BasicExtractor   : extracted value ([id1_7_] : [BIGINT]) - [135]
2021-03-10 22:37:37.496 TRACE 20712 --- [    Test worker] o.h.type.descriptor.sql.BasicExtractor   : extracted value ([id1_7_] : [BIGINT]) - [136]
2021-03-10 22:37:37.496 TRACE 20712 --- [    Test worker] o.h.type.descriptor.sql.BasicExtractor   : extracted value ([id1_7_] : [BIGINT]) - [137]
2021-03-10 22:37:37.496 TRACE 20712 --- [    Test worker] o.h.type.descriptor.sql.BasicExtractor   : extracted value ([id1_7_] : [BIGINT]) - [138]
2021-03-10 22:37:37.496 TRACE 20712 --- [    Test worker] o.h.type.descriptor.sql.BasicExtractor   : extracted value ([id1_7_] : [BIGINT]) - [139]
2021-03-10 22:37:37.496 TRACE 20712 --- [    Test worker] o.h.type.descriptor.sql.BasicExtractor   : extracted value ([id1_7_] : [BIGINT]) - [140]
2021-03-10 22:37:37.496 TRACE 20712 --- [    Test worker] o.h.type.descriptor.sql.BasicExtractor   : extracted value ([id1_7_] : [BIGINT]) - [141]
2021-03-10 22:37:37.496 TRACE 20712 --- [    Test worker] o.h.type.descriptor.sql.BasicExtractor   : extracted value ([id1_7_] : [BIGINT]) - [142]
2021-03-10 22:37:37.496 TRACE 20712 --- [    Test worker] o.h.type.descriptor.sql.BasicExtractor   : extracted value ([id1_7_] : [BIGINT]) - [143]
2021-03-10 22:37:37.496 TRACE 20712 --- [    Test worker] o.h.type.descriptor.sql.BasicExtractor   : extracted value ([id1_7_] : [BIGINT]) - [144]
2021-03-10 22:37:37.496 TRACE 20712 --- [    Test worker] o.h.type.descriptor.sql.BasicExtractor   : extracted value ([id1_7_] : [BIGINT]) - [145]
Hibernate: 
    select
        zone0_.id as id1_7_,
        zone0_.city as city2_7_,
        zone0_.local_name_of_city as local_na3_7_,
        zone0_.province as province4_7_ 
    from
        zone zone0_
2021-03-10 22:37:37.496 TRACE 20712 --- [    Test worker] o.h.type.descriptor.sql.BasicExtractor   : extracted value ([id1_7_] : [BIGINT]) - [61]
2021-03-10 22:37:37.496 TRACE 20712 --- [    Test worker] o.h.type.descriptor.sql.BasicExtractor   : extracted value ([id1_7_] : [BIGINT]) - [62]
2021-03-10 22:37:37.496 TRACE 20712 --- [    Test worker] o.h.type.descriptor.sql.BasicExtractor   : extracted value ([id1_7_] : [BIGINT]) - [63]
2021-03-10 22:37:37.496 TRACE 20712 --- [    Test worker] o.h.type.descriptor.sql.BasicExtractor   : extracted value ([id1_7_] : [BIGINT]) - [64]
2021-03-10 22:37:37.496 TRACE 20712 --- [    Test worker] o.h.type.descriptor.sql.BasicExtractor   : extracted value ([id1_7_] : [BIGINT]) - [65]
2021-03-10 22:37:37.496 TRACE 20712 --- [    Test worker] o.h.type.descriptor.sql.BasicExtractor   : extracted value ([id1_7_] : [BIGINT]) - [66]
2021-03-10 22:37:37.496 TRACE 20712 --- [    Test worker] o.h.type.descriptor.sql.BasicExtractor   : extracted value ([id1_7_] : [BIGINT]) - [67]
2021-03-10 22:37:37.496 TRACE 20712 --- [    Test worker] o.h.type.descriptor.sql.BasicExtractor   : extracted value ([id1_7_] : [BIGINT]) - [68]
2021-03-10 22:37:37.496 TRACE 20712 --- [    Test worker] o.h.type.descriptor.sql.BasicExtractor   : extracted value ([id1_7_] : [BIGINT]) - [69]
2021-03-10 22:37:37.496 TRACE 20712 --- [    Test worker] o.h.type.descriptor.sql.BasicExtractor   : extracted value ([id1_7_] : [BIGINT]) - [70]
2021-03-10 22:37:37.496 TRACE 20712 --- [    Test worker] o.h.type.descriptor.sql.BasicExtractor   : extracted value ([id1_7_] : [BIGINT]) - [71]
2021-03-10 22:37:37.496 TRACE 20712 --- [    Test worker] o.h.type.descriptor.sql.BasicExtractor   : extracted value ([id1_7_] : [BIGINT]) - [72]
2021-03-10 22:37:37.496 TRACE 20712 --- [    Test worker] o.h.type.descriptor.sql.BasicExtractor   : extracted value ([id1_7_] : [BIGINT]) - [73]
2021-03-10 22:37:37.496 TRACE 20712 --- [    Test worker] o.h.type.descriptor.sql.BasicExtractor   : extracted value ([id1_7_] : [BIGINT]) - [74]
2021-03-10 22:37:37.496 TRACE 20712 --- [    Test worker] o.h.type.descriptor.sql.BasicExtractor   : extracted value ([id1_7_] : [BIGINT]) - [75]
2021-03-10 22:37:37.496 TRACE 20712 --- [    Test worker] o.h.type.descriptor.sql.BasicExtractor   : extracted value ([id1_7_] : [BIGINT]) - [76]
2021-03-10 22:37:37.496 TRACE 20712 --- [    Test worker] o.h.type.descriptor.sql.BasicExtractor   : extracted value ([id1_7_] : [BIGINT]) - [77]
2021-03-10 22:37:37.496 TRACE 20712 --- [    Test worker] o.h.type.descriptor.sql.BasicExtractor   : extracted value ([id1_7_] : [BIGINT]) - [78]
2021-03-10 22:37:37.496 TRACE 20712 --- [    Test worker] o.h.type.descriptor.sql.BasicExtractor   : extracted value ([id1_7_] : [BIGINT]) - [79]
2021-03-10 22:37:37.496 TRACE 20712 --- [    Test worker] o.h.type.descriptor.sql.BasicExtractor   : extracted value ([id1_7_] : [BIGINT]) - [80]
2021-03-10 22:37:37.496 TRACE 20712 --- [    Test worker] o.h.type.descriptor.sql.BasicExtractor   : extracted value ([id1_7_] : [BIGINT]) - [81]
2021-03-10 22:37:37.496 TRACE 20712 --- [    Test worker] o.h.type.descriptor.sql.BasicExtractor   : extracted value ([id1_7_] : [BIGINT]) - [82]
2021-03-10 22:37:37.496 TRACE 20712 --- [    Test worker] o.h.type.descriptor.sql.BasicExtractor   : extracted value ([id1_7_] : [BIGINT]) - [83]
2021-03-10 22:37:37.496 TRACE 20712 --- [    Test worker] o.h.type.descriptor.sql.BasicExtractor   : extracted value ([id1_7_] : [BIGINT]) - [84]
2021-03-10 22:37:37.496 TRACE 20712 --- [    Test worker] o.h.type.descriptor.sql.BasicExtractor   : extracted value ([id1_7_] : [BIGINT]) - [85]
2021-03-10 22:37:37.496 TRACE 20712 --- [    Test worker] o.h.type.descriptor.sql.BasicExtractor   : extracted value ([id1_7_] : [BIGINT]) - [86]
2021-03-10 22:37:37.496 TRACE 20712 --- [    Test worker] o.h.type.descriptor.sql.BasicExtractor   : extracted value ([id1_7_] : [BIGINT]) - [87]
2021-03-10 22:37:37.496 TRACE 20712 --- [    Test worker] o.h.type.descriptor.sql.BasicExtractor   : extracted value ([id1_7_] : [BIGINT]) - [88]
2021-03-10 22:37:37.496 TRACE 20712 --- [    Test worker] o.h.type.descriptor.sql.BasicExtractor   : extracted value ([id1_7_] : [BIGINT]) - [89]
2021-03-10 22:37:37.496 TRACE 20712 --- [    Test worker] o.h.type.descriptor.sql.BasicExtractor   : extracted value ([id1_7_] : [BIGINT]) - [90]
2021-03-10 22:37:37.496 TRACE 20712 --- [    Test worker] o.h.type.descriptor.sql.BasicExtractor   : extracted value ([id1_7_] : [BIGINT]) - [91]
2021-03-10 22:37:37.496 TRACE 20712 --- [    Test worker] o.h.type.descriptor.sql.BasicExtractor   : extracted value ([id1_7_] : [BIGINT]) - [92]
2021-03-10 22:37:37.496 TRACE 20712 --- [    Test worker] o.h.type.descriptor.sql.BasicExtractor   : extracted value ([id1_7_] : [BIGINT]) - [93]
2021-03-10 22:37:37.496 TRACE 20712 --- [    Test worker] o.h.type.descriptor.sql.BasicExtractor   : extracted value ([id1_7_] : [BIGINT]) - [94]
2021-03-10 22:37:37.496 TRACE 20712 --- [    Test worker] o.h.type.descriptor.sql.BasicExtractor   : extracted value ([id1_7_] : [BIGINT]) - [95]
2021-03-10 22:37:37.496 TRACE 20712 --- [    Test worker] o.h.type.descriptor.sql.BasicExtractor   : extracted value ([id1_7_] : [BIGINT]) - [96]
2021-03-10 22:37:37.496 TRACE 20712 --- [    Test worker] o.h.type.descriptor.sql.BasicExtractor   : extracted value ([id1_7_] : [BIGINT]) - [97]
2021-03-10 22:37:37.496 TRACE 20712 --- [    Test worker] o.h.type.descriptor.sql.BasicExtractor   : extracted value ([id1_7_] : [BIGINT]) - [98]
2021-03-10 22:37:37.496 TRACE 20712 --- [    Test worker] o.h.type.descriptor.sql.BasicExtractor   : extracted value ([id1_7_] : [BIGINT]) - [99]
2021-03-10 22:37:37.496 TRACE 20712 --- [    Test worker] o.h.type.descriptor.sql.BasicExtractor   : extracted value ([id1_7_] : [BIGINT]) - [100]
2021-03-10 22:37:37.496 TRACE 20712 --- [    Test worker] o.h.type.descriptor.sql.BasicExtractor   : extracted value ([id1_7_] : [BIGINT]) - [101]
2021-03-10 22:37:37.496 TRACE 20712 --- [    Test worker] o.h.type.descriptor.sql.BasicExtractor   : extracted value ([id1_7_] : [BIGINT]) - [102]
2021-03-10 22:37:37.496 TRACE 20712 --- [    Test worker] o.h.type.descriptor.sql.BasicExtractor   : extracted value ([id1_7_] : [BIGINT]) - [103]
2021-03-10 22:37:37.496 TRACE 20712 --- [    Test worker] o.h.type.descriptor.sql.BasicExtractor   : extracted value ([id1_7_] : [BIGINT]) - [104]
2021-03-10 22:37:37.496 TRACE 20712 --- [    Test worker] o.h.type.descriptor.sql.BasicExtractor   : extracted value ([id1_7_] : [BIGINT]) - [105]
2021-03-10 22:37:37.496 TRACE 20712 --- [    Test worker] o.h.type.descriptor.sql.BasicExtractor   : extracted value ([id1_7_] : [BIGINT]) - [106]
2021-03-10 22:37:37.496 TRACE 20712 --- [    Test worker] o.h.type.descriptor.sql.BasicExtractor   : extracted value ([id1_7_] : [BIGINT]) - [107]
2021-03-10 22:37:37.496 TRACE 20712 --- [    Test worker] o.h.type.descriptor.sql.BasicExtractor   : extracted value ([id1_7_] : [BIGINT]) - [108]
2021-03-10 22:37:37.496 TRACE 20712 --- [    Test worker] o.h.type.descriptor.sql.BasicExtractor   : extracted value ([id1_7_] : [BIGINT]) - [109]
2021-03-10 22:37:37.496 TRACE 20712 --- [    Test worker] o.h.type.descriptor.sql.BasicExtractor   : extracted value ([id1_7_] : [BIGINT]) - [110]
2021-03-10 22:37:37.496 TRACE 20712 --- [    Test worker] o.h.type.descriptor.sql.BasicExtractor   : extracted value ([id1_7_] : [BIGINT]) - [111]
2021-03-10 22:37:37.496 TRACE 20712 --- [    Test worker] o.h.type.descriptor.sql.BasicExtractor   : extracted value ([id1_7_] : [BIGINT]) - [112]
2021-03-10 22:37:37.496 TRACE 20712 --- [    Test worker] o.h.type.descriptor.sql.BasicExtractor   : extracted value ([id1_7_] : [BIGINT]) - [113]
2021-03-10 22:37:37.496 TRACE 20712 --- [    Test worker] o.h.type.descriptor.sql.BasicExtractor   : extracted value ([id1_7_] : [BIGINT]) - [114]
2021-03-10 22:37:37.496 TRACE 20712 --- [    Test worker] o.h.type.descriptor.sql.BasicExtractor   : extracted value ([id1_7_] : [BIGINT]) - [115]
2021-03-10 22:37:37.496 TRACE 20712 --- [    Test worker] o.h.type.descriptor.sql.BasicExtractor   : extracted value ([id1_7_] : [BIGINT]) - [116]
2021-03-10 22:37:37.496 TRACE 20712 --- [    Test worker] o.h.type.descriptor.sql.BasicExtractor   : extracted value ([id1_7_] : [BIGINT]) - [117]
2021-03-10 22:37:37.496 TRACE 20712 --- [    Test worker] o.h.type.descriptor.sql.BasicExtractor   : extracted value ([id1_7_] : [BIGINT]) - [118]
2021-03-10 22:37:37.496 TRACE 20712 --- [    Test worker] o.h.type.descriptor.sql.BasicExtractor   : extracted value ([id1_7_] : [BIGINT]) - [119]
2021-03-10 22:37:37.496 TRACE 20712 --- [    Test worker] o.h.type.descriptor.sql.BasicExtractor   : extracted value ([id1_7_] : [BIGINT]) - [120]
2021-03-10 22:37:37.496 TRACE 20712 --- [    Test worker] o.h.type.descriptor.sql.BasicExtractor   : extracted value ([id1_7_] : [BIGINT]) - [121]
2021-03-10 22:37:37.496 TRACE 20712 --- [    Test worker] o.h.type.descriptor.sql.BasicExtractor   : extracted value ([id1_7_] : [BIGINT]) - [122]
2021-03-10 22:37:37.496 TRACE 20712 --- [    Test worker] o.h.type.descriptor.sql.BasicExtractor   : extracted value ([id1_7_] : [BIGINT]) - [123]
2021-03-10 22:37:37.496 TRACE 20712 --- [    Test worker] o.h.type.descriptor.sql.BasicExtractor   : extracted value ([id1_7_] : [BIGINT]) - [124]
2021-03-10 22:37:37.496 TRACE 20712 --- [    Test worker] o.h.type.descriptor.sql.BasicExtractor   : extracted value ([id1_7_] : [BIGINT]) - [125]
2021-03-10 22:37:37.496 TRACE 20712 --- [    Test worker] o.h.type.descriptor.sql.BasicExtractor   : extracted value ([id1_7_] : [BIGINT]) - [126]
2021-03-10 22:37:37.496 TRACE 20712 --- [    Test worker] o.h.type.descriptor.sql.BasicExtractor   : extracted value ([id1_7_] : [BIGINT]) - [127]
2021-03-10 22:37:37.496 TRACE 20712 --- [    Test worker] o.h.type.descriptor.sql.BasicExtractor   : extracted value ([id1_7_] : [BIGINT]) - [128]
2021-03-10 22:37:37.496 TRACE 20712 --- [    Test worker] o.h.type.descriptor.sql.BasicExtractor   : extracted value ([id1_7_] : [BIGINT]) - [129]
2021-03-10 22:37:37.496 TRACE 20712 --- [    Test worker] o.h.type.descriptor.sql.BasicExtractor   : extracted value ([id1_7_] : [BIGINT]) - [130]
2021-03-10 22:37:37.496 TRACE 20712 --- [    Test worker] o.h.type.descriptor.sql.BasicExtractor   : extracted value ([id1_7_] : [BIGINT]) - [131]
2021-03-10 22:37:37.496 TRACE 20712 --- [    Test worker] o.h.type.descriptor.sql.BasicExtractor   : extracted value ([id1_7_] : [BIGINT]) - [132]
2021-03-10 22:37:37.496 TRACE 20712 --- [    Test worker] o.h.type.descriptor.sql.BasicExtractor   : extracted value ([id1_7_] : [BIGINT]) - [133]
2021-03-10 22:37:37.496 TRACE 20712 --- [    Test worker] o.h.type.descriptor.sql.BasicExtractor   : extracted value ([id1_7_] : [BIGINT]) - [134]
2021-03-10 22:37:37.496 TRACE 20712 --- [    Test worker] o.h.type.descriptor.sql.BasicExtractor   : extracted value ([id1_7_] : [BIGINT]) - [135]
2021-03-10 22:37:37.496 TRACE 20712 --- [    Test worker] o.h.type.descriptor.sql.BasicExtractor   : extracted value ([id1_7_] : [BIGINT]) - [136]
2021-03-10 22:37:37.496 TRACE 20712 --- [    Test worker] o.h.type.descriptor.sql.BasicExtractor   : extracted value ([id1_7_] : [BIGINT]) - [137]
2021-03-10 22:37:37.496 TRACE 20712 --- [    Test worker] o.h.type.descriptor.sql.BasicExtractor   : extracted value ([id1_7_] : [BIGINT]) - [138]
2021-03-10 22:37:37.496 TRACE 20712 --- [    Test worker] o.h.type.descriptor.sql.BasicExtractor   : extracted value ([id1_7_] : [BIGINT]) - [139]
2021-03-10 22:37:37.496 TRACE 20712 --- [    Test worker] o.h.type.descriptor.sql.BasicExtractor   : extracted value ([id1_7_] : [BIGINT]) - [140]
2021-03-10 22:37:37.496 TRACE 20712 --- [    Test worker] o.h.type.descriptor.sql.BasicExtractor   : extracted value ([id1_7_] : [BIGINT]) - [141]
2021-03-10 22:37:37.496 TRACE 20712 --- [    Test worker] o.h.type.descriptor.sql.BasicExtractor   : extracted value ([id1_7_] : [BIGINT]) - [142]
2021-03-10 22:37:37.496 TRACE 20712 --- [    Test worker] o.h.type.descriptor.sql.BasicExtractor   : extracted value ([id1_7_] : [BIGINT]) - [143]
2021-03-10 22:37:37.496 TRACE 20712 --- [    Test worker] o.h.type.descriptor.sql.BasicExtractor   : extracted value ([id1_7_] : [BIGINT]) - [144]
2021-03-10 22:37:37.496 TRACE 20712 --- [    Test worker] o.h.type.descriptor.sql.BasicExtractor   : extracted value ([id1_7_] : [BIGINT]) - [145]
Hibernate: 
    select
        zone0_.id as id1_7_,
        zone0_.city as city2_7_,
        zone0_.local_name_of_city as local_na3_7_,
        zone0_.province as province4_7_ 
    from
        zone zone0_
2021-03-10 22:37:37.496 TRACE 20712 --- [    Test worker] o.h.type.descriptor.sql.BasicExtractor   : extracted value ([id1_7_] : [BIGINT]) - [61]
2021-03-10 22:37:37.496 TRACE 20712 --- [    Test worker] o.h.type.descriptor.sql.BasicExtractor   : extracted value ([id1_7_] : [BIGINT]) - [62]
2021-03-10 22:37:37.496 TRACE 20712 --- [    Test worker] o.h.type.descriptor.sql.BasicExtractor   : extracted value ([id1_7_] : [BIGINT]) - [63]
2021-03-10 22:37:37.496 TRACE 20712 --- [    Test worker] o.h.type.descriptor.sql.BasicExtractor   : extracted value ([id1_7_] : [BIGINT]) - [64]
2021-03-10 22:37:37.496 TRACE 20712 --- [    Test worker] o.h.type.descriptor.sql.BasicExtractor   : extracted value ([id1_7_] : [BIGINT]) - [65]
2021-03-10 22:37:37.496 TRACE 20712 --- [    Test worker] o.h.type.descriptor.sql.BasicExtractor   : extracted value ([id1_7_] : [BIGINT]) - [66]
2021-03-10 22:37:37.496 TRACE 20712 --- [    Test worker] o.h.type.descriptor.sql.BasicExtractor   : extracted value ([id1_7_] : [BIGINT]) - [67]
2021-03-10 22:37:37.496 TRACE 20712 --- [    Test worker] o.h.type.descriptor.sql.BasicExtractor   : extracted value ([id1_7_] : [BIGINT]) - [68]
2021-03-10 22:37:37.512 TRACE 20712 --- [    Test worker] o.h.type.descriptor.sql.BasicExtractor   : extracted value ([id1_7_] : [BIGINT]) - [69]
2021-03-10 22:37:37.512 TRACE 20712 --- [    Test worker] o.h.type.descriptor.sql.BasicExtractor   : extracted value ([id1_7_] : [BIGINT]) - [70]
2021-03-10 22:37:37.512 TRACE 20712 --- [    Test worker] o.h.type.descriptor.sql.BasicExtractor   : extracted value ([id1_7_] : [BIGINT]) - [71]
2021-03-10 22:37:37.512 TRACE 20712 --- [    Test worker] o.h.type.descriptor.sql.BasicExtractor   : extracted value ([id1_7_] : [BIGINT]) - [72]
2021-03-10 22:37:37.512 TRACE 20712 --- [    Test worker] o.h.type.descriptor.sql.BasicExtractor   : extracted value ([id1_7_] : [BIGINT]) - [73]
2021-03-10 22:37:37.512 TRACE 20712 --- [    Test worker] o.h.type.descriptor.sql.BasicExtractor   : extracted value ([id1_7_] : [BIGINT]) - [74]
2021-03-10 22:37:37.512 TRACE 20712 --- [    Test worker] o.h.type.descriptor.sql.BasicExtractor   : extracted value ([id1_7_] : [BIGINT]) - [75]
2021-03-10 22:37:37.512 TRACE 20712 --- [    Test worker] o.h.type.descriptor.sql.BasicExtractor   : extracted value ([id1_7_] : [BIGINT]) - [76]
2021-03-10 22:37:37.512 TRACE 20712 --- [    Test worker] o.h.type.descriptor.sql.BasicExtractor   : extracted value ([id1_7_] : [BIGINT]) - [77]
2021-03-10 22:37:37.512 TRACE 20712 --- [    Test worker] o.h.type.descriptor.sql.BasicExtractor   : extracted value ([id1_7_] : [BIGINT]) - [78]
2021-03-10 22:37:37.512 TRACE 20712 --- [    Test worker] o.h.type.descriptor.sql.BasicExtractor   : extracted value ([id1_7_] : [BIGINT]) - [79]
2021-03-10 22:37:37.512 TRACE 20712 --- [    Test worker] o.h.type.descriptor.sql.BasicExtractor   : extracted value ([id1_7_] : [BIGINT]) - [80]
2021-03-10 22:37:37.512 TRACE 20712 --- [    Test worker] o.h.type.descriptor.sql.BasicExtractor   : extracted value ([id1_7_] : [BIGINT]) - [81]
2021-03-10 22:37:37.512 TRACE 20712 --- [    Test worker] o.h.type.descriptor.sql.BasicExtractor   : extracted value ([id1_7_] : [BIGINT]) - [82]
2021-03-10 22:37:37.512 TRACE 20712 --- [    Test worker] o.h.type.descriptor.sql.BasicExtractor   : extracted value ([id1_7_] : [BIGINT]) - [83]
2021-03-10 22:37:37.512 TRACE 20712 --- [    Test worker] o.h.type.descriptor.sql.BasicExtractor   : extracted value ([id1_7_] : [BIGINT]) - [84]
2021-03-10 22:37:37.512 TRACE 20712 --- [    Test worker] o.h.type.descriptor.sql.BasicExtractor   : extracted value ([id1_7_] : [BIGINT]) - [85]
2021-03-10 22:37:37.512 TRACE 20712 --- [    Test worker] o.h.type.descriptor.sql.BasicExtractor   : extracted value ([id1_7_] : [BIGINT]) - [86]
2021-03-10 22:37:37.512 TRACE 20712 --- [    Test worker] o.h.type.descriptor.sql.BasicExtractor   : extracted value ([id1_7_] : [BIGINT]) - [87]
2021-03-10 22:37:37.512 TRACE 20712 --- [    Test worker] o.h.type.descriptor.sql.BasicExtractor   : extracted value ([id1_7_] : [BIGINT]) - [88]
2021-03-10 22:37:37.512 TRACE 20712 --- [    Test worker] o.h.type.descriptor.sql.BasicExtractor   : extracted value ([id1_7_] : [BIGINT]) - [89]
2021-03-10 22:37:37.512 TRACE 20712 --- [    Test worker] o.h.type.descriptor.sql.BasicExtractor   : extracted value ([id1_7_] : [BIGINT]) - [90]
2021-03-10 22:37:37.512 TRACE 20712 --- [    Test worker] o.h.type.descriptor.sql.BasicExtractor   : extracted value ([id1_7_] : [BIGINT]) - [91]
2021-03-10 22:37:37.512 TRACE 20712 --- [    Test worker] o.h.type.descriptor.sql.BasicExtractor   : extracted value ([id1_7_] : [BIGINT]) - [92]
2021-03-10 22:37:37.512 TRACE 20712 --- [    Test worker] o.h.type.descriptor.sql.BasicExtractor   : extracted value ([id1_7_] : [BIGINT]) - [93]
2021-03-10 22:37:37.512 TRACE 20712 --- [    Test worker] o.h.type.descriptor.sql.BasicExtractor   : extracted value ([id1_7_] : [BIGINT]) - [94]
2021-03-10 22:37:37.512 TRACE 20712 --- [    Test worker] o.h.type.descriptor.sql.BasicExtractor   : extracted value ([id1_7_] : [BIGINT]) - [95]
2021-03-10 22:37:37.512 TRACE 20712 --- [    Test worker] o.h.type.descriptor.sql.BasicExtractor   : extracted value ([id1_7_] : [BIGINT]) - [96]
2021-03-10 22:37:37.512 TRACE 20712 --- [    Test worker] o.h.type.descriptor.sql.BasicExtractor   : extracted value ([id1_7_] : [BIGINT]) - [97]
2021-03-10 22:37:37.512 TRACE 20712 --- [    Test worker] o.h.type.descriptor.sql.BasicExtractor   : extracted value ([id1_7_] : [BIGINT]) - [98]
2021-03-10 22:37:37.512 TRACE 20712 --- [    Test worker] o.h.type.descriptor.sql.BasicExtractor   : extracted value ([id1_7_] : [BIGINT]) - [99]
2021-03-10 22:37:37.512 TRACE 20712 --- [    Test worker] o.h.type.descriptor.sql.BasicExtractor   : extracted value ([id1_7_] : [BIGINT]) - [100]
2021-03-10 22:37:37.512 TRACE 20712 --- [    Test worker] o.h.type.descriptor.sql.BasicExtractor   : extracted value ([id1_7_] : [BIGINT]) - [101]
2021-03-10 22:37:37.512 TRACE 20712 --- [    Test worker] o.h.type.descriptor.sql.BasicExtractor   : extracted value ([id1_7_] : [BIGINT]) - [102]
2021-03-10 22:37:37.512 TRACE 20712 --- [    Test worker] o.h.type.descriptor.sql.BasicExtractor   : extracted value ([id1_7_] : [BIGINT]) - [103]
2021-03-10 22:37:37.512 TRACE 20712 --- [    Test worker] o.h.type.descriptor.sql.BasicExtractor   : extracted value ([id1_7_] : [BIGINT]) - [104]
2021-03-10 22:37:37.512 TRACE 20712 --- [    Test worker] o.h.type.descriptor.sql.BasicExtractor   : extracted value ([id1_7_] : [BIGINT]) - [105]
2021-03-10 22:37:37.512 TRACE 20712 --- [    Test worker] o.h.type.descriptor.sql.BasicExtractor   : extracted value ([id1_7_] : [BIGINT]) - [106]
2021-03-10 22:37:37.512 TRACE 20712 --- [    Test worker] o.h.type.descriptor.sql.BasicExtractor   : extracted value ([id1_7_] : [BIGINT]) - [107]
2021-03-10 22:37:37.512 TRACE 20712 --- [    Test worker] o.h.type.descriptor.sql.BasicExtractor   : extracted value ([id1_7_] : [BIGINT]) - [108]
2021-03-10 22:37:37.512 TRACE 20712 --- [    Test worker] o.h.type.descriptor.sql.BasicExtractor   : extracted value ([id1_7_] : [BIGINT]) - [109]
2021-03-10 22:37:37.512 TRACE 20712 --- [    Test worker] o.h.type.descriptor.sql.BasicExtractor   : extracted value ([id1_7_] : [BIGINT]) - [110]
2021-03-10 22:37:37.512 TRACE 20712 --- [    Test worker] o.h.type.descriptor.sql.BasicExtractor   : extracted value ([id1_7_] : [BIGINT]) - [111]
2021-03-10 22:37:37.512 TRACE 20712 --- [    Test worker] o.h.type.descriptor.sql.BasicExtractor   : extracted value ([id1_7_] : [BIGINT]) - [112]
2021-03-10 22:37:37.512 TRACE 20712 --- [    Test worker] o.h.type.descriptor.sql.BasicExtractor   : extracted value ([id1_7_] : [BIGINT]) - [113]
2021-03-10 22:37:37.512 TRACE 20712 --- [    Test worker] o.h.type.descriptor.sql.BasicExtractor   : extracted value ([id1_7_] : [BIGINT]) - [114]
2021-03-10 22:37:37.512 TRACE 20712 --- [    Test worker] o.h.type.descriptor.sql.BasicExtractor   : extracted value ([id1_7_] : [BIGINT]) - [115]
2021-03-10 22:37:37.512 TRACE 20712 --- [    Test worker] o.h.type.descriptor.sql.BasicExtractor   : extracted value ([id1_7_] : [BIGINT]) - [116]
2021-03-10 22:37:37.512 TRACE 20712 --- [    Test worker] o.h.type.descriptor.sql.BasicExtractor   : extracted value ([id1_7_] : [BIGINT]) - [117]
2021-03-10 22:37:37.512 TRACE 20712 --- [    Test worker] o.h.type.descriptor.sql.BasicExtractor   : extracted value ([id1_7_] : [BIGINT]) - [118]
2021-03-10 22:37:37.512 TRACE 20712 --- [    Test worker] o.h.type.descriptor.sql.BasicExtractor   : extracted value ([id1_7_] : [BIGINT]) - [119]
2021-03-10 22:37:37.512 TRACE 20712 --- [    Test worker] o.h.type.descriptor.sql.BasicExtractor   : extracted value ([id1_7_] : [BIGINT]) - [120]
2021-03-10 22:37:37.512 TRACE 20712 --- [    Test worker] o.h.type.descriptor.sql.BasicExtractor   : extracted value ([id1_7_] : [BIGINT]) - [121]
2021-03-10 22:37:37.512 TRACE 20712 --- [    Test worker] o.h.type.descriptor.sql.BasicExtractor   : extracted value ([id1_7_] : [BIGINT]) - [122]
2021-03-10 22:37:37.512 TRACE 20712 --- [    Test worker] o.h.type.descriptor.sql.BasicExtractor   : extracted value ([id1_7_] : [BIGINT]) - [123]
2021-03-10 22:37:37.512 TRACE 20712 --- [    Test worker] o.h.type.descriptor.sql.BasicExtractor   : extracted value ([id1_7_] : [BIGINT]) - [124]
2021-03-10 22:37:37.512 TRACE 20712 --- [    Test worker] o.h.type.descriptor.sql.BasicExtractor   : extracted value ([id1_7_] : [BIGINT]) - [125]
2021-03-10 22:37:37.512 TRACE 20712 --- [    Test worker] o.h.type.descriptor.sql.BasicExtractor   : extracted value ([id1_7_] : [BIGINT]) - [126]
2021-03-10 22:37:37.512 TRACE 20712 --- [    Test worker] o.h.type.descriptor.sql.BasicExtractor   : extracted value ([id1_7_] : [BIGINT]) - [127]
2021-03-10 22:37:37.512 TRACE 20712 --- [    Test worker] o.h.type.descriptor.sql.BasicExtractor   : extracted value ([id1_7_] : [BIGINT]) - [128]
2021-03-10 22:37:37.512 TRACE 20712 --- [    Test worker] o.h.type.descriptor.sql.BasicExtractor   : extracted value ([id1_7_] : [BIGINT]) - [129]
2021-03-10 22:37:37.512 TRACE 20712 --- [    Test worker] o.h.type.descriptor.sql.BasicExtractor   : extracted value ([id1_7_] : [BIGINT]) - [130]
2021-03-10 22:37:37.512 TRACE 20712 --- [    Test worker] o.h.type.descriptor.sql.BasicExtractor   : extracted value ([id1_7_] : [BIGINT]) - [131]
2021-03-10 22:37:37.512 TRACE 20712 --- [    Test worker] o.h.type.descriptor.sql.BasicExtractor   : extracted value ([id1_7_] : [BIGINT]) - [132]
2021-03-10 22:37:37.512 TRACE 20712 --- [    Test worker] o.h.type.descriptor.sql.BasicExtractor   : extracted value ([id1_7_] : [BIGINT]) - [133]
2021-03-10 22:37:37.512 TRACE 20712 --- [    Test worker] o.h.type.descriptor.sql.BasicExtractor   : extracted value ([id1_7_] : [BIGINT]) - [134]
2021-03-10 22:37:37.512 TRACE 20712 --- [    Test worker] o.h.type.descriptor.sql.BasicExtractor   : extracted value ([id1_7_] : [BIGINT]) - [135]
2021-03-10 22:37:37.512 TRACE 20712 --- [    Test worker] o.h.type.descriptor.sql.BasicExtractor   : extracted value ([id1_7_] : [BIGINT]) - [136]
2021-03-10 22:37:37.512 TRACE 20712 --- [    Test worker] o.h.type.descriptor.sql.BasicExtractor   : extracted value ([id1_7_] : [BIGINT]) - [137]
2021-03-10 22:37:37.512 TRACE 20712 --- [    Test worker] o.h.type.descriptor.sql.BasicExtractor   : extracted value ([id1_7_] : [BIGINT]) - [138]
2021-03-10 22:37:37.512 TRACE 20712 --- [    Test worker] o.h.type.descriptor.sql.BasicExtractor   : extracted value ([id1_7_] : [BIGINT]) - [139]
2021-03-10 22:37:37.512 TRACE 20712 --- [    Test worker] o.h.type.descriptor.sql.BasicExtractor   : extracted value ([id1_7_] : [BIGINT]) - [140]
2021-03-10 22:37:37.512 TRACE 20712 --- [    Test worker] o.h.type.descriptor.sql.BasicExtractor   : extracted value ([id1_7_] : [BIGINT]) - [141]
2021-03-10 22:37:37.512 TRACE 20712 --- [    Test worker] o.h.type.descriptor.sql.BasicExtractor   : extracted value ([id1_7_] : [BIGINT]) - [142]
2021-03-10 22:37:37.512 TRACE 20712 --- [    Test worker] o.h.type.descriptor.sql.BasicExtractor   : extracted value ([id1_7_] : [BIGINT]) - [143]
2021-03-10 22:37:37.512 TRACE 20712 --- [    Test worker] o.h.type.descriptor.sql.BasicExtractor   : extracted value ([id1_7_] : [BIGINT]) - [144]
2021-03-10 22:37:37.512 TRACE 20712 --- [    Test worker] o.h.type.descriptor.sql.BasicExtractor   : extracted value ([id1_7_] : [BIGINT]) - [145]
Hibernate: 
    select
        zone0_.id as id1_7_,
        zone0_.city as city2_7_,
        zone0_.local_name_of_city as local_na3_7_,
        zone0_.province as province4_7_ 
    from
        zone zone0_
2021-03-10 22:37:37.512 TRACE 20712 --- [    Test worker] o.h.type.descriptor.sql.BasicExtractor   : extracted value ([id1_7_] : [BIGINT]) - [61]
2021-03-10 22:37:37.512 TRACE 20712 --- [    Test worker] o.h.type.descriptor.sql.BasicExtractor   : extracted value ([id1_7_] : [BIGINT]) - [62]
2021-03-10 22:37:37.512 TRACE 20712 --- [    Test worker] o.h.type.descriptor.sql.BasicExtractor   : extracted value ([id1_7_] : [BIGINT]) - [63]
2021-03-10 22:37:37.512 TRACE 20712 --- [    Test worker] o.h.type.descriptor.sql.BasicExtractor   : extracted value ([id1_7_] : [BIGINT]) - [64]
2021-03-10 22:37:37.512 TRACE 20712 --- [    Test worker] o.h.type.descriptor.sql.BasicExtractor   : extracted value ([id1_7_] : [BIGINT]) - [65]
2021-03-10 22:37:37.512 TRACE 20712 --- [    Test worker] o.h.type.descriptor.sql.BasicExtractor   : extracted value ([id1_7_] : [BIGINT]) - [66]
2021-03-10 22:37:37.512 TRACE 20712 --- [    Test worker] o.h.type.descriptor.sql.BasicExtractor   : extracted value ([id1_7_] : [BIGINT]) - [67]
2021-03-10 22:37:37.512 TRACE 20712 --- [    Test worker] o.h.type.descriptor.sql.BasicExtractor   : extracted value ([id1_7_] : [BIGINT]) - [68]
2021-03-10 22:37:37.512 TRACE 20712 --- [    Test worker] o.h.type.descriptor.sql.BasicExtractor   : extracted value ([id1_7_] : [BIGINT]) - [69]
2021-03-10 22:37:37.512 TRACE 20712 --- [    Test worker] o.h.type.descriptor.sql.BasicExtractor   : extracted value ([id1_7_] : [BIGINT]) - [70]
2021-03-10 22:37:37.512 TRACE 20712 --- [    Test worker] o.h.type.descriptor.sql.BasicExtractor   : extracted value ([id1_7_] : [BIGINT]) - [71]
2021-03-10 22:37:37.512 TRACE 20712 --- [    Test worker] o.h.type.descriptor.sql.BasicExtractor   : extracted value ([id1_7_] : [BIGINT]) - [72]
2021-03-10 22:37:37.512 TRACE 20712 --- [    Test worker] o.h.type.descriptor.sql.BasicExtractor   : extracted value ([id1_7_] : [BIGINT]) - [73]
2021-03-10 22:37:37.512 TRACE 20712 --- [    Test worker] o.h.type.descriptor.sql.BasicExtractor   : extracted value ([id1_7_] : [BIGINT]) - [74]
2021-03-10 22:37:37.512 TRACE 20712 --- [    Test worker] o.h.type.descriptor.sql.BasicExtractor   : extracted value ([id1_7_] : [BIGINT]) - [75]
2021-03-10 22:37:37.512 TRACE 20712 --- [    Test worker] o.h.type.descriptor.sql.BasicExtractor   : extracted value ([id1_7_] : [BIGINT]) - [76]
2021-03-10 22:37:37.512 TRACE 20712 --- [    Test worker] o.h.type.descriptor.sql.BasicExtractor   : extracted value ([id1_7_] : [BIGINT]) - [77]
2021-03-10 22:37:37.512 TRACE 20712 --- [    Test worker] o.h.type.descriptor.sql.BasicExtractor   : extracted value ([id1_7_] : [BIGINT]) - [78]
2021-03-10 22:37:37.512 TRACE 20712 --- [    Test worker] o.h.type.descriptor.sql.BasicExtractor   : extracted value ([id1_7_] : [BIGINT]) - [79]
2021-03-10 22:37:37.512 TRACE 20712 --- [    Test worker] o.h.type.descriptor.sql.BasicExtractor   : extracted value ([id1_7_] : [BIGINT]) - [80]
2021-03-10 22:37:37.512 TRACE 20712 --- [    Test worker] o.h.type.descriptor.sql.BasicExtractor   : extracted value ([id1_7_] : [BIGINT]) - [81]
2021-03-10 22:37:37.512 TRACE 20712 --- [    Test worker] o.h.type.descriptor.sql.BasicExtractor   : extracted value ([id1_7_] : [BIGINT]) - [82]
2021-03-10 22:37:37.512 TRACE 20712 --- [    Test worker] o.h.type.descriptor.sql.BasicExtractor   : extracted value ([id1_7_] : [BIGINT]) - [83]
2021-03-10 22:37:37.512 TRACE 20712 --- [    Test worker] o.h.type.descriptor.sql.BasicExtractor   : extracted value ([id1_7_] : [BIGINT]) - [84]
2021-03-10 22:37:37.512 TRACE 20712 --- [    Test worker] o.h.type.descriptor.sql.BasicExtractor   : extracted value ([id1_7_] : [BIGINT]) - [85]
2021-03-10 22:37:37.512 TRACE 20712 --- [    Test worker] o.h.type.descriptor.sql.BasicExtractor   : extracted value ([id1_7_] : [BIGINT]) - [86]
2021-03-10 22:37:37.512 TRACE 20712 --- [    Test worker] o.h.type.descriptor.sql.BasicExtractor   : extracted value ([id1_7_] : [BIGINT]) - [87]
2021-03-10 22:37:37.512 TRACE 20712 --- [    Test worker] o.h.type.descriptor.sql.BasicExtractor   : extracted value ([id1_7_] : [BIGINT]) - [88]
2021-03-10 22:37:37.512 TRACE 20712 --- [    Test worker] o.h.type.descriptor.sql.BasicExtractor   : extracted value ([id1_7_] : [BIGINT]) - [89]
2021-03-10 22:37:37.512 TRACE 20712 --- [    Test worker] o.h.type.descriptor.sql.BasicExtractor   : extracted value ([id1_7_] : [BIGINT]) - [90]
2021-03-10 22:37:37.512 TRACE 20712 --- [    Test worker] o.h.type.descriptor.sql.BasicExtractor   : extracted value ([id1_7_] : [BIGINT]) - [91]
2021-03-10 22:37:37.512 TRACE 20712 --- [    Test worker] o.h.type.descriptor.sql.BasicExtractor   : extracted value ([id1_7_] : [BIGINT]) - [92]
2021-03-10 22:37:37.512 TRACE 20712 --- [    Test worker] o.h.type.descriptor.sql.BasicExtractor   : extracted value ([id1_7_] : [BIGINT]) - [93]
2021-03-10 22:37:37.512 TRACE 20712 --- [    Test worker] o.h.type.descriptor.sql.BasicExtractor   : extracted value ([id1_7_] : [BIGINT]) - [94]
2021-03-10 22:37:37.512 TRACE 20712 --- [    Test worker] o.h.type.descriptor.sql.BasicExtractor   : extracted value ([id1_7_] : [BIGINT]) - [95]
2021-03-10 22:37:37.512 TRACE 20712 --- [    Test worker] o.h.type.descriptor.sql.BasicExtractor   : extracted value ([id1_7_] : [BIGINT]) - [96]
2021-03-10 22:37:37.512 TRACE 20712 --- [    Test worker] o.h.type.descriptor.sql.BasicExtractor   : extracted value ([id1_7_] : [BIGINT]) - [97]
2021-03-10 22:37:37.512 TRACE 20712 --- [    Test worker] o.h.type.descriptor.sql.BasicExtractor   : extracted value ([id1_7_] : [BIGINT]) - [98]
2021-03-10 22:37:37.512 TRACE 20712 --- [    Test worker] o.h.type.descriptor.sql.BasicExtractor   : extracted value ([id1_7_] : [BIGINT]) - [99]
2021-03-10 22:37:37.512 TRACE 20712 --- [    Test worker] o.h.type.descriptor.sql.BasicExtractor   : extracted value ([id1_7_] : [BIGINT]) - [100]
2021-03-10 22:37:37.512 TRACE 20712 --- [    Test worker] o.h.type.descriptor.sql.BasicExtractor   : extracted value ([id1_7_] : [BIGINT]) - [101]
2021-03-10 22:37:37.512 TRACE 20712 --- [    Test worker] o.h.type.descriptor.sql.BasicExtractor   : extracted value ([id1_7_] : [BIGINT]) - [102]
2021-03-10 22:37:37.512 TRACE 20712 --- [    Test worker] o.h.type.descriptor.sql.BasicExtractor   : extracted value ([id1_7_] : [BIGINT]) - [103]
2021-03-10 22:37:37.512 TRACE 20712 --- [    Test worker] o.h.type.descriptor.sql.BasicExtractor   : extracted value ([id1_7_] : [BIGINT]) - [104]
2021-03-10 22:37:37.512 TRACE 20712 --- [    Test worker] o.h.type.descriptor.sql.BasicExtractor   : extracted value ([id1_7_] : [BIGINT]) - [105]
2021-03-10 22:37:37.512 TRACE 20712 --- [    Test worker] o.h.type.descriptor.sql.BasicExtractor   : extracted value ([id1_7_] : [BIGINT]) - [106]
2021-03-10 22:37:37.512 TRACE 20712 --- [    Test worker] o.h.type.descriptor.sql.BasicExtractor   : extracted value ([id1_7_] : [BIGINT]) - [107]
2021-03-10 22:37:37.512 TRACE 20712 --- [    Test worker] o.h.type.descriptor.sql.BasicExtractor   : extracted value ([id1_7_] : [BIGINT]) - [108]
2021-03-10 22:37:37.512 TRACE 20712 --- [    Test worker] o.h.type.descriptor.sql.BasicExtractor   : extracted value ([id1_7_] : [BIGINT]) - [109]
2021-03-10 22:37:37.512 TRACE 20712 --- [    Test worker] o.h.type.descriptor.sql.BasicExtractor   : extracted value ([id1_7_] : [BIGINT]) - [110]
2021-03-10 22:37:37.512 TRACE 20712 --- [    Test worker] o.h.type.descriptor.sql.BasicExtractor   : extracted value ([id1_7_] : [BIGINT]) - [111]
2021-03-10 22:37:37.512 TRACE 20712 --- [    Test worker] o.h.type.descriptor.sql.BasicExtractor   : extracted value ([id1_7_] : [BIGINT]) - [112]
2021-03-10 22:37:37.512 TRACE 20712 --- [    Test worker] o.h.type.descriptor.sql.BasicExtractor   : extracted value ([id1_7_] : [BIGINT]) - [113]
2021-03-10 22:37:37.512 TRACE 20712 --- [    Test worker] o.h.type.descriptor.sql.BasicExtractor   : extracted value ([id1_7_] : [BIGINT]) - [114]
2021-03-10 22:37:37.512 TRACE 20712 --- [    Test worker] o.h.type.descriptor.sql.BasicExtractor   : extracted value ([id1_7_] : [BIGINT]) - [115]
2021-03-10 22:37:37.512 TRACE 20712 --- [    Test worker] o.h.type.descriptor.sql.BasicExtractor   : extracted value ([id1_7_] : [BIGINT]) - [116]
2021-03-10 22:37:37.512 TRACE 20712 --- [    Test worker] o.h.type.descriptor.sql.BasicExtractor   : extracted value ([id1_7_] : [BIGINT]) - [117]
2021-03-10 22:37:37.512 TRACE 20712 --- [    Test worker] o.h.type.descriptor.sql.BasicExtractor   : extracted value ([id1_7_] : [BIGINT]) - [118]
2021-03-10 22:37:37.512 TRACE 20712 --- [    Test worker] o.h.type.descriptor.sql.BasicExtractor   : extracted value ([id1_7_] : [BIGINT]) - [119]
2021-03-10 22:37:37.512 TRACE 20712 --- [    Test worker] o.h.type.descriptor.sql.BasicExtractor   : extracted value ([id1_7_] : [BIGINT]) - [120]
2021-03-10 22:37:37.512 TRACE 20712 --- [    Test worker] o.h.type.descriptor.sql.BasicExtractor   : extracted value ([id1_7_] : [BIGINT]) - [121]
2021-03-10 22:37:37.512 TRACE 20712 --- [    Test worker] o.h.type.descriptor.sql.BasicExtractor   : extracted value ([id1_7_] : [BIGINT]) - [122]
2021-03-10 22:37:37.512 TRACE 20712 --- [    Test worker] o.h.type.descriptor.sql.BasicExtractor   : extracted value ([id1_7_] : [BIGINT]) - [123]
2021-03-10 22:37:37.512 TRACE 20712 --- [    Test worker] o.h.type.descriptor.sql.BasicExtractor   : extracted value ([id1_7_] : [BIGINT]) - [124]
2021-03-10 22:37:37.512 TRACE 20712 --- [    Test worker] o.h.type.descriptor.sql.BasicExtractor   : extracted value ([id1_7_] : [BIGINT]) - [125]
2021-03-10 22:37:37.512 TRACE 20712 --- [    Test worker] o.h.type.descriptor.sql.BasicExtractor   : extracted value ([id1_7_] : [BIGINT]) - [126]
2021-03-10 22:37:37.512 TRACE 20712 --- [    Test worker] o.h.type.descriptor.sql.BasicExtractor   : extracted value ([id1_7_] : [BIGINT]) - [127]
2021-03-10 22:37:37.512 TRACE 20712 --- [    Test worker] o.h.type.descriptor.sql.BasicExtractor   : extracted value ([id1_7_] : [BIGINT]) - [128]
2021-03-10 22:37:37.512 TRACE 20712 --- [    Test worker] o.h.type.descriptor.sql.BasicExtractor   : extracted value ([id1_7_] : [BIGINT]) - [129]
2021-03-10 22:37:37.512 TRACE 20712 --- [    Test worker] o.h.type.descriptor.sql.BasicExtractor   : extracted value ([id1_7_] : [BIGINT]) - [130]
2021-03-10 22:37:37.512 TRACE 20712 --- [    Test worker] o.h.type.descriptor.sql.BasicExtractor   : extracted value ([id1_7_] : [BIGINT]) - [131]
2021-03-10 22:37:37.512 TRACE 20712 --- [    Test worker] o.h.type.descriptor.sql.BasicExtractor   : extracted value ([id1_7_] : [BIGINT]) - [132]
2021-03-10 22:37:37.512 TRACE 20712 --- [    Test worker] o.h.type.descriptor.sql.BasicExtractor   : extracted value ([id1_7_] : [BIGINT]) - [133]
2021-03-10 22:37:37.512 TRACE 20712 --- [    Test worker] o.h.type.descriptor.sql.BasicExtractor   : extracted value ([id1_7_] : [BIGINT]) - [134]
2021-03-10 22:37:37.512 TRACE 20712 --- [    Test worker] o.h.type.descriptor.sql.BasicExtractor   : extracted value ([id1_7_] : [BIGINT]) - [135]
2021-03-10 22:37:37.512 TRACE 20712 --- [    Test worker] o.h.type.descriptor.sql.BasicExtractor   : extracted value ([id1_7_] : [BIGINT]) - [136]
2021-03-10 22:37:37.512 TRACE 20712 --- [    Test worker] o.h.type.descriptor.sql.BasicExtractor   : extracted value ([id1_7_] : [BIGINT]) - [137]
2021-03-10 22:37:37.512 TRACE 20712 --- [    Test worker] o.h.type.descriptor.sql.BasicExtractor   : extracted value ([id1_7_] : [BIGINT]) - [138]
2021-03-10 22:37:37.512 TRACE 20712 --- [    Test worker] o.h.type.descriptor.sql.BasicExtractor   : extracted value ([id1_7_] : [BIGINT]) - [139]
2021-03-10 22:37:37.512 TRACE 20712 --- [    Test worker] o.h.type.descriptor.sql.BasicExtractor   : extracted value ([id1_7_] : [BIGINT]) - [140]
2021-03-10 22:37:37.512 TRACE 20712 --- [    Test worker] o.h.type.descriptor.sql.BasicExtractor   : extracted value ([id1_7_] : [BIGINT]) - [141]
2021-03-10 22:37:37.512 TRACE 20712 --- [    Test worker] o.h.type.descriptor.sql.BasicExtractor   : extracted value ([id1_7_] : [BIGINT]) - [142]
2021-03-10 22:37:37.512 TRACE 20712 --- [    Test worker] o.h.type.descriptor.sql.BasicExtractor   : extracted value ([id1_7_] : [BIGINT]) - [143]
2021-03-10 22:37:37.512 TRACE 20712 --- [    Test worker] o.h.type.descriptor.sql.BasicExtractor   : extracted value ([id1_7_] : [BIGINT]) - [144]
2021-03-10 22:37:37.512 TRACE 20712 --- [    Test worker] o.h.type.descriptor.sql.BasicExtractor   : extracted value ([id1_7_] : [BIGINT]) - [145]
Hibernate: 
    select
        zone0_.id as id1_7_,
        zone0_.city as city2_7_,
        zone0_.local_name_of_city as local_na3_7_,
        zone0_.province as province4_7_ 
    from
        zone zone0_
2021-03-10 22:37:37.512 TRACE 20712 --- [    Test worker] o.h.type.descriptor.sql.BasicExtractor   : extracted value ([id1_7_] : [BIGINT]) - [61]
2021-03-10 22:37:37.512 TRACE 20712 --- [    Test worker] o.h.type.descriptor.sql.BasicExtractor   : extracted value ([id1_7_] : [BIGINT]) - [62]
2021-03-10 22:37:37.512 TRACE 20712 --- [    Test worker] o.h.type.descriptor.sql.BasicExtractor   : extracted value ([id1_7_] : [BIGINT]) - [63]
2021-03-10 22:37:37.512 TRACE 20712 --- [    Test worker] o.h.type.descriptor.sql.BasicExtractor   : extracted value ([id1_7_] : [BIGINT]) - [64]
2021-03-10 22:37:37.512 TRACE 20712 --- [    Test worker] o.h.type.descriptor.sql.BasicExtractor   : extracted value ([id1_7_] : [BIGINT]) - [65]
2021-03-10 22:37:37.512 TRACE 20712 --- [    Test worker] o.h.type.descriptor.sql.BasicExtractor   : extracted value ([id1_7_] : [BIGINT]) - [66]
2021-03-10 22:37:37.512 TRACE 20712 --- [    Test worker] o.h.type.descriptor.sql.BasicExtractor   : extracted value ([id1_7_] : [BIGINT]) - [67]
2021-03-10 22:37:37.512 TRACE 20712 --- [    Test worker] o.h.type.descriptor.sql.BasicExtractor   : extracted value ([id1_7_] : [BIGINT]) - [68]
2021-03-10 22:37:37.512 TRACE 20712 --- [    Test worker] o.h.type.descriptor.sql.BasicExtractor   : extracted value ([id1_7_] : [BIGINT]) - [69]
2021-03-10 22:37:37.512 TRACE 20712 --- [    Test worker] o.h.type.descriptor.sql.BasicExtractor   : extracted value ([id1_7_] : [BIGINT]) - [70]
2021-03-10 22:37:37.512 TRACE 20712 --- [    Test worker] o.h.type.descriptor.sql.BasicExtractor   : extracted value ([id1_7_] : [BIGINT]) - [71]
2021-03-10 22:37:37.512 TRACE 20712 --- [    Test worker] o.h.type.descriptor.sql.BasicExtractor   : extracted value ([id1_7_] : [BIGINT]) - [72]
2021-03-10 22:37:37.512 TRACE 20712 --- [    Test worker] o.h.type.descriptor.sql.BasicExtractor   : extracted value ([id1_7_] : [BIGINT]) - [73]
2021-03-10 22:37:37.512 TRACE 20712 --- [    Test worker] o.h.type.descriptor.sql.BasicExtractor   : extracted value ([id1_7_] : [BIGINT]) - [74]
2021-03-10 22:37:37.512 TRACE 20712 --- [    Test worker] o.h.type.descriptor.sql.BasicExtractor   : extracted value ([id1_7_] : [BIGINT]) - [75]
2021-03-10 22:37:37.512 TRACE 20712 --- [    Test worker] o.h.type.descriptor.sql.BasicExtractor   : extracted value ([id1_7_] : [BIGINT]) - [76]
2021-03-10 22:37:37.512 TRACE 20712 --- [    Test worker] o.h.type.descriptor.sql.BasicExtractor   : extracted value ([id1_7_] : [BIGINT]) - [77]
2021-03-10 22:37:37.512 TRACE 20712 --- [    Test worker] o.h.type.descriptor.sql.BasicExtractor   : extracted value ([id1_7_] : [BIGINT]) - [78]
2021-03-10 22:37:37.512 TRACE 20712 --- [    Test worker] o.h.type.descriptor.sql.BasicExtractor   : extracted value ([id1_7_] : [BIGINT]) - [79]
2021-03-10 22:37:37.512 TRACE 20712 --- [    Test worker] o.h.type.descriptor.sql.BasicExtractor   : extracted value ([id1_7_] : [BIGINT]) - [80]
2021-03-10 22:37:37.512 TRACE 20712 --- [    Test worker] o.h.type.descriptor.sql.BasicExtractor   : extracted value ([id1_7_] : [BIGINT]) - [81]
2021-03-10 22:37:37.512 TRACE 20712 --- [    Test worker] o.h.type.descriptor.sql.BasicExtractor   : extracted value ([id1_7_] : [BIGINT]) - [82]
2021-03-10 22:37:37.512 TRACE 20712 --- [    Test worker] o.h.type.descriptor.sql.BasicExtractor   : extracted value ([id1_7_] : [BIGINT]) - [83]
2021-03-10 22:37:37.512 TRACE 20712 --- [    Test worker] o.h.type.descriptor.sql.BasicExtractor   : extracted value ([id1_7_] : [BIGINT]) - [84]
2021-03-10 22:37:37.512 TRACE 20712 --- [    Test worker] o.h.type.descriptor.sql.BasicExtractor   : extracted value ([id1_7_] : [BIGINT]) - [85]
2021-03-10 22:37:37.512 TRACE 20712 --- [    Test worker] o.h.type.descriptor.sql.BasicExtractor   : extracted value ([id1_7_] : [BIGINT]) - [86]
2021-03-10 22:37:37.512 TRACE 20712 --- [    Test worker] o.h.type.descriptor.sql.BasicExtractor   : extracted value ([id1_7_] : [BIGINT]) - [87]
2021-03-10 22:37:37.512 TRACE 20712 --- [    Test worker] o.h.type.descriptor.sql.BasicExtractor   : extracted value ([id1_7_] : [BIGINT]) - [88]
2021-03-10 22:37:37.512 TRACE 20712 --- [    Test worker] o.h.type.descriptor.sql.BasicExtractor   : extracted value ([id1_7_] : [BIGINT]) - [89]
2021-03-10 22:37:37.512 TRACE 20712 --- [    Test worker] o.h.type.descriptor.sql.BasicExtractor   : extracted value ([id1_7_] : [BIGINT]) - [90]
2021-03-10 22:37:37.512 TRACE 20712 --- [    Test worker] o.h.type.descriptor.sql.BasicExtractor   : extracted value ([id1_7_] : [BIGINT]) - [91]
2021-03-10 22:37:37.512 TRACE 20712 --- [    Test worker] o.h.type.descriptor.sql.BasicExtractor   : extracted value ([id1_7_] : [BIGINT]) - [92]
2021-03-10 22:37:37.512 TRACE 20712 --- [    Test worker] o.h.type.descriptor.sql.BasicExtractor   : extracted value ([id1_7_] : [BIGINT]) - [93]
2021-03-10 22:37:37.512 TRACE 20712 --- [    Test worker] o.h.type.descriptor.sql.BasicExtractor   : extracted value ([id1_7_] : [BIGINT]) - [94]
2021-03-10 22:37:37.512 TRACE 20712 --- [    Test worker] o.h.type.descriptor.sql.BasicExtractor   : extracted value ([id1_7_] : [BIGINT]) - [95]
2021-03-10 22:37:37.512 TRACE 20712 --- [    Test worker] o.h.type.descriptor.sql.BasicExtractor   : extracted value ([id1_7_] : [BIGINT]) - [96]
2021-03-10 22:37:37.512 TRACE 20712 --- [    Test worker] o.h.type.descriptor.sql.BasicExtractor   : extracted value ([id1_7_] : [BIGINT]) - [97]
2021-03-10 22:37:37.512 TRACE 20712 --- [    Test worker] o.h.type.descriptor.sql.BasicExtractor   : extracted value ([id1_7_] : [BIGINT]) - [98]
2021-03-10 22:37:37.512 TRACE 20712 --- [    Test worker] o.h.type.descriptor.sql.BasicExtractor   : extracted value ([id1_7_] : [BIGINT]) - [99]
2021-03-10 22:37:37.512 TRACE 20712 --- [    Test worker] o.h.type.descriptor.sql.BasicExtractor   : extracted value ([id1_7_] : [BIGINT]) - [100]
2021-03-10 22:37:37.512 TRACE 20712 --- [    Test worker] o.h.type.descriptor.sql.BasicExtractor   : extracted value ([id1_7_] : [BIGINT]) - [101]
2021-03-10 22:37:37.512 TRACE 20712 --- [    Test worker] o.h.type.descriptor.sql.BasicExtractor   : extracted value ([id1_7_] : [BIGINT]) - [102]
2021-03-10 22:37:37.512 TRACE 20712 --- [    Test worker] o.h.type.descriptor.sql.BasicExtractor   : extracted value ([id1_7_] : [BIGINT]) - [103]
2021-03-10 22:37:37.512 TRACE 20712 --- [    Test worker] o.h.type.descriptor.sql.BasicExtractor   : extracted value ([id1_7_] : [BIGINT]) - [104]
2021-03-10 22:37:37.512 TRACE 20712 --- [    Test worker] o.h.type.descriptor.sql.BasicExtractor   : extracted value ([id1_7_] : [BIGINT]) - [105]
2021-03-10 22:37:37.512 TRACE 20712 --- [    Test worker] o.h.type.descriptor.sql.BasicExtractor   : extracted value ([id1_7_] : [BIGINT]) - [106]
2021-03-10 22:37:37.512 TRACE 20712 --- [    Test worker] o.h.type.descriptor.sql.BasicExtractor   : extracted value ([id1_7_] : [BIGINT]) - [107]
2021-03-10 22:37:37.512 TRACE 20712 --- [    Test worker] o.h.type.descriptor.sql.BasicExtractor   : extracted value ([id1_7_] : [BIGINT]) - [108]
2021-03-10 22:37:37.512 TRACE 20712 --- [    Test worker] o.h.type.descriptor.sql.BasicExtractor   : extracted value ([id1_7_] : [BIGINT]) - [109]
2021-03-10 22:37:37.512 TRACE 20712 --- [    Test worker] o.h.type.descriptor.sql.BasicExtractor   : extracted value ([id1_7_] : [BIGINT]) - [110]
2021-03-10 22:37:37.512 TRACE 20712 --- [    Test worker] o.h.type.descriptor.sql.BasicExtractor   : extracted value ([id1_7_] : [BIGINT]) - [111]
2021-03-10 22:37:37.512 TRACE 20712 --- [    Test worker] o.h.type.descriptor.sql.BasicExtractor   : extracted value ([id1_7_] : [BIGINT]) - [112]
2021-03-10 22:37:37.512 TRACE 20712 --- [    Test worker] o.h.type.descriptor.sql.BasicExtractor   : extracted value ([id1_7_] : [BIGINT]) - [113]
2021-03-10 22:37:37.512 TRACE 20712 --- [    Test worker] o.h.type.descriptor.sql.BasicExtractor   : extracted value ([id1_7_] : [BIGINT]) - [114]
2021-03-10 22:37:37.512 TRACE 20712 --- [    Test worker] o.h.type.descriptor.sql.BasicExtractor   : extracted value ([id1_7_] : [BIGINT]) - [115]
2021-03-10 22:37:37.512 TRACE 20712 --- [    Test worker] o.h.type.descriptor.sql.BasicExtractor   : extracted value ([id1_7_] : [BIGINT]) - [116]
2021-03-10 22:37:37.512 TRACE 20712 --- [    Test worker] o.h.type.descriptor.sql.BasicExtractor   : extracted value ([id1_7_] : [BIGINT]) - [117]
2021-03-10 22:37:37.512 TRACE 20712 --- [    Test worker] o.h.type.descriptor.sql.BasicExtractor   : extracted value ([id1_7_] : [BIGINT]) - [118]
2021-03-10 22:37:37.512 TRACE 20712 --- [    Test worker] o.h.type.descriptor.sql.BasicExtractor   : extracted value ([id1_7_] : [BIGINT]) - [119]
2021-03-10 22:37:37.512 TRACE 20712 --- [    Test worker] o.h.type.descriptor.sql.BasicExtractor   : extracted value ([id1_7_] : [BIGINT]) - [120]
2021-03-10 22:37:37.512 TRACE 20712 --- [    Test worker] o.h.type.descriptor.sql.BasicExtractor   : extracted value ([id1_7_] : [BIGINT]) - [121]
2021-03-10 22:37:37.512 TRACE 20712 --- [    Test worker] o.h.type.descriptor.sql.BasicExtractor   : extracted value ([id1_7_] : [BIGINT]) - [122]
2021-03-10 22:37:37.512 TRACE 20712 --- [    Test worker] o.h.type.descriptor.sql.BasicExtractor   : extracted value ([id1_7_] : [BIGINT]) - [123]
2021-03-10 22:37:37.512 TRACE 20712 --- [    Test worker] o.h.type.descriptor.sql.BasicExtractor   : extracted value ([id1_7_] : [BIGINT]) - [124]
2021-03-10 22:37:37.512 TRACE 20712 --- [    Test worker] o.h.type.descriptor.sql.BasicExtractor   : extracted value ([id1_7_] : [BIGINT]) - [125]
2021-03-10 22:37:37.512 TRACE 20712 --- [    Test worker] o.h.type.descriptor.sql.BasicExtractor   : extracted value ([id1_7_] : [BIGINT]) - [126]
2021-03-10 22:37:37.512 TRACE 20712 --- [    Test worker] o.h.type.descriptor.sql.BasicExtractor   : extracted value ([id1_7_] : [BIGINT]) - [127]
2021-03-10 22:37:37.512 TRACE 20712 --- [    Test worker] o.h.type.descriptor.sql.BasicExtractor   : extracted value ([id1_7_] : [BIGINT]) - [128]
2021-03-10 22:37:37.512 TRACE 20712 --- [    Test worker] o.h.type.descriptor.sql.BasicExtractor   : extracted value ([id1_7_] : [BIGINT]) - [129]
2021-03-10 22:37:37.512 TRACE 20712 --- [    Test worker] o.h.type.descriptor.sql.BasicExtractor   : extracted value ([id1_7_] : [BIGINT]) - [130]
2021-03-10 22:37:37.512 TRACE 20712 --- [    Test worker] o.h.type.descriptor.sql.BasicExtractor   : extracted value ([id1_7_] : [BIGINT]) - [131]
2021-03-10 22:37:37.512 TRACE 20712 --- [    Test worker] o.h.type.descriptor.sql.BasicExtractor   : extracted value ([id1_7_] : [BIGINT]) - [132]
2021-03-10 22:37:37.512 TRACE 20712 --- [    Test worker] o.h.type.descriptor.sql.BasicExtractor   : extracted value ([id1_7_] : [BIGINT]) - [133]
2021-03-10 22:37:37.512 TRACE 20712 --- [    Test worker] o.h.type.descriptor.sql.BasicExtractor   : extracted value ([id1_7_] : [BIGINT]) - [134]
2021-03-10 22:37:37.512 TRACE 20712 --- [    Test worker] o.h.type.descriptor.sql.BasicExtractor   : extracted value ([id1_7_] : [BIGINT]) - [135]
2021-03-10 22:37:37.512 TRACE 20712 --- [    Test worker] o.h.type.descriptor.sql.BasicExtractor   : extracted value ([id1_7_] : [BIGINT]) - [136]
2021-03-10 22:37:37.512 TRACE 20712 --- [    Test worker] o.h.type.descriptor.sql.BasicExtractor   : extracted value ([id1_7_] : [BIGINT]) - [137]
2021-03-10 22:37:37.512 TRACE 20712 --- [    Test worker] o.h.type.descriptor.sql.BasicExtractor   : extracted value ([id1_7_] : [BIGINT]) - [138]
2021-03-10 22:37:37.512 TRACE 20712 --- [    Test worker] o.h.type.descriptor.sql.BasicExtractor   : extracted value ([id1_7_] : [BIGINT]) - [139]
2021-03-10 22:37:37.512 TRACE 20712 --- [    Test worker] o.h.type.descriptor.sql.BasicExtractor   : extracted value ([id1_7_] : [BIGINT]) - [140]
2021-03-10 22:37:37.512 TRACE 20712 --- [    Test worker] o.h.type.descriptor.sql.BasicExtractor   : extracted value ([id1_7_] : [BIGINT]) - [141]
2021-03-10 22:37:37.512 TRACE 20712 --- [    Test worker] o.h.type.descriptor.sql.BasicExtractor   : extracted value ([id1_7_] : [BIGINT]) - [142]
2021-03-10 22:37:37.512 TRACE 20712 --- [    Test worker] o.h.type.descriptor.sql.BasicExtractor   : extracted value ([id1_7_] : [BIGINT]) - [143]
2021-03-10 22:37:37.512 TRACE 20712 --- [    Test worker] o.h.type.descriptor.sql.BasicExtractor   : extracted value ([id1_7_] : [BIGINT]) - [144]
2021-03-10 22:37:37.512 TRACE 20712 --- [    Test worker] o.h.type.descriptor.sql.BasicExtractor   : extracted value ([id1_7_] : [BIGINT]) - [145]
Hibernate: 
    select
        zone0_.id as id1_7_,
        zone0_.city as city2_7_,
        zone0_.local_name_of_city as local_na3_7_,
        zone0_.province as province4_7_ 
    from
        zone zone0_
2021-03-10 22:37:37.512 TRACE 20712 --- [    Test worker] o.h.type.descriptor.sql.BasicExtractor   : extracted value ([id1_7_] : [BIGINT]) - [61]
2021-03-10 22:37:37.512 TRACE 20712 --- [    Test worker] o.h.type.descriptor.sql.BasicExtractor   : extracted value ([id1_7_] : [BIGINT]) - [62]
2021-03-10 22:37:37.512 TRACE 20712 --- [    Test worker] o.h.type.descriptor.sql.BasicExtractor   : extracted value ([id1_7_] : [BIGINT]) - [63]
2021-03-10 22:37:37.512 TRACE 20712 --- [    Test worker] o.h.type.descriptor.sql.BasicExtractor   : extracted value ([id1_7_] : [BIGINT]) - [64]
2021-03-10 22:37:37.512 TRACE 20712 --- [    Test worker] o.h.type.descriptor.sql.BasicExtractor   : extracted value ([id1_7_] : [BIGINT]) - [65]
2021-03-10 22:37:37.512 TRACE 20712 --- [    Test worker] o.h.type.descriptor.sql.BasicExtractor   : extracted value ([id1_7_] : [BIGINT]) - [66]
2021-03-10 22:37:37.512 TRACE 20712 --- [    Test worker] o.h.type.descriptor.sql.BasicExtractor   : extracted value ([id1_7_] : [BIGINT]) - [67]
2021-03-10 22:37:37.512 TRACE 20712 --- [    Test worker] o.h.type.descriptor.sql.BasicExtractor   : extracted value ([id1_7_] : [BIGINT]) - [68]
2021-03-10 22:37:37.512 TRACE 20712 --- [    Test worker] o.h.type.descriptor.sql.BasicExtractor   : extracted value ([id1_7_] : [BIGINT]) - [69]
2021-03-10 22:37:37.512 TRACE 20712 --- [    Test worker] o.h.type.descriptor.sql.BasicExtractor   : extracted value ([id1_7_] : [BIGINT]) - [70]
2021-03-10 22:37:37.512 TRACE 20712 --- [    Test worker] o.h.type.descriptor.sql.BasicExtractor   : extracted value ([id1_7_] : [BIGINT]) - [71]
2021-03-10 22:37:37.512 TRACE 20712 --- [    Test worker] o.h.type.descriptor.sql.BasicExtractor   : extracted value ([id1_7_] : [BIGINT]) - [72]
2021-03-10 22:37:37.512 TRACE 20712 --- [    Test worker] o.h.type.descriptor.sql.BasicExtractor   : extracted value ([id1_7_] : [BIGINT]) - [73]
2021-03-10 22:37:37.512 TRACE 20712 --- [    Test worker] o.h.type.descriptor.sql.BasicExtractor   : extracted value ([id1_7_] : [BIGINT]) - [74]
2021-03-10 22:37:37.512 TRACE 20712 --- [    Test worker] o.h.type.descriptor.sql.BasicExtractor   : extracted value ([id1_7_] : [BIGINT]) - [75]
2021-03-10 22:37:37.512 TRACE 20712 --- [    Test worker] o.h.type.descriptor.sql.BasicExtractor   : extracted value ([id1_7_] : [BIGINT]) - [76]
2021-03-10 22:37:37.512 TRACE 20712 --- [    Test worker] o.h.type.descriptor.sql.BasicExtractor   : extracted value ([id1_7_] : [BIGINT]) - [77]
2021-03-10 22:37:37.512 TRACE 20712 --- [    Test worker] o.h.type.descriptor.sql.BasicExtractor   : extracted value ([id1_7_] : [BIGINT]) - [78]
2021-03-10 22:37:37.512 TRACE 20712 --- [    Test worker] o.h.type.descriptor.sql.BasicExtractor   : extracted value ([id1_7_] : [BIGINT]) - [79]
2021-03-10 22:37:37.512 TRACE 20712 --- [    Test worker] o.h.type.descriptor.sql.BasicExtractor   : extracted value ([id1_7_] : [BIGINT]) - [80]
2021-03-10 22:37:37.512 TRACE 20712 --- [    Test worker] o.h.type.descriptor.sql.BasicExtractor   : extracted value ([id1_7_] : [BIGINT]) - [81]
2021-03-10 22:37:37.512 TRACE 20712 --- [    Test worker] o.h.type.descriptor.sql.BasicExtractor   : extracted value ([id1_7_] : [BIGINT]) - [82]
2021-03-10 22:37:37.512 TRACE 20712 --- [    Test worker] o.h.type.descriptor.sql.BasicExtractor   : extracted value ([id1_7_] : [BIGINT]) - [83]
2021-03-10 22:37:37.512 TRACE 20712 --- [    Test worker] o.h.type.descriptor.sql.BasicExtractor   : extracted value ([id1_7_] : [BIGINT]) - [84]
2021-03-10 22:37:37.512 TRACE 20712 --- [    Test worker] o.h.type.descriptor.sql.BasicExtractor   : extracted value ([id1_7_] : [BIGINT]) - [85]
2021-03-10 22:37:37.512 TRACE 20712 --- [    Test worker] o.h.type.descriptor.sql.BasicExtractor   : extracted value ([id1_7_] : [BIGINT]) - [86]
2021-03-10 22:37:37.512 TRACE 20712 --- [    Test worker] o.h.type.descriptor.sql.BasicExtractor   : extracted value ([id1_7_] : [BIGINT]) - [87]
2021-03-10 22:37:37.512 TRACE 20712 --- [    Test worker] o.h.type.descriptor.sql.BasicExtractor   : extracted value ([id1_7_] : [BIGINT]) - [88]
2021-03-10 22:37:37.512 TRACE 20712 --- [    Test worker] o.h.type.descriptor.sql.BasicExtractor   : extracted value ([id1_7_] : [BIGINT]) - [89]
2021-03-10 22:37:37.512 TRACE 20712 --- [    Test worker] o.h.type.descriptor.sql.BasicExtractor   : extracted value ([id1_7_] : [BIGINT]) - [90]
2021-03-10 22:37:37.512 TRACE 20712 --- [    Test worker] o.h.type.descriptor.sql.BasicExtractor   : extracted value ([id1_7_] : [BIGINT]) - [91]
2021-03-10 22:37:37.512 TRACE 20712 --- [    Test worker] o.h.type.descriptor.sql.BasicExtractor   : extracted value ([id1_7_] : [BIGINT]) - [92]
2021-03-10 22:37:37.512 TRACE 20712 --- [    Test worker] o.h.type.descriptor.sql.BasicExtractor   : extracted value ([id1_7_] : [BIGINT]) - [93]
2021-03-10 22:37:37.512 TRACE 20712 --- [    Test worker] o.h.type.descriptor.sql.BasicExtractor   : extracted value ([id1_7_] : [BIGINT]) - [94]
2021-03-10 22:37:37.512 TRACE 20712 --- [    Test worker] o.h.type.descriptor.sql.BasicExtractor   : extracted value ([id1_7_] : [BIGINT]) - [95]
2021-03-10 22:37:37.512 TRACE 20712 --- [    Test worker] o.h.type.descriptor.sql.BasicExtractor   : extracted value ([id1_7_] : [BIGINT]) - [96]
2021-03-10 22:37:37.512 TRACE 20712 --- [    Test worker] o.h.type.descriptor.sql.BasicExtractor   : extracted value ([id1_7_] : [BIGINT]) - [97]
2021-03-10 22:37:37.512 TRACE 20712 --- [    Test worker] o.h.type.descriptor.sql.BasicExtractor   : extracted value ([id1_7_] : [BIGINT]) - [98]
2021-03-10 22:37:37.512 TRACE 20712 --- [    Test worker] o.h.type.descriptor.sql.BasicExtractor   : extracted value ([id1_7_] : [BIGINT]) - [99]
2021-03-10 22:37:37.512 TRACE 20712 --- [    Test worker] o.h.type.descriptor.sql.BasicExtractor   : extracted value ([id1_7_] : [BIGINT]) - [100]
2021-03-10 22:37:37.512 TRACE 20712 --- [    Test worker] o.h.type.descriptor.sql.BasicExtractor   : extracted value ([id1_7_] : [BIGINT]) - [101]
2021-03-10 22:37:37.512 TRACE 20712 --- [    Test worker] o.h.type.descriptor.sql.BasicExtractor   : extracted value ([id1_7_] : [BIGINT]) - [102]
2021-03-10 22:37:37.512 TRACE 20712 --- [    Test worker] o.h.type.descriptor.sql.BasicExtractor   : extracted value ([id1_7_] : [BIGINT]) - [103]
2021-03-10 22:37:37.512 TRACE 20712 --- [    Test worker] o.h.type.descriptor.sql.BasicExtractor   : extracted value ([id1_7_] : [BIGINT]) - [104]
2021-03-10 22:37:37.512 TRACE 20712 --- [    Test worker] o.h.type.descriptor.sql.BasicExtractor   : extracted value ([id1_7_] : [BIGINT]) - [105]
2021-03-10 22:37:37.512 TRACE 20712 --- [    Test worker] o.h.type.descriptor.sql.BasicExtractor   : extracted value ([id1_7_] : [BIGINT]) - [106]
2021-03-10 22:37:37.512 TRACE 20712 --- [    Test worker] o.h.type.descriptor.sql.BasicExtractor   : extracted value ([id1_7_] : [BIGINT]) - [107]
2021-03-10 22:37:37.512 TRACE 20712 --- [    Test worker] o.h.type.descriptor.sql.BasicExtractor   : extracted value ([id1_7_] : [BIGINT]) - [108]
2021-03-10 22:37:37.512 TRACE 20712 --- [    Test worker] o.h.type.descriptor.sql.BasicExtractor   : extracted value ([id1_7_] : [BIGINT]) - [109]
2021-03-10 22:37:37.512 TRACE 20712 --- [    Test worker] o.h.type.descriptor.sql.BasicExtractor   : extracted value ([id1_7_] : [BIGINT]) - [110]
2021-03-10 22:37:37.512 TRACE 20712 --- [    Test worker] o.h.type.descriptor.sql.BasicExtractor   : extracted value ([id1_7_] : [BIGINT]) - [111]
2021-03-10 22:37:37.512 TRACE 20712 --- [    Test worker] o.h.type.descriptor.sql.BasicExtractor   : extracted value ([id1_7_] : [BIGINT]) - [112]
2021-03-10 22:37:37.512 TRACE 20712 --- [    Test worker] o.h.type.descriptor.sql.BasicExtractor   : extracted value ([id1_7_] : [BIGINT]) - [113]
2021-03-10 22:37:37.512 TRACE 20712 --- [    Test worker] o.h.type.descriptor.sql.BasicExtractor   : extracted value ([id1_7_] : [BIGINT]) - [114]
2021-03-10 22:37:37.512 TRACE 20712 --- [    Test worker] o.h.type.descriptor.sql.BasicExtractor   : extracted value ([id1_7_] : [BIGINT]) - [115]
2021-03-10 22:37:37.512 TRACE 20712 --- [    Test worker] o.h.type.descriptor.sql.BasicExtractor   : extracted value ([id1_7_] : [BIGINT]) - [116]
2021-03-10 22:37:37.512 TRACE 20712 --- [    Test worker] o.h.type.descriptor.sql.BasicExtractor   : extracted value ([id1_7_] : [BIGINT]) - [117]
2021-03-10 22:37:37.512 TRACE 20712 --- [    Test worker] o.h.type.descriptor.sql.BasicExtractor   : extracted value ([id1_7_] : [BIGINT]) - [118]
2021-03-10 22:37:37.512 TRACE 20712 --- [    Test worker] o.h.type.descriptor.sql.BasicExtractor   : extracted value ([id1_7_] : [BIGINT]) - [119]
2021-03-10 22:37:37.512 TRACE 20712 --- [    Test worker] o.h.type.descriptor.sql.BasicExtractor   : extracted value ([id1_7_] : [BIGINT]) - [120]
2021-03-10 22:37:37.512 TRACE 20712 --- [    Test worker] o.h.type.descriptor.sql.BasicExtractor   : extracted value ([id1_7_] : [BIGINT]) - [121]
2021-03-10 22:37:37.512 TRACE 20712 --- [    Test worker] o.h.type.descriptor.sql.BasicExtractor   : extracted value ([id1_7_] : [BIGINT]) - [122]
2021-03-10 22:37:37.512 TRACE 20712 --- [    Test worker] o.h.type.descriptor.sql.BasicExtractor   : extracted value ([id1_7_] : [BIGINT]) - [123]
2021-03-10 22:37:37.512 TRACE 20712 --- [    Test worker] o.h.type.descriptor.sql.BasicExtractor   : extracted value ([id1_7_] : [BIGINT]) - [124]
2021-03-10 22:37:37.512 TRACE 20712 --- [    Test worker] o.h.type.descriptor.sql.BasicExtractor   : extracted value ([id1_7_] : [BIGINT]) - [125]
2021-03-10 22:37:37.512 TRACE 20712 --- [    Test worker] o.h.type.descriptor.sql.BasicExtractor   : extracted value ([id1_7_] : [BIGINT]) - [126]
2021-03-10 22:37:37.512 TRACE 20712 --- [    Test worker] o.h.type.descriptor.sql.BasicExtractor   : extracted value ([id1_7_] : [BIGINT]) - [127]
2021-03-10 22:37:37.512 TRACE 20712 --- [    Test worker] o.h.type.descriptor.sql.BasicExtractor   : extracted value ([id1_7_] : [BIGINT]) - [128]
2021-03-10 22:37:37.512 TRACE 20712 --- [    Test worker] o.h.type.descriptor.sql.BasicExtractor   : extracted value ([id1_7_] : [BIGINT]) - [129]
2021-03-10 22:37:37.512 TRACE 20712 --- [    Test worker] o.h.type.descriptor.sql.BasicExtractor   : extracted value ([id1_7_] : [BIGINT]) - [130]
2021-03-10 22:37:37.512 TRACE 20712 --- [    Test worker] o.h.type.descriptor.sql.BasicExtractor   : extracted value ([id1_7_] : [BIGINT]) - [131]
2021-03-10 22:37:37.512 TRACE 20712 --- [    Test worker] o.h.type.descriptor.sql.BasicExtractor   : extracted value ([id1_7_] : [BIGINT]) - [132]
2021-03-10 22:37:37.512 TRACE 20712 --- [    Test worker] o.h.type.descriptor.sql.BasicExtractor   : extracted value ([id1_7_] : [BIGINT]) - [133]
2021-03-10 22:37:37.512 TRACE 20712 --- [    Test worker] o.h.type.descriptor.sql.BasicExtractor   : extracted value ([id1_7_] : [BIGINT]) - [134]
2021-03-10 22:37:37.512 TRACE 20712 --- [    Test worker] o.h.type.descriptor.sql.BasicExtractor   : extracted value ([id1_7_] : [BIGINT]) - [135]
2021-03-10 22:37:37.528 TRACE 20712 --- [    Test worker] o.h.type.descriptor.sql.BasicExtractor   : extracted value ([id1_7_] : [BIGINT]) - [136]
2021-03-10 22:37:37.528 TRACE 20712 --- [    Test worker] o.h.type.descriptor.sql.BasicExtractor   : extracted value ([id1_7_] : [BIGINT]) - [137]
2021-03-10 22:37:37.528 TRACE 20712 --- [    Test worker] o.h.type.descriptor.sql.BasicExtractor   : extracted value ([id1_7_] : [BIGINT]) - [138]
2021-03-10 22:37:37.528 TRACE 20712 --- [    Test worker] o.h.type.descriptor.sql.BasicExtractor   : extracted value ([id1_7_] : [BIGINT]) - [139]
2021-03-10 22:37:37.528 TRACE 20712 --- [    Test worker] o.h.type.descriptor.sql.BasicExtractor   : extracted value ([id1_7_] : [BIGINT]) - [140]
2021-03-10 22:37:37.528 TRACE 20712 --- [    Test worker] o.h.type.descriptor.sql.BasicExtractor   : extracted value ([id1_7_] : [BIGINT]) - [141]
2021-03-10 22:37:37.528 TRACE 20712 --- [    Test worker] o.h.type.descriptor.sql.BasicExtractor   : extracted value ([id1_7_] : [BIGINT]) - [142]
2021-03-10 22:37:37.528 TRACE 20712 --- [    Test worker] o.h.type.descriptor.sql.BasicExtractor   : extracted value ([id1_7_] : [BIGINT]) - [143]
2021-03-10 22:37:37.528 TRACE 20712 --- [    Test worker] o.h.type.descriptor.sql.BasicExtractor   : extracted value ([id1_7_] : [BIGINT]) - [144]
2021-03-10 22:37:37.528 TRACE 20712 --- [    Test worker] o.h.type.descriptor.sql.BasicExtractor   : extracted value ([id1_7_] : [BIGINT]) - [145]
Hibernate: 
    select
        zone0_.id as id1_7_,
        zone0_.city as city2_7_,
        zone0_.local_name_of_city as local_na3_7_,
        zone0_.province as province4_7_ 
    from
        zone zone0_
2021-03-10 22:37:37.528 TRACE 20712 --- [    Test worker] o.h.type.descriptor.sql.BasicExtractor   : extracted value ([id1_7_] : [BIGINT]) - [61]
2021-03-10 22:37:37.528 TRACE 20712 --- [    Test worker] o.h.type.descriptor.sql.BasicExtractor   : extracted value ([id1_7_] : [BIGINT]) - [62]
2021-03-10 22:37:37.528 TRACE 20712 --- [    Test worker] o.h.type.descriptor.sql.BasicExtractor   : extracted value ([id1_7_] : [BIGINT]) - [63]
2021-03-10 22:37:37.528 TRACE 20712 --- [    Test worker] o.h.type.descriptor.sql.BasicExtractor   : extracted value ([id1_7_] : [BIGINT]) - [64]
2021-03-10 22:37:37.528 TRACE 20712 --- [    Test worker] o.h.type.descriptor.sql.BasicExtractor   : extracted value ([id1_7_] : [BIGINT]) - [65]
2021-03-10 22:37:37.528 TRACE 20712 --- [    Test worker] o.h.type.descriptor.sql.BasicExtractor   : extracted value ([id1_7_] : [BIGINT]) - [66]
2021-03-10 22:37:37.528 TRACE 20712 --- [    Test worker] o.h.type.descriptor.sql.BasicExtractor   : extracted value ([id1_7_] : [BIGINT]) - [67]
2021-03-10 22:37:37.528 TRACE 20712 --- [    Test worker] o.h.type.descriptor.sql.BasicExtractor   : extracted value ([id1_7_] : [BIGINT]) - [68]
2021-03-10 22:37:37.528 TRACE 20712 --- [    Test worker] o.h.type.descriptor.sql.BasicExtractor   : extracted value ([id1_7_] : [BIGINT]) - [69]
2021-03-10 22:37:37.528 TRACE 20712 --- [    Test worker] o.h.type.descriptor.sql.BasicExtractor   : extracted value ([id1_7_] : [BIGINT]) - [70]
2021-03-10 22:37:37.528 TRACE 20712 --- [    Test worker] o.h.type.descriptor.sql.BasicExtractor   : extracted value ([id1_7_] : [BIGINT]) - [71]
2021-03-10 22:37:37.528 TRACE 20712 --- [    Test worker] o.h.type.descriptor.sql.BasicExtractor   : extracted value ([id1_7_] : [BIGINT]) - [72]
2021-03-10 22:37:37.528 TRACE 20712 --- [    Test worker] o.h.type.descriptor.sql.BasicExtractor   : extracted value ([id1_7_] : [BIGINT]) - [73]
2021-03-10 22:37:37.528 TRACE 20712 --- [    Test worker] o.h.type.descriptor.sql.BasicExtractor   : extracted value ([id1_7_] : [BIGINT]) - [74]
2021-03-10 22:37:37.528 TRACE 20712 --- [    Test worker] o.h.type.descriptor.sql.BasicExtractor   : extracted value ([id1_7_] : [BIGINT]) - [75]
2021-03-10 22:37:37.528 TRACE 20712 --- [    Test worker] o.h.type.descriptor.sql.BasicExtractor   : extracted value ([id1_7_] : [BIGINT]) - [76]
2021-03-10 22:37:37.528 TRACE 20712 --- [    Test worker] o.h.type.descriptor.sql.BasicExtractor   : extracted value ([id1_7_] : [BIGINT]) - [77]
2021-03-10 22:37:37.528 TRACE 20712 --- [    Test worker] o.h.type.descriptor.sql.BasicExtractor   : extracted value ([id1_7_] : [BIGINT]) - [78]
2021-03-10 22:37:37.528 TRACE 20712 --- [    Test worker] o.h.type.descriptor.sql.BasicExtractor   : extracted value ([id1_7_] : [BIGINT]) - [79]
2021-03-10 22:37:37.528 TRACE 20712 --- [    Test worker] o.h.type.descriptor.sql.BasicExtractor   : extracted value ([id1_7_] : [BIGINT]) - [80]
2021-03-10 22:37:37.528 TRACE 20712 --- [    Test worker] o.h.type.descriptor.sql.BasicExtractor   : extracted value ([id1_7_] : [BIGINT]) - [81]
2021-03-10 22:37:37.528 TRACE 20712 --- [    Test worker] o.h.type.descriptor.sql.BasicExtractor   : extracted value ([id1_7_] : [BIGINT]) - [82]
2021-03-10 22:37:37.528 TRACE 20712 --- [    Test worker] o.h.type.descriptor.sql.BasicExtractor   : extracted value ([id1_7_] : [BIGINT]) - [83]
2021-03-10 22:37:37.528 TRACE 20712 --- [    Test worker] o.h.type.descriptor.sql.BasicExtractor   : extracted value ([id1_7_] : [BIGINT]) - [84]
2021-03-10 22:37:37.528 TRACE 20712 --- [    Test worker] o.h.type.descriptor.sql.BasicExtractor   : extracted value ([id1_7_] : [BIGINT]) - [85]
2021-03-10 22:37:37.528 TRACE 20712 --- [    Test worker] o.h.type.descriptor.sql.BasicExtractor   : extracted value ([id1_7_] : [BIGINT]) - [86]
2021-03-10 22:37:37.528 TRACE 20712 --- [    Test worker] o.h.type.descriptor.sql.BasicExtractor   : extracted value ([id1_7_] : [BIGINT]) - [87]
2021-03-10 22:37:37.528 TRACE 20712 --- [    Test worker] o.h.type.descriptor.sql.BasicExtractor   : extracted value ([id1_7_] : [BIGINT]) - [88]
2021-03-10 22:37:37.528 TRACE 20712 --- [    Test worker] o.h.type.descriptor.sql.BasicExtractor   : extracted value ([id1_7_] : [BIGINT]) - [89]
2021-03-10 22:37:37.528 TRACE 20712 --- [    Test worker] o.h.type.descriptor.sql.BasicExtractor   : extracted value ([id1_7_] : [BIGINT]) - [90]
2021-03-10 22:37:37.528 TRACE 20712 --- [    Test worker] o.h.type.descriptor.sql.BasicExtractor   : extracted value ([id1_7_] : [BIGINT]) - [91]
2021-03-10 22:37:37.528 TRACE 20712 --- [    Test worker] o.h.type.descriptor.sql.BasicExtractor   : extracted value ([id1_7_] : [BIGINT]) - [92]
2021-03-10 22:37:37.528 TRACE 20712 --- [    Test worker] o.h.type.descriptor.sql.BasicExtractor   : extracted value ([id1_7_] : [BIGINT]) - [93]
2021-03-10 22:37:37.528 TRACE 20712 --- [    Test worker] o.h.type.descriptor.sql.BasicExtractor   : extracted value ([id1_7_] : [BIGINT]) - [94]
2021-03-10 22:37:37.528 TRACE 20712 --- [    Test worker] o.h.type.descriptor.sql.BasicExtractor   : extracted value ([id1_7_] : [BIGINT]) - [95]
2021-03-10 22:37:37.528 TRACE 20712 --- [    Test worker] o.h.type.descriptor.sql.BasicExtractor   : extracted value ([id1_7_] : [BIGINT]) - [96]
2021-03-10 22:37:37.528 TRACE 20712 --- [    Test worker] o.h.type.descriptor.sql.BasicExtractor   : extracted value ([id1_7_] : [BIGINT]) - [97]
2021-03-10 22:37:37.528 TRACE 20712 --- [    Test worker] o.h.type.descriptor.sql.BasicExtractor   : extracted value ([id1_7_] : [BIGINT]) - [98]
2021-03-10 22:37:37.528 TRACE 20712 --- [    Test worker] o.h.type.descriptor.sql.BasicExtractor   : extracted value ([id1_7_] : [BIGINT]) - [99]
2021-03-10 22:37:37.528 TRACE 20712 --- [    Test worker] o.h.type.descriptor.sql.BasicExtractor   : extracted value ([id1_7_] : [BIGINT]) - [100]
2021-03-10 22:37:37.528 TRACE 20712 --- [    Test worker] o.h.type.descriptor.sql.BasicExtractor   : extracted value ([id1_7_] : [BIGINT]) - [101]
2021-03-10 22:37:37.528 TRACE 20712 --- [    Test worker] o.h.type.descriptor.sql.BasicExtractor   : extracted value ([id1_7_] : [BIGINT]) - [102]
2021-03-10 22:37:37.528 TRACE 20712 --- [    Test worker] o.h.type.descriptor.sql.BasicExtractor   : extracted value ([id1_7_] : [BIGINT]) - [103]
2021-03-10 22:37:37.528 TRACE 20712 --- [    Test worker] o.h.type.descriptor.sql.BasicExtractor   : extracted value ([id1_7_] : [BIGINT]) - [104]
2021-03-10 22:37:37.528 TRACE 20712 --- [    Test worker] o.h.type.descriptor.sql.BasicExtractor   : extracted value ([id1_7_] : [BIGINT]) - [105]
2021-03-10 22:37:37.528 TRACE 20712 --- [    Test worker] o.h.type.descriptor.sql.BasicExtractor   : extracted value ([id1_7_] : [BIGINT]) - [106]
2021-03-10 22:37:37.528 TRACE 20712 --- [    Test worker] o.h.type.descriptor.sql.BasicExtractor   : extracted value ([id1_7_] : [BIGINT]) - [107]
2021-03-10 22:37:37.528 TRACE 20712 --- [    Test worker] o.h.type.descriptor.sql.BasicExtractor   : extracted value ([id1_7_] : [BIGINT]) - [108]
2021-03-10 22:37:37.528 TRACE 20712 --- [    Test worker] o.h.type.descriptor.sql.BasicExtractor   : extracted value ([id1_7_] : [BIGINT]) - [109]
2021-03-10 22:37:37.528 TRACE 20712 --- [    Test worker] o.h.type.descriptor.sql.BasicExtractor   : extracted value ([id1_7_] : [BIGINT]) - [110]
2021-03-10 22:37:37.528 TRACE 20712 --- [    Test worker] o.h.type.descriptor.sql.BasicExtractor   : extracted value ([id1_7_] : [BIGINT]) - [111]
2021-03-10 22:37:37.528 TRACE 20712 --- [    Test worker] o.h.type.descriptor.sql.BasicExtractor   : extracted value ([id1_7_] : [BIGINT]) - [112]
2021-03-10 22:37:37.528 TRACE 20712 --- [    Test worker] o.h.type.descriptor.sql.BasicExtractor   : extracted value ([id1_7_] : [BIGINT]) - [113]
2021-03-10 22:37:37.528 TRACE 20712 --- [    Test worker] o.h.type.descriptor.sql.BasicExtractor   : extracted value ([id1_7_] : [BIGINT]) - [114]
2021-03-10 22:37:37.528 TRACE 20712 --- [    Test worker] o.h.type.descriptor.sql.BasicExtractor   : extracted value ([id1_7_] : [BIGINT]) - [115]
2021-03-10 22:37:37.528 TRACE 20712 --- [    Test worker] o.h.type.descriptor.sql.BasicExtractor   : extracted value ([id1_7_] : [BIGINT]) - [116]
2021-03-10 22:37:37.528 TRACE 20712 --- [    Test worker] o.h.type.descriptor.sql.BasicExtractor   : extracted value ([id1_7_] : [BIGINT]) - [117]
2021-03-10 22:37:37.528 TRACE 20712 --- [    Test worker] o.h.type.descriptor.sql.BasicExtractor   : extracted value ([id1_7_] : [BIGINT]) - [118]
2021-03-10 22:37:37.528 TRACE 20712 --- [    Test worker] o.h.type.descriptor.sql.BasicExtractor   : extracted value ([id1_7_] : [BIGINT]) - [119]
2021-03-10 22:37:37.528 TRACE 20712 --- [    Test worker] o.h.type.descriptor.sql.BasicExtractor   : extracted value ([id1_7_] : [BIGINT]) - [120]
2021-03-10 22:37:37.528 TRACE 20712 --- [    Test worker] o.h.type.descriptor.sql.BasicExtractor   : extracted value ([id1_7_] : [BIGINT]) - [121]
2021-03-10 22:37:37.528 TRACE 20712 --- [    Test worker] o.h.type.descriptor.sql.BasicExtractor   : extracted value ([id1_7_] : [BIGINT]) - [122]
2021-03-10 22:37:37.528 TRACE 20712 --- [    Test worker] o.h.type.descriptor.sql.BasicExtractor   : extracted value ([id1_7_] : [BIGINT]) - [123]
2021-03-10 22:37:37.528 TRACE 20712 --- [    Test worker] o.h.type.descriptor.sql.BasicExtractor   : extracted value ([id1_7_] : [BIGINT]) - [124]
2021-03-10 22:37:37.528 TRACE 20712 --- [    Test worker] o.h.type.descriptor.sql.BasicExtractor   : extracted value ([id1_7_] : [BIGINT]) - [125]
2021-03-10 22:37:37.528 TRACE 20712 --- [    Test worker] o.h.type.descriptor.sql.BasicExtractor   : extracted value ([id1_7_] : [BIGINT]) - [126]
2021-03-10 22:37:37.528 TRACE 20712 --- [    Test worker] o.h.type.descriptor.sql.BasicExtractor   : extracted value ([id1_7_] : [BIGINT]) - [127]
2021-03-10 22:37:37.528 TRACE 20712 --- [    Test worker] o.h.type.descriptor.sql.BasicExtractor   : extracted value ([id1_7_] : [BIGINT]) - [128]
2021-03-10 22:37:37.528 TRACE 20712 --- [    Test worker] o.h.type.descriptor.sql.BasicExtractor   : extracted value ([id1_7_] : [BIGINT]) - [129]
2021-03-10 22:37:37.528 TRACE 20712 --- [    Test worker] o.h.type.descriptor.sql.BasicExtractor   : extracted value ([id1_7_] : [BIGINT]) - [130]
2021-03-10 22:37:37.528 TRACE 20712 --- [    Test worker] o.h.type.descriptor.sql.BasicExtractor   : extracted value ([id1_7_] : [BIGINT]) - [131]
2021-03-10 22:37:37.528 TRACE 20712 --- [    Test worker] o.h.type.descriptor.sql.BasicExtractor   : extracted value ([id1_7_] : [BIGINT]) - [132]
2021-03-10 22:37:37.528 TRACE 20712 --- [    Test worker] o.h.type.descriptor.sql.BasicExtractor   : extracted value ([id1_7_] : [BIGINT]) - [133]
2021-03-10 22:37:37.528 TRACE 20712 --- [    Test worker] o.h.type.descriptor.sql.BasicExtractor   : extracted value ([id1_7_] : [BIGINT]) - [134]
2021-03-10 22:37:37.528 TRACE 20712 --- [    Test worker] o.h.type.descriptor.sql.BasicExtractor   : extracted value ([id1_7_] : [BIGINT]) - [135]
2021-03-10 22:37:37.528 TRACE 20712 --- [    Test worker] o.h.type.descriptor.sql.BasicExtractor   : extracted value ([id1_7_] : [BIGINT]) - [136]
2021-03-10 22:37:37.528 TRACE 20712 --- [    Test worker] o.h.type.descriptor.sql.BasicExtractor   : extracted value ([id1_7_] : [BIGINT]) - [137]
2021-03-10 22:37:37.528 TRACE 20712 --- [    Test worker] o.h.type.descriptor.sql.BasicExtractor   : extracted value ([id1_7_] : [BIGINT]) - [138]
2021-03-10 22:37:37.528 TRACE 20712 --- [    Test worker] o.h.type.descriptor.sql.BasicExtractor   : extracted value ([id1_7_] : [BIGINT]) - [139]
2021-03-10 22:37:37.528 TRACE 20712 --- [    Test worker] o.h.type.descriptor.sql.BasicExtractor   : extracted value ([id1_7_] : [BIGINT]) - [140]
2021-03-10 22:37:37.528 TRACE 20712 --- [    Test worker] o.h.type.descriptor.sql.BasicExtractor   : extracted value ([id1_7_] : [BIGINT]) - [141]
2021-03-10 22:37:37.528 TRACE 20712 --- [    Test worker] o.h.type.descriptor.sql.BasicExtractor   : extracted value ([id1_7_] : [BIGINT]) - [142]
2021-03-10 22:37:37.528 TRACE 20712 --- [    Test worker] o.h.type.descriptor.sql.BasicExtractor   : extracted value ([id1_7_] : [BIGINT]) - [143]
2021-03-10 22:37:37.528 TRACE 20712 --- [    Test worker] o.h.type.descriptor.sql.BasicExtractor   : extracted value ([id1_7_] : [BIGINT]) - [144]
2021-03-10 22:37:37.528 TRACE 20712 --- [    Test worker] o.h.type.descriptor.sql.BasicExtractor   : extracted value ([id1_7_] : [BIGINT]) - [145]
Hibernate: 
    select
        zone0_.id as id1_7_,
        zone0_.city as city2_7_,
        zone0_.local_name_of_city as local_na3_7_,
        zone0_.province as province4_7_ 
    from
        zone zone0_
2021-03-10 22:37:37.528 TRACE 20712 --- [    Test worker] o.h.type.descriptor.sql.BasicExtractor   : extracted value ([id1_7_] : [BIGINT]) - [61]
2021-03-10 22:37:37.528 TRACE 20712 --- [    Test worker] o.h.type.descriptor.sql.BasicExtractor   : extracted value ([id1_7_] : [BIGINT]) - [62]
2021-03-10 22:37:37.528 TRACE 20712 --- [    Test worker] o.h.type.descriptor.sql.BasicExtractor   : extracted value ([id1_7_] : [BIGINT]) - [63]
2021-03-10 22:37:37.528 TRACE 20712 --- [    Test worker] o.h.type.descriptor.sql.BasicExtractor   : extracted value ([id1_7_] : [BIGINT]) - [64]
2021-03-10 22:37:37.528 TRACE 20712 --- [    Test worker] o.h.type.descriptor.sql.BasicExtractor   : extracted value ([id1_7_] : [BIGINT]) - [65]
2021-03-10 22:37:37.528 TRACE 20712 --- [    Test worker] o.h.type.descriptor.sql.BasicExtractor   : extracted value ([id1_7_] : [BIGINT]) - [66]
2021-03-10 22:37:37.528 TRACE 20712 --- [    Test worker] o.h.type.descriptor.sql.BasicExtractor   : extracted value ([id1_7_] : [BIGINT]) - [67]
2021-03-10 22:37:37.528 TRACE 20712 --- [    Test worker] o.h.type.descriptor.sql.BasicExtractor   : extracted value ([id1_7_] : [BIGINT]) - [68]
2021-03-10 22:37:37.528 TRACE 20712 --- [    Test worker] o.h.type.descriptor.sql.BasicExtractor   : extracted value ([id1_7_] : [BIGINT]) - [69]
2021-03-10 22:37:37.528 TRACE 20712 --- [    Test worker] o.h.type.descriptor.sql.BasicExtractor   : extracted value ([id1_7_] : [BIGINT]) - [70]
2021-03-10 22:37:37.528 TRACE 20712 --- [    Test worker] o.h.type.descriptor.sql.BasicExtractor   : extracted value ([id1_7_] : [BIGINT]) - [71]
2021-03-10 22:37:37.528 TRACE 20712 --- [    Test worker] o.h.type.descriptor.sql.BasicExtractor   : extracted value ([id1_7_] : [BIGINT]) - [72]
2021-03-10 22:37:37.528 TRACE 20712 --- [    Test worker] o.h.type.descriptor.sql.BasicExtractor   : extracted value ([id1_7_] : [BIGINT]) - [73]
2021-03-10 22:37:37.528 TRACE 20712 --- [    Test worker] o.h.type.descriptor.sql.BasicExtractor   : extracted value ([id1_7_] : [BIGINT]) - [74]
2021-03-10 22:37:37.528 TRACE 20712 --- [    Test worker] o.h.type.descriptor.sql.BasicExtractor   : extracted value ([id1_7_] : [BIGINT]) - [75]
2021-03-10 22:37:37.528 TRACE 20712 --- [    Test worker] o.h.type.descriptor.sql.BasicExtractor   : extracted value ([id1_7_] : [BIGINT]) - [76]
2021-03-10 22:37:37.528 TRACE 20712 --- [    Test worker] o.h.type.descriptor.sql.BasicExtractor   : extracted value ([id1_7_] : [BIGINT]) - [77]
2021-03-10 22:37:37.528 TRACE 20712 --- [    Test worker] o.h.type.descriptor.sql.BasicExtractor   : extracted value ([id1_7_] : [BIGINT]) - [78]
2021-03-10 22:37:37.528 TRACE 20712 --- [    Test worker] o.h.type.descriptor.sql.BasicExtractor   : extracted value ([id1_7_] : [BIGINT]) - [79]
2021-03-10 22:37:37.528 TRACE 20712 --- [    Test worker] o.h.type.descriptor.sql.BasicExtractor   : extracted value ([id1_7_] : [BIGINT]) - [80]
2021-03-10 22:37:37.528 TRACE 20712 --- [    Test worker] o.h.type.descriptor.sql.BasicExtractor   : extracted value ([id1_7_] : [BIGINT]) - [81]
2021-03-10 22:37:37.528 TRACE 20712 --- [    Test worker] o.h.type.descriptor.sql.BasicExtractor   : extracted value ([id1_7_] : [BIGINT]) - [82]
2021-03-10 22:37:37.528 TRACE 20712 --- [    Test worker] o.h.type.descriptor.sql.BasicExtractor   : extracted value ([id1_7_] : [BIGINT]) - [83]
2021-03-10 22:37:37.528 TRACE 20712 --- [    Test worker] o.h.type.descriptor.sql.BasicExtractor   : extracted value ([id1_7_] : [BIGINT]) - [84]
2021-03-10 22:37:37.528 TRACE 20712 --- [    Test worker] o.h.type.descriptor.sql.BasicExtractor   : extracted value ([id1_7_] : [BIGINT]) - [85]
2021-03-10 22:37:37.528 TRACE 20712 --- [    Test worker] o.h.type.descriptor.sql.BasicExtractor   : extracted value ([id1_7_] : [BIGINT]) - [86]
2021-03-10 22:37:37.528 TRACE 20712 --- [    Test worker] o.h.type.descriptor.sql.BasicExtractor   : extracted value ([id1_7_] : [BIGINT]) - [87]
2021-03-10 22:37:37.528 TRACE 20712 --- [    Test worker] o.h.type.descriptor.sql.BasicExtractor   : extracted value ([id1_7_] : [BIGINT]) - [88]
2021-03-10 22:37:37.528 TRACE 20712 --- [    Test worker] o.h.type.descriptor.sql.BasicExtractor   : extracted value ([id1_7_] : [BIGINT]) - [89]
2021-03-10 22:37:37.528 TRACE 20712 --- [    Test worker] o.h.type.descriptor.sql.BasicExtractor   : extracted value ([id1_7_] : [BIGINT]) - [90]
2021-03-10 22:37:37.528 TRACE 20712 --- [    Test worker] o.h.type.descriptor.sql.BasicExtractor   : extracted value ([id1_7_] : [BIGINT]) - [91]
2021-03-10 22:37:37.528 TRACE 20712 --- [    Test worker] o.h.type.descriptor.sql.BasicExtractor   : extracted value ([id1_7_] : [BIGINT]) - [92]
2021-03-10 22:37:37.528 TRACE 20712 --- [    Test worker] o.h.type.descriptor.sql.BasicExtractor   : extracted value ([id1_7_] : [BIGINT]) - [93]
2021-03-10 22:37:37.528 TRACE 20712 --- [    Test worker] o.h.type.descriptor.sql.BasicExtractor   : extracted value ([id1_7_] : [BIGINT]) - [94]
2021-03-10 22:37:37.528 TRACE 20712 --- [    Test worker] o.h.type.descriptor.sql.BasicExtractor   : extracted value ([id1_7_] : [BIGINT]) - [95]
2021-03-10 22:37:37.528 TRACE 20712 --- [    Test worker] o.h.type.descriptor.sql.BasicExtractor   : extracted value ([id1_7_] : [BIGINT]) - [96]
2021-03-10 22:37:37.528 TRACE 20712 --- [    Test worker] o.h.type.descriptor.sql.BasicExtractor   : extracted value ([id1_7_] : [BIGINT]) - [97]
2021-03-10 22:37:37.528 TRACE 20712 --- [    Test worker] o.h.type.descriptor.sql.BasicExtractor   : extracted value ([id1_7_] : [BIGINT]) - [98]
2021-03-10 22:37:37.528 TRACE 20712 --- [    Test worker] o.h.type.descriptor.sql.BasicExtractor   : extracted value ([id1_7_] : [BIGINT]) - [99]
2021-03-10 22:37:37.528 TRACE 20712 --- [    Test worker] o.h.type.descriptor.sql.BasicExtractor   : extracted value ([id1_7_] : [BIGINT]) - [100]
2021-03-10 22:37:37.528 TRACE 20712 --- [    Test worker] o.h.type.descriptor.sql.BasicExtractor   : extracted value ([id1_7_] : [BIGINT]) - [101]
2021-03-10 22:37:37.528 TRACE 20712 --- [    Test worker] o.h.type.descriptor.sql.BasicExtractor   : extracted value ([id1_7_] : [BIGINT]) - [102]
2021-03-10 22:37:37.528 TRACE 20712 --- [    Test worker] o.h.type.descriptor.sql.BasicExtractor   : extracted value ([id1_7_] : [BIGINT]) - [103]
2021-03-10 22:37:37.528 TRACE 20712 --- [    Test worker] o.h.type.descriptor.sql.BasicExtractor   : extracted value ([id1_7_] : [BIGINT]) - [104]
2021-03-10 22:37:37.528 TRACE 20712 --- [    Test worker] o.h.type.descriptor.sql.BasicExtractor   : extracted value ([id1_7_] : [BIGINT]) - [105]
2021-03-10 22:37:37.528 TRACE 20712 --- [    Test worker] o.h.type.descriptor.sql.BasicExtractor   : extracted value ([id1_7_] : [BIGINT]) - [106]
2021-03-10 22:37:37.528 TRACE 20712 --- [    Test worker] o.h.type.descriptor.sql.BasicExtractor   : extracted value ([id1_7_] : [BIGINT]) - [107]
2021-03-10 22:37:37.528 TRACE 20712 --- [    Test worker] o.h.type.descriptor.sql.BasicExtractor   : extracted value ([id1_7_] : [BIGINT]) - [108]
2021-03-10 22:37:37.528 TRACE 20712 --- [    Test worker] o.h.type.descriptor.sql.BasicExtractor   : extracted value ([id1_7_] : [BIGINT]) - [109]
2021-03-10 22:37:37.528 TRACE 20712 --- [    Test worker] o.h.type.descriptor.sql.BasicExtractor   : extracted value ([id1_7_] : [BIGINT]) - [110]
2021-03-10 22:37:37.528 TRACE 20712 --- [    Test worker] o.h.type.descriptor.sql.BasicExtractor   : extracted value ([id1_7_] : [BIGINT]) - [111]
2021-03-10 22:37:37.528 TRACE 20712 --- [    Test worker] o.h.type.descriptor.sql.BasicExtractor   : extracted value ([id1_7_] : [BIGINT]) - [112]
2021-03-10 22:37:37.528 TRACE 20712 --- [    Test worker] o.h.type.descriptor.sql.BasicExtractor   : extracted value ([id1_7_] : [BIGINT]) - [113]
2021-03-10 22:37:37.528 TRACE 20712 --- [    Test worker] o.h.type.descriptor.sql.BasicExtractor   : extracted value ([id1_7_] : [BIGINT]) - [114]
2021-03-10 22:37:37.528 TRACE 20712 --- [    Test worker] o.h.type.descriptor.sql.BasicExtractor   : extracted value ([id1_7_] : [BIGINT]) - [115]
2021-03-10 22:37:37.528 TRACE 20712 --- [    Test worker] o.h.type.descriptor.sql.BasicExtractor   : extracted value ([id1_7_] : [BIGINT]) - [116]
2021-03-10 22:37:37.528 TRACE 20712 --- [    Test worker] o.h.type.descriptor.sql.BasicExtractor   : extracted value ([id1_7_] : [BIGINT]) - [117]
2021-03-10 22:37:37.528 TRACE 20712 --- [    Test worker] o.h.type.descriptor.sql.BasicExtractor   : extracted value ([id1_7_] : [BIGINT]) - [118]
2021-03-10 22:37:37.528 TRACE 20712 --- [    Test worker] o.h.type.descriptor.sql.BasicExtractor   : extracted value ([id1_7_] : [BIGINT]) - [119]
2021-03-10 22:37:37.528 TRACE 20712 --- [    Test worker] o.h.type.descriptor.sql.BasicExtractor   : extracted value ([id1_7_] : [BIGINT]) - [120]
2021-03-10 22:37:37.528 TRACE 20712 --- [    Test worker] o.h.type.descriptor.sql.BasicExtractor   : extracted value ([id1_7_] : [BIGINT]) - [121]
2021-03-10 22:37:37.528 TRACE 20712 --- [    Test worker] o.h.type.descriptor.sql.BasicExtractor   : extracted value ([id1_7_] : [BIGINT]) - [122]
2021-03-10 22:37:37.528 TRACE 20712 --- [    Test worker] o.h.type.descriptor.sql.BasicExtractor   : extracted value ([id1_7_] : [BIGINT]) - [123]
2021-03-10 22:37:37.528 TRACE 20712 --- [    Test worker] o.h.type.descriptor.sql.BasicExtractor   : extracted value ([id1_7_] : [BIGINT]) - [124]
2021-03-10 22:37:37.528 TRACE 20712 --- [    Test worker] o.h.type.descriptor.sql.BasicExtractor   : extracted value ([id1_7_] : [BIGINT]) - [125]
2021-03-10 22:37:37.528 TRACE 20712 --- [    Test worker] o.h.type.descriptor.sql.BasicExtractor   : extracted value ([id1_7_] : [BIGINT]) - [126]
2021-03-10 22:37:37.528 TRACE 20712 --- [    Test worker] o.h.type.descriptor.sql.BasicExtractor   : extracted value ([id1_7_] : [BIGINT]) - [127]
2021-03-10 22:37:37.528 TRACE 20712 --- [    Test worker] o.h.type.descriptor.sql.BasicExtractor   : extracted value ([id1_7_] : [BIGINT]) - [128]
2021-03-10 22:37:37.528 TRACE 20712 --- [    Test worker] o.h.type.descriptor.sql.BasicExtractor   : extracted value ([id1_7_] : [BIGINT]) - [129]
2021-03-10 22:37:37.528 TRACE 20712 --- [    Test worker] o.h.type.descriptor.sql.BasicExtractor   : extracted value ([id1_7_] : [BIGINT]) - [130]
2021-03-10 22:37:37.528 TRACE 20712 --- [    Test worker] o.h.type.descriptor.sql.BasicExtractor   : extracted value ([id1_7_] : [BIGINT]) - [131]
2021-03-10 22:37:37.528 TRACE 20712 --- [    Test worker] o.h.type.descriptor.sql.BasicExtractor   : extracted value ([id1_7_] : [BIGINT]) - [132]
2021-03-10 22:37:37.528 TRACE 20712 --- [    Test worker] o.h.type.descriptor.sql.BasicExtractor   : extracted value ([id1_7_] : [BIGINT]) - [133]
2021-03-10 22:37:37.528 TRACE 20712 --- [    Test worker] o.h.type.descriptor.sql.BasicExtractor   : extracted value ([id1_7_] : [BIGINT]) - [134]
2021-03-10 22:37:37.528 TRACE 20712 --- [    Test worker] o.h.type.descriptor.sql.BasicExtractor   : extracted value ([id1_7_] : [BIGINT]) - [135]
2021-03-10 22:37:37.528 TRACE 20712 --- [    Test worker] o.h.type.descriptor.sql.BasicExtractor   : extracted value ([id1_7_] : [BIGINT]) - [136]
2021-03-10 22:37:37.528 TRACE 20712 --- [    Test worker] o.h.type.descriptor.sql.BasicExtractor   : extracted value ([id1_7_] : [BIGINT]) - [137]
2021-03-10 22:37:37.528 TRACE 20712 --- [    Test worker] o.h.type.descriptor.sql.BasicExtractor   : extracted value ([id1_7_] : [BIGINT]) - [138]
2021-03-10 22:37:37.528 TRACE 20712 --- [    Test worker] o.h.type.descriptor.sql.BasicExtractor   : extracted value ([id1_7_] : [BIGINT]) - [139]
2021-03-10 22:37:37.528 TRACE 20712 --- [    Test worker] o.h.type.descriptor.sql.BasicExtractor   : extracted value ([id1_7_] : [BIGINT]) - [140]
2021-03-10 22:37:37.528 TRACE 20712 --- [    Test worker] o.h.type.descriptor.sql.BasicExtractor   : extracted value ([id1_7_] : [BIGINT]) - [141]
2021-03-10 22:37:37.528 TRACE 20712 --- [    Test worker] o.h.type.descriptor.sql.BasicExtractor   : extracted value ([id1_7_] : [BIGINT]) - [142]
2021-03-10 22:37:37.528 TRACE 20712 --- [    Test worker] o.h.type.descriptor.sql.BasicExtractor   : extracted value ([id1_7_] : [BIGINT]) - [143]
2021-03-10 22:37:37.528 TRACE 20712 --- [    Test worker] o.h.type.descriptor.sql.BasicExtractor   : extracted value ([id1_7_] : [BIGINT]) - [144]
2021-03-10 22:37:37.528 TRACE 20712 --- [    Test worker] o.h.type.descriptor.sql.BasicExtractor   : extracted value ([id1_7_] : [BIGINT]) - [145]
Hibernate: 
    select
        zone0_.id as id1_7_,
        zone0_.city as city2_7_,
        zone0_.local_name_of_city as local_na3_7_,
        zone0_.province as province4_7_ 
    from
        zone zone0_
2021-03-10 22:37:37.528 TRACE 20712 --- [    Test worker] o.h.type.descriptor.sql.BasicExtractor   : extracted value ([id1_7_] : [BIGINT]) - [61]
2021-03-10 22:37:37.528 TRACE 20712 --- [    Test worker] o.h.type.descriptor.sql.BasicExtractor   : extracted value ([id1_7_] : [BIGINT]) - [62]
2021-03-10 22:37:37.528 TRACE 20712 --- [    Test worker] o.h.type.descriptor.sql.BasicExtractor   : extracted value ([id1_7_] : [BIGINT]) - [63]
2021-03-10 22:37:37.528 TRACE 20712 --- [    Test worker] o.h.type.descriptor.sql.BasicExtractor   : extracted value ([id1_7_] : [BIGINT]) - [64]
2021-03-10 22:37:37.528 TRACE 20712 --- [    Test worker] o.h.type.descriptor.sql.BasicExtractor   : extracted value ([id1_7_] : [BIGINT]) - [65]
2021-03-10 22:37:37.528 TRACE 20712 --- [    Test worker] o.h.type.descriptor.sql.BasicExtractor   : extracted value ([id1_7_] : [BIGINT]) - [66]
2021-03-10 22:37:37.528 TRACE 20712 --- [    Test worker] o.h.type.descriptor.sql.BasicExtractor   : extracted value ([id1_7_] : [BIGINT]) - [67]
2021-03-10 22:37:37.528 TRACE 20712 --- [    Test worker] o.h.type.descriptor.sql.BasicExtractor   : extracted value ([id1_7_] : [BIGINT]) - [68]
2021-03-10 22:37:37.528 TRACE 20712 --- [    Test worker] o.h.type.descriptor.sql.BasicExtractor   : extracted value ([id1_7_] : [BIGINT]) - [69]
2021-03-10 22:37:37.528 TRACE 20712 --- [    Test worker] o.h.type.descriptor.sql.BasicExtractor   : extracted value ([id1_7_] : [BIGINT]) - [70]
2021-03-10 22:37:37.528 TRACE 20712 --- [    Test worker] o.h.type.descriptor.sql.BasicExtractor   : extracted value ([id1_7_] : [BIGINT]) - [71]
2021-03-10 22:37:37.528 TRACE 20712 --- [    Test worker] o.h.type.descriptor.sql.BasicExtractor   : extracted value ([id1_7_] : [BIGINT]) - [72]
2021-03-10 22:37:37.528 TRACE 20712 --- [    Test worker] o.h.type.descriptor.sql.BasicExtractor   : extracted value ([id1_7_] : [BIGINT]) - [73]
2021-03-10 22:37:37.528 TRACE 20712 --- [    Test worker] o.h.type.descriptor.sql.BasicExtractor   : extracted value ([id1_7_] : [BIGINT]) - [74]
2021-03-10 22:37:37.528 TRACE 20712 --- [    Test worker] o.h.type.descriptor.sql.BasicExtractor   : extracted value ([id1_7_] : [BIGINT]) - [75]
2021-03-10 22:37:37.528 TRACE 20712 --- [    Test worker] o.h.type.descriptor.sql.BasicExtractor   : extracted value ([id1_7_] : [BIGINT]) - [76]
2021-03-10 22:37:37.528 TRACE 20712 --- [    Test worker] o.h.type.descriptor.sql.BasicExtractor   : extracted value ([id1_7_] : [BIGINT]) - [77]
2021-03-10 22:37:37.528 TRACE 20712 --- [    Test worker] o.h.type.descriptor.sql.BasicExtractor   : extracted value ([id1_7_] : [BIGINT]) - [78]
2021-03-10 22:37:37.528 TRACE 20712 --- [    Test worker] o.h.type.descriptor.sql.BasicExtractor   : extracted value ([id1_7_] : [BIGINT]) - [79]
2021-03-10 22:37:37.528 TRACE 20712 --- [    Test worker] o.h.type.descriptor.sql.BasicExtractor   : extracted value ([id1_7_] : [BIGINT]) - [80]
2021-03-10 22:37:37.528 TRACE 20712 --- [    Test worker] o.h.type.descriptor.sql.BasicExtractor   : extracted value ([id1_7_] : [BIGINT]) - [81]
2021-03-10 22:37:37.528 TRACE 20712 --- [    Test worker] o.h.type.descriptor.sql.BasicExtractor   : extracted value ([id1_7_] : [BIGINT]) - [82]
2021-03-10 22:37:37.528 TRACE 20712 --- [    Test worker] o.h.type.descriptor.sql.BasicExtractor   : extracted value ([id1_7_] : [BIGINT]) - [83]
2021-03-10 22:37:37.528 TRACE 20712 --- [    Test worker] o.h.type.descriptor.sql.BasicExtractor   : extracted value ([id1_7_] : [BIGINT]) - [84]
2021-03-10 22:37:37.528 TRACE 20712 --- [    Test worker] o.h.type.descriptor.sql.BasicExtractor   : extracted value ([id1_7_] : [BIGINT]) - [85]
2021-03-10 22:37:37.528 TRACE 20712 --- [    Test worker] o.h.type.descriptor.sql.BasicExtractor   : extracted value ([id1_7_] : [BIGINT]) - [86]
2021-03-10 22:37:37.528 TRACE 20712 --- [    Test worker] o.h.type.descriptor.sql.BasicExtractor   : extracted value ([id1_7_] : [BIGINT]) - [87]
2021-03-10 22:37:37.528 TRACE 20712 --- [    Test worker] o.h.type.descriptor.sql.BasicExtractor   : extracted value ([id1_7_] : [BIGINT]) - [88]
2021-03-10 22:37:37.528 TRACE 20712 --- [    Test worker] o.h.type.descriptor.sql.BasicExtractor   : extracted value ([id1_7_] : [BIGINT]) - [89]
2021-03-10 22:37:37.528 TRACE 20712 --- [    Test worker] o.h.type.descriptor.sql.BasicExtractor   : extracted value ([id1_7_] : [BIGINT]) - [90]
2021-03-10 22:37:37.528 TRACE 20712 --- [    Test worker] o.h.type.descriptor.sql.BasicExtractor   : extracted value ([id1_7_] : [BIGINT]) - [91]
2021-03-10 22:37:37.528 TRACE 20712 --- [    Test worker] o.h.type.descriptor.sql.BasicExtractor   : extracted value ([id1_7_] : [BIGINT]) - [92]
2021-03-10 22:37:37.528 TRACE 20712 --- [    Test worker] o.h.type.descriptor.sql.BasicExtractor   : extracted value ([id1_7_] : [BIGINT]) - [93]
2021-03-10 22:37:37.528 TRACE 20712 --- [    Test worker] o.h.type.descriptor.sql.BasicExtractor   : extracted value ([id1_7_] : [BIGINT]) - [94]
2021-03-10 22:37:37.528 TRACE 20712 --- [    Test worker] o.h.type.descriptor.sql.BasicExtractor   : extracted value ([id1_7_] : [BIGINT]) - [95]
2021-03-10 22:37:37.528 TRACE 20712 --- [    Test worker] o.h.type.descriptor.sql.BasicExtractor   : extracted value ([id1_7_] : [BIGINT]) - [96]
2021-03-10 22:37:37.528 TRACE 20712 --- [    Test worker] o.h.type.descriptor.sql.BasicExtractor   : extracted value ([id1_7_] : [BIGINT]) - [97]
2021-03-10 22:37:37.528 TRACE 20712 --- [    Test worker] o.h.type.descriptor.sql.BasicExtractor   : extracted value ([id1_7_] : [BIGINT]) - [98]
2021-03-10 22:37:37.528 TRACE 20712 --- [    Test worker] o.h.type.descriptor.sql.BasicExtractor   : extracted value ([id1_7_] : [BIGINT]) - [99]
2021-03-10 22:37:37.528 TRACE 20712 --- [    Test worker] o.h.type.descriptor.sql.BasicExtractor   : extracted value ([id1_7_] : [BIGINT]) - [100]
2021-03-10 22:37:37.528 TRACE 20712 --- [    Test worker] o.h.type.descriptor.sql.BasicExtractor   : extracted value ([id1_7_] : [BIGINT]) - [101]
2021-03-10 22:37:37.528 TRACE 20712 --- [    Test worker] o.h.type.descriptor.sql.BasicExtractor   : extracted value ([id1_7_] : [BIGINT]) - [102]
2021-03-10 22:37:37.528 TRACE 20712 --- [    Test worker] o.h.type.descriptor.sql.BasicExtractor   : extracted value ([id1_7_] : [BIGINT]) - [103]
2021-03-10 22:37:37.528 TRACE 20712 --- [    Test worker] o.h.type.descriptor.sql.BasicExtractor   : extracted value ([id1_7_] : [BIGINT]) - [104]
2021-03-10 22:37:37.528 TRACE 20712 --- [    Test worker] o.h.type.descriptor.sql.BasicExtractor   : extracted value ([id1_7_] : [BIGINT]) - [105]
2021-03-10 22:37:37.528 TRACE 20712 --- [    Test worker] o.h.type.descriptor.sql.BasicExtractor   : extracted value ([id1_7_] : [BIGINT]) - [106]
2021-03-10 22:37:37.528 TRACE 20712 --- [    Test worker] o.h.type.descriptor.sql.BasicExtractor   : extracted value ([id1_7_] : [BIGINT]) - [107]
2021-03-10 22:37:37.528 TRACE 20712 --- [    Test worker] o.h.type.descriptor.sql.BasicExtractor   : extracted value ([id1_7_] : [BIGINT]) - [108]
2021-03-10 22:37:37.528 TRACE 20712 --- [    Test worker] o.h.type.descriptor.sql.BasicExtractor   : extracted value ([id1_7_] : [BIGINT]) - [109]
2021-03-10 22:37:37.528 TRACE 20712 --- [    Test worker] o.h.type.descriptor.sql.BasicExtractor   : extracted value ([id1_7_] : [BIGINT]) - [110]
2021-03-10 22:37:37.528 TRACE 20712 --- [    Test worker] o.h.type.descriptor.sql.BasicExtractor   : extracted value ([id1_7_] : [BIGINT]) - [111]
2021-03-10 22:37:37.528 TRACE 20712 --- [    Test worker] o.h.type.descriptor.sql.BasicExtractor   : extracted value ([id1_7_] : [BIGINT]) - [112]
2021-03-10 22:37:37.528 TRACE 20712 --- [    Test worker] o.h.type.descriptor.sql.BasicExtractor   : extracted value ([id1_7_] : [BIGINT]) - [113]
2021-03-10 22:37:37.528 TRACE 20712 --- [    Test worker] o.h.type.descriptor.sql.BasicExtractor   : extracted value ([id1_7_] : [BIGINT]) - [114]
2021-03-10 22:37:37.528 TRACE 20712 --- [    Test worker] o.h.type.descriptor.sql.BasicExtractor   : extracted value ([id1_7_] : [BIGINT]) - [115]
2021-03-10 22:37:37.528 TRACE 20712 --- [    Test worker] o.h.type.descriptor.sql.BasicExtractor   : extracted value ([id1_7_] : [BIGINT]) - [116]
2021-03-10 22:37:37.528 TRACE 20712 --- [    Test worker] o.h.type.descriptor.sql.BasicExtractor   : extracted value ([id1_7_] : [BIGINT]) - [117]
2021-03-10 22:37:37.528 TRACE 20712 --- [    Test worker] o.h.type.descriptor.sql.BasicExtractor   : extracted value ([id1_7_] : [BIGINT]) - [118]
2021-03-10 22:37:37.528 TRACE 20712 --- [    Test worker] o.h.type.descriptor.sql.BasicExtractor   : extracted value ([id1_7_] : [BIGINT]) - [119]
2021-03-10 22:37:37.528 TRACE 20712 --- [    Test worker] o.h.type.descriptor.sql.BasicExtractor   : extracted value ([id1_7_] : [BIGINT]) - [120]
2021-03-10 22:37:37.528 TRACE 20712 --- [    Test worker] o.h.type.descriptor.sql.BasicExtractor   : extracted value ([id1_7_] : [BIGINT]) - [121]
2021-03-10 22:37:37.528 TRACE 20712 --- [    Test worker] o.h.type.descriptor.sql.BasicExtractor   : extracted value ([id1_7_] : [BIGINT]) - [122]
2021-03-10 22:37:37.528 TRACE 20712 --- [    Test worker] o.h.type.descriptor.sql.BasicExtractor   : extracted value ([id1_7_] : [BIGINT]) - [123]
2021-03-10 22:37:37.528 TRACE 20712 --- [    Test worker] o.h.type.descriptor.sql.BasicExtractor   : extracted value ([id1_7_] : [BIGINT]) - [124]
2021-03-10 22:37:37.528 TRACE 20712 --- [    Test worker] o.h.type.descriptor.sql.BasicExtractor   : extracted value ([id1_7_] : [BIGINT]) - [125]
2021-03-10 22:37:37.528 TRACE 20712 --- [    Test worker] o.h.type.descriptor.sql.BasicExtractor   : extracted value ([id1_7_] : [BIGINT]) - [126]
2021-03-10 22:37:37.528 TRACE 20712 --- [    Test worker] o.h.type.descriptor.sql.BasicExtractor   : extracted value ([id1_7_] : [BIGINT]) - [127]
2021-03-10 22:37:37.528 TRACE 20712 --- [    Test worker] o.h.type.descriptor.sql.BasicExtractor   : extracted value ([id1_7_] : [BIGINT]) - [128]
2021-03-10 22:37:37.528 TRACE 20712 --- [    Test worker] o.h.type.descriptor.sql.BasicExtractor   : extracted value ([id1_7_] : [BIGINT]) - [129]
2021-03-10 22:37:37.528 TRACE 20712 --- [    Test worker] o.h.type.descriptor.sql.BasicExtractor   : extracted value ([id1_7_] : [BIGINT]) - [130]
2021-03-10 22:37:37.528 TRACE 20712 --- [    Test worker] o.h.type.descriptor.sql.BasicExtractor   : extracted value ([id1_7_] : [BIGINT]) - [131]
2021-03-10 22:37:37.528 TRACE 20712 --- [    Test worker] o.h.type.descriptor.sql.BasicExtractor   : extracted value ([id1_7_] : [BIGINT]) - [132]
2021-03-10 22:37:37.528 TRACE 20712 --- [    Test worker] o.h.type.descriptor.sql.BasicExtractor   : extracted value ([id1_7_] : [BIGINT]) - [133]
2021-03-10 22:37:37.528 TRACE 20712 --- [    Test worker] o.h.type.descriptor.sql.BasicExtractor   : extracted value ([id1_7_] : [BIGINT]) - [134]
2021-03-10 22:37:37.528 TRACE 20712 --- [    Test worker] o.h.type.descriptor.sql.BasicExtractor   : extracted value ([id1_7_] : [BIGINT]) - [135]
2021-03-10 22:37:37.528 TRACE 20712 --- [    Test worker] o.h.type.descriptor.sql.BasicExtractor   : extracted value ([id1_7_] : [BIGINT]) - [136]
2021-03-10 22:37:37.528 TRACE 20712 --- [    Test worker] o.h.type.descriptor.sql.BasicExtractor   : extracted value ([id1_7_] : [BIGINT]) - [137]
2021-03-10 22:37:37.528 TRACE 20712 --- [    Test worker] o.h.type.descriptor.sql.BasicExtractor   : extracted value ([id1_7_] : [BIGINT]) - [138]
2021-03-10 22:37:37.528 TRACE 20712 --- [    Test worker] o.h.type.descriptor.sql.BasicExtractor   : extracted value ([id1_7_] : [BIGINT]) - [139]
2021-03-10 22:37:37.528 TRACE 20712 --- [    Test worker] o.h.type.descriptor.sql.BasicExtractor   : extracted value ([id1_7_] : [BIGINT]) - [140]
2021-03-10 22:37:37.528 TRACE 20712 --- [    Test worker] o.h.type.descriptor.sql.BasicExtractor   : extracted value ([id1_7_] : [BIGINT]) - [141]
2021-03-10 22:37:37.528 TRACE 20712 --- [    Test worker] o.h.type.descriptor.sql.BasicExtractor   : extracted value ([id1_7_] : [BIGINT]) - [142]
2021-03-10 22:37:37.528 TRACE 20712 --- [    Test worker] o.h.type.descriptor.sql.BasicExtractor   : extracted value ([id1_7_] : [BIGINT]) - [143]
2021-03-10 22:37:37.528 TRACE 20712 --- [    Test worker] o.h.type.descriptor.sql.BasicExtractor   : extracted value ([id1_7_] : [BIGINT]) - [144]
2021-03-10 22:37:37.528 TRACE 20712 --- [    Test worker] o.h.type.descriptor.sql.BasicExtractor   : extracted value ([id1_7_] : [BIGINT]) - [145]
Hibernate: 
    select
        zone0_.id as id1_7_,
        zone0_.city as city2_7_,
        zone0_.local_name_of_city as local_na3_7_,
        zone0_.province as province4_7_ 
    from
        zone zone0_
2021-03-10 22:37:37.528 TRACE 20712 --- [    Test worker] o.h.type.descriptor.sql.BasicExtractor   : extracted value ([id1_7_] : [BIGINT]) - [61]
2021-03-10 22:37:37.528 TRACE 20712 --- [    Test worker] o.h.type.descriptor.sql.BasicExtractor   : extracted value ([id1_7_] : [BIGINT]) - [62]
2021-03-10 22:37:37.528 TRACE 20712 --- [    Test worker] o.h.type.descriptor.sql.BasicExtractor   : extracted value ([id1_7_] : [BIGINT]) - [63]
2021-03-10 22:37:37.528 TRACE 20712 --- [    Test worker] o.h.type.descriptor.sql.BasicExtractor   : extracted value ([id1_7_] : [BIGINT]) - [64]
2021-03-10 22:37:37.528 TRACE 20712 --- [    Test worker] o.h.type.descriptor.sql.BasicExtractor   : extracted value ([id1_7_] : [BIGINT]) - [65]
2021-03-10 22:37:37.528 TRACE 20712 --- [    Test worker] o.h.type.descriptor.sql.BasicExtractor   : extracted value ([id1_7_] : [BIGINT]) - [66]
2021-03-10 22:37:37.543 TRACE 20712 --- [    Test worker] o.h.type.descriptor.sql.BasicExtractor   : extracted value ([id1_7_] : [BIGINT]) - [67]
2021-03-10 22:37:37.543 TRACE 20712 --- [    Test worker] o.h.type.descriptor.sql.BasicExtractor   : extracted value ([id1_7_] : [BIGINT]) - [68]
2021-03-10 22:37:37.543 TRACE 20712 --- [    Test worker] o.h.type.descriptor.sql.BasicExtractor   : extracted value ([id1_7_] : [BIGINT]) - [69]
2021-03-10 22:37:37.543 TRACE 20712 --- [    Test worker] o.h.type.descriptor.sql.BasicExtractor   : extracted value ([id1_7_] : [BIGINT]) - [70]
2021-03-10 22:37:37.543 TRACE 20712 --- [    Test worker] o.h.type.descriptor.sql.BasicExtractor   : extracted value ([id1_7_] : [BIGINT]) - [71]
2021-03-10 22:37:37.543 TRACE 20712 --- [    Test worker] o.h.type.descriptor.sql.BasicExtractor   : extracted value ([id1_7_] : [BIGINT]) - [72]
2021-03-10 22:37:37.543 TRACE 20712 --- [    Test worker] o.h.type.descriptor.sql.BasicExtractor   : extracted value ([id1_7_] : [BIGINT]) - [73]
2021-03-10 22:37:37.543 TRACE 20712 --- [    Test worker] o.h.type.descriptor.sql.BasicExtractor   : extracted value ([id1_7_] : [BIGINT]) - [74]
2021-03-10 22:37:37.543 TRACE 20712 --- [    Test worker] o.h.type.descriptor.sql.BasicExtractor   : extracted value ([id1_7_] : [BIGINT]) - [75]
2021-03-10 22:37:37.543 TRACE 20712 --- [    Test worker] o.h.type.descriptor.sql.BasicExtractor   : extracted value ([id1_7_] : [BIGINT]) - [76]
2021-03-10 22:37:37.543 TRACE 20712 --- [    Test worker] o.h.type.descriptor.sql.BasicExtractor   : extracted value ([id1_7_] : [BIGINT]) - [77]
2021-03-10 22:37:37.543 TRACE 20712 --- [    Test worker] o.h.type.descriptor.sql.BasicExtractor   : extracted value ([id1_7_] : [BIGINT]) - [78]
2021-03-10 22:37:37.543 TRACE 20712 --- [    Test worker] o.h.type.descriptor.sql.BasicExtractor   : extracted value ([id1_7_] : [BIGINT]) - [79]
2021-03-10 22:37:37.543 TRACE 20712 --- [    Test worker] o.h.type.descriptor.sql.BasicExtractor   : extracted value ([id1_7_] : [BIGINT]) - [80]
2021-03-10 22:37:37.543 TRACE 20712 --- [    Test worker] o.h.type.descriptor.sql.BasicExtractor   : extracted value ([id1_7_] : [BIGINT]) - [81]
2021-03-10 22:37:37.543 TRACE 20712 --- [    Test worker] o.h.type.descriptor.sql.BasicExtractor   : extracted value ([id1_7_] : [BIGINT]) - [82]
2021-03-10 22:37:37.543 TRACE 20712 --- [    Test worker] o.h.type.descriptor.sql.BasicExtractor   : extracted value ([id1_7_] : [BIGINT]) - [83]
2021-03-10 22:37:37.543 TRACE 20712 --- [    Test worker] o.h.type.descriptor.sql.BasicExtractor   : extracted value ([id1_7_] : [BIGINT]) - [84]
2021-03-10 22:37:37.543 TRACE 20712 --- [    Test worker] o.h.type.descriptor.sql.BasicExtractor   : extracted value ([id1_7_] : [BIGINT]) - [85]
2021-03-10 22:37:37.543 TRACE 20712 --- [    Test worker] o.h.type.descriptor.sql.BasicExtractor   : extracted value ([id1_7_] : [BIGINT]) - [86]
2021-03-10 22:37:37.543 TRACE 20712 --- [    Test worker] o.h.type.descriptor.sql.BasicExtractor   : extracted value ([id1_7_] : [BIGINT]) - [87]
2021-03-10 22:37:37.543 TRACE 20712 --- [    Test worker] o.h.type.descriptor.sql.BasicExtractor   : extracted value ([id1_7_] : [BIGINT]) - [88]
2021-03-10 22:37:37.543 TRACE 20712 --- [    Test worker] o.h.type.descriptor.sql.BasicExtractor   : extracted value ([id1_7_] : [BIGINT]) - [89]
2021-03-10 22:37:37.543 TRACE 20712 --- [    Test worker] o.h.type.descriptor.sql.BasicExtractor   : extracted value ([id1_7_] : [BIGINT]) - [90]
2021-03-10 22:37:37.543 TRACE 20712 --- [    Test worker] o.h.type.descriptor.sql.BasicExtractor   : extracted value ([id1_7_] : [BIGINT]) - [91]
2021-03-10 22:37:37.543 TRACE 20712 --- [    Test worker] o.h.type.descriptor.sql.BasicExtractor   : extracted value ([id1_7_] : [BIGINT]) - [92]
2021-03-10 22:37:37.543 TRACE 20712 --- [    Test worker] o.h.type.descriptor.sql.BasicExtractor   : extracted value ([id1_7_] : [BIGINT]) - [93]
2021-03-10 22:37:37.543 TRACE 20712 --- [    Test worker] o.h.type.descriptor.sql.BasicExtractor   : extracted value ([id1_7_] : [BIGINT]) - [94]
2021-03-10 22:37:37.543 TRACE 20712 --- [    Test worker] o.h.type.descriptor.sql.BasicExtractor   : extracted value ([id1_7_] : [BIGINT]) - [95]
2021-03-10 22:37:37.543 TRACE 20712 --- [    Test worker] o.h.type.descriptor.sql.BasicExtractor   : extracted value ([id1_7_] : [BIGINT]) - [96]
2021-03-10 22:37:37.543 TRACE 20712 --- [    Test worker] o.h.type.descriptor.sql.BasicExtractor   : extracted value ([id1_7_] : [BIGINT]) - [97]
2021-03-10 22:37:37.543 TRACE 20712 --- [    Test worker] o.h.type.descriptor.sql.BasicExtractor   : extracted value ([id1_7_] : [BIGINT]) - [98]
2021-03-10 22:37:37.543 TRACE 20712 --- [    Test worker] o.h.type.descriptor.sql.BasicExtractor   : extracted value ([id1_7_] : [BIGINT]) - [99]
2021-03-10 22:37:37.543 TRACE 20712 --- [    Test worker] o.h.type.descriptor.sql.BasicExtractor   : extracted value ([id1_7_] : [BIGINT]) - [100]
2021-03-10 22:37:37.543 TRACE 20712 --- [    Test worker] o.h.type.descriptor.sql.BasicExtractor   : extracted value ([id1_7_] : [BIGINT]) - [101]
2021-03-10 22:37:37.543 TRACE 20712 --- [    Test worker] o.h.type.descriptor.sql.BasicExtractor   : extracted value ([id1_7_] : [BIGINT]) - [102]
2021-03-10 22:37:37.543 TRACE 20712 --- [    Test worker] o.h.type.descriptor.sql.BasicExtractor   : extracted value ([id1_7_] : [BIGINT]) - [103]
2021-03-10 22:37:37.543 TRACE 20712 --- [    Test worker] o.h.type.descriptor.sql.BasicExtractor   : extracted value ([id1_7_] : [BIGINT]) - [104]
2021-03-10 22:37:37.543 TRACE 20712 --- [    Test worker] o.h.type.descriptor.sql.BasicExtractor   : extracted value ([id1_7_] : [BIGINT]) - [105]
2021-03-10 22:37:37.543 TRACE 20712 --- [    Test worker] o.h.type.descriptor.sql.BasicExtractor   : extracted value ([id1_7_] : [BIGINT]) - [106]
2021-03-10 22:37:37.543 TRACE 20712 --- [    Test worker] o.h.type.descriptor.sql.BasicExtractor   : extracted value ([id1_7_] : [BIGINT]) - [107]
2021-03-10 22:37:37.543 TRACE 20712 --- [    Test worker] o.h.type.descriptor.sql.BasicExtractor   : extracted value ([id1_7_] : [BIGINT]) - [108]
2021-03-10 22:37:37.543 TRACE 20712 --- [    Test worker] o.h.type.descriptor.sql.BasicExtractor   : extracted value ([id1_7_] : [BIGINT]) - [109]
2021-03-10 22:37:37.543 TRACE 20712 --- [    Test worker] o.h.type.descriptor.sql.BasicExtractor   : extracted value ([id1_7_] : [BIGINT]) - [110]
2021-03-10 22:37:37.543 TRACE 20712 --- [    Test worker] o.h.type.descriptor.sql.BasicExtractor   : extracted value ([id1_7_] : [BIGINT]) - [111]
2021-03-10 22:37:37.543 TRACE 20712 --- [    Test worker] o.h.type.descriptor.sql.BasicExtractor   : extracted value ([id1_7_] : [BIGINT]) - [112]
2021-03-10 22:37:37.543 TRACE 20712 --- [    Test worker] o.h.type.descriptor.sql.BasicExtractor   : extracted value ([id1_7_] : [BIGINT]) - [113]
2021-03-10 22:37:37.543 TRACE 20712 --- [    Test worker] o.h.type.descriptor.sql.BasicExtractor   : extracted value ([id1_7_] : [BIGINT]) - [114]
2021-03-10 22:37:37.543 TRACE 20712 --- [    Test worker] o.h.type.descriptor.sql.BasicExtractor   : extracted value ([id1_7_] : [BIGINT]) - [115]
2021-03-10 22:37:37.543 TRACE 20712 --- [    Test worker] o.h.type.descriptor.sql.BasicExtractor   : extracted value ([id1_7_] : [BIGINT]) - [116]
2021-03-10 22:37:37.543 TRACE 20712 --- [    Test worker] o.h.type.descriptor.sql.BasicExtractor   : extracted value ([id1_7_] : [BIGINT]) - [117]
2021-03-10 22:37:37.543 TRACE 20712 --- [    Test worker] o.h.type.descriptor.sql.BasicExtractor   : extracted value ([id1_7_] : [BIGINT]) - [118]
2021-03-10 22:37:37.543 TRACE 20712 --- [    Test worker] o.h.type.descriptor.sql.BasicExtractor   : extracted value ([id1_7_] : [BIGINT]) - [119]
2021-03-10 22:37:37.543 TRACE 20712 --- [    Test worker] o.h.type.descriptor.sql.BasicExtractor   : extracted value ([id1_7_] : [BIGINT]) - [120]
2021-03-10 22:37:37.543 TRACE 20712 --- [    Test worker] o.h.type.descriptor.sql.BasicExtractor   : extracted value ([id1_7_] : [BIGINT]) - [121]
2021-03-10 22:37:37.543 TRACE 20712 --- [    Test worker] o.h.type.descriptor.sql.BasicExtractor   : extracted value ([id1_7_] : [BIGINT]) - [122]
2021-03-10 22:37:37.543 TRACE 20712 --- [    Test worker] o.h.type.descriptor.sql.BasicExtractor   : extracted value ([id1_7_] : [BIGINT]) - [123]
2021-03-10 22:37:37.543 TRACE 20712 --- [    Test worker] o.h.type.descriptor.sql.BasicExtractor   : extracted value ([id1_7_] : [BIGINT]) - [124]
2021-03-10 22:37:37.543 TRACE 20712 --- [    Test worker] o.h.type.descriptor.sql.BasicExtractor   : extracted value ([id1_7_] : [BIGINT]) - [125]
2021-03-10 22:37:37.543 TRACE 20712 --- [    Test worker] o.h.type.descriptor.sql.BasicExtractor   : extracted value ([id1_7_] : [BIGINT]) - [126]
2021-03-10 22:37:37.543 TRACE 20712 --- [    Test worker] o.h.type.descriptor.sql.BasicExtractor   : extracted value ([id1_7_] : [BIGINT]) - [127]
2021-03-10 22:37:37.543 TRACE 20712 --- [    Test worker] o.h.type.descriptor.sql.BasicExtractor   : extracted value ([id1_7_] : [BIGINT]) - [128]
2021-03-10 22:37:37.543 TRACE 20712 --- [    Test worker] o.h.type.descriptor.sql.BasicExtractor   : extracted value ([id1_7_] : [BIGINT]) - [129]
2021-03-10 22:37:37.543 TRACE 20712 --- [    Test worker] o.h.type.descriptor.sql.BasicExtractor   : extracted value ([id1_7_] : [BIGINT]) - [130]
2021-03-10 22:37:37.543 TRACE 20712 --- [    Test worker] o.h.type.descriptor.sql.BasicExtractor   : extracted value ([id1_7_] : [BIGINT]) - [131]
2021-03-10 22:37:37.543 TRACE 20712 --- [    Test worker] o.h.type.descriptor.sql.BasicExtractor   : extracted value ([id1_7_] : [BIGINT]) - [132]
2021-03-10 22:37:37.543 TRACE 20712 --- [    Test worker] o.h.type.descriptor.sql.BasicExtractor   : extracted value ([id1_7_] : [BIGINT]) - [133]
2021-03-10 22:37:37.543 TRACE 20712 --- [    Test worker] o.h.type.descriptor.sql.BasicExtractor   : extracted value ([id1_7_] : [BIGINT]) - [134]
2021-03-10 22:37:37.543 TRACE 20712 --- [    Test worker] o.h.type.descriptor.sql.BasicExtractor   : extracted value ([id1_7_] : [BIGINT]) - [135]
2021-03-10 22:37:37.543 TRACE 20712 --- [    Test worker] o.h.type.descriptor.sql.BasicExtractor   : extracted value ([id1_7_] : [BIGINT]) - [136]
2021-03-10 22:37:37.543 TRACE 20712 --- [    Test worker] o.h.type.descriptor.sql.BasicExtractor   : extracted value ([id1_7_] : [BIGINT]) - [137]
2021-03-10 22:37:37.543 TRACE 20712 --- [    Test worker] o.h.type.descriptor.sql.BasicExtractor   : extracted value ([id1_7_] : [BIGINT]) - [138]
2021-03-10 22:37:37.543 TRACE 20712 --- [    Test worker] o.h.type.descriptor.sql.BasicExtractor   : extracted value ([id1_7_] : [BIGINT]) - [139]
2021-03-10 22:37:37.543 TRACE 20712 --- [    Test worker] o.h.type.descriptor.sql.BasicExtractor   : extracted value ([id1_7_] : [BIGINT]) - [140]
2021-03-10 22:37:37.543 TRACE 20712 --- [    Test worker] o.h.type.descriptor.sql.BasicExtractor   : extracted value ([id1_7_] : [BIGINT]) - [141]
2021-03-10 22:37:37.543 TRACE 20712 --- [    Test worker] o.h.type.descriptor.sql.BasicExtractor   : extracted value ([id1_7_] : [BIGINT]) - [142]
2021-03-10 22:37:37.543 TRACE 20712 --- [    Test worker] o.h.type.descriptor.sql.BasicExtractor   : extracted value ([id1_7_] : [BIGINT]) - [143]
2021-03-10 22:37:37.543 TRACE 20712 --- [    Test worker] o.h.type.descriptor.sql.BasicExtractor   : extracted value ([id1_7_] : [BIGINT]) - [144]
2021-03-10 22:37:37.543 TRACE 20712 --- [    Test worker] o.h.type.descriptor.sql.BasicExtractor   : extracted value ([id1_7_] : [BIGINT]) - [145]
Hibernate: 
    select
        zone0_.id as id1_7_,
        zone0_.city as city2_7_,
        zone0_.local_name_of_city as local_na3_7_,
        zone0_.province as province4_7_ 
    from
        zone zone0_
2021-03-10 22:37:37.543 TRACE 20712 --- [    Test worker] o.h.type.descriptor.sql.BasicExtractor   : extracted value ([id1_7_] : [BIGINT]) - [61]
2021-03-10 22:37:37.543 TRACE 20712 --- [    Test worker] o.h.type.descriptor.sql.BasicExtractor   : extracted value ([id1_7_] : [BIGINT]) - [62]
2021-03-10 22:37:37.543 TRACE 20712 --- [    Test worker] o.h.type.descriptor.sql.BasicExtractor   : extracted value ([id1_7_] : [BIGINT]) - [63]
2021-03-10 22:37:37.543 TRACE 20712 --- [    Test worker] o.h.type.descriptor.sql.BasicExtractor   : extracted value ([id1_7_] : [BIGINT]) - [64]
2021-03-10 22:37:37.543 TRACE 20712 --- [    Test worker] o.h.type.descriptor.sql.BasicExtractor   : extracted value ([id1_7_] : [BIGINT]) - [65]
2021-03-10 22:37:37.543 TRACE 20712 --- [    Test worker] o.h.type.descriptor.sql.BasicExtractor   : extracted value ([id1_7_] : [BIGINT]) - [66]
2021-03-10 22:37:37.543 TRACE 20712 --- [    Test worker] o.h.type.descriptor.sql.BasicExtractor   : extracted value ([id1_7_] : [BIGINT]) - [67]
2021-03-10 22:37:37.543 TRACE 20712 --- [    Test worker] o.h.type.descriptor.sql.BasicExtractor   : extracted value ([id1_7_] : [BIGINT]) - [68]
2021-03-10 22:37:37.543 TRACE 20712 --- [    Test worker] o.h.type.descriptor.sql.BasicExtractor   : extracted value ([id1_7_] : [BIGINT]) - [69]
2021-03-10 22:37:37.543 TRACE 20712 --- [    Test worker] o.h.type.descriptor.sql.BasicExtractor   : extracted value ([id1_7_] : [BIGINT]) - [70]
2021-03-10 22:37:37.543 TRACE 20712 --- [    Test worker] o.h.type.descriptor.sql.BasicExtractor   : extracted value ([id1_7_] : [BIGINT]) - [71]
2021-03-10 22:37:37.543 TRACE 20712 --- [    Test worker] o.h.type.descriptor.sql.BasicExtractor   : extracted value ([id1_7_] : [BIGINT]) - [72]
2021-03-10 22:37:37.543 TRACE 20712 --- [    Test worker] o.h.type.descriptor.sql.BasicExtractor   : extracted value ([id1_7_] : [BIGINT]) - [73]
2021-03-10 22:37:37.543 TRACE 20712 --- [    Test worker] o.h.type.descriptor.sql.BasicExtractor   : extracted value ([id1_7_] : [BIGINT]) - [74]
2021-03-10 22:37:37.543 TRACE 20712 --- [    Test worker] o.h.type.descriptor.sql.BasicExtractor   : extracted value ([id1_7_] : [BIGINT]) - [75]
2021-03-10 22:37:37.543 TRACE 20712 --- [    Test worker] o.h.type.descriptor.sql.BasicExtractor   : extracted value ([id1_7_] : [BIGINT]) - [76]
2021-03-10 22:37:37.543 TRACE 20712 --- [    Test worker] o.h.type.descriptor.sql.BasicExtractor   : extracted value ([id1_7_] : [BIGINT]) - [77]
2021-03-10 22:37:37.543 TRACE 20712 --- [    Test worker] o.h.type.descriptor.sql.BasicExtractor   : extracted value ([id1_7_] : [BIGINT]) - [78]
2021-03-10 22:37:37.543 TRACE 20712 --- [    Test worker] o.h.type.descriptor.sql.BasicExtractor   : extracted value ([id1_7_] : [BIGINT]) - [79]
2021-03-10 22:37:37.543 TRACE 20712 --- [    Test worker] o.h.type.descriptor.sql.BasicExtractor   : extracted value ([id1_7_] : [BIGINT]) - [80]
2021-03-10 22:37:37.543 TRACE 20712 --- [    Test worker] o.h.type.descriptor.sql.BasicExtractor   : extracted value ([id1_7_] : [BIGINT]) - [81]
2021-03-10 22:37:37.543 TRACE 20712 --- [    Test worker] o.h.type.descriptor.sql.BasicExtractor   : extracted value ([id1_7_] : [BIGINT]) - [82]
2021-03-10 22:37:37.543 TRACE 20712 --- [    Test worker] o.h.type.descriptor.sql.BasicExtractor   : extracted value ([id1_7_] : [BIGINT]) - [83]
2021-03-10 22:37:37.543 TRACE 20712 --- [    Test worker] o.h.type.descriptor.sql.BasicExtractor   : extracted value ([id1_7_] : [BIGINT]) - [84]
2021-03-10 22:37:37.543 TRACE 20712 --- [    Test worker] o.h.type.descriptor.sql.BasicExtractor   : extracted value ([id1_7_] : [BIGINT]) - [85]
2021-03-10 22:37:37.543 TRACE 20712 --- [    Test worker] o.h.type.descriptor.sql.BasicExtractor   : extracted value ([id1_7_] : [BIGINT]) - [86]
2021-03-10 22:37:37.543 TRACE 20712 --- [    Test worker] o.h.type.descriptor.sql.BasicExtractor   : extracted value ([id1_7_] : [BIGINT]) - [87]
2021-03-10 22:37:37.543 TRACE 20712 --- [    Test worker] o.h.type.descriptor.sql.BasicExtractor   : extracted value ([id1_7_] : [BIGINT]) - [88]
2021-03-10 22:37:37.543 TRACE 20712 --- [    Test worker] o.h.type.descriptor.sql.BasicExtractor   : extracted value ([id1_7_] : [BIGINT]) - [89]
2021-03-10 22:37:37.543 TRACE 20712 --- [    Test worker] o.h.type.descriptor.sql.BasicExtractor   : extracted value ([id1_7_] : [BIGINT]) - [90]
2021-03-10 22:37:37.543 TRACE 20712 --- [    Test worker] o.h.type.descriptor.sql.BasicExtractor   : extracted value ([id1_7_] : [BIGINT]) - [91]
2021-03-10 22:37:37.543 TRACE 20712 --- [    Test worker] o.h.type.descriptor.sql.BasicExtractor   : extracted value ([id1_7_] : [BIGINT]) - [92]
2021-03-10 22:37:37.543 TRACE 20712 --- [    Test worker] o.h.type.descriptor.sql.BasicExtractor   : extracted value ([id1_7_] : [BIGINT]) - [93]
2021-03-10 22:37:37.543 TRACE 20712 --- [    Test worker] o.h.type.descriptor.sql.BasicExtractor   : extracted value ([id1_7_] : [BIGINT]) - [94]
2021-03-10 22:37:37.543 TRACE 20712 --- [    Test worker] o.h.type.descriptor.sql.BasicExtractor   : extracted value ([id1_7_] : [BIGINT]) - [95]
2021-03-10 22:37:37.543 TRACE 20712 --- [    Test worker] o.h.type.descriptor.sql.BasicExtractor   : extracted value ([id1_7_] : [BIGINT]) - [96]
2021-03-10 22:37:37.543 TRACE 20712 --- [    Test worker] o.h.type.descriptor.sql.BasicExtractor   : extracted value ([id1_7_] : [BIGINT]) - [97]
2021-03-10 22:37:37.543 TRACE 20712 --- [    Test worker] o.h.type.descriptor.sql.BasicExtractor   : extracted value ([id1_7_] : [BIGINT]) - [98]
2021-03-10 22:37:37.543 TRACE 20712 --- [    Test worker] o.h.type.descriptor.sql.BasicExtractor   : extracted value ([id1_7_] : [BIGINT]) - [99]
2021-03-10 22:37:37.543 TRACE 20712 --- [    Test worker] o.h.type.descriptor.sql.BasicExtractor   : extracted value ([id1_7_] : [BIGINT]) - [100]
2021-03-10 22:37:37.543 TRACE 20712 --- [    Test worker] o.h.type.descriptor.sql.BasicExtractor   : extracted value ([id1_7_] : [BIGINT]) - [101]
2021-03-10 22:37:37.543 TRACE 20712 --- [    Test worker] o.h.type.descriptor.sql.BasicExtractor   : extracted value ([id1_7_] : [BIGINT]) - [102]
2021-03-10 22:37:37.543 TRACE 20712 --- [    Test worker] o.h.type.descriptor.sql.BasicExtractor   : extracted value ([id1_7_] : [BIGINT]) - [103]
2021-03-10 22:37:37.543 TRACE 20712 --- [    Test worker] o.h.type.descriptor.sql.BasicExtractor   : extracted value ([id1_7_] : [BIGINT]) - [104]
2021-03-10 22:37:37.543 TRACE 20712 --- [    Test worker] o.h.type.descriptor.sql.BasicExtractor   : extracted value ([id1_7_] : [BIGINT]) - [105]
2021-03-10 22:37:37.543 TRACE 20712 --- [    Test worker] o.h.type.descriptor.sql.BasicExtractor   : extracted value ([id1_7_] : [BIGINT]) - [106]
2021-03-10 22:37:37.543 TRACE 20712 --- [    Test worker] o.h.type.descriptor.sql.BasicExtractor   : extracted value ([id1_7_] : [BIGINT]) - [107]
2021-03-10 22:37:37.543 TRACE 20712 --- [    Test worker] o.h.type.descriptor.sql.BasicExtractor   : extracted value ([id1_7_] : [BIGINT]) - [108]
2021-03-10 22:37:37.543 TRACE 20712 --- [    Test worker] o.h.type.descriptor.sql.BasicExtractor   : extracted value ([id1_7_] : [BIGINT]) - [109]
2021-03-10 22:37:37.543 TRACE 20712 --- [    Test worker] o.h.type.descriptor.sql.BasicExtractor   : extracted value ([id1_7_] : [BIGINT]) - [110]
2021-03-10 22:37:37.543 TRACE 20712 --- [    Test worker] o.h.type.descriptor.sql.BasicExtractor   : extracted value ([id1_7_] : [BIGINT]) - [111]
2021-03-10 22:37:37.543 TRACE 20712 --- [    Test worker] o.h.type.descriptor.sql.BasicExtractor   : extracted value ([id1_7_] : [BIGINT]) - [112]
2021-03-10 22:37:37.543 TRACE 20712 --- [    Test worker] o.h.type.descriptor.sql.BasicExtractor   : extracted value ([id1_7_] : [BIGINT]) - [113]
2021-03-10 22:37:37.543 TRACE 20712 --- [    Test worker] o.h.type.descriptor.sql.BasicExtractor   : extracted value ([id1_7_] : [BIGINT]) - [114]
2021-03-10 22:37:37.543 TRACE 20712 --- [    Test worker] o.h.type.descriptor.sql.BasicExtractor   : extracted value ([id1_7_] : [BIGINT]) - [115]
2021-03-10 22:37:37.543 TRACE 20712 --- [    Test worker] o.h.type.descriptor.sql.BasicExtractor   : extracted value ([id1_7_] : [BIGINT]) - [116]
2021-03-10 22:37:37.543 TRACE 20712 --- [    Test worker] o.h.type.descriptor.sql.BasicExtractor   : extracted value ([id1_7_] : [BIGINT]) - [117]
2021-03-10 22:37:37.543 TRACE 20712 --- [    Test worker] o.h.type.descriptor.sql.BasicExtractor   : extracted value ([id1_7_] : [BIGINT]) - [118]
2021-03-10 22:37:37.543 TRACE 20712 --- [    Test worker] o.h.type.descriptor.sql.BasicExtractor   : extracted value ([id1_7_] : [BIGINT]) - [119]
2021-03-10 22:37:37.543 TRACE 20712 --- [    Test worker] o.h.type.descriptor.sql.BasicExtractor   : extracted value ([id1_7_] : [BIGINT]) - [120]
2021-03-10 22:37:37.543 TRACE 20712 --- [    Test worker] o.h.type.descriptor.sql.BasicExtractor   : extracted value ([id1_7_] : [BIGINT]) - [121]
2021-03-10 22:37:37.543 TRACE 20712 --- [    Test worker] o.h.type.descriptor.sql.BasicExtractor   : extracted value ([id1_7_] : [BIGINT]) - [122]
2021-03-10 22:37:37.543 TRACE 20712 --- [    Test worker] o.h.type.descriptor.sql.BasicExtractor   : extracted value ([id1_7_] : [BIGINT]) - [123]
2021-03-10 22:37:37.543 TRACE 20712 --- [    Test worker] o.h.type.descriptor.sql.BasicExtractor   : extracted value ([id1_7_] : [BIGINT]) - [124]
2021-03-10 22:37:37.543 TRACE 20712 --- [    Test worker] o.h.type.descriptor.sql.BasicExtractor   : extracted value ([id1_7_] : [BIGINT]) - [125]
2021-03-10 22:37:37.543 TRACE 20712 --- [    Test worker] o.h.type.descriptor.sql.BasicExtractor   : extracted value ([id1_7_] : [BIGINT]) - [126]
2021-03-10 22:37:37.543 TRACE 20712 --- [    Test worker] o.h.type.descriptor.sql.BasicExtractor   : extracted value ([id1_7_] : [BIGINT]) - [127]
2021-03-10 22:37:37.543 TRACE 20712 --- [    Test worker] o.h.type.descriptor.sql.BasicExtractor   : extracted value ([id1_7_] : [BIGINT]) - [128]
2021-03-10 22:37:37.543 TRACE 20712 --- [    Test worker] o.h.type.descriptor.sql.BasicExtractor   : extracted value ([id1_7_] : [BIGINT]) - [129]
2021-03-10 22:37:37.543 TRACE 20712 --- [    Test worker] o.h.type.descriptor.sql.BasicExtractor   : extracted value ([id1_7_] : [BIGINT]) - [130]
2021-03-10 22:37:37.543 TRACE 20712 --- [    Test worker] o.h.type.descriptor.sql.BasicExtractor   : extracted value ([id1_7_] : [BIGINT]) - [131]
2021-03-10 22:37:37.543 TRACE 20712 --- [    Test worker] o.h.type.descriptor.sql.BasicExtractor   : extracted value ([id1_7_] : [BIGINT]) - [132]
2021-03-10 22:37:37.543 TRACE 20712 --- [    Test worker] o.h.type.descriptor.sql.BasicExtractor   : extracted value ([id1_7_] : [BIGINT]) - [133]
2021-03-10 22:37:37.543 TRACE 20712 --- [    Test worker] o.h.type.descriptor.sql.BasicExtractor   : extracted value ([id1_7_] : [BIGINT]) - [134]
2021-03-10 22:37:37.543 TRACE 20712 --- [    Test worker] o.h.type.descriptor.sql.BasicExtractor   : extracted value ([id1_7_] : [BIGINT]) - [135]
2021-03-10 22:37:37.543 TRACE 20712 --- [    Test worker] o.h.type.descriptor.sql.BasicExtractor   : extracted value ([id1_7_] : [BIGINT]) - [136]
2021-03-10 22:37:37.543 TRACE 20712 --- [    Test worker] o.h.type.descriptor.sql.BasicExtractor   : extracted value ([id1_7_] : [BIGINT]) - [137]
2021-03-10 22:37:37.543 TRACE 20712 --- [    Test worker] o.h.type.descriptor.sql.BasicExtractor   : extracted value ([id1_7_] : [BIGINT]) - [138]
2021-03-10 22:37:37.543 TRACE 20712 --- [    Test worker] o.h.type.descriptor.sql.BasicExtractor   : extracted value ([id1_7_] : [BIGINT]) - [139]
2021-03-10 22:37:37.543 TRACE 20712 --- [    Test worker] o.h.type.descriptor.sql.BasicExtractor   : extracted value ([id1_7_] : [BIGINT]) - [140]
2021-03-10 22:37:37.543 TRACE 20712 --- [    Test worker] o.h.type.descriptor.sql.BasicExtractor   : extracted value ([id1_7_] : [BIGINT]) - [141]
2021-03-10 22:37:37.543 TRACE 20712 --- [    Test worker] o.h.type.descriptor.sql.BasicExtractor   : extracted value ([id1_7_] : [BIGINT]) - [142]
2021-03-10 22:37:37.543 TRACE 20712 --- [    Test worker] o.h.type.descriptor.sql.BasicExtractor   : extracted value ([id1_7_] : [BIGINT]) - [143]
2021-03-10 22:37:37.543 TRACE 20712 --- [    Test worker] o.h.type.descriptor.sql.BasicExtractor   : extracted value ([id1_7_] : [BIGINT]) - [144]
2021-03-10 22:37:37.543 TRACE 20712 --- [    Test worker] o.h.type.descriptor.sql.BasicExtractor   : extracted value ([id1_7_] : [BIGINT]) - [145]
Hibernate: 
    select
        zone0_.id as id1_7_,
        zone0_.city as city2_7_,
        zone0_.local_name_of_city as local_na3_7_,
        zone0_.province as province4_7_ 
    from
        zone zone0_
2021-03-10 22:37:37.543 TRACE 20712 --- [    Test worker] o.h.type.descriptor.sql.BasicExtractor   : extracted value ([id1_7_] : [BIGINT]) - [61]
2021-03-10 22:37:37.543 TRACE 20712 --- [    Test worker] o.h.type.descriptor.sql.BasicExtractor   : extracted value ([id1_7_] : [BIGINT]) - [62]
2021-03-10 22:37:37.543 TRACE 20712 --- [    Test worker] o.h.type.descriptor.sql.BasicExtractor   : extracted value ([id1_7_] : [BIGINT]) - [63]
2021-03-10 22:37:37.543 TRACE 20712 --- [    Test worker] o.h.type.descriptor.sql.BasicExtractor   : extracted value ([id1_7_] : [BIGINT]) - [64]
2021-03-10 22:37:37.543 TRACE 20712 --- [    Test worker] o.h.type.descriptor.sql.BasicExtractor   : extracted value ([id1_7_] : [BIGINT]) - [65]
2021-03-10 22:37:37.543 TRACE 20712 --- [    Test worker] o.h.type.descriptor.sql.BasicExtractor   : extracted value ([id1_7_] : [BIGINT]) - [66]
2021-03-10 22:37:37.543 TRACE 20712 --- [    Test worker] o.h.type.descriptor.sql.BasicExtractor   : extracted value ([id1_7_] : [BIGINT]) - [67]
2021-03-10 22:37:37.543 TRACE 20712 --- [    Test worker] o.h.type.descriptor.sql.BasicExtractor   : extracted value ([id1_7_] : [BIGINT]) - [68]
2021-03-10 22:37:37.543 TRACE 20712 --- [    Test worker] o.h.type.descriptor.sql.BasicExtractor   : extracted value ([id1_7_] : [BIGINT]) - [69]
2021-03-10 22:37:37.543 TRACE 20712 --- [    Test worker] o.h.type.descriptor.sql.BasicExtractor   : extracted value ([id1_7_] : [BIGINT]) - [70]
2021-03-10 22:37:37.543 TRACE 20712 --- [    Test worker] o.h.type.descriptor.sql.BasicExtractor   : extracted value ([id1_7_] : [BIGINT]) - [71]
2021-03-10 22:37:37.543 TRACE 20712 --- [    Test worker] o.h.type.descriptor.sql.BasicExtractor   : extracted value ([id1_7_] : [BIGINT]) - [72]
2021-03-10 22:37:37.543 TRACE 20712 --- [    Test worker] o.h.type.descriptor.sql.BasicExtractor   : extracted value ([id1_7_] : [BIGINT]) - [73]
2021-03-10 22:37:37.543 TRACE 20712 --- [    Test worker] o.h.type.descriptor.sql.BasicExtractor   : extracted value ([id1_7_] : [BIGINT]) - [74]
2021-03-10 22:37:37.543 TRACE 20712 --- [    Test worker] o.h.type.descriptor.sql.BasicExtractor   : extracted value ([id1_7_] : [BIGINT]) - [75]
2021-03-10 22:37:37.543 TRACE 20712 --- [    Test worker] o.h.type.descriptor.sql.BasicExtractor   : extracted value ([id1_7_] : [BIGINT]) - [76]
2021-03-10 22:37:37.543 TRACE 20712 --- [    Test worker] o.h.type.descriptor.sql.BasicExtractor   : extracted value ([id1_7_] : [BIGINT]) - [77]
2021-03-10 22:37:37.543 TRACE 20712 --- [    Test worker] o.h.type.descriptor.sql.BasicExtractor   : extracted value ([id1_7_] : [BIGINT]) - [78]
2021-03-10 22:37:37.543 TRACE 20712 --- [    Test worker] o.h.type.descriptor.sql.BasicExtractor   : extracted value ([id1_7_] : [BIGINT]) - [79]
2021-03-10 22:37:37.543 TRACE 20712 --- [    Test worker] o.h.type.descriptor.sql.BasicExtractor   : extracted value ([id1_7_] : [BIGINT]) - [80]
2021-03-10 22:37:37.543 TRACE 20712 --- [    Test worker] o.h.type.descriptor.sql.BasicExtractor   : extracted value ([id1_7_] : [BIGINT]) - [81]
2021-03-10 22:37:37.543 TRACE 20712 --- [    Test worker] o.h.type.descriptor.sql.BasicExtractor   : extracted value ([id1_7_] : [BIGINT]) - [82]
2021-03-10 22:37:37.543 TRACE 20712 --- [    Test worker] o.h.type.descriptor.sql.BasicExtractor   : extracted value ([id1_7_] : [BIGINT]) - [83]
2021-03-10 22:37:37.543 TRACE 20712 --- [    Test worker] o.h.type.descriptor.sql.BasicExtractor   : extracted value ([id1_7_] : [BIGINT]) - [84]
2021-03-10 22:37:37.543 TRACE 20712 --- [    Test worker] o.h.type.descriptor.sql.BasicExtractor   : extracted value ([id1_7_] : [BIGINT]) - [85]
2021-03-10 22:37:37.543 TRACE 20712 --- [    Test worker] o.h.type.descriptor.sql.BasicExtractor   : extracted value ([id1_7_] : [BIGINT]) - [86]
2021-03-10 22:37:37.543 TRACE 20712 --- [    Test worker] o.h.type.descriptor.sql.BasicExtractor   : extracted value ([id1_7_] : [BIGINT]) - [87]
2021-03-10 22:37:37.543 TRACE 20712 --- [    Test worker] o.h.type.descriptor.sql.BasicExtractor   : extracted value ([id1_7_] : [BIGINT]) - [88]
2021-03-10 22:37:37.543 TRACE 20712 --- [    Test worker] o.h.type.descriptor.sql.BasicExtractor   : extracted value ([id1_7_] : [BIGINT]) - [89]
2021-03-10 22:37:37.543 TRACE 20712 --- [    Test worker] o.h.type.descriptor.sql.BasicExtractor   : extracted value ([id1_7_] : [BIGINT]) - [90]
2021-03-10 22:37:37.543 TRACE 20712 --- [    Test worker] o.h.type.descriptor.sql.BasicExtractor   : extracted value ([id1_7_] : [BIGINT]) - [91]
2021-03-10 22:37:37.543 TRACE 20712 --- [    Test worker] o.h.type.descriptor.sql.BasicExtractor   : extracted value ([id1_7_] : [BIGINT]) - [92]
2021-03-10 22:37:37.543 TRACE 20712 --- [    Test worker] o.h.type.descriptor.sql.BasicExtractor   : extracted value ([id1_7_] : [BIGINT]) - [93]
2021-03-10 22:37:37.543 TRACE 20712 --- [    Test worker] o.h.type.descriptor.sql.BasicExtractor   : extracted value ([id1_7_] : [BIGINT]) - [94]
2021-03-10 22:37:37.543 TRACE 20712 --- [    Test worker] o.h.type.descriptor.sql.BasicExtractor   : extracted value ([id1_7_] : [BIGINT]) - [95]
2021-03-10 22:37:37.543 TRACE 20712 --- [    Test worker] o.h.type.descriptor.sql.BasicExtractor   : extracted value ([id1_7_] : [BIGINT]) - [96]
2021-03-10 22:37:37.543 TRACE 20712 --- [    Test worker] o.h.type.descriptor.sql.BasicExtractor   : extracted value ([id1_7_] : [BIGINT]) - [97]
2021-03-10 22:37:37.543 TRACE 20712 --- [    Test worker] o.h.type.descriptor.sql.BasicExtractor   : extracted value ([id1_7_] : [BIGINT]) - [98]
2021-03-10 22:37:37.543 TRACE 20712 --- [    Test worker] o.h.type.descriptor.sql.BasicExtractor   : extracted value ([id1_7_] : [BIGINT]) - [99]
2021-03-10 22:37:37.543 TRACE 20712 --- [    Test worker] o.h.type.descriptor.sql.BasicExtractor   : extracted value ([id1_7_] : [BIGINT]) - [100]
2021-03-10 22:37:37.543 TRACE 20712 --- [    Test worker] o.h.type.descriptor.sql.BasicExtractor   : extracted value ([id1_7_] : [BIGINT]) - [101]
2021-03-10 22:37:37.543 TRACE 20712 --- [    Test worker] o.h.type.descriptor.sql.BasicExtractor   : extracted value ([id1_7_] : [BIGINT]) - [102]
2021-03-10 22:37:37.543 TRACE 20712 --- [    Test worker] o.h.type.descriptor.sql.BasicExtractor   : extracted value ([id1_7_] : [BIGINT]) - [103]
2021-03-10 22:37:37.543 TRACE 20712 --- [    Test worker] o.h.type.descriptor.sql.BasicExtractor   : extracted value ([id1_7_] : [BIGINT]) - [104]
2021-03-10 22:37:37.543 TRACE 20712 --- [    Test worker] o.h.type.descriptor.sql.BasicExtractor   : extracted value ([id1_7_] : [BIGINT]) - [105]
2021-03-10 22:37:37.543 TRACE 20712 --- [    Test worker] o.h.type.descriptor.sql.BasicExtractor   : extracted value ([id1_7_] : [BIGINT]) - [106]
2021-03-10 22:37:37.543 TRACE 20712 --- [    Test worker] o.h.type.descriptor.sql.BasicExtractor   : extracted value ([id1_7_] : [BIGINT]) - [107]
2021-03-10 22:37:37.543 TRACE 20712 --- [    Test worker] o.h.type.descriptor.sql.BasicExtractor   : extracted value ([id1_7_] : [BIGINT]) - [108]
2021-03-10 22:37:37.543 TRACE 20712 --- [    Test worker] o.h.type.descriptor.sql.BasicExtractor   : extracted value ([id1_7_] : [BIGINT]) - [109]
2021-03-10 22:37:37.543 TRACE 20712 --- [    Test worker] o.h.type.descriptor.sql.BasicExtractor   : extracted value ([id1_7_] : [BIGINT]) - [110]
2021-03-10 22:37:37.543 TRACE 20712 --- [    Test worker] o.h.type.descriptor.sql.BasicExtractor   : extracted value ([id1_7_] : [BIGINT]) - [111]
2021-03-10 22:37:37.543 TRACE 20712 --- [    Test worker] o.h.type.descriptor.sql.BasicExtractor   : extracted value ([id1_7_] : [BIGINT]) - [112]
2021-03-10 22:37:37.543 TRACE 20712 --- [    Test worker] o.h.type.descriptor.sql.BasicExtractor   : extracted value ([id1_7_] : [BIGINT]) - [113]
2021-03-10 22:37:37.543 TRACE 20712 --- [    Test worker] o.h.type.descriptor.sql.BasicExtractor   : extracted value ([id1_7_] : [BIGINT]) - [114]
2021-03-10 22:37:37.543 TRACE 20712 --- [    Test worker] o.h.type.descriptor.sql.BasicExtractor   : extracted value ([id1_7_] : [BIGINT]) - [115]
2021-03-10 22:37:37.543 TRACE 20712 --- [    Test worker] o.h.type.descriptor.sql.BasicExtractor   : extracted value ([id1_7_] : [BIGINT]) - [116]
2021-03-10 22:37:37.543 TRACE 20712 --- [    Test worker] o.h.type.descriptor.sql.BasicExtractor   : extracted value ([id1_7_] : [BIGINT]) - [117]
2021-03-10 22:37:37.543 TRACE 20712 --- [    Test worker] o.h.type.descriptor.sql.BasicExtractor   : extracted value ([id1_7_] : [BIGINT]) - [118]
2021-03-10 22:37:37.543 TRACE 20712 --- [    Test worker] o.h.type.descriptor.sql.BasicExtractor   : extracted value ([id1_7_] : [BIGINT]) - [119]
2021-03-10 22:37:37.543 TRACE 20712 --- [    Test worker] o.h.type.descriptor.sql.BasicExtractor   : extracted value ([id1_7_] : [BIGINT]) - [120]
2021-03-10 22:37:37.543 TRACE 20712 --- [    Test worker] o.h.type.descriptor.sql.BasicExtractor   : extracted value ([id1_7_] : [BIGINT]) - [121]
2021-03-10 22:37:37.543 TRACE 20712 --- [    Test worker] o.h.type.descriptor.sql.BasicExtractor   : extracted value ([id1_7_] : [BIGINT]) - [122]
2021-03-10 22:37:37.543 TRACE 20712 --- [    Test worker] o.h.type.descriptor.sql.BasicExtractor   : extracted value ([id1_7_] : [BIGINT]) - [123]
2021-03-10 22:37:37.543 TRACE 20712 --- [    Test worker] o.h.type.descriptor.sql.BasicExtractor   : extracted value ([id1_7_] : [BIGINT]) - [124]
2021-03-10 22:37:37.543 TRACE 20712 --- [    Test worker] o.h.type.descriptor.sql.BasicExtractor   : extracted value ([id1_7_] : [BIGINT]) - [125]
2021-03-10 22:37:37.543 TRACE 20712 --- [    Test worker] o.h.type.descriptor.sql.BasicExtractor   : extracted value ([id1_7_] : [BIGINT]) - [126]
2021-03-10 22:37:37.543 TRACE 20712 --- [    Test worker] o.h.type.descriptor.sql.BasicExtractor   : extracted value ([id1_7_] : [BIGINT]) - [127]
2021-03-10 22:37:37.543 TRACE 20712 --- [    Test worker] o.h.type.descriptor.sql.BasicExtractor   : extracted value ([id1_7_] : [BIGINT]) - [128]
2021-03-10 22:37:37.543 TRACE 20712 --- [    Test worker] o.h.type.descriptor.sql.BasicExtractor   : extracted value ([id1_7_] : [BIGINT]) - [129]
2021-03-10 22:37:37.543 TRACE 20712 --- [    Test worker] o.h.type.descriptor.sql.BasicExtractor   : extracted value ([id1_7_] : [BIGINT]) - [130]
2021-03-10 22:37:37.543 TRACE 20712 --- [    Test worker] o.h.type.descriptor.sql.BasicExtractor   : extracted value ([id1_7_] : [BIGINT]) - [131]
2021-03-10 22:37:37.543 TRACE 20712 --- [    Test worker] o.h.type.descriptor.sql.BasicExtractor   : extracted value ([id1_7_] : [BIGINT]) - [132]
2021-03-10 22:37:37.543 TRACE 20712 --- [    Test worker] o.h.type.descriptor.sql.BasicExtractor   : extracted value ([id1_7_] : [BIGINT]) - [133]
2021-03-10 22:37:37.543 TRACE 20712 --- [    Test worker] o.h.type.descriptor.sql.BasicExtractor   : extracted value ([id1_7_] : [BIGINT]) - [134]
2021-03-10 22:37:37.543 TRACE 20712 --- [    Test worker] o.h.type.descriptor.sql.BasicExtractor   : extracted value ([id1_7_] : [BIGINT]) - [135]
2021-03-10 22:37:37.543 TRACE 20712 --- [    Test worker] o.h.type.descriptor.sql.BasicExtractor   : extracted value ([id1_7_] : [BIGINT]) - [136]
2021-03-10 22:37:37.543 TRACE 20712 --- [    Test worker] o.h.type.descriptor.sql.BasicExtractor   : extracted value ([id1_7_] : [BIGINT]) - [137]
2021-03-10 22:37:37.543 TRACE 20712 --- [    Test worker] o.h.type.descriptor.sql.BasicExtractor   : extracted value ([id1_7_] : [BIGINT]) - [138]
2021-03-10 22:37:37.543 TRACE 20712 --- [    Test worker] o.h.type.descriptor.sql.BasicExtractor   : extracted value ([id1_7_] : [BIGINT]) - [139]
2021-03-10 22:37:37.543 TRACE 20712 --- [    Test worker] o.h.type.descriptor.sql.BasicExtractor   : extracted value ([id1_7_] : [BIGINT]) - [140]
2021-03-10 22:37:37.543 TRACE 20712 --- [    Test worker] o.h.type.descriptor.sql.BasicExtractor   : extracted value ([id1_7_] : [BIGINT]) - [141]
2021-03-10 22:37:37.543 TRACE 20712 --- [    Test worker] o.h.type.descriptor.sql.BasicExtractor   : extracted value ([id1_7_] : [BIGINT]) - [142]
2021-03-10 22:37:37.543 TRACE 20712 --- [    Test worker] o.h.type.descriptor.sql.BasicExtractor   : extracted value ([id1_7_] : [BIGINT]) - [143]
2021-03-10 22:37:37.543 TRACE 20712 --- [    Test worker] o.h.type.descriptor.sql.BasicExtractor   : extracted value ([id1_7_] : [BIGINT]) - [144]
2021-03-10 22:37:37.543 TRACE 20712 --- [    Test worker] o.h.type.descriptor.sql.BasicExtractor   : extracted value ([id1_7_] : [BIGINT]) - [145]
Hibernate: 
    select
        zone0_.id as id1_7_,
        zone0_.city as city2_7_,
        zone0_.local_name_of_city as local_na3_7_,
        zone0_.province as province4_7_ 
    from
        zone zone0_
2021-03-10 22:37:37.543 TRACE 20712 --- [    Test worker] o.h.type.descriptor.sql.BasicExtractor   : extracted value ([id1_7_] : [BIGINT]) - [61]
2021-03-10 22:37:37.543 TRACE 20712 --- [    Test worker] o.h.type.descriptor.sql.BasicExtractor   : extracted value ([id1_7_] : [BIGINT]) - [62]
2021-03-10 22:37:37.543 TRACE 20712 --- [    Test worker] o.h.type.descriptor.sql.BasicExtractor   : extracted value ([id1_7_] : [BIGINT]) - [63]
2021-03-10 22:37:37.543 TRACE 20712 --- [    Test worker] o.h.type.descriptor.sql.BasicExtractor   : extracted value ([id1_7_] : [BIGINT]) - [64]
2021-03-10 22:37:37.543 TRACE 20712 --- [    Test worker] o.h.type.descriptor.sql.BasicExtractor   : extracted value ([id1_7_] : [BIGINT]) - [65]
2021-03-10 22:37:37.543 TRACE 20712 --- [    Test worker] o.h.type.descriptor.sql.BasicExtractor   : extracted value ([id1_7_] : [BIGINT]) - [66]
2021-03-10 22:37:37.543 TRACE 20712 --- [    Test worker] o.h.type.descriptor.sql.BasicExtractor   : extracted value ([id1_7_] : [BIGINT]) - [67]
2021-03-10 22:37:37.543 TRACE 20712 --- [    Test worker] o.h.type.descriptor.sql.BasicExtractor   : extracted value ([id1_7_] : [BIGINT]) - [68]
2021-03-10 22:37:37.543 TRACE 20712 --- [    Test worker] o.h.type.descriptor.sql.BasicExtractor   : extracted value ([id1_7_] : [BIGINT]) - [69]
2021-03-10 22:37:37.543 TRACE 20712 --- [    Test worker] o.h.type.descriptor.sql.BasicExtractor   : extracted value ([id1_7_] : [BIGINT]) - [70]
2021-03-10 22:37:37.543 TRACE 20712 --- [    Test worker] o.h.type.descriptor.sql.BasicExtractor   : extracted value ([id1_7_] : [BIGINT]) - [71]
2021-03-10 22:37:37.543 TRACE 20712 --- [    Test worker] o.h.type.descriptor.sql.BasicExtractor   : extracted value ([id1_7_] : [BIGINT]) - [72]
2021-03-10 22:37:37.543 TRACE 20712 --- [    Test worker] o.h.type.descriptor.sql.BasicExtractor   : extracted value ([id1_7_] : [BIGINT]) - [73]
2021-03-10 22:37:37.543 TRACE 20712 --- [    Test worker] o.h.type.descriptor.sql.BasicExtractor   : extracted value ([id1_7_] : [BIGINT]) - [74]
2021-03-10 22:37:37.543 TRACE 20712 --- [    Test worker] o.h.type.descriptor.sql.BasicExtractor   : extracted value ([id1_7_] : [BIGINT]) - [75]
2021-03-10 22:37:37.543 TRACE 20712 --- [    Test worker] o.h.type.descriptor.sql.BasicExtractor   : extracted value ([id1_7_] : [BIGINT]) - [76]
2021-03-10 22:37:37.543 TRACE 20712 --- [    Test worker] o.h.type.descriptor.sql.BasicExtractor   : extracted value ([id1_7_] : [BIGINT]) - [77]
2021-03-10 22:37:37.543 TRACE 20712 --- [    Test worker] o.h.type.descriptor.sql.BasicExtractor   : extracted value ([id1_7_] : [BIGINT]) - [78]
2021-03-10 22:37:37.543 TRACE 20712 --- [    Test worker] o.h.type.descriptor.sql.BasicExtractor   : extracted value ([id1_7_] : [BIGINT]) - [79]
2021-03-10 22:37:37.543 TRACE 20712 --- [    Test worker] o.h.type.descriptor.sql.BasicExtractor   : extracted value ([id1_7_] : [BIGINT]) - [80]
2021-03-10 22:37:37.543 TRACE 20712 --- [    Test worker] o.h.type.descriptor.sql.BasicExtractor   : extracted value ([id1_7_] : [BIGINT]) - [81]
2021-03-10 22:37:37.543 TRACE 20712 --- [    Test worker] o.h.type.descriptor.sql.BasicExtractor   : extracted value ([id1_7_] : [BIGINT]) - [82]
2021-03-10 22:37:37.543 TRACE 20712 --- [    Test worker] o.h.type.descriptor.sql.BasicExtractor   : extracted value ([id1_7_] : [BIGINT]) - [83]
2021-03-10 22:37:37.543 TRACE 20712 --- [    Test worker] o.h.type.descriptor.sql.BasicExtractor   : extracted value ([id1_7_] : [BIGINT]) - [84]
2021-03-10 22:37:37.543 TRACE 20712 --- [    Test worker] o.h.type.descriptor.sql.BasicExtractor   : extracted value ([id1_7_] : [BIGINT]) - [85]
2021-03-10 22:37:37.543 TRACE 20712 --- [    Test worker] o.h.type.descriptor.sql.BasicExtractor   : extracted value ([id1_7_] : [BIGINT]) - [86]
2021-03-10 22:37:37.543 TRACE 20712 --- [    Test worker] o.h.type.descriptor.sql.BasicExtractor   : extracted value ([id1_7_] : [BIGINT]) - [87]
2021-03-10 22:37:37.543 TRACE 20712 --- [    Test worker] o.h.type.descriptor.sql.BasicExtractor   : extracted value ([id1_7_] : [BIGINT]) - [88]
2021-03-10 22:37:37.543 TRACE 20712 --- [    Test worker] o.h.type.descriptor.sql.BasicExtractor   : extracted value ([id1_7_] : [BIGINT]) - [89]
2021-03-10 22:37:37.543 TRACE 20712 --- [    Test worker] o.h.type.descriptor.sql.BasicExtractor   : extracted value ([id1_7_] : [BIGINT]) - [90]
2021-03-10 22:37:37.543 TRACE 20712 --- [    Test worker] o.h.type.descriptor.sql.BasicExtractor   : extracted value ([id1_7_] : [BIGINT]) - [91]
2021-03-10 22:37:37.543 TRACE 20712 --- [    Test worker] o.h.type.descriptor.sql.BasicExtractor   : extracted value ([id1_7_] : [BIGINT]) - [92]
2021-03-10 22:37:37.543 TRACE 20712 --- [    Test worker] o.h.type.descriptor.sql.BasicExtractor   : extracted value ([id1_7_] : [BIGINT]) - [93]
2021-03-10 22:37:37.543 TRACE 20712 --- [    Test worker] o.h.type.descriptor.sql.BasicExtractor   : extracted value ([id1_7_] : [BIGINT]) - [94]
2021-03-10 22:37:37.543 TRACE 20712 --- [    Test worker] o.h.type.descriptor.sql.BasicExtractor   : extracted value ([id1_7_] : [BIGINT]) - [95]
2021-03-10 22:37:37.543 TRACE 20712 --- [    Test worker] o.h.type.descriptor.sql.BasicExtractor   : extracted value ([id1_7_] : [BIGINT]) - [96]
2021-03-10 22:37:37.543 TRACE 20712 --- [    Test worker] o.h.type.descriptor.sql.BasicExtractor   : extracted value ([id1_7_] : [BIGINT]) - [97]
2021-03-10 22:37:37.543 TRACE 20712 --- [    Test worker] o.h.type.descriptor.sql.BasicExtractor   : extracted value ([id1_7_] : [BIGINT]) - [98]
2021-03-10 22:37:37.543 TRACE 20712 --- [    Test worker] o.h.type.descriptor.sql.BasicExtractor   : extracted value ([id1_7_] : [BIGINT]) - [99]
2021-03-10 22:37:37.543 TRACE 20712 --- [    Test worker] o.h.type.descriptor.sql.BasicExtractor   : extracted value ([id1_7_] : [BIGINT]) - [100]
2021-03-10 22:37:37.543 TRACE 20712 --- [    Test worker] o.h.type.descriptor.sql.BasicExtractor   : extracted value ([id1_7_] : [BIGINT]) - [101]
2021-03-10 22:37:37.543 TRACE 20712 --- [    Test worker] o.h.type.descriptor.sql.BasicExtractor   : extracted value ([id1_7_] : [BIGINT]) - [102]
2021-03-10 22:37:37.543 TRACE 20712 --- [    Test worker] o.h.type.descriptor.sql.BasicExtractor   : extracted value ([id1_7_] : [BIGINT]) - [103]
2021-03-10 22:37:37.543 TRACE 20712 --- [    Test worker] o.h.type.descriptor.sql.BasicExtractor   : extracted value ([id1_7_] : [BIGINT]) - [104]
2021-03-10 22:37:37.543 TRACE 20712 --- [    Test worker] o.h.type.descriptor.sql.BasicExtractor   : extracted value ([id1_7_] : [BIGINT]) - [105]
2021-03-10 22:37:37.543 TRACE 20712 --- [    Test worker] o.h.type.descriptor.sql.BasicExtractor   : extracted value ([id1_7_] : [BIGINT]) - [106]
2021-03-10 22:37:37.543 TRACE 20712 --- [    Test worker] o.h.type.descriptor.sql.BasicExtractor   : extracted value ([id1_7_] : [BIGINT]) - [107]
2021-03-10 22:37:37.543 TRACE 20712 --- [    Test worker] o.h.type.descriptor.sql.BasicExtractor   : extracted value ([id1_7_] : [BIGINT]) - [108]
2021-03-10 22:37:37.543 TRACE 20712 --- [    Test worker] o.h.type.descriptor.sql.BasicExtractor   : extracted value ([id1_7_] : [BIGINT]) - [109]
2021-03-10 22:37:37.543 TRACE 20712 --- [    Test worker] o.h.type.descriptor.sql.BasicExtractor   : extracted value ([id1_7_] : [BIGINT]) - [110]
2021-03-10 22:37:37.543 TRACE 20712 --- [    Test worker] o.h.type.descriptor.sql.BasicExtractor   : extracted value ([id1_7_] : [BIGINT]) - [111]
2021-03-10 22:37:37.543 TRACE 20712 --- [    Test worker] o.h.type.descriptor.sql.BasicExtractor   : extracted value ([id1_7_] : [BIGINT]) - [112]
2021-03-10 22:37:37.543 TRACE 20712 --- [    Test worker] o.h.type.descriptor.sql.BasicExtractor   : extracted value ([id1_7_] : [BIGINT]) - [113]
2021-03-10 22:37:37.543 TRACE 20712 --- [    Test worker] o.h.type.descriptor.sql.BasicExtractor   : extracted value ([id1_7_] : [BIGINT]) - [114]
2021-03-10 22:37:37.543 TRACE 20712 --- [    Test worker] o.h.type.descriptor.sql.BasicExtractor   : extracted value ([id1_7_] : [BIGINT]) - [115]
2021-03-10 22:37:37.543 TRACE 20712 --- [    Test worker] o.h.type.descriptor.sql.BasicExtractor   : extracted value ([id1_7_] : [BIGINT]) - [116]
2021-03-10 22:37:37.543 TRACE 20712 --- [    Test worker] o.h.type.descriptor.sql.BasicExtractor   : extracted value ([id1_7_] : [BIGINT]) - [117]
2021-03-10 22:37:37.543 TRACE 20712 --- [    Test worker] o.h.type.descriptor.sql.BasicExtractor   : extracted value ([id1_7_] : [BIGINT]) - [118]
2021-03-10 22:37:37.543 TRACE 20712 --- [    Test worker] o.h.type.descriptor.sql.BasicExtractor   : extracted value ([id1_7_] : [BIGINT]) - [119]
2021-03-10 22:37:37.543 TRACE 20712 --- [    Test worker] o.h.type.descriptor.sql.BasicExtractor   : extracted value ([id1_7_] : [BIGINT]) - [120]
2021-03-10 22:37:37.543 TRACE 20712 --- [    Test worker] o.h.type.descriptor.sql.BasicExtractor   : extracted value ([id1_7_] : [BIGINT]) - [121]
2021-03-10 22:37:37.543 TRACE 20712 --- [    Test worker] o.h.type.descriptor.sql.BasicExtractor   : extracted value ([id1_7_] : [BIGINT]) - [122]
2021-03-10 22:37:37.543 TRACE 20712 --- [    Test worker] o.h.type.descriptor.sql.BasicExtractor   : extracted value ([id1_7_] : [BIGINT]) - [123]
2021-03-10 22:37:37.543 TRACE 20712 --- [    Test worker] o.h.type.descriptor.sql.BasicExtractor   : extracted value ([id1_7_] : [BIGINT]) - [124]
2021-03-10 22:37:37.543 TRACE 20712 --- [    Test worker] o.h.type.descriptor.sql.BasicExtractor   : extracted value ([id1_7_] : [BIGINT]) - [125]
2021-03-10 22:37:37.543 TRACE 20712 --- [    Test worker] o.h.type.descriptor.sql.BasicExtractor   : extracted value ([id1_7_] : [BIGINT]) - [126]
2021-03-10 22:37:37.543 TRACE 20712 --- [    Test worker] o.h.type.descriptor.sql.BasicExtractor   : extracted value ([id1_7_] : [BIGINT]) - [127]
2021-03-10 22:37:37.543 TRACE 20712 --- [    Test worker] o.h.type.descriptor.sql.BasicExtractor   : extracted value ([id1_7_] : [BIGINT]) - [128]
2021-03-10 22:37:37.543 TRACE 20712 --- [    Test worker] o.h.type.descriptor.sql.BasicExtractor   : extracted value ([id1_7_] : [BIGINT]) - [129]
2021-03-10 22:37:37.543 TRACE 20712 --- [    Test worker] o.h.type.descriptor.sql.BasicExtractor   : extracted value ([id1_7_] : [BIGINT]) - [130]
2021-03-10 22:37:37.543 TRACE 20712 --- [    Test worker] o.h.type.descriptor.sql.BasicExtractor   : extracted value ([id1_7_] : [BIGINT]) - [131]
2021-03-10 22:37:37.543 TRACE 20712 --- [    Test worker] o.h.type.descriptor.sql.BasicExtractor   : extracted value ([id1_7_] : [BIGINT]) - [132]
2021-03-10 22:37:37.543 TRACE 20712 --- [    Test worker] o.h.type.descriptor.sql.BasicExtractor   : extracted value ([id1_7_] : [BIGINT]) - [133]
2021-03-10 22:37:37.543 TRACE 20712 --- [    Test worker] o.h.type.descriptor.sql.BasicExtractor   : extracted value ([id1_7_] : [BIGINT]) - [134]
2021-03-10 22:37:37.543 TRACE 20712 --- [    Test worker] o.h.type.descriptor.sql.BasicExtractor   : extracted value ([id1_7_] : [BIGINT]) - [135]
2021-03-10 22:37:37.543 TRACE 20712 --- [    Test worker] o.h.type.descriptor.sql.BasicExtractor   : extracted value ([id1_7_] : [BIGINT]) - [136]
2021-03-10 22:37:37.543 TRACE 20712 --- [    Test worker] o.h.type.descriptor.sql.BasicExtractor   : extracted value ([id1_7_] : [BIGINT]) - [137]
2021-03-10 22:37:37.543 TRACE 20712 --- [    Test worker] o.h.type.descriptor.sql.BasicExtractor   : extracted value ([id1_7_] : [BIGINT]) - [138]
2021-03-10 22:37:37.543 TRACE 20712 --- [    Test worker] o.h.type.descriptor.sql.BasicExtractor   : extracted value ([id1_7_] : [BIGINT]) - [139]
2021-03-10 22:37:37.543 TRACE 20712 --- [    Test worker] o.h.type.descriptor.sql.BasicExtractor   : extracted value ([id1_7_] : [BIGINT]) - [140]
2021-03-10 22:37:37.543 TRACE 20712 --- [    Test worker] o.h.type.descriptor.sql.BasicExtractor   : extracted value ([id1_7_] : [BIGINT]) - [141]
2021-03-10 22:37:37.543 TRACE 20712 --- [    Test worker] o.h.type.descriptor.sql.BasicExtractor   : extracted value ([id1_7_] : [BIGINT]) - [142]
2021-03-10 22:37:37.543 TRACE 20712 --- [    Test worker] o.h.type.descriptor.sql.BasicExtractor   : extracted value ([id1_7_] : [BIGINT]) - [143]
2021-03-10 22:37:37.543 TRACE 20712 --- [    Test worker] o.h.type.descriptor.sql.BasicExtractor   : extracted value ([id1_7_] : [BIGINT]) - [144]
2021-03-10 22:37:37.543 TRACE 20712 --- [    Test worker] o.h.type.descriptor.sql.BasicExtractor   : extracted value ([id1_7_] : [BIGINT]) - [145]
Hibernate: 
    select
        zone0_.id as id1_7_,
        zone0_.city as city2_7_,
        zone0_.local_name_of_city as local_na3_7_,
        zone0_.province as province4_7_ 
    from
        zone zone0_
2021-03-10 22:37:37.543 TRACE 20712 --- [    Test worker] o.h.type.descriptor.sql.BasicExtractor   : extracted value ([id1_7_] : [BIGINT]) - [61]
2021-03-10 22:37:37.543 TRACE 20712 --- [    Test worker] o.h.type.descriptor.sql.BasicExtractor   : extracted value ([id1_7_] : [BIGINT]) - [62]
2021-03-10 22:37:37.543 TRACE 20712 --- [    Test worker] o.h.type.descriptor.sql.BasicExtractor   : extracted value ([id1_7_] : [BIGINT]) - [63]
2021-03-10 22:37:37.543 TRACE 20712 --- [    Test worker] o.h.type.descriptor.sql.BasicExtractor   : extracted value ([id1_7_] : [BIGINT]) - [64]
2021-03-10 22:37:37.543 TRACE 20712 --- [    Test worker] o.h.type.descriptor.sql.BasicExtractor   : extracted value ([id1_7_] : [BIGINT]) - [65]
2021-03-10 22:37:37.543 TRACE 20712 --- [    Test worker] o.h.type.descriptor.sql.BasicExtractor   : extracted value ([id1_7_] : [BIGINT]) - [66]
2021-03-10 22:37:37.543 TRACE 20712 --- [    Test worker] o.h.type.descriptor.sql.BasicExtractor   : extracted value ([id1_7_] : [BIGINT]) - [67]
2021-03-10 22:37:37.543 TRACE 20712 --- [    Test worker] o.h.type.descriptor.sql.BasicExtractor   : extracted value ([id1_7_] : [BIGINT]) - [68]
2021-03-10 22:37:37.543 TRACE 20712 --- [    Test worker] o.h.type.descriptor.sql.BasicExtractor   : extracted value ([id1_7_] : [BIGINT]) - [69]
2021-03-10 22:37:37.543 TRACE 20712 --- [    Test worker] o.h.type.descriptor.sql.BasicExtractor   : extracted value ([id1_7_] : [BIGINT]) - [70]
2021-03-10 22:37:37.543 TRACE 20712 --- [    Test worker] o.h.type.descriptor.sql.BasicExtractor   : extracted value ([id1_7_] : [BIGINT]) - [71]
2021-03-10 22:37:37.543 TRACE 20712 --- [    Test worker] o.h.type.descriptor.sql.BasicExtractor   : extracted value ([id1_7_] : [BIGINT]) - [72]
2021-03-10 22:37:37.543 TRACE 20712 --- [    Test worker] o.h.type.descriptor.sql.BasicExtractor   : extracted value ([id1_7_] : [BIGINT]) - [73]
2021-03-10 22:37:37.543 TRACE 20712 --- [    Test worker] o.h.type.descriptor.sql.BasicExtractor   : extracted value ([id1_7_] : [BIGINT]) - [74]
2021-03-10 22:37:37.543 TRACE 20712 --- [    Test worker] o.h.type.descriptor.sql.BasicExtractor   : extracted value ([id1_7_] : [BIGINT]) - [75]
2021-03-10 22:37:37.543 TRACE 20712 --- [    Test worker] o.h.type.descriptor.sql.BasicExtractor   : extracted value ([id1_7_] : [BIGINT]) - [76]
2021-03-10 22:37:37.543 TRACE 20712 --- [    Test worker] o.h.type.descriptor.sql.BasicExtractor   : extracted value ([id1_7_] : [BIGINT]) - [77]
2021-03-10 22:37:37.543 TRACE 20712 --- [    Test worker] o.h.type.descriptor.sql.BasicExtractor   : extracted value ([id1_7_] : [BIGINT]) - [78]
2021-03-10 22:37:37.543 TRACE 20712 --- [    Test worker] o.h.type.descriptor.sql.BasicExtractor   : extracted value ([id1_7_] : [BIGINT]) - [79]
2021-03-10 22:37:37.543 TRACE 20712 --- [    Test worker] o.h.type.descriptor.sql.BasicExtractor   : extracted value ([id1_7_] : [BIGINT]) - [80]
2021-03-10 22:37:37.543 TRACE 20712 --- [    Test worker] o.h.type.descriptor.sql.BasicExtractor   : extracted value ([id1_7_] : [BIGINT]) - [81]
2021-03-10 22:37:37.543 TRACE 20712 --- [    Test worker] o.h.type.descriptor.sql.BasicExtractor   : extracted value ([id1_7_] : [BIGINT]) - [82]
2021-03-10 22:37:37.543 TRACE 20712 --- [    Test worker] o.h.type.descriptor.sql.BasicExtractor   : extracted value ([id1_7_] : [BIGINT]) - [83]
2021-03-10 22:37:37.543 TRACE 20712 --- [    Test worker] o.h.type.descriptor.sql.BasicExtractor   : extracted value ([id1_7_] : [BIGINT]) - [84]
2021-03-10 22:37:37.543 TRACE 20712 --- [    Test worker] o.h.type.descriptor.sql.BasicExtractor   : extracted value ([id1_7_] : [BIGINT]) - [85]
2021-03-10 22:37:37.543 TRACE 20712 --- [    Test worker] o.h.type.descriptor.sql.BasicExtractor   : extracted value ([id1_7_] : [BIGINT]) - [86]
2021-03-10 22:37:37.543 TRACE 20712 --- [    Test worker] o.h.type.descriptor.sql.BasicExtractor   : extracted value ([id1_7_] : [BIGINT]) - [87]
2021-03-10 22:37:37.543 TRACE 20712 --- [    Test worker] o.h.type.descriptor.sql.BasicExtractor   : extracted value ([id1_7_] : [BIGINT]) - [88]
2021-03-10 22:37:37.543 TRACE 20712 --- [    Test worker] o.h.type.descriptor.sql.BasicExtractor   : extracted value ([id1_7_] : [BIGINT]) - [89]
2021-03-10 22:37:37.543 TRACE 20712 --- [    Test worker] o.h.type.descriptor.sql.BasicExtractor   : extracted value ([id1_7_] : [BIGINT]) - [90]
2021-03-10 22:37:37.543 TRACE 20712 --- [    Test worker] o.h.type.descriptor.sql.BasicExtractor   : extracted value ([id1_7_] : [BIGINT]) - [91]
2021-03-10 22:37:37.543 TRACE 20712 --- [    Test worker] o.h.type.descriptor.sql.BasicExtractor   : extracted value ([id1_7_] : [BIGINT]) - [92]
2021-03-10 22:37:37.543 TRACE 20712 --- [    Test worker] o.h.type.descriptor.sql.BasicExtractor   : extracted value ([id1_7_] : [BIGINT]) - [93]
2021-03-10 22:37:37.543 TRACE 20712 --- [    Test worker] o.h.type.descriptor.sql.BasicExtractor   : extracted value ([id1_7_] : [BIGINT]) - [94]
2021-03-10 22:37:37.543 TRACE 20712 --- [    Test worker] o.h.type.descriptor.sql.BasicExtractor   : extracted value ([id1_7_] : [BIGINT]) - [95]
2021-03-10 22:37:37.543 TRACE 20712 --- [    Test worker] o.h.type.descriptor.sql.BasicExtractor   : extracted value ([id1_7_] : [BIGINT]) - [96]
2021-03-10 22:37:37.543 TRACE 20712 --- [    Test worker] o.h.type.descriptor.sql.BasicExtractor   : extracted value ([id1_7_] : [BIGINT]) - [97]
2021-03-10 22:37:37.543 TRACE 20712 --- [    Test worker] o.h.type.descriptor.sql.BasicExtractor   : extracted value ([id1_7_] : [BIGINT]) - [98]
2021-03-10 22:37:37.543 TRACE 20712 --- [    Test worker] o.h.type.descriptor.sql.BasicExtractor   : extracted value ([id1_7_] : [BIGINT]) - [99]
2021-03-10 22:37:37.543 TRACE 20712 --- [    Test worker] o.h.type.descriptor.sql.BasicExtractor   : extracted value ([id1_7_] : [BIGINT]) - [100]
2021-03-10 22:37:37.543 TRACE 20712 --- [    Test worker] o.h.type.descriptor.sql.BasicExtractor   : extracted value ([id1_7_] : [BIGINT]) - [101]
2021-03-10 22:37:37.543 TRACE 20712 --- [    Test worker] o.h.type.descriptor.sql.BasicExtractor   : extracted value ([id1_7_] : [BIGINT]) - [102]
2021-03-10 22:37:37.543 TRACE 20712 --- [    Test worker] o.h.type.descriptor.sql.BasicExtractor   : extracted value ([id1_7_] : [BIGINT]) - [103]
2021-03-10 22:37:37.543 TRACE 20712 --- [    Test worker] o.h.type.descriptor.sql.BasicExtractor   : extracted value ([id1_7_] : [BIGINT]) - [104]
2021-03-10 22:37:37.543 TRACE 20712 --- [    Test worker] o.h.type.descriptor.sql.BasicExtractor   : extracted value ([id1_7_] : [BIGINT]) - [105]
2021-03-10 22:37:37.543 TRACE 20712 --- [    Test worker] o.h.type.descriptor.sql.BasicExtractor   : extracted value ([id1_7_] : [BIGINT]) - [106]
2021-03-10 22:37:37.543 TRACE 20712 --- [    Test worker] o.h.type.descriptor.sql.BasicExtractor   : extracted value ([id1_7_] : [BIGINT]) - [107]
2021-03-10 22:37:37.543 TRACE 20712 --- [    Test worker] o.h.type.descriptor.sql.BasicExtractor   : extracted value ([id1_7_] : [BIGINT]) - [108]
2021-03-10 22:37:37.543 TRACE 20712 --- [    Test worker] o.h.type.descriptor.sql.BasicExtractor   : extracted value ([id1_7_] : [BIGINT]) - [109]
2021-03-10 22:37:37.543 TRACE 20712 --- [    Test worker] o.h.type.descriptor.sql.BasicExtractor   : extracted value ([id1_7_] : [BIGINT]) - [110]
2021-03-10 22:37:37.543 TRACE 20712 --- [    Test worker] o.h.type.descriptor.sql.BasicExtractor   : extracted value ([id1_7_] : [BIGINT]) - [111]
2021-03-10 22:37:37.543 TRACE 20712 --- [    Test worker] o.h.type.descriptor.sql.BasicExtractor   : extracted value ([id1_7_] : [BIGINT]) - [112]
2021-03-10 22:37:37.543 TRACE 20712 --- [    Test worker] o.h.type.descriptor.sql.BasicExtractor   : extracted value ([id1_7_] : [BIGINT]) - [113]
2021-03-10 22:37:37.543 TRACE 20712 --- [    Test worker] o.h.type.descriptor.sql.BasicExtractor   : extracted value ([id1_7_] : [BIGINT]) - [114]
2021-03-10 22:37:37.543 TRACE 20712 --- [    Test worker] o.h.type.descriptor.sql.BasicExtractor   : extracted value ([id1_7_] : [BIGINT]) - [115]
2021-03-10 22:37:37.543 TRACE 20712 --- [    Test worker] o.h.type.descriptor.sql.BasicExtractor   : extracted value ([id1_7_] : [BIGINT]) - [116]
2021-03-10 22:37:37.543 TRACE 20712 --- [    Test worker] o.h.type.descriptor.sql.BasicExtractor   : extracted value ([id1_7_] : [BIGINT]) - [117]
2021-03-10 22:37:37.543 TRACE 20712 --- [    Test worker] o.h.type.descriptor.sql.BasicExtractor   : extracted value ([id1_7_] : [BIGINT]) - [118]
2021-03-10 22:37:37.543 TRACE 20712 --- [    Test worker] o.h.type.descriptor.sql.BasicExtractor   : extracted value ([id1_7_] : [BIGINT]) - [119]
2021-03-10 22:37:37.543 TRACE 20712 --- [    Test worker] o.h.type.descriptor.sql.BasicExtractor   : extracted value ([id1_7_] : [BIGINT]) - [120]
2021-03-10 22:37:37.543 TRACE 20712 --- [    Test worker] o.h.type.descriptor.sql.BasicExtractor   : extracted value ([id1_7_] : [BIGINT]) - [121]
2021-03-10 22:37:37.543 TRACE 20712 --- [    Test worker] o.h.type.descriptor.sql.BasicExtractor   : extracted value ([id1_7_] : [BIGINT]) - [122]
2021-03-10 22:37:37.543 TRACE 20712 --- [    Test worker] o.h.type.descriptor.sql.BasicExtractor   : extracted value ([id1_7_] : [BIGINT]) - [123]
2021-03-10 22:37:37.543 TRACE 20712 --- [    Test worker] o.h.type.descriptor.sql.BasicExtractor   : extracted value ([id1_7_] : [BIGINT]) - [124]
2021-03-10 22:37:37.543 TRACE 20712 --- [    Test worker] o.h.type.descriptor.sql.BasicExtractor   : extracted value ([id1_7_] : [BIGINT]) - [125]
2021-03-10 22:37:37.543 TRACE 20712 --- [    Test worker] o.h.type.descriptor.sql.BasicExtractor   : extracted value ([id1_7_] : [BIGINT]) - [126]
2021-03-10 22:37:37.543 TRACE 20712 --- [    Test worker] o.h.type.descriptor.sql.BasicExtractor   : extracted value ([id1_7_] : [BIGINT]) - [127]
2021-03-10 22:37:37.543 TRACE 20712 --- [    Test worker] o.h.type.descriptor.sql.BasicExtractor   : extracted value ([id1_7_] : [BIGINT]) - [128]
2021-03-10 22:37:37.543 TRACE 20712 --- [    Test worker] o.h.type.descriptor.sql.BasicExtractor   : extracted value ([id1_7_] : [BIGINT]) - [129]
2021-03-10 22:37:37.543 TRACE 20712 --- [    Test worker] o.h.type.descriptor.sql.BasicExtractor   : extracted value ([id1_7_] : [BIGINT]) - [130]
2021-03-10 22:37:37.543 TRACE 20712 --- [    Test worker] o.h.type.descriptor.sql.BasicExtractor   : extracted value ([id1_7_] : [BIGINT]) - [131]
2021-03-10 22:37:37.543 TRACE 20712 --- [    Test worker] o.h.type.descriptor.sql.BasicExtractor   : extracted value ([id1_7_] : [BIGINT]) - [132]
2021-03-10 22:37:37.543 TRACE 20712 --- [    Test worker] o.h.type.descriptor.sql.BasicExtractor   : extracted value ([id1_7_] : [BIGINT]) - [133]
2021-03-10 22:37:37.543 TRACE 20712 --- [    Test worker] o.h.type.descriptor.sql.BasicExtractor   : extracted value ([id1_7_] : [BIGINT]) - [134]
2021-03-10 22:37:37.543 TRACE 20712 --- [    Test worker] o.h.type.descriptor.sql.BasicExtractor   : extracted value ([id1_7_] : [BIGINT]) - [135]
2021-03-10 22:37:37.543 TRACE 20712 --- [    Test worker] o.h.type.descriptor.sql.BasicExtractor   : extracted value ([id1_7_] : [BIGINT]) - [136]
2021-03-10 22:37:37.543 TRACE 20712 --- [    Test worker] o.h.type.descriptor.sql.BasicExtractor   : extracted value ([id1_7_] : [BIGINT]) - [137]
2021-03-10 22:37:37.543 TRACE 20712 --- [    Test worker] o.h.type.descriptor.sql.BasicExtractor   : extracted value ([id1_7_] : [BIGINT]) - [138]
2021-03-10 22:37:37.543 TRACE 20712 --- [    Test worker] o.h.type.descriptor.sql.BasicExtractor   : extracted value ([id1_7_] : [BIGINT]) - [139]
2021-03-10 22:37:37.543 TRACE 20712 --- [    Test worker] o.h.type.descriptor.sql.BasicExtractor   : extracted value ([id1_7_] : [BIGINT]) - [140]
2021-03-10 22:37:37.543 TRACE 20712 --- [    Test worker] o.h.type.descriptor.sql.BasicExtractor   : extracted value ([id1_7_] : [BIGINT]) - [141]
2021-03-10 22:37:37.543 TRACE 20712 --- [    Test worker] o.h.type.descriptor.sql.BasicExtractor   : extracted value ([id1_7_] : [BIGINT]) - [142]
2021-03-10 22:37:37.543 TRACE 20712 --- [    Test worker] o.h.type.descriptor.sql.BasicExtractor   : extracted value ([id1_7_] : [BIGINT]) - [143]
2021-03-10 22:37:37.543 TRACE 20712 --- [    Test worker] o.h.type.descriptor.sql.BasicExtractor   : extracted value ([id1_7_] : [BIGINT]) - [144]
2021-03-10 22:37:37.543 TRACE 20712 --- [    Test worker] o.h.type.descriptor.sql.BasicExtractor   : extracted value ([id1_7_] : [BIGINT]) - [145]
Hibernate: 
    select
        zone0_.id as id1_7_,
        zone0_.city as city2_7_,
        zone0_.local_name_of_city as local_na3_7_,
        zone0_.province as province4_7_ 
    from
        zone zone0_
2021-03-10 22:37:37.559 TRACE 20712 --- [    Test worker] o.h.type.descriptor.sql.BasicExtractor   : extracted value ([id1_7_] : [BIGINT]) - [61]
2021-03-10 22:37:37.559 TRACE 20712 --- [    Test worker] o.h.type.descriptor.sql.BasicExtractor   : extracted value ([id1_7_] : [BIGINT]) - [62]
2021-03-10 22:37:37.559 TRACE 20712 --- [    Test worker] o.h.type.descriptor.sql.BasicExtractor   : extracted value ([id1_7_] : [BIGINT]) - [63]
2021-03-10 22:37:37.559 TRACE 20712 --- [    Test worker] o.h.type.descriptor.sql.BasicExtractor   : extracted value ([id1_7_] : [BIGINT]) - [64]
2021-03-10 22:37:37.559 TRACE 20712 --- [    Test worker] o.h.type.descriptor.sql.BasicExtractor   : extracted value ([id1_7_] : [BIGINT]) - [65]
2021-03-10 22:37:37.559 TRACE 20712 --- [    Test worker] o.h.type.descriptor.sql.BasicExtractor   : extracted value ([id1_7_] : [BIGINT]) - [66]
2021-03-10 22:37:37.559 TRACE 20712 --- [    Test worker] o.h.type.descriptor.sql.BasicExtractor   : extracted value ([id1_7_] : [BIGINT]) - [67]
2021-03-10 22:37:37.559 TRACE 20712 --- [    Test worker] o.h.type.descriptor.sql.BasicExtractor   : extracted value ([id1_7_] : [BIGINT]) - [68]
2021-03-10 22:37:37.559 TRACE 20712 --- [    Test worker] o.h.type.descriptor.sql.BasicExtractor   : extracted value ([id1_7_] : [BIGINT]) - [69]
2021-03-10 22:37:37.559 TRACE 20712 --- [    Test worker] o.h.type.descriptor.sql.BasicExtractor   : extracted value ([id1_7_] : [BIGINT]) - [70]
2021-03-10 22:37:37.559 TRACE 20712 --- [    Test worker] o.h.type.descriptor.sql.BasicExtractor   : extracted value ([id1_7_] : [BIGINT]) - [71]
2021-03-10 22:37:37.559 TRACE 20712 --- [    Test worker] o.h.type.descriptor.sql.BasicExtractor   : extracted value ([id1_7_] : [BIGINT]) - [72]
2021-03-10 22:37:37.559 TRACE 20712 --- [    Test worker] o.h.type.descriptor.sql.BasicExtractor   : extracted value ([id1_7_] : [BIGINT]) - [73]
2021-03-10 22:37:37.559 TRACE 20712 --- [    Test worker] o.h.type.descriptor.sql.BasicExtractor   : extracted value ([id1_7_] : [BIGINT]) - [74]
2021-03-10 22:37:37.559 TRACE 20712 --- [    Test worker] o.h.type.descriptor.sql.BasicExtractor   : extracted value ([id1_7_] : [BIGINT]) - [75]
2021-03-10 22:37:37.559 TRACE 20712 --- [    Test worker] o.h.type.descriptor.sql.BasicExtractor   : extracted value ([id1_7_] : [BIGINT]) - [76]
2021-03-10 22:37:37.559 TRACE 20712 --- [    Test worker] o.h.type.descriptor.sql.BasicExtractor   : extracted value ([id1_7_] : [BIGINT]) - [77]
2021-03-10 22:37:37.559 TRACE 20712 --- [    Test worker] o.h.type.descriptor.sql.BasicExtractor   : extracted value ([id1_7_] : [BIGINT]) - [78]
2021-03-10 22:37:37.559 TRACE 20712 --- [    Test worker] o.h.type.descriptor.sql.BasicExtractor   : extracted value ([id1_7_] : [BIGINT]) - [79]
2021-03-10 22:37:37.559 TRACE 20712 --- [    Test worker] o.h.type.descriptor.sql.BasicExtractor   : extracted value ([id1_7_] : [BIGINT]) - [80]
2021-03-10 22:37:37.559 TRACE 20712 --- [    Test worker] o.h.type.descriptor.sql.BasicExtractor   : extracted value ([id1_7_] : [BIGINT]) - [81]
2021-03-10 22:37:37.559 TRACE 20712 --- [    Test worker] o.h.type.descriptor.sql.BasicExtractor   : extracted value ([id1_7_] : [BIGINT]) - [82]
2021-03-10 22:37:37.559 TRACE 20712 --- [    Test worker] o.h.type.descriptor.sql.BasicExtractor   : extracted value ([id1_7_] : [BIGINT]) - [83]
2021-03-10 22:37:37.559 TRACE 20712 --- [    Test worker] o.h.type.descriptor.sql.BasicExtractor   : extracted value ([id1_7_] : [BIGINT]) - [84]
2021-03-10 22:37:37.559 TRACE 20712 --- [    Test worker] o.h.type.descriptor.sql.BasicExtractor   : extracted value ([id1_7_] : [BIGINT]) - [85]
2021-03-10 22:37:37.559 TRACE 20712 --- [    Test worker] o.h.type.descriptor.sql.BasicExtractor   : extracted value ([id1_7_] : [BIGINT]) - [86]
2021-03-10 22:37:37.559 TRACE 20712 --- [    Test worker] o.h.type.descriptor.sql.BasicExtractor   : extracted value ([id1_7_] : [BIGINT]) - [87]
2021-03-10 22:37:37.559 TRACE 20712 --- [    Test worker] o.h.type.descriptor.sql.BasicExtractor   : extracted value ([id1_7_] : [BIGINT]) - [88]
2021-03-10 22:37:37.559 TRACE 20712 --- [    Test worker] o.h.type.descriptor.sql.BasicExtractor   : extracted value ([id1_7_] : [BIGINT]) - [89]
2021-03-10 22:37:37.559 TRACE 20712 --- [    Test worker] o.h.type.descriptor.sql.BasicExtractor   : extracted value ([id1_7_] : [BIGINT]) - [90]
2021-03-10 22:37:37.559 TRACE 20712 --- [    Test worker] o.h.type.descriptor.sql.BasicExtractor   : extracted value ([id1_7_] : [BIGINT]) - [91]
2021-03-10 22:37:37.559 TRACE 20712 --- [    Test worker] o.h.type.descriptor.sql.BasicExtractor   : extracted value ([id1_7_] : [BIGINT]) - [92]
2021-03-10 22:37:37.559 TRACE 20712 --- [    Test worker] o.h.type.descriptor.sql.BasicExtractor   : extracted value ([id1_7_] : [BIGINT]) - [93]
2021-03-10 22:37:37.559 TRACE 20712 --- [    Test worker] o.h.type.descriptor.sql.BasicExtractor   : extracted value ([id1_7_] : [BIGINT]) - [94]
2021-03-10 22:37:37.559 TRACE 20712 --- [    Test worker] o.h.type.descriptor.sql.BasicExtractor   : extracted value ([id1_7_] : [BIGINT]) - [95]
2021-03-10 22:37:37.559 TRACE 20712 --- [    Test worker] o.h.type.descriptor.sql.BasicExtractor   : extracted value ([id1_7_] : [BIGINT]) - [96]
2021-03-10 22:37:37.559 TRACE 20712 --- [    Test worker] o.h.type.descriptor.sql.BasicExtractor   : extracted value ([id1_7_] : [BIGINT]) - [97]
2021-03-10 22:37:37.559 TRACE 20712 --- [    Test worker] o.h.type.descriptor.sql.BasicExtractor   : extracted value ([id1_7_] : [BIGINT]) - [98]
2021-03-10 22:37:37.559 TRACE 20712 --- [    Test worker] o.h.type.descriptor.sql.BasicExtractor   : extracted value ([id1_7_] : [BIGINT]) - [99]
2021-03-10 22:37:37.559 TRACE 20712 --- [    Test worker] o.h.type.descriptor.sql.BasicExtractor   : extracted value ([id1_7_] : [BIGINT]) - [100]
2021-03-10 22:37:37.559 TRACE 20712 --- [    Test worker] o.h.type.descriptor.sql.BasicExtractor   : extracted value ([id1_7_] : [BIGINT]) - [101]
2021-03-10 22:37:37.559 TRACE 20712 --- [    Test worker] o.h.type.descriptor.sql.BasicExtractor   : extracted value ([id1_7_] : [BIGINT]) - [102]
2021-03-10 22:37:37.559 TRACE 20712 --- [    Test worker] o.h.type.descriptor.sql.BasicExtractor   : extracted value ([id1_7_] : [BIGINT]) - [103]
2021-03-10 22:37:37.559 TRACE 20712 --- [    Test worker] o.h.type.descriptor.sql.BasicExtractor   : extracted value ([id1_7_] : [BIGINT]) - [104]
2021-03-10 22:37:37.559 TRACE 20712 --- [    Test worker] o.h.type.descriptor.sql.BasicExtractor   : extracted value ([id1_7_] : [BIGINT]) - [105]
2021-03-10 22:37:37.559 TRACE 20712 --- [    Test worker] o.h.type.descriptor.sql.BasicExtractor   : extracted value ([id1_7_] : [BIGINT]) - [106]
2021-03-10 22:37:37.559 TRACE 20712 --- [    Test worker] o.h.type.descriptor.sql.BasicExtractor   : extracted value ([id1_7_] : [BIGINT]) - [107]
2021-03-10 22:37:37.559 TRACE 20712 --- [    Test worker] o.h.type.descriptor.sql.BasicExtractor   : extracted value ([id1_7_] : [BIGINT]) - [108]
2021-03-10 22:37:37.559 TRACE 20712 --- [    Test worker] o.h.type.descriptor.sql.BasicExtractor   : extracted value ([id1_7_] : [BIGINT]) - [109]
2021-03-10 22:37:37.559 TRACE 20712 --- [    Test worker] o.h.type.descriptor.sql.BasicExtractor   : extracted value ([id1_7_] : [BIGINT]) - [110]
2021-03-10 22:37:37.559 TRACE 20712 --- [    Test worker] o.h.type.descriptor.sql.BasicExtractor   : extracted value ([id1_7_] : [BIGINT]) - [111]
2021-03-10 22:37:37.559 TRACE 20712 --- [    Test worker] o.h.type.descriptor.sql.BasicExtractor   : extracted value ([id1_7_] : [BIGINT]) - [112]
2021-03-10 22:37:37.559 TRACE 20712 --- [    Test worker] o.h.type.descriptor.sql.BasicExtractor   : extracted value ([id1_7_] : [BIGINT]) - [113]
2021-03-10 22:37:37.559 TRACE 20712 --- [    Test worker] o.h.type.descriptor.sql.BasicExtractor   : extracted value ([id1_7_] : [BIGINT]) - [114]
2021-03-10 22:37:37.559 TRACE 20712 --- [    Test worker] o.h.type.descriptor.sql.BasicExtractor   : extracted value ([id1_7_] : [BIGINT]) - [115]
2021-03-10 22:37:37.559 TRACE 20712 --- [    Test worker] o.h.type.descriptor.sql.BasicExtractor   : extracted value ([id1_7_] : [BIGINT]) - [116]
2021-03-10 22:37:37.559 TRACE 20712 --- [    Test worker] o.h.type.descriptor.sql.BasicExtractor   : extracted value ([id1_7_] : [BIGINT]) - [117]
2021-03-10 22:37:37.559 TRACE 20712 --- [    Test worker] o.h.type.descriptor.sql.BasicExtractor   : extracted value ([id1_7_] : [BIGINT]) - [118]
2021-03-10 22:37:37.559 TRACE 20712 --- [    Test worker] o.h.type.descriptor.sql.BasicExtractor   : extracted value ([id1_7_] : [BIGINT]) - [119]
2021-03-10 22:37:37.559 TRACE 20712 --- [    Test worker] o.h.type.descriptor.sql.BasicExtractor   : extracted value ([id1_7_] : [BIGINT]) - [120]
2021-03-10 22:37:37.559 TRACE 20712 --- [    Test worker] o.h.type.descriptor.sql.BasicExtractor   : extracted value ([id1_7_] : [BIGINT]) - [121]
2021-03-10 22:37:37.559 TRACE 20712 --- [    Test worker] o.h.type.descriptor.sql.BasicExtractor   : extracted value ([id1_7_] : [BIGINT]) - [122]
2021-03-10 22:37:37.559 TRACE 20712 --- [    Test worker] o.h.type.descriptor.sql.BasicExtractor   : extracted value ([id1_7_] : [BIGINT]) - [123]
2021-03-10 22:37:37.559 TRACE 20712 --- [    Test worker] o.h.type.descriptor.sql.BasicExtractor   : extracted value ([id1_7_] : [BIGINT]) - [124]
2021-03-10 22:37:37.559 TRACE 20712 --- [    Test worker] o.h.type.descriptor.sql.BasicExtractor   : extracted value ([id1_7_] : [BIGINT]) - [125]
2021-03-10 22:37:37.559 TRACE 20712 --- [    Test worker] o.h.type.descriptor.sql.BasicExtractor   : extracted value ([id1_7_] : [BIGINT]) - [126]
2021-03-10 22:37:37.559 TRACE 20712 --- [    Test worker] o.h.type.descriptor.sql.BasicExtractor   : extracted value ([id1_7_] : [BIGINT]) - [127]
2021-03-10 22:37:37.559 TRACE 20712 --- [    Test worker] o.h.type.descriptor.sql.BasicExtractor   : extracted value ([id1_7_] : [BIGINT]) - [128]
2021-03-10 22:37:37.559 TRACE 20712 --- [    Test worker] o.h.type.descriptor.sql.BasicExtractor   : extracted value ([id1_7_] : [BIGINT]) - [129]
2021-03-10 22:37:37.559 TRACE 20712 --- [    Test worker] o.h.type.descriptor.sql.BasicExtractor   : extracted value ([id1_7_] : [BIGINT]) - [130]
2021-03-10 22:37:37.559 TRACE 20712 --- [    Test worker] o.h.type.descriptor.sql.BasicExtractor   : extracted value ([id1_7_] : [BIGINT]) - [131]
2021-03-10 22:37:37.559 TRACE 20712 --- [    Test worker] o.h.type.descriptor.sql.BasicExtractor   : extracted value ([id1_7_] : [BIGINT]) - [132]
2021-03-10 22:37:37.559 TRACE 20712 --- [    Test worker] o.h.type.descriptor.sql.BasicExtractor   : extracted value ([id1_7_] : [BIGINT]) - [133]
2021-03-10 22:37:37.559 TRACE 20712 --- [    Test worker] o.h.type.descriptor.sql.BasicExtractor   : extracted value ([id1_7_] : [BIGINT]) - [134]
2021-03-10 22:37:37.559 TRACE 20712 --- [    Test worker] o.h.type.descriptor.sql.BasicExtractor   : extracted value ([id1_7_] : [BIGINT]) - [135]
2021-03-10 22:37:37.559 TRACE 20712 --- [    Test worker] o.h.type.descriptor.sql.BasicExtractor   : extracted value ([id1_7_] : [BIGINT]) - [136]
2021-03-10 22:37:37.559 TRACE 20712 --- [    Test worker] o.h.type.descriptor.sql.BasicExtractor   : extracted value ([id1_7_] : [BIGINT]) - [137]
2021-03-10 22:37:37.559 TRACE 20712 --- [    Test worker] o.h.type.descriptor.sql.BasicExtractor   : extracted value ([id1_7_] : [BIGINT]) - [138]
2021-03-10 22:37:37.559 TRACE 20712 --- [    Test worker] o.h.type.descriptor.sql.BasicExtractor   : extracted value ([id1_7_] : [BIGINT]) - [139]
2021-03-10 22:37:37.559 TRACE 20712 --- [    Test worker] o.h.type.descriptor.sql.BasicExtractor   : extracted value ([id1_7_] : [BIGINT]) - [140]
2021-03-10 22:37:37.559 TRACE 20712 --- [    Test worker] o.h.type.descriptor.sql.BasicExtractor   : extracted value ([id1_7_] : [BIGINT]) - [141]
2021-03-10 22:37:37.559 TRACE 20712 --- [    Test worker] o.h.type.descriptor.sql.BasicExtractor   : extracted value ([id1_7_] : [BIGINT]) - [142]
2021-03-10 22:37:37.559 TRACE 20712 --- [    Test worker] o.h.type.descriptor.sql.BasicExtractor   : extracted value ([id1_7_] : [BIGINT]) - [143]
2021-03-10 22:37:37.559 TRACE 20712 --- [    Test worker] o.h.type.descriptor.sql.BasicExtractor   : extracted value ([id1_7_] : [BIGINT]) - [144]
2021-03-10 22:37:37.559 TRACE 20712 --- [    Test worker] o.h.type.descriptor.sql.BasicExtractor   : extracted value ([id1_7_] : [BIGINT]) - [145]
Hibernate: 
    select
        zone0_.id as id1_7_,
        zone0_.city as city2_7_,
        zone0_.local_name_of_city as local_na3_7_,
        zone0_.province as province4_7_ 
    from
        zone zone0_
2021-03-10 22:37:37.559 TRACE 20712 --- [    Test worker] o.h.type.descriptor.sql.BasicExtractor   : extracted value ([id1_7_] : [BIGINT]) - [61]
2021-03-10 22:37:37.559 TRACE 20712 --- [    Test worker] o.h.type.descriptor.sql.BasicExtractor   : extracted value ([id1_7_] : [BIGINT]) - [62]
2021-03-10 22:37:37.559 TRACE 20712 --- [    Test worker] o.h.type.descriptor.sql.BasicExtractor   : extracted value ([id1_7_] : [BIGINT]) - [63]
2021-03-10 22:37:37.559 TRACE 20712 --- [    Test worker] o.h.type.descriptor.sql.BasicExtractor   : extracted value ([id1_7_] : [BIGINT]) - [64]
2021-03-10 22:37:37.559 TRACE 20712 --- [    Test worker] o.h.type.descriptor.sql.BasicExtractor   : extracted value ([id1_7_] : [BIGINT]) - [65]
2021-03-10 22:37:37.559 TRACE 20712 --- [    Test worker] o.h.type.descriptor.sql.BasicExtractor   : extracted value ([id1_7_] : [BIGINT]) - [66]
2021-03-10 22:37:37.559 TRACE 20712 --- [    Test worker] o.h.type.descriptor.sql.BasicExtractor   : extracted value ([id1_7_] : [BIGINT]) - [67]
2021-03-10 22:37:37.559 TRACE 20712 --- [    Test worker] o.h.type.descriptor.sql.BasicExtractor   : extracted value ([id1_7_] : [BIGINT]) - [68]
2021-03-10 22:37:37.559 TRACE 20712 --- [    Test worker] o.h.type.descriptor.sql.BasicExtractor   : extracted value ([id1_7_] : [BIGINT]) - [69]
2021-03-10 22:37:37.559 TRACE 20712 --- [    Test worker] o.h.type.descriptor.sql.BasicExtractor   : extracted value ([id1_7_] : [BIGINT]) - [70]
2021-03-10 22:37:37.559 TRACE 20712 --- [    Test worker] o.h.type.descriptor.sql.BasicExtractor   : extracted value ([id1_7_] : [BIGINT]) - [71]
2021-03-10 22:37:37.559 TRACE 20712 --- [    Test worker] o.h.type.descriptor.sql.BasicExtractor   : extracted value ([id1_7_] : [BIGINT]) - [72]
2021-03-10 22:37:37.559 TRACE 20712 --- [    Test worker] o.h.type.descriptor.sql.BasicExtractor   : extracted value ([id1_7_] : [BIGINT]) - [73]
2021-03-10 22:37:37.559 TRACE 20712 --- [    Test worker] o.h.type.descriptor.sql.BasicExtractor   : extracted value ([id1_7_] : [BIGINT]) - [74]
2021-03-10 22:37:37.559 TRACE 20712 --- [    Test worker] o.h.type.descriptor.sql.BasicExtractor   : extracted value ([id1_7_] : [BIGINT]) - [75]
2021-03-10 22:37:37.559 TRACE 20712 --- [    Test worker] o.h.type.descriptor.sql.BasicExtractor   : extracted value ([id1_7_] : [BIGINT]) - [76]
2021-03-10 22:37:37.559 TRACE 20712 --- [    Test worker] o.h.type.descriptor.sql.BasicExtractor   : extracted value ([id1_7_] : [BIGINT]) - [77]
2021-03-10 22:37:37.559 TRACE 20712 --- [    Test worker] o.h.type.descriptor.sql.BasicExtractor   : extracted value ([id1_7_] : [BIGINT]) - [78]
2021-03-10 22:37:37.559 TRACE 20712 --- [    Test worker] o.h.type.descriptor.sql.BasicExtractor   : extracted value ([id1_7_] : [BIGINT]) - [79]
2021-03-10 22:37:37.559 TRACE 20712 --- [    Test worker] o.h.type.descriptor.sql.BasicExtractor   : extracted value ([id1_7_] : [BIGINT]) - [80]
2021-03-10 22:37:37.559 TRACE 20712 --- [    Test worker] o.h.type.descriptor.sql.BasicExtractor   : extracted value ([id1_7_] : [BIGINT]) - [81]
2021-03-10 22:37:37.559 TRACE 20712 --- [    Test worker] o.h.type.descriptor.sql.BasicExtractor   : extracted value ([id1_7_] : [BIGINT]) - [82]
2021-03-10 22:37:37.559 TRACE 20712 --- [    Test worker] o.h.type.descriptor.sql.BasicExtractor   : extracted value ([id1_7_] : [BIGINT]) - [83]
2021-03-10 22:37:37.559 TRACE 20712 --- [    Test worker] o.h.type.descriptor.sql.BasicExtractor   : extracted value ([id1_7_] : [BIGINT]) - [84]
2021-03-10 22:37:37.559 TRACE 20712 --- [    Test worker] o.h.type.descriptor.sql.BasicExtractor   : extracted value ([id1_7_] : [BIGINT]) - [85]
2021-03-10 22:37:37.559 TRACE 20712 --- [    Test worker] o.h.type.descriptor.sql.BasicExtractor   : extracted value ([id1_7_] : [BIGINT]) - [86]
2021-03-10 22:37:37.559 TRACE 20712 --- [    Test worker] o.h.type.descriptor.sql.BasicExtractor   : extracted value ([id1_7_] : [BIGINT]) - [87]
2021-03-10 22:37:37.559 TRACE 20712 --- [    Test worker] o.h.type.descriptor.sql.BasicExtractor   : extracted value ([id1_7_] : [BIGINT]) - [88]
2021-03-10 22:37:37.559 TRACE 20712 --- [    Test worker] o.h.type.descriptor.sql.BasicExtractor   : extracted value ([id1_7_] : [BIGINT]) - [89]
2021-03-10 22:37:37.559 TRACE 20712 --- [    Test worker] o.h.type.descriptor.sql.BasicExtractor   : extracted value ([id1_7_] : [BIGINT]) - [90]
2021-03-10 22:37:37.559 TRACE 20712 --- [    Test worker] o.h.type.descriptor.sql.BasicExtractor   : extracted value ([id1_7_] : [BIGINT]) - [91]
2021-03-10 22:37:37.559 TRACE 20712 --- [    Test worker] o.h.type.descriptor.sql.BasicExtractor   : extracted value ([id1_7_] : [BIGINT]) - [92]
2021-03-10 22:37:37.559 TRACE 20712 --- [    Test worker] o.h.type.descriptor.sql.BasicExtractor   : extracted value ([id1_7_] : [BIGINT]) - [93]
2021-03-10 22:37:37.559 TRACE 20712 --- [    Test worker] o.h.type.descriptor.sql.BasicExtractor   : extracted value ([id1_7_] : [BIGINT]) - [94]
2021-03-10 22:37:37.559 TRACE 20712 --- [    Test worker] o.h.type.descriptor.sql.BasicExtractor   : extracted value ([id1_7_] : [BIGINT]) - [95]
2021-03-10 22:37:37.559 TRACE 20712 --- [    Test worker] o.h.type.descriptor.sql.BasicExtractor   : extracted value ([id1_7_] : [BIGINT]) - [96]
2021-03-10 22:37:37.559 TRACE 20712 --- [    Test worker] o.h.type.descriptor.sql.BasicExtractor   : extracted value ([id1_7_] : [BIGINT]) - [97]
2021-03-10 22:37:37.559 TRACE 20712 --- [    Test worker] o.h.type.descriptor.sql.BasicExtractor   : extracted value ([id1_7_] : [BIGINT]) - [98]
2021-03-10 22:37:37.559 TRACE 20712 --- [    Test worker] o.h.type.descriptor.sql.BasicExtractor   : extracted value ([id1_7_] : [BIGINT]) - [99]
2021-03-10 22:37:37.559 TRACE 20712 --- [    Test worker] o.h.type.descriptor.sql.BasicExtractor   : extracted value ([id1_7_] : [BIGINT]) - [100]
2021-03-10 22:37:37.559 TRACE 20712 --- [    Test worker] o.h.type.descriptor.sql.BasicExtractor   : extracted value ([id1_7_] : [BIGINT]) - [101]
2021-03-10 22:37:37.559 TRACE 20712 --- [    Test worker] o.h.type.descriptor.sql.BasicExtractor   : extracted value ([id1_7_] : [BIGINT]) - [102]
2021-03-10 22:37:37.559 TRACE 20712 --- [    Test worker] o.h.type.descriptor.sql.BasicExtractor   : extracted value ([id1_7_] : [BIGINT]) - [103]
2021-03-10 22:37:37.559 TRACE 20712 --- [    Test worker] o.h.type.descriptor.sql.BasicExtractor   : extracted value ([id1_7_] : [BIGINT]) - [104]
2021-03-10 22:37:37.559 TRACE 20712 --- [    Test worker] o.h.type.descriptor.sql.BasicExtractor   : extracted value ([id1_7_] : [BIGINT]) - [105]
2021-03-10 22:37:37.559 TRACE 20712 --- [    Test worker] o.h.type.descriptor.sql.BasicExtractor   : extracted value ([id1_7_] : [BIGINT]) - [106]
2021-03-10 22:37:37.559 TRACE 20712 --- [    Test worker] o.h.type.descriptor.sql.BasicExtractor   : extracted value ([id1_7_] : [BIGINT]) - [107]
2021-03-10 22:37:37.559 TRACE 20712 --- [    Test worker] o.h.type.descriptor.sql.BasicExtractor   : extracted value ([id1_7_] : [BIGINT]) - [108]
2021-03-10 22:37:37.559 TRACE 20712 --- [    Test worker] o.h.type.descriptor.sql.BasicExtractor   : extracted value ([id1_7_] : [BIGINT]) - [109]
2021-03-10 22:37:37.559 TRACE 20712 --- [    Test worker] o.h.type.descriptor.sql.BasicExtractor   : extracted value ([id1_7_] : [BIGINT]) - [110]
2021-03-10 22:37:37.559 TRACE 20712 --- [    Test worker] o.h.type.descriptor.sql.BasicExtractor   : extracted value ([id1_7_] : [BIGINT]) - [111]
2021-03-10 22:37:37.559 TRACE 20712 --- [    Test worker] o.h.type.descriptor.sql.BasicExtractor   : extracted value ([id1_7_] : [BIGINT]) - [112]
2021-03-10 22:37:37.559 TRACE 20712 --- [    Test worker] o.h.type.descriptor.sql.BasicExtractor   : extracted value ([id1_7_] : [BIGINT]) - [113]
2021-03-10 22:37:37.559 TRACE 20712 --- [    Test worker] o.h.type.descriptor.sql.BasicExtractor   : extracted value ([id1_7_] : [BIGINT]) - [114]
2021-03-10 22:37:37.559 TRACE 20712 --- [    Test worker] o.h.type.descriptor.sql.BasicExtractor   : extracted value ([id1_7_] : [BIGINT]) - [115]
2021-03-10 22:37:37.559 TRACE 20712 --- [    Test worker] o.h.type.descriptor.sql.BasicExtractor   : extracted value ([id1_7_] : [BIGINT]) - [116]
2021-03-10 22:37:37.559 TRACE 20712 --- [    Test worker] o.h.type.descriptor.sql.BasicExtractor   : extracted value ([id1_7_] : [BIGINT]) - [117]
2021-03-10 22:37:37.559 TRACE 20712 --- [    Test worker] o.h.type.descriptor.sql.BasicExtractor   : extracted value ([id1_7_] : [BIGINT]) - [118]
2021-03-10 22:37:37.559 TRACE 20712 --- [    Test worker] o.h.type.descriptor.sql.BasicExtractor   : extracted value ([id1_7_] : [BIGINT]) - [119]
2021-03-10 22:37:37.559 TRACE 20712 --- [    Test worker] o.h.type.descriptor.sql.BasicExtractor   : extracted value ([id1_7_] : [BIGINT]) - [120]
2021-03-10 22:37:37.559 TRACE 20712 --- [    Test worker] o.h.type.descriptor.sql.BasicExtractor   : extracted value ([id1_7_] : [BIGINT]) - [121]
2021-03-10 22:37:37.559 TRACE 20712 --- [    Test worker] o.h.type.descriptor.sql.BasicExtractor   : extracted value ([id1_7_] : [BIGINT]) - [122]
2021-03-10 22:37:37.559 TRACE 20712 --- [    Test worker] o.h.type.descriptor.sql.BasicExtractor   : extracted value ([id1_7_] : [BIGINT]) - [123]
2021-03-10 22:37:37.559 TRACE 20712 --- [    Test worker] o.h.type.descriptor.sql.BasicExtractor   : extracted value ([id1_7_] : [BIGINT]) - [124]
2021-03-10 22:37:37.559 TRACE 20712 --- [    Test worker] o.h.type.descriptor.sql.BasicExtractor   : extracted value ([id1_7_] : [BIGINT]) - [125]
2021-03-10 22:37:37.559 TRACE 20712 --- [    Test worker] o.h.type.descriptor.sql.BasicExtractor   : extracted value ([id1_7_] : [BIGINT]) - [126]
2021-03-10 22:37:37.559 TRACE 20712 --- [    Test worker] o.h.type.descriptor.sql.BasicExtractor   : extracted value ([id1_7_] : [BIGINT]) - [127]
2021-03-10 22:37:37.559 TRACE 20712 --- [    Test worker] o.h.type.descriptor.sql.BasicExtractor   : extracted value ([id1_7_] : [BIGINT]) - [128]
2021-03-10 22:37:37.559 TRACE 20712 --- [    Test worker] o.h.type.descriptor.sql.BasicExtractor   : extracted value ([id1_7_] : [BIGINT]) - [129]
2021-03-10 22:37:37.559 TRACE 20712 --- [    Test worker] o.h.type.descriptor.sql.BasicExtractor   : extracted value ([id1_7_] : [BIGINT]) - [130]
2021-03-10 22:37:37.559 TRACE 20712 --- [    Test worker] o.h.type.descriptor.sql.BasicExtractor   : extracted value ([id1_7_] : [BIGINT]) - [131]
2021-03-10 22:37:37.559 TRACE 20712 --- [    Test worker] o.h.type.descriptor.sql.BasicExtractor   : extracted value ([id1_7_] : [BIGINT]) - [132]
2021-03-10 22:37:37.559 TRACE 20712 --- [    Test worker] o.h.type.descriptor.sql.BasicExtractor   : extracted value ([id1_7_] : [BIGINT]) - [133]
2021-03-10 22:37:37.559 TRACE 20712 --- [    Test worker] o.h.type.descriptor.sql.BasicExtractor   : extracted value ([id1_7_] : [BIGINT]) - [134]
2021-03-10 22:37:37.559 TRACE 20712 --- [    Test worker] o.h.type.descriptor.sql.BasicExtractor   : extracted value ([id1_7_] : [BIGINT]) - [135]
2021-03-10 22:37:37.559 TRACE 20712 --- [    Test worker] o.h.type.descriptor.sql.BasicExtractor   : extracted value ([id1_7_] : [BIGINT]) - [136]
2021-03-10 22:37:37.559 TRACE 20712 --- [    Test worker] o.h.type.descriptor.sql.BasicExtractor   : extracted value ([id1_7_] : [BIGINT]) - [137]
2021-03-10 22:37:37.559 TRACE 20712 --- [    Test worker] o.h.type.descriptor.sql.BasicExtractor   : extracted value ([id1_7_] : [BIGINT]) - [138]
2021-03-10 22:37:37.559 TRACE 20712 --- [    Test worker] o.h.type.descriptor.sql.BasicExtractor   : extracted value ([id1_7_] : [BIGINT]) - [139]
2021-03-10 22:37:37.559 TRACE 20712 --- [    Test worker] o.h.type.descriptor.sql.BasicExtractor   : extracted value ([id1_7_] : [BIGINT]) - [140]
2021-03-10 22:37:37.559 TRACE 20712 --- [    Test worker] o.h.type.descriptor.sql.BasicExtractor   : extracted value ([id1_7_] : [BIGINT]) - [141]
2021-03-10 22:37:37.559 TRACE 20712 --- [    Test worker] o.h.type.descriptor.sql.BasicExtractor   : extracted value ([id1_7_] : [BIGINT]) - [142]
2021-03-10 22:37:37.559 TRACE 20712 --- [    Test worker] o.h.type.descriptor.sql.BasicExtractor   : extracted value ([id1_7_] : [BIGINT]) - [143]
2021-03-10 22:37:37.559 TRACE 20712 --- [    Test worker] o.h.type.descriptor.sql.BasicExtractor   : extracted value ([id1_7_] : [BIGINT]) - [144]
2021-03-10 22:37:37.559 TRACE 20712 --- [    Test worker] o.h.type.descriptor.sql.BasicExtractor   : extracted value ([id1_7_] : [BIGINT]) - [145]
Hibernate: 
    select
        zone0_.id as id1_7_,
        zone0_.city as city2_7_,
        zone0_.local_name_of_city as local_na3_7_,
        zone0_.province as province4_7_ 
    from
        zone zone0_
2021-03-10 22:37:37.559 TRACE 20712 --- [    Test worker] o.h.type.descriptor.sql.BasicExtractor   : extracted value ([id1_7_] : [BIGINT]) - [61]
2021-03-10 22:37:37.559 TRACE 20712 --- [    Test worker] o.h.type.descriptor.sql.BasicExtractor   : extracted value ([id1_7_] : [BIGINT]) - [62]
2021-03-10 22:37:37.559 TRACE 20712 --- [    Test worker] o.h.type.descriptor.sql.BasicExtractor   : extracted value ([id1_7_] : [BIGINT]) - [63]
2021-03-10 22:37:37.559 TRACE 20712 --- [    Test worker] o.h.type.descriptor.sql.BasicExtractor   : extracted value ([id1_7_] : [BIGINT]) - [64]
2021-03-10 22:37:37.559 TRACE 20712 --- [    Test worker] o.h.type.descriptor.sql.BasicExtractor   : extracted value ([id1_7_] : [BIGINT]) - [65]
2021-03-10 22:37:37.559 TRACE 20712 --- [    Test worker] o.h.type.descriptor.sql.BasicExtractor   : extracted value ([id1_7_] : [BIGINT]) - [66]
2021-03-10 22:37:37.559 TRACE 20712 --- [    Test worker] o.h.type.descriptor.sql.BasicExtractor   : extracted value ([id1_7_] : [BIGINT]) - [67]
2021-03-10 22:37:37.559 TRACE 20712 --- [    Test worker] o.h.type.descriptor.sql.BasicExtractor   : extracted value ([id1_7_] : [BIGINT]) - [68]
2021-03-10 22:37:37.559 TRACE 20712 --- [    Test worker] o.h.type.descriptor.sql.BasicExtractor   : extracted value ([id1_7_] : [BIGINT]) - [69]
2021-03-10 22:37:37.559 TRACE 20712 --- [    Test worker] o.h.type.descriptor.sql.BasicExtractor   : extracted value ([id1_7_] : [BIGINT]) - [70]
2021-03-10 22:37:37.559 TRACE 20712 --- [    Test worker] o.h.type.descriptor.sql.BasicExtractor   : extracted value ([id1_7_] : [BIGINT]) - [71]
2021-03-10 22:37:37.559 TRACE 20712 --- [    Test worker] o.h.type.descriptor.sql.BasicExtractor   : extracted value ([id1_7_] : [BIGINT]) - [72]
2021-03-10 22:37:37.559 TRACE 20712 --- [    Test worker] o.h.type.descriptor.sql.BasicExtractor   : extracted value ([id1_7_] : [BIGINT]) - [73]
2021-03-10 22:37:37.559 TRACE 20712 --- [    Test worker] o.h.type.descriptor.sql.BasicExtractor   : extracted value ([id1_7_] : [BIGINT]) - [74]
2021-03-10 22:37:37.559 TRACE 20712 --- [    Test worker] o.h.type.descriptor.sql.BasicExtractor   : extracted value ([id1_7_] : [BIGINT]) - [75]
2021-03-10 22:37:37.559 TRACE 20712 --- [    Test worker] o.h.type.descriptor.sql.BasicExtractor   : extracted value ([id1_7_] : [BIGINT]) - [76]
2021-03-10 22:37:37.559 TRACE 20712 --- [    Test worker] o.h.type.descriptor.sql.BasicExtractor   : extracted value ([id1_7_] : [BIGINT]) - [77]
2021-03-10 22:37:37.559 TRACE 20712 --- [    Test worker] o.h.type.descriptor.sql.BasicExtractor   : extracted value ([id1_7_] : [BIGINT]) - [78]
2021-03-10 22:37:37.559 TRACE 20712 --- [    Test worker] o.h.type.descriptor.sql.BasicExtractor   : extracted value ([id1_7_] : [BIGINT]) - [79]
2021-03-10 22:37:37.559 TRACE 20712 --- [    Test worker] o.h.type.descriptor.sql.BasicExtractor   : extracted value ([id1_7_] : [BIGINT]) - [80]
2021-03-10 22:37:37.559 TRACE 20712 --- [    Test worker] o.h.type.descriptor.sql.BasicExtractor   : extracted value ([id1_7_] : [BIGINT]) - [81]
2021-03-10 22:37:37.559 TRACE 20712 --- [    Test worker] o.h.type.descriptor.sql.BasicExtractor   : extracted value ([id1_7_] : [BIGINT]) - [82]
2021-03-10 22:37:37.559 TRACE 20712 --- [    Test worker] o.h.type.descriptor.sql.BasicExtractor   : extracted value ([id1_7_] : [BIGINT]) - [83]
2021-03-10 22:37:37.559 TRACE 20712 --- [    Test worker] o.h.type.descriptor.sql.BasicExtractor   : extracted value ([id1_7_] : [BIGINT]) - [84]
2021-03-10 22:37:37.559 TRACE 20712 --- [    Test worker] o.h.type.descriptor.sql.BasicExtractor   : extracted value ([id1_7_] : [BIGINT]) - [85]
2021-03-10 22:37:37.559 TRACE 20712 --- [    Test worker] o.h.type.descriptor.sql.BasicExtractor   : extracted value ([id1_7_] : [BIGINT]) - [86]
2021-03-10 22:37:37.559 TRACE 20712 --- [    Test worker] o.h.type.descriptor.sql.BasicExtractor   : extracted value ([id1_7_] : [BIGINT]) - [87]
2021-03-10 22:37:37.559 TRACE 20712 --- [    Test worker] o.h.type.descriptor.sql.BasicExtractor   : extracted value ([id1_7_] : [BIGINT]) - [88]
2021-03-10 22:37:37.559 TRACE 20712 --- [    Test worker] o.h.type.descriptor.sql.BasicExtractor   : extracted value ([id1_7_] : [BIGINT]) - [89]
2021-03-10 22:37:37.559 TRACE 20712 --- [    Test worker] o.h.type.descriptor.sql.BasicExtractor   : extracted value ([id1_7_] : [BIGINT]) - [90]
2021-03-10 22:37:37.559 TRACE 20712 --- [    Test worker] o.h.type.descriptor.sql.BasicExtractor   : extracted value ([id1_7_] : [BIGINT]) - [91]
2021-03-10 22:37:37.559 TRACE 20712 --- [    Test worker] o.h.type.descriptor.sql.BasicExtractor   : extracted value ([id1_7_] : [BIGINT]) - [92]
2021-03-10 22:37:37.559 TRACE 20712 --- [    Test worker] o.h.type.descriptor.sql.BasicExtractor   : extracted value ([id1_7_] : [BIGINT]) - [93]
2021-03-10 22:37:37.559 TRACE 20712 --- [    Test worker] o.h.type.descriptor.sql.BasicExtractor   : extracted value ([id1_7_] : [BIGINT]) - [94]
2021-03-10 22:37:37.559 TRACE 20712 --- [    Test worker] o.h.type.descriptor.sql.BasicExtractor   : extracted value ([id1_7_] : [BIGINT]) - [95]
2021-03-10 22:37:37.559 TRACE 20712 --- [    Test worker] o.h.type.descriptor.sql.BasicExtractor   : extracted value ([id1_7_] : [BIGINT]) - [96]
2021-03-10 22:37:37.559 TRACE 20712 --- [    Test worker] o.h.type.descriptor.sql.BasicExtractor   : extracted value ([id1_7_] : [BIGINT]) - [97]
2021-03-10 22:37:37.559 TRACE 20712 --- [    Test worker] o.h.type.descriptor.sql.BasicExtractor   : extracted value ([id1_7_] : [BIGINT]) - [98]
2021-03-10 22:37:37.559 TRACE 20712 --- [    Test worker] o.h.type.descriptor.sql.BasicExtractor   : extracted value ([id1_7_] : [BIGINT]) - [99]
2021-03-10 22:37:37.559 TRACE 20712 --- [    Test worker] o.h.type.descriptor.sql.BasicExtractor   : extracted value ([id1_7_] : [BIGINT]) - [100]
2021-03-10 22:37:37.559 TRACE 20712 --- [    Test worker] o.h.type.descriptor.sql.BasicExtractor   : extracted value ([id1_7_] : [BIGINT]) - [101]
2021-03-10 22:37:37.559 TRACE 20712 --- [    Test worker] o.h.type.descriptor.sql.BasicExtractor   : extracted value ([id1_7_] : [BIGINT]) - [102]
2021-03-10 22:37:37.559 TRACE 20712 --- [    Test worker] o.h.type.descriptor.sql.BasicExtractor   : extracted value ([id1_7_] : [BIGINT]) - [103]
2021-03-10 22:37:37.559 TRACE 20712 --- [    Test worker] o.h.type.descriptor.sql.BasicExtractor   : extracted value ([id1_7_] : [BIGINT]) - [104]
2021-03-10 22:37:37.559 TRACE 20712 --- [    Test worker] o.h.type.descriptor.sql.BasicExtractor   : extracted value ([id1_7_] : [BIGINT]) - [105]
2021-03-10 22:37:37.559 TRACE 20712 --- [    Test worker] o.h.type.descriptor.sql.BasicExtractor   : extracted value ([id1_7_] : [BIGINT]) - [106]
2021-03-10 22:37:37.559 TRACE 20712 --- [    Test worker] o.h.type.descriptor.sql.BasicExtractor   : extracted value ([id1_7_] : [BIGINT]) - [107]
2021-03-10 22:37:37.559 TRACE 20712 --- [    Test worker] o.h.type.descriptor.sql.BasicExtractor   : extracted value ([id1_7_] : [BIGINT]) - [108]
2021-03-10 22:37:37.559 TRACE 20712 --- [    Test worker] o.h.type.descriptor.sql.BasicExtractor   : extracted value ([id1_7_] : [BIGINT]) - [109]
2021-03-10 22:37:37.559 TRACE 20712 --- [    Test worker] o.h.type.descriptor.sql.BasicExtractor   : extracted value ([id1_7_] : [BIGINT]) - [110]
2021-03-10 22:37:37.559 TRACE 20712 --- [    Test worker] o.h.type.descriptor.sql.BasicExtractor   : extracted value ([id1_7_] : [BIGINT]) - [111]
2021-03-10 22:37:37.559 TRACE 20712 --- [    Test worker] o.h.type.descriptor.sql.BasicExtractor   : extracted value ([id1_7_] : [BIGINT]) - [112]
2021-03-10 22:37:37.559 TRACE 20712 --- [    Test worker] o.h.type.descriptor.sql.BasicExtractor   : extracted value ([id1_7_] : [BIGINT]) - [113]
2021-03-10 22:37:37.559 TRACE 20712 --- [    Test worker] o.h.type.descriptor.sql.BasicExtractor   : extracted value ([id1_7_] : [BIGINT]) - [114]
2021-03-10 22:37:37.559 TRACE 20712 --- [    Test worker] o.h.type.descriptor.sql.BasicExtractor   : extracted value ([id1_7_] : [BIGINT]) - [115]
2021-03-10 22:37:37.559 TRACE 20712 --- [    Test worker] o.h.type.descriptor.sql.BasicExtractor   : extracted value ([id1_7_] : [BIGINT]) - [116]
2021-03-10 22:37:37.559 TRACE 20712 --- [    Test worker] o.h.type.descriptor.sql.BasicExtractor   : extracted value ([id1_7_] : [BIGINT]) - [117]
2021-03-10 22:37:37.559 TRACE 20712 --- [    Test worker] o.h.type.descriptor.sql.BasicExtractor   : extracted value ([id1_7_] : [BIGINT]) - [118]
2021-03-10 22:37:37.559 TRACE 20712 --- [    Test worker] o.h.type.descriptor.sql.BasicExtractor   : extracted value ([id1_7_] : [BIGINT]) - [119]
2021-03-10 22:37:37.559 TRACE 20712 --- [    Test worker] o.h.type.descriptor.sql.BasicExtractor   : extracted value ([id1_7_] : [BIGINT]) - [120]
2021-03-10 22:37:37.559 TRACE 20712 --- [    Test worker] o.h.type.descriptor.sql.BasicExtractor   : extracted value ([id1_7_] : [BIGINT]) - [121]
2021-03-10 22:37:37.559 TRACE 20712 --- [    Test worker] o.h.type.descriptor.sql.BasicExtractor   : extracted value ([id1_7_] : [BIGINT]) - [122]
2021-03-10 22:37:37.559 TRACE 20712 --- [    Test worker] o.h.type.descriptor.sql.BasicExtractor   : extracted value ([id1_7_] : [BIGINT]) - [123]
2021-03-10 22:37:37.559 TRACE 20712 --- [    Test worker] o.h.type.descriptor.sql.BasicExtractor   : extracted value ([id1_7_] : [BIGINT]) - [124]
2021-03-10 22:37:37.559 TRACE 20712 --- [    Test worker] o.h.type.descriptor.sql.BasicExtractor   : extracted value ([id1_7_] : [BIGINT]) - [125]
2021-03-10 22:37:37.559 TRACE 20712 --- [    Test worker] o.h.type.descriptor.sql.BasicExtractor   : extracted value ([id1_7_] : [BIGINT]) - [126]
2021-03-10 22:37:37.559 TRACE 20712 --- [    Test worker] o.h.type.descriptor.sql.BasicExtractor   : extracted value ([id1_7_] : [BIGINT]) - [127]
2021-03-10 22:37:37.559 TRACE 20712 --- [    Test worker] o.h.type.descriptor.sql.BasicExtractor   : extracted value ([id1_7_] : [BIGINT]) - [128]
2021-03-10 22:37:37.559 TRACE 20712 --- [    Test worker] o.h.type.descriptor.sql.BasicExtractor   : extracted value ([id1_7_] : [BIGINT]) - [129]
2021-03-10 22:37:37.559 TRACE 20712 --- [    Test worker] o.h.type.descriptor.sql.BasicExtractor   : extracted value ([id1_7_] : [BIGINT]) - [130]
2021-03-10 22:37:37.559 TRACE 20712 --- [    Test worker] o.h.type.descriptor.sql.BasicExtractor   : extracted value ([id1_7_] : [BIGINT]) - [131]
2021-03-10 22:37:37.559 TRACE 20712 --- [    Test worker] o.h.type.descriptor.sql.BasicExtractor   : extracted value ([id1_7_] : [BIGINT]) - [132]
2021-03-10 22:37:37.559 TRACE 20712 --- [    Test worker] o.h.type.descriptor.sql.BasicExtractor   : extracted value ([id1_7_] : [BIGINT]) - [133]
2021-03-10 22:37:37.559 TRACE 20712 --- [    Test worker] o.h.type.descriptor.sql.BasicExtractor   : extracted value ([id1_7_] : [BIGINT]) - [134]
2021-03-10 22:37:37.559 TRACE 20712 --- [    Test worker] o.h.type.descriptor.sql.BasicExtractor   : extracted value ([id1_7_] : [BIGINT]) - [135]
2021-03-10 22:37:37.559 TRACE 20712 --- [    Test worker] o.h.type.descriptor.sql.BasicExtractor   : extracted value ([id1_7_] : [BIGINT]) - [136]
2021-03-10 22:37:37.559 TRACE 20712 --- [    Test worker] o.h.type.descriptor.sql.BasicExtractor   : extracted value ([id1_7_] : [BIGINT]) - [137]
2021-03-10 22:37:37.559 TRACE 20712 --- [    Test worker] o.h.type.descriptor.sql.BasicExtractor   : extracted value ([id1_7_] : [BIGINT]) - [138]
2021-03-10 22:37:37.559 TRACE 20712 --- [    Test worker] o.h.type.descriptor.sql.BasicExtractor   : extracted value ([id1_7_] : [BIGINT]) - [139]
2021-03-10 22:37:37.559 TRACE 20712 --- [    Test worker] o.h.type.descriptor.sql.BasicExtractor   : extracted value ([id1_7_] : [BIGINT]) - [140]
2021-03-10 22:37:37.559 TRACE 20712 --- [    Test worker] o.h.type.descriptor.sql.BasicExtractor   : extracted value ([id1_7_] : [BIGINT]) - [141]
2021-03-10 22:37:37.559 TRACE 20712 --- [    Test worker] o.h.type.descriptor.sql.BasicExtractor   : extracted value ([id1_7_] : [BIGINT]) - [142]
2021-03-10 22:37:37.559 TRACE 20712 --- [    Test worker] o.h.type.descriptor.sql.BasicExtractor   : extracted value ([id1_7_] : [BIGINT]) - [143]
2021-03-10 22:37:37.559 TRACE 20712 --- [    Test worker] o.h.type.descriptor.sql.BasicExtractor   : extracted value ([id1_7_] : [BIGINT]) - [144]
2021-03-10 22:37:37.559 TRACE 20712 --- [    Test worker] o.h.type.descriptor.sql.BasicExtractor   : extracted value ([id1_7_] : [BIGINT]) - [145]
Hibernate: 
    select
        zone0_.id as id1_7_,
        zone0_.city as city2_7_,
        zone0_.local_name_of_city as local_na3_7_,
        zone0_.province as province4_7_ 
    from
        zone zone0_
2021-03-10 22:37:37.559 TRACE 20712 --- [    Test worker] o.h.type.descriptor.sql.BasicExtractor   : extracted value ([id1_7_] : [BIGINT]) - [61]
2021-03-10 22:37:37.559 TRACE 20712 --- [    Test worker] o.h.type.descriptor.sql.BasicExtractor   : extracted value ([id1_7_] : [BIGINT]) - [62]
2021-03-10 22:37:37.559 TRACE 20712 --- [    Test worker] o.h.type.descriptor.sql.BasicExtractor   : extracted value ([id1_7_] : [BIGINT]) - [63]
2021-03-10 22:37:37.559 TRACE 20712 --- [    Test worker] o.h.type.descriptor.sql.BasicExtractor   : extracted value ([id1_7_] : [BIGINT]) - [64]
2021-03-10 22:37:37.559 TRACE 20712 --- [    Test worker] o.h.type.descriptor.sql.BasicExtractor   : extracted value ([id1_7_] : [BIGINT]) - [65]
2021-03-10 22:37:37.559 TRACE 20712 --- [    Test worker] o.h.type.descriptor.sql.BasicExtractor   : extracted value ([id1_7_] : [BIGINT]) - [66]
2021-03-10 22:37:37.559 TRACE 20712 --- [    Test worker] o.h.type.descriptor.sql.BasicExtractor   : extracted value ([id1_7_] : [BIGINT]) - [67]
2021-03-10 22:37:37.559 TRACE 20712 --- [    Test worker] o.h.type.descriptor.sql.BasicExtractor   : extracted value ([id1_7_] : [BIGINT]) - [68]
2021-03-10 22:37:37.559 TRACE 20712 --- [    Test worker] o.h.type.descriptor.sql.BasicExtractor   : extracted value ([id1_7_] : [BIGINT]) - [69]
2021-03-10 22:37:37.559 TRACE 20712 --- [    Test worker] o.h.type.descriptor.sql.BasicExtractor   : extracted value ([id1_7_] : [BIGINT]) - [70]
2021-03-10 22:37:37.559 TRACE 20712 --- [    Test worker] o.h.type.descriptor.sql.BasicExtractor   : extracted value ([id1_7_] : [BIGINT]) - [71]
2021-03-10 22:37:37.559 TRACE 20712 --- [    Test worker] o.h.type.descriptor.sql.BasicExtractor   : extracted value ([id1_7_] : [BIGINT]) - [72]
2021-03-10 22:37:37.559 TRACE 20712 --- [    Test worker] o.h.type.descriptor.sql.BasicExtractor   : extracted value ([id1_7_] : [BIGINT]) - [73]
2021-03-10 22:37:37.559 TRACE 20712 --- [    Test worker] o.h.type.descriptor.sql.BasicExtractor   : extracted value ([id1_7_] : [BIGINT]) - [74]
2021-03-10 22:37:37.559 TRACE 20712 --- [    Test worker] o.h.type.descriptor.sql.BasicExtractor   : extracted value ([id1_7_] : [BIGINT]) - [75]
2021-03-10 22:37:37.559 TRACE 20712 --- [    Test worker] o.h.type.descriptor.sql.BasicExtractor   : extracted value ([id1_7_] : [BIGINT]) - [76]
2021-03-10 22:37:37.559 TRACE 20712 --- [    Test worker] o.h.type.descriptor.sql.BasicExtractor   : extracted value ([id1_7_] : [BIGINT]) - [77]
2021-03-10 22:37:37.559 TRACE 20712 --- [    Test worker] o.h.type.descriptor.sql.BasicExtractor   : extracted value ([id1_7_] : [BIGINT]) - [78]
2021-03-10 22:37:37.559 TRACE 20712 --- [    Test worker] o.h.type.descriptor.sql.BasicExtractor   : extracted value ([id1_7_] : [BIGINT]) - [79]
2021-03-10 22:37:37.559 TRACE 20712 --- [    Test worker] o.h.type.descriptor.sql.BasicExtractor   : extracted value ([id1_7_] : [BIGINT]) - [80]
2021-03-10 22:37:37.559 TRACE 20712 --- [    Test worker] o.h.type.descriptor.sql.BasicExtractor   : extracted value ([id1_7_] : [BIGINT]) - [81]
2021-03-10 22:37:37.559 TRACE 20712 --- [    Test worker] o.h.type.descriptor.sql.BasicExtractor   : extracted value ([id1_7_] : [BIGINT]) - [82]
2021-03-10 22:37:37.559 TRACE 20712 --- [    Test worker] o.h.type.descriptor.sql.BasicExtractor   : extracted value ([id1_7_] : [BIGINT]) - [83]
2021-03-10 22:37:37.559 TRACE 20712 --- [    Test worker] o.h.type.descriptor.sql.BasicExtractor   : extracted value ([id1_7_] : [BIGINT]) - [84]
2021-03-10 22:37:37.559 TRACE 20712 --- [    Test worker] o.h.type.descriptor.sql.BasicExtractor   : extracted value ([id1_7_] : [BIGINT]) - [85]
2021-03-10 22:37:37.559 TRACE 20712 --- [    Test worker] o.h.type.descriptor.sql.BasicExtractor   : extracted value ([id1_7_] : [BIGINT]) - [86]
2021-03-10 22:37:37.559 TRACE 20712 --- [    Test worker] o.h.type.descriptor.sql.BasicExtractor   : extracted value ([id1_7_] : [BIGINT]) - [87]
2021-03-10 22:37:37.559 TRACE 20712 --- [    Test worker] o.h.type.descriptor.sql.BasicExtractor   : extracted value ([id1_7_] : [BIGINT]) - [88]
2021-03-10 22:37:37.559 TRACE 20712 --- [    Test worker] o.h.type.descriptor.sql.BasicExtractor   : extracted value ([id1_7_] : [BIGINT]) - [89]
2021-03-10 22:37:37.559 TRACE 20712 --- [    Test worker] o.h.type.descriptor.sql.BasicExtractor   : extracted value ([id1_7_] : [BIGINT]) - [90]
2021-03-10 22:37:37.559 TRACE 20712 --- [    Test worker] o.h.type.descriptor.sql.BasicExtractor   : extracted value ([id1_7_] : [BIGINT]) - [91]
2021-03-10 22:37:37.559 TRACE 20712 --- [    Test worker] o.h.type.descriptor.sql.BasicExtractor   : extracted value ([id1_7_] : [BIGINT]) - [92]
2021-03-10 22:37:37.559 TRACE 20712 --- [    Test worker] o.h.type.descriptor.sql.BasicExtractor   : extracted value ([id1_7_] : [BIGINT]) - [93]
2021-03-10 22:37:37.559 TRACE 20712 --- [    Test worker] o.h.type.descriptor.sql.BasicExtractor   : extracted value ([id1_7_] : [BIGINT]) - [94]
2021-03-10 22:37:37.559 TRACE 20712 --- [    Test worker] o.h.type.descriptor.sql.BasicExtractor   : extracted value ([id1_7_] : [BIGINT]) - [95]
2021-03-10 22:37:37.559 TRACE 20712 --- [    Test worker] o.h.type.descriptor.sql.BasicExtractor   : extracted value ([id1_7_] : [BIGINT]) - [96]
2021-03-10 22:37:37.559 TRACE 20712 --- [    Test worker] o.h.type.descriptor.sql.BasicExtractor   : extracted value ([id1_7_] : [BIGINT]) - [97]
2021-03-10 22:37:37.559 TRACE 20712 --- [    Test worker] o.h.type.descriptor.sql.BasicExtractor   : extracted value ([id1_7_] : [BIGINT]) - [98]
2021-03-10 22:37:37.559 TRACE 20712 --- [    Test worker] o.h.type.descriptor.sql.BasicExtractor   : extracted value ([id1_7_] : [BIGINT]) - [99]
2021-03-10 22:37:37.559 TRACE 20712 --- [    Test worker] o.h.type.descriptor.sql.BasicExtractor   : extracted value ([id1_7_] : [BIGINT]) - [100]
2021-03-10 22:37:37.559 TRACE 20712 --- [    Test worker] o.h.type.descriptor.sql.BasicExtractor   : extracted value ([id1_7_] : [BIGINT]) - [101]
2021-03-10 22:37:37.559 TRACE 20712 --- [    Test worker] o.h.type.descriptor.sql.BasicExtractor   : extracted value ([id1_7_] : [BIGINT]) - [102]
2021-03-10 22:37:37.559 TRACE 20712 --- [    Test worker] o.h.type.descriptor.sql.BasicExtractor   : extracted value ([id1_7_] : [BIGINT]) - [103]
2021-03-10 22:37:37.559 TRACE 20712 --- [    Test worker] o.h.type.descriptor.sql.BasicExtractor   : extracted value ([id1_7_] : [BIGINT]) - [104]
2021-03-10 22:37:37.559 TRACE 20712 --- [    Test worker] o.h.type.descriptor.sql.BasicExtractor   : extracted value ([id1_7_] : [BIGINT]) - [105]
2021-03-10 22:37:37.559 TRACE 20712 --- [    Test worker] o.h.type.descriptor.sql.BasicExtractor   : extracted value ([id1_7_] : [BIGINT]) - [106]
2021-03-10 22:37:37.559 TRACE 20712 --- [    Test worker] o.h.type.descriptor.sql.BasicExtractor   : extracted value ([id1_7_] : [BIGINT]) - [107]
2021-03-10 22:37:37.559 TRACE 20712 --- [    Test worker] o.h.type.descriptor.sql.BasicExtractor   : extracted value ([id1_7_] : [BIGINT]) - [108]
2021-03-10 22:37:37.559 TRACE 20712 --- [    Test worker] o.h.type.descriptor.sql.BasicExtractor   : extracted value ([id1_7_] : [BIGINT]) - [109]
2021-03-10 22:37:37.559 TRACE 20712 --- [    Test worker] o.h.type.descriptor.sql.BasicExtractor   : extracted value ([id1_7_] : [BIGINT]) - [110]
2021-03-10 22:37:37.559 TRACE 20712 --- [    Test worker] o.h.type.descriptor.sql.BasicExtractor   : extracted value ([id1_7_] : [BIGINT]) - [111]
2021-03-10 22:37:37.559 TRACE 20712 --- [    Test worker] o.h.type.descriptor.sql.BasicExtractor   : extracted value ([id1_7_] : [BIGINT]) - [112]
2021-03-10 22:37:37.559 TRACE 20712 --- [    Test worker] o.h.type.descriptor.sql.BasicExtractor   : extracted value ([id1_7_] : [BIGINT]) - [113]
2021-03-10 22:37:37.559 TRACE 20712 --- [    Test worker] o.h.type.descriptor.sql.BasicExtractor   : extracted value ([id1_7_] : [BIGINT]) - [114]
2021-03-10 22:37:37.559 TRACE 20712 --- [    Test worker] o.h.type.descriptor.sql.BasicExtractor   : extracted value ([id1_7_] : [BIGINT]) - [115]
2021-03-10 22:37:37.559 TRACE 20712 --- [    Test worker] o.h.type.descriptor.sql.BasicExtractor   : extracted value ([id1_7_] : [BIGINT]) - [116]
2021-03-10 22:37:37.559 TRACE 20712 --- [    Test worker] o.h.type.descriptor.sql.BasicExtractor   : extracted value ([id1_7_] : [BIGINT]) - [117]
2021-03-10 22:37:37.559 TRACE 20712 --- [    Test worker] o.h.type.descriptor.sql.BasicExtractor   : extracted value ([id1_7_] : [BIGINT]) - [118]
2021-03-10 22:37:37.559 TRACE 20712 --- [    Test worker] o.h.type.descriptor.sql.BasicExtractor   : extracted value ([id1_7_] : [BIGINT]) - [119]
2021-03-10 22:37:37.559 TRACE 20712 --- [    Test worker] o.h.type.descriptor.sql.BasicExtractor   : extracted value ([id1_7_] : [BIGINT]) - [120]
2021-03-10 22:37:37.559 TRACE 20712 --- [    Test worker] o.h.type.descriptor.sql.BasicExtractor   : extracted value ([id1_7_] : [BIGINT]) - [121]
2021-03-10 22:37:37.559 TRACE 20712 --- [    Test worker] o.h.type.descriptor.sql.BasicExtractor   : extracted value ([id1_7_] : [BIGINT]) - [122]
2021-03-10 22:37:37.559 TRACE 20712 --- [    Test worker] o.h.type.descriptor.sql.BasicExtractor   : extracted value ([id1_7_] : [BIGINT]) - [123]
2021-03-10 22:37:37.559 TRACE 20712 --- [    Test worker] o.h.type.descriptor.sql.BasicExtractor   : extracted value ([id1_7_] : [BIGINT]) - [124]
2021-03-10 22:37:37.559 TRACE 20712 --- [    Test worker] o.h.type.descriptor.sql.BasicExtractor   : extracted value ([id1_7_] : [BIGINT]) - [125]
2021-03-10 22:37:37.559 TRACE 20712 --- [    Test worker] o.h.type.descriptor.sql.BasicExtractor   : extracted value ([id1_7_] : [BIGINT]) - [126]
2021-03-10 22:37:37.559 TRACE 20712 --- [    Test worker] o.h.type.descriptor.sql.BasicExtractor   : extracted value ([id1_7_] : [BIGINT]) - [127]
2021-03-10 22:37:37.559 TRACE 20712 --- [    Test worker] o.h.type.descriptor.sql.BasicExtractor   : extracted value ([id1_7_] : [BIGINT]) - [128]
2021-03-10 22:37:37.559 TRACE 20712 --- [    Test worker] o.h.type.descriptor.sql.BasicExtractor   : extracted value ([id1_7_] : [BIGINT]) - [129]
2021-03-10 22:37:37.559 TRACE 20712 --- [    Test worker] o.h.type.descriptor.sql.BasicExtractor   : extracted value ([id1_7_] : [BIGINT]) - [130]
2021-03-10 22:37:37.559 TRACE 20712 --- [    Test worker] o.h.type.descriptor.sql.BasicExtractor   : extracted value ([id1_7_] : [BIGINT]) - [131]
2021-03-10 22:37:37.559 TRACE 20712 --- [    Test worker] o.h.type.descriptor.sql.BasicExtractor   : extracted value ([id1_7_] : [BIGINT]) - [132]
2021-03-10 22:37:37.559 TRACE 20712 --- [    Test worker] o.h.type.descriptor.sql.BasicExtractor   : extracted value ([id1_7_] : [BIGINT]) - [133]
2021-03-10 22:37:37.559 TRACE 20712 --- [    Test worker] o.h.type.descriptor.sql.BasicExtractor   : extracted value ([id1_7_] : [BIGINT]) - [134]
2021-03-10 22:37:37.559 TRACE 20712 --- [    Test worker] o.h.type.descriptor.sql.BasicExtractor   : extracted value ([id1_7_] : [BIGINT]) - [135]
2021-03-10 22:37:37.559 TRACE 20712 --- [    Test worker] o.h.type.descriptor.sql.BasicExtractor   : extracted value ([id1_7_] : [BIGINT]) - [136]
2021-03-10 22:37:37.559 TRACE 20712 --- [    Test worker] o.h.type.descriptor.sql.BasicExtractor   : extracted value ([id1_7_] : [BIGINT]) - [137]
2021-03-10 22:37:37.559 TRACE 20712 --- [    Test worker] o.h.type.descriptor.sql.BasicExtractor   : extracted value ([id1_7_] : [BIGINT]) - [138]
2021-03-10 22:37:37.559 TRACE 20712 --- [    Test worker] o.h.type.descriptor.sql.BasicExtractor   : extracted value ([id1_7_] : [BIGINT]) - [139]
2021-03-10 22:37:37.559 TRACE 20712 --- [    Test worker] o.h.type.descriptor.sql.BasicExtractor   : extracted value ([id1_7_] : [BIGINT]) - [140]
2021-03-10 22:37:37.559 TRACE 20712 --- [    Test worker] o.h.type.descriptor.sql.BasicExtractor   : extracted value ([id1_7_] : [BIGINT]) - [141]
2021-03-10 22:37:37.559 TRACE 20712 --- [    Test worker] o.h.type.descriptor.sql.BasicExtractor   : extracted value ([id1_7_] : [BIGINT]) - [142]
2021-03-10 22:37:37.559 TRACE 20712 --- [    Test worker] o.h.type.descriptor.sql.BasicExtractor   : extracted value ([id1_7_] : [BIGINT]) - [143]
2021-03-10 22:37:37.559 TRACE 20712 --- [    Test worker] o.h.type.descriptor.sql.BasicExtractor   : extracted value ([id1_7_] : [BIGINT]) - [144]
2021-03-10 22:37:37.559 TRACE 20712 --- [    Test worker] o.h.type.descriptor.sql.BasicExtractor   : extracted value ([id1_7_] : [BIGINT]) - [145]
Hibernate: 
    select
        zone0_.id as id1_7_,
        zone0_.city as city2_7_,
        zone0_.local_name_of_city as local_na3_7_,
        zone0_.province as province4_7_ 
    from
        zone zone0_
2021-03-10 22:37:37.575 TRACE 20712 --- [    Test worker] o.h.type.descriptor.sql.BasicExtractor   : extracted value ([id1_7_] : [BIGINT]) - [61]
2021-03-10 22:37:37.575 TRACE 20712 --- [    Test worker] o.h.type.descriptor.sql.BasicExtractor   : extracted value ([id1_7_] : [BIGINT]) - [62]
2021-03-10 22:37:37.575 TRACE 20712 --- [    Test worker] o.h.type.descriptor.sql.BasicExtractor   : extracted value ([id1_7_] : [BIGINT]) - [63]
2021-03-10 22:37:37.575 TRACE 20712 --- [    Test worker] o.h.type.descriptor.sql.BasicExtractor   : extracted value ([id1_7_] : [BIGINT]) - [64]
2021-03-10 22:37:37.575 TRACE 20712 --- [    Test worker] o.h.type.descriptor.sql.BasicExtractor   : extracted value ([id1_7_] : [BIGINT]) - [65]
2021-03-10 22:37:37.575 TRACE 20712 --- [    Test worker] o.h.type.descriptor.sql.BasicExtractor   : extracted value ([id1_7_] : [BIGINT]) - [66]
2021-03-10 22:37:37.575 TRACE 20712 --- [    Test worker] o.h.type.descriptor.sql.BasicExtractor   : extracted value ([id1_7_] : [BIGINT]) - [67]
2021-03-10 22:37:37.575 TRACE 20712 --- [    Test worker] o.h.type.descriptor.sql.BasicExtractor   : extracted value ([id1_7_] : [BIGINT]) - [68]
2021-03-10 22:37:37.575 TRACE 20712 --- [    Test worker] o.h.type.descriptor.sql.BasicExtractor   : extracted value ([id1_7_] : [BIGINT]) - [69]
2021-03-10 22:37:37.575 TRACE 20712 --- [    Test worker] o.h.type.descriptor.sql.BasicExtractor   : extracted value ([id1_7_] : [BIGINT]) - [70]
2021-03-10 22:37:37.575 TRACE 20712 --- [    Test worker] o.h.type.descriptor.sql.BasicExtractor   : extracted value ([id1_7_] : [BIGINT]) - [71]
2021-03-10 22:37:37.575 TRACE 20712 --- [    Test worker] o.h.type.descriptor.sql.BasicExtractor   : extracted value ([id1_7_] : [BIGINT]) - [72]
2021-03-10 22:37:37.575 TRACE 20712 --- [    Test worker] o.h.type.descriptor.sql.BasicExtractor   : extracted value ([id1_7_] : [BIGINT]) - [73]
2021-03-10 22:37:37.575 TRACE 20712 --- [    Test worker] o.h.type.descriptor.sql.BasicExtractor   : extracted value ([id1_7_] : [BIGINT]) - [74]
2021-03-10 22:37:37.575 TRACE 20712 --- [    Test worker] o.h.type.descriptor.sql.BasicExtractor   : extracted value ([id1_7_] : [BIGINT]) - [75]
2021-03-10 22:37:37.575 TRACE 20712 --- [    Test worker] o.h.type.descriptor.sql.BasicExtractor   : extracted value ([id1_7_] : [BIGINT]) - [76]
2021-03-10 22:37:37.575 TRACE 20712 --- [    Test worker] o.h.type.descriptor.sql.BasicExtractor   : extracted value ([id1_7_] : [BIGINT]) - [77]
2021-03-10 22:37:37.575 TRACE 20712 --- [    Test worker] o.h.type.descriptor.sql.BasicExtractor   : extracted value ([id1_7_] : [BIGINT]) - [78]
2021-03-10 22:37:37.575 TRACE 20712 --- [    Test worker] o.h.type.descriptor.sql.BasicExtractor   : extracted value ([id1_7_] : [BIGINT]) - [79]
2021-03-10 22:37:37.575 TRACE 20712 --- [    Test worker] o.h.type.descriptor.sql.BasicExtractor   : extracted value ([id1_7_] : [BIGINT]) - [80]
2021-03-10 22:37:37.575 TRACE 20712 --- [    Test worker] o.h.type.descriptor.sql.BasicExtractor   : extracted value ([id1_7_] : [BIGINT]) - [81]
2021-03-10 22:37:37.575 TRACE 20712 --- [    Test worker] o.h.type.descriptor.sql.BasicExtractor   : extracted value ([id1_7_] : [BIGINT]) - [82]
2021-03-10 22:37:37.575 TRACE 20712 --- [    Test worker] o.h.type.descriptor.sql.BasicExtractor   : extracted value ([id1_7_] : [BIGINT]) - [83]
2021-03-10 22:37:37.575 TRACE 20712 --- [    Test worker] o.h.type.descriptor.sql.BasicExtractor   : extracted value ([id1_7_] : [BIGINT]) - [84]
2021-03-10 22:37:37.575 TRACE 20712 --- [    Test worker] o.h.type.descriptor.sql.BasicExtractor   : extracted value ([id1_7_] : [BIGINT]) - [85]
2021-03-10 22:37:37.575 TRACE 20712 --- [    Test worker] o.h.type.descriptor.sql.BasicExtractor   : extracted value ([id1_7_] : [BIGINT]) - [86]
2021-03-10 22:37:37.575 TRACE 20712 --- [    Test worker] o.h.type.descriptor.sql.BasicExtractor   : extracted value ([id1_7_] : [BIGINT]) - [87]
2021-03-10 22:37:37.575 TRACE 20712 --- [    Test worker] o.h.type.descriptor.sql.BasicExtractor   : extracted value ([id1_7_] : [BIGINT]) - [88]
2021-03-10 22:37:37.575 TRACE 20712 --- [    Test worker] o.h.type.descriptor.sql.BasicExtractor   : extracted value ([id1_7_] : [BIGINT]) - [89]
2021-03-10 22:37:37.575 TRACE 20712 --- [    Test worker] o.h.type.descriptor.sql.BasicExtractor   : extracted value ([id1_7_] : [BIGINT]) - [90]
2021-03-10 22:37:37.575 TRACE 20712 --- [    Test worker] o.h.type.descriptor.sql.BasicExtractor   : extracted value ([id1_7_] : [BIGINT]) - [91]
2021-03-10 22:37:37.575 TRACE 20712 --- [    Test worker] o.h.type.descriptor.sql.BasicExtractor   : extracted value ([id1_7_] : [BIGINT]) - [92]
2021-03-10 22:37:37.575 TRACE 20712 --- [    Test worker] o.h.type.descriptor.sql.BasicExtractor   : extracted value ([id1_7_] : [BIGINT]) - [93]
2021-03-10 22:37:37.575 TRACE 20712 --- [    Test worker] o.h.type.descriptor.sql.BasicExtractor   : extracted value ([id1_7_] : [BIGINT]) - [94]
2021-03-10 22:37:37.575 TRACE 20712 --- [    Test worker] o.h.type.descriptor.sql.BasicExtractor   : extracted value ([id1_7_] : [BIGINT]) - [95]
2021-03-10 22:37:37.575 TRACE 20712 --- [    Test worker] o.h.type.descriptor.sql.BasicExtractor   : extracted value ([id1_7_] : [BIGINT]) - [96]
2021-03-10 22:37:37.575 TRACE 20712 --- [    Test worker] o.h.type.descriptor.sql.BasicExtractor   : extracted value ([id1_7_] : [BIGINT]) - [97]
2021-03-10 22:37:37.575 TRACE 20712 --- [    Test worker] o.h.type.descriptor.sql.BasicExtractor   : extracted value ([id1_7_] : [BIGINT]) - [98]
2021-03-10 22:37:37.575 TRACE 20712 --- [    Test worker] o.h.type.descriptor.sql.BasicExtractor   : extracted value ([id1_7_] : [BIGINT]) - [99]
2021-03-10 22:37:37.575 TRACE 20712 --- [    Test worker] o.h.type.descriptor.sql.BasicExtractor   : extracted value ([id1_7_] : [BIGINT]) - [100]
2021-03-10 22:37:37.575 TRACE 20712 --- [    Test worker] o.h.type.descriptor.sql.BasicExtractor   : extracted value ([id1_7_] : [BIGINT]) - [101]
2021-03-10 22:37:37.575 TRACE 20712 --- [    Test worker] o.h.type.descriptor.sql.BasicExtractor   : extracted value ([id1_7_] : [BIGINT]) - [102]
2021-03-10 22:37:37.575 TRACE 20712 --- [    Test worker] o.h.type.descriptor.sql.BasicExtractor   : extracted value ([id1_7_] : [BIGINT]) - [103]
2021-03-10 22:37:37.575 TRACE 20712 --- [    Test worker] o.h.type.descriptor.sql.BasicExtractor   : extracted value ([id1_7_] : [BIGINT]) - [104]
2021-03-10 22:37:37.575 TRACE 20712 --- [    Test worker] o.h.type.descriptor.sql.BasicExtractor   : extracted value ([id1_7_] : [BIGINT]) - [105]
2021-03-10 22:37:37.575 TRACE 20712 --- [    Test worker] o.h.type.descriptor.sql.BasicExtractor   : extracted value ([id1_7_] : [BIGINT]) - [106]
2021-03-10 22:37:37.575 TRACE 20712 --- [    Test worker] o.h.type.descriptor.sql.BasicExtractor   : extracted value ([id1_7_] : [BIGINT]) - [107]
2021-03-10 22:37:37.575 TRACE 20712 --- [    Test worker] o.h.type.descriptor.sql.BasicExtractor   : extracted value ([id1_7_] : [BIGINT]) - [108]
2021-03-10 22:37:37.575 TRACE 20712 --- [    Test worker] o.h.type.descriptor.sql.BasicExtractor   : extracted value ([id1_7_] : [BIGINT]) - [109]
2021-03-10 22:37:37.575 TRACE 20712 --- [    Test worker] o.h.type.descriptor.sql.BasicExtractor   : extracted value ([id1_7_] : [BIGINT]) - [110]
2021-03-10 22:37:37.575 TRACE 20712 --- [    Test worker] o.h.type.descriptor.sql.BasicExtractor   : extracted value ([id1_7_] : [BIGINT]) - [111]
2021-03-10 22:37:37.575 TRACE 20712 --- [    Test worker] o.h.type.descriptor.sql.BasicExtractor   : extracted value ([id1_7_] : [BIGINT]) - [112]
2021-03-10 22:37:37.575 TRACE 20712 --- [    Test worker] o.h.type.descriptor.sql.BasicExtractor   : extracted value ([id1_7_] : [BIGINT]) - [113]
2021-03-10 22:37:37.575 TRACE 20712 --- [    Test worker] o.h.type.descriptor.sql.BasicExtractor   : extracted value ([id1_7_] : [BIGINT]) - [114]
2021-03-10 22:37:37.575 TRACE 20712 --- [    Test worker] o.h.type.descriptor.sql.BasicExtractor   : extracted value ([id1_7_] : [BIGINT]) - [115]
2021-03-10 22:37:37.575 TRACE 20712 --- [    Test worker] o.h.type.descriptor.sql.BasicExtractor   : extracted value ([id1_7_] : [BIGINT]) - [116]
2021-03-10 22:37:37.575 TRACE 20712 --- [    Test worker] o.h.type.descriptor.sql.BasicExtractor   : extracted value ([id1_7_] : [BIGINT]) - [117]
2021-03-10 22:37:37.575 TRACE 20712 --- [    Test worker] o.h.type.descriptor.sql.BasicExtractor   : extracted value ([id1_7_] : [BIGINT]) - [118]
2021-03-10 22:37:37.575 TRACE 20712 --- [    Test worker] o.h.type.descriptor.sql.BasicExtractor   : extracted value ([id1_7_] : [BIGINT]) - [119]
2021-03-10 22:37:37.575 TRACE 20712 --- [    Test worker] o.h.type.descriptor.sql.BasicExtractor   : extracted value ([id1_7_] : [BIGINT]) - [120]
2021-03-10 22:37:37.575 TRACE 20712 --- [    Test worker] o.h.type.descriptor.sql.BasicExtractor   : extracted value ([id1_7_] : [BIGINT]) - [121]
2021-03-10 22:37:37.575 TRACE 20712 --- [    Test worker] o.h.type.descriptor.sql.BasicExtractor   : extracted value ([id1_7_] : [BIGINT]) - [122]
2021-03-10 22:37:37.575 TRACE 20712 --- [    Test worker] o.h.type.descriptor.sql.BasicExtractor   : extracted value ([id1_7_] : [BIGINT]) - [123]
2021-03-10 22:37:37.575 TRACE 20712 --- [    Test worker] o.h.type.descriptor.sql.BasicExtractor   : extracted value ([id1_7_] : [BIGINT]) - [124]
2021-03-10 22:37:37.575 TRACE 20712 --- [    Test worker] o.h.type.descriptor.sql.BasicExtractor   : extracted value ([id1_7_] : [BIGINT]) - [125]
2021-03-10 22:37:37.575 TRACE 20712 --- [    Test worker] o.h.type.descriptor.sql.BasicExtractor   : extracted value ([id1_7_] : [BIGINT]) - [126]
2021-03-10 22:37:37.575 TRACE 20712 --- [    Test worker] o.h.type.descriptor.sql.BasicExtractor   : extracted value ([id1_7_] : [BIGINT]) - [127]
2021-03-10 22:37:37.575 TRACE 20712 --- [    Test worker] o.h.type.descriptor.sql.BasicExtractor   : extracted value ([id1_7_] : [BIGINT]) - [128]
2021-03-10 22:37:37.575 TRACE 20712 --- [    Test worker] o.h.type.descriptor.sql.BasicExtractor   : extracted value ([id1_7_] : [BIGINT]) - [129]
2021-03-10 22:37:37.575 TRACE 20712 --- [    Test worker] o.h.type.descriptor.sql.BasicExtractor   : extracted value ([id1_7_] : [BIGINT]) - [130]
2021-03-10 22:37:37.575 TRACE 20712 --- [    Test worker] o.h.type.descriptor.sql.BasicExtractor   : extracted value ([id1_7_] : [BIGINT]) - [131]
2021-03-10 22:37:37.575 TRACE 20712 --- [    Test worker] o.h.type.descriptor.sql.BasicExtractor   : extracted value ([id1_7_] : [BIGINT]) - [132]
2021-03-10 22:37:37.575 TRACE 20712 --- [    Test worker] o.h.type.descriptor.sql.BasicExtractor   : extracted value ([id1_7_] : [BIGINT]) - [133]
2021-03-10 22:37:37.575 TRACE 20712 --- [    Test worker] o.h.type.descriptor.sql.BasicExtractor   : extracted value ([id1_7_] : [BIGINT]) - [134]
2021-03-10 22:37:37.575 TRACE 20712 --- [    Test worker] o.h.type.descriptor.sql.BasicExtractor   : extracted value ([id1_7_] : [BIGINT]) - [135]
2021-03-10 22:37:37.575 TRACE 20712 --- [    Test worker] o.h.type.descriptor.sql.BasicExtractor   : extracted value ([id1_7_] : [BIGINT]) - [136]
2021-03-10 22:37:37.575 TRACE 20712 --- [    Test worker] o.h.type.descriptor.sql.BasicExtractor   : extracted value ([id1_7_] : [BIGINT]) - [137]
2021-03-10 22:37:37.575 TRACE 20712 --- [    Test worker] o.h.type.descriptor.sql.BasicExtractor   : extracted value ([id1_7_] : [BIGINT]) - [138]
2021-03-10 22:37:37.575 TRACE 20712 --- [    Test worker] o.h.type.descriptor.sql.BasicExtractor   : extracted value ([id1_7_] : [BIGINT]) - [139]
2021-03-10 22:37:37.575 TRACE 20712 --- [    Test worker] o.h.type.descriptor.sql.BasicExtractor   : extracted value ([id1_7_] : [BIGINT]) - [140]
2021-03-10 22:37:37.575 TRACE 20712 --- [    Test worker] o.h.type.descriptor.sql.BasicExtractor   : extracted value ([id1_7_] : [BIGINT]) - [141]
2021-03-10 22:37:37.575 TRACE 20712 --- [    Test worker] o.h.type.descriptor.sql.BasicExtractor   : extracted value ([id1_7_] : [BIGINT]) - [142]
2021-03-10 22:37:37.575 TRACE 20712 --- [    Test worker] o.h.type.descriptor.sql.BasicExtractor   : extracted value ([id1_7_] : [BIGINT]) - [143]
2021-03-10 22:37:37.575 TRACE 20712 --- [    Test worker] o.h.type.descriptor.sql.BasicExtractor   : extracted value ([id1_7_] : [BIGINT]) - [144]
2021-03-10 22:37:37.575 TRACE 20712 --- [    Test worker] o.h.type.descriptor.sql.BasicExtractor   : extracted value ([id1_7_] : [BIGINT]) - [145]
Hibernate: 
    select
        zone0_.id as id1_7_,
        zone0_.city as city2_7_,
        zone0_.local_name_of_city as local_na3_7_,
        zone0_.province as province4_7_ 
    from
        zone zone0_
2021-03-10 22:37:37.575 TRACE 20712 --- [    Test worker] o.h.type.descriptor.sql.BasicExtractor   : extracted value ([id1_7_] : [BIGINT]) - [61]
2021-03-10 22:37:37.575 TRACE 20712 --- [    Test worker] o.h.type.descriptor.sql.BasicExtractor   : extracted value ([id1_7_] : [BIGINT]) - [62]
2021-03-10 22:37:37.575 TRACE 20712 --- [    Test worker] o.h.type.descriptor.sql.BasicExtractor   : extracted value ([id1_7_] : [BIGINT]) - [63]
2021-03-10 22:37:37.575 TRACE 20712 --- [    Test worker] o.h.type.descriptor.sql.BasicExtractor   : extracted value ([id1_7_] : [BIGINT]) - [64]
2021-03-10 22:37:37.575 TRACE 20712 --- [    Test worker] o.h.type.descriptor.sql.BasicExtractor   : extracted value ([id1_7_] : [BIGINT]) - [65]
2021-03-10 22:37:37.575 TRACE 20712 --- [    Test worker] o.h.type.descriptor.sql.BasicExtractor   : extracted value ([id1_7_] : [BIGINT]) - [66]
2021-03-10 22:37:37.575 TRACE 20712 --- [    Test worker] o.h.type.descriptor.sql.BasicExtractor   : extracted value ([id1_7_] : [BIGINT]) - [67]
2021-03-10 22:37:37.575 TRACE 20712 --- [    Test worker] o.h.type.descriptor.sql.BasicExtractor   : extracted value ([id1_7_] : [BIGINT]) - [68]
2021-03-10 22:37:37.575 TRACE 20712 --- [    Test worker] o.h.type.descriptor.sql.BasicExtractor   : extracted value ([id1_7_] : [BIGINT]) - [69]
2021-03-10 22:37:37.575 TRACE 20712 --- [    Test worker] o.h.type.descriptor.sql.BasicExtractor   : extracted value ([id1_7_] : [BIGINT]) - [70]
2021-03-10 22:37:37.575 TRACE 20712 --- [    Test worker] o.h.type.descriptor.sql.BasicExtractor   : extracted value ([id1_7_] : [BIGINT]) - [71]
2021-03-10 22:37:37.575 TRACE 20712 --- [    Test worker] o.h.type.descriptor.sql.BasicExtractor   : extracted value ([id1_7_] : [BIGINT]) - [72]
2021-03-10 22:37:37.575 TRACE 20712 --- [    Test worker] o.h.type.descriptor.sql.BasicExtractor   : extracted value ([id1_7_] : [BIGINT]) - [73]
2021-03-10 22:37:37.575 TRACE 20712 --- [    Test worker] o.h.type.descriptor.sql.BasicExtractor   : extracted value ([id1_7_] : [BIGINT]) - [74]
2021-03-10 22:37:37.575 TRACE 20712 --- [    Test worker] o.h.type.descriptor.sql.BasicExtractor   : extracted value ([id1_7_] : [BIGINT]) - [75]
2021-03-10 22:37:37.575 TRACE 20712 --- [    Test worker] o.h.type.descriptor.sql.BasicExtractor   : extracted value ([id1_7_] : [BIGINT]) - [76]
2021-03-10 22:37:37.575 TRACE 20712 --- [    Test worker] o.h.type.descriptor.sql.BasicExtractor   : extracted value ([id1_7_] : [BIGINT]) - [77]
2021-03-10 22:37:37.575 TRACE 20712 --- [    Test worker] o.h.type.descriptor.sql.BasicExtractor   : extracted value ([id1_7_] : [BIGINT]) - [78]
2021-03-10 22:37:37.575 TRACE 20712 --- [    Test worker] o.h.type.descriptor.sql.BasicExtractor   : extracted value ([id1_7_] : [BIGINT]) - [79]
2021-03-10 22:37:37.575 TRACE 20712 --- [    Test worker] o.h.type.descriptor.sql.BasicExtractor   : extracted value ([id1_7_] : [BIGINT]) - [80]
2021-03-10 22:37:37.575 TRACE 20712 --- [    Test worker] o.h.type.descriptor.sql.BasicExtractor   : extracted value ([id1_7_] : [BIGINT]) - [81]
2021-03-10 22:37:37.575 TRACE 20712 --- [    Test worker] o.h.type.descriptor.sql.BasicExtractor   : extracted value ([id1_7_] : [BIGINT]) - [82]
2021-03-10 22:37:37.575 TRACE 20712 --- [    Test worker] o.h.type.descriptor.sql.BasicExtractor   : extracted value ([id1_7_] : [BIGINT]) - [83]
2021-03-10 22:37:37.575 TRACE 20712 --- [    Test worker] o.h.type.descriptor.sql.BasicExtractor   : extracted value ([id1_7_] : [BIGINT]) - [84]
2021-03-10 22:37:37.575 TRACE 20712 --- [    Test worker] o.h.type.descriptor.sql.BasicExtractor   : extracted value ([id1_7_] : [BIGINT]) - [85]
2021-03-10 22:37:37.575 TRACE 20712 --- [    Test worker] o.h.type.descriptor.sql.BasicExtractor   : extracted value ([id1_7_] : [BIGINT]) - [86]
2021-03-10 22:37:37.575 TRACE 20712 --- [    Test worker] o.h.type.descriptor.sql.BasicExtractor   : extracted value ([id1_7_] : [BIGINT]) - [87]
2021-03-10 22:37:37.575 TRACE 20712 --- [    Test worker] o.h.type.descriptor.sql.BasicExtractor   : extracted value ([id1_7_] : [BIGINT]) - [88]
2021-03-10 22:37:37.575 TRACE 20712 --- [    Test worker] o.h.type.descriptor.sql.BasicExtractor   : extracted value ([id1_7_] : [BIGINT]) - [89]
2021-03-10 22:37:37.575 TRACE 20712 --- [    Test worker] o.h.type.descriptor.sql.BasicExtractor   : extracted value ([id1_7_] : [BIGINT]) - [90]
2021-03-10 22:37:37.575 TRACE 20712 --- [    Test worker] o.h.type.descriptor.sql.BasicExtractor   : extracted value ([id1_7_] : [BIGINT]) - [91]
2021-03-10 22:37:37.575 TRACE 20712 --- [    Test worker] o.h.type.descriptor.sql.BasicExtractor   : extracted value ([id1_7_] : [BIGINT]) - [92]
2021-03-10 22:37:37.575 TRACE 20712 --- [    Test worker] o.h.type.descriptor.sql.BasicExtractor   : extracted value ([id1_7_] : [BIGINT]) - [93]
2021-03-10 22:37:37.575 TRACE 20712 --- [    Test worker] o.h.type.descriptor.sql.BasicExtractor   : extracted value ([id1_7_] : [BIGINT]) - [94]
2021-03-10 22:37:37.575 TRACE 20712 --- [    Test worker] o.h.type.descriptor.sql.BasicExtractor   : extracted value ([id1_7_] : [BIGINT]) - [95]
2021-03-10 22:37:37.575 TRACE 20712 --- [    Test worker] o.h.type.descriptor.sql.BasicExtractor   : extracted value ([id1_7_] : [BIGINT]) - [96]
2021-03-10 22:37:37.575 TRACE 20712 --- [    Test worker] o.h.type.descriptor.sql.BasicExtractor   : extracted value ([id1_7_] : [BIGINT]) - [97]
2021-03-10 22:37:37.575 TRACE 20712 --- [    Test worker] o.h.type.descriptor.sql.BasicExtractor   : extracted value ([id1_7_] : [BIGINT]) - [98]
2021-03-10 22:37:37.575 TRACE 20712 --- [    Test worker] o.h.type.descriptor.sql.BasicExtractor   : extracted value ([id1_7_] : [BIGINT]) - [99]
2021-03-10 22:37:37.575 TRACE 20712 --- [    Test worker] o.h.type.descriptor.sql.BasicExtractor   : extracted value ([id1_7_] : [BIGINT]) - [100]
2021-03-10 22:37:37.575 TRACE 20712 --- [    Test worker] o.h.type.descriptor.sql.BasicExtractor   : extracted value ([id1_7_] : [BIGINT]) - [101]
2021-03-10 22:37:37.575 TRACE 20712 --- [    Test worker] o.h.type.descriptor.sql.BasicExtractor   : extracted value ([id1_7_] : [BIGINT]) - [102]
2021-03-10 22:37:37.575 TRACE 20712 --- [    Test worker] o.h.type.descriptor.sql.BasicExtractor   : extracted value ([id1_7_] : [BIGINT]) - [103]
2021-03-10 22:37:37.575 TRACE 20712 --- [    Test worker] o.h.type.descriptor.sql.BasicExtractor   : extracted value ([id1_7_] : [BIGINT]) - [104]
2021-03-10 22:37:37.575 TRACE 20712 --- [    Test worker] o.h.type.descriptor.sql.BasicExtractor   : extracted value ([id1_7_] : [BIGINT]) - [105]
2021-03-10 22:37:37.575 TRACE 20712 --- [    Test worker] o.h.type.descriptor.sql.BasicExtractor   : extracted value ([id1_7_] : [BIGINT]) - [106]
2021-03-10 22:37:37.575 TRACE 20712 --- [    Test worker] o.h.type.descriptor.sql.BasicExtractor   : extracted value ([id1_7_] : [BIGINT]) - [107]
2021-03-10 22:37:37.575 TRACE 20712 --- [    Test worker] o.h.type.descriptor.sql.BasicExtractor   : extracted value ([id1_7_] : [BIGINT]) - [108]
2021-03-10 22:37:37.575 TRACE 20712 --- [    Test worker] o.h.type.descriptor.sql.BasicExtractor   : extracted value ([id1_7_] : [BIGINT]) - [109]
2021-03-10 22:37:37.575 TRACE 20712 --- [    Test worker] o.h.type.descriptor.sql.BasicExtractor   : extracted value ([id1_7_] : [BIGINT]) - [110]
2021-03-10 22:37:37.575 TRACE 20712 --- [    Test worker] o.h.type.descriptor.sql.BasicExtractor   : extracted value ([id1_7_] : [BIGINT]) - [111]
2021-03-10 22:37:37.575 TRACE 20712 --- [    Test worker] o.h.type.descriptor.sql.BasicExtractor   : extracted value ([id1_7_] : [BIGINT]) - [112]
2021-03-10 22:37:37.575 TRACE 20712 --- [    Test worker] o.h.type.descriptor.sql.BasicExtractor   : extracted value ([id1_7_] : [BIGINT]) - [113]
2021-03-10 22:37:37.575 TRACE 20712 --- [    Test worker] o.h.type.descriptor.sql.BasicExtractor   : extracted value ([id1_7_] : [BIGINT]) - [114]
2021-03-10 22:37:37.575 TRACE 20712 --- [    Test worker] o.h.type.descriptor.sql.BasicExtractor   : extracted value ([id1_7_] : [BIGINT]) - [115]
2021-03-10 22:37:37.575 TRACE 20712 --- [    Test worker] o.h.type.descriptor.sql.BasicExtractor   : extracted value ([id1_7_] : [BIGINT]) - [116]
2021-03-10 22:37:37.575 TRACE 20712 --- [    Test worker] o.h.type.descriptor.sql.BasicExtractor   : extracted value ([id1_7_] : [BIGINT]) - [117]
2021-03-10 22:37:37.575 TRACE 20712 --- [    Test worker] o.h.type.descriptor.sql.BasicExtractor   : extracted value ([id1_7_] : [BIGINT]) - [118]
2021-03-10 22:37:37.575 TRACE 20712 --- [    Test worker] o.h.type.descriptor.sql.BasicExtractor   : extracted value ([id1_7_] : [BIGINT]) - [119]
2021-03-10 22:37:37.575 TRACE 20712 --- [    Test worker] o.h.type.descriptor.sql.BasicExtractor   : extracted value ([id1_7_] : [BIGINT]) - [120]
2021-03-10 22:37:37.575 TRACE 20712 --- [    Test worker] o.h.type.descriptor.sql.BasicExtractor   : extracted value ([id1_7_] : [BIGINT]) - [121]
2021-03-10 22:37:37.575 TRACE 20712 --- [    Test worker] o.h.type.descriptor.sql.BasicExtractor   : extracted value ([id1_7_] : [BIGINT]) - [122]
2021-03-10 22:37:37.575 TRACE 20712 --- [    Test worker] o.h.type.descriptor.sql.BasicExtractor   : extracted value ([id1_7_] : [BIGINT]) - [123]
2021-03-10 22:37:37.575 TRACE 20712 --- [    Test worker] o.h.type.descriptor.sql.BasicExtractor   : extracted value ([id1_7_] : [BIGINT]) - [124]
2021-03-10 22:37:37.575 TRACE 20712 --- [    Test worker] o.h.type.descriptor.sql.BasicExtractor   : extracted value ([id1_7_] : [BIGINT]) - [125]
2021-03-10 22:37:37.575 TRACE 20712 --- [    Test worker] o.h.type.descriptor.sql.BasicExtractor   : extracted value ([id1_7_] : [BIGINT]) - [126]
2021-03-10 22:37:37.575 TRACE 20712 --- [    Test worker] o.h.type.descriptor.sql.BasicExtractor   : extracted value ([id1_7_] : [BIGINT]) - [127]
2021-03-10 22:37:37.575 TRACE 20712 --- [    Test worker] o.h.type.descriptor.sql.BasicExtractor   : extracted value ([id1_7_] : [BIGINT]) - [128]
2021-03-10 22:37:37.575 TRACE 20712 --- [    Test worker] o.h.type.descriptor.sql.BasicExtractor   : extracted value ([id1_7_] : [BIGINT]) - [129]
2021-03-10 22:37:37.575 TRACE 20712 --- [    Test worker] o.h.type.descriptor.sql.BasicExtractor   : extracted value ([id1_7_] : [BIGINT]) - [130]
2021-03-10 22:37:37.575 TRACE 20712 --- [    Test worker] o.h.type.descriptor.sql.BasicExtractor   : extracted value ([id1_7_] : [BIGINT]) - [131]
2021-03-10 22:37:37.575 TRACE 20712 --- [    Test worker] o.h.type.descriptor.sql.BasicExtractor   : extracted value ([id1_7_] : [BIGINT]) - [132]
2021-03-10 22:37:37.575 TRACE 20712 --- [    Test worker] o.h.type.descriptor.sql.BasicExtractor   : extracted value ([id1_7_] : [BIGINT]) - [133]
2021-03-10 22:37:37.575 TRACE 20712 --- [    Test worker] o.h.type.descriptor.sql.BasicExtractor   : extracted value ([id1_7_] : [BIGINT]) - [134]
2021-03-10 22:37:37.575 TRACE 20712 --- [    Test worker] o.h.type.descriptor.sql.BasicExtractor   : extracted value ([id1_7_] : [BIGINT]) - [135]
2021-03-10 22:37:37.575 TRACE 20712 --- [    Test worker] o.h.type.descriptor.sql.BasicExtractor   : extracted value ([id1_7_] : [BIGINT]) - [136]
2021-03-10 22:37:37.575 TRACE 20712 --- [    Test worker] o.h.type.descriptor.sql.BasicExtractor   : extracted value ([id1_7_] : [BIGINT]) - [137]
2021-03-10 22:37:37.575 TRACE 20712 --- [    Test worker] o.h.type.descriptor.sql.BasicExtractor   : extracted value ([id1_7_] : [BIGINT]) - [138]
2021-03-10 22:37:37.575 TRACE 20712 --- [    Test worker] o.h.type.descriptor.sql.BasicExtractor   : extracted value ([id1_7_] : [BIGINT]) - [139]
2021-03-10 22:37:37.575 TRACE 20712 --- [    Test worker] o.h.type.descriptor.sql.BasicExtractor   : extracted value ([id1_7_] : [BIGINT]) - [140]
2021-03-10 22:37:37.575 TRACE 20712 --- [    Test worker] o.h.type.descriptor.sql.BasicExtractor   : extracted value ([id1_7_] : [BIGINT]) - [141]
2021-03-10 22:37:37.575 TRACE 20712 --- [    Test worker] o.h.type.descriptor.sql.BasicExtractor   : extracted value ([id1_7_] : [BIGINT]) - [142]
2021-03-10 22:37:37.575 TRACE 20712 --- [    Test worker] o.h.type.descriptor.sql.BasicExtractor   : extracted value ([id1_7_] : [BIGINT]) - [143]
2021-03-10 22:37:37.575 TRACE 20712 --- [    Test worker] o.h.type.descriptor.sql.BasicExtractor   : extracted value ([id1_7_] : [BIGINT]) - [144]
2021-03-10 22:37:37.575 TRACE 20712 --- [    Test worker] o.h.type.descriptor.sql.BasicExtractor   : extracted value ([id1_7_] : [BIGINT]) - [145]
Hibernate: 
    select
        zone0_.id as id1_7_,
        zone0_.city as city2_7_,
        zone0_.local_name_of_city as local_na3_7_,
        zone0_.province as province4_7_ 
    from
        zone zone0_
2021-03-10 22:37:37.575 TRACE 20712 --- [    Test worker] o.h.type.descriptor.sql.BasicExtractor   : extracted value ([id1_7_] : [BIGINT]) - [61]
2021-03-10 22:37:37.575 TRACE 20712 --- [    Test worker] o.h.type.descriptor.sql.BasicExtractor   : extracted value ([id1_7_] : [BIGINT]) - [62]
2021-03-10 22:37:37.575 TRACE 20712 --- [    Test worker] o.h.type.descriptor.sql.BasicExtractor   : extracted value ([id1_7_] : [BIGINT]) - [63]
2021-03-10 22:37:37.575 TRACE 20712 --- [    Test worker] o.h.type.descriptor.sql.BasicExtractor   : extracted value ([id1_7_] : [BIGINT]) - [64]
2021-03-10 22:37:37.575 TRACE 20712 --- [    Test worker] o.h.type.descriptor.sql.BasicExtractor   : extracted value ([id1_7_] : [BIGINT]) - [65]
2021-03-10 22:37:37.575 TRACE 20712 --- [    Test worker] o.h.type.descriptor.sql.BasicExtractor   : extracted value ([id1_7_] : [BIGINT]) - [66]
2021-03-10 22:37:37.575 TRACE 20712 --- [    Test worker] o.h.type.descriptor.sql.BasicExtractor   : extracted value ([id1_7_] : [BIGINT]) - [67]
2021-03-10 22:37:37.575 TRACE 20712 --- [    Test worker] o.h.type.descriptor.sql.BasicExtractor   : extracted value ([id1_7_] : [BIGINT]) - [68]
2021-03-10 22:37:37.575 TRACE 20712 --- [    Test worker] o.h.type.descriptor.sql.BasicExtractor   : extracted value ([id1_7_] : [BIGINT]) - [69]
2021-03-10 22:37:37.575 TRACE 20712 --- [    Test worker] o.h.type.descriptor.sql.BasicExtractor   : extracted value ([id1_7_] : [BIGINT]) - [70]
2021-03-10 22:37:37.575 TRACE 20712 --- [    Test worker] o.h.type.descriptor.sql.BasicExtractor   : extracted value ([id1_7_] : [BIGINT]) - [71]
2021-03-10 22:37:37.575 TRACE 20712 --- [    Test worker] o.h.type.descriptor.sql.BasicExtractor   : extracted value ([id1_7_] : [BIGINT]) - [72]
2021-03-10 22:37:37.575 TRACE 20712 --- [    Test worker] o.h.type.descriptor.sql.BasicExtractor   : extracted value ([id1_7_] : [BIGINT]) - [73]
2021-03-10 22:37:37.575 TRACE 20712 --- [    Test worker] o.h.type.descriptor.sql.BasicExtractor   : extracted value ([id1_7_] : [BIGINT]) - [74]
2021-03-10 22:37:37.575 TRACE 20712 --- [    Test worker] o.h.type.descriptor.sql.BasicExtractor   : extracted value ([id1_7_] : [BIGINT]) - [75]
2021-03-10 22:37:37.575 TRACE 20712 --- [    Test worker] o.h.type.descriptor.sql.BasicExtractor   : extracted value ([id1_7_] : [BIGINT]) - [76]
2021-03-10 22:37:37.575 TRACE 20712 --- [    Test worker] o.h.type.descriptor.sql.BasicExtractor   : extracted value ([id1_7_] : [BIGINT]) - [77]
2021-03-10 22:37:37.575 TRACE 20712 --- [    Test worker] o.h.type.descriptor.sql.BasicExtractor   : extracted value ([id1_7_] : [BIGINT]) - [78]
2021-03-10 22:37:37.575 TRACE 20712 --- [    Test worker] o.h.type.descriptor.sql.BasicExtractor   : extracted value ([id1_7_] : [BIGINT]) - [79]
2021-03-10 22:37:37.575 TRACE 20712 --- [    Test worker] o.h.type.descriptor.sql.BasicExtractor   : extracted value ([id1_7_] : [BIGINT]) - [80]
2021-03-10 22:37:37.575 TRACE 20712 --- [    Test worker] o.h.type.descriptor.sql.BasicExtractor   : extracted value ([id1_7_] : [BIGINT]) - [81]
2021-03-10 22:37:37.575 TRACE 20712 --- [    Test worker] o.h.type.descriptor.sql.BasicExtractor   : extracted value ([id1_7_] : [BIGINT]) - [82]
2021-03-10 22:37:37.575 TRACE 20712 --- [    Test worker] o.h.type.descriptor.sql.BasicExtractor   : extracted value ([id1_7_] : [BIGINT]) - [83]
2021-03-10 22:37:37.575 TRACE 20712 --- [    Test worker] o.h.type.descriptor.sql.BasicExtractor   : extracted value ([id1_7_] : [BIGINT]) - [84]
2021-03-10 22:37:37.575 TRACE 20712 --- [    Test worker] o.h.type.descriptor.sql.BasicExtractor   : extracted value ([id1_7_] : [BIGINT]) - [85]
2021-03-10 22:37:37.575 TRACE 20712 --- [    Test worker] o.h.type.descriptor.sql.BasicExtractor   : extracted value ([id1_7_] : [BIGINT]) - [86]
2021-03-10 22:37:37.575 TRACE 20712 --- [    Test worker] o.h.type.descriptor.sql.BasicExtractor   : extracted value ([id1_7_] : [BIGINT]) - [87]
2021-03-10 22:37:37.575 TRACE 20712 --- [    Test worker] o.h.type.descriptor.sql.BasicExtractor   : extracted value ([id1_7_] : [BIGINT]) - [88]
2021-03-10 22:37:37.575 TRACE 20712 --- [    Test worker] o.h.type.descriptor.sql.BasicExtractor   : extracted value ([id1_7_] : [BIGINT]) - [89]
2021-03-10 22:37:37.575 TRACE 20712 --- [    Test worker] o.h.type.descriptor.sql.BasicExtractor   : extracted value ([id1_7_] : [BIGINT]) - [90]
2021-03-10 22:37:37.575 TRACE 20712 --- [    Test worker] o.h.type.descriptor.sql.BasicExtractor   : extracted value ([id1_7_] : [BIGINT]) - [91]
2021-03-10 22:37:37.575 TRACE 20712 --- [    Test worker] o.h.type.descriptor.sql.BasicExtractor   : extracted value ([id1_7_] : [BIGINT]) - [92]
2021-03-10 22:37:37.575 TRACE 20712 --- [    Test worker] o.h.type.descriptor.sql.BasicExtractor   : extracted value ([id1_7_] : [BIGINT]) - [93]
2021-03-10 22:37:37.575 TRACE 20712 --- [    Test worker] o.h.type.descriptor.sql.BasicExtractor   : extracted value ([id1_7_] : [BIGINT]) - [94]
2021-03-10 22:37:37.575 TRACE 20712 --- [    Test worker] o.h.type.descriptor.sql.BasicExtractor   : extracted value ([id1_7_] : [BIGINT]) - [95]
2021-03-10 22:37:37.575 TRACE 20712 --- [    Test worker] o.h.type.descriptor.sql.BasicExtractor   : extracted value ([id1_7_] : [BIGINT]) - [96]
2021-03-10 22:37:37.575 TRACE 20712 --- [    Test worker] o.h.type.descriptor.sql.BasicExtractor   : extracted value ([id1_7_] : [BIGINT]) - [97]
2021-03-10 22:37:37.575 TRACE 20712 --- [    Test worker] o.h.type.descriptor.sql.BasicExtractor   : extracted value ([id1_7_] : [BIGINT]) - [98]
2021-03-10 22:37:37.575 TRACE 20712 --- [    Test worker] o.h.type.descriptor.sql.BasicExtractor   : extracted value ([id1_7_] : [BIGINT]) - [99]
2021-03-10 22:37:37.575 TRACE 20712 --- [    Test worker] o.h.type.descriptor.sql.BasicExtractor   : extracted value ([id1_7_] : [BIGINT]) - [100]
2021-03-10 22:37:37.575 TRACE 20712 --- [    Test worker] o.h.type.descriptor.sql.BasicExtractor   : extracted value ([id1_7_] : [BIGINT]) - [101]
2021-03-10 22:37:37.575 TRACE 20712 --- [    Test worker] o.h.type.descriptor.sql.BasicExtractor   : extracted value ([id1_7_] : [BIGINT]) - [102]
2021-03-10 22:37:37.575 TRACE 20712 --- [    Test worker] o.h.type.descriptor.sql.BasicExtractor   : extracted value ([id1_7_] : [BIGINT]) - [103]
2021-03-10 22:37:37.575 TRACE 20712 --- [    Test worker] o.h.type.descriptor.sql.BasicExtractor   : extracted value ([id1_7_] : [BIGINT]) - [104]
2021-03-10 22:37:37.575 TRACE 20712 --- [    Test worker] o.h.type.descriptor.sql.BasicExtractor   : extracted value ([id1_7_] : [BIGINT]) - [105]
2021-03-10 22:37:37.575 TRACE 20712 --- [    Test worker] o.h.type.descriptor.sql.BasicExtractor   : extracted value ([id1_7_] : [BIGINT]) - [106]
2021-03-10 22:37:37.575 TRACE 20712 --- [    Test worker] o.h.type.descriptor.sql.BasicExtractor   : extracted value ([id1_7_] : [BIGINT]) - [107]
2021-03-10 22:37:37.575 TRACE 20712 --- [    Test worker] o.h.type.descriptor.sql.BasicExtractor   : extracted value ([id1_7_] : [BIGINT]) - [108]
2021-03-10 22:37:37.575 TRACE 20712 --- [    Test worker] o.h.type.descriptor.sql.BasicExtractor   : extracted value ([id1_7_] : [BIGINT]) - [109]
2021-03-10 22:37:37.575 TRACE 20712 --- [    Test worker] o.h.type.descriptor.sql.BasicExtractor   : extracted value ([id1_7_] : [BIGINT]) - [110]
2021-03-10 22:37:37.575 TRACE 20712 --- [    Test worker] o.h.type.descriptor.sql.BasicExtractor   : extracted value ([id1_7_] : [BIGINT]) - [111]
2021-03-10 22:37:37.575 TRACE 20712 --- [    Test worker] o.h.type.descriptor.sql.BasicExtractor   : extracted value ([id1_7_] : [BIGINT]) - [112]
2021-03-10 22:37:37.575 TRACE 20712 --- [    Test worker] o.h.type.descriptor.sql.BasicExtractor   : extracted value ([id1_7_] : [BIGINT]) - [113]
2021-03-10 22:37:37.575 TRACE 20712 --- [    Test worker] o.h.type.descriptor.sql.BasicExtractor   : extracted value ([id1_7_] : [BIGINT]) - [114]
2021-03-10 22:37:37.575 TRACE 20712 --- [    Test worker] o.h.type.descriptor.sql.BasicExtractor   : extracted value ([id1_7_] : [BIGINT]) - [115]
2021-03-10 22:37:37.575 TRACE 20712 --- [    Test worker] o.h.type.descriptor.sql.BasicExtractor   : extracted value ([id1_7_] : [BIGINT]) - [116]
2021-03-10 22:37:37.575 TRACE 20712 --- [    Test worker] o.h.type.descriptor.sql.BasicExtractor   : extracted value ([id1_7_] : [BIGINT]) - [117]
2021-03-10 22:37:37.575 TRACE 20712 --- [    Test worker] o.h.type.descriptor.sql.BasicExtractor   : extracted value ([id1_7_] : [BIGINT]) - [118]
2021-03-10 22:37:37.575 TRACE 20712 --- [    Test worker] o.h.type.descriptor.sql.BasicExtractor   : extracted value ([id1_7_] : [BIGINT]) - [119]
2021-03-10 22:37:37.575 TRACE 20712 --- [    Test worker] o.h.type.descriptor.sql.BasicExtractor   : extracted value ([id1_7_] : [BIGINT]) - [120]
2021-03-10 22:37:37.575 TRACE 20712 --- [    Test worker] o.h.type.descriptor.sql.BasicExtractor   : extracted value ([id1_7_] : [BIGINT]) - [121]
2021-03-10 22:37:37.575 TRACE 20712 --- [    Test worker] o.h.type.descriptor.sql.BasicExtractor   : extracted value ([id1_7_] : [BIGINT]) - [122]
2021-03-10 22:37:37.575 TRACE 20712 --- [    Test worker] o.h.type.descriptor.sql.BasicExtractor   : extracted value ([id1_7_] : [BIGINT]) - [123]
2021-03-10 22:37:37.575 TRACE 20712 --- [    Test worker] o.h.type.descriptor.sql.BasicExtractor   : extracted value ([id1_7_] : [BIGINT]) - [124]
2021-03-10 22:37:37.575 TRACE 20712 --- [    Test worker] o.h.type.descriptor.sql.BasicExtractor   : extracted value ([id1_7_] : [BIGINT]) - [125]
2021-03-10 22:37:37.575 TRACE 20712 --- [    Test worker] o.h.type.descriptor.sql.BasicExtractor   : extracted value ([id1_7_] : [BIGINT]) - [126]
2021-03-10 22:37:37.575 TRACE 20712 --- [    Test worker] o.h.type.descriptor.sql.BasicExtractor   : extracted value ([id1_7_] : [BIGINT]) - [127]
2021-03-10 22:37:37.575 TRACE 20712 --- [    Test worker] o.h.type.descriptor.sql.BasicExtractor   : extracted value ([id1_7_] : [BIGINT]) - [128]
2021-03-10 22:37:37.575 TRACE 20712 --- [    Test worker] o.h.type.descriptor.sql.BasicExtractor   : extracted value ([id1_7_] : [BIGINT]) - [129]
2021-03-10 22:37:37.575 TRACE 20712 --- [    Test worker] o.h.type.descriptor.sql.BasicExtractor   : extracted value ([id1_7_] : [BIGINT]) - [130]
2021-03-10 22:37:37.575 TRACE 20712 --- [    Test worker] o.h.type.descriptor.sql.BasicExtractor   : extracted value ([id1_7_] : [BIGINT]) - [131]
2021-03-10 22:37:37.575 TRACE 20712 --- [    Test worker] o.h.type.descriptor.sql.BasicExtractor   : extracted value ([id1_7_] : [BIGINT]) - [132]
2021-03-10 22:37:37.575 TRACE 20712 --- [    Test worker] o.h.type.descriptor.sql.BasicExtractor   : extracted value ([id1_7_] : [BIGINT]) - [133]
2021-03-10 22:37:37.575 TRACE 20712 --- [    Test worker] o.h.type.descriptor.sql.BasicExtractor   : extracted value ([id1_7_] : [BIGINT]) - [134]
2021-03-10 22:37:37.575 TRACE 20712 --- [    Test worker] o.h.type.descriptor.sql.BasicExtractor   : extracted value ([id1_7_] : [BIGINT]) - [135]
2021-03-10 22:37:37.575 TRACE 20712 --- [    Test worker] o.h.type.descriptor.sql.BasicExtractor   : extracted value ([id1_7_] : [BIGINT]) - [136]
2021-03-10 22:37:37.575 TRACE 20712 --- [    Test worker] o.h.type.descriptor.sql.BasicExtractor   : extracted value ([id1_7_] : [BIGINT]) - [137]
2021-03-10 22:37:37.575 TRACE 20712 --- [    Test worker] o.h.type.descriptor.sql.BasicExtractor   : extracted value ([id1_7_] : [BIGINT]) - [138]
2021-03-10 22:37:37.575 TRACE 20712 --- [    Test worker] o.h.type.descriptor.sql.BasicExtractor   : extracted value ([id1_7_] : [BIGINT]) - [139]
2021-03-10 22:37:37.575 TRACE 20712 --- [    Test worker] o.h.type.descriptor.sql.BasicExtractor   : extracted value ([id1_7_] : [BIGINT]) - [140]
2021-03-10 22:37:37.575 TRACE 20712 --- [    Test worker] o.h.type.descriptor.sql.BasicExtractor   : extracted value ([id1_7_] : [BIGINT]) - [141]
2021-03-10 22:37:37.575 TRACE 20712 --- [    Test worker] o.h.type.descriptor.sql.BasicExtractor   : extracted value ([id1_7_] : [BIGINT]) - [142]
2021-03-10 22:37:37.575 TRACE 20712 --- [    Test worker] o.h.type.descriptor.sql.BasicExtractor   : extracted value ([id1_7_] : [BIGINT]) - [143]
2021-03-10 22:37:37.575 TRACE 20712 --- [    Test worker] o.h.type.descriptor.sql.BasicExtractor   : extracted value ([id1_7_] : [BIGINT]) - [144]
2021-03-10 22:37:37.575 TRACE 20712 --- [    Test worker] o.h.type.descriptor.sql.BasicExtractor   : extracted value ([id1_7_] : [BIGINT]) - [145]
Hibernate: 
    select
        zone0_.id as id1_7_,
        zone0_.city as city2_7_,
        zone0_.local_name_of_city as local_na3_7_,
        zone0_.province as province4_7_ 
    from
        zone zone0_
2021-03-10 22:37:37.575 TRACE 20712 --- [    Test worker] o.h.type.descriptor.sql.BasicExtractor   : extracted value ([id1_7_] : [BIGINT]) - [61]
2021-03-10 22:37:37.575 TRACE 20712 --- [    Test worker] o.h.type.descriptor.sql.BasicExtractor   : extracted value ([id1_7_] : [BIGINT]) - [62]
2021-03-10 22:37:37.575 TRACE 20712 --- [    Test worker] o.h.type.descriptor.sql.BasicExtractor   : extracted value ([id1_7_] : [BIGINT]) - [63]
2021-03-10 22:37:37.575 TRACE 20712 --- [    Test worker] o.h.type.descriptor.sql.BasicExtractor   : extracted value ([id1_7_] : [BIGINT]) - [64]
2021-03-10 22:37:37.575 TRACE 20712 --- [    Test worker] o.h.type.descriptor.sql.BasicExtractor   : extracted value ([id1_7_] : [BIGINT]) - [65]
2021-03-10 22:37:37.575 TRACE 20712 --- [    Test worker] o.h.type.descriptor.sql.BasicExtractor   : extracted value ([id1_7_] : [BIGINT]) - [66]
2021-03-10 22:37:37.575 TRACE 20712 --- [    Test worker] o.h.type.descriptor.sql.BasicExtractor   : extracted value ([id1_7_] : [BIGINT]) - [67]
2021-03-10 22:37:37.575 TRACE 20712 --- [    Test worker] o.h.type.descriptor.sql.BasicExtractor   : extracted value ([id1_7_] : [BIGINT]) - [68]
2021-03-10 22:37:37.575 TRACE 20712 --- [    Test worker] o.h.type.descriptor.sql.BasicExtractor   : extracted value ([id1_7_] : [BIGINT]) - [69]
2021-03-10 22:37:37.575 TRACE 20712 --- [    Test worker] o.h.type.descriptor.sql.BasicExtractor   : extracted value ([id1_7_] : [BIGINT]) - [70]
2021-03-10 22:37:37.575 TRACE 20712 --- [    Test worker] o.h.type.descriptor.sql.BasicExtractor   : extracted value ([id1_7_] : [BIGINT]) - [71]
2021-03-10 22:37:37.575 TRACE 20712 --- [    Test worker] o.h.type.descriptor.sql.BasicExtractor   : extracted value ([id1_7_] : [BIGINT]) - [72]
2021-03-10 22:37:37.575 TRACE 20712 --- [    Test worker] o.h.type.descriptor.sql.BasicExtractor   : extracted value ([id1_7_] : [BIGINT]) - [73]
2021-03-10 22:37:37.575 TRACE 20712 --- [    Test worker] o.h.type.descriptor.sql.BasicExtractor   : extracted value ([id1_7_] : [BIGINT]) - [74]
2021-03-10 22:37:37.575 TRACE 20712 --- [    Test worker] o.h.type.descriptor.sql.BasicExtractor   : extracted value ([id1_7_] : [BIGINT]) - [75]
2021-03-10 22:37:37.575 TRACE 20712 --- [    Test worker] o.h.type.descriptor.sql.BasicExtractor   : extracted value ([id1_7_] : [BIGINT]) - [76]
2021-03-10 22:37:37.575 TRACE 20712 --- [    Test worker] o.h.type.descriptor.sql.BasicExtractor   : extracted value ([id1_7_] : [BIGINT]) - [77]
2021-03-10 22:37:37.575 TRACE 20712 --- [    Test worker] o.h.type.descriptor.sql.BasicExtractor   : extracted value ([id1_7_] : [BIGINT]) - [78]
2021-03-10 22:37:37.575 TRACE 20712 --- [    Test worker] o.h.type.descriptor.sql.BasicExtractor   : extracted value ([id1_7_] : [BIGINT]) - [79]
2021-03-10 22:37:37.575 TRACE 20712 --- [    Test worker] o.h.type.descriptor.sql.BasicExtractor   : extracted value ([id1_7_] : [BIGINT]) - [80]
2021-03-10 22:37:37.575 TRACE 20712 --- [    Test worker] o.h.type.descriptor.sql.BasicExtractor   : extracted value ([id1_7_] : [BIGINT]) - [81]
2021-03-10 22:37:37.575 TRACE 20712 --- [    Test worker] o.h.type.descriptor.sql.BasicExtractor   : extracted value ([id1_7_] : [BIGINT]) - [82]
2021-03-10 22:37:37.575 TRACE 20712 --- [    Test worker] o.h.type.descriptor.sql.BasicExtractor   : extracted value ([id1_7_] : [BIGINT]) - [83]
2021-03-10 22:37:37.575 TRACE 20712 --- [    Test worker] o.h.type.descriptor.sql.BasicExtractor   : extracted value ([id1_7_] : [BIGINT]) - [84]
2021-03-10 22:37:37.575 TRACE 20712 --- [    Test worker] o.h.type.descriptor.sql.BasicExtractor   : extracted value ([id1_7_] : [BIGINT]) - [85]
2021-03-10 22:37:37.590 TRACE 20712 --- [    Test worker] o.h.type.descriptor.sql.BasicExtractor   : extracted value ([id1_7_] : [BIGINT]) - [86]
2021-03-10 22:37:37.590 TRACE 20712 --- [    Test worker] o.h.type.descriptor.sql.BasicExtractor   : extracted value ([id1_7_] : [BIGINT]) - [87]
2021-03-10 22:37:37.590 TRACE 20712 --- [    Test worker] o.h.type.descriptor.sql.BasicExtractor   : extracted value ([id1_7_] : [BIGINT]) - [88]
2021-03-10 22:37:37.590 TRACE 20712 --- [    Test worker] o.h.type.descriptor.sql.BasicExtractor   : extracted value ([id1_7_] : [BIGINT]) - [89]
2021-03-10 22:37:37.590 TRACE 20712 --- [    Test worker] o.h.type.descriptor.sql.BasicExtractor   : extracted value ([id1_7_] : [BIGINT]) - [90]
2021-03-10 22:37:37.590 TRACE 20712 --- [    Test worker] o.h.type.descriptor.sql.BasicExtractor   : extracted value ([id1_7_] : [BIGINT]) - [91]
2021-03-10 22:37:37.590 TRACE 20712 --- [    Test worker] o.h.type.descriptor.sql.BasicExtractor   : extracted value ([id1_7_] : [BIGINT]) - [92]
2021-03-10 22:37:37.590 TRACE 20712 --- [    Test worker] o.h.type.descriptor.sql.BasicExtractor   : extracted value ([id1_7_] : [BIGINT]) - [93]
2021-03-10 22:37:37.590 TRACE 20712 --- [    Test worker] o.h.type.descriptor.sql.BasicExtractor   : extracted value ([id1_7_] : [BIGINT]) - [94]
2021-03-10 22:37:37.590 TRACE 20712 --- [    Test worker] o.h.type.descriptor.sql.BasicExtractor   : extracted value ([id1_7_] : [BIGINT]) - [95]
2021-03-10 22:37:37.590 TRACE 20712 --- [    Test worker] o.h.type.descriptor.sql.BasicExtractor   : extracted value ([id1_7_] : [BIGINT]) - [96]
2021-03-10 22:37:37.590 TRACE 20712 --- [    Test worker] o.h.type.descriptor.sql.BasicExtractor   : extracted value ([id1_7_] : [BIGINT]) - [97]
2021-03-10 22:37:37.590 TRACE 20712 --- [    Test worker] o.h.type.descriptor.sql.BasicExtractor   : extracted value ([id1_7_] : [BIGINT]) - [98]
2021-03-10 22:37:37.590 TRACE 20712 --- [    Test worker] o.h.type.descriptor.sql.BasicExtractor   : extracted value ([id1_7_] : [BIGINT]) - [99]
2021-03-10 22:37:37.590 TRACE 20712 --- [    Test worker] o.h.type.descriptor.sql.BasicExtractor   : extracted value ([id1_7_] : [BIGINT]) - [100]
2021-03-10 22:37:37.590 TRACE 20712 --- [    Test worker] o.h.type.descriptor.sql.BasicExtractor   : extracted value ([id1_7_] : [BIGINT]) - [101]
2021-03-10 22:37:37.590 TRACE 20712 --- [    Test worker] o.h.type.descriptor.sql.BasicExtractor   : extracted value ([id1_7_] : [BIGINT]) - [102]
2021-03-10 22:37:37.590 TRACE 20712 --- [    Test worker] o.h.type.descriptor.sql.BasicExtractor   : extracted value ([id1_7_] : [BIGINT]) - [103]
2021-03-10 22:37:37.590 TRACE 20712 --- [    Test worker] o.h.type.descriptor.sql.BasicExtractor   : extracted value ([id1_7_] : [BIGINT]) - [104]
2021-03-10 22:37:37.590 TRACE 20712 --- [    Test worker] o.h.type.descriptor.sql.BasicExtractor   : extracted value ([id1_7_] : [BIGINT]) - [105]
2021-03-10 22:37:37.590 TRACE 20712 --- [    Test worker] o.h.type.descriptor.sql.BasicExtractor   : extracted value ([id1_7_] : [BIGINT]) - [106]
2021-03-10 22:37:37.590 TRACE 20712 --- [    Test worker] o.h.type.descriptor.sql.BasicExtractor   : extracted value ([id1_7_] : [BIGINT]) - [107]
2021-03-10 22:37:37.590 TRACE 20712 --- [    Test worker] o.h.type.descriptor.sql.BasicExtractor   : extracted value ([id1_7_] : [BIGINT]) - [108]
2021-03-10 22:37:37.590 TRACE 20712 --- [    Test worker] o.h.type.descriptor.sql.BasicExtractor   : extracted value ([id1_7_] : [BIGINT]) - [109]
2021-03-10 22:37:37.590 TRACE 20712 --- [    Test worker] o.h.type.descriptor.sql.BasicExtractor   : extracted value ([id1_7_] : [BIGINT]) - [110]
2021-03-10 22:37:37.590 TRACE 20712 --- [    Test worker] o.h.type.descriptor.sql.BasicExtractor   : extracted value ([id1_7_] : [BIGINT]) - [111]
2021-03-10 22:37:37.590 TRACE 20712 --- [    Test worker] o.h.type.descriptor.sql.BasicExtractor   : extracted value ([id1_7_] : [BIGINT]) - [112]
2021-03-10 22:37:37.590 TRACE 20712 --- [    Test worker] o.h.type.descriptor.sql.BasicExtractor   : extracted value ([id1_7_] : [BIGINT]) - [113]
2021-03-10 22:37:37.590 TRACE 20712 --- [    Test worker] o.h.type.descriptor.sql.BasicExtractor   : extracted value ([id1_7_] : [BIGINT]) - [114]
2021-03-10 22:37:37.590 TRACE 20712 --- [    Test worker] o.h.type.descriptor.sql.BasicExtractor   : extracted value ([id1_7_] : [BIGINT]) - [115]
2021-03-10 22:37:37.590 TRACE 20712 --- [    Test worker] o.h.type.descriptor.sql.BasicExtractor   : extracted value ([id1_7_] : [BIGINT]) - [116]
2021-03-10 22:37:37.590 TRACE 20712 --- [    Test worker] o.h.type.descriptor.sql.BasicExtractor   : extracted value ([id1_7_] : [BIGINT]) - [117]
2021-03-10 22:37:37.590 TRACE 20712 --- [    Test worker] o.h.type.descriptor.sql.BasicExtractor   : extracted value ([id1_7_] : [BIGINT]) - [118]
2021-03-10 22:37:37.590 TRACE 20712 --- [    Test worker] o.h.type.descriptor.sql.BasicExtractor   : extracted value ([id1_7_] : [BIGINT]) - [119]
2021-03-10 22:37:37.590 TRACE 20712 --- [    Test worker] o.h.type.descriptor.sql.BasicExtractor   : extracted value ([id1_7_] : [BIGINT]) - [120]
2021-03-10 22:37:37.590 TRACE 20712 --- [    Test worker] o.h.type.descriptor.sql.BasicExtractor   : extracted value ([id1_7_] : [BIGINT]) - [121]
2021-03-10 22:37:37.590 TRACE 20712 --- [    Test worker] o.h.type.descriptor.sql.BasicExtractor   : extracted value ([id1_7_] : [BIGINT]) - [122]
2021-03-10 22:37:37.590 TRACE 20712 --- [    Test worker] o.h.type.descriptor.sql.BasicExtractor   : extracted value ([id1_7_] : [BIGINT]) - [123]
2021-03-10 22:37:37.590 TRACE 20712 --- [    Test worker] o.h.type.descriptor.sql.BasicExtractor   : extracted value ([id1_7_] : [BIGINT]) - [124]
2021-03-10 22:37:37.590 TRACE 20712 --- [    Test worker] o.h.type.descriptor.sql.BasicExtractor   : extracted value ([id1_7_] : [BIGINT]) - [125]
2021-03-10 22:37:37.590 TRACE 20712 --- [    Test worker] o.h.type.descriptor.sql.BasicExtractor   : extracted value ([id1_7_] : [BIGINT]) - [126]
2021-03-10 22:37:37.590 TRACE 20712 --- [    Test worker] o.h.type.descriptor.sql.BasicExtractor   : extracted value ([id1_7_] : [BIGINT]) - [127]
2021-03-10 22:37:37.590 TRACE 20712 --- [    Test worker] o.h.type.descriptor.sql.BasicExtractor   : extracted value ([id1_7_] : [BIGINT]) - [128]
2021-03-10 22:37:37.590 TRACE 20712 --- [    Test worker] o.h.type.descriptor.sql.BasicExtractor   : extracted value ([id1_7_] : [BIGINT]) - [129]
2021-03-10 22:37:37.590 TRACE 20712 --- [    Test worker] o.h.type.descriptor.sql.BasicExtractor   : extracted value ([id1_7_] : [BIGINT]) - [130]
2021-03-10 22:37:37.590 TRACE 20712 --- [    Test worker] o.h.type.descriptor.sql.BasicExtractor   : extracted value ([id1_7_] : [BIGINT]) - [131]
2021-03-10 22:37:37.590 TRACE 20712 --- [    Test worker] o.h.type.descriptor.sql.BasicExtractor   : extracted value ([id1_7_] : [BIGINT]) - [132]
2021-03-10 22:37:37.590 TRACE 20712 --- [    Test worker] o.h.type.descriptor.sql.BasicExtractor   : extracted value ([id1_7_] : [BIGINT]) - [133]
2021-03-10 22:37:37.590 TRACE 20712 --- [    Test worker] o.h.type.descriptor.sql.BasicExtractor   : extracted value ([id1_7_] : [BIGINT]) - [134]
2021-03-10 22:37:37.590 TRACE 20712 --- [    Test worker] o.h.type.descriptor.sql.BasicExtractor   : extracted value ([id1_7_] : [BIGINT]) - [135]
2021-03-10 22:37:37.590 TRACE 20712 --- [    Test worker] o.h.type.descriptor.sql.BasicExtractor   : extracted value ([id1_7_] : [BIGINT]) - [136]
2021-03-10 22:37:37.590 TRACE 20712 --- [    Test worker] o.h.type.descriptor.sql.BasicExtractor   : extracted value ([id1_7_] : [BIGINT]) - [137]
2021-03-10 22:37:37.590 TRACE 20712 --- [    Test worker] o.h.type.descriptor.sql.BasicExtractor   : extracted value ([id1_7_] : [BIGINT]) - [138]
2021-03-10 22:37:37.590 TRACE 20712 --- [    Test worker] o.h.type.descriptor.sql.BasicExtractor   : extracted value ([id1_7_] : [BIGINT]) - [139]
2021-03-10 22:37:37.590 TRACE 20712 --- [    Test worker] o.h.type.descriptor.sql.BasicExtractor   : extracted value ([id1_7_] : [BIGINT]) - [140]
2021-03-10 22:37:37.590 TRACE 20712 --- [    Test worker] o.h.type.descriptor.sql.BasicExtractor   : extracted value ([id1_7_] : [BIGINT]) - [141]
2021-03-10 22:37:37.590 TRACE 20712 --- [    Test worker] o.h.type.descriptor.sql.BasicExtractor   : extracted value ([id1_7_] : [BIGINT]) - [142]
2021-03-10 22:37:37.590 TRACE 20712 --- [    Test worker] o.h.type.descriptor.sql.BasicExtractor   : extracted value ([id1_7_] : [BIGINT]) - [143]
2021-03-10 22:37:37.590 TRACE 20712 --- [    Test worker] o.h.type.descriptor.sql.BasicExtractor   : extracted value ([id1_7_] : [BIGINT]) - [144]
2021-03-10 22:37:37.590 TRACE 20712 --- [    Test worker] o.h.type.descriptor.sql.BasicExtractor   : extracted value ([id1_7_] : [BIGINT]) - [145]
Hibernate: 
    select
        zone0_.id as id1_7_,
        zone0_.city as city2_7_,
        zone0_.local_name_of_city as local_na3_7_,
        zone0_.province as province4_7_ 
    from
        zone zone0_
2021-03-10 22:37:37.590 TRACE 20712 --- [    Test worker] o.h.type.descriptor.sql.BasicExtractor   : extracted value ([id1_7_] : [BIGINT]) - [61]
2021-03-10 22:37:37.590 TRACE 20712 --- [    Test worker] o.h.type.descriptor.sql.BasicExtractor   : extracted value ([id1_7_] : [BIGINT]) - [62]
2021-03-10 22:37:37.590 TRACE 20712 --- [    Test worker] o.h.type.descriptor.sql.BasicExtractor   : extracted value ([id1_7_] : [BIGINT]) - [63]
2021-03-10 22:37:37.590 TRACE 20712 --- [    Test worker] o.h.type.descriptor.sql.BasicExtractor   : extracted value ([id1_7_] : [BIGINT]) - [64]
2021-03-10 22:37:37.590 TRACE 20712 --- [    Test worker] o.h.type.descriptor.sql.BasicExtractor   : extracted value ([id1_7_] : [BIGINT]) - [65]
2021-03-10 22:37:37.590 TRACE 20712 --- [    Test worker] o.h.type.descriptor.sql.BasicExtractor   : extracted value ([id1_7_] : [BIGINT]) - [66]
2021-03-10 22:37:37.590 TRACE 20712 --- [    Test worker] o.h.type.descriptor.sql.BasicExtractor   : extracted value ([id1_7_] : [BIGINT]) - [67]
2021-03-10 22:37:37.590 TRACE 20712 --- [    Test worker] o.h.type.descriptor.sql.BasicExtractor   : extracted value ([id1_7_] : [BIGINT]) - [68]
2021-03-10 22:37:37.590 TRACE 20712 --- [    Test worker] o.h.type.descriptor.sql.BasicExtractor   : extracted value ([id1_7_] : [BIGINT]) - [69]
2021-03-10 22:37:37.590 TRACE 20712 --- [    Test worker] o.h.type.descriptor.sql.BasicExtractor   : extracted value ([id1_7_] : [BIGINT]) - [70]
2021-03-10 22:37:37.590 TRACE 20712 --- [    Test worker] o.h.type.descriptor.sql.BasicExtractor   : extracted value ([id1_7_] : [BIGINT]) - [71]
2021-03-10 22:37:37.590 TRACE 20712 --- [    Test worker] o.h.type.descriptor.sql.BasicExtractor   : extracted value ([id1_7_] : [BIGINT]) - [72]
2021-03-10 22:37:37.590 TRACE 20712 --- [    Test worker] o.h.type.descriptor.sql.BasicExtractor   : extracted value ([id1_7_] : [BIGINT]) - [73]
2021-03-10 22:37:37.590 TRACE 20712 --- [    Test worker] o.h.type.descriptor.sql.BasicExtractor   : extracted value ([id1_7_] : [BIGINT]) - [74]
2021-03-10 22:37:37.590 TRACE 20712 --- [    Test worker] o.h.type.descriptor.sql.BasicExtractor   : extracted value ([id1_7_] : [BIGINT]) - [75]
2021-03-10 22:37:37.590 TRACE 20712 --- [    Test worker] o.h.type.descriptor.sql.BasicExtractor   : extracted value ([id1_7_] : [BIGINT]) - [76]
2021-03-10 22:37:37.590 TRACE 20712 --- [    Test worker] o.h.type.descriptor.sql.BasicExtractor   : extracted value ([id1_7_] : [BIGINT]) - [77]
2021-03-10 22:37:37.590 TRACE 20712 --- [    Test worker] o.h.type.descriptor.sql.BasicExtractor   : extracted value ([id1_7_] : [BIGINT]) - [78]
2021-03-10 22:37:37.590 TRACE 20712 --- [    Test worker] o.h.type.descriptor.sql.BasicExtractor   : extracted value ([id1_7_] : [BIGINT]) - [79]
2021-03-10 22:37:37.590 TRACE 20712 --- [    Test worker] o.h.type.descriptor.sql.BasicExtractor   : extracted value ([id1_7_] : [BIGINT]) - [80]
2021-03-10 22:37:37.590 TRACE 20712 --- [    Test worker] o.h.type.descriptor.sql.BasicExtractor   : extracted value ([id1_7_] : [BIGINT]) - [81]
2021-03-10 22:37:37.590 TRACE 20712 --- [    Test worker] o.h.type.descriptor.sql.BasicExtractor   : extracted value ([id1_7_] : [BIGINT]) - [82]
2021-03-10 22:37:37.590 TRACE 20712 --- [    Test worker] o.h.type.descriptor.sql.BasicExtractor   : extracted value ([id1_7_] : [BIGINT]) - [83]
2021-03-10 22:37:37.590 TRACE 20712 --- [    Test worker] o.h.type.descriptor.sql.BasicExtractor   : extracted value ([id1_7_] : [BIGINT]) - [84]
2021-03-10 22:37:37.590 TRACE 20712 --- [    Test worker] o.h.type.descriptor.sql.BasicExtractor   : extracted value ([id1_7_] : [BIGINT]) - [85]
2021-03-10 22:37:37.590 TRACE 20712 --- [    Test worker] o.h.type.descriptor.sql.BasicExtractor   : extracted value ([id1_7_] : [BIGINT]) - [86]
2021-03-10 22:37:37.590 TRACE 20712 --- [    Test worker] o.h.type.descriptor.sql.BasicExtractor   : extracted value ([id1_7_] : [BIGINT]) - [87]
2021-03-10 22:37:37.590 TRACE 20712 --- [    Test worker] o.h.type.descriptor.sql.BasicExtractor   : extracted value ([id1_7_] : [BIGINT]) - [88]
2021-03-10 22:37:37.590 TRACE 20712 --- [    Test worker] o.h.type.descriptor.sql.BasicExtractor   : extracted value ([id1_7_] : [BIGINT]) - [89]
2021-03-10 22:37:37.590 TRACE 20712 --- [    Test worker] o.h.type.descriptor.sql.BasicExtractor   : extracted value ([id1_7_] : [BIGINT]) - [90]
2021-03-10 22:37:37.590 TRACE 20712 --- [    Test worker] o.h.type.descriptor.sql.BasicExtractor   : extracted value ([id1_7_] : [BIGINT]) - [91]
2021-03-10 22:37:37.590 TRACE 20712 --- [    Test worker] o.h.type.descriptor.sql.BasicExtractor   : extracted value ([id1_7_] : [BIGINT]) - [92]
2021-03-10 22:37:37.590 TRACE 20712 --- [    Test worker] o.h.type.descriptor.sql.BasicExtractor   : extracted value ([id1_7_] : [BIGINT]) - [93]
2021-03-10 22:37:37.590 TRACE 20712 --- [    Test worker] o.h.type.descriptor.sql.BasicExtractor   : extracted value ([id1_7_] : [BIGINT]) - [94]
2021-03-10 22:37:37.590 TRACE 20712 --- [    Test worker] o.h.type.descriptor.sql.BasicExtractor   : extracted value ([id1_7_] : [BIGINT]) - [95]
2021-03-10 22:37:37.590 TRACE 20712 --- [    Test worker] o.h.type.descriptor.sql.BasicExtractor   : extracted value ([id1_7_] : [BIGINT]) - [96]
2021-03-10 22:37:37.590 TRACE 20712 --- [    Test worker] o.h.type.descriptor.sql.BasicExtractor   : extracted value ([id1_7_] : [BIGINT]) - [97]
2021-03-10 22:37:37.590 TRACE 20712 --- [    Test worker] o.h.type.descriptor.sql.BasicExtractor   : extracted value ([id1_7_] : [BIGINT]) - [98]
2021-03-10 22:37:37.590 TRACE 20712 --- [    Test worker] o.h.type.descriptor.sql.BasicExtractor   : extracted value ([id1_7_] : [BIGINT]) - [99]
2021-03-10 22:37:37.590 TRACE 20712 --- [    Test worker] o.h.type.descriptor.sql.BasicExtractor   : extracted value ([id1_7_] : [BIGINT]) - [100]
2021-03-10 22:37:37.590 TRACE 20712 --- [    Test worker] o.h.type.descriptor.sql.BasicExtractor   : extracted value ([id1_7_] : [BIGINT]) - [101]
2021-03-10 22:37:37.590 TRACE 20712 --- [    Test worker] o.h.type.descriptor.sql.BasicExtractor   : extracted value ([id1_7_] : [BIGINT]) - [102]
2021-03-10 22:37:37.590 TRACE 20712 --- [    Test worker] o.h.type.descriptor.sql.BasicExtractor   : extracted value ([id1_7_] : [BIGINT]) - [103]
2021-03-10 22:37:37.590 TRACE 20712 --- [    Test worker] o.h.type.descriptor.sql.BasicExtractor   : extracted value ([id1_7_] : [BIGINT]) - [104]
2021-03-10 22:37:37.590 TRACE 20712 --- [    Test worker] o.h.type.descriptor.sql.BasicExtractor   : extracted value ([id1_7_] : [BIGINT]) - [105]
2021-03-10 22:37:37.590 TRACE 20712 --- [    Test worker] o.h.type.descriptor.sql.BasicExtractor   : extracted value ([id1_7_] : [BIGINT]) - [106]
2021-03-10 22:37:37.590 TRACE 20712 --- [    Test worker] o.h.type.descriptor.sql.BasicExtractor   : extracted value ([id1_7_] : [BIGINT]) - [107]
2021-03-10 22:37:37.590 TRACE 20712 --- [    Test worker] o.h.type.descriptor.sql.BasicExtractor   : extracted value ([id1_7_] : [BIGINT]) - [108]
2021-03-10 22:37:37.590 TRACE 20712 --- [    Test worker] o.h.type.descriptor.sql.BasicExtractor   : extracted value ([id1_7_] : [BIGINT]) - [109]
2021-03-10 22:37:37.590 TRACE 20712 --- [    Test worker] o.h.type.descriptor.sql.BasicExtractor   : extracted value ([id1_7_] : [BIGINT]) - [110]
2021-03-10 22:37:37.590 TRACE 20712 --- [    Test worker] o.h.type.descriptor.sql.BasicExtractor   : extracted value ([id1_7_] : [BIGINT]) - [111]
2021-03-10 22:37:37.590 TRACE 20712 --- [    Test worker] o.h.type.descriptor.sql.BasicExtractor   : extracted value ([id1_7_] : [BIGINT]) - [112]
2021-03-10 22:37:37.590 TRACE 20712 --- [    Test worker] o.h.type.descriptor.sql.BasicExtractor   : extracted value ([id1_7_] : [BIGINT]) - [113]
2021-03-10 22:37:37.590 TRACE 20712 --- [    Test worker] o.h.type.descriptor.sql.BasicExtractor   : extracted value ([id1_7_] : [BIGINT]) - [114]
2021-03-10 22:37:37.590 TRACE 20712 --- [    Test worker] o.h.type.descriptor.sql.BasicExtractor   : extracted value ([id1_7_] : [BIGINT]) - [115]
2021-03-10 22:37:37.590 TRACE 20712 --- [    Test worker] o.h.type.descriptor.sql.BasicExtractor   : extracted value ([id1_7_] : [BIGINT]) - [116]
2021-03-10 22:37:37.590 TRACE 20712 --- [    Test worker] o.h.type.descriptor.sql.BasicExtractor   : extracted value ([id1_7_] : [BIGINT]) - [117]
2021-03-10 22:37:37.590 TRACE 20712 --- [    Test worker] o.h.type.descriptor.sql.BasicExtractor   : extracted value ([id1_7_] : [BIGINT]) - [118]
2021-03-10 22:37:37.590 TRACE 20712 --- [    Test worker] o.h.type.descriptor.sql.BasicExtractor   : extracted value ([id1_7_] : [BIGINT]) - [119]
2021-03-10 22:37:37.590 TRACE 20712 --- [    Test worker] o.h.type.descriptor.sql.BasicExtractor   : extracted value ([id1_7_] : [BIGINT]) - [120]
2021-03-10 22:37:37.590 TRACE 20712 --- [    Test worker] o.h.type.descriptor.sql.BasicExtractor   : extracted value ([id1_7_] : [BIGINT]) - [121]
2021-03-10 22:37:37.590 TRACE 20712 --- [    Test worker] o.h.type.descriptor.sql.BasicExtractor   : extracted value ([id1_7_] : [BIGINT]) - [122]
2021-03-10 22:37:37.590 TRACE 20712 --- [    Test worker] o.h.type.descriptor.sql.BasicExtractor   : extracted value ([id1_7_] : [BIGINT]) - [123]
2021-03-10 22:37:37.590 TRACE 20712 --- [    Test worker] o.h.type.descriptor.sql.BasicExtractor   : extracted value ([id1_7_] : [BIGINT]) - [124]
2021-03-10 22:37:37.590 TRACE 20712 --- [    Test worker] o.h.type.descriptor.sql.BasicExtractor   : extracted value ([id1_7_] : [BIGINT]) - [125]
2021-03-10 22:37:37.590 TRACE 20712 --- [    Test worker] o.h.type.descriptor.sql.BasicExtractor   : extracted value ([id1_7_] : [BIGINT]) - [126]
2021-03-10 22:37:37.590 TRACE 20712 --- [    Test worker] o.h.type.descriptor.sql.BasicExtractor   : extracted value ([id1_7_] : [BIGINT]) - [127]
2021-03-10 22:37:37.590 TRACE 20712 --- [    Test worker] o.h.type.descriptor.sql.BasicExtractor   : extracted value ([id1_7_] : [BIGINT]) - [128]
2021-03-10 22:37:37.590 TRACE 20712 --- [    Test worker] o.h.type.descriptor.sql.BasicExtractor   : extracted value ([id1_7_] : [BIGINT]) - [129]
2021-03-10 22:37:37.590 TRACE 20712 --- [    Test worker] o.h.type.descriptor.sql.BasicExtractor   : extracted value ([id1_7_] : [BIGINT]) - [130]
2021-03-10 22:37:37.590 TRACE 20712 --- [    Test worker] o.h.type.descriptor.sql.BasicExtractor   : extracted value ([id1_7_] : [BIGINT]) - [131]
2021-03-10 22:37:37.590 TRACE 20712 --- [    Test worker] o.h.type.descriptor.sql.BasicExtractor   : extracted value ([id1_7_] : [BIGINT]) - [132]
2021-03-10 22:37:37.590 TRACE 20712 --- [    Test worker] o.h.type.descriptor.sql.BasicExtractor   : extracted value ([id1_7_] : [BIGINT]) - [133]
2021-03-10 22:37:37.590 TRACE 20712 --- [    Test worker] o.h.type.descriptor.sql.BasicExtractor   : extracted value ([id1_7_] : [BIGINT]) - [134]
2021-03-10 22:37:37.590 TRACE 20712 --- [    Test worker] o.h.type.descriptor.sql.BasicExtractor   : extracted value ([id1_7_] : [BIGINT]) - [135]
2021-03-10 22:37:37.590 TRACE 20712 --- [    Test worker] o.h.type.descriptor.sql.BasicExtractor   : extracted value ([id1_7_] : [BIGINT]) - [136]
2021-03-10 22:37:37.590 TRACE 20712 --- [    Test worker] o.h.type.descriptor.sql.BasicExtractor   : extracted value ([id1_7_] : [BIGINT]) - [137]
2021-03-10 22:37:37.590 TRACE 20712 --- [    Test worker] o.h.type.descriptor.sql.BasicExtractor   : extracted value ([id1_7_] : [BIGINT]) - [138]
2021-03-10 22:37:37.590 TRACE 20712 --- [    Test worker] o.h.type.descriptor.sql.BasicExtractor   : extracted value ([id1_7_] : [BIGINT]) - [139]
2021-03-10 22:37:37.590 TRACE 20712 --- [    Test worker] o.h.type.descriptor.sql.BasicExtractor   : extracted value ([id1_7_] : [BIGINT]) - [140]
2021-03-10 22:37:37.590 TRACE 20712 --- [    Test worker] o.h.type.descriptor.sql.BasicExtractor   : extracted value ([id1_7_] : [BIGINT]) - [141]
2021-03-10 22:37:37.590 TRACE 20712 --- [    Test worker] o.h.type.descriptor.sql.BasicExtractor   : extracted value ([id1_7_] : [BIGINT]) - [142]
2021-03-10 22:37:37.590 TRACE 20712 --- [    Test worker] o.h.type.descriptor.sql.BasicExtractor   : extracted value ([id1_7_] : [BIGINT]) - [143]
2021-03-10 22:37:37.590 TRACE 20712 --- [    Test worker] o.h.type.descriptor.sql.BasicExtractor   : extracted value ([id1_7_] : [BIGINT]) - [144]
2021-03-10 22:37:37.590 TRACE 20712 --- [    Test worker] o.h.type.descriptor.sql.BasicExtractor   : extracted value ([id1_7_] : [BIGINT]) - [145]
Hibernate: 
    select
        zone0_.id as id1_7_,
        zone0_.city as city2_7_,
        zone0_.local_name_of_city as local_na3_7_,
        zone0_.province as province4_7_ 
    from
        zone zone0_
2021-03-10 22:37:37.590 TRACE 20712 --- [    Test worker] o.h.type.descriptor.sql.BasicExtractor   : extracted value ([id1_7_] : [BIGINT]) - [61]
2021-03-10 22:37:37.590 TRACE 20712 --- [    Test worker] o.h.type.descriptor.sql.BasicExtractor   : extracted value ([id1_7_] : [BIGINT]) - [62]
2021-03-10 22:37:37.590 TRACE 20712 --- [    Test worker] o.h.type.descriptor.sql.BasicExtractor   : extracted value ([id1_7_] : [BIGINT]) - [63]
2021-03-10 22:37:37.590 TRACE 20712 --- [    Test worker] o.h.type.descriptor.sql.BasicExtractor   : extracted value ([id1_7_] : [BIGINT]) - [64]
2021-03-10 22:37:37.590 TRACE 20712 --- [    Test worker] o.h.type.descriptor.sql.BasicExtractor   : extracted value ([id1_7_] : [BIGINT]) - [65]
2021-03-10 22:37:37.590 TRACE 20712 --- [    Test worker] o.h.type.descriptor.sql.BasicExtractor   : extracted value ([id1_7_] : [BIGINT]) - [66]
2021-03-10 22:37:37.590 TRACE 20712 --- [    Test worker] o.h.type.descriptor.sql.BasicExtractor   : extracted value ([id1_7_] : [BIGINT]) - [67]
2021-03-10 22:37:37.590 TRACE 20712 --- [    Test worker] o.h.type.descriptor.sql.BasicExtractor   : extracted value ([id1_7_] : [BIGINT]) - [68]
2021-03-10 22:37:37.590 TRACE 20712 --- [    Test worker] o.h.type.descriptor.sql.BasicExtractor   : extracted value ([id1_7_] : [BIGINT]) - [69]
2021-03-10 22:37:37.590 TRACE 20712 --- [    Test worker] o.h.type.descriptor.sql.BasicExtractor   : extracted value ([id1_7_] : [BIGINT]) - [70]
2021-03-10 22:37:37.590 TRACE 20712 --- [    Test worker] o.h.type.descriptor.sql.BasicExtractor   : extracted value ([id1_7_] : [BIGINT]) - [71]
2021-03-10 22:37:37.590 TRACE 20712 --- [    Test worker] o.h.type.descriptor.sql.BasicExtractor   : extracted value ([id1_7_] : [BIGINT]) - [72]
2021-03-10 22:37:37.590 TRACE 20712 --- [    Test worker] o.h.type.descriptor.sql.BasicExtractor   : extracted value ([id1_7_] : [BIGINT]) - [73]
2021-03-10 22:37:37.590 TRACE 20712 --- [    Test worker] o.h.type.descriptor.sql.BasicExtractor   : extracted value ([id1_7_] : [BIGINT]) - [74]
2021-03-10 22:37:37.590 TRACE 20712 --- [    Test worker] o.h.type.descriptor.sql.BasicExtractor   : extracted value ([id1_7_] : [BIGINT]) - [75]
2021-03-10 22:37:37.590 TRACE 20712 --- [    Test worker] o.h.type.descriptor.sql.BasicExtractor   : extracted value ([id1_7_] : [BIGINT]) - [76]
2021-03-10 22:37:37.590 TRACE 20712 --- [    Test worker] o.h.type.descriptor.sql.BasicExtractor   : extracted value ([id1_7_] : [BIGINT]) - [77]
2021-03-10 22:37:37.590 TRACE 20712 --- [    Test worker] o.h.type.descriptor.sql.BasicExtractor   : extracted value ([id1_7_] : [BIGINT]) - [78]
2021-03-10 22:37:37.590 TRACE 20712 --- [    Test worker] o.h.type.descriptor.sql.BasicExtractor   : extracted value ([id1_7_] : [BIGINT]) - [79]
2021-03-10 22:37:37.590 TRACE 20712 --- [    Test worker] o.h.type.descriptor.sql.BasicExtractor   : extracted value ([id1_7_] : [BIGINT]) - [80]
2021-03-10 22:37:37.590 TRACE 20712 --- [    Test worker] o.h.type.descriptor.sql.BasicExtractor   : extracted value ([id1_7_] : [BIGINT]) - [81]
2021-03-10 22:37:37.590 TRACE 20712 --- [    Test worker] o.h.type.descriptor.sql.BasicExtractor   : extracted value ([id1_7_] : [BIGINT]) - [82]
2021-03-10 22:37:37.590 TRACE 20712 --- [    Test worker] o.h.type.descriptor.sql.BasicExtractor   : extracted value ([id1_7_] : [BIGINT]) - [83]
2021-03-10 22:37:37.590 TRACE 20712 --- [    Test worker] o.h.type.descriptor.sql.BasicExtractor   : extracted value ([id1_7_] : [BIGINT]) - [84]
2021-03-10 22:37:37.590 TRACE 20712 --- [    Test worker] o.h.type.descriptor.sql.BasicExtractor   : extracted value ([id1_7_] : [BIGINT]) - [85]
2021-03-10 22:37:37.590 TRACE 20712 --- [    Test worker] o.h.type.descriptor.sql.BasicExtractor   : extracted value ([id1_7_] : [BIGINT]) - [86]
2021-03-10 22:37:37.590 TRACE 20712 --- [    Test worker] o.h.type.descriptor.sql.BasicExtractor   : extracted value ([id1_7_] : [BIGINT]) - [87]
2021-03-10 22:37:37.590 TRACE 20712 --- [    Test worker] o.h.type.descriptor.sql.BasicExtractor   : extracted value ([id1_7_] : [BIGINT]) - [88]
2021-03-10 22:37:37.590 TRACE 20712 --- [    Test worker] o.h.type.descriptor.sql.BasicExtractor   : extracted value ([id1_7_] : [BIGINT]) - [89]
2021-03-10 22:37:37.590 TRACE 20712 --- [    Test worker] o.h.type.descriptor.sql.BasicExtractor   : extracted value ([id1_7_] : [BIGINT]) - [90]
2021-03-10 22:37:37.590 TRACE 20712 --- [    Test worker] o.h.type.descriptor.sql.BasicExtractor   : extracted value ([id1_7_] : [BIGINT]) - [91]
2021-03-10 22:37:37.590 TRACE 20712 --- [    Test worker] o.h.type.descriptor.sql.BasicExtractor   : extracted value ([id1_7_] : [BIGINT]) - [92]
2021-03-10 22:37:37.590 TRACE 20712 --- [    Test worker] o.h.type.descriptor.sql.BasicExtractor   : extracted value ([id1_7_] : [BIGINT]) - [93]
2021-03-10 22:37:37.590 TRACE 20712 --- [    Test worker] o.h.type.descriptor.sql.BasicExtractor   : extracted value ([id1_7_] : [BIGINT]) - [94]
2021-03-10 22:37:37.590 TRACE 20712 --- [    Test worker] o.h.type.descriptor.sql.BasicExtractor   : extracted value ([id1_7_] : [BIGINT]) - [95]
2021-03-10 22:37:37.590 TRACE 20712 --- [    Test worker] o.h.type.descriptor.sql.BasicExtractor   : extracted value ([id1_7_] : [BIGINT]) - [96]
2021-03-10 22:37:37.590 TRACE 20712 --- [    Test worker] o.h.type.descriptor.sql.BasicExtractor   : extracted value ([id1_7_] : [BIGINT]) - [97]
2021-03-10 22:37:37.590 TRACE 20712 --- [    Test worker] o.h.type.descriptor.sql.BasicExtractor   : extracted value ([id1_7_] : [BIGINT]) - [98]
2021-03-10 22:37:37.590 TRACE 20712 --- [    Test worker] o.h.type.descriptor.sql.BasicExtractor   : extracted value ([id1_7_] : [BIGINT]) - [99]
2021-03-10 22:37:37.590 TRACE 20712 --- [    Test worker] o.h.type.descriptor.sql.BasicExtractor   : extracted value ([id1_7_] : [BIGINT]) - [100]
2021-03-10 22:37:37.590 TRACE 20712 --- [    Test worker] o.h.type.descriptor.sql.BasicExtractor   : extracted value ([id1_7_] : [BIGINT]) - [101]
2021-03-10 22:37:37.590 TRACE 20712 --- [    Test worker] o.h.type.descriptor.sql.BasicExtractor   : extracted value ([id1_7_] : [BIGINT]) - [102]
2021-03-10 22:37:37.590 TRACE 20712 --- [    Test worker] o.h.type.descriptor.sql.BasicExtractor   : extracted value ([id1_7_] : [BIGINT]) - [103]
2021-03-10 22:37:37.590 TRACE 20712 --- [    Test worker] o.h.type.descriptor.sql.BasicExtractor   : extracted value ([id1_7_] : [BIGINT]) - [104]
2021-03-10 22:37:37.590 TRACE 20712 --- [    Test worker] o.h.type.descriptor.sql.BasicExtractor   : extracted value ([id1_7_] : [BIGINT]) - [105]
2021-03-10 22:37:37.590 TRACE 20712 --- [    Test worker] o.h.type.descriptor.sql.BasicExtractor   : extracted value ([id1_7_] : [BIGINT]) - [106]
2021-03-10 22:37:37.590 TRACE 20712 --- [    Test worker] o.h.type.descriptor.sql.BasicExtractor   : extracted value ([id1_7_] : [BIGINT]) - [107]
2021-03-10 22:37:37.590 TRACE 20712 --- [    Test worker] o.h.type.descriptor.sql.BasicExtractor   : extracted value ([id1_7_] : [BIGINT]) - [108]
2021-03-10 22:37:37.590 TRACE 20712 --- [    Test worker] o.h.type.descriptor.sql.BasicExtractor   : extracted value ([id1_7_] : [BIGINT]) - [109]
2021-03-10 22:37:37.590 TRACE 20712 --- [    Test worker] o.h.type.descriptor.sql.BasicExtractor   : extracted value ([id1_7_] : [BIGINT]) - [110]
2021-03-10 22:37:37.590 TRACE 20712 --- [    Test worker] o.h.type.descriptor.sql.BasicExtractor   : extracted value ([id1_7_] : [BIGINT]) - [111]
2021-03-10 22:37:37.590 TRACE 20712 --- [    Test worker] o.h.type.descriptor.sql.BasicExtractor   : extracted value ([id1_7_] : [BIGINT]) - [112]
2021-03-10 22:37:37.590 TRACE 20712 --- [    Test worker] o.h.type.descriptor.sql.BasicExtractor   : extracted value ([id1_7_] : [BIGINT]) - [113]
2021-03-10 22:37:37.590 TRACE 20712 --- [    Test worker] o.h.type.descriptor.sql.BasicExtractor   : extracted value ([id1_7_] : [BIGINT]) - [114]
2021-03-10 22:37:37.590 TRACE 20712 --- [    Test worker] o.h.type.descriptor.sql.BasicExtractor   : extracted value ([id1_7_] : [BIGINT]) - [115]
2021-03-10 22:37:37.590 TRACE 20712 --- [    Test worker] o.h.type.descriptor.sql.BasicExtractor   : extracted value ([id1_7_] : [BIGINT]) - [116]
2021-03-10 22:37:37.590 TRACE 20712 --- [    Test worker] o.h.type.descriptor.sql.BasicExtractor   : extracted value ([id1_7_] : [BIGINT]) - [117]
2021-03-10 22:37:37.590 TRACE 20712 --- [    Test worker] o.h.type.descriptor.sql.BasicExtractor   : extracted value ([id1_7_] : [BIGINT]) - [118]
2021-03-10 22:37:37.590 TRACE 20712 --- [    Test worker] o.h.type.descriptor.sql.BasicExtractor   : extracted value ([id1_7_] : [BIGINT]) - [119]
2021-03-10 22:37:37.590 TRACE 20712 --- [    Test worker] o.h.type.descriptor.sql.BasicExtractor   : extracted value ([id1_7_] : [BIGINT]) - [120]
2021-03-10 22:37:37.590 TRACE 20712 --- [    Test worker] o.h.type.descriptor.sql.BasicExtractor   : extracted value ([id1_7_] : [BIGINT]) - [121]
2021-03-10 22:37:37.590 TRACE 20712 --- [    Test worker] o.h.type.descriptor.sql.BasicExtractor   : extracted value ([id1_7_] : [BIGINT]) - [122]
2021-03-10 22:37:37.590 TRACE 20712 --- [    Test worker] o.h.type.descriptor.sql.BasicExtractor   : extracted value ([id1_7_] : [BIGINT]) - [123]
2021-03-10 22:37:37.590 TRACE 20712 --- [    Test worker] o.h.type.descriptor.sql.BasicExtractor   : extracted value ([id1_7_] : [BIGINT]) - [124]
2021-03-10 22:37:37.590 TRACE 20712 --- [    Test worker] o.h.type.descriptor.sql.BasicExtractor   : extracted value ([id1_7_] : [BIGINT]) - [125]
2021-03-10 22:37:37.590 TRACE 20712 --- [    Test worker] o.h.type.descriptor.sql.BasicExtractor   : extracted value ([id1_7_] : [BIGINT]) - [126]
2021-03-10 22:37:37.590 TRACE 20712 --- [    Test worker] o.h.type.descriptor.sql.BasicExtractor   : extracted value ([id1_7_] : [BIGINT]) - [127]
2021-03-10 22:37:37.590 TRACE 20712 --- [    Test worker] o.h.type.descriptor.sql.BasicExtractor   : extracted value ([id1_7_] : [BIGINT]) - [128]
2021-03-10 22:37:37.590 TRACE 20712 --- [    Test worker] o.h.type.descriptor.sql.BasicExtractor   : extracted value ([id1_7_] : [BIGINT]) - [129]
2021-03-10 22:37:37.590 TRACE 20712 --- [    Test worker] o.h.type.descriptor.sql.BasicExtractor   : extracted value ([id1_7_] : [BIGINT]) - [130]
2021-03-10 22:37:37.590 TRACE 20712 --- [    Test worker] o.h.type.descriptor.sql.BasicExtractor   : extracted value ([id1_7_] : [BIGINT]) - [131]
2021-03-10 22:37:37.590 TRACE 20712 --- [    Test worker] o.h.type.descriptor.sql.BasicExtractor   : extracted value ([id1_7_] : [BIGINT]) - [132]
2021-03-10 22:37:37.590 TRACE 20712 --- [    Test worker] o.h.type.descriptor.sql.BasicExtractor   : extracted value ([id1_7_] : [BIGINT]) - [133]
2021-03-10 22:37:37.590 TRACE 20712 --- [    Test worker] o.h.type.descriptor.sql.BasicExtractor   : extracted value ([id1_7_] : [BIGINT]) - [134]
2021-03-10 22:37:37.590 TRACE 20712 --- [    Test worker] o.h.type.descriptor.sql.BasicExtractor   : extracted value ([id1_7_] : [BIGINT]) - [135]
2021-03-10 22:37:37.590 TRACE 20712 --- [    Test worker] o.h.type.descriptor.sql.BasicExtractor   : extracted value ([id1_7_] : [BIGINT]) - [136]
2021-03-10 22:37:37.590 TRACE 20712 --- [    Test worker] o.h.type.descriptor.sql.BasicExtractor   : extracted value ([id1_7_] : [BIGINT]) - [137]
2021-03-10 22:37:37.590 TRACE 20712 --- [    Test worker] o.h.type.descriptor.sql.BasicExtractor   : extracted value ([id1_7_] : [BIGINT]) - [138]
2021-03-10 22:37:37.590 TRACE 20712 --- [    Test worker] o.h.type.descriptor.sql.BasicExtractor   : extracted value ([id1_7_] : [BIGINT]) - [139]
2021-03-10 22:37:37.590 TRACE 20712 --- [    Test worker] o.h.type.descriptor.sql.BasicExtractor   : extracted value ([id1_7_] : [BIGINT]) - [140]
2021-03-10 22:37:37.590 TRACE 20712 --- [    Test worker] o.h.type.descriptor.sql.BasicExtractor   : extracted value ([id1_7_] : [BIGINT]) - [141]
2021-03-10 22:37:37.590 TRACE 20712 --- [    Test worker] o.h.type.descriptor.sql.BasicExtractor   : extracted value ([id1_7_] : [BIGINT]) - [142]
2021-03-10 22:37:37.590 TRACE 20712 --- [    Test worker] o.h.type.descriptor.sql.BasicExtractor   : extracted value ([id1_7_] : [BIGINT]) - [143]
2021-03-10 22:37:37.590 TRACE 20712 --- [    Test worker] o.h.type.descriptor.sql.BasicExtractor   : extracted value ([id1_7_] : [BIGINT]) - [144]
2021-03-10 22:37:37.590 TRACE 20712 --- [    Test worker] o.h.type.descriptor.sql.BasicExtractor   : extracted value ([id1_7_] : [BIGINT]) - [145]
Hibernate: 
    select
        zone0_.id as id1_7_,
        zone0_.city as city2_7_,
        zone0_.local_name_of_city as local_na3_7_,
        zone0_.province as province4_7_ 
    from
        zone zone0_
2021-03-10 22:37:37.590 TRACE 20712 --- [    Test worker] o.h.type.descriptor.sql.BasicExtractor   : extracted value ([id1_7_] : [BIGINT]) - [61]
2021-03-10 22:37:37.590 TRACE 20712 --- [    Test worker] o.h.type.descriptor.sql.BasicExtractor   : extracted value ([id1_7_] : [BIGINT]) - [62]
2021-03-10 22:37:37.590 TRACE 20712 --- [    Test worker] o.h.type.descriptor.sql.BasicExtractor   : extracted value ([id1_7_] : [BIGINT]) - [63]
2021-03-10 22:37:37.590 TRACE 20712 --- [    Test worker] o.h.type.descriptor.sql.BasicExtractor   : extracted value ([id1_7_] : [BIGINT]) - [64]
2021-03-10 22:37:37.590 TRACE 20712 --- [    Test worker] o.h.type.descriptor.sql.BasicExtractor   : extracted value ([id1_7_] : [BIGINT]) - [65]
2021-03-10 22:37:37.590 TRACE 20712 --- [    Test worker] o.h.type.descriptor.sql.BasicExtractor   : extracted value ([id1_7_] : [BIGINT]) - [66]
2021-03-10 22:37:37.590 TRACE 20712 --- [    Test worker] o.h.type.descriptor.sql.BasicExtractor   : extracted value ([id1_7_] : [BIGINT]) - [67]
2021-03-10 22:37:37.590 TRACE 20712 --- [    Test worker] o.h.type.descriptor.sql.BasicExtractor   : extracted value ([id1_7_] : [BIGINT]) - [68]
2021-03-10 22:37:37.590 TRACE 20712 --- [    Test worker] o.h.type.descriptor.sql.BasicExtractor   : extracted value ([id1_7_] : [BIGINT]) - [69]
2021-03-10 22:37:37.590 TRACE 20712 --- [    Test worker] o.h.type.descriptor.sql.BasicExtractor   : extracted value ([id1_7_] : [BIGINT]) - [70]
2021-03-10 22:37:37.590 TRACE 20712 --- [    Test worker] o.h.type.descriptor.sql.BasicExtractor   : extracted value ([id1_7_] : [BIGINT]) - [71]
2021-03-10 22:37:37.590 TRACE 20712 --- [    Test worker] o.h.type.descriptor.sql.BasicExtractor   : extracted value ([id1_7_] : [BIGINT]) - [72]
2021-03-10 22:37:37.590 TRACE 20712 --- [    Test worker] o.h.type.descriptor.sql.BasicExtractor   : extracted value ([id1_7_] : [BIGINT]) - [73]
2021-03-10 22:37:37.590 TRACE 20712 --- [    Test worker] o.h.type.descriptor.sql.BasicExtractor   : extracted value ([id1_7_] : [BIGINT]) - [74]
2021-03-10 22:37:37.590 TRACE 20712 --- [    Test worker] o.h.type.descriptor.sql.BasicExtractor   : extracted value ([id1_7_] : [BIGINT]) - [75]
2021-03-10 22:37:37.590 TRACE 20712 --- [    Test worker] o.h.type.descriptor.sql.BasicExtractor   : extracted value ([id1_7_] : [BIGINT]) - [76]
2021-03-10 22:37:37.590 TRACE 20712 --- [    Test worker] o.h.type.descriptor.sql.BasicExtractor   : extracted value ([id1_7_] : [BIGINT]) - [77]
2021-03-10 22:37:37.590 TRACE 20712 --- [    Test worker] o.h.type.descriptor.sql.BasicExtractor   : extracted value ([id1_7_] : [BIGINT]) - [78]
2021-03-10 22:37:37.590 TRACE 20712 --- [    Test worker] o.h.type.descriptor.sql.BasicExtractor   : extracted value ([id1_7_] : [BIGINT]) - [79]
2021-03-10 22:37:37.590 TRACE 20712 --- [    Test worker] o.h.type.descriptor.sql.BasicExtractor   : extracted value ([id1_7_] : [BIGINT]) - [80]
2021-03-10 22:37:37.590 TRACE 20712 --- [    Test worker] o.h.type.descriptor.sql.BasicExtractor   : extracted value ([id1_7_] : [BIGINT]) - [81]
2021-03-10 22:37:37.590 TRACE 20712 --- [    Test worker] o.h.type.descriptor.sql.BasicExtractor   : extracted value ([id1_7_] : [BIGINT]) - [82]
2021-03-10 22:37:37.590 TRACE 20712 --- [    Test worker] o.h.type.descriptor.sql.BasicExtractor   : extracted value ([id1_7_] : [BIGINT]) - [83]
2021-03-10 22:37:37.590 TRACE 20712 --- [    Test worker] o.h.type.descriptor.sql.BasicExtractor   : extracted value ([id1_7_] : [BIGINT]) - [84]
2021-03-10 22:37:37.590 TRACE 20712 --- [    Test worker] o.h.type.descriptor.sql.BasicExtractor   : extracted value ([id1_7_] : [BIGINT]) - [85]
2021-03-10 22:37:37.590 TRACE 20712 --- [    Test worker] o.h.type.descriptor.sql.BasicExtractor   : extracted value ([id1_7_] : [BIGINT]) - [86]
2021-03-10 22:37:37.590 TRACE 20712 --- [    Test worker] o.h.type.descriptor.sql.BasicExtractor   : extracted value ([id1_7_] : [BIGINT]) - [87]
2021-03-10 22:37:37.590 TRACE 20712 --- [    Test worker] o.h.type.descriptor.sql.BasicExtractor   : extracted value ([id1_7_] : [BIGINT]) - [88]
2021-03-10 22:37:37.590 TRACE 20712 --- [    Test worker] o.h.type.descriptor.sql.BasicExtractor   : extracted value ([id1_7_] : [BIGINT]) - [89]
2021-03-10 22:37:37.590 TRACE 20712 --- [    Test worker] o.h.type.descriptor.sql.BasicExtractor   : extracted value ([id1_7_] : [BIGINT]) - [90]
2021-03-10 22:37:37.590 TRACE 20712 --- [    Test worker] o.h.type.descriptor.sql.BasicExtractor   : extracted value ([id1_7_] : [BIGINT]) - [91]
2021-03-10 22:37:37.590 TRACE 20712 --- [    Test worker] o.h.type.descriptor.sql.BasicExtractor   : extracted value ([id1_7_] : [BIGINT]) - [92]
2021-03-10 22:37:37.590 TRACE 20712 --- [    Test worker] o.h.type.descriptor.sql.BasicExtractor   : extracted value ([id1_7_] : [BIGINT]) - [93]
2021-03-10 22:37:37.590 TRACE 20712 --- [    Test worker] o.h.type.descriptor.sql.BasicExtractor   : extracted value ([id1_7_] : [BIGINT]) - [94]
2021-03-10 22:37:37.590 TRACE 20712 --- [    Test worker] o.h.type.descriptor.sql.BasicExtractor   : extracted value ([id1_7_] : [BIGINT]) - [95]
2021-03-10 22:37:37.590 TRACE 20712 --- [    Test worker] o.h.type.descriptor.sql.BasicExtractor   : extracted value ([id1_7_] : [BIGINT]) - [96]
2021-03-10 22:37:37.590 TRACE 20712 --- [    Test worker] o.h.type.descriptor.sql.BasicExtractor   : extracted value ([id1_7_] : [BIGINT]) - [97]
2021-03-10 22:37:37.590 TRACE 20712 --- [    Test worker] o.h.type.descriptor.sql.BasicExtractor   : extracted value ([id1_7_] : [BIGINT]) - [98]
2021-03-10 22:37:37.590 TRACE 20712 --- [    Test worker] o.h.type.descriptor.sql.BasicExtractor   : extracted value ([id1_7_] : [BIGINT]) - [99]
2021-03-10 22:37:37.590 TRACE 20712 --- [    Test worker] o.h.type.descriptor.sql.BasicExtractor   : extracted value ([id1_7_] : [BIGINT]) - [100]
2021-03-10 22:37:37.590 TRACE 20712 --- [    Test worker] o.h.type.descriptor.sql.BasicExtractor   : extracted value ([id1_7_] : [BIGINT]) - [101]
2021-03-10 22:37:37.590 TRACE 20712 --- [    Test worker] o.h.type.descriptor.sql.BasicExtractor   : extracted value ([id1_7_] : [BIGINT]) - [102]
2021-03-10 22:37:37.590 TRACE 20712 --- [    Test worker] o.h.type.descriptor.sql.BasicExtractor   : extracted value ([id1_7_] : [BIGINT]) - [103]
2021-03-10 22:37:37.590 TRACE 20712 --- [    Test worker] o.h.type.descriptor.sql.BasicExtractor   : extracted value ([id1_7_] : [BIGINT]) - [104]
2021-03-10 22:37:37.590 TRACE 20712 --- [    Test worker] o.h.type.descriptor.sql.BasicExtractor   : extracted value ([id1_7_] : [BIGINT]) - [105]
2021-03-10 22:37:37.590 TRACE 20712 --- [    Test worker] o.h.type.descriptor.sql.BasicExtractor   : extracted value ([id1_7_] : [BIGINT]) - [106]
2021-03-10 22:37:37.590 TRACE 20712 --- [    Test worker] o.h.type.descriptor.sql.BasicExtractor   : extracted value ([id1_7_] : [BIGINT]) - [107]
2021-03-10 22:37:37.590 TRACE 20712 --- [    Test worker] o.h.type.descriptor.sql.BasicExtractor   : extracted value ([id1_7_] : [BIGINT]) - [108]
2021-03-10 22:37:37.590 TRACE 20712 --- [    Test worker] o.h.type.descriptor.sql.BasicExtractor   : extracted value ([id1_7_] : [BIGINT]) - [109]
2021-03-10 22:37:37.590 TRACE 20712 --- [    Test worker] o.h.type.descriptor.sql.BasicExtractor   : extracted value ([id1_7_] : [BIGINT]) - [110]
2021-03-10 22:37:37.590 TRACE 20712 --- [    Test worker] o.h.type.descriptor.sql.BasicExtractor   : extracted value ([id1_7_] : [BIGINT]) - [111]
2021-03-10 22:37:37.590 TRACE 20712 --- [    Test worker] o.h.type.descriptor.sql.BasicExtractor   : extracted value ([id1_7_] : [BIGINT]) - [112]
2021-03-10 22:37:37.590 TRACE 20712 --- [    Test worker] o.h.type.descriptor.sql.BasicExtractor   : extracted value ([id1_7_] : [BIGINT]) - [113]
2021-03-10 22:37:37.590 TRACE 20712 --- [    Test worker] o.h.type.descriptor.sql.BasicExtractor   : extracted value ([id1_7_] : [BIGINT]) - [114]
2021-03-10 22:37:37.590 TRACE 20712 --- [    Test worker] o.h.type.descriptor.sql.BasicExtractor   : extracted value ([id1_7_] : [BIGINT]) - [115]
2021-03-10 22:37:37.590 TRACE 20712 --- [    Test worker] o.h.type.descriptor.sql.BasicExtractor   : extracted value ([id1_7_] : [BIGINT]) - [116]
2021-03-10 22:37:37.590 TRACE 20712 --- [    Test worker] o.h.type.descriptor.sql.BasicExtractor   : extracted value ([id1_7_] : [BIGINT]) - [117]
2021-03-10 22:37:37.590 TRACE 20712 --- [    Test worker] o.h.type.descriptor.sql.BasicExtractor   : extracted value ([id1_7_] : [BIGINT]) - [118]
2021-03-10 22:37:37.590 TRACE 20712 --- [    Test worker] o.h.type.descriptor.sql.BasicExtractor   : extracted value ([id1_7_] : [BIGINT]) - [119]
2021-03-10 22:37:37.590 TRACE 20712 --- [    Test worker] o.h.type.descriptor.sql.BasicExtractor   : extracted value ([id1_7_] : [BIGINT]) - [120]
2021-03-10 22:37:37.590 TRACE 20712 --- [    Test worker] o.h.type.descriptor.sql.BasicExtractor   : extracted value ([id1_7_] : [BIGINT]) - [121]
2021-03-10 22:37:37.590 TRACE 20712 --- [    Test worker] o.h.type.descriptor.sql.BasicExtractor   : extracted value ([id1_7_] : [BIGINT]) - [122]
2021-03-10 22:37:37.590 TRACE 20712 --- [    Test worker] o.h.type.descriptor.sql.BasicExtractor   : extracted value ([id1_7_] : [BIGINT]) - [123]
2021-03-10 22:37:37.590 TRACE 20712 --- [    Test worker] o.h.type.descriptor.sql.BasicExtractor   : extracted value ([id1_7_] : [BIGINT]) - [124]
2021-03-10 22:37:37.590 TRACE 20712 --- [    Test worker] o.h.type.descriptor.sql.BasicExtractor   : extracted value ([id1_7_] : [BIGINT]) - [125]
2021-03-10 22:37:37.590 TRACE 20712 --- [    Test worker] o.h.type.descriptor.sql.BasicExtractor   : extracted value ([id1_7_] : [BIGINT]) - [126]
2021-03-10 22:37:37.590 TRACE 20712 --- [    Test worker] o.h.type.descriptor.sql.BasicExtractor   : extracted value ([id1_7_] : [BIGINT]) - [127]
2021-03-10 22:37:37.590 TRACE 20712 --- [    Test worker] o.h.type.descriptor.sql.BasicExtractor   : extracted value ([id1_7_] : [BIGINT]) - [128]
2021-03-10 22:37:37.590 TRACE 20712 --- [    Test worker] o.h.type.descriptor.sql.BasicExtractor   : extracted value ([id1_7_] : [BIGINT]) - [129]
2021-03-10 22:37:37.590 TRACE 20712 --- [    Test worker] o.h.type.descriptor.sql.BasicExtractor   : extracted value ([id1_7_] : [BIGINT]) - [130]
2021-03-10 22:37:37.590 TRACE 20712 --- [    Test worker] o.h.type.descriptor.sql.BasicExtractor   : extracted value ([id1_7_] : [BIGINT]) - [131]
2021-03-10 22:37:37.590 TRACE 20712 --- [    Test worker] o.h.type.descriptor.sql.BasicExtractor   : extracted value ([id1_7_] : [BIGINT]) - [132]
2021-03-10 22:37:37.590 TRACE 20712 --- [    Test worker] o.h.type.descriptor.sql.BasicExtractor   : extracted value ([id1_7_] : [BIGINT]) - [133]
2021-03-10 22:37:37.590 TRACE 20712 --- [    Test worker] o.h.type.descriptor.sql.BasicExtractor   : extracted value ([id1_7_] : [BIGINT]) - [134]
2021-03-10 22:37:37.590 TRACE 20712 --- [    Test worker] o.h.type.descriptor.sql.BasicExtractor   : extracted value ([id1_7_] : [BIGINT]) - [135]
2021-03-10 22:37:37.590 TRACE 20712 --- [    Test worker] o.h.type.descriptor.sql.BasicExtractor   : extracted value ([id1_7_] : [BIGINT]) - [136]
2021-03-10 22:37:37.590 TRACE 20712 --- [    Test worker] o.h.type.descriptor.sql.BasicExtractor   : extracted value ([id1_7_] : [BIGINT]) - [137]
2021-03-10 22:37:37.590 TRACE 20712 --- [    Test worker] o.h.type.descriptor.sql.BasicExtractor   : extracted value ([id1_7_] : [BIGINT]) - [138]
2021-03-10 22:37:37.590 TRACE 20712 --- [    Test worker] o.h.type.descriptor.sql.BasicExtractor   : extracted value ([id1_7_] : [BIGINT]) - [139]
2021-03-10 22:37:37.590 TRACE 20712 --- [    Test worker] o.h.type.descriptor.sql.BasicExtractor   : extracted value ([id1_7_] : [BIGINT]) - [140]
2021-03-10 22:37:37.590 TRACE 20712 --- [    Test worker] o.h.type.descriptor.sql.BasicExtractor   : extracted value ([id1_7_] : [BIGINT]) - [141]
2021-03-10 22:37:37.590 TRACE 20712 --- [    Test worker] o.h.type.descriptor.sql.BasicExtractor   : extracted value ([id1_7_] : [BIGINT]) - [142]
2021-03-10 22:37:37.590 TRACE 20712 --- [    Test worker] o.h.type.descriptor.sql.BasicExtractor   : extracted value ([id1_7_] : [BIGINT]) - [143]
2021-03-10 22:37:37.590 TRACE 20712 --- [    Test worker] o.h.type.descriptor.sql.BasicExtractor   : extracted value ([id1_7_] : [BIGINT]) - [144]
2021-03-10 22:37:37.590 TRACE 20712 --- [    Test worker] o.h.type.descriptor.sql.BasicExtractor   : extracted value ([id1_7_] : [BIGINT]) - [145]
Hibernate: 
    select
        zone0_.id as id1_7_,
        zone0_.city as city2_7_,
        zone0_.local_name_of_city as local_na3_7_,
        zone0_.province as province4_7_ 
    from
        zone zone0_
2021-03-10 22:37:37.606 TRACE 20712 --- [    Test worker] o.h.type.descriptor.sql.BasicExtractor   : extracted value ([id1_7_] : [BIGINT]) - [61]
2021-03-10 22:37:37.606 TRACE 20712 --- [    Test worker] o.h.type.descriptor.sql.BasicExtractor   : extracted value ([id1_7_] : [BIGINT]) - [62]
2021-03-10 22:37:37.606 TRACE 20712 --- [    Test worker] o.h.type.descriptor.sql.BasicExtractor   : extracted value ([id1_7_] : [BIGINT]) - [63]
2021-03-10 22:37:37.606 TRACE 20712 --- [    Test worker] o.h.type.descriptor.sql.BasicExtractor   : extracted value ([id1_7_] : [BIGINT]) - [64]
2021-03-10 22:37:37.606 TRACE 20712 --- [    Test worker] o.h.type.descriptor.sql.BasicExtractor   : extracted value ([id1_7_] : [BIGINT]) - [65]
2021-03-10 22:37:37.606 TRACE 20712 --- [    Test worker] o.h.type.descriptor.sql.BasicExtractor   : extracted value ([id1_7_] : [BIGINT]) - [66]
2021-03-10 22:37:37.606 TRACE 20712 --- [    Test worker] o.h.type.descriptor.sql.BasicExtractor   : extracted value ([id1_7_] : [BIGINT]) - [67]
2021-03-10 22:37:37.606 TRACE 20712 --- [    Test worker] o.h.type.descriptor.sql.BasicExtractor   : extracted value ([id1_7_] : [BIGINT]) - [68]
2021-03-10 22:37:37.606 TRACE 20712 --- [    Test worker] o.h.type.descriptor.sql.BasicExtractor   : extracted value ([id1_7_] : [BIGINT]) - [69]
2021-03-10 22:37:37.606 TRACE 20712 --- [    Test worker] o.h.type.descriptor.sql.BasicExtractor   : extracted value ([id1_7_] : [BIGINT]) - [70]
2021-03-10 22:37:37.606 TRACE 20712 --- [    Test worker] o.h.type.descriptor.sql.BasicExtractor   : extracted value ([id1_7_] : [BIGINT]) - [71]
2021-03-10 22:37:37.606 TRACE 20712 --- [    Test worker] o.h.type.descriptor.sql.BasicExtractor   : extracted value ([id1_7_] : [BIGINT]) - [72]
2021-03-10 22:37:37.606 TRACE 20712 --- [    Test worker] o.h.type.descriptor.sql.BasicExtractor   : extracted value ([id1_7_] : [BIGINT]) - [73]
2021-03-10 22:37:37.606 TRACE 20712 --- [    Test worker] o.h.type.descriptor.sql.BasicExtractor   : extracted value ([id1_7_] : [BIGINT]) - [74]
2021-03-10 22:37:37.606 TRACE 20712 --- [    Test worker] o.h.type.descriptor.sql.BasicExtractor   : extracted value ([id1_7_] : [BIGINT]) - [75]
2021-03-10 22:37:37.606 TRACE 20712 --- [    Test worker] o.h.type.descriptor.sql.BasicExtractor   : extracted value ([id1_7_] : [BIGINT]) - [76]
2021-03-10 22:37:37.606 TRACE 20712 --- [    Test worker] o.h.type.descriptor.sql.BasicExtractor   : extracted value ([id1_7_] : [BIGINT]) - [77]
2021-03-10 22:37:37.606 TRACE 20712 --- [    Test worker] o.h.type.descriptor.sql.BasicExtractor   : extracted value ([id1_7_] : [BIGINT]) - [78]
2021-03-10 22:37:37.606 TRACE 20712 --- [    Test worker] o.h.type.descriptor.sql.BasicExtractor   : extracted value ([id1_7_] : [BIGINT]) - [79]
2021-03-10 22:37:37.606 TRACE 20712 --- [    Test worker] o.h.type.descriptor.sql.BasicExtractor   : extracted value ([id1_7_] : [BIGINT]) - [80]
2021-03-10 22:37:37.606 TRACE 20712 --- [    Test worker] o.h.type.descriptor.sql.BasicExtractor   : extracted value ([id1_7_] : [BIGINT]) - [81]
2021-03-10 22:37:37.606 TRACE 20712 --- [    Test worker] o.h.type.descriptor.sql.BasicExtractor   : extracted value ([id1_7_] : [BIGINT]) - [82]
2021-03-10 22:37:37.606 TRACE 20712 --- [    Test worker] o.h.type.descriptor.sql.BasicExtractor   : extracted value ([id1_7_] : [BIGINT]) - [83]
2021-03-10 22:37:37.606 TRACE 20712 --- [    Test worker] o.h.type.descriptor.sql.BasicExtractor   : extracted value ([id1_7_] : [BIGINT]) - [84]
2021-03-10 22:37:37.606 TRACE 20712 --- [    Test worker] o.h.type.descriptor.sql.BasicExtractor   : extracted value ([id1_7_] : [BIGINT]) - [85]
2021-03-10 22:37:37.606 TRACE 20712 --- [    Test worker] o.h.type.descriptor.sql.BasicExtractor   : extracted value ([id1_7_] : [BIGINT]) - [86]
2021-03-10 22:37:37.606 TRACE 20712 --- [    Test worker] o.h.type.descriptor.sql.BasicExtractor   : extracted value ([id1_7_] : [BIGINT]) - [87]
2021-03-10 22:37:37.606 TRACE 20712 --- [    Test worker] o.h.type.descriptor.sql.BasicExtractor   : extracted value ([id1_7_] : [BIGINT]) - [88]
2021-03-10 22:37:37.606 TRACE 20712 --- [    Test worker] o.h.type.descriptor.sql.BasicExtractor   : extracted value ([id1_7_] : [BIGINT]) - [89]
2021-03-10 22:37:37.606 TRACE 20712 --- [    Test worker] o.h.type.descriptor.sql.BasicExtractor   : extracted value ([id1_7_] : [BIGINT]) - [90]
2021-03-10 22:37:37.606 TRACE 20712 --- [    Test worker] o.h.type.descriptor.sql.BasicExtractor   : extracted value ([id1_7_] : [BIGINT]) - [91]
2021-03-10 22:37:37.606 TRACE 20712 --- [    Test worker] o.h.type.descriptor.sql.BasicExtractor   : extracted value ([id1_7_] : [BIGINT]) - [92]
2021-03-10 22:37:37.606 TRACE 20712 --- [    Test worker] o.h.type.descriptor.sql.BasicExtractor   : extracted value ([id1_7_] : [BIGINT]) - [93]
2021-03-10 22:37:37.606 TRACE 20712 --- [    Test worker] o.h.type.descriptor.sql.BasicExtractor   : extracted value ([id1_7_] : [BIGINT]) - [94]
2021-03-10 22:37:37.606 TRACE 20712 --- [    Test worker] o.h.type.descriptor.sql.BasicExtractor   : extracted value ([id1_7_] : [BIGINT]) - [95]
2021-03-10 22:37:37.606 TRACE 20712 --- [    Test worker] o.h.type.descriptor.sql.BasicExtractor   : extracted value ([id1_7_] : [BIGINT]) - [96]
2021-03-10 22:37:37.606 TRACE 20712 --- [    Test worker] o.h.type.descriptor.sql.BasicExtractor   : extracted value ([id1_7_] : [BIGINT]) - [97]
2021-03-10 22:37:37.606 TRACE 20712 --- [    Test worker] o.h.type.descriptor.sql.BasicExtractor   : extracted value ([id1_7_] : [BIGINT]) - [98]
2021-03-10 22:37:37.606 TRACE 20712 --- [    Test worker] o.h.type.descriptor.sql.BasicExtractor   : extracted value ([id1_7_] : [BIGINT]) - [99]
2021-03-10 22:37:37.606 TRACE 20712 --- [    Test worker] o.h.type.descriptor.sql.BasicExtractor   : extracted value ([id1_7_] : [BIGINT]) - [100]
2021-03-10 22:37:37.606 TRACE 20712 --- [    Test worker] o.h.type.descriptor.sql.BasicExtractor   : extracted value ([id1_7_] : [BIGINT]) - [101]
2021-03-10 22:37:37.606 TRACE 20712 --- [    Test worker] o.h.type.descriptor.sql.BasicExtractor   : extracted value ([id1_7_] : [BIGINT]) - [102]
2021-03-10 22:37:37.606 TRACE 20712 --- [    Test worker] o.h.type.descriptor.sql.BasicExtractor   : extracted value ([id1_7_] : [BIGINT]) - [103]
2021-03-10 22:37:37.606 TRACE 20712 --- [    Test worker] o.h.type.descriptor.sql.BasicExtractor   : extracted value ([id1_7_] : [BIGINT]) - [104]
2021-03-10 22:37:37.606 TRACE 20712 --- [    Test worker] o.h.type.descriptor.sql.BasicExtractor   : extracted value ([id1_7_] : [BIGINT]) - [105]
2021-03-10 22:37:37.606 TRACE 20712 --- [    Test worker] o.h.type.descriptor.sql.BasicExtractor   : extracted value ([id1_7_] : [BIGINT]) - [106]
2021-03-10 22:37:37.606 TRACE 20712 --- [    Test worker] o.h.type.descriptor.sql.BasicExtractor   : extracted value ([id1_7_] : [BIGINT]) - [107]
2021-03-10 22:37:37.606 TRACE 20712 --- [    Test worker] o.h.type.descriptor.sql.BasicExtractor   : extracted value ([id1_7_] : [BIGINT]) - [108]
2021-03-10 22:37:37.606 TRACE 20712 --- [    Test worker] o.h.type.descriptor.sql.BasicExtractor   : extracted value ([id1_7_] : [BIGINT]) - [109]
2021-03-10 22:37:37.606 TRACE 20712 --- [    Test worker] o.h.type.descriptor.sql.BasicExtractor   : extracted value ([id1_7_] : [BIGINT]) - [110]
2021-03-10 22:37:37.606 TRACE 20712 --- [    Test worker] o.h.type.descriptor.sql.BasicExtractor   : extracted value ([id1_7_] : [BIGINT]) - [111]
2021-03-10 22:37:37.606 TRACE 20712 --- [    Test worker] o.h.type.descriptor.sql.BasicExtractor   : extracted value ([id1_7_] : [BIGINT]) - [112]
2021-03-10 22:37:37.606 TRACE 20712 --- [    Test worker] o.h.type.descriptor.sql.BasicExtractor   : extracted value ([id1_7_] : [BIGINT]) - [113]
2021-03-10 22:37:37.606 TRACE 20712 --- [    Test worker] o.h.type.descriptor.sql.BasicExtractor   : extracted value ([id1_7_] : [BIGINT]) - [114]
2021-03-10 22:37:37.606 TRACE 20712 --- [    Test worker] o.h.type.descriptor.sql.BasicExtractor   : extracted value ([id1_7_] : [BIGINT]) - [115]
2021-03-10 22:37:37.606 TRACE 20712 --- [    Test worker] o.h.type.descriptor.sql.BasicExtractor   : extracted value ([id1_7_] : [BIGINT]) - [116]
2021-03-10 22:37:37.606 TRACE 20712 --- [    Test worker] o.h.type.descriptor.sql.BasicExtractor   : extracted value ([id1_7_] : [BIGINT]) - [117]
2021-03-10 22:37:37.606 TRACE 20712 --- [    Test worker] o.h.type.descriptor.sql.BasicExtractor   : extracted value ([id1_7_] : [BIGINT]) - [118]
2021-03-10 22:37:37.606 TRACE 20712 --- [    Test worker] o.h.type.descriptor.sql.BasicExtractor   : extracted value ([id1_7_] : [BIGINT]) - [119]
2021-03-10 22:37:37.606 TRACE 20712 --- [    Test worker] o.h.type.descriptor.sql.BasicExtractor   : extracted value ([id1_7_] : [BIGINT]) - [120]
2021-03-10 22:37:37.606 TRACE 20712 --- [    Test worker] o.h.type.descriptor.sql.BasicExtractor   : extracted value ([id1_7_] : [BIGINT]) - [121]
2021-03-10 22:37:37.606 TRACE 20712 --- [    Test worker] o.h.type.descriptor.sql.BasicExtractor   : extracted value ([id1_7_] : [BIGINT]) - [122]
2021-03-10 22:37:37.606 TRACE 20712 --- [    Test worker] o.h.type.descriptor.sql.BasicExtractor   : extracted value ([id1_7_] : [BIGINT]) - [123]
2021-03-10 22:37:37.606 TRACE 20712 --- [    Test worker] o.h.type.descriptor.sql.BasicExtractor   : extracted value ([id1_7_] : [BIGINT]) - [124]
2021-03-10 22:37:37.606 TRACE 20712 --- [    Test worker] o.h.type.descriptor.sql.BasicExtractor   : extracted value ([id1_7_] : [BIGINT]) - [125]
2021-03-10 22:37:37.606 TRACE 20712 --- [    Test worker] o.h.type.descriptor.sql.BasicExtractor   : extracted value ([id1_7_] : [BIGINT]) - [126]
2021-03-10 22:37:37.606 TRACE 20712 --- [    Test worker] o.h.type.descriptor.sql.BasicExtractor   : extracted value ([id1_7_] : [BIGINT]) - [127]
2021-03-10 22:37:37.606 TRACE 20712 --- [    Test worker] o.h.type.descriptor.sql.BasicExtractor   : extracted value ([id1_7_] : [BIGINT]) - [128]
2021-03-10 22:37:37.606 TRACE 20712 --- [    Test worker] o.h.type.descriptor.sql.BasicExtractor   : extracted value ([id1_7_] : [BIGINT]) - [129]
2021-03-10 22:37:37.606 TRACE 20712 --- [    Test worker] o.h.type.descriptor.sql.BasicExtractor   : extracted value ([id1_7_] : [BIGINT]) - [130]
2021-03-10 22:37:37.606 TRACE 20712 --- [    Test worker] o.h.type.descriptor.sql.BasicExtractor   : extracted value ([id1_7_] : [BIGINT]) - [131]
2021-03-10 22:37:37.606 TRACE 20712 --- [    Test worker] o.h.type.descriptor.sql.BasicExtractor   : extracted value ([id1_7_] : [BIGINT]) - [132]
2021-03-10 22:37:37.606 TRACE 20712 --- [    Test worker] o.h.type.descriptor.sql.BasicExtractor   : extracted value ([id1_7_] : [BIGINT]) - [133]
2021-03-10 22:37:37.606 TRACE 20712 --- [    Test worker] o.h.type.descriptor.sql.BasicExtractor   : extracted value ([id1_7_] : [BIGINT]) - [134]
2021-03-10 22:37:37.606 TRACE 20712 --- [    Test worker] o.h.type.descriptor.sql.BasicExtractor   : extracted value ([id1_7_] : [BIGINT]) - [135]
2021-03-10 22:37:37.606 TRACE 20712 --- [    Test worker] o.h.type.descriptor.sql.BasicExtractor   : extracted value ([id1_7_] : [BIGINT]) - [136]
2021-03-10 22:37:37.606 TRACE 20712 --- [    Test worker] o.h.type.descriptor.sql.BasicExtractor   : extracted value ([id1_7_] : [BIGINT]) - [137]
2021-03-10 22:37:37.606 TRACE 20712 --- [    Test worker] o.h.type.descriptor.sql.BasicExtractor   : extracted value ([id1_7_] : [BIGINT]) - [138]
2021-03-10 22:37:37.606 TRACE 20712 --- [    Test worker] o.h.type.descriptor.sql.BasicExtractor   : extracted value ([id1_7_] : [BIGINT]) - [139]
2021-03-10 22:37:37.606 TRACE 20712 --- [    Test worker] o.h.type.descriptor.sql.BasicExtractor   : extracted value ([id1_7_] : [BIGINT]) - [140]
2021-03-10 22:37:37.606 TRACE 20712 --- [    Test worker] o.h.type.descriptor.sql.BasicExtractor   : extracted value ([id1_7_] : [BIGINT]) - [141]
2021-03-10 22:37:37.606 TRACE 20712 --- [    Test worker] o.h.type.descriptor.sql.BasicExtractor   : extracted value ([id1_7_] : [BIGINT]) - [142]
2021-03-10 22:37:37.606 TRACE 20712 --- [    Test worker] o.h.type.descriptor.sql.BasicExtractor   : extracted value ([id1_7_] : [BIGINT]) - [143]
2021-03-10 22:37:37.606 TRACE 20712 --- [    Test worker] o.h.type.descriptor.sql.BasicExtractor   : extracted value ([id1_7_] : [BIGINT]) - [144]
2021-03-10 22:37:37.606 TRACE 20712 --- [    Test worker] o.h.type.descriptor.sql.BasicExtractor   : extracted value ([id1_7_] : [BIGINT]) - [145]
Hibernate: 
    select
        zone0_.id as id1_7_,
        zone0_.city as city2_7_,
        zone0_.local_name_of_city as local_na3_7_,
        zone0_.province as province4_7_ 
    from
        zone zone0_
2021-03-10 22:37:37.606 TRACE 20712 --- [    Test worker] o.h.type.descriptor.sql.BasicExtractor   : extracted value ([id1_7_] : [BIGINT]) - [61]
2021-03-10 22:37:37.606 TRACE 20712 --- [    Test worker] o.h.type.descriptor.sql.BasicExtractor   : extracted value ([id1_7_] : [BIGINT]) - [62]
2021-03-10 22:37:37.606 TRACE 20712 --- [    Test worker] o.h.type.descriptor.sql.BasicExtractor   : extracted value ([id1_7_] : [BIGINT]) - [63]
2021-03-10 22:37:37.606 TRACE 20712 --- [    Test worker] o.h.type.descriptor.sql.BasicExtractor   : extracted value ([id1_7_] : [BIGINT]) - [64]
2021-03-10 22:37:37.606 TRACE 20712 --- [    Test worker] o.h.type.descriptor.sql.BasicExtractor   : extracted value ([id1_7_] : [BIGINT]) - [65]
2021-03-10 22:37:37.606 TRACE 20712 --- [    Test worker] o.h.type.descriptor.sql.BasicExtractor   : extracted value ([id1_7_] : [BIGINT]) - [66]
2021-03-10 22:37:37.606 TRACE 20712 --- [    Test worker] o.h.type.descriptor.sql.BasicExtractor   : extracted value ([id1_7_] : [BIGINT]) - [67]
2021-03-10 22:37:37.606 TRACE 20712 --- [    Test worker] o.h.type.descriptor.sql.BasicExtractor   : extracted value ([id1_7_] : [BIGINT]) - [68]
2021-03-10 22:37:37.606 TRACE 20712 --- [    Test worker] o.h.type.descriptor.sql.BasicExtractor   : extracted value ([id1_7_] : [BIGINT]) - [69]
2021-03-10 22:37:37.606 TRACE 20712 --- [    Test worker] o.h.type.descriptor.sql.BasicExtractor   : extracted value ([id1_7_] : [BIGINT]) - [70]
2021-03-10 22:37:37.606 TRACE 20712 --- [    Test worker] o.h.type.descriptor.sql.BasicExtractor   : extracted value ([id1_7_] : [BIGINT]) - [71]
2021-03-10 22:37:37.606 TRACE 20712 --- [    Test worker] o.h.type.descriptor.sql.BasicExtractor   : extracted value ([id1_7_] : [BIGINT]) - [72]
2021-03-10 22:37:37.606 TRACE 20712 --- [    Test worker] o.h.type.descriptor.sql.BasicExtractor   : extracted value ([id1_7_] : [BIGINT]) - [73]
2021-03-10 22:37:37.606 TRACE 20712 --- [    Test worker] o.h.type.descriptor.sql.BasicExtractor   : extracted value ([id1_7_] : [BIGINT]) - [74]
2021-03-10 22:37:37.606 TRACE 20712 --- [    Test worker] o.h.type.descriptor.sql.BasicExtractor   : extracted value ([id1_7_] : [BIGINT]) - [75]
2021-03-10 22:37:37.606 TRACE 20712 --- [    Test worker] o.h.type.descriptor.sql.BasicExtractor   : extracted value ([id1_7_] : [BIGINT]) - [76]
2021-03-10 22:37:37.606 TRACE 20712 --- [    Test worker] o.h.type.descriptor.sql.BasicExtractor   : extracted value ([id1_7_] : [BIGINT]) - [77]
2021-03-10 22:37:37.606 TRACE 20712 --- [    Test worker] o.h.type.descriptor.sql.BasicExtractor   : extracted value ([id1_7_] : [BIGINT]) - [78]
2021-03-10 22:37:37.606 TRACE 20712 --- [    Test worker] o.h.type.descriptor.sql.BasicExtractor   : extracted value ([id1_7_] : [BIGINT]) - [79]
2021-03-10 22:37:37.606 TRACE 20712 --- [    Test worker] o.h.type.descriptor.sql.BasicExtractor   : extracted value ([id1_7_] : [BIGINT]) - [80]
2021-03-10 22:37:37.606 TRACE 20712 --- [    Test worker] o.h.type.descriptor.sql.BasicExtractor   : extracted value ([id1_7_] : [BIGINT]) - [81]
2021-03-10 22:37:37.606 TRACE 20712 --- [    Test worker] o.h.type.descriptor.sql.BasicExtractor   : extracted value ([id1_7_] : [BIGINT]) - [82]
2021-03-10 22:37:37.606 TRACE 20712 --- [    Test worker] o.h.type.descriptor.sql.BasicExtractor   : extracted value ([id1_7_] : [BIGINT]) - [83]
2021-03-10 22:37:37.606 TRACE 20712 --- [    Test worker] o.h.type.descriptor.sql.BasicExtractor   : extracted value ([id1_7_] : [BIGINT]) - [84]
2021-03-10 22:37:37.606 TRACE 20712 --- [    Test worker] o.h.type.descriptor.sql.BasicExtractor   : extracted value ([id1_7_] : [BIGINT]) - [85]
2021-03-10 22:37:37.606 TRACE 20712 --- [    Test worker] o.h.type.descriptor.sql.BasicExtractor   : extracted value ([id1_7_] : [BIGINT]) - [86]
2021-03-10 22:37:37.606 TRACE 20712 --- [    Test worker] o.h.type.descriptor.sql.BasicExtractor   : extracted value ([id1_7_] : [BIGINT]) - [87]
2021-03-10 22:37:37.606 TRACE 20712 --- [    Test worker] o.h.type.descriptor.sql.BasicExtractor   : extracted value ([id1_7_] : [BIGINT]) - [88]
2021-03-10 22:37:37.606 TRACE 20712 --- [    Test worker] o.h.type.descriptor.sql.BasicExtractor   : extracted value ([id1_7_] : [BIGINT]) - [89]
2021-03-10 22:37:37.606 TRACE 20712 --- [    Test worker] o.h.type.descriptor.sql.BasicExtractor   : extracted value ([id1_7_] : [BIGINT]) - [90]
2021-03-10 22:37:37.606 TRACE 20712 --- [    Test worker] o.h.type.descriptor.sql.BasicExtractor   : extracted value ([id1_7_] : [BIGINT]) - [91]
2021-03-10 22:37:37.606 TRACE 20712 --- [    Test worker] o.h.type.descriptor.sql.BasicExtractor   : extracted value ([id1_7_] : [BIGINT]) - [92]
2021-03-10 22:37:37.606 TRACE 20712 --- [    Test worker] o.h.type.descriptor.sql.BasicExtractor   : extracted value ([id1_7_] : [BIGINT]) - [93]
2021-03-10 22:37:37.606 TRACE 20712 --- [    Test worker] o.h.type.descriptor.sql.BasicExtractor   : extracted value ([id1_7_] : [BIGINT]) - [94]
2021-03-10 22:37:37.606 TRACE 20712 --- [    Test worker] o.h.type.descriptor.sql.BasicExtractor   : extracted value ([id1_7_] : [BIGINT]) - [95]
2021-03-10 22:37:37.606 TRACE 20712 --- [    Test worker] o.h.type.descriptor.sql.BasicExtractor   : extracted value ([id1_7_] : [BIGINT]) - [96]
2021-03-10 22:37:37.606 TRACE 20712 --- [    Test worker] o.h.type.descriptor.sql.BasicExtractor   : extracted value ([id1_7_] : [BIGINT]) - [97]
2021-03-10 22:37:37.606 TRACE 20712 --- [    Test worker] o.h.type.descriptor.sql.BasicExtractor   : extracted value ([id1_7_] : [BIGINT]) - [98]
2021-03-10 22:37:37.606 TRACE 20712 --- [    Test worker] o.h.type.descriptor.sql.BasicExtractor   : extracted value ([id1_7_] : [BIGINT]) - [99]
2021-03-10 22:37:37.606 TRACE 20712 --- [    Test worker] o.h.type.descriptor.sql.BasicExtractor   : extracted value ([id1_7_] : [BIGINT]) - [100]
2021-03-10 22:37:37.606 TRACE 20712 --- [    Test worker] o.h.type.descriptor.sql.BasicExtractor   : extracted value ([id1_7_] : [BIGINT]) - [101]
2021-03-10 22:37:37.606 TRACE 20712 --- [    Test worker] o.h.type.descriptor.sql.BasicExtractor   : extracted value ([id1_7_] : [BIGINT]) - [102]
2021-03-10 22:37:37.606 TRACE 20712 --- [    Test worker] o.h.type.descriptor.sql.BasicExtractor   : extracted value ([id1_7_] : [BIGINT]) - [103]
2021-03-10 22:37:37.606 TRACE 20712 --- [    Test worker] o.h.type.descriptor.sql.BasicExtractor   : extracted value ([id1_7_] : [BIGINT]) - [104]
2021-03-10 22:37:37.606 TRACE 20712 --- [    Test worker] o.h.type.descriptor.sql.BasicExtractor   : extracted value ([id1_7_] : [BIGINT]) - [105]
2021-03-10 22:37:37.606 TRACE 20712 --- [    Test worker] o.h.type.descriptor.sql.BasicExtractor   : extracted value ([id1_7_] : [BIGINT]) - [106]
2021-03-10 22:37:37.606 TRACE 20712 --- [    Test worker] o.h.type.descriptor.sql.BasicExtractor   : extracted value ([id1_7_] : [BIGINT]) - [107]
2021-03-10 22:37:37.606 TRACE 20712 --- [    Test worker] o.h.type.descriptor.sql.BasicExtractor   : extracted value ([id1_7_] : [BIGINT]) - [108]
2021-03-10 22:37:37.606 TRACE 20712 --- [    Test worker] o.h.type.descriptor.sql.BasicExtractor   : extracted value ([id1_7_] : [BIGINT]) - [109]
2021-03-10 22:37:37.606 TRACE 20712 --- [    Test worker] o.h.type.descriptor.sql.BasicExtractor   : extracted value ([id1_7_] : [BIGINT]) - [110]
2021-03-10 22:37:37.606 TRACE 20712 --- [    Test worker] o.h.type.descriptor.sql.BasicExtractor   : extracted value ([id1_7_] : [BIGINT]) - [111]
2021-03-10 22:37:37.606 TRACE 20712 --- [    Test worker] o.h.type.descriptor.sql.BasicExtractor   : extracted value ([id1_7_] : [BIGINT]) - [112]
2021-03-10 22:37:37.606 TRACE 20712 --- [    Test worker] o.h.type.descriptor.sql.BasicExtractor   : extracted value ([id1_7_] : [BIGINT]) - [113]
2021-03-10 22:37:37.606 TRACE 20712 --- [    Test worker] o.h.type.descriptor.sql.BasicExtractor   : extracted value ([id1_7_] : [BIGINT]) - [114]
2021-03-10 22:37:37.606 TRACE 20712 --- [    Test worker] o.h.type.descriptor.sql.BasicExtractor   : extracted value ([id1_7_] : [BIGINT]) - [115]
2021-03-10 22:37:37.606 TRACE 20712 --- [    Test worker] o.h.type.descriptor.sql.BasicExtractor   : extracted value ([id1_7_] : [BIGINT]) - [116]
2021-03-10 22:37:37.606 TRACE 20712 --- [    Test worker] o.h.type.descriptor.sql.BasicExtractor   : extracted value ([id1_7_] : [BIGINT]) - [117]
2021-03-10 22:37:37.606 TRACE 20712 --- [    Test worker] o.h.type.descriptor.sql.BasicExtractor   : extracted value ([id1_7_] : [BIGINT]) - [118]
2021-03-10 22:37:37.606 TRACE 20712 --- [    Test worker] o.h.type.descriptor.sql.BasicExtractor   : extracted value ([id1_7_] : [BIGINT]) - [119]
2021-03-10 22:37:37.606 TRACE 20712 --- [    Test worker] o.h.type.descriptor.sql.BasicExtractor   : extracted value ([id1_7_] : [BIGINT]) - [120]
2021-03-10 22:37:37.606 TRACE 20712 --- [    Test worker] o.h.type.descriptor.sql.BasicExtractor   : extracted value ([id1_7_] : [BIGINT]) - [121]
2021-03-10 22:37:37.606 TRACE 20712 --- [    Test worker] o.h.type.descriptor.sql.BasicExtractor   : extracted value ([id1_7_] : [BIGINT]) - [122]
2021-03-10 22:37:37.606 TRACE 20712 --- [    Test worker] o.h.type.descriptor.sql.BasicExtractor   : extracted value ([id1_7_] : [BIGINT]) - [123]
2021-03-10 22:37:37.606 TRACE 20712 --- [    Test worker] o.h.type.descriptor.sql.BasicExtractor   : extracted value ([id1_7_] : [BIGINT]) - [124]
2021-03-10 22:37:37.606 TRACE 20712 --- [    Test worker] o.h.type.descriptor.sql.BasicExtractor   : extracted value ([id1_7_] : [BIGINT]) - [125]
2021-03-10 22:37:37.606 TRACE 20712 --- [    Test worker] o.h.type.descriptor.sql.BasicExtractor   : extracted value ([id1_7_] : [BIGINT]) - [126]
2021-03-10 22:37:37.606 TRACE 20712 --- [    Test worker] o.h.type.descriptor.sql.BasicExtractor   : extracted value ([id1_7_] : [BIGINT]) - [127]
2021-03-10 22:37:37.606 TRACE 20712 --- [    Test worker] o.h.type.descriptor.sql.BasicExtractor   : extracted value ([id1_7_] : [BIGINT]) - [128]
2021-03-10 22:37:37.606 TRACE 20712 --- [    Test worker] o.h.type.descriptor.sql.BasicExtractor   : extracted value ([id1_7_] : [BIGINT]) - [129]
2021-03-10 22:37:37.606 TRACE 20712 --- [    Test worker] o.h.type.descriptor.sql.BasicExtractor   : extracted value ([id1_7_] : [BIGINT]) - [130]
2021-03-10 22:37:37.606 TRACE 20712 --- [    Test worker] o.h.type.descriptor.sql.BasicExtractor   : extracted value ([id1_7_] : [BIGINT]) - [131]
2021-03-10 22:37:37.606 TRACE 20712 --- [    Test worker] o.h.type.descriptor.sql.BasicExtractor   : extracted value ([id1_7_] : [BIGINT]) - [132]
2021-03-10 22:37:37.606 TRACE 20712 --- [    Test worker] o.h.type.descriptor.sql.BasicExtractor   : extracted value ([id1_7_] : [BIGINT]) - [133]
2021-03-10 22:37:37.606 TRACE 20712 --- [    Test worker] o.h.type.descriptor.sql.BasicExtractor   : extracted value ([id1_7_] : [BIGINT]) - [134]
2021-03-10 22:37:37.606 TRACE 20712 --- [    Test worker] o.h.type.descriptor.sql.BasicExtractor   : extracted value ([id1_7_] : [BIGINT]) - [135]
2021-03-10 22:37:37.606 TRACE 20712 --- [    Test worker] o.h.type.descriptor.sql.BasicExtractor   : extracted value ([id1_7_] : [BIGINT]) - [136]
2021-03-10 22:37:37.606 TRACE 20712 --- [    Test worker] o.h.type.descriptor.sql.BasicExtractor   : extracted value ([id1_7_] : [BIGINT]) - [137]
2021-03-10 22:37:37.606 TRACE 20712 --- [    Test worker] o.h.type.descriptor.sql.BasicExtractor   : extracted value ([id1_7_] : [BIGINT]) - [138]
2021-03-10 22:37:37.606 TRACE 20712 --- [    Test worker] o.h.type.descriptor.sql.BasicExtractor   : extracted value ([id1_7_] : [BIGINT]) - [139]
2021-03-10 22:37:37.606 TRACE 20712 --- [    Test worker] o.h.type.descriptor.sql.BasicExtractor   : extracted value ([id1_7_] : [BIGINT]) - [140]
2021-03-10 22:37:37.606 TRACE 20712 --- [    Test worker] o.h.type.descriptor.sql.BasicExtractor   : extracted value ([id1_7_] : [BIGINT]) - [141]
2021-03-10 22:37:37.606 TRACE 20712 --- [    Test worker] o.h.type.descriptor.sql.BasicExtractor   : extracted value ([id1_7_] : [BIGINT]) - [142]
2021-03-10 22:37:37.606 TRACE 20712 --- [    Test worker] o.h.type.descriptor.sql.BasicExtractor   : extracted value ([id1_7_] : [BIGINT]) - [143]
2021-03-10 22:37:37.606 TRACE 20712 --- [    Test worker] o.h.type.descriptor.sql.BasicExtractor   : extracted value ([id1_7_] : [BIGINT]) - [144]
2021-03-10 22:37:37.606 TRACE 20712 --- [    Test worker] o.h.type.descriptor.sql.BasicExtractor   : extracted value ([id1_7_] : [BIGINT]) - [145]
Hibernate: 
    select
        zone0_.id as id1_7_,
        zone0_.city as city2_7_,
        zone0_.local_name_of_city as local_na3_7_,
        zone0_.province as province4_7_ 
    from
        zone zone0_
2021-03-10 22:37:37.606 TRACE 20712 --- [    Test worker] o.h.type.descriptor.sql.BasicExtractor   : extracted value ([id1_7_] : [BIGINT]) - [61]
2021-03-10 22:37:37.606 TRACE 20712 --- [    Test worker] o.h.type.descriptor.sql.BasicExtractor   : extracted value ([id1_7_] : [BIGINT]) - [62]
2021-03-10 22:37:37.606 TRACE 20712 --- [    Test worker] o.h.type.descriptor.sql.BasicExtractor   : extracted value ([id1_7_] : [BIGINT]) - [63]
2021-03-10 22:37:37.606 TRACE 20712 --- [    Test worker] o.h.type.descriptor.sql.BasicExtractor   : extracted value ([id1_7_] : [BIGINT]) - [64]
2021-03-10 22:37:37.606 TRACE 20712 --- [    Test worker] o.h.type.descriptor.sql.BasicExtractor   : extracted value ([id1_7_] : [BIGINT]) - [65]
2021-03-10 22:37:37.606 TRACE 20712 --- [    Test worker] o.h.type.descriptor.sql.BasicExtractor   : extracted value ([id1_7_] : [BIGINT]) - [66]
2021-03-10 22:37:37.606 TRACE 20712 --- [    Test worker] o.h.type.descriptor.sql.BasicExtractor   : extracted value ([id1_7_] : [BIGINT]) - [67]
2021-03-10 22:37:37.606 TRACE 20712 --- [    Test worker] o.h.type.descriptor.sql.BasicExtractor   : extracted value ([id1_7_] : [BIGINT]) - [68]
2021-03-10 22:37:37.606 TRACE 20712 --- [    Test worker] o.h.type.descriptor.sql.BasicExtractor   : extracted value ([id1_7_] : [BIGINT]) - [69]
2021-03-10 22:37:37.606 TRACE 20712 --- [    Test worker] o.h.type.descriptor.sql.BasicExtractor   : extracted value ([id1_7_] : [BIGINT]) - [70]
2021-03-10 22:37:37.606 TRACE 20712 --- [    Test worker] o.h.type.descriptor.sql.BasicExtractor   : extracted value ([id1_7_] : [BIGINT]) - [71]
2021-03-10 22:37:37.606 TRACE 20712 --- [    Test worker] o.h.type.descriptor.sql.BasicExtractor   : extracted value ([id1_7_] : [BIGINT]) - [72]
2021-03-10 22:37:37.606 TRACE 20712 --- [    Test worker] o.h.type.descriptor.sql.BasicExtractor   : extracted value ([id1_7_] : [BIGINT]) - [73]
2021-03-10 22:37:37.606 TRACE 20712 --- [    Test worker] o.h.type.descriptor.sql.BasicExtractor   : extracted value ([id1_7_] : [BIGINT]) - [74]
2021-03-10 22:37:37.606 TRACE 20712 --- [    Test worker] o.h.type.descriptor.sql.BasicExtractor   : extracted value ([id1_7_] : [BIGINT]) - [75]
2021-03-10 22:37:37.606 TRACE 20712 --- [    Test worker] o.h.type.descriptor.sql.BasicExtractor   : extracted value ([id1_7_] : [BIGINT]) - [76]
2021-03-10 22:37:37.606 TRACE 20712 --- [    Test worker] o.h.type.descriptor.sql.BasicExtractor   : extracted value ([id1_7_] : [BIGINT]) - [77]
2021-03-10 22:37:37.606 TRACE 20712 --- [    Test worker] o.h.type.descriptor.sql.BasicExtractor   : extracted value ([id1_7_] : [BIGINT]) - [78]
2021-03-10 22:37:37.606 TRACE 20712 --- [    Test worker] o.h.type.descriptor.sql.BasicExtractor   : extracted value ([id1_7_] : [BIGINT]) - [79]
2021-03-10 22:37:37.606 TRACE 20712 --- [    Test worker] o.h.type.descriptor.sql.BasicExtractor   : extracted value ([id1_7_] : [BIGINT]) - [80]
2021-03-10 22:37:37.606 TRACE 20712 --- [    Test worker] o.h.type.descriptor.sql.BasicExtractor   : extracted value ([id1_7_] : [BIGINT]) - [81]
2021-03-10 22:37:37.606 TRACE 20712 --- [    Test worker] o.h.type.descriptor.sql.BasicExtractor   : extracted value ([id1_7_] : [BIGINT]) - [82]
2021-03-10 22:37:37.606 TRACE 20712 --- [    Test worker] o.h.type.descriptor.sql.BasicExtractor   : extracted value ([id1_7_] : [BIGINT]) - [83]
2021-03-10 22:37:37.606 TRACE 20712 --- [    Test worker] o.h.type.descriptor.sql.BasicExtractor   : extracted value ([id1_7_] : [BIGINT]) - [84]
2021-03-10 22:37:37.606 TRACE 20712 --- [    Test worker] o.h.type.descriptor.sql.BasicExtractor   : extracted value ([id1_7_] : [BIGINT]) - [85]
2021-03-10 22:37:37.606 TRACE 20712 --- [    Test worker] o.h.type.descriptor.sql.BasicExtractor   : extracted value ([id1_7_] : [BIGINT]) - [86]
2021-03-10 22:37:37.606 TRACE 20712 --- [    Test worker] o.h.type.descriptor.sql.BasicExtractor   : extracted value ([id1_7_] : [BIGINT]) - [87]
2021-03-10 22:37:37.606 TRACE 20712 --- [    Test worker] o.h.type.descriptor.sql.BasicExtractor   : extracted value ([id1_7_] : [BIGINT]) - [88]
2021-03-10 22:37:37.606 TRACE 20712 --- [    Test worker] o.h.type.descriptor.sql.BasicExtractor   : extracted value ([id1_7_] : [BIGINT]) - [89]
2021-03-10 22:37:37.606 TRACE 20712 --- [    Test worker] o.h.type.descriptor.sql.BasicExtractor   : extracted value ([id1_7_] : [BIGINT]) - [90]
2021-03-10 22:37:37.606 TRACE 20712 --- [    Test worker] o.h.type.descriptor.sql.BasicExtractor   : extracted value ([id1_7_] : [BIGINT]) - [91]
2021-03-10 22:37:37.606 TRACE 20712 --- [    Test worker] o.h.type.descriptor.sql.BasicExtractor   : extracted value ([id1_7_] : [BIGINT]) - [92]
2021-03-10 22:37:37.606 TRACE 20712 --- [    Test worker] o.h.type.descriptor.sql.BasicExtractor   : extracted value ([id1_7_] : [BIGINT]) - [93]
2021-03-10 22:37:37.606 TRACE 20712 --- [    Test worker] o.h.type.descriptor.sql.BasicExtractor   : extracted value ([id1_7_] : [BIGINT]) - [94]
2021-03-10 22:37:37.606 TRACE 20712 --- [    Test worker] o.h.type.descriptor.sql.BasicExtractor   : extracted value ([id1_7_] : [BIGINT]) - [95]
2021-03-10 22:37:37.606 TRACE 20712 --- [    Test worker] o.h.type.descriptor.sql.BasicExtractor   : extracted value ([id1_7_] : [BIGINT]) - [96]
2021-03-10 22:37:37.606 TRACE 20712 --- [    Test worker] o.h.type.descriptor.sql.BasicExtractor   : extracted value ([id1_7_] : [BIGINT]) - [97]
2021-03-10 22:37:37.606 TRACE 20712 --- [    Test worker] o.h.type.descriptor.sql.BasicExtractor   : extracted value ([id1_7_] : [BIGINT]) - [98]
2021-03-10 22:37:37.606 TRACE 20712 --- [    Test worker] o.h.type.descriptor.sql.BasicExtractor   : extracted value ([id1_7_] : [BIGINT]) - [99]
2021-03-10 22:37:37.606 TRACE 20712 --- [    Test worker] o.h.type.descriptor.sql.BasicExtractor   : extracted value ([id1_7_] : [BIGINT]) - [100]
2021-03-10 22:37:37.606 TRACE 20712 --- [    Test worker] o.h.type.descriptor.sql.BasicExtractor   : extracted value ([id1_7_] : [BIGINT]) - [101]
2021-03-10 22:37:37.606 TRACE 20712 --- [    Test worker] o.h.type.descriptor.sql.BasicExtractor   : extracted value ([id1_7_] : [BIGINT]) - [102]
2021-03-10 22:37:37.606 TRACE 20712 --- [    Test worker] o.h.type.descriptor.sql.BasicExtractor   : extracted value ([id1_7_] : [BIGINT]) - [103]
2021-03-10 22:37:37.606 TRACE 20712 --- [    Test worker] o.h.type.descriptor.sql.BasicExtractor   : extracted value ([id1_7_] : [BIGINT]) - [104]
2021-03-10 22:37:37.606 TRACE 20712 --- [    Test worker] o.h.type.descriptor.sql.BasicExtractor   : extracted value ([id1_7_] : [BIGINT]) - [105]
2021-03-10 22:37:37.606 TRACE 20712 --- [    Test worker] o.h.type.descriptor.sql.BasicExtractor   : extracted value ([id1_7_] : [BIGINT]) - [106]
2021-03-10 22:37:37.606 TRACE 20712 --- [    Test worker] o.h.type.descriptor.sql.BasicExtractor   : extracted value ([id1_7_] : [BIGINT]) - [107]
2021-03-10 22:37:37.606 TRACE 20712 --- [    Test worker] o.h.type.descriptor.sql.BasicExtractor   : extracted value ([id1_7_] : [BIGINT]) - [108]
2021-03-10 22:37:37.606 TRACE 20712 --- [    Test worker] o.h.type.descriptor.sql.BasicExtractor   : extracted value ([id1_7_] : [BIGINT]) - [109]
2021-03-10 22:37:37.606 TRACE 20712 --- [    Test worker] o.h.type.descriptor.sql.BasicExtractor   : extracted value ([id1_7_] : [BIGINT]) - [110]
2021-03-10 22:37:37.606 TRACE 20712 --- [    Test worker] o.h.type.descriptor.sql.BasicExtractor   : extracted value ([id1_7_] : [BIGINT]) - [111]
2021-03-10 22:37:37.606 TRACE 20712 --- [    Test worker] o.h.type.descriptor.sql.BasicExtractor   : extracted value ([id1_7_] : [BIGINT]) - [112]
2021-03-10 22:37:37.606 TRACE 20712 --- [    Test worker] o.h.type.descriptor.sql.BasicExtractor   : extracted value ([id1_7_] : [BIGINT]) - [113]
2021-03-10 22:37:37.606 TRACE 20712 --- [    Test worker] o.h.type.descriptor.sql.BasicExtractor   : extracted value ([id1_7_] : [BIGINT]) - [114]
2021-03-10 22:37:37.606 TRACE 20712 --- [    Test worker] o.h.type.descriptor.sql.BasicExtractor   : extracted value ([id1_7_] : [BIGINT]) - [115]
2021-03-10 22:37:37.606 TRACE 20712 --- [    Test worker] o.h.type.descriptor.sql.BasicExtractor   : extracted value ([id1_7_] : [BIGINT]) - [116]
2021-03-10 22:37:37.606 TRACE 20712 --- [    Test worker] o.h.type.descriptor.sql.BasicExtractor   : extracted value ([id1_7_] : [BIGINT]) - [117]
2021-03-10 22:37:37.606 TRACE 20712 --- [    Test worker] o.h.type.descriptor.sql.BasicExtractor   : extracted value ([id1_7_] : [BIGINT]) - [118]
2021-03-10 22:37:37.606 TRACE 20712 --- [    Test worker] o.h.type.descriptor.sql.BasicExtractor   : extracted value ([id1_7_] : [BIGINT]) - [119]
2021-03-10 22:37:37.606 TRACE 20712 --- [    Test worker] o.h.type.descriptor.sql.BasicExtractor   : extracted value ([id1_7_] : [BIGINT]) - [120]
2021-03-10 22:37:37.606 TRACE 20712 --- [    Test worker] o.h.type.descriptor.sql.BasicExtractor   : extracted value ([id1_7_] : [BIGINT]) - [121]
2021-03-10 22:37:37.606 TRACE 20712 --- [    Test worker] o.h.type.descriptor.sql.BasicExtractor   : extracted value ([id1_7_] : [BIGINT]) - [122]
2021-03-10 22:37:37.606 TRACE 20712 --- [    Test worker] o.h.type.descriptor.sql.BasicExtractor   : extracted value ([id1_7_] : [BIGINT]) - [123]
2021-03-10 22:37:37.606 TRACE 20712 --- [    Test worker] o.h.type.descriptor.sql.BasicExtractor   : extracted value ([id1_7_] : [BIGINT]) - [124]
2021-03-10 22:37:37.606 TRACE 20712 --- [    Test worker] o.h.type.descriptor.sql.BasicExtractor   : extracted value ([id1_7_] : [BIGINT]) - [125]
2021-03-10 22:37:37.606 TRACE 20712 --- [    Test worker] o.h.type.descriptor.sql.BasicExtractor   : extracted value ([id1_7_] : [BIGINT]) - [126]
2021-03-10 22:37:37.606 TRACE 20712 --- [    Test worker] o.h.type.descriptor.sql.BasicExtractor   : extracted value ([id1_7_] : [BIGINT]) - [127]
2021-03-10 22:37:37.606 TRACE 20712 --- [    Test worker] o.h.type.descriptor.sql.BasicExtractor   : extracted value ([id1_7_] : [BIGINT]) - [128]
2021-03-10 22:37:37.606 TRACE 20712 --- [    Test worker] o.h.type.descriptor.sql.BasicExtractor   : extracted value ([id1_7_] : [BIGINT]) - [129]
2021-03-10 22:37:37.606 TRACE 20712 --- [    Test worker] o.h.type.descriptor.sql.BasicExtractor   : extracted value ([id1_7_] : [BIGINT]) - [130]
2021-03-10 22:37:37.606 TRACE 20712 --- [    Test worker] o.h.type.descriptor.sql.BasicExtractor   : extracted value ([id1_7_] : [BIGINT]) - [131]
2021-03-10 22:37:37.606 TRACE 20712 --- [    Test worker] o.h.type.descriptor.sql.BasicExtractor   : extracted value ([id1_7_] : [BIGINT]) - [132]
2021-03-10 22:37:37.606 TRACE 20712 --- [    Test worker] o.h.type.descriptor.sql.BasicExtractor   : extracted value ([id1_7_] : [BIGINT]) - [133]
2021-03-10 22:37:37.606 TRACE 20712 --- [    Test worker] o.h.type.descriptor.sql.BasicExtractor   : extracted value ([id1_7_] : [BIGINT]) - [134]
2021-03-10 22:37:37.606 TRACE 20712 --- [    Test worker] o.h.type.descriptor.sql.BasicExtractor   : extracted value ([id1_7_] : [BIGINT]) - [135]
2021-03-10 22:37:37.606 TRACE 20712 --- [    Test worker] o.h.type.descriptor.sql.BasicExtractor   : extracted value ([id1_7_] : [BIGINT]) - [136]
2021-03-10 22:37:37.606 TRACE 20712 --- [    Test worker] o.h.type.descriptor.sql.BasicExtractor   : extracted value ([id1_7_] : [BIGINT]) - [137]
2021-03-10 22:37:37.606 TRACE 20712 --- [    Test worker] o.h.type.descriptor.sql.BasicExtractor   : extracted value ([id1_7_] : [BIGINT]) - [138]
2021-03-10 22:37:37.606 TRACE 20712 --- [    Test worker] o.h.type.descriptor.sql.BasicExtractor   : extracted value ([id1_7_] : [BIGINT]) - [139]
2021-03-10 22:37:37.606 TRACE 20712 --- [    Test worker] o.h.type.descriptor.sql.BasicExtractor   : extracted value ([id1_7_] : [BIGINT]) - [140]
2021-03-10 22:37:37.606 TRACE 20712 --- [    Test worker] o.h.type.descriptor.sql.BasicExtractor   : extracted value ([id1_7_] : [BIGINT]) - [141]
2021-03-10 22:37:37.606 TRACE 20712 --- [    Test worker] o.h.type.descriptor.sql.BasicExtractor   : extracted value ([id1_7_] : [BIGINT]) - [142]
2021-03-10 22:37:37.606 TRACE 20712 --- [    Test worker] o.h.type.descriptor.sql.BasicExtractor   : extracted value ([id1_7_] : [BIGINT]) - [143]
2021-03-10 22:37:37.606 TRACE 20712 --- [    Test worker] o.h.type.descriptor.sql.BasicExtractor   : extracted value ([id1_7_] : [BIGINT]) - [144]
2021-03-10 22:37:37.606 TRACE 20712 --- [    Test worker] o.h.type.descriptor.sql.BasicExtractor   : extracted value ([id1_7_] : [BIGINT]) - [145]
Hibernate: 
    select
        zone0_.id as id1_7_,
        zone0_.city as city2_7_,
        zone0_.local_name_of_city as local_na3_7_,
        zone0_.province as province4_7_ 
    from
        zone zone0_
2021-03-10 22:37:37.606 TRACE 20712 --- [    Test worker] o.h.type.descriptor.sql.BasicExtractor   : extracted value ([id1_7_] : [BIGINT]) - [61]
2021-03-10 22:37:37.606 TRACE 20712 --- [    Test worker] o.h.type.descriptor.sql.BasicExtractor   : extracted value ([id1_7_] : [BIGINT]) - [62]
2021-03-10 22:37:37.606 TRACE 20712 --- [    Test worker] o.h.type.descriptor.sql.BasicExtractor   : extracted value ([id1_7_] : [BIGINT]) - [63]
2021-03-10 22:37:37.606 TRACE 20712 --- [    Test worker] o.h.type.descriptor.sql.BasicExtractor   : extracted value ([id1_7_] : [BIGINT]) - [64]
2021-03-10 22:37:37.606 TRACE 20712 --- [    Test worker] o.h.type.descriptor.sql.BasicExtractor   : extracted value ([id1_7_] : [BIGINT]) - [65]
2021-03-10 22:37:37.606 TRACE 20712 --- [    Test worker] o.h.type.descriptor.sql.BasicExtractor   : extracted value ([id1_7_] : [BIGINT]) - [66]
2021-03-10 22:37:37.606 TRACE 20712 --- [    Test worker] o.h.type.descriptor.sql.BasicExtractor   : extracted value ([id1_7_] : [BIGINT]) - [67]
2021-03-10 22:37:37.606 TRACE 20712 --- [    Test worker] o.h.type.descriptor.sql.BasicExtractor   : extracted value ([id1_7_] : [BIGINT]) - [68]
2021-03-10 22:37:37.606 TRACE 20712 --- [    Test worker] o.h.type.descriptor.sql.BasicExtractor   : extracted value ([id1_7_] : [BIGINT]) - [69]
2021-03-10 22:37:37.606 TRACE 20712 --- [    Test worker] o.h.type.descriptor.sql.BasicExtractor   : extracted value ([id1_7_] : [BIGINT]) - [70]
2021-03-10 22:37:37.606 TRACE 20712 --- [    Test worker] o.h.type.descriptor.sql.BasicExtractor   : extracted value ([id1_7_] : [BIGINT]) - [71]
2021-03-10 22:37:37.606 TRACE 20712 --- [    Test worker] o.h.type.descriptor.sql.BasicExtractor   : extracted value ([id1_7_] : [BIGINT]) - [72]
2021-03-10 22:37:37.606 TRACE 20712 --- [    Test worker] o.h.type.descriptor.sql.BasicExtractor   : extracted value ([id1_7_] : [BIGINT]) - [73]
2021-03-10 22:37:37.606 TRACE 20712 --- [    Test worker] o.h.type.descriptor.sql.BasicExtractor   : extracted value ([id1_7_] : [BIGINT]) - [74]
2021-03-10 22:37:37.606 TRACE 20712 --- [    Test worker] o.h.type.descriptor.sql.BasicExtractor   : extracted value ([id1_7_] : [BIGINT]) - [75]
2021-03-10 22:37:37.606 TRACE 20712 --- [    Test worker] o.h.type.descriptor.sql.BasicExtractor   : extracted value ([id1_7_] : [BIGINT]) - [76]
2021-03-10 22:37:37.606 TRACE 20712 --- [    Test worker] o.h.type.descriptor.sql.BasicExtractor   : extracted value ([id1_7_] : [BIGINT]) - [77]
2021-03-10 22:37:37.606 TRACE 20712 --- [    Test worker] o.h.type.descriptor.sql.BasicExtractor   : extracted value ([id1_7_] : [BIGINT]) - [78]
2021-03-10 22:37:37.606 TRACE 20712 --- [    Test worker] o.h.type.descriptor.sql.BasicExtractor   : extracted value ([id1_7_] : [BIGINT]) - [79]
2021-03-10 22:37:37.606 TRACE 20712 --- [    Test worker] o.h.type.descriptor.sql.BasicExtractor   : extracted value ([id1_7_] : [BIGINT]) - [80]
2021-03-10 22:37:37.606 TRACE 20712 --- [    Test worker] o.h.type.descriptor.sql.BasicExtractor   : extracted value ([id1_7_] : [BIGINT]) - [81]
2021-03-10 22:37:37.606 TRACE 20712 --- [    Test worker] o.h.type.descriptor.sql.BasicExtractor   : extracted value ([id1_7_] : [BIGINT]) - [82]
2021-03-10 22:37:37.606 TRACE 20712 --- [    Test worker] o.h.type.descriptor.sql.BasicExtractor   : extracted value ([id1_7_] : [BIGINT]) - [83]
2021-03-10 22:37:37.606 TRACE 20712 --- [    Test worker] o.h.type.descriptor.sql.BasicExtractor   : extracted value ([id1_7_] : [BIGINT]) - [84]
2021-03-10 22:37:37.606 TRACE 20712 --- [    Test worker] o.h.type.descriptor.sql.BasicExtractor   : extracted value ([id1_7_] : [BIGINT]) - [85]
2021-03-10 22:37:37.606 TRACE 20712 --- [    Test worker] o.h.type.descriptor.sql.BasicExtractor   : extracted value ([id1_7_] : [BIGINT]) - [86]
2021-03-10 22:37:37.606 TRACE 20712 --- [    Test worker] o.h.type.descriptor.sql.BasicExtractor   : extracted value ([id1_7_] : [BIGINT]) - [87]
2021-03-10 22:37:37.606 TRACE 20712 --- [    Test worker] o.h.type.descriptor.sql.BasicExtractor   : extracted value ([id1_7_] : [BIGINT]) - [88]
2021-03-10 22:37:37.606 TRACE 20712 --- [    Test worker] o.h.type.descriptor.sql.BasicExtractor   : extracted value ([id1_7_] : [BIGINT]) - [89]
2021-03-10 22:37:37.606 TRACE 20712 --- [    Test worker] o.h.type.descriptor.sql.BasicExtractor   : extracted value ([id1_7_] : [BIGINT]) - [90]
2021-03-10 22:37:37.606 TRACE 20712 --- [    Test worker] o.h.type.descriptor.sql.BasicExtractor   : extracted value ([id1_7_] : [BIGINT]) - [91]
2021-03-10 22:37:37.606 TRACE 20712 --- [    Test worker] o.h.type.descriptor.sql.BasicExtractor   : extracted value ([id1_7_] : [BIGINT]) - [92]
2021-03-10 22:37:37.606 TRACE 20712 --- [    Test worker] o.h.type.descriptor.sql.BasicExtractor   : extracted value ([id1_7_] : [BIGINT]) - [93]
2021-03-10 22:37:37.606 TRACE 20712 --- [    Test worker] o.h.type.descriptor.sql.BasicExtractor   : extracted value ([id1_7_] : [BIGINT]) - [94]
2021-03-10 22:37:37.606 TRACE 20712 --- [    Test worker] o.h.type.descriptor.sql.BasicExtractor   : extracted value ([id1_7_] : [BIGINT]) - [95]
2021-03-10 22:37:37.606 TRACE 20712 --- [    Test worker] o.h.type.descriptor.sql.BasicExtractor   : extracted value ([id1_7_] : [BIGINT]) - [96]
2021-03-10 22:37:37.606 TRACE 20712 --- [    Test worker] o.h.type.descriptor.sql.BasicExtractor   : extracted value ([id1_7_] : [BIGINT]) - [97]
2021-03-10 22:37:37.606 TRACE 20712 --- [    Test worker] o.h.type.descriptor.sql.BasicExtractor   : extracted value ([id1_7_] : [BIGINT]) - [98]
2021-03-10 22:37:37.606 TRACE 20712 --- [    Test worker] o.h.type.descriptor.sql.BasicExtractor   : extracted value ([id1_7_] : [BIGINT]) - [99]
2021-03-10 22:37:37.606 TRACE 20712 --- [    Test worker] o.h.type.descriptor.sql.BasicExtractor   : extracted value ([id1_7_] : [BIGINT]) - [100]
2021-03-10 22:37:37.606 TRACE 20712 --- [    Test worker] o.h.type.descriptor.sql.BasicExtractor   : extracted value ([id1_7_] : [BIGINT]) - [101]
2021-03-10 22:37:37.606 TRACE 20712 --- [    Test worker] o.h.type.descriptor.sql.BasicExtractor   : extracted value ([id1_7_] : [BIGINT]) - [102]
2021-03-10 22:37:37.606 TRACE 20712 --- [    Test worker] o.h.type.descriptor.sql.BasicExtractor   : extracted value ([id1_7_] : [BIGINT]) - [103]
2021-03-10 22:37:37.606 TRACE 20712 --- [    Test worker] o.h.type.descriptor.sql.BasicExtractor   : extracted value ([id1_7_] : [BIGINT]) - [104]
2021-03-10 22:37:37.606 TRACE 20712 --- [    Test worker] o.h.type.descriptor.sql.BasicExtractor   : extracted value ([id1_7_] : [BIGINT]) - [105]
2021-03-10 22:37:37.606 TRACE 20712 --- [    Test worker] o.h.type.descriptor.sql.BasicExtractor   : extracted value ([id1_7_] : [BIGINT]) - [106]
2021-03-10 22:37:37.621 TRACE 20712 --- [    Test worker] o.h.type.descriptor.sql.BasicExtractor   : extracted value ([id1_7_] : [BIGINT]) - [107]
2021-03-10 22:37:37.621 TRACE 20712 --- [    Test worker] o.h.type.descriptor.sql.BasicExtractor   : extracted value ([id1_7_] : [BIGINT]) - [108]
2021-03-10 22:37:37.621 TRACE 20712 --- [    Test worker] o.h.type.descriptor.sql.BasicExtractor   : extracted value ([id1_7_] : [BIGINT]) - [109]
2021-03-10 22:37:37.621 TRACE 20712 --- [    Test worker] o.h.type.descriptor.sql.BasicExtractor   : extracted value ([id1_7_] : [BIGINT]) - [110]
2021-03-10 22:37:37.621 TRACE 20712 --- [    Test worker] o.h.type.descriptor.sql.BasicExtractor   : extracted value ([id1_7_] : [BIGINT]) - [111]
2021-03-10 22:37:37.621 TRACE 20712 --- [    Test worker] o.h.type.descriptor.sql.BasicExtractor   : extracted value ([id1_7_] : [BIGINT]) - [112]
2021-03-10 22:37:37.621 TRACE 20712 --- [    Test worker] o.h.type.descriptor.sql.BasicExtractor   : extracted value ([id1_7_] : [BIGINT]) - [113]
2021-03-10 22:37:37.621 TRACE 20712 --- [    Test worker] o.h.type.descriptor.sql.BasicExtractor   : extracted value ([id1_7_] : [BIGINT]) - [114]
2021-03-10 22:37:37.621 TRACE 20712 --- [    Test worker] o.h.type.descriptor.sql.BasicExtractor   : extracted value ([id1_7_] : [BIGINT]) - [115]
2021-03-10 22:37:37.621 TRACE 20712 --- [    Test worker] o.h.type.descriptor.sql.BasicExtractor   : extracted value ([id1_7_] : [BIGINT]) - [116]
2021-03-10 22:37:37.621 TRACE 20712 --- [    Test worker] o.h.type.descriptor.sql.BasicExtractor   : extracted value ([id1_7_] : [BIGINT]) - [117]
2021-03-10 22:37:37.621 TRACE 20712 --- [    Test worker] o.h.type.descriptor.sql.BasicExtractor   : extracted value ([id1_7_] : [BIGINT]) - [118]
2021-03-10 22:37:37.621 TRACE 20712 --- [    Test worker] o.h.type.descriptor.sql.BasicExtractor   : extracted value ([id1_7_] : [BIGINT]) - [119]
2021-03-10 22:37:37.621 TRACE 20712 --- [    Test worker] o.h.type.descriptor.sql.BasicExtractor   : extracted value ([id1_7_] : [BIGINT]) - [120]
2021-03-10 22:37:37.621 TRACE 20712 --- [    Test worker] o.h.type.descriptor.sql.BasicExtractor   : extracted value ([id1_7_] : [BIGINT]) - [121]
2021-03-10 22:37:37.621 TRACE 20712 --- [    Test worker] o.h.type.descriptor.sql.BasicExtractor   : extracted value ([id1_7_] : [BIGINT]) - [122]
2021-03-10 22:37:37.621 TRACE 20712 --- [    Test worker] o.h.type.descriptor.sql.BasicExtractor   : extracted value ([id1_7_] : [BIGINT]) - [123]
2021-03-10 22:37:37.621 TRACE 20712 --- [    Test worker] o.h.type.descriptor.sql.BasicExtractor   : extracted value ([id1_7_] : [BIGINT]) - [124]
2021-03-10 22:37:37.621 TRACE 20712 --- [    Test worker] o.h.type.descriptor.sql.BasicExtractor   : extracted value ([id1_7_] : [BIGINT]) - [125]
2021-03-10 22:37:37.621 TRACE 20712 --- [    Test worker] o.h.type.descriptor.sql.BasicExtractor   : extracted value ([id1_7_] : [BIGINT]) - [126]
2021-03-10 22:37:37.621 TRACE 20712 --- [    Test worker] o.h.type.descriptor.sql.BasicExtractor   : extracted value ([id1_7_] : [BIGINT]) - [127]
2021-03-10 22:37:37.621 TRACE 20712 --- [    Test worker] o.h.type.descriptor.sql.BasicExtractor   : extracted value ([id1_7_] : [BIGINT]) - [128]
2021-03-10 22:37:37.621 TRACE 20712 --- [    Test worker] o.h.type.descriptor.sql.BasicExtractor   : extracted value ([id1_7_] : [BIGINT]) - [129]
2021-03-10 22:37:37.621 TRACE 20712 --- [    Test worker] o.h.type.descriptor.sql.BasicExtractor   : extracted value ([id1_7_] : [BIGINT]) - [130]
2021-03-10 22:37:37.621 TRACE 20712 --- [    Test worker] o.h.type.descriptor.sql.BasicExtractor   : extracted value ([id1_7_] : [BIGINT]) - [131]
2021-03-10 22:37:37.621 TRACE 20712 --- [    Test worker] o.h.type.descriptor.sql.BasicExtractor   : extracted value ([id1_7_] : [BIGINT]) - [132]
2021-03-10 22:37:37.621 TRACE 20712 --- [    Test worker] o.h.type.descriptor.sql.BasicExtractor   : extracted value ([id1_7_] : [BIGINT]) - [133]
2021-03-10 22:37:37.621 TRACE 20712 --- [    Test worker] o.h.type.descriptor.sql.BasicExtractor   : extracted value ([id1_7_] : [BIGINT]) - [134]
2021-03-10 22:37:37.621 TRACE 20712 --- [    Test worker] o.h.type.descriptor.sql.BasicExtractor   : extracted value ([id1_7_] : [BIGINT]) - [135]
2021-03-10 22:37:37.621 TRACE 20712 --- [    Test worker] o.h.type.descriptor.sql.BasicExtractor   : extracted value ([id1_7_] : [BIGINT]) - [136]
2021-03-10 22:37:37.621 TRACE 20712 --- [    Test worker] o.h.type.descriptor.sql.BasicExtractor   : extracted value ([id1_7_] : [BIGINT]) - [137]
2021-03-10 22:37:37.621 TRACE 20712 --- [    Test worker] o.h.type.descriptor.sql.BasicExtractor   : extracted value ([id1_7_] : [BIGINT]) - [138]
2021-03-10 22:37:37.621 TRACE 20712 --- [    Test worker] o.h.type.descriptor.sql.BasicExtractor   : extracted value ([id1_7_] : [BIGINT]) - [139]
2021-03-10 22:37:37.621 TRACE 20712 --- [    Test worker] o.h.type.descriptor.sql.BasicExtractor   : extracted value ([id1_7_] : [BIGINT]) - [140]
2021-03-10 22:37:37.621 TRACE 20712 --- [    Test worker] o.h.type.descriptor.sql.BasicExtractor   : extracted value ([id1_7_] : [BIGINT]) - [141]
2021-03-10 22:37:37.621 TRACE 20712 --- [    Test worker] o.h.type.descriptor.sql.BasicExtractor   : extracted value ([id1_7_] : [BIGINT]) - [142]
2021-03-10 22:37:37.621 TRACE 20712 --- [    Test worker] o.h.type.descriptor.sql.BasicExtractor   : extracted value ([id1_7_] : [BIGINT]) - [143]
2021-03-10 22:37:37.621 TRACE 20712 --- [    Test worker] o.h.type.descriptor.sql.BasicExtractor   : extracted value ([id1_7_] : [BIGINT]) - [144]
2021-03-10 22:37:37.621 TRACE 20712 --- [    Test worker] o.h.type.descriptor.sql.BasicExtractor   : extracted value ([id1_7_] : [BIGINT]) - [145]
Hibernate: 
    select
        zone0_.id as id1_7_,
        zone0_.city as city2_7_,
        zone0_.local_name_of_city as local_na3_7_,
        zone0_.province as province4_7_ 
    from
        zone zone0_
2021-03-10 22:37:37.621 TRACE 20712 --- [    Test worker] o.h.type.descriptor.sql.BasicExtractor   : extracted value ([id1_7_] : [BIGINT]) - [61]
2021-03-10 22:37:37.621 TRACE 20712 --- [    Test worker] o.h.type.descriptor.sql.BasicExtractor   : extracted value ([id1_7_] : [BIGINT]) - [62]
2021-03-10 22:37:37.621 TRACE 20712 --- [    Test worker] o.h.type.descriptor.sql.BasicExtractor   : extracted value ([id1_7_] : [BIGINT]) - [63]
2021-03-10 22:37:37.621 TRACE 20712 --- [    Test worker] o.h.type.descriptor.sql.BasicExtractor   : extracted value ([id1_7_] : [BIGINT]) - [64]
2021-03-10 22:37:37.621 TRACE 20712 --- [    Test worker] o.h.type.descriptor.sql.BasicExtractor   : extracted value ([id1_7_] : [BIGINT]) - [65]
2021-03-10 22:37:37.621 TRACE 20712 --- [    Test worker] o.h.type.descriptor.sql.BasicExtractor   : extracted value ([id1_7_] : [BIGINT]) - [66]
2021-03-10 22:37:37.621 TRACE 20712 --- [    Test worker] o.h.type.descriptor.sql.BasicExtractor   : extracted value ([id1_7_] : [BIGINT]) - [67]
2021-03-10 22:37:37.621 TRACE 20712 --- [    Test worker] o.h.type.descriptor.sql.BasicExtractor   : extracted value ([id1_7_] : [BIGINT]) - [68]
2021-03-10 22:37:37.621 TRACE 20712 --- [    Test worker] o.h.type.descriptor.sql.BasicExtractor   : extracted value ([id1_7_] : [BIGINT]) - [69]
2021-03-10 22:37:37.621 TRACE 20712 --- [    Test worker] o.h.type.descriptor.sql.BasicExtractor   : extracted value ([id1_7_] : [BIGINT]) - [70]
2021-03-10 22:37:37.621 TRACE 20712 --- [    Test worker] o.h.type.descriptor.sql.BasicExtractor   : extracted value ([id1_7_] : [BIGINT]) - [71]
2021-03-10 22:37:37.621 TRACE 20712 --- [    Test worker] o.h.type.descriptor.sql.BasicExtractor   : extracted value ([id1_7_] : [BIGINT]) - [72]
2021-03-10 22:37:37.621 TRACE 20712 --- [    Test worker] o.h.type.descriptor.sql.BasicExtractor   : extracted value ([id1_7_] : [BIGINT]) - [73]
2021-03-10 22:37:37.621 TRACE 20712 --- [    Test worker] o.h.type.descriptor.sql.BasicExtractor   : extracted value ([id1_7_] : [BIGINT]) - [74]
2021-03-10 22:37:37.621 TRACE 20712 --- [    Test worker] o.h.type.descriptor.sql.BasicExtractor   : extracted value ([id1_7_] : [BIGINT]) - [75]
2021-03-10 22:37:37.621 TRACE 20712 --- [    Test worker] o.h.type.descriptor.sql.BasicExtractor   : extracted value ([id1_7_] : [BIGINT]) - [76]
2021-03-10 22:37:37.621 TRACE 20712 --- [    Test worker] o.h.type.descriptor.sql.BasicExtractor   : extracted value ([id1_7_] : [BIGINT]) - [77]
2021-03-10 22:37:37.621 TRACE 20712 --- [    Test worker] o.h.type.descriptor.sql.BasicExtractor   : extracted value ([id1_7_] : [BIGINT]) - [78]
2021-03-10 22:37:37.621 TRACE 20712 --- [    Test worker] o.h.type.descriptor.sql.BasicExtractor   : extracted value ([id1_7_] : [BIGINT]) - [79]
2021-03-10 22:37:37.621 TRACE 20712 --- [    Test worker] o.h.type.descriptor.sql.BasicExtractor   : extracted value ([id1_7_] : [BIGINT]) - [80]
2021-03-10 22:37:37.621 TRACE 20712 --- [    Test worker] o.h.type.descriptor.sql.BasicExtractor   : extracted value ([id1_7_] : [BIGINT]) - [81]
2021-03-10 22:37:37.621 TRACE 20712 --- [    Test worker] o.h.type.descriptor.sql.BasicExtractor   : extracted value ([id1_7_] : [BIGINT]) - [82]
2021-03-10 22:37:37.621 TRACE 20712 --- [    Test worker] o.h.type.descriptor.sql.BasicExtractor   : extracted value ([id1_7_] : [BIGINT]) - [83]
2021-03-10 22:37:37.621 TRACE 20712 --- [    Test worker] o.h.type.descriptor.sql.BasicExtractor   : extracted value ([id1_7_] : [BIGINT]) - [84]
2021-03-10 22:37:37.621 TRACE 20712 --- [    Test worker] o.h.type.descriptor.sql.BasicExtractor   : extracted value ([id1_7_] : [BIGINT]) - [85]
2021-03-10 22:37:37.621 TRACE 20712 --- [    Test worker] o.h.type.descriptor.sql.BasicExtractor   : extracted value ([id1_7_] : [BIGINT]) - [86]
2021-03-10 22:37:37.621 TRACE 20712 --- [    Test worker] o.h.type.descriptor.sql.BasicExtractor   : extracted value ([id1_7_] : [BIGINT]) - [87]
2021-03-10 22:37:37.621 TRACE 20712 --- [    Test worker] o.h.type.descriptor.sql.BasicExtractor   : extracted value ([id1_7_] : [BIGINT]) - [88]
2021-03-10 22:37:37.621 TRACE 20712 --- [    Test worker] o.h.type.descriptor.sql.BasicExtractor   : extracted value ([id1_7_] : [BIGINT]) - [89]
2021-03-10 22:37:37.621 TRACE 20712 --- [    Test worker] o.h.type.descriptor.sql.BasicExtractor   : extracted value ([id1_7_] : [BIGINT]) - [90]
2021-03-10 22:37:37.621 TRACE 20712 --- [    Test worker] o.h.type.descriptor.sql.BasicExtractor   : extracted value ([id1_7_] : [BIGINT]) - [91]
2021-03-10 22:37:37.621 TRACE 20712 --- [    Test worker] o.h.type.descriptor.sql.BasicExtractor   : extracted value ([id1_7_] : [BIGINT]) - [92]
2021-03-10 22:37:37.621 TRACE 20712 --- [    Test worker] o.h.type.descriptor.sql.BasicExtractor   : extracted value ([id1_7_] : [BIGINT]) - [93]
2021-03-10 22:37:37.621 TRACE 20712 --- [    Test worker] o.h.type.descriptor.sql.BasicExtractor   : extracted value ([id1_7_] : [BIGINT]) - [94]
2021-03-10 22:37:37.621 TRACE 20712 --- [    Test worker] o.h.type.descriptor.sql.BasicExtractor   : extracted value ([id1_7_] : [BIGINT]) - [95]
2021-03-10 22:37:37.621 TRACE 20712 --- [    Test worker] o.h.type.descriptor.sql.BasicExtractor   : extracted value ([id1_7_] : [BIGINT]) - [96]
2021-03-10 22:37:37.621 TRACE 20712 --- [    Test worker] o.h.type.descriptor.sql.BasicExtractor   : extracted value ([id1_7_] : [BIGINT]) - [97]
2021-03-10 22:37:37.621 TRACE 20712 --- [    Test worker] o.h.type.descriptor.sql.BasicExtractor   : extracted value ([id1_7_] : [BIGINT]) - [98]
2021-03-10 22:37:37.621 TRACE 20712 --- [    Test worker] o.h.type.descriptor.sql.BasicExtractor   : extracted value ([id1_7_] : [BIGINT]) - [99]
2021-03-10 22:37:37.621 TRACE 20712 --- [    Test worker] o.h.type.descriptor.sql.BasicExtractor   : extracted value ([id1_7_] : [BIGINT]) - [100]
2021-03-10 22:37:37.621 TRACE 20712 --- [    Test worker] o.h.type.descriptor.sql.BasicExtractor   : extracted value ([id1_7_] : [BIGINT]) - [101]
2021-03-10 22:37:37.621 TRACE 20712 --- [    Test worker] o.h.type.descriptor.sql.BasicExtractor   : extracted value ([id1_7_] : [BIGINT]) - [102]
2021-03-10 22:37:37.621 TRACE 20712 --- [    Test worker] o.h.type.descriptor.sql.BasicExtractor   : extracted value ([id1_7_] : [BIGINT]) - [103]
2021-03-10 22:37:37.621 TRACE 20712 --- [    Test worker] o.h.type.descriptor.sql.BasicExtractor   : extracted value ([id1_7_] : [BIGINT]) - [104]
2021-03-10 22:37:37.621 TRACE 20712 --- [    Test worker] o.h.type.descriptor.sql.BasicExtractor   : extracted value ([id1_7_] : [BIGINT]) - [105]
2021-03-10 22:37:37.621 TRACE 20712 --- [    Test worker] o.h.type.descriptor.sql.BasicExtractor   : extracted value ([id1_7_] : [BIGINT]) - [106]
2021-03-10 22:37:37.621 TRACE 20712 --- [    Test worker] o.h.type.descriptor.sql.BasicExtractor   : extracted value ([id1_7_] : [BIGINT]) - [107]
2021-03-10 22:37:37.621 TRACE 20712 --- [    Test worker] o.h.type.descriptor.sql.BasicExtractor   : extracted value ([id1_7_] : [BIGINT]) - [108]
2021-03-10 22:37:37.621 TRACE 20712 --- [    Test worker] o.h.type.descriptor.sql.BasicExtractor   : extracted value ([id1_7_] : [BIGINT]) - [109]
2021-03-10 22:37:37.621 TRACE 20712 --- [    Test worker] o.h.type.descriptor.sql.BasicExtractor   : extracted value ([id1_7_] : [BIGINT]) - [110]
2021-03-10 22:37:37.621 TRACE 20712 --- [    Test worker] o.h.type.descriptor.sql.BasicExtractor   : extracted value ([id1_7_] : [BIGINT]) - [111]
2021-03-10 22:37:37.621 TRACE 20712 --- [    Test worker] o.h.type.descriptor.sql.BasicExtractor   : extracted value ([id1_7_] : [BIGINT]) - [112]
2021-03-10 22:37:37.621 TRACE 20712 --- [    Test worker] o.h.type.descriptor.sql.BasicExtractor   : extracted value ([id1_7_] : [BIGINT]) - [113]
2021-03-10 22:37:37.621 TRACE 20712 --- [    Test worker] o.h.type.descriptor.sql.BasicExtractor   : extracted value ([id1_7_] : [BIGINT]) - [114]
2021-03-10 22:37:37.621 TRACE 20712 --- [    Test worker] o.h.type.descriptor.sql.BasicExtractor   : extracted value ([id1_7_] : [BIGINT]) - [115]
2021-03-10 22:37:37.621 TRACE 20712 --- [    Test worker] o.h.type.descriptor.sql.BasicExtractor   : extracted value ([id1_7_] : [BIGINT]) - [116]
2021-03-10 22:37:37.621 TRACE 20712 --- [    Test worker] o.h.type.descriptor.sql.BasicExtractor   : extracted value ([id1_7_] : [BIGINT]) - [117]
2021-03-10 22:37:37.621 TRACE 20712 --- [    Test worker] o.h.type.descriptor.sql.BasicExtractor   : extracted value ([id1_7_] : [BIGINT]) - [118]
2021-03-10 22:37:37.621 TRACE 20712 --- [    Test worker] o.h.type.descriptor.sql.BasicExtractor   : extracted value ([id1_7_] : [BIGINT]) - [119]
2021-03-10 22:37:37.621 TRACE 20712 --- [    Test worker] o.h.type.descriptor.sql.BasicExtractor   : extracted value ([id1_7_] : [BIGINT]) - [120]
2021-03-10 22:37:37.621 TRACE 20712 --- [    Test worker] o.h.type.descriptor.sql.BasicExtractor   : extracted value ([id1_7_] : [BIGINT]) - [121]
2021-03-10 22:37:37.621 TRACE 20712 --- [    Test worker] o.h.type.descriptor.sql.BasicExtractor   : extracted value ([id1_7_] : [BIGINT]) - [122]
2021-03-10 22:37:37.621 TRACE 20712 --- [    Test worker] o.h.type.descriptor.sql.BasicExtractor   : extracted value ([id1_7_] : [BIGINT]) - [123]
2021-03-10 22:37:37.621 TRACE 20712 --- [    Test worker] o.h.type.descriptor.sql.BasicExtractor   : extracted value ([id1_7_] : [BIGINT]) - [124]
2021-03-10 22:37:37.621 TRACE 20712 --- [    Test worker] o.h.type.descriptor.sql.BasicExtractor   : extracted value ([id1_7_] : [BIGINT]) - [125]
2021-03-10 22:37:37.621 TRACE 20712 --- [    Test worker] o.h.type.descriptor.sql.BasicExtractor   : extracted value ([id1_7_] : [BIGINT]) - [126]
2021-03-10 22:37:37.621 TRACE 20712 --- [    Test worker] o.h.type.descriptor.sql.BasicExtractor   : extracted value ([id1_7_] : [BIGINT]) - [127]
2021-03-10 22:37:37.621 TRACE 20712 --- [    Test worker] o.h.type.descriptor.sql.BasicExtractor   : extracted value ([id1_7_] : [BIGINT]) - [128]
2021-03-10 22:37:37.621 TRACE 20712 --- [    Test worker] o.h.type.descriptor.sql.BasicExtractor   : extracted value ([id1_7_] : [BIGINT]) - [129]
2021-03-10 22:37:37.621 TRACE 20712 --- [    Test worker] o.h.type.descriptor.sql.BasicExtractor   : extracted value ([id1_7_] : [BIGINT]) - [130]
2021-03-10 22:37:37.621 TRACE 20712 --- [    Test worker] o.h.type.descriptor.sql.BasicExtractor   : extracted value ([id1_7_] : [BIGINT]) - [131]
2021-03-10 22:37:37.621 TRACE 20712 --- [    Test worker] o.h.type.descriptor.sql.BasicExtractor   : extracted value ([id1_7_] : [BIGINT]) - [132]
2021-03-10 22:37:37.621 TRACE 20712 --- [    Test worker] o.h.type.descriptor.sql.BasicExtractor   : extracted value ([id1_7_] : [BIGINT]) - [133]
2021-03-10 22:37:37.621 TRACE 20712 --- [    Test worker] o.h.type.descriptor.sql.BasicExtractor   : extracted value ([id1_7_] : [BIGINT]) - [134]
2021-03-10 22:37:37.621 TRACE 20712 --- [    Test worker] o.h.type.descriptor.sql.BasicExtractor   : extracted value ([id1_7_] : [BIGINT]) - [135]
2021-03-10 22:37:37.621 TRACE 20712 --- [    Test worker] o.h.type.descriptor.sql.BasicExtractor   : extracted value ([id1_7_] : [BIGINT]) - [136]
2021-03-10 22:37:37.621 TRACE 20712 --- [    Test worker] o.h.type.descriptor.sql.BasicExtractor   : extracted value ([id1_7_] : [BIGINT]) - [137]
2021-03-10 22:37:37.621 TRACE 20712 --- [    Test worker] o.h.type.descriptor.sql.BasicExtractor   : extracted value ([id1_7_] : [BIGINT]) - [138]
2021-03-10 22:37:37.621 TRACE 20712 --- [    Test worker] o.h.type.descriptor.sql.BasicExtractor   : extracted value ([id1_7_] : [BIGINT]) - [139]
2021-03-10 22:37:37.621 TRACE 20712 --- [    Test worker] o.h.type.descriptor.sql.BasicExtractor   : extracted value ([id1_7_] : [BIGINT]) - [140]
2021-03-10 22:37:37.621 TRACE 20712 --- [    Test worker] o.h.type.descriptor.sql.BasicExtractor   : extracted value ([id1_7_] : [BIGINT]) - [141]
2021-03-10 22:37:37.621 TRACE 20712 --- [    Test worker] o.h.type.descriptor.sql.BasicExtractor   : extracted value ([id1_7_] : [BIGINT]) - [142]
2021-03-10 22:37:37.621 TRACE 20712 --- [    Test worker] o.h.type.descriptor.sql.BasicExtractor   : extracted value ([id1_7_] : [BIGINT]) - [143]
2021-03-10 22:37:37.621 TRACE 20712 --- [    Test worker] o.h.type.descriptor.sql.BasicExtractor   : extracted value ([id1_7_] : [BIGINT]) - [144]
2021-03-10 22:37:37.621 TRACE 20712 --- [    Test worker] o.h.type.descriptor.sql.BasicExtractor   : extracted value ([id1_7_] : [BIGINT]) - [145]
Hibernate: 
    select
        zone0_.id as id1_7_,
        zone0_.city as city2_7_,
        zone0_.local_name_of_city as local_na3_7_,
        zone0_.province as province4_7_ 
    from
        zone zone0_
2021-03-10 22:37:37.621 TRACE 20712 --- [    Test worker] o.h.type.descriptor.sql.BasicExtractor   : extracted value ([id1_7_] : [BIGINT]) - [61]
2021-03-10 22:37:37.621 TRACE 20712 --- [    Test worker] o.h.type.descriptor.sql.BasicExtractor   : extracted value ([id1_7_] : [BIGINT]) - [62]
2021-03-10 22:37:37.621 TRACE 20712 --- [    Test worker] o.h.type.descriptor.sql.BasicExtractor   : extracted value ([id1_7_] : [BIGINT]) - [63]
2021-03-10 22:37:37.621 TRACE 20712 --- [    Test worker] o.h.type.descriptor.sql.BasicExtractor   : extracted value ([id1_7_] : [BIGINT]) - [64]
2021-03-10 22:37:37.621 TRACE 20712 --- [    Test worker] o.h.type.descriptor.sql.BasicExtractor   : extracted value ([id1_7_] : [BIGINT]) - [65]
2021-03-10 22:37:37.621 TRACE 20712 --- [    Test worker] o.h.type.descriptor.sql.BasicExtractor   : extracted value ([id1_7_] : [BIGINT]) - [66]
2021-03-10 22:37:37.621 TRACE 20712 --- [    Test worker] o.h.type.descriptor.sql.BasicExtractor   : extracted value ([id1_7_] : [BIGINT]) - [67]
2021-03-10 22:37:37.621 TRACE 20712 --- [    Test worker] o.h.type.descriptor.sql.BasicExtractor   : extracted value ([id1_7_] : [BIGINT]) - [68]
2021-03-10 22:37:37.621 TRACE 20712 --- [    Test worker] o.h.type.descriptor.sql.BasicExtractor   : extracted value ([id1_7_] : [BIGINT]) - [69]
2021-03-10 22:37:37.621 TRACE 20712 --- [    Test worker] o.h.type.descriptor.sql.BasicExtractor   : extracted value ([id1_7_] : [BIGINT]) - [70]
2021-03-10 22:37:37.621 TRACE 20712 --- [    Test worker] o.h.type.descriptor.sql.BasicExtractor   : extracted value ([id1_7_] : [BIGINT]) - [71]
2021-03-10 22:37:37.621 TRACE 20712 --- [    Test worker] o.h.type.descriptor.sql.BasicExtractor   : extracted value ([id1_7_] : [BIGINT]) - [72]
2021-03-10 22:37:37.621 TRACE 20712 --- [    Test worker] o.h.type.descriptor.sql.BasicExtractor   : extracted value ([id1_7_] : [BIGINT]) - [73]
2021-03-10 22:37:37.621 TRACE 20712 --- [    Test worker] o.h.type.descriptor.sql.BasicExtractor   : extracted value ([id1_7_] : [BIGINT]) - [74]
2021-03-10 22:37:37.621 TRACE 20712 --- [    Test worker] o.h.type.descriptor.sql.BasicExtractor   : extracted value ([id1_7_] : [BIGINT]) - [75]
2021-03-10 22:37:37.621 TRACE 20712 --- [    Test worker] o.h.type.descriptor.sql.BasicExtractor   : extracted value ([id1_7_] : [BIGINT]) - [76]
2021-03-10 22:37:37.621 TRACE 20712 --- [    Test worker] o.h.type.descriptor.sql.BasicExtractor   : extracted value ([id1_7_] : [BIGINT]) - [77]
2021-03-10 22:37:37.621 TRACE 20712 --- [    Test worker] o.h.type.descriptor.sql.BasicExtractor   : extracted value ([id1_7_] : [BIGINT]) - [78]
2021-03-10 22:37:37.621 TRACE 20712 --- [    Test worker] o.h.type.descriptor.sql.BasicExtractor   : extracted value ([id1_7_] : [BIGINT]) - [79]
2021-03-10 22:37:37.621 TRACE 20712 --- [    Test worker] o.h.type.descriptor.sql.BasicExtractor   : extracted value ([id1_7_] : [BIGINT]) - [80]
2021-03-10 22:37:37.621 TRACE 20712 --- [    Test worker] o.h.type.descriptor.sql.BasicExtractor   : extracted value ([id1_7_] : [BIGINT]) - [81]
2021-03-10 22:37:37.621 TRACE 20712 --- [    Test worker] o.h.type.descriptor.sql.BasicExtractor   : extracted value ([id1_7_] : [BIGINT]) - [82]
2021-03-10 22:37:37.621 TRACE 20712 --- [    Test worker] o.h.type.descriptor.sql.BasicExtractor   : extracted value ([id1_7_] : [BIGINT]) - [83]
2021-03-10 22:37:37.621 TRACE 20712 --- [    Test worker] o.h.type.descriptor.sql.BasicExtractor   : extracted value ([id1_7_] : [BIGINT]) - [84]
2021-03-10 22:37:37.621 TRACE 20712 --- [    Test worker] o.h.type.descriptor.sql.BasicExtractor   : extracted value ([id1_7_] : [BIGINT]) - [85]
2021-03-10 22:37:37.621 TRACE 20712 --- [    Test worker] o.h.type.descriptor.sql.BasicExtractor   : extracted value ([id1_7_] : [BIGINT]) - [86]
2021-03-10 22:37:37.621 TRACE 20712 --- [    Test worker] o.h.type.descriptor.sql.BasicExtractor   : extracted value ([id1_7_] : [BIGINT]) - [87]
2021-03-10 22:37:37.621 TRACE 20712 --- [    Test worker] o.h.type.descriptor.sql.BasicExtractor   : extracted value ([id1_7_] : [BIGINT]) - [88]
2021-03-10 22:37:37.621 TRACE 20712 --- [    Test worker] o.h.type.descriptor.sql.BasicExtractor   : extracted value ([id1_7_] : [BIGINT]) - [89]
2021-03-10 22:37:37.621 TRACE 20712 --- [    Test worker] o.h.type.descriptor.sql.BasicExtractor   : extracted value ([id1_7_] : [BIGINT]) - [90]
2021-03-10 22:37:37.621 TRACE 20712 --- [    Test worker] o.h.type.descriptor.sql.BasicExtractor   : extracted value ([id1_7_] : [BIGINT]) - [91]
2021-03-10 22:37:37.621 TRACE 20712 --- [    Test worker] o.h.type.descriptor.sql.BasicExtractor   : extracted value ([id1_7_] : [BIGINT]) - [92]
2021-03-10 22:37:37.621 TRACE 20712 --- [    Test worker] o.h.type.descriptor.sql.BasicExtractor   : extracted value ([id1_7_] : [BIGINT]) - [93]
2021-03-10 22:37:37.621 TRACE 20712 --- [    Test worker] o.h.type.descriptor.sql.BasicExtractor   : extracted value ([id1_7_] : [BIGINT]) - [94]
2021-03-10 22:37:37.621 TRACE 20712 --- [    Test worker] o.h.type.descriptor.sql.BasicExtractor   : extracted value ([id1_7_] : [BIGINT]) - [95]
2021-03-10 22:37:37.621 TRACE 20712 --- [    Test worker] o.h.type.descriptor.sql.BasicExtractor   : extracted value ([id1_7_] : [BIGINT]) - [96]
2021-03-10 22:37:37.621 TRACE 20712 --- [    Test worker] o.h.type.descriptor.sql.BasicExtractor   : extracted value ([id1_7_] : [BIGINT]) - [97]
2021-03-10 22:37:37.621 TRACE 20712 --- [    Test worker] o.h.type.descriptor.sql.BasicExtractor   : extracted value ([id1_7_] : [BIGINT]) - [98]
2021-03-10 22:37:37.621 TRACE 20712 --- [    Test worker] o.h.type.descriptor.sql.BasicExtractor   : extracted value ([id1_7_] : [BIGINT]) - [99]
2021-03-10 22:37:37.621 TRACE 20712 --- [    Test worker] o.h.type.descriptor.sql.BasicExtractor   : extracted value ([id1_7_] : [BIGINT]) - [100]
2021-03-10 22:37:37.621 TRACE 20712 --- [    Test worker] o.h.type.descriptor.sql.BasicExtractor   : extracted value ([id1_7_] : [BIGINT]) - [101]
2021-03-10 22:37:37.621 TRACE 20712 --- [    Test worker] o.h.type.descriptor.sql.BasicExtractor   : extracted value ([id1_7_] : [BIGINT]) - [102]
2021-03-10 22:37:37.621 TRACE 20712 --- [    Test worker] o.h.type.descriptor.sql.BasicExtractor   : extracted value ([id1_7_] : [BIGINT]) - [103]
2021-03-10 22:37:37.621 TRACE 20712 --- [    Test worker] o.h.type.descriptor.sql.BasicExtractor   : extracted value ([id1_7_] : [BIGINT]) - [104]
2021-03-10 22:37:37.621 TRACE 20712 --- [    Test worker] o.h.type.descriptor.sql.BasicExtractor   : extracted value ([id1_7_] : [BIGINT]) - [105]
2021-03-10 22:37:37.621 TRACE 20712 --- [    Test worker] o.h.type.descriptor.sql.BasicExtractor   : extracted value ([id1_7_] : [BIGINT]) - [106]
2021-03-10 22:37:37.621 TRACE 20712 --- [    Test worker] o.h.type.descriptor.sql.BasicExtractor   : extracted value ([id1_7_] : [BIGINT]) - [107]
2021-03-10 22:37:37.621 TRACE 20712 --- [    Test worker] o.h.type.descriptor.sql.BasicExtractor   : extracted value ([id1_7_] : [BIGINT]) - [108]
2021-03-10 22:37:37.621 TRACE 20712 --- [    Test worker] o.h.type.descriptor.sql.BasicExtractor   : extracted value ([id1_7_] : [BIGINT]) - [109]
2021-03-10 22:37:37.621 TRACE 20712 --- [    Test worker] o.h.type.descriptor.sql.BasicExtractor   : extracted value ([id1_7_] : [BIGINT]) - [110]
2021-03-10 22:37:37.621 TRACE 20712 --- [    Test worker] o.h.type.descriptor.sql.BasicExtractor   : extracted value ([id1_7_] : [BIGINT]) - [111]
2021-03-10 22:37:37.621 TRACE 20712 --- [    Test worker] o.h.type.descriptor.sql.BasicExtractor   : extracted value ([id1_7_] : [BIGINT]) - [112]
2021-03-10 22:37:37.621 TRACE 20712 --- [    Test worker] o.h.type.descriptor.sql.BasicExtractor   : extracted value ([id1_7_] : [BIGINT]) - [113]
2021-03-10 22:37:37.621 TRACE 20712 --- [    Test worker] o.h.type.descriptor.sql.BasicExtractor   : extracted value ([id1_7_] : [BIGINT]) - [114]
2021-03-10 22:37:37.621 TRACE 20712 --- [    Test worker] o.h.type.descriptor.sql.BasicExtractor   : extracted value ([id1_7_] : [BIGINT]) - [115]
2021-03-10 22:37:37.621 TRACE 20712 --- [    Test worker] o.h.type.descriptor.sql.BasicExtractor   : extracted value ([id1_7_] : [BIGINT]) - [116]
2021-03-10 22:37:37.621 TRACE 20712 --- [    Test worker] o.h.type.descriptor.sql.BasicExtractor   : extracted value ([id1_7_] : [BIGINT]) - [117]
2021-03-10 22:37:37.621 TRACE 20712 --- [    Test worker] o.h.type.descriptor.sql.BasicExtractor   : extracted value ([id1_7_] : [BIGINT]) - [118]
2021-03-10 22:37:37.621 TRACE 20712 --- [    Test worker] o.h.type.descriptor.sql.BasicExtractor   : extracted value ([id1_7_] : [BIGINT]) - [119]
2021-03-10 22:37:37.621 TRACE 20712 --- [    Test worker] o.h.type.descriptor.sql.BasicExtractor   : extracted value ([id1_7_] : [BIGINT]) - [120]
2021-03-10 22:37:37.621 TRACE 20712 --- [    Test worker] o.h.type.descriptor.sql.BasicExtractor   : extracted value ([id1_7_] : [BIGINT]) - [121]
2021-03-10 22:37:37.621 TRACE 20712 --- [    Test worker] o.h.type.descriptor.sql.BasicExtractor   : extracted value ([id1_7_] : [BIGINT]) - [122]
2021-03-10 22:37:37.621 TRACE 20712 --- [    Test worker] o.h.type.descriptor.sql.BasicExtractor   : extracted value ([id1_7_] : [BIGINT]) - [123]
2021-03-10 22:37:37.621 TRACE 20712 --- [    Test worker] o.h.type.descriptor.sql.BasicExtractor   : extracted value ([id1_7_] : [BIGINT]) - [124]
2021-03-10 22:37:37.621 TRACE 20712 --- [    Test worker] o.h.type.descriptor.sql.BasicExtractor   : extracted value ([id1_7_] : [BIGINT]) - [125]
2021-03-10 22:37:37.621 TRACE 20712 --- [    Test worker] o.h.type.descriptor.sql.BasicExtractor   : extracted value ([id1_7_] : [BIGINT]) - [126]
2021-03-10 22:37:37.621 TRACE 20712 --- [    Test worker] o.h.type.descriptor.sql.BasicExtractor   : extracted value ([id1_7_] : [BIGINT]) - [127]
2021-03-10 22:37:37.621 TRACE 20712 --- [    Test worker] o.h.type.descriptor.sql.BasicExtractor   : extracted value ([id1_7_] : [BIGINT]) - [128]
2021-03-10 22:37:37.621 TRACE 20712 --- [    Test worker] o.h.type.descriptor.sql.BasicExtractor   : extracted value ([id1_7_] : [BIGINT]) - [129]
2021-03-10 22:37:37.621 TRACE 20712 --- [    Test worker] o.h.type.descriptor.sql.BasicExtractor   : extracted value ([id1_7_] : [BIGINT]) - [130]
2021-03-10 22:37:37.621 TRACE 20712 --- [    Test worker] o.h.type.descriptor.sql.BasicExtractor   : extracted value ([id1_7_] : [BIGINT]) - [131]
2021-03-10 22:37:37.621 TRACE 20712 --- [    Test worker] o.h.type.descriptor.sql.BasicExtractor   : extracted value ([id1_7_] : [BIGINT]) - [132]
2021-03-10 22:37:37.621 TRACE 20712 --- [    Test worker] o.h.type.descriptor.sql.BasicExtractor   : extracted value ([id1_7_] : [BIGINT]) - [133]
2021-03-10 22:37:37.621 TRACE 20712 --- [    Test worker] o.h.type.descriptor.sql.BasicExtractor   : extracted value ([id1_7_] : [BIGINT]) - [134]
2021-03-10 22:37:37.621 TRACE 20712 --- [    Test worker] o.h.type.descriptor.sql.BasicExtractor   : extracted value ([id1_7_] : [BIGINT]) - [135]
2021-03-10 22:37:37.621 TRACE 20712 --- [    Test worker] o.h.type.descriptor.sql.BasicExtractor   : extracted value ([id1_7_] : [BIGINT]) - [136]
2021-03-10 22:37:37.621 TRACE 20712 --- [    Test worker] o.h.type.descriptor.sql.BasicExtractor   : extracted value ([id1_7_] : [BIGINT]) - [137]
2021-03-10 22:37:37.621 TRACE 20712 --- [    Test worker] o.h.type.descriptor.sql.BasicExtractor   : extracted value ([id1_7_] : [BIGINT]) - [138]
2021-03-10 22:37:37.621 TRACE 20712 --- [    Test worker] o.h.type.descriptor.sql.BasicExtractor   : extracted value ([id1_7_] : [BIGINT]) - [139]
2021-03-10 22:37:37.621 TRACE 20712 --- [    Test worker] o.h.type.descriptor.sql.BasicExtractor   : extracted value ([id1_7_] : [BIGINT]) - [140]
2021-03-10 22:37:37.621 TRACE 20712 --- [    Test worker] o.h.type.descriptor.sql.BasicExtractor   : extracted value ([id1_7_] : [BIGINT]) - [141]
2021-03-10 22:37:37.621 TRACE 20712 --- [    Test worker] o.h.type.descriptor.sql.BasicExtractor   : extracted value ([id1_7_] : [BIGINT]) - [142]
2021-03-10 22:37:37.621 TRACE 20712 --- [    Test worker] o.h.type.descriptor.sql.BasicExtractor   : extracted value ([id1_7_] : [BIGINT]) - [143]
2021-03-10 22:37:37.621 TRACE 20712 --- [    Test worker] o.h.type.descriptor.sql.BasicExtractor   : extracted value ([id1_7_] : [BIGINT]) - [144]
2021-03-10 22:37:37.621 TRACE 20712 --- [    Test worker] o.h.type.descriptor.sql.BasicExtractor   : extracted value ([id1_7_] : [BIGINT]) - [145]
Hibernate: 
    select
        zone0_.id as id1_7_,
        zone0_.city as city2_7_,
        zone0_.local_name_of_city as local_na3_7_,
        zone0_.province as province4_7_ 
    from
        zone zone0_
2021-03-10 22:37:37.621 TRACE 20712 --- [    Test worker] o.h.type.descriptor.sql.BasicExtractor   : extracted value ([id1_7_] : [BIGINT]) - [61]
2021-03-10 22:37:37.621 TRACE 20712 --- [    Test worker] o.h.type.descriptor.sql.BasicExtractor   : extracted value ([id1_7_] : [BIGINT]) - [62]
2021-03-10 22:37:37.621 TRACE 20712 --- [    Test worker] o.h.type.descriptor.sql.BasicExtractor   : extracted value ([id1_7_] : [BIGINT]) - [63]
2021-03-10 22:37:37.621 TRACE 20712 --- [    Test worker] o.h.type.descriptor.sql.BasicExtractor   : extracted value ([id1_7_] : [BIGINT]) - [64]
2021-03-10 22:37:37.621 TRACE 20712 --- [    Test worker] o.h.type.descriptor.sql.BasicExtractor   : extracted value ([id1_7_] : [BIGINT]) - [65]
2021-03-10 22:37:37.621 TRACE 20712 --- [    Test worker] o.h.type.descriptor.sql.BasicExtractor   : extracted value ([id1_7_] : [BIGINT]) - [66]
2021-03-10 22:37:37.621 TRACE 20712 --- [    Test worker] o.h.type.descriptor.sql.BasicExtractor   : extracted value ([id1_7_] : [BIGINT]) - [67]
2021-03-10 22:37:37.621 TRACE 20712 --- [    Test worker] o.h.type.descriptor.sql.BasicExtractor   : extracted value ([id1_7_] : [BIGINT]) - [68]
2021-03-10 22:37:37.621 TRACE 20712 --- [    Test worker] o.h.type.descriptor.sql.BasicExtractor   : extracted value ([id1_7_] : [BIGINT]) - [69]
2021-03-10 22:37:37.621 TRACE 20712 --- [    Test worker] o.h.type.descriptor.sql.BasicExtractor   : extracted value ([id1_7_] : [BIGINT]) - [70]
2021-03-10 22:37:37.621 TRACE 20712 --- [    Test worker] o.h.type.descriptor.sql.BasicExtractor   : extracted value ([id1_7_] : [BIGINT]) - [71]
2021-03-10 22:37:37.621 TRACE 20712 --- [    Test worker] o.h.type.descriptor.sql.BasicExtractor   : extracted value ([id1_7_] : [BIGINT]) - [72]
2021-03-10 22:37:37.621 TRACE 20712 --- [    Test worker] o.h.type.descriptor.sql.BasicExtractor   : extracted value ([id1_7_] : [BIGINT]) - [73]
2021-03-10 22:37:37.621 TRACE 20712 --- [    Test worker] o.h.type.descriptor.sql.BasicExtractor   : extracted value ([id1_7_] : [BIGINT]) - [74]
2021-03-10 22:37:37.621 TRACE 20712 --- [    Test worker] o.h.type.descriptor.sql.BasicExtractor   : extracted value ([id1_7_] : [BIGINT]) - [75]
2021-03-10 22:37:37.621 TRACE 20712 --- [    Test worker] o.h.type.descriptor.sql.BasicExtractor   : extracted value ([id1_7_] : [BIGINT]) - [76]
2021-03-10 22:37:37.621 TRACE 20712 --- [    Test worker] o.h.type.descriptor.sql.BasicExtractor   : extracted value ([id1_7_] : [BIGINT]) - [77]
2021-03-10 22:37:37.621 TRACE 20712 --- [    Test worker] o.h.type.descriptor.sql.BasicExtractor   : extracted value ([id1_7_] : [BIGINT]) - [78]
2021-03-10 22:37:37.621 TRACE 20712 --- [    Test worker] o.h.type.descriptor.sql.BasicExtractor   : extracted value ([id1_7_] : [BIGINT]) - [79]
2021-03-10 22:37:37.621 TRACE 20712 --- [    Test worker] o.h.type.descriptor.sql.BasicExtractor   : extracted value ([id1_7_] : [BIGINT]) - [80]
2021-03-10 22:37:37.621 TRACE 20712 --- [    Test worker] o.h.type.descriptor.sql.BasicExtractor   : extracted value ([id1_7_] : [BIGINT]) - [81]
2021-03-10 22:37:37.621 TRACE 20712 --- [    Test worker] o.h.type.descriptor.sql.BasicExtractor   : extracted value ([id1_7_] : [BIGINT]) - [82]
2021-03-10 22:37:37.621 TRACE 20712 --- [    Test worker] o.h.type.descriptor.sql.BasicExtractor   : extracted value ([id1_7_] : [BIGINT]) - [83]
2021-03-10 22:37:37.621 TRACE 20712 --- [    Test worker] o.h.type.descriptor.sql.BasicExtractor   : extracted value ([id1_7_] : [BIGINT]) - [84]
2021-03-10 22:37:37.621 TRACE 20712 --- [    Test worker] o.h.type.descriptor.sql.BasicExtractor   : extracted value ([id1_7_] : [BIGINT]) - [85]
2021-03-10 22:37:37.621 TRACE 20712 --- [    Test worker] o.h.type.descriptor.sql.BasicExtractor   : extracted value ([id1_7_] : [BIGINT]) - [86]
2021-03-10 22:37:37.621 TRACE 20712 --- [    Test worker] o.h.type.descriptor.sql.BasicExtractor   : extracted value ([id1_7_] : [BIGINT]) - [87]
2021-03-10 22:37:37.621 TRACE 20712 --- [    Test worker] o.h.type.descriptor.sql.BasicExtractor   : extracted value ([id1_7_] : [BIGINT]) - [88]
2021-03-10 22:37:37.621 TRACE 20712 --- [    Test worker] o.h.type.descriptor.sql.BasicExtractor   : extracted value ([id1_7_] : [BIGINT]) - [89]
2021-03-10 22:37:37.621 TRACE 20712 --- [    Test worker] o.h.type.descriptor.sql.BasicExtractor   : extracted value ([id1_7_] : [BIGINT]) - [90]
2021-03-10 22:37:37.621 TRACE 20712 --- [    Test worker] o.h.type.descriptor.sql.BasicExtractor   : extracted value ([id1_7_] : [BIGINT]) - [91]
2021-03-10 22:37:37.621 TRACE 20712 --- [    Test worker] o.h.type.descriptor.sql.BasicExtractor   : extracted value ([id1_7_] : [BIGINT]) - [92]
2021-03-10 22:37:37.621 TRACE 20712 --- [    Test worker] o.h.type.descriptor.sql.BasicExtractor   : extracted value ([id1_7_] : [BIGINT]) - [93]
2021-03-10 22:37:37.621 TRACE 20712 --- [    Test worker] o.h.type.descriptor.sql.BasicExtractor   : extracted value ([id1_7_] : [BIGINT]) - [94]
2021-03-10 22:37:37.621 TRACE 20712 --- [    Test worker] o.h.type.descriptor.sql.BasicExtractor   : extracted value ([id1_7_] : [BIGINT]) - [95]
2021-03-10 22:37:37.621 TRACE 20712 --- [    Test worker] o.h.type.descriptor.sql.BasicExtractor   : extracted value ([id1_7_] : [BIGINT]) - [96]
2021-03-10 22:37:37.621 TRACE 20712 --- [    Test worker] o.h.type.descriptor.sql.BasicExtractor   : extracted value ([id1_7_] : [BIGINT]) - [97]
2021-03-10 22:37:37.621 TRACE 20712 --- [    Test worker] o.h.type.descriptor.sql.BasicExtractor   : extracted value ([id1_7_] : [BIGINT]) - [98]
2021-03-10 22:37:37.621 TRACE 20712 --- [    Test worker] o.h.type.descriptor.sql.BasicExtractor   : extracted value ([id1_7_] : [BIGINT]) - [99]
2021-03-10 22:37:37.621 TRACE 20712 --- [    Test worker] o.h.type.descriptor.sql.BasicExtractor   : extracted value ([id1_7_] : [BIGINT]) - [100]
2021-03-10 22:37:37.621 TRACE 20712 --- [    Test worker] o.h.type.descriptor.sql.BasicExtractor   : extracted value ([id1_7_] : [BIGINT]) - [101]
2021-03-10 22:37:37.621 TRACE 20712 --- [    Test worker] o.h.type.descriptor.sql.BasicExtractor   : extracted value ([id1_7_] : [BIGINT]) - [102]
2021-03-10 22:37:37.621 TRACE 20712 --- [    Test worker] o.h.type.descriptor.sql.BasicExtractor   : extracted value ([id1_7_] : [BIGINT]) - [103]
2021-03-10 22:37:37.621 TRACE 20712 --- [    Test worker] o.h.type.descriptor.sql.BasicExtractor   : extracted value ([id1_7_] : [BIGINT]) - [104]
2021-03-10 22:37:37.621 TRACE 20712 --- [    Test worker] o.h.type.descriptor.sql.BasicExtractor   : extracted value ([id1_7_] : [BIGINT]) - [105]
2021-03-10 22:37:37.621 TRACE 20712 --- [    Test worker] o.h.type.descriptor.sql.BasicExtractor   : extracted value ([id1_7_] : [BIGINT]) - [106]
2021-03-10 22:37:37.621 TRACE 20712 --- [    Test worker] o.h.type.descriptor.sql.BasicExtractor   : extracted value ([id1_7_] : [BIGINT]) - [107]
2021-03-10 22:37:37.621 TRACE 20712 --- [    Test worker] o.h.type.descriptor.sql.BasicExtractor   : extracted value ([id1_7_] : [BIGINT]) - [108]
2021-03-10 22:37:37.621 TRACE 20712 --- [    Test worker] o.h.type.descriptor.sql.BasicExtractor   : extracted value ([id1_7_] : [BIGINT]) - [109]
2021-03-10 22:37:37.621 TRACE 20712 --- [    Test worker] o.h.type.descriptor.sql.BasicExtractor   : extracted value ([id1_7_] : [BIGINT]) - [110]
2021-03-10 22:37:37.621 TRACE 20712 --- [    Test worker] o.h.type.descriptor.sql.BasicExtractor   : extracted value ([id1_7_] : [BIGINT]) - [111]
2021-03-10 22:37:37.621 TRACE 20712 --- [    Test worker] o.h.type.descriptor.sql.BasicExtractor   : extracted value ([id1_7_] : [BIGINT]) - [112]
2021-03-10 22:37:37.621 TRACE 20712 --- [    Test worker] o.h.type.descriptor.sql.BasicExtractor   : extracted value ([id1_7_] : [BIGINT]) - [113]
2021-03-10 22:37:37.621 TRACE 20712 --- [    Test worker] o.h.type.descriptor.sql.BasicExtractor   : extracted value ([id1_7_] : [BIGINT]) - [114]
2021-03-10 22:37:37.621 TRACE 20712 --- [    Test worker] o.h.type.descriptor.sql.BasicExtractor   : extracted value ([id1_7_] : [BIGINT]) - [115]
2021-03-10 22:37:37.621 TRACE 20712 --- [    Test worker] o.h.type.descriptor.sql.BasicExtractor   : extracted value ([id1_7_] : [BIGINT]) - [116]
2021-03-10 22:37:37.621 TRACE 20712 --- [    Test worker] o.h.type.descriptor.sql.BasicExtractor   : extracted value ([id1_7_] : [BIGINT]) - [117]
2021-03-10 22:37:37.621 TRACE 20712 --- [    Test worker] o.h.type.descriptor.sql.BasicExtractor   : extracted value ([id1_7_] : [BIGINT]) - [118]
2021-03-10 22:37:37.621 TRACE 20712 --- [    Test worker] o.h.type.descriptor.sql.BasicExtractor   : extracted value ([id1_7_] : [BIGINT]) - [119]
2021-03-10 22:37:37.621 TRACE 20712 --- [    Test worker] o.h.type.descriptor.sql.BasicExtractor   : extracted value ([id1_7_] : [BIGINT]) - [120]
2021-03-10 22:37:37.621 TRACE 20712 --- [    Test worker] o.h.type.descriptor.sql.BasicExtractor   : extracted value ([id1_7_] : [BIGINT]) - [121]
2021-03-10 22:37:37.621 TRACE 20712 --- [    Test worker] o.h.type.descriptor.sql.BasicExtractor   : extracted value ([id1_7_] : [BIGINT]) - [122]
2021-03-10 22:37:37.621 TRACE 20712 --- [    Test worker] o.h.type.descriptor.sql.BasicExtractor   : extracted value ([id1_7_] : [BIGINT]) - [123]
2021-03-10 22:37:37.621 TRACE 20712 --- [    Test worker] o.h.type.descriptor.sql.BasicExtractor   : extracted value ([id1_7_] : [BIGINT]) - [124]
2021-03-10 22:37:37.621 TRACE 20712 --- [    Test worker] o.h.type.descriptor.sql.BasicExtractor   : extracted value ([id1_7_] : [BIGINT]) - [125]
2021-03-10 22:37:37.621 TRACE 20712 --- [    Test worker] o.h.type.descriptor.sql.BasicExtractor   : extracted value ([id1_7_] : [BIGINT]) - [126]
2021-03-10 22:37:37.621 TRACE 20712 --- [    Test worker] o.h.type.descriptor.sql.BasicExtractor   : extracted value ([id1_7_] : [BIGINT]) - [127]
2021-03-10 22:37:37.621 TRACE 20712 --- [    Test worker] o.h.type.descriptor.sql.BasicExtractor   : extracted value ([id1_7_] : [BIGINT]) - [128]
2021-03-10 22:37:37.621 TRACE 20712 --- [    Test worker] o.h.type.descriptor.sql.BasicExtractor   : extracted value ([id1_7_] : [BIGINT]) - [129]
2021-03-10 22:37:37.621 TRACE 20712 --- [    Test worker] o.h.type.descriptor.sql.BasicExtractor   : extracted value ([id1_7_] : [BIGINT]) - [130]
2021-03-10 22:37:37.621 TRACE 20712 --- [    Test worker] o.h.type.descriptor.sql.BasicExtractor   : extracted value ([id1_7_] : [BIGINT]) - [131]
2021-03-10 22:37:37.621 TRACE 20712 --- [    Test worker] o.h.type.descriptor.sql.BasicExtractor   : extracted value ([id1_7_] : [BIGINT]) - [132]
2021-03-10 22:37:37.621 TRACE 20712 --- [    Test worker] o.h.type.descriptor.sql.BasicExtractor   : extracted value ([id1_7_] : [BIGINT]) - [133]
2021-03-10 22:37:37.621 TRACE 20712 --- [    Test worker] o.h.type.descriptor.sql.BasicExtractor   : extracted value ([id1_7_] : [BIGINT]) - [134]
2021-03-10 22:37:37.621 TRACE 20712 --- [    Test worker] o.h.type.descriptor.sql.BasicExtractor   : extracted value ([id1_7_] : [BIGINT]) - [135]
2021-03-10 22:37:37.621 TRACE 20712 --- [    Test worker] o.h.type.descriptor.sql.BasicExtractor   : extracted value ([id1_7_] : [BIGINT]) - [136]
2021-03-10 22:37:37.621 TRACE 20712 --- [    Test worker] o.h.type.descriptor.sql.BasicExtractor   : extracted value ([id1_7_] : [BIGINT]) - [137]
2021-03-10 22:37:37.621 TRACE 20712 --- [    Test worker] o.h.type.descriptor.sql.BasicExtractor   : extracted value ([id1_7_] : [BIGINT]) - [138]
2021-03-10 22:37:37.621 TRACE 20712 --- [    Test worker] o.h.type.descriptor.sql.BasicExtractor   : extracted value ([id1_7_] : [BIGINT]) - [139]
2021-03-10 22:37:37.621 TRACE 20712 --- [    Test worker] o.h.type.descriptor.sql.BasicExtractor   : extracted value ([id1_7_] : [BIGINT]) - [140]
2021-03-10 22:37:37.621 TRACE 20712 --- [    Test worker] o.h.type.descriptor.sql.BasicExtractor   : extracted value ([id1_7_] : [BIGINT]) - [141]
2021-03-10 22:37:37.621 TRACE 20712 --- [    Test worker] o.h.type.descriptor.sql.BasicExtractor   : extracted value ([id1_7_] : [BIGINT]) - [142]
2021-03-10 22:37:37.621 TRACE 20712 --- [    Test worker] o.h.type.descriptor.sql.BasicExtractor   : extracted value ([id1_7_] : [BIGINT]) - [143]
2021-03-10 22:37:37.621 TRACE 20712 --- [    Test worker] o.h.type.descriptor.sql.BasicExtractor   : extracted value ([id1_7_] : [BIGINT]) - [144]
2021-03-10 22:37:37.621 TRACE 20712 --- [    Test worker] o.h.type.descriptor.sql.BasicExtractor   : extracted value ([id1_7_] : [BIGINT]) - [145]
Hibernate: 
    select
        zone0_.id as id1_7_,
        zone0_.city as city2_7_,
        zone0_.local_name_of_city as local_na3_7_,
        zone0_.province as province4_7_ 
    from
        zone zone0_
2021-03-10 22:37:37.637 TRACE 20712 --- [    Test worker] o.h.type.descriptor.sql.BasicExtractor   : extracted value ([id1_7_] : [BIGINT]) - [61]
2021-03-10 22:37:37.637 TRACE 20712 --- [    Test worker] o.h.type.descriptor.sql.BasicExtractor   : extracted value ([id1_7_] : [BIGINT]) - [62]
2021-03-10 22:37:37.637 TRACE 20712 --- [    Test worker] o.h.type.descriptor.sql.BasicExtractor   : extracted value ([id1_7_] : [BIGINT]) - [63]
2021-03-10 22:37:37.637 TRACE 20712 --- [    Test worker] o.h.type.descriptor.sql.BasicExtractor   : extracted value ([id1_7_] : [BIGINT]) - [64]
2021-03-10 22:37:37.637 TRACE 20712 --- [    Test worker] o.h.type.descriptor.sql.BasicExtractor   : extracted value ([id1_7_] : [BIGINT]) - [65]
2021-03-10 22:37:37.637 TRACE 20712 --- [    Test worker] o.h.type.descriptor.sql.BasicExtractor   : extracted value ([id1_7_] : [BIGINT]) - [66]
2021-03-10 22:37:37.637 TRACE 20712 --- [    Test worker] o.h.type.descriptor.sql.BasicExtractor   : extracted value ([id1_7_] : [BIGINT]) - [67]
2021-03-10 22:37:37.637 TRACE 20712 --- [    Test worker] o.h.type.descriptor.sql.BasicExtractor   : extracted value ([id1_7_] : [BIGINT]) - [68]
2021-03-10 22:37:37.637 TRACE 20712 --- [    Test worker] o.h.type.descriptor.sql.BasicExtractor   : extracted value ([id1_7_] : [BIGINT]) - [69]
2021-03-10 22:37:37.637 TRACE 20712 --- [    Test worker] o.h.type.descriptor.sql.BasicExtractor   : extracted value ([id1_7_] : [BIGINT]) - [70]
2021-03-10 22:37:37.637 TRACE 20712 --- [    Test worker] o.h.type.descriptor.sql.BasicExtractor   : extracted value ([id1_7_] : [BIGINT]) - [71]
2021-03-10 22:37:37.637 TRACE 20712 --- [    Test worker] o.h.type.descriptor.sql.BasicExtractor   : extracted value ([id1_7_] : [BIGINT]) - [72]
2021-03-10 22:37:37.637 TRACE 20712 --- [    Test worker] o.h.type.descriptor.sql.BasicExtractor   : extracted value ([id1_7_] : [BIGINT]) - [73]
2021-03-10 22:37:37.637 TRACE 20712 --- [    Test worker] o.h.type.descriptor.sql.BasicExtractor   : extracted value ([id1_7_] : [BIGINT]) - [74]
2021-03-10 22:37:37.637 TRACE 20712 --- [    Test worker] o.h.type.descriptor.sql.BasicExtractor   : extracted value ([id1_7_] : [BIGINT]) - [75]
2021-03-10 22:37:37.637 TRACE 20712 --- [    Test worker] o.h.type.descriptor.sql.BasicExtractor   : extracted value ([id1_7_] : [BIGINT]) - [76]
2021-03-10 22:37:37.637 TRACE 20712 --- [    Test worker] o.h.type.descriptor.sql.BasicExtractor   : extracted value ([id1_7_] : [BIGINT]) - [77]
2021-03-10 22:37:37.637 TRACE 20712 --- [    Test worker] o.h.type.descriptor.sql.BasicExtractor   : extracted value ([id1_7_] : [BIGINT]) - [78]
2021-03-10 22:37:37.637 TRACE 20712 --- [    Test worker] o.h.type.descriptor.sql.BasicExtractor   : extracted value ([id1_7_] : [BIGINT]) - [79]
2021-03-10 22:37:37.637 TRACE 20712 --- [    Test worker] o.h.type.descriptor.sql.BasicExtractor   : extracted value ([id1_7_] : [BIGINT]) - [80]
2021-03-10 22:37:37.637 TRACE 20712 --- [    Test worker] o.h.type.descriptor.sql.BasicExtractor   : extracted value ([id1_7_] : [BIGINT]) - [81]
2021-03-10 22:37:37.637 TRACE 20712 --- [    Test worker] o.h.type.descriptor.sql.BasicExtractor   : extracted value ([id1_7_] : [BIGINT]) - [82]
2021-03-10 22:37:37.637 TRACE 20712 --- [    Test worker] o.h.type.descriptor.sql.BasicExtractor   : extracted value ([id1_7_] : [BIGINT]) - [83]
2021-03-10 22:37:37.637 TRACE 20712 --- [    Test worker] o.h.type.descriptor.sql.BasicExtractor   : extracted value ([id1_7_] : [BIGINT]) - [84]
2021-03-10 22:37:37.637 TRACE 20712 --- [    Test worker] o.h.type.descriptor.sql.BasicExtractor   : extracted value ([id1_7_] : [BIGINT]) - [85]
2021-03-10 22:37:37.637 TRACE 20712 --- [    Test worker] o.h.type.descriptor.sql.BasicExtractor   : extracted value ([id1_7_] : [BIGINT]) - [86]
2021-03-10 22:37:37.637 TRACE 20712 --- [    Test worker] o.h.type.descriptor.sql.BasicExtractor   : extracted value ([id1_7_] : [BIGINT]) - [87]
2021-03-10 22:37:37.637 TRACE 20712 --- [    Test worker] o.h.type.descriptor.sql.BasicExtractor   : extracted value ([id1_7_] : [BIGINT]) - [88]
2021-03-10 22:37:37.637 TRACE 20712 --- [    Test worker] o.h.type.descriptor.sql.BasicExtractor   : extracted value ([id1_7_] : [BIGINT]) - [89]
2021-03-10 22:37:37.637 TRACE 20712 --- [    Test worker] o.h.type.descriptor.sql.BasicExtractor   : extracted value ([id1_7_] : [BIGINT]) - [90]
2021-03-10 22:37:37.637 TRACE 20712 --- [    Test worker] o.h.type.descriptor.sql.BasicExtractor   : extracted value ([id1_7_] : [BIGINT]) - [91]
2021-03-10 22:37:37.637 TRACE 20712 --- [    Test worker] o.h.type.descriptor.sql.BasicExtractor   : extracted value ([id1_7_] : [BIGINT]) - [92]
2021-03-10 22:37:37.637 TRACE 20712 --- [    Test worker] o.h.type.descriptor.sql.BasicExtractor   : extracted value ([id1_7_] : [BIGINT]) - [93]
2021-03-10 22:37:37.637 TRACE 20712 --- [    Test worker] o.h.type.descriptor.sql.BasicExtractor   : extracted value ([id1_7_] : [BIGINT]) - [94]
2021-03-10 22:37:37.637 TRACE 20712 --- [    Test worker] o.h.type.descriptor.sql.BasicExtractor   : extracted value ([id1_7_] : [BIGINT]) - [95]
2021-03-10 22:37:37.637 TRACE 20712 --- [    Test worker] o.h.type.descriptor.sql.BasicExtractor   : extracted value ([id1_7_] : [BIGINT]) - [96]
2021-03-10 22:37:37.637 TRACE 20712 --- [    Test worker] o.h.type.descriptor.sql.BasicExtractor   : extracted value ([id1_7_] : [BIGINT]) - [97]
2021-03-10 22:37:37.637 TRACE 20712 --- [    Test worker] o.h.type.descriptor.sql.BasicExtractor   : extracted value ([id1_7_] : [BIGINT]) - [98]
2021-03-10 22:37:37.637 TRACE 20712 --- [    Test worker] o.h.type.descriptor.sql.BasicExtractor   : extracted value ([id1_7_] : [BIGINT]) - [99]
2021-03-10 22:37:37.637 TRACE 20712 --- [    Test worker] o.h.type.descriptor.sql.BasicExtractor   : extracted value ([id1_7_] : [BIGINT]) - [100]
2021-03-10 22:37:37.637 TRACE 20712 --- [    Test worker] o.h.type.descriptor.sql.BasicExtractor   : extracted value ([id1_7_] : [BIGINT]) - [101]
2021-03-10 22:37:37.637 TRACE 20712 --- [    Test worker] o.h.type.descriptor.sql.BasicExtractor   : extracted value ([id1_7_] : [BIGINT]) - [102]
2021-03-10 22:37:37.637 TRACE 20712 --- [    Test worker] o.h.type.descriptor.sql.BasicExtractor   : extracted value ([id1_7_] : [BIGINT]) - [103]
2021-03-10 22:37:37.637 TRACE 20712 --- [    Test worker] o.h.type.descriptor.sql.BasicExtractor   : extracted value ([id1_7_] : [BIGINT]) - [104]
2021-03-10 22:37:37.637 TRACE 20712 --- [    Test worker] o.h.type.descriptor.sql.BasicExtractor   : extracted value ([id1_7_] : [BIGINT]) - [105]
2021-03-10 22:37:37.637 TRACE 20712 --- [    Test worker] o.h.type.descriptor.sql.BasicExtractor   : extracted value ([id1_7_] : [BIGINT]) - [106]
2021-03-10 22:37:37.637 TRACE 20712 --- [    Test worker] o.h.type.descriptor.sql.BasicExtractor   : extracted value ([id1_7_] : [BIGINT]) - [107]
2021-03-10 22:37:37.637 TRACE 20712 --- [    Test worker] o.h.type.descriptor.sql.BasicExtractor   : extracted value ([id1_7_] : [BIGINT]) - [108]
2021-03-10 22:37:37.637 TRACE 20712 --- [    Test worker] o.h.type.descriptor.sql.BasicExtractor   : extracted value ([id1_7_] : [BIGINT]) - [109]
2021-03-10 22:37:37.637 TRACE 20712 --- [    Test worker] o.h.type.descriptor.sql.BasicExtractor   : extracted value ([id1_7_] : [BIGINT]) - [110]
2021-03-10 22:37:37.637 TRACE 20712 --- [    Test worker] o.h.type.descriptor.sql.BasicExtractor   : extracted value ([id1_7_] : [BIGINT]) - [111]
2021-03-10 22:37:37.637 TRACE 20712 --- [    Test worker] o.h.type.descriptor.sql.BasicExtractor   : extracted value ([id1_7_] : [BIGINT]) - [112]
2021-03-10 22:37:37.637 TRACE 20712 --- [    Test worker] o.h.type.descriptor.sql.BasicExtractor   : extracted value ([id1_7_] : [BIGINT]) - [113]
2021-03-10 22:37:37.637 TRACE 20712 --- [    Test worker] o.h.type.descriptor.sql.BasicExtractor   : extracted value ([id1_7_] : [BIGINT]) - [114]
2021-03-10 22:37:37.637 TRACE 20712 --- [    Test worker] o.h.type.descriptor.sql.BasicExtractor   : extracted value ([id1_7_] : [BIGINT]) - [115]
2021-03-10 22:37:37.637 TRACE 20712 --- [    Test worker] o.h.type.descriptor.sql.BasicExtractor   : extracted value ([id1_7_] : [BIGINT]) - [116]
2021-03-10 22:37:37.637 TRACE 20712 --- [    Test worker] o.h.type.descriptor.sql.BasicExtractor   : extracted value ([id1_7_] : [BIGINT]) - [117]
2021-03-10 22:37:37.637 TRACE 20712 --- [    Test worker] o.h.type.descriptor.sql.BasicExtractor   : extracted value ([id1_7_] : [BIGINT]) - [118]
2021-03-10 22:37:37.637 TRACE 20712 --- [    Test worker] o.h.type.descriptor.sql.BasicExtractor   : extracted value ([id1_7_] : [BIGINT]) - [119]
2021-03-10 22:37:37.637 TRACE 20712 --- [    Test worker] o.h.type.descriptor.sql.BasicExtractor   : extracted value ([id1_7_] : [BIGINT]) - [120]
2021-03-10 22:37:37.637 TRACE 20712 --- [    Test worker] o.h.type.descriptor.sql.BasicExtractor   : extracted value ([id1_7_] : [BIGINT]) - [121]
2021-03-10 22:37:37.637 TRACE 20712 --- [    Test worker] o.h.type.descriptor.sql.BasicExtractor   : extracted value ([id1_7_] : [BIGINT]) - [122]
2021-03-10 22:37:37.637 TRACE 20712 --- [    Test worker] o.h.type.descriptor.sql.BasicExtractor   : extracted value ([id1_7_] : [BIGINT]) - [123]
2021-03-10 22:37:37.637 TRACE 20712 --- [    Test worker] o.h.type.descriptor.sql.BasicExtractor   : extracted value ([id1_7_] : [BIGINT]) - [124]
2021-03-10 22:37:37.637 TRACE 20712 --- [    Test worker] o.h.type.descriptor.sql.BasicExtractor   : extracted value ([id1_7_] : [BIGINT]) - [125]
2021-03-10 22:37:37.637 TRACE 20712 --- [    Test worker] o.h.type.descriptor.sql.BasicExtractor   : extracted value ([id1_7_] : [BIGINT]) - [126]
2021-03-10 22:37:37.637 TRACE 20712 --- [    Test worker] o.h.type.descriptor.sql.BasicExtractor   : extracted value ([id1_7_] : [BIGINT]) - [127]
2021-03-10 22:37:37.637 TRACE 20712 --- [    Test worker] o.h.type.descriptor.sql.BasicExtractor   : extracted value ([id1_7_] : [BIGINT]) - [128]
2021-03-10 22:37:37.637 TRACE 20712 --- [    Test worker] o.h.type.descriptor.sql.BasicExtractor   : extracted value ([id1_7_] : [BIGINT]) - [129]
2021-03-10 22:37:37.637 TRACE 20712 --- [    Test worker] o.h.type.descriptor.sql.BasicExtractor   : extracted value ([id1_7_] : [BIGINT]) - [130]
2021-03-10 22:37:37.637 TRACE 20712 --- [    Test worker] o.h.type.descriptor.sql.BasicExtractor   : extracted value ([id1_7_] : [BIGINT]) - [131]
2021-03-10 22:37:37.637 TRACE 20712 --- [    Test worker] o.h.type.descriptor.sql.BasicExtractor   : extracted value ([id1_7_] : [BIGINT]) - [132]
2021-03-10 22:37:37.637 TRACE 20712 --- [    Test worker] o.h.type.descriptor.sql.BasicExtractor   : extracted value ([id1_7_] : [BIGINT]) - [133]
2021-03-10 22:37:37.637 TRACE 20712 --- [    Test worker] o.h.type.descriptor.sql.BasicExtractor   : extracted value ([id1_7_] : [BIGINT]) - [134]
2021-03-10 22:37:37.637 TRACE 20712 --- [    Test worker] o.h.type.descriptor.sql.BasicExtractor   : extracted value ([id1_7_] : [BIGINT]) - [135]
2021-03-10 22:37:37.637 TRACE 20712 --- [    Test worker] o.h.type.descriptor.sql.BasicExtractor   : extracted value ([id1_7_] : [BIGINT]) - [136]
2021-03-10 22:37:37.637 TRACE 20712 --- [    Test worker] o.h.type.descriptor.sql.BasicExtractor   : extracted value ([id1_7_] : [BIGINT]) - [137]
2021-03-10 22:37:37.637 TRACE 20712 --- [    Test worker] o.h.type.descriptor.sql.BasicExtractor   : extracted value ([id1_7_] : [BIGINT]) - [138]
2021-03-10 22:37:37.637 TRACE 20712 --- [    Test worker] o.h.type.descriptor.sql.BasicExtractor   : extracted value ([id1_7_] : [BIGINT]) - [139]
2021-03-10 22:37:37.637 TRACE 20712 --- [    Test worker] o.h.type.descriptor.sql.BasicExtractor   : extracted value ([id1_7_] : [BIGINT]) - [140]
2021-03-10 22:37:37.637 TRACE 20712 --- [    Test worker] o.h.type.descriptor.sql.BasicExtractor   : extracted value ([id1_7_] : [BIGINT]) - [141]
2021-03-10 22:37:37.637 TRACE 20712 --- [    Test worker] o.h.type.descriptor.sql.BasicExtractor   : extracted value ([id1_7_] : [BIGINT]) - [142]
2021-03-10 22:37:37.637 TRACE 20712 --- [    Test worker] o.h.type.descriptor.sql.BasicExtractor   : extracted value ([id1_7_] : [BIGINT]) - [143]
2021-03-10 22:37:37.637 TRACE 20712 --- [    Test worker] o.h.type.descriptor.sql.BasicExtractor   : extracted value ([id1_7_] : [BIGINT]) - [144]
2021-03-10 22:37:37.637 TRACE 20712 --- [    Test worker] o.h.type.descriptor.sql.BasicExtractor   : extracted value ([id1_7_] : [BIGINT]) - [145]
Hibernate: 
    select
        zone0_.id as id1_7_,
        zone0_.city as city2_7_,
        zone0_.local_name_of_city as local_na3_7_,
        zone0_.province as province4_7_ 
    from
        zone zone0_
2021-03-10 22:37:37.637 TRACE 20712 --- [    Test worker] o.h.type.descriptor.sql.BasicExtractor   : extracted value ([id1_7_] : [BIGINT]) - [61]
2021-03-10 22:37:37.637 TRACE 20712 --- [    Test worker] o.h.type.descriptor.sql.BasicExtractor   : extracted value ([id1_7_] : [BIGINT]) - [62]
2021-03-10 22:37:37.637 TRACE 20712 --- [    Test worker] o.h.type.descriptor.sql.BasicExtractor   : extracted value ([id1_7_] : [BIGINT]) - [63]
2021-03-10 22:37:37.637 TRACE 20712 --- [    Test worker] o.h.type.descriptor.sql.BasicExtractor   : extracted value ([id1_7_] : [BIGINT]) - [64]
2021-03-10 22:37:37.637 TRACE 20712 --- [    Test worker] o.h.type.descriptor.sql.BasicExtractor   : extracted value ([id1_7_] : [BIGINT]) - [65]
2021-03-10 22:37:37.637 TRACE 20712 --- [    Test worker] o.h.type.descriptor.sql.BasicExtractor   : extracted value ([id1_7_] : [BIGINT]) - [66]
2021-03-10 22:37:37.637 TRACE 20712 --- [    Test worker] o.h.type.descriptor.sql.BasicExtractor   : extracted value ([id1_7_] : [BIGINT]) - [67]
2021-03-10 22:37:37.637 TRACE 20712 --- [    Test worker] o.h.type.descriptor.sql.BasicExtractor   : extracted value ([id1_7_] : [BIGINT]) - [68]
2021-03-10 22:37:37.637 TRACE 20712 --- [    Test worker] o.h.type.descriptor.sql.BasicExtractor   : extracted value ([id1_7_] : [BIGINT]) - [69]
2021-03-10 22:37:37.637 TRACE 20712 --- [    Test worker] o.h.type.descriptor.sql.BasicExtractor   : extracted value ([id1_7_] : [BIGINT]) - [70]
2021-03-10 22:37:37.637 TRACE 20712 --- [    Test worker] o.h.type.descriptor.sql.BasicExtractor   : extracted value ([id1_7_] : [BIGINT]) - [71]
2021-03-10 22:37:37.637 TRACE 20712 --- [    Test worker] o.h.type.descriptor.sql.BasicExtractor   : extracted value ([id1_7_] : [BIGINT]) - [72]
2021-03-10 22:37:37.637 TRACE 20712 --- [    Test worker] o.h.type.descriptor.sql.BasicExtractor   : extracted value ([id1_7_] : [BIGINT]) - [73]
2021-03-10 22:37:37.637 TRACE 20712 --- [    Test worker] o.h.type.descriptor.sql.BasicExtractor   : extracted value ([id1_7_] : [BIGINT]) - [74]
2021-03-10 22:37:37.637 TRACE 20712 --- [    Test worker] o.h.type.descriptor.sql.BasicExtractor   : extracted value ([id1_7_] : [BIGINT]) - [75]
2021-03-10 22:37:37.637 TRACE 20712 --- [    Test worker] o.h.type.descriptor.sql.BasicExtractor   : extracted value ([id1_7_] : [BIGINT]) - [76]
2021-03-10 22:37:37.637 TRACE 20712 --- [    Test worker] o.h.type.descriptor.sql.BasicExtractor   : extracted value ([id1_7_] : [BIGINT]) - [77]
2021-03-10 22:37:37.637 TRACE 20712 --- [    Test worker] o.h.type.descriptor.sql.BasicExtractor   : extracted value ([id1_7_] : [BIGINT]) - [78]
2021-03-10 22:37:37.637 TRACE 20712 --- [    Test worker] o.h.type.descriptor.sql.BasicExtractor   : extracted value ([id1_7_] : [BIGINT]) - [79]
2021-03-10 22:37:37.637 TRACE 20712 --- [    Test worker] o.h.type.descriptor.sql.BasicExtractor   : extracted value ([id1_7_] : [BIGINT]) - [80]
2021-03-10 22:37:37.637 TRACE 20712 --- [    Test worker] o.h.type.descriptor.sql.BasicExtractor   : extracted value ([id1_7_] : [BIGINT]) - [81]
2021-03-10 22:37:37.637 TRACE 20712 --- [    Test worker] o.h.type.descriptor.sql.BasicExtractor   : extracted value ([id1_7_] : [BIGINT]) - [82]
2021-03-10 22:37:37.637 TRACE 20712 --- [    Test worker] o.h.type.descriptor.sql.BasicExtractor   : extracted value ([id1_7_] : [BIGINT]) - [83]
2021-03-10 22:37:37.637 TRACE 20712 --- [    Test worker] o.h.type.descriptor.sql.BasicExtractor   : extracted value ([id1_7_] : [BIGINT]) - [84]
2021-03-10 22:37:37.637 TRACE 20712 --- [    Test worker] o.h.type.descriptor.sql.BasicExtractor   : extracted value ([id1_7_] : [BIGINT]) - [85]
2021-03-10 22:37:37.637 TRACE 20712 --- [    Test worker] o.h.type.descriptor.sql.BasicExtractor   : extracted value ([id1_7_] : [BIGINT]) - [86]
2021-03-10 22:37:37.637 TRACE 20712 --- [    Test worker] o.h.type.descriptor.sql.BasicExtractor   : extracted value ([id1_7_] : [BIGINT]) - [87]
2021-03-10 22:37:37.637 TRACE 20712 --- [    Test worker] o.h.type.descriptor.sql.BasicExtractor   : extracted value ([id1_7_] : [BIGINT]) - [88]
2021-03-10 22:37:37.637 TRACE 20712 --- [    Test worker] o.h.type.descriptor.sql.BasicExtractor   : extracted value ([id1_7_] : [BIGINT]) - [89]
2021-03-10 22:37:37.637 TRACE 20712 --- [    Test worker] o.h.type.descriptor.sql.BasicExtractor   : extracted value ([id1_7_] : [BIGINT]) - [90]
2021-03-10 22:37:37.637 TRACE 20712 --- [    Test worker] o.h.type.descriptor.sql.BasicExtractor   : extracted value ([id1_7_] : [BIGINT]) - [91]
2021-03-10 22:37:37.637 TRACE 20712 --- [    Test worker] o.h.type.descriptor.sql.BasicExtractor   : extracted value ([id1_7_] : [BIGINT]) - [92]
2021-03-10 22:37:37.637 TRACE 20712 --- [    Test worker] o.h.type.descriptor.sql.BasicExtractor   : extracted value ([id1_7_] : [BIGINT]) - [93]
2021-03-10 22:37:37.637 TRACE 20712 --- [    Test worker] o.h.type.descriptor.sql.BasicExtractor   : extracted value ([id1_7_] : [BIGINT]) - [94]
2021-03-10 22:37:37.637 TRACE 20712 --- [    Test worker] o.h.type.descriptor.sql.BasicExtractor   : extracted value ([id1_7_] : [BIGINT]) - [95]
2021-03-10 22:37:37.637 TRACE 20712 --- [    Test worker] o.h.type.descriptor.sql.BasicExtractor   : extracted value ([id1_7_] : [BIGINT]) - [96]
2021-03-10 22:37:37.637 TRACE 20712 --- [    Test worker] o.h.type.descriptor.sql.BasicExtractor   : extracted value ([id1_7_] : [BIGINT]) - [97]
2021-03-10 22:37:37.637 TRACE 20712 --- [    Test worker] o.h.type.descriptor.sql.BasicExtractor   : extracted value ([id1_7_] : [BIGINT]) - [98]
2021-03-10 22:37:37.637 TRACE 20712 --- [    Test worker] o.h.type.descriptor.sql.BasicExtractor   : extracted value ([id1_7_] : [BIGINT]) - [99]
2021-03-10 22:37:37.637 TRACE 20712 --- [    Test worker] o.h.type.descriptor.sql.BasicExtractor   : extracted value ([id1_7_] : [BIGINT]) - [100]
2021-03-10 22:37:37.637 TRACE 20712 --- [    Test worker] o.h.type.descriptor.sql.BasicExtractor   : extracted value ([id1_7_] : [BIGINT]) - [101]
2021-03-10 22:37:37.637 TRACE 20712 --- [    Test worker] o.h.type.descriptor.sql.BasicExtractor   : extracted value ([id1_7_] : [BIGINT]) - [102]
2021-03-10 22:37:37.637 TRACE 20712 --- [    Test worker] o.h.type.descriptor.sql.BasicExtractor   : extracted value ([id1_7_] : [BIGINT]) - [103]
2021-03-10 22:37:37.637 TRACE 20712 --- [    Test worker] o.h.type.descriptor.sql.BasicExtractor   : extracted value ([id1_7_] : [BIGINT]) - [104]
2021-03-10 22:37:37.637 TRACE 20712 --- [    Test worker] o.h.type.descriptor.sql.BasicExtractor   : extracted value ([id1_7_] : [BIGINT]) - [105]
2021-03-10 22:37:37.637 TRACE 20712 --- [    Test worker] o.h.type.descriptor.sql.BasicExtractor   : extracted value ([id1_7_] : [BIGINT]) - [106]
2021-03-10 22:37:37.637 TRACE 20712 --- [    Test worker] o.h.type.descriptor.sql.BasicExtractor   : extracted value ([id1_7_] : [BIGINT]) - [107]
2021-03-10 22:37:37.637 TRACE 20712 --- [    Test worker] o.h.type.descriptor.sql.BasicExtractor   : extracted value ([id1_7_] : [BIGINT]) - [108]
2021-03-10 22:37:37.637 TRACE 20712 --- [    Test worker] o.h.type.descriptor.sql.BasicExtractor   : extracted value ([id1_7_] : [BIGINT]) - [109]
2021-03-10 22:37:37.637 TRACE 20712 --- [    Test worker] o.h.type.descriptor.sql.BasicExtractor   : extracted value ([id1_7_] : [BIGINT]) - [110]
2021-03-10 22:37:37.637 TRACE 20712 --- [    Test worker] o.h.type.descriptor.sql.BasicExtractor   : extracted value ([id1_7_] : [BIGINT]) - [111]
2021-03-10 22:37:37.637 TRACE 20712 --- [    Test worker] o.h.type.descriptor.sql.BasicExtractor   : extracted value ([id1_7_] : [BIGINT]) - [112]
2021-03-10 22:37:37.637 TRACE 20712 --- [    Test worker] o.h.type.descriptor.sql.BasicExtractor   : extracted value ([id1_7_] : [BIGINT]) - [113]
2021-03-10 22:37:37.637 TRACE 20712 --- [    Test worker] o.h.type.descriptor.sql.BasicExtractor   : extracted value ([id1_7_] : [BIGINT]) - [114]
2021-03-10 22:37:37.637 TRACE 20712 --- [    Test worker] o.h.type.descriptor.sql.BasicExtractor   : extracted value ([id1_7_] : [BIGINT]) - [115]
2021-03-10 22:37:37.637 TRACE 20712 --- [    Test worker] o.h.type.descriptor.sql.BasicExtractor   : extracted value ([id1_7_] : [BIGINT]) - [116]
2021-03-10 22:37:37.637 TRACE 20712 --- [    Test worker] o.h.type.descriptor.sql.BasicExtractor   : extracted value ([id1_7_] : [BIGINT]) - [117]
2021-03-10 22:37:37.637 TRACE 20712 --- [    Test worker] o.h.type.descriptor.sql.BasicExtractor   : extracted value ([id1_7_] : [BIGINT]) - [118]
2021-03-10 22:37:37.637 TRACE 20712 --- [    Test worker] o.h.type.descriptor.sql.BasicExtractor   : extracted value ([id1_7_] : [BIGINT]) - [119]
2021-03-10 22:37:37.637 TRACE 20712 --- [    Test worker] o.h.type.descriptor.sql.BasicExtractor   : extracted value ([id1_7_] : [BIGINT]) - [120]
2021-03-10 22:37:37.637 TRACE 20712 --- [    Test worker] o.h.type.descriptor.sql.BasicExtractor   : extracted value ([id1_7_] : [BIGINT]) - [121]
2021-03-10 22:37:37.637 TRACE 20712 --- [    Test worker] o.h.type.descriptor.sql.BasicExtractor   : extracted value ([id1_7_] : [BIGINT]) - [122]
2021-03-10 22:37:37.637 TRACE 20712 --- [    Test worker] o.h.type.descriptor.sql.BasicExtractor   : extracted value ([id1_7_] : [BIGINT]) - [123]
2021-03-10 22:37:37.637 TRACE 20712 --- [    Test worker] o.h.type.descriptor.sql.BasicExtractor   : extracted value ([id1_7_] : [BIGINT]) - [124]
2021-03-10 22:37:37.637 TRACE 20712 --- [    Test worker] o.h.type.descriptor.sql.BasicExtractor   : extracted value ([id1_7_] : [BIGINT]) - [125]
2021-03-10 22:37:37.637 TRACE 20712 --- [    Test worker] o.h.type.descriptor.sql.BasicExtractor   : extracted value ([id1_7_] : [BIGINT]) - [126]
2021-03-10 22:37:37.637 TRACE 20712 --- [    Test worker] o.h.type.descriptor.sql.BasicExtractor   : extracted value ([id1_7_] : [BIGINT]) - [127]
2021-03-10 22:37:37.637 TRACE 20712 --- [    Test worker] o.h.type.descriptor.sql.BasicExtractor   : extracted value ([id1_7_] : [BIGINT]) - [128]
2021-03-10 22:37:37.637 TRACE 20712 --- [    Test worker] o.h.type.descriptor.sql.BasicExtractor   : extracted value ([id1_7_] : [BIGINT]) - [129]
2021-03-10 22:37:37.637 TRACE 20712 --- [    Test worker] o.h.type.descriptor.sql.BasicExtractor   : extracted value ([id1_7_] : [BIGINT]) - [130]
2021-03-10 22:37:37.637 TRACE 20712 --- [    Test worker] o.h.type.descriptor.sql.BasicExtractor   : extracted value ([id1_7_] : [BIGINT]) - [131]
2021-03-10 22:37:37.637 TRACE 20712 --- [    Test worker] o.h.type.descriptor.sql.BasicExtractor   : extracted value ([id1_7_] : [BIGINT]) - [132]
2021-03-10 22:37:37.637 TRACE 20712 --- [    Test worker] o.h.type.descriptor.sql.BasicExtractor   : extracted value ([id1_7_] : [BIGINT]) - [133]
2021-03-10 22:37:37.637 TRACE 20712 --- [    Test worker] o.h.type.descriptor.sql.BasicExtractor   : extracted value ([id1_7_] : [BIGINT]) - [134]
2021-03-10 22:37:37.637 TRACE 20712 --- [    Test worker] o.h.type.descriptor.sql.BasicExtractor   : extracted value ([id1_7_] : [BIGINT]) - [135]
2021-03-10 22:37:37.637 TRACE 20712 --- [    Test worker] o.h.type.descriptor.sql.BasicExtractor   : extracted value ([id1_7_] : [BIGINT]) - [136]
2021-03-10 22:37:37.637 TRACE 20712 --- [    Test worker] o.h.type.descriptor.sql.BasicExtractor   : extracted value ([id1_7_] : [BIGINT]) - [137]
2021-03-10 22:37:37.637 TRACE 20712 --- [    Test worker] o.h.type.descriptor.sql.BasicExtractor   : extracted value ([id1_7_] : [BIGINT]) - [138]
2021-03-10 22:37:37.637 TRACE 20712 --- [    Test worker] o.h.type.descriptor.sql.BasicExtractor   : extracted value ([id1_7_] : [BIGINT]) - [139]
2021-03-10 22:37:37.637 TRACE 20712 --- [    Test worker] o.h.type.descriptor.sql.BasicExtractor   : extracted value ([id1_7_] : [BIGINT]) - [140]
2021-03-10 22:37:37.637 TRACE 20712 --- [    Test worker] o.h.type.descriptor.sql.BasicExtractor   : extracted value ([id1_7_] : [BIGINT]) - [141]
2021-03-10 22:37:37.637 TRACE 20712 --- [    Test worker] o.h.type.descriptor.sql.BasicExtractor   : extracted value ([id1_7_] : [BIGINT]) - [142]
2021-03-10 22:37:37.637 TRACE 20712 --- [    Test worker] o.h.type.descriptor.sql.BasicExtractor   : extracted value ([id1_7_] : [BIGINT]) - [143]
2021-03-10 22:37:37.637 TRACE 20712 --- [    Test worker] o.h.type.descriptor.sql.BasicExtractor   : extracted value ([id1_7_] : [BIGINT]) - [144]
2021-03-10 22:37:37.637 TRACE 20712 --- [    Test worker] o.h.type.descriptor.sql.BasicExtractor   : extracted value ([id1_7_] : [BIGINT]) - [145]
Hibernate: 
    select
        zone0_.id as id1_7_,
        zone0_.city as city2_7_,
        zone0_.local_name_of_city as local_na3_7_,
        zone0_.province as province4_7_ 
    from
        zone zone0_
2021-03-10 22:37:37.637 TRACE 20712 --- [    Test worker] o.h.type.descriptor.sql.BasicExtractor   : extracted value ([id1_7_] : [BIGINT]) - [61]
2021-03-10 22:37:37.637 TRACE 20712 --- [    Test worker] o.h.type.descriptor.sql.BasicExtractor   : extracted value ([id1_7_] : [BIGINT]) - [62]
2021-03-10 22:37:37.637 TRACE 20712 --- [    Test worker] o.h.type.descriptor.sql.BasicExtractor   : extracted value ([id1_7_] : [BIGINT]) - [63]
2021-03-10 22:37:37.637 TRACE 20712 --- [    Test worker] o.h.type.descriptor.sql.BasicExtractor   : extracted value ([id1_7_] : [BIGINT]) - [64]
2021-03-10 22:37:37.637 TRACE 20712 --- [    Test worker] o.h.type.descriptor.sql.BasicExtractor   : extracted value ([id1_7_] : [BIGINT]) - [65]
2021-03-10 22:37:37.637 TRACE 20712 --- [    Test worker] o.h.type.descriptor.sql.BasicExtractor   : extracted value ([id1_7_] : [BIGINT]) - [66]
2021-03-10 22:37:37.637 TRACE 20712 --- [    Test worker] o.h.type.descriptor.sql.BasicExtractor   : extracted value ([id1_7_] : [BIGINT]) - [67]
2021-03-10 22:37:37.637 TRACE 20712 --- [    Test worker] o.h.type.descriptor.sql.BasicExtractor   : extracted value ([id1_7_] : [BIGINT]) - [68]
2021-03-10 22:37:37.637 TRACE 20712 --- [    Test worker] o.h.type.descriptor.sql.BasicExtractor   : extracted value ([id1_7_] : [BIGINT]) - [69]
2021-03-10 22:37:37.637 TRACE 20712 --- [    Test worker] o.h.type.descriptor.sql.BasicExtractor   : extracted value ([id1_7_] : [BIGINT]) - [70]
2021-03-10 22:37:37.637 TRACE 20712 --- [    Test worker] o.h.type.descriptor.sql.BasicExtractor   : extracted value ([id1_7_] : [BIGINT]) - [71]
2021-03-10 22:37:37.637 TRACE 20712 --- [    Test worker] o.h.type.descriptor.sql.BasicExtractor   : extracted value ([id1_7_] : [BIGINT]) - [72]
2021-03-10 22:37:37.637 TRACE 20712 --- [    Test worker] o.h.type.descriptor.sql.BasicExtractor   : extracted value ([id1_7_] : [BIGINT]) - [73]
2021-03-10 22:37:37.637 TRACE 20712 --- [    Test worker] o.h.type.descriptor.sql.BasicExtractor   : extracted value ([id1_7_] : [BIGINT]) - [74]
2021-03-10 22:37:37.637 TRACE 20712 --- [    Test worker] o.h.type.descriptor.sql.BasicExtractor   : extracted value ([id1_7_] : [BIGINT]) - [75]
2021-03-10 22:37:37.637 TRACE 20712 --- [    Test worker] o.h.type.descriptor.sql.BasicExtractor   : extracted value ([id1_7_] : [BIGINT]) - [76]
2021-03-10 22:37:37.637 TRACE 20712 --- [    Test worker] o.h.type.descriptor.sql.BasicExtractor   : extracted value ([id1_7_] : [BIGINT]) - [77]
2021-03-10 22:37:37.637 TRACE 20712 --- [    Test worker] o.h.type.descriptor.sql.BasicExtractor   : extracted value ([id1_7_] : [BIGINT]) - [78]
2021-03-10 22:37:37.637 TRACE 20712 --- [    Test worker] o.h.type.descriptor.sql.BasicExtractor   : extracted value ([id1_7_] : [BIGINT]) - [79]
2021-03-10 22:37:37.637 TRACE 20712 --- [    Test worker] o.h.type.descriptor.sql.BasicExtractor   : extracted value ([id1_7_] : [BIGINT]) - [80]
2021-03-10 22:37:37.637 TRACE 20712 --- [    Test worker] o.h.type.descriptor.sql.BasicExtractor   : extracted value ([id1_7_] : [BIGINT]) - [81]
2021-03-10 22:37:37.637 TRACE 20712 --- [    Test worker] o.h.type.descriptor.sql.BasicExtractor   : extracted value ([id1_7_] : [BIGINT]) - [82]
2021-03-10 22:37:37.637 TRACE 20712 --- [    Test worker] o.h.type.descriptor.sql.BasicExtractor   : extracted value ([id1_7_] : [BIGINT]) - [83]
2021-03-10 22:37:37.637 TRACE 20712 --- [    Test worker] o.h.type.descriptor.sql.BasicExtractor   : extracted value ([id1_7_] : [BIGINT]) - [84]
2021-03-10 22:37:37.637 TRACE 20712 --- [    Test worker] o.h.type.descriptor.sql.BasicExtractor   : extracted value ([id1_7_] : [BIGINT]) - [85]
2021-03-10 22:37:37.637 TRACE 20712 --- [    Test worker] o.h.type.descriptor.sql.BasicExtractor   : extracted value ([id1_7_] : [BIGINT]) - [86]
2021-03-10 22:37:37.637 TRACE 20712 --- [    Test worker] o.h.type.descriptor.sql.BasicExtractor   : extracted value ([id1_7_] : [BIGINT]) - [87]
2021-03-10 22:37:37.637 TRACE 20712 --- [    Test worker] o.h.type.descriptor.sql.BasicExtractor   : extracted value ([id1_7_] : [BIGINT]) - [88]
2021-03-10 22:37:37.637 TRACE 20712 --- [    Test worker] o.h.type.descriptor.sql.BasicExtractor   : extracted value ([id1_7_] : [BIGINT]) - [89]
2021-03-10 22:37:37.637 TRACE 20712 --- [    Test worker] o.h.type.descriptor.sql.BasicExtractor   : extracted value ([id1_7_] : [BIGINT]) - [90]
2021-03-10 22:37:37.637 TRACE 20712 --- [    Test worker] o.h.type.descriptor.sql.BasicExtractor   : extracted value ([id1_7_] : [BIGINT]) - [91]
2021-03-10 22:37:37.637 TRACE 20712 --- [    Test worker] o.h.type.descriptor.sql.BasicExtractor   : extracted value ([id1_7_] : [BIGINT]) - [92]
2021-03-10 22:37:37.637 TRACE 20712 --- [    Test worker] o.h.type.descriptor.sql.BasicExtractor   : extracted value ([id1_7_] : [BIGINT]) - [93]
2021-03-10 22:37:37.637 TRACE 20712 --- [    Test worker] o.h.type.descriptor.sql.BasicExtractor   : extracted value ([id1_7_] : [BIGINT]) - [94]
2021-03-10 22:37:37.637 TRACE 20712 --- [    Test worker] o.h.type.descriptor.sql.BasicExtractor   : extracted value ([id1_7_] : [BIGINT]) - [95]
2021-03-10 22:37:37.637 TRACE 20712 --- [    Test worker] o.h.type.descriptor.sql.BasicExtractor   : extracted value ([id1_7_] : [BIGINT]) - [96]
2021-03-10 22:37:37.637 TRACE 20712 --- [    Test worker] o.h.type.descriptor.sql.BasicExtractor   : extracted value ([id1_7_] : [BIGINT]) - [97]
2021-03-10 22:37:37.637 TRACE 20712 --- [    Test worker] o.h.type.descriptor.sql.BasicExtractor   : extracted value ([id1_7_] : [BIGINT]) - [98]
2021-03-10 22:37:37.637 TRACE 20712 --- [    Test worker] o.h.type.descriptor.sql.BasicExtractor   : extracted value ([id1_7_] : [BIGINT]) - [99]
2021-03-10 22:37:37.637 TRACE 20712 --- [    Test worker] o.h.type.descriptor.sql.BasicExtractor   : extracted value ([id1_7_] : [BIGINT]) - [100]
2021-03-10 22:37:37.637 TRACE 20712 --- [    Test worker] o.h.type.descriptor.sql.BasicExtractor   : extracted value ([id1_7_] : [BIGINT]) - [101]
2021-03-10 22:37:37.637 TRACE 20712 --- [    Test worker] o.h.type.descriptor.sql.BasicExtractor   : extracted value ([id1_7_] : [BIGINT]) - [102]
2021-03-10 22:37:37.637 TRACE 20712 --- [    Test worker] o.h.type.descriptor.sql.BasicExtractor   : extracted value ([id1_7_] : [BIGINT]) - [103]
2021-03-10 22:37:37.637 TRACE 20712 --- [    Test worker] o.h.type.descriptor.sql.BasicExtractor   : extracted value ([id1_7_] : [BIGINT]) - [104]
2021-03-10 22:37:37.637 TRACE 20712 --- [    Test worker] o.h.type.descriptor.sql.BasicExtractor   : extracted value ([id1_7_] : [BIGINT]) - [105]
2021-03-10 22:37:37.637 TRACE 20712 --- [    Test worker] o.h.type.descriptor.sql.BasicExtractor   : extracted value ([id1_7_] : [BIGINT]) - [106]
2021-03-10 22:37:37.637 TRACE 20712 --- [    Test worker] o.h.type.descriptor.sql.BasicExtractor   : extracted value ([id1_7_] : [BIGINT]) - [107]
2021-03-10 22:37:37.637 TRACE 20712 --- [    Test worker] o.h.type.descriptor.sql.BasicExtractor   : extracted value ([id1_7_] : [BIGINT]) - [108]
2021-03-10 22:37:37.637 TRACE 20712 --- [    Test worker] o.h.type.descriptor.sql.BasicExtractor   : extracted value ([id1_7_] : [BIGINT]) - [109]
2021-03-10 22:37:37.637 TRACE 20712 --- [    Test worker] o.h.type.descriptor.sql.BasicExtractor   : extracted value ([id1_7_] : [BIGINT]) - [110]
2021-03-10 22:37:37.637 TRACE 20712 --- [    Test worker] o.h.type.descriptor.sql.BasicExtractor   : extracted value ([id1_7_] : [BIGINT]) - [111]
2021-03-10 22:37:37.637 TRACE 20712 --- [    Test worker] o.h.type.descriptor.sql.BasicExtractor   : extracted value ([id1_7_] : [BIGINT]) - [112]
2021-03-10 22:37:37.637 TRACE 20712 --- [    Test worker] o.h.type.descriptor.sql.BasicExtractor   : extracted value ([id1_7_] : [BIGINT]) - [113]
2021-03-10 22:37:37.637 TRACE 20712 --- [    Test worker] o.h.type.descriptor.sql.BasicExtractor   : extracted value ([id1_7_] : [BIGINT]) - [114]
2021-03-10 22:37:37.637 TRACE 20712 --- [    Test worker] o.h.type.descriptor.sql.BasicExtractor   : extracted value ([id1_7_] : [BIGINT]) - [115]
2021-03-10 22:37:37.637 TRACE 20712 --- [    Test worker] o.h.type.descriptor.sql.BasicExtractor   : extracted value ([id1_7_] : [BIGINT]) - [116]
2021-03-10 22:37:37.637 TRACE 20712 --- [    Test worker] o.h.type.descriptor.sql.BasicExtractor   : extracted value ([id1_7_] : [BIGINT]) - [117]
2021-03-10 22:37:37.637 TRACE 20712 --- [    Test worker] o.h.type.descriptor.sql.BasicExtractor   : extracted value ([id1_7_] : [BIGINT]) - [118]
2021-03-10 22:37:37.637 TRACE 20712 --- [    Test worker] o.h.type.descriptor.sql.BasicExtractor   : extracted value ([id1_7_] : [BIGINT]) - [119]
2021-03-10 22:37:37.637 TRACE 20712 --- [    Test worker] o.h.type.descriptor.sql.BasicExtractor   : extracted value ([id1_7_] : [BIGINT]) - [120]
2021-03-10 22:37:37.637 TRACE 20712 --- [    Test worker] o.h.type.descriptor.sql.BasicExtractor   : extracted value ([id1_7_] : [BIGINT]) - [121]
2021-03-10 22:37:37.637 TRACE 20712 --- [    Test worker] o.h.type.descriptor.sql.BasicExtractor   : extracted value ([id1_7_] : [BIGINT]) - [122]
2021-03-10 22:37:37.637 TRACE 20712 --- [    Test worker] o.h.type.descriptor.sql.BasicExtractor   : extracted value ([id1_7_] : [BIGINT]) - [123]
2021-03-10 22:37:37.637 TRACE 20712 --- [    Test worker] o.h.type.descriptor.sql.BasicExtractor   : extracted value ([id1_7_] : [BIGINT]) - [124]
2021-03-10 22:37:37.637 TRACE 20712 --- [    Test worker] o.h.type.descriptor.sql.BasicExtractor   : extracted value ([id1_7_] : [BIGINT]) - [125]
2021-03-10 22:37:37.637 TRACE 20712 --- [    Test worker] o.h.type.descriptor.sql.BasicExtractor   : extracted value ([id1_7_] : [BIGINT]) - [126]
2021-03-10 22:37:37.637 TRACE 20712 --- [    Test worker] o.h.type.descriptor.sql.BasicExtractor   : extracted value ([id1_7_] : [BIGINT]) - [127]
2021-03-10 22:37:37.637 TRACE 20712 --- [    Test worker] o.h.type.descriptor.sql.BasicExtractor   : extracted value ([id1_7_] : [BIGINT]) - [128]
2021-03-10 22:37:37.637 TRACE 20712 --- [    Test worker] o.h.type.descriptor.sql.BasicExtractor   : extracted value ([id1_7_] : [BIGINT]) - [129]
2021-03-10 22:37:37.637 TRACE 20712 --- [    Test worker] o.h.type.descriptor.sql.BasicExtractor   : extracted value ([id1_7_] : [BIGINT]) - [130]
2021-03-10 22:37:37.637 TRACE 20712 --- [    Test worker] o.h.type.descriptor.sql.BasicExtractor   : extracted value ([id1_7_] : [BIGINT]) - [131]
2021-03-10 22:37:37.637 TRACE 20712 --- [    Test worker] o.h.type.descriptor.sql.BasicExtractor   : extracted value ([id1_7_] : [BIGINT]) - [132]
2021-03-10 22:37:37.637 TRACE 20712 --- [    Test worker] o.h.type.descriptor.sql.BasicExtractor   : extracted value ([id1_7_] : [BIGINT]) - [133]
2021-03-10 22:37:37.637 TRACE 20712 --- [    Test worker] o.h.type.descriptor.sql.BasicExtractor   : extracted value ([id1_7_] : [BIGINT]) - [134]
2021-03-10 22:37:37.637 TRACE 20712 --- [    Test worker] o.h.type.descriptor.sql.BasicExtractor   : extracted value ([id1_7_] : [BIGINT]) - [135]
2021-03-10 22:37:37.637 TRACE 20712 --- [    Test worker] o.h.type.descriptor.sql.BasicExtractor   : extracted value ([id1_7_] : [BIGINT]) - [136]
2021-03-10 22:37:37.637 TRACE 20712 --- [    Test worker] o.h.type.descriptor.sql.BasicExtractor   : extracted value ([id1_7_] : [BIGINT]) - [137]
2021-03-10 22:37:37.637 TRACE 20712 --- [    Test worker] o.h.type.descriptor.sql.BasicExtractor   : extracted value ([id1_7_] : [BIGINT]) - [138]
2021-03-10 22:37:37.637 TRACE 20712 --- [    Test worker] o.h.type.descriptor.sql.BasicExtractor   : extracted value ([id1_7_] : [BIGINT]) - [139]
2021-03-10 22:37:37.637 TRACE 20712 --- [    Test worker] o.h.type.descriptor.sql.BasicExtractor   : extracted value ([id1_7_] : [BIGINT]) - [140]
2021-03-10 22:37:37.637 TRACE 20712 --- [    Test worker] o.h.type.descriptor.sql.BasicExtractor   : extracted value ([id1_7_] : [BIGINT]) - [141]
2021-03-10 22:37:37.637 TRACE 20712 --- [    Test worker] o.h.type.descriptor.sql.BasicExtractor   : extracted value ([id1_7_] : [BIGINT]) - [142]
2021-03-10 22:37:37.637 TRACE 20712 --- [    Test worker] o.h.type.descriptor.sql.BasicExtractor   : extracted value ([id1_7_] : [BIGINT]) - [143]
2021-03-10 22:37:37.637 TRACE 20712 --- [    Test worker] o.h.type.descriptor.sql.BasicExtractor   : extracted value ([id1_7_] : [BIGINT]) - [144]
2021-03-10 22:37:37.637 TRACE 20712 --- [    Test worker] o.h.type.descriptor.sql.BasicExtractor   : extracted value ([id1_7_] : [BIGINT]) - [145]
Hibernate: 
    select
        zone0_.id as id1_7_,
        zone0_.city as city2_7_,
        zone0_.local_name_of_city as local_na3_7_,
        zone0_.province as province4_7_ 
    from
        zone zone0_
2021-03-10 22:37:37.637 TRACE 20712 --- [    Test worker] o.h.type.descriptor.sql.BasicExtractor   : extracted value ([id1_7_] : [BIGINT]) - [61]
2021-03-10 22:37:37.637 TRACE 20712 --- [    Test worker] o.h.type.descriptor.sql.BasicExtractor   : extracted value ([id1_7_] : [BIGINT]) - [62]
2021-03-10 22:37:37.637 TRACE 20712 --- [    Test worker] o.h.type.descriptor.sql.BasicExtractor   : extracted value ([id1_7_] : [BIGINT]) - [63]
2021-03-10 22:37:37.637 TRACE 20712 --- [    Test worker] o.h.type.descriptor.sql.BasicExtractor   : extracted value ([id1_7_] : [BIGINT]) - [64]
2021-03-10 22:37:37.637 TRACE 20712 --- [    Test worker] o.h.type.descriptor.sql.BasicExtractor   : extracted value ([id1_7_] : [BIGINT]) - [65]
2021-03-10 22:37:37.637 TRACE 20712 --- [    Test worker] o.h.type.descriptor.sql.BasicExtractor   : extracted value ([id1_7_] : [BIGINT]) - [66]
2021-03-10 22:37:37.637 TRACE 20712 --- [    Test worker] o.h.type.descriptor.sql.BasicExtractor   : extracted value ([id1_7_] : [BIGINT]) - [67]
2021-03-10 22:37:37.637 TRACE 20712 --- [    Test worker] o.h.type.descriptor.sql.BasicExtractor   : extracted value ([id1_7_] : [BIGINT]) - [68]
2021-03-10 22:37:37.637 TRACE 20712 --- [    Test worker] o.h.type.descriptor.sql.BasicExtractor   : extracted value ([id1_7_] : [BIGINT]) - [69]
2021-03-10 22:37:37.637 TRACE 20712 --- [    Test worker] o.h.type.descriptor.sql.BasicExtractor   : extracted value ([id1_7_] : [BIGINT]) - [70]
2021-03-10 22:37:37.637 TRACE 20712 --- [    Test worker] o.h.type.descriptor.sql.BasicExtractor   : extracted value ([id1_7_] : [BIGINT]) - [71]
2021-03-10 22:37:37.637 TRACE 20712 --- [    Test worker] o.h.type.descriptor.sql.BasicExtractor   : extracted value ([id1_7_] : [BIGINT]) - [72]
2021-03-10 22:37:37.637 TRACE 20712 --- [    Test worker] o.h.type.descriptor.sql.BasicExtractor   : extracted value ([id1_7_] : [BIGINT]) - [73]
2021-03-10 22:37:37.637 TRACE 20712 --- [    Test worker] o.h.type.descriptor.sql.BasicExtractor   : extracted value ([id1_7_] : [BIGINT]) - [74]
2021-03-10 22:37:37.637 TRACE 20712 --- [    Test worker] o.h.type.descriptor.sql.BasicExtractor   : extracted value ([id1_7_] : [BIGINT]) - [75]
2021-03-10 22:37:37.637 TRACE 20712 --- [    Test worker] o.h.type.descriptor.sql.BasicExtractor   : extracted value ([id1_7_] : [BIGINT]) - [76]
2021-03-10 22:37:37.637 TRACE 20712 --- [    Test worker] o.h.type.descriptor.sql.BasicExtractor   : extracted value ([id1_7_] : [BIGINT]) - [77]
2021-03-10 22:37:37.637 TRACE 20712 --- [    Test worker] o.h.type.descriptor.sql.BasicExtractor   : extracted value ([id1_7_] : [BIGINT]) - [78]
2021-03-10 22:37:37.637 TRACE 20712 --- [    Test worker] o.h.type.descriptor.sql.BasicExtractor   : extracted value ([id1_7_] : [BIGINT]) - [79]
2021-03-10 22:37:37.637 TRACE 20712 --- [    Test worker] o.h.type.descriptor.sql.BasicExtractor   : extracted value ([id1_7_] : [BIGINT]) - [80]
2021-03-10 22:37:37.637 TRACE 20712 --- [    Test worker] o.h.type.descriptor.sql.BasicExtractor   : extracted value ([id1_7_] : [BIGINT]) - [81]
2021-03-10 22:37:37.637 TRACE 20712 --- [    Test worker] o.h.type.descriptor.sql.BasicExtractor   : extracted value ([id1_7_] : [BIGINT]) - [82]
2021-03-10 22:37:37.637 TRACE 20712 --- [    Test worker] o.h.type.descriptor.sql.BasicExtractor   : extracted value ([id1_7_] : [BIGINT]) - [83]
2021-03-10 22:37:37.637 TRACE 20712 --- [    Test worker] o.h.type.descriptor.sql.BasicExtractor   : extracted value ([id1_7_] : [BIGINT]) - [84]
2021-03-10 22:37:37.637 TRACE 20712 --- [    Test worker] o.h.type.descriptor.sql.BasicExtractor   : extracted value ([id1_7_] : [BIGINT]) - [85]
2021-03-10 22:37:37.637 TRACE 20712 --- [    Test worker] o.h.type.descriptor.sql.BasicExtractor   : extracted value ([id1_7_] : [BIGINT]) - [86]
2021-03-10 22:37:37.637 TRACE 20712 --- [    Test worker] o.h.type.descriptor.sql.BasicExtractor   : extracted value ([id1_7_] : [BIGINT]) - [87]
2021-03-10 22:37:37.637 TRACE 20712 --- [    Test worker] o.h.type.descriptor.sql.BasicExtractor   : extracted value ([id1_7_] : [BIGINT]) - [88]
2021-03-10 22:37:37.637 TRACE 20712 --- [    Test worker] o.h.type.descriptor.sql.BasicExtractor   : extracted value ([id1_7_] : [BIGINT]) - [89]
2021-03-10 22:37:37.637 TRACE 20712 --- [    Test worker] o.h.type.descriptor.sql.BasicExtractor   : extracted value ([id1_7_] : [BIGINT]) - [90]
2021-03-10 22:37:37.637 TRACE 20712 --- [    Test worker] o.h.type.descriptor.sql.BasicExtractor   : extracted value ([id1_7_] : [BIGINT]) - [91]
2021-03-10 22:37:37.637 TRACE 20712 --- [    Test worker] o.h.type.descriptor.sql.BasicExtractor   : extracted value ([id1_7_] : [BIGINT]) - [92]
2021-03-10 22:37:37.637 TRACE 20712 --- [    Test worker] o.h.type.descriptor.sql.BasicExtractor   : extracted value ([id1_7_] : [BIGINT]) - [93]
2021-03-10 22:37:37.637 TRACE 20712 --- [    Test worker] o.h.type.descriptor.sql.BasicExtractor   : extracted value ([id1_7_] : [BIGINT]) - [94]
2021-03-10 22:37:37.637 TRACE 20712 --- [    Test worker] o.h.type.descriptor.sql.BasicExtractor   : extracted value ([id1_7_] : [BIGINT]) - [95]
2021-03-10 22:37:37.637 TRACE 20712 --- [    Test worker] o.h.type.descriptor.sql.BasicExtractor   : extracted value ([id1_7_] : [BIGINT]) - [96]
2021-03-10 22:37:37.637 TRACE 20712 --- [    Test worker] o.h.type.descriptor.sql.BasicExtractor   : extracted value ([id1_7_] : [BIGINT]) - [97]
2021-03-10 22:37:37.637 TRACE 20712 --- [    Test worker] o.h.type.descriptor.sql.BasicExtractor   : extracted value ([id1_7_] : [BIGINT]) - [98]
2021-03-10 22:37:37.637 TRACE 20712 --- [    Test worker] o.h.type.descriptor.sql.BasicExtractor   : extracted value ([id1_7_] : [BIGINT]) - [99]
2021-03-10 22:37:37.653 TRACE 20712 --- [    Test worker] o.h.type.descriptor.sql.BasicExtractor   : extracted value ([id1_7_] : [BIGINT]) - [100]
2021-03-10 22:37:37.653 TRACE 20712 --- [    Test worker] o.h.type.descriptor.sql.BasicExtractor   : extracted value ([id1_7_] : [BIGINT]) - [101]
2021-03-10 22:37:37.653 TRACE 20712 --- [    Test worker] o.h.type.descriptor.sql.BasicExtractor   : extracted value ([id1_7_] : [BIGINT]) - [102]
2021-03-10 22:37:37.653 TRACE 20712 --- [    Test worker] o.h.type.descriptor.sql.BasicExtractor   : extracted value ([id1_7_] : [BIGINT]) - [103]
2021-03-10 22:37:37.653 TRACE 20712 --- [    Test worker] o.h.type.descriptor.sql.BasicExtractor   : extracted value ([id1_7_] : [BIGINT]) - [104]
2021-03-10 22:37:37.653 TRACE 20712 --- [    Test worker] o.h.type.descriptor.sql.BasicExtractor   : extracted value ([id1_7_] : [BIGINT]) - [105]
2021-03-10 22:37:37.653 TRACE 20712 --- [    Test worker] o.h.type.descriptor.sql.BasicExtractor   : extracted value ([id1_7_] : [BIGINT]) - [106]
2021-03-10 22:37:37.653 TRACE 20712 --- [    Test worker] o.h.type.descriptor.sql.BasicExtractor   : extracted value ([id1_7_] : [BIGINT]) - [107]
2021-03-10 22:37:37.653 TRACE 20712 --- [    Test worker] o.h.type.descriptor.sql.BasicExtractor   : extracted value ([id1_7_] : [BIGINT]) - [108]
2021-03-10 22:37:37.653 TRACE 20712 --- [    Test worker] o.h.type.descriptor.sql.BasicExtractor   : extracted value ([id1_7_] : [BIGINT]) - [109]
2021-03-10 22:37:37.653 TRACE 20712 --- [    Test worker] o.h.type.descriptor.sql.BasicExtractor   : extracted value ([id1_7_] : [BIGINT]) - [110]
2021-03-10 22:37:37.653 TRACE 20712 --- [    Test worker] o.h.type.descriptor.sql.BasicExtractor   : extracted value ([id1_7_] : [BIGINT]) - [111]
2021-03-10 22:37:37.653 TRACE 20712 --- [    Test worker] o.h.type.descriptor.sql.BasicExtractor   : extracted value ([id1_7_] : [BIGINT]) - [112]
2021-03-10 22:37:37.653 TRACE 20712 --- [    Test worker] o.h.type.descriptor.sql.BasicExtractor   : extracted value ([id1_7_] : [BIGINT]) - [113]
2021-03-10 22:37:37.653 TRACE 20712 --- [    Test worker] o.h.type.descriptor.sql.BasicExtractor   : extracted value ([id1_7_] : [BIGINT]) - [114]
2021-03-10 22:37:37.653 TRACE 20712 --- [    Test worker] o.h.type.descriptor.sql.BasicExtractor   : extracted value ([id1_7_] : [BIGINT]) - [115]
2021-03-10 22:37:37.653 TRACE 20712 --- [    Test worker] o.h.type.descriptor.sql.BasicExtractor   : extracted value ([id1_7_] : [BIGINT]) - [116]
2021-03-10 22:37:37.653 TRACE 20712 --- [    Test worker] o.h.type.descriptor.sql.BasicExtractor   : extracted value ([id1_7_] : [BIGINT]) - [117]
2021-03-10 22:37:37.653 TRACE 20712 --- [    Test worker] o.h.type.descriptor.sql.BasicExtractor   : extracted value ([id1_7_] : [BIGINT]) - [118]
2021-03-10 22:37:37.653 TRACE 20712 --- [    Test worker] o.h.type.descriptor.sql.BasicExtractor   : extracted value ([id1_7_] : [BIGINT]) - [119]
2021-03-10 22:37:37.653 TRACE 20712 --- [    Test worker] o.h.type.descriptor.sql.BasicExtractor   : extracted value ([id1_7_] : [BIGINT]) - [120]
2021-03-10 22:37:37.653 TRACE 20712 --- [    Test worker] o.h.type.descriptor.sql.BasicExtractor   : extracted value ([id1_7_] : [BIGINT]) - [121]
2021-03-10 22:37:37.653 TRACE 20712 --- [    Test worker] o.h.type.descriptor.sql.BasicExtractor   : extracted value ([id1_7_] : [BIGINT]) - [122]
2021-03-10 22:37:37.653 TRACE 20712 --- [    Test worker] o.h.type.descriptor.sql.BasicExtractor   : extracted value ([id1_7_] : [BIGINT]) - [123]
2021-03-10 22:37:37.653 TRACE 20712 --- [    Test worker] o.h.type.descriptor.sql.BasicExtractor   : extracted value ([id1_7_] : [BIGINT]) - [124]
2021-03-10 22:37:37.653 TRACE 20712 --- [    Test worker] o.h.type.descriptor.sql.BasicExtractor   : extracted value ([id1_7_] : [BIGINT]) - [125]
2021-03-10 22:37:37.653 TRACE 20712 --- [    Test worker] o.h.type.descriptor.sql.BasicExtractor   : extracted value ([id1_7_] : [BIGINT]) - [126]
2021-03-10 22:37:37.653 TRACE 20712 --- [    Test worker] o.h.type.descriptor.sql.BasicExtractor   : extracted value ([id1_7_] : [BIGINT]) - [127]
2021-03-10 22:37:37.653 TRACE 20712 --- [    Test worker] o.h.type.descriptor.sql.BasicExtractor   : extracted value ([id1_7_] : [BIGINT]) - [128]
2021-03-10 22:37:37.653 TRACE 20712 --- [    Test worker] o.h.type.descriptor.sql.BasicExtractor   : extracted value ([id1_7_] : [BIGINT]) - [129]
2021-03-10 22:37:37.653 TRACE 20712 --- [    Test worker] o.h.type.descriptor.sql.BasicExtractor   : extracted value ([id1_7_] : [BIGINT]) - [130]
2021-03-10 22:37:37.653 TRACE 20712 --- [    Test worker] o.h.type.descriptor.sql.BasicExtractor   : extracted value ([id1_7_] : [BIGINT]) - [131]
2021-03-10 22:37:37.653 TRACE 20712 --- [    Test worker] o.h.type.descriptor.sql.BasicExtractor   : extracted value ([id1_7_] : [BIGINT]) - [132]
2021-03-10 22:37:37.653 TRACE 20712 --- [    Test worker] o.h.type.descriptor.sql.BasicExtractor   : extracted value ([id1_7_] : [BIGINT]) - [133]
2021-03-10 22:37:37.653 TRACE 20712 --- [    Test worker] o.h.type.descriptor.sql.BasicExtractor   : extracted value ([id1_7_] : [BIGINT]) - [134]
2021-03-10 22:37:37.653 TRACE 20712 --- [    Test worker] o.h.type.descriptor.sql.BasicExtractor   : extracted value ([id1_7_] : [BIGINT]) - [135]
2021-03-10 22:37:37.653 TRACE 20712 --- [    Test worker] o.h.type.descriptor.sql.BasicExtractor   : extracted value ([id1_7_] : [BIGINT]) - [136]
2021-03-10 22:37:37.653 TRACE 20712 --- [    Test worker] o.h.type.descriptor.sql.BasicExtractor   : extracted value ([id1_7_] : [BIGINT]) - [137]
2021-03-10 22:37:37.653 TRACE 20712 --- [    Test worker] o.h.type.descriptor.sql.BasicExtractor   : extracted value ([id1_7_] : [BIGINT]) - [138]
2021-03-10 22:37:37.653 TRACE 20712 --- [    Test worker] o.h.type.descriptor.sql.BasicExtractor   : extracted value ([id1_7_] : [BIGINT]) - [139]
2021-03-10 22:37:37.653 TRACE 20712 --- [    Test worker] o.h.type.descriptor.sql.BasicExtractor   : extracted value ([id1_7_] : [BIGINT]) - [140]
2021-03-10 22:37:37.653 TRACE 20712 --- [    Test worker] o.h.type.descriptor.sql.BasicExtractor   : extracted value ([id1_7_] : [BIGINT]) - [141]
2021-03-10 22:37:37.653 TRACE 20712 --- [    Test worker] o.h.type.descriptor.sql.BasicExtractor   : extracted value ([id1_7_] : [BIGINT]) - [142]
2021-03-10 22:37:37.653 TRACE 20712 --- [    Test worker] o.h.type.descriptor.sql.BasicExtractor   : extracted value ([id1_7_] : [BIGINT]) - [143]
2021-03-10 22:37:37.653 TRACE 20712 --- [    Test worker] o.h.type.descriptor.sql.BasicExtractor   : extracted value ([id1_7_] : [BIGINT]) - [144]
2021-03-10 22:37:37.653 TRACE 20712 --- [    Test worker] o.h.type.descriptor.sql.BasicExtractor   : extracted value ([id1_7_] : [BIGINT]) - [145]
Hibernate: 
    select
        zone0_.id as id1_7_,
        zone0_.city as city2_7_,
        zone0_.local_name_of_city as local_na3_7_,
        zone0_.province as province4_7_ 
    from
        zone zone0_
2021-03-10 22:37:37.653 TRACE 20712 --- [    Test worker] o.h.type.descriptor.sql.BasicExtractor   : extracted value ([id1_7_] : [BIGINT]) - [61]
2021-03-10 22:37:37.653 TRACE 20712 --- [    Test worker] o.h.type.descriptor.sql.BasicExtractor   : extracted value ([id1_7_] : [BIGINT]) - [62]
2021-03-10 22:37:37.653 TRACE 20712 --- [    Test worker] o.h.type.descriptor.sql.BasicExtractor   : extracted value ([id1_7_] : [BIGINT]) - [63]
2021-03-10 22:37:37.653 TRACE 20712 --- [    Test worker] o.h.type.descriptor.sql.BasicExtractor   : extracted value ([id1_7_] : [BIGINT]) - [64]
2021-03-10 22:37:37.653 TRACE 20712 --- [    Test worker] o.h.type.descriptor.sql.BasicExtractor   : extracted value ([id1_7_] : [BIGINT]) - [65]
2021-03-10 22:37:37.653 TRACE 20712 --- [    Test worker] o.h.type.descriptor.sql.BasicExtractor   : extracted value ([id1_7_] : [BIGINT]) - [66]
2021-03-10 22:37:37.653 TRACE 20712 --- [    Test worker] o.h.type.descriptor.sql.BasicExtractor   : extracted value ([id1_7_] : [BIGINT]) - [67]
2021-03-10 22:37:37.653 TRACE 20712 --- [    Test worker] o.h.type.descriptor.sql.BasicExtractor   : extracted value ([id1_7_] : [BIGINT]) - [68]
2021-03-10 22:37:37.653 TRACE 20712 --- [    Test worker] o.h.type.descriptor.sql.BasicExtractor   : extracted value ([id1_7_] : [BIGINT]) - [69]
2021-03-10 22:37:37.653 TRACE 20712 --- [    Test worker] o.h.type.descriptor.sql.BasicExtractor   : extracted value ([id1_7_] : [BIGINT]) - [70]
2021-03-10 22:37:37.653 TRACE 20712 --- [    Test worker] o.h.type.descriptor.sql.BasicExtractor   : extracted value ([id1_7_] : [BIGINT]) - [71]
2021-03-10 22:37:37.653 TRACE 20712 --- [    Test worker] o.h.type.descriptor.sql.BasicExtractor   : extracted value ([id1_7_] : [BIGINT]) - [72]
2021-03-10 22:37:37.653 TRACE 20712 --- [    Test worker] o.h.type.descriptor.sql.BasicExtractor   : extracted value ([id1_7_] : [BIGINT]) - [73]
2021-03-10 22:37:37.653 TRACE 20712 --- [    Test worker] o.h.type.descriptor.sql.BasicExtractor   : extracted value ([id1_7_] : [BIGINT]) - [74]
2021-03-10 22:37:37.653 TRACE 20712 --- [    Test worker] o.h.type.descriptor.sql.BasicExtractor   : extracted value ([id1_7_] : [BIGINT]) - [75]
2021-03-10 22:37:37.653 TRACE 20712 --- [    Test worker] o.h.type.descriptor.sql.BasicExtractor   : extracted value ([id1_7_] : [BIGINT]) - [76]
2021-03-10 22:37:37.653 TRACE 20712 --- [    Test worker] o.h.type.descriptor.sql.BasicExtractor   : extracted value ([id1_7_] : [BIGINT]) - [77]
2021-03-10 22:37:37.653 TRACE 20712 --- [    Test worker] o.h.type.descriptor.sql.BasicExtractor   : extracted value ([id1_7_] : [BIGINT]) - [78]
2021-03-10 22:37:37.653 TRACE 20712 --- [    Test worker] o.h.type.descriptor.sql.BasicExtractor   : extracted value ([id1_7_] : [BIGINT]) - [79]
2021-03-10 22:37:37.653 TRACE 20712 --- [    Test worker] o.h.type.descriptor.sql.BasicExtractor   : extracted value ([id1_7_] : [BIGINT]) - [80]
2021-03-10 22:37:37.653 TRACE 20712 --- [    Test worker] o.h.type.descriptor.sql.BasicExtractor   : extracted value ([id1_7_] : [BIGINT]) - [81]
2021-03-10 22:37:37.653 TRACE 20712 --- [    Test worker] o.h.type.descriptor.sql.BasicExtractor   : extracted value ([id1_7_] : [BIGINT]) - [82]
2021-03-10 22:37:37.653 TRACE 20712 --- [    Test worker] o.h.type.descriptor.sql.BasicExtractor   : extracted value ([id1_7_] : [BIGINT]) - [83]
2021-03-10 22:37:37.653 TRACE 20712 --- [    Test worker] o.h.type.descriptor.sql.BasicExtractor   : extracted value ([id1_7_] : [BIGINT]) - [84]
2021-03-10 22:37:37.653 TRACE 20712 --- [    Test worker] o.h.type.descriptor.sql.BasicExtractor   : extracted value ([id1_7_] : [BIGINT]) - [85]
2021-03-10 22:37:37.653 TRACE 20712 --- [    Test worker] o.h.type.descriptor.sql.BasicExtractor   : extracted value ([id1_7_] : [BIGINT]) - [86]
2021-03-10 22:37:37.653 TRACE 20712 --- [    Test worker] o.h.type.descriptor.sql.BasicExtractor   : extracted value ([id1_7_] : [BIGINT]) - [87]
2021-03-10 22:37:37.653 TRACE 20712 --- [    Test worker] o.h.type.descriptor.sql.BasicExtractor   : extracted value ([id1_7_] : [BIGINT]) - [88]
2021-03-10 22:37:37.653 TRACE 20712 --- [    Test worker] o.h.type.descriptor.sql.BasicExtractor   : extracted value ([id1_7_] : [BIGINT]) - [89]
2021-03-10 22:37:37.653 TRACE 20712 --- [    Test worker] o.h.type.descriptor.sql.BasicExtractor   : extracted value ([id1_7_] : [BIGINT]) - [90]
2021-03-10 22:37:37.653 TRACE 20712 --- [    Test worker] o.h.type.descriptor.sql.BasicExtractor   : extracted value ([id1_7_] : [BIGINT]) - [91]
2021-03-10 22:37:37.653 TRACE 20712 --- [    Test worker] o.h.type.descriptor.sql.BasicExtractor   : extracted value ([id1_7_] : [BIGINT]) - [92]
2021-03-10 22:37:37.653 TRACE 20712 --- [    Test worker] o.h.type.descriptor.sql.BasicExtractor   : extracted value ([id1_7_] : [BIGINT]) - [93]
2021-03-10 22:37:37.653 TRACE 20712 --- [    Test worker] o.h.type.descriptor.sql.BasicExtractor   : extracted value ([id1_7_] : [BIGINT]) - [94]
2021-03-10 22:37:37.653 TRACE 20712 --- [    Test worker] o.h.type.descriptor.sql.BasicExtractor   : extracted value ([id1_7_] : [BIGINT]) - [95]
2021-03-10 22:37:37.653 TRACE 20712 --- [    Test worker] o.h.type.descriptor.sql.BasicExtractor   : extracted value ([id1_7_] : [BIGINT]) - [96]
2021-03-10 22:37:37.653 TRACE 20712 --- [    Test worker] o.h.type.descriptor.sql.BasicExtractor   : extracted value ([id1_7_] : [BIGINT]) - [97]
2021-03-10 22:37:37.653 TRACE 20712 --- [    Test worker] o.h.type.descriptor.sql.BasicExtractor   : extracted value ([id1_7_] : [BIGINT]) - [98]
2021-03-10 22:37:37.653 TRACE 20712 --- [    Test worker] o.h.type.descriptor.sql.BasicExtractor   : extracted value ([id1_7_] : [BIGINT]) - [99]
2021-03-10 22:37:37.653 TRACE 20712 --- [    Test worker] o.h.type.descriptor.sql.BasicExtractor   : extracted value ([id1_7_] : [BIGINT]) - [100]
2021-03-10 22:37:37.653 TRACE 20712 --- [    Test worker] o.h.type.descriptor.sql.BasicExtractor   : extracted value ([id1_7_] : [BIGINT]) - [101]
2021-03-10 22:37:37.653 TRACE 20712 --- [    Test worker] o.h.type.descriptor.sql.BasicExtractor   : extracted value ([id1_7_] : [BIGINT]) - [102]
2021-03-10 22:37:37.653 TRACE 20712 --- [    Test worker] o.h.type.descriptor.sql.BasicExtractor   : extracted value ([id1_7_] : [BIGINT]) - [103]
2021-03-10 22:37:37.653 TRACE 20712 --- [    Test worker] o.h.type.descriptor.sql.BasicExtractor   : extracted value ([id1_7_] : [BIGINT]) - [104]
2021-03-10 22:37:37.653 TRACE 20712 --- [    Test worker] o.h.type.descriptor.sql.BasicExtractor   : extracted value ([id1_7_] : [BIGINT]) - [105]
2021-03-10 22:37:37.653 TRACE 20712 --- [    Test worker] o.h.type.descriptor.sql.BasicExtractor   : extracted value ([id1_7_] : [BIGINT]) - [106]
2021-03-10 22:37:37.653 TRACE 20712 --- [    Test worker] o.h.type.descriptor.sql.BasicExtractor   : extracted value ([id1_7_] : [BIGINT]) - [107]
2021-03-10 22:37:37.653 TRACE 20712 --- [    Test worker] o.h.type.descriptor.sql.BasicExtractor   : extracted value ([id1_7_] : [BIGINT]) - [108]
2021-03-10 22:37:37.653 TRACE 20712 --- [    Test worker] o.h.type.descriptor.sql.BasicExtractor   : extracted value ([id1_7_] : [BIGINT]) - [109]
2021-03-10 22:37:37.653 TRACE 20712 --- [    Test worker] o.h.type.descriptor.sql.BasicExtractor   : extracted value ([id1_7_] : [BIGINT]) - [110]
2021-03-10 22:37:37.653 TRACE 20712 --- [    Test worker] o.h.type.descriptor.sql.BasicExtractor   : extracted value ([id1_7_] : [BIGINT]) - [111]
2021-03-10 22:37:37.653 TRACE 20712 --- [    Test worker] o.h.type.descriptor.sql.BasicExtractor   : extracted value ([id1_7_] : [BIGINT]) - [112]
2021-03-10 22:37:37.653 TRACE 20712 --- [    Test worker] o.h.type.descriptor.sql.BasicExtractor   : extracted value ([id1_7_] : [BIGINT]) - [113]
2021-03-10 22:37:37.653 TRACE 20712 --- [    Test worker] o.h.type.descriptor.sql.BasicExtractor   : extracted value ([id1_7_] : [BIGINT]) - [114]
2021-03-10 22:37:37.653 TRACE 20712 --- [    Test worker] o.h.type.descriptor.sql.BasicExtractor   : extracted value ([id1_7_] : [BIGINT]) - [115]
2021-03-10 22:37:37.653 TRACE 20712 --- [    Test worker] o.h.type.descriptor.sql.BasicExtractor   : extracted value ([id1_7_] : [BIGINT]) - [116]
2021-03-10 22:37:37.653 TRACE 20712 --- [    Test worker] o.h.type.descriptor.sql.BasicExtractor   : extracted value ([id1_7_] : [BIGINT]) - [117]
2021-03-10 22:37:37.653 TRACE 20712 --- [    Test worker] o.h.type.descriptor.sql.BasicExtractor   : extracted value ([id1_7_] : [BIGINT]) - [118]
2021-03-10 22:37:37.653 TRACE 20712 --- [    Test worker] o.h.type.descriptor.sql.BasicExtractor   : extracted value ([id1_7_] : [BIGINT]) - [119]
2021-03-10 22:37:37.653 TRACE 20712 --- [    Test worker] o.h.type.descriptor.sql.BasicExtractor   : extracted value ([id1_7_] : [BIGINT]) - [120]
2021-03-10 22:37:37.653 TRACE 20712 --- [    Test worker] o.h.type.descriptor.sql.BasicExtractor   : extracted value ([id1_7_] : [BIGINT]) - [121]
2021-03-10 22:37:37.653 TRACE 20712 --- [    Test worker] o.h.type.descriptor.sql.BasicExtractor   : extracted value ([id1_7_] : [BIGINT]) - [122]
2021-03-10 22:37:37.653 TRACE 20712 --- [    Test worker] o.h.type.descriptor.sql.BasicExtractor   : extracted value ([id1_7_] : [BIGINT]) - [123]
2021-03-10 22:37:37.653 TRACE 20712 --- [    Test worker] o.h.type.descriptor.sql.BasicExtractor   : extracted value ([id1_7_] : [BIGINT]) - [124]
2021-03-10 22:37:37.653 TRACE 20712 --- [    Test worker] o.h.type.descriptor.sql.BasicExtractor   : extracted value ([id1_7_] : [BIGINT]) - [125]
2021-03-10 22:37:37.653 TRACE 20712 --- [    Test worker] o.h.type.descriptor.sql.BasicExtractor   : extracted value ([id1_7_] : [BIGINT]) - [126]
2021-03-10 22:37:37.653 TRACE 20712 --- [    Test worker] o.h.type.descriptor.sql.BasicExtractor   : extracted value ([id1_7_] : [BIGINT]) - [127]
2021-03-10 22:37:37.653 TRACE 20712 --- [    Test worker] o.h.type.descriptor.sql.BasicExtractor   : extracted value ([id1_7_] : [BIGINT]) - [128]
2021-03-10 22:37:37.653 TRACE 20712 --- [    Test worker] o.h.type.descriptor.sql.BasicExtractor   : extracted value ([id1_7_] : [BIGINT]) - [129]
2021-03-10 22:37:37.653 TRACE 20712 --- [    Test worker] o.h.type.descriptor.sql.BasicExtractor   : extracted value ([id1_7_] : [BIGINT]) - [130]
2021-03-10 22:37:37.653 TRACE 20712 --- [    Test worker] o.h.type.descriptor.sql.BasicExtractor   : extracted value ([id1_7_] : [BIGINT]) - [131]
2021-03-10 22:37:37.653 TRACE 20712 --- [    Test worker] o.h.type.descriptor.sql.BasicExtractor   : extracted value ([id1_7_] : [BIGINT]) - [132]
2021-03-10 22:37:37.653 TRACE 20712 --- [    Test worker] o.h.type.descriptor.sql.BasicExtractor   : extracted value ([id1_7_] : [BIGINT]) - [133]
2021-03-10 22:37:37.653 TRACE 20712 --- [    Test worker] o.h.type.descriptor.sql.BasicExtractor   : extracted value ([id1_7_] : [BIGINT]) - [134]
2021-03-10 22:37:37.653 TRACE 20712 --- [    Test worker] o.h.type.descriptor.sql.BasicExtractor   : extracted value ([id1_7_] : [BIGINT]) - [135]
2021-03-10 22:37:37.653 TRACE 20712 --- [    Test worker] o.h.type.descriptor.sql.BasicExtractor   : extracted value ([id1_7_] : [BIGINT]) - [136]
2021-03-10 22:37:37.653 TRACE 20712 --- [    Test worker] o.h.type.descriptor.sql.BasicExtractor   : extracted value ([id1_7_] : [BIGINT]) - [137]
2021-03-10 22:37:37.653 TRACE 20712 --- [    Test worker] o.h.type.descriptor.sql.BasicExtractor   : extracted value ([id1_7_] : [BIGINT]) - [138]
2021-03-10 22:37:37.653 TRACE 20712 --- [    Test worker] o.h.type.descriptor.sql.BasicExtractor   : extracted value ([id1_7_] : [BIGINT]) - [139]
2021-03-10 22:37:37.653 TRACE 20712 --- [    Test worker] o.h.type.descriptor.sql.BasicExtractor   : extracted value ([id1_7_] : [BIGINT]) - [140]
2021-03-10 22:37:37.653 TRACE 20712 --- [    Test worker] o.h.type.descriptor.sql.BasicExtractor   : extracted value ([id1_7_] : [BIGINT]) - [141]
2021-03-10 22:37:37.653 TRACE 20712 --- [    Test worker] o.h.type.descriptor.sql.BasicExtractor   : extracted value ([id1_7_] : [BIGINT]) - [142]
2021-03-10 22:37:37.653 TRACE 20712 --- [    Test worker] o.h.type.descriptor.sql.BasicExtractor   : extracted value ([id1_7_] : [BIGINT]) - [143]
2021-03-10 22:37:37.653 TRACE 20712 --- [    Test worker] o.h.type.descriptor.sql.BasicExtractor   : extracted value ([id1_7_] : [BIGINT]) - [144]
2021-03-10 22:37:37.653 TRACE 20712 --- [    Test worker] o.h.type.descriptor.sql.BasicExtractor   : extracted value ([id1_7_] : [BIGINT]) - [145]
Hibernate: 
    select
        zone0_.id as id1_7_,
        zone0_.city as city2_7_,
        zone0_.local_name_of_city as local_na3_7_,
        zone0_.province as province4_7_ 
    from
        zone zone0_
2021-03-10 22:37:37.653 TRACE 20712 --- [    Test worker] o.h.type.descriptor.sql.BasicExtractor   : extracted value ([id1_7_] : [BIGINT]) - [61]
2021-03-10 22:37:37.653 TRACE 20712 --- [    Test worker] o.h.type.descriptor.sql.BasicExtractor   : extracted value ([id1_7_] : [BIGINT]) - [62]
2021-03-10 22:37:37.653 TRACE 20712 --- [    Test worker] o.h.type.descriptor.sql.BasicExtractor   : extracted value ([id1_7_] : [BIGINT]) - [63]
2021-03-10 22:37:37.653 TRACE 20712 --- [    Test worker] o.h.type.descriptor.sql.BasicExtractor   : extracted value ([id1_7_] : [BIGINT]) - [64]
2021-03-10 22:37:37.653 TRACE 20712 --- [    Test worker] o.h.type.descriptor.sql.BasicExtractor   : extracted value ([id1_7_] : [BIGINT]) - [65]
2021-03-10 22:37:37.653 TRACE 20712 --- [    Test worker] o.h.type.descriptor.sql.BasicExtractor   : extracted value ([id1_7_] : [BIGINT]) - [66]
2021-03-10 22:37:37.653 TRACE 20712 --- [    Test worker] o.h.type.descriptor.sql.BasicExtractor   : extracted value ([id1_7_] : [BIGINT]) - [67]
2021-03-10 22:37:37.653 TRACE 20712 --- [    Test worker] o.h.type.descriptor.sql.BasicExtractor   : extracted value ([id1_7_] : [BIGINT]) - [68]
2021-03-10 22:37:37.653 TRACE 20712 --- [    Test worker] o.h.type.descriptor.sql.BasicExtractor   : extracted value ([id1_7_] : [BIGINT]) - [69]
2021-03-10 22:37:37.653 TRACE 20712 --- [    Test worker] o.h.type.descriptor.sql.BasicExtractor   : extracted value ([id1_7_] : [BIGINT]) - [70]
2021-03-10 22:37:37.653 TRACE 20712 --- [    Test worker] o.h.type.descriptor.sql.BasicExtractor   : extracted value ([id1_7_] : [BIGINT]) - [71]
2021-03-10 22:37:37.653 TRACE 20712 --- [    Test worker] o.h.type.descriptor.sql.BasicExtractor   : extracted value ([id1_7_] : [BIGINT]) - [72]
2021-03-10 22:37:37.653 TRACE 20712 --- [    Test worker] o.h.type.descriptor.sql.BasicExtractor   : extracted value ([id1_7_] : [BIGINT]) - [73]
2021-03-10 22:37:37.653 TRACE 20712 --- [    Test worker] o.h.type.descriptor.sql.BasicExtractor   : extracted value ([id1_7_] : [BIGINT]) - [74]
2021-03-10 22:37:37.653 TRACE 20712 --- [    Test worker] o.h.type.descriptor.sql.BasicExtractor   : extracted value ([id1_7_] : [BIGINT]) - [75]
2021-03-10 22:37:37.653 TRACE 20712 --- [    Test worker] o.h.type.descriptor.sql.BasicExtractor   : extracted value ([id1_7_] : [BIGINT]) - [76]
2021-03-10 22:37:37.653 TRACE 20712 --- [    Test worker] o.h.type.descriptor.sql.BasicExtractor   : extracted value ([id1_7_] : [BIGINT]) - [77]
2021-03-10 22:37:37.653 TRACE 20712 --- [    Test worker] o.h.type.descriptor.sql.BasicExtractor   : extracted value ([id1_7_] : [BIGINT]) - [78]
2021-03-10 22:37:37.653 TRACE 20712 --- [    Test worker] o.h.type.descriptor.sql.BasicExtractor   : extracted value ([id1_7_] : [BIGINT]) - [79]
2021-03-10 22:37:37.653 TRACE 20712 --- [    Test worker] o.h.type.descriptor.sql.BasicExtractor   : extracted value ([id1_7_] : [BIGINT]) - [80]
2021-03-10 22:37:37.653 TRACE 20712 --- [    Test worker] o.h.type.descriptor.sql.BasicExtractor   : extracted value ([id1_7_] : [BIGINT]) - [81]
2021-03-10 22:37:37.653 TRACE 20712 --- [    Test worker] o.h.type.descriptor.sql.BasicExtractor   : extracted value ([id1_7_] : [BIGINT]) - [82]
2021-03-10 22:37:37.653 TRACE 20712 --- [    Test worker] o.h.type.descriptor.sql.BasicExtractor   : extracted value ([id1_7_] : [BIGINT]) - [83]
2021-03-10 22:37:37.653 TRACE 20712 --- [    Test worker] o.h.type.descriptor.sql.BasicExtractor   : extracted value ([id1_7_] : [BIGINT]) - [84]
2021-03-10 22:37:37.653 TRACE 20712 --- [    Test worker] o.h.type.descriptor.sql.BasicExtractor   : extracted value ([id1_7_] : [BIGINT]) - [85]
2021-03-10 22:37:37.653 TRACE 20712 --- [    Test worker] o.h.type.descriptor.sql.BasicExtractor   : extracted value ([id1_7_] : [BIGINT]) - [86]
2021-03-10 22:37:37.653 TRACE 20712 --- [    Test worker] o.h.type.descriptor.sql.BasicExtractor   : extracted value ([id1_7_] : [BIGINT]) - [87]
2021-03-10 22:37:37.653 TRACE 20712 --- [    Test worker] o.h.type.descriptor.sql.BasicExtractor   : extracted value ([id1_7_] : [BIGINT]) - [88]
2021-03-10 22:37:37.653 TRACE 20712 --- [    Test worker] o.h.type.descriptor.sql.BasicExtractor   : extracted value ([id1_7_] : [BIGINT]) - [89]
2021-03-10 22:37:37.653 TRACE 20712 --- [    Test worker] o.h.type.descriptor.sql.BasicExtractor   : extracted value ([id1_7_] : [BIGINT]) - [90]
2021-03-10 22:37:37.653 TRACE 20712 --- [    Test worker] o.h.type.descriptor.sql.BasicExtractor   : extracted value ([id1_7_] : [BIGINT]) - [91]
2021-03-10 22:37:37.653 TRACE 20712 --- [    Test worker] o.h.type.descriptor.sql.BasicExtractor   : extracted value ([id1_7_] : [BIGINT]) - [92]
2021-03-10 22:37:37.653 TRACE 20712 --- [    Test worker] o.h.type.descriptor.sql.BasicExtractor   : extracted value ([id1_7_] : [BIGINT]) - [93]
2021-03-10 22:37:37.653 TRACE 20712 --- [    Test worker] o.h.type.descriptor.sql.BasicExtractor   : extracted value ([id1_7_] : [BIGINT]) - [94]
2021-03-10 22:37:37.653 TRACE 20712 --- [    Test worker] o.h.type.descriptor.sql.BasicExtractor   : extracted value ([id1_7_] : [BIGINT]) - [95]
2021-03-10 22:37:37.653 TRACE 20712 --- [    Test worker] o.h.type.descriptor.sql.BasicExtractor   : extracted value ([id1_7_] : [BIGINT]) - [96]
2021-03-10 22:37:37.653 TRACE 20712 --- [    Test worker] o.h.type.descriptor.sql.BasicExtractor   : extracted value ([id1_7_] : [BIGINT]) - [97]
2021-03-10 22:37:37.653 TRACE 20712 --- [    Test worker] o.h.type.descriptor.sql.BasicExtractor   : extracted value ([id1_7_] : [BIGINT]) - [98]
2021-03-10 22:37:37.653 TRACE 20712 --- [    Test worker] o.h.type.descriptor.sql.BasicExtractor   : extracted value ([id1_7_] : [BIGINT]) - [99]
2021-03-10 22:37:37.653 TRACE 20712 --- [    Test worker] o.h.type.descriptor.sql.BasicExtractor   : extracted value ([id1_7_] : [BIGINT]) - [100]
2021-03-10 22:37:37.653 TRACE 20712 --- [    Test worker] o.h.type.descriptor.sql.BasicExtractor   : extracted value ([id1_7_] : [BIGINT]) - [101]
2021-03-10 22:37:37.653 TRACE 20712 --- [    Test worker] o.h.type.descriptor.sql.BasicExtractor   : extracted value ([id1_7_] : [BIGINT]) - [102]
2021-03-10 22:37:37.653 TRACE 20712 --- [    Test worker] o.h.type.descriptor.sql.BasicExtractor   : extracted value ([id1_7_] : [BIGINT]) - [103]
2021-03-10 22:37:37.653 TRACE 20712 --- [    Test worker] o.h.type.descriptor.sql.BasicExtractor   : extracted value ([id1_7_] : [BIGINT]) - [104]
2021-03-10 22:37:37.653 TRACE 20712 --- [    Test worker] o.h.type.descriptor.sql.BasicExtractor   : extracted value ([id1_7_] : [BIGINT]) - [105]
2021-03-10 22:37:37.653 TRACE 20712 --- [    Test worker] o.h.type.descriptor.sql.BasicExtractor   : extracted value ([id1_7_] : [BIGINT]) - [106]
2021-03-10 22:37:37.653 TRACE 20712 --- [    Test worker] o.h.type.descriptor.sql.BasicExtractor   : extracted value ([id1_7_] : [BIGINT]) - [107]
2021-03-10 22:37:37.653 TRACE 20712 --- [    Test worker] o.h.type.descriptor.sql.BasicExtractor   : extracted value ([id1_7_] : [BIGINT]) - [108]
2021-03-10 22:37:37.653 TRACE 20712 --- [    Test worker] o.h.type.descriptor.sql.BasicExtractor   : extracted value ([id1_7_] : [BIGINT]) - [109]
2021-03-10 22:37:37.653 TRACE 20712 --- [    Test worker] o.h.type.descriptor.sql.BasicExtractor   : extracted value ([id1_7_] : [BIGINT]) - [110]
2021-03-10 22:37:37.653 TRACE 20712 --- [    Test worker] o.h.type.descriptor.sql.BasicExtractor   : extracted value ([id1_7_] : [BIGINT]) - [111]
2021-03-10 22:37:37.653 TRACE 20712 --- [    Test worker] o.h.type.descriptor.sql.BasicExtractor   : extracted value ([id1_7_] : [BIGINT]) - [112]
2021-03-10 22:37:37.653 TRACE 20712 --- [    Test worker] o.h.type.descriptor.sql.BasicExtractor   : extracted value ([id1_7_] : [BIGINT]) - [113]
2021-03-10 22:37:37.653 TRACE 20712 --- [    Test worker] o.h.type.descriptor.sql.BasicExtractor   : extracted value ([id1_7_] : [BIGINT]) - [114]
2021-03-10 22:37:37.653 TRACE 20712 --- [    Test worker] o.h.type.descriptor.sql.BasicExtractor   : extracted value ([id1_7_] : [BIGINT]) - [115]
2021-03-10 22:37:37.653 TRACE 20712 --- [    Test worker] o.h.type.descriptor.sql.BasicExtractor   : extracted value ([id1_7_] : [BIGINT]) - [116]
2021-03-10 22:37:37.653 TRACE 20712 --- [    Test worker] o.h.type.descriptor.sql.BasicExtractor   : extracted value ([id1_7_] : [BIGINT]) - [117]
2021-03-10 22:37:37.653 TRACE 20712 --- [    Test worker] o.h.type.descriptor.sql.BasicExtractor   : extracted value ([id1_7_] : [BIGINT]) - [118]
2021-03-10 22:37:37.653 TRACE 20712 --- [    Test worker] o.h.type.descriptor.sql.BasicExtractor   : extracted value ([id1_7_] : [BIGINT]) - [119]
2021-03-10 22:37:37.653 TRACE 20712 --- [    Test worker] o.h.type.descriptor.sql.BasicExtractor   : extracted value ([id1_7_] : [BIGINT]) - [120]
2021-03-10 22:37:37.653 TRACE 20712 --- [    Test worker] o.h.type.descriptor.sql.BasicExtractor   : extracted value ([id1_7_] : [BIGINT]) - [121]
2021-03-10 22:37:37.653 TRACE 20712 --- [    Test worker] o.h.type.descriptor.sql.BasicExtractor   : extracted value ([id1_7_] : [BIGINT]) - [122]
2021-03-10 22:37:37.653 TRACE 20712 --- [    Test worker] o.h.type.descriptor.sql.BasicExtractor   : extracted value ([id1_7_] : [BIGINT]) - [123]
2021-03-10 22:37:37.653 TRACE 20712 --- [    Test worker] o.h.type.descriptor.sql.BasicExtractor   : extracted value ([id1_7_] : [BIGINT]) - [124]
2021-03-10 22:37:37.653 TRACE 20712 --- [    Test worker] o.h.type.descriptor.sql.BasicExtractor   : extracted value ([id1_7_] : [BIGINT]) - [125]
2021-03-10 22:37:37.653 TRACE 20712 --- [    Test worker] o.h.type.descriptor.sql.BasicExtractor   : extracted value ([id1_7_] : [BIGINT]) - [126]
2021-03-10 22:37:37.653 TRACE 20712 --- [    Test worker] o.h.type.descriptor.sql.BasicExtractor   : extracted value ([id1_7_] : [BIGINT]) - [127]
2021-03-10 22:37:37.653 TRACE 20712 --- [    Test worker] o.h.type.descriptor.sql.BasicExtractor   : extracted value ([id1_7_] : [BIGINT]) - [128]
2021-03-10 22:37:37.653 TRACE 20712 --- [    Test worker] o.h.type.descriptor.sql.BasicExtractor   : extracted value ([id1_7_] : [BIGINT]) - [129]
2021-03-10 22:37:37.653 TRACE 20712 --- [    Test worker] o.h.type.descriptor.sql.BasicExtractor   : extracted value ([id1_7_] : [BIGINT]) - [130]
2021-03-10 22:37:37.653 TRACE 20712 --- [    Test worker] o.h.type.descriptor.sql.BasicExtractor   : extracted value ([id1_7_] : [BIGINT]) - [131]
2021-03-10 22:37:37.653 TRACE 20712 --- [    Test worker] o.h.type.descriptor.sql.BasicExtractor   : extracted value ([id1_7_] : [BIGINT]) - [132]
2021-03-10 22:37:37.653 TRACE 20712 --- [    Test worker] o.h.type.descriptor.sql.BasicExtractor   : extracted value ([id1_7_] : [BIGINT]) - [133]
2021-03-10 22:37:37.653 TRACE 20712 --- [    Test worker] o.h.type.descriptor.sql.BasicExtractor   : extracted value ([id1_7_] : [BIGINT]) - [134]
2021-03-10 22:37:37.653 TRACE 20712 --- [    Test worker] o.h.type.descriptor.sql.BasicExtractor   : extracted value ([id1_7_] : [BIGINT]) - [135]
2021-03-10 22:37:37.653 TRACE 20712 --- [    Test worker] o.h.type.descriptor.sql.BasicExtractor   : extracted value ([id1_7_] : [BIGINT]) - [136]
2021-03-10 22:37:37.653 TRACE 20712 --- [    Test worker] o.h.type.descriptor.sql.BasicExtractor   : extracted value ([id1_7_] : [BIGINT]) - [137]
2021-03-10 22:37:37.653 TRACE 20712 --- [    Test worker] o.h.type.descriptor.sql.BasicExtractor   : extracted value ([id1_7_] : [BIGINT]) - [138]
2021-03-10 22:37:37.653 TRACE 20712 --- [    Test worker] o.h.type.descriptor.sql.BasicExtractor   : extracted value ([id1_7_] : [BIGINT]) - [139]
2021-03-10 22:37:37.653 TRACE 20712 --- [    Test worker] o.h.type.descriptor.sql.BasicExtractor   : extracted value ([id1_7_] : [BIGINT]) - [140]
2021-03-10 22:37:37.653 TRACE 20712 --- [    Test worker] o.h.type.descriptor.sql.BasicExtractor   : extracted value ([id1_7_] : [BIGINT]) - [141]
2021-03-10 22:37:37.653 TRACE 20712 --- [    Test worker] o.h.type.descriptor.sql.BasicExtractor   : extracted value ([id1_7_] : [BIGINT]) - [142]
2021-03-10 22:37:37.653 TRACE 20712 --- [    Test worker] o.h.type.descriptor.sql.BasicExtractor   : extracted value ([id1_7_] : [BIGINT]) - [143]
2021-03-10 22:37:37.653 TRACE 20712 --- [    Test worker] o.h.type.descriptor.sql.BasicExtractor   : extracted value ([id1_7_] : [BIGINT]) - [144]
2021-03-10 22:37:37.653 TRACE 20712 --- [    Test worker] o.h.type.descriptor.sql.BasicExtractor   : extracted value ([id1_7_] : [BIGINT]) - [145]
Hibernate: 
    select
        zone0_.id as id1_7_,
        zone0_.city as city2_7_,
        zone0_.local_name_of_city as local_na3_7_,
        zone0_.province as province4_7_ 
    from
        zone zone0_
2021-03-10 22:37:37.653 TRACE 20712 --- [    Test worker] o.h.type.descriptor.sql.BasicExtractor   : extracted value ([id1_7_] : [BIGINT]) - [61]
2021-03-10 22:37:37.653 TRACE 20712 --- [    Test worker] o.h.type.descriptor.sql.BasicExtractor   : extracted value ([id1_7_] : [BIGINT]) - [62]
2021-03-10 22:37:37.653 TRACE 20712 --- [    Test worker] o.h.type.descriptor.sql.BasicExtractor   : extracted value ([id1_7_] : [BIGINT]) - [63]
2021-03-10 22:37:37.653 TRACE 20712 --- [    Test worker] o.h.type.descriptor.sql.BasicExtractor   : extracted value ([id1_7_] : [BIGINT]) - [64]
2021-03-10 22:37:37.653 TRACE 20712 --- [    Test worker] o.h.type.descriptor.sql.BasicExtractor   : extracted value ([id1_7_] : [BIGINT]) - [65]
2021-03-10 22:37:37.653 TRACE 20712 --- [    Test worker] o.h.type.descriptor.sql.BasicExtractor   : extracted value ([id1_7_] : [BIGINT]) - [66]
2021-03-10 22:37:37.653 TRACE 20712 --- [    Test worker] o.h.type.descriptor.sql.BasicExtractor   : extracted value ([id1_7_] : [BIGINT]) - [67]
2021-03-10 22:37:37.653 TRACE 20712 --- [    Test worker] o.h.type.descriptor.sql.BasicExtractor   : extracted value ([id1_7_] : [BIGINT]) - [68]
2021-03-10 22:37:37.653 TRACE 20712 --- [    Test worker] o.h.type.descriptor.sql.BasicExtractor   : extracted value ([id1_7_] : [BIGINT]) - [69]
2021-03-10 22:37:37.653 TRACE 20712 --- [    Test worker] o.h.type.descriptor.sql.BasicExtractor   : extracted value ([id1_7_] : [BIGINT]) - [70]
2021-03-10 22:37:37.653 TRACE 20712 --- [    Test worker] o.h.type.descriptor.sql.BasicExtractor   : extracted value ([id1_7_] : [BIGINT]) - [71]
2021-03-10 22:37:37.653 TRACE 20712 --- [    Test worker] o.h.type.descriptor.sql.BasicExtractor   : extracted value ([id1_7_] : [BIGINT]) - [72]
2021-03-10 22:37:37.653 TRACE 20712 --- [    Test worker] o.h.type.descriptor.sql.BasicExtractor   : extracted value ([id1_7_] : [BIGINT]) - [73]
2021-03-10 22:37:37.653 TRACE 20712 --- [    Test worker] o.h.type.descriptor.sql.BasicExtractor   : extracted value ([id1_7_] : [BIGINT]) - [74]
2021-03-10 22:37:37.653 TRACE 20712 --- [    Test worker] o.h.type.descriptor.sql.BasicExtractor   : extracted value ([id1_7_] : [BIGINT]) - [75]
2021-03-10 22:37:37.653 TRACE 20712 --- [    Test worker] o.h.type.descriptor.sql.BasicExtractor   : extracted value ([id1_7_] : [BIGINT]) - [76]
2021-03-10 22:37:37.653 TRACE 20712 --- [    Test worker] o.h.type.descriptor.sql.BasicExtractor   : extracted value ([id1_7_] : [BIGINT]) - [77]
2021-03-10 22:37:37.653 TRACE 20712 --- [    Test worker] o.h.type.descriptor.sql.BasicExtractor   : extracted value ([id1_7_] : [BIGINT]) - [78]
2021-03-10 22:37:37.653 TRACE 20712 --- [    Test worker] o.h.type.descriptor.sql.BasicExtractor   : extracted value ([id1_7_] : [BIGINT]) - [79]
2021-03-10 22:37:37.653 TRACE 20712 --- [    Test worker] o.h.type.descriptor.sql.BasicExtractor   : extracted value ([id1_7_] : [BIGINT]) - [80]
2021-03-10 22:37:37.653 TRACE 20712 --- [    Test worker] o.h.type.descriptor.sql.BasicExtractor   : extracted value ([id1_7_] : [BIGINT]) - [81]
2021-03-10 22:37:37.653 TRACE 20712 --- [    Test worker] o.h.type.descriptor.sql.BasicExtractor   : extracted value ([id1_7_] : [BIGINT]) - [82]
2021-03-10 22:37:37.653 TRACE 20712 --- [    Test worker] o.h.type.descriptor.sql.BasicExtractor   : extracted value ([id1_7_] : [BIGINT]) - [83]
2021-03-10 22:37:37.653 TRACE 20712 --- [    Test worker] o.h.type.descriptor.sql.BasicExtractor   : extracted value ([id1_7_] : [BIGINT]) - [84]
2021-03-10 22:37:37.653 TRACE 20712 --- [    Test worker] o.h.type.descriptor.sql.BasicExtractor   : extracted value ([id1_7_] : [BIGINT]) - [85]
2021-03-10 22:37:37.653 TRACE 20712 --- [    Test worker] o.h.type.descriptor.sql.BasicExtractor   : extracted value ([id1_7_] : [BIGINT]) - [86]
2021-03-10 22:37:37.653 TRACE 20712 --- [    Test worker] o.h.type.descriptor.sql.BasicExtractor   : extracted value ([id1_7_] : [BIGINT]) - [87]
2021-03-10 22:37:37.653 TRACE 20712 --- [    Test worker] o.h.type.descriptor.sql.BasicExtractor   : extracted value ([id1_7_] : [BIGINT]) - [88]
2021-03-10 22:37:37.653 TRACE 20712 --- [    Test worker] o.h.type.descriptor.sql.BasicExtractor   : extracted value ([id1_7_] : [BIGINT]) - [89]
2021-03-10 22:37:37.653 TRACE 20712 --- [    Test worker] o.h.type.descriptor.sql.BasicExtractor   : extracted value ([id1_7_] : [BIGINT]) - [90]
2021-03-10 22:37:37.653 TRACE 20712 --- [    Test worker] o.h.type.descriptor.sql.BasicExtractor   : extracted value ([id1_7_] : [BIGINT]) - [91]
2021-03-10 22:37:37.653 TRACE 20712 --- [    Test worker] o.h.type.descriptor.sql.BasicExtractor   : extracted value ([id1_7_] : [BIGINT]) - [92]
2021-03-10 22:37:37.653 TRACE 20712 --- [    Test worker] o.h.type.descriptor.sql.BasicExtractor   : extracted value ([id1_7_] : [BIGINT]) - [93]
2021-03-10 22:37:37.653 TRACE 20712 --- [    Test worker] o.h.type.descriptor.sql.BasicExtractor   : extracted value ([id1_7_] : [BIGINT]) - [94]
2021-03-10 22:37:37.653 TRACE 20712 --- [    Test worker] o.h.type.descriptor.sql.BasicExtractor   : extracted value ([id1_7_] : [BIGINT]) - [95]
2021-03-10 22:37:37.653 TRACE 20712 --- [    Test worker] o.h.type.descriptor.sql.BasicExtractor   : extracted value ([id1_7_] : [BIGINT]) - [96]
2021-03-10 22:37:37.653 TRACE 20712 --- [    Test worker] o.h.type.descriptor.sql.BasicExtractor   : extracted value ([id1_7_] : [BIGINT]) - [97]
2021-03-10 22:37:37.653 TRACE 20712 --- [    Test worker] o.h.type.descriptor.sql.BasicExtractor   : extracted value ([id1_7_] : [BIGINT]) - [98]
2021-03-10 22:37:37.653 TRACE 20712 --- [    Test worker] o.h.type.descriptor.sql.BasicExtractor   : extracted value ([id1_7_] : [BIGINT]) - [99]
2021-03-10 22:37:37.653 TRACE 20712 --- [    Test worker] o.h.type.descriptor.sql.BasicExtractor   : extracted value ([id1_7_] : [BIGINT]) - [100]
2021-03-10 22:37:37.653 TRACE 20712 --- [    Test worker] o.h.type.descriptor.sql.BasicExtractor   : extracted value ([id1_7_] : [BIGINT]) - [101]
2021-03-10 22:37:37.653 TRACE 20712 --- [    Test worker] o.h.type.descriptor.sql.BasicExtractor   : extracted value ([id1_7_] : [BIGINT]) - [102]
2021-03-10 22:37:37.653 TRACE 20712 --- [    Test worker] o.h.type.descriptor.sql.BasicExtractor   : extracted value ([id1_7_] : [BIGINT]) - [103]
2021-03-10 22:37:37.653 TRACE 20712 --- [    Test worker] o.h.type.descriptor.sql.BasicExtractor   : extracted value ([id1_7_] : [BIGINT]) - [104]
2021-03-10 22:37:37.653 TRACE 20712 --- [    Test worker] o.h.type.descriptor.sql.BasicExtractor   : extracted value ([id1_7_] : [BIGINT]) - [105]
2021-03-10 22:37:37.653 TRACE 20712 --- [    Test worker] o.h.type.descriptor.sql.BasicExtractor   : extracted value ([id1_7_] : [BIGINT]) - [106]
2021-03-10 22:37:37.653 TRACE 20712 --- [    Test worker] o.h.type.descriptor.sql.BasicExtractor   : extracted value ([id1_7_] : [BIGINT]) - [107]
2021-03-10 22:37:37.653 TRACE 20712 --- [    Test worker] o.h.type.descriptor.sql.BasicExtractor   : extracted value ([id1_7_] : [BIGINT]) - [108]
2021-03-10 22:37:37.653 TRACE 20712 --- [    Test worker] o.h.type.descriptor.sql.BasicExtractor   : extracted value ([id1_7_] : [BIGINT]) - [109]
2021-03-10 22:37:37.653 TRACE 20712 --- [    Test worker] o.h.type.descriptor.sql.BasicExtractor   : extracted value ([id1_7_] : [BIGINT]) - [110]
2021-03-10 22:37:37.653 TRACE 20712 --- [    Test worker] o.h.type.descriptor.sql.BasicExtractor   : extracted value ([id1_7_] : [BIGINT]) - [111]
2021-03-10 22:37:37.653 TRACE 20712 --- [    Test worker] o.h.type.descriptor.sql.BasicExtractor   : extracted value ([id1_7_] : [BIGINT]) - [112]
2021-03-10 22:37:37.653 TRACE 20712 --- [    Test worker] o.h.type.descriptor.sql.BasicExtractor   : extracted value ([id1_7_] : [BIGINT]) - [113]
2021-03-10 22:37:37.653 TRACE 20712 --- [    Test worker] o.h.type.descriptor.sql.BasicExtractor   : extracted value ([id1_7_] : [BIGINT]) - [114]
2021-03-10 22:37:37.653 TRACE 20712 --- [    Test worker] o.h.type.descriptor.sql.BasicExtractor   : extracted value ([id1_7_] : [BIGINT]) - [115]
2021-03-10 22:37:37.653 TRACE 20712 --- [    Test worker] o.h.type.descriptor.sql.BasicExtractor   : extracted value ([id1_7_] : [BIGINT]) - [116]
2021-03-10 22:37:37.653 TRACE 20712 --- [    Test worker] o.h.type.descriptor.sql.BasicExtractor   : extracted value ([id1_7_] : [BIGINT]) - [117]
2021-03-10 22:37:37.653 TRACE 20712 --- [    Test worker] o.h.type.descriptor.sql.BasicExtractor   : extracted value ([id1_7_] : [BIGINT]) - [118]
2021-03-10 22:37:37.653 TRACE 20712 --- [    Test worker] o.h.type.descriptor.sql.BasicExtractor   : extracted value ([id1_7_] : [BIGINT]) - [119]
2021-03-10 22:37:37.653 TRACE 20712 --- [    Test worker] o.h.type.descriptor.sql.BasicExtractor   : extracted value ([id1_7_] : [BIGINT]) - [120]
2021-03-10 22:37:37.653 TRACE 20712 --- [    Test worker] o.h.type.descriptor.sql.BasicExtractor   : extracted value ([id1_7_] : [BIGINT]) - [121]
2021-03-10 22:37:37.653 TRACE 20712 --- [    Test worker] o.h.type.descriptor.sql.BasicExtractor   : extracted value ([id1_7_] : [BIGINT]) - [122]
2021-03-10 22:37:37.653 TRACE 20712 --- [    Test worker] o.h.type.descriptor.sql.BasicExtractor   : extracted value ([id1_7_] : [BIGINT]) - [123]
2021-03-10 22:37:37.653 TRACE 20712 --- [    Test worker] o.h.type.descriptor.sql.BasicExtractor   : extracted value ([id1_7_] : [BIGINT]) - [124]
2021-03-10 22:37:37.653 TRACE 20712 --- [    Test worker] o.h.type.descriptor.sql.BasicExtractor   : extracted value ([id1_7_] : [BIGINT]) - [125]
2021-03-10 22:37:37.653 TRACE 20712 --- [    Test worker] o.h.type.descriptor.sql.BasicExtractor   : extracted value ([id1_7_] : [BIGINT]) - [126]
2021-03-10 22:37:37.653 TRACE 20712 --- [    Test worker] o.h.type.descriptor.sql.BasicExtractor   : extracted value ([id1_7_] : [BIGINT]) - [127]
2021-03-10 22:37:37.653 TRACE 20712 --- [    Test worker] o.h.type.descriptor.sql.BasicExtractor   : extracted value ([id1_7_] : [BIGINT]) - [128]
2021-03-10 22:37:37.653 TRACE 20712 --- [    Test worker] o.h.type.descriptor.sql.BasicExtractor   : extracted value ([id1_7_] : [BIGINT]) - [129]
2021-03-10 22:37:37.653 TRACE 20712 --- [    Test worker] o.h.type.descriptor.sql.BasicExtractor   : extracted value ([id1_7_] : [BIGINT]) - [130]
2021-03-10 22:37:37.653 TRACE 20712 --- [    Test worker] o.h.type.descriptor.sql.BasicExtractor   : extracted value ([id1_7_] : [BIGINT]) - [131]
2021-03-10 22:37:37.653 TRACE 20712 --- [    Test worker] o.h.type.descriptor.sql.BasicExtractor   : extracted value ([id1_7_] : [BIGINT]) - [132]
2021-03-10 22:37:37.653 TRACE 20712 --- [    Test worker] o.h.type.descriptor.sql.BasicExtractor   : extracted value ([id1_7_] : [BIGINT]) - [133]
2021-03-10 22:37:37.653 TRACE 20712 --- [    Test worker] o.h.type.descriptor.sql.BasicExtractor   : extracted value ([id1_7_] : [BIGINT]) - [134]
2021-03-10 22:37:37.653 TRACE 20712 --- [    Test worker] o.h.type.descriptor.sql.BasicExtractor   : extracted value ([id1_7_] : [BIGINT]) - [135]
2021-03-10 22:37:37.653 TRACE 20712 --- [    Test worker] o.h.type.descriptor.sql.BasicExtractor   : extracted value ([id1_7_] : [BIGINT]) - [136]
2021-03-10 22:37:37.653 TRACE 20712 --- [    Test worker] o.h.type.descriptor.sql.BasicExtractor   : extracted value ([id1_7_] : [BIGINT]) - [137]
2021-03-10 22:37:37.653 TRACE 20712 --- [    Test worker] o.h.type.descriptor.sql.BasicExtractor   : extracted value ([id1_7_] : [BIGINT]) - [138]
2021-03-10 22:37:37.653 TRACE 20712 --- [    Test worker] o.h.type.descriptor.sql.BasicExtractor   : extracted value ([id1_7_] : [BIGINT]) - [139]
2021-03-10 22:37:37.653 TRACE 20712 --- [    Test worker] o.h.type.descriptor.sql.BasicExtractor   : extracted value ([id1_7_] : [BIGINT]) - [140]
2021-03-10 22:37:37.653 TRACE 20712 --- [    Test worker] o.h.type.descriptor.sql.BasicExtractor   : extracted value ([id1_7_] : [BIGINT]) - [141]
2021-03-10 22:37:37.653 TRACE 20712 --- [    Test worker] o.h.type.descriptor.sql.BasicExtractor   : extracted value ([id1_7_] : [BIGINT]) - [142]
2021-03-10 22:37:37.653 TRACE 20712 --- [    Test worker] o.h.type.descriptor.sql.BasicExtractor   : extracted value ([id1_7_] : [BIGINT]) - [143]
2021-03-10 22:37:37.653 TRACE 20712 --- [    Test worker] o.h.type.descriptor.sql.BasicExtractor   : extracted value ([id1_7_] : [BIGINT]) - [144]
2021-03-10 22:37:37.653 TRACE 20712 --- [    Test worker] o.h.type.descriptor.sql.BasicExtractor   : extracted value ([id1_7_] : [BIGINT]) - [145]
Hibernate: 
    select
        zone0_.id as id1_7_,
        zone0_.city as city2_7_,
        zone0_.local_name_of_city as local_na3_7_,
        zone0_.province as province4_7_ 
    from
        zone zone0_
2021-03-10 22:37:37.653 TRACE 20712 --- [    Test worker] o.h.type.descriptor.sql.BasicExtractor   : extracted value ([id1_7_] : [BIGINT]) - [61]
2021-03-10 22:37:37.653 TRACE 20712 --- [    Test worker] o.h.type.descriptor.sql.BasicExtractor   : extracted value ([id1_7_] : [BIGINT]) - [62]
2021-03-10 22:37:37.653 TRACE 20712 --- [    Test worker] o.h.type.descriptor.sql.BasicExtractor   : extracted value ([id1_7_] : [BIGINT]) - [63]
2021-03-10 22:37:37.653 TRACE 20712 --- [    Test worker] o.h.type.descriptor.sql.BasicExtractor   : extracted value ([id1_7_] : [BIGINT]) - [64]
2021-03-10 22:37:37.653 TRACE 20712 --- [    Test worker] o.h.type.descriptor.sql.BasicExtractor   : extracted value ([id1_7_] : [BIGINT]) - [65]
2021-03-10 22:37:37.653 TRACE 20712 --- [    Test worker] o.h.type.descriptor.sql.BasicExtractor   : extracted value ([id1_7_] : [BIGINT]) - [66]
2021-03-10 22:37:37.653 TRACE 20712 --- [    Test worker] o.h.type.descriptor.sql.BasicExtractor   : extracted value ([id1_7_] : [BIGINT]) - [67]
2021-03-10 22:37:37.653 TRACE 20712 --- [    Test worker] o.h.type.descriptor.sql.BasicExtractor   : extracted value ([id1_7_] : [BIGINT]) - [68]
2021-03-10 22:37:37.653 TRACE 20712 --- [    Test worker] o.h.type.descriptor.sql.BasicExtractor   : extracted value ([id1_7_] : [BIGINT]) - [69]
2021-03-10 22:37:37.653 TRACE 20712 --- [    Test worker] o.h.type.descriptor.sql.BasicExtractor   : extracted value ([id1_7_] : [BIGINT]) - [70]
2021-03-10 22:37:37.653 TRACE 20712 --- [    Test worker] o.h.type.descriptor.sql.BasicExtractor   : extracted value ([id1_7_] : [BIGINT]) - [71]
2021-03-10 22:37:37.653 TRACE 20712 --- [    Test worker] o.h.type.descriptor.sql.BasicExtractor   : extracted value ([id1_7_] : [BIGINT]) - [72]
2021-03-10 22:37:37.653 TRACE 20712 --- [    Test worker] o.h.type.descriptor.sql.BasicExtractor   : extracted value ([id1_7_] : [BIGINT]) - [73]
2021-03-10 22:37:37.653 TRACE 20712 --- [    Test worker] o.h.type.descriptor.sql.BasicExtractor   : extracted value ([id1_7_] : [BIGINT]) - [74]
2021-03-10 22:37:37.653 TRACE 20712 --- [    Test worker] o.h.type.descriptor.sql.BasicExtractor   : extracted value ([id1_7_] : [BIGINT]) - [75]
2021-03-10 22:37:37.653 TRACE 20712 --- [    Test worker] o.h.type.descriptor.sql.BasicExtractor   : extracted value ([id1_7_] : [BIGINT]) - [76]
2021-03-10 22:37:37.653 TRACE 20712 --- [    Test worker] o.h.type.descriptor.sql.BasicExtractor   : extracted value ([id1_7_] : [BIGINT]) - [77]
2021-03-10 22:37:37.653 TRACE 20712 --- [    Test worker] o.h.type.descriptor.sql.BasicExtractor   : extracted value ([id1_7_] : [BIGINT]) - [78]
2021-03-10 22:37:37.653 TRACE 20712 --- [    Test worker] o.h.type.descriptor.sql.BasicExtractor   : extracted value ([id1_7_] : [BIGINT]) - [79]
2021-03-10 22:37:37.653 TRACE 20712 --- [    Test worker] o.h.type.descriptor.sql.BasicExtractor   : extracted value ([id1_7_] : [BIGINT]) - [80]
2021-03-10 22:37:37.653 TRACE 20712 --- [    Test worker] o.h.type.descriptor.sql.BasicExtractor   : extracted value ([id1_7_] : [BIGINT]) - [81]
2021-03-10 22:37:37.653 TRACE 20712 --- [    Test worker] o.h.type.descriptor.sql.BasicExtractor   : extracted value ([id1_7_] : [BIGINT]) - [82]
2021-03-10 22:37:37.653 TRACE 20712 --- [    Test worker] o.h.type.descriptor.sql.BasicExtractor   : extracted value ([id1_7_] : [BIGINT]) - [83]
2021-03-10 22:37:37.653 TRACE 20712 --- [    Test worker] o.h.type.descriptor.sql.BasicExtractor   : extracted value ([id1_7_] : [BIGINT]) - [84]
2021-03-10 22:37:37.653 TRACE 20712 --- [    Test worker] o.h.type.descriptor.sql.BasicExtractor   : extracted value ([id1_7_] : [BIGINT]) - [85]
2021-03-10 22:37:37.653 TRACE 20712 --- [    Test worker] o.h.type.descriptor.sql.BasicExtractor   : extracted value ([id1_7_] : [BIGINT]) - [86]
2021-03-10 22:37:37.653 TRACE 20712 --- [    Test worker] o.h.type.descriptor.sql.BasicExtractor   : extracted value ([id1_7_] : [BIGINT]) - [87]
2021-03-10 22:37:37.653 TRACE 20712 --- [    Test worker] o.h.type.descriptor.sql.BasicExtractor   : extracted value ([id1_7_] : [BIGINT]) - [88]
2021-03-10 22:37:37.653 TRACE 20712 --- [    Test worker] o.h.type.descriptor.sql.BasicExtractor   : extracted value ([id1_7_] : [BIGINT]) - [89]
2021-03-10 22:37:37.653 TRACE 20712 --- [    Test worker] o.h.type.descriptor.sql.BasicExtractor   : extracted value ([id1_7_] : [BIGINT]) - [90]
2021-03-10 22:37:37.653 TRACE 20712 --- [    Test worker] o.h.type.descriptor.sql.BasicExtractor   : extracted value ([id1_7_] : [BIGINT]) - [91]
2021-03-10 22:37:37.653 TRACE 20712 --- [    Test worker] o.h.type.descriptor.sql.BasicExtractor   : extracted value ([id1_7_] : [BIGINT]) - [92]
2021-03-10 22:37:37.653 TRACE 20712 --- [    Test worker] o.h.type.descriptor.sql.BasicExtractor   : extracted value ([id1_7_] : [BIGINT]) - [93]
2021-03-10 22:37:37.653 TRACE 20712 --- [    Test worker] o.h.type.descriptor.sql.BasicExtractor   : extracted value ([id1_7_] : [BIGINT]) - [94]
2021-03-10 22:37:37.653 TRACE 20712 --- [    Test worker] o.h.type.descriptor.sql.BasicExtractor   : extracted value ([id1_7_] : [BIGINT]) - [95]
2021-03-10 22:37:37.653 TRACE 20712 --- [    Test worker] o.h.type.descriptor.sql.BasicExtractor   : extracted value ([id1_7_] : [BIGINT]) - [96]
2021-03-10 22:37:37.653 TRACE 20712 --- [    Test worker] o.h.type.descriptor.sql.BasicExtractor   : extracted value ([id1_7_] : [BIGINT]) - [97]
2021-03-10 22:37:37.653 TRACE 20712 --- [    Test worker] o.h.type.descriptor.sql.BasicExtractor   : extracted value ([id1_7_] : [BIGINT]) - [98]
2021-03-10 22:37:37.668 TRACE 20712 --- [    Test worker] o.h.type.descriptor.sql.BasicExtractor   : extracted value ([id1_7_] : [BIGINT]) - [99]
2021-03-10 22:37:37.668 TRACE 20712 --- [    Test worker] o.h.type.descriptor.sql.BasicExtractor   : extracted value ([id1_7_] : [BIGINT]) - [100]
2021-03-10 22:37:37.668 TRACE 20712 --- [    Test worker] o.h.type.descriptor.sql.BasicExtractor   : extracted value ([id1_7_] : [BIGINT]) - [101]
2021-03-10 22:37:37.668 TRACE 20712 --- [    Test worker] o.h.type.descriptor.sql.BasicExtractor   : extracted value ([id1_7_] : [BIGINT]) - [102]
2021-03-10 22:37:37.668 TRACE 20712 --- [    Test worker] o.h.type.descriptor.sql.BasicExtractor   : extracted value ([id1_7_] : [BIGINT]) - [103]
2021-03-10 22:37:37.668 TRACE 20712 --- [    Test worker] o.h.type.descriptor.sql.BasicExtractor   : extracted value ([id1_7_] : [BIGINT]) - [104]
2021-03-10 22:37:37.668 TRACE 20712 --- [    Test worker] o.h.type.descriptor.sql.BasicExtractor   : extracted value ([id1_7_] : [BIGINT]) - [105]
2021-03-10 22:37:37.668 TRACE 20712 --- [    Test worker] o.h.type.descriptor.sql.BasicExtractor   : extracted value ([id1_7_] : [BIGINT]) - [106]
2021-03-10 22:37:37.668 TRACE 20712 --- [    Test worker] o.h.type.descriptor.sql.BasicExtractor   : extracted value ([id1_7_] : [BIGINT]) - [107]
2021-03-10 22:37:37.668 TRACE 20712 --- [    Test worker] o.h.type.descriptor.sql.BasicExtractor   : extracted value ([id1_7_] : [BIGINT]) - [108]
2021-03-10 22:37:37.668 TRACE 20712 --- [    Test worker] o.h.type.descriptor.sql.BasicExtractor   : extracted value ([id1_7_] : [BIGINT]) - [109]
2021-03-10 22:37:37.668 TRACE 20712 --- [    Test worker] o.h.type.descriptor.sql.BasicExtractor   : extracted value ([id1_7_] : [BIGINT]) - [110]
2021-03-10 22:37:37.668 TRACE 20712 --- [    Test worker] o.h.type.descriptor.sql.BasicExtractor   : extracted value ([id1_7_] : [BIGINT]) - [111]
2021-03-10 22:37:37.668 TRACE 20712 --- [    Test worker] o.h.type.descriptor.sql.BasicExtractor   : extracted value ([id1_7_] : [BIGINT]) - [112]
2021-03-10 22:37:37.668 TRACE 20712 --- [    Test worker] o.h.type.descriptor.sql.BasicExtractor   : extracted value ([id1_7_] : [BIGINT]) - [113]
2021-03-10 22:37:37.668 TRACE 20712 --- [    Test worker] o.h.type.descriptor.sql.BasicExtractor   : extracted value ([id1_7_] : [BIGINT]) - [114]
2021-03-10 22:37:37.668 TRACE 20712 --- [    Test worker] o.h.type.descriptor.sql.BasicExtractor   : extracted value ([id1_7_] : [BIGINT]) - [115]
2021-03-10 22:37:37.668 TRACE 20712 --- [    Test worker] o.h.type.descriptor.sql.BasicExtractor   : extracted value ([id1_7_] : [BIGINT]) - [116]
2021-03-10 22:37:37.668 TRACE 20712 --- [    Test worker] o.h.type.descriptor.sql.BasicExtractor   : extracted value ([id1_7_] : [BIGINT]) - [117]
2021-03-10 22:37:37.668 TRACE 20712 --- [    Test worker] o.h.type.descriptor.sql.BasicExtractor   : extracted value ([id1_7_] : [BIGINT]) - [118]
2021-03-10 22:37:37.668 TRACE 20712 --- [    Test worker] o.h.type.descriptor.sql.BasicExtractor   : extracted value ([id1_7_] : [BIGINT]) - [119]
2021-03-10 22:37:37.668 TRACE 20712 --- [    Test worker] o.h.type.descriptor.sql.BasicExtractor   : extracted value ([id1_7_] : [BIGINT]) - [120]
2021-03-10 22:37:37.668 TRACE 20712 --- [    Test worker] o.h.type.descriptor.sql.BasicExtractor   : extracted value ([id1_7_] : [BIGINT]) - [121]
2021-03-10 22:37:37.668 TRACE 20712 --- [    Test worker] o.h.type.descriptor.sql.BasicExtractor   : extracted value ([id1_7_] : [BIGINT]) - [122]
2021-03-10 22:37:37.668 TRACE 20712 --- [    Test worker] o.h.type.descriptor.sql.BasicExtractor   : extracted value ([id1_7_] : [BIGINT]) - [123]
2021-03-10 22:37:37.668 TRACE 20712 --- [    Test worker] o.h.type.descriptor.sql.BasicExtractor   : extracted value ([id1_7_] : [BIGINT]) - [124]
2021-03-10 22:37:37.668 TRACE 20712 --- [    Test worker] o.h.type.descriptor.sql.BasicExtractor   : extracted value ([id1_7_] : [BIGINT]) - [125]
2021-03-10 22:37:37.668 TRACE 20712 --- [    Test worker] o.h.type.descriptor.sql.BasicExtractor   : extracted value ([id1_7_] : [BIGINT]) - [126]
2021-03-10 22:37:37.668 TRACE 20712 --- [    Test worker] o.h.type.descriptor.sql.BasicExtractor   : extracted value ([id1_7_] : [BIGINT]) - [127]
2021-03-10 22:37:37.668 TRACE 20712 --- [    Test worker] o.h.type.descriptor.sql.BasicExtractor   : extracted value ([id1_7_] : [BIGINT]) - [128]
2021-03-10 22:37:37.668 TRACE 20712 --- [    Test worker] o.h.type.descriptor.sql.BasicExtractor   : extracted value ([id1_7_] : [BIGINT]) - [129]
2021-03-10 22:37:37.668 TRACE 20712 --- [    Test worker] o.h.type.descriptor.sql.BasicExtractor   : extracted value ([id1_7_] : [BIGINT]) - [130]
2021-03-10 22:37:37.668 TRACE 20712 --- [    Test worker] o.h.type.descriptor.sql.BasicExtractor   : extracted value ([id1_7_] : [BIGINT]) - [131]
2021-03-10 22:37:37.668 TRACE 20712 --- [    Test worker] o.h.type.descriptor.sql.BasicExtractor   : extracted value ([id1_7_] : [BIGINT]) - [132]
2021-03-10 22:37:37.668 TRACE 20712 --- [    Test worker] o.h.type.descriptor.sql.BasicExtractor   : extracted value ([id1_7_] : [BIGINT]) - [133]
2021-03-10 22:37:37.668 TRACE 20712 --- [    Test worker] o.h.type.descriptor.sql.BasicExtractor   : extracted value ([id1_7_] : [BIGINT]) - [134]
2021-03-10 22:37:37.668 TRACE 20712 --- [    Test worker] o.h.type.descriptor.sql.BasicExtractor   : extracted value ([id1_7_] : [BIGINT]) - [135]
2021-03-10 22:37:37.668 TRACE 20712 --- [    Test worker] o.h.type.descriptor.sql.BasicExtractor   : extracted value ([id1_7_] : [BIGINT]) - [136]
2021-03-10 22:37:37.668 TRACE 20712 --- [    Test worker] o.h.type.descriptor.sql.BasicExtractor   : extracted value ([id1_7_] : [BIGINT]) - [137]
2021-03-10 22:37:37.668 TRACE 20712 --- [    Test worker] o.h.type.descriptor.sql.BasicExtractor   : extracted value ([id1_7_] : [BIGINT]) - [138]
2021-03-10 22:37:37.668 TRACE 20712 --- [    Test worker] o.h.type.descriptor.sql.BasicExtractor   : extracted value ([id1_7_] : [BIGINT]) - [139]
2021-03-10 22:37:37.668 TRACE 20712 --- [    Test worker] o.h.type.descriptor.sql.BasicExtractor   : extracted value ([id1_7_] : [BIGINT]) - [140]
2021-03-10 22:37:37.668 TRACE 20712 --- [    Test worker] o.h.type.descriptor.sql.BasicExtractor   : extracted value ([id1_7_] : [BIGINT]) - [141]
2021-03-10 22:37:37.668 TRACE 20712 --- [    Test worker] o.h.type.descriptor.sql.BasicExtractor   : extracted value ([id1_7_] : [BIGINT]) - [142]
2021-03-10 22:37:37.668 TRACE 20712 --- [    Test worker] o.h.type.descriptor.sql.BasicExtractor   : extracted value ([id1_7_] : [BIGINT]) - [143]
2021-03-10 22:37:37.668 TRACE 20712 --- [    Test worker] o.h.type.descriptor.sql.BasicExtractor   : extracted value ([id1_7_] : [BIGINT]) - [144]
2021-03-10 22:37:37.668 TRACE 20712 --- [    Test worker] o.h.type.descriptor.sql.BasicExtractor   : extracted value ([id1_7_] : [BIGINT]) - [145]
Hibernate: 
    select
        zone0_.id as id1_7_,
        zone0_.city as city2_7_,
        zone0_.local_name_of_city as local_na3_7_,
        zone0_.province as province4_7_ 
    from
        zone zone0_
2021-03-10 22:37:37.668 TRACE 20712 --- [    Test worker] o.h.type.descriptor.sql.BasicExtractor   : extracted value ([id1_7_] : [BIGINT]) - [61]
2021-03-10 22:37:37.668 TRACE 20712 --- [    Test worker] o.h.type.descriptor.sql.BasicExtractor   : extracted value ([id1_7_] : [BIGINT]) - [62]
2021-03-10 22:37:37.668 TRACE 20712 --- [    Test worker] o.h.type.descriptor.sql.BasicExtractor   : extracted value ([id1_7_] : [BIGINT]) - [63]
2021-03-10 22:37:37.668 TRACE 20712 --- [    Test worker] o.h.type.descriptor.sql.BasicExtractor   : extracted value ([id1_7_] : [BIGINT]) - [64]
2021-03-10 22:37:37.668 TRACE 20712 --- [    Test worker] o.h.type.descriptor.sql.BasicExtractor   : extracted value ([id1_7_] : [BIGINT]) - [65]
2021-03-10 22:37:37.668 TRACE 20712 --- [    Test worker] o.h.type.descriptor.sql.BasicExtractor   : extracted value ([id1_7_] : [BIGINT]) - [66]
2021-03-10 22:37:37.668 TRACE 20712 --- [    Test worker] o.h.type.descriptor.sql.BasicExtractor   : extracted value ([id1_7_] : [BIGINT]) - [67]
2021-03-10 22:37:37.668 TRACE 20712 --- [    Test worker] o.h.type.descriptor.sql.BasicExtractor   : extracted value ([id1_7_] : [BIGINT]) - [68]
2021-03-10 22:37:37.668 TRACE 20712 --- [    Test worker] o.h.type.descriptor.sql.BasicExtractor   : extracted value ([id1_7_] : [BIGINT]) - [69]
2021-03-10 22:37:37.668 TRACE 20712 --- [    Test worker] o.h.type.descriptor.sql.BasicExtractor   : extracted value ([id1_7_] : [BIGINT]) - [70]
2021-03-10 22:37:37.668 TRACE 20712 --- [    Test worker] o.h.type.descriptor.sql.BasicExtractor   : extracted value ([id1_7_] : [BIGINT]) - [71]
2021-03-10 22:37:37.668 TRACE 20712 --- [    Test worker] o.h.type.descriptor.sql.BasicExtractor   : extracted value ([id1_7_] : [BIGINT]) - [72]
2021-03-10 22:37:37.668 TRACE 20712 --- [    Test worker] o.h.type.descriptor.sql.BasicExtractor   : extracted value ([id1_7_] : [BIGINT]) - [73]
2021-03-10 22:37:37.668 TRACE 20712 --- [    Test worker] o.h.type.descriptor.sql.BasicExtractor   : extracted value ([id1_7_] : [BIGINT]) - [74]
2021-03-10 22:37:37.668 TRACE 20712 --- [    Test worker] o.h.type.descriptor.sql.BasicExtractor   : extracted value ([id1_7_] : [BIGINT]) - [75]
2021-03-10 22:37:37.668 TRACE 20712 --- [    Test worker] o.h.type.descriptor.sql.BasicExtractor   : extracted value ([id1_7_] : [BIGINT]) - [76]
2021-03-10 22:37:37.668 TRACE 20712 --- [    Test worker] o.h.type.descriptor.sql.BasicExtractor   : extracted value ([id1_7_] : [BIGINT]) - [77]
2021-03-10 22:37:37.668 TRACE 20712 --- [    Test worker] o.h.type.descriptor.sql.BasicExtractor   : extracted value ([id1_7_] : [BIGINT]) - [78]
2021-03-10 22:37:37.668 TRACE 20712 --- [    Test worker] o.h.type.descriptor.sql.BasicExtractor   : extracted value ([id1_7_] : [BIGINT]) - [79]
2021-03-10 22:37:37.668 TRACE 20712 --- [    Test worker] o.h.type.descriptor.sql.BasicExtractor   : extracted value ([id1_7_] : [BIGINT]) - [80]
2021-03-10 22:37:37.668 TRACE 20712 --- [    Test worker] o.h.type.descriptor.sql.BasicExtractor   : extracted value ([id1_7_] : [BIGINT]) - [81]
2021-03-10 22:37:37.668 TRACE 20712 --- [    Test worker] o.h.type.descriptor.sql.BasicExtractor   : extracted value ([id1_7_] : [BIGINT]) - [82]
2021-03-10 22:37:37.668 TRACE 20712 --- [    Test worker] o.h.type.descriptor.sql.BasicExtractor   : extracted value ([id1_7_] : [BIGINT]) - [83]
2021-03-10 22:37:37.668 TRACE 20712 --- [    Test worker] o.h.type.descriptor.sql.BasicExtractor   : extracted value ([id1_7_] : [BIGINT]) - [84]
2021-03-10 22:37:37.668 TRACE 20712 --- [    Test worker] o.h.type.descriptor.sql.BasicExtractor   : extracted value ([id1_7_] : [BIGINT]) - [85]
2021-03-10 22:37:37.668 TRACE 20712 --- [    Test worker] o.h.type.descriptor.sql.BasicExtractor   : extracted value ([id1_7_] : [BIGINT]) - [86]
2021-03-10 22:37:37.668 TRACE 20712 --- [    Test worker] o.h.type.descriptor.sql.BasicExtractor   : extracted value ([id1_7_] : [BIGINT]) - [87]
2021-03-10 22:37:37.668 TRACE 20712 --- [    Test worker] o.h.type.descriptor.sql.BasicExtractor   : extracted value ([id1_7_] : [BIGINT]) - [88]
2021-03-10 22:37:37.668 TRACE 20712 --- [    Test worker] o.h.type.descriptor.sql.BasicExtractor   : extracted value ([id1_7_] : [BIGINT]) - [89]
2021-03-10 22:37:37.668 TRACE 20712 --- [    Test worker] o.h.type.descriptor.sql.BasicExtractor   : extracted value ([id1_7_] : [BIGINT]) - [90]
2021-03-10 22:37:37.668 TRACE 20712 --- [    Test worker] o.h.type.descriptor.sql.BasicExtractor   : extracted value ([id1_7_] : [BIGINT]) - [91]
2021-03-10 22:37:37.668 TRACE 20712 --- [    Test worker] o.h.type.descriptor.sql.BasicExtractor   : extracted value ([id1_7_] : [BIGINT]) - [92]
2021-03-10 22:37:37.668 TRACE 20712 --- [    Test worker] o.h.type.descriptor.sql.BasicExtractor   : extracted value ([id1_7_] : [BIGINT]) - [93]
2021-03-10 22:37:37.668 TRACE 20712 --- [    Test worker] o.h.type.descriptor.sql.BasicExtractor   : extracted value ([id1_7_] : [BIGINT]) - [94]
2021-03-10 22:37:37.668 TRACE 20712 --- [    Test worker] o.h.type.descriptor.sql.BasicExtractor   : extracted value ([id1_7_] : [BIGINT]) - [95]
2021-03-10 22:37:37.668 TRACE 20712 --- [    Test worker] o.h.type.descriptor.sql.BasicExtractor   : extracted value ([id1_7_] : [BIGINT]) - [96]
2021-03-10 22:37:37.668 TRACE 20712 --- [    Test worker] o.h.type.descriptor.sql.BasicExtractor   : extracted value ([id1_7_] : [BIGINT]) - [97]
2021-03-10 22:37:37.668 TRACE 20712 --- [    Test worker] o.h.type.descriptor.sql.BasicExtractor   : extracted value ([id1_7_] : [BIGINT]) - [98]
2021-03-10 22:37:37.668 TRACE 20712 --- [    Test worker] o.h.type.descriptor.sql.BasicExtractor   : extracted value ([id1_7_] : [BIGINT]) - [99]
2021-03-10 22:37:37.668 TRACE 20712 --- [    Test worker] o.h.type.descriptor.sql.BasicExtractor   : extracted value ([id1_7_] : [BIGINT]) - [100]
2021-03-10 22:37:37.668 TRACE 20712 --- [    Test worker] o.h.type.descriptor.sql.BasicExtractor   : extracted value ([id1_7_] : [BIGINT]) - [101]
2021-03-10 22:37:37.668 TRACE 20712 --- [    Test worker] o.h.type.descriptor.sql.BasicExtractor   : extracted value ([id1_7_] : [BIGINT]) - [102]
2021-03-10 22:37:37.668 TRACE 20712 --- [    Test worker] o.h.type.descriptor.sql.BasicExtractor   : extracted value ([id1_7_] : [BIGINT]) - [103]
2021-03-10 22:37:37.668 TRACE 20712 --- [    Test worker] o.h.type.descriptor.sql.BasicExtractor   : extracted value ([id1_7_] : [BIGINT]) - [104]
2021-03-10 22:37:37.668 TRACE 20712 --- [    Test worker] o.h.type.descriptor.sql.BasicExtractor   : extracted value ([id1_7_] : [BIGINT]) - [105]
2021-03-10 22:37:37.668 TRACE 20712 --- [    Test worker] o.h.type.descriptor.sql.BasicExtractor   : extracted value ([id1_7_] : [BIGINT]) - [106]
2021-03-10 22:37:37.668 TRACE 20712 --- [    Test worker] o.h.type.descriptor.sql.BasicExtractor   : extracted value ([id1_7_] : [BIGINT]) - [107]
2021-03-10 22:37:37.668 TRACE 20712 --- [    Test worker] o.h.type.descriptor.sql.BasicExtractor   : extracted value ([id1_7_] : [BIGINT]) - [108]
2021-03-10 22:37:37.668 TRACE 20712 --- [    Test worker] o.h.type.descriptor.sql.BasicExtractor   : extracted value ([id1_7_] : [BIGINT]) - [109]
2021-03-10 22:37:37.668 TRACE 20712 --- [    Test worker] o.h.type.descriptor.sql.BasicExtractor   : extracted value ([id1_7_] : [BIGINT]) - [110]
2021-03-10 22:37:37.668 TRACE 20712 --- [    Test worker] o.h.type.descriptor.sql.BasicExtractor   : extracted value ([id1_7_] : [BIGINT]) - [111]
2021-03-10 22:37:37.668 TRACE 20712 --- [    Test worker] o.h.type.descriptor.sql.BasicExtractor   : extracted value ([id1_7_] : [BIGINT]) - [112]
2021-03-10 22:37:37.668 TRACE 20712 --- [    Test worker] o.h.type.descriptor.sql.BasicExtractor   : extracted value ([id1_7_] : [BIGINT]) - [113]
2021-03-10 22:37:37.668 TRACE 20712 --- [    Test worker] o.h.type.descriptor.sql.BasicExtractor   : extracted value ([id1_7_] : [BIGINT]) - [114]
2021-03-10 22:37:37.668 TRACE 20712 --- [    Test worker] o.h.type.descriptor.sql.BasicExtractor   : extracted value ([id1_7_] : [BIGINT]) - [115]
2021-03-10 22:37:37.668 TRACE 20712 --- [    Test worker] o.h.type.descriptor.sql.BasicExtractor   : extracted value ([id1_7_] : [BIGINT]) - [116]
2021-03-10 22:37:37.668 TRACE 20712 --- [    Test worker] o.h.type.descriptor.sql.BasicExtractor   : extracted value ([id1_7_] : [BIGINT]) - [117]
2021-03-10 22:37:37.668 TRACE 20712 --- [    Test worker] o.h.type.descriptor.sql.BasicExtractor   : extracted value ([id1_7_] : [BIGINT]) - [118]
2021-03-10 22:37:37.668 TRACE 20712 --- [    Test worker] o.h.type.descriptor.sql.BasicExtractor   : extracted value ([id1_7_] : [BIGINT]) - [119]
2021-03-10 22:37:37.668 TRACE 20712 --- [    Test worker] o.h.type.descriptor.sql.BasicExtractor   : extracted value ([id1_7_] : [BIGINT]) - [120]
2021-03-10 22:37:37.668 TRACE 20712 --- [    Test worker] o.h.type.descriptor.sql.BasicExtractor   : extracted value ([id1_7_] : [BIGINT]) - [121]
2021-03-10 22:37:37.668 TRACE 20712 --- [    Test worker] o.h.type.descriptor.sql.BasicExtractor   : extracted value ([id1_7_] : [BIGINT]) - [122]
2021-03-10 22:37:37.668 TRACE 20712 --- [    Test worker] o.h.type.descriptor.sql.BasicExtractor   : extracted value ([id1_7_] : [BIGINT]) - [123]
2021-03-10 22:37:37.668 TRACE 20712 --- [    Test worker] o.h.type.descriptor.sql.BasicExtractor   : extracted value ([id1_7_] : [BIGINT]) - [124]
2021-03-10 22:37:37.668 TRACE 20712 --- [    Test worker] o.h.type.descriptor.sql.BasicExtractor   : extracted value ([id1_7_] : [BIGINT]) - [125]
2021-03-10 22:37:37.668 TRACE 20712 --- [    Test worker] o.h.type.descriptor.sql.BasicExtractor   : extracted value ([id1_7_] : [BIGINT]) - [126]
2021-03-10 22:37:37.668 TRACE 20712 --- [    Test worker] o.h.type.descriptor.sql.BasicExtractor   : extracted value ([id1_7_] : [BIGINT]) - [127]
2021-03-10 22:37:37.668 TRACE 20712 --- [    Test worker] o.h.type.descriptor.sql.BasicExtractor   : extracted value ([id1_7_] : [BIGINT]) - [128]
2021-03-10 22:37:37.668 TRACE 20712 --- [    Test worker] o.h.type.descriptor.sql.BasicExtractor   : extracted value ([id1_7_] : [BIGINT]) - [129]
2021-03-10 22:37:37.668 TRACE 20712 --- [    Test worker] o.h.type.descriptor.sql.BasicExtractor   : extracted value ([id1_7_] : [BIGINT]) - [130]
2021-03-10 22:37:37.668 TRACE 20712 --- [    Test worker] o.h.type.descriptor.sql.BasicExtractor   : extracted value ([id1_7_] : [BIGINT]) - [131]
2021-03-10 22:37:37.668 TRACE 20712 --- [    Test worker] o.h.type.descriptor.sql.BasicExtractor   : extracted value ([id1_7_] : [BIGINT]) - [132]
2021-03-10 22:37:37.668 TRACE 20712 --- [    Test worker] o.h.type.descriptor.sql.BasicExtractor   : extracted value ([id1_7_] : [BIGINT]) - [133]
2021-03-10 22:37:37.668 TRACE 20712 --- [    Test worker] o.h.type.descriptor.sql.BasicExtractor   : extracted value ([id1_7_] : [BIGINT]) - [134]
2021-03-10 22:37:37.668 TRACE 20712 --- [    Test worker] o.h.type.descriptor.sql.BasicExtractor   : extracted value ([id1_7_] : [BIGINT]) - [135]
2021-03-10 22:37:37.668 TRACE 20712 --- [    Test worker] o.h.type.descriptor.sql.BasicExtractor   : extracted value ([id1_7_] : [BIGINT]) - [136]
2021-03-10 22:37:37.668 TRACE 20712 --- [    Test worker] o.h.type.descriptor.sql.BasicExtractor   : extracted value ([id1_7_] : [BIGINT]) - [137]
2021-03-10 22:37:37.668 TRACE 20712 --- [    Test worker] o.h.type.descriptor.sql.BasicExtractor   : extracted value ([id1_7_] : [BIGINT]) - [138]
2021-03-10 22:37:37.668 TRACE 20712 --- [    Test worker] o.h.type.descriptor.sql.BasicExtractor   : extracted value ([id1_7_] : [BIGINT]) - [139]
2021-03-10 22:37:37.668 TRACE 20712 --- [    Test worker] o.h.type.descriptor.sql.BasicExtractor   : extracted value ([id1_7_] : [BIGINT]) - [140]
2021-03-10 22:37:37.668 TRACE 20712 --- [    Test worker] o.h.type.descriptor.sql.BasicExtractor   : extracted value ([id1_7_] : [BIGINT]) - [141]
2021-03-10 22:37:37.668 TRACE 20712 --- [    Test worker] o.h.type.descriptor.sql.BasicExtractor   : extracted value ([id1_7_] : [BIGINT]) - [142]
2021-03-10 22:37:37.668 TRACE 20712 --- [    Test worker] o.h.type.descriptor.sql.BasicExtractor   : extracted value ([id1_7_] : [BIGINT]) - [143]
2021-03-10 22:37:37.668 TRACE 20712 --- [    Test worker] o.h.type.descriptor.sql.BasicExtractor   : extracted value ([id1_7_] : [BIGINT]) - [144]
2021-03-10 22:37:37.668 TRACE 20712 --- [    Test worker] o.h.type.descriptor.sql.BasicExtractor   : extracted value ([id1_7_] : [BIGINT]) - [145]
Hibernate: 
    select
        zone0_.id as id1_7_,
        zone0_.city as city2_7_,
        zone0_.local_name_of_city as local_na3_7_,
        zone0_.province as province4_7_ 
    from
        zone zone0_
2021-03-10 22:37:37.668 TRACE 20712 --- [    Test worker] o.h.type.descriptor.sql.BasicExtractor   : extracted value ([id1_7_] : [BIGINT]) - [61]
2021-03-10 22:37:37.668 TRACE 20712 --- [    Test worker] o.h.type.descriptor.sql.BasicExtractor   : extracted value ([id1_7_] : [BIGINT]) - [62]
2021-03-10 22:37:37.668 TRACE 20712 --- [    Test worker] o.h.type.descriptor.sql.BasicExtractor   : extracted value ([id1_7_] : [BIGINT]) - [63]
2021-03-10 22:37:37.668 TRACE 20712 --- [    Test worker] o.h.type.descriptor.sql.BasicExtractor   : extracted value ([id1_7_] : [BIGINT]) - [64]
2021-03-10 22:37:37.668 TRACE 20712 --- [    Test worker] o.h.type.descriptor.sql.BasicExtractor   : extracted value ([id1_7_] : [BIGINT]) - [65]
2021-03-10 22:37:37.668 TRACE 20712 --- [    Test worker] o.h.type.descriptor.sql.BasicExtractor   : extracted value ([id1_7_] : [BIGINT]) - [66]
2021-03-10 22:37:37.668 TRACE 20712 --- [    Test worker] o.h.type.descriptor.sql.BasicExtractor   : extracted value ([id1_7_] : [BIGINT]) - [67]
2021-03-10 22:37:37.668 TRACE 20712 --- [    Test worker] o.h.type.descriptor.sql.BasicExtractor   : extracted value ([id1_7_] : [BIGINT]) - [68]
2021-03-10 22:37:37.668 TRACE 20712 --- [    Test worker] o.h.type.descriptor.sql.BasicExtractor   : extracted value ([id1_7_] : [BIGINT]) - [69]
2021-03-10 22:37:37.668 TRACE 20712 --- [    Test worker] o.h.type.descriptor.sql.BasicExtractor   : extracted value ([id1_7_] : [BIGINT]) - [70]
2021-03-10 22:37:37.668 TRACE 20712 --- [    Test worker] o.h.type.descriptor.sql.BasicExtractor   : extracted value ([id1_7_] : [BIGINT]) - [71]
2021-03-10 22:37:37.668 TRACE 20712 --- [    Test worker] o.h.type.descriptor.sql.BasicExtractor   : extracted value ([id1_7_] : [BIGINT]) - [72]
2021-03-10 22:37:37.668 TRACE 20712 --- [    Test worker] o.h.type.descriptor.sql.BasicExtractor   : extracted value ([id1_7_] : [BIGINT]) - [73]
2021-03-10 22:37:37.668 TRACE 20712 --- [    Test worker] o.h.type.descriptor.sql.BasicExtractor   : extracted value ([id1_7_] : [BIGINT]) - [74]
2021-03-10 22:37:37.668 TRACE 20712 --- [    Test worker] o.h.type.descriptor.sql.BasicExtractor   : extracted value ([id1_7_] : [BIGINT]) - [75]
2021-03-10 22:37:37.668 TRACE 20712 --- [    Test worker] o.h.type.descriptor.sql.BasicExtractor   : extracted value ([id1_7_] : [BIGINT]) - [76]
2021-03-10 22:37:37.668 TRACE 20712 --- [    Test worker] o.h.type.descriptor.sql.BasicExtractor   : extracted value ([id1_7_] : [BIGINT]) - [77]
2021-03-10 22:37:37.668 TRACE 20712 --- [    Test worker] o.h.type.descriptor.sql.BasicExtractor   : extracted value ([id1_7_] : [BIGINT]) - [78]
2021-03-10 22:37:37.668 TRACE 20712 --- [    Test worker] o.h.type.descriptor.sql.BasicExtractor   : extracted value ([id1_7_] : [BIGINT]) - [79]
2021-03-10 22:37:37.668 TRACE 20712 --- [    Test worker] o.h.type.descriptor.sql.BasicExtractor   : extracted value ([id1_7_] : [BIGINT]) - [80]
2021-03-10 22:37:37.668 TRACE 20712 --- [    Test worker] o.h.type.descriptor.sql.BasicExtractor   : extracted value ([id1_7_] : [BIGINT]) - [81]
2021-03-10 22:37:37.668 TRACE 20712 --- [    Test worker] o.h.type.descriptor.sql.BasicExtractor   : extracted value ([id1_7_] : [BIGINT]) - [82]
2021-03-10 22:37:37.668 TRACE 20712 --- [    Test worker] o.h.type.descriptor.sql.BasicExtractor   : extracted value ([id1_7_] : [BIGINT]) - [83]
2021-03-10 22:37:37.668 TRACE 20712 --- [    Test worker] o.h.type.descriptor.sql.BasicExtractor   : extracted value ([id1_7_] : [BIGINT]) - [84]
2021-03-10 22:37:37.668 TRACE 20712 --- [    Test worker] o.h.type.descriptor.sql.BasicExtractor   : extracted value ([id1_7_] : [BIGINT]) - [85]
2021-03-10 22:37:37.668 TRACE 20712 --- [    Test worker] o.h.type.descriptor.sql.BasicExtractor   : extracted value ([id1_7_] : [BIGINT]) - [86]
2021-03-10 22:37:37.668 TRACE 20712 --- [    Test worker] o.h.type.descriptor.sql.BasicExtractor   : extracted value ([id1_7_] : [BIGINT]) - [87]
2021-03-10 22:37:37.668 TRACE 20712 --- [    Test worker] o.h.type.descriptor.sql.BasicExtractor   : extracted value ([id1_7_] : [BIGINT]) - [88]
2021-03-10 22:37:37.668 TRACE 20712 --- [    Test worker] o.h.type.descriptor.sql.BasicExtractor   : extracted value ([id1_7_] : [BIGINT]) - [89]
2021-03-10 22:37:37.668 TRACE 20712 --- [    Test worker] o.h.type.descriptor.sql.BasicExtractor   : extracted value ([id1_7_] : [BIGINT]) - [90]
2021-03-10 22:37:37.668 TRACE 20712 --- [    Test worker] o.h.type.descriptor.sql.BasicExtractor   : extracted value ([id1_7_] : [BIGINT]) - [91]
2021-03-10 22:37:37.668 TRACE 20712 --- [    Test worker] o.h.type.descriptor.sql.BasicExtractor   : extracted value ([id1_7_] : [BIGINT]) - [92]
2021-03-10 22:37:37.668 TRACE 20712 --- [    Test worker] o.h.type.descriptor.sql.BasicExtractor   : extracted value ([id1_7_] : [BIGINT]) - [93]
2021-03-10 22:37:37.668 TRACE 20712 --- [    Test worker] o.h.type.descriptor.sql.BasicExtractor   : extracted value ([id1_7_] : [BIGINT]) - [94]
2021-03-10 22:37:37.668 TRACE 20712 --- [    Test worker] o.h.type.descriptor.sql.BasicExtractor   : extracted value ([id1_7_] : [BIGINT]) - [95]
2021-03-10 22:37:37.668 TRACE 20712 --- [    Test worker] o.h.type.descriptor.sql.BasicExtractor   : extracted value ([id1_7_] : [BIGINT]) - [96]
2021-03-10 22:37:37.668 TRACE 20712 --- [    Test worker] o.h.type.descriptor.sql.BasicExtractor   : extracted value ([id1_7_] : [BIGINT]) - [97]
2021-03-10 22:37:37.668 TRACE 20712 --- [    Test worker] o.h.type.descriptor.sql.BasicExtractor   : extracted value ([id1_7_] : [BIGINT]) - [98]
2021-03-10 22:37:37.668 TRACE 20712 --- [    Test worker] o.h.type.descriptor.sql.BasicExtractor   : extracted value ([id1_7_] : [BIGINT]) - [99]
2021-03-10 22:37:37.668 TRACE 20712 --- [    Test worker] o.h.type.descriptor.sql.BasicExtractor   : extracted value ([id1_7_] : [BIGINT]) - [100]
2021-03-10 22:37:37.668 TRACE 20712 --- [    Test worker] o.h.type.descriptor.sql.BasicExtractor   : extracted value ([id1_7_] : [BIGINT]) - [101]
2021-03-10 22:37:37.668 TRACE 20712 --- [    Test worker] o.h.type.descriptor.sql.BasicExtractor   : extracted value ([id1_7_] : [BIGINT]) - [102]
2021-03-10 22:37:37.668 TRACE 20712 --- [    Test worker] o.h.type.descriptor.sql.BasicExtractor   : extracted value ([id1_7_] : [BIGINT]) - [103]
2021-03-10 22:37:37.668 TRACE 20712 --- [    Test worker] o.h.type.descriptor.sql.BasicExtractor   : extracted value ([id1_7_] : [BIGINT]) - [104]
2021-03-10 22:37:37.668 TRACE 20712 --- [    Test worker] o.h.type.descriptor.sql.BasicExtractor   : extracted value ([id1_7_] : [BIGINT]) - [105]
2021-03-10 22:37:37.668 TRACE 20712 --- [    Test worker] o.h.type.descriptor.sql.BasicExtractor   : extracted value ([id1_7_] : [BIGINT]) - [106]
2021-03-10 22:37:37.668 TRACE 20712 --- [    Test worker] o.h.type.descriptor.sql.BasicExtractor   : extracted value ([id1_7_] : [BIGINT]) - [107]
2021-03-10 22:37:37.668 TRACE 20712 --- [    Test worker] o.h.type.descriptor.sql.BasicExtractor   : extracted value ([id1_7_] : [BIGINT]) - [108]
2021-03-10 22:37:37.668 TRACE 20712 --- [    Test worker] o.h.type.descriptor.sql.BasicExtractor   : extracted value ([id1_7_] : [BIGINT]) - [109]
2021-03-10 22:37:37.668 TRACE 20712 --- [    Test worker] o.h.type.descriptor.sql.BasicExtractor   : extracted value ([id1_7_] : [BIGINT]) - [110]
2021-03-10 22:37:37.668 TRACE 20712 --- [    Test worker] o.h.type.descriptor.sql.BasicExtractor   : extracted value ([id1_7_] : [BIGINT]) - [111]
2021-03-10 22:37:37.668 TRACE 20712 --- [    Test worker] o.h.type.descriptor.sql.BasicExtractor   : extracted value ([id1_7_] : [BIGINT]) - [112]
2021-03-10 22:37:37.668 TRACE 20712 --- [    Test worker] o.h.type.descriptor.sql.BasicExtractor   : extracted value ([id1_7_] : [BIGINT]) - [113]
2021-03-10 22:37:37.668 TRACE 20712 --- [    Test worker] o.h.type.descriptor.sql.BasicExtractor   : extracted value ([id1_7_] : [BIGINT]) - [114]
2021-03-10 22:37:37.668 TRACE 20712 --- [    Test worker] o.h.type.descriptor.sql.BasicExtractor   : extracted value ([id1_7_] : [BIGINT]) - [115]
2021-03-10 22:37:37.668 TRACE 20712 --- [    Test worker] o.h.type.descriptor.sql.BasicExtractor   : extracted value ([id1_7_] : [BIGINT]) - [116]
2021-03-10 22:37:37.668 TRACE 20712 --- [    Test worker] o.h.type.descriptor.sql.BasicExtractor   : extracted value ([id1_7_] : [BIGINT]) - [117]
2021-03-10 22:37:37.668 TRACE 20712 --- [    Test worker] o.h.type.descriptor.sql.BasicExtractor   : extracted value ([id1_7_] : [BIGINT]) - [118]
2021-03-10 22:37:37.668 TRACE 20712 --- [    Test worker] o.h.type.descriptor.sql.BasicExtractor   : extracted value ([id1_7_] : [BIGINT]) - [119]
2021-03-10 22:37:37.668 TRACE 20712 --- [    Test worker] o.h.type.descriptor.sql.BasicExtractor   : extracted value ([id1_7_] : [BIGINT]) - [120]
2021-03-10 22:37:37.668 TRACE 20712 --- [    Test worker] o.h.type.descriptor.sql.BasicExtractor   : extracted value ([id1_7_] : [BIGINT]) - [121]
2021-03-10 22:37:37.668 TRACE 20712 --- [    Test worker] o.h.type.descriptor.sql.BasicExtractor   : extracted value ([id1_7_] : [BIGINT]) - [122]
2021-03-10 22:37:37.668 TRACE 20712 --- [    Test worker] o.h.type.descriptor.sql.BasicExtractor   : extracted value ([id1_7_] : [BIGINT]) - [123]
2021-03-10 22:37:37.668 TRACE 20712 --- [    Test worker] o.h.type.descriptor.sql.BasicExtractor   : extracted value ([id1_7_] : [BIGINT]) - [124]
2021-03-10 22:37:37.668 TRACE 20712 --- [    Test worker] o.h.type.descriptor.sql.BasicExtractor   : extracted value ([id1_7_] : [BIGINT]) - [125]
2021-03-10 22:37:37.668 TRACE 20712 --- [    Test worker] o.h.type.descriptor.sql.BasicExtractor   : extracted value ([id1_7_] : [BIGINT]) - [126]
2021-03-10 22:37:37.668 TRACE 20712 --- [    Test worker] o.h.type.descriptor.sql.BasicExtractor   : extracted value ([id1_7_] : [BIGINT]) - [127]
2021-03-10 22:37:37.668 TRACE 20712 --- [    Test worker] o.h.type.descriptor.sql.BasicExtractor   : extracted value ([id1_7_] : [BIGINT]) - [128]
2021-03-10 22:37:37.668 TRACE 20712 --- [    Test worker] o.h.type.descriptor.sql.BasicExtractor   : extracted value ([id1_7_] : [BIGINT]) - [129]
2021-03-10 22:37:37.668 TRACE 20712 --- [    Test worker] o.h.type.descriptor.sql.BasicExtractor   : extracted value ([id1_7_] : [BIGINT]) - [130]
2021-03-10 22:37:37.668 TRACE 20712 --- [    Test worker] o.h.type.descriptor.sql.BasicExtractor   : extracted value ([id1_7_] : [BIGINT]) - [131]
2021-03-10 22:37:37.668 TRACE 20712 --- [    Test worker] o.h.type.descriptor.sql.BasicExtractor   : extracted value ([id1_7_] : [BIGINT]) - [132]
2021-03-10 22:37:37.668 TRACE 20712 --- [    Test worker] o.h.type.descriptor.sql.BasicExtractor   : extracted value ([id1_7_] : [BIGINT]) - [133]
2021-03-10 22:37:37.668 TRACE 20712 --- [    Test worker] o.h.type.descriptor.sql.BasicExtractor   : extracted value ([id1_7_] : [BIGINT]) - [134]
2021-03-10 22:37:37.668 TRACE 20712 --- [    Test worker] o.h.type.descriptor.sql.BasicExtractor   : extracted value ([id1_7_] : [BIGINT]) - [135]
2021-03-10 22:37:37.668 TRACE 20712 --- [    Test worker] o.h.type.descriptor.sql.BasicExtractor   : extracted value ([id1_7_] : [BIGINT]) - [136]
2021-03-10 22:37:37.668 TRACE 20712 --- [    Test worker] o.h.type.descriptor.sql.BasicExtractor   : extracted value ([id1_7_] : [BIGINT]) - [137]
2021-03-10 22:37:37.668 TRACE 20712 --- [    Test worker] o.h.type.descriptor.sql.BasicExtractor   : extracted value ([id1_7_] : [BIGINT]) - [138]
2021-03-10 22:37:37.668 TRACE 20712 --- [    Test worker] o.h.type.descriptor.sql.BasicExtractor   : extracted value ([id1_7_] : [BIGINT]) - [139]
2021-03-10 22:37:37.668 TRACE 20712 --- [    Test worker] o.h.type.descriptor.sql.BasicExtractor   : extracted value ([id1_7_] : [BIGINT]) - [140]
2021-03-10 22:37:37.668 TRACE 20712 --- [    Test worker] o.h.type.descriptor.sql.BasicExtractor   : extracted value ([id1_7_] : [BIGINT]) - [141]
2021-03-10 22:37:37.668 TRACE 20712 --- [    Test worker] o.h.type.descriptor.sql.BasicExtractor   : extracted value ([id1_7_] : [BIGINT]) - [142]
2021-03-10 22:37:37.668 TRACE 20712 --- [    Test worker] o.h.type.descriptor.sql.BasicExtractor   : extracted value ([id1_7_] : [BIGINT]) - [143]
2021-03-10 22:37:37.668 TRACE 20712 --- [    Test worker] o.h.type.descriptor.sql.BasicExtractor   : extracted value ([id1_7_] : [BIGINT]) - [144]
2021-03-10 22:37:37.668 TRACE 20712 --- [    Test worker] o.h.type.descriptor.sql.BasicExtractor   : extracted value ([id1_7_] : [BIGINT]) - [145]
Hibernate: 
    select
        zone0_.id as id1_7_,
        zone0_.city as city2_7_,
        zone0_.local_name_of_city as local_na3_7_,
        zone0_.province as province4_7_ 
    from
        zone zone0_
2021-03-10 22:37:37.668 TRACE 20712 --- [    Test worker] o.h.type.descriptor.sql.BasicExtractor   : extracted value ([id1_7_] : [BIGINT]) - [61]
2021-03-10 22:37:37.668 TRACE 20712 --- [    Test worker] o.h.type.descriptor.sql.BasicExtractor   : extracted value ([id1_7_] : [BIGINT]) - [62]
2021-03-10 22:37:37.668 TRACE 20712 --- [    Test worker] o.h.type.descriptor.sql.BasicExtractor   : extracted value ([id1_7_] : [BIGINT]) - [63]
2021-03-10 22:37:37.668 TRACE 20712 --- [    Test worker] o.h.type.descriptor.sql.BasicExtractor   : extracted value ([id1_7_] : [BIGINT]) - [64]
2021-03-10 22:37:37.668 TRACE 20712 --- [    Test worker] o.h.type.descriptor.sql.BasicExtractor   : extracted value ([id1_7_] : [BIGINT]) - [65]
2021-03-10 22:37:37.668 TRACE 20712 --- [    Test worker] o.h.type.descriptor.sql.BasicExtractor   : extracted value ([id1_7_] : [BIGINT]) - [66]
2021-03-10 22:37:37.668 TRACE 20712 --- [    Test worker] o.h.type.descriptor.sql.BasicExtractor   : extracted value ([id1_7_] : [BIGINT]) - [67]
2021-03-10 22:37:37.668 TRACE 20712 --- [    Test worker] o.h.type.descriptor.sql.BasicExtractor   : extracted value ([id1_7_] : [BIGINT]) - [68]
2021-03-10 22:37:37.668 TRACE 20712 --- [    Test worker] o.h.type.descriptor.sql.BasicExtractor   : extracted value ([id1_7_] : [BIGINT]) - [69]
2021-03-10 22:37:37.668 TRACE 20712 --- [    Test worker] o.h.type.descriptor.sql.BasicExtractor   : extracted value ([id1_7_] : [BIGINT]) - [70]
2021-03-10 22:37:37.668 TRACE 20712 --- [    Test worker] o.h.type.descriptor.sql.BasicExtractor   : extracted value ([id1_7_] : [BIGINT]) - [71]
2021-03-10 22:37:37.668 TRACE 20712 --- [    Test worker] o.h.type.descriptor.sql.BasicExtractor   : extracted value ([id1_7_] : [BIGINT]) - [72]
2021-03-10 22:37:37.668 TRACE 20712 --- [    Test worker] o.h.type.descriptor.sql.BasicExtractor   : extracted value ([id1_7_] : [BIGINT]) - [73]
2021-03-10 22:37:37.668 TRACE 20712 --- [    Test worker] o.h.type.descriptor.sql.BasicExtractor   : extracted value ([id1_7_] : [BIGINT]) - [74]
2021-03-10 22:37:37.668 TRACE 20712 --- [    Test worker] o.h.type.descriptor.sql.BasicExtractor   : extracted value ([id1_7_] : [BIGINT]) - [75]
2021-03-10 22:37:37.668 TRACE 20712 --- [    Test worker] o.h.type.descriptor.sql.BasicExtractor   : extracted value ([id1_7_] : [BIGINT]) - [76]
2021-03-10 22:37:37.668 TRACE 20712 --- [    Test worker] o.h.type.descriptor.sql.BasicExtractor   : extracted value ([id1_7_] : [BIGINT]) - [77]
2021-03-10 22:37:37.668 TRACE 20712 --- [    Test worker] o.h.type.descriptor.sql.BasicExtractor   : extracted value ([id1_7_] : [BIGINT]) - [78]
2021-03-10 22:37:37.668 TRACE 20712 --- [    Test worker] o.h.type.descriptor.sql.BasicExtractor   : extracted value ([id1_7_] : [BIGINT]) - [79]
2021-03-10 22:37:37.668 TRACE 20712 --- [    Test worker] o.h.type.descriptor.sql.BasicExtractor   : extracted value ([id1_7_] : [BIGINT]) - [80]
2021-03-10 22:37:37.668 TRACE 20712 --- [    Test worker] o.h.type.descriptor.sql.BasicExtractor   : extracted value ([id1_7_] : [BIGINT]) - [81]
2021-03-10 22:37:37.668 TRACE 20712 --- [    Test worker] o.h.type.descriptor.sql.BasicExtractor   : extracted value ([id1_7_] : [BIGINT]) - [82]
2021-03-10 22:37:37.668 TRACE 20712 --- [    Test worker] o.h.type.descriptor.sql.BasicExtractor   : extracted value ([id1_7_] : [BIGINT]) - [83]
2021-03-10 22:37:37.668 TRACE 20712 --- [    Test worker] o.h.type.descriptor.sql.BasicExtractor   : extracted value ([id1_7_] : [BIGINT]) - [84]
2021-03-10 22:37:37.668 TRACE 20712 --- [    Test worker] o.h.type.descriptor.sql.BasicExtractor   : extracted value ([id1_7_] : [BIGINT]) - [85]
2021-03-10 22:37:37.668 TRACE 20712 --- [    Test worker] o.h.type.descriptor.sql.BasicExtractor   : extracted value ([id1_7_] : [BIGINT]) - [86]
2021-03-10 22:37:37.668 TRACE 20712 --- [    Test worker] o.h.type.descriptor.sql.BasicExtractor   : extracted value ([id1_7_] : [BIGINT]) - [87]
2021-03-10 22:37:37.668 TRACE 20712 --- [    Test worker] o.h.type.descriptor.sql.BasicExtractor   : extracted value ([id1_7_] : [BIGINT]) - [88]
2021-03-10 22:37:37.668 TRACE 20712 --- [    Test worker] o.h.type.descriptor.sql.BasicExtractor   : extracted value ([id1_7_] : [BIGINT]) - [89]
2021-03-10 22:37:37.668 TRACE 20712 --- [    Test worker] o.h.type.descriptor.sql.BasicExtractor   : extracted value ([id1_7_] : [BIGINT]) - [90]
2021-03-10 22:37:37.668 TRACE 20712 --- [    Test worker] o.h.type.descriptor.sql.BasicExtractor   : extracted value ([id1_7_] : [BIGINT]) - [91]
2021-03-10 22:37:37.668 TRACE 20712 --- [    Test worker] o.h.type.descriptor.sql.BasicExtractor   : extracted value ([id1_7_] : [BIGINT]) - [92]
2021-03-10 22:37:37.668 TRACE 20712 --- [    Test worker] o.h.type.descriptor.sql.BasicExtractor   : extracted value ([id1_7_] : [BIGINT]) - [93]
2021-03-10 22:37:37.668 TRACE 20712 --- [    Test worker] o.h.type.descriptor.sql.BasicExtractor   : extracted value ([id1_7_] : [BIGINT]) - [94]
2021-03-10 22:37:37.668 TRACE 20712 --- [    Test worker] o.h.type.descriptor.sql.BasicExtractor   : extracted value ([id1_7_] : [BIGINT]) - [95]
2021-03-10 22:37:37.668 TRACE 20712 --- [    Test worker] o.h.type.descriptor.sql.BasicExtractor   : extracted value ([id1_7_] : [BIGINT]) - [96]
2021-03-10 22:37:37.668 TRACE 20712 --- [    Test worker] o.h.type.descriptor.sql.BasicExtractor   : extracted value ([id1_7_] : [BIGINT]) - [97]
2021-03-10 22:37:37.668 TRACE 20712 --- [    Test worker] o.h.type.descriptor.sql.BasicExtractor   : extracted value ([id1_7_] : [BIGINT]) - [98]
2021-03-10 22:37:37.668 TRACE 20712 --- [    Test worker] o.h.type.descriptor.sql.BasicExtractor   : extracted value ([id1_7_] : [BIGINT]) - [99]
2021-03-10 22:37:37.668 TRACE 20712 --- [    Test worker] o.h.type.descriptor.sql.BasicExtractor   : extracted value ([id1_7_] : [BIGINT]) - [100]
2021-03-10 22:37:37.668 TRACE 20712 --- [    Test worker] o.h.type.descriptor.sql.BasicExtractor   : extracted value ([id1_7_] : [BIGINT]) - [101]
2021-03-10 22:37:37.668 TRACE 20712 --- [    Test worker] o.h.type.descriptor.sql.BasicExtractor   : extracted value ([id1_7_] : [BIGINT]) - [102]
2021-03-10 22:37:37.668 TRACE 20712 --- [    Test worker] o.h.type.descriptor.sql.BasicExtractor   : extracted value ([id1_7_] : [BIGINT]) - [103]
2021-03-10 22:37:37.668 TRACE 20712 --- [    Test worker] o.h.type.descriptor.sql.BasicExtractor   : extracted value ([id1_7_] : [BIGINT]) - [104]
2021-03-10 22:37:37.668 TRACE 20712 --- [    Test worker] o.h.type.descriptor.sql.BasicExtractor   : extracted value ([id1_7_] : [BIGINT]) - [105]
2021-03-10 22:37:37.668 TRACE 20712 --- [    Test worker] o.h.type.descriptor.sql.BasicExtractor   : extracted value ([id1_7_] : [BIGINT]) - [106]
2021-03-10 22:37:37.668 TRACE 20712 --- [    Test worker] o.h.type.descriptor.sql.BasicExtractor   : extracted value ([id1_7_] : [BIGINT]) - [107]
2021-03-10 22:37:37.668 TRACE 20712 --- [    Test worker] o.h.type.descriptor.sql.BasicExtractor   : extracted value ([id1_7_] : [BIGINT]) - [108]
2021-03-10 22:37:37.668 TRACE 20712 --- [    Test worker] o.h.type.descriptor.sql.BasicExtractor   : extracted value ([id1_7_] : [BIGINT]) - [109]
2021-03-10 22:37:37.668 TRACE 20712 --- [    Test worker] o.h.type.descriptor.sql.BasicExtractor   : extracted value ([id1_7_] : [BIGINT]) - [110]
2021-03-10 22:37:37.668 TRACE 20712 --- [    Test worker] o.h.type.descriptor.sql.BasicExtractor   : extracted value ([id1_7_] : [BIGINT]) - [111]
2021-03-10 22:37:37.668 TRACE 20712 --- [    Test worker] o.h.type.descriptor.sql.BasicExtractor   : extracted value ([id1_7_] : [BIGINT]) - [112]
2021-03-10 22:37:37.668 TRACE 20712 --- [    Test worker] o.h.type.descriptor.sql.BasicExtractor   : extracted value ([id1_7_] : [BIGINT]) - [113]
2021-03-10 22:37:37.668 TRACE 20712 --- [    Test worker] o.h.type.descriptor.sql.BasicExtractor   : extracted value ([id1_7_] : [BIGINT]) - [114]
2021-03-10 22:37:37.668 TRACE 20712 --- [    Test worker] o.h.type.descriptor.sql.BasicExtractor   : extracted value ([id1_7_] : [BIGINT]) - [115]
2021-03-10 22:37:37.668 TRACE 20712 --- [    Test worker] o.h.type.descriptor.sql.BasicExtractor   : extracted value ([id1_7_] : [BIGINT]) - [116]
2021-03-10 22:37:37.668 TRACE 20712 --- [    Test worker] o.h.type.descriptor.sql.BasicExtractor   : extracted value ([id1_7_] : [BIGINT]) - [117]
2021-03-10 22:37:37.668 TRACE 20712 --- [    Test worker] o.h.type.descriptor.sql.BasicExtractor   : extracted value ([id1_7_] : [BIGINT]) - [118]
2021-03-10 22:37:37.668 TRACE 20712 --- [    Test worker] o.h.type.descriptor.sql.BasicExtractor   : extracted value ([id1_7_] : [BIGINT]) - [119]
2021-03-10 22:37:37.668 TRACE 20712 --- [    Test worker] o.h.type.descriptor.sql.BasicExtractor   : extracted value ([id1_7_] : [BIGINT]) - [120]
2021-03-10 22:37:37.668 TRACE 20712 --- [    Test worker] o.h.type.descriptor.sql.BasicExtractor   : extracted value ([id1_7_] : [BIGINT]) - [121]
2021-03-10 22:37:37.668 TRACE 20712 --- [    Test worker] o.h.type.descriptor.sql.BasicExtractor   : extracted value ([id1_7_] : [BIGINT]) - [122]
2021-03-10 22:37:37.668 TRACE 20712 --- [    Test worker] o.h.type.descriptor.sql.BasicExtractor   : extracted value ([id1_7_] : [BIGINT]) - [123]
2021-03-10 22:37:37.668 TRACE 20712 --- [    Test worker] o.h.type.descriptor.sql.BasicExtractor   : extracted value ([id1_7_] : [BIGINT]) - [124]
2021-03-10 22:37:37.668 TRACE 20712 --- [    Test worker] o.h.type.descriptor.sql.BasicExtractor   : extracted value ([id1_7_] : [BIGINT]) - [125]
2021-03-10 22:37:37.668 TRACE 20712 --- [    Test worker] o.h.type.descriptor.sql.BasicExtractor   : extracted value ([id1_7_] : [BIGINT]) - [126]
2021-03-10 22:37:37.668 TRACE 20712 --- [    Test worker] o.h.type.descriptor.sql.BasicExtractor   : extracted value ([id1_7_] : [BIGINT]) - [127]
2021-03-10 22:37:37.668 TRACE 20712 --- [    Test worker] o.h.type.descriptor.sql.BasicExtractor   : extracted value ([id1_7_] : [BIGINT]) - [128]
2021-03-10 22:37:37.668 TRACE 20712 --- [    Test worker] o.h.type.descriptor.sql.BasicExtractor   : extracted value ([id1_7_] : [BIGINT]) - [129]
2021-03-10 22:37:37.668 TRACE 20712 --- [    Test worker] o.h.type.descriptor.sql.BasicExtractor   : extracted value ([id1_7_] : [BIGINT]) - [130]
2021-03-10 22:37:37.668 TRACE 20712 --- [    Test worker] o.h.type.descriptor.sql.BasicExtractor   : extracted value ([id1_7_] : [BIGINT]) - [131]
2021-03-10 22:37:37.668 TRACE 20712 --- [    Test worker] o.h.type.descriptor.sql.BasicExtractor   : extracted value ([id1_7_] : [BIGINT]) - [132]
2021-03-10 22:37:37.668 TRACE 20712 --- [    Test worker] o.h.type.descriptor.sql.BasicExtractor   : extracted value ([id1_7_] : [BIGINT]) - [133]
2021-03-10 22:37:37.668 TRACE 20712 --- [    Test worker] o.h.type.descriptor.sql.BasicExtractor   : extracted value ([id1_7_] : [BIGINT]) - [134]
2021-03-10 22:37:37.668 TRACE 20712 --- [    Test worker] o.h.type.descriptor.sql.BasicExtractor   : extracted value ([id1_7_] : [BIGINT]) - [135]
2021-03-10 22:37:37.668 TRACE 20712 --- [    Test worker] o.h.type.descriptor.sql.BasicExtractor   : extracted value ([id1_7_] : [BIGINT]) - [136]
2021-03-10 22:37:37.668 TRACE 20712 --- [    Test worker] o.h.type.descriptor.sql.BasicExtractor   : extracted value ([id1_7_] : [BIGINT]) - [137]
2021-03-10 22:37:37.668 TRACE 20712 --- [    Test worker] o.h.type.descriptor.sql.BasicExtractor   : extracted value ([id1_7_] : [BIGINT]) - [138]
2021-03-10 22:37:37.668 TRACE 20712 --- [    Test worker] o.h.type.descriptor.sql.BasicExtractor   : extracted value ([id1_7_] : [BIGINT]) - [139]
2021-03-10 22:37:37.668 TRACE 20712 --- [    Test worker] o.h.type.descriptor.sql.BasicExtractor   : extracted value ([id1_7_] : [BIGINT]) - [140]
2021-03-10 22:37:37.668 TRACE 20712 --- [    Test worker] o.h.type.descriptor.sql.BasicExtractor   : extracted value ([id1_7_] : [BIGINT]) - [141]
2021-03-10 22:37:37.668 TRACE 20712 --- [    Test worker] o.h.type.descriptor.sql.BasicExtractor   : extracted value ([id1_7_] : [BIGINT]) - [142]
2021-03-10 22:37:37.668 TRACE 20712 --- [    Test worker] o.h.type.descriptor.sql.BasicExtractor   : extracted value ([id1_7_] : [BIGINT]) - [143]
2021-03-10 22:37:37.668 TRACE 20712 --- [    Test worker] o.h.type.descriptor.sql.BasicExtractor   : extracted value ([id1_7_] : [BIGINT]) - [144]
2021-03-10 22:37:37.668 TRACE 20712 --- [    Test worker] o.h.type.descriptor.sql.BasicExtractor   : extracted value ([id1_7_] : [BIGINT]) - [145]
Hibernate: 
    select
        zone0_.id as id1_7_,
        zone0_.city as city2_7_,
        zone0_.local_name_of_city as local_na3_7_,
        zone0_.province as province4_7_ 
    from
        zone zone0_
2021-03-10 22:37:37.668 TRACE 20712 --- [    Test worker] o.h.type.descriptor.sql.BasicExtractor   : extracted value ([id1_7_] : [BIGINT]) - [61]
2021-03-10 22:37:37.668 TRACE 20712 --- [    Test worker] o.h.type.descriptor.sql.BasicExtractor   : extracted value ([id1_7_] : [BIGINT]) - [62]
2021-03-10 22:37:37.668 TRACE 20712 --- [    Test worker] o.h.type.descriptor.sql.BasicExtractor   : extracted value ([id1_7_] : [BIGINT]) - [63]
2021-03-10 22:37:37.668 TRACE 20712 --- [    Test worker] o.h.type.descriptor.sql.BasicExtractor   : extracted value ([id1_7_] : [BIGINT]) - [64]
2021-03-10 22:37:37.668 TRACE 20712 --- [    Test worker] o.h.type.descriptor.sql.BasicExtractor   : extracted value ([id1_7_] : [BIGINT]) - [65]
2021-03-10 22:37:37.668 TRACE 20712 --- [    Test worker] o.h.type.descriptor.sql.BasicExtractor   : extracted value ([id1_7_] : [BIGINT]) - [66]
2021-03-10 22:37:37.668 TRACE 20712 --- [    Test worker] o.h.type.descriptor.sql.BasicExtractor   : extracted value ([id1_7_] : [BIGINT]) - [67]
2021-03-10 22:37:37.668 TRACE 20712 --- [    Test worker] o.h.type.descriptor.sql.BasicExtractor   : extracted value ([id1_7_] : [BIGINT]) - [68]
2021-03-10 22:37:37.668 TRACE 20712 --- [    Test worker] o.h.type.descriptor.sql.BasicExtractor   : extracted value ([id1_7_] : [BIGINT]) - [69]
2021-03-10 22:37:37.668 TRACE 20712 --- [    Test worker] o.h.type.descriptor.sql.BasicExtractor   : extracted value ([id1_7_] : [BIGINT]) - [70]
2021-03-10 22:37:37.668 TRACE 20712 --- [    Test worker] o.h.type.descriptor.sql.BasicExtractor   : extracted value ([id1_7_] : [BIGINT]) - [71]
2021-03-10 22:37:37.668 TRACE 20712 --- [    Test worker] o.h.type.descriptor.sql.BasicExtractor   : extracted value ([id1_7_] : [BIGINT]) - [72]
2021-03-10 22:37:37.668 TRACE 20712 --- [    Test worker] o.h.type.descriptor.sql.BasicExtractor   : extracted value ([id1_7_] : [BIGINT]) - [73]
2021-03-10 22:37:37.668 TRACE 20712 --- [    Test worker] o.h.type.descriptor.sql.BasicExtractor   : extracted value ([id1_7_] : [BIGINT]) - [74]
2021-03-10 22:37:37.668 TRACE 20712 --- [    Test worker] o.h.type.descriptor.sql.BasicExtractor   : extracted value ([id1_7_] : [BIGINT]) - [75]
2021-03-10 22:37:37.668 TRACE 20712 --- [    Test worker] o.h.type.descriptor.sql.BasicExtractor   : extracted value ([id1_7_] : [BIGINT]) - [76]
2021-03-10 22:37:37.668 TRACE 20712 --- [    Test worker] o.h.type.descriptor.sql.BasicExtractor   : extracted value ([id1_7_] : [BIGINT]) - [77]
2021-03-10 22:37:37.668 TRACE 20712 --- [    Test worker] o.h.type.descriptor.sql.BasicExtractor   : extracted value ([id1_7_] : [BIGINT]) - [78]
2021-03-10 22:37:37.668 TRACE 20712 --- [    Test worker] o.h.type.descriptor.sql.BasicExtractor   : extracted value ([id1_7_] : [BIGINT]) - [79]
2021-03-10 22:37:37.668 TRACE 20712 --- [    Test worker] o.h.type.descriptor.sql.BasicExtractor   : extracted value ([id1_7_] : [BIGINT]) - [80]
2021-03-10 22:37:37.668 TRACE 20712 --- [    Test worker] o.h.type.descriptor.sql.BasicExtractor   : extracted value ([id1_7_] : [BIGINT]) - [81]
2021-03-10 22:37:37.668 TRACE 20712 --- [    Test worker] o.h.type.descriptor.sql.BasicExtractor   : extracted value ([id1_7_] : [BIGINT]) - [82]
2021-03-10 22:37:37.668 TRACE 20712 --- [    Test worker] o.h.type.descriptor.sql.BasicExtractor   : extracted value ([id1_7_] : [BIGINT]) - [83]
2021-03-10 22:37:37.668 TRACE 20712 --- [    Test worker] o.h.type.descriptor.sql.BasicExtractor   : extracted value ([id1_7_] : [BIGINT]) - [84]
2021-03-10 22:37:37.668 TRACE 20712 --- [    Test worker] o.h.type.descriptor.sql.BasicExtractor   : extracted value ([id1_7_] : [BIGINT]) - [85]
2021-03-10 22:37:37.668 TRACE 20712 --- [    Test worker] o.h.type.descriptor.sql.BasicExtractor   : extracted value ([id1_7_] : [BIGINT]) - [86]
2021-03-10 22:37:37.668 TRACE 20712 --- [    Test worker] o.h.type.descriptor.sql.BasicExtractor   : extracted value ([id1_7_] : [BIGINT]) - [87]
2021-03-10 22:37:37.668 TRACE 20712 --- [    Test worker] o.h.type.descriptor.sql.BasicExtractor   : extracted value ([id1_7_] : [BIGINT]) - [88]
2021-03-10 22:37:37.668 TRACE 20712 --- [    Test worker] o.h.type.descriptor.sql.BasicExtractor   : extracted value ([id1_7_] : [BIGINT]) - [89]
2021-03-10 22:37:37.668 TRACE 20712 --- [    Test worker] o.h.type.descriptor.sql.BasicExtractor   : extracted value ([id1_7_] : [BIGINT]) - [90]
2021-03-10 22:37:37.668 TRACE 20712 --- [    Test worker] o.h.type.descriptor.sql.BasicExtractor   : extracted value ([id1_7_] : [BIGINT]) - [91]
2021-03-10 22:37:37.668 TRACE 20712 --- [    Test worker] o.h.type.descriptor.sql.BasicExtractor   : extracted value ([id1_7_] : [BIGINT]) - [92]
2021-03-10 22:37:37.668 TRACE 20712 --- [    Test worker] o.h.type.descriptor.sql.BasicExtractor   : extracted value ([id1_7_] : [BIGINT]) - [93]
2021-03-10 22:37:37.668 TRACE 20712 --- [    Test worker] o.h.type.descriptor.sql.BasicExtractor   : extracted value ([id1_7_] : [BIGINT]) - [94]
2021-03-10 22:37:37.668 TRACE 20712 --- [    Test worker] o.h.type.descriptor.sql.BasicExtractor   : extracted value ([id1_7_] : [BIGINT]) - [95]
2021-03-10 22:37:37.668 TRACE 20712 --- [    Test worker] o.h.type.descriptor.sql.BasicExtractor   : extracted value ([id1_7_] : [BIGINT]) - [96]
2021-03-10 22:37:37.668 TRACE 20712 --- [    Test worker] o.h.type.descriptor.sql.BasicExtractor   : extracted value ([id1_7_] : [BIGINT]) - [97]
2021-03-10 22:37:37.668 TRACE 20712 --- [    Test worker] o.h.type.descriptor.sql.BasicExtractor   : extracted value ([id1_7_] : [BIGINT]) - [98]
2021-03-10 22:37:37.668 TRACE 20712 --- [    Test worker] o.h.type.descriptor.sql.BasicExtractor   : extracted value ([id1_7_] : [BIGINT]) - [99]
2021-03-10 22:37:37.668 TRACE 20712 --- [    Test worker] o.h.type.descriptor.sql.BasicExtractor   : extracted value ([id1_7_] : [BIGINT]) - [100]
2021-03-10 22:37:37.668 TRACE 20712 --- [    Test worker] o.h.type.descriptor.sql.BasicExtractor   : extracted value ([id1_7_] : [BIGINT]) - [101]
2021-03-10 22:37:37.668 TRACE 20712 --- [    Test worker] o.h.type.descriptor.sql.BasicExtractor   : extracted value ([id1_7_] : [BIGINT]) - [102]
2021-03-10 22:37:37.668 TRACE 20712 --- [    Test worker] o.h.type.descriptor.sql.BasicExtractor   : extracted value ([id1_7_] : [BIGINT]) - [103]
2021-03-10 22:37:37.668 TRACE 20712 --- [    Test worker] o.h.type.descriptor.sql.BasicExtractor   : extracted value ([id1_7_] : [BIGINT]) - [104]
2021-03-10 22:37:37.668 TRACE 20712 --- [    Test worker] o.h.type.descriptor.sql.BasicExtractor   : extracted value ([id1_7_] : [BIGINT]) - [105]
2021-03-10 22:37:37.668 TRACE 20712 --- [    Test worker] o.h.type.descriptor.sql.BasicExtractor   : extracted value ([id1_7_] : [BIGINT]) - [106]
2021-03-10 22:37:37.668 TRACE 20712 --- [    Test worker] o.h.type.descriptor.sql.BasicExtractor   : extracted value ([id1_7_] : [BIGINT]) - [107]
2021-03-10 22:37:37.668 TRACE 20712 --- [    Test worker] o.h.type.descriptor.sql.BasicExtractor   : extracted value ([id1_7_] : [BIGINT]) - [108]
2021-03-10 22:37:37.668 TRACE 20712 --- [    Test worker] o.h.type.descriptor.sql.BasicExtractor   : extracted value ([id1_7_] : [BIGINT]) - [109]
2021-03-10 22:37:37.668 TRACE 20712 --- [    Test worker] o.h.type.descriptor.sql.BasicExtractor   : extracted value ([id1_7_] : [BIGINT]) - [110]
2021-03-10 22:37:37.668 TRACE 20712 --- [    Test worker] o.h.type.descriptor.sql.BasicExtractor   : extracted value ([id1_7_] : [BIGINT]) - [111]
2021-03-10 22:37:37.668 TRACE 20712 --- [    Test worker] o.h.type.descriptor.sql.BasicExtractor   : extracted value ([id1_7_] : [BIGINT]) - [112]
2021-03-10 22:37:37.668 TRACE 20712 --- [    Test worker] o.h.type.descriptor.sql.BasicExtractor   : extracted value ([id1_7_] : [BIGINT]) - [113]
2021-03-10 22:37:37.684 TRACE 20712 --- [    Test worker] o.h.type.descriptor.sql.BasicExtractor   : extracted value ([id1_7_] : [BIGINT]) - [114]
2021-03-10 22:37:37.684 TRACE 20712 --- [    Test worker] o.h.type.descriptor.sql.BasicExtractor   : extracted value ([id1_7_] : [BIGINT]) - [115]
2021-03-10 22:37:37.684 TRACE 20712 --- [    Test worker] o.h.type.descriptor.sql.BasicExtractor   : extracted value ([id1_7_] : [BIGINT]) - [116]
2021-03-10 22:37:37.684 TRACE 20712 --- [    Test worker] o.h.type.descriptor.sql.BasicExtractor   : extracted value ([id1_7_] : [BIGINT]) - [117]
2021-03-10 22:37:37.684 TRACE 20712 --- [    Test worker] o.h.type.descriptor.sql.BasicExtractor   : extracted value ([id1_7_] : [BIGINT]) - [118]
2021-03-10 22:37:37.684 TRACE 20712 --- [    Test worker] o.h.type.descriptor.sql.BasicExtractor   : extracted value ([id1_7_] : [BIGINT]) - [119]
2021-03-10 22:37:37.684 TRACE 20712 --- [    Test worker] o.h.type.descriptor.sql.BasicExtractor   : extracted value ([id1_7_] : [BIGINT]) - [120]
2021-03-10 22:37:37.684 TRACE 20712 --- [    Test worker] o.h.type.descriptor.sql.BasicExtractor   : extracted value ([id1_7_] : [BIGINT]) - [121]
2021-03-10 22:37:37.684 TRACE 20712 --- [    Test worker] o.h.type.descriptor.sql.BasicExtractor   : extracted value ([id1_7_] : [BIGINT]) - [122]
2021-03-10 22:37:37.684 TRACE 20712 --- [    Test worker] o.h.type.descriptor.sql.BasicExtractor   : extracted value ([id1_7_] : [BIGINT]) - [123]
2021-03-10 22:37:37.684 TRACE 20712 --- [    Test worker] o.h.type.descriptor.sql.BasicExtractor   : extracted value ([id1_7_] : [BIGINT]) - [124]
2021-03-10 22:37:37.684 TRACE 20712 --- [    Test worker] o.h.type.descriptor.sql.BasicExtractor   : extracted value ([id1_7_] : [BIGINT]) - [125]
2021-03-10 22:37:37.684 TRACE 20712 --- [    Test worker] o.h.type.descriptor.sql.BasicExtractor   : extracted value ([id1_7_] : [BIGINT]) - [126]
2021-03-10 22:37:37.684 TRACE 20712 --- [    Test worker] o.h.type.descriptor.sql.BasicExtractor   : extracted value ([id1_7_] : [BIGINT]) - [127]
2021-03-10 22:37:37.684 TRACE 20712 --- [    Test worker] o.h.type.descriptor.sql.BasicExtractor   : extracted value ([id1_7_] : [BIGINT]) - [128]
2021-03-10 22:37:37.684 TRACE 20712 --- [    Test worker] o.h.type.descriptor.sql.BasicExtractor   : extracted value ([id1_7_] : [BIGINT]) - [129]
2021-03-10 22:37:37.684 TRACE 20712 --- [    Test worker] o.h.type.descriptor.sql.BasicExtractor   : extracted value ([id1_7_] : [BIGINT]) - [130]
2021-03-10 22:37:37.684 TRACE 20712 --- [    Test worker] o.h.type.descriptor.sql.BasicExtractor   : extracted value ([id1_7_] : [BIGINT]) - [131]
2021-03-10 22:37:37.684 TRACE 20712 --- [    Test worker] o.h.type.descriptor.sql.BasicExtractor   : extracted value ([id1_7_] : [BIGINT]) - [132]
2021-03-10 22:37:37.684 TRACE 20712 --- [    Test worker] o.h.type.descriptor.sql.BasicExtractor   : extracted value ([id1_7_] : [BIGINT]) - [133]
2021-03-10 22:37:37.684 TRACE 20712 --- [    Test worker] o.h.type.descriptor.sql.BasicExtractor   : extracted value ([id1_7_] : [BIGINT]) - [134]
2021-03-10 22:37:37.684 TRACE 20712 --- [    Test worker] o.h.type.descriptor.sql.BasicExtractor   : extracted value ([id1_7_] : [BIGINT]) - [135]
2021-03-10 22:37:37.684 TRACE 20712 --- [    Test worker] o.h.type.descriptor.sql.BasicExtractor   : extracted value ([id1_7_] : [BIGINT]) - [136]
2021-03-10 22:37:37.684 TRACE 20712 --- [    Test worker] o.h.type.descriptor.sql.BasicExtractor   : extracted value ([id1_7_] : [BIGINT]) - [137]
2021-03-10 22:37:37.684 TRACE 20712 --- [    Test worker] o.h.type.descriptor.sql.BasicExtractor   : extracted value ([id1_7_] : [BIGINT]) - [138]
2021-03-10 22:37:37.684 TRACE 20712 --- [    Test worker] o.h.type.descriptor.sql.BasicExtractor   : extracted value ([id1_7_] : [BIGINT]) - [139]
2021-03-10 22:37:37.684 TRACE 20712 --- [    Test worker] o.h.type.descriptor.sql.BasicExtractor   : extracted value ([id1_7_] : [BIGINT]) - [140]
2021-03-10 22:37:37.684 TRACE 20712 --- [    Test worker] o.h.type.descriptor.sql.BasicExtractor   : extracted value ([id1_7_] : [BIGINT]) - [141]
2021-03-10 22:37:37.684 TRACE 20712 --- [    Test worker] o.h.type.descriptor.sql.BasicExtractor   : extracted value ([id1_7_] : [BIGINT]) - [142]
2021-03-10 22:37:37.684 TRACE 20712 --- [    Test worker] o.h.type.descriptor.sql.BasicExtractor   : extracted value ([id1_7_] : [BIGINT]) - [143]
2021-03-10 22:37:37.684 TRACE 20712 --- [    Test worker] o.h.type.descriptor.sql.BasicExtractor   : extracted value ([id1_7_] : [BIGINT]) - [144]
2021-03-10 22:37:37.684 TRACE 20712 --- [    Test worker] o.h.type.descriptor.sql.BasicExtractor   : extracted value ([id1_7_] : [BIGINT]) - [145]
Hibernate: 
    select
        zone0_.id as id1_7_,
        zone0_.city as city2_7_,
        zone0_.local_name_of_city as local_na3_7_,
        zone0_.province as province4_7_ 
    from
        zone zone0_
2021-03-10 22:37:37.684 TRACE 20712 --- [    Test worker] o.h.type.descriptor.sql.BasicExtractor   : extracted value ([id1_7_] : [BIGINT]) - [61]
2021-03-10 22:37:37.684 TRACE 20712 --- [    Test worker] o.h.type.descriptor.sql.BasicExtractor   : extracted value ([id1_7_] : [BIGINT]) - [62]
2021-03-10 22:37:37.684 TRACE 20712 --- [    Test worker] o.h.type.descriptor.sql.BasicExtractor   : extracted value ([id1_7_] : [BIGINT]) - [63]
2021-03-10 22:37:37.684 TRACE 20712 --- [    Test worker] o.h.type.descriptor.sql.BasicExtractor   : extracted value ([id1_7_] : [BIGINT]) - [64]
2021-03-10 22:37:37.684 TRACE 20712 --- [    Test worker] o.h.type.descriptor.sql.BasicExtractor   : extracted value ([id1_7_] : [BIGINT]) - [65]
2021-03-10 22:37:37.684 TRACE 20712 --- [    Test worker] o.h.type.descriptor.sql.BasicExtractor   : extracted value ([id1_7_] : [BIGINT]) - [66]
2021-03-10 22:37:37.684 TRACE 20712 --- [    Test worker] o.h.type.descriptor.sql.BasicExtractor   : extracted value ([id1_7_] : [BIGINT]) - [67]
2021-03-10 22:37:37.684 TRACE 20712 --- [    Test worker] o.h.type.descriptor.sql.BasicExtractor   : extracted value ([id1_7_] : [BIGINT]) - [68]
2021-03-10 22:37:37.684 TRACE 20712 --- [    Test worker] o.h.type.descriptor.sql.BasicExtractor   : extracted value ([id1_7_] : [BIGINT]) - [69]
2021-03-10 22:37:37.684 TRACE 20712 --- [    Test worker] o.h.type.descriptor.sql.BasicExtractor   : extracted value ([id1_7_] : [BIGINT]) - [70]
2021-03-10 22:37:37.684 TRACE 20712 --- [    Test worker] o.h.type.descriptor.sql.BasicExtractor   : extracted value ([id1_7_] : [BIGINT]) - [71]
2021-03-10 22:37:37.684 TRACE 20712 --- [    Test worker] o.h.type.descriptor.sql.BasicExtractor   : extracted value ([id1_7_] : [BIGINT]) - [72]
2021-03-10 22:37:37.684 TRACE 20712 --- [    Test worker] o.h.type.descriptor.sql.BasicExtractor   : extracted value ([id1_7_] : [BIGINT]) - [73]
2021-03-10 22:37:37.684 TRACE 20712 --- [    Test worker] o.h.type.descriptor.sql.BasicExtractor   : extracted value ([id1_7_] : [BIGINT]) - [74]
2021-03-10 22:37:37.684 TRACE 20712 --- [    Test worker] o.h.type.descriptor.sql.BasicExtractor   : extracted value ([id1_7_] : [BIGINT]) - [75]
2021-03-10 22:37:37.684 TRACE 20712 --- [    Test worker] o.h.type.descriptor.sql.BasicExtractor   : extracted value ([id1_7_] : [BIGINT]) - [76]
2021-03-10 22:37:37.684 TRACE 20712 --- [    Test worker] o.h.type.descriptor.sql.BasicExtractor   : extracted value ([id1_7_] : [BIGINT]) - [77]
2021-03-10 22:37:37.684 TRACE 20712 --- [    Test worker] o.h.type.descriptor.sql.BasicExtractor   : extracted value ([id1_7_] : [BIGINT]) - [78]
2021-03-10 22:37:37.684 TRACE 20712 --- [    Test worker] o.h.type.descriptor.sql.BasicExtractor   : extracted value ([id1_7_] : [BIGINT]) - [79]
2021-03-10 22:37:37.684 TRACE 20712 --- [    Test worker] o.h.type.descriptor.sql.BasicExtractor   : extracted value ([id1_7_] : [BIGINT]) - [80]
2021-03-10 22:37:37.684 TRACE 20712 --- [    Test worker] o.h.type.descriptor.sql.BasicExtractor   : extracted value ([id1_7_] : [BIGINT]) - [81]
2021-03-10 22:37:37.684 TRACE 20712 --- [    Test worker] o.h.type.descriptor.sql.BasicExtractor   : extracted value ([id1_7_] : [BIGINT]) - [82]
2021-03-10 22:37:37.684 TRACE 20712 --- [    Test worker] o.h.type.descriptor.sql.BasicExtractor   : extracted value ([id1_7_] : [BIGINT]) - [83]
2021-03-10 22:37:37.684 TRACE 20712 --- [    Test worker] o.h.type.descriptor.sql.BasicExtractor   : extracted value ([id1_7_] : [BIGINT]) - [84]
2021-03-10 22:37:37.684 TRACE 20712 --- [    Test worker] o.h.type.descriptor.sql.BasicExtractor   : extracted value ([id1_7_] : [BIGINT]) - [85]
2021-03-10 22:37:37.684 TRACE 20712 --- [    Test worker] o.h.type.descriptor.sql.BasicExtractor   : extracted value ([id1_7_] : [BIGINT]) - [86]
2021-03-10 22:37:37.684 TRACE 20712 --- [    Test worker] o.h.type.descriptor.sql.BasicExtractor   : extracted value ([id1_7_] : [BIGINT]) - [87]
2021-03-10 22:37:37.684 TRACE 20712 --- [    Test worker] o.h.type.descriptor.sql.BasicExtractor   : extracted value ([id1_7_] : [BIGINT]) - [88]
2021-03-10 22:37:37.684 TRACE 20712 --- [    Test worker] o.h.type.descriptor.sql.BasicExtractor   : extracted value ([id1_7_] : [BIGINT]) - [89]
2021-03-10 22:37:37.684 TRACE 20712 --- [    Test worker] o.h.type.descriptor.sql.BasicExtractor   : extracted value ([id1_7_] : [BIGINT]) - [90]
2021-03-10 22:37:37.684 TRACE 20712 --- [    Test worker] o.h.type.descriptor.sql.BasicExtractor   : extracted value ([id1_7_] : [BIGINT]) - [91]
2021-03-10 22:37:37.684 TRACE 20712 --- [    Test worker] o.h.type.descriptor.sql.BasicExtractor   : extracted value ([id1_7_] : [BIGINT]) - [92]
2021-03-10 22:37:37.684 TRACE 20712 --- [    Test worker] o.h.type.descriptor.sql.BasicExtractor   : extracted value ([id1_7_] : [BIGINT]) - [93]
2021-03-10 22:37:37.684 TRACE 20712 --- [    Test worker] o.h.type.descriptor.sql.BasicExtractor   : extracted value ([id1_7_] : [BIGINT]) - [94]
2021-03-10 22:37:37.684 TRACE 20712 --- [    Test worker] o.h.type.descriptor.sql.BasicExtractor   : extracted value ([id1_7_] : [BIGINT]) - [95]
2021-03-10 22:37:37.684 TRACE 20712 --- [    Test worker] o.h.type.descriptor.sql.BasicExtractor   : extracted value ([id1_7_] : [BIGINT]) - [96]
2021-03-10 22:37:37.684 TRACE 20712 --- [    Test worker] o.h.type.descriptor.sql.BasicExtractor   : extracted value ([id1_7_] : [BIGINT]) - [97]
2021-03-10 22:37:37.684 TRACE 20712 --- [    Test worker] o.h.type.descriptor.sql.BasicExtractor   : extracted value ([id1_7_] : [BIGINT]) - [98]
2021-03-10 22:37:37.684 TRACE 20712 --- [    Test worker] o.h.type.descriptor.sql.BasicExtractor   : extracted value ([id1_7_] : [BIGINT]) - [99]
2021-03-10 22:37:37.684 TRACE 20712 --- [    Test worker] o.h.type.descriptor.sql.BasicExtractor   : extracted value ([id1_7_] : [BIGINT]) - [100]
2021-03-10 22:37:37.684 TRACE 20712 --- [    Test worker] o.h.type.descriptor.sql.BasicExtractor   : extracted value ([id1_7_] : [BIGINT]) - [101]
2021-03-10 22:37:37.684 TRACE 20712 --- [    Test worker] o.h.type.descriptor.sql.BasicExtractor   : extracted value ([id1_7_] : [BIGINT]) - [102]
2021-03-10 22:37:37.684 TRACE 20712 --- [    Test worker] o.h.type.descriptor.sql.BasicExtractor   : extracted value ([id1_7_] : [BIGINT]) - [103]
2021-03-10 22:37:37.684 TRACE 20712 --- [    Test worker] o.h.type.descriptor.sql.BasicExtractor   : extracted value ([id1_7_] : [BIGINT]) - [104]
2021-03-10 22:37:37.684 TRACE 20712 --- [    Test worker] o.h.type.descriptor.sql.BasicExtractor   : extracted value ([id1_7_] : [BIGINT]) - [105]
2021-03-10 22:37:37.684 TRACE 20712 --- [    Test worker] o.h.type.descriptor.sql.BasicExtractor   : extracted value ([id1_7_] : [BIGINT]) - [106]
2021-03-10 22:37:37.684 TRACE 20712 --- [    Test worker] o.h.type.descriptor.sql.BasicExtractor   : extracted value ([id1_7_] : [BIGINT]) - [107]
2021-03-10 22:37:37.684 TRACE 20712 --- [    Test worker] o.h.type.descriptor.sql.BasicExtractor   : extracted value ([id1_7_] : [BIGINT]) - [108]
2021-03-10 22:37:37.684 TRACE 20712 --- [    Test worker] o.h.type.descriptor.sql.BasicExtractor   : extracted value ([id1_7_] : [BIGINT]) - [109]
2021-03-10 22:37:37.684 TRACE 20712 --- [    Test worker] o.h.type.descriptor.sql.BasicExtractor   : extracted value ([id1_7_] : [BIGINT]) - [110]
2021-03-10 22:37:37.684 TRACE 20712 --- [    Test worker] o.h.type.descriptor.sql.BasicExtractor   : extracted value ([id1_7_] : [BIGINT]) - [111]
2021-03-10 22:37:37.684 TRACE 20712 --- [    Test worker] o.h.type.descriptor.sql.BasicExtractor   : extracted value ([id1_7_] : [BIGINT]) - [112]
2021-03-10 22:37:37.684 TRACE 20712 --- [    Test worker] o.h.type.descriptor.sql.BasicExtractor   : extracted value ([id1_7_] : [BIGINT]) - [113]
2021-03-10 22:37:37.684 TRACE 20712 --- [    Test worker] o.h.type.descriptor.sql.BasicExtractor   : extracted value ([id1_7_] : [BIGINT]) - [114]
2021-03-10 22:37:37.684 TRACE 20712 --- [    Test worker] o.h.type.descriptor.sql.BasicExtractor   : extracted value ([id1_7_] : [BIGINT]) - [115]
2021-03-10 22:37:37.684 TRACE 20712 --- [    Test worker] o.h.type.descriptor.sql.BasicExtractor   : extracted value ([id1_7_] : [BIGINT]) - [116]
2021-03-10 22:37:37.684 TRACE 20712 --- [    Test worker] o.h.type.descriptor.sql.BasicExtractor   : extracted value ([id1_7_] : [BIGINT]) - [117]
2021-03-10 22:37:37.684 TRACE 20712 --- [    Test worker] o.h.type.descriptor.sql.BasicExtractor   : extracted value ([id1_7_] : [BIGINT]) - [118]
2021-03-10 22:37:37.684 TRACE 20712 --- [    Test worker] o.h.type.descriptor.sql.BasicExtractor   : extracted value ([id1_7_] : [BIGINT]) - [119]
2021-03-10 22:37:37.684 TRACE 20712 --- [    Test worker] o.h.type.descriptor.sql.BasicExtractor   : extracted value ([id1_7_] : [BIGINT]) - [120]
2021-03-10 22:37:37.684 TRACE 20712 --- [    Test worker] o.h.type.descriptor.sql.BasicExtractor   : extracted value ([id1_7_] : [BIGINT]) - [121]
2021-03-10 22:37:37.684 TRACE 20712 --- [    Test worker] o.h.type.descriptor.sql.BasicExtractor   : extracted value ([id1_7_] : [BIGINT]) - [122]
2021-03-10 22:37:37.684 TRACE 20712 --- [    Test worker] o.h.type.descriptor.sql.BasicExtractor   : extracted value ([id1_7_] : [BIGINT]) - [123]
2021-03-10 22:37:37.684 TRACE 20712 --- [    Test worker] o.h.type.descriptor.sql.BasicExtractor   : extracted value ([id1_7_] : [BIGINT]) - [124]
2021-03-10 22:37:37.684 TRACE 20712 --- [    Test worker] o.h.type.descriptor.sql.BasicExtractor   : extracted value ([id1_7_] : [BIGINT]) - [125]
2021-03-10 22:37:37.684 TRACE 20712 --- [    Test worker] o.h.type.descriptor.sql.BasicExtractor   : extracted value ([id1_7_] : [BIGINT]) - [126]
2021-03-10 22:37:37.684 TRACE 20712 --- [    Test worker] o.h.type.descriptor.sql.BasicExtractor   : extracted value ([id1_7_] : [BIGINT]) - [127]
2021-03-10 22:37:37.684 TRACE 20712 --- [    Test worker] o.h.type.descriptor.sql.BasicExtractor   : extracted value ([id1_7_] : [BIGINT]) - [128]
2021-03-10 22:37:37.684 TRACE 20712 --- [    Test worker] o.h.type.descriptor.sql.BasicExtractor   : extracted value ([id1_7_] : [BIGINT]) - [129]
2021-03-10 22:37:37.684 TRACE 20712 --- [    Test worker] o.h.type.descriptor.sql.BasicExtractor   : extracted value ([id1_7_] : [BIGINT]) - [130]
2021-03-10 22:37:37.684 TRACE 20712 --- [    Test worker] o.h.type.descriptor.sql.BasicExtractor   : extracted value ([id1_7_] : [BIGINT]) - [131]
2021-03-10 22:37:37.684 TRACE 20712 --- [    Test worker] o.h.type.descriptor.sql.BasicExtractor   : extracted value ([id1_7_] : [BIGINT]) - [132]
2021-03-10 22:37:37.684 TRACE 20712 --- [    Test worker] o.h.type.descriptor.sql.BasicExtractor   : extracted value ([id1_7_] : [BIGINT]) - [133]
2021-03-10 22:37:37.684 TRACE 20712 --- [    Test worker] o.h.type.descriptor.sql.BasicExtractor   : extracted value ([id1_7_] : [BIGINT]) - [134]
2021-03-10 22:37:37.684 TRACE 20712 --- [    Test worker] o.h.type.descriptor.sql.BasicExtractor   : extracted value ([id1_7_] : [BIGINT]) - [135]
2021-03-10 22:37:37.684 TRACE 20712 --- [    Test worker] o.h.type.descriptor.sql.BasicExtractor   : extracted value ([id1_7_] : [BIGINT]) - [136]
2021-03-10 22:37:37.684 TRACE 20712 --- [    Test worker] o.h.type.descriptor.sql.BasicExtractor   : extracted value ([id1_7_] : [BIGINT]) - [137]
2021-03-10 22:37:37.684 TRACE 20712 --- [    Test worker] o.h.type.descriptor.sql.BasicExtractor   : extracted value ([id1_7_] : [BIGINT]) - [138]
2021-03-10 22:37:37.684 TRACE 20712 --- [    Test worker] o.h.type.descriptor.sql.BasicExtractor   : extracted value ([id1_7_] : [BIGINT]) - [139]
2021-03-10 22:37:37.684 TRACE 20712 --- [    Test worker] o.h.type.descriptor.sql.BasicExtractor   : extracted value ([id1_7_] : [BIGINT]) - [140]
2021-03-10 22:37:37.684 TRACE 20712 --- [    Test worker] o.h.type.descriptor.sql.BasicExtractor   : extracted value ([id1_7_] : [BIGINT]) - [141]
2021-03-10 22:37:37.684 TRACE 20712 --- [    Test worker] o.h.type.descriptor.sql.BasicExtractor   : extracted value ([id1_7_] : [BIGINT]) - [142]
2021-03-10 22:37:37.684 TRACE 20712 --- [    Test worker] o.h.type.descriptor.sql.BasicExtractor   : extracted value ([id1_7_] : [BIGINT]) - [143]
2021-03-10 22:37:37.684 TRACE 20712 --- [    Test worker] o.h.type.descriptor.sql.BasicExtractor   : extracted value ([id1_7_] : [BIGINT]) - [144]
2021-03-10 22:37:37.684 TRACE 20712 --- [    Test worker] o.h.type.descriptor.sql.BasicExtractor   : extracted value ([id1_7_] : [BIGINT]) - [145]
Hibernate: 
    select
        zone0_.id as id1_7_,
        zone0_.city as city2_7_,
        zone0_.local_name_of_city as local_na3_7_,
        zone0_.province as province4_7_ 
    from
        zone zone0_
2021-03-10 22:37:37.684 TRACE 20712 --- [    Test worker] o.h.type.descriptor.sql.BasicExtractor   : extracted value ([id1_7_] : [BIGINT]) - [61]
2021-03-10 22:37:37.684 TRACE 20712 --- [    Test worker] o.h.type.descriptor.sql.BasicExtractor   : extracted value ([id1_7_] : [BIGINT]) - [62]
2021-03-10 22:37:37.684 TRACE 20712 --- [    Test worker] o.h.type.descriptor.sql.BasicExtractor   : extracted value ([id1_7_] : [BIGINT]) - [63]
2021-03-10 22:37:37.684 TRACE 20712 --- [    Test worker] o.h.type.descriptor.sql.BasicExtractor   : extracted value ([id1_7_] : [BIGINT]) - [64]
2021-03-10 22:37:37.684 TRACE 20712 --- [    Test worker] o.h.type.descriptor.sql.BasicExtractor   : extracted value ([id1_7_] : [BIGINT]) - [65]
2021-03-10 22:37:37.684 TRACE 20712 --- [    Test worker] o.h.type.descriptor.sql.BasicExtractor   : extracted value ([id1_7_] : [BIGINT]) - [66]
2021-03-10 22:37:37.684 TRACE 20712 --- [    Test worker] o.h.type.descriptor.sql.BasicExtractor   : extracted value ([id1_7_] : [BIGINT]) - [67]
2021-03-10 22:37:37.684 TRACE 20712 --- [    Test worker] o.h.type.descriptor.sql.BasicExtractor   : extracted value ([id1_7_] : [BIGINT]) - [68]
2021-03-10 22:37:37.684 TRACE 20712 --- [    Test worker] o.h.type.descriptor.sql.BasicExtractor   : extracted value ([id1_7_] : [BIGINT]) - [69]
2021-03-10 22:37:37.684 TRACE 20712 --- [    Test worker] o.h.type.descriptor.sql.BasicExtractor   : extracted value ([id1_7_] : [BIGINT]) - [70]
2021-03-10 22:37:37.684 TRACE 20712 --- [    Test worker] o.h.type.descriptor.sql.BasicExtractor   : extracted value ([id1_7_] : [BIGINT]) - [71]
2021-03-10 22:37:37.684 TRACE 20712 --- [    Test worker] o.h.type.descriptor.sql.BasicExtractor   : extracted value ([id1_7_] : [BIGINT]) - [72]
2021-03-10 22:37:37.684 TRACE 20712 --- [    Test worker] o.h.type.descriptor.sql.BasicExtractor   : extracted value ([id1_7_] : [BIGINT]) - [73]
2021-03-10 22:37:37.684 TRACE 20712 --- [    Test worker] o.h.type.descriptor.sql.BasicExtractor   : extracted value ([id1_7_] : [BIGINT]) - [74]
2021-03-10 22:37:37.684 TRACE 20712 --- [    Test worker] o.h.type.descriptor.sql.BasicExtractor   : extracted value ([id1_7_] : [BIGINT]) - [75]
2021-03-10 22:37:37.684 TRACE 20712 --- [    Test worker] o.h.type.descriptor.sql.BasicExtractor   : extracted value ([id1_7_] : [BIGINT]) - [76]
2021-03-10 22:37:37.684 TRACE 20712 --- [    Test worker] o.h.type.descriptor.sql.BasicExtractor   : extracted value ([id1_7_] : [BIGINT]) - [77]
2021-03-10 22:37:37.684 TRACE 20712 --- [    Test worker] o.h.type.descriptor.sql.BasicExtractor   : extracted value ([id1_7_] : [BIGINT]) - [78]
2021-03-10 22:37:37.684 TRACE 20712 --- [    Test worker] o.h.type.descriptor.sql.BasicExtractor   : extracted value ([id1_7_] : [BIGINT]) - [79]
2021-03-10 22:37:37.684 TRACE 20712 --- [    Test worker] o.h.type.descriptor.sql.BasicExtractor   : extracted value ([id1_7_] : [BIGINT]) - [80]
2021-03-10 22:37:37.684 TRACE 20712 --- [    Test worker] o.h.type.descriptor.sql.BasicExtractor   : extracted value ([id1_7_] : [BIGINT]) - [81]
2021-03-10 22:37:37.684 TRACE 20712 --- [    Test worker] o.h.type.descriptor.sql.BasicExtractor   : extracted value ([id1_7_] : [BIGINT]) - [82]
2021-03-10 22:37:37.684 TRACE 20712 --- [    Test worker] o.h.type.descriptor.sql.BasicExtractor   : extracted value ([id1_7_] : [BIGINT]) - [83]
2021-03-10 22:37:37.684 TRACE 20712 --- [    Test worker] o.h.type.descriptor.sql.BasicExtractor   : extracted value ([id1_7_] : [BIGINT]) - [84]
2021-03-10 22:37:37.684 TRACE 20712 --- [    Test worker] o.h.type.descriptor.sql.BasicExtractor   : extracted value ([id1_7_] : [BIGINT]) - [85]
2021-03-10 22:37:37.684 TRACE 20712 --- [    Test worker] o.h.type.descriptor.sql.BasicExtractor   : extracted value ([id1_7_] : [BIGINT]) - [86]
2021-03-10 22:37:37.684 TRACE 20712 --- [    Test worker] o.h.type.descriptor.sql.BasicExtractor   : extracted value ([id1_7_] : [BIGINT]) - [87]
2021-03-10 22:37:37.684 TRACE 20712 --- [    Test worker] o.h.type.descriptor.sql.BasicExtractor   : extracted value ([id1_7_] : [BIGINT]) - [88]
2021-03-10 22:37:37.684 TRACE 20712 --- [    Test worker] o.h.type.descriptor.sql.BasicExtractor   : extracted value ([id1_7_] : [BIGINT]) - [89]
2021-03-10 22:37:37.684 TRACE 20712 --- [    Test worker] o.h.type.descriptor.sql.BasicExtractor   : extracted value ([id1_7_] : [BIGINT]) - [90]
2021-03-10 22:37:37.684 TRACE 20712 --- [    Test worker] o.h.type.descriptor.sql.BasicExtractor   : extracted value ([id1_7_] : [BIGINT]) - [91]
2021-03-10 22:37:37.684 TRACE 20712 --- [    Test worker] o.h.type.descriptor.sql.BasicExtractor   : extracted value ([id1_7_] : [BIGINT]) - [92]
2021-03-10 22:37:37.684 TRACE 20712 --- [    Test worker] o.h.type.descriptor.sql.BasicExtractor   : extracted value ([id1_7_] : [BIGINT]) - [93]
2021-03-10 22:37:37.684 TRACE 20712 --- [    Test worker] o.h.type.descriptor.sql.BasicExtractor   : extracted value ([id1_7_] : [BIGINT]) - [94]
2021-03-10 22:37:37.684 TRACE 20712 --- [    Test worker] o.h.type.descriptor.sql.BasicExtractor   : extracted value ([id1_7_] : [BIGINT]) - [95]
2021-03-10 22:37:37.684 TRACE 20712 --- [    Test worker] o.h.type.descriptor.sql.BasicExtractor   : extracted value ([id1_7_] : [BIGINT]) - [96]
2021-03-10 22:37:37.684 TRACE 20712 --- [    Test worker] o.h.type.descriptor.sql.BasicExtractor   : extracted value ([id1_7_] : [BIGINT]) - [97]
2021-03-10 22:37:37.684 TRACE 20712 --- [    Test worker] o.h.type.descriptor.sql.BasicExtractor   : extracted value ([id1_7_] : [BIGINT]) - [98]
2021-03-10 22:37:37.684 TRACE 20712 --- [    Test worker] o.h.type.descriptor.sql.BasicExtractor   : extracted value ([id1_7_] : [BIGINT]) - [99]
2021-03-10 22:37:37.684 TRACE 20712 --- [    Test worker] o.h.type.descriptor.sql.BasicExtractor   : extracted value ([id1_7_] : [BIGINT]) - [100]
2021-03-10 22:37:37.684 TRACE 20712 --- [    Test worker] o.h.type.descriptor.sql.BasicExtractor   : extracted value ([id1_7_] : [BIGINT]) - [101]
2021-03-10 22:37:37.684 TRACE 20712 --- [    Test worker] o.h.type.descriptor.sql.BasicExtractor   : extracted value ([id1_7_] : [BIGINT]) - [102]
2021-03-10 22:37:37.684 TRACE 20712 --- [    Test worker] o.h.type.descriptor.sql.BasicExtractor   : extracted value ([id1_7_] : [BIGINT]) - [103]
2021-03-10 22:37:37.684 TRACE 20712 --- [    Test worker] o.h.type.descriptor.sql.BasicExtractor   : extracted value ([id1_7_] : [BIGINT]) - [104]
2021-03-10 22:37:37.684 TRACE 20712 --- [    Test worker] o.h.type.descriptor.sql.BasicExtractor   : extracted value ([id1_7_] : [BIGINT]) - [105]
2021-03-10 22:37:37.684 TRACE 20712 --- [    Test worker] o.h.type.descriptor.sql.BasicExtractor   : extracted value ([id1_7_] : [BIGINT]) - [106]
2021-03-10 22:37:37.684 TRACE 20712 --- [    Test worker] o.h.type.descriptor.sql.BasicExtractor   : extracted value ([id1_7_] : [BIGINT]) - [107]
2021-03-10 22:37:37.684 TRACE 20712 --- [    Test worker] o.h.type.descriptor.sql.BasicExtractor   : extracted value ([id1_7_] : [BIGINT]) - [108]
2021-03-10 22:37:37.684 TRACE 20712 --- [    Test worker] o.h.type.descriptor.sql.BasicExtractor   : extracted value ([id1_7_] : [BIGINT]) - [109]
2021-03-10 22:37:37.684 TRACE 20712 --- [    Test worker] o.h.type.descriptor.sql.BasicExtractor   : extracted value ([id1_7_] : [BIGINT]) - [110]
2021-03-10 22:37:37.684 TRACE 20712 --- [    Test worker] o.h.type.descriptor.sql.BasicExtractor   : extracted value ([id1_7_] : [BIGINT]) - [111]
2021-03-10 22:37:37.684 TRACE 20712 --- [    Test worker] o.h.type.descriptor.sql.BasicExtractor   : extracted value ([id1_7_] : [BIGINT]) - [112]
2021-03-10 22:37:37.684 TRACE 20712 --- [    Test worker] o.h.type.descriptor.sql.BasicExtractor   : extracted value ([id1_7_] : [BIGINT]) - [113]
2021-03-10 22:37:37.684 TRACE 20712 --- [    Test worker] o.h.type.descriptor.sql.BasicExtractor   : extracted value ([id1_7_] : [BIGINT]) - [114]
2021-03-10 22:37:37.684 TRACE 20712 --- [    Test worker] o.h.type.descriptor.sql.BasicExtractor   : extracted value ([id1_7_] : [BIGINT]) - [115]
2021-03-10 22:37:37.684 TRACE 20712 --- [    Test worker] o.h.type.descriptor.sql.BasicExtractor   : extracted value ([id1_7_] : [BIGINT]) - [116]
2021-03-10 22:37:37.684 TRACE 20712 --- [    Test worker] o.h.type.descriptor.sql.BasicExtractor   : extracted value ([id1_7_] : [BIGINT]) - [117]
2021-03-10 22:37:37.684 TRACE 20712 --- [    Test worker] o.h.type.descriptor.sql.BasicExtractor   : extracted value ([id1_7_] : [BIGINT]) - [118]
2021-03-10 22:37:37.684 TRACE 20712 --- [    Test worker] o.h.type.descriptor.sql.BasicExtractor   : extracted value ([id1_7_] : [BIGINT]) - [119]
2021-03-10 22:37:37.684 TRACE 20712 --- [    Test worker] o.h.type.descriptor.sql.BasicExtractor   : extracted value ([id1_7_] : [BIGINT]) - [120]
2021-03-10 22:37:37.684 TRACE 20712 --- [    Test worker] o.h.type.descriptor.sql.BasicExtractor   : extracted value ([id1_7_] : [BIGINT]) - [121]
2021-03-10 22:37:37.684 TRACE 20712 --- [    Test worker] o.h.type.descriptor.sql.BasicExtractor   : extracted value ([id1_7_] : [BIGINT]) - [122]
2021-03-10 22:37:37.684 TRACE 20712 --- [    Test worker] o.h.type.descriptor.sql.BasicExtractor   : extracted value ([id1_7_] : [BIGINT]) - [123]
2021-03-10 22:37:37.684 TRACE 20712 --- [    Test worker] o.h.type.descriptor.sql.BasicExtractor   : extracted value ([id1_7_] : [BIGINT]) - [124]
2021-03-10 22:37:37.684 TRACE 20712 --- [    Test worker] o.h.type.descriptor.sql.BasicExtractor   : extracted value ([id1_7_] : [BIGINT]) - [125]
2021-03-10 22:37:37.684 TRACE 20712 --- [    Test worker] o.h.type.descriptor.sql.BasicExtractor   : extracted value ([id1_7_] : [BIGINT]) - [126]
2021-03-10 22:37:37.684 TRACE 20712 --- [    Test worker] o.h.type.descriptor.sql.BasicExtractor   : extracted value ([id1_7_] : [BIGINT]) - [127]
2021-03-10 22:37:37.684 TRACE 20712 --- [    Test worker] o.h.type.descriptor.sql.BasicExtractor   : extracted value ([id1_7_] : [BIGINT]) - [128]
2021-03-10 22:37:37.684 TRACE 20712 --- [    Test worker] o.h.type.descriptor.sql.BasicExtractor   : extracted value ([id1_7_] : [BIGINT]) - [129]
2021-03-10 22:37:37.684 TRACE 20712 --- [    Test worker] o.h.type.descriptor.sql.BasicExtractor   : extracted value ([id1_7_] : [BIGINT]) - [130]
2021-03-10 22:37:37.684 TRACE 20712 --- [    Test worker] o.h.type.descriptor.sql.BasicExtractor   : extracted value ([id1_7_] : [BIGINT]) - [131]
2021-03-10 22:37:37.684 TRACE 20712 --- [    Test worker] o.h.type.descriptor.sql.BasicExtractor   : extracted value ([id1_7_] : [BIGINT]) - [132]
2021-03-10 22:37:37.684 TRACE 20712 --- [    Test worker] o.h.type.descriptor.sql.BasicExtractor   : extracted value ([id1_7_] : [BIGINT]) - [133]
2021-03-10 22:37:37.684 TRACE 20712 --- [    Test worker] o.h.type.descriptor.sql.BasicExtractor   : extracted value ([id1_7_] : [BIGINT]) - [134]
2021-03-10 22:37:37.684 TRACE 20712 --- [    Test worker] o.h.type.descriptor.sql.BasicExtractor   : extracted value ([id1_7_] : [BIGINT]) - [135]
2021-03-10 22:37:37.684 TRACE 20712 --- [    Test worker] o.h.type.descriptor.sql.BasicExtractor   : extracted value ([id1_7_] : [BIGINT]) - [136]
2021-03-10 22:37:37.684 TRACE 20712 --- [    Test worker] o.h.type.descriptor.sql.BasicExtractor   : extracted value ([id1_7_] : [BIGINT]) - [137]
2021-03-10 22:37:37.684 TRACE 20712 --- [    Test worker] o.h.type.descriptor.sql.BasicExtractor   : extracted value ([id1_7_] : [BIGINT]) - [138]
2021-03-10 22:37:37.684 TRACE 20712 --- [    Test worker] o.h.type.descriptor.sql.BasicExtractor   : extracted value ([id1_7_] : [BIGINT]) - [139]
2021-03-10 22:37:37.684 TRACE 20712 --- [    Test worker] o.h.type.descriptor.sql.BasicExtractor   : extracted value ([id1_7_] : [BIGINT]) - [140]
2021-03-10 22:37:37.684 TRACE 20712 --- [    Test worker] o.h.type.descriptor.sql.BasicExtractor   : extracted value ([id1_7_] : [BIGINT]) - [141]
2021-03-10 22:37:37.684 TRACE 20712 --- [    Test worker] o.h.type.descriptor.sql.BasicExtractor   : extracted value ([id1_7_] : [BIGINT]) - [142]
2021-03-10 22:37:37.684 TRACE 20712 --- [    Test worker] o.h.type.descriptor.sql.BasicExtractor   : extracted value ([id1_7_] : [BIGINT]) - [143]
2021-03-10 22:37:37.684 TRACE 20712 --- [    Test worker] o.h.type.descriptor.sql.BasicExtractor   : extracted value ([id1_7_] : [BIGINT]) - [144]
2021-03-10 22:37:37.684 TRACE 20712 --- [    Test worker] o.h.type.descriptor.sql.BasicExtractor   : extracted value ([id1_7_] : [BIGINT]) - [145]
Hibernate: 
    select
        zone0_.id as id1_7_,
        zone0_.city as city2_7_,
        zone0_.local_name_of_city as local_na3_7_,
        zone0_.province as province4_7_ 
    from
        zone zone0_
2021-03-10 22:37:37.684 TRACE 20712 --- [    Test worker] o.h.type.descriptor.sql.BasicExtractor   : extracted value ([id1_7_] : [BIGINT]) - [61]
2021-03-10 22:37:37.684 TRACE 20712 --- [    Test worker] o.h.type.descriptor.sql.BasicExtractor   : extracted value ([id1_7_] : [BIGINT]) - [62]
2021-03-10 22:37:37.684 TRACE 20712 --- [    Test worker] o.h.type.descriptor.sql.BasicExtractor   : extracted value ([id1_7_] : [BIGINT]) - [63]
2021-03-10 22:37:37.684 TRACE 20712 --- [    Test worker] o.h.type.descriptor.sql.BasicExtractor   : extracted value ([id1_7_] : [BIGINT]) - [64]
2021-03-10 22:37:37.684 TRACE 20712 --- [    Test worker] o.h.type.descriptor.sql.BasicExtractor   : extracted value ([id1_7_] : [BIGINT]) - [65]
2021-03-10 22:37:37.684 TRACE 20712 --- [    Test worker] o.h.type.descriptor.sql.BasicExtractor   : extracted value ([id1_7_] : [BIGINT]) - [66]
2021-03-10 22:37:37.684 TRACE 20712 --- [    Test worker] o.h.type.descriptor.sql.BasicExtractor   : extracted value ([id1_7_] : [BIGINT]) - [67]
2021-03-10 22:37:37.684 TRACE 20712 --- [    Test worker] o.h.type.descriptor.sql.BasicExtractor   : extracted value ([id1_7_] : [BIGINT]) - [68]
2021-03-10 22:37:37.684 TRACE 20712 --- [    Test worker] o.h.type.descriptor.sql.BasicExtractor   : extracted value ([id1_7_] : [BIGINT]) - [69]
2021-03-10 22:37:37.684 TRACE 20712 --- [    Test worker] o.h.type.descriptor.sql.BasicExtractor   : extracted value ([id1_7_] : [BIGINT]) - [70]
2021-03-10 22:37:37.684 TRACE 20712 --- [    Test worker] o.h.type.descriptor.sql.BasicExtractor   : extracted value ([id1_7_] : [BIGINT]) - [71]
2021-03-10 22:37:37.684 TRACE 20712 --- [    Test worker] o.h.type.descriptor.sql.BasicExtractor   : extracted value ([id1_7_] : [BIGINT]) - [72]
2021-03-10 22:37:37.684 TRACE 20712 --- [    Test worker] o.h.type.descriptor.sql.BasicExtractor   : extracted value ([id1_7_] : [BIGINT]) - [73]
2021-03-10 22:37:37.684 TRACE 20712 --- [    Test worker] o.h.type.descriptor.sql.BasicExtractor   : extracted value ([id1_7_] : [BIGINT]) - [74]
2021-03-10 22:37:37.684 TRACE 20712 --- [    Test worker] o.h.type.descriptor.sql.BasicExtractor   : extracted value ([id1_7_] : [BIGINT]) - [75]
2021-03-10 22:37:37.684 TRACE 20712 --- [    Test worker] o.h.type.descriptor.sql.BasicExtractor   : extracted value ([id1_7_] : [BIGINT]) - [76]
2021-03-10 22:37:37.684 TRACE 20712 --- [    Test worker] o.h.type.descriptor.sql.BasicExtractor   : extracted value ([id1_7_] : [BIGINT]) - [77]
2021-03-10 22:37:37.684 TRACE 20712 --- [    Test worker] o.h.type.descriptor.sql.BasicExtractor   : extracted value ([id1_7_] : [BIGINT]) - [78]
2021-03-10 22:37:37.684 TRACE 20712 --- [    Test worker] o.h.type.descriptor.sql.BasicExtractor   : extracted value ([id1_7_] : [BIGINT]) - [79]
2021-03-10 22:37:37.684 TRACE 20712 --- [    Test worker] o.h.type.descriptor.sql.BasicExtractor   : extracted value ([id1_7_] : [BIGINT]) - [80]
2021-03-10 22:37:37.684 TRACE 20712 --- [    Test worker] o.h.type.descriptor.sql.BasicExtractor   : extracted value ([id1_7_] : [BIGINT]) - [81]
2021-03-10 22:37:37.684 TRACE 20712 --- [    Test worker] o.h.type.descriptor.sql.BasicExtractor   : extracted value ([id1_7_] : [BIGINT]) - [82]
2021-03-10 22:37:37.684 TRACE 20712 --- [    Test worker] o.h.type.descriptor.sql.BasicExtractor   : extracted value ([id1_7_] : [BIGINT]) - [83]
2021-03-10 22:37:37.684 TRACE 20712 --- [    Test worker] o.h.type.descriptor.sql.BasicExtractor   : extracted value ([id1_7_] : [BIGINT]) - [84]
2021-03-10 22:37:37.684 TRACE 20712 --- [    Test worker] o.h.type.descriptor.sql.BasicExtractor   : extracted value ([id1_7_] : [BIGINT]) - [85]
2021-03-10 22:37:37.684 TRACE 20712 --- [    Test worker] o.h.type.descriptor.sql.BasicExtractor   : extracted value ([id1_7_] : [BIGINT]) - [86]
2021-03-10 22:37:37.684 TRACE 20712 --- [    Test worker] o.h.type.descriptor.sql.BasicExtractor   : extracted value ([id1_7_] : [BIGINT]) - [87]
2021-03-10 22:37:37.684 TRACE 20712 --- [    Test worker] o.h.type.descriptor.sql.BasicExtractor   : extracted value ([id1_7_] : [BIGINT]) - [88]
2021-03-10 22:37:37.684 TRACE 20712 --- [    Test worker] o.h.type.descriptor.sql.BasicExtractor   : extracted value ([id1_7_] : [BIGINT]) - [89]
2021-03-10 22:37:37.684 TRACE 20712 --- [    Test worker] o.h.type.descriptor.sql.BasicExtractor   : extracted value ([id1_7_] : [BIGINT]) - [90]
2021-03-10 22:37:37.684 TRACE 20712 --- [    Test worker] o.h.type.descriptor.sql.BasicExtractor   : extracted value ([id1_7_] : [BIGINT]) - [91]
2021-03-10 22:37:37.684 TRACE 20712 --- [    Test worker] o.h.type.descriptor.sql.BasicExtractor   : extracted value ([id1_7_] : [BIGINT]) - [92]
2021-03-10 22:37:37.684 TRACE 20712 --- [    Test worker] o.h.type.descriptor.sql.BasicExtractor   : extracted value ([id1_7_] : [BIGINT]) - [93]
2021-03-10 22:37:37.684 TRACE 20712 --- [    Test worker] o.h.type.descriptor.sql.BasicExtractor   : extracted value ([id1_7_] : [BIGINT]) - [94]
2021-03-10 22:37:37.684 TRACE 20712 --- [    Test worker] o.h.type.descriptor.sql.BasicExtractor   : extracted value ([id1_7_] : [BIGINT]) - [95]
2021-03-10 22:37:37.684 TRACE 20712 --- [    Test worker] o.h.type.descriptor.sql.BasicExtractor   : extracted value ([id1_7_] : [BIGINT]) - [96]
2021-03-10 22:37:37.684 TRACE 20712 --- [    Test worker] o.h.type.descriptor.sql.BasicExtractor   : extracted value ([id1_7_] : [BIGINT]) - [97]
2021-03-10 22:37:37.684 TRACE 20712 --- [    Test worker] o.h.type.descriptor.sql.BasicExtractor   : extracted value ([id1_7_] : [BIGINT]) - [98]
2021-03-10 22:37:37.684 TRACE 20712 --- [    Test worker] o.h.type.descriptor.sql.BasicExtractor   : extracted value ([id1_7_] : [BIGINT]) - [99]
2021-03-10 22:37:37.684 TRACE 20712 --- [    Test worker] o.h.type.descriptor.sql.BasicExtractor   : extracted value ([id1_7_] : [BIGINT]) - [100]
2021-03-10 22:37:37.684 TRACE 20712 --- [    Test worker] o.h.type.descriptor.sql.BasicExtractor   : extracted value ([id1_7_] : [BIGINT]) - [101]
2021-03-10 22:37:37.684 TRACE 20712 --- [    Test worker] o.h.type.descriptor.sql.BasicExtractor   : extracted value ([id1_7_] : [BIGINT]) - [102]
2021-03-10 22:37:37.684 TRACE 20712 --- [    Test worker] o.h.type.descriptor.sql.BasicExtractor   : extracted value ([id1_7_] : [BIGINT]) - [103]
2021-03-10 22:37:37.684 TRACE 20712 --- [    Test worker] o.h.type.descriptor.sql.BasicExtractor   : extracted value ([id1_7_] : [BIGINT]) - [104]
2021-03-10 22:37:37.684 TRACE 20712 --- [    Test worker] o.h.type.descriptor.sql.BasicExtractor   : extracted value ([id1_7_] : [BIGINT]) - [105]
2021-03-10 22:37:37.684 TRACE 20712 --- [    Test worker] o.h.type.descriptor.sql.BasicExtractor   : extracted value ([id1_7_] : [BIGINT]) - [106]
2021-03-10 22:37:37.684 TRACE 20712 --- [    Test worker] o.h.type.descriptor.sql.BasicExtractor   : extracted value ([id1_7_] : [BIGINT]) - [107]
2021-03-10 22:37:37.684 TRACE 20712 --- [    Test worker] o.h.type.descriptor.sql.BasicExtractor   : extracted value ([id1_7_] : [BIGINT]) - [108]
2021-03-10 22:37:37.684 TRACE 20712 --- [    Test worker] o.h.type.descriptor.sql.BasicExtractor   : extracted value ([id1_7_] : [BIGINT]) - [109]
2021-03-10 22:37:37.684 TRACE 20712 --- [    Test worker] o.h.type.descriptor.sql.BasicExtractor   : extracted value ([id1_7_] : [BIGINT]) - [110]
2021-03-10 22:37:37.684 TRACE 20712 --- [    Test worker] o.h.type.descriptor.sql.BasicExtractor   : extracted value ([id1_7_] : [BIGINT]) - [111]
2021-03-10 22:37:37.684 TRACE 20712 --- [    Test worker] o.h.type.descriptor.sql.BasicExtractor   : extracted value ([id1_7_] : [BIGINT]) - [112]
2021-03-10 22:37:37.684 TRACE 20712 --- [    Test worker] o.h.type.descriptor.sql.BasicExtractor   : extracted value ([id1_7_] : [BIGINT]) - [113]
2021-03-10 22:37:37.684 TRACE 20712 --- [    Test worker] o.h.type.descriptor.sql.BasicExtractor   : extracted value ([id1_7_] : [BIGINT]) - [114]
2021-03-10 22:37:37.684 TRACE 20712 --- [    Test worker] o.h.type.descriptor.sql.BasicExtractor   : extracted value ([id1_7_] : [BIGINT]) - [115]
2021-03-10 22:37:37.684 TRACE 20712 --- [    Test worker] o.h.type.descriptor.sql.BasicExtractor   : extracted value ([id1_7_] : [BIGINT]) - [116]
2021-03-10 22:37:37.684 TRACE 20712 --- [    Test worker] o.h.type.descriptor.sql.BasicExtractor   : extracted value ([id1_7_] : [BIGINT]) - [117]
2021-03-10 22:37:37.684 TRACE 20712 --- [    Test worker] o.h.type.descriptor.sql.BasicExtractor   : extracted value ([id1_7_] : [BIGINT]) - [118]
2021-03-10 22:37:37.684 TRACE 20712 --- [    Test worker] o.h.type.descriptor.sql.BasicExtractor   : extracted value ([id1_7_] : [BIGINT]) - [119]
2021-03-10 22:37:37.684 TRACE 20712 --- [    Test worker] o.h.type.descriptor.sql.BasicExtractor   : extracted value ([id1_7_] : [BIGINT]) - [120]
2021-03-10 22:37:37.684 TRACE 20712 --- [    Test worker] o.h.type.descriptor.sql.BasicExtractor   : extracted value ([id1_7_] : [BIGINT]) - [121]
2021-03-10 22:37:37.684 TRACE 20712 --- [    Test worker] o.h.type.descriptor.sql.BasicExtractor   : extracted value ([id1_7_] : [BIGINT]) - [122]
2021-03-10 22:37:37.684 TRACE 20712 --- [    Test worker] o.h.type.descriptor.sql.BasicExtractor   : extracted value ([id1_7_] : [BIGINT]) - [123]
2021-03-10 22:37:37.684 TRACE 20712 --- [    Test worker] o.h.type.descriptor.sql.BasicExtractor   : extracted value ([id1_7_] : [BIGINT]) - [124]
2021-03-10 22:37:37.684 TRACE 20712 --- [    Test worker] o.h.type.descriptor.sql.BasicExtractor   : extracted value ([id1_7_] : [BIGINT]) - [125]
2021-03-10 22:37:37.684 TRACE 20712 --- [    Test worker] o.h.type.descriptor.sql.BasicExtractor   : extracted value ([id1_7_] : [BIGINT]) - [126]
2021-03-10 22:37:37.684 TRACE 20712 --- [    Test worker] o.h.type.descriptor.sql.BasicExtractor   : extracted value ([id1_7_] : [BIGINT]) - [127]
2021-03-10 22:37:37.684 TRACE 20712 --- [    Test worker] o.h.type.descriptor.sql.BasicExtractor   : extracted value ([id1_7_] : [BIGINT]) - [128]
2021-03-10 22:37:37.684 TRACE 20712 --- [    Test worker] o.h.type.descriptor.sql.BasicExtractor   : extracted value ([id1_7_] : [BIGINT]) - [129]
2021-03-10 22:37:37.684 TRACE 20712 --- [    Test worker] o.h.type.descriptor.sql.BasicExtractor   : extracted value ([id1_7_] : [BIGINT]) - [130]
2021-03-10 22:37:37.684 TRACE 20712 --- [    Test worker] o.h.type.descriptor.sql.BasicExtractor   : extracted value ([id1_7_] : [BIGINT]) - [131]
2021-03-10 22:37:37.684 TRACE 20712 --- [    Test worker] o.h.type.descriptor.sql.BasicExtractor   : extracted value ([id1_7_] : [BIGINT]) - [132]
2021-03-10 22:37:37.684 TRACE 20712 --- [    Test worker] o.h.type.descriptor.sql.BasicExtractor   : extracted value ([id1_7_] : [BIGINT]) - [133]
2021-03-10 22:37:37.684 TRACE 20712 --- [    Test worker] o.h.type.descriptor.sql.BasicExtractor   : extracted value ([id1_7_] : [BIGINT]) - [134]
2021-03-10 22:37:37.684 TRACE 20712 --- [    Test worker] o.h.type.descriptor.sql.BasicExtractor   : extracted value ([id1_7_] : [BIGINT]) - [135]
2021-03-10 22:37:37.684 TRACE 20712 --- [    Test worker] o.h.type.descriptor.sql.BasicExtractor   : extracted value ([id1_7_] : [BIGINT]) - [136]
2021-03-10 22:37:37.684 TRACE 20712 --- [    Test worker] o.h.type.descriptor.sql.BasicExtractor   : extracted value ([id1_7_] : [BIGINT]) - [137]
2021-03-10 22:37:37.684 TRACE 20712 --- [    Test worker] o.h.type.descriptor.sql.BasicExtractor   : extracted value ([id1_7_] : [BIGINT]) - [138]
2021-03-10 22:37:37.684 TRACE 20712 --- [    Test worker] o.h.type.descriptor.sql.BasicExtractor   : extracted value ([id1_7_] : [BIGINT]) - [139]
2021-03-10 22:37:37.684 TRACE 20712 --- [    Test worker] o.h.type.descriptor.sql.BasicExtractor   : extracted value ([id1_7_] : [BIGINT]) - [140]
2021-03-10 22:37:37.684 TRACE 20712 --- [    Test worker] o.h.type.descriptor.sql.BasicExtractor   : extracted value ([id1_7_] : [BIGINT]) - [141]
2021-03-10 22:37:37.684 TRACE 20712 --- [    Test worker] o.h.type.descriptor.sql.BasicExtractor   : extracted value ([id1_7_] : [BIGINT]) - [142]
2021-03-10 22:37:37.684 TRACE 20712 --- [    Test worker] o.h.type.descriptor.sql.BasicExtractor   : extracted value ([id1_7_] : [BIGINT]) - [143]
2021-03-10 22:37:37.684 TRACE 20712 --- [    Test worker] o.h.type.descriptor.sql.BasicExtractor   : extracted value ([id1_7_] : [BIGINT]) - [144]
2021-03-10 22:37:37.684 TRACE 20712 --- [    Test worker] o.h.type.descriptor.sql.BasicExtractor   : extracted value ([id1_7_] : [BIGINT]) - [145]
Hibernate: 
    select
        zone0_.id as id1_7_,
        zone0_.city as city2_7_,
        zone0_.local_name_of_city as local_na3_7_,
        zone0_.province as province4_7_ 
    from
        zone zone0_
2021-03-10 22:37:37.684 TRACE 20712 --- [    Test worker] o.h.type.descriptor.sql.BasicExtractor   : extracted value ([id1_7_] : [BIGINT]) - [61]
2021-03-10 22:37:37.684 TRACE 20712 --- [    Test worker] o.h.type.descriptor.sql.BasicExtractor   : extracted value ([id1_7_] : [BIGINT]) - [62]
2021-03-10 22:37:37.684 TRACE 20712 --- [    Test worker] o.h.type.descriptor.sql.BasicExtractor   : extracted value ([id1_7_] : [BIGINT]) - [63]
2021-03-10 22:37:37.684 TRACE 20712 --- [    Test worker] o.h.type.descriptor.sql.BasicExtractor   : extracted value ([id1_7_] : [BIGINT]) - [64]
2021-03-10 22:37:37.684 TRACE 20712 --- [    Test worker] o.h.type.descriptor.sql.BasicExtractor   : extracted value ([id1_7_] : [BIGINT]) - [65]
2021-03-10 22:37:37.684 TRACE 20712 --- [    Test worker] o.h.type.descriptor.sql.BasicExtractor   : extracted value ([id1_7_] : [BIGINT]) - [66]
2021-03-10 22:37:37.684 TRACE 20712 --- [    Test worker] o.h.type.descriptor.sql.BasicExtractor   : extracted value ([id1_7_] : [BIGINT]) - [67]
2021-03-10 22:37:37.684 TRACE 20712 --- [    Test worker] o.h.type.descriptor.sql.BasicExtractor   : extracted value ([id1_7_] : [BIGINT]) - [68]
2021-03-10 22:37:37.684 TRACE 20712 --- [    Test worker] o.h.type.descriptor.sql.BasicExtractor   : extracted value ([id1_7_] : [BIGINT]) - [69]
2021-03-10 22:37:37.684 TRACE 20712 --- [    Test worker] o.h.type.descriptor.sql.BasicExtractor   : extracted value ([id1_7_] : [BIGINT]) - [70]
2021-03-10 22:37:37.684 TRACE 20712 --- [    Test worker] o.h.type.descriptor.sql.BasicExtractor   : extracted value ([id1_7_] : [BIGINT]) - [71]
2021-03-10 22:37:37.684 TRACE 20712 --- [    Test worker] o.h.type.descriptor.sql.BasicExtractor   : extracted value ([id1_7_] : [BIGINT]) - [72]
2021-03-10 22:37:37.684 TRACE 20712 --- [    Test worker] o.h.type.descriptor.sql.BasicExtractor   : extracted value ([id1_7_] : [BIGINT]) - [73]
2021-03-10 22:37:37.684 TRACE 20712 --- [    Test worker] o.h.type.descriptor.sql.BasicExtractor   : extracted value ([id1_7_] : [BIGINT]) - [74]
2021-03-10 22:37:37.684 TRACE 20712 --- [    Test worker] o.h.type.descriptor.sql.BasicExtractor   : extracted value ([id1_7_] : [BIGINT]) - [75]
2021-03-10 22:37:37.684 TRACE 20712 --- [    Test worker] o.h.type.descriptor.sql.BasicExtractor   : extracted value ([id1_7_] : [BIGINT]) - [76]
2021-03-10 22:37:37.684 TRACE 20712 --- [    Test worker] o.h.type.descriptor.sql.BasicExtractor   : extracted value ([id1_7_] : [BIGINT]) - [77]
2021-03-10 22:37:37.684 TRACE 20712 --- [    Test worker] o.h.type.descriptor.sql.BasicExtractor   : extracted value ([id1_7_] : [BIGINT]) - [78]
2021-03-10 22:37:37.684 TRACE 20712 --- [    Test worker] o.h.type.descriptor.sql.BasicExtractor   : extracted value ([id1_7_] : [BIGINT]) - [79]
2021-03-10 22:37:37.684 TRACE 20712 --- [    Test worker] o.h.type.descriptor.sql.BasicExtractor   : extracted value ([id1_7_] : [BIGINT]) - [80]
2021-03-10 22:37:37.684 TRACE 20712 --- [    Test worker] o.h.type.descriptor.sql.BasicExtractor   : extracted value ([id1_7_] : [BIGINT]) - [81]
2021-03-10 22:37:37.684 TRACE 20712 --- [    Test worker] o.h.type.descriptor.sql.BasicExtractor   : extracted value ([id1_7_] : [BIGINT]) - [82]
2021-03-10 22:37:37.684 TRACE 20712 --- [    Test worker] o.h.type.descriptor.sql.BasicExtractor   : extracted value ([id1_7_] : [BIGINT]) - [83]
2021-03-10 22:37:37.684 TRACE 20712 --- [    Test worker] o.h.type.descriptor.sql.BasicExtractor   : extracted value ([id1_7_] : [BIGINT]) - [84]
2021-03-10 22:37:37.684 TRACE 20712 --- [    Test worker] o.h.type.descriptor.sql.BasicExtractor   : extracted value ([id1_7_] : [BIGINT]) - [85]
2021-03-10 22:37:37.684 TRACE 20712 --- [    Test worker] o.h.type.descriptor.sql.BasicExtractor   : extracted value ([id1_7_] : [BIGINT]) - [86]
2021-03-10 22:37:37.684 TRACE 20712 --- [    Test worker] o.h.type.descriptor.sql.BasicExtractor   : extracted value ([id1_7_] : [BIGINT]) - [87]
2021-03-10 22:37:37.684 TRACE 20712 --- [    Test worker] o.h.type.descriptor.sql.BasicExtractor   : extracted value ([id1_7_] : [BIGINT]) - [88]
2021-03-10 22:37:37.684 TRACE 20712 --- [    Test worker] o.h.type.descriptor.sql.BasicExtractor   : extracted value ([id1_7_] : [BIGINT]) - [89]
2021-03-10 22:37:37.684 TRACE 20712 --- [    Test worker] o.h.type.descriptor.sql.BasicExtractor   : extracted value ([id1_7_] : [BIGINT]) - [90]
2021-03-10 22:37:37.684 TRACE 20712 --- [    Test worker] o.h.type.descriptor.sql.BasicExtractor   : extracted value ([id1_7_] : [BIGINT]) - [91]
2021-03-10 22:37:37.684 TRACE 20712 --- [    Test worker] o.h.type.descriptor.sql.BasicExtractor   : extracted value ([id1_7_] : [BIGINT]) - [92]
2021-03-10 22:37:37.684 TRACE 20712 --- [    Test worker] o.h.type.descriptor.sql.BasicExtractor   : extracted value ([id1_7_] : [BIGINT]) - [93]
2021-03-10 22:37:37.684 TRACE 20712 --- [    Test worker] o.h.type.descriptor.sql.BasicExtractor   : extracted value ([id1_7_] : [BIGINT]) - [94]
2021-03-10 22:37:37.684 TRACE 20712 --- [    Test worker] o.h.type.descriptor.sql.BasicExtractor   : extracted value ([id1_7_] : [BIGINT]) - [95]
2021-03-10 22:37:37.684 TRACE 20712 --- [    Test worker] o.h.type.descriptor.sql.BasicExtractor   : extracted value ([id1_7_] : [BIGINT]) - [96]
2021-03-10 22:37:37.684 TRACE 20712 --- [    Test worker] o.h.type.descriptor.sql.BasicExtractor   : extracted value ([id1_7_] : [BIGINT]) - [97]
2021-03-10 22:37:37.684 TRACE 20712 --- [    Test worker] o.h.type.descriptor.sql.BasicExtractor   : extracted value ([id1_7_] : [BIGINT]) - [98]
2021-03-10 22:37:37.684 TRACE 20712 --- [    Test worker] o.h.type.descriptor.sql.BasicExtractor   : extracted value ([id1_7_] : [BIGINT]) - [99]
2021-03-10 22:37:37.684 TRACE 20712 --- [    Test worker] o.h.type.descriptor.sql.BasicExtractor   : extracted value ([id1_7_] : [BIGINT]) - [100]
2021-03-10 22:37:37.684 TRACE 20712 --- [    Test worker] o.h.type.descriptor.sql.BasicExtractor   : extracted value ([id1_7_] : [BIGINT]) - [101]
2021-03-10 22:37:37.684 TRACE 20712 --- [    Test worker] o.h.type.descriptor.sql.BasicExtractor   : extracted value ([id1_7_] : [BIGINT]) - [102]
2021-03-10 22:37:37.684 TRACE 20712 --- [    Test worker] o.h.type.descriptor.sql.BasicExtractor   : extracted value ([id1_7_] : [BIGINT]) - [103]
2021-03-10 22:37:37.684 TRACE 20712 --- [    Test worker] o.h.type.descriptor.sql.BasicExtractor   : extracted value ([id1_7_] : [BIGINT]) - [104]
2021-03-10 22:37:37.684 TRACE 20712 --- [    Test worker] o.h.type.descriptor.sql.BasicExtractor   : extracted value ([id1_7_] : [BIGINT]) - [105]
2021-03-10 22:37:37.684 TRACE 20712 --- [    Test worker] o.h.type.descriptor.sql.BasicExtractor   : extracted value ([id1_7_] : [BIGINT]) - [106]
2021-03-10 22:37:37.684 TRACE 20712 --- [    Test worker] o.h.type.descriptor.sql.BasicExtractor   : extracted value ([id1_7_] : [BIGINT]) - [107]
2021-03-10 22:37:37.684 TRACE 20712 --- [    Test worker] o.h.type.descriptor.sql.BasicExtractor   : extracted value ([id1_7_] : [BIGINT]) - [108]
2021-03-10 22:37:37.684 TRACE 20712 --- [    Test worker] o.h.type.descriptor.sql.BasicExtractor   : extracted value ([id1_7_] : [BIGINT]) - [109]
2021-03-10 22:37:37.684 TRACE 20712 --- [    Test worker] o.h.type.descriptor.sql.BasicExtractor   : extracted value ([id1_7_] : [BIGINT]) - [110]
2021-03-10 22:37:37.684 TRACE 20712 --- [    Test worker] o.h.type.descriptor.sql.BasicExtractor   : extracted value ([id1_7_] : [BIGINT]) - [111]
2021-03-10 22:37:37.684 TRACE 20712 --- [    Test worker] o.h.type.descriptor.sql.BasicExtractor   : extracted value ([id1_7_] : [BIGINT]) - [112]
2021-03-10 22:37:37.684 TRACE 20712 --- [    Test worker] o.h.type.descriptor.sql.BasicExtractor   : extracted value ([id1_7_] : [BIGINT]) - [113]
2021-03-10 22:37:37.684 TRACE 20712 --- [    Test worker] o.h.type.descriptor.sql.BasicExtractor   : extracted value ([id1_7_] : [BIGINT]) - [114]
2021-03-10 22:37:37.684 TRACE 20712 --- [    Test worker] o.h.type.descriptor.sql.BasicExtractor   : extracted value ([id1_7_] : [BIGINT]) - [115]
2021-03-10 22:37:37.684 TRACE 20712 --- [    Test worker] o.h.type.descriptor.sql.BasicExtractor   : extracted value ([id1_7_] : [BIGINT]) - [116]
2021-03-10 22:37:37.684 TRACE 20712 --- [    Test worker] o.h.type.descriptor.sql.BasicExtractor   : extracted value ([id1_7_] : [BIGINT]) - [117]
2021-03-10 22:37:37.684 TRACE 20712 --- [    Test worker] o.h.type.descriptor.sql.BasicExtractor   : extracted value ([id1_7_] : [BIGINT]) - [118]
2021-03-10 22:37:37.684 TRACE 20712 --- [    Test worker] o.h.type.descriptor.sql.BasicExtractor   : extracted value ([id1_7_] : [BIGINT]) - [119]
2021-03-10 22:37:37.684 TRACE 20712 --- [    Test worker] o.h.type.descriptor.sql.BasicExtractor   : extracted value ([id1_7_] : [BIGINT]) - [120]
2021-03-10 22:37:37.684 TRACE 20712 --- [    Test worker] o.h.type.descriptor.sql.BasicExtractor   : extracted value ([id1_7_] : [BIGINT]) - [121]
2021-03-10 22:37:37.684 TRACE 20712 --- [    Test worker] o.h.type.descriptor.sql.BasicExtractor   : extracted value ([id1_7_] : [BIGINT]) - [122]
2021-03-10 22:37:37.684 TRACE 20712 --- [    Test worker] o.h.type.descriptor.sql.BasicExtractor   : extracted value ([id1_7_] : [BIGINT]) - [123]
2021-03-10 22:37:37.684 TRACE 20712 --- [    Test worker] o.h.type.descriptor.sql.BasicExtractor   : extracted value ([id1_7_] : [BIGINT]) - [124]
2021-03-10 22:37:37.700 TRACE 20712 --- [    Test worker] o.h.type.descriptor.sql.BasicExtractor   : extracted value ([id1_7_] : [BIGINT]) - [125]
2021-03-10 22:37:37.700 TRACE 20712 --- [    Test worker] o.h.type.descriptor.sql.BasicExtractor   : extracted value ([id1_7_] : [BIGINT]) - [126]
2021-03-10 22:37:37.700 TRACE 20712 --- [    Test worker] o.h.type.descriptor.sql.BasicExtractor   : extracted value ([id1_7_] : [BIGINT]) - [127]
2021-03-10 22:37:37.700 TRACE 20712 --- [    Test worker] o.h.type.descriptor.sql.BasicExtractor   : extracted value ([id1_7_] : [BIGINT]) - [128]
2021-03-10 22:37:37.700 TRACE 20712 --- [    Test worker] o.h.type.descriptor.sql.BasicExtractor   : extracted value ([id1_7_] : [BIGINT]) - [129]
2021-03-10 22:37:37.700 TRACE 20712 --- [    Test worker] o.h.type.descriptor.sql.BasicExtractor   : extracted value ([id1_7_] : [BIGINT]) - [130]
2021-03-10 22:37:37.700 TRACE 20712 --- [    Test worker] o.h.type.descriptor.sql.BasicExtractor   : extracted value ([id1_7_] : [BIGINT]) - [131]
2021-03-10 22:37:37.700 TRACE 20712 --- [    Test worker] o.h.type.descriptor.sql.BasicExtractor   : extracted value ([id1_7_] : [BIGINT]) - [132]
2021-03-10 22:37:37.700 TRACE 20712 --- [    Test worker] o.h.type.descriptor.sql.BasicExtractor   : extracted value ([id1_7_] : [BIGINT]) - [133]
2021-03-10 22:37:37.700 TRACE 20712 --- [    Test worker] o.h.type.descriptor.sql.BasicExtractor   : extracted value ([id1_7_] : [BIGINT]) - [134]
2021-03-10 22:37:37.700 TRACE 20712 --- [    Test worker] o.h.type.descriptor.sql.BasicExtractor   : extracted value ([id1_7_] : [BIGINT]) - [135]
2021-03-10 22:37:37.700 TRACE 20712 --- [    Test worker] o.h.type.descriptor.sql.BasicExtractor   : extracted value ([id1_7_] : [BIGINT]) - [136]
2021-03-10 22:37:37.700 TRACE 20712 --- [    Test worker] o.h.type.descriptor.sql.BasicExtractor   : extracted value ([id1_7_] : [BIGINT]) - [137]
2021-03-10 22:37:37.700 TRACE 20712 --- [    Test worker] o.h.type.descriptor.sql.BasicExtractor   : extracted value ([id1_7_] : [BIGINT]) - [138]
2021-03-10 22:37:37.700 TRACE 20712 --- [    Test worker] o.h.type.descriptor.sql.BasicExtractor   : extracted value ([id1_7_] : [BIGINT]) - [139]
2021-03-10 22:37:37.700 TRACE 20712 --- [    Test worker] o.h.type.descriptor.sql.BasicExtractor   : extracted value ([id1_7_] : [BIGINT]) - [140]
2021-03-10 22:37:37.700 TRACE 20712 --- [    Test worker] o.h.type.descriptor.sql.BasicExtractor   : extracted value ([id1_7_] : [BIGINT]) - [141]
2021-03-10 22:37:37.700 TRACE 20712 --- [    Test worker] o.h.type.descriptor.sql.BasicExtractor   : extracted value ([id1_7_] : [BIGINT]) - [142]
2021-03-10 22:37:37.700 TRACE 20712 --- [    Test worker] o.h.type.descriptor.sql.BasicExtractor   : extracted value ([id1_7_] : [BIGINT]) - [143]
2021-03-10 22:37:37.700 TRACE 20712 --- [    Test worker] o.h.type.descriptor.sql.BasicExtractor   : extracted value ([id1_7_] : [BIGINT]) - [144]
2021-03-10 22:37:37.700 TRACE 20712 --- [    Test worker] o.h.type.descriptor.sql.BasicExtractor   : extracted value ([id1_7_] : [BIGINT]) - [145]
Hibernate: 
    select
        zone0_.id as id1_7_,
        zone0_.city as city2_7_,
        zone0_.local_name_of_city as local_na3_7_,
        zone0_.province as province4_7_ 
    from
        zone zone0_
2021-03-10 22:37:37.700 TRACE 20712 --- [    Test worker] o.h.type.descriptor.sql.BasicExtractor   : extracted value ([id1_7_] : [BIGINT]) - [61]
2021-03-10 22:37:37.700 TRACE 20712 --- [    Test worker] o.h.type.descriptor.sql.BasicExtractor   : extracted value ([id1_7_] : [BIGINT]) - [62]
2021-03-10 22:37:37.700 TRACE 20712 --- [    Test worker] o.h.type.descriptor.sql.BasicExtractor   : extracted value ([id1_7_] : [BIGINT]) - [63]
2021-03-10 22:37:37.700 TRACE 20712 --- [    Test worker] o.h.type.descriptor.sql.BasicExtractor   : extracted value ([id1_7_] : [BIGINT]) - [64]
2021-03-10 22:37:37.700 TRACE 20712 --- [    Test worker] o.h.type.descriptor.sql.BasicExtractor   : extracted value ([id1_7_] : [BIGINT]) - [65]
2021-03-10 22:37:37.700 TRACE 20712 --- [    Test worker] o.h.type.descriptor.sql.BasicExtractor   : extracted value ([id1_7_] : [BIGINT]) - [66]
2021-03-10 22:37:37.700 TRACE 20712 --- [    Test worker] o.h.type.descriptor.sql.BasicExtractor   : extracted value ([id1_7_] : [BIGINT]) - [67]
2021-03-10 22:37:37.700 TRACE 20712 --- [    Test worker] o.h.type.descriptor.sql.BasicExtractor   : extracted value ([id1_7_] : [BIGINT]) - [68]
2021-03-10 22:37:37.700 TRACE 20712 --- [    Test worker] o.h.type.descriptor.sql.BasicExtractor   : extracted value ([id1_7_] : [BIGINT]) - [69]
2021-03-10 22:37:37.700 TRACE 20712 --- [    Test worker] o.h.type.descriptor.sql.BasicExtractor   : extracted value ([id1_7_] : [BIGINT]) - [70]
2021-03-10 22:37:37.700 TRACE 20712 --- [    Test worker] o.h.type.descriptor.sql.BasicExtractor   : extracted value ([id1_7_] : [BIGINT]) - [71]
2021-03-10 22:37:37.700 TRACE 20712 --- [    Test worker] o.h.type.descriptor.sql.BasicExtractor   : extracted value ([id1_7_] : [BIGINT]) - [72]
2021-03-10 22:37:37.700 TRACE 20712 --- [    Test worker] o.h.type.descriptor.sql.BasicExtractor   : extracted value ([id1_7_] : [BIGINT]) - [73]
2021-03-10 22:37:37.700 TRACE 20712 --- [    Test worker] o.h.type.descriptor.sql.BasicExtractor   : extracted value ([id1_7_] : [BIGINT]) - [74]
2021-03-10 22:37:37.700 TRACE 20712 --- [    Test worker] o.h.type.descriptor.sql.BasicExtractor   : extracted value ([id1_7_] : [BIGINT]) - [75]
2021-03-10 22:37:37.700 TRACE 20712 --- [    Test worker] o.h.type.descriptor.sql.BasicExtractor   : extracted value ([id1_7_] : [BIGINT]) - [76]
2021-03-10 22:37:37.700 TRACE 20712 --- [    Test worker] o.h.type.descriptor.sql.BasicExtractor   : extracted value ([id1_7_] : [BIGINT]) - [77]
2021-03-10 22:37:37.700 TRACE 20712 --- [    Test worker] o.h.type.descriptor.sql.BasicExtractor   : extracted value ([id1_7_] : [BIGINT]) - [78]
2021-03-10 22:37:37.700 TRACE 20712 --- [    Test worker] o.h.type.descriptor.sql.BasicExtractor   : extracted value ([id1_7_] : [BIGINT]) - [79]
2021-03-10 22:37:37.700 TRACE 20712 --- [    Test worker] o.h.type.descriptor.sql.BasicExtractor   : extracted value ([id1_7_] : [BIGINT]) - [80]
2021-03-10 22:37:37.700 TRACE 20712 --- [    Test worker] o.h.type.descriptor.sql.BasicExtractor   : extracted value ([id1_7_] : [BIGINT]) - [81]
2021-03-10 22:37:37.700 TRACE 20712 --- [    Test worker] o.h.type.descriptor.sql.BasicExtractor   : extracted value ([id1_7_] : [BIGINT]) - [82]
2021-03-10 22:37:37.700 TRACE 20712 --- [    Test worker] o.h.type.descriptor.sql.BasicExtractor   : extracted value ([id1_7_] : [BIGINT]) - [83]
2021-03-10 22:37:37.700 TRACE 20712 --- [    Test worker] o.h.type.descriptor.sql.BasicExtractor   : extracted value ([id1_7_] : [BIGINT]) - [84]
2021-03-10 22:37:37.700 TRACE 20712 --- [    Test worker] o.h.type.descriptor.sql.BasicExtractor   : extracted value ([id1_7_] : [BIGINT]) - [85]
2021-03-10 22:37:37.700 TRACE 20712 --- [    Test worker] o.h.type.descriptor.sql.BasicExtractor   : extracted value ([id1_7_] : [BIGINT]) - [86]
2021-03-10 22:37:37.700 TRACE 20712 --- [    Test worker] o.h.type.descriptor.sql.BasicExtractor   : extracted value ([id1_7_] : [BIGINT]) - [87]
2021-03-10 22:37:37.700 TRACE 20712 --- [    Test worker] o.h.type.descriptor.sql.BasicExtractor   : extracted value ([id1_7_] : [BIGINT]) - [88]
2021-03-10 22:37:37.700 TRACE 20712 --- [    Test worker] o.h.type.descriptor.sql.BasicExtractor   : extracted value ([id1_7_] : [BIGINT]) - [89]
2021-03-10 22:37:37.700 TRACE 20712 --- [    Test worker] o.h.type.descriptor.sql.BasicExtractor   : extracted value ([id1_7_] : [BIGINT]) - [90]
2021-03-10 22:37:37.700 TRACE 20712 --- [    Test worker] o.h.type.descriptor.sql.BasicExtractor   : extracted value ([id1_7_] : [BIGINT]) - [91]
2021-03-10 22:37:37.700 TRACE 20712 --- [    Test worker] o.h.type.descriptor.sql.BasicExtractor   : extracted value ([id1_7_] : [BIGINT]) - [92]
2021-03-10 22:37:37.700 TRACE 20712 --- [    Test worker] o.h.type.descriptor.sql.BasicExtractor   : extracted value ([id1_7_] : [BIGINT]) - [93]
2021-03-10 22:37:37.700 TRACE 20712 --- [    Test worker] o.h.type.descriptor.sql.BasicExtractor   : extracted value ([id1_7_] : [BIGINT]) - [94]
2021-03-10 22:37:37.700 TRACE 20712 --- [    Test worker] o.h.type.descriptor.sql.BasicExtractor   : extracted value ([id1_7_] : [BIGINT]) - [95]
2021-03-10 22:37:37.700 TRACE 20712 --- [    Test worker] o.h.type.descriptor.sql.BasicExtractor   : extracted value ([id1_7_] : [BIGINT]) - [96]
2021-03-10 22:37:37.700 TRACE 20712 --- [    Test worker] o.h.type.descriptor.sql.BasicExtractor   : extracted value ([id1_7_] : [BIGINT]) - [97]
2021-03-10 22:37:37.700 TRACE 20712 --- [    Test worker] o.h.type.descriptor.sql.BasicExtractor   : extracted value ([id1_7_] : [BIGINT]) - [98]
2021-03-10 22:37:37.700 TRACE 20712 --- [    Test worker] o.h.type.descriptor.sql.BasicExtractor   : extracted value ([id1_7_] : [BIGINT]) - [99]
2021-03-10 22:37:37.700 TRACE 20712 --- [    Test worker] o.h.type.descriptor.sql.BasicExtractor   : extracted value ([id1_7_] : [BIGINT]) - [100]
2021-03-10 22:37:37.700 TRACE 20712 --- [    Test worker] o.h.type.descriptor.sql.BasicExtractor   : extracted value ([id1_7_] : [BIGINT]) - [101]
2021-03-10 22:37:37.700 TRACE 20712 --- [    Test worker] o.h.type.descriptor.sql.BasicExtractor   : extracted value ([id1_7_] : [BIGINT]) - [102]
2021-03-10 22:37:37.700 TRACE 20712 --- [    Test worker] o.h.type.descriptor.sql.BasicExtractor   : extracted value ([id1_7_] : [BIGINT]) - [103]
2021-03-10 22:37:37.700 TRACE 20712 --- [    Test worker] o.h.type.descriptor.sql.BasicExtractor   : extracted value ([id1_7_] : [BIGINT]) - [104]
2021-03-10 22:37:37.700 TRACE 20712 --- [    Test worker] o.h.type.descriptor.sql.BasicExtractor   : extracted value ([id1_7_] : [BIGINT]) - [105]
2021-03-10 22:37:37.700 TRACE 20712 --- [    Test worker] o.h.type.descriptor.sql.BasicExtractor   : extracted value ([id1_7_] : [BIGINT]) - [106]
2021-03-10 22:37:37.700 TRACE 20712 --- [    Test worker] o.h.type.descriptor.sql.BasicExtractor   : extracted value ([id1_7_] : [BIGINT]) - [107]
2021-03-10 22:37:37.700 TRACE 20712 --- [    Test worker] o.h.type.descriptor.sql.BasicExtractor   : extracted value ([id1_7_] : [BIGINT]) - [108]
2021-03-10 22:37:37.700 TRACE 20712 --- [    Test worker] o.h.type.descriptor.sql.BasicExtractor   : extracted value ([id1_7_] : [BIGINT]) - [109]
2021-03-10 22:37:37.700 TRACE 20712 --- [    Test worker] o.h.type.descriptor.sql.BasicExtractor   : extracted value ([id1_7_] : [BIGINT]) - [110]
2021-03-10 22:37:37.700 TRACE 20712 --- [    Test worker] o.h.type.descriptor.sql.BasicExtractor   : extracted value ([id1_7_] : [BIGINT]) - [111]
2021-03-10 22:37:37.700 TRACE 20712 --- [    Test worker] o.h.type.descriptor.sql.BasicExtractor   : extracted value ([id1_7_] : [BIGINT]) - [112]
2021-03-10 22:37:37.700 TRACE 20712 --- [    Test worker] o.h.type.descriptor.sql.BasicExtractor   : extracted value ([id1_7_] : [BIGINT]) - [113]
2021-03-10 22:37:37.700 TRACE 20712 --- [    Test worker] o.h.type.descriptor.sql.BasicExtractor   : extracted value ([id1_7_] : [BIGINT]) - [114]
2021-03-10 22:37:37.700 TRACE 20712 --- [    Test worker] o.h.type.descriptor.sql.BasicExtractor   : extracted value ([id1_7_] : [BIGINT]) - [115]
2021-03-10 22:37:37.700 TRACE 20712 --- [    Test worker] o.h.type.descriptor.sql.BasicExtractor   : extracted value ([id1_7_] : [BIGINT]) - [116]
2021-03-10 22:37:37.700 TRACE 20712 --- [    Test worker] o.h.type.descriptor.sql.BasicExtractor   : extracted value ([id1_7_] : [BIGINT]) - [117]
2021-03-10 22:37:37.700 TRACE 20712 --- [    Test worker] o.h.type.descriptor.sql.BasicExtractor   : extracted value ([id1_7_] : [BIGINT]) - [118]
2021-03-10 22:37:37.700 TRACE 20712 --- [    Test worker] o.h.type.descriptor.sql.BasicExtractor   : extracted value ([id1_7_] : [BIGINT]) - [119]
2021-03-10 22:37:37.700 TRACE 20712 --- [    Test worker] o.h.type.descriptor.sql.BasicExtractor   : extracted value ([id1_7_] : [BIGINT]) - [120]
2021-03-10 22:37:37.700 TRACE 20712 --- [    Test worker] o.h.type.descriptor.sql.BasicExtractor   : extracted value ([id1_7_] : [BIGINT]) - [121]
2021-03-10 22:37:37.700 TRACE 20712 --- [    Test worker] o.h.type.descriptor.sql.BasicExtractor   : extracted value ([id1_7_] : [BIGINT]) - [122]
2021-03-10 22:37:37.700 TRACE 20712 --- [    Test worker] o.h.type.descriptor.sql.BasicExtractor   : extracted value ([id1_7_] : [BIGINT]) - [123]
2021-03-10 22:37:37.700 TRACE 20712 --- [    Test worker] o.h.type.descriptor.sql.BasicExtractor   : extracted value ([id1_7_] : [BIGINT]) - [124]
2021-03-10 22:37:37.700 TRACE 20712 --- [    Test worker] o.h.type.descriptor.sql.BasicExtractor   : extracted value ([id1_7_] : [BIGINT]) - [125]
2021-03-10 22:37:37.700 TRACE 20712 --- [    Test worker] o.h.type.descriptor.sql.BasicExtractor   : extracted value ([id1_7_] : [BIGINT]) - [126]
2021-03-10 22:37:37.700 TRACE 20712 --- [    Test worker] o.h.type.descriptor.sql.BasicExtractor   : extracted value ([id1_7_] : [BIGINT]) - [127]
2021-03-10 22:37:37.700 TRACE 20712 --- [    Test worker] o.h.type.descriptor.sql.BasicExtractor   : extracted value ([id1_7_] : [BIGINT]) - [128]
2021-03-10 22:37:37.700 TRACE 20712 --- [    Test worker] o.h.type.descriptor.sql.BasicExtractor   : extracted value ([id1_7_] : [BIGINT]) - [129]
2021-03-10 22:37:37.700 TRACE 20712 --- [    Test worker] o.h.type.descriptor.sql.BasicExtractor   : extracted value ([id1_7_] : [BIGINT]) - [130]
2021-03-10 22:37:37.700 TRACE 20712 --- [    Test worker] o.h.type.descriptor.sql.BasicExtractor   : extracted value ([id1_7_] : [BIGINT]) - [131]
2021-03-10 22:37:37.700 TRACE 20712 --- [    Test worker] o.h.type.descriptor.sql.BasicExtractor   : extracted value ([id1_7_] : [BIGINT]) - [132]
2021-03-10 22:37:37.700 TRACE 20712 --- [    Test worker] o.h.type.descriptor.sql.BasicExtractor   : extracted value ([id1_7_] : [BIGINT]) - [133]
2021-03-10 22:37:37.700 TRACE 20712 --- [    Test worker] o.h.type.descriptor.sql.BasicExtractor   : extracted value ([id1_7_] : [BIGINT]) - [134]
2021-03-10 22:37:37.700 TRACE 20712 --- [    Test worker] o.h.type.descriptor.sql.BasicExtractor   : extracted value ([id1_7_] : [BIGINT]) - [135]
2021-03-10 22:37:37.700 TRACE 20712 --- [    Test worker] o.h.type.descriptor.sql.BasicExtractor   : extracted value ([id1_7_] : [BIGINT]) - [136]
2021-03-10 22:37:37.700 TRACE 20712 --- [    Test worker] o.h.type.descriptor.sql.BasicExtractor   : extracted value ([id1_7_] : [BIGINT]) - [137]
2021-03-10 22:37:37.700 TRACE 20712 --- [    Test worker] o.h.type.descriptor.sql.BasicExtractor   : extracted value ([id1_7_] : [BIGINT]) - [138]
2021-03-10 22:37:37.700 TRACE 20712 --- [    Test worker] o.h.type.descriptor.sql.BasicExtractor   : extracted value ([id1_7_] : [BIGINT]) - [139]
2021-03-10 22:37:37.700 TRACE 20712 --- [    Test worker] o.h.type.descriptor.sql.BasicExtractor   : extracted value ([id1_7_] : [BIGINT]) - [140]
2021-03-10 22:37:37.700 TRACE 20712 --- [    Test worker] o.h.type.descriptor.sql.BasicExtractor   : extracted value ([id1_7_] : [BIGINT]) - [141]
2021-03-10 22:37:37.700 TRACE 20712 --- [    Test worker] o.h.type.descriptor.sql.BasicExtractor   : extracted value ([id1_7_] : [BIGINT]) - [142]
2021-03-10 22:37:37.700 TRACE 20712 --- [    Test worker] o.h.type.descriptor.sql.BasicExtractor   : extracted value ([id1_7_] : [BIGINT]) - [143]
2021-03-10 22:37:37.700 TRACE 20712 --- [    Test worker] o.h.type.descriptor.sql.BasicExtractor   : extracted value ([id1_7_] : [BIGINT]) - [144]
2021-03-10 22:37:37.700 TRACE 20712 --- [    Test worker] o.h.type.descriptor.sql.BasicExtractor   : extracted value ([id1_7_] : [BIGINT]) - [145]
Hibernate: 
    select
        zone0_.id as id1_7_,
        zone0_.city as city2_7_,
        zone0_.local_name_of_city as local_na3_7_,
        zone0_.province as province4_7_ 
    from
        zone zone0_
2021-03-10 22:37:37.700 TRACE 20712 --- [    Test worker] o.h.type.descriptor.sql.BasicExtractor   : extracted value ([id1_7_] : [BIGINT]) - [61]
2021-03-10 22:37:37.700 TRACE 20712 --- [    Test worker] o.h.type.descriptor.sql.BasicExtractor   : extracted value ([id1_7_] : [BIGINT]) - [62]
2021-03-10 22:37:37.700 TRACE 20712 --- [    Test worker] o.h.type.descriptor.sql.BasicExtractor   : extracted value ([id1_7_] : [BIGINT]) - [63]
2021-03-10 22:37:37.700 TRACE 20712 --- [    Test worker] o.h.type.descriptor.sql.BasicExtractor   : extracted value ([id1_7_] : [BIGINT]) - [64]
2021-03-10 22:37:37.700 TRACE 20712 --- [    Test worker] o.h.type.descriptor.sql.BasicExtractor   : extracted value ([id1_7_] : [BIGINT]) - [65]
2021-03-10 22:37:37.700 TRACE 20712 --- [    Test worker] o.h.type.descriptor.sql.BasicExtractor   : extracted value ([id1_7_] : [BIGINT]) - [66]
2021-03-10 22:37:37.700 TRACE 20712 --- [    Test worker] o.h.type.descriptor.sql.BasicExtractor   : extracted value ([id1_7_] : [BIGINT]) - [67]
2021-03-10 22:37:37.700 TRACE 20712 --- [    Test worker] o.h.type.descriptor.sql.BasicExtractor   : extracted value ([id1_7_] : [BIGINT]) - [68]
2021-03-10 22:37:37.700 TRACE 20712 --- [    Test worker] o.h.type.descriptor.sql.BasicExtractor   : extracted value ([id1_7_] : [BIGINT]) - [69]
2021-03-10 22:37:37.700 TRACE 20712 --- [    Test worker] o.h.type.descriptor.sql.BasicExtractor   : extracted value ([id1_7_] : [BIGINT]) - [70]
2021-03-10 22:37:37.700 TRACE 20712 --- [    Test worker] o.h.type.descriptor.sql.BasicExtractor   : extracted value ([id1_7_] : [BIGINT]) - [71]
2021-03-10 22:37:37.700 TRACE 20712 --- [    Test worker] o.h.type.descriptor.sql.BasicExtractor   : extracted value ([id1_7_] : [BIGINT]) - [72]
2021-03-10 22:37:37.700 TRACE 20712 --- [    Test worker] o.h.type.descriptor.sql.BasicExtractor   : extracted value ([id1_7_] : [BIGINT]) - [73]
2021-03-10 22:37:37.700 TRACE 20712 --- [    Test worker] o.h.type.descriptor.sql.BasicExtractor   : extracted value ([id1_7_] : [BIGINT]) - [74]
2021-03-10 22:37:37.700 TRACE 20712 --- [    Test worker] o.h.type.descriptor.sql.BasicExtractor   : extracted value ([id1_7_] : [BIGINT]) - [75]
2021-03-10 22:37:37.700 TRACE 20712 --- [    Test worker] o.h.type.descriptor.sql.BasicExtractor   : extracted value ([id1_7_] : [BIGINT]) - [76]
2021-03-10 22:37:37.700 TRACE 20712 --- [    Test worker] o.h.type.descriptor.sql.BasicExtractor   : extracted value ([id1_7_] : [BIGINT]) - [77]
2021-03-10 22:37:37.700 TRACE 20712 --- [    Test worker] o.h.type.descriptor.sql.BasicExtractor   : extracted value ([id1_7_] : [BIGINT]) - [78]
2021-03-10 22:37:37.700 TRACE 20712 --- [    Test worker] o.h.type.descriptor.sql.BasicExtractor   : extracted value ([id1_7_] : [BIGINT]) - [79]
2021-03-10 22:37:37.700 TRACE 20712 --- [    Test worker] o.h.type.descriptor.sql.BasicExtractor   : extracted value ([id1_7_] : [BIGINT]) - [80]
2021-03-10 22:37:37.700 TRACE 20712 --- [    Test worker] o.h.type.descriptor.sql.BasicExtractor   : extracted value ([id1_7_] : [BIGINT]) - [81]
2021-03-10 22:37:37.700 TRACE 20712 --- [    Test worker] o.h.type.descriptor.sql.BasicExtractor   : extracted value ([id1_7_] : [BIGINT]) - [82]
2021-03-10 22:37:37.700 TRACE 20712 --- [    Test worker] o.h.type.descriptor.sql.BasicExtractor   : extracted value ([id1_7_] : [BIGINT]) - [83]
2021-03-10 22:37:37.700 TRACE 20712 --- [    Test worker] o.h.type.descriptor.sql.BasicExtractor   : extracted value ([id1_7_] : [BIGINT]) - [84]
2021-03-10 22:37:37.700 TRACE 20712 --- [    Test worker] o.h.type.descriptor.sql.BasicExtractor   : extracted value ([id1_7_] : [BIGINT]) - [85]
2021-03-10 22:37:37.700 TRACE 20712 --- [    Test worker] o.h.type.descriptor.sql.BasicExtractor   : extracted value ([id1_7_] : [BIGINT]) - [86]
2021-03-10 22:37:37.700 TRACE 20712 --- [    Test worker] o.h.type.descriptor.sql.BasicExtractor   : extracted value ([id1_7_] : [BIGINT]) - [87]
2021-03-10 22:37:37.700 TRACE 20712 --- [    Test worker] o.h.type.descriptor.sql.BasicExtractor   : extracted value ([id1_7_] : [BIGINT]) - [88]
2021-03-10 22:37:37.700 TRACE 20712 --- [    Test worker] o.h.type.descriptor.sql.BasicExtractor   : extracted value ([id1_7_] : [BIGINT]) - [89]
2021-03-10 22:37:37.700 TRACE 20712 --- [    Test worker] o.h.type.descriptor.sql.BasicExtractor   : extracted value ([id1_7_] : [BIGINT]) - [90]
2021-03-10 22:37:37.700 TRACE 20712 --- [    Test worker] o.h.type.descriptor.sql.BasicExtractor   : extracted value ([id1_7_] : [BIGINT]) - [91]
2021-03-10 22:37:37.700 TRACE 20712 --- [    Test worker] o.h.type.descriptor.sql.BasicExtractor   : extracted value ([id1_7_] : [BIGINT]) - [92]
2021-03-10 22:37:37.700 TRACE 20712 --- [    Test worker] o.h.type.descriptor.sql.BasicExtractor   : extracted value ([id1_7_] : [BIGINT]) - [93]
2021-03-10 22:37:37.700 TRACE 20712 --- [    Test worker] o.h.type.descriptor.sql.BasicExtractor   : extracted value ([id1_7_] : [BIGINT]) - [94]
2021-03-10 22:37:37.700 TRACE 20712 --- [    Test worker] o.h.type.descriptor.sql.BasicExtractor   : extracted value ([id1_7_] : [BIGINT]) - [95]
2021-03-10 22:37:37.700 TRACE 20712 --- [    Test worker] o.h.type.descriptor.sql.BasicExtractor   : extracted value ([id1_7_] : [BIGINT]) - [96]
2021-03-10 22:37:37.700 TRACE 20712 --- [    Test worker] o.h.type.descriptor.sql.BasicExtractor   : extracted value ([id1_7_] : [BIGINT]) - [97]
2021-03-10 22:37:37.700 TRACE 20712 --- [    Test worker] o.h.type.descriptor.sql.BasicExtractor   : extracted value ([id1_7_] : [BIGINT]) - [98]
2021-03-10 22:37:37.700 TRACE 20712 --- [    Test worker] o.h.type.descriptor.sql.BasicExtractor   : extracted value ([id1_7_] : [BIGINT]) - [99]
2021-03-10 22:37:37.700 TRACE 20712 --- [    Test worker] o.h.type.descriptor.sql.BasicExtractor   : extracted value ([id1_7_] : [BIGINT]) - [100]
2021-03-10 22:37:37.700 TRACE 20712 --- [    Test worker] o.h.type.descriptor.sql.BasicExtractor   : extracted value ([id1_7_] : [BIGINT]) - [101]
2021-03-10 22:37:37.700 TRACE 20712 --- [    Test worker] o.h.type.descriptor.sql.BasicExtractor   : extracted value ([id1_7_] : [BIGINT]) - [102]
2021-03-10 22:37:37.700 TRACE 20712 --- [    Test worker] o.h.type.descriptor.sql.BasicExtractor   : extracted value ([id1_7_] : [BIGINT]) - [103]
2021-03-10 22:37:37.700 TRACE 20712 --- [    Test worker] o.h.type.descriptor.sql.BasicExtractor   : extracted value ([id1_7_] : [BIGINT]) - [104]
2021-03-10 22:37:37.700 TRACE 20712 --- [    Test worker] o.h.type.descriptor.sql.BasicExtractor   : extracted value ([id1_7_] : [BIGINT]) - [105]
2021-03-10 22:37:37.700 TRACE 20712 --- [    Test worker] o.h.type.descriptor.sql.BasicExtractor   : extracted value ([id1_7_] : [BIGINT]) - [106]
2021-03-10 22:37:37.700 TRACE 20712 --- [    Test worker] o.h.type.descriptor.sql.BasicExtractor   : extracted value ([id1_7_] : [BIGINT]) - [107]
2021-03-10 22:37:37.700 TRACE 20712 --- [    Test worker] o.h.type.descriptor.sql.BasicExtractor   : extracted value ([id1_7_] : [BIGINT]) - [108]
2021-03-10 22:37:37.700 TRACE 20712 --- [    Test worker] o.h.type.descriptor.sql.BasicExtractor   : extracted value ([id1_7_] : [BIGINT]) - [109]
2021-03-10 22:37:37.700 TRACE 20712 --- [    Test worker] o.h.type.descriptor.sql.BasicExtractor   : extracted value ([id1_7_] : [BIGINT]) - [110]
2021-03-10 22:37:37.700 TRACE 20712 --- [    Test worker] o.h.type.descriptor.sql.BasicExtractor   : extracted value ([id1_7_] : [BIGINT]) - [111]
2021-03-10 22:37:37.700 TRACE 20712 --- [    Test worker] o.h.type.descriptor.sql.BasicExtractor   : extracted value ([id1_7_] : [BIGINT]) - [112]
2021-03-10 22:37:37.700 TRACE 20712 --- [    Test worker] o.h.type.descriptor.sql.BasicExtractor   : extracted value ([id1_7_] : [BIGINT]) - [113]
2021-03-10 22:37:37.700 TRACE 20712 --- [    Test worker] o.h.type.descriptor.sql.BasicExtractor   : extracted value ([id1_7_] : [BIGINT]) - [114]
2021-03-10 22:37:37.700 TRACE 20712 --- [    Test worker] o.h.type.descriptor.sql.BasicExtractor   : extracted value ([id1_7_] : [BIGINT]) - [115]
2021-03-10 22:37:37.700 TRACE 20712 --- [    Test worker] o.h.type.descriptor.sql.BasicExtractor   : extracted value ([id1_7_] : [BIGINT]) - [116]
2021-03-10 22:37:37.700 TRACE 20712 --- [    Test worker] o.h.type.descriptor.sql.BasicExtractor   : extracted value ([id1_7_] : [BIGINT]) - [117]
2021-03-10 22:37:37.700 TRACE 20712 --- [    Test worker] o.h.type.descriptor.sql.BasicExtractor   : extracted value ([id1_7_] : [BIGINT]) - [118]
2021-03-10 22:37:37.700 TRACE 20712 --- [    Test worker] o.h.type.descriptor.sql.BasicExtractor   : extracted value ([id1_7_] : [BIGINT]) - [119]
2021-03-10 22:37:37.700 TRACE 20712 --- [    Test worker] o.h.type.descriptor.sql.BasicExtractor   : extracted value ([id1_7_] : [BIGINT]) - [120]
2021-03-10 22:37:37.700 TRACE 20712 --- [    Test worker] o.h.type.descriptor.sql.BasicExtractor   : extracted value ([id1_7_] : [BIGINT]) - [121]
2021-03-10 22:37:37.700 TRACE 20712 --- [    Test worker] o.h.type.descriptor.sql.BasicExtractor   : extracted value ([id1_7_] : [BIGINT]) - [122]
2021-03-10 22:37:37.700 TRACE 20712 --- [    Test worker] o.h.type.descriptor.sql.BasicExtractor   : extracted value ([id1_7_] : [BIGINT]) - [123]
2021-03-10 22:37:37.700 TRACE 20712 --- [    Test worker] o.h.type.descriptor.sql.BasicExtractor   : extracted value ([id1_7_] : [BIGINT]) - [124]
2021-03-10 22:37:37.700 TRACE 20712 --- [    Test worker] o.h.type.descriptor.sql.BasicExtractor   : extracted value ([id1_7_] : [BIGINT]) - [125]
2021-03-10 22:37:37.700 TRACE 20712 --- [    Test worker] o.h.type.descriptor.sql.BasicExtractor   : extracted value ([id1_7_] : [BIGINT]) - [126]
2021-03-10 22:37:37.700 TRACE 20712 --- [    Test worker] o.h.type.descriptor.sql.BasicExtractor   : extracted value ([id1_7_] : [BIGINT]) - [127]
2021-03-10 22:37:37.700 TRACE 20712 --- [    Test worker] o.h.type.descriptor.sql.BasicExtractor   : extracted value ([id1_7_] : [BIGINT]) - [128]
2021-03-10 22:37:37.700 TRACE 20712 --- [    Test worker] o.h.type.descriptor.sql.BasicExtractor   : extracted value ([id1_7_] : [BIGINT]) - [129]
2021-03-10 22:37:37.700 TRACE 20712 --- [    Test worker] o.h.type.descriptor.sql.BasicExtractor   : extracted value ([id1_7_] : [BIGINT]) - [130]
2021-03-10 22:37:37.700 TRACE 20712 --- [    Test worker] o.h.type.descriptor.sql.BasicExtractor   : extracted value ([id1_7_] : [BIGINT]) - [131]
2021-03-10 22:37:37.700 TRACE 20712 --- [    Test worker] o.h.type.descriptor.sql.BasicExtractor   : extracted value ([id1_7_] : [BIGINT]) - [132]
2021-03-10 22:37:37.700 TRACE 20712 --- [    Test worker] o.h.type.descriptor.sql.BasicExtractor   : extracted value ([id1_7_] : [BIGINT]) - [133]
2021-03-10 22:37:37.700 TRACE 20712 --- [    Test worker] o.h.type.descriptor.sql.BasicExtractor   : extracted value ([id1_7_] : [BIGINT]) - [134]
2021-03-10 22:37:37.700 TRACE 20712 --- [    Test worker] o.h.type.descriptor.sql.BasicExtractor   : extracted value ([id1_7_] : [BIGINT]) - [135]
2021-03-10 22:37:37.700 TRACE 20712 --- [    Test worker] o.h.type.descriptor.sql.BasicExtractor   : extracted value ([id1_7_] : [BIGINT]) - [136]
2021-03-10 22:37:37.700 TRACE 20712 --- [    Test worker] o.h.type.descriptor.sql.BasicExtractor   : extracted value ([id1_7_] : [BIGINT]) - [137]
2021-03-10 22:37:37.700 TRACE 20712 --- [    Test worker] o.h.type.descriptor.sql.BasicExtractor   : extracted value ([id1_7_] : [BIGINT]) - [138]
2021-03-10 22:37:37.700 TRACE 20712 --- [    Test worker] o.h.type.descriptor.sql.BasicExtractor   : extracted value ([id1_7_] : [BIGINT]) - [139]
2021-03-10 22:37:37.700 TRACE 20712 --- [    Test worker] o.h.type.descriptor.sql.BasicExtractor   : extracted value ([id1_7_] : [BIGINT]) - [140]
2021-03-10 22:37:37.700 TRACE 20712 --- [    Test worker] o.h.type.descriptor.sql.BasicExtractor   : extracted value ([id1_7_] : [BIGINT]) - [141]
2021-03-10 22:37:37.700 TRACE 20712 --- [    Test worker] o.h.type.descriptor.sql.BasicExtractor   : extracted value ([id1_7_] : [BIGINT]) - [142]
2021-03-10 22:37:37.700 TRACE 20712 --- [    Test worker] o.h.type.descriptor.sql.BasicExtractor   : extracted value ([id1_7_] : [BIGINT]) - [143]
2021-03-10 22:37:37.700 TRACE 20712 --- [    Test worker] o.h.type.descriptor.sql.BasicExtractor   : extracted value ([id1_7_] : [BIGINT]) - [144]
2021-03-10 22:37:37.700 TRACE 20712 --- [    Test worker] o.h.type.descriptor.sql.BasicExtractor   : extracted value ([id1_7_] : [BIGINT]) - [145]
Hibernate: 
    select
        zone0_.id as id1_7_,
        zone0_.city as city2_7_,
        zone0_.local_name_of_city as local_na3_7_,
        zone0_.province as province4_7_ 
    from
        zone zone0_
2021-03-10 22:37:37.700 TRACE 20712 --- [    Test worker] o.h.type.descriptor.sql.BasicExtractor   : extracted value ([id1_7_] : [BIGINT]) - [61]
2021-03-10 22:37:37.700 TRACE 20712 --- [    Test worker] o.h.type.descriptor.sql.BasicExtractor   : extracted value ([id1_7_] : [BIGINT]) - [62]
2021-03-10 22:37:37.700 TRACE 20712 --- [    Test worker] o.h.type.descriptor.sql.BasicExtractor   : extracted value ([id1_7_] : [BIGINT]) - [63]
2021-03-10 22:37:37.700 TRACE 20712 --- [    Test worker] o.h.type.descriptor.sql.BasicExtractor   : extracted value ([id1_7_] : [BIGINT]) - [64]
2021-03-10 22:37:37.700 TRACE 20712 --- [    Test worker] o.h.type.descriptor.sql.BasicExtractor   : extracted value ([id1_7_] : [BIGINT]) - [65]
2021-03-10 22:37:37.700 TRACE 20712 --- [    Test worker] o.h.type.descriptor.sql.BasicExtractor   : extracted value ([id1_7_] : [BIGINT]) - [66]
2021-03-10 22:37:37.700 TRACE 20712 --- [    Test worker] o.h.type.descriptor.sql.BasicExtractor   : extracted value ([id1_7_] : [BIGINT]) - [67]
2021-03-10 22:37:37.700 TRACE 20712 --- [    Test worker] o.h.type.descriptor.sql.BasicExtractor   : extracted value ([id1_7_] : [BIGINT]) - [68]
2021-03-10 22:37:37.700 TRACE 20712 --- [    Test worker] o.h.type.descriptor.sql.BasicExtractor   : extracted value ([id1_7_] : [BIGINT]) - [69]
2021-03-10 22:37:37.700 TRACE 20712 --- [    Test worker] o.h.type.descriptor.sql.BasicExtractor   : extracted value ([id1_7_] : [BIGINT]) - [70]
2021-03-10 22:37:37.700 TRACE 20712 --- [    Test worker] o.h.type.descriptor.sql.BasicExtractor   : extracted value ([id1_7_] : [BIGINT]) - [71]
2021-03-10 22:37:37.700 TRACE 20712 --- [    Test worker] o.h.type.descriptor.sql.BasicExtractor   : extracted value ([id1_7_] : [BIGINT]) - [72]
2021-03-10 22:37:37.700 TRACE 20712 --- [    Test worker] o.h.type.descriptor.sql.BasicExtractor   : extracted value ([id1_7_] : [BIGINT]) - [73]
2021-03-10 22:37:37.700 TRACE 20712 --- [    Test worker] o.h.type.descriptor.sql.BasicExtractor   : extracted value ([id1_7_] : [BIGINT]) - [74]
2021-03-10 22:37:37.700 TRACE 20712 --- [    Test worker] o.h.type.descriptor.sql.BasicExtractor   : extracted value ([id1_7_] : [BIGINT]) - [75]
2021-03-10 22:37:37.700 TRACE 20712 --- [    Test worker] o.h.type.descriptor.sql.BasicExtractor   : extracted value ([id1_7_] : [BIGINT]) - [76]
2021-03-10 22:37:37.700 TRACE 20712 --- [    Test worker] o.h.type.descriptor.sql.BasicExtractor   : extracted value ([id1_7_] : [BIGINT]) - [77]
2021-03-10 22:37:37.700 TRACE 20712 --- [    Test worker] o.h.type.descriptor.sql.BasicExtractor   : extracted value ([id1_7_] : [BIGINT]) - [78]
2021-03-10 22:37:37.700 TRACE 20712 --- [    Test worker] o.h.type.descriptor.sql.BasicExtractor   : extracted value ([id1_7_] : [BIGINT]) - [79]
2021-03-10 22:37:37.700 TRACE 20712 --- [    Test worker] o.h.type.descriptor.sql.BasicExtractor   : extracted value ([id1_7_] : [BIGINT]) - [80]
2021-03-10 22:37:37.700 TRACE 20712 --- [    Test worker] o.h.type.descriptor.sql.BasicExtractor   : extracted value ([id1_7_] : [BIGINT]) - [81]
2021-03-10 22:37:37.700 TRACE 20712 --- [    Test worker] o.h.type.descriptor.sql.BasicExtractor   : extracted value ([id1_7_] : [BIGINT]) - [82]
2021-03-10 22:37:37.700 TRACE 20712 --- [    Test worker] o.h.type.descriptor.sql.BasicExtractor   : extracted value ([id1_7_] : [BIGINT]) - [83]
2021-03-10 22:37:37.700 TRACE 20712 --- [    Test worker] o.h.type.descriptor.sql.BasicExtractor   : extracted value ([id1_7_] : [BIGINT]) - [84]
2021-03-10 22:37:37.700 TRACE 20712 --- [    Test worker] o.h.type.descriptor.sql.BasicExtractor   : extracted value ([id1_7_] : [BIGINT]) - [85]
2021-03-10 22:37:37.700 TRACE 20712 --- [    Test worker] o.h.type.descriptor.sql.BasicExtractor   : extracted value ([id1_7_] : [BIGINT]) - [86]
2021-03-10 22:37:37.700 TRACE 20712 --- [    Test worker] o.h.type.descriptor.sql.BasicExtractor   : extracted value ([id1_7_] : [BIGINT]) - [87]
2021-03-10 22:37:37.700 TRACE 20712 --- [    Test worker] o.h.type.descriptor.sql.BasicExtractor   : extracted value ([id1_7_] : [BIGINT]) - [88]
2021-03-10 22:37:37.700 TRACE 20712 --- [    Test worker] o.h.type.descriptor.sql.BasicExtractor   : extracted value ([id1_7_] : [BIGINT]) - [89]
2021-03-10 22:37:37.700 TRACE 20712 --- [    Test worker] o.h.type.descriptor.sql.BasicExtractor   : extracted value ([id1_7_] : [BIGINT]) - [90]
2021-03-10 22:37:37.700 TRACE 20712 --- [    Test worker] o.h.type.descriptor.sql.BasicExtractor   : extracted value ([id1_7_] : [BIGINT]) - [91]
2021-03-10 22:37:37.700 TRACE 20712 --- [    Test worker] o.h.type.descriptor.sql.BasicExtractor   : extracted value ([id1_7_] : [BIGINT]) - [92]
2021-03-10 22:37:37.700 TRACE 20712 --- [    Test worker] o.h.type.descriptor.sql.BasicExtractor   : extracted value ([id1_7_] : [BIGINT]) - [93]
2021-03-10 22:37:37.700 TRACE 20712 --- [    Test worker] o.h.type.descriptor.sql.BasicExtractor   : extracted value ([id1_7_] : [BIGINT]) - [94]
2021-03-10 22:37:37.700 TRACE 20712 --- [    Test worker] o.h.type.descriptor.sql.BasicExtractor   : extracted value ([id1_7_] : [BIGINT]) - [95]
2021-03-10 22:37:37.700 TRACE 20712 --- [    Test worker] o.h.type.descriptor.sql.BasicExtractor   : extracted value ([id1_7_] : [BIGINT]) - [96]
2021-03-10 22:37:37.700 TRACE 20712 --- [    Test worker] o.h.type.descriptor.sql.BasicExtractor   : extracted value ([id1_7_] : [BIGINT]) - [97]
2021-03-10 22:37:37.700 TRACE 20712 --- [    Test worker] o.h.type.descriptor.sql.BasicExtractor   : extracted value ([id1_7_] : [BIGINT]) - [98]
2021-03-10 22:37:37.700 TRACE 20712 --- [    Test worker] o.h.type.descriptor.sql.BasicExtractor   : extracted value ([id1_7_] : [BIGINT]) - [99]
2021-03-10 22:37:37.700 TRACE 20712 --- [    Test worker] o.h.type.descriptor.sql.BasicExtractor   : extracted value ([id1_7_] : [BIGINT]) - [100]
2021-03-10 22:37:37.700 TRACE 20712 --- [    Test worker] o.h.type.descriptor.sql.BasicExtractor   : extracted value ([id1_7_] : [BIGINT]) - [101]
2021-03-10 22:37:37.700 TRACE 20712 --- [    Test worker] o.h.type.descriptor.sql.BasicExtractor   : extracted value ([id1_7_] : [BIGINT]) - [102]
2021-03-10 22:37:37.700 TRACE 20712 --- [    Test worker] o.h.type.descriptor.sql.BasicExtractor   : extracted value ([id1_7_] : [BIGINT]) - [103]
2021-03-10 22:37:37.700 TRACE 20712 --- [    Test worker] o.h.type.descriptor.sql.BasicExtractor   : extracted value ([id1_7_] : [BIGINT]) - [104]
2021-03-10 22:37:37.700 TRACE 20712 --- [    Test worker] o.h.type.descriptor.sql.BasicExtractor   : extracted value ([id1_7_] : [BIGINT]) - [105]
2021-03-10 22:37:37.700 TRACE 20712 --- [    Test worker] o.h.type.descriptor.sql.BasicExtractor   : extracted value ([id1_7_] : [BIGINT]) - [106]
2021-03-10 22:37:37.700 TRACE 20712 --- [    Test worker] o.h.type.descriptor.sql.BasicExtractor   : extracted value ([id1_7_] : [BIGINT]) - [107]
2021-03-10 22:37:37.700 TRACE 20712 --- [    Test worker] o.h.type.descriptor.sql.BasicExtractor   : extracted value ([id1_7_] : [BIGINT]) - [108]
2021-03-10 22:37:37.700 TRACE 20712 --- [    Test worker] o.h.type.descriptor.sql.BasicExtractor   : extracted value ([id1_7_] : [BIGINT]) - [109]
2021-03-10 22:37:37.700 TRACE 20712 --- [    Test worker] o.h.type.descriptor.sql.BasicExtractor   : extracted value ([id1_7_] : [BIGINT]) - [110]
2021-03-10 22:37:37.700 TRACE 20712 --- [    Test worker] o.h.type.descriptor.sql.BasicExtractor   : extracted value ([id1_7_] : [BIGINT]) - [111]
2021-03-10 22:37:37.700 TRACE 20712 --- [    Test worker] o.h.type.descriptor.sql.BasicExtractor   : extracted value ([id1_7_] : [BIGINT]) - [112]
2021-03-10 22:37:37.700 TRACE 20712 --- [    Test worker] o.h.type.descriptor.sql.BasicExtractor   : extracted value ([id1_7_] : [BIGINT]) - [113]
2021-03-10 22:37:37.700 TRACE 20712 --- [    Test worker] o.h.type.descriptor.sql.BasicExtractor   : extracted value ([id1_7_] : [BIGINT]) - [114]
2021-03-10 22:37:37.700 TRACE 20712 --- [    Test worker] o.h.type.descriptor.sql.BasicExtractor   : extracted value ([id1_7_] : [BIGINT]) - [115]
2021-03-10 22:37:37.700 TRACE 20712 --- [    Test worker] o.h.type.descriptor.sql.BasicExtractor   : extracted value ([id1_7_] : [BIGINT]) - [116]
2021-03-10 22:37:37.700 TRACE 20712 --- [    Test worker] o.h.type.descriptor.sql.BasicExtractor   : extracted value ([id1_7_] : [BIGINT]) - [117]
2021-03-10 22:37:37.700 TRACE 20712 --- [    Test worker] o.h.type.descriptor.sql.BasicExtractor   : extracted value ([id1_7_] : [BIGINT]) - [118]
2021-03-10 22:37:37.700 TRACE 20712 --- [    Test worker] o.h.type.descriptor.sql.BasicExtractor   : extracted value ([id1_7_] : [BIGINT]) - [119]
2021-03-10 22:37:37.700 TRACE 20712 --- [    Test worker] o.h.type.descriptor.sql.BasicExtractor   : extracted value ([id1_7_] : [BIGINT]) - [120]
2021-03-10 22:37:37.700 TRACE 20712 --- [    Test worker] o.h.type.descriptor.sql.BasicExtractor   : extracted value ([id1_7_] : [BIGINT]) - [121]
2021-03-10 22:37:37.700 TRACE 20712 --- [    Test worker] o.h.type.descriptor.sql.BasicExtractor   : extracted value ([id1_7_] : [BIGINT]) - [122]
2021-03-10 22:37:37.700 TRACE 20712 --- [    Test worker] o.h.type.descriptor.sql.BasicExtractor   : extracted value ([id1_7_] : [BIGINT]) - [123]
2021-03-10 22:37:37.700 TRACE 20712 --- [    Test worker] o.h.type.descriptor.sql.BasicExtractor   : extracted value ([id1_7_] : [BIGINT]) - [124]
2021-03-10 22:37:37.700 TRACE 20712 --- [    Test worker] o.h.type.descriptor.sql.BasicExtractor   : extracted value ([id1_7_] : [BIGINT]) - [125]
2021-03-10 22:37:37.700 TRACE 20712 --- [    Test worker] o.h.type.descriptor.sql.BasicExtractor   : extracted value ([id1_7_] : [BIGINT]) - [126]
2021-03-10 22:37:37.700 TRACE 20712 --- [    Test worker] o.h.type.descriptor.sql.BasicExtractor   : extracted value ([id1_7_] : [BIGINT]) - [127]
2021-03-10 22:37:37.700 TRACE 20712 --- [    Test worker] o.h.type.descriptor.sql.BasicExtractor   : extracted value ([id1_7_] : [BIGINT]) - [128]
2021-03-10 22:37:37.700 TRACE 20712 --- [    Test worker] o.h.type.descriptor.sql.BasicExtractor   : extracted value ([id1_7_] : [BIGINT]) - [129]
2021-03-10 22:37:37.700 TRACE 20712 --- [    Test worker] o.h.type.descriptor.sql.BasicExtractor   : extracted value ([id1_7_] : [BIGINT]) - [130]
2021-03-10 22:37:37.700 TRACE 20712 --- [    Test worker] o.h.type.descriptor.sql.BasicExtractor   : extracted value ([id1_7_] : [BIGINT]) - [131]
2021-03-10 22:37:37.700 TRACE 20712 --- [    Test worker] o.h.type.descriptor.sql.BasicExtractor   : extracted value ([id1_7_] : [BIGINT]) - [132]
2021-03-10 22:37:37.700 TRACE 20712 --- [    Test worker] o.h.type.descriptor.sql.BasicExtractor   : extracted value ([id1_7_] : [BIGINT]) - [133]
2021-03-10 22:37:37.700 TRACE 20712 --- [    Test worker] o.h.type.descriptor.sql.BasicExtractor   : extracted value ([id1_7_] : [BIGINT]) - [134]
2021-03-10 22:37:37.700 TRACE 20712 --- [    Test worker] o.h.type.descriptor.sql.BasicExtractor   : extracted value ([id1_7_] : [BIGINT]) - [135]
2021-03-10 22:37:37.700 TRACE 20712 --- [    Test worker] o.h.type.descriptor.sql.BasicExtractor   : extracted value ([id1_7_] : [BIGINT]) - [136]
2021-03-10 22:37:37.700 TRACE 20712 --- [    Test worker] o.h.type.descriptor.sql.BasicExtractor   : extracted value ([id1_7_] : [BIGINT]) - [137]
2021-03-10 22:37:37.700 TRACE 20712 --- [    Test worker] o.h.type.descriptor.sql.BasicExtractor   : extracted value ([id1_7_] : [BIGINT]) - [138]
2021-03-10 22:37:37.700 TRACE 20712 --- [    Test worker] o.h.type.descriptor.sql.BasicExtractor   : extracted value ([id1_7_] : [BIGINT]) - [139]
2021-03-10 22:37:37.700 TRACE 20712 --- [    Test worker] o.h.type.descriptor.sql.BasicExtractor   : extracted value ([id1_7_] : [BIGINT]) - [140]
2021-03-10 22:37:37.700 TRACE 20712 --- [    Test worker] o.h.type.descriptor.sql.BasicExtractor   : extracted value ([id1_7_] : [BIGINT]) - [141]
2021-03-10 22:37:37.700 TRACE 20712 --- [    Test worker] o.h.type.descriptor.sql.BasicExtractor   : extracted value ([id1_7_] : [BIGINT]) - [142]
2021-03-10 22:37:37.700 TRACE 20712 --- [    Test worker] o.h.type.descriptor.sql.BasicExtractor   : extracted value ([id1_7_] : [BIGINT]) - [143]
2021-03-10 22:37:37.700 TRACE 20712 --- [    Test worker] o.h.type.descriptor.sql.BasicExtractor   : extracted value ([id1_7_] : [BIGINT]) - [144]
2021-03-10 22:37:37.700 TRACE 20712 --- [    Test worker] o.h.type.descriptor.sql.BasicExtractor   : extracted value ([id1_7_] : [BIGINT]) - [145]
Hibernate: 
    select
        zone0_.id as id1_7_,
        zone0_.city as city2_7_,
        zone0_.local_name_of_city as local_na3_7_,
        zone0_.province as province4_7_ 
    from
        zone zone0_
2021-03-10 22:37:37.715 TRACE 20712 --- [    Test worker] o.h.type.descriptor.sql.BasicExtractor   : extracted value ([id1_7_] : [BIGINT]) - [61]
2021-03-10 22:37:37.715 TRACE 20712 --- [    Test worker] o.h.type.descriptor.sql.BasicExtractor   : extracted value ([id1_7_] : [BIGINT]) - [62]
2021-03-10 22:37:37.715 TRACE 20712 --- [    Test worker] o.h.type.descriptor.sql.BasicExtractor   : extracted value ([id1_7_] : [BIGINT]) - [63]
2021-03-10 22:37:37.715 TRACE 20712 --- [    Test worker] o.h.type.descriptor.sql.BasicExtractor   : extracted value ([id1_7_] : [BIGINT]) - [64]
2021-03-10 22:37:37.715 TRACE 20712 --- [    Test worker] o.h.type.descriptor.sql.BasicExtractor   : extracted value ([id1_7_] : [BIGINT]) - [65]
2021-03-10 22:37:37.715 TRACE 20712 --- [    Test worker] o.h.type.descriptor.sql.BasicExtractor   : extracted value ([id1_7_] : [BIGINT]) - [66]
2021-03-10 22:37:37.715 TRACE 20712 --- [    Test worker] o.h.type.descriptor.sql.BasicExtractor   : extracted value ([id1_7_] : [BIGINT]) - [67]
2021-03-10 22:37:37.715 TRACE 20712 --- [    Test worker] o.h.type.descriptor.sql.BasicExtractor   : extracted value ([id1_7_] : [BIGINT]) - [68]
2021-03-10 22:37:37.715 TRACE 20712 --- [    Test worker] o.h.type.descriptor.sql.BasicExtractor   : extracted value ([id1_7_] : [BIGINT]) - [69]
2021-03-10 22:37:37.715 TRACE 20712 --- [    Test worker] o.h.type.descriptor.sql.BasicExtractor   : extracted value ([id1_7_] : [BIGINT]) - [70]
2021-03-10 22:37:37.715 TRACE 20712 --- [    Test worker] o.h.type.descriptor.sql.BasicExtractor   : extracted value ([id1_7_] : [BIGINT]) - [71]
2021-03-10 22:37:37.715 TRACE 20712 --- [    Test worker] o.h.type.descriptor.sql.BasicExtractor   : extracted value ([id1_7_] : [BIGINT]) - [72]
2021-03-10 22:37:37.715 TRACE 20712 --- [    Test worker] o.h.type.descriptor.sql.BasicExtractor   : extracted value ([id1_7_] : [BIGINT]) - [73]
2021-03-10 22:37:37.715 TRACE 20712 --- [    Test worker] o.h.type.descriptor.sql.BasicExtractor   : extracted value ([id1_7_] : [BIGINT]) - [74]
2021-03-10 22:37:37.715 TRACE 20712 --- [    Test worker] o.h.type.descriptor.sql.BasicExtractor   : extracted value ([id1_7_] : [BIGINT]) - [75]
2021-03-10 22:37:37.715 TRACE 20712 --- [    Test worker] o.h.type.descriptor.sql.BasicExtractor   : extracted value ([id1_7_] : [BIGINT]) - [76]
2021-03-10 22:37:37.715 TRACE 20712 --- [    Test worker] o.h.type.descriptor.sql.BasicExtractor   : extracted value ([id1_7_] : [BIGINT]) - [77]
2021-03-10 22:37:37.715 TRACE 20712 --- [    Test worker] o.h.type.descriptor.sql.BasicExtractor   : extracted value ([id1_7_] : [BIGINT]) - [78]
2021-03-10 22:37:37.715 TRACE 20712 --- [    Test worker] o.h.type.descriptor.sql.BasicExtractor   : extracted value ([id1_7_] : [BIGINT]) - [79]
2021-03-10 22:37:37.715 TRACE 20712 --- [    Test worker] o.h.type.descriptor.sql.BasicExtractor   : extracted value ([id1_7_] : [BIGINT]) - [80]
2021-03-10 22:37:37.715 TRACE 20712 --- [    Test worker] o.h.type.descriptor.sql.BasicExtractor   : extracted value ([id1_7_] : [BIGINT]) - [81]
2021-03-10 22:37:37.715 TRACE 20712 --- [    Test worker] o.h.type.descriptor.sql.BasicExtractor   : extracted value ([id1_7_] : [BIGINT]) - [82]
2021-03-10 22:37:37.715 TRACE 20712 --- [    Test worker] o.h.type.descriptor.sql.BasicExtractor   : extracted value ([id1_7_] : [BIGINT]) - [83]
2021-03-10 22:37:37.715 TRACE 20712 --- [    Test worker] o.h.type.descriptor.sql.BasicExtractor   : extracted value ([id1_7_] : [BIGINT]) - [84]
2021-03-10 22:37:37.715 TRACE 20712 --- [    Test worker] o.h.type.descriptor.sql.BasicExtractor   : extracted value ([id1_7_] : [BIGINT]) - [85]
2021-03-10 22:37:37.715 TRACE 20712 --- [    Test worker] o.h.type.descriptor.sql.BasicExtractor   : extracted value ([id1_7_] : [BIGINT]) - [86]
2021-03-10 22:37:37.715 TRACE 20712 --- [    Test worker] o.h.type.descriptor.sql.BasicExtractor   : extracted value ([id1_7_] : [BIGINT]) - [87]
2021-03-10 22:37:37.715 TRACE 20712 --- [    Test worker] o.h.type.descriptor.sql.BasicExtractor   : extracted value ([id1_7_] : [BIGINT]) - [88]
2021-03-10 22:37:37.715 TRACE 20712 --- [    Test worker] o.h.type.descriptor.sql.BasicExtractor   : extracted value ([id1_7_] : [BIGINT]) - [89]
2021-03-10 22:37:37.715 TRACE 20712 --- [    Test worker] o.h.type.descriptor.sql.BasicExtractor   : extracted value ([id1_7_] : [BIGINT]) - [90]
2021-03-10 22:37:37.715 TRACE 20712 --- [    Test worker] o.h.type.descriptor.sql.BasicExtractor   : extracted value ([id1_7_] : [BIGINT]) - [91]
2021-03-10 22:37:37.715 TRACE 20712 --- [    Test worker] o.h.type.descriptor.sql.BasicExtractor   : extracted value ([id1_7_] : [BIGINT]) - [92]
2021-03-10 22:37:37.715 TRACE 20712 --- [    Test worker] o.h.type.descriptor.sql.BasicExtractor   : extracted value ([id1_7_] : [BIGINT]) - [93]
2021-03-10 22:37:37.715 TRACE 20712 --- [    Test worker] o.h.type.descriptor.sql.BasicExtractor   : extracted value ([id1_7_] : [BIGINT]) - [94]
2021-03-10 22:37:37.715 TRACE 20712 --- [    Test worker] o.h.type.descriptor.sql.BasicExtractor   : extracted value ([id1_7_] : [BIGINT]) - [95]
2021-03-10 22:37:37.715 TRACE 20712 --- [    Test worker] o.h.type.descriptor.sql.BasicExtractor   : extracted value ([id1_7_] : [BIGINT]) - [96]
2021-03-10 22:37:37.715 TRACE 20712 --- [    Test worker] o.h.type.descriptor.sql.BasicExtractor   : extracted value ([id1_7_] : [BIGINT]) - [97]
2021-03-10 22:37:37.715 TRACE 20712 --- [    Test worker] o.h.type.descriptor.sql.BasicExtractor   : extracted value ([id1_7_] : [BIGINT]) - [98]
2021-03-10 22:37:37.715 TRACE 20712 --- [    Test worker] o.h.type.descriptor.sql.BasicExtractor   : extracted value ([id1_7_] : [BIGINT]) - [99]
2021-03-10 22:37:37.715 TRACE 20712 --- [    Test worker] o.h.type.descriptor.sql.BasicExtractor   : extracted value ([id1_7_] : [BIGINT]) - [100]
2021-03-10 22:37:37.715 TRACE 20712 --- [    Test worker] o.h.type.descriptor.sql.BasicExtractor   : extracted value ([id1_7_] : [BIGINT]) - [101]
2021-03-10 22:37:37.715 TRACE 20712 --- [    Test worker] o.h.type.descriptor.sql.BasicExtractor   : extracted value ([id1_7_] : [BIGINT]) - [102]
2021-03-10 22:37:37.715 TRACE 20712 --- [    Test worker] o.h.type.descriptor.sql.BasicExtractor   : extracted value ([id1_7_] : [BIGINT]) - [103]
2021-03-10 22:37:37.715 TRACE 20712 --- [    Test worker] o.h.type.descriptor.sql.BasicExtractor   : extracted value ([id1_7_] : [BIGINT]) - [104]
2021-03-10 22:37:37.715 TRACE 20712 --- [    Test worker] o.h.type.descriptor.sql.BasicExtractor   : extracted value ([id1_7_] : [BIGINT]) - [105]
2021-03-10 22:37:37.715 TRACE 20712 --- [    Test worker] o.h.type.descriptor.sql.BasicExtractor   : extracted value ([id1_7_] : [BIGINT]) - [106]
2021-03-10 22:37:37.715 TRACE 20712 --- [    Test worker] o.h.type.descriptor.sql.BasicExtractor   : extracted value ([id1_7_] : [BIGINT]) - [107]
2021-03-10 22:37:37.715 TRACE 20712 --- [    Test worker] o.h.type.descriptor.sql.BasicExtractor   : extracted value ([id1_7_] : [BIGINT]) - [108]
2021-03-10 22:37:37.715 TRACE 20712 --- [    Test worker] o.h.type.descriptor.sql.BasicExtractor   : extracted value ([id1_7_] : [BIGINT]) - [109]
2021-03-10 22:37:37.715 TRACE 20712 --- [    Test worker] o.h.type.descriptor.sql.BasicExtractor   : extracted value ([id1_7_] : [BIGINT]) - [110]
2021-03-10 22:37:37.715 TRACE 20712 --- [    Test worker] o.h.type.descriptor.sql.BasicExtractor   : extracted value ([id1_7_] : [BIGINT]) - [111]
2021-03-10 22:37:37.715 TRACE 20712 --- [    Test worker] o.h.type.descriptor.sql.BasicExtractor   : extracted value ([id1_7_] : [BIGINT]) - [112]
2021-03-10 22:37:37.715 TRACE 20712 --- [    Test worker] o.h.type.descriptor.sql.BasicExtractor   : extracted value ([id1_7_] : [BIGINT]) - [113]
2021-03-10 22:37:37.715 TRACE 20712 --- [    Test worker] o.h.type.descriptor.sql.BasicExtractor   : extracted value ([id1_7_] : [BIGINT]) - [114]
2021-03-10 22:37:37.715 TRACE 20712 --- [    Test worker] o.h.type.descriptor.sql.BasicExtractor   : extracted value ([id1_7_] : [BIGINT]) - [115]
2021-03-10 22:37:37.715 TRACE 20712 --- [    Test worker] o.h.type.descriptor.sql.BasicExtractor   : extracted value ([id1_7_] : [BIGINT]) - [116]
2021-03-10 22:37:37.715 TRACE 20712 --- [    Test worker] o.h.type.descriptor.sql.BasicExtractor   : extracted value ([id1_7_] : [BIGINT]) - [117]
2021-03-10 22:37:37.715 TRACE 20712 --- [    Test worker] o.h.type.descriptor.sql.BasicExtractor   : extracted value ([id1_7_] : [BIGINT]) - [118]
2021-03-10 22:37:37.715 TRACE 20712 --- [    Test worker] o.h.type.descriptor.sql.BasicExtractor   : extracted value ([id1_7_] : [BIGINT]) - [119]
2021-03-10 22:37:37.715 TRACE 20712 --- [    Test worker] o.h.type.descriptor.sql.BasicExtractor   : extracted value ([id1_7_] : [BIGINT]) - [120]
2021-03-10 22:37:37.715 TRACE 20712 --- [    Test worker] o.h.type.descriptor.sql.BasicExtractor   : extracted value ([id1_7_] : [BIGINT]) - [121]
2021-03-10 22:37:37.715 TRACE 20712 --- [    Test worker] o.h.type.descriptor.sql.BasicExtractor   : extracted value ([id1_7_] : [BIGINT]) - [122]
2021-03-10 22:37:37.715 TRACE 20712 --- [    Test worker] o.h.type.descriptor.sql.BasicExtractor   : extracted value ([id1_7_] : [BIGINT]) - [123]
2021-03-10 22:37:37.715 TRACE 20712 --- [    Test worker] o.h.type.descriptor.sql.BasicExtractor   : extracted value ([id1_7_] : [BIGINT]) - [124]
2021-03-10 22:37:37.715 TRACE 20712 --- [    Test worker] o.h.type.descriptor.sql.BasicExtractor   : extracted value ([id1_7_] : [BIGINT]) - [125]
2021-03-10 22:37:37.715 TRACE 20712 --- [    Test worker] o.h.type.descriptor.sql.BasicExtractor   : extracted value ([id1_7_] : [BIGINT]) - [126]
2021-03-10 22:37:37.715 TRACE 20712 --- [    Test worker] o.h.type.descriptor.sql.BasicExtractor   : extracted value ([id1_7_] : [BIGINT]) - [127]
2021-03-10 22:37:37.715 TRACE 20712 --- [    Test worker] o.h.type.descriptor.sql.BasicExtractor   : extracted value ([id1_7_] : [BIGINT]) - [128]
2021-03-10 22:37:37.715 TRACE 20712 --- [    Test worker] o.h.type.descriptor.sql.BasicExtractor   : extracted value ([id1_7_] : [BIGINT]) - [129]
2021-03-10 22:37:37.715 TRACE 20712 --- [    Test worker] o.h.type.descriptor.sql.BasicExtractor   : extracted value ([id1_7_] : [BIGINT]) - [130]
2021-03-10 22:37:37.715 TRACE 20712 --- [    Test worker] o.h.type.descriptor.sql.BasicExtractor   : extracted value ([id1_7_] : [BIGINT]) - [131]
2021-03-10 22:37:37.715 TRACE 20712 --- [    Test worker] o.h.type.descriptor.sql.BasicExtractor   : extracted value ([id1_7_] : [BIGINT]) - [132]
2021-03-10 22:37:37.715 TRACE 20712 --- [    Test worker] o.h.type.descriptor.sql.BasicExtractor   : extracted value ([id1_7_] : [BIGINT]) - [133]
2021-03-10 22:37:37.715 TRACE 20712 --- [    Test worker] o.h.type.descriptor.sql.BasicExtractor   : extracted value ([id1_7_] : [BIGINT]) - [134]
2021-03-10 22:37:37.715 TRACE 20712 --- [    Test worker] o.h.type.descriptor.sql.BasicExtractor   : extracted value ([id1_7_] : [BIGINT]) - [135]
2021-03-10 22:37:37.715 TRACE 20712 --- [    Test worker] o.h.type.descriptor.sql.BasicExtractor   : extracted value ([id1_7_] : [BIGINT]) - [136]
2021-03-10 22:37:37.715 TRACE 20712 --- [    Test worker] o.h.type.descriptor.sql.BasicExtractor   : extracted value ([id1_7_] : [BIGINT]) - [137]
2021-03-10 22:37:37.715 TRACE 20712 --- [    Test worker] o.h.type.descriptor.sql.BasicExtractor   : extracted value ([id1_7_] : [BIGINT]) - [138]
2021-03-10 22:37:37.715 TRACE 20712 --- [    Test worker] o.h.type.descriptor.sql.BasicExtractor   : extracted value ([id1_7_] : [BIGINT]) - [139]
2021-03-10 22:37:37.715 TRACE 20712 --- [    Test worker] o.h.type.descriptor.sql.BasicExtractor   : extracted value ([id1_7_] : [BIGINT]) - [140]
2021-03-10 22:37:37.715 TRACE 20712 --- [    Test worker] o.h.type.descriptor.sql.BasicExtractor   : extracted value ([id1_7_] : [BIGINT]) - [141]
2021-03-10 22:37:37.715 TRACE 20712 --- [    Test worker] o.h.type.descriptor.sql.BasicExtractor   : extracted value ([id1_7_] : [BIGINT]) - [142]
2021-03-10 22:37:37.715 TRACE 20712 --- [    Test worker] o.h.type.descriptor.sql.BasicExtractor   : extracted value ([id1_7_] : [BIGINT]) - [143]
2021-03-10 22:37:37.715 TRACE 20712 --- [    Test worker] o.h.type.descriptor.sql.BasicExtractor   : extracted value ([id1_7_] : [BIGINT]) - [144]
2021-03-10 22:37:37.715 TRACE 20712 --- [    Test worker] o.h.type.descriptor.sql.BasicExtractor   : extracted value ([id1_7_] : [BIGINT]) - [145]
Hibernate: 
    select
        zone0_.id as id1_7_,
        zone0_.city as city2_7_,
        zone0_.local_name_of_city as local_na3_7_,
        zone0_.province as province4_7_ 
    from
        zone zone0_
2021-03-10 22:37:37.715 TRACE 20712 --- [    Test worker] o.h.type.descriptor.sql.BasicExtractor   : extracted value ([id1_7_] : [BIGINT]) - [61]
2021-03-10 22:37:37.715 TRACE 20712 --- [    Test worker] o.h.type.descriptor.sql.BasicExtractor   : extracted value ([id1_7_] : [BIGINT]) - [62]
2021-03-10 22:37:37.715 TRACE 20712 --- [    Test worker] o.h.type.descriptor.sql.BasicExtractor   : extracted value ([id1_7_] : [BIGINT]) - [63]
2021-03-10 22:37:37.715 TRACE 20712 --- [    Test worker] o.h.type.descriptor.sql.BasicExtractor   : extracted value ([id1_7_] : [BIGINT]) - [64]
2021-03-10 22:37:37.715 TRACE 20712 --- [    Test worker] o.h.type.descriptor.sql.BasicExtractor   : extracted value ([id1_7_] : [BIGINT]) - [65]
2021-03-10 22:37:37.715 TRACE 20712 --- [    Test worker] o.h.type.descriptor.sql.BasicExtractor   : extracted value ([id1_7_] : [BIGINT]) - [66]
2021-03-10 22:37:37.715 TRACE 20712 --- [    Test worker] o.h.type.descriptor.sql.BasicExtractor   : extracted value ([id1_7_] : [BIGINT]) - [67]
2021-03-10 22:37:37.715 TRACE 20712 --- [    Test worker] o.h.type.descriptor.sql.BasicExtractor   : extracted value ([id1_7_] : [BIGINT]) - [68]
2021-03-10 22:37:37.715 TRACE 20712 --- [    Test worker] o.h.type.descriptor.sql.BasicExtractor   : extracted value ([id1_7_] : [BIGINT]) - [69]
2021-03-10 22:37:37.715 TRACE 20712 --- [    Test worker] o.h.type.descriptor.sql.BasicExtractor   : extracted value ([id1_7_] : [BIGINT]) - [70]
2021-03-10 22:37:37.715 TRACE 20712 --- [    Test worker] o.h.type.descriptor.sql.BasicExtractor   : extracted value ([id1_7_] : [BIGINT]) - [71]
2021-03-10 22:37:37.715 TRACE 20712 --- [    Test worker] o.h.type.descriptor.sql.BasicExtractor   : extracted value ([id1_7_] : [BIGINT]) - [72]
2021-03-10 22:37:37.715 TRACE 20712 --- [    Test worker] o.h.type.descriptor.sql.BasicExtractor   : extracted value ([id1_7_] : [BIGINT]) - [73]
2021-03-10 22:37:37.715 TRACE 20712 --- [    Test worker] o.h.type.descriptor.sql.BasicExtractor   : extracted value ([id1_7_] : [BIGINT]) - [74]
2021-03-10 22:37:37.715 TRACE 20712 --- [    Test worker] o.h.type.descriptor.sql.BasicExtractor   : extracted value ([id1_7_] : [BIGINT]) - [75]
2021-03-10 22:37:37.715 TRACE 20712 --- [    Test worker] o.h.type.descriptor.sql.BasicExtractor   : extracted value ([id1_7_] : [BIGINT]) - [76]
2021-03-10 22:37:37.715 TRACE 20712 --- [    Test worker] o.h.type.descriptor.sql.BasicExtractor   : extracted value ([id1_7_] : [BIGINT]) - [77]
2021-03-10 22:37:37.715 TRACE 20712 --- [    Test worker] o.h.type.descriptor.sql.BasicExtractor   : extracted value ([id1_7_] : [BIGINT]) - [78]
2021-03-10 22:37:37.715 TRACE 20712 --- [    Test worker] o.h.type.descriptor.sql.BasicExtractor   : extracted value ([id1_7_] : [BIGINT]) - [79]
2021-03-10 22:37:37.715 TRACE 20712 --- [    Test worker] o.h.type.descriptor.sql.BasicExtractor   : extracted value ([id1_7_] : [BIGINT]) - [80]
2021-03-10 22:37:37.715 TRACE 20712 --- [    Test worker] o.h.type.descriptor.sql.BasicExtractor   : extracted value ([id1_7_] : [BIGINT]) - [81]
2021-03-10 22:37:37.715 TRACE 20712 --- [    Test worker] o.h.type.descriptor.sql.BasicExtractor   : extracted value ([id1_7_] : [BIGINT]) - [82]
2021-03-10 22:37:37.715 TRACE 20712 --- [    Test worker] o.h.type.descriptor.sql.BasicExtractor   : extracted value ([id1_7_] : [BIGINT]) - [83]
2021-03-10 22:37:37.715 TRACE 20712 --- [    Test worker] o.h.type.descriptor.sql.BasicExtractor   : extracted value ([id1_7_] : [BIGINT]) - [84]
2021-03-10 22:37:37.715 TRACE 20712 --- [    Test worker] o.h.type.descriptor.sql.BasicExtractor   : extracted value ([id1_7_] : [BIGINT]) - [85]
2021-03-10 22:37:37.715 TRACE 20712 --- [    Test worker] o.h.type.descriptor.sql.BasicExtractor   : extracted value ([id1_7_] : [BIGINT]) - [86]
2021-03-10 22:37:37.715 TRACE 20712 --- [    Test worker] o.h.type.descriptor.sql.BasicExtractor   : extracted value ([id1_7_] : [BIGINT]) - [87]
2021-03-10 22:37:37.715 TRACE 20712 --- [    Test worker] o.h.type.descriptor.sql.BasicExtractor   : extracted value ([id1_7_] : [BIGINT]) - [88]
2021-03-10 22:37:37.715 TRACE 20712 --- [    Test worker] o.h.type.descriptor.sql.BasicExtractor   : extracted value ([id1_7_] : [BIGINT]) - [89]
2021-03-10 22:37:37.715 TRACE 20712 --- [    Test worker] o.h.type.descriptor.sql.BasicExtractor   : extracted value ([id1_7_] : [BIGINT]) - [90]
2021-03-10 22:37:37.715 TRACE 20712 --- [    Test worker] o.h.type.descriptor.sql.BasicExtractor   : extracted value ([id1_7_] : [BIGINT]) - [91]
2021-03-10 22:37:37.715 TRACE 20712 --- [    Test worker] o.h.type.descriptor.sql.BasicExtractor   : extracted value ([id1_7_] : [BIGINT]) - [92]
2021-03-10 22:37:37.715 TRACE 20712 --- [    Test worker] o.h.type.descriptor.sql.BasicExtractor   : extracted value ([id1_7_] : [BIGINT]) - [93]
2021-03-10 22:37:37.715 TRACE 20712 --- [    Test worker] o.h.type.descriptor.sql.BasicExtractor   : extracted value ([id1_7_] : [BIGINT]) - [94]
2021-03-10 22:37:37.715 TRACE 20712 --- [    Test worker] o.h.type.descriptor.sql.BasicExtractor   : extracted value ([id1_7_] : [BIGINT]) - [95]
2021-03-10 22:37:37.715 TRACE 20712 --- [    Test worker] o.h.type.descriptor.sql.BasicExtractor   : extracted value ([id1_7_] : [BIGINT]) - [96]
2021-03-10 22:37:37.715 TRACE 20712 --- [    Test worker] o.h.type.descriptor.sql.BasicExtractor   : extracted value ([id1_7_] : [BIGINT]) - [97]
2021-03-10 22:37:37.715 TRACE 20712 --- [    Test worker] o.h.type.descriptor.sql.BasicExtractor   : extracted value ([id1_7_] : [BIGINT]) - [98]
2021-03-10 22:37:37.715 TRACE 20712 --- [    Test worker] o.h.type.descriptor.sql.BasicExtractor   : extracted value ([id1_7_] : [BIGINT]) - [99]
2021-03-10 22:37:37.715 TRACE 20712 --- [    Test worker] o.h.type.descriptor.sql.BasicExtractor   : extracted value ([id1_7_] : [BIGINT]) - [100]
2021-03-10 22:37:37.715 TRACE 20712 --- [    Test worker] o.h.type.descriptor.sql.BasicExtractor   : extracted value ([id1_7_] : [BIGINT]) - [101]
2021-03-10 22:37:37.715 TRACE 20712 --- [    Test worker] o.h.type.descriptor.sql.BasicExtractor   : extracted value ([id1_7_] : [BIGINT]) - [102]
2021-03-10 22:37:37.715 TRACE 20712 --- [    Test worker] o.h.type.descriptor.sql.BasicExtractor   : extracted value ([id1_7_] : [BIGINT]) - [103]
2021-03-10 22:37:37.715 TRACE 20712 --- [    Test worker] o.h.type.descriptor.sql.BasicExtractor   : extracted value ([id1_7_] : [BIGINT]) - [104]
2021-03-10 22:37:37.715 TRACE 20712 --- [    Test worker] o.h.type.descriptor.sql.BasicExtractor   : extracted value ([id1_7_] : [BIGINT]) - [105]
2021-03-10 22:37:37.715 TRACE 20712 --- [    Test worker] o.h.type.descriptor.sql.BasicExtractor   : extracted value ([id1_7_] : [BIGINT]) - [106]
2021-03-10 22:37:37.715 TRACE 20712 --- [    Test worker] o.h.type.descriptor.sql.BasicExtractor   : extracted value ([id1_7_] : [BIGINT]) - [107]
2021-03-10 22:37:37.715 TRACE 20712 --- [    Test worker] o.h.type.descriptor.sql.BasicExtractor   : extracted value ([id1_7_] : [BIGINT]) - [108]
2021-03-10 22:37:37.715 TRACE 20712 --- [    Test worker] o.h.type.descriptor.sql.BasicExtractor   : extracted value ([id1_7_] : [BIGINT]) - [109]
2021-03-10 22:37:37.715 TRACE 20712 --- [    Test worker] o.h.type.descriptor.sql.BasicExtractor   : extracted value ([id1_7_] : [BIGINT]) - [110]
2021-03-10 22:37:37.715 TRACE 20712 --- [    Test worker] o.h.type.descriptor.sql.BasicExtractor   : extracted value ([id1_7_] : [BIGINT]) - [111]
2021-03-10 22:37:37.715 TRACE 20712 --- [    Test worker] o.h.type.descriptor.sql.BasicExtractor   : extracted value ([id1_7_] : [BIGINT]) - [112]
2021-03-10 22:37:37.715 TRACE 20712 --- [    Test worker] o.h.type.descriptor.sql.BasicExtractor   : extracted value ([id1_7_] : [BIGINT]) - [113]
2021-03-10 22:37:37.715 TRACE 20712 --- [    Test worker] o.h.type.descriptor.sql.BasicExtractor   : extracted value ([id1_7_] : [BIGINT]) - [114]
2021-03-10 22:37:37.715 TRACE 20712 --- [    Test worker] o.h.type.descriptor.sql.BasicExtractor   : extracted value ([id1_7_] : [BIGINT]) - [115]
2021-03-10 22:37:37.715 TRACE 20712 --- [    Test worker] o.h.type.descriptor.sql.BasicExtractor   : extracted value ([id1_7_] : [BIGINT]) - [116]
2021-03-10 22:37:37.715 TRACE 20712 --- [    Test worker] o.h.type.descriptor.sql.BasicExtractor   : extracted value ([id1_7_] : [BIGINT]) - [117]
2021-03-10 22:37:37.715 TRACE 20712 --- [    Test worker] o.h.type.descriptor.sql.BasicExtractor   : extracted value ([id1_7_] : [BIGINT]) - [118]
2021-03-10 22:37:37.715 TRACE 20712 --- [    Test worker] o.h.type.descriptor.sql.BasicExtractor   : extracted value ([id1_7_] : [BIGINT]) - [119]
2021-03-10 22:37:37.715 TRACE 20712 --- [    Test worker] o.h.type.descriptor.sql.BasicExtractor   : extracted value ([id1_7_] : [BIGINT]) - [120]
2021-03-10 22:37:37.715 TRACE 20712 --- [    Test worker] o.h.type.descriptor.sql.BasicExtractor   : extracted value ([id1_7_] : [BIGINT]) - [121]
2021-03-10 22:37:37.715 TRACE 20712 --- [    Test worker] o.h.type.descriptor.sql.BasicExtractor   : extracted value ([id1_7_] : [BIGINT]) - [122]
2021-03-10 22:37:37.715 TRACE 20712 --- [    Test worker] o.h.type.descriptor.sql.BasicExtractor   : extracted value ([id1_7_] : [BIGINT]) - [123]
2021-03-10 22:37:37.715 TRACE 20712 --- [    Test worker] o.h.type.descriptor.sql.BasicExtractor   : extracted value ([id1_7_] : [BIGINT]) - [124]
2021-03-10 22:37:37.715 TRACE 20712 --- [    Test worker] o.h.type.descriptor.sql.BasicExtractor   : extracted value ([id1_7_] : [BIGINT]) - [125]
2021-03-10 22:37:37.715 TRACE 20712 --- [    Test worker] o.h.type.descriptor.sql.BasicExtractor   : extracted value ([id1_7_] : [BIGINT]) - [126]
2021-03-10 22:37:37.715 TRACE 20712 --- [    Test worker] o.h.type.descriptor.sql.BasicExtractor   : extracted value ([id1_7_] : [BIGINT]) - [127]
2021-03-10 22:37:37.715 TRACE 20712 --- [    Test worker] o.h.type.descriptor.sql.BasicExtractor   : extracted value ([id1_7_] : [BIGINT]) - [128]
2021-03-10 22:37:37.715 TRACE 20712 --- [    Test worker] o.h.type.descriptor.sql.BasicExtractor   : extracted value ([id1_7_] : [BIGINT]) - [129]
2021-03-10 22:37:37.715 TRACE 20712 --- [    Test worker] o.h.type.descriptor.sql.BasicExtractor   : extracted value ([id1_7_] : [BIGINT]) - [130]
2021-03-10 22:37:37.715 TRACE 20712 --- [    Test worker] o.h.type.descriptor.sql.BasicExtractor   : extracted value ([id1_7_] : [BIGINT]) - [131]
2021-03-10 22:37:37.715 TRACE 20712 --- [    Test worker] o.h.type.descriptor.sql.BasicExtractor   : extracted value ([id1_7_] : [BIGINT]) - [132]
2021-03-10 22:37:37.715 TRACE 20712 --- [    Test worker] o.h.type.descriptor.sql.BasicExtractor   : extracted value ([id1_7_] : [BIGINT]) - [133]
2021-03-10 22:37:37.715 TRACE 20712 --- [    Test worker] o.h.type.descriptor.sql.BasicExtractor   : extracted value ([id1_7_] : [BIGINT]) - [134]
2021-03-10 22:37:37.715 TRACE 20712 --- [    Test worker] o.h.type.descriptor.sql.BasicExtractor   : extracted value ([id1_7_] : [BIGINT]) - [135]
2021-03-10 22:37:37.715 TRACE 20712 --- [    Test worker] o.h.type.descriptor.sql.BasicExtractor   : extracted value ([id1_7_] : [BIGINT]) - [136]
2021-03-10 22:37:37.715 TRACE 20712 --- [    Test worker] o.h.type.descriptor.sql.BasicExtractor   : extracted value ([id1_7_] : [BIGINT]) - [137]
2021-03-10 22:37:37.715 TRACE 20712 --- [    Test worker] o.h.type.descriptor.sql.BasicExtractor   : extracted value ([id1_7_] : [BIGINT]) - [138]
2021-03-10 22:37:37.715 TRACE 20712 --- [    Test worker] o.h.type.descriptor.sql.BasicExtractor   : extracted value ([id1_7_] : [BIGINT]) - [139]
2021-03-10 22:37:37.715 TRACE 20712 --- [    Test worker] o.h.type.descriptor.sql.BasicExtractor   : extracted value ([id1_7_] : [BIGINT]) - [140]
2021-03-10 22:37:37.715 TRACE 20712 --- [    Test worker] o.h.type.descriptor.sql.BasicExtractor   : extracted value ([id1_7_] : [BIGINT]) - [141]
2021-03-10 22:37:37.715 TRACE 20712 --- [    Test worker] o.h.type.descriptor.sql.BasicExtractor   : extracted value ([id1_7_] : [BIGINT]) - [142]
2021-03-10 22:37:37.715 TRACE 20712 --- [    Test worker] o.h.type.descriptor.sql.BasicExtractor   : extracted value ([id1_7_] : [BIGINT]) - [143]
2021-03-10 22:37:37.715 TRACE 20712 --- [    Test worker] o.h.type.descriptor.sql.BasicExtractor   : extracted value ([id1_7_] : [BIGINT]) - [144]
2021-03-10 22:37:37.715 TRACE 20712 --- [    Test worker] o.h.type.descriptor.sql.BasicExtractor   : extracted value ([id1_7_] : [BIGINT]) - [145]
Hibernate: 
    select
        zone0_.id as id1_7_,
        zone0_.city as city2_7_,
        zone0_.local_name_of_city as local_na3_7_,
        zone0_.province as province4_7_ 
    from
        zone zone0_
2021-03-10 22:37:37.715 TRACE 20712 --- [    Test worker] o.h.type.descriptor.sql.BasicExtractor   : extracted value ([id1_7_] : [BIGINT]) - [61]
2021-03-10 22:37:37.715 TRACE 20712 --- [    Test worker] o.h.type.descriptor.sql.BasicExtractor   : extracted value ([id1_7_] : [BIGINT]) - [62]
2021-03-10 22:37:37.715 TRACE 20712 --- [    Test worker] o.h.type.descriptor.sql.BasicExtractor   : extracted value ([id1_7_] : [BIGINT]) - [63]
2021-03-10 22:37:37.715 TRACE 20712 --- [    Test worker] o.h.type.descriptor.sql.BasicExtractor   : extracted value ([id1_7_] : [BIGINT]) - [64]
2021-03-10 22:37:37.715 TRACE 20712 --- [    Test worker] o.h.type.descriptor.sql.BasicExtractor   : extracted value ([id1_7_] : [BIGINT]) - [65]
2021-03-10 22:37:37.715 TRACE 20712 --- [    Test worker] o.h.type.descriptor.sql.BasicExtractor   : extracted value ([id1_7_] : [BIGINT]) - [66]
2021-03-10 22:37:37.715 TRACE 20712 --- [    Test worker] o.h.type.descriptor.sql.BasicExtractor   : extracted value ([id1_7_] : [BIGINT]) - [67]
2021-03-10 22:37:37.715 TRACE 20712 --- [    Test worker] o.h.type.descriptor.sql.BasicExtractor   : extracted value ([id1_7_] : [BIGINT]) - [68]
2021-03-10 22:37:37.715 TRACE 20712 --- [    Test worker] o.h.type.descriptor.sql.BasicExtractor   : extracted value ([id1_7_] : [BIGINT]) - [69]
2021-03-10 22:37:37.715 TRACE 20712 --- [    Test worker] o.h.type.descriptor.sql.BasicExtractor   : extracted value ([id1_7_] : [BIGINT]) - [70]
2021-03-10 22:37:37.715 TRACE 20712 --- [    Test worker] o.h.type.descriptor.sql.BasicExtractor   : extracted value ([id1_7_] : [BIGINT]) - [71]
2021-03-10 22:37:37.715 TRACE 20712 --- [    Test worker] o.h.type.descriptor.sql.BasicExtractor   : extracted value ([id1_7_] : [BIGINT]) - [72]
2021-03-10 22:37:37.715 TRACE 20712 --- [    Test worker] o.h.type.descriptor.sql.BasicExtractor   : extracted value ([id1_7_] : [BIGINT]) - [73]
2021-03-10 22:37:37.715 TRACE 20712 --- [    Test worker] o.h.type.descriptor.sql.BasicExtractor   : extracted value ([id1_7_] : [BIGINT]) - [74]
2021-03-10 22:37:37.715 TRACE 20712 --- [    Test worker] o.h.type.descriptor.sql.BasicExtractor   : extracted value ([id1_7_] : [BIGINT]) - [75]
2021-03-10 22:37:37.715 TRACE 20712 --- [    Test worker] o.h.type.descriptor.sql.BasicExtractor   : extracted value ([id1_7_] : [BIGINT]) - [76]
2021-03-10 22:37:37.715 TRACE 20712 --- [    Test worker] o.h.type.descriptor.sql.BasicExtractor   : extracted value ([id1_7_] : [BIGINT]) - [77]
2021-03-10 22:37:37.715 TRACE 20712 --- [    Test worker] o.h.type.descriptor.sql.BasicExtractor   : extracted value ([id1_7_] : [BIGINT]) - [78]
2021-03-10 22:37:37.715 TRACE 20712 --- [    Test worker] o.h.type.descriptor.sql.BasicExtractor   : extracted value ([id1_7_] : [BIGINT]) - [79]
2021-03-10 22:37:37.715 TRACE 20712 --- [    Test worker] o.h.type.descriptor.sql.BasicExtractor   : extracted value ([id1_7_] : [BIGINT]) - [80]
2021-03-10 22:37:37.715 TRACE 20712 --- [    Test worker] o.h.type.descriptor.sql.BasicExtractor   : extracted value ([id1_7_] : [BIGINT]) - [81]
2021-03-10 22:37:37.715 TRACE 20712 --- [    Test worker] o.h.type.descriptor.sql.BasicExtractor   : extracted value ([id1_7_] : [BIGINT]) - [82]
2021-03-10 22:37:37.715 TRACE 20712 --- [    Test worker] o.h.type.descriptor.sql.BasicExtractor   : extracted value ([id1_7_] : [BIGINT]) - [83]
2021-03-10 22:37:37.715 TRACE 20712 --- [    Test worker] o.h.type.descriptor.sql.BasicExtractor   : extracted value ([id1_7_] : [BIGINT]) - [84]
2021-03-10 22:37:37.715 TRACE 20712 --- [    Test worker] o.h.type.descriptor.sql.BasicExtractor   : extracted value ([id1_7_] : [BIGINT]) - [85]
2021-03-10 22:37:37.715 TRACE 20712 --- [    Test worker] o.h.type.descriptor.sql.BasicExtractor   : extracted value ([id1_7_] : [BIGINT]) - [86]
2021-03-10 22:37:37.715 TRACE 20712 --- [    Test worker] o.h.type.descriptor.sql.BasicExtractor   : extracted value ([id1_7_] : [BIGINT]) - [87]
2021-03-10 22:37:37.715 TRACE 20712 --- [    Test worker] o.h.type.descriptor.sql.BasicExtractor   : extracted value ([id1_7_] : [BIGINT]) - [88]
2021-03-10 22:37:37.715 TRACE 20712 --- [    Test worker] o.h.type.descriptor.sql.BasicExtractor   : extracted value ([id1_7_] : [BIGINT]) - [89]
2021-03-10 22:37:37.715 TRACE 20712 --- [    Test worker] o.h.type.descriptor.sql.BasicExtractor   : extracted value ([id1_7_] : [BIGINT]) - [90]
2021-03-10 22:37:37.715 TRACE 20712 --- [    Test worker] o.h.type.descriptor.sql.BasicExtractor   : extracted value ([id1_7_] : [BIGINT]) - [91]
2021-03-10 22:37:37.715 TRACE 20712 --- [    Test worker] o.h.type.descriptor.sql.BasicExtractor   : extracted value ([id1_7_] : [BIGINT]) - [92]
2021-03-10 22:37:37.715 TRACE 20712 --- [    Test worker] o.h.type.descriptor.sql.BasicExtractor   : extracted value ([id1_7_] : [BIGINT]) - [93]
2021-03-10 22:37:37.715 TRACE 20712 --- [    Test worker] o.h.type.descriptor.sql.BasicExtractor   : extracted value ([id1_7_] : [BIGINT]) - [94]
2021-03-10 22:37:37.715 TRACE 20712 --- [    Test worker] o.h.type.descriptor.sql.BasicExtractor   : extracted value ([id1_7_] : [BIGINT]) - [95]
2021-03-10 22:37:37.715 TRACE 20712 --- [    Test worker] o.h.type.descriptor.sql.BasicExtractor   : extracted value ([id1_7_] : [BIGINT]) - [96]
2021-03-10 22:37:37.715 TRACE 20712 --- [    Test worker] o.h.type.descriptor.sql.BasicExtractor   : extracted value ([id1_7_] : [BIGINT]) - [97]
2021-03-10 22:37:37.715 TRACE 20712 --- [    Test worker] o.h.type.descriptor.sql.BasicExtractor   : extracted value ([id1_7_] : [BIGINT]) - [98]
2021-03-10 22:37:37.715 TRACE 20712 --- [    Test worker] o.h.type.descriptor.sql.BasicExtractor   : extracted value ([id1_7_] : [BIGINT]) - [99]
2021-03-10 22:37:37.715 TRACE 20712 --- [    Test worker] o.h.type.descriptor.sql.BasicExtractor   : extracted value ([id1_7_] : [BIGINT]) - [100]
2021-03-10 22:37:37.715 TRACE 20712 --- [    Test worker] o.h.type.descriptor.sql.BasicExtractor   : extracted value ([id1_7_] : [BIGINT]) - [101]
2021-03-10 22:37:37.715 TRACE 20712 --- [    Test worker] o.h.type.descriptor.sql.BasicExtractor   : extracted value ([id1_7_] : [BIGINT]) - [102]
2021-03-10 22:37:37.715 TRACE 20712 --- [    Test worker] o.h.type.descriptor.sql.BasicExtractor   : extracted value ([id1_7_] : [BIGINT]) - [103]
2021-03-10 22:37:37.715 TRACE 20712 --- [    Test worker] o.h.type.descriptor.sql.BasicExtractor   : extracted value ([id1_7_] : [BIGINT]) - [104]
2021-03-10 22:37:37.715 TRACE 20712 --- [    Test worker] o.h.type.descriptor.sql.BasicExtractor   : extracted value ([id1_7_] : [BIGINT]) - [105]
2021-03-10 22:37:37.715 TRACE 20712 --- [    Test worker] o.h.type.descriptor.sql.BasicExtractor   : extracted value ([id1_7_] : [BIGINT]) - [106]
2021-03-10 22:37:37.715 TRACE 20712 --- [    Test worker] o.h.type.descriptor.sql.BasicExtractor   : extracted value ([id1_7_] : [BIGINT]) - [107]
2021-03-10 22:37:37.715 TRACE 20712 --- [    Test worker] o.h.type.descriptor.sql.BasicExtractor   : extracted value ([id1_7_] : [BIGINT]) - [108]
2021-03-10 22:37:37.715 TRACE 20712 --- [    Test worker] o.h.type.descriptor.sql.BasicExtractor   : extracted value ([id1_7_] : [BIGINT]) - [109]
2021-03-10 22:37:37.715 TRACE 20712 --- [    Test worker] o.h.type.descriptor.sql.BasicExtractor   : extracted value ([id1_7_] : [BIGINT]) - [110]
2021-03-10 22:37:37.715 TRACE 20712 --- [    Test worker] o.h.type.descriptor.sql.BasicExtractor   : extracted value ([id1_7_] : [BIGINT]) - [111]
2021-03-10 22:37:37.715 TRACE 20712 --- [    Test worker] o.h.type.descriptor.sql.BasicExtractor   : extracted value ([id1_7_] : [BIGINT]) - [112]
2021-03-10 22:37:37.715 TRACE 20712 --- [    Test worker] o.h.type.descriptor.sql.BasicExtractor   : extracted value ([id1_7_] : [BIGINT]) - [113]
2021-03-10 22:37:37.715 TRACE 20712 --- [    Test worker] o.h.type.descriptor.sql.BasicExtractor   : extracted value ([id1_7_] : [BIGINT]) - [114]
2021-03-10 22:37:37.715 TRACE 20712 --- [    Test worker] o.h.type.descriptor.sql.BasicExtractor   : extracted value ([id1_7_] : [BIGINT]) - [115]
2021-03-10 22:37:37.715 TRACE 20712 --- [    Test worker] o.h.type.descriptor.sql.BasicExtractor   : extracted value ([id1_7_] : [BIGINT]) - [116]
2021-03-10 22:37:37.715 TRACE 20712 --- [    Test worker] o.h.type.descriptor.sql.BasicExtractor   : extracted value ([id1_7_] : [BIGINT]) - [117]
2021-03-10 22:37:37.715 TRACE 20712 --- [    Test worker] o.h.type.descriptor.sql.BasicExtractor   : extracted value ([id1_7_] : [BIGINT]) - [118]
2021-03-10 22:37:37.715 TRACE 20712 --- [    Test worker] o.h.type.descriptor.sql.BasicExtractor   : extracted value ([id1_7_] : [BIGINT]) - [119]
2021-03-10 22:37:37.715 TRACE 20712 --- [    Test worker] o.h.type.descriptor.sql.BasicExtractor   : extracted value ([id1_7_] : [BIGINT]) - [120]
2021-03-10 22:37:37.715 TRACE 20712 --- [    Test worker] o.h.type.descriptor.sql.BasicExtractor   : extracted value ([id1_7_] : [BIGINT]) - [121]
2021-03-10 22:37:37.715 TRACE 20712 --- [    Test worker] o.h.type.descriptor.sql.BasicExtractor   : extracted value ([id1_7_] : [BIGINT]) - [122]
2021-03-10 22:37:37.715 TRACE 20712 --- [    Test worker] o.h.type.descriptor.sql.BasicExtractor   : extracted value ([id1_7_] : [BIGINT]) - [123]
2021-03-10 22:37:37.715 TRACE 20712 --- [    Test worker] o.h.type.descriptor.sql.BasicExtractor   : extracted value ([id1_7_] : [BIGINT]) - [124]
2021-03-10 22:37:37.715 TRACE 20712 --- [    Test worker] o.h.type.descriptor.sql.BasicExtractor   : extracted value ([id1_7_] : [BIGINT]) - [125]
2021-03-10 22:37:37.715 TRACE 20712 --- [    Test worker] o.h.type.descriptor.sql.BasicExtractor   : extracted value ([id1_7_] : [BIGINT]) - [126]
2021-03-10 22:37:37.715 TRACE 20712 --- [    Test worker] o.h.type.descriptor.sql.BasicExtractor   : extracted value ([id1_7_] : [BIGINT]) - [127]
2021-03-10 22:37:37.715 TRACE 20712 --- [    Test worker] o.h.type.descriptor.sql.BasicExtractor   : extracted value ([id1_7_] : [BIGINT]) - [128]
2021-03-10 22:37:37.715 TRACE 20712 --- [    Test worker] o.h.type.descriptor.sql.BasicExtractor   : extracted value ([id1_7_] : [BIGINT]) - [129]
2021-03-10 22:37:37.715 TRACE 20712 --- [    Test worker] o.h.type.descriptor.sql.BasicExtractor   : extracted value ([id1_7_] : [BIGINT]) - [130]
2021-03-10 22:37:37.715 TRACE 20712 --- [    Test worker] o.h.type.descriptor.sql.BasicExtractor   : extracted value ([id1_7_] : [BIGINT]) - [131]
2021-03-10 22:37:37.715 TRACE 20712 --- [    Test worker] o.h.type.descriptor.sql.BasicExtractor   : extracted value ([id1_7_] : [BIGINT]) - [132]
2021-03-10 22:37:37.715 TRACE 20712 --- [    Test worker] o.h.type.descriptor.sql.BasicExtractor   : extracted value ([id1_7_] : [BIGINT]) - [133]
2021-03-10 22:37:37.715 TRACE 20712 --- [    Test worker] o.h.type.descriptor.sql.BasicExtractor   : extracted value ([id1_7_] : [BIGINT]) - [134]
2021-03-10 22:37:37.715 TRACE 20712 --- [    Test worker] o.h.type.descriptor.sql.BasicExtractor   : extracted value ([id1_7_] : [BIGINT]) - [135]
2021-03-10 22:37:37.715 TRACE 20712 --- [    Test worker] o.h.type.descriptor.sql.BasicExtractor   : extracted value ([id1_7_] : [BIGINT]) - [136]
2021-03-10 22:37:37.715 TRACE 20712 --- [    Test worker] o.h.type.descriptor.sql.BasicExtractor   : extracted value ([id1_7_] : [BIGINT]) - [137]
2021-03-10 22:37:37.715 TRACE 20712 --- [    Test worker] o.h.type.descriptor.sql.BasicExtractor   : extracted value ([id1_7_] : [BIGINT]) - [138]
2021-03-10 22:37:37.715 TRACE 20712 --- [    Test worker] o.h.type.descriptor.sql.BasicExtractor   : extracted value ([id1_7_] : [BIGINT]) - [139]
2021-03-10 22:37:37.715 TRACE 20712 --- [    Test worker] o.h.type.descriptor.sql.BasicExtractor   : extracted value ([id1_7_] : [BIGINT]) - [140]
2021-03-10 22:37:37.715 TRACE 20712 --- [    Test worker] o.h.type.descriptor.sql.BasicExtractor   : extracted value ([id1_7_] : [BIGINT]) - [141]
2021-03-10 22:37:37.715 TRACE 20712 --- [    Test worker] o.h.type.descriptor.sql.BasicExtractor   : extracted value ([id1_7_] : [BIGINT]) - [142]
2021-03-10 22:37:37.715 TRACE 20712 --- [    Test worker] o.h.type.descriptor.sql.BasicExtractor   : extracted value ([id1_7_] : [BIGINT]) - [143]
2021-03-10 22:37:37.715 TRACE 20712 --- [    Test worker] o.h.type.descriptor.sql.BasicExtractor   : extracted value ([id1_7_] : [BIGINT]) - [144]
2021-03-10 22:37:37.715 TRACE 20712 --- [    Test worker] o.h.type.descriptor.sql.BasicExtractor   : extracted value ([id1_7_] : [BIGINT]) - [145]
Hibernate: 
    select
        zone0_.id as id1_7_,
        zone0_.city as city2_7_,
        zone0_.local_name_of_city as local_na3_7_,
        zone0_.province as province4_7_ 
    from
        zone zone0_
2021-03-10 22:37:37.715 TRACE 20712 --- [    Test worker] o.h.type.descriptor.sql.BasicExtractor   : extracted value ([id1_7_] : [BIGINT]) - [61]
2021-03-10 22:37:37.715 TRACE 20712 --- [    Test worker] o.h.type.descriptor.sql.BasicExtractor   : extracted value ([id1_7_] : [BIGINT]) - [62]
2021-03-10 22:37:37.715 TRACE 20712 --- [    Test worker] o.h.type.descriptor.sql.BasicExtractor   : extracted value ([id1_7_] : [BIGINT]) - [63]
2021-03-10 22:37:37.715 TRACE 20712 --- [    Test worker] o.h.type.descriptor.sql.BasicExtractor   : extracted value ([id1_7_] : [BIGINT]) - [64]
2021-03-10 22:37:37.715 TRACE 20712 --- [    Test worker] o.h.type.descriptor.sql.BasicExtractor   : extracted value ([id1_7_] : [BIGINT]) - [65]
2021-03-10 22:37:37.715 TRACE 20712 --- [    Test worker] o.h.type.descriptor.sql.BasicExtractor   : extracted value ([id1_7_] : [BIGINT]) - [66]
2021-03-10 22:37:37.715 TRACE 20712 --- [    Test worker] o.h.type.descriptor.sql.BasicExtractor   : extracted value ([id1_7_] : [BIGINT]) - [67]
2021-03-10 22:37:37.715 TRACE 20712 --- [    Test worker] o.h.type.descriptor.sql.BasicExtractor   : extracted value ([id1_7_] : [BIGINT]) - [68]
2021-03-10 22:37:37.715 TRACE 20712 --- [    Test worker] o.h.type.descriptor.sql.BasicExtractor   : extracted value ([id1_7_] : [BIGINT]) - [69]
2021-03-10 22:37:37.715 TRACE 20712 --- [    Test worker] o.h.type.descriptor.sql.BasicExtractor   : extracted value ([id1_7_] : [BIGINT]) - [70]
2021-03-10 22:37:37.715 TRACE 20712 --- [    Test worker] o.h.type.descriptor.sql.BasicExtractor   : extracted value ([id1_7_] : [BIGINT]) - [71]
2021-03-10 22:37:37.715 TRACE 20712 --- [    Test worker] o.h.type.descriptor.sql.BasicExtractor   : extracted value ([id1_7_] : [BIGINT]) - [72]
2021-03-10 22:37:37.715 TRACE 20712 --- [    Test worker] o.h.type.descriptor.sql.BasicExtractor   : extracted value ([id1_7_] : [BIGINT]) - [73]
2021-03-10 22:37:37.715 TRACE 20712 --- [    Test worker] o.h.type.descriptor.sql.BasicExtractor   : extracted value ([id1_7_] : [BIGINT]) - [74]
2021-03-10 22:37:37.715 TRACE 20712 --- [    Test worker] o.h.type.descriptor.sql.BasicExtractor   : extracted value ([id1_7_] : [BIGINT]) - [75]
2021-03-10 22:37:37.715 TRACE 20712 --- [    Test worker] o.h.type.descriptor.sql.BasicExtractor   : extracted value ([id1_7_] : [BIGINT]) - [76]
2021-03-10 22:37:37.715 TRACE 20712 --- [    Test worker] o.h.type.descriptor.sql.BasicExtractor   : extracted value ([id1_7_] : [BIGINT]) - [77]
2021-03-10 22:37:37.715 TRACE 20712 --- [    Test worker] o.h.type.descriptor.sql.BasicExtractor   : extracted value ([id1_7_] : [BIGINT]) - [78]
2021-03-10 22:37:37.715 TRACE 20712 --- [    Test worker] o.h.type.descriptor.sql.BasicExtractor   : extracted value ([id1_7_] : [BIGINT]) - [79]
2021-03-10 22:37:37.715 TRACE 20712 --- [    Test worker] o.h.type.descriptor.sql.BasicExtractor   : extracted value ([id1_7_] : [BIGINT]) - [80]
2021-03-10 22:37:37.715 TRACE 20712 --- [    Test worker] o.h.type.descriptor.sql.BasicExtractor   : extracted value ([id1_7_] : [BIGINT]) - [81]
2021-03-10 22:37:37.715 TRACE 20712 --- [    Test worker] o.h.type.descriptor.sql.BasicExtractor   : extracted value ([id1_7_] : [BIGINT]) - [82]
2021-03-10 22:37:37.715 TRACE 20712 --- [    Test worker] o.h.type.descriptor.sql.BasicExtractor   : extracted value ([id1_7_] : [BIGINT]) - [83]
2021-03-10 22:37:37.715 TRACE 20712 --- [    Test worker] o.h.type.descriptor.sql.BasicExtractor   : extracted value ([id1_7_] : [BIGINT]) - [84]
2021-03-10 22:37:37.715 TRACE 20712 --- [    Test worker] o.h.type.descriptor.sql.BasicExtractor   : extracted value ([id1_7_] : [BIGINT]) - [85]
2021-03-10 22:37:37.715 TRACE 20712 --- [    Test worker] o.h.type.descriptor.sql.BasicExtractor   : extracted value ([id1_7_] : [BIGINT]) - [86]
2021-03-10 22:37:37.715 TRACE 20712 --- [    Test worker] o.h.type.descriptor.sql.BasicExtractor   : extracted value ([id1_7_] : [BIGINT]) - [87]
2021-03-10 22:37:37.715 TRACE 20712 --- [    Test worker] o.h.type.descriptor.sql.BasicExtractor   : extracted value ([id1_7_] : [BIGINT]) - [88]
2021-03-10 22:37:37.715 TRACE 20712 --- [    Test worker] o.h.type.descriptor.sql.BasicExtractor   : extracted value ([id1_7_] : [BIGINT]) - [89]
2021-03-10 22:37:37.715 TRACE 20712 --- [    Test worker] o.h.type.descriptor.sql.BasicExtractor   : extracted value ([id1_7_] : [BIGINT]) - [90]
2021-03-10 22:37:37.715 TRACE 20712 --- [    Test worker] o.h.type.descriptor.sql.BasicExtractor   : extracted value ([id1_7_] : [BIGINT]) - [91]
2021-03-10 22:37:37.715 TRACE 20712 --- [    Test worker] o.h.type.descriptor.sql.BasicExtractor   : extracted value ([id1_7_] : [BIGINT]) - [92]
2021-03-10 22:37:37.715 TRACE 20712 --- [    Test worker] o.h.type.descriptor.sql.BasicExtractor   : extracted value ([id1_7_] : [BIGINT]) - [93]
2021-03-10 22:37:37.715 TRACE 20712 --- [    Test worker] o.h.type.descriptor.sql.BasicExtractor   : extracted value ([id1_7_] : [BIGINT]) - [94]
2021-03-10 22:37:37.715 TRACE 20712 --- [    Test worker] o.h.type.descriptor.sql.BasicExtractor   : extracted value ([id1_7_] : [BIGINT]) - [95]
2021-03-10 22:37:37.715 TRACE 20712 --- [    Test worker] o.h.type.descriptor.sql.BasicExtractor   : extracted value ([id1_7_] : [BIGINT]) - [96]
2021-03-10 22:37:37.715 TRACE 20712 --- [    Test worker] o.h.type.descriptor.sql.BasicExtractor   : extracted value ([id1_7_] : [BIGINT]) - [97]
2021-03-10 22:37:37.715 TRACE 20712 --- [    Test worker] o.h.type.descriptor.sql.BasicExtractor   : extracted value ([id1_7_] : [BIGINT]) - [98]
2021-03-10 22:37:37.715 TRACE 20712 --- [    Test worker] o.h.type.descriptor.sql.BasicExtractor   : extracted value ([id1_7_] : [BIGINT]) - [99]
2021-03-10 22:37:37.715 TRACE 20712 --- [    Test worker] o.h.type.descriptor.sql.BasicExtractor   : extracted value ([id1_7_] : [BIGINT]) - [100]
2021-03-10 22:37:37.715 TRACE 20712 --- [    Test worker] o.h.type.descriptor.sql.BasicExtractor   : extracted value ([id1_7_] : [BIGINT]) - [101]
2021-03-10 22:37:37.715 TRACE 20712 --- [    Test worker] o.h.type.descriptor.sql.BasicExtractor   : extracted value ([id1_7_] : [BIGINT]) - [102]
2021-03-10 22:37:37.715 TRACE 20712 --- [    Test worker] o.h.type.descriptor.sql.BasicExtractor   : extracted value ([id1_7_] : [BIGINT]) - [103]
2021-03-10 22:37:37.715 TRACE 20712 --- [    Test worker] o.h.type.descriptor.sql.BasicExtractor   : extracted value ([id1_7_] : [BIGINT]) - [104]
2021-03-10 22:37:37.715 TRACE 20712 --- [    Test worker] o.h.type.descriptor.sql.BasicExtractor   : extracted value ([id1_7_] : [BIGINT]) - [105]
2021-03-10 22:37:37.715 TRACE 20712 --- [    Test worker] o.h.type.descriptor.sql.BasicExtractor   : extracted value ([id1_7_] : [BIGINT]) - [106]
2021-03-10 22:37:37.715 TRACE 20712 --- [    Test worker] o.h.type.descriptor.sql.BasicExtractor   : extracted value ([id1_7_] : [BIGINT]) - [107]
2021-03-10 22:37:37.715 TRACE 20712 --- [    Test worker] o.h.type.descriptor.sql.BasicExtractor   : extracted value ([id1_7_] : [BIGINT]) - [108]
2021-03-10 22:37:37.715 TRACE 20712 --- [    Test worker] o.h.type.descriptor.sql.BasicExtractor   : extracted value ([id1_7_] : [BIGINT]) - [109]
2021-03-10 22:37:37.715 TRACE 20712 --- [    Test worker] o.h.type.descriptor.sql.BasicExtractor   : extracted value ([id1_7_] : [BIGINT]) - [110]
2021-03-10 22:37:37.715 TRACE 20712 --- [    Test worker] o.h.type.descriptor.sql.BasicExtractor   : extracted value ([id1_7_] : [BIGINT]) - [111]
2021-03-10 22:37:37.715 TRACE 20712 --- [    Test worker] o.h.type.descriptor.sql.BasicExtractor   : extracted value ([id1_7_] : [BIGINT]) - [112]
2021-03-10 22:37:37.715 TRACE 20712 --- [    Test worker] o.h.type.descriptor.sql.BasicExtractor   : extracted value ([id1_7_] : [BIGINT]) - [113]
2021-03-10 22:37:37.715 TRACE 20712 --- [    Test worker] o.h.type.descriptor.sql.BasicExtractor   : extracted value ([id1_7_] : [BIGINT]) - [114]
2021-03-10 22:37:37.715 TRACE 20712 --- [    Test worker] o.h.type.descriptor.sql.BasicExtractor   : extracted value ([id1_7_] : [BIGINT]) - [115]
2021-03-10 22:37:37.715 TRACE 20712 --- [    Test worker] o.h.type.descriptor.sql.BasicExtractor   : extracted value ([id1_7_] : [BIGINT]) - [116]
2021-03-10 22:37:37.715 TRACE 20712 --- [    Test worker] o.h.type.descriptor.sql.BasicExtractor   : extracted value ([id1_7_] : [BIGINT]) - [117]
2021-03-10 22:37:37.715 TRACE 20712 --- [    Test worker] o.h.type.descriptor.sql.BasicExtractor   : extracted value ([id1_7_] : [BIGINT]) - [118]
2021-03-10 22:37:37.715 TRACE 20712 --- [    Test worker] o.h.type.descriptor.sql.BasicExtractor   : extracted value ([id1_7_] : [BIGINT]) - [119]
2021-03-10 22:37:37.715 TRACE 20712 --- [    Test worker] o.h.type.descriptor.sql.BasicExtractor   : extracted value ([id1_7_] : [BIGINT]) - [120]
2021-03-10 22:37:37.715 TRACE 20712 --- [    Test worker] o.h.type.descriptor.sql.BasicExtractor   : extracted value ([id1_7_] : [BIGINT]) - [121]
2021-03-10 22:37:37.715 TRACE 20712 --- [    Test worker] o.h.type.descriptor.sql.BasicExtractor   : extracted value ([id1_7_] : [BIGINT]) - [122]
2021-03-10 22:37:37.715 TRACE 20712 --- [    Test worker] o.h.type.descriptor.sql.BasicExtractor   : extracted value ([id1_7_] : [BIGINT]) - [123]
2021-03-10 22:37:37.715 TRACE 20712 --- [    Test worker] o.h.type.descriptor.sql.BasicExtractor   : extracted value ([id1_7_] : [BIGINT]) - [124]
2021-03-10 22:37:37.715 TRACE 20712 --- [    Test worker] o.h.type.descriptor.sql.BasicExtractor   : extracted value ([id1_7_] : [BIGINT]) - [125]
2021-03-10 22:37:37.715 TRACE 20712 --- [    Test worker] o.h.type.descriptor.sql.BasicExtractor   : extracted value ([id1_7_] : [BIGINT]) - [126]
2021-03-10 22:37:37.715 TRACE 20712 --- [    Test worker] o.h.type.descriptor.sql.BasicExtractor   : extracted value ([id1_7_] : [BIGINT]) - [127]
2021-03-10 22:37:37.715 TRACE 20712 --- [    Test worker] o.h.type.descriptor.sql.BasicExtractor   : extracted value ([id1_7_] : [BIGINT]) - [128]
2021-03-10 22:37:37.715 TRACE 20712 --- [    Test worker] o.h.type.descriptor.sql.BasicExtractor   : extracted value ([id1_7_] : [BIGINT]) - [129]
2021-03-10 22:37:37.715 TRACE 20712 --- [    Test worker] o.h.type.descriptor.sql.BasicExtractor   : extracted value ([id1_7_] : [BIGINT]) - [130]
2021-03-10 22:37:37.715 TRACE 20712 --- [    Test worker] o.h.type.descriptor.sql.BasicExtractor   : extracted value ([id1_7_] : [BIGINT]) - [131]
2021-03-10 22:37:37.715 TRACE 20712 --- [    Test worker] o.h.type.descriptor.sql.BasicExtractor   : extracted value ([id1_7_] : [BIGINT]) - [132]
2021-03-10 22:37:37.715 TRACE 20712 --- [    Test worker] o.h.type.descriptor.sql.BasicExtractor   : extracted value ([id1_7_] : [BIGINT]) - [133]
2021-03-10 22:37:37.715 TRACE 20712 --- [    Test worker] o.h.type.descriptor.sql.BasicExtractor   : extracted value ([id1_7_] : [BIGINT]) - [134]
2021-03-10 22:37:37.715 TRACE 20712 --- [    Test worker] o.h.type.descriptor.sql.BasicExtractor   : extracted value ([id1_7_] : [BIGINT]) - [135]
2021-03-10 22:37:37.715 TRACE 20712 --- [    Test worker] o.h.type.descriptor.sql.BasicExtractor   : extracted value ([id1_7_] : [BIGINT]) - [136]
2021-03-10 22:37:37.715 TRACE 20712 --- [    Test worker] o.h.type.descriptor.sql.BasicExtractor   : extracted value ([id1_7_] : [BIGINT]) - [137]
2021-03-10 22:37:37.715 TRACE 20712 --- [    Test worker] o.h.type.descriptor.sql.BasicExtractor   : extracted value ([id1_7_] : [BIGINT]) - [138]
2021-03-10 22:37:37.715 TRACE 20712 --- [    Test worker] o.h.type.descriptor.sql.BasicExtractor   : extracted value ([id1_7_] : [BIGINT]) - [139]
2021-03-10 22:37:37.715 TRACE 20712 --- [    Test worker] o.h.type.descriptor.sql.BasicExtractor   : extracted value ([id1_7_] : [BIGINT]) - [140]
2021-03-10 22:37:37.715 TRACE 20712 --- [    Test worker] o.h.type.descriptor.sql.BasicExtractor   : extracted value ([id1_7_] : [BIGINT]) - [141]
2021-03-10 22:37:37.715 TRACE 20712 --- [    Test worker] o.h.type.descriptor.sql.BasicExtractor   : extracted value ([id1_7_] : [BIGINT]) - [142]
2021-03-10 22:37:37.715 TRACE 20712 --- [    Test worker] o.h.type.descriptor.sql.BasicExtractor   : extracted value ([id1_7_] : [BIGINT]) - [143]
2021-03-10 22:37:37.715 TRACE 20712 --- [    Test worker] o.h.type.descriptor.sql.BasicExtractor   : extracted value ([id1_7_] : [BIGINT]) - [144]
2021-03-10 22:37:37.715 TRACE 20712 --- [    Test worker] o.h.type.descriptor.sql.BasicExtractor   : extracted value ([id1_7_] : [BIGINT]) - [145]
Hibernate: 
    select
        zone0_.id as id1_7_,
        zone0_.city as city2_7_,
        zone0_.local_name_of_city as local_na3_7_,
        zone0_.province as province4_7_ 
    from
        zone zone0_
2021-03-10 22:37:37.731 TRACE 20712 --- [    Test worker] o.h.type.descriptor.sql.BasicExtractor   : extracted value ([id1_7_] : [BIGINT]) - [61]
2021-03-10 22:37:37.731 TRACE 20712 --- [    Test worker] o.h.type.descriptor.sql.BasicExtractor   : extracted value ([id1_7_] : [BIGINT]) - [62]
2021-03-10 22:37:37.731 TRACE 20712 --- [    Test worker] o.h.type.descriptor.sql.BasicExtractor   : extracted value ([id1_7_] : [BIGINT]) - [63]
2021-03-10 22:37:37.731 TRACE 20712 --- [    Test worker] o.h.type.descriptor.sql.BasicExtractor   : extracted value ([id1_7_] : [BIGINT]) - [64]
2021-03-10 22:37:37.731 TRACE 20712 --- [    Test worker] o.h.type.descriptor.sql.BasicExtractor   : extracted value ([id1_7_] : [BIGINT]) - [65]
2021-03-10 22:37:37.731 TRACE 20712 --- [    Test worker] o.h.type.descriptor.sql.BasicExtractor   : extracted value ([id1_7_] : [BIGINT]) - [66]
2021-03-10 22:37:37.731 TRACE 20712 --- [    Test worker] o.h.type.descriptor.sql.BasicExtractor   : extracted value ([id1_7_] : [BIGINT]) - [67]
2021-03-10 22:37:37.731 TRACE 20712 --- [    Test worker] o.h.type.descriptor.sql.BasicExtractor   : extracted value ([id1_7_] : [BIGINT]) - [68]
2021-03-10 22:37:37.731 TRACE 20712 --- [    Test worker] o.h.type.descriptor.sql.BasicExtractor   : extracted value ([id1_7_] : [BIGINT]) - [69]
2021-03-10 22:37:37.731 TRACE 20712 --- [    Test worker] o.h.type.descriptor.sql.BasicExtractor   : extracted value ([id1_7_] : [BIGINT]) - [70]
2021-03-10 22:37:37.731 TRACE 20712 --- [    Test worker] o.h.type.descriptor.sql.BasicExtractor   : extracted value ([id1_7_] : [BIGINT]) - [71]
2021-03-10 22:37:37.731 TRACE 20712 --- [    Test worker] o.h.type.descriptor.sql.BasicExtractor   : extracted value ([id1_7_] : [BIGINT]) - [72]
2021-03-10 22:37:37.731 TRACE 20712 --- [    Test worker] o.h.type.descriptor.sql.BasicExtractor   : extracted value ([id1_7_] : [BIGINT]) - [73]
2021-03-10 22:37:37.731 TRACE 20712 --- [    Test worker] o.h.type.descriptor.sql.BasicExtractor   : extracted value ([id1_7_] : [BIGINT]) - [74]
2021-03-10 22:37:37.731 TRACE 20712 --- [    Test worker] o.h.type.descriptor.sql.BasicExtractor   : extracted value ([id1_7_] : [BIGINT]) - [75]
2021-03-10 22:37:37.731 TRACE 20712 --- [    Test worker] o.h.type.descriptor.sql.BasicExtractor   : extracted value ([id1_7_] : [BIGINT]) - [76]
2021-03-10 22:37:37.731 TRACE 20712 --- [    Test worker] o.h.type.descriptor.sql.BasicExtractor   : extracted value ([id1_7_] : [BIGINT]) - [77]
2021-03-10 22:37:37.731 TRACE 20712 --- [    Test worker] o.h.type.descriptor.sql.BasicExtractor   : extracted value ([id1_7_] : [BIGINT]) - [78]
2021-03-10 22:37:37.731 TRACE 20712 --- [    Test worker] o.h.type.descriptor.sql.BasicExtractor   : extracted value ([id1_7_] : [BIGINT]) - [79]
2021-03-10 22:37:37.731 TRACE 20712 --- [    Test worker] o.h.type.descriptor.sql.BasicExtractor   : extracted value ([id1_7_] : [BIGINT]) - [80]
2021-03-10 22:37:37.731 TRACE 20712 --- [    Test worker] o.h.type.descriptor.sql.BasicExtractor   : extracted value ([id1_7_] : [BIGINT]) - [81]
2021-03-10 22:37:37.731 TRACE 20712 --- [    Test worker] o.h.type.descriptor.sql.BasicExtractor   : extracted value ([id1_7_] : [BIGINT]) - [82]
2021-03-10 22:37:37.731 TRACE 20712 --- [    Test worker] o.h.type.descriptor.sql.BasicExtractor   : extracted value ([id1_7_] : [BIGINT]) - [83]
2021-03-10 22:37:37.731 TRACE 20712 --- [    Test worker] o.h.type.descriptor.sql.BasicExtractor   : extracted value ([id1_7_] : [BIGINT]) - [84]
2021-03-10 22:37:37.731 TRACE 20712 --- [    Test worker] o.h.type.descriptor.sql.BasicExtractor   : extracted value ([id1_7_] : [BIGINT]) - [85]
2021-03-10 22:37:37.731 TRACE 20712 --- [    Test worker] o.h.type.descriptor.sql.BasicExtractor   : extracted value ([id1_7_] : [BIGINT]) - [86]
2021-03-10 22:37:37.731 TRACE 20712 --- [    Test worker] o.h.type.descriptor.sql.BasicExtractor   : extracted value ([id1_7_] : [BIGINT]) - [87]
2021-03-10 22:37:37.731 TRACE 20712 --- [    Test worker] o.h.type.descriptor.sql.BasicExtractor   : extracted value ([id1_7_] : [BIGINT]) - [88]
2021-03-10 22:37:37.731 TRACE 20712 --- [    Test worker] o.h.type.descriptor.sql.BasicExtractor   : extracted value ([id1_7_] : [BIGINT]) - [89]
2021-03-10 22:37:37.731 TRACE 20712 --- [    Test worker] o.h.type.descriptor.sql.BasicExtractor   : extracted value ([id1_7_] : [BIGINT]) - [90]
2021-03-10 22:37:37.731 TRACE 20712 --- [    Test worker] o.h.type.descriptor.sql.BasicExtractor   : extracted value ([id1_7_] : [BIGINT]) - [91]
2021-03-10 22:37:37.731 TRACE 20712 --- [    Test worker] o.h.type.descriptor.sql.BasicExtractor   : extracted value ([id1_7_] : [BIGINT]) - [92]
2021-03-10 22:37:37.731 TRACE 20712 --- [    Test worker] o.h.type.descriptor.sql.BasicExtractor   : extracted value ([id1_7_] : [BIGINT]) - [93]
2021-03-10 22:37:37.731 TRACE 20712 --- [    Test worker] o.h.type.descriptor.sql.BasicExtractor   : extracted value ([id1_7_] : [BIGINT]) - [94]
2021-03-10 22:37:37.731 TRACE 20712 --- [    Test worker] o.h.type.descriptor.sql.BasicExtractor   : extracted value ([id1_7_] : [BIGINT]) - [95]
2021-03-10 22:37:37.731 TRACE 20712 --- [    Test worker] o.h.type.descriptor.sql.BasicExtractor   : extracted value ([id1_7_] : [BIGINT]) - [96]
2021-03-10 22:37:37.731 TRACE 20712 --- [    Test worker] o.h.type.descriptor.sql.BasicExtractor   : extracted value ([id1_7_] : [BIGINT]) - [97]
2021-03-10 22:37:37.731 TRACE 20712 --- [    Test worker] o.h.type.descriptor.sql.BasicExtractor   : extracted value ([id1_7_] : [BIGINT]) - [98]
2021-03-10 22:37:37.731 TRACE 20712 --- [    Test worker] o.h.type.descriptor.sql.BasicExtractor   : extracted value ([id1_7_] : [BIGINT]) - [99]
2021-03-10 22:37:37.731 TRACE 20712 --- [    Test worker] o.h.type.descriptor.sql.BasicExtractor   : extracted value ([id1_7_] : [BIGINT]) - [100]
2021-03-10 22:37:37.731 TRACE 20712 --- [    Test worker] o.h.type.descriptor.sql.BasicExtractor   : extracted value ([id1_7_] : [BIGINT]) - [101]
2021-03-10 22:37:37.731 TRACE 20712 --- [    Test worker] o.h.type.descriptor.sql.BasicExtractor   : extracted value ([id1_7_] : [BIGINT]) - [102]
2021-03-10 22:37:37.731 TRACE 20712 --- [    Test worker] o.h.type.descriptor.sql.BasicExtractor   : extracted value ([id1_7_] : [BIGINT]) - [103]
2021-03-10 22:37:37.731 TRACE 20712 --- [    Test worker] o.h.type.descriptor.sql.BasicExtractor   : extracted value ([id1_7_] : [BIGINT]) - [104]
2021-03-10 22:37:37.731 TRACE 20712 --- [    Test worker] o.h.type.descriptor.sql.BasicExtractor   : extracted value ([id1_7_] : [BIGINT]) - [105]
2021-03-10 22:37:37.731 TRACE 20712 --- [    Test worker] o.h.type.descriptor.sql.BasicExtractor   : extracted value ([id1_7_] : [BIGINT]) - [106]
2021-03-10 22:37:37.731 TRACE 20712 --- [    Test worker] o.h.type.descriptor.sql.BasicExtractor   : extracted value ([id1_7_] : [BIGINT]) - [107]
2021-03-10 22:37:37.731 TRACE 20712 --- [    Test worker] o.h.type.descriptor.sql.BasicExtractor   : extracted value ([id1_7_] : [BIGINT]) - [108]
2021-03-10 22:37:37.731 TRACE 20712 --- [    Test worker] o.h.type.descriptor.sql.BasicExtractor   : extracted value ([id1_7_] : [BIGINT]) - [109]
2021-03-10 22:37:37.731 TRACE 20712 --- [    Test worker] o.h.type.descriptor.sql.BasicExtractor   : extracted value ([id1_7_] : [BIGINT]) - [110]
2021-03-10 22:37:37.731 TRACE 20712 --- [    Test worker] o.h.type.descriptor.sql.BasicExtractor   : extracted value ([id1_7_] : [BIGINT]) - [111]
2021-03-10 22:37:37.731 TRACE 20712 --- [    Test worker] o.h.type.descriptor.sql.BasicExtractor   : extracted value ([id1_7_] : [BIGINT]) - [112]
2021-03-10 22:37:37.731 TRACE 20712 --- [    Test worker] o.h.type.descriptor.sql.BasicExtractor   : extracted value ([id1_7_] : [BIGINT]) - [113]
2021-03-10 22:37:37.731 TRACE 20712 --- [    Test worker] o.h.type.descriptor.sql.BasicExtractor   : extracted value ([id1_7_] : [BIGINT]) - [114]
2021-03-10 22:37:37.731 TRACE 20712 --- [    Test worker] o.h.type.descriptor.sql.BasicExtractor   : extracted value ([id1_7_] : [BIGINT]) - [115]
2021-03-10 22:37:37.731 TRACE 20712 --- [    Test worker] o.h.type.descriptor.sql.BasicExtractor   : extracted value ([id1_7_] : [BIGINT]) - [116]
2021-03-10 22:37:37.731 TRACE 20712 --- [    Test worker] o.h.type.descriptor.sql.BasicExtractor   : extracted value ([id1_7_] : [BIGINT]) - [117]
2021-03-10 22:37:37.731 TRACE 20712 --- [    Test worker] o.h.type.descriptor.sql.BasicExtractor   : extracted value ([id1_7_] : [BIGINT]) - [118]
2021-03-10 22:37:37.731 TRACE 20712 --- [    Test worker] o.h.type.descriptor.sql.BasicExtractor   : extracted value ([id1_7_] : [BIGINT]) - [119]
2021-03-10 22:37:37.731 TRACE 20712 --- [    Test worker] o.h.type.descriptor.sql.BasicExtractor   : extracted value ([id1_7_] : [BIGINT]) - [120]
2021-03-10 22:37:37.731 TRACE 20712 --- [    Test worker] o.h.type.descriptor.sql.BasicExtractor   : extracted value ([id1_7_] : [BIGINT]) - [121]
2021-03-10 22:37:37.731 TRACE 20712 --- [    Test worker] o.h.type.descriptor.sql.BasicExtractor   : extracted value ([id1_7_] : [BIGINT]) - [122]
2021-03-10 22:37:37.731 TRACE 20712 --- [    Test worker] o.h.type.descriptor.sql.BasicExtractor   : extracted value ([id1_7_] : [BIGINT]) - [123]
2021-03-10 22:37:37.731 TRACE 20712 --- [    Test worker] o.h.type.descriptor.sql.BasicExtractor   : extracted value ([id1_7_] : [BIGINT]) - [124]
2021-03-10 22:37:37.731 TRACE 20712 --- [    Test worker] o.h.type.descriptor.sql.BasicExtractor   : extracted value ([id1_7_] : [BIGINT]) - [125]
2021-03-10 22:37:37.731 TRACE 20712 --- [    Test worker] o.h.type.descriptor.sql.BasicExtractor   : extracted value ([id1_7_] : [BIGINT]) - [126]
2021-03-10 22:37:37.731 TRACE 20712 --- [    Test worker] o.h.type.descriptor.sql.BasicExtractor   : extracted value ([id1_7_] : [BIGINT]) - [127]
2021-03-10 22:37:37.731 TRACE 20712 --- [    Test worker] o.h.type.descriptor.sql.BasicExtractor   : extracted value ([id1_7_] : [BIGINT]) - [128]
2021-03-10 22:37:37.731 TRACE 20712 --- [    Test worker] o.h.type.descriptor.sql.BasicExtractor   : extracted value ([id1_7_] : [BIGINT]) - [129]
2021-03-10 22:37:37.731 TRACE 20712 --- [    Test worker] o.h.type.descriptor.sql.BasicExtractor   : extracted value ([id1_7_] : [BIGINT]) - [130]
2021-03-10 22:37:37.731 TRACE 20712 --- [    Test worker] o.h.type.descriptor.sql.BasicExtractor   : extracted value ([id1_7_] : [BIGINT]) - [131]
2021-03-10 22:37:37.731 TRACE 20712 --- [    Test worker] o.h.type.descriptor.sql.BasicExtractor   : extracted value ([id1_7_] : [BIGINT]) - [132]
2021-03-10 22:37:37.731 TRACE 20712 --- [    Test worker] o.h.type.descriptor.sql.BasicExtractor   : extracted value ([id1_7_] : [BIGINT]) - [133]
2021-03-10 22:37:37.731 TRACE 20712 --- [    Test worker] o.h.type.descriptor.sql.BasicExtractor   : extracted value ([id1_7_] : [BIGINT]) - [134]
2021-03-10 22:37:37.731 TRACE 20712 --- [    Test worker] o.h.type.descriptor.sql.BasicExtractor   : extracted value ([id1_7_] : [BIGINT]) - [135]
2021-03-10 22:37:37.731 TRACE 20712 --- [    Test worker] o.h.type.descriptor.sql.BasicExtractor   : extracted value ([id1_7_] : [BIGINT]) - [136]
2021-03-10 22:37:37.731 TRACE 20712 --- [    Test worker] o.h.type.descriptor.sql.BasicExtractor   : extracted value ([id1_7_] : [BIGINT]) - [137]
2021-03-10 22:37:37.731 TRACE 20712 --- [    Test worker] o.h.type.descriptor.sql.BasicExtractor   : extracted value ([id1_7_] : [BIGINT]) - [138]
2021-03-10 22:37:37.731 TRACE 20712 --- [    Test worker] o.h.type.descriptor.sql.BasicExtractor   : extracted value ([id1_7_] : [BIGINT]) - [139]
2021-03-10 22:37:37.731 TRACE 20712 --- [    Test worker] o.h.type.descriptor.sql.BasicExtractor   : extracted value ([id1_7_] : [BIGINT]) - [140]
2021-03-10 22:37:37.731 TRACE 20712 --- [    Test worker] o.h.type.descriptor.sql.BasicExtractor   : extracted value ([id1_7_] : [BIGINT]) - [141]
2021-03-10 22:37:37.731 TRACE 20712 --- [    Test worker] o.h.type.descriptor.sql.BasicExtractor   : extracted value ([id1_7_] : [BIGINT]) - [142]
2021-03-10 22:37:37.731 TRACE 20712 --- [    Test worker] o.h.type.descriptor.sql.BasicExtractor   : extracted value ([id1_7_] : [BIGINT]) - [143]
2021-03-10 22:37:37.731 TRACE 20712 --- [    Test worker] o.h.type.descriptor.sql.BasicExtractor   : extracted value ([id1_7_] : [BIGINT]) - [144]
2021-03-10 22:37:37.731 TRACE 20712 --- [    Test worker] o.h.type.descriptor.sql.BasicExtractor   : extracted value ([id1_7_] : [BIGINT]) - [145]
Hibernate: 
    select
        zone0_.id as id1_7_,
        zone0_.city as city2_7_,
        zone0_.local_name_of_city as local_na3_7_,
        zone0_.province as province4_7_ 
    from
        zone zone0_
2021-03-10 22:37:37.731 TRACE 20712 --- [    Test worker] o.h.type.descriptor.sql.BasicExtractor   : extracted value ([id1_7_] : [BIGINT]) - [61]
2021-03-10 22:37:37.731 TRACE 20712 --- [    Test worker] o.h.type.descriptor.sql.BasicExtractor   : extracted value ([id1_7_] : [BIGINT]) - [62]
2021-03-10 22:37:37.731 TRACE 20712 --- [    Test worker] o.h.type.descriptor.sql.BasicExtractor   : extracted value ([id1_7_] : [BIGINT]) - [63]
2021-03-10 22:37:37.731 TRACE 20712 --- [    Test worker] o.h.type.descriptor.sql.BasicExtractor   : extracted value ([id1_7_] : [BIGINT]) - [64]
2021-03-10 22:37:37.731 TRACE 20712 --- [    Test worker] o.h.type.descriptor.sql.BasicExtractor   : extracted value ([id1_7_] : [BIGINT]) - [65]
2021-03-10 22:37:37.731 TRACE 20712 --- [    Test worker] o.h.type.descriptor.sql.BasicExtractor   : extracted value ([id1_7_] : [BIGINT]) - [66]
2021-03-10 22:37:37.731 TRACE 20712 --- [    Test worker] o.h.type.descriptor.sql.BasicExtractor   : extracted value ([id1_7_] : [BIGINT]) - [67]
2021-03-10 22:37:37.731 TRACE 20712 --- [    Test worker] o.h.type.descriptor.sql.BasicExtractor   : extracted value ([id1_7_] : [BIGINT]) - [68]
2021-03-10 22:37:37.731 TRACE 20712 --- [    Test worker] o.h.type.descriptor.sql.BasicExtractor   : extracted value ([id1_7_] : [BIGINT]) - [69]
2021-03-10 22:37:37.731 TRACE 20712 --- [    Test worker] o.h.type.descriptor.sql.BasicExtractor   : extracted value ([id1_7_] : [BIGINT]) - [70]
2021-03-10 22:37:37.731 TRACE 20712 --- [    Test worker] o.h.type.descriptor.sql.BasicExtractor   : extracted value ([id1_7_] : [BIGINT]) - [71]
2021-03-10 22:37:37.731 TRACE 20712 --- [    Test worker] o.h.type.descriptor.sql.BasicExtractor   : extracted value ([id1_7_] : [BIGINT]) - [72]
2021-03-10 22:37:37.731 TRACE 20712 --- [    Test worker] o.h.type.descriptor.sql.BasicExtractor   : extracted value ([id1_7_] : [BIGINT]) - [73]
2021-03-10 22:37:37.731 TRACE 20712 --- [    Test worker] o.h.type.descriptor.sql.BasicExtractor   : extracted value ([id1_7_] : [BIGINT]) - [74]
2021-03-10 22:37:37.731 TRACE 20712 --- [    Test worker] o.h.type.descriptor.sql.BasicExtractor   : extracted value ([id1_7_] : [BIGINT]) - [75]
2021-03-10 22:37:37.731 TRACE 20712 --- [    Test worker] o.h.type.descriptor.sql.BasicExtractor   : extracted value ([id1_7_] : [BIGINT]) - [76]
2021-03-10 22:37:37.731 TRACE 20712 --- [    Test worker] o.h.type.descriptor.sql.BasicExtractor   : extracted value ([id1_7_] : [BIGINT]) - [77]
2021-03-10 22:37:37.731 TRACE 20712 --- [    Test worker] o.h.type.descriptor.sql.BasicExtractor   : extracted value ([id1_7_] : [BIGINT]) - [78]
2021-03-10 22:37:37.731 TRACE 20712 --- [    Test worker] o.h.type.descriptor.sql.BasicExtractor   : extracted value ([id1_7_] : [BIGINT]) - [79]
2021-03-10 22:37:37.731 TRACE 20712 --- [    Test worker] o.h.type.descriptor.sql.BasicExtractor   : extracted value ([id1_7_] : [BIGINT]) - [80]
2021-03-10 22:37:37.731 TRACE 20712 --- [    Test worker] o.h.type.descriptor.sql.BasicExtractor   : extracted value ([id1_7_] : [BIGINT]) - [81]
2021-03-10 22:37:37.731 TRACE 20712 --- [    Test worker] o.h.type.descriptor.sql.BasicExtractor   : extracted value ([id1_7_] : [BIGINT]) - [82]
2021-03-10 22:37:37.731 TRACE 20712 --- [    Test worker] o.h.type.descriptor.sql.BasicExtractor   : extracted value ([id1_7_] : [BIGINT]) - [83]
2021-03-10 22:37:37.731 TRACE 20712 --- [    Test worker] o.h.type.descriptor.sql.BasicExtractor   : extracted value ([id1_7_] : [BIGINT]) - [84]
2021-03-10 22:37:37.731 TRACE 20712 --- [    Test worker] o.h.type.descriptor.sql.BasicExtractor   : extracted value ([id1_7_] : [BIGINT]) - [85]
2021-03-10 22:37:37.731 TRACE 20712 --- [    Test worker] o.h.type.descriptor.sql.BasicExtractor   : extracted value ([id1_7_] : [BIGINT]) - [86]
2021-03-10 22:37:37.731 TRACE 20712 --- [    Test worker] o.h.type.descriptor.sql.BasicExtractor   : extracted value ([id1_7_] : [BIGINT]) - [87]
2021-03-10 22:37:37.731 TRACE 20712 --- [    Test worker] o.h.type.descriptor.sql.BasicExtractor   : extracted value ([id1_7_] : [BIGINT]) - [88]
2021-03-10 22:37:37.731 TRACE 20712 --- [    Test worker] o.h.type.descriptor.sql.BasicExtractor   : extracted value ([id1_7_] : [BIGINT]) - [89]
2021-03-10 22:37:37.731 TRACE 20712 --- [    Test worker] o.h.type.descriptor.sql.BasicExtractor   : extracted value ([id1_7_] : [BIGINT]) - [90]
2021-03-10 22:37:37.731 TRACE 20712 --- [    Test worker] o.h.type.descriptor.sql.BasicExtractor   : extracted value ([id1_7_] : [BIGINT]) - [91]
2021-03-10 22:37:37.731 TRACE 20712 --- [    Test worker] o.h.type.descriptor.sql.BasicExtractor   : extracted value ([id1_7_] : [BIGINT]) - [92]
2021-03-10 22:37:37.731 TRACE 20712 --- [    Test worker] o.h.type.descriptor.sql.BasicExtractor   : extracted value ([id1_7_] : [BIGINT]) - [93]
2021-03-10 22:37:37.731 TRACE 20712 --- [    Test worker] o.h.type.descriptor.sql.BasicExtractor   : extracted value ([id1_7_] : [BIGINT]) - [94]
2021-03-10 22:37:37.731 TRACE 20712 --- [    Test worker] o.h.type.descriptor.sql.BasicExtractor   : extracted value ([id1_7_] : [BIGINT]) - [95]
2021-03-10 22:37:37.731 TRACE 20712 --- [    Test worker] o.h.type.descriptor.sql.BasicExtractor   : extracted value ([id1_7_] : [BIGINT]) - [96]
2021-03-10 22:37:37.731 TRACE 20712 --- [    Test worker] o.h.type.descriptor.sql.BasicExtractor   : extracted value ([id1_7_] : [BIGINT]) - [97]
2021-03-10 22:37:37.731 TRACE 20712 --- [    Test worker] o.h.type.descriptor.sql.BasicExtractor   : extracted value ([id1_7_] : [BIGINT]) - [98]
2021-03-10 22:37:37.731 TRACE 20712 --- [    Test worker] o.h.type.descriptor.sql.BasicExtractor   : extracted value ([id1_7_] : [BIGINT]) - [99]
2021-03-10 22:37:37.731 TRACE 20712 --- [    Test worker] o.h.type.descriptor.sql.BasicExtractor   : extracted value ([id1_7_] : [BIGINT]) - [100]
2021-03-10 22:37:37.731 TRACE 20712 --- [    Test worker] o.h.type.descriptor.sql.BasicExtractor   : extracted value ([id1_7_] : [BIGINT]) - [101]
2021-03-10 22:37:37.731 TRACE 20712 --- [    Test worker] o.h.type.descriptor.sql.BasicExtractor   : extracted value ([id1_7_] : [BIGINT]) - [102]
2021-03-10 22:37:37.731 TRACE 20712 --- [    Test worker] o.h.type.descriptor.sql.BasicExtractor   : extracted value ([id1_7_] : [BIGINT]) - [103]
2021-03-10 22:37:37.731 TRACE 20712 --- [    Test worker] o.h.type.descriptor.sql.BasicExtractor   : extracted value ([id1_7_] : [BIGINT]) - [104]
2021-03-10 22:37:37.731 TRACE 20712 --- [    Test worker] o.h.type.descriptor.sql.BasicExtractor   : extracted value ([id1_7_] : [BIGINT]) - [105]
2021-03-10 22:37:37.731 TRACE 20712 --- [    Test worker] o.h.type.descriptor.sql.BasicExtractor   : extracted value ([id1_7_] : [BIGINT]) - [106]
2021-03-10 22:37:37.731 TRACE 20712 --- [    Test worker] o.h.type.descriptor.sql.BasicExtractor   : extracted value ([id1_7_] : [BIGINT]) - [107]
2021-03-10 22:37:37.731 TRACE 20712 --- [    Test worker] o.h.type.descriptor.sql.BasicExtractor   : extracted value ([id1_7_] : [BIGINT]) - [108]
2021-03-10 22:37:37.731 TRACE 20712 --- [    Test worker] o.h.type.descriptor.sql.BasicExtractor   : extracted value ([id1_7_] : [BIGINT]) - [109]
2021-03-10 22:37:37.731 TRACE 20712 --- [    Test worker] o.h.type.descriptor.sql.BasicExtractor   : extracted value ([id1_7_] : [BIGINT]) - [110]
2021-03-10 22:37:37.731 TRACE 20712 --- [    Test worker] o.h.type.descriptor.sql.BasicExtractor   : extracted value ([id1_7_] : [BIGINT]) - [111]
2021-03-10 22:37:37.731 TRACE 20712 --- [    Test worker] o.h.type.descriptor.sql.BasicExtractor   : extracted value ([id1_7_] : [BIGINT]) - [112]
2021-03-10 22:37:37.731 TRACE 20712 --- [    Test worker] o.h.type.descriptor.sql.BasicExtractor   : extracted value ([id1_7_] : [BIGINT]) - [113]
2021-03-10 22:37:37.731 TRACE 20712 --- [    Test worker] o.h.type.descriptor.sql.BasicExtractor   : extracted value ([id1_7_] : [BIGINT]) - [114]
2021-03-10 22:37:37.731 TRACE 20712 --- [    Test worker] o.h.type.descriptor.sql.BasicExtractor   : extracted value ([id1_7_] : [BIGINT]) - [115]
2021-03-10 22:37:37.731 TRACE 20712 --- [    Test worker] o.h.type.descriptor.sql.BasicExtractor   : extracted value ([id1_7_] : [BIGINT]) - [116]
2021-03-10 22:37:37.731 TRACE 20712 --- [    Test worker] o.h.type.descriptor.sql.BasicExtractor   : extracted value ([id1_7_] : [BIGINT]) - [117]
2021-03-10 22:37:37.731 TRACE 20712 --- [    Test worker] o.h.type.descriptor.sql.BasicExtractor   : extracted value ([id1_7_] : [BIGINT]) - [118]
2021-03-10 22:37:37.731 TRACE 20712 --- [    Test worker] o.h.type.descriptor.sql.BasicExtractor   : extracted value ([id1_7_] : [BIGINT]) - [119]
2021-03-10 22:37:37.731 TRACE 20712 --- [    Test worker] o.h.type.descriptor.sql.BasicExtractor   : extracted value ([id1_7_] : [BIGINT]) - [120]
2021-03-10 22:37:37.731 TRACE 20712 --- [    Test worker] o.h.type.descriptor.sql.BasicExtractor   : extracted value ([id1_7_] : [BIGINT]) - [121]
2021-03-10 22:37:37.731 TRACE 20712 --- [    Test worker] o.h.type.descriptor.sql.BasicExtractor   : extracted value ([id1_7_] : [BIGINT]) - [122]
2021-03-10 22:37:37.731 TRACE 20712 --- [    Test worker] o.h.type.descriptor.sql.BasicExtractor   : extracted value ([id1_7_] : [BIGINT]) - [123]
2021-03-10 22:37:37.731 TRACE 20712 --- [    Test worker] o.h.type.descriptor.sql.BasicExtractor   : extracted value ([id1_7_] : [BIGINT]) - [124]
2021-03-10 22:37:37.731 TRACE 20712 --- [    Test worker] o.h.type.descriptor.sql.BasicExtractor   : extracted value ([id1_7_] : [BIGINT]) - [125]
2021-03-10 22:37:37.731 TRACE 20712 --- [    Test worker] o.h.type.descriptor.sql.BasicExtractor   : extracted value ([id1_7_] : [BIGINT]) - [126]
2021-03-10 22:37:37.731 TRACE 20712 --- [    Test worker] o.h.type.descriptor.sql.BasicExtractor   : extracted value ([id1_7_] : [BIGINT]) - [127]
2021-03-10 22:37:37.731 TRACE 20712 --- [    Test worker] o.h.type.descriptor.sql.BasicExtractor   : extracted value ([id1_7_] : [BIGINT]) - [128]
2021-03-10 22:37:37.731 TRACE 20712 --- [    Test worker] o.h.type.descriptor.sql.BasicExtractor   : extracted value ([id1_7_] : [BIGINT]) - [129]
2021-03-10 22:37:37.731 TRACE 20712 --- [    Test worker] o.h.type.descriptor.sql.BasicExtractor   : extracted value ([id1_7_] : [BIGINT]) - [130]
2021-03-10 22:37:37.731 TRACE 20712 --- [    Test worker] o.h.type.descriptor.sql.BasicExtractor   : extracted value ([id1_7_] : [BIGINT]) - [131]
2021-03-10 22:37:37.731 TRACE 20712 --- [    Test worker] o.h.type.descriptor.sql.BasicExtractor   : extracted value ([id1_7_] : [BIGINT]) - [132]
2021-03-10 22:37:37.731 TRACE 20712 --- [    Test worker] o.h.type.descriptor.sql.BasicExtractor   : extracted value ([id1_7_] : [BIGINT]) - [133]
2021-03-10 22:37:37.731 TRACE 20712 --- [    Test worker] o.h.type.descriptor.sql.BasicExtractor   : extracted value ([id1_7_] : [BIGINT]) - [134]
2021-03-10 22:37:37.731 TRACE 20712 --- [    Test worker] o.h.type.descriptor.sql.BasicExtractor   : extracted value ([id1_7_] : [BIGINT]) - [135]
2021-03-10 22:37:37.731 TRACE 20712 --- [    Test worker] o.h.type.descriptor.sql.BasicExtractor   : extracted value ([id1_7_] : [BIGINT]) - [136]
2021-03-10 22:37:37.731 TRACE 20712 --- [    Test worker] o.h.type.descriptor.sql.BasicExtractor   : extracted value ([id1_7_] : [BIGINT]) - [137]
2021-03-10 22:37:37.731 TRACE 20712 --- [    Test worker] o.h.type.descriptor.sql.BasicExtractor   : extracted value ([id1_7_] : [BIGINT]) - [138]
2021-03-10 22:37:37.731 TRACE 20712 --- [    Test worker] o.h.type.descriptor.sql.BasicExtractor   : extracted value ([id1_7_] : [BIGINT]) - [139]
2021-03-10 22:37:37.731 TRACE 20712 --- [    Test worker] o.h.type.descriptor.sql.BasicExtractor   : extracted value ([id1_7_] : [BIGINT]) - [140]
2021-03-10 22:37:37.731 TRACE 20712 --- [    Test worker] o.h.type.descriptor.sql.BasicExtractor   : extracted value ([id1_7_] : [BIGINT]) - [141]
2021-03-10 22:37:37.731 TRACE 20712 --- [    Test worker] o.h.type.descriptor.sql.BasicExtractor   : extracted value ([id1_7_] : [BIGINT]) - [142]
2021-03-10 22:37:37.731 TRACE 20712 --- [    Test worker] o.h.type.descriptor.sql.BasicExtractor   : extracted value ([id1_7_] : [BIGINT]) - [143]
2021-03-10 22:37:37.731 TRACE 20712 --- [    Test worker] o.h.type.descriptor.sql.BasicExtractor   : extracted value ([id1_7_] : [BIGINT]) - [144]
2021-03-10 22:37:37.731 TRACE 20712 --- [    Test worker] o.h.type.descriptor.sql.BasicExtractor   : extracted value ([id1_7_] : [BIGINT]) - [145]
Hibernate: 
    select
        zone0_.id as id1_7_,
        zone0_.city as city2_7_,
        zone0_.local_name_of_city as local_na3_7_,
        zone0_.province as province4_7_ 
    from
        zone zone0_
2021-03-10 22:37:37.731 TRACE 20712 --- [    Test worker] o.h.type.descriptor.sql.BasicExtractor   : extracted value ([id1_7_] : [BIGINT]) - [61]
2021-03-10 22:37:37.731 TRACE 20712 --- [    Test worker] o.h.type.descriptor.sql.BasicExtractor   : extracted value ([id1_7_] : [BIGINT]) - [62]
2021-03-10 22:37:37.731 TRACE 20712 --- [    Test worker] o.h.type.descriptor.sql.BasicExtractor   : extracted value ([id1_7_] : [BIGINT]) - [63]
2021-03-10 22:37:37.731 TRACE 20712 --- [    Test worker] o.h.type.descriptor.sql.BasicExtractor   : extracted value ([id1_7_] : [BIGINT]) - [64]
2021-03-10 22:37:37.731 TRACE 20712 --- [    Test worker] o.h.type.descriptor.sql.BasicExtractor   : extracted value ([id1_7_] : [BIGINT]) - [65]
2021-03-10 22:37:37.731 TRACE 20712 --- [    Test worker] o.h.type.descriptor.sql.BasicExtractor   : extracted value ([id1_7_] : [BIGINT]) - [66]
2021-03-10 22:37:37.731 TRACE 20712 --- [    Test worker] o.h.type.descriptor.sql.BasicExtractor   : extracted value ([id1_7_] : [BIGINT]) - [67]
2021-03-10 22:37:37.731 TRACE 20712 --- [    Test worker] o.h.type.descriptor.sql.BasicExtractor   : extracted value ([id1_7_] : [BIGINT]) - [68]
2021-03-10 22:37:37.731 TRACE 20712 --- [    Test worker] o.h.type.descriptor.sql.BasicExtractor   : extracted value ([id1_7_] : [BIGINT]) - [69]
2021-03-10 22:37:37.731 TRACE 20712 --- [    Test worker] o.h.type.descriptor.sql.BasicExtractor   : extracted value ([id1_7_] : [BIGINT]) - [70]
2021-03-10 22:37:37.731 TRACE 20712 --- [    Test worker] o.h.type.descriptor.sql.BasicExtractor   : extracted value ([id1_7_] : [BIGINT]) - [71]
2021-03-10 22:37:37.731 TRACE 20712 --- [    Test worker] o.h.type.descriptor.sql.BasicExtractor   : extracted value ([id1_7_] : [BIGINT]) - [72]
2021-03-10 22:37:37.731 TRACE 20712 --- [    Test worker] o.h.type.descriptor.sql.BasicExtractor   : extracted value ([id1_7_] : [BIGINT]) - [73]
2021-03-10 22:37:37.731 TRACE 20712 --- [    Test worker] o.h.type.descriptor.sql.BasicExtractor   : extracted value ([id1_7_] : [BIGINT]) - [74]
2021-03-10 22:37:37.731 TRACE 20712 --- [    Test worker] o.h.type.descriptor.sql.BasicExtractor   : extracted value ([id1_7_] : [BIGINT]) - [75]
2021-03-10 22:37:37.731 TRACE 20712 --- [    Test worker] o.h.type.descriptor.sql.BasicExtractor   : extracted value ([id1_7_] : [BIGINT]) - [76]
2021-03-10 22:37:37.731 TRACE 20712 --- [    Test worker] o.h.type.descriptor.sql.BasicExtractor   : extracted value ([id1_7_] : [BIGINT]) - [77]
2021-03-10 22:37:37.731 TRACE 20712 --- [    Test worker] o.h.type.descriptor.sql.BasicExtractor   : extracted value ([id1_7_] : [BIGINT]) - [78]
2021-03-10 22:37:37.731 TRACE 20712 --- [    Test worker] o.h.type.descriptor.sql.BasicExtractor   : extracted value ([id1_7_] : [BIGINT]) - [79]
2021-03-10 22:37:37.731 TRACE 20712 --- [    Test worker] o.h.type.descriptor.sql.BasicExtractor   : extracted value ([id1_7_] : [BIGINT]) - [80]
2021-03-10 22:37:37.731 TRACE 20712 --- [    Test worker] o.h.type.descriptor.sql.BasicExtractor   : extracted value ([id1_7_] : [BIGINT]) - [81]
2021-03-10 22:37:37.731 TRACE 20712 --- [    Test worker] o.h.type.descriptor.sql.BasicExtractor   : extracted value ([id1_7_] : [BIGINT]) - [82]
2021-03-10 22:37:37.731 TRACE 20712 --- [    Test worker] o.h.type.descriptor.sql.BasicExtractor   : extracted value ([id1_7_] : [BIGINT]) - [83]
2021-03-10 22:37:37.731 TRACE 20712 --- [    Test worker] o.h.type.descriptor.sql.BasicExtractor   : extracted value ([id1_7_] : [BIGINT]) - [84]
2021-03-10 22:37:37.731 TRACE 20712 --- [    Test worker] o.h.type.descriptor.sql.BasicExtractor   : extracted value ([id1_7_] : [BIGINT]) - [85]
2021-03-10 22:37:37.731 TRACE 20712 --- [    Test worker] o.h.type.descriptor.sql.BasicExtractor   : extracted value ([id1_7_] : [BIGINT]) - [86]
2021-03-10 22:37:37.731 TRACE 20712 --- [    Test worker] o.h.type.descriptor.sql.BasicExtractor   : extracted value ([id1_7_] : [BIGINT]) - [87]
2021-03-10 22:37:37.731 TRACE 20712 --- [    Test worker] o.h.type.descriptor.sql.BasicExtractor   : extracted value ([id1_7_] : [BIGINT]) - [88]
2021-03-10 22:37:37.731 TRACE 20712 --- [    Test worker] o.h.type.descriptor.sql.BasicExtractor   : extracted value ([id1_7_] : [BIGINT]) - [89]
2021-03-10 22:37:37.731 TRACE 20712 --- [    Test worker] o.h.type.descriptor.sql.BasicExtractor   : extracted value ([id1_7_] : [BIGINT]) - [90]
2021-03-10 22:37:37.731 TRACE 20712 --- [    Test worker] o.h.type.descriptor.sql.BasicExtractor   : extracted value ([id1_7_] : [BIGINT]) - [91]
2021-03-10 22:37:37.731 TRACE 20712 --- [    Test worker] o.h.type.descriptor.sql.BasicExtractor   : extracted value ([id1_7_] : [BIGINT]) - [92]
2021-03-10 22:37:37.731 TRACE 20712 --- [    Test worker] o.h.type.descriptor.sql.BasicExtractor   : extracted value ([id1_7_] : [BIGINT]) - [93]
2021-03-10 22:37:37.731 TRACE 20712 --- [    Test worker] o.h.type.descriptor.sql.BasicExtractor   : extracted value ([id1_7_] : [BIGINT]) - [94]
2021-03-10 22:37:37.731 TRACE 20712 --- [    Test worker] o.h.type.descriptor.sql.BasicExtractor   : extracted value ([id1_7_] : [BIGINT]) - [95]
2021-03-10 22:37:37.731 TRACE 20712 --- [    Test worker] o.h.type.descriptor.sql.BasicExtractor   : extracted value ([id1_7_] : [BIGINT]) - [96]
2021-03-10 22:37:37.731 TRACE 20712 --- [    Test worker] o.h.type.descriptor.sql.BasicExtractor   : extracted value ([id1_7_] : [BIGINT]) - [97]
2021-03-10 22:37:37.731 TRACE 20712 --- [    Test worker] o.h.type.descriptor.sql.BasicExtractor   : extracted value ([id1_7_] : [BIGINT]) - [98]
2021-03-10 22:37:37.731 TRACE 20712 --- [    Test worker] o.h.type.descriptor.sql.BasicExtractor   : extracted value ([id1_7_] : [BIGINT]) - [99]
2021-03-10 22:37:37.731 TRACE 20712 --- [    Test worker] o.h.type.descriptor.sql.BasicExtractor   : extracted value ([id1_7_] : [BIGINT]) - [100]
2021-03-10 22:37:37.731 TRACE 20712 --- [    Test worker] o.h.type.descriptor.sql.BasicExtractor   : extracted value ([id1_7_] : [BIGINT]) - [101]
2021-03-10 22:37:37.731 TRACE 20712 --- [    Test worker] o.h.type.descriptor.sql.BasicExtractor   : extracted value ([id1_7_] : [BIGINT]) - [102]
2021-03-10 22:37:37.731 TRACE 20712 --- [    Test worker] o.h.type.descriptor.sql.BasicExtractor   : extracted value ([id1_7_] : [BIGINT]) - [103]
2021-03-10 22:37:37.731 TRACE 20712 --- [    Test worker] o.h.type.descriptor.sql.BasicExtractor   : extracted value ([id1_7_] : [BIGINT]) - [104]
2021-03-10 22:37:37.731 TRACE 20712 --- [    Test worker] o.h.type.descriptor.sql.BasicExtractor   : extracted value ([id1_7_] : [BIGINT]) - [105]
2021-03-10 22:37:37.731 TRACE 20712 --- [    Test worker] o.h.type.descriptor.sql.BasicExtractor   : extracted value ([id1_7_] : [BIGINT]) - [106]
2021-03-10 22:37:37.731 TRACE 20712 --- [    Test worker] o.h.type.descriptor.sql.BasicExtractor   : extracted value ([id1_7_] : [BIGINT]) - [107]
2021-03-10 22:37:37.731 TRACE 20712 --- [    Test worker] o.h.type.descriptor.sql.BasicExtractor   : extracted value ([id1_7_] : [BIGINT]) - [108]
2021-03-10 22:37:37.731 TRACE 20712 --- [    Test worker] o.h.type.descriptor.sql.BasicExtractor   : extracted value ([id1_7_] : [BIGINT]) - [109]
2021-03-10 22:37:37.731 TRACE 20712 --- [    Test worker] o.h.type.descriptor.sql.BasicExtractor   : extracted value ([id1_7_] : [BIGINT]) - [110]
2021-03-10 22:37:37.731 TRACE 20712 --- [    Test worker] o.h.type.descriptor.sql.BasicExtractor   : extracted value ([id1_7_] : [BIGINT]) - [111]
2021-03-10 22:37:37.731 TRACE 20712 --- [    Test worker] o.h.type.descriptor.sql.BasicExtractor   : extracted value ([id1_7_] : [BIGINT]) - [112]
2021-03-10 22:37:37.731 TRACE 20712 --- [    Test worker] o.h.type.descriptor.sql.BasicExtractor   : extracted value ([id1_7_] : [BIGINT]) - [113]
2021-03-10 22:37:37.731 TRACE 20712 --- [    Test worker] o.h.type.descriptor.sql.BasicExtractor   : extracted value ([id1_7_] : [BIGINT]) - [114]
2021-03-10 22:37:37.731 TRACE 20712 --- [    Test worker] o.h.type.descriptor.sql.BasicExtractor   : extracted value ([id1_7_] : [BIGINT]) - [115]
2021-03-10 22:37:37.731 TRACE 20712 --- [    Test worker] o.h.type.descriptor.sql.BasicExtractor   : extracted value ([id1_7_] : [BIGINT]) - [116]
2021-03-10 22:37:37.731 TRACE 20712 --- [    Test worker] o.h.type.descriptor.sql.BasicExtractor   : extracted value ([id1_7_] : [BIGINT]) - [117]
2021-03-10 22:37:37.731 TRACE 20712 --- [    Test worker] o.h.type.descriptor.sql.BasicExtractor   : extracted value ([id1_7_] : [BIGINT]) - [118]
2021-03-10 22:37:37.731 TRACE 20712 --- [    Test worker] o.h.type.descriptor.sql.BasicExtractor   : extracted value ([id1_7_] : [BIGINT]) - [119]
2021-03-10 22:37:37.731 TRACE 20712 --- [    Test worker] o.h.type.descriptor.sql.BasicExtractor   : extracted value ([id1_7_] : [BIGINT]) - [120]
2021-03-10 22:37:37.731 TRACE 20712 --- [    Test worker] o.h.type.descriptor.sql.BasicExtractor   : extracted value ([id1_7_] : [BIGINT]) - [121]
2021-03-10 22:37:37.731 TRACE 20712 --- [    Test worker] o.h.type.descriptor.sql.BasicExtractor   : extracted value ([id1_7_] : [BIGINT]) - [122]
2021-03-10 22:37:37.731 TRACE 20712 --- [    Test worker] o.h.type.descriptor.sql.BasicExtractor   : extracted value ([id1_7_] : [BIGINT]) - [123]
2021-03-10 22:37:37.731 TRACE 20712 --- [    Test worker] o.h.type.descriptor.sql.BasicExtractor   : extracted value ([id1_7_] : [BIGINT]) - [124]
2021-03-10 22:37:37.731 TRACE 20712 --- [    Test worker] o.h.type.descriptor.sql.BasicExtractor   : extracted value ([id1_7_] : [BIGINT]) - [125]
2021-03-10 22:37:37.731 TRACE 20712 --- [    Test worker] o.h.type.descriptor.sql.BasicExtractor   : extracted value ([id1_7_] : [BIGINT]) - [126]
2021-03-10 22:37:37.731 TRACE 20712 --- [    Test worker] o.h.type.descriptor.sql.BasicExtractor   : extracted value ([id1_7_] : [BIGINT]) - [127]
2021-03-10 22:37:37.731 TRACE 20712 --- [    Test worker] o.h.type.descriptor.sql.BasicExtractor   : extracted value ([id1_7_] : [BIGINT]) - [128]
2021-03-10 22:37:37.731 TRACE 20712 --- [    Test worker] o.h.type.descriptor.sql.BasicExtractor   : extracted value ([id1_7_] : [BIGINT]) - [129]
2021-03-10 22:37:37.731 TRACE 20712 --- [    Test worker] o.h.type.descriptor.sql.BasicExtractor   : extracted value ([id1_7_] : [BIGINT]) - [130]
2021-03-10 22:37:37.731 TRACE 20712 --- [    Test worker] o.h.type.descriptor.sql.BasicExtractor   : extracted value ([id1_7_] : [BIGINT]) - [131]
2021-03-10 22:37:37.731 TRACE 20712 --- [    Test worker] o.h.type.descriptor.sql.BasicExtractor   : extracted value ([id1_7_] : [BIGINT]) - [132]
2021-03-10 22:37:37.731 TRACE 20712 --- [    Test worker] o.h.type.descriptor.sql.BasicExtractor   : extracted value ([id1_7_] : [BIGINT]) - [133]
2021-03-10 22:37:37.731 TRACE 20712 --- [    Test worker] o.h.type.descriptor.sql.BasicExtractor   : extracted value ([id1_7_] : [BIGINT]) - [134]
2021-03-10 22:37:37.731 TRACE 20712 --- [    Test worker] o.h.type.descriptor.sql.BasicExtractor   : extracted value ([id1_7_] : [BIGINT]) - [135]
2021-03-10 22:37:37.731 TRACE 20712 --- [    Test worker] o.h.type.descriptor.sql.BasicExtractor   : extracted value ([id1_7_] : [BIGINT]) - [136]
2021-03-10 22:37:37.731 TRACE 20712 --- [    Test worker] o.h.type.descriptor.sql.BasicExtractor   : extracted value ([id1_7_] : [BIGINT]) - [137]
2021-03-10 22:37:37.731 TRACE 20712 --- [    Test worker] o.h.type.descriptor.sql.BasicExtractor   : extracted value ([id1_7_] : [BIGINT]) - [138]
2021-03-10 22:37:37.731 TRACE 20712 --- [    Test worker] o.h.type.descriptor.sql.BasicExtractor   : extracted value ([id1_7_] : [BIGINT]) - [139]
2021-03-10 22:37:37.731 TRACE 20712 --- [    Test worker] o.h.type.descriptor.sql.BasicExtractor   : extracted value ([id1_7_] : [BIGINT]) - [140]
2021-03-10 22:37:37.731 TRACE 20712 --- [    Test worker] o.h.type.descriptor.sql.BasicExtractor   : extracted value ([id1_7_] : [BIGINT]) - [141]
2021-03-10 22:37:37.731 TRACE 20712 --- [    Test worker] o.h.type.descriptor.sql.BasicExtractor   : extracted value ([id1_7_] : [BIGINT]) - [142]
2021-03-10 22:37:37.731 TRACE 20712 --- [    Test worker] o.h.type.descriptor.sql.BasicExtractor   : extracted value ([id1_7_] : [BIGINT]) - [143]
2021-03-10 22:37:37.731 TRACE 20712 --- [    Test worker] o.h.type.descriptor.sql.BasicExtractor   : extracted value ([id1_7_] : [BIGINT]) - [144]
2021-03-10 22:37:37.731 TRACE 20712 --- [    Test worker] o.h.type.descriptor.sql.BasicExtractor   : extracted value ([id1_7_] : [BIGINT]) - [145]
Hibernate: 
    select
        zone0_.id as id1_7_,
        zone0_.city as city2_7_,
        zone0_.local_name_of_city as local_na3_7_,
        zone0_.province as province4_7_ 
    from
        zone zone0_
2021-03-10 22:37:37.731 TRACE 20712 --- [    Test worker] o.h.type.descriptor.sql.BasicExtractor   : extracted value ([id1_7_] : [BIGINT]) - [61]
2021-03-10 22:37:37.731 TRACE 20712 --- [    Test worker] o.h.type.descriptor.sql.BasicExtractor   : extracted value ([id1_7_] : [BIGINT]) - [62]
2021-03-10 22:37:37.731 TRACE 20712 --- [    Test worker] o.h.type.descriptor.sql.BasicExtractor   : extracted value ([id1_7_] : [BIGINT]) - [63]
2021-03-10 22:37:37.731 TRACE 20712 --- [    Test worker] o.h.type.descriptor.sql.BasicExtractor   : extracted value ([id1_7_] : [BIGINT]) - [64]
2021-03-10 22:37:37.731 TRACE 20712 --- [    Test worker] o.h.type.descriptor.sql.BasicExtractor   : extracted value ([id1_7_] : [BIGINT]) - [65]
2021-03-10 22:37:37.731 TRACE 20712 --- [    Test worker] o.h.type.descriptor.sql.BasicExtractor   : extracted value ([id1_7_] : [BIGINT]) - [66]
2021-03-10 22:37:37.731 TRACE 20712 --- [    Test worker] o.h.type.descriptor.sql.BasicExtractor   : extracted value ([id1_7_] : [BIGINT]) - [67]
2021-03-10 22:37:37.731 TRACE 20712 --- [    Test worker] o.h.type.descriptor.sql.BasicExtractor   : extracted value ([id1_7_] : [BIGINT]) - [68]
2021-03-10 22:37:37.731 TRACE 20712 --- [    Test worker] o.h.type.descriptor.sql.BasicExtractor   : extracted value ([id1_7_] : [BIGINT]) - [69]
2021-03-10 22:37:37.731 TRACE 20712 --- [    Test worker] o.h.type.descriptor.sql.BasicExtractor   : extracted value ([id1_7_] : [BIGINT]) - [70]
2021-03-10 22:37:37.731 TRACE 20712 --- [    Test worker] o.h.type.descriptor.sql.BasicExtractor   : extracted value ([id1_7_] : [BIGINT]) - [71]
2021-03-10 22:37:37.731 TRACE 20712 --- [    Test worker] o.h.type.descriptor.sql.BasicExtractor   : extracted value ([id1_7_] : [BIGINT]) - [72]
2021-03-10 22:37:37.731 TRACE 20712 --- [    Test worker] o.h.type.descriptor.sql.BasicExtractor   : extracted value ([id1_7_] : [BIGINT]) - [73]
2021-03-10 22:37:37.731 TRACE 20712 --- [    Test worker] o.h.type.descriptor.sql.BasicExtractor   : extracted value ([id1_7_] : [BIGINT]) - [74]
2021-03-10 22:37:37.731 TRACE 20712 --- [    Test worker] o.h.type.descriptor.sql.BasicExtractor   : extracted value ([id1_7_] : [BIGINT]) - [75]
2021-03-10 22:37:37.731 TRACE 20712 --- [    Test worker] o.h.type.descriptor.sql.BasicExtractor   : extracted value ([id1_7_] : [BIGINT]) - [76]
2021-03-10 22:37:37.731 TRACE 20712 --- [    Test worker] o.h.type.descriptor.sql.BasicExtractor   : extracted value ([id1_7_] : [BIGINT]) - [77]
2021-03-10 22:37:37.731 TRACE 20712 --- [    Test worker] o.h.type.descriptor.sql.BasicExtractor   : extracted value ([id1_7_] : [BIGINT]) - [78]
2021-03-10 22:37:37.731 TRACE 20712 --- [    Test worker] o.h.type.descriptor.sql.BasicExtractor   : extracted value ([id1_7_] : [BIGINT]) - [79]
2021-03-10 22:37:37.731 TRACE 20712 --- [    Test worker] o.h.type.descriptor.sql.BasicExtractor   : extracted value ([id1_7_] : [BIGINT]) - [80]
2021-03-10 22:37:37.731 TRACE 20712 --- [    Test worker] o.h.type.descriptor.sql.BasicExtractor   : extracted value ([id1_7_] : [BIGINT]) - [81]
2021-03-10 22:37:37.731 TRACE 20712 --- [    Test worker] o.h.type.descriptor.sql.BasicExtractor   : extracted value ([id1_7_] : [BIGINT]) - [82]
2021-03-10 22:37:37.731 TRACE 20712 --- [    Test worker] o.h.type.descriptor.sql.BasicExtractor   : extracted value ([id1_7_] : [BIGINT]) - [83]
2021-03-10 22:37:37.731 TRACE 20712 --- [    Test worker] o.h.type.descriptor.sql.BasicExtractor   : extracted value ([id1_7_] : [BIGINT]) - [84]
2021-03-10 22:37:37.731 TRACE 20712 --- [    Test worker] o.h.type.descriptor.sql.BasicExtractor   : extracted value ([id1_7_] : [BIGINT]) - [85]
2021-03-10 22:37:37.731 TRACE 20712 --- [    Test worker] o.h.type.descriptor.sql.BasicExtractor   : extracted value ([id1_7_] : [BIGINT]) - [86]
2021-03-10 22:37:37.731 TRACE 20712 --- [    Test worker] o.h.type.descriptor.sql.BasicExtractor   : extracted value ([id1_7_] : [BIGINT]) - [87]
2021-03-10 22:37:37.731 TRACE 20712 --- [    Test worker] o.h.type.descriptor.sql.BasicExtractor   : extracted value ([id1_7_] : [BIGINT]) - [88]
2021-03-10 22:37:37.731 TRACE 20712 --- [    Test worker] o.h.type.descriptor.sql.BasicExtractor   : extracted value ([id1_7_] : [BIGINT]) - [89]
2021-03-10 22:37:37.731 TRACE 20712 --- [    Test worker] o.h.type.descriptor.sql.BasicExtractor   : extracted value ([id1_7_] : [BIGINT]) - [90]
2021-03-10 22:37:37.731 TRACE 20712 --- [    Test worker] o.h.type.descriptor.sql.BasicExtractor   : extracted value ([id1_7_] : [BIGINT]) - [91]
2021-03-10 22:37:37.731 TRACE 20712 --- [    Test worker] o.h.type.descriptor.sql.BasicExtractor   : extracted value ([id1_7_] : [BIGINT]) - [92]
2021-03-10 22:37:37.731 TRACE 20712 --- [    Test worker] o.h.type.descriptor.sql.BasicExtractor   : extracted value ([id1_7_] : [BIGINT]) - [93]
2021-03-10 22:37:37.731 TRACE 20712 --- [    Test worker] o.h.type.descriptor.sql.BasicExtractor   : extracted value ([id1_7_] : [BIGINT]) - [94]
2021-03-10 22:37:37.731 TRACE 20712 --- [    Test worker] o.h.type.descriptor.sql.BasicExtractor   : extracted value ([id1_7_] : [BIGINT]) - [95]
2021-03-10 22:37:37.731 TRACE 20712 --- [    Test worker] o.h.type.descriptor.sql.BasicExtractor   : extracted value ([id1_7_] : [BIGINT]) - [96]
2021-03-10 22:37:37.731 TRACE 20712 --- [    Test worker] o.h.type.descriptor.sql.BasicExtractor   : extracted value ([id1_7_] : [BIGINT]) - [97]
2021-03-10 22:37:37.731 TRACE 20712 --- [    Test worker] o.h.type.descriptor.sql.BasicExtractor   : extracted value ([id1_7_] : [BIGINT]) - [98]
2021-03-10 22:37:37.731 TRACE 20712 --- [    Test worker] o.h.type.descriptor.sql.BasicExtractor   : extracted value ([id1_7_] : [BIGINT]) - [99]
2021-03-10 22:37:37.731 TRACE 20712 --- [    Test worker] o.h.type.descriptor.sql.BasicExtractor   : extracted value ([id1_7_] : [BIGINT]) - [100]
2021-03-10 22:37:37.731 TRACE 20712 --- [    Test worker] o.h.type.descriptor.sql.BasicExtractor   : extracted value ([id1_7_] : [BIGINT]) - [101]
2021-03-10 22:37:37.731 TRACE 20712 --- [    Test worker] o.h.type.descriptor.sql.BasicExtractor   : extracted value ([id1_7_] : [BIGINT]) - [102]
2021-03-10 22:37:37.731 TRACE 20712 --- [    Test worker] o.h.type.descriptor.sql.BasicExtractor   : extracted value ([id1_7_] : [BIGINT]) - [103]
2021-03-10 22:37:37.731 TRACE 20712 --- [    Test worker] o.h.type.descriptor.sql.BasicExtractor   : extracted value ([id1_7_] : [BIGINT]) - [104]
2021-03-10 22:37:37.731 TRACE 20712 --- [    Test worker] o.h.type.descriptor.sql.BasicExtractor   : extracted value ([id1_7_] : [BIGINT]) - [105]
2021-03-10 22:37:37.731 TRACE 20712 --- [    Test worker] o.h.type.descriptor.sql.BasicExtractor   : extracted value ([id1_7_] : [BIGINT]) - [106]
2021-03-10 22:37:37.731 TRACE 20712 --- [    Test worker] o.h.type.descriptor.sql.BasicExtractor   : extracted value ([id1_7_] : [BIGINT]) - [107]
2021-03-10 22:37:37.731 TRACE 20712 --- [    Test worker] o.h.type.descriptor.sql.BasicExtractor   : extracted value ([id1_7_] : [BIGINT]) - [108]
2021-03-10 22:37:37.731 TRACE 20712 --- [    Test worker] o.h.type.descriptor.sql.BasicExtractor   : extracted value ([id1_7_] : [BIGINT]) - [109]
2021-03-10 22:37:37.731 TRACE 20712 --- [    Test worker] o.h.type.descriptor.sql.BasicExtractor   : extracted value ([id1_7_] : [BIGINT]) - [110]
2021-03-10 22:37:37.731 TRACE 20712 --- [    Test worker] o.h.type.descriptor.sql.BasicExtractor   : extracted value ([id1_7_] : [BIGINT]) - [111]
2021-03-10 22:37:37.731 TRACE 20712 --- [    Test worker] o.h.type.descriptor.sql.BasicExtractor   : extracted value ([id1_7_] : [BIGINT]) - [112]
2021-03-10 22:37:37.731 TRACE 20712 --- [    Test worker] o.h.type.descriptor.sql.BasicExtractor   : extracted value ([id1_7_] : [BIGINT]) - [113]
2021-03-10 22:37:37.731 TRACE 20712 --- [    Test worker] o.h.type.descriptor.sql.BasicExtractor   : extracted value ([id1_7_] : [BIGINT]) - [114]
2021-03-10 22:37:37.731 TRACE 20712 --- [    Test worker] o.h.type.descriptor.sql.BasicExtractor   : extracted value ([id1_7_] : [BIGINT]) - [115]
2021-03-10 22:37:37.731 TRACE 20712 --- [    Test worker] o.h.type.descriptor.sql.BasicExtractor   : extracted value ([id1_7_] : [BIGINT]) - [116]
2021-03-10 22:37:37.731 TRACE 20712 --- [    Test worker] o.h.type.descriptor.sql.BasicExtractor   : extracted value ([id1_7_] : [BIGINT]) - [117]
2021-03-10 22:37:37.731 TRACE 20712 --- [    Test worker] o.h.type.descriptor.sql.BasicExtractor   : extracted value ([id1_7_] : [BIGINT]) - [118]
2021-03-10 22:37:37.731 TRACE 20712 --- [    Test worker] o.h.type.descriptor.sql.BasicExtractor   : extracted value ([id1_7_] : [BIGINT]) - [119]
2021-03-10 22:37:37.731 TRACE 20712 --- [    Test worker] o.h.type.descriptor.sql.BasicExtractor   : extracted value ([id1_7_] : [BIGINT]) - [120]
2021-03-10 22:37:37.746 TRACE 20712 --- [    Test worker] o.h.type.descriptor.sql.BasicExtractor   : extracted value ([id1_7_] : [BIGINT]) - [121]
2021-03-10 22:37:37.746 TRACE 20712 --- [    Test worker] o.h.type.descriptor.sql.BasicExtractor   : extracted value ([id1_7_] : [BIGINT]) - [122]
2021-03-10 22:37:37.746 TRACE 20712 --- [    Test worker] o.h.type.descriptor.sql.BasicExtractor   : extracted value ([id1_7_] : [BIGINT]) - [123]
2021-03-10 22:37:37.746 TRACE 20712 --- [    Test worker] o.h.type.descriptor.sql.BasicExtractor   : extracted value ([id1_7_] : [BIGINT]) - [124]
2021-03-10 22:37:37.746 TRACE 20712 --- [    Test worker] o.h.type.descriptor.sql.BasicExtractor   : extracted value ([id1_7_] : [BIGINT]) - [125]
2021-03-10 22:37:37.746 TRACE 20712 --- [    Test worker] o.h.type.descriptor.sql.BasicExtractor   : extracted value ([id1_7_] : [BIGINT]) - [126]
2021-03-10 22:37:37.746 TRACE 20712 --- [    Test worker] o.h.type.descriptor.sql.BasicExtractor   : extracted value ([id1_7_] : [BIGINT]) - [127]
2021-03-10 22:37:37.746 TRACE 20712 --- [    Test worker] o.h.type.descriptor.sql.BasicExtractor   : extracted value ([id1_7_] : [BIGINT]) - [128]
2021-03-10 22:37:37.746 TRACE 20712 --- [    Test worker] o.h.type.descriptor.sql.BasicExtractor   : extracted value ([id1_7_] : [BIGINT]) - [129]
2021-03-10 22:37:37.746 TRACE 20712 --- [    Test worker] o.h.type.descriptor.sql.BasicExtractor   : extracted value ([id1_7_] : [BIGINT]) - [130]
2021-03-10 22:37:37.746 TRACE 20712 --- [    Test worker] o.h.type.descriptor.sql.BasicExtractor   : extracted value ([id1_7_] : [BIGINT]) - [131]
2021-03-10 22:37:37.746 TRACE 20712 --- [    Test worker] o.h.type.descriptor.sql.BasicExtractor   : extracted value ([id1_7_] : [BIGINT]) - [132]
2021-03-10 22:37:37.746 TRACE 20712 --- [    Test worker] o.h.type.descriptor.sql.BasicExtractor   : extracted value ([id1_7_] : [BIGINT]) - [133]
2021-03-10 22:37:37.746 TRACE 20712 --- [    Test worker] o.h.type.descriptor.sql.BasicExtractor   : extracted value ([id1_7_] : [BIGINT]) - [134]
2021-03-10 22:37:37.746 TRACE 20712 --- [    Test worker] o.h.type.descriptor.sql.BasicExtractor   : extracted value ([id1_7_] : [BIGINT]) - [135]
2021-03-10 22:37:37.746 TRACE 20712 --- [    Test worker] o.h.type.descriptor.sql.BasicExtractor   : extracted value ([id1_7_] : [BIGINT]) - [136]
2021-03-10 22:37:37.746 TRACE 20712 --- [    Test worker] o.h.type.descriptor.sql.BasicExtractor   : extracted value ([id1_7_] : [BIGINT]) - [137]
2021-03-10 22:37:37.746 TRACE 20712 --- [    Test worker] o.h.type.descriptor.sql.BasicExtractor   : extracted value ([id1_7_] : [BIGINT]) - [138]
2021-03-10 22:37:37.746 TRACE 20712 --- [    Test worker] o.h.type.descriptor.sql.BasicExtractor   : extracted value ([id1_7_] : [BIGINT]) - [139]
2021-03-10 22:37:37.746 TRACE 20712 --- [    Test worker] o.h.type.descriptor.sql.BasicExtractor   : extracted value ([id1_7_] : [BIGINT]) - [140]
2021-03-10 22:37:37.746 TRACE 20712 --- [    Test worker] o.h.type.descriptor.sql.BasicExtractor   : extracted value ([id1_7_] : [BIGINT]) - [141]
2021-03-10 22:37:37.746 TRACE 20712 --- [    Test worker] o.h.type.descriptor.sql.BasicExtractor   : extracted value ([id1_7_] : [BIGINT]) - [142]
2021-03-10 22:37:37.746 TRACE 20712 --- [    Test worker] o.h.type.descriptor.sql.BasicExtractor   : extracted value ([id1_7_] : [BIGINT]) - [143]
2021-03-10 22:37:37.746 TRACE 20712 --- [    Test worker] o.h.type.descriptor.sql.BasicExtractor   : extracted value ([id1_7_] : [BIGINT]) - [144]
2021-03-10 22:37:37.746 TRACE 20712 --- [    Test worker] o.h.type.descriptor.sql.BasicExtractor   : extracted value ([id1_7_] : [BIGINT]) - [145]
Hibernate: 
    select
        zone0_.id as id1_7_,
        zone0_.city as city2_7_,
        zone0_.local_name_of_city as local_na3_7_,
        zone0_.province as province4_7_ 
    from
        zone zone0_
2021-03-10 22:37:37.746 TRACE 20712 --- [    Test worker] o.h.type.descriptor.sql.BasicExtractor   : extracted value ([id1_7_] : [BIGINT]) - [61]
2021-03-10 22:37:37.746 TRACE 20712 --- [    Test worker] o.h.type.descriptor.sql.BasicExtractor   : extracted value ([id1_7_] : [BIGINT]) - [62]
2021-03-10 22:37:37.746 TRACE 20712 --- [    Test worker] o.h.type.descriptor.sql.BasicExtractor   : extracted value ([id1_7_] : [BIGINT]) - [63]
2021-03-10 22:37:37.746 TRACE 20712 --- [    Test worker] o.h.type.descriptor.sql.BasicExtractor   : extracted value ([id1_7_] : [BIGINT]) - [64]
2021-03-10 22:37:37.746 TRACE 20712 --- [    Test worker] o.h.type.descriptor.sql.BasicExtractor   : extracted value ([id1_7_] : [BIGINT]) - [65]
2021-03-10 22:37:37.746 TRACE 20712 --- [    Test worker] o.h.type.descriptor.sql.BasicExtractor   : extracted value ([id1_7_] : [BIGINT]) - [66]
2021-03-10 22:37:37.746 TRACE 20712 --- [    Test worker] o.h.type.descriptor.sql.BasicExtractor   : extracted value ([id1_7_] : [BIGINT]) - [67]
2021-03-10 22:37:37.746 TRACE 20712 --- [    Test worker] o.h.type.descriptor.sql.BasicExtractor   : extracted value ([id1_7_] : [BIGINT]) - [68]
2021-03-10 22:37:37.746 TRACE 20712 --- [    Test worker] o.h.type.descriptor.sql.BasicExtractor   : extracted value ([id1_7_] : [BIGINT]) - [69]
2021-03-10 22:37:37.746 TRACE 20712 --- [    Test worker] o.h.type.descriptor.sql.BasicExtractor   : extracted value ([id1_7_] : [BIGINT]) - [70]
2021-03-10 22:37:37.746 TRACE 20712 --- [    Test worker] o.h.type.descriptor.sql.BasicExtractor   : extracted value ([id1_7_] : [BIGINT]) - [71]
2021-03-10 22:37:37.746 TRACE 20712 --- [    Test worker] o.h.type.descriptor.sql.BasicExtractor   : extracted value ([id1_7_] : [BIGINT]) - [72]
2021-03-10 22:37:37.746 TRACE 20712 --- [    Test worker] o.h.type.descriptor.sql.BasicExtractor   : extracted value ([id1_7_] : [BIGINT]) - [73]
2021-03-10 22:37:37.746 TRACE 20712 --- [    Test worker] o.h.type.descriptor.sql.BasicExtractor   : extracted value ([id1_7_] : [BIGINT]) - [74]
2021-03-10 22:37:37.746 TRACE 20712 --- [    Test worker] o.h.type.descriptor.sql.BasicExtractor   : extracted value ([id1_7_] : [BIGINT]) - [75]
2021-03-10 22:37:37.746 TRACE 20712 --- [    Test worker] o.h.type.descriptor.sql.BasicExtractor   : extracted value ([id1_7_] : [BIGINT]) - [76]
2021-03-10 22:37:37.746 TRACE 20712 --- [    Test worker] o.h.type.descriptor.sql.BasicExtractor   : extracted value ([id1_7_] : [BIGINT]) - [77]
2021-03-10 22:37:37.746 TRACE 20712 --- [    Test worker] o.h.type.descriptor.sql.BasicExtractor   : extracted value ([id1_7_] : [BIGINT]) - [78]
2021-03-10 22:37:37.746 TRACE 20712 --- [    Test worker] o.h.type.descriptor.sql.BasicExtractor   : extracted value ([id1_7_] : [BIGINT]) - [79]
2021-03-10 22:37:37.746 TRACE 20712 --- [    Test worker] o.h.type.descriptor.sql.BasicExtractor   : extracted value ([id1_7_] : [BIGINT]) - [80]
2021-03-10 22:37:37.746 TRACE 20712 --- [    Test worker] o.h.type.descriptor.sql.BasicExtractor   : extracted value ([id1_7_] : [BIGINT]) - [81]
2021-03-10 22:37:37.746 TRACE 20712 --- [    Test worker] o.h.type.descriptor.sql.BasicExtractor   : extracted value ([id1_7_] : [BIGINT]) - [82]
2021-03-10 22:37:37.746 TRACE 20712 --- [    Test worker] o.h.type.descriptor.sql.BasicExtractor   : extracted value ([id1_7_] : [BIGINT]) - [83]
2021-03-10 22:37:37.746 TRACE 20712 --- [    Test worker] o.h.type.descriptor.sql.BasicExtractor   : extracted value ([id1_7_] : [BIGINT]) - [84]
2021-03-10 22:37:37.746 TRACE 20712 --- [    Test worker] o.h.type.descriptor.sql.BasicExtractor   : extracted value ([id1_7_] : [BIGINT]) - [85]
2021-03-10 22:37:37.746 TRACE 20712 --- [    Test worker] o.h.type.descriptor.sql.BasicExtractor   : extracted value ([id1_7_] : [BIGINT]) - [86]
2021-03-10 22:37:37.746 TRACE 20712 --- [    Test worker] o.h.type.descriptor.sql.BasicExtractor   : extracted value ([id1_7_] : [BIGINT]) - [87]
2021-03-10 22:37:37.746 TRACE 20712 --- [    Test worker] o.h.type.descriptor.sql.BasicExtractor   : extracted value ([id1_7_] : [BIGINT]) - [88]
2021-03-10 22:37:37.746 TRACE 20712 --- [    Test worker] o.h.type.descriptor.sql.BasicExtractor   : extracted value ([id1_7_] : [BIGINT]) - [89]
2021-03-10 22:37:37.746 TRACE 20712 --- [    Test worker] o.h.type.descriptor.sql.BasicExtractor   : extracted value ([id1_7_] : [BIGINT]) - [90]
2021-03-10 22:37:37.746 TRACE 20712 --- [    Test worker] o.h.type.descriptor.sql.BasicExtractor   : extracted value ([id1_7_] : [BIGINT]) - [91]
2021-03-10 22:37:37.746 TRACE 20712 --- [    Test worker] o.h.type.descriptor.sql.BasicExtractor   : extracted value ([id1_7_] : [BIGINT]) - [92]
2021-03-10 22:37:37.746 TRACE 20712 --- [    Test worker] o.h.type.descriptor.sql.BasicExtractor   : extracted value ([id1_7_] : [BIGINT]) - [93]
2021-03-10 22:37:37.746 TRACE 20712 --- [    Test worker] o.h.type.descriptor.sql.BasicExtractor   : extracted value ([id1_7_] : [BIGINT]) - [94]
2021-03-10 22:37:37.746 TRACE 20712 --- [    Test worker] o.h.type.descriptor.sql.BasicExtractor   : extracted value ([id1_7_] : [BIGINT]) - [95]
2021-03-10 22:37:37.746 TRACE 20712 --- [    Test worker] o.h.type.descriptor.sql.BasicExtractor   : extracted value ([id1_7_] : [BIGINT]) - [96]
2021-03-10 22:37:37.746 TRACE 20712 --- [    Test worker] o.h.type.descriptor.sql.BasicExtractor   : extracted value ([id1_7_] : [BIGINT]) - [97]
2021-03-10 22:37:37.746 TRACE 20712 --- [    Test worker] o.h.type.descriptor.sql.BasicExtractor   : extracted value ([id1_7_] : [BIGINT]) - [98]
2021-03-10 22:37:37.746 TRACE 20712 --- [    Test worker] o.h.type.descriptor.sql.BasicExtractor   : extracted value ([id1_7_] : [BIGINT]) - [99]
2021-03-10 22:37:37.746 TRACE 20712 --- [    Test worker] o.h.type.descriptor.sql.BasicExtractor   : extracted value ([id1_7_] : [BIGINT]) - [100]
2021-03-10 22:37:37.746 TRACE 20712 --- [    Test worker] o.h.type.descriptor.sql.BasicExtractor   : extracted value ([id1_7_] : [BIGINT]) - [101]
2021-03-10 22:37:37.746 TRACE 20712 --- [    Test worker] o.h.type.descriptor.sql.BasicExtractor   : extracted value ([id1_7_] : [BIGINT]) - [102]
2021-03-10 22:37:37.746 TRACE 20712 --- [    Test worker] o.h.type.descriptor.sql.BasicExtractor   : extracted value ([id1_7_] : [BIGINT]) - [103]
2021-03-10 22:37:37.746 TRACE 20712 --- [    Test worker] o.h.type.descriptor.sql.BasicExtractor   : extracted value ([id1_7_] : [BIGINT]) - [104]
2021-03-10 22:37:37.746 TRACE 20712 --- [    Test worker] o.h.type.descriptor.sql.BasicExtractor   : extracted value ([id1_7_] : [BIGINT]) - [105]
2021-03-10 22:37:37.746 TRACE 20712 --- [    Test worker] o.h.type.descriptor.sql.BasicExtractor   : extracted value ([id1_7_] : [BIGINT]) - [106]
2021-03-10 22:37:37.746 TRACE 20712 --- [    Test worker] o.h.type.descriptor.sql.BasicExtractor   : extracted value ([id1_7_] : [BIGINT]) - [107]
2021-03-10 22:37:37.746 TRACE 20712 --- [    Test worker] o.h.type.descriptor.sql.BasicExtractor   : extracted value ([id1_7_] : [BIGINT]) - [108]
2021-03-10 22:37:37.746 TRACE 20712 --- [    Test worker] o.h.type.descriptor.sql.BasicExtractor   : extracted value ([id1_7_] : [BIGINT]) - [109]
2021-03-10 22:37:37.746 TRACE 20712 --- [    Test worker] o.h.type.descriptor.sql.BasicExtractor   : extracted value ([id1_7_] : [BIGINT]) - [110]
2021-03-10 22:37:37.746 TRACE 20712 --- [    Test worker] o.h.type.descriptor.sql.BasicExtractor   : extracted value ([id1_7_] : [BIGINT]) - [111]
2021-03-10 22:37:37.746 TRACE 20712 --- [    Test worker] o.h.type.descriptor.sql.BasicExtractor   : extracted value ([id1_7_] : [BIGINT]) - [112]
2021-03-10 22:37:37.746 TRACE 20712 --- [    Test worker] o.h.type.descriptor.sql.BasicExtractor   : extracted value ([id1_7_] : [BIGINT]) - [113]
2021-03-10 22:37:37.746 TRACE 20712 --- [    Test worker] o.h.type.descriptor.sql.BasicExtractor   : extracted value ([id1_7_] : [BIGINT]) - [114]
2021-03-10 22:37:37.746 TRACE 20712 --- [    Test worker] o.h.type.descriptor.sql.BasicExtractor   : extracted value ([id1_7_] : [BIGINT]) - [115]
2021-03-10 22:37:37.746 TRACE 20712 --- [    Test worker] o.h.type.descriptor.sql.BasicExtractor   : extracted value ([id1_7_] : [BIGINT]) - [116]
2021-03-10 22:37:37.746 TRACE 20712 --- [    Test worker] o.h.type.descriptor.sql.BasicExtractor   : extracted value ([id1_7_] : [BIGINT]) - [117]
2021-03-10 22:37:37.746 TRACE 20712 --- [    Test worker] o.h.type.descriptor.sql.BasicExtractor   : extracted value ([id1_7_] : [BIGINT]) - [118]
2021-03-10 22:37:37.746 TRACE 20712 --- [    Test worker] o.h.type.descriptor.sql.BasicExtractor   : extracted value ([id1_7_] : [BIGINT]) - [119]
2021-03-10 22:37:37.746 TRACE 20712 --- [    Test worker] o.h.type.descriptor.sql.BasicExtractor   : extracted value ([id1_7_] : [BIGINT]) - [120]
2021-03-10 22:37:37.746 TRACE 20712 --- [    Test worker] o.h.type.descriptor.sql.BasicExtractor   : extracted value ([id1_7_] : [BIGINT]) - [121]
2021-03-10 22:37:37.746 TRACE 20712 --- [    Test worker] o.h.type.descriptor.sql.BasicExtractor   : extracted value ([id1_7_] : [BIGINT]) - [122]
2021-03-10 22:37:37.746 TRACE 20712 --- [    Test worker] o.h.type.descriptor.sql.BasicExtractor   : extracted value ([id1_7_] : [BIGINT]) - [123]
2021-03-10 22:37:37.746 TRACE 20712 --- [    Test worker] o.h.type.descriptor.sql.BasicExtractor   : extracted value ([id1_7_] : [BIGINT]) - [124]
2021-03-10 22:37:37.746 TRACE 20712 --- [    Test worker] o.h.type.descriptor.sql.BasicExtractor   : extracted value ([id1_7_] : [BIGINT]) - [125]
2021-03-10 22:37:37.746 TRACE 20712 --- [    Test worker] o.h.type.descriptor.sql.BasicExtractor   : extracted value ([id1_7_] : [BIGINT]) - [126]
2021-03-10 22:37:37.746 TRACE 20712 --- [    Test worker] o.h.type.descriptor.sql.BasicExtractor   : extracted value ([id1_7_] : [BIGINT]) - [127]
2021-03-10 22:37:37.746 TRACE 20712 --- [    Test worker] o.h.type.descriptor.sql.BasicExtractor   : extracted value ([id1_7_] : [BIGINT]) - [128]
2021-03-10 22:37:37.746 TRACE 20712 --- [    Test worker] o.h.type.descriptor.sql.BasicExtractor   : extracted value ([id1_7_] : [BIGINT]) - [129]
2021-03-10 22:37:37.746 TRACE 20712 --- [    Test worker] o.h.type.descriptor.sql.BasicExtractor   : extracted value ([id1_7_] : [BIGINT]) - [130]
2021-03-10 22:37:37.746 TRACE 20712 --- [    Test worker] o.h.type.descriptor.sql.BasicExtractor   : extracted value ([id1_7_] : [BIGINT]) - [131]
2021-03-10 22:37:37.746 TRACE 20712 --- [    Test worker] o.h.type.descriptor.sql.BasicExtractor   : extracted value ([id1_7_] : [BIGINT]) - [132]
2021-03-10 22:37:37.746 TRACE 20712 --- [    Test worker] o.h.type.descriptor.sql.BasicExtractor   : extracted value ([id1_7_] : [BIGINT]) - [133]
2021-03-10 22:37:37.746 TRACE 20712 --- [    Test worker] o.h.type.descriptor.sql.BasicExtractor   : extracted value ([id1_7_] : [BIGINT]) - [134]
2021-03-10 22:37:37.746 TRACE 20712 --- [    Test worker] o.h.type.descriptor.sql.BasicExtractor   : extracted value ([id1_7_] : [BIGINT]) - [135]
2021-03-10 22:37:37.746 TRACE 20712 --- [    Test worker] o.h.type.descriptor.sql.BasicExtractor   : extracted value ([id1_7_] : [BIGINT]) - [136]
2021-03-10 22:37:37.746 TRACE 20712 --- [    Test worker] o.h.type.descriptor.sql.BasicExtractor   : extracted value ([id1_7_] : [BIGINT]) - [137]
2021-03-10 22:37:37.746 TRACE 20712 --- [    Test worker] o.h.type.descriptor.sql.BasicExtractor   : extracted value ([id1_7_] : [BIGINT]) - [138]
2021-03-10 22:37:37.746 TRACE 20712 --- [    Test worker] o.h.type.descriptor.sql.BasicExtractor   : extracted value ([id1_7_] : [BIGINT]) - [139]
2021-03-10 22:37:37.746 TRACE 20712 --- [    Test worker] o.h.type.descriptor.sql.BasicExtractor   : extracted value ([id1_7_] : [BIGINT]) - [140]
2021-03-10 22:37:37.746 TRACE 20712 --- [    Test worker] o.h.type.descriptor.sql.BasicExtractor   : extracted value ([id1_7_] : [BIGINT]) - [141]
2021-03-10 22:37:37.746 TRACE 20712 --- [    Test worker] o.h.type.descriptor.sql.BasicExtractor   : extracted value ([id1_7_] : [BIGINT]) - [142]
2021-03-10 22:37:37.746 TRACE 20712 --- [    Test worker] o.h.type.descriptor.sql.BasicExtractor   : extracted value ([id1_7_] : [BIGINT]) - [143]
2021-03-10 22:37:37.746 TRACE 20712 --- [    Test worker] o.h.type.descriptor.sql.BasicExtractor   : extracted value ([id1_7_] : [BIGINT]) - [144]
2021-03-10 22:37:37.746 TRACE 20712 --- [    Test worker] o.h.type.descriptor.sql.BasicExtractor   : extracted value ([id1_7_] : [BIGINT]) - [145]
Hibernate: 
    select
        zone0_.id as id1_7_,
        zone0_.city as city2_7_,
        zone0_.local_name_of_city as local_na3_7_,
        zone0_.province as province4_7_ 
    from
        zone zone0_
2021-03-10 22:37:37.746 TRACE 20712 --- [    Test worker] o.h.type.descriptor.sql.BasicExtractor   : extracted value ([id1_7_] : [BIGINT]) - [61]
2021-03-10 22:37:37.746 TRACE 20712 --- [    Test worker] o.h.type.descriptor.sql.BasicExtractor   : extracted value ([id1_7_] : [BIGINT]) - [62]
2021-03-10 22:37:37.746 TRACE 20712 --- [    Test worker] o.h.type.descriptor.sql.BasicExtractor   : extracted value ([id1_7_] : [BIGINT]) - [63]
2021-03-10 22:37:37.746 TRACE 20712 --- [    Test worker] o.h.type.descriptor.sql.BasicExtractor   : extracted value ([id1_7_] : [BIGINT]) - [64]
2021-03-10 22:37:37.746 TRACE 20712 --- [    Test worker] o.h.type.descriptor.sql.BasicExtractor   : extracted value ([id1_7_] : [BIGINT]) - [65]
2021-03-10 22:37:37.746 TRACE 20712 --- [    Test worker] o.h.type.descriptor.sql.BasicExtractor   : extracted value ([id1_7_] : [BIGINT]) - [66]
2021-03-10 22:37:37.746 TRACE 20712 --- [    Test worker] o.h.type.descriptor.sql.BasicExtractor   : extracted value ([id1_7_] : [BIGINT]) - [67]
2021-03-10 22:37:37.746 TRACE 20712 --- [    Test worker] o.h.type.descriptor.sql.BasicExtractor   : extracted value ([id1_7_] : [BIGINT]) - [68]
2021-03-10 22:37:37.746 TRACE 20712 --- [    Test worker] o.h.type.descriptor.sql.BasicExtractor   : extracted value ([id1_7_] : [BIGINT]) - [69]
2021-03-10 22:37:37.746 TRACE 20712 --- [    Test worker] o.h.type.descriptor.sql.BasicExtractor   : extracted value ([id1_7_] : [BIGINT]) - [70]
2021-03-10 22:37:37.746 TRACE 20712 --- [    Test worker] o.h.type.descriptor.sql.BasicExtractor   : extracted value ([id1_7_] : [BIGINT]) - [71]
2021-03-10 22:37:37.746 TRACE 20712 --- [    Test worker] o.h.type.descriptor.sql.BasicExtractor   : extracted value ([id1_7_] : [BIGINT]) - [72]
2021-03-10 22:37:37.746 TRACE 20712 --- [    Test worker] o.h.type.descriptor.sql.BasicExtractor   : extracted value ([id1_7_] : [BIGINT]) - [73]
2021-03-10 22:37:37.746 TRACE 20712 --- [    Test worker] o.h.type.descriptor.sql.BasicExtractor   : extracted value ([id1_7_] : [BIGINT]) - [74]
2021-03-10 22:37:37.746 TRACE 20712 --- [    Test worker] o.h.type.descriptor.sql.BasicExtractor   : extracted value ([id1_7_] : [BIGINT]) - [75]
2021-03-10 22:37:37.746 TRACE 20712 --- [    Test worker] o.h.type.descriptor.sql.BasicExtractor   : extracted value ([id1_7_] : [BIGINT]) - [76]
2021-03-10 22:37:37.746 TRACE 20712 --- [    Test worker] o.h.type.descriptor.sql.BasicExtractor   : extracted value ([id1_7_] : [BIGINT]) - [77]
2021-03-10 22:37:37.746 TRACE 20712 --- [    Test worker] o.h.type.descriptor.sql.BasicExtractor   : extracted value ([id1_7_] : [BIGINT]) - [78]
2021-03-10 22:37:37.746 TRACE 20712 --- [    Test worker] o.h.type.descriptor.sql.BasicExtractor   : extracted value ([id1_7_] : [BIGINT]) - [79]
2021-03-10 22:37:37.746 TRACE 20712 --- [    Test worker] o.h.type.descriptor.sql.BasicExtractor   : extracted value ([id1_7_] : [BIGINT]) - [80]
2021-03-10 22:37:37.746 TRACE 20712 --- [    Test worker] o.h.type.descriptor.sql.BasicExtractor   : extracted value ([id1_7_] : [BIGINT]) - [81]
2021-03-10 22:37:37.746 TRACE 20712 --- [    Test worker] o.h.type.descriptor.sql.BasicExtractor   : extracted value ([id1_7_] : [BIGINT]) - [82]
2021-03-10 22:37:37.746 TRACE 20712 --- [    Test worker] o.h.type.descriptor.sql.BasicExtractor   : extracted value ([id1_7_] : [BIGINT]) - [83]
2021-03-10 22:37:37.746 TRACE 20712 --- [    Test worker] o.h.type.descriptor.sql.BasicExtractor   : extracted value ([id1_7_] : [BIGINT]) - [84]
2021-03-10 22:37:37.746 TRACE 20712 --- [    Test worker] o.h.type.descriptor.sql.BasicExtractor   : extracted value ([id1_7_] : [BIGINT]) - [85]
2021-03-10 22:37:37.746 TRACE 20712 --- [    Test worker] o.h.type.descriptor.sql.BasicExtractor   : extracted value ([id1_7_] : [BIGINT]) - [86]
2021-03-10 22:37:37.746 TRACE 20712 --- [    Test worker] o.h.type.descriptor.sql.BasicExtractor   : extracted value ([id1_7_] : [BIGINT]) - [87]
2021-03-10 22:37:37.746 TRACE 20712 --- [    Test worker] o.h.type.descriptor.sql.BasicExtractor   : extracted value ([id1_7_] : [BIGINT]) - [88]
2021-03-10 22:37:37.746 TRACE 20712 --- [    Test worker] o.h.type.descriptor.sql.BasicExtractor   : extracted value ([id1_7_] : [BIGINT]) - [89]
2021-03-10 22:37:37.746 TRACE 20712 --- [    Test worker] o.h.type.descriptor.sql.BasicExtractor   : extracted value ([id1_7_] : [BIGINT]) - [90]
2021-03-10 22:37:37.746 TRACE 20712 --- [    Test worker] o.h.type.descriptor.sql.BasicExtractor   : extracted value ([id1_7_] : [BIGINT]) - [91]
2021-03-10 22:37:37.746 TRACE 20712 --- [    Test worker] o.h.type.descriptor.sql.BasicExtractor   : extracted value ([id1_7_] : [BIGINT]) - [92]
2021-03-10 22:37:37.746 TRACE 20712 --- [    Test worker] o.h.type.descriptor.sql.BasicExtractor   : extracted value ([id1_7_] : [BIGINT]) - [93]
2021-03-10 22:37:37.746 TRACE 20712 --- [    Test worker] o.h.type.descriptor.sql.BasicExtractor   : extracted value ([id1_7_] : [BIGINT]) - [94]
2021-03-10 22:37:37.746 TRACE 20712 --- [    Test worker] o.h.type.descriptor.sql.BasicExtractor   : extracted value ([id1_7_] : [BIGINT]) - [95]
2021-03-10 22:37:37.746 TRACE 20712 --- [    Test worker] o.h.type.descriptor.sql.BasicExtractor   : extracted value ([id1_7_] : [BIGINT]) - [96]
2021-03-10 22:37:37.746 TRACE 20712 --- [    Test worker] o.h.type.descriptor.sql.BasicExtractor   : extracted value ([id1_7_] : [BIGINT]) - [97]
2021-03-10 22:37:37.746 TRACE 20712 --- [    Test worker] o.h.type.descriptor.sql.BasicExtractor   : extracted value ([id1_7_] : [BIGINT]) - [98]
2021-03-10 22:37:37.746 TRACE 20712 --- [    Test worker] o.h.type.descriptor.sql.BasicExtractor   : extracted value ([id1_7_] : [BIGINT]) - [99]
2021-03-10 22:37:37.746 TRACE 20712 --- [    Test worker] o.h.type.descriptor.sql.BasicExtractor   : extracted value ([id1_7_] : [BIGINT]) - [100]
2021-03-10 22:37:37.746 TRACE 20712 --- [    Test worker] o.h.type.descriptor.sql.BasicExtractor   : extracted value ([id1_7_] : [BIGINT]) - [101]
2021-03-10 22:37:37.746 TRACE 20712 --- [    Test worker] o.h.type.descriptor.sql.BasicExtractor   : extracted value ([id1_7_] : [BIGINT]) - [102]
2021-03-10 22:37:37.746 TRACE 20712 --- [    Test worker] o.h.type.descriptor.sql.BasicExtractor   : extracted value ([id1_7_] : [BIGINT]) - [103]
2021-03-10 22:37:37.746 TRACE 20712 --- [    Test worker] o.h.type.descriptor.sql.BasicExtractor   : extracted value ([id1_7_] : [BIGINT]) - [104]
2021-03-10 22:37:37.746 TRACE 20712 --- [    Test worker] o.h.type.descriptor.sql.BasicExtractor   : extracted value ([id1_7_] : [BIGINT]) - [105]
2021-03-10 22:37:37.746 TRACE 20712 --- [    Test worker] o.h.type.descriptor.sql.BasicExtractor   : extracted value ([id1_7_] : [BIGINT]) - [106]
2021-03-10 22:37:37.746 TRACE 20712 --- [    Test worker] o.h.type.descriptor.sql.BasicExtractor   : extracted value ([id1_7_] : [BIGINT]) - [107]
2021-03-10 22:37:37.746 TRACE 20712 --- [    Test worker] o.h.type.descriptor.sql.BasicExtractor   : extracted value ([id1_7_] : [BIGINT]) - [108]
2021-03-10 22:37:37.746 TRACE 20712 --- [    Test worker] o.h.type.descriptor.sql.BasicExtractor   : extracted value ([id1_7_] : [BIGINT]) - [109]
2021-03-10 22:37:37.746 TRACE 20712 --- [    Test worker] o.h.type.descriptor.sql.BasicExtractor   : extracted value ([id1_7_] : [BIGINT]) - [110]
2021-03-10 22:37:37.746 TRACE 20712 --- [    Test worker] o.h.type.descriptor.sql.BasicExtractor   : extracted value ([id1_7_] : [BIGINT]) - [111]
2021-03-10 22:37:37.746 TRACE 20712 --- [    Test worker] o.h.type.descriptor.sql.BasicExtractor   : extracted value ([id1_7_] : [BIGINT]) - [112]
2021-03-10 22:37:37.746 TRACE 20712 --- [    Test worker] o.h.type.descriptor.sql.BasicExtractor   : extracted value ([id1_7_] : [BIGINT]) - [113]
2021-03-10 22:37:37.746 TRACE 20712 --- [    Test worker] o.h.type.descriptor.sql.BasicExtractor   : extracted value ([id1_7_] : [BIGINT]) - [114]
2021-03-10 22:37:37.746 TRACE 20712 --- [    Test worker] o.h.type.descriptor.sql.BasicExtractor   : extracted value ([id1_7_] : [BIGINT]) - [115]
2021-03-10 22:37:37.746 TRACE 20712 --- [    Test worker] o.h.type.descriptor.sql.BasicExtractor   : extracted value ([id1_7_] : [BIGINT]) - [116]
2021-03-10 22:37:37.746 TRACE 20712 --- [    Test worker] o.h.type.descriptor.sql.BasicExtractor   : extracted value ([id1_7_] : [BIGINT]) - [117]
2021-03-10 22:37:37.746 TRACE 20712 --- [    Test worker] o.h.type.descriptor.sql.BasicExtractor   : extracted value ([id1_7_] : [BIGINT]) - [118]
2021-03-10 22:37:37.746 TRACE 20712 --- [    Test worker] o.h.type.descriptor.sql.BasicExtractor   : extracted value ([id1_7_] : [BIGINT]) - [119]
2021-03-10 22:37:37.746 TRACE 20712 --- [    Test worker] o.h.type.descriptor.sql.BasicExtractor   : extracted value ([id1_7_] : [BIGINT]) - [120]
2021-03-10 22:37:37.746 TRACE 20712 --- [    Test worker] o.h.type.descriptor.sql.BasicExtractor   : extracted value ([id1_7_] : [BIGINT]) - [121]
2021-03-10 22:37:37.746 TRACE 20712 --- [    Test worker] o.h.type.descriptor.sql.BasicExtractor   : extracted value ([id1_7_] : [BIGINT]) - [122]
2021-03-10 22:37:37.746 TRACE 20712 --- [    Test worker] o.h.type.descriptor.sql.BasicExtractor   : extracted value ([id1_7_] : [BIGINT]) - [123]
2021-03-10 22:37:37.746 TRACE 20712 --- [    Test worker] o.h.type.descriptor.sql.BasicExtractor   : extracted value ([id1_7_] : [BIGINT]) - [124]
2021-03-10 22:37:37.746 TRACE 20712 --- [    Test worker] o.h.type.descriptor.sql.BasicExtractor   : extracted value ([id1_7_] : [BIGINT]) - [125]
2021-03-10 22:37:37.746 TRACE 20712 --- [    Test worker] o.h.type.descriptor.sql.BasicExtractor   : extracted value ([id1_7_] : [BIGINT]) - [126]
2021-03-10 22:37:37.746 TRACE 20712 --- [    Test worker] o.h.type.descriptor.sql.BasicExtractor   : extracted value ([id1_7_] : [BIGINT]) - [127]
2021-03-10 22:37:37.746 TRACE 20712 --- [    Test worker] o.h.type.descriptor.sql.BasicExtractor   : extracted value ([id1_7_] : [BIGINT]) - [128]
2021-03-10 22:37:37.746 TRACE 20712 --- [    Test worker] o.h.type.descriptor.sql.BasicExtractor   : extracted value ([id1_7_] : [BIGINT]) - [129]
2021-03-10 22:37:37.746 TRACE 20712 --- [    Test worker] o.h.type.descriptor.sql.BasicExtractor   : extracted value ([id1_7_] : [BIGINT]) - [130]
2021-03-10 22:37:37.746 TRACE 20712 --- [    Test worker] o.h.type.descriptor.sql.BasicExtractor   : extracted value ([id1_7_] : [BIGINT]) - [131]
2021-03-10 22:37:37.746 TRACE 20712 --- [    Test worker] o.h.type.descriptor.sql.BasicExtractor   : extracted value ([id1_7_] : [BIGINT]) - [132]
2021-03-10 22:37:37.746 TRACE 20712 --- [    Test worker] o.h.type.descriptor.sql.BasicExtractor   : extracted value ([id1_7_] : [BIGINT]) - [133]
2021-03-10 22:37:37.746 TRACE 20712 --- [    Test worker] o.h.type.descriptor.sql.BasicExtractor   : extracted value ([id1_7_] : [BIGINT]) - [134]
2021-03-10 22:37:37.746 TRACE 20712 --- [    Test worker] o.h.type.descriptor.sql.BasicExtractor   : extracted value ([id1_7_] : [BIGINT]) - [135]
2021-03-10 22:37:37.746 TRACE 20712 --- [    Test worker] o.h.type.descriptor.sql.BasicExtractor   : extracted value ([id1_7_] : [BIGINT]) - [136]
2021-03-10 22:37:37.746 TRACE 20712 --- [    Test worker] o.h.type.descriptor.sql.BasicExtractor   : extracted value ([id1_7_] : [BIGINT]) - [137]
2021-03-10 22:37:37.746 TRACE 20712 --- [    Test worker] o.h.type.descriptor.sql.BasicExtractor   : extracted value ([id1_7_] : [BIGINT]) - [138]
2021-03-10 22:37:37.746 TRACE 20712 --- [    Test worker] o.h.type.descriptor.sql.BasicExtractor   : extracted value ([id1_7_] : [BIGINT]) - [139]
2021-03-10 22:37:37.746 TRACE 20712 --- [    Test worker] o.h.type.descriptor.sql.BasicExtractor   : extracted value ([id1_7_] : [BIGINT]) - [140]
2021-03-10 22:37:37.746 TRACE 20712 --- [    Test worker] o.h.type.descriptor.sql.BasicExtractor   : extracted value ([id1_7_] : [BIGINT]) - [141]
2021-03-10 22:37:37.746 TRACE 20712 --- [    Test worker] o.h.type.descriptor.sql.BasicExtractor   : extracted value ([id1_7_] : [BIGINT]) - [142]
2021-03-10 22:37:37.746 TRACE 20712 --- [    Test worker] o.h.type.descriptor.sql.BasicExtractor   : extracted value ([id1_7_] : [BIGINT]) - [143]
2021-03-10 22:37:37.746 TRACE 20712 --- [    Test worker] o.h.type.descriptor.sql.BasicExtractor   : extracted value ([id1_7_] : [BIGINT]) - [144]
2021-03-10 22:37:37.746 TRACE 20712 --- [    Test worker] o.h.type.descriptor.sql.BasicExtractor   : extracted value ([id1_7_] : [BIGINT]) - [145]
Hibernate: 
    select
        zone0_.id as id1_7_,
        zone0_.city as city2_7_,
        zone0_.local_name_of_city as local_na3_7_,
        zone0_.province as province4_7_ 
    from
        zone zone0_
2021-03-10 22:37:37.746 TRACE 20712 --- [    Test worker] o.h.type.descriptor.sql.BasicExtractor   : extracted value ([id1_7_] : [BIGINT]) - [61]
2021-03-10 22:37:37.746 TRACE 20712 --- [    Test worker] o.h.type.descriptor.sql.BasicExtractor   : extracted value ([id1_7_] : [BIGINT]) - [62]
2021-03-10 22:37:37.746 TRACE 20712 --- [    Test worker] o.h.type.descriptor.sql.BasicExtractor   : extracted value ([id1_7_] : [BIGINT]) - [63]
2021-03-10 22:37:37.746 TRACE 20712 --- [    Test worker] o.h.type.descriptor.sql.BasicExtractor   : extracted value ([id1_7_] : [BIGINT]) - [64]
2021-03-10 22:37:37.746 TRACE 20712 --- [    Test worker] o.h.type.descriptor.sql.BasicExtractor   : extracted value ([id1_7_] : [BIGINT]) - [65]
2021-03-10 22:37:37.746 TRACE 20712 --- [    Test worker] o.h.type.descriptor.sql.BasicExtractor   : extracted value ([id1_7_] : [BIGINT]) - [66]
2021-03-10 22:37:37.746 TRACE 20712 --- [    Test worker] o.h.type.descriptor.sql.BasicExtractor   : extracted value ([id1_7_] : [BIGINT]) - [67]
2021-03-10 22:37:37.746 TRACE 20712 --- [    Test worker] o.h.type.descriptor.sql.BasicExtractor   : extracted value ([id1_7_] : [BIGINT]) - [68]
2021-03-10 22:37:37.746 TRACE 20712 --- [    Test worker] o.h.type.descriptor.sql.BasicExtractor   : extracted value ([id1_7_] : [BIGINT]) - [69]
2021-03-10 22:37:37.746 TRACE 20712 --- [    Test worker] o.h.type.descriptor.sql.BasicExtractor   : extracted value ([id1_7_] : [BIGINT]) - [70]
2021-03-10 22:37:37.746 TRACE 20712 --- [    Test worker] o.h.type.descriptor.sql.BasicExtractor   : extracted value ([id1_7_] : [BIGINT]) - [71]
2021-03-10 22:37:37.746 TRACE 20712 --- [    Test worker] o.h.type.descriptor.sql.BasicExtractor   : extracted value ([id1_7_] : [BIGINT]) - [72]
2021-03-10 22:37:37.746 TRACE 20712 --- [    Test worker] o.h.type.descriptor.sql.BasicExtractor   : extracted value ([id1_7_] : [BIGINT]) - [73]
2021-03-10 22:37:37.746 TRACE 20712 --- [    Test worker] o.h.type.descriptor.sql.BasicExtractor   : extracted value ([id1_7_] : [BIGINT]) - [74]
2021-03-10 22:37:37.746 TRACE 20712 --- [    Test worker] o.h.type.descriptor.sql.BasicExtractor   : extracted value ([id1_7_] : [BIGINT]) - [75]
2021-03-10 22:37:37.746 TRACE 20712 --- [    Test worker] o.h.type.descriptor.sql.BasicExtractor   : extracted value ([id1_7_] : [BIGINT]) - [76]
2021-03-10 22:37:37.746 TRACE 20712 --- [    Test worker] o.h.type.descriptor.sql.BasicExtractor   : extracted value ([id1_7_] : [BIGINT]) - [77]
2021-03-10 22:37:37.746 TRACE 20712 --- [    Test worker] o.h.type.descriptor.sql.BasicExtractor   : extracted value ([id1_7_] : [BIGINT]) - [78]
2021-03-10 22:37:37.746 TRACE 20712 --- [    Test worker] o.h.type.descriptor.sql.BasicExtractor   : extracted value ([id1_7_] : [BIGINT]) - [79]
2021-03-10 22:37:37.746 TRACE 20712 --- [    Test worker] o.h.type.descriptor.sql.BasicExtractor   : extracted value ([id1_7_] : [BIGINT]) - [80]
2021-03-10 22:37:37.746 TRACE 20712 --- [    Test worker] o.h.type.descriptor.sql.BasicExtractor   : extracted value ([id1_7_] : [BIGINT]) - [81]
2021-03-10 22:37:37.746 TRACE 20712 --- [    Test worker] o.h.type.descriptor.sql.BasicExtractor   : extracted value ([id1_7_] : [BIGINT]) - [82]
2021-03-10 22:37:37.746 TRACE 20712 --- [    Test worker] o.h.type.descriptor.sql.BasicExtractor   : extracted value ([id1_7_] : [BIGINT]) - [83]
2021-03-10 22:37:37.746 TRACE 20712 --- [    Test worker] o.h.type.descriptor.sql.BasicExtractor   : extracted value ([id1_7_] : [BIGINT]) - [84]
2021-03-10 22:37:37.746 TRACE 20712 --- [    Test worker] o.h.type.descriptor.sql.BasicExtractor   : extracted value ([id1_7_] : [BIGINT]) - [85]
2021-03-10 22:37:37.746 TRACE 20712 --- [    Test worker] o.h.type.descriptor.sql.BasicExtractor   : extracted value ([id1_7_] : [BIGINT]) - [86]
2021-03-10 22:37:37.746 TRACE 20712 --- [    Test worker] o.h.type.descriptor.sql.BasicExtractor   : extracted value ([id1_7_] : [BIGINT]) - [87]
2021-03-10 22:37:37.746 TRACE 20712 --- [    Test worker] o.h.type.descriptor.sql.BasicExtractor   : extracted value ([id1_7_] : [BIGINT]) - [88]
2021-03-10 22:37:37.746 TRACE 20712 --- [    Test worker] o.h.type.descriptor.sql.BasicExtractor   : extracted value ([id1_7_] : [BIGINT]) - [89]
2021-03-10 22:37:37.746 TRACE 20712 --- [    Test worker] o.h.type.descriptor.sql.BasicExtractor   : extracted value ([id1_7_] : [BIGINT]) - [90]
2021-03-10 22:37:37.746 TRACE 20712 --- [    Test worker] o.h.type.descriptor.sql.BasicExtractor   : extracted value ([id1_7_] : [BIGINT]) - [91]
2021-03-10 22:37:37.746 TRACE 20712 --- [    Test worker] o.h.type.descriptor.sql.BasicExtractor   : extracted value ([id1_7_] : [BIGINT]) - [92]
2021-03-10 22:37:37.746 TRACE 20712 --- [    Test worker] o.h.type.descriptor.sql.BasicExtractor   : extracted value ([id1_7_] : [BIGINT]) - [93]
2021-03-10 22:37:37.746 TRACE 20712 --- [    Test worker] o.h.type.descriptor.sql.BasicExtractor   : extracted value ([id1_7_] : [BIGINT]) - [94]
2021-03-10 22:37:37.746 TRACE 20712 --- [    Test worker] o.h.type.descriptor.sql.BasicExtractor   : extracted value ([id1_7_] : [BIGINT]) - [95]
2021-03-10 22:37:37.746 TRACE 20712 --- [    Test worker] o.h.type.descriptor.sql.BasicExtractor   : extracted value ([id1_7_] : [BIGINT]) - [96]
2021-03-10 22:37:37.746 TRACE 20712 --- [    Test worker] o.h.type.descriptor.sql.BasicExtractor   : extracted value ([id1_7_] : [BIGINT]) - [97]
2021-03-10 22:37:37.746 TRACE 20712 --- [    Test worker] o.h.type.descriptor.sql.BasicExtractor   : extracted value ([id1_7_] : [BIGINT]) - [98]
2021-03-10 22:37:37.746 TRACE 20712 --- [    Test worker] o.h.type.descriptor.sql.BasicExtractor   : extracted value ([id1_7_] : [BIGINT]) - [99]
2021-03-10 22:37:37.746 TRACE 20712 --- [    Test worker] o.h.type.descriptor.sql.BasicExtractor   : extracted value ([id1_7_] : [BIGINT]) - [100]
2021-03-10 22:37:37.746 TRACE 20712 --- [    Test worker] o.h.type.descriptor.sql.BasicExtractor   : extracted value ([id1_7_] : [BIGINT]) - [101]
2021-03-10 22:37:37.746 TRACE 20712 --- [    Test worker] o.h.type.descriptor.sql.BasicExtractor   : extracted value ([id1_7_] : [BIGINT]) - [102]
2021-03-10 22:37:37.746 TRACE 20712 --- [    Test worker] o.h.type.descriptor.sql.BasicExtractor   : extracted value ([id1_7_] : [BIGINT]) - [103]
2021-03-10 22:37:37.746 TRACE 20712 --- [    Test worker] o.h.type.descriptor.sql.BasicExtractor   : extracted value ([id1_7_] : [BIGINT]) - [104]
2021-03-10 22:37:37.746 TRACE 20712 --- [    Test worker] o.h.type.descriptor.sql.BasicExtractor   : extracted value ([id1_7_] : [BIGINT]) - [105]
2021-03-10 22:37:37.746 TRACE 20712 --- [    Test worker] o.h.type.descriptor.sql.BasicExtractor   : extracted value ([id1_7_] : [BIGINT]) - [106]
2021-03-10 22:37:37.746 TRACE 20712 --- [    Test worker] o.h.type.descriptor.sql.BasicExtractor   : extracted value ([id1_7_] : [BIGINT]) - [107]
2021-03-10 22:37:37.746 TRACE 20712 --- [    Test worker] o.h.type.descriptor.sql.BasicExtractor   : extracted value ([id1_7_] : [BIGINT]) - [108]
2021-03-10 22:37:37.746 TRACE 20712 --- [    Test worker] o.h.type.descriptor.sql.BasicExtractor   : extracted value ([id1_7_] : [BIGINT]) - [109]
2021-03-10 22:37:37.746 TRACE 20712 --- [    Test worker] o.h.type.descriptor.sql.BasicExtractor   : extracted value ([id1_7_] : [BIGINT]) - [110]
2021-03-10 22:37:37.746 TRACE 20712 --- [    Test worker] o.h.type.descriptor.sql.BasicExtractor   : extracted value ([id1_7_] : [BIGINT]) - [111]
2021-03-10 22:37:37.746 TRACE 20712 --- [    Test worker] o.h.type.descriptor.sql.BasicExtractor   : extracted value ([id1_7_] : [BIGINT]) - [112]
2021-03-10 22:37:37.746 TRACE 20712 --- [    Test worker] o.h.type.descriptor.sql.BasicExtractor   : extracted value ([id1_7_] : [BIGINT]) - [113]
2021-03-10 22:37:37.746 TRACE 20712 --- [    Test worker] o.h.type.descriptor.sql.BasicExtractor   : extracted value ([id1_7_] : [BIGINT]) - [114]
2021-03-10 22:37:37.746 TRACE 20712 --- [    Test worker] o.h.type.descriptor.sql.BasicExtractor   : extracted value ([id1_7_] : [BIGINT]) - [115]
2021-03-10 22:37:37.746 TRACE 20712 --- [    Test worker] o.h.type.descriptor.sql.BasicExtractor   : extracted value ([id1_7_] : [BIGINT]) - [116]
2021-03-10 22:37:37.746 TRACE 20712 --- [    Test worker] o.h.type.descriptor.sql.BasicExtractor   : extracted value ([id1_7_] : [BIGINT]) - [117]
2021-03-10 22:37:37.746 TRACE 20712 --- [    Test worker] o.h.type.descriptor.sql.BasicExtractor   : extracted value ([id1_7_] : [BIGINT]) - [118]
2021-03-10 22:37:37.746 TRACE 20712 --- [    Test worker] o.h.type.descriptor.sql.BasicExtractor   : extracted value ([id1_7_] : [BIGINT]) - [119]
2021-03-10 22:37:37.746 TRACE 20712 --- [    Test worker] o.h.type.descriptor.sql.BasicExtractor   : extracted value ([id1_7_] : [BIGINT]) - [120]
2021-03-10 22:37:37.746 TRACE 20712 --- [    Test worker] o.h.type.descriptor.sql.BasicExtractor   : extracted value ([id1_7_] : [BIGINT]) - [121]
2021-03-10 22:37:37.746 TRACE 20712 --- [    Test worker] o.h.type.descriptor.sql.BasicExtractor   : extracted value ([id1_7_] : [BIGINT]) - [122]
2021-03-10 22:37:37.746 TRACE 20712 --- [    Test worker] o.h.type.descriptor.sql.BasicExtractor   : extracted value ([id1_7_] : [BIGINT]) - [123]
2021-03-10 22:37:37.746 TRACE 20712 --- [    Test worker] o.h.type.descriptor.sql.BasicExtractor   : extracted value ([id1_7_] : [BIGINT]) - [124]
2021-03-10 22:37:37.746 TRACE 20712 --- [    Test worker] o.h.type.descriptor.sql.BasicExtractor   : extracted value ([id1_7_] : [BIGINT]) - [125]
2021-03-10 22:37:37.746 TRACE 20712 --- [    Test worker] o.h.type.descriptor.sql.BasicExtractor   : extracted value ([id1_7_] : [BIGINT]) - [126]
2021-03-10 22:37:37.746 TRACE 20712 --- [    Test worker] o.h.type.descriptor.sql.BasicExtractor   : extracted value ([id1_7_] : [BIGINT]) - [127]
2021-03-10 22:37:37.746 TRACE 20712 --- [    Test worker] o.h.type.descriptor.sql.BasicExtractor   : extracted value ([id1_7_] : [BIGINT]) - [128]
2021-03-10 22:37:37.746 TRACE 20712 --- [    Test worker] o.h.type.descriptor.sql.BasicExtractor   : extracted value ([id1_7_] : [BIGINT]) - [129]
2021-03-10 22:37:37.746 TRACE 20712 --- [    Test worker] o.h.type.descriptor.sql.BasicExtractor   : extracted value ([id1_7_] : [BIGINT]) - [130]
2021-03-10 22:37:37.746 TRACE 20712 --- [    Test worker] o.h.type.descriptor.sql.BasicExtractor   : extracted value ([id1_7_] : [BIGINT]) - [131]
2021-03-10 22:37:37.746 TRACE 20712 --- [    Test worker] o.h.type.descriptor.sql.BasicExtractor   : extracted value ([id1_7_] : [BIGINT]) - [132]
2021-03-10 22:37:37.746 TRACE 20712 --- [    Test worker] o.h.type.descriptor.sql.BasicExtractor   : extracted value ([id1_7_] : [BIGINT]) - [133]
2021-03-10 22:37:37.746 TRACE 20712 --- [    Test worker] o.h.type.descriptor.sql.BasicExtractor   : extracted value ([id1_7_] : [BIGINT]) - [134]
2021-03-10 22:37:37.746 TRACE 20712 --- [    Test worker] o.h.type.descriptor.sql.BasicExtractor   : extracted value ([id1_7_] : [BIGINT]) - [135]
2021-03-10 22:37:37.746 TRACE 20712 --- [    Test worker] o.h.type.descriptor.sql.BasicExtractor   : extracted value ([id1_7_] : [BIGINT]) - [136]
2021-03-10 22:37:37.746 TRACE 20712 --- [    Test worker] o.h.type.descriptor.sql.BasicExtractor   : extracted value ([id1_7_] : [BIGINT]) - [137]
2021-03-10 22:37:37.746 TRACE 20712 --- [    Test worker] o.h.type.descriptor.sql.BasicExtractor   : extracted value ([id1_7_] : [BIGINT]) - [138]
2021-03-10 22:37:37.746 TRACE 20712 --- [    Test worker] o.h.type.descriptor.sql.BasicExtractor   : extracted value ([id1_7_] : [BIGINT]) - [139]
2021-03-10 22:37:37.746 TRACE 20712 --- [    Test worker] o.h.type.descriptor.sql.BasicExtractor   : extracted value ([id1_7_] : [BIGINT]) - [140]
2021-03-10 22:37:37.746 TRACE 20712 --- [    Test worker] o.h.type.descriptor.sql.BasicExtractor   : extracted value ([id1_7_] : [BIGINT]) - [141]
2021-03-10 22:37:37.746 TRACE 20712 --- [    Test worker] o.h.type.descriptor.sql.BasicExtractor   : extracted value ([id1_7_] : [BIGINT]) - [142]
2021-03-10 22:37:37.746 TRACE 20712 --- [    Test worker] o.h.type.descriptor.sql.BasicExtractor   : extracted value ([id1_7_] : [BIGINT]) - [143]
2021-03-10 22:37:37.746 TRACE 20712 --- [    Test worker] o.h.type.descriptor.sql.BasicExtractor   : extracted value ([id1_7_] : [BIGINT]) - [144]
2021-03-10 22:37:37.746 TRACE 20712 --- [    Test worker] o.h.type.descriptor.sql.BasicExtractor   : extracted value ([id1_7_] : [BIGINT]) - [145]
Hibernate: 
    select
        zone0_.id as id1_7_,
        zone0_.city as city2_7_,
        zone0_.local_name_of_city as local_na3_7_,
        zone0_.province as province4_7_ 
    from
        zone zone0_
2021-03-10 22:37:37.762 TRACE 20712 --- [    Test worker] o.h.type.descriptor.sql.BasicExtractor   : extracted value ([id1_7_] : [BIGINT]) - [61]
2021-03-10 22:37:37.762 TRACE 20712 --- [    Test worker] o.h.type.descriptor.sql.BasicExtractor   : extracted value ([id1_7_] : [BIGINT]) - [62]
2021-03-10 22:37:37.762 TRACE 20712 --- [    Test worker] o.h.type.descriptor.sql.BasicExtractor   : extracted value ([id1_7_] : [BIGINT]) - [63]
2021-03-10 22:37:37.762 TRACE 20712 --- [    Test worker] o.h.type.descriptor.sql.BasicExtractor   : extracted value ([id1_7_] : [BIGINT]) - [64]
2021-03-10 22:37:37.762 TRACE 20712 --- [    Test worker] o.h.type.descriptor.sql.BasicExtractor   : extracted value ([id1_7_] : [BIGINT]) - [65]
2021-03-10 22:37:37.762 TRACE 20712 --- [    Test worker] o.h.type.descriptor.sql.BasicExtractor   : extracted value ([id1_7_] : [BIGINT]) - [66]
2021-03-10 22:37:37.762 TRACE 20712 --- [    Test worker] o.h.type.descriptor.sql.BasicExtractor   : extracted value ([id1_7_] : [BIGINT]) - [67]
2021-03-10 22:37:37.762 TRACE 20712 --- [    Test worker] o.h.type.descriptor.sql.BasicExtractor   : extracted value ([id1_7_] : [BIGINT]) - [68]
2021-03-10 22:37:37.762 TRACE 20712 --- [    Test worker] o.h.type.descriptor.sql.BasicExtractor   : extracted value ([id1_7_] : [BIGINT]) - [69]
2021-03-10 22:37:37.762 TRACE 20712 --- [    Test worker] o.h.type.descriptor.sql.BasicExtractor   : extracted value ([id1_7_] : [BIGINT]) - [70]
2021-03-10 22:37:37.762 TRACE 20712 --- [    Test worker] o.h.type.descriptor.sql.BasicExtractor   : extracted value ([id1_7_] : [BIGINT]) - [71]
2021-03-10 22:37:37.762 TRACE 20712 --- [    Test worker] o.h.type.descriptor.sql.BasicExtractor   : extracted value ([id1_7_] : [BIGINT]) - [72]
2021-03-10 22:37:37.762 TRACE 20712 --- [    Test worker] o.h.type.descriptor.sql.BasicExtractor   : extracted value ([id1_7_] : [BIGINT]) - [73]
2021-03-10 22:37:37.762 TRACE 20712 --- [    Test worker] o.h.type.descriptor.sql.BasicExtractor   : extracted value ([id1_7_] : [BIGINT]) - [74]
2021-03-10 22:37:37.762 TRACE 20712 --- [    Test worker] o.h.type.descriptor.sql.BasicExtractor   : extracted value ([id1_7_] : [BIGINT]) - [75]
2021-03-10 22:37:37.762 TRACE 20712 --- [    Test worker] o.h.type.descriptor.sql.BasicExtractor   : extracted value ([id1_7_] : [BIGINT]) - [76]
2021-03-10 22:37:37.762 TRACE 20712 --- [    Test worker] o.h.type.descriptor.sql.BasicExtractor   : extracted value ([id1_7_] : [BIGINT]) - [77]
2021-03-10 22:37:37.762 TRACE 20712 --- [    Test worker] o.h.type.descriptor.sql.BasicExtractor   : extracted value ([id1_7_] : [BIGINT]) - [78]
2021-03-10 22:37:37.762 TRACE 20712 --- [    Test worker] o.h.type.descriptor.sql.BasicExtractor   : extracted value ([id1_7_] : [BIGINT]) - [79]
2021-03-10 22:37:37.762 TRACE 20712 --- [    Test worker] o.h.type.descriptor.sql.BasicExtractor   : extracted value ([id1_7_] : [BIGINT]) - [80]
2021-03-10 22:37:37.762 TRACE 20712 --- [    Test worker] o.h.type.descriptor.sql.BasicExtractor   : extracted value ([id1_7_] : [BIGINT]) - [81]
2021-03-10 22:37:37.762 TRACE 20712 --- [    Test worker] o.h.type.descriptor.sql.BasicExtractor   : extracted value ([id1_7_] : [BIGINT]) - [82]
2021-03-10 22:37:37.762 TRACE 20712 --- [    Test worker] o.h.type.descriptor.sql.BasicExtractor   : extracted value ([id1_7_] : [BIGINT]) - [83]
2021-03-10 22:37:37.762 TRACE 20712 --- [    Test worker] o.h.type.descriptor.sql.BasicExtractor   : extracted value ([id1_7_] : [BIGINT]) - [84]
2021-03-10 22:37:37.762 TRACE 20712 --- [    Test worker] o.h.type.descriptor.sql.BasicExtractor   : extracted value ([id1_7_] : [BIGINT]) - [85]
2021-03-10 22:37:37.762 TRACE 20712 --- [    Test worker] o.h.type.descriptor.sql.BasicExtractor   : extracted value ([id1_7_] : [BIGINT]) - [86]
2021-03-10 22:37:37.762 TRACE 20712 --- [    Test worker] o.h.type.descriptor.sql.BasicExtractor   : extracted value ([id1_7_] : [BIGINT]) - [87]
2021-03-10 22:37:37.762 TRACE 20712 --- [    Test worker] o.h.type.descriptor.sql.BasicExtractor   : extracted value ([id1_7_] : [BIGINT]) - [88]
2021-03-10 22:37:37.762 TRACE 20712 --- [    Test worker] o.h.type.descriptor.sql.BasicExtractor   : extracted value ([id1_7_] : [BIGINT]) - [89]
2021-03-10 22:37:37.762 TRACE 20712 --- [    Test worker] o.h.type.descriptor.sql.BasicExtractor   : extracted value ([id1_7_] : [BIGINT]) - [90]
2021-03-10 22:37:37.762 TRACE 20712 --- [    Test worker] o.h.type.descriptor.sql.BasicExtractor   : extracted value ([id1_7_] : [BIGINT]) - [91]
2021-03-10 22:37:37.762 TRACE 20712 --- [    Test worker] o.h.type.descriptor.sql.BasicExtractor   : extracted value ([id1_7_] : [BIGINT]) - [92]
2021-03-10 22:37:37.762 TRACE 20712 --- [    Test worker] o.h.type.descriptor.sql.BasicExtractor   : extracted value ([id1_7_] : [BIGINT]) - [93]
2021-03-10 22:37:37.762 TRACE 20712 --- [    Test worker] o.h.type.descriptor.sql.BasicExtractor   : extracted value ([id1_7_] : [BIGINT]) - [94]
2021-03-10 22:37:37.762 TRACE 20712 --- [    Test worker] o.h.type.descriptor.sql.BasicExtractor   : extracted value ([id1_7_] : [BIGINT]) - [95]
2021-03-10 22:37:37.762 TRACE 20712 --- [    Test worker] o.h.type.descriptor.sql.BasicExtractor   : extracted value ([id1_7_] : [BIGINT]) - [96]
2021-03-10 22:37:37.762 TRACE 20712 --- [    Test worker] o.h.type.descriptor.sql.BasicExtractor   : extracted value ([id1_7_] : [BIGINT]) - [97]
2021-03-10 22:37:37.762 TRACE 20712 --- [    Test worker] o.h.type.descriptor.sql.BasicExtractor   : extracted value ([id1_7_] : [BIGINT]) - [98]
2021-03-10 22:37:37.762 TRACE 20712 --- [    Test worker] o.h.type.descriptor.sql.BasicExtractor   : extracted value ([id1_7_] : [BIGINT]) - [99]
2021-03-10 22:37:37.762 TRACE 20712 --- [    Test worker] o.h.type.descriptor.sql.BasicExtractor   : extracted value ([id1_7_] : [BIGINT]) - [100]
2021-03-10 22:37:37.762 TRACE 20712 --- [    Test worker] o.h.type.descriptor.sql.BasicExtractor   : extracted value ([id1_7_] : [BIGINT]) - [101]
2021-03-10 22:37:37.762 TRACE 20712 --- [    Test worker] o.h.type.descriptor.sql.BasicExtractor   : extracted value ([id1_7_] : [BIGINT]) - [102]
2021-03-10 22:37:37.762 TRACE 20712 --- [    Test worker] o.h.type.descriptor.sql.BasicExtractor   : extracted value ([id1_7_] : [BIGINT]) - [103]
2021-03-10 22:37:37.762 TRACE 20712 --- [    Test worker] o.h.type.descriptor.sql.BasicExtractor   : extracted value ([id1_7_] : [BIGINT]) - [104]
2021-03-10 22:37:37.762 TRACE 20712 --- [    Test worker] o.h.type.descriptor.sql.BasicExtractor   : extracted value ([id1_7_] : [BIGINT]) - [105]
2021-03-10 22:37:37.762 TRACE 20712 --- [    Test worker] o.h.type.descriptor.sql.BasicExtractor   : extracted value ([id1_7_] : [BIGINT]) - [106]
2021-03-10 22:37:37.762 TRACE 20712 --- [    Test worker] o.h.type.descriptor.sql.BasicExtractor   : extracted value ([id1_7_] : [BIGINT]) - [107]
2021-03-10 22:37:37.762 TRACE 20712 --- [    Test worker] o.h.type.descriptor.sql.BasicExtractor   : extracted value ([id1_7_] : [BIGINT]) - [108]
2021-03-10 22:37:37.762 TRACE 20712 --- [    Test worker] o.h.type.descriptor.sql.BasicExtractor   : extracted value ([id1_7_] : [BIGINT]) - [109]
2021-03-10 22:37:37.762 TRACE 20712 --- [    Test worker] o.h.type.descriptor.sql.BasicExtractor   : extracted value ([id1_7_] : [BIGINT]) - [110]
2021-03-10 22:37:37.762 TRACE 20712 --- [    Test worker] o.h.type.descriptor.sql.BasicExtractor   : extracted value ([id1_7_] : [BIGINT]) - [111]
2021-03-10 22:37:37.762 TRACE 20712 --- [    Test worker] o.h.type.descriptor.sql.BasicExtractor   : extracted value ([id1_7_] : [BIGINT]) - [112]
2021-03-10 22:37:37.762 TRACE 20712 --- [    Test worker] o.h.type.descriptor.sql.BasicExtractor   : extracted value ([id1_7_] : [BIGINT]) - [113]
2021-03-10 22:37:37.762 TRACE 20712 --- [    Test worker] o.h.type.descriptor.sql.BasicExtractor   : extracted value ([id1_7_] : [BIGINT]) - [114]
2021-03-10 22:37:37.762 TRACE 20712 --- [    Test worker] o.h.type.descriptor.sql.BasicExtractor   : extracted value ([id1_7_] : [BIGINT]) - [115]
2021-03-10 22:37:37.762 TRACE 20712 --- [    Test worker] o.h.type.descriptor.sql.BasicExtractor   : extracted value ([id1_7_] : [BIGINT]) - [116]
2021-03-10 22:37:37.762 TRACE 20712 --- [    Test worker] o.h.type.descriptor.sql.BasicExtractor   : extracted value ([id1_7_] : [BIGINT]) - [117]
2021-03-10 22:37:37.762 TRACE 20712 --- [    Test worker] o.h.type.descriptor.sql.BasicExtractor   : extracted value ([id1_7_] : [BIGINT]) - [118]
2021-03-10 22:37:37.762 TRACE 20712 --- [    Test worker] o.h.type.descriptor.sql.BasicExtractor   : extracted value ([id1_7_] : [BIGINT]) - [119]
2021-03-10 22:37:37.762 TRACE 20712 --- [    Test worker] o.h.type.descriptor.sql.BasicExtractor   : extracted value ([id1_7_] : [BIGINT]) - [120]
2021-03-10 22:37:37.762 TRACE 20712 --- [    Test worker] o.h.type.descriptor.sql.BasicExtractor   : extracted value ([id1_7_] : [BIGINT]) - [121]
2021-03-10 22:37:37.762 TRACE 20712 --- [    Test worker] o.h.type.descriptor.sql.BasicExtractor   : extracted value ([id1_7_] : [BIGINT]) - [122]
2021-03-10 22:37:37.762 TRACE 20712 --- [    Test worker] o.h.type.descriptor.sql.BasicExtractor   : extracted value ([id1_7_] : [BIGINT]) - [123]
2021-03-10 22:37:37.762 TRACE 20712 --- [    Test worker] o.h.type.descriptor.sql.BasicExtractor   : extracted value ([id1_7_] : [BIGINT]) - [124]
2021-03-10 22:37:37.762 TRACE 20712 --- [    Test worker] o.h.type.descriptor.sql.BasicExtractor   : extracted value ([id1_7_] : [BIGINT]) - [125]
2021-03-10 22:37:37.762 TRACE 20712 --- [    Test worker] o.h.type.descriptor.sql.BasicExtractor   : extracted value ([id1_7_] : [BIGINT]) - [126]
2021-03-10 22:37:37.762 TRACE 20712 --- [    Test worker] o.h.type.descriptor.sql.BasicExtractor   : extracted value ([id1_7_] : [BIGINT]) - [127]
2021-03-10 22:37:37.762 TRACE 20712 --- [    Test worker] o.h.type.descriptor.sql.BasicExtractor   : extracted value ([id1_7_] : [BIGINT]) - [128]
2021-03-10 22:37:37.762 TRACE 20712 --- [    Test worker] o.h.type.descriptor.sql.BasicExtractor   : extracted value ([id1_7_] : [BIGINT]) - [129]
2021-03-10 22:37:37.762 TRACE 20712 --- [    Test worker] o.h.type.descriptor.sql.BasicExtractor   : extracted value ([id1_7_] : [BIGINT]) - [130]
2021-03-10 22:37:37.762 TRACE 20712 --- [    Test worker] o.h.type.descriptor.sql.BasicExtractor   : extracted value ([id1_7_] : [BIGINT]) - [131]
2021-03-10 22:37:37.762 TRACE 20712 --- [    Test worker] o.h.type.descriptor.sql.BasicExtractor   : extracted value ([id1_7_] : [BIGINT]) - [132]
2021-03-10 22:37:37.762 TRACE 20712 --- [    Test worker] o.h.type.descriptor.sql.BasicExtractor   : extracted value ([id1_7_] : [BIGINT]) - [133]
2021-03-10 22:37:37.762 TRACE 20712 --- [    Test worker] o.h.type.descriptor.sql.BasicExtractor   : extracted value ([id1_7_] : [BIGINT]) - [134]
2021-03-10 22:37:37.762 TRACE 20712 --- [    Test worker] o.h.type.descriptor.sql.BasicExtractor   : extracted value ([id1_7_] : [BIGINT]) - [135]
2021-03-10 22:37:37.762 TRACE 20712 --- [    Test worker] o.h.type.descriptor.sql.BasicExtractor   : extracted value ([id1_7_] : [BIGINT]) - [136]
2021-03-10 22:37:37.762 TRACE 20712 --- [    Test worker] o.h.type.descriptor.sql.BasicExtractor   : extracted value ([id1_7_] : [BIGINT]) - [137]
2021-03-10 22:37:37.762 TRACE 20712 --- [    Test worker] o.h.type.descriptor.sql.BasicExtractor   : extracted value ([id1_7_] : [BIGINT]) - [138]
2021-03-10 22:37:37.762 TRACE 20712 --- [    Test worker] o.h.type.descriptor.sql.BasicExtractor   : extracted value ([id1_7_] : [BIGINT]) - [139]
2021-03-10 22:37:37.762 TRACE 20712 --- [    Test worker] o.h.type.descriptor.sql.BasicExtractor   : extracted value ([id1_7_] : [BIGINT]) - [140]
2021-03-10 22:37:37.762 TRACE 20712 --- [    Test worker] o.h.type.descriptor.sql.BasicExtractor   : extracted value ([id1_7_] : [BIGINT]) - [141]
2021-03-10 22:37:37.762 TRACE 20712 --- [    Test worker] o.h.type.descriptor.sql.BasicExtractor   : extracted value ([id1_7_] : [BIGINT]) - [142]
2021-03-10 22:37:37.762 TRACE 20712 --- [    Test worker] o.h.type.descriptor.sql.BasicExtractor   : extracted value ([id1_7_] : [BIGINT]) - [143]
2021-03-10 22:37:37.762 TRACE 20712 --- [    Test worker] o.h.type.descriptor.sql.BasicExtractor   : extracted value ([id1_7_] : [BIGINT]) - [144]
2021-03-10 22:37:37.762 TRACE 20712 --- [    Test worker] o.h.type.descriptor.sql.BasicExtractor   : extracted value ([id1_7_] : [BIGINT]) - [145]
Hibernate: 
    select
        zone0_.id as id1_7_,
        zone0_.city as city2_7_,
        zone0_.local_name_of_city as local_na3_7_,
        zone0_.province as province4_7_ 
    from
        zone zone0_
2021-03-10 22:37:37.762 TRACE 20712 --- [    Test worker] o.h.type.descriptor.sql.BasicExtractor   : extracted value ([id1_7_] : [BIGINT]) - [61]
2021-03-10 22:37:37.762 TRACE 20712 --- [    Test worker] o.h.type.descriptor.sql.BasicExtractor   : extracted value ([id1_7_] : [BIGINT]) - [62]
2021-03-10 22:37:37.762 TRACE 20712 --- [    Test worker] o.h.type.descriptor.sql.BasicExtractor   : extracted value ([id1_7_] : [BIGINT]) - [63]
2021-03-10 22:37:37.762 TRACE 20712 --- [    Test worker] o.h.type.descriptor.sql.BasicExtractor   : extracted value ([id1_7_] : [BIGINT]) - [64]
2021-03-10 22:37:37.762 TRACE 20712 --- [    Test worker] o.h.type.descriptor.sql.BasicExtractor   : extracted value ([id1_7_] : [BIGINT]) - [65]
2021-03-10 22:37:37.762 TRACE 20712 --- [    Test worker] o.h.type.descriptor.sql.BasicExtractor   : extracted value ([id1_7_] : [BIGINT]) - [66]
2021-03-10 22:37:37.762 TRACE 20712 --- [    Test worker] o.h.type.descriptor.sql.BasicExtractor   : extracted value ([id1_7_] : [BIGINT]) - [67]
2021-03-10 22:37:37.762 TRACE 20712 --- [    Test worker] o.h.type.descriptor.sql.BasicExtractor   : extracted value ([id1_7_] : [BIGINT]) - [68]
2021-03-10 22:37:37.762 TRACE 20712 --- [    Test worker] o.h.type.descriptor.sql.BasicExtractor   : extracted value ([id1_7_] : [BIGINT]) - [69]
2021-03-10 22:37:37.762 TRACE 20712 --- [    Test worker] o.h.type.descriptor.sql.BasicExtractor   : extracted value ([id1_7_] : [BIGINT]) - [70]
2021-03-10 22:37:37.762 TRACE 20712 --- [    Test worker] o.h.type.descriptor.sql.BasicExtractor   : extracted value ([id1_7_] : [BIGINT]) - [71]
2021-03-10 22:37:37.762 TRACE 20712 --- [    Test worker] o.h.type.descriptor.sql.BasicExtractor   : extracted value ([id1_7_] : [BIGINT]) - [72]
2021-03-10 22:37:37.762 TRACE 20712 --- [    Test worker] o.h.type.descriptor.sql.BasicExtractor   : extracted value ([id1_7_] : [BIGINT]) - [73]
2021-03-10 22:37:37.762 TRACE 20712 --- [    Test worker] o.h.type.descriptor.sql.BasicExtractor   : extracted value ([id1_7_] : [BIGINT]) - [74]
2021-03-10 22:37:37.762 TRACE 20712 --- [    Test worker] o.h.type.descriptor.sql.BasicExtractor   : extracted value ([id1_7_] : [BIGINT]) - [75]
2021-03-10 22:37:37.762 TRACE 20712 --- [    Test worker] o.h.type.descriptor.sql.BasicExtractor   : extracted value ([id1_7_] : [BIGINT]) - [76]
2021-03-10 22:37:37.762 TRACE 20712 --- [    Test worker] o.h.type.descriptor.sql.BasicExtractor   : extracted value ([id1_7_] : [BIGINT]) - [77]
2021-03-10 22:37:37.762 TRACE 20712 --- [    Test worker] o.h.type.descriptor.sql.BasicExtractor   : extracted value ([id1_7_] : [BIGINT]) - [78]
2021-03-10 22:37:37.762 TRACE 20712 --- [    Test worker] o.h.type.descriptor.sql.BasicExtractor   : extracted value ([id1_7_] : [BIGINT]) - [79]
2021-03-10 22:37:37.762 TRACE 20712 --- [    Test worker] o.h.type.descriptor.sql.BasicExtractor   : extracted value ([id1_7_] : [BIGINT]) - [80]
2021-03-10 22:37:37.762 TRACE 20712 --- [    Test worker] o.h.type.descriptor.sql.BasicExtractor   : extracted value ([id1_7_] : [BIGINT]) - [81]
2021-03-10 22:37:37.762 TRACE 20712 --- [    Test worker] o.h.type.descriptor.sql.BasicExtractor   : extracted value ([id1_7_] : [BIGINT]) - [82]
2021-03-10 22:37:37.762 TRACE 20712 --- [    Test worker] o.h.type.descriptor.sql.BasicExtractor   : extracted value ([id1_7_] : [BIGINT]) - [83]
2021-03-10 22:37:37.762 TRACE 20712 --- [    Test worker] o.h.type.descriptor.sql.BasicExtractor   : extracted value ([id1_7_] : [BIGINT]) - [84]
2021-03-10 22:37:37.762 TRACE 20712 --- [    Test worker] o.h.type.descriptor.sql.BasicExtractor   : extracted value ([id1_7_] : [BIGINT]) - [85]
2021-03-10 22:37:37.762 TRACE 20712 --- [    Test worker] o.h.type.descriptor.sql.BasicExtractor   : extracted value ([id1_7_] : [BIGINT]) - [86]
2021-03-10 22:37:37.762 TRACE 20712 --- [    Test worker] o.h.type.descriptor.sql.BasicExtractor   : extracted value ([id1_7_] : [BIGINT]) - [87]
2021-03-10 22:37:37.762 TRACE 20712 --- [    Test worker] o.h.type.descriptor.sql.BasicExtractor   : extracted value ([id1_7_] : [BIGINT]) - [88]
2021-03-10 22:37:37.762 TRACE 20712 --- [    Test worker] o.h.type.descriptor.sql.BasicExtractor   : extracted value ([id1_7_] : [BIGINT]) - [89]
2021-03-10 22:37:37.762 TRACE 20712 --- [    Test worker] o.h.type.descriptor.sql.BasicExtractor   : extracted value ([id1_7_] : [BIGINT]) - [90]
2021-03-10 22:37:37.762 TRACE 20712 --- [    Test worker] o.h.type.descriptor.sql.BasicExtractor   : extracted value ([id1_7_] : [BIGINT]) - [91]
2021-03-10 22:37:37.762 TRACE 20712 --- [    Test worker] o.h.type.descriptor.sql.BasicExtractor   : extracted value ([id1_7_] : [BIGINT]) - [92]
2021-03-10 22:37:37.762 TRACE 20712 --- [    Test worker] o.h.type.descriptor.sql.BasicExtractor   : extracted value ([id1_7_] : [BIGINT]) - [93]
2021-03-10 22:37:37.762 TRACE 20712 --- [    Test worker] o.h.type.descriptor.sql.BasicExtractor   : extracted value ([id1_7_] : [BIGINT]) - [94]
2021-03-10 22:37:37.762 TRACE 20712 --- [    Test worker] o.h.type.descriptor.sql.BasicExtractor   : extracted value ([id1_7_] : [BIGINT]) - [95]
2021-03-10 22:37:37.762 TRACE 20712 --- [    Test worker] o.h.type.descriptor.sql.BasicExtractor   : extracted value ([id1_7_] : [BIGINT]) - [96]
2021-03-10 22:37:37.762 TRACE 20712 --- [    Test worker] o.h.type.descriptor.sql.BasicExtractor   : extracted value ([id1_7_] : [BIGINT]) - [97]
2021-03-10 22:37:37.762 TRACE 20712 --- [    Test worker] o.h.type.descriptor.sql.BasicExtractor   : extracted value ([id1_7_] : [BIGINT]) - [98]
2021-03-10 22:37:37.762 TRACE 20712 --- [    Test worker] o.h.type.descriptor.sql.BasicExtractor   : extracted value ([id1_7_] : [BIGINT]) - [99]
2021-03-10 22:37:37.762 TRACE 20712 --- [    Test worker] o.h.type.descriptor.sql.BasicExtractor   : extracted value ([id1_7_] : [BIGINT]) - [100]
2021-03-10 22:37:37.762 TRACE 20712 --- [    Test worker] o.h.type.descriptor.sql.BasicExtractor   : extracted value ([id1_7_] : [BIGINT]) - [101]
2021-03-10 22:37:37.762 TRACE 20712 --- [    Test worker] o.h.type.descriptor.sql.BasicExtractor   : extracted value ([id1_7_] : [BIGINT]) - [102]
2021-03-10 22:37:37.762 TRACE 20712 --- [    Test worker] o.h.type.descriptor.sql.BasicExtractor   : extracted value ([id1_7_] : [BIGINT]) - [103]
2021-03-10 22:37:37.762 TRACE 20712 --- [    Test worker] o.h.type.descriptor.sql.BasicExtractor   : extracted value ([id1_7_] : [BIGINT]) - [104]
2021-03-10 22:37:37.762 TRACE 20712 --- [    Test worker] o.h.type.descriptor.sql.BasicExtractor   : extracted value ([id1_7_] : [BIGINT]) - [105]
2021-03-10 22:37:37.762 TRACE 20712 --- [    Test worker] o.h.type.descriptor.sql.BasicExtractor   : extracted value ([id1_7_] : [BIGINT]) - [106]
2021-03-10 22:37:37.762 TRACE 20712 --- [    Test worker] o.h.type.descriptor.sql.BasicExtractor   : extracted value ([id1_7_] : [BIGINT]) - [107]
2021-03-10 22:37:37.762 TRACE 20712 --- [    Test worker] o.h.type.descriptor.sql.BasicExtractor   : extracted value ([id1_7_] : [BIGINT]) - [108]
2021-03-10 22:37:37.762 TRACE 20712 --- [    Test worker] o.h.type.descriptor.sql.BasicExtractor   : extracted value ([id1_7_] : [BIGINT]) - [109]
2021-03-10 22:37:37.762 TRACE 20712 --- [    Test worker] o.h.type.descriptor.sql.BasicExtractor   : extracted value ([id1_7_] : [BIGINT]) - [110]
2021-03-10 22:37:37.762 TRACE 20712 --- [    Test worker] o.h.type.descriptor.sql.BasicExtractor   : extracted value ([id1_7_] : [BIGINT]) - [111]
2021-03-10 22:37:37.762 TRACE 20712 --- [    Test worker] o.h.type.descriptor.sql.BasicExtractor   : extracted value ([id1_7_] : [BIGINT]) - [112]
2021-03-10 22:37:37.762 TRACE 20712 --- [    Test worker] o.h.type.descriptor.sql.BasicExtractor   : extracted value ([id1_7_] : [BIGINT]) - [113]
2021-03-10 22:37:37.762 TRACE 20712 --- [    Test worker] o.h.type.descriptor.sql.BasicExtractor   : extracted value ([id1_7_] : [BIGINT]) - [114]
2021-03-10 22:37:37.762 TRACE 20712 --- [    Test worker] o.h.type.descriptor.sql.BasicExtractor   : extracted value ([id1_7_] : [BIGINT]) - [115]
2021-03-10 22:37:37.762 TRACE 20712 --- [    Test worker] o.h.type.descriptor.sql.BasicExtractor   : extracted value ([id1_7_] : [BIGINT]) - [116]
2021-03-10 22:37:37.762 TRACE 20712 --- [    Test worker] o.h.type.descriptor.sql.BasicExtractor   : extracted value ([id1_7_] : [BIGINT]) - [117]
2021-03-10 22:37:37.762 TRACE 20712 --- [    Test worker] o.h.type.descriptor.sql.BasicExtractor   : extracted value ([id1_7_] : [BIGINT]) - [118]
2021-03-10 22:37:37.762 TRACE 20712 --- [    Test worker] o.h.type.descriptor.sql.BasicExtractor   : extracted value ([id1_7_] : [BIGINT]) - [119]
2021-03-10 22:37:37.762 TRACE 20712 --- [    Test worker] o.h.type.descriptor.sql.BasicExtractor   : extracted value ([id1_7_] : [BIGINT]) - [120]
2021-03-10 22:37:37.762 TRACE 20712 --- [    Test worker] o.h.type.descriptor.sql.BasicExtractor   : extracted value ([id1_7_] : [BIGINT]) - [121]
2021-03-10 22:37:37.762 TRACE 20712 --- [    Test worker] o.h.type.descriptor.sql.BasicExtractor   : extracted value ([id1_7_] : [BIGINT]) - [122]
2021-03-10 22:37:37.762 TRACE 20712 --- [    Test worker] o.h.type.descriptor.sql.BasicExtractor   : extracted value ([id1_7_] : [BIGINT]) - [123]
2021-03-10 22:37:37.762 TRACE 20712 --- [    Test worker] o.h.type.descriptor.sql.BasicExtractor   : extracted value ([id1_7_] : [BIGINT]) - [124]
2021-03-10 22:37:37.762 TRACE 20712 --- [    Test worker] o.h.type.descriptor.sql.BasicExtractor   : extracted value ([id1_7_] : [BIGINT]) - [125]
2021-03-10 22:37:37.762 TRACE 20712 --- [    Test worker] o.h.type.descriptor.sql.BasicExtractor   : extracted value ([id1_7_] : [BIGINT]) - [126]
2021-03-10 22:37:37.762 TRACE 20712 --- [    Test worker] o.h.type.descriptor.sql.BasicExtractor   : extracted value ([id1_7_] : [BIGINT]) - [127]
2021-03-10 22:37:37.762 TRACE 20712 --- [    Test worker] o.h.type.descriptor.sql.BasicExtractor   : extracted value ([id1_7_] : [BIGINT]) - [128]
2021-03-10 22:37:37.762 TRACE 20712 --- [    Test worker] o.h.type.descriptor.sql.BasicExtractor   : extracted value ([id1_7_] : [BIGINT]) - [129]
2021-03-10 22:37:37.762 TRACE 20712 --- [    Test worker] o.h.type.descriptor.sql.BasicExtractor   : extracted value ([id1_7_] : [BIGINT]) - [130]
2021-03-10 22:37:37.762 TRACE 20712 --- [    Test worker] o.h.type.descriptor.sql.BasicExtractor   : extracted value ([id1_7_] : [BIGINT]) - [131]
2021-03-10 22:37:37.762 TRACE 20712 --- [    Test worker] o.h.type.descriptor.sql.BasicExtractor   : extracted value ([id1_7_] : [BIGINT]) - [132]
2021-03-10 22:37:37.762 TRACE 20712 --- [    Test worker] o.h.type.descriptor.sql.BasicExtractor   : extracted value ([id1_7_] : [BIGINT]) - [133]
2021-03-10 22:37:37.762 TRACE 20712 --- [    Test worker] o.h.type.descriptor.sql.BasicExtractor   : extracted value ([id1_7_] : [BIGINT]) - [134]
2021-03-10 22:37:37.762 TRACE 20712 --- [    Test worker] o.h.type.descriptor.sql.BasicExtractor   : extracted value ([id1_7_] : [BIGINT]) - [135]
2021-03-10 22:37:37.762 TRACE 20712 --- [    Test worker] o.h.type.descriptor.sql.BasicExtractor   : extracted value ([id1_7_] : [BIGINT]) - [136]
2021-03-10 22:37:37.762 TRACE 20712 --- [    Test worker] o.h.type.descriptor.sql.BasicExtractor   : extracted value ([id1_7_] : [BIGINT]) - [137]
2021-03-10 22:37:37.762 TRACE 20712 --- [    Test worker] o.h.type.descriptor.sql.BasicExtractor   : extracted value ([id1_7_] : [BIGINT]) - [138]
2021-03-10 22:37:37.762 TRACE 20712 --- [    Test worker] o.h.type.descriptor.sql.BasicExtractor   : extracted value ([id1_7_] : [BIGINT]) - [139]
2021-03-10 22:37:37.762 TRACE 20712 --- [    Test worker] o.h.type.descriptor.sql.BasicExtractor   : extracted value ([id1_7_] : [BIGINT]) - [140]
2021-03-10 22:37:37.762 TRACE 20712 --- [    Test worker] o.h.type.descriptor.sql.BasicExtractor   : extracted value ([id1_7_] : [BIGINT]) - [141]
2021-03-10 22:37:37.762 TRACE 20712 --- [    Test worker] o.h.type.descriptor.sql.BasicExtractor   : extracted value ([id1_7_] : [BIGINT]) - [142]
2021-03-10 22:37:37.762 TRACE 20712 --- [    Test worker] o.h.type.descriptor.sql.BasicExtractor   : extracted value ([id1_7_] : [BIGINT]) - [143]
2021-03-10 22:37:37.762 TRACE 20712 --- [    Test worker] o.h.type.descriptor.sql.BasicExtractor   : extracted value ([id1_7_] : [BIGINT]) - [144]
2021-03-10 22:37:37.762 TRACE 20712 --- [    Test worker] o.h.type.descriptor.sql.BasicExtractor   : extracted value ([id1_7_] : [BIGINT]) - [145]
Hibernate: 
    select
        zone0_.id as id1_7_,
        zone0_.city as city2_7_,
        zone0_.local_name_of_city as local_na3_7_,
        zone0_.province as province4_7_ 
    from
        zone zone0_
2021-03-10 22:37:37.762 TRACE 20712 --- [    Test worker] o.h.type.descriptor.sql.BasicExtractor   : extracted value ([id1_7_] : [BIGINT]) - [61]
2021-03-10 22:37:37.762 TRACE 20712 --- [    Test worker] o.h.type.descriptor.sql.BasicExtractor   : extracted value ([id1_7_] : [BIGINT]) - [62]
2021-03-10 22:37:37.762 TRACE 20712 --- [    Test worker] o.h.type.descriptor.sql.BasicExtractor   : extracted value ([id1_7_] : [BIGINT]) - [63]
2021-03-10 22:37:37.762 TRACE 20712 --- [    Test worker] o.h.type.descriptor.sql.BasicExtractor   : extracted value ([id1_7_] : [BIGINT]) - [64]
2021-03-10 22:37:37.762 TRACE 20712 --- [    Test worker] o.h.type.descriptor.sql.BasicExtractor   : extracted value ([id1_7_] : [BIGINT]) - [65]
2021-03-10 22:37:37.762 TRACE 20712 --- [    Test worker] o.h.type.descriptor.sql.BasicExtractor   : extracted value ([id1_7_] : [BIGINT]) - [66]
2021-03-10 22:37:37.762 TRACE 20712 --- [    Test worker] o.h.type.descriptor.sql.BasicExtractor   : extracted value ([id1_7_] : [BIGINT]) - [67]
2021-03-10 22:37:37.762 TRACE 20712 --- [    Test worker] o.h.type.descriptor.sql.BasicExtractor   : extracted value ([id1_7_] : [BIGINT]) - [68]
2021-03-10 22:37:37.762 TRACE 20712 --- [    Test worker] o.h.type.descriptor.sql.BasicExtractor   : extracted value ([id1_7_] : [BIGINT]) - [69]
2021-03-10 22:37:37.762 TRACE 20712 --- [    Test worker] o.h.type.descriptor.sql.BasicExtractor   : extracted value ([id1_7_] : [BIGINT]) - [70]
2021-03-10 22:37:37.762 TRACE 20712 --- [    Test worker] o.h.type.descriptor.sql.BasicExtractor   : extracted value ([id1_7_] : [BIGINT]) - [71]
2021-03-10 22:37:37.762 TRACE 20712 --- [    Test worker] o.h.type.descriptor.sql.BasicExtractor   : extracted value ([id1_7_] : [BIGINT]) - [72]
2021-03-10 22:37:37.762 TRACE 20712 --- [    Test worker] o.h.type.descriptor.sql.BasicExtractor   : extracted value ([id1_7_] : [BIGINT]) - [73]
2021-03-10 22:37:37.762 TRACE 20712 --- [    Test worker] o.h.type.descriptor.sql.BasicExtractor   : extracted value ([id1_7_] : [BIGINT]) - [74]
2021-03-10 22:37:37.762 TRACE 20712 --- [    Test worker] o.h.type.descriptor.sql.BasicExtractor   : extracted value ([id1_7_] : [BIGINT]) - [75]
2021-03-10 22:37:37.762 TRACE 20712 --- [    Test worker] o.h.type.descriptor.sql.BasicExtractor   : extracted value ([id1_7_] : [BIGINT]) - [76]
2021-03-10 22:37:37.762 TRACE 20712 --- [    Test worker] o.h.type.descriptor.sql.BasicExtractor   : extracted value ([id1_7_] : [BIGINT]) - [77]
2021-03-10 22:37:37.762 TRACE 20712 --- [    Test worker] o.h.type.descriptor.sql.BasicExtractor   : extracted value ([id1_7_] : [BIGINT]) - [78]
2021-03-10 22:37:37.762 TRACE 20712 --- [    Test worker] o.h.type.descriptor.sql.BasicExtractor   : extracted value ([id1_7_] : [BIGINT]) - [79]
2021-03-10 22:37:37.762 TRACE 20712 --- [    Test worker] o.h.type.descriptor.sql.BasicExtractor   : extracted value ([id1_7_] : [BIGINT]) - [80]
2021-03-10 22:37:37.762 TRACE 20712 --- [    Test worker] o.h.type.descriptor.sql.BasicExtractor   : extracted value ([id1_7_] : [BIGINT]) - [81]
2021-03-10 22:37:37.762 TRACE 20712 --- [    Test worker] o.h.type.descriptor.sql.BasicExtractor   : extracted value ([id1_7_] : [BIGINT]) - [82]
2021-03-10 22:37:37.762 TRACE 20712 --- [    Test worker] o.h.type.descriptor.sql.BasicExtractor   : extracted value ([id1_7_] : [BIGINT]) - [83]
2021-03-10 22:37:37.762 TRACE 20712 --- [    Test worker] o.h.type.descriptor.sql.BasicExtractor   : extracted value ([id1_7_] : [BIGINT]) - [84]
2021-03-10 22:37:37.762 TRACE 20712 --- [    Test worker] o.h.type.descriptor.sql.BasicExtractor   : extracted value ([id1_7_] : [BIGINT]) - [85]
2021-03-10 22:37:37.762 TRACE 20712 --- [    Test worker] o.h.type.descriptor.sql.BasicExtractor   : extracted value ([id1_7_] : [BIGINT]) - [86]
2021-03-10 22:37:37.762 TRACE 20712 --- [    Test worker] o.h.type.descriptor.sql.BasicExtractor   : extracted value ([id1_7_] : [BIGINT]) - [87]
2021-03-10 22:37:37.762 TRACE 20712 --- [    Test worker] o.h.type.descriptor.sql.BasicExtractor   : extracted value ([id1_7_] : [BIGINT]) - [88]
2021-03-10 22:37:37.762 TRACE 20712 --- [    Test worker] o.h.type.descriptor.sql.BasicExtractor   : extracted value ([id1_7_] : [BIGINT]) - [89]
2021-03-10 22:37:37.762 TRACE 20712 --- [    Test worker] o.h.type.descriptor.sql.BasicExtractor   : extracted value ([id1_7_] : [BIGINT]) - [90]
2021-03-10 22:37:37.762 TRACE 20712 --- [    Test worker] o.h.type.descriptor.sql.BasicExtractor   : extracted value ([id1_7_] : [BIGINT]) - [91]
2021-03-10 22:37:37.762 TRACE 20712 --- [    Test worker] o.h.type.descriptor.sql.BasicExtractor   : extracted value ([id1_7_] : [BIGINT]) - [92]
2021-03-10 22:37:37.762 TRACE 20712 --- [    Test worker] o.h.type.descriptor.sql.BasicExtractor   : extracted value ([id1_7_] : [BIGINT]) - [93]
2021-03-10 22:37:37.762 TRACE 20712 --- [    Test worker] o.h.type.descriptor.sql.BasicExtractor   : extracted value ([id1_7_] : [BIGINT]) - [94]
2021-03-10 22:37:37.762 TRACE 20712 --- [    Test worker] o.h.type.descriptor.sql.BasicExtractor   : extracted value ([id1_7_] : [BIGINT]) - [95]
2021-03-10 22:37:37.762 TRACE 20712 --- [    Test worker] o.h.type.descriptor.sql.BasicExtractor   : extracted value ([id1_7_] : [BIGINT]) - [96]
2021-03-10 22:37:37.762 TRACE 20712 --- [    Test worker] o.h.type.descriptor.sql.BasicExtractor   : extracted value ([id1_7_] : [BIGINT]) - [97]
2021-03-10 22:37:37.762 TRACE 20712 --- [    Test worker] o.h.type.descriptor.sql.BasicExtractor   : extracted value ([id1_7_] : [BIGINT]) - [98]
2021-03-10 22:37:37.762 TRACE 20712 --- [    Test worker] o.h.type.descriptor.sql.BasicExtractor   : extracted value ([id1_7_] : [BIGINT]) - [99]
2021-03-10 22:37:37.762 TRACE 20712 --- [    Test worker] o.h.type.descriptor.sql.BasicExtractor   : extracted value ([id1_7_] : [BIGINT]) - [100]
2021-03-10 22:37:37.762 TRACE 20712 --- [    Test worker] o.h.type.descriptor.sql.BasicExtractor   : extracted value ([id1_7_] : [BIGINT]) - [101]
2021-03-10 22:37:37.762 TRACE 20712 --- [    Test worker] o.h.type.descriptor.sql.BasicExtractor   : extracted value ([id1_7_] : [BIGINT]) - [102]
2021-03-10 22:37:37.762 TRACE 20712 --- [    Test worker] o.h.type.descriptor.sql.BasicExtractor   : extracted value ([id1_7_] : [BIGINT]) - [103]
2021-03-10 22:37:37.762 TRACE 20712 --- [    Test worker] o.h.type.descriptor.sql.BasicExtractor   : extracted value ([id1_7_] : [BIGINT]) - [104]
2021-03-10 22:37:37.762 TRACE 20712 --- [    Test worker] o.h.type.descriptor.sql.BasicExtractor   : extracted value ([id1_7_] : [BIGINT]) - [105]
2021-03-10 22:37:37.762 TRACE 20712 --- [    Test worker] o.h.type.descriptor.sql.BasicExtractor   : extracted value ([id1_7_] : [BIGINT]) - [106]
2021-03-10 22:37:37.762 TRACE 20712 --- [    Test worker] o.h.type.descriptor.sql.BasicExtractor   : extracted value ([id1_7_] : [BIGINT]) - [107]
2021-03-10 22:37:37.762 TRACE 20712 --- [    Test worker] o.h.type.descriptor.sql.BasicExtractor   : extracted value ([id1_7_] : [BIGINT]) - [108]
2021-03-10 22:37:37.762 TRACE 20712 --- [    Test worker] o.h.type.descriptor.sql.BasicExtractor   : extracted value ([id1_7_] : [BIGINT]) - [109]
2021-03-10 22:37:37.762 TRACE 20712 --- [    Test worker] o.h.type.descriptor.sql.BasicExtractor   : extracted value ([id1_7_] : [BIGINT]) - [110]
2021-03-10 22:37:37.762 TRACE 20712 --- [    Test worker] o.h.type.descriptor.sql.BasicExtractor   : extracted value ([id1_7_] : [BIGINT]) - [111]
2021-03-10 22:37:37.762 TRACE 20712 --- [    Test worker] o.h.type.descriptor.sql.BasicExtractor   : extracted value ([id1_7_] : [BIGINT]) - [112]
2021-03-10 22:37:37.762 TRACE 20712 --- [    Test worker] o.h.type.descriptor.sql.BasicExtractor   : extracted value ([id1_7_] : [BIGINT]) - [113]
2021-03-10 22:37:37.762 TRACE 20712 --- [    Test worker] o.h.type.descriptor.sql.BasicExtractor   : extracted value ([id1_7_] : [BIGINT]) - [114]
2021-03-10 22:37:37.762 TRACE 20712 --- [    Test worker] o.h.type.descriptor.sql.BasicExtractor   : extracted value ([id1_7_] : [BIGINT]) - [115]
2021-03-10 22:37:37.762 TRACE 20712 --- [    Test worker] o.h.type.descriptor.sql.BasicExtractor   : extracted value ([id1_7_] : [BIGINT]) - [116]
2021-03-10 22:37:37.762 TRACE 20712 --- [    Test worker] o.h.type.descriptor.sql.BasicExtractor   : extracted value ([id1_7_] : [BIGINT]) - [117]
2021-03-10 22:37:37.762 TRACE 20712 --- [    Test worker] o.h.type.descriptor.sql.BasicExtractor   : extracted value ([id1_7_] : [BIGINT]) - [118]
2021-03-10 22:37:37.762 TRACE 20712 --- [    Test worker] o.h.type.descriptor.sql.BasicExtractor   : extracted value ([id1_7_] : [BIGINT]) - [119]
2021-03-10 22:37:37.762 TRACE 20712 --- [    Test worker] o.h.type.descriptor.sql.BasicExtractor   : extracted value ([id1_7_] : [BIGINT]) - [120]
2021-03-10 22:37:37.762 TRACE 20712 --- [    Test worker] o.h.type.descriptor.sql.BasicExtractor   : extracted value ([id1_7_] : [BIGINT]) - [121]
2021-03-10 22:37:37.762 TRACE 20712 --- [    Test worker] o.h.type.descriptor.sql.BasicExtractor   : extracted value ([id1_7_] : [BIGINT]) - [122]
2021-03-10 22:37:37.762 TRACE 20712 --- [    Test worker] o.h.type.descriptor.sql.BasicExtractor   : extracted value ([id1_7_] : [BIGINT]) - [123]
2021-03-10 22:37:37.762 TRACE 20712 --- [    Test worker] o.h.type.descriptor.sql.BasicExtractor   : extracted value ([id1_7_] : [BIGINT]) - [124]
2021-03-10 22:37:37.762 TRACE 20712 --- [    Test worker] o.h.type.descriptor.sql.BasicExtractor   : extracted value ([id1_7_] : [BIGINT]) - [125]
2021-03-10 22:37:37.762 TRACE 20712 --- [    Test worker] o.h.type.descriptor.sql.BasicExtractor   : extracted value ([id1_7_] : [BIGINT]) - [126]
2021-03-10 22:37:37.762 TRACE 20712 --- [    Test worker] o.h.type.descriptor.sql.BasicExtractor   : extracted value ([id1_7_] : [BIGINT]) - [127]
2021-03-10 22:37:37.762 TRACE 20712 --- [    Test worker] o.h.type.descriptor.sql.BasicExtractor   : extracted value ([id1_7_] : [BIGINT]) - [128]
2021-03-10 22:37:37.762 TRACE 20712 --- [    Test worker] o.h.type.descriptor.sql.BasicExtractor   : extracted value ([id1_7_] : [BIGINT]) - [129]
2021-03-10 22:37:37.762 TRACE 20712 --- [    Test worker] o.h.type.descriptor.sql.BasicExtractor   : extracted value ([id1_7_] : [BIGINT]) - [130]
2021-03-10 22:37:37.762 TRACE 20712 --- [    Test worker] o.h.type.descriptor.sql.BasicExtractor   : extracted value ([id1_7_] : [BIGINT]) - [131]
2021-03-10 22:37:37.762 TRACE 20712 --- [    Test worker] o.h.type.descriptor.sql.BasicExtractor   : extracted value ([id1_7_] : [BIGINT]) - [132]
2021-03-10 22:37:37.762 TRACE 20712 --- [    Test worker] o.h.type.descriptor.sql.BasicExtractor   : extracted value ([id1_7_] : [BIGINT]) - [133]
2021-03-10 22:37:37.762 TRACE 20712 --- [    Test worker] o.h.type.descriptor.sql.BasicExtractor   : extracted value ([id1_7_] : [BIGINT]) - [134]
2021-03-10 22:37:37.762 TRACE 20712 --- [    Test worker] o.h.type.descriptor.sql.BasicExtractor   : extracted value ([id1_7_] : [BIGINT]) - [135]
2021-03-10 22:37:37.762 TRACE 20712 --- [    Test worker] o.h.type.descriptor.sql.BasicExtractor   : extracted value ([id1_7_] : [BIGINT]) - [136]
2021-03-10 22:37:37.762 TRACE 20712 --- [    Test worker] o.h.type.descriptor.sql.BasicExtractor   : extracted value ([id1_7_] : [BIGINT]) - [137]
2021-03-10 22:37:37.762 TRACE 20712 --- [    Test worker] o.h.type.descriptor.sql.BasicExtractor   : extracted value ([id1_7_] : [BIGINT]) - [138]
2021-03-10 22:37:37.762 TRACE 20712 --- [    Test worker] o.h.type.descriptor.sql.BasicExtractor   : extracted value ([id1_7_] : [BIGINT]) - [139]
2021-03-10 22:37:37.762 TRACE 20712 --- [    Test worker] o.h.type.descriptor.sql.BasicExtractor   : extracted value ([id1_7_] : [BIGINT]) - [140]
2021-03-10 22:37:37.762 TRACE 20712 --- [    Test worker] o.h.type.descriptor.sql.BasicExtractor   : extracted value ([id1_7_] : [BIGINT]) - [141]
2021-03-10 22:37:37.762 TRACE 20712 --- [    Test worker] o.h.type.descriptor.sql.BasicExtractor   : extracted value ([id1_7_] : [BIGINT]) - [142]
2021-03-10 22:37:37.762 TRACE 20712 --- [    Test worker] o.h.type.descriptor.sql.BasicExtractor   : extracted value ([id1_7_] : [BIGINT]) - [143]
2021-03-10 22:37:37.762 TRACE 20712 --- [    Test worker] o.h.type.descriptor.sql.BasicExtractor   : extracted value ([id1_7_] : [BIGINT]) - [144]
2021-03-10 22:37:37.762 TRACE 20712 --- [    Test worker] o.h.type.descriptor.sql.BasicExtractor   : extracted value ([id1_7_] : [BIGINT]) - [145]
Hibernate: 
    select
        zone0_.id as id1_7_,
        zone0_.city as city2_7_,
        zone0_.local_name_of_city as local_na3_7_,
        zone0_.province as province4_7_ 
    from
        zone zone0_
2021-03-10 22:37:37.762 TRACE 20712 --- [    Test worker] o.h.type.descriptor.sql.BasicExtractor   : extracted value ([id1_7_] : [BIGINT]) - [61]
2021-03-10 22:37:37.762 TRACE 20712 --- [    Test worker] o.h.type.descriptor.sql.BasicExtractor   : extracted value ([id1_7_] : [BIGINT]) - [62]
2021-03-10 22:37:37.762 TRACE 20712 --- [    Test worker] o.h.type.descriptor.sql.BasicExtractor   : extracted value ([id1_7_] : [BIGINT]) - [63]
2021-03-10 22:37:37.762 TRACE 20712 --- [    Test worker] o.h.type.descriptor.sql.BasicExtractor   : extracted value ([id1_7_] : [BIGINT]) - [64]
2021-03-10 22:37:37.762 TRACE 20712 --- [    Test worker] o.h.type.descriptor.sql.BasicExtractor   : extracted value ([id1_7_] : [BIGINT]) - [65]
2021-03-10 22:37:37.762 TRACE 20712 --- [    Test worker] o.h.type.descriptor.sql.BasicExtractor   : extracted value ([id1_7_] : [BIGINT]) - [66]
2021-03-10 22:37:37.762 TRACE 20712 --- [    Test worker] o.h.type.descriptor.sql.BasicExtractor   : extracted value ([id1_7_] : [BIGINT]) - [67]
2021-03-10 22:37:37.762 TRACE 20712 --- [    Test worker] o.h.type.descriptor.sql.BasicExtractor   : extracted value ([id1_7_] : [BIGINT]) - [68]
2021-03-10 22:37:37.762 TRACE 20712 --- [    Test worker] o.h.type.descriptor.sql.BasicExtractor   : extracted value ([id1_7_] : [BIGINT]) - [69]
2021-03-10 22:37:37.762 TRACE 20712 --- [    Test worker] o.h.type.descriptor.sql.BasicExtractor   : extracted value ([id1_7_] : [BIGINT]) - [70]
2021-03-10 22:37:37.762 TRACE 20712 --- [    Test worker] o.h.type.descriptor.sql.BasicExtractor   : extracted value ([id1_7_] : [BIGINT]) - [71]
2021-03-10 22:37:37.762 TRACE 20712 --- [    Test worker] o.h.type.descriptor.sql.BasicExtractor   : extracted value ([id1_7_] : [BIGINT]) - [72]
2021-03-10 22:37:37.762 TRACE 20712 --- [    Test worker] o.h.type.descriptor.sql.BasicExtractor   : extracted value ([id1_7_] : [BIGINT]) - [73]
2021-03-10 22:37:37.762 TRACE 20712 --- [    Test worker] o.h.type.descriptor.sql.BasicExtractor   : extracted value ([id1_7_] : [BIGINT]) - [74]
2021-03-10 22:37:37.762 TRACE 20712 --- [    Test worker] o.h.type.descriptor.sql.BasicExtractor   : extracted value ([id1_7_] : [BIGINT]) - [75]
2021-03-10 22:37:37.762 TRACE 20712 --- [    Test worker] o.h.type.descriptor.sql.BasicExtractor   : extracted value ([id1_7_] : [BIGINT]) - [76]
2021-03-10 22:37:37.762 TRACE 20712 --- [    Test worker] o.h.type.descriptor.sql.BasicExtractor   : extracted value ([id1_7_] : [BIGINT]) - [77]
2021-03-10 22:37:37.762 TRACE 20712 --- [    Test worker] o.h.type.descriptor.sql.BasicExtractor   : extracted value ([id1_7_] : [BIGINT]) - [78]
2021-03-10 22:37:37.762 TRACE 20712 --- [    Test worker] o.h.type.descriptor.sql.BasicExtractor   : extracted value ([id1_7_] : [BIGINT]) - [79]
2021-03-10 22:37:37.762 TRACE 20712 --- [    Test worker] o.h.type.descriptor.sql.BasicExtractor   : extracted value ([id1_7_] : [BIGINT]) - [80]
2021-03-10 22:37:37.762 TRACE 20712 --- [    Test worker] o.h.type.descriptor.sql.BasicExtractor   : extracted value ([id1_7_] : [BIGINT]) - [81]
2021-03-10 22:37:37.762 TRACE 20712 --- [    Test worker] o.h.type.descriptor.sql.BasicExtractor   : extracted value ([id1_7_] : [BIGINT]) - [82]
2021-03-10 22:37:37.762 TRACE 20712 --- [    Test worker] o.h.type.descriptor.sql.BasicExtractor   : extracted value ([id1_7_] : [BIGINT]) - [83]
2021-03-10 22:37:37.762 TRACE 20712 --- [    Test worker] o.h.type.descriptor.sql.BasicExtractor   : extracted value ([id1_7_] : [BIGINT]) - [84]
2021-03-10 22:37:37.762 TRACE 20712 --- [    Test worker] o.h.type.descriptor.sql.BasicExtractor   : extracted value ([id1_7_] : [BIGINT]) - [85]
2021-03-10 22:37:37.762 TRACE 20712 --- [    Test worker] o.h.type.descriptor.sql.BasicExtractor   : extracted value ([id1_7_] : [BIGINT]) - [86]
2021-03-10 22:37:37.762 TRACE 20712 --- [    Test worker] o.h.type.descriptor.sql.BasicExtractor   : extracted value ([id1_7_] : [BIGINT]) - [87]
2021-03-10 22:37:37.762 TRACE 20712 --- [    Test worker] o.h.type.descriptor.sql.BasicExtractor   : extracted value ([id1_7_] : [BIGINT]) - [88]
2021-03-10 22:37:37.762 TRACE 20712 --- [    Test worker] o.h.type.descriptor.sql.BasicExtractor   : extracted value ([id1_7_] : [BIGINT]) - [89]
2021-03-10 22:37:37.762 TRACE 20712 --- [    Test worker] o.h.type.descriptor.sql.BasicExtractor   : extracted value ([id1_7_] : [BIGINT]) - [90]
2021-03-10 22:37:37.762 TRACE 20712 --- [    Test worker] o.h.type.descriptor.sql.BasicExtractor   : extracted value ([id1_7_] : [BIGINT]) - [91]
2021-03-10 22:37:37.762 TRACE 20712 --- [    Test worker] o.h.type.descriptor.sql.BasicExtractor   : extracted value ([id1_7_] : [BIGINT]) - [92]
2021-03-10 22:37:37.762 TRACE 20712 --- [    Test worker] o.h.type.descriptor.sql.BasicExtractor   : extracted value ([id1_7_] : [BIGINT]) - [93]
2021-03-10 22:37:37.762 TRACE 20712 --- [    Test worker] o.h.type.descriptor.sql.BasicExtractor   : extracted value ([id1_7_] : [BIGINT]) - [94]
2021-03-10 22:37:37.762 TRACE 20712 --- [    Test worker] o.h.type.descriptor.sql.BasicExtractor   : extracted value ([id1_7_] : [BIGINT]) - [95]
2021-03-10 22:37:37.762 TRACE 20712 --- [    Test worker] o.h.type.descriptor.sql.BasicExtractor   : extracted value ([id1_7_] : [BIGINT]) - [96]
2021-03-10 22:37:37.762 TRACE 20712 --- [    Test worker] o.h.type.descriptor.sql.BasicExtractor   : extracted value ([id1_7_] : [BIGINT]) - [97]
2021-03-10 22:37:37.762 TRACE 20712 --- [    Test worker] o.h.type.descriptor.sql.BasicExtractor   : extracted value ([id1_7_] : [BIGINT]) - [98]
2021-03-10 22:37:37.762 TRACE 20712 --- [    Test worker] o.h.type.descriptor.sql.BasicExtractor   : extracted value ([id1_7_] : [BIGINT]) - [99]
2021-03-10 22:37:37.762 TRACE 20712 --- [    Test worker] o.h.type.descriptor.sql.BasicExtractor   : extracted value ([id1_7_] : [BIGINT]) - [100]
2021-03-10 22:37:37.762 TRACE 20712 --- [    Test worker] o.h.type.descriptor.sql.BasicExtractor   : extracted value ([id1_7_] : [BIGINT]) - [101]
2021-03-10 22:37:37.762 TRACE 20712 --- [    Test worker] o.h.type.descriptor.sql.BasicExtractor   : extracted value ([id1_7_] : [BIGINT]) - [102]
2021-03-10 22:37:37.762 TRACE 20712 --- [    Test worker] o.h.type.descriptor.sql.BasicExtractor   : extracted value ([id1_7_] : [BIGINT]) - [103]
2021-03-10 22:37:37.762 TRACE 20712 --- [    Test worker] o.h.type.descriptor.sql.BasicExtractor   : extracted value ([id1_7_] : [BIGINT]) - [104]
2021-03-10 22:37:37.762 TRACE 20712 --- [    Test worker] o.h.type.descriptor.sql.BasicExtractor   : extracted value ([id1_7_] : [BIGINT]) - [105]
2021-03-10 22:37:37.762 TRACE 20712 --- [    Test worker] o.h.type.descriptor.sql.BasicExtractor   : extracted value ([id1_7_] : [BIGINT]) - [106]
2021-03-10 22:37:37.762 TRACE 20712 --- [    Test worker] o.h.type.descriptor.sql.BasicExtractor   : extracted value ([id1_7_] : [BIGINT]) - [107]
2021-03-10 22:37:37.762 TRACE 20712 --- [    Test worker] o.h.type.descriptor.sql.BasicExtractor   : extracted value ([id1_7_] : [BIGINT]) - [108]
2021-03-10 22:37:37.762 TRACE 20712 --- [    Test worker] o.h.type.descriptor.sql.BasicExtractor   : extracted value ([id1_7_] : [BIGINT]) - [109]
2021-03-10 22:37:37.762 TRACE 20712 --- [    Test worker] o.h.type.descriptor.sql.BasicExtractor   : extracted value ([id1_7_] : [BIGINT]) - [110]
2021-03-10 22:37:37.762 TRACE 20712 --- [    Test worker] o.h.type.descriptor.sql.BasicExtractor   : extracted value ([id1_7_] : [BIGINT]) - [111]
2021-03-10 22:37:37.762 TRACE 20712 --- [    Test worker] o.h.type.descriptor.sql.BasicExtractor   : extracted value ([id1_7_] : [BIGINT]) - [112]
2021-03-10 22:37:37.762 TRACE 20712 --- [    Test worker] o.h.type.descriptor.sql.BasicExtractor   : extracted value ([id1_7_] : [BIGINT]) - [113]
2021-03-10 22:37:37.762 TRACE 20712 --- [    Test worker] o.h.type.descriptor.sql.BasicExtractor   : extracted value ([id1_7_] : [BIGINT]) - [114]
2021-03-10 22:37:37.762 TRACE 20712 --- [    Test worker] o.h.type.descriptor.sql.BasicExtractor   : extracted value ([id1_7_] : [BIGINT]) - [115]
2021-03-10 22:37:37.762 TRACE 20712 --- [    Test worker] o.h.type.descriptor.sql.BasicExtractor   : extracted value ([id1_7_] : [BIGINT]) - [116]
2021-03-10 22:37:37.762 TRACE 20712 --- [    Test worker] o.h.type.descriptor.sql.BasicExtractor   : extracted value ([id1_7_] : [BIGINT]) - [117]
2021-03-10 22:37:37.762 TRACE 20712 --- [    Test worker] o.h.type.descriptor.sql.BasicExtractor   : extracted value ([id1_7_] : [BIGINT]) - [118]
2021-03-10 22:37:37.762 TRACE 20712 --- [    Test worker] o.h.type.descriptor.sql.BasicExtractor   : extracted value ([id1_7_] : [BIGINT]) - [119]
2021-03-10 22:37:37.762 TRACE 20712 --- [    Test worker] o.h.type.descriptor.sql.BasicExtractor   : extracted value ([id1_7_] : [BIGINT]) - [120]
2021-03-10 22:37:37.762 TRACE 20712 --- [    Test worker] o.h.type.descriptor.sql.BasicExtractor   : extracted value ([id1_7_] : [BIGINT]) - [121]
2021-03-10 22:37:37.762 TRACE 20712 --- [    Test worker] o.h.type.descriptor.sql.BasicExtractor   : extracted value ([id1_7_] : [BIGINT]) - [122]
2021-03-10 22:37:37.762 TRACE 20712 --- [    Test worker] o.h.type.descriptor.sql.BasicExtractor   : extracted value ([id1_7_] : [BIGINT]) - [123]
2021-03-10 22:37:37.762 TRACE 20712 --- [    Test worker] o.h.type.descriptor.sql.BasicExtractor   : extracted value ([id1_7_] : [BIGINT]) - [124]
2021-03-10 22:37:37.762 TRACE 20712 --- [    Test worker] o.h.type.descriptor.sql.BasicExtractor   : extracted value ([id1_7_] : [BIGINT]) - [125]
2021-03-10 22:37:37.762 TRACE 20712 --- [    Test worker] o.h.type.descriptor.sql.BasicExtractor   : extracted value ([id1_7_] : [BIGINT]) - [126]
2021-03-10 22:37:37.762 TRACE 20712 --- [    Test worker] o.h.type.descriptor.sql.BasicExtractor   : extracted value ([id1_7_] : [BIGINT]) - [127]
2021-03-10 22:37:37.762 TRACE 20712 --- [    Test worker] o.h.type.descriptor.sql.BasicExtractor   : extracted value ([id1_7_] : [BIGINT]) - [128]
2021-03-10 22:37:37.762 TRACE 20712 --- [    Test worker] o.h.type.descriptor.sql.BasicExtractor   : extracted value ([id1_7_] : [BIGINT]) - [129]
2021-03-10 22:37:37.762 TRACE 20712 --- [    Test worker] o.h.type.descriptor.sql.BasicExtractor   : extracted value ([id1_7_] : [BIGINT]) - [130]
2021-03-10 22:37:37.762 TRACE 20712 --- [    Test worker] o.h.type.descriptor.sql.BasicExtractor   : extracted value ([id1_7_] : [BIGINT]) - [131]
2021-03-10 22:37:37.762 TRACE 20712 --- [    Test worker] o.h.type.descriptor.sql.BasicExtractor   : extracted value ([id1_7_] : [BIGINT]) - [132]
2021-03-10 22:37:37.762 TRACE 20712 --- [    Test worker] o.h.type.descriptor.sql.BasicExtractor   : extracted value ([id1_7_] : [BIGINT]) - [133]
2021-03-10 22:37:37.762 TRACE 20712 --- [    Test worker] o.h.type.descriptor.sql.BasicExtractor   : extracted value ([id1_7_] : [BIGINT]) - [134]
2021-03-10 22:37:37.762 TRACE 20712 --- [    Test worker] o.h.type.descriptor.sql.BasicExtractor   : extracted value ([id1_7_] : [BIGINT]) - [135]
2021-03-10 22:37:37.762 TRACE 20712 --- [    Test worker] o.h.type.descriptor.sql.BasicExtractor   : extracted value ([id1_7_] : [BIGINT]) - [136]
2021-03-10 22:37:37.762 TRACE 20712 --- [    Test worker] o.h.type.descriptor.sql.BasicExtractor   : extracted value ([id1_7_] : [BIGINT]) - [137]
2021-03-10 22:37:37.762 TRACE 20712 --- [    Test worker] o.h.type.descriptor.sql.BasicExtractor   : extracted value ([id1_7_] : [BIGINT]) - [138]
2021-03-10 22:37:37.762 TRACE 20712 --- [    Test worker] o.h.type.descriptor.sql.BasicExtractor   : extracted value ([id1_7_] : [BIGINT]) - [139]
2021-03-10 22:37:37.762 TRACE 20712 --- [    Test worker] o.h.type.descriptor.sql.BasicExtractor   : extracted value ([id1_7_] : [BIGINT]) - [140]
2021-03-10 22:37:37.762 TRACE 20712 --- [    Test worker] o.h.type.descriptor.sql.BasicExtractor   : extracted value ([id1_7_] : [BIGINT]) - [141]
2021-03-10 22:37:37.762 TRACE 20712 --- [    Test worker] o.h.type.descriptor.sql.BasicExtractor   : extracted value ([id1_7_] : [BIGINT]) - [142]
2021-03-10 22:37:37.762 TRACE 20712 --- [    Test worker] o.h.type.descriptor.sql.BasicExtractor   : extracted value ([id1_7_] : [BIGINT]) - [143]
2021-03-10 22:37:37.762 TRACE 20712 --- [    Test worker] o.h.type.descriptor.sql.BasicExtractor   : extracted value ([id1_7_] : [BIGINT]) - [144]
2021-03-10 22:37:37.762 TRACE 20712 --- [    Test worker] o.h.type.descriptor.sql.BasicExtractor   : extracted value ([id1_7_] : [BIGINT]) - [145]
Hibernate: 
    select
        zone0_.id as id1_7_,
        zone0_.city as city2_7_,
        zone0_.local_name_of_city as local_na3_7_,
        zone0_.province as province4_7_ 
    from
        zone zone0_
2021-03-10 22:37:37.778 TRACE 20712 --- [    Test worker] o.h.type.descriptor.sql.BasicExtractor   : extracted value ([id1_7_] : [BIGINT]) - [61]
2021-03-10 22:37:37.778 TRACE 20712 --- [    Test worker] o.h.type.descriptor.sql.BasicExtractor   : extracted value ([id1_7_] : [BIGINT]) - [62]
2021-03-10 22:37:37.778 TRACE 20712 --- [    Test worker] o.h.type.descriptor.sql.BasicExtractor   : extracted value ([id1_7_] : [BIGINT]) - [63]
2021-03-10 22:37:37.778 TRACE 20712 --- [    Test worker] o.h.type.descriptor.sql.BasicExtractor   : extracted value ([id1_7_] : [BIGINT]) - [64]
2021-03-10 22:37:37.778 TRACE 20712 --- [    Test worker] o.h.type.descriptor.sql.BasicExtractor   : extracted value ([id1_7_] : [BIGINT]) - [65]
2021-03-10 22:37:37.778 TRACE 20712 --- [    Test worker] o.h.type.descriptor.sql.BasicExtractor   : extracted value ([id1_7_] : [BIGINT]) - [66]
2021-03-10 22:37:37.778 TRACE 20712 --- [    Test worker] o.h.type.descriptor.sql.BasicExtractor   : extracted value ([id1_7_] : [BIGINT]) - [67]
2021-03-10 22:37:37.778 TRACE 20712 --- [    Test worker] o.h.type.descriptor.sql.BasicExtractor   : extracted value ([id1_7_] : [BIGINT]) - [68]
2021-03-10 22:37:37.778 TRACE 20712 --- [    Test worker] o.h.type.descriptor.sql.BasicExtractor   : extracted value ([id1_7_] : [BIGINT]) - [69]
2021-03-10 22:37:37.778 TRACE 20712 --- [    Test worker] o.h.type.descriptor.sql.BasicExtractor   : extracted value ([id1_7_] : [BIGINT]) - [70]
2021-03-10 22:37:37.778 TRACE 20712 --- [    Test worker] o.h.type.descriptor.sql.BasicExtractor   : extracted value ([id1_7_] : [BIGINT]) - [71]
2021-03-10 22:37:37.778 TRACE 20712 --- [    Test worker] o.h.type.descriptor.sql.BasicExtractor   : extracted value ([id1_7_] : [BIGINT]) - [72]
2021-03-10 22:37:37.778 TRACE 20712 --- [    Test worker] o.h.type.descriptor.sql.BasicExtractor   : extracted value ([id1_7_] : [BIGINT]) - [73]
2021-03-10 22:37:37.778 TRACE 20712 --- [    Test worker] o.h.type.descriptor.sql.BasicExtractor   : extracted value ([id1_7_] : [BIGINT]) - [74]
2021-03-10 22:37:37.778 TRACE 20712 --- [    Test worker] o.h.type.descriptor.sql.BasicExtractor   : extracted value ([id1_7_] : [BIGINT]) - [75]
2021-03-10 22:37:37.778 TRACE 20712 --- [    Test worker] o.h.type.descriptor.sql.BasicExtractor   : extracted value ([id1_7_] : [BIGINT]) - [76]
2021-03-10 22:37:37.778 TRACE 20712 --- [    Test worker] o.h.type.descriptor.sql.BasicExtractor   : extracted value ([id1_7_] : [BIGINT]) - [77]
2021-03-10 22:37:37.778 TRACE 20712 --- [    Test worker] o.h.type.descriptor.sql.BasicExtractor   : extracted value ([id1_7_] : [BIGINT]) - [78]
2021-03-10 22:37:37.778 TRACE 20712 --- [    Test worker] o.h.type.descriptor.sql.BasicExtractor   : extracted value ([id1_7_] : [BIGINT]) - [79]
2021-03-10 22:37:37.778 TRACE 20712 --- [    Test worker] o.h.type.descriptor.sql.BasicExtractor   : extracted value ([id1_7_] : [BIGINT]) - [80]
2021-03-10 22:37:37.778 TRACE 20712 --- [    Test worker] o.h.type.descriptor.sql.BasicExtractor   : extracted value ([id1_7_] : [BIGINT]) - [81]
2021-03-10 22:37:37.778 TRACE 20712 --- [    Test worker] o.h.type.descriptor.sql.BasicExtractor   : extracted value ([id1_7_] : [BIGINT]) - [82]
2021-03-10 22:37:37.778 TRACE 20712 --- [    Test worker] o.h.type.descriptor.sql.BasicExtractor   : extracted value ([id1_7_] : [BIGINT]) - [83]
2021-03-10 22:37:37.778 TRACE 20712 --- [    Test worker] o.h.type.descriptor.sql.BasicExtractor   : extracted value ([id1_7_] : [BIGINT]) - [84]
2021-03-10 22:37:37.778 TRACE 20712 --- [    Test worker] o.h.type.descriptor.sql.BasicExtractor   : extracted value ([id1_7_] : [BIGINT]) - [85]
2021-03-10 22:37:37.778 TRACE 20712 --- [    Test worker] o.h.type.descriptor.sql.BasicExtractor   : extracted value ([id1_7_] : [BIGINT]) - [86]
2021-03-10 22:37:37.778 TRACE 20712 --- [    Test worker] o.h.type.descriptor.sql.BasicExtractor   : extracted value ([id1_7_] : [BIGINT]) - [87]
2021-03-10 22:37:37.778 TRACE 20712 --- [    Test worker] o.h.type.descriptor.sql.BasicExtractor   : extracted value ([id1_7_] : [BIGINT]) - [88]
2021-03-10 22:37:37.778 TRACE 20712 --- [    Test worker] o.h.type.descriptor.sql.BasicExtractor   : extracted value ([id1_7_] : [BIGINT]) - [89]
2021-03-10 22:37:37.778 TRACE 20712 --- [    Test worker] o.h.type.descriptor.sql.BasicExtractor   : extracted value ([id1_7_] : [BIGINT]) - [90]
2021-03-10 22:37:37.778 TRACE 20712 --- [    Test worker] o.h.type.descriptor.sql.BasicExtractor   : extracted value ([id1_7_] : [BIGINT]) - [91]
2021-03-10 22:37:37.778 TRACE 20712 --- [    Test worker] o.h.type.descriptor.sql.BasicExtractor   : extracted value ([id1_7_] : [BIGINT]) - [92]
2021-03-10 22:37:37.778 TRACE 20712 --- [    Test worker] o.h.type.descriptor.sql.BasicExtractor   : extracted value ([id1_7_] : [BIGINT]) - [93]
2021-03-10 22:37:37.778 TRACE 20712 --- [    Test worker] o.h.type.descriptor.sql.BasicExtractor   : extracted value ([id1_7_] : [BIGINT]) - [94]
2021-03-10 22:37:37.778 TRACE 20712 --- [    Test worker] o.h.type.descriptor.sql.BasicExtractor   : extracted value ([id1_7_] : [BIGINT]) - [95]
2021-03-10 22:37:37.778 TRACE 20712 --- [    Test worker] o.h.type.descriptor.sql.BasicExtractor   : extracted value ([id1_7_] : [BIGINT]) - [96]
2021-03-10 22:37:37.778 TRACE 20712 --- [    Test worker] o.h.type.descriptor.sql.BasicExtractor   : extracted value ([id1_7_] : [BIGINT]) - [97]
2021-03-10 22:37:37.778 TRACE 20712 --- [    Test worker] o.h.type.descriptor.sql.BasicExtractor   : extracted value ([id1_7_] : [BIGINT]) - [98]
2021-03-10 22:37:37.778 TRACE 20712 --- [    Test worker] o.h.type.descriptor.sql.BasicExtractor   : extracted value ([id1_7_] : [BIGINT]) - [99]
2021-03-10 22:37:37.778 TRACE 20712 --- [    Test worker] o.h.type.descriptor.sql.BasicExtractor   : extracted value ([id1_7_] : [BIGINT]) - [100]
2021-03-10 22:37:37.778 TRACE 20712 --- [    Test worker] o.h.type.descriptor.sql.BasicExtractor   : extracted value ([id1_7_] : [BIGINT]) - [101]
2021-03-10 22:37:37.778 TRACE 20712 --- [    Test worker] o.h.type.descriptor.sql.BasicExtractor   : extracted value ([id1_7_] : [BIGINT]) - [102]
2021-03-10 22:37:37.778 TRACE 20712 --- [    Test worker] o.h.type.descriptor.sql.BasicExtractor   : extracted value ([id1_7_] : [BIGINT]) - [103]
2021-03-10 22:37:37.778 TRACE 20712 --- [    Test worker] o.h.type.descriptor.sql.BasicExtractor   : extracted value ([id1_7_] : [BIGINT]) - [104]
2021-03-10 22:37:37.778 TRACE 20712 --- [    Test worker] o.h.type.descriptor.sql.BasicExtractor   : extracted value ([id1_7_] : [BIGINT]) - [105]
2021-03-10 22:37:37.778 TRACE 20712 --- [    Test worker] o.h.type.descriptor.sql.BasicExtractor   : extracted value ([id1_7_] : [BIGINT]) - [106]
2021-03-10 22:37:37.778 TRACE 20712 --- [    Test worker] o.h.type.descriptor.sql.BasicExtractor   : extracted value ([id1_7_] : [BIGINT]) - [107]
2021-03-10 22:37:37.778 TRACE 20712 --- [    Test worker] o.h.type.descriptor.sql.BasicExtractor   : extracted value ([id1_7_] : [BIGINT]) - [108]
2021-03-10 22:37:37.778 TRACE 20712 --- [    Test worker] o.h.type.descriptor.sql.BasicExtractor   : extracted value ([id1_7_] : [BIGINT]) - [109]
2021-03-10 22:37:37.778 TRACE 20712 --- [    Test worker] o.h.type.descriptor.sql.BasicExtractor   : extracted value ([id1_7_] : [BIGINT]) - [110]
2021-03-10 22:37:37.778 TRACE 20712 --- [    Test worker] o.h.type.descriptor.sql.BasicExtractor   : extracted value ([id1_7_] : [BIGINT]) - [111]
2021-03-10 22:37:37.778 TRACE 20712 --- [    Test worker] o.h.type.descriptor.sql.BasicExtractor   : extracted value ([id1_7_] : [BIGINT]) - [112]
2021-03-10 22:37:37.778 TRACE 20712 --- [    Test worker] o.h.type.descriptor.sql.BasicExtractor   : extracted value ([id1_7_] : [BIGINT]) - [113]
2021-03-10 22:37:37.778 TRACE 20712 --- [    Test worker] o.h.type.descriptor.sql.BasicExtractor   : extracted value ([id1_7_] : [BIGINT]) - [114]
2021-03-10 22:37:37.778 TRACE 20712 --- [    Test worker] o.h.type.descriptor.sql.BasicExtractor   : extracted value ([id1_7_] : [BIGINT]) - [115]
2021-03-10 22:37:37.778 TRACE 20712 --- [    Test worker] o.h.type.descriptor.sql.BasicExtractor   : extracted value ([id1_7_] : [BIGINT]) - [116]
2021-03-10 22:37:37.778 TRACE 20712 --- [    Test worker] o.h.type.descriptor.sql.BasicExtractor   : extracted value ([id1_7_] : [BIGINT]) - [117]
2021-03-10 22:37:37.778 TRACE 20712 --- [    Test worker] o.h.type.descriptor.sql.BasicExtractor   : extracted value ([id1_7_] : [BIGINT]) - [118]
2021-03-10 22:37:37.778 TRACE 20712 --- [    Test worker] o.h.type.descriptor.sql.BasicExtractor   : extracted value ([id1_7_] : [BIGINT]) - [119]
2021-03-10 22:37:37.778 TRACE 20712 --- [    Test worker] o.h.type.descriptor.sql.BasicExtractor   : extracted value ([id1_7_] : [BIGINT]) - [120]
2021-03-10 22:37:37.778 TRACE 20712 --- [    Test worker] o.h.type.descriptor.sql.BasicExtractor   : extracted value ([id1_7_] : [BIGINT]) - [121]
2021-03-10 22:37:37.778 TRACE 20712 --- [    Test worker] o.h.type.descriptor.sql.BasicExtractor   : extracted value ([id1_7_] : [BIGINT]) - [122]
2021-03-10 22:37:37.778 TRACE 20712 --- [    Test worker] o.h.type.descriptor.sql.BasicExtractor   : extracted value ([id1_7_] : [BIGINT]) - [123]
2021-03-10 22:37:37.778 TRACE 20712 --- [    Test worker] o.h.type.descriptor.sql.BasicExtractor   : extracted value ([id1_7_] : [BIGINT]) - [124]
2021-03-10 22:37:37.778 TRACE 20712 --- [    Test worker] o.h.type.descriptor.sql.BasicExtractor   : extracted value ([id1_7_] : [BIGINT]) - [125]
2021-03-10 22:37:37.778 TRACE 20712 --- [    Test worker] o.h.type.descriptor.sql.BasicExtractor   : extracted value ([id1_7_] : [BIGINT]) - [126]
2021-03-10 22:37:37.778 TRACE 20712 --- [    Test worker] o.h.type.descriptor.sql.BasicExtractor   : extracted value ([id1_7_] : [BIGINT]) - [127]
2021-03-10 22:37:37.778 TRACE 20712 --- [    Test worker] o.h.type.descriptor.sql.BasicExtractor   : extracted value ([id1_7_] : [BIGINT]) - [128]
2021-03-10 22:37:37.778 TRACE 20712 --- [    Test worker] o.h.type.descriptor.sql.BasicExtractor   : extracted value ([id1_7_] : [BIGINT]) - [129]
2021-03-10 22:37:37.778 TRACE 20712 --- [    Test worker] o.h.type.descriptor.sql.BasicExtractor   : extracted value ([id1_7_] : [BIGINT]) - [130]
2021-03-10 22:37:37.778 TRACE 20712 --- [    Test worker] o.h.type.descriptor.sql.BasicExtractor   : extracted value ([id1_7_] : [BIGINT]) - [131]
2021-03-10 22:37:37.778 TRACE 20712 --- [    Test worker] o.h.type.descriptor.sql.BasicExtractor   : extracted value ([id1_7_] : [BIGINT]) - [132]
2021-03-10 22:37:37.778 TRACE 20712 --- [    Test worker] o.h.type.descriptor.sql.BasicExtractor   : extracted value ([id1_7_] : [BIGINT]) - [133]
2021-03-10 22:37:37.778 TRACE 20712 --- [    Test worker] o.h.type.descriptor.sql.BasicExtractor   : extracted value ([id1_7_] : [BIGINT]) - [134]
2021-03-10 22:37:37.778 TRACE 20712 --- [    Test worker] o.h.type.descriptor.sql.BasicExtractor   : extracted value ([id1_7_] : [BIGINT]) - [135]
2021-03-10 22:37:37.778 TRACE 20712 --- [    Test worker] o.h.type.descriptor.sql.BasicExtractor   : extracted value ([id1_7_] : [BIGINT]) - [136]
2021-03-10 22:37:37.778 TRACE 20712 --- [    Test worker] o.h.type.descriptor.sql.BasicExtractor   : extracted value ([id1_7_] : [BIGINT]) - [137]
2021-03-10 22:37:37.778 TRACE 20712 --- [    Test worker] o.h.type.descriptor.sql.BasicExtractor   : extracted value ([id1_7_] : [BIGINT]) - [138]
2021-03-10 22:37:37.778 TRACE 20712 --- [    Test worker] o.h.type.descriptor.sql.BasicExtractor   : extracted value ([id1_7_] : [BIGINT]) - [139]
2021-03-10 22:37:37.778 TRACE 20712 --- [    Test worker] o.h.type.descriptor.sql.BasicExtractor   : extracted value ([id1_7_] : [BIGINT]) - [140]
2021-03-10 22:37:37.778 TRACE 20712 --- [    Test worker] o.h.type.descriptor.sql.BasicExtractor   : extracted value ([id1_7_] : [BIGINT]) - [141]
2021-03-10 22:37:37.778 TRACE 20712 --- [    Test worker] o.h.type.descriptor.sql.BasicExtractor   : extracted value ([id1_7_] : [BIGINT]) - [142]
2021-03-10 22:37:37.778 TRACE 20712 --- [    Test worker] o.h.type.descriptor.sql.BasicExtractor   : extracted value ([id1_7_] : [BIGINT]) - [143]
2021-03-10 22:37:37.778 TRACE 20712 --- [    Test worker] o.h.type.descriptor.sql.BasicExtractor   : extracted value ([id1_7_] : [BIGINT]) - [144]
2021-03-10 22:37:37.778 TRACE 20712 --- [    Test worker] o.h.type.descriptor.sql.BasicExtractor   : extracted value ([id1_7_] : [BIGINT]) - [145]
Hibernate: 
    select
        zone0_.id as id1_7_,
        zone0_.city as city2_7_,
        zone0_.local_name_of_city as local_na3_7_,
        zone0_.province as province4_7_ 
    from
        zone zone0_
2021-03-10 22:37:37.778 TRACE 20712 --- [    Test worker] o.h.type.descriptor.sql.BasicExtractor   : extracted value ([id1_7_] : [BIGINT]) - [61]
2021-03-10 22:37:37.778 TRACE 20712 --- [    Test worker] o.h.type.descriptor.sql.BasicExtractor   : extracted value ([id1_7_] : [BIGINT]) - [62]
2021-03-10 22:37:37.778 TRACE 20712 --- [    Test worker] o.h.type.descriptor.sql.BasicExtractor   : extracted value ([id1_7_] : [BIGINT]) - [63]
2021-03-10 22:37:37.778 TRACE 20712 --- [    Test worker] o.h.type.descriptor.sql.BasicExtractor   : extracted value ([id1_7_] : [BIGINT]) - [64]
2021-03-10 22:37:37.778 TRACE 20712 --- [    Test worker] o.h.type.descriptor.sql.BasicExtractor   : extracted value ([id1_7_] : [BIGINT]) - [65]
2021-03-10 22:37:37.778 TRACE 20712 --- [    Test worker] o.h.type.descriptor.sql.BasicExtractor   : extracted value ([id1_7_] : [BIGINT]) - [66]
2021-03-10 22:37:37.778 TRACE 20712 --- [    Test worker] o.h.type.descriptor.sql.BasicExtractor   : extracted value ([id1_7_] : [BIGINT]) - [67]
2021-03-10 22:37:37.778 TRACE 20712 --- [    Test worker] o.h.type.descriptor.sql.BasicExtractor   : extracted value ([id1_7_] : [BIGINT]) - [68]
2021-03-10 22:37:37.778 TRACE 20712 --- [    Test worker] o.h.type.descriptor.sql.BasicExtractor   : extracted value ([id1_7_] : [BIGINT]) - [69]
2021-03-10 22:37:37.778 TRACE 20712 --- [    Test worker] o.h.type.descriptor.sql.BasicExtractor   : extracted value ([id1_7_] : [BIGINT]) - [70]
2021-03-10 22:37:37.778 TRACE 20712 --- [    Test worker] o.h.type.descriptor.sql.BasicExtractor   : extracted value ([id1_7_] : [BIGINT]) - [71]
2021-03-10 22:37:37.778 TRACE 20712 --- [    Test worker] o.h.type.descriptor.sql.BasicExtractor   : extracted value ([id1_7_] : [BIGINT]) - [72]
2021-03-10 22:37:37.778 TRACE 20712 --- [    Test worker] o.h.type.descriptor.sql.BasicExtractor   : extracted value ([id1_7_] : [BIGINT]) - [73]
2021-03-10 22:37:37.778 TRACE 20712 --- [    Test worker] o.h.type.descriptor.sql.BasicExtractor   : extracted value ([id1_7_] : [BIGINT]) - [74]
2021-03-10 22:37:37.778 TRACE 20712 --- [    Test worker] o.h.type.descriptor.sql.BasicExtractor   : extracted value ([id1_7_] : [BIGINT]) - [75]
2021-03-10 22:37:37.778 TRACE 20712 --- [    Test worker] o.h.type.descriptor.sql.BasicExtractor   : extracted value ([id1_7_] : [BIGINT]) - [76]
2021-03-10 22:37:37.778 TRACE 20712 --- [    Test worker] o.h.type.descriptor.sql.BasicExtractor   : extracted value ([id1_7_] : [BIGINT]) - [77]
2021-03-10 22:37:37.778 TRACE 20712 --- [    Test worker] o.h.type.descriptor.sql.BasicExtractor   : extracted value ([id1_7_] : [BIGINT]) - [78]
2021-03-10 22:37:37.778 TRACE 20712 --- [    Test worker] o.h.type.descriptor.sql.BasicExtractor   : extracted value ([id1_7_] : [BIGINT]) - [79]
2021-03-10 22:37:37.778 TRACE 20712 --- [    Test worker] o.h.type.descriptor.sql.BasicExtractor   : extracted value ([id1_7_] : [BIGINT]) - [80]
2021-03-10 22:37:37.778 TRACE 20712 --- [    Test worker] o.h.type.descriptor.sql.BasicExtractor   : extracted value ([id1_7_] : [BIGINT]) - [81]
2021-03-10 22:37:37.778 TRACE 20712 --- [    Test worker] o.h.type.descriptor.sql.BasicExtractor   : extracted value ([id1_7_] : [BIGINT]) - [82]
2021-03-10 22:37:37.778 TRACE 20712 --- [    Test worker] o.h.type.descriptor.sql.BasicExtractor   : extracted value ([id1_7_] : [BIGINT]) - [83]
2021-03-10 22:37:37.778 TRACE 20712 --- [    Test worker] o.h.type.descriptor.sql.BasicExtractor   : extracted value ([id1_7_] : [BIGINT]) - [84]
2021-03-10 22:37:37.778 TRACE 20712 --- [    Test worker] o.h.type.descriptor.sql.BasicExtractor   : extracted value ([id1_7_] : [BIGINT]) - [85]
2021-03-10 22:37:37.778 TRACE 20712 --- [    Test worker] o.h.type.descriptor.sql.BasicExtractor   : extracted value ([id1_7_] : [BIGINT]) - [86]
2021-03-10 22:37:37.778 TRACE 20712 --- [    Test worker] o.h.type.descriptor.sql.BasicExtractor   : extracted value ([id1_7_] : [BIGINT]) - [87]
2021-03-10 22:37:37.778 TRACE 20712 --- [    Test worker] o.h.type.descriptor.sql.BasicExtractor   : extracted value ([id1_7_] : [BIGINT]) - [88]
2021-03-10 22:37:37.778 TRACE 20712 --- [    Test worker] o.h.type.descriptor.sql.BasicExtractor   : extracted value ([id1_7_] : [BIGINT]) - [89]
2021-03-10 22:37:37.778 TRACE 20712 --- [    Test worker] o.h.type.descriptor.sql.BasicExtractor   : extracted value ([id1_7_] : [BIGINT]) - [90]
2021-03-10 22:37:37.778 TRACE 20712 --- [    Test worker] o.h.type.descriptor.sql.BasicExtractor   : extracted value ([id1_7_] : [BIGINT]) - [91]
2021-03-10 22:37:37.778 TRACE 20712 --- [    Test worker] o.h.type.descriptor.sql.BasicExtractor   : extracted value ([id1_7_] : [BIGINT]) - [92]
2021-03-10 22:37:37.778 TRACE 20712 --- [    Test worker] o.h.type.descriptor.sql.BasicExtractor   : extracted value ([id1_7_] : [BIGINT]) - [93]
2021-03-10 22:37:37.778 TRACE 20712 --- [    Test worker] o.h.type.descriptor.sql.BasicExtractor   : extracted value ([id1_7_] : [BIGINT]) - [94]
2021-03-10 22:37:37.778 TRACE 20712 --- [    Test worker] o.h.type.descriptor.sql.BasicExtractor   : extracted value ([id1_7_] : [BIGINT]) - [95]
2021-03-10 22:37:37.778 TRACE 20712 --- [    Test worker] o.h.type.descriptor.sql.BasicExtractor   : extracted value ([id1_7_] : [BIGINT]) - [96]
2021-03-10 22:37:37.778 TRACE 20712 --- [    Test worker] o.h.type.descriptor.sql.BasicExtractor   : extracted value ([id1_7_] : [BIGINT]) - [97]
2021-03-10 22:37:37.778 TRACE 20712 --- [    Test worker] o.h.type.descriptor.sql.BasicExtractor   : extracted value ([id1_7_] : [BIGINT]) - [98]
2021-03-10 22:37:37.778 TRACE 20712 --- [    Test worker] o.h.type.descriptor.sql.BasicExtractor   : extracted value ([id1_7_] : [BIGINT]) - [99]
2021-03-10 22:37:37.778 TRACE 20712 --- [    Test worker] o.h.type.descriptor.sql.BasicExtractor   : extracted value ([id1_7_] : [BIGINT]) - [100]
2021-03-10 22:37:37.778 TRACE 20712 --- [    Test worker] o.h.type.descriptor.sql.BasicExtractor   : extracted value ([id1_7_] : [BIGINT]) - [101]
2021-03-10 22:37:37.778 TRACE 20712 --- [    Test worker] o.h.type.descriptor.sql.BasicExtractor   : extracted value ([id1_7_] : [BIGINT]) - [102]
2021-03-10 22:37:37.778 TRACE 20712 --- [    Test worker] o.h.type.descriptor.sql.BasicExtractor   : extracted value ([id1_7_] : [BIGINT]) - [103]
2021-03-10 22:37:37.778 TRACE 20712 --- [    Test worker] o.h.type.descriptor.sql.BasicExtractor   : extracted value ([id1_7_] : [BIGINT]) - [104]
2021-03-10 22:37:37.778 TRACE 20712 --- [    Test worker] o.h.type.descriptor.sql.BasicExtractor   : extracted value ([id1_7_] : [BIGINT]) - [105]
2021-03-10 22:37:37.778 TRACE 20712 --- [    Test worker] o.h.type.descriptor.sql.BasicExtractor   : extracted value ([id1_7_] : [BIGINT]) - [106]
2021-03-10 22:37:37.778 TRACE 20712 --- [    Test worker] o.h.type.descriptor.sql.BasicExtractor   : extracted value ([id1_7_] : [BIGINT]) - [107]
2021-03-10 22:37:37.778 TRACE 20712 --- [    Test worker] o.h.type.descriptor.sql.BasicExtractor   : extracted value ([id1_7_] : [BIGINT]) - [108]
2021-03-10 22:37:37.778 TRACE 20712 --- [    Test worker] o.h.type.descriptor.sql.BasicExtractor   : extracted value ([id1_7_] : [BIGINT]) - [109]
2021-03-10 22:37:37.778 TRACE 20712 --- [    Test worker] o.h.type.descriptor.sql.BasicExtractor   : extracted value ([id1_7_] : [BIGINT]) - [110]
2021-03-10 22:37:37.778 TRACE 20712 --- [    Test worker] o.h.type.descriptor.sql.BasicExtractor   : extracted value ([id1_7_] : [BIGINT]) - [111]
2021-03-10 22:37:37.778 TRACE 20712 --- [    Test worker] o.h.type.descriptor.sql.BasicExtractor   : extracted value ([id1_7_] : [BIGINT]) - [112]
2021-03-10 22:37:37.778 TRACE 20712 --- [    Test worker] o.h.type.descriptor.sql.BasicExtractor   : extracted value ([id1_7_] : [BIGINT]) - [113]
2021-03-10 22:37:37.778 TRACE 20712 --- [    Test worker] o.h.type.descriptor.sql.BasicExtractor   : extracted value ([id1_7_] : [BIGINT]) - [114]
2021-03-10 22:37:37.778 TRACE 20712 --- [    Test worker] o.h.type.descriptor.sql.BasicExtractor   : extracted value ([id1_7_] : [BIGINT]) - [115]
2021-03-10 22:37:37.778 TRACE 20712 --- [    Test worker] o.h.type.descriptor.sql.BasicExtractor   : extracted value ([id1_7_] : [BIGINT]) - [116]
2021-03-10 22:37:37.778 TRACE 20712 --- [    Test worker] o.h.type.descriptor.sql.BasicExtractor   : extracted value ([id1_7_] : [BIGINT]) - [117]
2021-03-10 22:37:37.778 TRACE 20712 --- [    Test worker] o.h.type.descriptor.sql.BasicExtractor   : extracted value ([id1_7_] : [BIGINT]) - [118]
2021-03-10 22:37:37.778 TRACE 20712 --- [    Test worker] o.h.type.descriptor.sql.BasicExtractor   : extracted value ([id1_7_] : [BIGINT]) - [119]
2021-03-10 22:37:37.778 TRACE 20712 --- [    Test worker] o.h.type.descriptor.sql.BasicExtractor   : extracted value ([id1_7_] : [BIGINT]) - [120]
2021-03-10 22:37:37.778 TRACE 20712 --- [    Test worker] o.h.type.descriptor.sql.BasicExtractor   : extracted value ([id1_7_] : [BIGINT]) - [121]
2021-03-10 22:37:37.778 TRACE 20712 --- [    Test worker] o.h.type.descriptor.sql.BasicExtractor   : extracted value ([id1_7_] : [BIGINT]) - [122]
2021-03-10 22:37:37.778 TRACE 20712 --- [    Test worker] o.h.type.descriptor.sql.BasicExtractor   : extracted value ([id1_7_] : [BIGINT]) - [123]
2021-03-10 22:37:37.778 TRACE 20712 --- [    Test worker] o.h.type.descriptor.sql.BasicExtractor   : extracted value ([id1_7_] : [BIGINT]) - [124]
2021-03-10 22:37:37.778 TRACE 20712 --- [    Test worker] o.h.type.descriptor.sql.BasicExtractor   : extracted value ([id1_7_] : [BIGINT]) - [125]
2021-03-10 22:37:37.778 TRACE 20712 --- [    Test worker] o.h.type.descriptor.sql.BasicExtractor   : extracted value ([id1_7_] : [BIGINT]) - [126]
2021-03-10 22:37:37.778 TRACE 20712 --- [    Test worker] o.h.type.descriptor.sql.BasicExtractor   : extracted value ([id1_7_] : [BIGINT]) - [127]
2021-03-10 22:37:37.778 TRACE 20712 --- [    Test worker] o.h.type.descriptor.sql.BasicExtractor   : extracted value ([id1_7_] : [BIGINT]) - [128]
2021-03-10 22:37:37.778 TRACE 20712 --- [    Test worker] o.h.type.descriptor.sql.BasicExtractor   : extracted value ([id1_7_] : [BIGINT]) - [129]
2021-03-10 22:37:37.778 TRACE 20712 --- [    Test worker] o.h.type.descriptor.sql.BasicExtractor   : extracted value ([id1_7_] : [BIGINT]) - [130]
2021-03-10 22:37:37.778 TRACE 20712 --- [    Test worker] o.h.type.descriptor.sql.BasicExtractor   : extracted value ([id1_7_] : [BIGINT]) - [131]
2021-03-10 22:37:37.778 TRACE 20712 --- [    Test worker] o.h.type.descriptor.sql.BasicExtractor   : extracted value ([id1_7_] : [BIGINT]) - [132]
2021-03-10 22:37:37.778 TRACE 20712 --- [    Test worker] o.h.type.descriptor.sql.BasicExtractor   : extracted value ([id1_7_] : [BIGINT]) - [133]
2021-03-10 22:37:37.778 TRACE 20712 --- [    Test worker] o.h.type.descriptor.sql.BasicExtractor   : extracted value ([id1_7_] : [BIGINT]) - [134]
2021-03-10 22:37:37.778 TRACE 20712 --- [    Test worker] o.h.type.descriptor.sql.BasicExtractor   : extracted value ([id1_7_] : [BIGINT]) - [135]
2021-03-10 22:37:37.778 TRACE 20712 --- [    Test worker] o.h.type.descriptor.sql.BasicExtractor   : extracted value ([id1_7_] : [BIGINT]) - [136]
2021-03-10 22:37:37.778 TRACE 20712 --- [    Test worker] o.h.type.descriptor.sql.BasicExtractor   : extracted value ([id1_7_] : [BIGINT]) - [137]
2021-03-10 22:37:37.778 TRACE 20712 --- [    Test worker] o.h.type.descriptor.sql.BasicExtractor   : extracted value ([id1_7_] : [BIGINT]) - [138]
2021-03-10 22:37:37.778 TRACE 20712 --- [    Test worker] o.h.type.descriptor.sql.BasicExtractor   : extracted value ([id1_7_] : [BIGINT]) - [139]
2021-03-10 22:37:37.778 TRACE 20712 --- [    Test worker] o.h.type.descriptor.sql.BasicExtractor   : extracted value ([id1_7_] : [BIGINT]) - [140]
2021-03-10 22:37:37.778 TRACE 20712 --- [    Test worker] o.h.type.descriptor.sql.BasicExtractor   : extracted value ([id1_7_] : [BIGINT]) - [141]
2021-03-10 22:37:37.778 TRACE 20712 --- [    Test worker] o.h.type.descriptor.sql.BasicExtractor   : extracted value ([id1_7_] : [BIGINT]) - [142]
2021-03-10 22:37:37.778 TRACE 20712 --- [    Test worker] o.h.type.descriptor.sql.BasicExtractor   : extracted value ([id1_7_] : [BIGINT]) - [143]
2021-03-10 22:37:37.778 TRACE 20712 --- [    Test worker] o.h.type.descriptor.sql.BasicExtractor   : extracted value ([id1_7_] : [BIGINT]) - [144]
2021-03-10 22:37:37.778 TRACE 20712 --- [    Test worker] o.h.type.descriptor.sql.BasicExtractor   : extracted value ([id1_7_] : [BIGINT]) - [145]
Hibernate: 
    select
        zone0_.id as id1_7_,
        zone0_.city as city2_7_,
        zone0_.local_name_of_city as local_na3_7_,
        zone0_.province as province4_7_ 
    from
        zone zone0_
2021-03-10 22:37:37.778 TRACE 20712 --- [    Test worker] o.h.type.descriptor.sql.BasicExtractor   : extracted value ([id1_7_] : [BIGINT]) - [61]
2021-03-10 22:37:37.778 TRACE 20712 --- [    Test worker] o.h.type.descriptor.sql.BasicExtractor   : extracted value ([id1_7_] : [BIGINT]) - [62]
2021-03-10 22:37:37.778 TRACE 20712 --- [    Test worker] o.h.type.descriptor.sql.BasicExtractor   : extracted value ([id1_7_] : [BIGINT]) - [63]
2021-03-10 22:37:37.778 TRACE 20712 --- [    Test worker] o.h.type.descriptor.sql.BasicExtractor   : extracted value ([id1_7_] : [BIGINT]) - [64]
2021-03-10 22:37:37.778 TRACE 20712 --- [    Test worker] o.h.type.descriptor.sql.BasicExtractor   : extracted value ([id1_7_] : [BIGINT]) - [65]
2021-03-10 22:37:37.778 TRACE 20712 --- [    Test worker] o.h.type.descriptor.sql.BasicExtractor   : extracted value ([id1_7_] : [BIGINT]) - [66]
2021-03-10 22:37:37.778 TRACE 20712 --- [    Test worker] o.h.type.descriptor.sql.BasicExtractor   : extracted value ([id1_7_] : [BIGINT]) - [67]
2021-03-10 22:37:37.778 TRACE 20712 --- [    Test worker] o.h.type.descriptor.sql.BasicExtractor   : extracted value ([id1_7_] : [BIGINT]) - [68]
2021-03-10 22:37:37.778 TRACE 20712 --- [    Test worker] o.h.type.descriptor.sql.BasicExtractor   : extracted value ([id1_7_] : [BIGINT]) - [69]
2021-03-10 22:37:37.778 TRACE 20712 --- [    Test worker] o.h.type.descriptor.sql.BasicExtractor   : extracted value ([id1_7_] : [BIGINT]) - [70]
2021-03-10 22:37:37.778 TRACE 20712 --- [    Test worker] o.h.type.descriptor.sql.BasicExtractor   : extracted value ([id1_7_] : [BIGINT]) - [71]
2021-03-10 22:37:37.778 TRACE 20712 --- [    Test worker] o.h.type.descriptor.sql.BasicExtractor   : extracted value ([id1_7_] : [BIGINT]) - [72]
2021-03-10 22:37:37.778 TRACE 20712 --- [    Test worker] o.h.type.descriptor.sql.BasicExtractor   : extracted value ([id1_7_] : [BIGINT]) - [73]
2021-03-10 22:37:37.778 TRACE 20712 --- [    Test worker] o.h.type.descriptor.sql.BasicExtractor   : extracted value ([id1_7_] : [BIGINT]) - [74]
2021-03-10 22:37:37.778 TRACE 20712 --- [    Test worker] o.h.type.descriptor.sql.BasicExtractor   : extracted value ([id1_7_] : [BIGINT]) - [75]
2021-03-10 22:37:37.778 TRACE 20712 --- [    Test worker] o.h.type.descriptor.sql.BasicExtractor   : extracted value ([id1_7_] : [BIGINT]) - [76]
2021-03-10 22:37:37.778 TRACE 20712 --- [    Test worker] o.h.type.descriptor.sql.BasicExtractor   : extracted value ([id1_7_] : [BIGINT]) - [77]
2021-03-10 22:37:37.778 TRACE 20712 --- [    Test worker] o.h.type.descriptor.sql.BasicExtractor   : extracted value ([id1_7_] : [BIGINT]) - [78]
2021-03-10 22:37:37.778 TRACE 20712 --- [    Test worker] o.h.type.descriptor.sql.BasicExtractor   : extracted value ([id1_7_] : [BIGINT]) - [79]
2021-03-10 22:37:37.778 TRACE 20712 --- [    Test worker] o.h.type.descriptor.sql.BasicExtractor   : extracted value ([id1_7_] : [BIGINT]) - [80]
2021-03-10 22:37:37.778 TRACE 20712 --- [    Test worker] o.h.type.descriptor.sql.BasicExtractor   : extracted value ([id1_7_] : [BIGINT]) - [81]
2021-03-10 22:37:37.778 TRACE 20712 --- [    Test worker] o.h.type.descriptor.sql.BasicExtractor   : extracted value ([id1_7_] : [BIGINT]) - [82]
2021-03-10 22:37:37.778 TRACE 20712 --- [    Test worker] o.h.type.descriptor.sql.BasicExtractor   : extracted value ([id1_7_] : [BIGINT]) - [83]
2021-03-10 22:37:37.778 TRACE 20712 --- [    Test worker] o.h.type.descriptor.sql.BasicExtractor   : extracted value ([id1_7_] : [BIGINT]) - [84]
2021-03-10 22:37:37.778 TRACE 20712 --- [    Test worker] o.h.type.descriptor.sql.BasicExtractor   : extracted value ([id1_7_] : [BIGINT]) - [85]
2021-03-10 22:37:37.778 TRACE 20712 --- [    Test worker] o.h.type.descriptor.sql.BasicExtractor   : extracted value ([id1_7_] : [BIGINT]) - [86]
2021-03-10 22:37:37.778 TRACE 20712 --- [    Test worker] o.h.type.descriptor.sql.BasicExtractor   : extracted value ([id1_7_] : [BIGINT]) - [87]
2021-03-10 22:37:37.778 TRACE 20712 --- [    Test worker] o.h.type.descriptor.sql.BasicExtractor   : extracted value ([id1_7_] : [BIGINT]) - [88]
2021-03-10 22:37:37.778 TRACE 20712 --- [    Test worker] o.h.type.descriptor.sql.BasicExtractor   : extracted value ([id1_7_] : [BIGINT]) - [89]
2021-03-10 22:37:37.778 TRACE 20712 --- [    Test worker] o.h.type.descriptor.sql.BasicExtractor   : extracted value ([id1_7_] : [BIGINT]) - [90]
2021-03-10 22:37:37.778 TRACE 20712 --- [    Test worker] o.h.type.descriptor.sql.BasicExtractor   : extracted value ([id1_7_] : [BIGINT]) - [91]
2021-03-10 22:37:37.778 TRACE 20712 --- [    Test worker] o.h.type.descriptor.sql.BasicExtractor   : extracted value ([id1_7_] : [BIGINT]) - [92]
2021-03-10 22:37:37.778 TRACE 20712 --- [    Test worker] o.h.type.descriptor.sql.BasicExtractor   : extracted value ([id1_7_] : [BIGINT]) - [93]
2021-03-10 22:37:37.778 TRACE 20712 --- [    Test worker] o.h.type.descriptor.sql.BasicExtractor   : extracted value ([id1_7_] : [BIGINT]) - [94]
2021-03-10 22:37:37.778 TRACE 20712 --- [    Test worker] o.h.type.descriptor.sql.BasicExtractor   : extracted value ([id1_7_] : [BIGINT]) - [95]
2021-03-10 22:37:37.778 TRACE 20712 --- [    Test worker] o.h.type.descriptor.sql.BasicExtractor   : extracted value ([id1_7_] : [BIGINT]) - [96]
2021-03-10 22:37:37.778 TRACE 20712 --- [    Test worker] o.h.type.descriptor.sql.BasicExtractor   : extracted value ([id1_7_] : [BIGINT]) - [97]
2021-03-10 22:37:37.778 TRACE 20712 --- [    Test worker] o.h.type.descriptor.sql.BasicExtractor   : extracted value ([id1_7_] : [BIGINT]) - [98]
2021-03-10 22:37:37.778 TRACE 20712 --- [    Test worker] o.h.type.descriptor.sql.BasicExtractor   : extracted value ([id1_7_] : [BIGINT]) - [99]
2021-03-10 22:37:37.778 TRACE 20712 --- [    Test worker] o.h.type.descriptor.sql.BasicExtractor   : extracted value ([id1_7_] : [BIGINT]) - [100]
2021-03-10 22:37:37.778 TRACE 20712 --- [    Test worker] o.h.type.descriptor.sql.BasicExtractor   : extracted value ([id1_7_] : [BIGINT]) - [101]
2021-03-10 22:37:37.778 TRACE 20712 --- [    Test worker] o.h.type.descriptor.sql.BasicExtractor   : extracted value ([id1_7_] : [BIGINT]) - [102]
2021-03-10 22:37:37.778 TRACE 20712 --- [    Test worker] o.h.type.descriptor.sql.BasicExtractor   : extracted value ([id1_7_] : [BIGINT]) - [103]
2021-03-10 22:37:37.778 TRACE 20712 --- [    Test worker] o.h.type.descriptor.sql.BasicExtractor   : extracted value ([id1_7_] : [BIGINT]) - [104]
2021-03-10 22:37:37.778 TRACE 20712 --- [    Test worker] o.h.type.descriptor.sql.BasicExtractor   : extracted value ([id1_7_] : [BIGINT]) - [105]
2021-03-10 22:37:37.778 TRACE 20712 --- [    Test worker] o.h.type.descriptor.sql.BasicExtractor   : extracted value ([id1_7_] : [BIGINT]) - [106]
2021-03-10 22:37:37.778 TRACE 20712 --- [    Test worker] o.h.type.descriptor.sql.BasicExtractor   : extracted value ([id1_7_] : [BIGINT]) - [107]
2021-03-10 22:37:37.778 TRACE 20712 --- [    Test worker] o.h.type.descriptor.sql.BasicExtractor   : extracted value ([id1_7_] : [BIGINT]) - [108]
2021-03-10 22:37:37.778 TRACE 20712 --- [    Test worker] o.h.type.descriptor.sql.BasicExtractor   : extracted value ([id1_7_] : [BIGINT]) - [109]
2021-03-10 22:37:37.778 TRACE 20712 --- [    Test worker] o.h.type.descriptor.sql.BasicExtractor   : extracted value ([id1_7_] : [BIGINT]) - [110]
2021-03-10 22:37:37.778 TRACE 20712 --- [    Test worker] o.h.type.descriptor.sql.BasicExtractor   : extracted value ([id1_7_] : [BIGINT]) - [111]
2021-03-10 22:37:37.778 TRACE 20712 --- [    Test worker] o.h.type.descriptor.sql.BasicExtractor   : extracted value ([id1_7_] : [BIGINT]) - [112]
2021-03-10 22:37:37.778 TRACE 20712 --- [    Test worker] o.h.type.descriptor.sql.BasicExtractor   : extracted value ([id1_7_] : [BIGINT]) - [113]
2021-03-10 22:37:37.778 TRACE 20712 --- [    Test worker] o.h.type.descriptor.sql.BasicExtractor   : extracted value ([id1_7_] : [BIGINT]) - [114]
2021-03-10 22:37:37.778 TRACE 20712 --- [    Test worker] o.h.type.descriptor.sql.BasicExtractor   : extracted value ([id1_7_] : [BIGINT]) - [115]
2021-03-10 22:37:37.778 TRACE 20712 --- [    Test worker] o.h.type.descriptor.sql.BasicExtractor   : extracted value ([id1_7_] : [BIGINT]) - [116]
2021-03-10 22:37:37.778 TRACE 20712 --- [    Test worker] o.h.type.descriptor.sql.BasicExtractor   : extracted value ([id1_7_] : [BIGINT]) - [117]
2021-03-10 22:37:37.778 TRACE 20712 --- [    Test worker] o.h.type.descriptor.sql.BasicExtractor   : extracted value ([id1_7_] : [BIGINT]) - [118]
2021-03-10 22:37:37.778 TRACE 20712 --- [    Test worker] o.h.type.descriptor.sql.BasicExtractor   : extracted value ([id1_7_] : [BIGINT]) - [119]
2021-03-10 22:37:37.778 TRACE 20712 --- [    Test worker] o.h.type.descriptor.sql.BasicExtractor   : extracted value ([id1_7_] : [BIGINT]) - [120]
2021-03-10 22:37:37.778 TRACE 20712 --- [    Test worker] o.h.type.descriptor.sql.BasicExtractor   : extracted value ([id1_7_] : [BIGINT]) - [121]
2021-03-10 22:37:37.778 TRACE 20712 --- [    Test worker] o.h.type.descriptor.sql.BasicExtractor   : extracted value ([id1_7_] : [BIGINT]) - [122]
2021-03-10 22:37:37.778 TRACE 20712 --- [    Test worker] o.h.type.descriptor.sql.BasicExtractor   : extracted value ([id1_7_] : [BIGINT]) - [123]
2021-03-10 22:37:37.778 TRACE 20712 --- [    Test worker] o.h.type.descriptor.sql.BasicExtractor   : extracted value ([id1_7_] : [BIGINT]) - [124]
2021-03-10 22:37:37.778 TRACE 20712 --- [    Test worker] o.h.type.descriptor.sql.BasicExtractor   : extracted value ([id1_7_] : [BIGINT]) - [125]
2021-03-10 22:37:37.778 TRACE 20712 --- [    Test worker] o.h.type.descriptor.sql.BasicExtractor   : extracted value ([id1_7_] : [BIGINT]) - [126]
2021-03-10 22:37:37.778 TRACE 20712 --- [    Test worker] o.h.type.descriptor.sql.BasicExtractor   : extracted value ([id1_7_] : [BIGINT]) - [127]
2021-03-10 22:37:37.778 TRACE 20712 --- [    Test worker] o.h.type.descriptor.sql.BasicExtractor   : extracted value ([id1_7_] : [BIGINT]) - [128]
2021-03-10 22:37:37.778 TRACE 20712 --- [    Test worker] o.h.type.descriptor.sql.BasicExtractor   : extracted value ([id1_7_] : [BIGINT]) - [129]
2021-03-10 22:37:37.778 TRACE 20712 --- [    Test worker] o.h.type.descriptor.sql.BasicExtractor   : extracted value ([id1_7_] : [BIGINT]) - [130]
2021-03-10 22:37:37.778 TRACE 20712 --- [    Test worker] o.h.type.descriptor.sql.BasicExtractor   : extracted value ([id1_7_] : [BIGINT]) - [131]
2021-03-10 22:37:37.778 TRACE 20712 --- [    Test worker] o.h.type.descriptor.sql.BasicExtractor   : extracted value ([id1_7_] : [BIGINT]) - [132]
2021-03-10 22:37:37.778 TRACE 20712 --- [    Test worker] o.h.type.descriptor.sql.BasicExtractor   : extracted value ([id1_7_] : [BIGINT]) - [133]
2021-03-10 22:37:37.778 TRACE 20712 --- [    Test worker] o.h.type.descriptor.sql.BasicExtractor   : extracted value ([id1_7_] : [BIGINT]) - [134]
2021-03-10 22:37:37.778 TRACE 20712 --- [    Test worker] o.h.type.descriptor.sql.BasicExtractor   : extracted value ([id1_7_] : [BIGINT]) - [135]
2021-03-10 22:37:37.778 TRACE 20712 --- [    Test worker] o.h.type.descriptor.sql.BasicExtractor   : extracted value ([id1_7_] : [BIGINT]) - [136]
2021-03-10 22:37:37.778 TRACE 20712 --- [    Test worker] o.h.type.descriptor.sql.BasicExtractor   : extracted value ([id1_7_] : [BIGINT]) - [137]
2021-03-10 22:37:37.778 TRACE 20712 --- [    Test worker] o.h.type.descriptor.sql.BasicExtractor   : extracted value ([id1_7_] : [BIGINT]) - [138]
2021-03-10 22:37:37.778 TRACE 20712 --- [    Test worker] o.h.type.descriptor.sql.BasicExtractor   : extracted value ([id1_7_] : [BIGINT]) - [139]
2021-03-10 22:37:37.778 TRACE 20712 --- [    Test worker] o.h.type.descriptor.sql.BasicExtractor   : extracted value ([id1_7_] : [BIGINT]) - [140]
2021-03-10 22:37:37.778 TRACE 20712 --- [    Test worker] o.h.type.descriptor.sql.BasicExtractor   : extracted value ([id1_7_] : [BIGINT]) - [141]
2021-03-10 22:37:37.778 TRACE 20712 --- [    Test worker] o.h.type.descriptor.sql.BasicExtractor   : extracted value ([id1_7_] : [BIGINT]) - [142]
2021-03-10 22:37:37.778 TRACE 20712 --- [    Test worker] o.h.type.descriptor.sql.BasicExtractor   : extracted value ([id1_7_] : [BIGINT]) - [143]
2021-03-10 22:37:37.778 TRACE 20712 --- [    Test worker] o.h.type.descriptor.sql.BasicExtractor   : extracted value ([id1_7_] : [BIGINT]) - [144]
2021-03-10 22:37:37.778 TRACE 20712 --- [    Test worker] o.h.type.descriptor.sql.BasicExtractor   : extracted value ([id1_7_] : [BIGINT]) - [145]
Hibernate: 
    select
        zone0_.id as id1_7_,
        zone0_.city as city2_7_,
        zone0_.local_name_of_city as local_na3_7_,
        zone0_.province as province4_7_ 
    from
        zone zone0_
2021-03-10 22:37:37.778 TRACE 20712 --- [    Test worker] o.h.type.descriptor.sql.BasicExtractor   : extracted value ([id1_7_] : [BIGINT]) - [61]
2021-03-10 22:37:37.778 TRACE 20712 --- [    Test worker] o.h.type.descriptor.sql.BasicExtractor   : extracted value ([id1_7_] : [BIGINT]) - [62]
2021-03-10 22:37:37.778 TRACE 20712 --- [    Test worker] o.h.type.descriptor.sql.BasicExtractor   : extracted value ([id1_7_] : [BIGINT]) - [63]
2021-03-10 22:37:37.778 TRACE 20712 --- [    Test worker] o.h.type.descriptor.sql.BasicExtractor   : extracted value ([id1_7_] : [BIGINT]) - [64]
2021-03-10 22:37:37.778 TRACE 20712 --- [    Test worker] o.h.type.descriptor.sql.BasicExtractor   : extracted value ([id1_7_] : [BIGINT]) - [65]
2021-03-10 22:37:37.778 TRACE 20712 --- [    Test worker] o.h.type.descriptor.sql.BasicExtractor   : extracted value ([id1_7_] : [BIGINT]) - [66]
2021-03-10 22:37:37.778 TRACE 20712 --- [    Test worker] o.h.type.descriptor.sql.BasicExtractor   : extracted value ([id1_7_] : [BIGINT]) - [67]
2021-03-10 22:37:37.778 TRACE 20712 --- [    Test worker] o.h.type.descriptor.sql.BasicExtractor   : extracted value ([id1_7_] : [BIGINT]) - [68]
2021-03-10 22:37:37.778 TRACE 20712 --- [    Test worker] o.h.type.descriptor.sql.BasicExtractor   : extracted value ([id1_7_] : [BIGINT]) - [69]
2021-03-10 22:37:37.778 TRACE 20712 --- [    Test worker] o.h.type.descriptor.sql.BasicExtractor   : extracted value ([id1_7_] : [BIGINT]) - [70]
2021-03-10 22:37:37.778 TRACE 20712 --- [    Test worker] o.h.type.descriptor.sql.BasicExtractor   : extracted value ([id1_7_] : [BIGINT]) - [71]
2021-03-10 22:37:37.778 TRACE 20712 --- [    Test worker] o.h.type.descriptor.sql.BasicExtractor   : extracted value ([id1_7_] : [BIGINT]) - [72]
2021-03-10 22:37:37.778 TRACE 20712 --- [    Test worker] o.h.type.descriptor.sql.BasicExtractor   : extracted value ([id1_7_] : [BIGINT]) - [73]
2021-03-10 22:37:37.778 TRACE 20712 --- [    Test worker] o.h.type.descriptor.sql.BasicExtractor   : extracted value ([id1_7_] : [BIGINT]) - [74]
2021-03-10 22:37:37.778 TRACE 20712 --- [    Test worker] o.h.type.descriptor.sql.BasicExtractor   : extracted value ([id1_7_] : [BIGINT]) - [75]
2021-03-10 22:37:37.778 TRACE 20712 --- [    Test worker] o.h.type.descriptor.sql.BasicExtractor   : extracted value ([id1_7_] : [BIGINT]) - [76]
2021-03-10 22:37:37.778 TRACE 20712 --- [    Test worker] o.h.type.descriptor.sql.BasicExtractor   : extracted value ([id1_7_] : [BIGINT]) - [77]
2021-03-10 22:37:37.778 TRACE 20712 --- [    Test worker] o.h.type.descriptor.sql.BasicExtractor   : extracted value ([id1_7_] : [BIGINT]) - [78]
2021-03-10 22:37:37.778 TRACE 20712 --- [    Test worker] o.h.type.descriptor.sql.BasicExtractor   : extracted value ([id1_7_] : [BIGINT]) - [79]
2021-03-10 22:37:37.778 TRACE 20712 --- [    Test worker] o.h.type.descriptor.sql.BasicExtractor   : extracted value ([id1_7_] : [BIGINT]) - [80]
2021-03-10 22:37:37.778 TRACE 20712 --- [    Test worker] o.h.type.descriptor.sql.BasicExtractor   : extracted value ([id1_7_] : [BIGINT]) - [81]
2021-03-10 22:37:37.778 TRACE 20712 --- [    Test worker] o.h.type.descriptor.sql.BasicExtractor   : extracted value ([id1_7_] : [BIGINT]) - [82]
2021-03-10 22:37:37.778 TRACE 20712 --- [    Test worker] o.h.type.descriptor.sql.BasicExtractor   : extracted value ([id1_7_] : [BIGINT]) - [83]
2021-03-10 22:37:37.778 TRACE 20712 --- [    Test worker] o.h.type.descriptor.sql.BasicExtractor   : extracted value ([id1_7_] : [BIGINT]) - [84]
2021-03-10 22:37:37.778 TRACE 20712 --- [    Test worker] o.h.type.descriptor.sql.BasicExtractor   : extracted value ([id1_7_] : [BIGINT]) - [85]
2021-03-10 22:37:37.778 TRACE 20712 --- [    Test worker] o.h.type.descriptor.sql.BasicExtractor   : extracted value ([id1_7_] : [BIGINT]) - [86]
2021-03-10 22:37:37.778 TRACE 20712 --- [    Test worker] o.h.type.descriptor.sql.BasicExtractor   : extracted value ([id1_7_] : [BIGINT]) - [87]
2021-03-10 22:37:37.778 TRACE 20712 --- [    Test worker] o.h.type.descriptor.sql.BasicExtractor   : extracted value ([id1_7_] : [BIGINT]) - [88]
2021-03-10 22:37:37.778 TRACE 20712 --- [    Test worker] o.h.type.descriptor.sql.BasicExtractor   : extracted value ([id1_7_] : [BIGINT]) - [89]
2021-03-10 22:37:37.778 TRACE 20712 --- [    Test worker] o.h.type.descriptor.sql.BasicExtractor   : extracted value ([id1_7_] : [BIGINT]) - [90]
2021-03-10 22:37:37.778 TRACE 20712 --- [    Test worker] o.h.type.descriptor.sql.BasicExtractor   : extracted value ([id1_7_] : [BIGINT]) - [91]
2021-03-10 22:37:37.778 TRACE 20712 --- [    Test worker] o.h.type.descriptor.sql.BasicExtractor   : extracted value ([id1_7_] : [BIGINT]) - [92]
2021-03-10 22:37:37.778 TRACE 20712 --- [    Test worker] o.h.type.descriptor.sql.BasicExtractor   : extracted value ([id1_7_] : [BIGINT]) - [93]
2021-03-10 22:37:37.778 TRACE 20712 --- [    Test worker] o.h.type.descriptor.sql.BasicExtractor   : extracted value ([id1_7_] : [BIGINT]) - [94]
2021-03-10 22:37:37.778 TRACE 20712 --- [    Test worker] o.h.type.descriptor.sql.BasicExtractor   : extracted value ([id1_7_] : [BIGINT]) - [95]
2021-03-10 22:37:37.778 TRACE 20712 --- [    Test worker] o.h.type.descriptor.sql.BasicExtractor   : extracted value ([id1_7_] : [BIGINT]) - [96]
2021-03-10 22:37:37.778 TRACE 20712 --- [    Test worker] o.h.type.descriptor.sql.BasicExtractor   : extracted value ([id1_7_] : [BIGINT]) - [97]
2021-03-10 22:37:37.778 TRACE 20712 --- [    Test worker] o.h.type.descriptor.sql.BasicExtractor   : extracted value ([id1_7_] : [BIGINT]) - [98]
2021-03-10 22:37:37.778 TRACE 20712 --- [    Test worker] o.h.type.descriptor.sql.BasicExtractor   : extracted value ([id1_7_] : [BIGINT]) - [99]
2021-03-10 22:37:37.778 TRACE 20712 --- [    Test worker] o.h.type.descriptor.sql.BasicExtractor   : extracted value ([id1_7_] : [BIGINT]) - [100]
2021-03-10 22:37:37.778 TRACE 20712 --- [    Test worker] o.h.type.descriptor.sql.BasicExtractor   : extracted value ([id1_7_] : [BIGINT]) - [101]
2021-03-10 22:37:37.778 TRACE 20712 --- [    Test worker] o.h.type.descriptor.sql.BasicExtractor   : extracted value ([id1_7_] : [BIGINT]) - [102]
2021-03-10 22:37:37.778 TRACE 20712 --- [    Test worker] o.h.type.descriptor.sql.BasicExtractor   : extracted value ([id1_7_] : [BIGINT]) - [103]
2021-03-10 22:37:37.778 TRACE 20712 --- [    Test worker] o.h.type.descriptor.sql.BasicExtractor   : extracted value ([id1_7_] : [BIGINT]) - [104]
2021-03-10 22:37:37.778 TRACE 20712 --- [    Test worker] o.h.type.descriptor.sql.BasicExtractor   : extracted value ([id1_7_] : [BIGINT]) - [105]
2021-03-10 22:37:37.778 TRACE 20712 --- [    Test worker] o.h.type.descriptor.sql.BasicExtractor   : extracted value ([id1_7_] : [BIGINT]) - [106]
2021-03-10 22:37:37.778 TRACE 20712 --- [    Test worker] o.h.type.descriptor.sql.BasicExtractor   : extracted value ([id1_7_] : [BIGINT]) - [107]
2021-03-10 22:37:37.778 TRACE 20712 --- [    Test worker] o.h.type.descriptor.sql.BasicExtractor   : extracted value ([id1_7_] : [BIGINT]) - [108]
2021-03-10 22:37:37.778 TRACE 20712 --- [    Test worker] o.h.type.descriptor.sql.BasicExtractor   : extracted value ([id1_7_] : [BIGINT]) - [109]
2021-03-10 22:37:37.778 TRACE 20712 --- [    Test worker] o.h.type.descriptor.sql.BasicExtractor   : extracted value ([id1_7_] : [BIGINT]) - [110]
2021-03-10 22:37:37.778 TRACE 20712 --- [    Test worker] o.h.type.descriptor.sql.BasicExtractor   : extracted value ([id1_7_] : [BIGINT]) - [111]
2021-03-10 22:37:37.778 TRACE 20712 --- [    Test worker] o.h.type.descriptor.sql.BasicExtractor   : extracted value ([id1_7_] : [BIGINT]) - [112]
2021-03-10 22:37:37.778 TRACE 20712 --- [    Test worker] o.h.type.descriptor.sql.BasicExtractor   : extracted value ([id1_7_] : [BIGINT]) - [113]
2021-03-10 22:37:37.778 TRACE 20712 --- [    Test worker] o.h.type.descriptor.sql.BasicExtractor   : extracted value ([id1_7_] : [BIGINT]) - [114]
2021-03-10 22:37:37.778 TRACE 20712 --- [    Test worker] o.h.type.descriptor.sql.BasicExtractor   : extracted value ([id1_7_] : [BIGINT]) - [115]
2021-03-10 22:37:37.778 TRACE 20712 --- [    Test worker] o.h.type.descriptor.sql.BasicExtractor   : extracted value ([id1_7_] : [BIGINT]) - [116]
2021-03-10 22:37:37.778 TRACE 20712 --- [    Test worker] o.h.type.descriptor.sql.BasicExtractor   : extracted value ([id1_7_] : [BIGINT]) - [117]
2021-03-10 22:37:37.778 TRACE 20712 --- [    Test worker] o.h.type.descriptor.sql.BasicExtractor   : extracted value ([id1_7_] : [BIGINT]) - [118]
2021-03-10 22:37:37.778 TRACE 20712 --- [    Test worker] o.h.type.descriptor.sql.BasicExtractor   : extracted value ([id1_7_] : [BIGINT]) - [119]
2021-03-10 22:37:37.778 TRACE 20712 --- [    Test worker] o.h.type.descriptor.sql.BasicExtractor   : extracted value ([id1_7_] : [BIGINT]) - [120]
2021-03-10 22:37:37.778 TRACE 20712 --- [    Test worker] o.h.type.descriptor.sql.BasicExtractor   : extracted value ([id1_7_] : [BIGINT]) - [121]
2021-03-10 22:37:37.778 TRACE 20712 --- [    Test worker] o.h.type.descriptor.sql.BasicExtractor   : extracted value ([id1_7_] : [BIGINT]) - [122]
2021-03-10 22:37:37.778 TRACE 20712 --- [    Test worker] o.h.type.descriptor.sql.BasicExtractor   : extracted value ([id1_7_] : [BIGINT]) - [123]
2021-03-10 22:37:37.778 TRACE 20712 --- [    Test worker] o.h.type.descriptor.sql.BasicExtractor   : extracted value ([id1_7_] : [BIGINT]) - [124]
2021-03-10 22:37:37.778 TRACE 20712 --- [    Test worker] o.h.type.descriptor.sql.BasicExtractor   : extracted value ([id1_7_] : [BIGINT]) - [125]
2021-03-10 22:37:37.778 TRACE 20712 --- [    Test worker] o.h.type.descriptor.sql.BasicExtractor   : extracted value ([id1_7_] : [BIGINT]) - [126]
2021-03-10 22:37:37.778 TRACE 20712 --- [    Test worker] o.h.type.descriptor.sql.BasicExtractor   : extracted value ([id1_7_] : [BIGINT]) - [127]
2021-03-10 22:37:37.778 TRACE 20712 --- [    Test worker] o.h.type.descriptor.sql.BasicExtractor   : extracted value ([id1_7_] : [BIGINT]) - [128]
2021-03-10 22:37:37.778 TRACE 20712 --- [    Test worker] o.h.type.descriptor.sql.BasicExtractor   : extracted value ([id1_7_] : [BIGINT]) - [129]
2021-03-10 22:37:37.778 TRACE 20712 --- [    Test worker] o.h.type.descriptor.sql.BasicExtractor   : extracted value ([id1_7_] : [BIGINT]) - [130]
2021-03-10 22:37:37.778 TRACE 20712 --- [    Test worker] o.h.type.descriptor.sql.BasicExtractor   : extracted value ([id1_7_] : [BIGINT]) - [131]
2021-03-10 22:37:37.778 TRACE 20712 --- [    Test worker] o.h.type.descriptor.sql.BasicExtractor   : extracted value ([id1_7_] : [BIGINT]) - [132]
2021-03-10 22:37:37.778 TRACE 20712 --- [    Test worker] o.h.type.descriptor.sql.BasicExtractor   : extracted value ([id1_7_] : [BIGINT]) - [133]
2021-03-10 22:37:37.778 TRACE 20712 --- [    Test worker] o.h.type.descriptor.sql.BasicExtractor   : extracted value ([id1_7_] : [BIGINT]) - [134]
2021-03-10 22:37:37.778 TRACE 20712 --- [    Test worker] o.h.type.descriptor.sql.BasicExtractor   : extracted value ([id1_7_] : [BIGINT]) - [135]
2021-03-10 22:37:37.778 TRACE 20712 --- [    Test worker] o.h.type.descriptor.sql.BasicExtractor   : extracted value ([id1_7_] : [BIGINT]) - [136]
2021-03-10 22:37:37.778 TRACE 20712 --- [    Test worker] o.h.type.descriptor.sql.BasicExtractor   : extracted value ([id1_7_] : [BIGINT]) - [137]
2021-03-10 22:37:37.778 TRACE 20712 --- [    Test worker] o.h.type.descriptor.sql.BasicExtractor   : extracted value ([id1_7_] : [BIGINT]) - [138]
2021-03-10 22:37:37.778 TRACE 20712 --- [    Test worker] o.h.type.descriptor.sql.BasicExtractor   : extracted value ([id1_7_] : [BIGINT]) - [139]
2021-03-10 22:37:37.778 TRACE 20712 --- [    Test worker] o.h.type.descriptor.sql.BasicExtractor   : extracted value ([id1_7_] : [BIGINT]) - [140]
2021-03-10 22:37:37.778 TRACE 20712 --- [    Test worker] o.h.type.descriptor.sql.BasicExtractor   : extracted value ([id1_7_] : [BIGINT]) - [141]
2021-03-10 22:37:37.778 TRACE 20712 --- [    Test worker] o.h.type.descriptor.sql.BasicExtractor   : extracted value ([id1_7_] : [BIGINT]) - [142]
2021-03-10 22:37:37.778 TRACE 20712 --- [    Test worker] o.h.type.descriptor.sql.BasicExtractor   : extracted value ([id1_7_] : [BIGINT]) - [143]
2021-03-10 22:37:37.778 TRACE 20712 --- [    Test worker] o.h.type.descriptor.sql.BasicExtractor   : extracted value ([id1_7_] : [BIGINT]) - [144]
2021-03-10 22:37:37.778 TRACE 20712 --- [    Test worker] o.h.type.descriptor.sql.BasicExtractor   : extracted value ([id1_7_] : [BIGINT]) - [145]
Hibernate: 
    select
        zone0_.id as id1_7_,
        zone0_.city as city2_7_,
        zone0_.local_name_of_city as local_na3_7_,
        zone0_.province as province4_7_ 
    from
        zone zone0_
2021-03-10 22:37:37.793 TRACE 20712 --- [    Test worker] o.h.type.descriptor.sql.BasicExtractor   : extracted value ([id1_7_] : [BIGINT]) - [61]
2021-03-10 22:37:37.793 TRACE 20712 --- [    Test worker] o.h.type.descriptor.sql.BasicExtractor   : extracted value ([id1_7_] : [BIGINT]) - [62]
2021-03-10 22:37:37.793 TRACE 20712 --- [    Test worker] o.h.type.descriptor.sql.BasicExtractor   : extracted value ([id1_7_] : [BIGINT]) - [63]
2021-03-10 22:37:37.793 TRACE 20712 --- [    Test worker] o.h.type.descriptor.sql.BasicExtractor   : extracted value ([id1_7_] : [BIGINT]) - [64]
2021-03-10 22:37:37.793 TRACE 20712 --- [    Test worker] o.h.type.descriptor.sql.BasicExtractor   : extracted value ([id1_7_] : [BIGINT]) - [65]
2021-03-10 22:37:37.793 TRACE 20712 --- [    Test worker] o.h.type.descriptor.sql.BasicExtractor   : extracted value ([id1_7_] : [BIGINT]) - [66]
2021-03-10 22:37:37.793 TRACE 20712 --- [    Test worker] o.h.type.descriptor.sql.BasicExtractor   : extracted value ([id1_7_] : [BIGINT]) - [67]
2021-03-10 22:37:37.793 TRACE 20712 --- [    Test worker] o.h.type.descriptor.sql.BasicExtractor   : extracted value ([id1_7_] : [BIGINT]) - [68]
2021-03-10 22:37:37.793 TRACE 20712 --- [    Test worker] o.h.type.descriptor.sql.BasicExtractor   : extracted value ([id1_7_] : [BIGINT]) - [69]
2021-03-10 22:37:37.793 TRACE 20712 --- [    Test worker] o.h.type.descriptor.sql.BasicExtractor   : extracted value ([id1_7_] : [BIGINT]) - [70]
2021-03-10 22:37:37.793 TRACE 20712 --- [    Test worker] o.h.type.descriptor.sql.BasicExtractor   : extracted value ([id1_7_] : [BIGINT]) - [71]
2021-03-10 22:37:37.793 TRACE 20712 --- [    Test worker] o.h.type.descriptor.sql.BasicExtractor   : extracted value ([id1_7_] : [BIGINT]) - [72]
2021-03-10 22:37:37.793 TRACE 20712 --- [    Test worker] o.h.type.descriptor.sql.BasicExtractor   : extracted value ([id1_7_] : [BIGINT]) - [73]
2021-03-10 22:37:37.793 TRACE 20712 --- [    Test worker] o.h.type.descriptor.sql.BasicExtractor   : extracted value ([id1_7_] : [BIGINT]) - [74]
2021-03-10 22:37:37.793 TRACE 20712 --- [    Test worker] o.h.type.descriptor.sql.BasicExtractor   : extracted value ([id1_7_] : [BIGINT]) - [75]
2021-03-10 22:37:37.793 TRACE 20712 --- [    Test worker] o.h.type.descriptor.sql.BasicExtractor   : extracted value ([id1_7_] : [BIGINT]) - [76]
2021-03-10 22:37:37.793 TRACE 20712 --- [    Test worker] o.h.type.descriptor.sql.BasicExtractor   : extracted value ([id1_7_] : [BIGINT]) - [77]
2021-03-10 22:37:37.793 TRACE 20712 --- [    Test worker] o.h.type.descriptor.sql.BasicExtractor   : extracted value ([id1_7_] : [BIGINT]) - [78]
2021-03-10 22:37:37.793 TRACE 20712 --- [    Test worker] o.h.type.descriptor.sql.BasicExtractor   : extracted value ([id1_7_] : [BIGINT]) - [79]
2021-03-10 22:37:37.793 TRACE 20712 --- [    Test worker] o.h.type.descriptor.sql.BasicExtractor   : extracted value ([id1_7_] : [BIGINT]) - [80]
2021-03-10 22:37:37.793 TRACE 20712 --- [    Test worker] o.h.type.descriptor.sql.BasicExtractor   : extracted value ([id1_7_] : [BIGINT]) - [81]
2021-03-10 22:37:37.793 TRACE 20712 --- [    Test worker] o.h.type.descriptor.sql.BasicExtractor   : extracted value ([id1_7_] : [BIGINT]) - [82]
2021-03-10 22:37:37.793 TRACE 20712 --- [    Test worker] o.h.type.descriptor.sql.BasicExtractor   : extracted value ([id1_7_] : [BIGINT]) - [83]
2021-03-10 22:37:37.793 TRACE 20712 --- [    Test worker] o.h.type.descriptor.sql.BasicExtractor   : extracted value ([id1_7_] : [BIGINT]) - [84]
2021-03-10 22:37:37.793 TRACE 20712 --- [    Test worker] o.h.type.descriptor.sql.BasicExtractor   : extracted value ([id1_7_] : [BIGINT]) - [85]
2021-03-10 22:37:37.793 TRACE 20712 --- [    Test worker] o.h.type.descriptor.sql.BasicExtractor   : extracted value ([id1_7_] : [BIGINT]) - [86]
2021-03-10 22:37:37.793 TRACE 20712 --- [    Test worker] o.h.type.descriptor.sql.BasicExtractor   : extracted value ([id1_7_] : [BIGINT]) - [87]
2021-03-10 22:37:37.793 TRACE 20712 --- [    Test worker] o.h.type.descriptor.sql.BasicExtractor   : extracted value ([id1_7_] : [BIGINT]) - [88]
2021-03-10 22:37:37.793 TRACE 20712 --- [    Test worker] o.h.type.descriptor.sql.BasicExtractor   : extracted value ([id1_7_] : [BIGINT]) - [89]
2021-03-10 22:37:37.793 TRACE 20712 --- [    Test worker] o.h.type.descriptor.sql.BasicExtractor   : extracted value ([id1_7_] : [BIGINT]) - [90]
2021-03-10 22:37:37.793 TRACE 20712 --- [    Test worker] o.h.type.descriptor.sql.BasicExtractor   : extracted value ([id1_7_] : [BIGINT]) - [91]
2021-03-10 22:37:37.793 TRACE 20712 --- [    Test worker] o.h.type.descriptor.sql.BasicExtractor   : extracted value ([id1_7_] : [BIGINT]) - [92]
2021-03-10 22:37:37.793 TRACE 20712 --- [    Test worker] o.h.type.descriptor.sql.BasicExtractor   : extracted value ([id1_7_] : [BIGINT]) - [93]
2021-03-10 22:37:37.793 TRACE 20712 --- [    Test worker] o.h.type.descriptor.sql.BasicExtractor   : extracted value ([id1_7_] : [BIGINT]) - [94]
2021-03-10 22:37:37.793 TRACE 20712 --- [    Test worker] o.h.type.descriptor.sql.BasicExtractor   : extracted value ([id1_7_] : [BIGINT]) - [95]
2021-03-10 22:37:37.793 TRACE 20712 --- [    Test worker] o.h.type.descriptor.sql.BasicExtractor   : extracted value ([id1_7_] : [BIGINT]) - [96]
2021-03-10 22:37:37.793 TRACE 20712 --- [    Test worker] o.h.type.descriptor.sql.BasicExtractor   : extracted value ([id1_7_] : [BIGINT]) - [97]
2021-03-10 22:37:37.793 TRACE 20712 --- [    Test worker] o.h.type.descriptor.sql.BasicExtractor   : extracted value ([id1_7_] : [BIGINT]) - [98]
2021-03-10 22:37:37.793 TRACE 20712 --- [    Test worker] o.h.type.descriptor.sql.BasicExtractor   : extracted value ([id1_7_] : [BIGINT]) - [99]
2021-03-10 22:37:37.793 TRACE 20712 --- [    Test worker] o.h.type.descriptor.sql.BasicExtractor   : extracted value ([id1_7_] : [BIGINT]) - [100]
2021-03-10 22:37:37.793 TRACE 20712 --- [    Test worker] o.h.type.descriptor.sql.BasicExtractor   : extracted value ([id1_7_] : [BIGINT]) - [101]
2021-03-10 22:37:37.793 TRACE 20712 --- [    Test worker] o.h.type.descriptor.sql.BasicExtractor   : extracted value ([id1_7_] : [BIGINT]) - [102]
2021-03-10 22:37:37.793 TRACE 20712 --- [    Test worker] o.h.type.descriptor.sql.BasicExtractor   : extracted value ([id1_7_] : [BIGINT]) - [103]
2021-03-10 22:37:37.793 TRACE 20712 --- [    Test worker] o.h.type.descriptor.sql.BasicExtractor   : extracted value ([id1_7_] : [BIGINT]) - [104]
2021-03-10 22:37:37.793 TRACE 20712 --- [    Test worker] o.h.type.descriptor.sql.BasicExtractor   : extracted value ([id1_7_] : [BIGINT]) - [105]
2021-03-10 22:37:37.793 TRACE 20712 --- [    Test worker] o.h.type.descriptor.sql.BasicExtractor   : extracted value ([id1_7_] : [BIGINT]) - [106]
2021-03-10 22:37:37.793 TRACE 20712 --- [    Test worker] o.h.type.descriptor.sql.BasicExtractor   : extracted value ([id1_7_] : [BIGINT]) - [107]
2021-03-10 22:37:37.793 TRACE 20712 --- [    Test worker] o.h.type.descriptor.sql.BasicExtractor   : extracted value ([id1_7_] : [BIGINT]) - [108]
2021-03-10 22:37:37.793 TRACE 20712 --- [    Test worker] o.h.type.descriptor.sql.BasicExtractor   : extracted value ([id1_7_] : [BIGINT]) - [109]
2021-03-10 22:37:37.793 TRACE 20712 --- [    Test worker] o.h.type.descriptor.sql.BasicExtractor   : extracted value ([id1_7_] : [BIGINT]) - [110]
2021-03-10 22:37:37.793 TRACE 20712 --- [    Test worker] o.h.type.descriptor.sql.BasicExtractor   : extracted value ([id1_7_] : [BIGINT]) - [111]
2021-03-10 22:37:37.793 TRACE 20712 --- [    Test worker] o.h.type.descriptor.sql.BasicExtractor   : extracted value ([id1_7_] : [BIGINT]) - [112]
2021-03-10 22:37:37.793 TRACE 20712 --- [    Test worker] o.h.type.descriptor.sql.BasicExtractor   : extracted value ([id1_7_] : [BIGINT]) - [113]
2021-03-10 22:37:37.793 TRACE 20712 --- [    Test worker] o.h.type.descriptor.sql.BasicExtractor   : extracted value ([id1_7_] : [BIGINT]) - [114]
2021-03-10 22:37:37.793 TRACE 20712 --- [    Test worker] o.h.type.descriptor.sql.BasicExtractor   : extracted value ([id1_7_] : [BIGINT]) - [115]
2021-03-10 22:37:37.793 TRACE 20712 --- [    Test worker] o.h.type.descriptor.sql.BasicExtractor   : extracted value ([id1_7_] : [BIGINT]) - [116]
2021-03-10 22:37:37.793 TRACE 20712 --- [    Test worker] o.h.type.descriptor.sql.BasicExtractor   : extracted value ([id1_7_] : [BIGINT]) - [117]
2021-03-10 22:37:37.793 TRACE 20712 --- [    Test worker] o.h.type.descriptor.sql.BasicExtractor   : extracted value ([id1_7_] : [BIGINT]) - [118]
2021-03-10 22:37:37.793 TRACE 20712 --- [    Test worker] o.h.type.descriptor.sql.BasicExtractor   : extracted value ([id1_7_] : [BIGINT]) - [119]
2021-03-10 22:37:37.793 TRACE 20712 --- [    Test worker] o.h.type.descriptor.sql.BasicExtractor   : extracted value ([id1_7_] : [BIGINT]) - [120]
2021-03-10 22:37:37.793 TRACE 20712 --- [    Test worker] o.h.type.descriptor.sql.BasicExtractor   : extracted value ([id1_7_] : [BIGINT]) - [121]
2021-03-10 22:37:37.793 TRACE 20712 --- [    Test worker] o.h.type.descriptor.sql.BasicExtractor   : extracted value ([id1_7_] : [BIGINT]) - [122]
2021-03-10 22:37:37.793 TRACE 20712 --- [    Test worker] o.h.type.descriptor.sql.BasicExtractor   : extracted value ([id1_7_] : [BIGINT]) - [123]
2021-03-10 22:37:37.793 TRACE 20712 --- [    Test worker] o.h.type.descriptor.sql.BasicExtractor   : extracted value ([id1_7_] : [BIGINT]) - [124]
2021-03-10 22:37:37.793 TRACE 20712 --- [    Test worker] o.h.type.descriptor.sql.BasicExtractor   : extracted value ([id1_7_] : [BIGINT]) - [125]
2021-03-10 22:37:37.793 TRACE 20712 --- [    Test worker] o.h.type.descriptor.sql.BasicExtractor   : extracted value ([id1_7_] : [BIGINT]) - [126]
2021-03-10 22:37:37.793 TRACE 20712 --- [    Test worker] o.h.type.descriptor.sql.BasicExtractor   : extracted value ([id1_7_] : [BIGINT]) - [127]
2021-03-10 22:37:37.793 TRACE 20712 --- [    Test worker] o.h.type.descriptor.sql.BasicExtractor   : extracted value ([id1_7_] : [BIGINT]) - [128]
2021-03-10 22:37:37.793 TRACE 20712 --- [    Test worker] o.h.type.descriptor.sql.BasicExtractor   : extracted value ([id1_7_] : [BIGINT]) - [129]
2021-03-10 22:37:37.793 TRACE 20712 --- [    Test worker] o.h.type.descriptor.sql.BasicExtractor   : extracted value ([id1_7_] : [BIGINT]) - [130]
2021-03-10 22:37:37.793 TRACE 20712 --- [    Test worker] o.h.type.descriptor.sql.BasicExtractor   : extracted value ([id1_7_] : [BIGINT]) - [131]
2021-03-10 22:37:37.793 TRACE 20712 --- [    Test worker] o.h.type.descriptor.sql.BasicExtractor   : extracted value ([id1_7_] : [BIGINT]) - [132]
2021-03-10 22:37:37.793 TRACE 20712 --- [    Test worker] o.h.type.descriptor.sql.BasicExtractor   : extracted value ([id1_7_] : [BIGINT]) - [133]
2021-03-10 22:37:37.793 TRACE 20712 --- [    Test worker] o.h.type.descriptor.sql.BasicExtractor   : extracted value ([id1_7_] : [BIGINT]) - [134]
2021-03-10 22:37:37.793 TRACE 20712 --- [    Test worker] o.h.type.descriptor.sql.BasicExtractor   : extracted value ([id1_7_] : [BIGINT]) - [135]
2021-03-10 22:37:37.793 TRACE 20712 --- [    Test worker] o.h.type.descriptor.sql.BasicExtractor   : extracted value ([id1_7_] : [BIGINT]) - [136]
2021-03-10 22:37:37.793 TRACE 20712 --- [    Test worker] o.h.type.descriptor.sql.BasicExtractor   : extracted value ([id1_7_] : [BIGINT]) - [137]
2021-03-10 22:37:37.793 TRACE 20712 --- [    Test worker] o.h.type.descriptor.sql.BasicExtractor   : extracted value ([id1_7_] : [BIGINT]) - [138]
2021-03-10 22:37:37.793 TRACE 20712 --- [    Test worker] o.h.type.descriptor.sql.BasicExtractor   : extracted value ([id1_7_] : [BIGINT]) - [139]
2021-03-10 22:37:37.793 TRACE 20712 --- [    Test worker] o.h.type.descriptor.sql.BasicExtractor   : extracted value ([id1_7_] : [BIGINT]) - [140]
2021-03-10 22:37:37.793 TRACE 20712 --- [    Test worker] o.h.type.descriptor.sql.BasicExtractor   : extracted value ([id1_7_] : [BIGINT]) - [141]
2021-03-10 22:37:37.793 TRACE 20712 --- [    Test worker] o.h.type.descriptor.sql.BasicExtractor   : extracted value ([id1_7_] : [BIGINT]) - [142]
2021-03-10 22:37:37.793 TRACE 20712 --- [    Test worker] o.h.type.descriptor.sql.BasicExtractor   : extracted value ([id1_7_] : [BIGINT]) - [143]
2021-03-10 22:37:37.793 TRACE 20712 --- [    Test worker] o.h.type.descriptor.sql.BasicExtractor   : extracted value ([id1_7_] : [BIGINT]) - [144]
2021-03-10 22:37:37.793 TRACE 20712 --- [    Test worker] o.h.type.descriptor.sql.BasicExtractor   : extracted value ([id1_7_] : [BIGINT]) - [145]
Hibernate: 
    select
        zone0_.id as id1_7_,
        zone0_.city as city2_7_,
        zone0_.local_name_of_city as local_na3_7_,
        zone0_.province as province4_7_ 
    from
        zone zone0_
2021-03-10 22:37:37.793 TRACE 20712 --- [    Test worker] o.h.type.descriptor.sql.BasicExtractor   : extracted value ([id1_7_] : [BIGINT]) - [61]
2021-03-10 22:37:37.793 TRACE 20712 --- [    Test worker] o.h.type.descriptor.sql.BasicExtractor   : extracted value ([id1_7_] : [BIGINT]) - [62]
2021-03-10 22:37:37.793 TRACE 20712 --- [    Test worker] o.h.type.descriptor.sql.BasicExtractor   : extracted value ([id1_7_] : [BIGINT]) - [63]
2021-03-10 22:37:37.793 TRACE 20712 --- [    Test worker] o.h.type.descriptor.sql.BasicExtractor   : extracted value ([id1_7_] : [BIGINT]) - [64]
2021-03-10 22:37:37.793 TRACE 20712 --- [    Test worker] o.h.type.descriptor.sql.BasicExtractor   : extracted value ([id1_7_] : [BIGINT]) - [65]
2021-03-10 22:37:37.793 TRACE 20712 --- [    Test worker] o.h.type.descriptor.sql.BasicExtractor   : extracted value ([id1_7_] : [BIGINT]) - [66]
2021-03-10 22:37:37.793 TRACE 20712 --- [    Test worker] o.h.type.descriptor.sql.BasicExtractor   : extracted value ([id1_7_] : [BIGINT]) - [67]
2021-03-10 22:37:37.793 TRACE 20712 --- [    Test worker] o.h.type.descriptor.sql.BasicExtractor   : extracted value ([id1_7_] : [BIGINT]) - [68]
2021-03-10 22:37:37.793 TRACE 20712 --- [    Test worker] o.h.type.descriptor.sql.BasicExtractor   : extracted value ([id1_7_] : [BIGINT]) - [69]
2021-03-10 22:37:37.793 TRACE 20712 --- [    Test worker] o.h.type.descriptor.sql.BasicExtractor   : extracted value ([id1_7_] : [BIGINT]) - [70]
2021-03-10 22:37:37.793 TRACE 20712 --- [    Test worker] o.h.type.descriptor.sql.BasicExtractor   : extracted value ([id1_7_] : [BIGINT]) - [71]
2021-03-10 22:37:37.793 TRACE 20712 --- [    Test worker] o.h.type.descriptor.sql.BasicExtractor   : extracted value ([id1_7_] : [BIGINT]) - [72]
2021-03-10 22:37:37.793 TRACE 20712 --- [    Test worker] o.h.type.descriptor.sql.BasicExtractor   : extracted value ([id1_7_] : [BIGINT]) - [73]
2021-03-10 22:37:37.793 TRACE 20712 --- [    Test worker] o.h.type.descriptor.sql.BasicExtractor   : extracted value ([id1_7_] : [BIGINT]) - [74]
2021-03-10 22:37:37.793 TRACE 20712 --- [    Test worker] o.h.type.descriptor.sql.BasicExtractor   : extracted value ([id1_7_] : [BIGINT]) - [75]
2021-03-10 22:37:37.793 TRACE 20712 --- [    Test worker] o.h.type.descriptor.sql.BasicExtractor   : extracted value ([id1_7_] : [BIGINT]) - [76]
2021-03-10 22:37:37.793 TRACE 20712 --- [    Test worker] o.h.type.descriptor.sql.BasicExtractor   : extracted value ([id1_7_] : [BIGINT]) - [77]
2021-03-10 22:37:37.793 TRACE 20712 --- [    Test worker] o.h.type.descriptor.sql.BasicExtractor   : extracted value ([id1_7_] : [BIGINT]) - [78]
2021-03-10 22:37:37.793 TRACE 20712 --- [    Test worker] o.h.type.descriptor.sql.BasicExtractor   : extracted value ([id1_7_] : [BIGINT]) - [79]
2021-03-10 22:37:37.793 TRACE 20712 --- [    Test worker] o.h.type.descriptor.sql.BasicExtractor   : extracted value ([id1_7_] : [BIGINT]) - [80]
2021-03-10 22:37:37.793 TRACE 20712 --- [    Test worker] o.h.type.descriptor.sql.BasicExtractor   : extracted value ([id1_7_] : [BIGINT]) - [81]
2021-03-10 22:37:37.793 TRACE 20712 --- [    Test worker] o.h.type.descriptor.sql.BasicExtractor   : extracted value ([id1_7_] : [BIGINT]) - [82]
2021-03-10 22:37:37.793 TRACE 20712 --- [    Test worker] o.h.type.descriptor.sql.BasicExtractor   : extracted value ([id1_7_] : [BIGINT]) - [83]
2021-03-10 22:37:37.793 TRACE 20712 --- [    Test worker] o.h.type.descriptor.sql.BasicExtractor   : extracted value ([id1_7_] : [BIGINT]) - [84]
2021-03-10 22:37:37.793 TRACE 20712 --- [    Test worker] o.h.type.descriptor.sql.BasicExtractor   : extracted value ([id1_7_] : [BIGINT]) - [85]
2021-03-10 22:37:37.793 TRACE 20712 --- [    Test worker] o.h.type.descriptor.sql.BasicExtractor   : extracted value ([id1_7_] : [BIGINT]) - [86]
2021-03-10 22:37:37.793 TRACE 20712 --- [    Test worker] o.h.type.descriptor.sql.BasicExtractor   : extracted value ([id1_7_] : [BIGINT]) - [87]
2021-03-10 22:37:37.793 TRACE 20712 --- [    Test worker] o.h.type.descriptor.sql.BasicExtractor   : extracted value ([id1_7_] : [BIGINT]) - [88]
2021-03-10 22:37:37.793 TRACE 20712 --- [    Test worker] o.h.type.descriptor.sql.BasicExtractor   : extracted value ([id1_7_] : [BIGINT]) - [89]
2021-03-10 22:37:37.793 TRACE 20712 --- [    Test worker] o.h.type.descriptor.sql.BasicExtractor   : extracted value ([id1_7_] : [BIGINT]) - [90]
2021-03-10 22:37:37.793 TRACE 20712 --- [    Test worker] o.h.type.descriptor.sql.BasicExtractor   : extracted value ([id1_7_] : [BIGINT]) - [91]
2021-03-10 22:37:37.793 TRACE 20712 --- [    Test worker] o.h.type.descriptor.sql.BasicExtractor   : extracted value ([id1_7_] : [BIGINT]) - [92]
2021-03-10 22:37:37.793 TRACE 20712 --- [    Test worker] o.h.type.descriptor.sql.BasicExtractor   : extracted value ([id1_7_] : [BIGINT]) - [93]
2021-03-10 22:37:37.793 TRACE 20712 --- [    Test worker] o.h.type.descriptor.sql.BasicExtractor   : extracted value ([id1_7_] : [BIGINT]) - [94]
2021-03-10 22:37:37.793 TRACE 20712 --- [    Test worker] o.h.type.descriptor.sql.BasicExtractor   : extracted value ([id1_7_] : [BIGINT]) - [95]
2021-03-10 22:37:37.793 TRACE 20712 --- [    Test worker] o.h.type.descriptor.sql.BasicExtractor   : extracted value ([id1_7_] : [BIGINT]) - [96]
2021-03-10 22:37:37.793 TRACE 20712 --- [    Test worker] o.h.type.descriptor.sql.BasicExtractor   : extracted value ([id1_7_] : [BIGINT]) - [97]
2021-03-10 22:37:37.793 TRACE 20712 --- [    Test worker] o.h.type.descriptor.sql.BasicExtractor   : extracted value ([id1_7_] : [BIGINT]) - [98]
2021-03-10 22:37:37.793 TRACE 20712 --- [    Test worker] o.h.type.descriptor.sql.BasicExtractor   : extracted value ([id1_7_] : [BIGINT]) - [99]
2021-03-10 22:37:37.793 TRACE 20712 --- [    Test worker] o.h.type.descriptor.sql.BasicExtractor   : extracted value ([id1_7_] : [BIGINT]) - [100]
2021-03-10 22:37:37.793 TRACE 20712 --- [    Test worker] o.h.type.descriptor.sql.BasicExtractor   : extracted value ([id1_7_] : [BIGINT]) - [101]
2021-03-10 22:37:37.793 TRACE 20712 --- [    Test worker] o.h.type.descriptor.sql.BasicExtractor   : extracted value ([id1_7_] : [BIGINT]) - [102]
2021-03-10 22:37:37.793 TRACE 20712 --- [    Test worker] o.h.type.descriptor.sql.BasicExtractor   : extracted value ([id1_7_] : [BIGINT]) - [103]
2021-03-10 22:37:37.793 TRACE 20712 --- [    Test worker] o.h.type.descriptor.sql.BasicExtractor   : extracted value ([id1_7_] : [BIGINT]) - [104]
2021-03-10 22:37:37.793 TRACE 20712 --- [    Test worker] o.h.type.descriptor.sql.BasicExtractor   : extracted value ([id1_7_] : [BIGINT]) - [105]
2021-03-10 22:37:37.793 TRACE 20712 --- [    Test worker] o.h.type.descriptor.sql.BasicExtractor   : extracted value ([id1_7_] : [BIGINT]) - [106]
2021-03-10 22:37:37.793 TRACE 20712 --- [    Test worker] o.h.type.descriptor.sql.BasicExtractor   : extracted value ([id1_7_] : [BIGINT]) - [107]
2021-03-10 22:37:37.793 TRACE 20712 --- [    Test worker] o.h.type.descriptor.sql.BasicExtractor   : extracted value ([id1_7_] : [BIGINT]) - [108]
2021-03-10 22:37:37.793 TRACE 20712 --- [    Test worker] o.h.type.descriptor.sql.BasicExtractor   : extracted value ([id1_7_] : [BIGINT]) - [109]
2021-03-10 22:37:37.793 TRACE 20712 --- [    Test worker] o.h.type.descriptor.sql.BasicExtractor   : extracted value ([id1_7_] : [BIGINT]) - [110]
2021-03-10 22:37:37.793 TRACE 20712 --- [    Test worker] o.h.type.descriptor.sql.BasicExtractor   : extracted value ([id1_7_] : [BIGINT]) - [111]
2021-03-10 22:37:37.793 TRACE 20712 --- [    Test worker] o.h.type.descriptor.sql.BasicExtractor   : extracted value ([id1_7_] : [BIGINT]) - [112]
2021-03-10 22:37:37.793 TRACE 20712 --- [    Test worker] o.h.type.descriptor.sql.BasicExtractor   : extracted value ([id1_7_] : [BIGINT]) - [113]
2021-03-10 22:37:37.793 TRACE 20712 --- [    Test worker] o.h.type.descriptor.sql.BasicExtractor   : extracted value ([id1_7_] : [BIGINT]) - [114]
2021-03-10 22:37:37.793 TRACE 20712 --- [    Test worker] o.h.type.descriptor.sql.BasicExtractor   : extracted value ([id1_7_] : [BIGINT]) - [115]
2021-03-10 22:37:37.793 TRACE 20712 --- [    Test worker] o.h.type.descriptor.sql.BasicExtractor   : extracted value ([id1_7_] : [BIGINT]) - [116]
2021-03-10 22:37:37.793 TRACE 20712 --- [    Test worker] o.h.type.descriptor.sql.BasicExtractor   : extracted value ([id1_7_] : [BIGINT]) - [117]
2021-03-10 22:37:37.793 TRACE 20712 --- [    Test worker] o.h.type.descriptor.sql.BasicExtractor   : extracted value ([id1_7_] : [BIGINT]) - [118]
2021-03-10 22:37:37.793 TRACE 20712 --- [    Test worker] o.h.type.descriptor.sql.BasicExtractor   : extracted value ([id1_7_] : [BIGINT]) - [119]
2021-03-10 22:37:37.793 TRACE 20712 --- [    Test worker] o.h.type.descriptor.sql.BasicExtractor   : extracted value ([id1_7_] : [BIGINT]) - [120]
2021-03-10 22:37:37.793 TRACE 20712 --- [    Test worker] o.h.type.descriptor.sql.BasicExtractor   : extracted value ([id1_7_] : [BIGINT]) - [121]
2021-03-10 22:37:37.793 TRACE 20712 --- [    Test worker] o.h.type.descriptor.sql.BasicExtractor   : extracted value ([id1_7_] : [BIGINT]) - [122]
2021-03-10 22:37:37.793 TRACE 20712 --- [    Test worker] o.h.type.descriptor.sql.BasicExtractor   : extracted value ([id1_7_] : [BIGINT]) - [123]
2021-03-10 22:37:37.793 TRACE 20712 --- [    Test worker] o.h.type.descriptor.sql.BasicExtractor   : extracted value ([id1_7_] : [BIGINT]) - [124]
2021-03-10 22:37:37.793 TRACE 20712 --- [    Test worker] o.h.type.descriptor.sql.BasicExtractor   : extracted value ([id1_7_] : [BIGINT]) - [125]
2021-03-10 22:37:37.793 TRACE 20712 --- [    Test worker] o.h.type.descriptor.sql.BasicExtractor   : extracted value ([id1_7_] : [BIGINT]) - [126]
2021-03-10 22:37:37.793 TRACE 20712 --- [    Test worker] o.h.type.descriptor.sql.BasicExtractor   : extracted value ([id1_7_] : [BIGINT]) - [127]
2021-03-10 22:37:37.793 TRACE 20712 --- [    Test worker] o.h.type.descriptor.sql.BasicExtractor   : extracted value ([id1_7_] : [BIGINT]) - [128]
2021-03-10 22:37:37.793 TRACE 20712 --- [    Test worker] o.h.type.descriptor.sql.BasicExtractor   : extracted value ([id1_7_] : [BIGINT]) - [129]
2021-03-10 22:37:37.793 TRACE 20712 --- [    Test worker] o.h.type.descriptor.sql.BasicExtractor   : extracted value ([id1_7_] : [BIGINT]) - [130]
2021-03-10 22:37:37.793 TRACE 20712 --- [    Test worker] o.h.type.descriptor.sql.BasicExtractor   : extracted value ([id1_7_] : [BIGINT]) - [131]
2021-03-10 22:37:37.793 TRACE 20712 --- [    Test worker] o.h.type.descriptor.sql.BasicExtractor   : extracted value ([id1_7_] : [BIGINT]) - [132]
2021-03-10 22:37:37.793 TRACE 20712 --- [    Test worker] o.h.type.descriptor.sql.BasicExtractor   : extracted value ([id1_7_] : [BIGINT]) - [133]
2021-03-10 22:37:37.793 TRACE 20712 --- [    Test worker] o.h.type.descriptor.sql.BasicExtractor   : extracted value ([id1_7_] : [BIGINT]) - [134]
2021-03-10 22:37:37.793 TRACE 20712 --- [    Test worker] o.h.type.descriptor.sql.BasicExtractor   : extracted value ([id1_7_] : [BIGINT]) - [135]
2021-03-10 22:37:37.793 TRACE 20712 --- [    Test worker] o.h.type.descriptor.sql.BasicExtractor   : extracted value ([id1_7_] : [BIGINT]) - [136]
2021-03-10 22:37:37.793 TRACE 20712 --- [    Test worker] o.h.type.descriptor.sql.BasicExtractor   : extracted value ([id1_7_] : [BIGINT]) - [137]
2021-03-10 22:37:37.793 TRACE 20712 --- [    Test worker] o.h.type.descriptor.sql.BasicExtractor   : extracted value ([id1_7_] : [BIGINT]) - [138]
2021-03-10 22:37:37.793 TRACE 20712 --- [    Test worker] o.h.type.descriptor.sql.BasicExtractor   : extracted value ([id1_7_] : [BIGINT]) - [139]
2021-03-10 22:37:37.793 TRACE 20712 --- [    Test worker] o.h.type.descriptor.sql.BasicExtractor   : extracted value ([id1_7_] : [BIGINT]) - [140]
2021-03-10 22:37:37.793 TRACE 20712 --- [    Test worker] o.h.type.descriptor.sql.BasicExtractor   : extracted value ([id1_7_] : [BIGINT]) - [141]
2021-03-10 22:37:37.793 TRACE 20712 --- [    Test worker] o.h.type.descriptor.sql.BasicExtractor   : extracted value ([id1_7_] : [BIGINT]) - [142]
2021-03-10 22:37:37.793 TRACE 20712 --- [    Test worker] o.h.type.descriptor.sql.BasicExtractor   : extracted value ([id1_7_] : [BIGINT]) - [143]
2021-03-10 22:37:37.793 TRACE 20712 --- [    Test worker] o.h.type.descriptor.sql.BasicExtractor   : extracted value ([id1_7_] : [BIGINT]) - [144]
2021-03-10 22:37:37.793 TRACE 20712 --- [    Test worker] o.h.type.descriptor.sql.BasicExtractor   : extracted value ([id1_7_] : [BIGINT]) - [145]
Hibernate: 
    select
        zone0_.id as id1_7_,
        zone0_.city as city2_7_,
        zone0_.local_name_of_city as local_na3_7_,
        zone0_.province as province4_7_ 
    from
        zone zone0_
2021-03-10 22:37:37.793 TRACE 20712 --- [    Test worker] o.h.type.descriptor.sql.BasicExtractor   : extracted value ([id1_7_] : [BIGINT]) - [61]
2021-03-10 22:37:37.793 TRACE 20712 --- [    Test worker] o.h.type.descriptor.sql.BasicExtractor   : extracted value ([id1_7_] : [BIGINT]) - [62]
2021-03-10 22:37:37.793 TRACE 20712 --- [    Test worker] o.h.type.descriptor.sql.BasicExtractor   : extracted value ([id1_7_] : [BIGINT]) - [63]
2021-03-10 22:37:37.793 TRACE 20712 --- [    Test worker] o.h.type.descriptor.sql.BasicExtractor   : extracted value ([id1_7_] : [BIGINT]) - [64]
2021-03-10 22:37:37.793 TRACE 20712 --- [    Test worker] o.h.type.descriptor.sql.BasicExtractor   : extracted value ([id1_7_] : [BIGINT]) - [65]
2021-03-10 22:37:37.793 TRACE 20712 --- [    Test worker] o.h.type.descriptor.sql.BasicExtractor   : extracted value ([id1_7_] : [BIGINT]) - [66]
2021-03-10 22:37:37.793 TRACE 20712 --- [    Test worker] o.h.type.descriptor.sql.BasicExtractor   : extracted value ([id1_7_] : [BIGINT]) - [67]
2021-03-10 22:37:37.793 TRACE 20712 --- [    Test worker] o.h.type.descriptor.sql.BasicExtractor   : extracted value ([id1_7_] : [BIGINT]) - [68]
2021-03-10 22:37:37.793 TRACE 20712 --- [    Test worker] o.h.type.descriptor.sql.BasicExtractor   : extracted value ([id1_7_] : [BIGINT]) - [69]
2021-03-10 22:37:37.793 TRACE 20712 --- [    Test worker] o.h.type.descriptor.sql.BasicExtractor   : extracted value ([id1_7_] : [BIGINT]) - [70]
2021-03-10 22:37:37.793 TRACE 20712 --- [    Test worker] o.h.type.descriptor.sql.BasicExtractor   : extracted value ([id1_7_] : [BIGINT]) - [71]
2021-03-10 22:37:37.793 TRACE 20712 --- [    Test worker] o.h.type.descriptor.sql.BasicExtractor   : extracted value ([id1_7_] : [BIGINT]) - [72]
2021-03-10 22:37:37.793 TRACE 20712 --- [    Test worker] o.h.type.descriptor.sql.BasicExtractor   : extracted value ([id1_7_] : [BIGINT]) - [73]
2021-03-10 22:37:37.793 TRACE 20712 --- [    Test worker] o.h.type.descriptor.sql.BasicExtractor   : extracted value ([id1_7_] : [BIGINT]) - [74]
2021-03-10 22:37:37.793 TRACE 20712 --- [    Test worker] o.h.type.descriptor.sql.BasicExtractor   : extracted value ([id1_7_] : [BIGINT]) - [75]
2021-03-10 22:37:37.793 TRACE 20712 --- [    Test worker] o.h.type.descriptor.sql.BasicExtractor   : extracted value ([id1_7_] : [BIGINT]) - [76]
2021-03-10 22:37:37.793 TRACE 20712 --- [    Test worker] o.h.type.descriptor.sql.BasicExtractor   : extracted value ([id1_7_] : [BIGINT]) - [77]
2021-03-10 22:37:37.793 TRACE 20712 --- [    Test worker] o.h.type.descriptor.sql.BasicExtractor   : extracted value ([id1_7_] : [BIGINT]) - [78]
2021-03-10 22:37:37.793 TRACE 20712 --- [    Test worker] o.h.type.descriptor.sql.BasicExtractor   : extracted value ([id1_7_] : [BIGINT]) - [79]
2021-03-10 22:37:37.793 TRACE 20712 --- [    Test worker] o.h.type.descriptor.sql.BasicExtractor   : extracted value ([id1_7_] : [BIGINT]) - [80]
2021-03-10 22:37:37.793 TRACE 20712 --- [    Test worker] o.h.type.descriptor.sql.BasicExtractor   : extracted value ([id1_7_] : [BIGINT]) - [81]
2021-03-10 22:37:37.793 TRACE 20712 --- [    Test worker] o.h.type.descriptor.sql.BasicExtractor   : extracted value ([id1_7_] : [BIGINT]) - [82]
2021-03-10 22:37:37.793 TRACE 20712 --- [    Test worker] o.h.type.descriptor.sql.BasicExtractor   : extracted value ([id1_7_] : [BIGINT]) - [83]
2021-03-10 22:37:37.793 TRACE 20712 --- [    Test worker] o.h.type.descriptor.sql.BasicExtractor   : extracted value ([id1_7_] : [BIGINT]) - [84]
2021-03-10 22:37:37.793 TRACE 20712 --- [    Test worker] o.h.type.descriptor.sql.BasicExtractor   : extracted value ([id1_7_] : [BIGINT]) - [85]
2021-03-10 22:37:37.793 TRACE 20712 --- [    Test worker] o.h.type.descriptor.sql.BasicExtractor   : extracted value ([id1_7_] : [BIGINT]) - [86]
2021-03-10 22:37:37.793 TRACE 20712 --- [    Test worker] o.h.type.descriptor.sql.BasicExtractor   : extracted value ([id1_7_] : [BIGINT]) - [87]
2021-03-10 22:37:37.793 TRACE 20712 --- [    Test worker] o.h.type.descriptor.sql.BasicExtractor   : extracted value ([id1_7_] : [BIGINT]) - [88]
2021-03-10 22:37:37.793 TRACE 20712 --- [    Test worker] o.h.type.descriptor.sql.BasicExtractor   : extracted value ([id1_7_] : [BIGINT]) - [89]
2021-03-10 22:37:37.793 TRACE 20712 --- [    Test worker] o.h.type.descriptor.sql.BasicExtractor   : extracted value ([id1_7_] : [BIGINT]) - [90]
2021-03-10 22:37:37.793 TRACE 20712 --- [    Test worker] o.h.type.descriptor.sql.BasicExtractor   : extracted value ([id1_7_] : [BIGINT]) - [91]
2021-03-10 22:37:37.793 TRACE 20712 --- [    Test worker] o.h.type.descriptor.sql.BasicExtractor   : extracted value ([id1_7_] : [BIGINT]) - [92]
2021-03-10 22:37:37.793 TRACE 20712 --- [    Test worker] o.h.type.descriptor.sql.BasicExtractor   : extracted value ([id1_7_] : [BIGINT]) - [93]
2021-03-10 22:37:37.793 TRACE 20712 --- [    Test worker] o.h.type.descriptor.sql.BasicExtractor   : extracted value ([id1_7_] : [BIGINT]) - [94]
2021-03-10 22:37:37.793 TRACE 20712 --- [    Test worker] o.h.type.descriptor.sql.BasicExtractor   : extracted value ([id1_7_] : [BIGINT]) - [95]
2021-03-10 22:37:37.793 TRACE 20712 --- [    Test worker] o.h.type.descriptor.sql.BasicExtractor   : extracted value ([id1_7_] : [BIGINT]) - [96]
2021-03-10 22:37:37.793 TRACE 20712 --- [    Test worker] o.h.type.descriptor.sql.BasicExtractor   : extracted value ([id1_7_] : [BIGINT]) - [97]
2021-03-10 22:37:37.793 TRACE 20712 --- [    Test worker] o.h.type.descriptor.sql.BasicExtractor   : extracted value ([id1_7_] : [BIGINT]) - [98]
2021-03-10 22:37:37.793 TRACE 20712 --- [    Test worker] o.h.type.descriptor.sql.BasicExtractor   : extracted value ([id1_7_] : [BIGINT]) - [99]
2021-03-10 22:37:37.793 TRACE 20712 --- [    Test worker] o.h.type.descriptor.sql.BasicExtractor   : extracted value ([id1_7_] : [BIGINT]) - [100]
2021-03-10 22:37:37.793 TRACE 20712 --- [    Test worker] o.h.type.descriptor.sql.BasicExtractor   : extracted value ([id1_7_] : [BIGINT]) - [101]
2021-03-10 22:37:37.793 TRACE 20712 --- [    Test worker] o.h.type.descriptor.sql.BasicExtractor   : extracted value ([id1_7_] : [BIGINT]) - [102]
2021-03-10 22:37:37.793 TRACE 20712 --- [    Test worker] o.h.type.descriptor.sql.BasicExtractor   : extracted value ([id1_7_] : [BIGINT]) - [103]
2021-03-10 22:37:37.793 TRACE 20712 --- [    Test worker] o.h.type.descriptor.sql.BasicExtractor   : extracted value ([id1_7_] : [BIGINT]) - [104]
2021-03-10 22:37:37.793 TRACE 20712 --- [    Test worker] o.h.type.descriptor.sql.BasicExtractor   : extracted value ([id1_7_] : [BIGINT]) - [105]
2021-03-10 22:37:37.793 TRACE 20712 --- [    Test worker] o.h.type.descriptor.sql.BasicExtractor   : extracted value ([id1_7_] : [BIGINT]) - [106]
2021-03-10 22:37:37.793 TRACE 20712 --- [    Test worker] o.h.type.descriptor.sql.BasicExtractor   : extracted value ([id1_7_] : [BIGINT]) - [107]
2021-03-10 22:37:37.793 TRACE 20712 --- [    Test worker] o.h.type.descriptor.sql.BasicExtractor   : extracted value ([id1_7_] : [BIGINT]) - [108]
2021-03-10 22:37:37.793 TRACE 20712 --- [    Test worker] o.h.type.descriptor.sql.BasicExtractor   : extracted value ([id1_7_] : [BIGINT]) - [109]
2021-03-10 22:37:37.793 TRACE 20712 --- [    Test worker] o.h.type.descriptor.sql.BasicExtractor   : extracted value ([id1_7_] : [BIGINT]) - [110]
2021-03-10 22:37:37.793 TRACE 20712 --- [    Test worker] o.h.type.descriptor.sql.BasicExtractor   : extracted value ([id1_7_] : [BIGINT]) - [111]
2021-03-10 22:37:37.793 TRACE 20712 --- [    Test worker] o.h.type.descriptor.sql.BasicExtractor   : extracted value ([id1_7_] : [BIGINT]) - [112]
2021-03-10 22:37:37.793 TRACE 20712 --- [    Test worker] o.h.type.descriptor.sql.BasicExtractor   : extracted value ([id1_7_] : [BIGINT]) - [113]
2021-03-10 22:37:37.793 TRACE 20712 --- [    Test worker] o.h.type.descriptor.sql.BasicExtractor   : extracted value ([id1_7_] : [BIGINT]) - [114]
2021-03-10 22:37:37.793 TRACE 20712 --- [    Test worker] o.h.type.descriptor.sql.BasicExtractor   : extracted value ([id1_7_] : [BIGINT]) - [115]
2021-03-10 22:37:37.793 TRACE 20712 --- [    Test worker] o.h.type.descriptor.sql.BasicExtractor   : extracted value ([id1_7_] : [BIGINT]) - [116]
2021-03-10 22:37:37.793 TRACE 20712 --- [    Test worker] o.h.type.descriptor.sql.BasicExtractor   : extracted value ([id1_7_] : [BIGINT]) - [117]
2021-03-10 22:37:37.793 TRACE 20712 --- [    Test worker] o.h.type.descriptor.sql.BasicExtractor   : extracted value ([id1_7_] : [BIGINT]) - [118]
2021-03-10 22:37:37.793 TRACE 20712 --- [    Test worker] o.h.type.descriptor.sql.BasicExtractor   : extracted value ([id1_7_] : [BIGINT]) - [119]
2021-03-10 22:37:37.793 TRACE 20712 --- [    Test worker] o.h.type.descriptor.sql.BasicExtractor   : extracted value ([id1_7_] : [BIGINT]) - [120]
2021-03-10 22:37:37.793 TRACE 20712 --- [    Test worker] o.h.type.descriptor.sql.BasicExtractor   : extracted value ([id1_7_] : [BIGINT]) - [121]
2021-03-10 22:37:37.793 TRACE 20712 --- [    Test worker] o.h.type.descriptor.sql.BasicExtractor   : extracted value ([id1_7_] : [BIGINT]) - [122]
2021-03-10 22:37:37.793 TRACE 20712 --- [    Test worker] o.h.type.descriptor.sql.BasicExtractor   : extracted value ([id1_7_] : [BIGINT]) - [123]
2021-03-10 22:37:37.793 TRACE 20712 --- [    Test worker] o.h.type.descriptor.sql.BasicExtractor   : extracted value ([id1_7_] : [BIGINT]) - [124]
2021-03-10 22:37:37.793 TRACE 20712 --- [    Test worker] o.h.type.descriptor.sql.BasicExtractor   : extracted value ([id1_7_] : [BIGINT]) - [125]
2021-03-10 22:37:37.793 TRACE 20712 --- [    Test worker] o.h.type.descriptor.sql.BasicExtractor   : extracted value ([id1_7_] : [BIGINT]) - [126]
2021-03-10 22:37:37.793 TRACE 20712 --- [    Test worker] o.h.type.descriptor.sql.BasicExtractor   : extracted value ([id1_7_] : [BIGINT]) - [127]
2021-03-10 22:37:37.793 TRACE 20712 --- [    Test worker] o.h.type.descriptor.sql.BasicExtractor   : extracted value ([id1_7_] : [BIGINT]) - [128]
2021-03-10 22:37:37.793 TRACE 20712 --- [    Test worker] o.h.type.descriptor.sql.BasicExtractor   : extracted value ([id1_7_] : [BIGINT]) - [129]
2021-03-10 22:37:37.793 TRACE 20712 --- [    Test worker] o.h.type.descriptor.sql.BasicExtractor   : extracted value ([id1_7_] : [BIGINT]) - [130]
2021-03-10 22:37:37.793 TRACE 20712 --- [    Test worker] o.h.type.descriptor.sql.BasicExtractor   : extracted value ([id1_7_] : [BIGINT]) - [131]
2021-03-10 22:37:37.793 TRACE 20712 --- [    Test worker] o.h.type.descriptor.sql.BasicExtractor   : extracted value ([id1_7_] : [BIGINT]) - [132]
2021-03-10 22:37:37.793 TRACE 20712 --- [    Test worker] o.h.type.descriptor.sql.BasicExtractor   : extracted value ([id1_7_] : [BIGINT]) - [133]
2021-03-10 22:37:37.793 TRACE 20712 --- [    Test worker] o.h.type.descriptor.sql.BasicExtractor   : extracted value ([id1_7_] : [BIGINT]) - [134]
2021-03-10 22:37:37.793 TRACE 20712 --- [    Test worker] o.h.type.descriptor.sql.BasicExtractor   : extracted value ([id1_7_] : [BIGINT]) - [135]
2021-03-10 22:37:37.793 TRACE 20712 --- [    Test worker] o.h.type.descriptor.sql.BasicExtractor   : extracted value ([id1_7_] : [BIGINT]) - [136]
2021-03-10 22:37:37.793 TRACE 20712 --- [    Test worker] o.h.type.descriptor.sql.BasicExtractor   : extracted value ([id1_7_] : [BIGINT]) - [137]
2021-03-10 22:37:37.793 TRACE 20712 --- [    Test worker] o.h.type.descriptor.sql.BasicExtractor   : extracted value ([id1_7_] : [BIGINT]) - [138]
2021-03-10 22:37:37.793 TRACE 20712 --- [    Test worker] o.h.type.descriptor.sql.BasicExtractor   : extracted value ([id1_7_] : [BIGINT]) - [139]
2021-03-10 22:37:37.793 TRACE 20712 --- [    Test worker] o.h.type.descriptor.sql.BasicExtractor   : extracted value ([id1_7_] : [BIGINT]) - [140]
2021-03-10 22:37:37.793 TRACE 20712 --- [    Test worker] o.h.type.descriptor.sql.BasicExtractor   : extracted value ([id1_7_] : [BIGINT]) - [141]
2021-03-10 22:37:37.793 TRACE 20712 --- [    Test worker] o.h.type.descriptor.sql.BasicExtractor   : extracted value ([id1_7_] : [BIGINT]) - [142]
2021-03-10 22:37:37.793 TRACE 20712 --- [    Test worker] o.h.type.descriptor.sql.BasicExtractor   : extracted value ([id1_7_] : [BIGINT]) - [143]
2021-03-10 22:37:37.793 TRACE 20712 --- [    Test worker] o.h.type.descriptor.sql.BasicExtractor   : extracted value ([id1_7_] : [BIGINT]) - [144]
2021-03-10 22:37:37.793 TRACE 20712 --- [    Test worker] o.h.type.descriptor.sql.BasicExtractor   : extracted value ([id1_7_] : [BIGINT]) - [145]
Hibernate: 
    select
        zone0_.id as id1_7_,
        zone0_.city as city2_7_,
        zone0_.local_name_of_city as local_na3_7_,
        zone0_.province as province4_7_ 
    from
        zone zone0_
2021-03-10 22:37:37.793 TRACE 20712 --- [    Test worker] o.h.type.descriptor.sql.BasicExtractor   : extracted value ([id1_7_] : [BIGINT]) - [61]
2021-03-10 22:37:37.793 TRACE 20712 --- [    Test worker] o.h.type.descriptor.sql.BasicExtractor   : extracted value ([id1_7_] : [BIGINT]) - [62]
2021-03-10 22:37:37.793 TRACE 20712 --- [    Test worker] o.h.type.descriptor.sql.BasicExtractor   : extracted value ([id1_7_] : [BIGINT]) - [63]
2021-03-10 22:37:37.793 TRACE 20712 --- [    Test worker] o.h.type.descriptor.sql.BasicExtractor   : extracted value ([id1_7_] : [BIGINT]) - [64]
2021-03-10 22:37:37.793 TRACE 20712 --- [    Test worker] o.h.type.descriptor.sql.BasicExtractor   : extracted value ([id1_7_] : [BIGINT]) - [65]
2021-03-10 22:37:37.793 TRACE 20712 --- [    Test worker] o.h.type.descriptor.sql.BasicExtractor   : extracted value ([id1_7_] : [BIGINT]) - [66]
2021-03-10 22:37:37.793 TRACE 20712 --- [    Test worker] o.h.type.descriptor.sql.BasicExtractor   : extracted value ([id1_7_] : [BIGINT]) - [67]
2021-03-10 22:37:37.793 TRACE 20712 --- [    Test worker] o.h.type.descriptor.sql.BasicExtractor   : extracted value ([id1_7_] : [BIGINT]) - [68]
2021-03-10 22:37:37.793 TRACE 20712 --- [    Test worker] o.h.type.descriptor.sql.BasicExtractor   : extracted value ([id1_7_] : [BIGINT]) - [69]
2021-03-10 22:37:37.793 TRACE 20712 --- [    Test worker] o.h.type.descriptor.sql.BasicExtractor   : extracted value ([id1_7_] : [BIGINT]) - [70]
2021-03-10 22:37:37.793 TRACE 20712 --- [    Test worker] o.h.type.descriptor.sql.BasicExtractor   : extracted value ([id1_7_] : [BIGINT]) - [71]
2021-03-10 22:37:37.793 TRACE 20712 --- [    Test worker] o.h.type.descriptor.sql.BasicExtractor   : extracted value ([id1_7_] : [BIGINT]) - [72]
2021-03-10 22:37:37.793 TRACE 20712 --- [    Test worker] o.h.type.descriptor.sql.BasicExtractor   : extracted value ([id1_7_] : [BIGINT]) - [73]
2021-03-10 22:37:37.793 TRACE 20712 --- [    Test worker] o.h.type.descriptor.sql.BasicExtractor   : extracted value ([id1_7_] : [BIGINT]) - [74]
2021-03-10 22:37:37.793 TRACE 20712 --- [    Test worker] o.h.type.descriptor.sql.BasicExtractor   : extracted value ([id1_7_] : [BIGINT]) - [75]
2021-03-10 22:37:37.793 TRACE 20712 --- [    Test worker] o.h.type.descriptor.sql.BasicExtractor   : extracted value ([id1_7_] : [BIGINT]) - [76]
2021-03-10 22:37:37.793 TRACE 20712 --- [    Test worker] o.h.type.descriptor.sql.BasicExtractor   : extracted value ([id1_7_] : [BIGINT]) - [77]
2021-03-10 22:37:37.793 TRACE 20712 --- [    Test worker] o.h.type.descriptor.sql.BasicExtractor   : extracted value ([id1_7_] : [BIGINT]) - [78]
2021-03-10 22:37:37.793 TRACE 20712 --- [    Test worker] o.h.type.descriptor.sql.BasicExtractor   : extracted value ([id1_7_] : [BIGINT]) - [79]
2021-03-10 22:37:37.793 TRACE 20712 --- [    Test worker] o.h.type.descriptor.sql.BasicExtractor   : extracted value ([id1_7_] : [BIGINT]) - [80]
2021-03-10 22:37:37.793 TRACE 20712 --- [    Test worker] o.h.type.descriptor.sql.BasicExtractor   : extracted value ([id1_7_] : [BIGINT]) - [81]
2021-03-10 22:37:37.793 TRACE 20712 --- [    Test worker] o.h.type.descriptor.sql.BasicExtractor   : extracted value ([id1_7_] : [BIGINT]) - [82]
2021-03-10 22:37:37.793 TRACE 20712 --- [    Test worker] o.h.type.descriptor.sql.BasicExtractor   : extracted value ([id1_7_] : [BIGINT]) - [83]
2021-03-10 22:37:37.793 TRACE 20712 --- [    Test worker] o.h.type.descriptor.sql.BasicExtractor   : extracted value ([id1_7_] : [BIGINT]) - [84]
2021-03-10 22:37:37.793 TRACE 20712 --- [    Test worker] o.h.type.descriptor.sql.BasicExtractor   : extracted value ([id1_7_] : [BIGINT]) - [85]
2021-03-10 22:37:37.793 TRACE 20712 --- [    Test worker] o.h.type.descriptor.sql.BasicExtractor   : extracted value ([id1_7_] : [BIGINT]) - [86]
2021-03-10 22:37:37.793 TRACE 20712 --- [    Test worker] o.h.type.descriptor.sql.BasicExtractor   : extracted value ([id1_7_] : [BIGINT]) - [87]
2021-03-10 22:37:37.793 TRACE 20712 --- [    Test worker] o.h.type.descriptor.sql.BasicExtractor   : extracted value ([id1_7_] : [BIGINT]) - [88]
2021-03-10 22:37:37.793 TRACE 20712 --- [    Test worker] o.h.type.descriptor.sql.BasicExtractor   : extracted value ([id1_7_] : [BIGINT]) - [89]
2021-03-10 22:37:37.793 TRACE 20712 --- [    Test worker] o.h.type.descriptor.sql.BasicExtractor   : extracted value ([id1_7_] : [BIGINT]) - [90]
2021-03-10 22:37:37.793 TRACE 20712 --- [    Test worker] o.h.type.descriptor.sql.BasicExtractor   : extracted value ([id1_7_] : [BIGINT]) - [91]
2021-03-10 22:37:37.793 TRACE 20712 --- [    Test worker] o.h.type.descriptor.sql.BasicExtractor   : extracted value ([id1_7_] : [BIGINT]) - [92]
2021-03-10 22:37:37.793 TRACE 20712 --- [    Test worker] o.h.type.descriptor.sql.BasicExtractor   : extracted value ([id1_7_] : [BIGINT]) - [93]
2021-03-10 22:37:37.793 TRACE 20712 --- [    Test worker] o.h.type.descriptor.sql.BasicExtractor   : extracted value ([id1_7_] : [BIGINT]) - [94]
2021-03-10 22:37:37.793 TRACE 20712 --- [    Test worker] o.h.type.descriptor.sql.BasicExtractor   : extracted value ([id1_7_] : [BIGINT]) - [95]
2021-03-10 22:37:37.793 TRACE 20712 --- [    Test worker] o.h.type.descriptor.sql.BasicExtractor   : extracted value ([id1_7_] : [BIGINT]) - [96]
2021-03-10 22:37:37.793 TRACE 20712 --- [    Test worker] o.h.type.descriptor.sql.BasicExtractor   : extracted value ([id1_7_] : [BIGINT]) - [97]
2021-03-10 22:37:37.793 TRACE 20712 --- [    Test worker] o.h.type.descriptor.sql.BasicExtractor   : extracted value ([id1_7_] : [BIGINT]) - [98]
2021-03-10 22:37:37.793 TRACE 20712 --- [    Test worker] o.h.type.descriptor.sql.BasicExtractor   : extracted value ([id1_7_] : [BIGINT]) - [99]
2021-03-10 22:37:37.793 TRACE 20712 --- [    Test worker] o.h.type.descriptor.sql.BasicExtractor   : extracted value ([id1_7_] : [BIGINT]) - [100]
2021-03-10 22:37:37.793 TRACE 20712 --- [    Test worker] o.h.type.descriptor.sql.BasicExtractor   : extracted value ([id1_7_] : [BIGINT]) - [101]
2021-03-10 22:37:37.793 TRACE 20712 --- [    Test worker] o.h.type.descriptor.sql.BasicExtractor   : extracted value ([id1_7_] : [BIGINT]) - [102]
2021-03-10 22:37:37.793 TRACE 20712 --- [    Test worker] o.h.type.descriptor.sql.BasicExtractor   : extracted value ([id1_7_] : [BIGINT]) - [103]
2021-03-10 22:37:37.793 TRACE 20712 --- [    Test worker] o.h.type.descriptor.sql.BasicExtractor   : extracted value ([id1_7_] : [BIGINT]) - [104]
2021-03-10 22:37:37.793 TRACE 20712 --- [    Test worker] o.h.type.descriptor.sql.BasicExtractor   : extracted value ([id1_7_] : [BIGINT]) - [105]
2021-03-10 22:37:37.793 TRACE 20712 --- [    Test worker] o.h.type.descriptor.sql.BasicExtractor   : extracted value ([id1_7_] : [BIGINT]) - [106]
2021-03-10 22:37:37.793 TRACE 20712 --- [    Test worker] o.h.type.descriptor.sql.BasicExtractor   : extracted value ([id1_7_] : [BIGINT]) - [107]
2021-03-10 22:37:37.793 TRACE 20712 --- [    Test worker] o.h.type.descriptor.sql.BasicExtractor   : extracted value ([id1_7_] : [BIGINT]) - [108]
2021-03-10 22:37:37.793 TRACE 20712 --- [    Test worker] o.h.type.descriptor.sql.BasicExtractor   : extracted value ([id1_7_] : [BIGINT]) - [109]
2021-03-10 22:37:37.793 TRACE 20712 --- [    Test worker] o.h.type.descriptor.sql.BasicExtractor   : extracted value ([id1_7_] : [BIGINT]) - [110]
2021-03-10 22:37:37.793 TRACE 20712 --- [    Test worker] o.h.type.descriptor.sql.BasicExtractor   : extracted value ([id1_7_] : [BIGINT]) - [111]
2021-03-10 22:37:37.793 TRACE 20712 --- [    Test worker] o.h.type.descriptor.sql.BasicExtractor   : extracted value ([id1_7_] : [BIGINT]) - [112]
2021-03-10 22:37:37.793 TRACE 20712 --- [    Test worker] o.h.type.descriptor.sql.BasicExtractor   : extracted value ([id1_7_] : [BIGINT]) - [113]
2021-03-10 22:37:37.793 TRACE 20712 --- [    Test worker] o.h.type.descriptor.sql.BasicExtractor   : extracted value ([id1_7_] : [BIGINT]) - [114]
2021-03-10 22:37:37.793 TRACE 20712 --- [    Test worker] o.h.type.descriptor.sql.BasicExtractor   : extracted value ([id1_7_] : [BIGINT]) - [115]
2021-03-10 22:37:37.793 TRACE 20712 --- [    Test worker] o.h.type.descriptor.sql.BasicExtractor   : extracted value ([id1_7_] : [BIGINT]) - [116]
2021-03-10 22:37:37.793 TRACE 20712 --- [    Test worker] o.h.type.descriptor.sql.BasicExtractor   : extracted value ([id1_7_] : [BIGINT]) - [117]
2021-03-10 22:37:37.793 TRACE 20712 --- [    Test worker] o.h.type.descriptor.sql.BasicExtractor   : extracted value ([id1_7_] : [BIGINT]) - [118]
2021-03-10 22:37:37.793 TRACE 20712 --- [    Test worker] o.h.type.descriptor.sql.BasicExtractor   : extracted value ([id1_7_] : [BIGINT]) - [119]
2021-03-10 22:37:37.793 TRACE 20712 --- [    Test worker] o.h.type.descriptor.sql.BasicExtractor   : extracted value ([id1_7_] : [BIGINT]) - [120]
2021-03-10 22:37:37.793 TRACE 20712 --- [    Test worker] o.h.type.descriptor.sql.BasicExtractor   : extracted value ([id1_7_] : [BIGINT]) - [121]
2021-03-10 22:37:37.793 TRACE 20712 --- [    Test worker] o.h.type.descriptor.sql.BasicExtractor   : extracted value ([id1_7_] : [BIGINT]) - [122]
2021-03-10 22:37:37.793 TRACE 20712 --- [    Test worker] o.h.type.descriptor.sql.BasicExtractor   : extracted value ([id1_7_] : [BIGINT]) - [123]
2021-03-10 22:37:37.793 TRACE 20712 --- [    Test worker] o.h.type.descriptor.sql.BasicExtractor   : extracted value ([id1_7_] : [BIGINT]) - [124]
2021-03-10 22:37:37.793 TRACE 20712 --- [    Test worker] o.h.type.descriptor.sql.BasicExtractor   : extracted value ([id1_7_] : [BIGINT]) - [125]
2021-03-10 22:37:37.793 TRACE 20712 --- [    Test worker] o.h.type.descriptor.sql.BasicExtractor   : extracted value ([id1_7_] : [BIGINT]) - [126]
2021-03-10 22:37:37.793 TRACE 20712 --- [    Test worker] o.h.type.descriptor.sql.BasicExtractor   : extracted value ([id1_7_] : [BIGINT]) - [127]
2021-03-10 22:37:37.793 TRACE 20712 --- [    Test worker] o.h.type.descriptor.sql.BasicExtractor   : extracted value ([id1_7_] : [BIGINT]) - [128]
2021-03-10 22:37:37.793 TRACE 20712 --- [    Test worker] o.h.type.descriptor.sql.BasicExtractor   : extracted value ([id1_7_] : [BIGINT]) - [129]
2021-03-10 22:37:37.793 TRACE 20712 --- [    Test worker] o.h.type.descriptor.sql.BasicExtractor   : extracted value ([id1_7_] : [BIGINT]) - [130]
2021-03-10 22:37:37.793 TRACE 20712 --- [    Test worker] o.h.type.descriptor.sql.BasicExtractor   : extracted value ([id1_7_] : [BIGINT]) - [131]
2021-03-10 22:37:37.793 TRACE 20712 --- [    Test worker] o.h.type.descriptor.sql.BasicExtractor   : extracted value ([id1_7_] : [BIGINT]) - [132]
2021-03-10 22:37:37.793 TRACE 20712 --- [    Test worker] o.h.type.descriptor.sql.BasicExtractor   : extracted value ([id1_7_] : [BIGINT]) - [133]
2021-03-10 22:37:37.793 TRACE 20712 --- [    Test worker] o.h.type.descriptor.sql.BasicExtractor   : extracted value ([id1_7_] : [BIGINT]) - [134]
2021-03-10 22:37:37.793 TRACE 20712 --- [    Test worker] o.h.type.descriptor.sql.BasicExtractor   : extracted value ([id1_7_] : [BIGINT]) - [135]
2021-03-10 22:37:37.793 TRACE 20712 --- [    Test worker] o.h.type.descriptor.sql.BasicExtractor   : extracted value ([id1_7_] : [BIGINT]) - [136]
2021-03-10 22:37:37.793 TRACE 20712 --- [    Test worker] o.h.type.descriptor.sql.BasicExtractor   : extracted value ([id1_7_] : [BIGINT]) - [137]
2021-03-10 22:37:37.793 TRACE 20712 --- [    Test worker] o.h.type.descriptor.sql.BasicExtractor   : extracted value ([id1_7_] : [BIGINT]) - [138]
2021-03-10 22:37:37.793 TRACE 20712 --- [    Test worker] o.h.type.descriptor.sql.BasicExtractor   : extracted value ([id1_7_] : [BIGINT]) - [139]
2021-03-10 22:37:37.793 TRACE 20712 --- [    Test worker] o.h.type.descriptor.sql.BasicExtractor   : extracted value ([id1_7_] : [BIGINT]) - [140]
2021-03-10 22:37:37.793 TRACE 20712 --- [    Test worker] o.h.type.descriptor.sql.BasicExtractor   : extracted value ([id1_7_] : [BIGINT]) - [141]
2021-03-10 22:37:37.793 TRACE 20712 --- [    Test worker] o.h.type.descriptor.sql.BasicExtractor   : extracted value ([id1_7_] : [BIGINT]) - [142]
2021-03-10 22:37:37.793 TRACE 20712 --- [    Test worker] o.h.type.descriptor.sql.BasicExtractor   : extracted value ([id1_7_] : [BIGINT]) - [143]
2021-03-10 22:37:37.793 TRACE 20712 --- [    Test worker] o.h.type.descriptor.sql.BasicExtractor   : extracted value ([id1_7_] : [BIGINT]) - [144]
2021-03-10 22:37:37.793 TRACE 20712 --- [    Test worker] o.h.type.descriptor.sql.BasicExtractor   : extracted value ([id1_7_] : [BIGINT]) - [145]
Hibernate: 
    select
        zone0_.id as id1_7_,
        zone0_.city as city2_7_,
        zone0_.local_name_of_city as local_na3_7_,
        zone0_.province as province4_7_ 
    from
        zone zone0_
2021-03-10 22:37:37.793 TRACE 20712 --- [    Test worker] o.h.type.descriptor.sql.BasicExtractor   : extracted value ([id1_7_] : [BIGINT]) - [61]
2021-03-10 22:37:37.793 TRACE 20712 --- [    Test worker] o.h.type.descriptor.sql.BasicExtractor   : extracted value ([id1_7_] : [BIGINT]) - [62]
2021-03-10 22:37:37.793 TRACE 20712 --- [    Test worker] o.h.type.descriptor.sql.BasicExtractor   : extracted value ([id1_7_] : [BIGINT]) - [63]
2021-03-10 22:37:37.793 TRACE 20712 --- [    Test worker] o.h.type.descriptor.sql.BasicExtractor   : extracted value ([id1_7_] : [BIGINT]) - [64]
2021-03-10 22:37:37.793 TRACE 20712 --- [    Test worker] o.h.type.descriptor.sql.BasicExtractor   : extracted value ([id1_7_] : [BIGINT]) - [65]
2021-03-10 22:37:37.793 TRACE 20712 --- [    Test worker] o.h.type.descriptor.sql.BasicExtractor   : extracted value ([id1_7_] : [BIGINT]) - [66]
2021-03-10 22:37:37.793 TRACE 20712 --- [    Test worker] o.h.type.descriptor.sql.BasicExtractor   : extracted value ([id1_7_] : [BIGINT]) - [67]
2021-03-10 22:37:37.793 TRACE 20712 --- [    Test worker] o.h.type.descriptor.sql.BasicExtractor   : extracted value ([id1_7_] : [BIGINT]) - [68]
2021-03-10 22:37:37.793 TRACE 20712 --- [    Test worker] o.h.type.descriptor.sql.BasicExtractor   : extracted value ([id1_7_] : [BIGINT]) - [69]
2021-03-10 22:37:37.793 TRACE 20712 --- [    Test worker] o.h.type.descriptor.sql.BasicExtractor   : extracted value ([id1_7_] : [BIGINT]) - [70]
2021-03-10 22:37:37.793 TRACE 20712 --- [    Test worker] o.h.type.descriptor.sql.BasicExtractor   : extracted value ([id1_7_] : [BIGINT]) - [71]
2021-03-10 22:37:37.793 TRACE 20712 --- [    Test worker] o.h.type.descriptor.sql.BasicExtractor   : extracted value ([id1_7_] : [BIGINT]) - [72]
2021-03-10 22:37:37.793 TRACE 20712 --- [    Test worker] o.h.type.descriptor.sql.BasicExtractor   : extracted value ([id1_7_] : [BIGINT]) - [73]
2021-03-10 22:37:37.793 TRACE 20712 --- [    Test worker] o.h.type.descriptor.sql.BasicExtractor   : extracted value ([id1_7_] : [BIGINT]) - [74]
2021-03-10 22:37:37.793 TRACE 20712 --- [    Test worker] o.h.type.descriptor.sql.BasicExtractor   : extracted value ([id1_7_] : [BIGINT]) - [75]
2021-03-10 22:37:37.793 TRACE 20712 --- [    Test worker] o.h.type.descriptor.sql.BasicExtractor   : extracted value ([id1_7_] : [BIGINT]) - [76]
2021-03-10 22:37:37.793 TRACE 20712 --- [    Test worker] o.h.type.descriptor.sql.BasicExtractor   : extracted value ([id1_7_] : [BIGINT]) - [77]
2021-03-10 22:37:37.793 TRACE 20712 --- [    Test worker] o.h.type.descriptor.sql.BasicExtractor   : extracted value ([id1_7_] : [BIGINT]) - [78]
2021-03-10 22:37:37.793 TRACE 20712 --- [    Test worker] o.h.type.descriptor.sql.BasicExtractor   : extracted value ([id1_7_] : [BIGINT]) - [79]
2021-03-10 22:37:37.793 TRACE 20712 --- [    Test worker] o.h.type.descriptor.sql.BasicExtractor   : extracted value ([id1_7_] : [BIGINT]) - [80]
2021-03-10 22:37:37.793 TRACE 20712 --- [    Test worker] o.h.type.descriptor.sql.BasicExtractor   : extracted value ([id1_7_] : [BIGINT]) - [81]
2021-03-10 22:37:37.793 TRACE 20712 --- [    Test worker] o.h.type.descriptor.sql.BasicExtractor   : extracted value ([id1_7_] : [BIGINT]) - [82]
2021-03-10 22:37:37.793 TRACE 20712 --- [    Test worker] o.h.type.descriptor.sql.BasicExtractor   : extracted value ([id1_7_] : [BIGINT]) - [83]
2021-03-10 22:37:37.793 TRACE 20712 --- [    Test worker] o.h.type.descriptor.sql.BasicExtractor   : extracted value ([id1_7_] : [BIGINT]) - [84]
2021-03-10 22:37:37.793 TRACE 20712 --- [    Test worker] o.h.type.descriptor.sql.BasicExtractor   : extracted value ([id1_7_] : [BIGINT]) - [85]
2021-03-10 22:37:37.793 TRACE 20712 --- [    Test worker] o.h.type.descriptor.sql.BasicExtractor   : extracted value ([id1_7_] : [BIGINT]) - [86]
2021-03-10 22:37:37.793 TRACE 20712 --- [    Test worker] o.h.type.descriptor.sql.BasicExtractor   : extracted value ([id1_7_] : [BIGINT]) - [87]
2021-03-10 22:37:37.793 TRACE 20712 --- [    Test worker] o.h.type.descriptor.sql.BasicExtractor   : extracted value ([id1_7_] : [BIGINT]) - [88]
2021-03-10 22:37:37.793 TRACE 20712 --- [    Test worker] o.h.type.descriptor.sql.BasicExtractor   : extracted value ([id1_7_] : [BIGINT]) - [89]
2021-03-10 22:37:37.793 TRACE 20712 --- [    Test worker] o.h.type.descriptor.sql.BasicExtractor   : extracted value ([id1_7_] : [BIGINT]) - [90]
2021-03-10 22:37:37.793 TRACE 20712 --- [    Test worker] o.h.type.descriptor.sql.BasicExtractor   : extracted value ([id1_7_] : [BIGINT]) - [91]
2021-03-10 22:37:37.793 TRACE 20712 --- [    Test worker] o.h.type.descriptor.sql.BasicExtractor   : extracted value ([id1_7_] : [BIGINT]) - [92]
2021-03-10 22:37:37.793 TRACE 20712 --- [    Test worker] o.h.type.descriptor.sql.BasicExtractor   : extracted value ([id1_7_] : [BIGINT]) - [93]
2021-03-10 22:37:37.793 TRACE 20712 --- [    Test worker] o.h.type.descriptor.sql.BasicExtractor   : extracted value ([id1_7_] : [BIGINT]) - [94]
2021-03-10 22:37:37.793 TRACE 20712 --- [    Test worker] o.h.type.descriptor.sql.BasicExtractor   : extracted value ([id1_7_] : [BIGINT]) - [95]
2021-03-10 22:37:37.793 TRACE 20712 --- [    Test worker] o.h.type.descriptor.sql.BasicExtractor   : extracted value ([id1_7_] : [BIGINT]) - [96]
2021-03-10 22:37:37.793 TRACE 20712 --- [    Test worker] o.h.type.descriptor.sql.BasicExtractor   : extracted value ([id1_7_] : [BIGINT]) - [97]
2021-03-10 22:37:37.793 TRACE 20712 --- [    Test worker] o.h.type.descriptor.sql.BasicExtractor   : extracted value ([id1_7_] : [BIGINT]) - [98]
2021-03-10 22:37:37.793 TRACE 20712 --- [    Test worker] o.h.type.descriptor.sql.BasicExtractor   : extracted value ([id1_7_] : [BIGINT]) - [99]
2021-03-10 22:37:37.793 TRACE 20712 --- [    Test worker] o.h.type.descriptor.sql.BasicExtractor   : extracted value ([id1_7_] : [BIGINT]) - [100]
2021-03-10 22:37:37.793 TRACE 20712 --- [    Test worker] o.h.type.descriptor.sql.BasicExtractor   : extracted value ([id1_7_] : [BIGINT]) - [101]
2021-03-10 22:37:37.793 TRACE 20712 --- [    Test worker] o.h.type.descriptor.sql.BasicExtractor   : extracted value ([id1_7_] : [BIGINT]) - [102]
2021-03-10 22:37:37.793 TRACE 20712 --- [    Test worker] o.h.type.descriptor.sql.BasicExtractor   : extracted value ([id1_7_] : [BIGINT]) - [103]
2021-03-10 22:37:37.793 TRACE 20712 --- [    Test worker] o.h.type.descriptor.sql.BasicExtractor   : extracted value ([id1_7_] : [BIGINT]) - [104]
2021-03-10 22:37:37.793 TRACE 20712 --- [    Test worker] o.h.type.descriptor.sql.BasicExtractor   : extracted value ([id1_7_] : [BIGINT]) - [105]
2021-03-10 22:37:37.793 TRACE 20712 --- [    Test worker] o.h.type.descriptor.sql.BasicExtractor   : extracted value ([id1_7_] : [BIGINT]) - [106]
2021-03-10 22:37:37.793 TRACE 20712 --- [    Test worker] o.h.type.descriptor.sql.BasicExtractor   : extracted value ([id1_7_] : [BIGINT]) - [107]
2021-03-10 22:37:37.793 TRACE 20712 --- [    Test worker] o.h.type.descriptor.sql.BasicExtractor   : extracted value ([id1_7_] : [BIGINT]) - [108]
2021-03-10 22:37:37.793 TRACE 20712 --- [    Test worker] o.h.type.descriptor.sql.BasicExtractor   : extracted value ([id1_7_] : [BIGINT]) - [109]
2021-03-10 22:37:37.793 TRACE 20712 --- [    Test worker] o.h.type.descriptor.sql.BasicExtractor   : extracted value ([id1_7_] : [BIGINT]) - [110]
2021-03-10 22:37:37.793 TRACE 20712 --- [    Test worker] o.h.type.descriptor.sql.BasicExtractor   : extracted value ([id1_7_] : [BIGINT]) - [111]
2021-03-10 22:37:37.793 TRACE 20712 --- [    Test worker] o.h.type.descriptor.sql.BasicExtractor   : extracted value ([id1_7_] : [BIGINT]) - [112]
2021-03-10 22:37:37.793 TRACE 20712 --- [    Test worker] o.h.type.descriptor.sql.BasicExtractor   : extracted value ([id1_7_] : [BIGINT]) - [113]
2021-03-10 22:37:37.793 TRACE 20712 --- [    Test worker] o.h.type.descriptor.sql.BasicExtractor   : extracted value ([id1_7_] : [BIGINT]) - [114]
2021-03-10 22:37:37.793 TRACE 20712 --- [    Test worker] o.h.type.descriptor.sql.BasicExtractor   : extracted value ([id1_7_] : [BIGINT]) - [115]
2021-03-10 22:37:37.793 TRACE 20712 --- [    Test worker] o.h.type.descriptor.sql.BasicExtractor   : extracted value ([id1_7_] : [BIGINT]) - [116]
2021-03-10 22:37:37.793 TRACE 20712 --- [    Test worker] o.h.type.descriptor.sql.BasicExtractor   : extracted value ([id1_7_] : [BIGINT]) - [117]
2021-03-10 22:37:37.793 TRACE 20712 --- [    Test worker] o.h.type.descriptor.sql.BasicExtractor   : extracted value ([id1_7_] : [BIGINT]) - [118]
2021-03-10 22:37:37.793 TRACE 20712 --- [    Test worker] o.h.type.descriptor.sql.BasicExtractor   : extracted value ([id1_7_] : [BIGINT]) - [119]
2021-03-10 22:37:37.793 TRACE 20712 --- [    Test worker] o.h.type.descriptor.sql.BasicExtractor   : extracted value ([id1_7_] : [BIGINT]) - [120]
2021-03-10 22:37:37.793 TRACE 20712 --- [    Test worker] o.h.type.descriptor.sql.BasicExtractor   : extracted value ([id1_7_] : [BIGINT]) - [121]
2021-03-10 22:37:37.793 TRACE 20712 --- [    Test worker] o.h.type.descriptor.sql.BasicExtractor   : extracted value ([id1_7_] : [BIGINT]) - [122]
2021-03-10 22:37:37.793 TRACE 20712 --- [    Test worker] o.h.type.descriptor.sql.BasicExtractor   : extracted value ([id1_7_] : [BIGINT]) - [123]
2021-03-10 22:37:37.793 TRACE 20712 --- [    Test worker] o.h.type.descriptor.sql.BasicExtractor   : extracted value ([id1_7_] : [BIGINT]) - [124]
2021-03-10 22:37:37.793 TRACE 20712 --- [    Test worker] o.h.type.descriptor.sql.BasicExtractor   : extracted value ([id1_7_] : [BIGINT]) - [125]
2021-03-10 22:37:37.809 TRACE 20712 --- [    Test worker] o.h.type.descriptor.sql.BasicExtractor   : extracted value ([id1_7_] : [BIGINT]) - [126]
2021-03-10 22:37:37.809 TRACE 20712 --- [    Test worker] o.h.type.descriptor.sql.BasicExtractor   : extracted value ([id1_7_] : [BIGINT]) - [127]
2021-03-10 22:37:37.809 TRACE 20712 --- [    Test worker] o.h.type.descriptor.sql.BasicExtractor   : extracted value ([id1_7_] : [BIGINT]) - [128]
2021-03-10 22:37:37.809 TRACE 20712 --- [    Test worker] o.h.type.descriptor.sql.BasicExtractor   : extracted value ([id1_7_] : [BIGINT]) - [129]
2021-03-10 22:37:37.809 TRACE 20712 --- [    Test worker] o.h.type.descriptor.sql.BasicExtractor   : extracted value ([id1_7_] : [BIGINT]) - [130]
2021-03-10 22:37:37.809 TRACE 20712 --- [    Test worker] o.h.type.descriptor.sql.BasicExtractor   : extracted value ([id1_7_] : [BIGINT]) - [131]
2021-03-10 22:37:37.809 TRACE 20712 --- [    Test worker] o.h.type.descriptor.sql.BasicExtractor   : extracted value ([id1_7_] : [BIGINT]) - [132]
2021-03-10 22:37:37.809 TRACE 20712 --- [    Test worker] o.h.type.descriptor.sql.BasicExtractor   : extracted value ([id1_7_] : [BIGINT]) - [133]
2021-03-10 22:37:37.809 TRACE 20712 --- [    Test worker] o.h.type.descriptor.sql.BasicExtractor   : extracted value ([id1_7_] : [BIGINT]) - [134]
2021-03-10 22:37:37.809 TRACE 20712 --- [    Test worker] o.h.type.descriptor.sql.BasicExtractor   : extracted value ([id1_7_] : [BIGINT]) - [135]
2021-03-10 22:37:37.809 TRACE 20712 --- [    Test worker] o.h.type.descriptor.sql.BasicExtractor   : extracted value ([id1_7_] : [BIGINT]) - [136]
2021-03-10 22:37:37.809 TRACE 20712 --- [    Test worker] o.h.type.descriptor.sql.BasicExtractor   : extracted value ([id1_7_] : [BIGINT]) - [137]
2021-03-10 22:37:37.809 TRACE 20712 --- [    Test worker] o.h.type.descriptor.sql.BasicExtractor   : extracted value ([id1_7_] : [BIGINT]) - [138]
2021-03-10 22:37:37.809 TRACE 20712 --- [    Test worker] o.h.type.descriptor.sql.BasicExtractor   : extracted value ([id1_7_] : [BIGINT]) - [139]
2021-03-10 22:37:37.809 TRACE 20712 --- [    Test worker] o.h.type.descriptor.sql.BasicExtractor   : extracted value ([id1_7_] : [BIGINT]) - [140]
2021-03-10 22:37:37.809 TRACE 20712 --- [    Test worker] o.h.type.descriptor.sql.BasicExtractor   : extracted value ([id1_7_] : [BIGINT]) - [141]
2021-03-10 22:37:37.809 TRACE 20712 --- [    Test worker] o.h.type.descriptor.sql.BasicExtractor   : extracted value ([id1_7_] : [BIGINT]) - [142]
2021-03-10 22:37:37.809 TRACE 20712 --- [    Test worker] o.h.type.descriptor.sql.BasicExtractor   : extracted value ([id1_7_] : [BIGINT]) - [143]
2021-03-10 22:37:37.809 TRACE 20712 --- [    Test worker] o.h.type.descriptor.sql.BasicExtractor   : extracted value ([id1_7_] : [BIGINT]) - [144]
2021-03-10 22:37:37.809 TRACE 20712 --- [    Test worker] o.h.type.descriptor.sql.BasicExtractor   : extracted value ([id1_7_] : [BIGINT]) - [145]
Hibernate: 
    select
        zone0_.id as id1_7_,
        zone0_.city as city2_7_,
        zone0_.local_name_of_city as local_na3_7_,
        zone0_.province as province4_7_ 
    from
        zone zone0_
2021-03-10 22:37:37.809 TRACE 20712 --- [    Test worker] o.h.type.descriptor.sql.BasicExtractor   : extracted value ([id1_7_] : [BIGINT]) - [61]
2021-03-10 22:37:37.809 TRACE 20712 --- [    Test worker] o.h.type.descriptor.sql.BasicExtractor   : extracted value ([id1_7_] : [BIGINT]) - [62]
2021-03-10 22:37:37.809 TRACE 20712 --- [    Test worker] o.h.type.descriptor.sql.BasicExtractor   : extracted value ([id1_7_] : [BIGINT]) - [63]
2021-03-10 22:37:37.809 TRACE 20712 --- [    Test worker] o.h.type.descriptor.sql.BasicExtractor   : extracted value ([id1_7_] : [BIGINT]) - [64]
2021-03-10 22:37:37.809 TRACE 20712 --- [    Test worker] o.h.type.descriptor.sql.BasicExtractor   : extracted value ([id1_7_] : [BIGINT]) - [65]
2021-03-10 22:37:37.809 TRACE 20712 --- [    Test worker] o.h.type.descriptor.sql.BasicExtractor   : extracted value ([id1_7_] : [BIGINT]) - [66]
2021-03-10 22:37:37.809 TRACE 20712 --- [    Test worker] o.h.type.descriptor.sql.BasicExtractor   : extracted value ([id1_7_] : [BIGINT]) - [67]
2021-03-10 22:37:37.809 TRACE 20712 --- [    Test worker] o.h.type.descriptor.sql.BasicExtractor   : extracted value ([id1_7_] : [BIGINT]) - [68]
2021-03-10 22:37:37.809 TRACE 20712 --- [    Test worker] o.h.type.descriptor.sql.BasicExtractor   : extracted value ([id1_7_] : [BIGINT]) - [69]
2021-03-10 22:37:37.809 TRACE 20712 --- [    Test worker] o.h.type.descriptor.sql.BasicExtractor   : extracted value ([id1_7_] : [BIGINT]) - [70]
2021-03-10 22:37:37.809 TRACE 20712 --- [    Test worker] o.h.type.descriptor.sql.BasicExtractor   : extracted value ([id1_7_] : [BIGINT]) - [71]
2021-03-10 22:37:37.809 TRACE 20712 --- [    Test worker] o.h.type.descriptor.sql.BasicExtractor   : extracted value ([id1_7_] : [BIGINT]) - [72]
2021-03-10 22:37:37.809 TRACE 20712 --- [    Test worker] o.h.type.descriptor.sql.BasicExtractor   : extracted value ([id1_7_] : [BIGINT]) - [73]
2021-03-10 22:37:37.809 TRACE 20712 --- [    Test worker] o.h.type.descriptor.sql.BasicExtractor   : extracted value ([id1_7_] : [BIGINT]) - [74]
2021-03-10 22:37:37.809 TRACE 20712 --- [    Test worker] o.h.type.descriptor.sql.BasicExtractor   : extracted value ([id1_7_] : [BIGINT]) - [75]
2021-03-10 22:37:37.809 TRACE 20712 --- [    Test worker] o.h.type.descriptor.sql.BasicExtractor   : extracted value ([id1_7_] : [BIGINT]) - [76]
2021-03-10 22:37:37.809 TRACE 20712 --- [    Test worker] o.h.type.descriptor.sql.BasicExtractor   : extracted value ([id1_7_] : [BIGINT]) - [77]
2021-03-10 22:37:37.809 TRACE 20712 --- [    Test worker] o.h.type.descriptor.sql.BasicExtractor   : extracted value ([id1_7_] : [BIGINT]) - [78]
2021-03-10 22:37:37.809 TRACE 20712 --- [    Test worker] o.h.type.descriptor.sql.BasicExtractor   : extracted value ([id1_7_] : [BIGINT]) - [79]
2021-03-10 22:37:37.809 TRACE 20712 --- [    Test worker] o.h.type.descriptor.sql.BasicExtractor   : extracted value ([id1_7_] : [BIGINT]) - [80]
2021-03-10 22:37:37.809 TRACE 20712 --- [    Test worker] o.h.type.descriptor.sql.BasicExtractor   : extracted value ([id1_7_] : [BIGINT]) - [81]
2021-03-10 22:37:37.809 TRACE 20712 --- [    Test worker] o.h.type.descriptor.sql.BasicExtractor   : extracted value ([id1_7_] : [BIGINT]) - [82]
2021-03-10 22:37:37.809 TRACE 20712 --- [    Test worker] o.h.type.descriptor.sql.BasicExtractor   : extracted value ([id1_7_] : [BIGINT]) - [83]
2021-03-10 22:37:37.809 TRACE 20712 --- [    Test worker] o.h.type.descriptor.sql.BasicExtractor   : extracted value ([id1_7_] : [BIGINT]) - [84]
2021-03-10 22:37:37.809 TRACE 20712 --- [    Test worker] o.h.type.descriptor.sql.BasicExtractor   : extracted value ([id1_7_] : [BIGINT]) - [85]
2021-03-10 22:37:37.809 TRACE 20712 --- [    Test worker] o.h.type.descriptor.sql.BasicExtractor   : extracted value ([id1_7_] : [BIGINT]) - [86]
2021-03-10 22:37:37.809 TRACE 20712 --- [    Test worker] o.h.type.descriptor.sql.BasicExtractor   : extracted value ([id1_7_] : [BIGINT]) - [87]
2021-03-10 22:37:37.809 TRACE 20712 --- [    Test worker] o.h.type.descriptor.sql.BasicExtractor   : extracted value ([id1_7_] : [BIGINT]) - [88]
2021-03-10 22:37:37.809 TRACE 20712 --- [    Test worker] o.h.type.descriptor.sql.BasicExtractor   : extracted value ([id1_7_] : [BIGINT]) - [89]
2021-03-10 22:37:37.809 TRACE 20712 --- [    Test worker] o.h.type.descriptor.sql.BasicExtractor   : extracted value ([id1_7_] : [BIGINT]) - [90]
2021-03-10 22:37:37.809 TRACE 20712 --- [    Test worker] o.h.type.descriptor.sql.BasicExtractor   : extracted value ([id1_7_] : [BIGINT]) - [91]
2021-03-10 22:37:37.809 TRACE 20712 --- [    Test worker] o.h.type.descriptor.sql.BasicExtractor   : extracted value ([id1_7_] : [BIGINT]) - [92]
2021-03-10 22:37:37.809 TRACE 20712 --- [    Test worker] o.h.type.descriptor.sql.BasicExtractor   : extracted value ([id1_7_] : [BIGINT]) - [93]
2021-03-10 22:37:37.809 TRACE 20712 --- [    Test worker] o.h.type.descriptor.sql.BasicExtractor   : extracted value ([id1_7_] : [BIGINT]) - [94]
2021-03-10 22:37:37.809 TRACE 20712 --- [    Test worker] o.h.type.descriptor.sql.BasicExtractor   : extracted value ([id1_7_] : [BIGINT]) - [95]
2021-03-10 22:37:37.809 TRACE 20712 --- [    Test worker] o.h.type.descriptor.sql.BasicExtractor   : extracted value ([id1_7_] : [BIGINT]) - [96]
2021-03-10 22:37:37.809 TRACE 20712 --- [    Test worker] o.h.type.descriptor.sql.BasicExtractor   : extracted value ([id1_7_] : [BIGINT]) - [97]
2021-03-10 22:37:37.809 TRACE 20712 --- [    Test worker] o.h.type.descriptor.sql.BasicExtractor   : extracted value ([id1_7_] : [BIGINT]) - [98]
2021-03-10 22:37:37.809 TRACE 20712 --- [    Test worker] o.h.type.descriptor.sql.BasicExtractor   : extracted value ([id1_7_] : [BIGINT]) - [99]
2021-03-10 22:37:37.809 TRACE 20712 --- [    Test worker] o.h.type.descriptor.sql.BasicExtractor   : extracted value ([id1_7_] : [BIGINT]) - [100]
2021-03-10 22:37:37.809 TRACE 20712 --- [    Test worker] o.h.type.descriptor.sql.BasicExtractor   : extracted value ([id1_7_] : [BIGINT]) - [101]
2021-03-10 22:37:37.809 TRACE 20712 --- [    Test worker] o.h.type.descriptor.sql.BasicExtractor   : extracted value ([id1_7_] : [BIGINT]) - [102]
2021-03-10 22:37:37.809 TRACE 20712 --- [    Test worker] o.h.type.descriptor.sql.BasicExtractor   : extracted value ([id1_7_] : [BIGINT]) - [103]
2021-03-10 22:37:37.809 TRACE 20712 --- [    Test worker] o.h.type.descriptor.sql.BasicExtractor   : extracted value ([id1_7_] : [BIGINT]) - [104]
2021-03-10 22:37:37.809 TRACE 20712 --- [    Test worker] o.h.type.descriptor.sql.BasicExtractor   : extracted value ([id1_7_] : [BIGINT]) - [105]
2021-03-10 22:37:37.809 TRACE 20712 --- [    Test worker] o.h.type.descriptor.sql.BasicExtractor   : extracted value ([id1_7_] : [BIGINT]) - [106]
2021-03-10 22:37:37.809 TRACE 20712 --- [    Test worker] o.h.type.descriptor.sql.BasicExtractor   : extracted value ([id1_7_] : [BIGINT]) - [107]
2021-03-10 22:37:37.809 TRACE 20712 --- [    Test worker] o.h.type.descriptor.sql.BasicExtractor   : extracted value ([id1_7_] : [BIGINT]) - [108]
2021-03-10 22:37:37.809 TRACE 20712 --- [    Test worker] o.h.type.descriptor.sql.BasicExtractor   : extracted value ([id1_7_] : [BIGINT]) - [109]
2021-03-10 22:37:37.809 TRACE 20712 --- [    Test worker] o.h.type.descriptor.sql.BasicExtractor   : extracted value ([id1_7_] : [BIGINT]) - [110]
2021-03-10 22:37:37.809 TRACE 20712 --- [    Test worker] o.h.type.descriptor.sql.BasicExtractor   : extracted value ([id1_7_] : [BIGINT]) - [111]
2021-03-10 22:37:37.809 TRACE 20712 --- [    Test worker] o.h.type.descriptor.sql.BasicExtractor   : extracted value ([id1_7_] : [BIGINT]) - [112]
2021-03-10 22:37:37.809 TRACE 20712 --- [    Test worker] o.h.type.descriptor.sql.BasicExtractor   : extracted value ([id1_7_] : [BIGINT]) - [113]
2021-03-10 22:37:37.809 TRACE 20712 --- [    Test worker] o.h.type.descriptor.sql.BasicExtractor   : extracted value ([id1_7_] : [BIGINT]) - [114]
2021-03-10 22:37:37.809 TRACE 20712 --- [    Test worker] o.h.type.descriptor.sql.BasicExtractor   : extracted value ([id1_7_] : [BIGINT]) - [115]
2021-03-10 22:37:37.809 TRACE 20712 --- [    Test worker] o.h.type.descriptor.sql.BasicExtractor   : extracted value ([id1_7_] : [BIGINT]) - [116]
2021-03-10 22:37:37.809 TRACE 20712 --- [    Test worker] o.h.type.descriptor.sql.BasicExtractor   : extracted value ([id1_7_] : [BIGINT]) - [117]
2021-03-10 22:37:37.809 TRACE 20712 --- [    Test worker] o.h.type.descriptor.sql.BasicExtractor   : extracted value ([id1_7_] : [BIGINT]) - [118]
2021-03-10 22:37:37.809 TRACE 20712 --- [    Test worker] o.h.type.descriptor.sql.BasicExtractor   : extracted value ([id1_7_] : [BIGINT]) - [119]
2021-03-10 22:37:37.809 TRACE 20712 --- [    Test worker] o.h.type.descriptor.sql.BasicExtractor   : extracted value ([id1_7_] : [BIGINT]) - [120]
2021-03-10 22:37:37.809 TRACE 20712 --- [    Test worker] o.h.type.descriptor.sql.BasicExtractor   : extracted value ([id1_7_] : [BIGINT]) - [121]
2021-03-10 22:37:37.809 TRACE 20712 --- [    Test worker] o.h.type.descriptor.sql.BasicExtractor   : extracted value ([id1_7_] : [BIGINT]) - [122]
2021-03-10 22:37:37.809 TRACE 20712 --- [    Test worker] o.h.type.descriptor.sql.BasicExtractor   : extracted value ([id1_7_] : [BIGINT]) - [123]
2021-03-10 22:37:37.809 TRACE 20712 --- [    Test worker] o.h.type.descriptor.sql.BasicExtractor   : extracted value ([id1_7_] : [BIGINT]) - [124]
2021-03-10 22:37:37.809 TRACE 20712 --- [    Test worker] o.h.type.descriptor.sql.BasicExtractor   : extracted value ([id1_7_] : [BIGINT]) - [125]
2021-03-10 22:37:37.809 TRACE 20712 --- [    Test worker] o.h.type.descriptor.sql.BasicExtractor   : extracted value ([id1_7_] : [BIGINT]) - [126]
2021-03-10 22:37:37.809 TRACE 20712 --- [    Test worker] o.h.type.descriptor.sql.BasicExtractor   : extracted value ([id1_7_] : [BIGINT]) - [127]
2021-03-10 22:37:37.809 TRACE 20712 --- [    Test worker] o.h.type.descriptor.sql.BasicExtractor   : extracted value ([id1_7_] : [BIGINT]) - [128]
2021-03-10 22:37:37.809 TRACE 20712 --- [    Test worker] o.h.type.descriptor.sql.BasicExtractor   : extracted value ([id1_7_] : [BIGINT]) - [129]
2021-03-10 22:37:37.809 TRACE 20712 --- [    Test worker] o.h.type.descriptor.sql.BasicExtractor   : extracted value ([id1_7_] : [BIGINT]) - [130]
2021-03-10 22:37:37.809 TRACE 20712 --- [    Test worker] o.h.type.descriptor.sql.BasicExtractor   : extracted value ([id1_7_] : [BIGINT]) - [131]
2021-03-10 22:37:37.809 TRACE 20712 --- [    Test worker] o.h.type.descriptor.sql.BasicExtractor   : extracted value ([id1_7_] : [BIGINT]) - [132]
2021-03-10 22:37:37.809 TRACE 20712 --- [    Test worker] o.h.type.descriptor.sql.BasicExtractor   : extracted value ([id1_7_] : [BIGINT]) - [133]
2021-03-10 22:37:37.809 TRACE 20712 --- [    Test worker] o.h.type.descriptor.sql.BasicExtractor   : extracted value ([id1_7_] : [BIGINT]) - [134]
2021-03-10 22:37:37.809 TRACE 20712 --- [    Test worker] o.h.type.descriptor.sql.BasicExtractor   : extracted value ([id1_7_] : [BIGINT]) - [135]
2021-03-10 22:37:37.809 TRACE 20712 --- [    Test worker] o.h.type.descriptor.sql.BasicExtractor   : extracted value ([id1_7_] : [BIGINT]) - [136]
2021-03-10 22:37:37.809 TRACE 20712 --- [    Test worker] o.h.type.descriptor.sql.BasicExtractor   : extracted value ([id1_7_] : [BIGINT]) - [137]
2021-03-10 22:37:37.809 TRACE 20712 --- [    Test worker] o.h.type.descriptor.sql.BasicExtractor   : extracted value ([id1_7_] : [BIGINT]) - [138]
2021-03-10 22:37:37.809 TRACE 20712 --- [    Test worker] o.h.type.descriptor.sql.BasicExtractor   : extracted value ([id1_7_] : [BIGINT]) - [139]
2021-03-10 22:37:37.809 TRACE 20712 --- [    Test worker] o.h.type.descriptor.sql.BasicExtractor   : extracted value ([id1_7_] : [BIGINT]) - [140]
2021-03-10 22:37:37.809 TRACE 20712 --- [    Test worker] o.h.type.descriptor.sql.BasicExtractor   : extracted value ([id1_7_] : [BIGINT]) - [141]
2021-03-10 22:37:37.809 TRACE 20712 --- [    Test worker] o.h.type.descriptor.sql.BasicExtractor   : extracted value ([id1_7_] : [BIGINT]) - [142]
2021-03-10 22:37:37.809 TRACE 20712 --- [    Test worker] o.h.type.descriptor.sql.BasicExtractor   : extracted value ([id1_7_] : [BIGINT]) - [143]
2021-03-10 22:37:37.809 TRACE 20712 --- [    Test worker] o.h.type.descriptor.sql.BasicExtractor   : extracted value ([id1_7_] : [BIGINT]) - [144]
2021-03-10 22:37:37.809 TRACE 20712 --- [    Test worker] o.h.type.descriptor.sql.BasicExtractor   : extracted value ([id1_7_] : [BIGINT]) - [145]
Hibernate: 
    select
        zone0_.id as id1_7_,
        zone0_.city as city2_7_,
        zone0_.local_name_of_city as local_na3_7_,
        zone0_.province as province4_7_ 
    from
        zone zone0_
2021-03-10 22:37:37.809 TRACE 20712 --- [    Test worker] o.h.type.descriptor.sql.BasicExtractor   : extracted value ([id1_7_] : [BIGINT]) - [61]
2021-03-10 22:37:37.809 TRACE 20712 --- [    Test worker] o.h.type.descriptor.sql.BasicExtractor   : extracted value ([id1_7_] : [BIGINT]) - [62]
2021-03-10 22:37:37.809 TRACE 20712 --- [    Test worker] o.h.type.descriptor.sql.BasicExtractor   : extracted value ([id1_7_] : [BIGINT]) - [63]
2021-03-10 22:37:37.809 TRACE 20712 --- [    Test worker] o.h.type.descriptor.sql.BasicExtractor   : extracted value ([id1_7_] : [BIGINT]) - [64]
2021-03-10 22:37:37.809 TRACE 20712 --- [    Test worker] o.h.type.descriptor.sql.BasicExtractor   : extracted value ([id1_7_] : [BIGINT]) - [65]
2021-03-10 22:37:37.809 TRACE 20712 --- [    Test worker] o.h.type.descriptor.sql.BasicExtractor   : extracted value ([id1_7_] : [BIGINT]) - [66]
2021-03-10 22:37:37.809 TRACE 20712 --- [    Test worker] o.h.type.descriptor.sql.BasicExtractor   : extracted value ([id1_7_] : [BIGINT]) - [67]
2021-03-10 22:37:37.809 TRACE 20712 --- [    Test worker] o.h.type.descriptor.sql.BasicExtractor   : extracted value ([id1_7_] : [BIGINT]) - [68]
2021-03-10 22:37:37.809 TRACE 20712 --- [    Test worker] o.h.type.descriptor.sql.BasicExtractor   : extracted value ([id1_7_] : [BIGINT]) - [69]
2021-03-10 22:37:37.809 TRACE 20712 --- [    Test worker] o.h.type.descriptor.sql.BasicExtractor   : extracted value ([id1_7_] : [BIGINT]) - [70]
2021-03-10 22:37:37.809 TRACE 20712 --- [    Test worker] o.h.type.descriptor.sql.BasicExtractor   : extracted value ([id1_7_] : [BIGINT]) - [71]
2021-03-10 22:37:37.809 TRACE 20712 --- [    Test worker] o.h.type.descriptor.sql.BasicExtractor   : extracted value ([id1_7_] : [BIGINT]) - [72]
2021-03-10 22:37:37.809 TRACE 20712 --- [    Test worker] o.h.type.descriptor.sql.BasicExtractor   : extracted value ([id1_7_] : [BIGINT]) - [73]
2021-03-10 22:37:37.809 TRACE 20712 --- [    Test worker] o.h.type.descriptor.sql.BasicExtractor   : extracted value ([id1_7_] : [BIGINT]) - [74]
2021-03-10 22:37:37.809 TRACE 20712 --- [    Test worker] o.h.type.descriptor.sql.BasicExtractor   : extracted value ([id1_7_] : [BIGINT]) - [75]
2021-03-10 22:37:37.809 TRACE 20712 --- [    Test worker] o.h.type.descriptor.sql.BasicExtractor   : extracted value ([id1_7_] : [BIGINT]) - [76]
2021-03-10 22:37:37.809 TRACE 20712 --- [    Test worker] o.h.type.descriptor.sql.BasicExtractor   : extracted value ([id1_7_] : [BIGINT]) - [77]
2021-03-10 22:37:37.809 TRACE 20712 --- [    Test worker] o.h.type.descriptor.sql.BasicExtractor   : extracted value ([id1_7_] : [BIGINT]) - [78]
2021-03-10 22:37:37.809 TRACE 20712 --- [    Test worker] o.h.type.descriptor.sql.BasicExtractor   : extracted value ([id1_7_] : [BIGINT]) - [79]
2021-03-10 22:37:37.809 TRACE 20712 --- [    Test worker] o.h.type.descriptor.sql.BasicExtractor   : extracted value ([id1_7_] : [BIGINT]) - [80]
2021-03-10 22:37:37.809 TRACE 20712 --- [    Test worker] o.h.type.descriptor.sql.BasicExtractor   : extracted value ([id1_7_] : [BIGINT]) - [81]
2021-03-10 22:37:37.809 TRACE 20712 --- [    Test worker] o.h.type.descriptor.sql.BasicExtractor   : extracted value ([id1_7_] : [BIGINT]) - [82]
2021-03-10 22:37:37.809 TRACE 20712 --- [    Test worker] o.h.type.descriptor.sql.BasicExtractor   : extracted value ([id1_7_] : [BIGINT]) - [83]
2021-03-10 22:37:37.809 TRACE 20712 --- [    Test worker] o.h.type.descriptor.sql.BasicExtractor   : extracted value ([id1_7_] : [BIGINT]) - [84]
2021-03-10 22:37:37.809 TRACE 20712 --- [    Test worker] o.h.type.descriptor.sql.BasicExtractor   : extracted value ([id1_7_] : [BIGINT]) - [85]
2021-03-10 22:37:37.809 TRACE 20712 --- [    Test worker] o.h.type.descriptor.sql.BasicExtractor   : extracted value ([id1_7_] : [BIGINT]) - [86]
2021-03-10 22:37:37.809 TRACE 20712 --- [    Test worker] o.h.type.descriptor.sql.BasicExtractor   : extracted value ([id1_7_] : [BIGINT]) - [87]
2021-03-10 22:37:37.809 TRACE 20712 --- [    Test worker] o.h.type.descriptor.sql.BasicExtractor   : extracted value ([id1_7_] : [BIGINT]) - [88]
2021-03-10 22:37:37.809 TRACE 20712 --- [    Test worker] o.h.type.descriptor.sql.BasicExtractor   : extracted value ([id1_7_] : [BIGINT]) - [89]
2021-03-10 22:37:37.809 TRACE 20712 --- [    Test worker] o.h.type.descriptor.sql.BasicExtractor   : extracted value ([id1_7_] : [BIGINT]) - [90]
2021-03-10 22:37:37.809 TRACE 20712 --- [    Test worker] o.h.type.descriptor.sql.BasicExtractor   : extracted value ([id1_7_] : [BIGINT]) - [91]
2021-03-10 22:37:37.809 TRACE 20712 --- [    Test worker] o.h.type.descriptor.sql.BasicExtractor   : extracted value ([id1_7_] : [BIGINT]) - [92]
2021-03-10 22:37:37.809 TRACE 20712 --- [    Test worker] o.h.type.descriptor.sql.BasicExtractor   : extracted value ([id1_7_] : [BIGINT]) - [93]
2021-03-10 22:37:37.809 TRACE 20712 --- [    Test worker] o.h.type.descriptor.sql.BasicExtractor   : extracted value ([id1_7_] : [BIGINT]) - [94]
2021-03-10 22:37:37.809 TRACE 20712 --- [    Test worker] o.h.type.descriptor.sql.BasicExtractor   : extracted value ([id1_7_] : [BIGINT]) - [95]
2021-03-10 22:37:37.809 TRACE 20712 --- [    Test worker] o.h.type.descriptor.sql.BasicExtractor   : extracted value ([id1_7_] : [BIGINT]) - [96]
2021-03-10 22:37:37.809 TRACE 20712 --- [    Test worker] o.h.type.descriptor.sql.BasicExtractor   : extracted value ([id1_7_] : [BIGINT]) - [97]
2021-03-10 22:37:37.809 TRACE 20712 --- [    Test worker] o.h.type.descriptor.sql.BasicExtractor   : extracted value ([id1_7_] : [BIGINT]) - [98]
2021-03-10 22:37:37.809 TRACE 20712 --- [    Test worker] o.h.type.descriptor.sql.BasicExtractor   : extracted value ([id1_7_] : [BIGINT]) - [99]
2021-03-10 22:37:37.809 TRACE 20712 --- [    Test worker] o.h.type.descriptor.sql.BasicExtractor   : extracted value ([id1_7_] : [BIGINT]) - [100]
2021-03-10 22:37:37.809 TRACE 20712 --- [    Test worker] o.h.type.descriptor.sql.BasicExtractor   : extracted value ([id1_7_] : [BIGINT]) - [101]
2021-03-10 22:37:37.809 TRACE 20712 --- [    Test worker] o.h.type.descriptor.sql.BasicExtractor   : extracted value ([id1_7_] : [BIGINT]) - [102]
2021-03-10 22:37:37.809 TRACE 20712 --- [    Test worker] o.h.type.descriptor.sql.BasicExtractor   : extracted value ([id1_7_] : [BIGINT]) - [103]
2021-03-10 22:37:37.809 TRACE 20712 --- [    Test worker] o.h.type.descriptor.sql.BasicExtractor   : extracted value ([id1_7_] : [BIGINT]) - [104]
2021-03-10 22:37:37.809 TRACE 20712 --- [    Test worker] o.h.type.descriptor.sql.BasicExtractor   : extracted value ([id1_7_] : [BIGINT]) - [105]
2021-03-10 22:37:37.809 TRACE 20712 --- [    Test worker] o.h.type.descriptor.sql.BasicExtractor   : extracted value ([id1_7_] : [BIGINT]) - [106]
2021-03-10 22:37:37.809 TRACE 20712 --- [    Test worker] o.h.type.descriptor.sql.BasicExtractor   : extracted value ([id1_7_] : [BIGINT]) - [107]
2021-03-10 22:37:37.809 TRACE 20712 --- [    Test worker] o.h.type.descriptor.sql.BasicExtractor   : extracted value ([id1_7_] : [BIGINT]) - [108]
2021-03-10 22:37:37.809 TRACE 20712 --- [    Test worker] o.h.type.descriptor.sql.BasicExtractor   : extracted value ([id1_7_] : [BIGINT]) - [109]
2021-03-10 22:37:37.809 TRACE 20712 --- [    Test worker] o.h.type.descriptor.sql.BasicExtractor   : extracted value ([id1_7_] : [BIGINT]) - [110]
2021-03-10 22:37:37.809 TRACE 20712 --- [    Test worker] o.h.type.descriptor.sql.BasicExtractor   : extracted value ([id1_7_] : [BIGINT]) - [111]
2021-03-10 22:37:37.809 TRACE 20712 --- [    Test worker] o.h.type.descriptor.sql.BasicExtractor   : extracted value ([id1_7_] : [BIGINT]) - [112]
2021-03-10 22:37:37.809 TRACE 20712 --- [    Test worker] o.h.type.descriptor.sql.BasicExtractor   : extracted value ([id1_7_] : [BIGINT]) - [113]
2021-03-10 22:37:37.809 TRACE 20712 --- [    Test worker] o.h.type.descriptor.sql.BasicExtractor   : extracted value ([id1_7_] : [BIGINT]) - [114]
2021-03-10 22:37:37.809 TRACE 20712 --- [    Test worker] o.h.type.descriptor.sql.BasicExtractor   : extracted value ([id1_7_] : [BIGINT]) - [115]
2021-03-10 22:37:37.809 TRACE 20712 --- [    Test worker] o.h.type.descriptor.sql.BasicExtractor   : extracted value ([id1_7_] : [BIGINT]) - [116]
2021-03-10 22:37:37.809 TRACE 20712 --- [    Test worker] o.h.type.descriptor.sql.BasicExtractor   : extracted value ([id1_7_] : [BIGINT]) - [117]
2021-03-10 22:37:37.809 TRACE 20712 --- [    Test worker] o.h.type.descriptor.sql.BasicExtractor   : extracted value ([id1_7_] : [BIGINT]) - [118]
2021-03-10 22:37:37.809 TRACE 20712 --- [    Test worker] o.h.type.descriptor.sql.BasicExtractor   : extracted value ([id1_7_] : [BIGINT]) - [119]
2021-03-10 22:37:37.809 TRACE 20712 --- [    Test worker] o.h.type.descriptor.sql.BasicExtractor   : extracted value ([id1_7_] : [BIGINT]) - [120]
2021-03-10 22:37:37.809 TRACE 20712 --- [    Test worker] o.h.type.descriptor.sql.BasicExtractor   : extracted value ([id1_7_] : [BIGINT]) - [121]
2021-03-10 22:37:37.809 TRACE 20712 --- [    Test worker] o.h.type.descriptor.sql.BasicExtractor   : extracted value ([id1_7_] : [BIGINT]) - [122]
2021-03-10 22:37:37.809 TRACE 20712 --- [    Test worker] o.h.type.descriptor.sql.BasicExtractor   : extracted value ([id1_7_] : [BIGINT]) - [123]
2021-03-10 22:37:37.809 TRACE 20712 --- [    Test worker] o.h.type.descriptor.sql.BasicExtractor   : extracted value ([id1_7_] : [BIGINT]) - [124]
2021-03-10 22:37:37.809 TRACE 20712 --- [    Test worker] o.h.type.descriptor.sql.BasicExtractor   : extracted value ([id1_7_] : [BIGINT]) - [125]
2021-03-10 22:37:37.809 TRACE 20712 --- [    Test worker] o.h.type.descriptor.sql.BasicExtractor   : extracted value ([id1_7_] : [BIGINT]) - [126]
2021-03-10 22:37:37.809 TRACE 20712 --- [    Test worker] o.h.type.descriptor.sql.BasicExtractor   : extracted value ([id1_7_] : [BIGINT]) - [127]
2021-03-10 22:37:37.809 TRACE 20712 --- [    Test worker] o.h.type.descriptor.sql.BasicExtractor   : extracted value ([id1_7_] : [BIGINT]) - [128]
2021-03-10 22:37:37.809 TRACE 20712 --- [    Test worker] o.h.type.descriptor.sql.BasicExtractor   : extracted value ([id1_7_] : [BIGINT]) - [129]
2021-03-10 22:37:37.809 TRACE 20712 --- [    Test worker] o.h.type.descriptor.sql.BasicExtractor   : extracted value ([id1_7_] : [BIGINT]) - [130]
2021-03-10 22:37:37.809 TRACE 20712 --- [    Test worker] o.h.type.descriptor.sql.BasicExtractor   : extracted value ([id1_7_] : [BIGINT]) - [131]
2021-03-10 22:37:37.809 TRACE 20712 --- [    Test worker] o.h.type.descriptor.sql.BasicExtractor   : extracted value ([id1_7_] : [BIGINT]) - [132]
2021-03-10 22:37:37.809 TRACE 20712 --- [    Test worker] o.h.type.descriptor.sql.BasicExtractor   : extracted value ([id1_7_] : [BIGINT]) - [133]
2021-03-10 22:37:37.809 TRACE 20712 --- [    Test worker] o.h.type.descriptor.sql.BasicExtractor   : extracted value ([id1_7_] : [BIGINT]) - [134]
2021-03-10 22:37:37.809 TRACE 20712 --- [    Test worker] o.h.type.descriptor.sql.BasicExtractor   : extracted value ([id1_7_] : [BIGINT]) - [135]
2021-03-10 22:37:37.809 TRACE 20712 --- [    Test worker] o.h.type.descriptor.sql.BasicExtractor   : extracted value ([id1_7_] : [BIGINT]) - [136]
2021-03-10 22:37:37.809 TRACE 20712 --- [    Test worker] o.h.type.descriptor.sql.BasicExtractor   : extracted value ([id1_7_] : [BIGINT]) - [137]
2021-03-10 22:37:37.809 TRACE 20712 --- [    Test worker] o.h.type.descriptor.sql.BasicExtractor   : extracted value ([id1_7_] : [BIGINT]) - [138]
2021-03-10 22:37:37.809 TRACE 20712 --- [    Test worker] o.h.type.descriptor.sql.BasicExtractor   : extracted value ([id1_7_] : [BIGINT]) - [139]
2021-03-10 22:37:37.809 TRACE 20712 --- [    Test worker] o.h.type.descriptor.sql.BasicExtractor   : extracted value ([id1_7_] : [BIGINT]) - [140]
2021-03-10 22:37:37.809 TRACE 20712 --- [    Test worker] o.h.type.descriptor.sql.BasicExtractor   : extracted value ([id1_7_] : [BIGINT]) - [141]
2021-03-10 22:37:37.809 TRACE 20712 --- [    Test worker] o.h.type.descriptor.sql.BasicExtractor   : extracted value ([id1_7_] : [BIGINT]) - [142]
2021-03-10 22:37:37.809 TRACE 20712 --- [    Test worker] o.h.type.descriptor.sql.BasicExtractor   : extracted value ([id1_7_] : [BIGINT]) - [143]
2021-03-10 22:37:37.809 TRACE 20712 --- [    Test worker] o.h.type.descriptor.sql.BasicExtractor   : extracted value ([id1_7_] : [BIGINT]) - [144]
2021-03-10 22:37:37.809 TRACE 20712 --- [    Test worker] o.h.type.descriptor.sql.BasicExtractor   : extracted value ([id1_7_] : [BIGINT]) - [145]
Hibernate: 
    select
        zone0_.id as id1_7_,
        zone0_.city as city2_7_,
        zone0_.local_name_of_city as local_na3_7_,
        zone0_.province as province4_7_ 
    from
        zone zone0_
2021-03-10 22:37:37.809 TRACE 20712 --- [    Test worker] o.h.type.descriptor.sql.BasicExtractor   : extracted value ([id1_7_] : [BIGINT]) - [61]
2021-03-10 22:37:37.809 TRACE 20712 --- [    Test worker] o.h.type.descriptor.sql.BasicExtractor   : extracted value ([id1_7_] : [BIGINT]) - [62]
2021-03-10 22:37:37.809 TRACE 20712 --- [    Test worker] o.h.type.descriptor.sql.BasicExtractor   : extracted value ([id1_7_] : [BIGINT]) - [63]
2021-03-10 22:37:37.809 TRACE 20712 --- [    Test worker] o.h.type.descriptor.sql.BasicExtractor   : extracted value ([id1_7_] : [BIGINT]) - [64]
2021-03-10 22:37:37.809 TRACE 20712 --- [    Test worker] o.h.type.descriptor.sql.BasicExtractor   : extracted value ([id1_7_] : [BIGINT]) - [65]
2021-03-10 22:37:37.809 TRACE 20712 --- [    Test worker] o.h.type.descriptor.sql.BasicExtractor   : extracted value ([id1_7_] : [BIGINT]) - [66]
2021-03-10 22:37:37.809 TRACE 20712 --- [    Test worker] o.h.type.descriptor.sql.BasicExtractor   : extracted value ([id1_7_] : [BIGINT]) - [67]
2021-03-10 22:37:37.809 TRACE 20712 --- [    Test worker] o.h.type.descriptor.sql.BasicExtractor   : extracted value ([id1_7_] : [BIGINT]) - [68]
2021-03-10 22:37:37.809 TRACE 20712 --- [    Test worker] o.h.type.descriptor.sql.BasicExtractor   : extracted value ([id1_7_] : [BIGINT]) - [69]
2021-03-10 22:37:37.809 TRACE 20712 --- [    Test worker] o.h.type.descriptor.sql.BasicExtractor   : extracted value ([id1_7_] : [BIGINT]) - [70]
2021-03-10 22:37:37.809 TRACE 20712 --- [    Test worker] o.h.type.descriptor.sql.BasicExtractor   : extracted value ([id1_7_] : [BIGINT]) - [71]
2021-03-10 22:37:37.809 TRACE 20712 --- [    Test worker] o.h.type.descriptor.sql.BasicExtractor   : extracted value ([id1_7_] : [BIGINT]) - [72]
2021-03-10 22:37:37.809 TRACE 20712 --- [    Test worker] o.h.type.descriptor.sql.BasicExtractor   : extracted value ([id1_7_] : [BIGINT]) - [73]
2021-03-10 22:37:37.809 TRACE 20712 --- [    Test worker] o.h.type.descriptor.sql.BasicExtractor   : extracted value ([id1_7_] : [BIGINT]) - [74]
2021-03-10 22:37:37.809 TRACE 20712 --- [    Test worker] o.h.type.descriptor.sql.BasicExtractor   : extracted value ([id1_7_] : [BIGINT]) - [75]
2021-03-10 22:37:37.809 TRACE 20712 --- [    Test worker] o.h.type.descriptor.sql.BasicExtractor   : extracted value ([id1_7_] : [BIGINT]) - [76]
2021-03-10 22:37:37.809 TRACE 20712 --- [    Test worker] o.h.type.descriptor.sql.BasicExtractor   : extracted value ([id1_7_] : [BIGINT]) - [77]
2021-03-10 22:37:37.809 TRACE 20712 --- [    Test worker] o.h.type.descriptor.sql.BasicExtractor   : extracted value ([id1_7_] : [BIGINT]) - [78]
2021-03-10 22:37:37.809 TRACE 20712 --- [    Test worker] o.h.type.descriptor.sql.BasicExtractor   : extracted value ([id1_7_] : [BIGINT]) - [79]
2021-03-10 22:37:37.809 TRACE 20712 --- [    Test worker] o.h.type.descriptor.sql.BasicExtractor   : extracted value ([id1_7_] : [BIGINT]) - [80]
2021-03-10 22:37:37.809 TRACE 20712 --- [    Test worker] o.h.type.descriptor.sql.BasicExtractor   : extracted value ([id1_7_] : [BIGINT]) - [81]
2021-03-10 22:37:37.809 TRACE 20712 --- [    Test worker] o.h.type.descriptor.sql.BasicExtractor   : extracted value ([id1_7_] : [BIGINT]) - [82]
2021-03-10 22:37:37.809 TRACE 20712 --- [    Test worker] o.h.type.descriptor.sql.BasicExtractor   : extracted value ([id1_7_] : [BIGINT]) - [83]
2021-03-10 22:37:37.809 TRACE 20712 --- [    Test worker] o.h.type.descriptor.sql.BasicExtractor   : extracted value ([id1_7_] : [BIGINT]) - [84]
2021-03-10 22:37:37.809 TRACE 20712 --- [    Test worker] o.h.type.descriptor.sql.BasicExtractor   : extracted value ([id1_7_] : [BIGINT]) - [85]
2021-03-10 22:37:37.809 TRACE 20712 --- [    Test worker] o.h.type.descriptor.sql.BasicExtractor   : extracted value ([id1_7_] : [BIGINT]) - [86]
2021-03-10 22:37:37.809 TRACE 20712 --- [    Test worker] o.h.type.descriptor.sql.BasicExtractor   : extracted value ([id1_7_] : [BIGINT]) - [87]
2021-03-10 22:37:37.809 TRACE 20712 --- [    Test worker] o.h.type.descriptor.sql.BasicExtractor   : extracted value ([id1_7_] : [BIGINT]) - [88]
2021-03-10 22:37:37.809 TRACE 20712 --- [    Test worker] o.h.type.descriptor.sql.BasicExtractor   : extracted value ([id1_7_] : [BIGINT]) - [89]
2021-03-10 22:37:37.809 TRACE 20712 --- [    Test worker] o.h.type.descriptor.sql.BasicExtractor   : extracted value ([id1_7_] : [BIGINT]) - [90]
2021-03-10 22:37:37.809 TRACE 20712 --- [    Test worker] o.h.type.descriptor.sql.BasicExtractor   : extracted value ([id1_7_] : [BIGINT]) - [91]
2021-03-10 22:37:37.809 TRACE 20712 --- [    Test worker] o.h.type.descriptor.sql.BasicExtractor   : extracted value ([id1_7_] : [BIGINT]) - [92]
2021-03-10 22:37:37.809 TRACE 20712 --- [    Test worker] o.h.type.descriptor.sql.BasicExtractor   : extracted value ([id1_7_] : [BIGINT]) - [93]
2021-03-10 22:37:37.809 TRACE 20712 --- [    Test worker] o.h.type.descriptor.sql.BasicExtractor   : extracted value ([id1_7_] : [BIGINT]) - [94]
2021-03-10 22:37:37.809 TRACE 20712 --- [    Test worker] o.h.type.descriptor.sql.BasicExtractor   : extracted value ([id1_7_] : [BIGINT]) - [95]
2021-03-10 22:37:37.809 TRACE 20712 --- [    Test worker] o.h.type.descriptor.sql.BasicExtractor   : extracted value ([id1_7_] : [BIGINT]) - [96]
2021-03-10 22:37:37.809 TRACE 20712 --- [    Test worker] o.h.type.descriptor.sql.BasicExtractor   : extracted value ([id1_7_] : [BIGINT]) - [97]
2021-03-10 22:37:37.809 TRACE 20712 --- [    Test worker] o.h.type.descriptor.sql.BasicExtractor   : extracted value ([id1_7_] : [BIGINT]) - [98]
2021-03-10 22:37:37.809 TRACE 20712 --- [    Test worker] o.h.type.descriptor.sql.BasicExtractor   : extracted value ([id1_7_] : [BIGINT]) - [99]
2021-03-10 22:37:37.809 TRACE 20712 --- [    Test worker] o.h.type.descriptor.sql.BasicExtractor   : extracted value ([id1_7_] : [BIGINT]) - [100]
2021-03-10 22:37:37.809 TRACE 20712 --- [    Test worker] o.h.type.descriptor.sql.BasicExtractor   : extracted value ([id1_7_] : [BIGINT]) - [101]
2021-03-10 22:37:37.809 TRACE 20712 --- [    Test worker] o.h.type.descriptor.sql.BasicExtractor   : extracted value ([id1_7_] : [BIGINT]) - [102]
2021-03-10 22:37:37.809 TRACE 20712 --- [    Test worker] o.h.type.descriptor.sql.BasicExtractor   : extracted value ([id1_7_] : [BIGINT]) - [103]
2021-03-10 22:37:37.809 TRACE 20712 --- [    Test worker] o.h.type.descriptor.sql.BasicExtractor   : extracted value ([id1_7_] : [BIGINT]) - [104]
2021-03-10 22:37:37.809 TRACE 20712 --- [    Test worker] o.h.type.descriptor.sql.BasicExtractor   : extracted value ([id1_7_] : [BIGINT]) - [105]
2021-03-10 22:37:37.809 TRACE 20712 --- [    Test worker] o.h.type.descriptor.sql.BasicExtractor   : extracted value ([id1_7_] : [BIGINT]) - [106]
2021-03-10 22:37:37.809 TRACE 20712 --- [    Test worker] o.h.type.descriptor.sql.BasicExtractor   : extracted value ([id1_7_] : [BIGINT]) - [107]
2021-03-10 22:37:37.809 TRACE 20712 --- [    Test worker] o.h.type.descriptor.sql.BasicExtractor   : extracted value ([id1_7_] : [BIGINT]) - [108]
2021-03-10 22:37:37.809 TRACE 20712 --- [    Test worker] o.h.type.descriptor.sql.BasicExtractor   : extracted value ([id1_7_] : [BIGINT]) - [109]
2021-03-10 22:37:37.809 TRACE 20712 --- [    Test worker] o.h.type.descriptor.sql.BasicExtractor   : extracted value ([id1_7_] : [BIGINT]) - [110]
2021-03-10 22:37:37.809 TRACE 20712 --- [    Test worker] o.h.type.descriptor.sql.BasicExtractor   : extracted value ([id1_7_] : [BIGINT]) - [111]
2021-03-10 22:37:37.809 TRACE 20712 --- [    Test worker] o.h.type.descriptor.sql.BasicExtractor   : extracted value ([id1_7_] : [BIGINT]) - [112]
2021-03-10 22:37:37.809 TRACE 20712 --- [    Test worker] o.h.type.descriptor.sql.BasicExtractor   : extracted value ([id1_7_] : [BIGINT]) - [113]
2021-03-10 22:37:37.809 TRACE 20712 --- [    Test worker] o.h.type.descriptor.sql.BasicExtractor   : extracted value ([id1_7_] : [BIGINT]) - [114]
2021-03-10 22:37:37.809 TRACE 20712 --- [    Test worker] o.h.type.descriptor.sql.BasicExtractor   : extracted value ([id1_7_] : [BIGINT]) - [115]
2021-03-10 22:37:37.809 TRACE 20712 --- [    Test worker] o.h.type.descriptor.sql.BasicExtractor   : extracted value ([id1_7_] : [BIGINT]) - [116]
2021-03-10 22:37:37.809 TRACE 20712 --- [    Test worker] o.h.type.descriptor.sql.BasicExtractor   : extracted value ([id1_7_] : [BIGINT]) - [117]
2021-03-10 22:37:37.809 TRACE 20712 --- [    Test worker] o.h.type.descriptor.sql.BasicExtractor   : extracted value ([id1_7_] : [BIGINT]) - [118]
2021-03-10 22:37:37.809 TRACE 20712 --- [    Test worker] o.h.type.descriptor.sql.BasicExtractor   : extracted value ([id1_7_] : [BIGINT]) - [119]
2021-03-10 22:37:37.809 TRACE 20712 --- [    Test worker] o.h.type.descriptor.sql.BasicExtractor   : extracted value ([id1_7_] : [BIGINT]) - [120]
2021-03-10 22:37:37.809 TRACE 20712 --- [    Test worker] o.h.type.descriptor.sql.BasicExtractor   : extracted value ([id1_7_] : [BIGINT]) - [121]
2021-03-10 22:37:37.809 TRACE 20712 --- [    Test worker] o.h.type.descriptor.sql.BasicExtractor   : extracted value ([id1_7_] : [BIGINT]) - [122]
2021-03-10 22:37:37.809 TRACE 20712 --- [    Test worker] o.h.type.descriptor.sql.BasicExtractor   : extracted value ([id1_7_] : [BIGINT]) - [123]
2021-03-10 22:37:37.809 TRACE 20712 --- [    Test worker] o.h.type.descriptor.sql.BasicExtractor   : extracted value ([id1_7_] : [BIGINT]) - [124]
2021-03-10 22:37:37.809 TRACE 20712 --- [    Test worker] o.h.type.descriptor.sql.BasicExtractor   : extracted value ([id1_7_] : [BIGINT]) - [125]
2021-03-10 22:37:37.809 TRACE 20712 --- [    Test worker] o.h.type.descriptor.sql.BasicExtractor   : extracted value ([id1_7_] : [BIGINT]) - [126]
2021-03-10 22:37:37.809 TRACE 20712 --- [    Test worker] o.h.type.descriptor.sql.BasicExtractor   : extracted value ([id1_7_] : [BIGINT]) - [127]
2021-03-10 22:37:37.809 TRACE 20712 --- [    Test worker] o.h.type.descriptor.sql.BasicExtractor   : extracted value ([id1_7_] : [BIGINT]) - [128]
2021-03-10 22:37:37.809 TRACE 20712 --- [    Test worker] o.h.type.descriptor.sql.BasicExtractor   : extracted value ([id1_7_] : [BIGINT]) - [129]
2021-03-10 22:37:37.809 TRACE 20712 --- [    Test worker] o.h.type.descriptor.sql.BasicExtractor   : extracted value ([id1_7_] : [BIGINT]) - [130]
2021-03-10 22:37:37.809 TRACE 20712 --- [    Test worker] o.h.type.descriptor.sql.BasicExtractor   : extracted value ([id1_7_] : [BIGINT]) - [131]
2021-03-10 22:37:37.809 TRACE 20712 --- [    Test worker] o.h.type.descriptor.sql.BasicExtractor   : extracted value ([id1_7_] : [BIGINT]) - [132]
2021-03-10 22:37:37.809 TRACE 20712 --- [    Test worker] o.h.type.descriptor.sql.BasicExtractor   : extracted value ([id1_7_] : [BIGINT]) - [133]
2021-03-10 22:37:37.809 TRACE 20712 --- [    Test worker] o.h.type.descriptor.sql.BasicExtractor   : extracted value ([id1_7_] : [BIGINT]) - [134]
2021-03-10 22:37:37.809 TRACE 20712 --- [    Test worker] o.h.type.descriptor.sql.BasicExtractor   : extracted value ([id1_7_] : [BIGINT]) - [135]
2021-03-10 22:37:37.809 TRACE 20712 --- [    Test worker] o.h.type.descriptor.sql.BasicExtractor   : extracted value ([id1_7_] : [BIGINT]) - [136]
2021-03-10 22:37:37.809 TRACE 20712 --- [    Test worker] o.h.type.descriptor.sql.BasicExtractor   : extracted value ([id1_7_] : [BIGINT]) - [137]
2021-03-10 22:37:37.809 TRACE 20712 --- [    Test worker] o.h.type.descriptor.sql.BasicExtractor   : extracted value ([id1_7_] : [BIGINT]) - [138]
2021-03-10 22:37:37.809 TRACE 20712 --- [    Test worker] o.h.type.descriptor.sql.BasicExtractor   : extracted value ([id1_7_] : [BIGINT]) - [139]
2021-03-10 22:37:37.809 TRACE 20712 --- [    Test worker] o.h.type.descriptor.sql.BasicExtractor   : extracted value ([id1_7_] : [BIGINT]) - [140]
2021-03-10 22:37:37.809 TRACE 20712 --- [    Test worker] o.h.type.descriptor.sql.BasicExtractor   : extracted value ([id1_7_] : [BIGINT]) - [141]
2021-03-10 22:37:37.809 TRACE 20712 --- [    Test worker] o.h.type.descriptor.sql.BasicExtractor   : extracted value ([id1_7_] : [BIGINT]) - [142]
2021-03-10 22:37:37.809 TRACE 20712 --- [    Test worker] o.h.type.descriptor.sql.BasicExtractor   : extracted value ([id1_7_] : [BIGINT]) - [143]
2021-03-10 22:37:37.809 TRACE 20712 --- [    Test worker] o.h.type.descriptor.sql.BasicExtractor   : extracted value ([id1_7_] : [BIGINT]) - [144]
2021-03-10 22:37:37.809 TRACE 20712 --- [    Test worker] o.h.type.descriptor.sql.BasicExtractor   : extracted value ([id1_7_] : [BIGINT]) - [145]
Hibernate: 
    select
        zone0_.id as id1_7_,
        zone0_.city as city2_7_,
        zone0_.local_name_of_city as local_na3_7_,
        zone0_.province as province4_7_ 
    from
        zone zone0_
2021-03-10 22:37:37.809 TRACE 20712 --- [    Test worker] o.h.type.descriptor.sql.BasicExtractor   : extracted value ([id1_7_] : [BIGINT]) - [61]
2021-03-10 22:37:37.809 TRACE 20712 --- [    Test worker] o.h.type.descriptor.sql.BasicExtractor   : extracted value ([id1_7_] : [BIGINT]) - [62]
2021-03-10 22:37:37.809 TRACE 20712 --- [    Test worker] o.h.type.descriptor.sql.BasicExtractor   : extracted value ([id1_7_] : [BIGINT]) - [63]
2021-03-10 22:37:37.809 TRACE 20712 --- [    Test worker] o.h.type.descriptor.sql.BasicExtractor   : extracted value ([id1_7_] : [BIGINT]) - [64]
2021-03-10 22:37:37.809 TRACE 20712 --- [    Test worker] o.h.type.descriptor.sql.BasicExtractor   : extracted value ([id1_7_] : [BIGINT]) - [65]
2021-03-10 22:37:37.809 TRACE 20712 --- [    Test worker] o.h.type.descriptor.sql.BasicExtractor   : extracted value ([id1_7_] : [BIGINT]) - [66]
2021-03-10 22:37:37.809 TRACE 20712 --- [    Test worker] o.h.type.descriptor.sql.BasicExtractor   : extracted value ([id1_7_] : [BIGINT]) - [67]
2021-03-10 22:37:37.809 TRACE 20712 --- [    Test worker] o.h.type.descriptor.sql.BasicExtractor   : extracted value ([id1_7_] : [BIGINT]) - [68]
2021-03-10 22:37:37.809 TRACE 20712 --- [    Test worker] o.h.type.descriptor.sql.BasicExtractor   : extracted value ([id1_7_] : [BIGINT]) - [69]
2021-03-10 22:37:37.809 TRACE 20712 --- [    Test worker] o.h.type.descriptor.sql.BasicExtractor   : extracted value ([id1_7_] : [BIGINT]) - [70]
2021-03-10 22:37:37.809 TRACE 20712 --- [    Test worker] o.h.type.descriptor.sql.BasicExtractor   : extracted value ([id1_7_] : [BIGINT]) - [71]
2021-03-10 22:37:37.809 TRACE 20712 --- [    Test worker] o.h.type.descriptor.sql.BasicExtractor   : extracted value ([id1_7_] : [BIGINT]) - [72]
2021-03-10 22:37:37.809 TRACE 20712 --- [    Test worker] o.h.type.descriptor.sql.BasicExtractor   : extracted value ([id1_7_] : [BIGINT]) - [73]
2021-03-10 22:37:37.809 TRACE 20712 --- [    Test worker] o.h.type.descriptor.sql.BasicExtractor   : extracted value ([id1_7_] : [BIGINT]) - [74]
2021-03-10 22:37:37.809 TRACE 20712 --- [    Test worker] o.h.type.descriptor.sql.BasicExtractor   : extracted value ([id1_7_] : [BIGINT]) - [75]
2021-03-10 22:37:37.809 TRACE 20712 --- [    Test worker] o.h.type.descriptor.sql.BasicExtractor   : extracted value ([id1_7_] : [BIGINT]) - [76]
2021-03-10 22:37:37.809 TRACE 20712 --- [    Test worker] o.h.type.descriptor.sql.BasicExtractor   : extracted value ([id1_7_] : [BIGINT]) - [77]
2021-03-10 22:37:37.809 TRACE 20712 --- [    Test worker] o.h.type.descriptor.sql.BasicExtractor   : extracted value ([id1_7_] : [BIGINT]) - [78]
2021-03-10 22:37:37.809 TRACE 20712 --- [    Test worker] o.h.type.descriptor.sql.BasicExtractor   : extracted value ([id1_7_] : [BIGINT]) - [79]
2021-03-10 22:37:37.809 TRACE 20712 --- [    Test worker] o.h.type.descriptor.sql.BasicExtractor   : extracted value ([id1_7_] : [BIGINT]) - [80]
2021-03-10 22:37:37.809 TRACE 20712 --- [    Test worker] o.h.type.descriptor.sql.BasicExtractor   : extracted value ([id1_7_] : [BIGINT]) - [81]
2021-03-10 22:37:37.825 TRACE 20712 --- [    Test worker] o.h.type.descriptor.sql.BasicExtractor   : extracted value ([id1_7_] : [BIGINT]) - [82]
2021-03-10 22:37:37.825 TRACE 20712 --- [    Test worker] o.h.type.descriptor.sql.BasicExtractor   : extracted value ([id1_7_] : [BIGINT]) - [83]
2021-03-10 22:37:37.825 TRACE 20712 --- [    Test worker] o.h.type.descriptor.sql.BasicExtractor   : extracted value ([id1_7_] : [BIGINT]) - [84]
2021-03-10 22:37:37.825 TRACE 20712 --- [    Test worker] o.h.type.descriptor.sql.BasicExtractor   : extracted value ([id1_7_] : [BIGINT]) - [85]
2021-03-10 22:37:37.825 TRACE 20712 --- [    Test worker] o.h.type.descriptor.sql.BasicExtractor   : extracted value ([id1_7_] : [BIGINT]) - [86]
2021-03-10 22:37:37.825 TRACE 20712 --- [    Test worker] o.h.type.descriptor.sql.BasicExtractor   : extracted value ([id1_7_] : [BIGINT]) - [87]
2021-03-10 22:37:37.825 TRACE 20712 --- [    Test worker] o.h.type.descriptor.sql.BasicExtractor   : extracted value ([id1_7_] : [BIGINT]) - [88]
2021-03-10 22:37:37.825 TRACE 20712 --- [    Test worker] o.h.type.descriptor.sql.BasicExtractor   : extracted value ([id1_7_] : [BIGINT]) - [89]
2021-03-10 22:37:37.825 TRACE 20712 --- [    Test worker] o.h.type.descriptor.sql.BasicExtractor   : extracted value ([id1_7_] : [BIGINT]) - [90]
2021-03-10 22:37:37.825 TRACE 20712 --- [    Test worker] o.h.type.descriptor.sql.BasicExtractor   : extracted value ([id1_7_] : [BIGINT]) - [91]
2021-03-10 22:37:37.825 TRACE 20712 --- [    Test worker] o.h.type.descriptor.sql.BasicExtractor   : extracted value ([id1_7_] : [BIGINT]) - [92]
2021-03-10 22:37:37.825 TRACE 20712 --- [    Test worker] o.h.type.descriptor.sql.BasicExtractor   : extracted value ([id1_7_] : [BIGINT]) - [93]
2021-03-10 22:37:37.825 TRACE 20712 --- [    Test worker] o.h.type.descriptor.sql.BasicExtractor   : extracted value ([id1_7_] : [BIGINT]) - [94]
2021-03-10 22:37:37.825 TRACE 20712 --- [    Test worker] o.h.type.descriptor.sql.BasicExtractor   : extracted value ([id1_7_] : [BIGINT]) - [95]
2021-03-10 22:37:37.825 TRACE 20712 --- [    Test worker] o.h.type.descriptor.sql.BasicExtractor   : extracted value ([id1_7_] : [BIGINT]) - [96]
2021-03-10 22:37:37.825 TRACE 20712 --- [    Test worker] o.h.type.descriptor.sql.BasicExtractor   : extracted value ([id1_7_] : [BIGINT]) - [97]
2021-03-10 22:37:37.825 TRACE 20712 --- [    Test worker] o.h.type.descriptor.sql.BasicExtractor   : extracted value ([id1_7_] : [BIGINT]) - [98]
2021-03-10 22:37:37.825 TRACE 20712 --- [    Test worker] o.h.type.descriptor.sql.BasicExtractor   : extracted value ([id1_7_] : [BIGINT]) - [99]
2021-03-10 22:37:37.825 TRACE 20712 --- [    Test worker] o.h.type.descriptor.sql.BasicExtractor   : extracted value ([id1_7_] : [BIGINT]) - [100]
2021-03-10 22:37:37.825 TRACE 20712 --- [    Test worker] o.h.type.descriptor.sql.BasicExtractor   : extracted value ([id1_7_] : [BIGINT]) - [101]
2021-03-10 22:37:37.825 TRACE 20712 --- [    Test worker] o.h.type.descriptor.sql.BasicExtractor   : extracted value ([id1_7_] : [BIGINT]) - [102]
2021-03-10 22:37:37.825 TRACE 20712 --- [    Test worker] o.h.type.descriptor.sql.BasicExtractor   : extracted value ([id1_7_] : [BIGINT]) - [103]
2021-03-10 22:37:37.825 TRACE 20712 --- [    Test worker] o.h.type.descriptor.sql.BasicExtractor   : extracted value ([id1_7_] : [BIGINT]) - [104]
2021-03-10 22:37:37.825 TRACE 20712 --- [    Test worker] o.h.type.descriptor.sql.BasicExtractor   : extracted value ([id1_7_] : [BIGINT]) - [105]
2021-03-10 22:37:37.825 TRACE 20712 --- [    Test worker] o.h.type.descriptor.sql.BasicExtractor   : extracted value ([id1_7_] : [BIGINT]) - [106]
2021-03-10 22:37:37.825 TRACE 20712 --- [    Test worker] o.h.type.descriptor.sql.BasicExtractor   : extracted value ([id1_7_] : [BIGINT]) - [107]
2021-03-10 22:37:37.825 TRACE 20712 --- [    Test worker] o.h.type.descriptor.sql.BasicExtractor   : extracted value ([id1_7_] : [BIGINT]) - [108]
2021-03-10 22:37:37.825 TRACE 20712 --- [    Test worker] o.h.type.descriptor.sql.BasicExtractor   : extracted value ([id1_7_] : [BIGINT]) - [109]
2021-03-10 22:37:37.825 TRACE 20712 --- [    Test worker] o.h.type.descriptor.sql.BasicExtractor   : extracted value ([id1_7_] : [BIGINT]) - [110]
2021-03-10 22:37:37.825 TRACE 20712 --- [    Test worker] o.h.type.descriptor.sql.BasicExtractor   : extracted value ([id1_7_] : [BIGINT]) - [111]
2021-03-10 22:37:37.825 TRACE 20712 --- [    Test worker] o.h.type.descriptor.sql.BasicExtractor   : extracted value ([id1_7_] : [BIGINT]) - [112]
2021-03-10 22:37:37.825 TRACE 20712 --- [    Test worker] o.h.type.descriptor.sql.BasicExtractor   : extracted value ([id1_7_] : [BIGINT]) - [113]
2021-03-10 22:37:37.825 TRACE 20712 --- [    Test worker] o.h.type.descriptor.sql.BasicExtractor   : extracted value ([id1_7_] : [BIGINT]) - [114]
2021-03-10 22:37:37.825 TRACE 20712 --- [    Test worker] o.h.type.descriptor.sql.BasicExtractor   : extracted value ([id1_7_] : [BIGINT]) - [115]
2021-03-10 22:37:37.825 TRACE 20712 --- [    Test worker] o.h.type.descriptor.sql.BasicExtractor   : extracted value ([id1_7_] : [BIGINT]) - [116]
2021-03-10 22:37:37.825 TRACE 20712 --- [    Test worker] o.h.type.descriptor.sql.BasicExtractor   : extracted value ([id1_7_] : [BIGINT]) - [117]
2021-03-10 22:37:37.825 TRACE 20712 --- [    Test worker] o.h.type.descriptor.sql.BasicExtractor   : extracted value ([id1_7_] : [BIGINT]) - [118]
2021-03-10 22:37:37.825 TRACE 20712 --- [    Test worker] o.h.type.descriptor.sql.BasicExtractor   : extracted value ([id1_7_] : [BIGINT]) - [119]
2021-03-10 22:37:37.825 TRACE 20712 --- [    Test worker] o.h.type.descriptor.sql.BasicExtractor   : extracted value ([id1_7_] : [BIGINT]) - [120]
2021-03-10 22:37:37.825 TRACE 20712 --- [    Test worker] o.h.type.descriptor.sql.BasicExtractor   : extracted value ([id1_7_] : [BIGINT]) - [121]
2021-03-10 22:37:37.825 TRACE 20712 --- [    Test worker] o.h.type.descriptor.sql.BasicExtractor   : extracted value ([id1_7_] : [BIGINT]) - [122]
2021-03-10 22:37:37.825 TRACE 20712 --- [    Test worker] o.h.type.descriptor.sql.BasicExtractor   : extracted value ([id1_7_] : [BIGINT]) - [123]
2021-03-10 22:37:37.825 TRACE 20712 --- [    Test worker] o.h.type.descriptor.sql.BasicExtractor   : extracted value ([id1_7_] : [BIGINT]) - [124]
2021-03-10 22:37:37.825 TRACE 20712 --- [    Test worker] o.h.type.descriptor.sql.BasicExtractor   : extracted value ([id1_7_] : [BIGINT]) - [125]
2021-03-10 22:37:37.825 TRACE 20712 --- [    Test worker] o.h.type.descriptor.sql.BasicExtractor   : extracted value ([id1_7_] : [BIGINT]) - [126]
2021-03-10 22:37:37.825 TRACE 20712 --- [    Test worker] o.h.type.descriptor.sql.BasicExtractor   : extracted value ([id1_7_] : [BIGINT]) - [127]
2021-03-10 22:37:37.825 TRACE 20712 --- [    Test worker] o.h.type.descriptor.sql.BasicExtractor   : extracted value ([id1_7_] : [BIGINT]) - [128]
2021-03-10 22:37:37.825 TRACE 20712 --- [    Test worker] o.h.type.descriptor.sql.BasicExtractor   : extracted value ([id1_7_] : [BIGINT]) - [129]
2021-03-10 22:37:37.825 TRACE 20712 --- [    Test worker] o.h.type.descriptor.sql.BasicExtractor   : extracted value ([id1_7_] : [BIGINT]) - [130]
2021-03-10 22:37:37.825 TRACE 20712 --- [    Test worker] o.h.type.descriptor.sql.BasicExtractor   : extracted value ([id1_7_] : [BIGINT]) - [131]
2021-03-10 22:37:37.825 TRACE 20712 --- [    Test worker] o.h.type.descriptor.sql.BasicExtractor   : extracted value ([id1_7_] : [BIGINT]) - [132]
2021-03-10 22:37:37.825 TRACE 20712 --- [    Test worker] o.h.type.descriptor.sql.BasicExtractor   : extracted value ([id1_7_] : [BIGINT]) - [133]
2021-03-10 22:37:37.825 TRACE 20712 --- [    Test worker] o.h.type.descriptor.sql.BasicExtractor   : extracted value ([id1_7_] : [BIGINT]) - [134]
2021-03-10 22:37:37.825 TRACE 20712 --- [    Test worker] o.h.type.descriptor.sql.BasicExtractor   : extracted value ([id1_7_] : [BIGINT]) - [135]
2021-03-10 22:37:37.825 TRACE 20712 --- [    Test worker] o.h.type.descriptor.sql.BasicExtractor   : extracted value ([id1_7_] : [BIGINT]) - [136]
2021-03-10 22:37:37.825 TRACE 20712 --- [    Test worker] o.h.type.descriptor.sql.BasicExtractor   : extracted value ([id1_7_] : [BIGINT]) - [137]
2021-03-10 22:37:37.825 TRACE 20712 --- [    Test worker] o.h.type.descriptor.sql.BasicExtractor   : extracted value ([id1_7_] : [BIGINT]) - [138]
2021-03-10 22:37:37.825 TRACE 20712 --- [    Test worker] o.h.type.descriptor.sql.BasicExtractor   : extracted value ([id1_7_] : [BIGINT]) - [139]
2021-03-10 22:37:37.825 TRACE 20712 --- [    Test worker] o.h.type.descriptor.sql.BasicExtractor   : extracted value ([id1_7_] : [BIGINT]) - [140]
2021-03-10 22:37:37.825 TRACE 20712 --- [    Test worker] o.h.type.descriptor.sql.BasicExtractor   : extracted value ([id1_7_] : [BIGINT]) - [141]
2021-03-10 22:37:37.825 TRACE 20712 --- [    Test worker] o.h.type.descriptor.sql.BasicExtractor   : extracted value ([id1_7_] : [BIGINT]) - [142]
2021-03-10 22:37:37.825 TRACE 20712 --- [    Test worker] o.h.type.descriptor.sql.BasicExtractor   : extracted value ([id1_7_] : [BIGINT]) - [143]
2021-03-10 22:37:37.825 TRACE 20712 --- [    Test worker] o.h.type.descriptor.sql.BasicExtractor   : extracted value ([id1_7_] : [BIGINT]) - [144]
2021-03-10 22:37:37.825 TRACE 20712 --- [    Test worker] o.h.type.descriptor.sql.BasicExtractor   : extracted value ([id1_7_] : [BIGINT]) - [145]
Hibernate: 
    select
        zone0_.id as id1_7_,
        zone0_.city as city2_7_,
        zone0_.local_name_of_city as local_na3_7_,
        zone0_.province as province4_7_ 
    from
        zone zone0_
2021-03-10 22:37:37.840 TRACE 20712 --- [    Test worker] o.h.type.descriptor.sql.BasicExtractor   : extracted value ([id1_7_] : [BIGINT]) - [61]
2021-03-10 22:37:37.840 TRACE 20712 --- [    Test worker] o.h.type.descriptor.sql.BasicExtractor   : extracted value ([id1_7_] : [BIGINT]) - [62]
2021-03-10 22:37:37.840 TRACE 20712 --- [    Test worker] o.h.type.descriptor.sql.BasicExtractor   : extracted value ([id1_7_] : [BIGINT]) - [63]
2021-03-10 22:37:37.840 TRACE 20712 --- [    Test worker] o.h.type.descriptor.sql.BasicExtractor   : extracted value ([id1_7_] : [BIGINT]) - [64]
2021-03-10 22:37:37.840 TRACE 20712 --- [    Test worker] o.h.type.descriptor.sql.BasicExtractor   : extracted value ([id1_7_] : [BIGINT]) - [65]
2021-03-10 22:37:37.840 TRACE 20712 --- [    Test worker] o.h.type.descriptor.sql.BasicExtractor   : extracted value ([id1_7_] : [BIGINT]) - [66]
2021-03-10 22:37:37.840 TRACE 20712 --- [    Test worker] o.h.type.descriptor.sql.BasicExtractor   : extracted value ([id1_7_] : [BIGINT]) - [67]
2021-03-10 22:37:37.840 TRACE 20712 --- [    Test worker] o.h.type.descriptor.sql.BasicExtractor   : extracted value ([id1_7_] : [BIGINT]) - [68]
2021-03-10 22:37:37.840 TRACE 20712 --- [    Test worker] o.h.type.descriptor.sql.BasicExtractor   : extracted value ([id1_7_] : [BIGINT]) - [69]
2021-03-10 22:37:37.840 TRACE 20712 --- [    Test worker] o.h.type.descriptor.sql.BasicExtractor   : extracted value ([id1_7_] : [BIGINT]) - [70]
2021-03-10 22:37:37.840 TRACE 20712 --- [    Test worker] o.h.type.descriptor.sql.BasicExtractor   : extracted value ([id1_7_] : [BIGINT]) - [71]
2021-03-10 22:37:37.840 TRACE 20712 --- [    Test worker] o.h.type.descriptor.sql.BasicExtractor   : extracted value ([id1_7_] : [BIGINT]) - [72]
2021-03-10 22:37:37.840 TRACE 20712 --- [    Test worker] o.h.type.descriptor.sql.BasicExtractor   : extracted value ([id1_7_] : [BIGINT]) - [73]
2021-03-10 22:37:37.840 TRACE 20712 --- [    Test worker] o.h.type.descriptor.sql.BasicExtractor   : extracted value ([id1_7_] : [BIGINT]) - [74]
2021-03-10 22:37:37.840 TRACE 20712 --- [    Test worker] o.h.type.descriptor.sql.BasicExtractor   : extracted value ([id1_7_] : [BIGINT]) - [75]
2021-03-10 22:37:37.840 TRACE 20712 --- [    Test worker] o.h.type.descriptor.sql.BasicExtractor   : extracted value ([id1_7_] : [BIGINT]) - [76]
2021-03-10 22:37:37.840 TRACE 20712 --- [    Test worker] o.h.type.descriptor.sql.BasicExtractor   : extracted value ([id1_7_] : [BIGINT]) - [77]
2021-03-10 22:37:37.840 TRACE 20712 --- [    Test worker] o.h.type.descriptor.sql.BasicExtractor   : extracted value ([id1_7_] : [BIGINT]) - [78]
2021-03-10 22:37:37.840 TRACE 20712 --- [    Test worker] o.h.type.descriptor.sql.BasicExtractor   : extracted value ([id1_7_] : [BIGINT]) - [79]
2021-03-10 22:37:37.840 TRACE 20712 --- [    Test worker] o.h.type.descriptor.sql.BasicExtractor   : extracted value ([id1_7_] : [BIGINT]) - [80]
2021-03-10 22:37:37.840 TRACE 20712 --- [    Test worker] o.h.type.descriptor.sql.BasicExtractor   : extracted value ([id1_7_] : [BIGINT]) - [81]
2021-03-10 22:37:37.840 TRACE 20712 --- [    Test worker] o.h.type.descriptor.sql.BasicExtractor   : extracted value ([id1_7_] : [BIGINT]) - [82]
2021-03-10 22:37:37.840 TRACE 20712 --- [    Test worker] o.h.type.descriptor.sql.BasicExtractor   : extracted value ([id1_7_] : [BIGINT]) - [83]
2021-03-10 22:37:37.840 TRACE 20712 --- [    Test worker] o.h.type.descriptor.sql.BasicExtractor   : extracted value ([id1_7_] : [BIGINT]) - [84]
2021-03-10 22:37:37.840 TRACE 20712 --- [    Test worker] o.h.type.descriptor.sql.BasicExtractor   : extracted value ([id1_7_] : [BIGINT]) - [85]
2021-03-10 22:37:37.840 TRACE 20712 --- [    Test worker] o.h.type.descriptor.sql.BasicExtractor   : extracted value ([id1_7_] : [BIGINT]) - [86]
2021-03-10 22:37:37.840 TRACE 20712 --- [    Test worker] o.h.type.descriptor.sql.BasicExtractor   : extracted value ([id1_7_] : [BIGINT]) - [87]
2021-03-10 22:37:37.840 TRACE 20712 --- [    Test worker] o.h.type.descriptor.sql.BasicExtractor   : extracted value ([id1_7_] : [BIGINT]) - [88]
2021-03-10 22:37:37.840 TRACE 20712 --- [    Test worker] o.h.type.descriptor.sql.BasicExtractor   : extracted value ([id1_7_] : [BIGINT]) - [89]
2021-03-10 22:37:37.840 TRACE 20712 --- [    Test worker] o.h.type.descriptor.sql.BasicExtractor   : extracted value ([id1_7_] : [BIGINT]) - [90]
2021-03-10 22:37:37.840 TRACE 20712 --- [    Test worker] o.h.type.descriptor.sql.BasicExtractor   : extracted value ([id1_7_] : [BIGINT]) - [91]
2021-03-10 22:37:37.840 TRACE 20712 --- [    Test worker] o.h.type.descriptor.sql.BasicExtractor   : extracted value ([id1_7_] : [BIGINT]) - [92]
2021-03-10 22:37:37.840 TRACE 20712 --- [    Test worker] o.h.type.descriptor.sql.BasicExtractor   : extracted value ([id1_7_] : [BIGINT]) - [93]
2021-03-10 22:37:37.840 TRACE 20712 --- [    Test worker] o.h.type.descriptor.sql.BasicExtractor   : extracted value ([id1_7_] : [BIGINT]) - [94]
2021-03-10 22:37:37.840 TRACE 20712 --- [    Test worker] o.h.type.descriptor.sql.BasicExtractor   : extracted value ([id1_7_] : [BIGINT]) - [95]
2021-03-10 22:37:37.840 TRACE 20712 --- [    Test worker] o.h.type.descriptor.sql.BasicExtractor   : extracted value ([id1_7_] : [BIGINT]) - [96]
2021-03-10 22:37:37.840 TRACE 20712 --- [    Test worker] o.h.type.descriptor.sql.BasicExtractor   : extracted value ([id1_7_] : [BIGINT]) - [97]
2021-03-10 22:37:37.840 TRACE 20712 --- [    Test worker] o.h.type.descriptor.sql.BasicExtractor   : extracted value ([id1_7_] : [BIGINT]) - [98]
2021-03-10 22:37:37.840 TRACE 20712 --- [    Test worker] o.h.type.descriptor.sql.BasicExtractor   : extracted value ([id1_7_] : [BIGINT]) - [99]
2021-03-10 22:37:37.840 TRACE 20712 --- [    Test worker] o.h.type.descriptor.sql.BasicExtractor   : extracted value ([id1_7_] : [BIGINT]) - [100]
2021-03-10 22:37:37.840 TRACE 20712 --- [    Test worker] o.h.type.descriptor.sql.BasicExtractor   : extracted value ([id1_7_] : [BIGINT]) - [101]
2021-03-10 22:37:37.840 TRACE 20712 --- [    Test worker] o.h.type.descriptor.sql.BasicExtractor   : extracted value ([id1_7_] : [BIGINT]) - [102]
2021-03-10 22:37:37.840 TRACE 20712 --- [    Test worker] o.h.type.descriptor.sql.BasicExtractor   : extracted value ([id1_7_] : [BIGINT]) - [103]
2021-03-10 22:37:37.840 TRACE 20712 --- [    Test worker] o.h.type.descriptor.sql.BasicExtractor   : extracted value ([id1_7_] : [BIGINT]) - [104]
2021-03-10 22:37:37.840 TRACE 20712 --- [    Test worker] o.h.type.descriptor.sql.BasicExtractor   : extracted value ([id1_7_] : [BIGINT]) - [105]
2021-03-10 22:37:37.840 TRACE 20712 --- [    Test worker] o.h.type.descriptor.sql.BasicExtractor   : extracted value ([id1_7_] : [BIGINT]) - [106]
2021-03-10 22:37:37.840 TRACE 20712 --- [    Test worker] o.h.type.descriptor.sql.BasicExtractor   : extracted value ([id1_7_] : [BIGINT]) - [107]
2021-03-10 22:37:37.840 TRACE 20712 --- [    Test worker] o.h.type.descriptor.sql.BasicExtractor   : extracted value ([id1_7_] : [BIGINT]) - [108]
2021-03-10 22:37:37.840 TRACE 20712 --- [    Test worker] o.h.type.descriptor.sql.BasicExtractor   : extracted value ([id1_7_] : [BIGINT]) - [109]
2021-03-10 22:37:37.840 TRACE 20712 --- [    Test worker] o.h.type.descriptor.sql.BasicExtractor   : extracted value ([id1_7_] : [BIGINT]) - [110]
2021-03-10 22:37:37.840 TRACE 20712 --- [    Test worker] o.h.type.descriptor.sql.BasicExtractor   : extracted value ([id1_7_] : [BIGINT]) - [111]
2021-03-10 22:37:37.840 TRACE 20712 --- [    Test worker] o.h.type.descriptor.sql.BasicExtractor   : extracted value ([id1_7_] : [BIGINT]) - [112]
2021-03-10 22:37:37.840 TRACE 20712 --- [    Test worker] o.h.type.descriptor.sql.BasicExtractor   : extracted value ([id1_7_] : [BIGINT]) - [113]
2021-03-10 22:37:37.840 TRACE 20712 --- [    Test worker] o.h.type.descriptor.sql.BasicExtractor   : extracted value ([id1_7_] : [BIGINT]) - [114]
2021-03-10 22:37:37.840 TRACE 20712 --- [    Test worker] o.h.type.descriptor.sql.BasicExtractor   : extracted value ([id1_7_] : [BIGINT]) - [115]
2021-03-10 22:37:37.840 TRACE 20712 --- [    Test worker] o.h.type.descriptor.sql.BasicExtractor   : extracted value ([id1_7_] : [BIGINT]) - [116]
2021-03-10 22:37:37.840 TRACE 20712 --- [    Test worker] o.h.type.descriptor.sql.BasicExtractor   : extracted value ([id1_7_] : [BIGINT]) - [117]
2021-03-10 22:37:37.840 TRACE 20712 --- [    Test worker] o.h.type.descriptor.sql.BasicExtractor   : extracted value ([id1_7_] : [BIGINT]) - [118]
2021-03-10 22:37:37.840 TRACE 20712 --- [    Test worker] o.h.type.descriptor.sql.BasicExtractor   : extracted value ([id1_7_] : [BIGINT]) - [119]
2021-03-10 22:37:37.840 TRACE 20712 --- [    Test worker] o.h.type.descriptor.sql.BasicExtractor   : extracted value ([id1_7_] : [BIGINT]) - [120]
2021-03-10 22:37:37.840 TRACE 20712 --- [    Test worker] o.h.type.descriptor.sql.BasicExtractor   : extracted value ([id1_7_] : [BIGINT]) - [121]
2021-03-10 22:37:37.840 TRACE 20712 --- [    Test worker] o.h.type.descriptor.sql.BasicExtractor   : extracted value ([id1_7_] : [BIGINT]) - [122]
2021-03-10 22:37:37.840 TRACE 20712 --- [    Test worker] o.h.type.descriptor.sql.BasicExtractor   : extracted value ([id1_7_] : [BIGINT]) - [123]
2021-03-10 22:37:37.840 TRACE 20712 --- [    Test worker] o.h.type.descriptor.sql.BasicExtractor   : extracted value ([id1_7_] : [BIGINT]) - [124]
2021-03-10 22:37:37.840 TRACE 20712 --- [    Test worker] o.h.type.descriptor.sql.BasicExtractor   : extracted value ([id1_7_] : [BIGINT]) - [125]
2021-03-10 22:37:37.840 TRACE 20712 --- [    Test worker] o.h.type.descriptor.sql.BasicExtractor   : extracted value ([id1_7_] : [BIGINT]) - [126]
2021-03-10 22:37:37.840 TRACE 20712 --- [    Test worker] o.h.type.descriptor.sql.BasicExtractor   : extracted value ([id1_7_] : [BIGINT]) - [127]
2021-03-10 22:37:37.840 TRACE 20712 --- [    Test worker] o.h.type.descriptor.sql.BasicExtractor   : extracted value ([id1_7_] : [BIGINT]) - [128]
2021-03-10 22:37:37.840 TRACE 20712 --- [    Test worker] o.h.type.descriptor.sql.BasicExtractor   : extracted value ([id1_7_] : [BIGINT]) - [129]
2021-03-10 22:37:37.840 TRACE 20712 --- [    Test worker] o.h.type.descriptor.sql.BasicExtractor   : extracted value ([id1_7_] : [BIGINT]) - [130]
2021-03-10 22:37:37.840 TRACE 20712 --- [    Test worker] o.h.type.descriptor.sql.BasicExtractor   : extracted value ([id1_7_] : [BIGINT]) - [131]
2021-03-10 22:37:37.840 TRACE 20712 --- [    Test worker] o.h.type.descriptor.sql.BasicExtractor   : extracted value ([id1_7_] : [BIGINT]) - [132]
2021-03-10 22:37:37.840 TRACE 20712 --- [    Test worker] o.h.type.descriptor.sql.BasicExtractor   : extracted value ([id1_7_] : [BIGINT]) - [133]
2021-03-10 22:37:37.840 TRACE 20712 --- [    Test worker] o.h.type.descriptor.sql.BasicExtractor   : extracted value ([id1_7_] : [BIGINT]) - [134]
2021-03-10 22:37:37.840 TRACE 20712 --- [    Test worker] o.h.type.descriptor.sql.BasicExtractor   : extracted value ([id1_7_] : [BIGINT]) - [135]
2021-03-10 22:37:37.840 TRACE 20712 --- [    Test worker] o.h.type.descriptor.sql.BasicExtractor   : extracted value ([id1_7_] : [BIGINT]) - [136]
2021-03-10 22:37:37.840 TRACE 20712 --- [    Test worker] o.h.type.descriptor.sql.BasicExtractor   : extracted value ([id1_7_] : [BIGINT]) - [137]
2021-03-10 22:37:37.840 TRACE 20712 --- [    Test worker] o.h.type.descriptor.sql.BasicExtractor   : extracted value ([id1_7_] : [BIGINT]) - [138]
2021-03-10 22:37:37.840 TRACE 20712 --- [    Test worker] o.h.type.descriptor.sql.BasicExtractor   : extracted value ([id1_7_] : [BIGINT]) - [139]
2021-03-10 22:37:37.840 TRACE 20712 --- [    Test worker] o.h.type.descriptor.sql.BasicExtractor   : extracted value ([id1_7_] : [BIGINT]) - [140]
2021-03-10 22:37:37.840 TRACE 20712 --- [    Test worker] o.h.type.descriptor.sql.BasicExtractor   : extracted value ([id1_7_] : [BIGINT]) - [141]
2021-03-10 22:37:37.840 TRACE 20712 --- [    Test worker] o.h.type.descriptor.sql.BasicExtractor   : extracted value ([id1_7_] : [BIGINT]) - [142]
2021-03-10 22:37:37.840 TRACE 20712 --- [    Test worker] o.h.type.descriptor.sql.BasicExtractor   : extracted value ([id1_7_] : [BIGINT]) - [143]
2021-03-10 22:37:37.840 TRACE 20712 --- [    Test worker] o.h.type.descriptor.sql.BasicExtractor   : extracted value ([id1_7_] : [BIGINT]) - [144]
2021-03-10 22:37:37.840 TRACE 20712 --- [    Test worker] o.h.type.descriptor.sql.BasicExtractor   : extracted value ([id1_7_] : [BIGINT]) - [145]
Hibernate: 
    select
        zone0_.id as id1_7_,
        zone0_.city as city2_7_,
        zone0_.local_name_of_city as local_na3_7_,
        zone0_.province as province4_7_ 
    from
        zone zone0_
2021-03-10 22:37:37.840 TRACE 20712 --- [    Test worker] o.h.type.descriptor.sql.BasicExtractor   : extracted value ([id1_7_] : [BIGINT]) - [61]
2021-03-10 22:37:37.840 TRACE 20712 --- [    Test worker] o.h.type.descriptor.sql.BasicExtractor   : extracted value ([id1_7_] : [BIGINT]) - [62]
2021-03-10 22:37:37.840 TRACE 20712 --- [    Test worker] o.h.type.descriptor.sql.BasicExtractor   : extracted value ([id1_7_] : [BIGINT]) - [63]
2021-03-10 22:37:37.840 TRACE 20712 --- [    Test worker] o.h.type.descriptor.sql.BasicExtractor   : extracted value ([id1_7_] : [BIGINT]) - [64]
2021-03-10 22:37:37.840 TRACE 20712 --- [    Test worker] o.h.type.descriptor.sql.BasicExtractor   : extracted value ([id1_7_] : [BIGINT]) - [65]
2021-03-10 22:37:37.840 TRACE 20712 --- [    Test worker] o.h.type.descriptor.sql.BasicExtractor   : extracted value ([id1_7_] : [BIGINT]) - [66]
2021-03-10 22:37:37.840 TRACE 20712 --- [    Test worker] o.h.type.descriptor.sql.BasicExtractor   : extracted value ([id1_7_] : [BIGINT]) - [67]
2021-03-10 22:37:37.840 TRACE 20712 --- [    Test worker] o.h.type.descriptor.sql.BasicExtractor   : extracted value ([id1_7_] : [BIGINT]) - [68]
2021-03-10 22:37:37.840 TRACE 20712 --- [    Test worker] o.h.type.descriptor.sql.BasicExtractor   : extracted value ([id1_7_] : [BIGINT]) - [69]
2021-03-10 22:37:37.840 TRACE 20712 --- [    Test worker] o.h.type.descriptor.sql.BasicExtractor   : extracted value ([id1_7_] : [BIGINT]) - [70]
2021-03-10 22:37:37.840 TRACE 20712 --- [    Test worker] o.h.type.descriptor.sql.BasicExtractor   : extracted value ([id1_7_] : [BIGINT]) - [71]
2021-03-10 22:37:37.840 TRACE 20712 --- [    Test worker] o.h.type.descriptor.sql.BasicExtractor   : extracted value ([id1_7_] : [BIGINT]) - [72]
2021-03-10 22:37:37.840 TRACE 20712 --- [    Test worker] o.h.type.descriptor.sql.BasicExtractor   : extracted value ([id1_7_] : [BIGINT]) - [73]
2021-03-10 22:37:37.840 TRACE 20712 --- [    Test worker] o.h.type.descriptor.sql.BasicExtractor   : extracted value ([id1_7_] : [BIGINT]) - [74]
2021-03-10 22:37:37.840 TRACE 20712 --- [    Test worker] o.h.type.descriptor.sql.BasicExtractor   : extracted value ([id1_7_] : [BIGINT]) - [75]
2021-03-10 22:37:37.840 TRACE 20712 --- [    Test worker] o.h.type.descriptor.sql.BasicExtractor   : extracted value ([id1_7_] : [BIGINT]) - [76]
2021-03-10 22:37:37.840 TRACE 20712 --- [    Test worker] o.h.type.descriptor.sql.BasicExtractor   : extracted value ([id1_7_] : [BIGINT]) - [77]
2021-03-10 22:37:37.840 TRACE 20712 --- [    Test worker] o.h.type.descriptor.sql.BasicExtractor   : extracted value ([id1_7_] : [BIGINT]) - [78]
2021-03-10 22:37:37.840 TRACE 20712 --- [    Test worker] o.h.type.descriptor.sql.BasicExtractor   : extracted value ([id1_7_] : [BIGINT]) - [79]
2021-03-10 22:37:37.840 TRACE 20712 --- [    Test worker] o.h.type.descriptor.sql.BasicExtractor   : extracted value ([id1_7_] : [BIGINT]) - [80]
2021-03-10 22:37:37.840 TRACE 20712 --- [    Test worker] o.h.type.descriptor.sql.BasicExtractor   : extracted value ([id1_7_] : [BIGINT]) - [81]
2021-03-10 22:37:37.840 TRACE 20712 --- [    Test worker] o.h.type.descriptor.sql.BasicExtractor   : extracted value ([id1_7_] : [BIGINT]) - [82]
2021-03-10 22:37:37.840 TRACE 20712 --- [    Test worker] o.h.type.descriptor.sql.BasicExtractor   : extracted value ([id1_7_] : [BIGINT]) - [83]
2021-03-10 22:37:37.840 TRACE 20712 --- [    Test worker] o.h.type.descriptor.sql.BasicExtractor   : extracted value ([id1_7_] : [BIGINT]) - [84]
2021-03-10 22:37:37.840 TRACE 20712 --- [    Test worker] o.h.type.descriptor.sql.BasicExtractor   : extracted value ([id1_7_] : [BIGINT]) - [85]
2021-03-10 22:37:37.840 TRACE 20712 --- [    Test worker] o.h.type.descriptor.sql.BasicExtractor   : extracted value ([id1_7_] : [BIGINT]) - [86]
2021-03-10 22:37:37.840 TRACE 20712 --- [    Test worker] o.h.type.descriptor.sql.BasicExtractor   : extracted value ([id1_7_] : [BIGINT]) - [87]
2021-03-10 22:37:37.840 TRACE 20712 --- [    Test worker] o.h.type.descriptor.sql.BasicExtractor   : extracted value ([id1_7_] : [BIGINT]) - [88]
2021-03-10 22:37:37.840 TRACE 20712 --- [    Test worker] o.h.type.descriptor.sql.BasicExtractor   : extracted value ([id1_7_] : [BIGINT]) - [89]
2021-03-10 22:37:37.840 TRACE 20712 --- [    Test worker] o.h.type.descriptor.sql.BasicExtractor   : extracted value ([id1_7_] : [BIGINT]) - [90]
2021-03-10 22:37:37.840 TRACE 20712 --- [    Test worker] o.h.type.descriptor.sql.BasicExtractor   : extracted value ([id1_7_] : [BIGINT]) - [91]
2021-03-10 22:37:37.840 TRACE 20712 --- [    Test worker] o.h.type.descriptor.sql.BasicExtractor   : extracted value ([id1_7_] : [BIGINT]) - [92]
2021-03-10 22:37:37.840 TRACE 20712 --- [    Test worker] o.h.type.descriptor.sql.BasicExtractor   : extracted value ([id1_7_] : [BIGINT]) - [93]
2021-03-10 22:37:37.840 TRACE 20712 --- [    Test worker] o.h.type.descriptor.sql.BasicExtractor   : extracted value ([id1_7_] : [BIGINT]) - [94]
2021-03-10 22:37:37.840 TRACE 20712 --- [    Test worker] o.h.type.descriptor.sql.BasicExtractor   : extracted value ([id1_7_] : [BIGINT]) - [95]
2021-03-10 22:37:37.840 TRACE 20712 --- [    Test worker] o.h.type.descriptor.sql.BasicExtractor   : extracted value ([id1_7_] : [BIGINT]) - [96]
2021-03-10 22:37:37.840 TRACE 20712 --- [    Test worker] o.h.type.descriptor.sql.BasicExtractor   : extracted value ([id1_7_] : [BIGINT]) - [97]
2021-03-10 22:37:37.840 TRACE 20712 --- [    Test worker] o.h.type.descriptor.sql.BasicExtractor   : extracted value ([id1_7_] : [BIGINT]) - [98]
2021-03-10 22:37:37.840 TRACE 20712 --- [    Test worker] o.h.type.descriptor.sql.BasicExtractor   : extracted value ([id1_7_] : [BIGINT]) - [99]
2021-03-10 22:37:37.840 TRACE 20712 --- [    Test worker] o.h.type.descriptor.sql.BasicExtractor   : extracted value ([id1_7_] : [BIGINT]) - [100]
2021-03-10 22:37:37.840 TRACE 20712 --- [    Test worker] o.h.type.descriptor.sql.BasicExtractor   : extracted value ([id1_7_] : [BIGINT]) - [101]
2021-03-10 22:37:37.840 TRACE 20712 --- [    Test worker] o.h.type.descriptor.sql.BasicExtractor   : extracted value ([id1_7_] : [BIGINT]) - [102]
2021-03-10 22:37:37.840 TRACE 20712 --- [    Test worker] o.h.type.descriptor.sql.BasicExtractor   : extracted value ([id1_7_] : [BIGINT]) - [103]
2021-03-10 22:37:37.840 TRACE 20712 --- [    Test worker] o.h.type.descriptor.sql.BasicExtractor   : extracted value ([id1_7_] : [BIGINT]) - [104]
2021-03-10 22:37:37.840 TRACE 20712 --- [    Test worker] o.h.type.descriptor.sql.BasicExtractor   : extracted value ([id1_7_] : [BIGINT]) - [105]
2021-03-10 22:37:37.840 TRACE 20712 --- [    Test worker] o.h.type.descriptor.sql.BasicExtractor   : extracted value ([id1_7_] : [BIGINT]) - [106]
2021-03-10 22:37:37.840 TRACE 20712 --- [    Test worker] o.h.type.descriptor.sql.BasicExtractor   : extracted value ([id1_7_] : [BIGINT]) - [107]
2021-03-10 22:37:37.840 TRACE 20712 --- [    Test worker] o.h.type.descriptor.sql.BasicExtractor   : extracted value ([id1_7_] : [BIGINT]) - [108]
2021-03-10 22:37:37.840 TRACE 20712 --- [    Test worker] o.h.type.descriptor.sql.BasicExtractor   : extracted value ([id1_7_] : [BIGINT]) - [109]
2021-03-10 22:37:37.840 TRACE 20712 --- [    Test worker] o.h.type.descriptor.sql.BasicExtractor   : extracted value ([id1_7_] : [BIGINT]) - [110]
2021-03-10 22:37:37.840 TRACE 20712 --- [    Test worker] o.h.type.descriptor.sql.BasicExtractor   : extracted value ([id1_7_] : [BIGINT]) - [111]
2021-03-10 22:37:37.840 TRACE 20712 --- [    Test worker] o.h.type.descriptor.sql.BasicExtractor   : extracted value ([id1_7_] : [BIGINT]) - [112]
2021-03-10 22:37:37.840 TRACE 20712 --- [    Test worker] o.h.type.descriptor.sql.BasicExtractor   : extracted value ([id1_7_] : [BIGINT]) - [113]
2021-03-10 22:37:37.840 TRACE 20712 --- [    Test worker] o.h.type.descriptor.sql.BasicExtractor   : extracted value ([id1_7_] : [BIGINT]) - [114]
2021-03-10 22:37:37.840 TRACE 20712 --- [    Test worker] o.h.type.descriptor.sql.BasicExtractor   : extracted value ([id1_7_] : [BIGINT]) - [115]
2021-03-10 22:37:37.840 TRACE 20712 --- [    Test worker] o.h.type.descriptor.sql.BasicExtractor   : extracted value ([id1_7_] : [BIGINT]) - [116]
2021-03-10 22:37:37.840 TRACE 20712 --- [    Test worker] o.h.type.descriptor.sql.BasicExtractor   : extracted value ([id1_7_] : [BIGINT]) - [117]
2021-03-10 22:37:37.840 TRACE 20712 --- [    Test worker] o.h.type.descriptor.sql.BasicExtractor   : extracted value ([id1_7_] : [BIGINT]) - [118]
2021-03-10 22:37:37.840 TRACE 20712 --- [    Test worker] o.h.type.descriptor.sql.BasicExtractor   : extracted value ([id1_7_] : [BIGINT]) - [119]
2021-03-10 22:37:37.840 TRACE 20712 --- [    Test worker] o.h.type.descriptor.sql.BasicExtractor   : extracted value ([id1_7_] : [BIGINT]) - [120]
2021-03-10 22:37:37.840 TRACE 20712 --- [    Test worker] o.h.type.descriptor.sql.BasicExtractor   : extracted value ([id1_7_] : [BIGINT]) - [121]
2021-03-10 22:37:37.840 TRACE 20712 --- [    Test worker] o.h.type.descriptor.sql.BasicExtractor   : extracted value ([id1_7_] : [BIGINT]) - [122]
2021-03-10 22:37:37.840 TRACE 20712 --- [    Test worker] o.h.type.descriptor.sql.BasicExtractor   : extracted value ([id1_7_] : [BIGINT]) - [123]
2021-03-10 22:37:37.840 TRACE 20712 --- [    Test worker] o.h.type.descriptor.sql.BasicExtractor   : extracted value ([id1_7_] : [BIGINT]) - [124]
2021-03-10 22:37:37.840 TRACE 20712 --- [    Test worker] o.h.type.descriptor.sql.BasicExtractor   : extracted value ([id1_7_] : [BIGINT]) - [125]
2021-03-10 22:37:37.840 TRACE 20712 --- [    Test worker] o.h.type.descriptor.sql.BasicExtractor   : extracted value ([id1_7_] : [BIGINT]) - [126]
2021-03-10 22:37:37.840 TRACE 20712 --- [    Test worker] o.h.type.descriptor.sql.BasicExtractor   : extracted value ([id1_7_] : [BIGINT]) - [127]
2021-03-10 22:37:37.840 TRACE 20712 --- [    Test worker] o.h.type.descriptor.sql.BasicExtractor   : extracted value ([id1_7_] : [BIGINT]) - [128]
2021-03-10 22:37:37.840 TRACE 20712 --- [    Test worker] o.h.type.descriptor.sql.BasicExtractor   : extracted value ([id1_7_] : [BIGINT]) - [129]
2021-03-10 22:37:37.840 TRACE 20712 --- [    Test worker] o.h.type.descriptor.sql.BasicExtractor   : extracted value ([id1_7_] : [BIGINT]) - [130]
2021-03-10 22:37:37.840 TRACE 20712 --- [    Test worker] o.h.type.descriptor.sql.BasicExtractor   : extracted value ([id1_7_] : [BIGINT]) - [131]
2021-03-10 22:37:37.840 TRACE 20712 --- [    Test worker] o.h.type.descriptor.sql.BasicExtractor   : extracted value ([id1_7_] : [BIGINT]) - [132]
2021-03-10 22:37:37.840 TRACE 20712 --- [    Test worker] o.h.type.descriptor.sql.BasicExtractor   : extracted value ([id1_7_] : [BIGINT]) - [133]
2021-03-10 22:37:37.840 TRACE 20712 --- [    Test worker] o.h.type.descriptor.sql.BasicExtractor   : extracted value ([id1_7_] : [BIGINT]) - [134]
2021-03-10 22:37:37.840 TRACE 20712 --- [    Test worker] o.h.type.descriptor.sql.BasicExtractor   : extracted value ([id1_7_] : [BIGINT]) - [135]
2021-03-10 22:37:37.840 TRACE 20712 --- [    Test worker] o.h.type.descriptor.sql.BasicExtractor   : extracted value ([id1_7_] : [BIGINT]) - [136]
2021-03-10 22:37:37.840 TRACE 20712 --- [    Test worker] o.h.type.descriptor.sql.BasicExtractor   : extracted value ([id1_7_] : [BIGINT]) - [137]
2021-03-10 22:37:37.840 TRACE 20712 --- [    Test worker] o.h.type.descriptor.sql.BasicExtractor   : extracted value ([id1_7_] : [BIGINT]) - [138]
2021-03-10 22:37:37.840 TRACE 20712 --- [    Test worker] o.h.type.descriptor.sql.BasicExtractor   : extracted value ([id1_7_] : [BIGINT]) - [139]
2021-03-10 22:37:37.840 TRACE 20712 --- [    Test worker] o.h.type.descriptor.sql.BasicExtractor   : extracted value ([id1_7_] : [BIGINT]) - [140]
2021-03-10 22:37:37.840 TRACE 20712 --- [    Test worker] o.h.type.descriptor.sql.BasicExtractor   : extracted value ([id1_7_] : [BIGINT]) - [141]
2021-03-10 22:37:37.840 TRACE 20712 --- [    Test worker] o.h.type.descriptor.sql.BasicExtractor   : extracted value ([id1_7_] : [BIGINT]) - [142]
2021-03-10 22:37:37.840 TRACE 20712 --- [    Test worker] o.h.type.descriptor.sql.BasicExtractor   : extracted value ([id1_7_] : [BIGINT]) - [143]
2021-03-10 22:37:37.840 TRACE 20712 --- [    Test worker] o.h.type.descriptor.sql.BasicExtractor   : extracted value ([id1_7_] : [BIGINT]) - [144]
2021-03-10 22:37:37.840 TRACE 20712 --- [    Test worker] o.h.type.descriptor.sql.BasicExtractor   : extracted value ([id1_7_] : [BIGINT]) - [145]
Hibernate: 
    select
        zone0_.id as id1_7_,
        zone0_.city as city2_7_,
        zone0_.local_name_of_city as local_na3_7_,
        zone0_.province as province4_7_ 
    from
        zone zone0_
2021-03-10 22:37:37.840 TRACE 20712 --- [    Test worker] o.h.type.descriptor.sql.BasicExtractor   : extracted value ([id1_7_] : [BIGINT]) - [61]
2021-03-10 22:37:37.840 TRACE 20712 --- [    Test worker] o.h.type.descriptor.sql.BasicExtractor   : extracted value ([id1_7_] : [BIGINT]) - [62]
2021-03-10 22:37:37.840 TRACE 20712 --- [    Test worker] o.h.type.descriptor.sql.BasicExtractor   : extracted value ([id1_7_] : [BIGINT]) - [63]
2021-03-10 22:37:37.840 TRACE 20712 --- [    Test worker] o.h.type.descriptor.sql.BasicExtractor   : extracted value ([id1_7_] : [BIGINT]) - [64]
2021-03-10 22:37:37.840 TRACE 20712 --- [    Test worker] o.h.type.descriptor.sql.BasicExtractor   : extracted value ([id1_7_] : [BIGINT]) - [65]
2021-03-10 22:37:37.840 TRACE 20712 --- [    Test worker] o.h.type.descriptor.sql.BasicExtractor   : extracted value ([id1_7_] : [BIGINT]) - [66]
2021-03-10 22:37:37.840 TRACE 20712 --- [    Test worker] o.h.type.descriptor.sql.BasicExtractor   : extracted value ([id1_7_] : [BIGINT]) - [67]
2021-03-10 22:37:37.840 TRACE 20712 --- [    Test worker] o.h.type.descriptor.sql.BasicExtractor   : extracted value ([id1_7_] : [BIGINT]) - [68]
2021-03-10 22:37:37.840 TRACE 20712 --- [    Test worker] o.h.type.descriptor.sql.BasicExtractor   : extracted value ([id1_7_] : [BIGINT]) - [69]
2021-03-10 22:37:37.840 TRACE 20712 --- [    Test worker] o.h.type.descriptor.sql.BasicExtractor   : extracted value ([id1_7_] : [BIGINT]) - [70]
2021-03-10 22:37:37.840 TRACE 20712 --- [    Test worker] o.h.type.descriptor.sql.BasicExtractor   : extracted value ([id1_7_] : [BIGINT]) - [71]
2021-03-10 22:37:37.840 TRACE 20712 --- [    Test worker] o.h.type.descriptor.sql.BasicExtractor   : extracted value ([id1_7_] : [BIGINT]) - [72]
2021-03-10 22:37:37.840 TRACE 20712 --- [    Test worker] o.h.type.descriptor.sql.BasicExtractor   : extracted value ([id1_7_] : [BIGINT]) - [73]
2021-03-10 22:37:37.840 TRACE 20712 --- [    Test worker] o.h.type.descriptor.sql.BasicExtractor   : extracted value ([id1_7_] : [BIGINT]) - [74]
2021-03-10 22:37:37.840 TRACE 20712 --- [    Test worker] o.h.type.descriptor.sql.BasicExtractor   : extracted value ([id1_7_] : [BIGINT]) - [75]
2021-03-10 22:37:37.840 TRACE 20712 --- [    Test worker] o.h.type.descriptor.sql.BasicExtractor   : extracted value ([id1_7_] : [BIGINT]) - [76]
2021-03-10 22:37:37.840 TRACE 20712 --- [    Test worker] o.h.type.descriptor.sql.BasicExtractor   : extracted value ([id1_7_] : [BIGINT]) - [77]
2021-03-10 22:37:37.840 TRACE 20712 --- [    Test worker] o.h.type.descriptor.sql.BasicExtractor   : extracted value ([id1_7_] : [BIGINT]) - [78]
2021-03-10 22:37:37.840 TRACE 20712 --- [    Test worker] o.h.type.descriptor.sql.BasicExtractor   : extracted value ([id1_7_] : [BIGINT]) - [79]
2021-03-10 22:37:37.840 TRACE 20712 --- [    Test worker] o.h.type.descriptor.sql.BasicExtractor   : extracted value ([id1_7_] : [BIGINT]) - [80]
2021-03-10 22:37:37.840 TRACE 20712 --- [    Test worker] o.h.type.descriptor.sql.BasicExtractor   : extracted value ([id1_7_] : [BIGINT]) - [81]
2021-03-10 22:37:37.840 TRACE 20712 --- [    Test worker] o.h.type.descriptor.sql.BasicExtractor   : extracted value ([id1_7_] : [BIGINT]) - [82]
2021-03-10 22:37:37.840 TRACE 20712 --- [    Test worker] o.h.type.descriptor.sql.BasicExtractor   : extracted value ([id1_7_] : [BIGINT]) - [83]
2021-03-10 22:37:37.840 TRACE 20712 --- [    Test worker] o.h.type.descriptor.sql.BasicExtractor   : extracted value ([id1_7_] : [BIGINT]) - [84]
2021-03-10 22:37:37.840 TRACE 20712 --- [    Test worker] o.h.type.descriptor.sql.BasicExtractor   : extracted value ([id1_7_] : [BIGINT]) - [85]
2021-03-10 22:37:37.840 TRACE 20712 --- [    Test worker] o.h.type.descriptor.sql.BasicExtractor   : extracted value ([id1_7_] : [BIGINT]) - [86]
2021-03-10 22:37:37.840 TRACE 20712 --- [    Test worker] o.h.type.descriptor.sql.BasicExtractor   : extracted value ([id1_7_] : [BIGINT]) - [87]
2021-03-10 22:37:37.840 TRACE 20712 --- [    Test worker] o.h.type.descriptor.sql.BasicExtractor   : extracted value ([id1_7_] : [BIGINT]) - [88]
2021-03-10 22:37:37.840 TRACE 20712 --- [    Test worker] o.h.type.descriptor.sql.BasicExtractor   : extracted value ([id1_7_] : [BIGINT]) - [89]
2021-03-10 22:37:37.840 TRACE 20712 --- [    Test worker] o.h.type.descriptor.sql.BasicExtractor   : extracted value ([id1_7_] : [BIGINT]) - [90]
2021-03-10 22:37:37.840 TRACE 20712 --- [    Test worker] o.h.type.descriptor.sql.BasicExtractor   : extracted value ([id1_7_] : [BIGINT]) - [91]
2021-03-10 22:37:37.840 TRACE 20712 --- [    Test worker] o.h.type.descriptor.sql.BasicExtractor   : extracted value ([id1_7_] : [BIGINT]) - [92]
2021-03-10 22:37:37.840 TRACE 20712 --- [    Test worker] o.h.type.descriptor.sql.BasicExtractor   : extracted value ([id1_7_] : [BIGINT]) - [93]
2021-03-10 22:37:37.840 TRACE 20712 --- [    Test worker] o.h.type.descriptor.sql.BasicExtractor   : extracted value ([id1_7_] : [BIGINT]) - [94]
2021-03-10 22:37:37.840 TRACE 20712 --- [    Test worker] o.h.type.descriptor.sql.BasicExtractor   : extracted value ([id1_7_] : [BIGINT]) - [95]
2021-03-10 22:37:37.840 TRACE 20712 --- [    Test worker] o.h.type.descriptor.sql.BasicExtractor   : extracted value ([id1_7_] : [BIGINT]) - [96]
2021-03-10 22:37:37.840 TRACE 20712 --- [    Test worker] o.h.type.descriptor.sql.BasicExtractor   : extracted value ([id1_7_] : [BIGINT]) - [97]
2021-03-10 22:37:37.840 TRACE 20712 --- [    Test worker] o.h.type.descriptor.sql.BasicExtractor   : extracted value ([id1_7_] : [BIGINT]) - [98]
2021-03-10 22:37:37.840 TRACE 20712 --- [    Test worker] o.h.type.descriptor.sql.BasicExtractor   : extracted value ([id1_7_] : [BIGINT]) - [99]
2021-03-10 22:37:37.840 TRACE 20712 --- [    Test worker] o.h.type.descriptor.sql.BasicExtractor   : extracted value ([id1_7_] : [BIGINT]) - [100]
2021-03-10 22:37:37.840 TRACE 20712 --- [    Test worker] o.h.type.descriptor.sql.BasicExtractor   : extracted value ([id1_7_] : [BIGINT]) - [101]
2021-03-10 22:37:37.840 TRACE 20712 --- [    Test worker] o.h.type.descriptor.sql.BasicExtractor   : extracted value ([id1_7_] : [BIGINT]) - [102]
2021-03-10 22:37:37.840 TRACE 20712 --- [    Test worker] o.h.type.descriptor.sql.BasicExtractor   : extracted value ([id1_7_] : [BIGINT]) - [103]
2021-03-10 22:37:37.840 TRACE 20712 --- [    Test worker] o.h.type.descriptor.sql.BasicExtractor   : extracted value ([id1_7_] : [BIGINT]) - [104]
2021-03-10 22:37:37.840 TRACE 20712 --- [    Test worker] o.h.type.descriptor.sql.BasicExtractor   : extracted value ([id1_7_] : [BIGINT]) - [105]
2021-03-10 22:37:37.840 TRACE 20712 --- [    Test worker] o.h.type.descriptor.sql.BasicExtractor   : extracted value ([id1_7_] : [BIGINT]) - [106]
2021-03-10 22:37:37.840 TRACE 20712 --- [    Test worker] o.h.type.descriptor.sql.BasicExtractor   : extracted value ([id1_7_] : [BIGINT]) - [107]
2021-03-10 22:37:37.840 TRACE 20712 --- [    Test worker] o.h.type.descriptor.sql.BasicExtractor   : extracted value ([id1_7_] : [BIGINT]) - [108]
2021-03-10 22:37:37.840 TRACE 20712 --- [    Test worker] o.h.type.descriptor.sql.BasicExtractor   : extracted value ([id1_7_] : [BIGINT]) - [109]
2021-03-10 22:37:37.840 TRACE 20712 --- [    Test worker] o.h.type.descriptor.sql.BasicExtractor   : extracted value ([id1_7_] : [BIGINT]) - [110]
2021-03-10 22:37:37.840 TRACE 20712 --- [    Test worker] o.h.type.descriptor.sql.BasicExtractor   : extracted value ([id1_7_] : [BIGINT]) - [111]
2021-03-10 22:37:37.840 TRACE 20712 --- [    Test worker] o.h.type.descriptor.sql.BasicExtractor   : extracted value ([id1_7_] : [BIGINT]) - [112]
2021-03-10 22:37:37.840 TRACE 20712 --- [    Test worker] o.h.type.descriptor.sql.BasicExtractor   : extracted value ([id1_7_] : [BIGINT]) - [113]
2021-03-10 22:37:37.840 TRACE 20712 --- [    Test worker] o.h.type.descriptor.sql.BasicExtractor   : extracted value ([id1_7_] : [BIGINT]) - [114]
2021-03-10 22:37:37.840 TRACE 20712 --- [    Test worker] o.h.type.descriptor.sql.BasicExtractor   : extracted value ([id1_7_] : [BIGINT]) - [115]
2021-03-10 22:37:37.840 TRACE 20712 --- [    Test worker] o.h.type.descriptor.sql.BasicExtractor   : extracted value ([id1_7_] : [BIGINT]) - [116]
2021-03-10 22:37:37.840 TRACE 20712 --- [    Test worker] o.h.type.descriptor.sql.BasicExtractor   : extracted value ([id1_7_] : [BIGINT]) - [117]
2021-03-10 22:37:37.840 TRACE 20712 --- [    Test worker] o.h.type.descriptor.sql.BasicExtractor   : extracted value ([id1_7_] : [BIGINT]) - [118]
2021-03-10 22:37:37.840 TRACE 20712 --- [    Test worker] o.h.type.descriptor.sql.BasicExtractor   : extracted value ([id1_7_] : [BIGINT]) - [119]
2021-03-10 22:37:37.840 TRACE 20712 --- [    Test worker] o.h.type.descriptor.sql.BasicExtractor   : extracted value ([id1_7_] : [BIGINT]) - [120]
2021-03-10 22:37:37.840 TRACE 20712 --- [    Test worker] o.h.type.descriptor.sql.BasicExtractor   : extracted value ([id1_7_] : [BIGINT]) - [121]
2021-03-10 22:37:37.840 TRACE 20712 --- [    Test worker] o.h.type.descriptor.sql.BasicExtractor   : extracted value ([id1_7_] : [BIGINT]) - [122]
2021-03-10 22:37:37.840 TRACE 20712 --- [    Test worker] o.h.type.descriptor.sql.BasicExtractor   : extracted value ([id1_7_] : [BIGINT]) - [123]
2021-03-10 22:37:37.840 TRACE 20712 --- [    Test worker] o.h.type.descriptor.sql.BasicExtractor   : extracted value ([id1_7_] : [BIGINT]) - [124]
2021-03-10 22:37:37.840 TRACE 20712 --- [    Test worker] o.h.type.descriptor.sql.BasicExtractor   : extracted value ([id1_7_] : [BIGINT]) - [125]
2021-03-10 22:37:37.840 TRACE 20712 --- [    Test worker] o.h.type.descriptor.sql.BasicExtractor   : extracted value ([id1_7_] : [BIGINT]) - [126]
2021-03-10 22:37:37.840 TRACE 20712 --- [    Test worker] o.h.type.descriptor.sql.BasicExtractor   : extracted value ([id1_7_] : [BIGINT]) - [127]
2021-03-10 22:37:37.840 TRACE 20712 --- [    Test worker] o.h.type.descriptor.sql.BasicExtractor   : extracted value ([id1_7_] : [BIGINT]) - [128]
2021-03-10 22:37:37.840 TRACE 20712 --- [    Test worker] o.h.type.descriptor.sql.BasicExtractor   : extracted value ([id1_7_] : [BIGINT]) - [129]
2021-03-10 22:37:37.840 TRACE 20712 --- [    Test worker] o.h.type.descriptor.sql.BasicExtractor   : extracted value ([id1_7_] : [BIGINT]) - [130]
2021-03-10 22:37:37.840 TRACE 20712 --- [    Test worker] o.h.type.descriptor.sql.BasicExtractor   : extracted value ([id1_7_] : [BIGINT]) - [131]
2021-03-10 22:37:37.840 TRACE 20712 --- [    Test worker] o.h.type.descriptor.sql.BasicExtractor   : extracted value ([id1_7_] : [BIGINT]) - [132]
2021-03-10 22:37:37.840 TRACE 20712 --- [    Test worker] o.h.type.descriptor.sql.BasicExtractor   : extracted value ([id1_7_] : [BIGINT]) - [133]
2021-03-10 22:37:37.840 TRACE 20712 --- [    Test worker] o.h.type.descriptor.sql.BasicExtractor   : extracted value ([id1_7_] : [BIGINT]) - [134]
2021-03-10 22:37:37.840 TRACE 20712 --- [    Test worker] o.h.type.descriptor.sql.BasicExtractor   : extracted value ([id1_7_] : [BIGINT]) - [135]
2021-03-10 22:37:37.840 TRACE 20712 --- [    Test worker] o.h.type.descriptor.sql.BasicExtractor   : extracted value ([id1_7_] : [BIGINT]) - [136]
2021-03-10 22:37:37.840 TRACE 20712 --- [    Test worker] o.h.type.descriptor.sql.BasicExtractor   : extracted value ([id1_7_] : [BIGINT]) - [137]
2021-03-10 22:37:37.840 TRACE 20712 --- [    Test worker] o.h.type.descriptor.sql.BasicExtractor   : extracted value ([id1_7_] : [BIGINT]) - [138]
2021-03-10 22:37:37.840 TRACE 20712 --- [    Test worker] o.h.type.descriptor.sql.BasicExtractor   : extracted value ([id1_7_] : [BIGINT]) - [139]
2021-03-10 22:37:37.840 TRACE 20712 --- [    Test worker] o.h.type.descriptor.sql.BasicExtractor   : extracted value ([id1_7_] : [BIGINT]) - [140]
2021-03-10 22:37:37.840 TRACE 20712 --- [    Test worker] o.h.type.descriptor.sql.BasicExtractor   : extracted value ([id1_7_] : [BIGINT]) - [141]
2021-03-10 22:37:37.840 TRACE 20712 --- [    Test worker] o.h.type.descriptor.sql.BasicExtractor   : extracted value ([id1_7_] : [BIGINT]) - [142]
2021-03-10 22:37:37.840 TRACE 20712 --- [    Test worker] o.h.type.descriptor.sql.BasicExtractor   : extracted value ([id1_7_] : [BIGINT]) - [143]
2021-03-10 22:37:37.840 TRACE 20712 --- [    Test worker] o.h.type.descriptor.sql.BasicExtractor   : extracted value ([id1_7_] : [BIGINT]) - [144]
2021-03-10 22:37:37.840 TRACE 20712 --- [    Test worker] o.h.type.descriptor.sql.BasicExtractor   : extracted value ([id1_7_] : [BIGINT]) - [145]
Hibernate: 
    select
        zone0_.id as id1_7_,
        zone0_.city as city2_7_,
        zone0_.local_name_of_city as local_na3_7_,
        zone0_.province as province4_7_ 
    from
        zone zone0_
2021-03-10 22:37:37.840 TRACE 20712 --- [    Test worker] o.h.type.descriptor.sql.BasicExtractor   : extracted value ([id1_7_] : [BIGINT]) - [61]
2021-03-10 22:37:37.840 TRACE 20712 --- [    Test worker] o.h.type.descriptor.sql.BasicExtractor   : extracted value ([id1_7_] : [BIGINT]) - [62]
2021-03-10 22:37:37.840 TRACE 20712 --- [    Test worker] o.h.type.descriptor.sql.BasicExtractor   : extracted value ([id1_7_] : [BIGINT]) - [63]
2021-03-10 22:37:37.840 TRACE 20712 --- [    Test worker] o.h.type.descriptor.sql.BasicExtractor   : extracted value ([id1_7_] : [BIGINT]) - [64]
2021-03-10 22:37:37.840 TRACE 20712 --- [    Test worker] o.h.type.descriptor.sql.BasicExtractor   : extracted value ([id1_7_] : [BIGINT]) - [65]
2021-03-10 22:37:37.840 TRACE 20712 --- [    Test worker] o.h.type.descriptor.sql.BasicExtractor   : extracted value ([id1_7_] : [BIGINT]) - [66]
2021-03-10 22:37:37.840 TRACE 20712 --- [    Test worker] o.h.type.descriptor.sql.BasicExtractor   : extracted value ([id1_7_] : [BIGINT]) - [67]
2021-03-10 22:37:37.840 TRACE 20712 --- [    Test worker] o.h.type.descriptor.sql.BasicExtractor   : extracted value ([id1_7_] : [BIGINT]) - [68]
2021-03-10 22:37:37.840 TRACE 20712 --- [    Test worker] o.h.type.descriptor.sql.BasicExtractor   : extracted value ([id1_7_] : [BIGINT]) - [69]
2021-03-10 22:37:37.840 TRACE 20712 --- [    Test worker] o.h.type.descriptor.sql.BasicExtractor   : extracted value ([id1_7_] : [BIGINT]) - [70]
2021-03-10 22:37:37.840 TRACE 20712 --- [    Test worker] o.h.type.descriptor.sql.BasicExtractor   : extracted value ([id1_7_] : [BIGINT]) - [71]
2021-03-10 22:37:37.840 TRACE 20712 --- [    Test worker] o.h.type.descriptor.sql.BasicExtractor   : extracted value ([id1_7_] : [BIGINT]) - [72]
2021-03-10 22:37:37.840 TRACE 20712 --- [    Test worker] o.h.type.descriptor.sql.BasicExtractor   : extracted value ([id1_7_] : [BIGINT]) - [73]
2021-03-10 22:37:37.840 TRACE 20712 --- [    Test worker] o.h.type.descriptor.sql.BasicExtractor   : extracted value ([id1_7_] : [BIGINT]) - [74]
2021-03-10 22:37:37.840 TRACE 20712 --- [    Test worker] o.h.type.descriptor.sql.BasicExtractor   : extracted value ([id1_7_] : [BIGINT]) - [75]
2021-03-10 22:37:37.840 TRACE 20712 --- [    Test worker] o.h.type.descriptor.sql.BasicExtractor   : extracted value ([id1_7_] : [BIGINT]) - [76]
2021-03-10 22:37:37.840 TRACE 20712 --- [    Test worker] o.h.type.descriptor.sql.BasicExtractor   : extracted value ([id1_7_] : [BIGINT]) - [77]
2021-03-10 22:37:37.840 TRACE 20712 --- [    Test worker] o.h.type.descriptor.sql.BasicExtractor   : extracted value ([id1_7_] : [BIGINT]) - [78]
2021-03-10 22:37:37.840 TRACE 20712 --- [    Test worker] o.h.type.descriptor.sql.BasicExtractor   : extracted value ([id1_7_] : [BIGINT]) - [79]
2021-03-10 22:37:37.840 TRACE 20712 --- [    Test worker] o.h.type.descriptor.sql.BasicExtractor   : extracted value ([id1_7_] : [BIGINT]) - [80]
2021-03-10 22:37:37.840 TRACE 20712 --- [    Test worker] o.h.type.descriptor.sql.BasicExtractor   : extracted value ([id1_7_] : [BIGINT]) - [81]
2021-03-10 22:37:37.840 TRACE 20712 --- [    Test worker] o.h.type.descriptor.sql.BasicExtractor   : extracted value ([id1_7_] : [BIGINT]) - [82]
2021-03-10 22:37:37.840 TRACE 20712 --- [    Test worker] o.h.type.descriptor.sql.BasicExtractor   : extracted value ([id1_7_] : [BIGINT]) - [83]
2021-03-10 22:37:37.840 TRACE 20712 --- [    Test worker] o.h.type.descriptor.sql.BasicExtractor   : extracted value ([id1_7_] : [BIGINT]) - [84]
2021-03-10 22:37:37.840 TRACE 20712 --- [    Test worker] o.h.type.descriptor.sql.BasicExtractor   : extracted value ([id1_7_] : [BIGINT]) - [85]
2021-03-10 22:37:37.840 TRACE 20712 --- [    Test worker] o.h.type.descriptor.sql.BasicExtractor   : extracted value ([id1_7_] : [BIGINT]) - [86]
2021-03-10 22:37:37.840 TRACE 20712 --- [    Test worker] o.h.type.descriptor.sql.BasicExtractor   : extracted value ([id1_7_] : [BIGINT]) - [87]
2021-03-10 22:37:37.840 TRACE 20712 --- [    Test worker] o.h.type.descriptor.sql.BasicExtractor   : extracted value ([id1_7_] : [BIGINT]) - [88]
2021-03-10 22:37:37.840 TRACE 20712 --- [    Test worker] o.h.type.descriptor.sql.BasicExtractor   : extracted value ([id1_7_] : [BIGINT]) - [89]
2021-03-10 22:37:37.840 TRACE 20712 --- [    Test worker] o.h.type.descriptor.sql.BasicExtractor   : extracted value ([id1_7_] : [BIGINT]) - [90]
2021-03-10 22:37:37.840 TRACE 20712 --- [    Test worker] o.h.type.descriptor.sql.BasicExtractor   : extracted value ([id1_7_] : [BIGINT]) - [91]
2021-03-10 22:37:37.840 TRACE 20712 --- [    Test worker] o.h.type.descriptor.sql.BasicExtractor   : extracted value ([id1_7_] : [BIGINT]) - [92]
2021-03-10 22:37:37.840 TRACE 20712 --- [    Test worker] o.h.type.descriptor.sql.BasicExtractor   : extracted value ([id1_7_] : [BIGINT]) - [93]
2021-03-10 22:37:37.840 TRACE 20712 --- [    Test worker] o.h.type.descriptor.sql.BasicExtractor   : extracted value ([id1_7_] : [BIGINT]) - [94]
2021-03-10 22:37:37.840 TRACE 20712 --- [    Test worker] o.h.type.descriptor.sql.BasicExtractor   : extracted value ([id1_7_] : [BIGINT]) - [95]
2021-03-10 22:37:37.840 TRACE 20712 --- [    Test worker] o.h.type.descriptor.sql.BasicExtractor   : extracted value ([id1_7_] : [BIGINT]) - [96]
2021-03-10 22:37:37.840 TRACE 20712 --- [    Test worker] o.h.type.descriptor.sql.BasicExtractor   : extracted value ([id1_7_] : [BIGINT]) - [97]
2021-03-10 22:37:37.840 TRACE 20712 --- [    Test worker] o.h.type.descriptor.sql.BasicExtractor   : extracted value ([id1_7_] : [BIGINT]) - [98]
2021-03-10 22:37:37.840 TRACE 20712 --- [    Test worker] o.h.type.descriptor.sql.BasicExtractor   : extracted value ([id1_7_] : [BIGINT]) - [99]
2021-03-10 22:37:37.840 TRACE 20712 --- [    Test worker] o.h.type.descriptor.sql.BasicExtractor   : extracted value ([id1_7_] : [BIGINT]) - [100]
2021-03-10 22:37:37.840 TRACE 20712 --- [    Test worker] o.h.type.descriptor.sql.BasicExtractor   : extracted value ([id1_7_] : [BIGINT]) - [101]
2021-03-10 22:37:37.840 TRACE 20712 --- [    Test worker] o.h.type.descriptor.sql.BasicExtractor   : extracted value ([id1_7_] : [BIGINT]) - [102]
2021-03-10 22:37:37.840 TRACE 20712 --- [    Test worker] o.h.type.descriptor.sql.BasicExtractor   : extracted value ([id1_7_] : [BIGINT]) - [103]
2021-03-10 22:37:37.840 TRACE 20712 --- [    Test worker] o.h.type.descriptor.sql.BasicExtractor   : extracted value ([id1_7_] : [BIGINT]) - [104]
2021-03-10 22:37:37.840 TRACE 20712 --- [    Test worker] o.h.type.descriptor.sql.BasicExtractor   : extracted value ([id1_7_] : [BIGINT]) - [105]
2021-03-10 22:37:37.840 TRACE 20712 --- [    Test worker] o.h.type.descriptor.sql.BasicExtractor   : extracted value ([id1_7_] : [BIGINT]) - [106]
2021-03-10 22:37:37.840 TRACE 20712 --- [    Test worker] o.h.type.descriptor.sql.BasicExtractor   : extracted value ([id1_7_] : [BIGINT]) - [107]
2021-03-10 22:37:37.840 TRACE 20712 --- [    Test worker] o.h.type.descriptor.sql.BasicExtractor   : extracted value ([id1_7_] : [BIGINT]) - [108]
2021-03-10 22:37:37.840 TRACE 20712 --- [    Test worker] o.h.type.descriptor.sql.BasicExtractor   : extracted value ([id1_7_] : [BIGINT]) - [109]
2021-03-10 22:37:37.840 TRACE 20712 --- [    Test worker] o.h.type.descriptor.sql.BasicExtractor   : extracted value ([id1_7_] : [BIGINT]) - [110]
2021-03-10 22:37:37.840 TRACE 20712 --- [    Test worker] o.h.type.descriptor.sql.BasicExtractor   : extracted value ([id1_7_] : [BIGINT]) - [111]
2021-03-10 22:37:37.840 TRACE 20712 --- [    Test worker] o.h.type.descriptor.sql.BasicExtractor   : extracted value ([id1_7_] : [BIGINT]) - [112]
2021-03-10 22:37:37.840 TRACE 20712 --- [    Test worker] o.h.type.descriptor.sql.BasicExtractor   : extracted value ([id1_7_] : [BIGINT]) - [113]
2021-03-10 22:37:37.840 TRACE 20712 --- [    Test worker] o.h.type.descriptor.sql.BasicExtractor   : extracted value ([id1_7_] : [BIGINT]) - [114]
2021-03-10 22:37:37.840 TRACE 20712 --- [    Test worker] o.h.type.descriptor.sql.BasicExtractor   : extracted value ([id1_7_] : [BIGINT]) - [115]
2021-03-10 22:37:37.840 TRACE 20712 --- [    Test worker] o.h.type.descriptor.sql.BasicExtractor   : extracted value ([id1_7_] : [BIGINT]) - [116]
2021-03-10 22:37:37.840 TRACE 20712 --- [    Test worker] o.h.type.descriptor.sql.BasicExtractor   : extracted value ([id1_7_] : [BIGINT]) - [117]
2021-03-10 22:37:37.840 TRACE 20712 --- [    Test worker] o.h.type.descriptor.sql.BasicExtractor   : extracted value ([id1_7_] : [BIGINT]) - [118]
2021-03-10 22:37:37.840 TRACE 20712 --- [    Test worker] o.h.type.descriptor.sql.BasicExtractor   : extracted value ([id1_7_] : [BIGINT]) - [119]
2021-03-10 22:37:37.840 TRACE 20712 --- [    Test worker] o.h.type.descriptor.sql.BasicExtractor   : extracted value ([id1_7_] : [BIGINT]) - [120]
2021-03-10 22:37:37.840 TRACE 20712 --- [    Test worker] o.h.type.descriptor.sql.BasicExtractor   : extracted value ([id1_7_] : [BIGINT]) - [121]
2021-03-10 22:37:37.840 TRACE 20712 --- [    Test worker] o.h.type.descriptor.sql.BasicExtractor   : extracted value ([id1_7_] : [BIGINT]) - [122]
2021-03-10 22:37:37.840 TRACE 20712 --- [    Test worker] o.h.type.descriptor.sql.BasicExtractor   : extracted value ([id1_7_] : [BIGINT]) - [123]
2021-03-10 22:37:37.840 TRACE 20712 --- [    Test worker] o.h.type.descriptor.sql.BasicExtractor   : extracted value ([id1_7_] : [BIGINT]) - [124]
2021-03-10 22:37:37.840 TRACE 20712 --- [    Test worker] o.h.type.descriptor.sql.BasicExtractor   : extracted value ([id1_7_] : [BIGINT]) - [125]
2021-03-10 22:37:37.840 TRACE 20712 --- [    Test worker] o.h.type.descriptor.sql.BasicExtractor   : extracted value ([id1_7_] : [BIGINT]) - [126]
2021-03-10 22:37:37.840 TRACE 20712 --- [    Test worker] o.h.type.descriptor.sql.BasicExtractor   : extracted value ([id1_7_] : [BIGINT]) - [127]
2021-03-10 22:37:37.840 TRACE 20712 --- [    Test worker] o.h.type.descriptor.sql.BasicExtractor   : extracted value ([id1_7_] : [BIGINT]) - [128]
2021-03-10 22:37:37.840 TRACE 20712 --- [    Test worker] o.h.type.descriptor.sql.BasicExtractor   : extracted value ([id1_7_] : [BIGINT]) - [129]
2021-03-10 22:37:37.840 TRACE 20712 --- [    Test worker] o.h.type.descriptor.sql.BasicExtractor   : extracted value ([id1_7_] : [BIGINT]) - [130]
2021-03-10 22:37:37.840 TRACE 20712 --- [    Test worker] o.h.type.descriptor.sql.BasicExtractor   : extracted value ([id1_7_] : [BIGINT]) - [131]
2021-03-10 22:37:37.840 TRACE 20712 --- [    Test worker] o.h.type.descriptor.sql.BasicExtractor   : extracted value ([id1_7_] : [BIGINT]) - [132]
2021-03-10 22:37:37.840 TRACE 20712 --- [    Test worker] o.h.type.descriptor.sql.BasicExtractor   : extracted value ([id1_7_] : [BIGINT]) - [133]
2021-03-10 22:37:37.840 TRACE 20712 --- [    Test worker] o.h.type.descriptor.sql.BasicExtractor   : extracted value ([id1_7_] : [BIGINT]) - [134]
2021-03-10 22:37:37.840 TRACE 20712 --- [    Test worker] o.h.type.descriptor.sql.BasicExtractor   : extracted value ([id1_7_] : [BIGINT]) - [135]
2021-03-10 22:37:37.840 TRACE 20712 --- [    Test worker] o.h.type.descriptor.sql.BasicExtractor   : extracted value ([id1_7_] : [BIGINT]) - [136]
2021-03-10 22:37:37.840 TRACE 20712 --- [    Test worker] o.h.type.descriptor.sql.BasicExtractor   : extracted value ([id1_7_] : [BIGINT]) - [137]
2021-03-10 22:37:37.840 TRACE 20712 --- [    Test worker] o.h.type.descriptor.sql.BasicExtractor   : extracted value ([id1_7_] : [BIGINT]) - [138]
2021-03-10 22:37:37.840 TRACE 20712 --- [    Test worker] o.h.type.descriptor.sql.BasicExtractor   : extracted value ([id1_7_] : [BIGINT]) - [139]
2021-03-10 22:37:37.840 TRACE 20712 --- [    Test worker] o.h.type.descriptor.sql.BasicExtractor   : extracted value ([id1_7_] : [BIGINT]) - [140]
2021-03-10 22:37:37.840 TRACE 20712 --- [    Test worker] o.h.type.descriptor.sql.BasicExtractor   : extracted value ([id1_7_] : [BIGINT]) - [141]
2021-03-10 22:37:37.840 TRACE 20712 --- [    Test worker] o.h.type.descriptor.sql.BasicExtractor   : extracted value ([id1_7_] : [BIGINT]) - [142]
2021-03-10 22:37:37.840 TRACE 20712 --- [    Test worker] o.h.type.descriptor.sql.BasicExtractor   : extracted value ([id1_7_] : [BIGINT]) - [143]
2021-03-10 22:37:37.840 TRACE 20712 --- [    Test worker] o.h.type.descriptor.sql.BasicExtractor   : extracted value ([id1_7_] : [BIGINT]) - [144]
2021-03-10 22:37:37.840 TRACE 20712 --- [    Test worker] o.h.type.descriptor.sql.BasicExtractor   : extracted value ([id1_7_] : [BIGINT]) - [145]
Hibernate: 
    select
        zone0_.id as id1_7_,
        zone0_.city as city2_7_,
        zone0_.local_name_of_city as local_na3_7_,
        zone0_.province as province4_7_ 
    from
        zone zone0_
2021-03-10 22:37:37.840 TRACE 20712 --- [    Test worker] o.h.type.descriptor.sql.BasicExtractor   : extracted value ([id1_7_] : [BIGINT]) - [61]
2021-03-10 22:37:37.840 TRACE 20712 --- [    Test worker] o.h.type.descriptor.sql.BasicExtractor   : extracted value ([id1_7_] : [BIGINT]) - [62]
2021-03-10 22:37:37.840 TRACE 20712 --- [    Test worker] o.h.type.descriptor.sql.BasicExtractor   : extracted value ([id1_7_] : [BIGINT]) - [63]
2021-03-10 22:37:37.840 TRACE 20712 --- [    Test worker] o.h.type.descriptor.sql.BasicExtractor   : extracted value ([id1_7_] : [BIGINT]) - [64]
2021-03-10 22:37:37.840 TRACE 20712 --- [    Test worker] o.h.type.descriptor.sql.BasicExtractor   : extracted value ([id1_7_] : [BIGINT]) - [65]
2021-03-10 22:37:37.840 TRACE 20712 --- [    Test worker] o.h.type.descriptor.sql.BasicExtractor   : extracted value ([id1_7_] : [BIGINT]) - [66]
2021-03-10 22:37:37.840 TRACE 20712 --- [    Test worker] o.h.type.descriptor.sql.BasicExtractor   : extracted value ([id1_7_] : [BIGINT]) - [67]
2021-03-10 22:37:37.840 TRACE 20712 --- [    Test worker] o.h.type.descriptor.sql.BasicExtractor   : extracted value ([id1_7_] : [BIGINT]) - [68]
2021-03-10 22:37:37.840 TRACE 20712 --- [    Test worker] o.h.type.descriptor.sql.BasicExtractor   : extracted value ([id1_7_] : [BIGINT]) - [69]
2021-03-10 22:37:37.840 TRACE 20712 --- [    Test worker] o.h.type.descriptor.sql.BasicExtractor   : extracted value ([id1_7_] : [BIGINT]) - [70]
2021-03-10 22:37:37.840 TRACE 20712 --- [    Test worker] o.h.type.descriptor.sql.BasicExtractor   : extracted value ([id1_7_] : [BIGINT]) - [71]
2021-03-10 22:37:37.840 TRACE 20712 --- [    Test worker] o.h.type.descriptor.sql.BasicExtractor   : extracted value ([id1_7_] : [BIGINT]) - [72]
2021-03-10 22:37:37.840 TRACE 20712 --- [    Test worker] o.h.type.descriptor.sql.BasicExtractor   : extracted value ([id1_7_] : [BIGINT]) - [73]
2021-03-10 22:37:37.840 TRACE 20712 --- [    Test worker] o.h.type.descriptor.sql.BasicExtractor   : extracted value ([id1_7_] : [BIGINT]) - [74]
2021-03-10 22:37:37.840 TRACE 20712 --- [    Test worker] o.h.type.descriptor.sql.BasicExtractor   : extracted value ([id1_7_] : [BIGINT]) - [75]
2021-03-10 22:37:37.840 TRACE 20712 --- [    Test worker] o.h.type.descriptor.sql.BasicExtractor   : extracted value ([id1_7_] : [BIGINT]) - [76]
2021-03-10 22:37:37.840 TRACE 20712 --- [    Test worker] o.h.type.descriptor.sql.BasicExtractor   : extracted value ([id1_7_] : [BIGINT]) - [77]
2021-03-10 22:37:37.840 TRACE 20712 --- [    Test worker] o.h.type.descriptor.sql.BasicExtractor   : extracted value ([id1_7_] : [BIGINT]) - [78]
2021-03-10 22:37:37.840 TRACE 20712 --- [    Test worker] o.h.type.descriptor.sql.BasicExtractor   : extracted value ([id1_7_] : [BIGINT]) - [79]
2021-03-10 22:37:37.840 TRACE 20712 --- [    Test worker] o.h.type.descriptor.sql.BasicExtractor   : extracted value ([id1_7_] : [BIGINT]) - [80]
2021-03-10 22:37:37.840 TRACE 20712 --- [    Test worker] o.h.type.descriptor.sql.BasicExtractor   : extracted value ([id1_7_] : [BIGINT]) - [81]
2021-03-10 22:37:37.840 TRACE 20712 --- [    Test worker] o.h.type.descriptor.sql.BasicExtractor   : extracted value ([id1_7_] : [BIGINT]) - [82]
2021-03-10 22:37:37.840 TRACE 20712 --- [    Test worker] o.h.type.descriptor.sql.BasicExtractor   : extracted value ([id1_7_] : [BIGINT]) - [83]
2021-03-10 22:37:37.840 TRACE 20712 --- [    Test worker] o.h.type.descriptor.sql.BasicExtractor   : extracted value ([id1_7_] : [BIGINT]) - [84]
2021-03-10 22:37:37.840 TRACE 20712 --- [    Test worker] o.h.type.descriptor.sql.BasicExtractor   : extracted value ([id1_7_] : [BIGINT]) - [85]
2021-03-10 22:37:37.840 TRACE 20712 --- [    Test worker] o.h.type.descriptor.sql.BasicExtractor   : extracted value ([id1_7_] : [BIGINT]) - [86]
2021-03-10 22:37:37.840 TRACE 20712 --- [    Test worker] o.h.type.descriptor.sql.BasicExtractor   : extracted value ([id1_7_] : [BIGINT]) - [87]
2021-03-10 22:37:37.840 TRACE 20712 --- [    Test worker] o.h.type.descriptor.sql.BasicExtractor   : extracted value ([id1_7_] : [BIGINT]) - [88]
2021-03-10 22:37:37.840 TRACE 20712 --- [    Test worker] o.h.type.descriptor.sql.BasicExtractor   : extracted value ([id1_7_] : [BIGINT]) - [89]
2021-03-10 22:37:37.840 TRACE 20712 --- [    Test worker] o.h.type.descriptor.sql.BasicExtractor   : extracted value ([id1_7_] : [BIGINT]) - [90]
2021-03-10 22:37:37.840 TRACE 20712 --- [    Test worker] o.h.type.descriptor.sql.BasicExtractor   : extracted value ([id1_7_] : [BIGINT]) - [91]
2021-03-10 22:37:37.840 TRACE 20712 --- [    Test worker] o.h.type.descriptor.sql.BasicExtractor   : extracted value ([id1_7_] : [BIGINT]) - [92]
2021-03-10 22:37:37.840 TRACE 20712 --- [    Test worker] o.h.type.descriptor.sql.BasicExtractor   : extracted value ([id1_7_] : [BIGINT]) - [93]
2021-03-10 22:37:37.840 TRACE 20712 --- [    Test worker] o.h.type.descriptor.sql.BasicExtractor   : extracted value ([id1_7_] : [BIGINT]) - [94]
2021-03-10 22:37:37.840 TRACE 20712 --- [    Test worker] o.h.type.descriptor.sql.BasicExtractor   : extracted value ([id1_7_] : [BIGINT]) - [95]
2021-03-10 22:37:37.840 TRACE 20712 --- [    Test worker] o.h.type.descriptor.sql.BasicExtractor   : extracted value ([id1_7_] : [BIGINT]) - [96]
2021-03-10 22:37:37.840 TRACE 20712 --- [    Test worker] o.h.type.descriptor.sql.BasicExtractor   : extracted value ([id1_7_] : [BIGINT]) - [97]
2021-03-10 22:37:37.840 TRACE 20712 --- [    Test worker] o.h.type.descriptor.sql.BasicExtractor   : extracted value ([id1_7_] : [BIGINT]) - [98]
2021-03-10 22:37:37.840 TRACE 20712 --- [    Test worker] o.h.type.descriptor.sql.BasicExtractor   : extracted value ([id1_7_] : [BIGINT]) - [99]
2021-03-10 22:37:37.840 TRACE 20712 --- [    Test worker] o.h.type.descriptor.sql.BasicExtractor   : extracted value ([id1_7_] : [BIGINT]) - [100]
2021-03-10 22:37:37.840 TRACE 20712 --- [    Test worker] o.h.type.descriptor.sql.BasicExtractor   : extracted value ([id1_7_] : [BIGINT]) - [101]
2021-03-10 22:37:37.840 TRACE 20712 --- [    Test worker] o.h.type.descriptor.sql.BasicExtractor   : extracted value ([id1_7_] : [BIGINT]) - [102]
2021-03-10 22:37:37.840 TRACE 20712 --- [    Test worker] o.h.type.descriptor.sql.BasicExtractor   : extracted value ([id1_7_] : [BIGINT]) - [103]
2021-03-10 22:37:37.840 TRACE 20712 --- [    Test worker] o.h.type.descriptor.sql.BasicExtractor   : extracted value ([id1_7_] : [BIGINT]) - [104]
2021-03-10 22:37:37.840 TRACE 20712 --- [    Test worker] o.h.type.descriptor.sql.BasicExtractor   : extracted value ([id1_7_] : [BIGINT]) - [105]
2021-03-10 22:37:37.840 TRACE 20712 --- [    Test worker] o.h.type.descriptor.sql.BasicExtractor   : extracted value ([id1_7_] : [BIGINT]) - [106]
2021-03-10 22:37:37.840 TRACE 20712 --- [    Test worker] o.h.type.descriptor.sql.BasicExtractor   : extracted value ([id1_7_] : [BIGINT]) - [107]
2021-03-10 22:37:37.840 TRACE 20712 --- [    Test worker] o.h.type.descriptor.sql.BasicExtractor   : extracted value ([id1_7_] : [BIGINT]) - [108]
2021-03-10 22:37:37.840 TRACE 20712 --- [    Test worker] o.h.type.descriptor.sql.BasicExtractor   : extracted value ([id1_7_] : [BIGINT]) - [109]
2021-03-10 22:37:37.840 TRACE 20712 --- [    Test worker] o.h.type.descriptor.sql.BasicExtractor   : extracted value ([id1_7_] : [BIGINT]) - [110]
2021-03-10 22:37:37.840 TRACE 20712 --- [    Test worker] o.h.type.descriptor.sql.BasicExtractor   : extracted value ([id1_7_] : [BIGINT]) - [111]
2021-03-10 22:37:37.840 TRACE 20712 --- [    Test worker] o.h.type.descriptor.sql.BasicExtractor   : extracted value ([id1_7_] : [BIGINT]) - [112]
2021-03-10 22:37:37.840 TRACE 20712 --- [    Test worker] o.h.type.descriptor.sql.BasicExtractor   : extracted value ([id1_7_] : [BIGINT]) - [113]
2021-03-10 22:37:37.840 TRACE 20712 --- [    Test worker] o.h.type.descriptor.sql.BasicExtractor   : extracted value ([id1_7_] : [BIGINT]) - [114]
2021-03-10 22:37:37.840 TRACE 20712 --- [    Test worker] o.h.type.descriptor.sql.BasicExtractor   : extracted value ([id1_7_] : [BIGINT]) - [115]
2021-03-10 22:37:37.840 TRACE 20712 --- [    Test worker] o.h.type.descriptor.sql.BasicExtractor   : extracted value ([id1_7_] : [BIGINT]) - [116]
2021-03-10 22:37:37.840 TRACE 20712 --- [    Test worker] o.h.type.descriptor.sql.BasicExtractor   : extracted value ([id1_7_] : [BIGINT]) - [117]
2021-03-10 22:37:37.840 TRACE 20712 --- [    Test worker] o.h.type.descriptor.sql.BasicExtractor   : extracted value ([id1_7_] : [BIGINT]) - [118]
2021-03-10 22:37:37.840 TRACE 20712 --- [    Test worker] o.h.type.descriptor.sql.BasicExtractor   : extracted value ([id1_7_] : [BIGINT]) - [119]
2021-03-10 22:37:37.840 TRACE 20712 --- [    Test worker] o.h.type.descriptor.sql.BasicExtractor   : extracted value ([id1_7_] : [BIGINT]) - [120]
2021-03-10 22:37:37.840 TRACE 20712 --- [    Test worker] o.h.type.descriptor.sql.BasicExtractor   : extracted value ([id1_7_] : [BIGINT]) - [121]
2021-03-10 22:37:37.840 TRACE 20712 --- [    Test worker] o.h.type.descriptor.sql.BasicExtractor   : extracted value ([id1_7_] : [BIGINT]) - [122]
2021-03-10 22:37:37.840 TRACE 20712 --- [    Test worker] o.h.type.descriptor.sql.BasicExtractor   : extracted value ([id1_7_] : [BIGINT]) - [123]
2021-03-10 22:37:37.840 TRACE 20712 --- [    Test worker] o.h.type.descriptor.sql.BasicExtractor   : extracted value ([id1_7_] : [BIGINT]) - [124]
2021-03-10 22:37:37.840 TRACE 20712 --- [    Test worker] o.h.type.descriptor.sql.BasicExtractor   : extracted value ([id1_7_] : [BIGINT]) - [125]
2021-03-10 22:37:37.840 TRACE 20712 --- [    Test worker] o.h.type.descriptor.sql.BasicExtractor   : extracted value ([id1_7_] : [BIGINT]) - [126]
2021-03-10 22:37:37.840 TRACE 20712 --- [    Test worker] o.h.type.descriptor.sql.BasicExtractor   : extracted value ([id1_7_] : [BIGINT]) - [127]
2021-03-10 22:37:37.840 TRACE 20712 --- [    Test worker] o.h.type.descriptor.sql.BasicExtractor   : extracted value ([id1_7_] : [BIGINT]) - [128]
2021-03-10 22:37:37.840 TRACE 20712 --- [    Test worker] o.h.type.descriptor.sql.BasicExtractor   : extracted value ([id1_7_] : [BIGINT]) - [129]
2021-03-10 22:37:37.840 TRACE 20712 --- [    Test worker] o.h.type.descriptor.sql.BasicExtractor   : extracted value ([id1_7_] : [BIGINT]) - [130]
2021-03-10 22:37:37.840 TRACE 20712 --- [    Test worker] o.h.type.descriptor.sql.BasicExtractor   : extracted value ([id1_7_] : [BIGINT]) - [131]
2021-03-10 22:37:37.840 TRACE 20712 --- [    Test worker] o.h.type.descriptor.sql.BasicExtractor   : extracted value ([id1_7_] : [BIGINT]) - [132]
2021-03-10 22:37:37.840 TRACE 20712 --- [    Test worker] o.h.type.descriptor.sql.BasicExtractor   : extracted value ([id1_7_] : [BIGINT]) - [133]
2021-03-10 22:37:37.840 TRACE 20712 --- [    Test worker] o.h.type.descriptor.sql.BasicExtractor   : extracted value ([id1_7_] : [BIGINT]) - [134]
2021-03-10 22:37:37.840 TRACE 20712 --- [    Test worker] o.h.type.descriptor.sql.BasicExtractor   : extracted value ([id1_7_] : [BIGINT]) - [135]
2021-03-10 22:37:37.840 TRACE 20712 --- [    Test worker] o.h.type.descriptor.sql.BasicExtractor   : extracted value ([id1_7_] : [BIGINT]) - [136]
2021-03-10 22:37:37.840 TRACE 20712 --- [    Test worker] o.h.type.descriptor.sql.BasicExtractor   : extracted value ([id1_7_] : [BIGINT]) - [137]
2021-03-10 22:37:37.840 TRACE 20712 --- [    Test worker] o.h.type.descriptor.sql.BasicExtractor   : extracted value ([id1_7_] : [BIGINT]) - [138]
2021-03-10 22:37:37.840 TRACE 20712 --- [    Test worker] o.h.type.descriptor.sql.BasicExtractor   : extracted value ([id1_7_] : [BIGINT]) - [139]
2021-03-10 22:37:37.840 TRACE 20712 --- [    Test worker] o.h.type.descriptor.sql.BasicExtractor   : extracted value ([id1_7_] : [BIGINT]) - [140]
2021-03-10 22:37:37.840 TRACE 20712 --- [    Test worker] o.h.type.descriptor.sql.BasicExtractor   : extracted value ([id1_7_] : [BIGINT]) - [141]
2021-03-10 22:37:37.840 TRACE 20712 --- [    Test worker] o.h.type.descriptor.sql.BasicExtractor   : extracted value ([id1_7_] : [BIGINT]) - [142]
2021-03-10 22:37:37.840 TRACE 20712 --- [    Test worker] o.h.type.descriptor.sql.BasicExtractor   : extracted value ([id1_7_] : [BIGINT]) - [143]
2021-03-10 22:37:37.840 TRACE 20712 --- [    Test worker] o.h.type.descriptor.sql.BasicExtractor   : extracted value ([id1_7_] : [BIGINT]) - [144]
2021-03-10 22:37:37.840 TRACE 20712 --- [    Test worker] o.h.type.descriptor.sql.BasicExtractor   : extracted value ([id1_7_] : [BIGINT]) - [145]
Hibernate: 
    select
        zone0_.id as id1_7_,
        zone0_.city as city2_7_,
        zone0_.local_name_of_city as local_na3_7_,
        zone0_.province as province4_7_ 
    from
        zone zone0_
2021-03-10 22:37:37.856 TRACE 20712 --- [    Test worker] o.h.type.descriptor.sql.BasicExtractor   : extracted value ([id1_7_] : [BIGINT]) - [61]
2021-03-10 22:37:37.856 TRACE 20712 --- [    Test worker] o.h.type.descriptor.sql.BasicExtractor   : extracted value ([id1_7_] : [BIGINT]) - [62]
2021-03-10 22:37:37.856 TRACE 20712 --- [    Test worker] o.h.type.descriptor.sql.BasicExtractor   : extracted value ([id1_7_] : [BIGINT]) - [63]
2021-03-10 22:37:37.856 TRACE 20712 --- [    Test worker] o.h.type.descriptor.sql.BasicExtractor   : extracted value ([id1_7_] : [BIGINT]) - [64]
2021-03-10 22:37:37.856 TRACE 20712 --- [    Test worker] o.h.type.descriptor.sql.BasicExtractor   : extracted value ([id1_7_] : [BIGINT]) - [65]
2021-03-10 22:37:37.856 TRACE 20712 --- [    Test worker] o.h.type.descriptor.sql.BasicExtractor   : extracted value ([id1_7_] : [BIGINT]) - [66]
2021-03-10 22:37:37.856 TRACE 20712 --- [    Test worker] o.h.type.descriptor.sql.BasicExtractor   : extracted value ([id1_7_] : [BIGINT]) - [67]
2021-03-10 22:37:37.856 TRACE 20712 --- [    Test worker] o.h.type.descriptor.sql.BasicExtractor   : extracted value ([id1_7_] : [BIGINT]) - [68]
2021-03-10 22:37:37.856 TRACE 20712 --- [    Test worker] o.h.type.descriptor.sql.BasicExtractor   : extracted value ([id1_7_] : [BIGINT]) - [69]
2021-03-10 22:37:37.856 TRACE 20712 --- [    Test worker] o.h.type.descriptor.sql.BasicExtractor   : extracted value ([id1_7_] : [BIGINT]) - [70]
2021-03-10 22:37:37.856 TRACE 20712 --- [    Test worker] o.h.type.descriptor.sql.BasicExtractor   : extracted value ([id1_7_] : [BIGINT]) - [71]
2021-03-10 22:37:37.856 TRACE 20712 --- [    Test worker] o.h.type.descriptor.sql.BasicExtractor   : extracted value ([id1_7_] : [BIGINT]) - [72]
2021-03-10 22:37:37.856 TRACE 20712 --- [    Test worker] o.h.type.descriptor.sql.BasicExtractor   : extracted value ([id1_7_] : [BIGINT]) - [73]
2021-03-10 22:37:37.856 TRACE 20712 --- [    Test worker] o.h.type.descriptor.sql.BasicExtractor   : extracted value ([id1_7_] : [BIGINT]) - [74]
2021-03-10 22:37:37.856 TRACE 20712 --- [    Test worker] o.h.type.descriptor.sql.BasicExtractor   : extracted value ([id1_7_] : [BIGINT]) - [75]
2021-03-10 22:37:37.856 TRACE 20712 --- [    Test worker] o.h.type.descriptor.sql.BasicExtractor   : extracted value ([id1_7_] : [BIGINT]) - [76]
2021-03-10 22:37:37.856 TRACE 20712 --- [    Test worker] o.h.type.descriptor.sql.BasicExtractor   : extracted value ([id1_7_] : [BIGINT]) - [77]
2021-03-10 22:37:37.856 TRACE 20712 --- [    Test worker] o.h.type.descriptor.sql.BasicExtractor   : extracted value ([id1_7_] : [BIGINT]) - [78]
2021-03-10 22:37:37.856 TRACE 20712 --- [    Test worker] o.h.type.descriptor.sql.BasicExtractor   : extracted value ([id1_7_] : [BIGINT]) - [79]
2021-03-10 22:37:37.856 TRACE 20712 --- [    Test worker] o.h.type.descriptor.sql.BasicExtractor   : extracted value ([id1_7_] : [BIGINT]) - [80]
2021-03-10 22:37:37.856 TRACE 20712 --- [    Test worker] o.h.type.descriptor.sql.BasicExtractor   : extracted value ([id1_7_] : [BIGINT]) - [81]
2021-03-10 22:37:37.856 TRACE 20712 --- [    Test worker] o.h.type.descriptor.sql.BasicExtractor   : extracted value ([id1_7_] : [BIGINT]) - [82]
2021-03-10 22:37:37.856 TRACE 20712 --- [    Test worker] o.h.type.descriptor.sql.BasicExtractor   : extracted value ([id1_7_] : [BIGINT]) - [83]
2021-03-10 22:37:37.856 TRACE 20712 --- [    Test worker] o.h.type.descriptor.sql.BasicExtractor   : extracted value ([id1_7_] : [BIGINT]) - [84]
2021-03-10 22:37:37.856 TRACE 20712 --- [    Test worker] o.h.type.descriptor.sql.BasicExtractor   : extracted value ([id1_7_] : [BIGINT]) - [85]
2021-03-10 22:37:37.856 TRACE 20712 --- [    Test worker] o.h.type.descriptor.sql.BasicExtractor   : extracted value ([id1_7_] : [BIGINT]) - [86]
2021-03-10 22:37:37.856 TRACE 20712 --- [    Test worker] o.h.type.descriptor.sql.BasicExtractor   : extracted value ([id1_7_] : [BIGINT]) - [87]
2021-03-10 22:37:37.856 TRACE 20712 --- [    Test worker] o.h.type.descriptor.sql.BasicExtractor   : extracted value ([id1_7_] : [BIGINT]) - [88]
2021-03-10 22:37:37.856 TRACE 20712 --- [    Test worker] o.h.type.descriptor.sql.BasicExtractor   : extracted value ([id1_7_] : [BIGINT]) - [89]
2021-03-10 22:37:37.856 TRACE 20712 --- [    Test worker] o.h.type.descriptor.sql.BasicExtractor   : extracted value ([id1_7_] : [BIGINT]) - [90]
2021-03-10 22:37:37.856 TRACE 20712 --- [    Test worker] o.h.type.descriptor.sql.BasicExtractor   : extracted value ([id1_7_] : [BIGINT]) - [91]
2021-03-10 22:37:37.856 TRACE 20712 --- [    Test worker] o.h.type.descriptor.sql.BasicExtractor   : extracted value ([id1_7_] : [BIGINT]) - [92]
2021-03-10 22:37:37.856 TRACE 20712 --- [    Test worker] o.h.type.descriptor.sql.BasicExtractor   : extracted value ([id1_7_] : [BIGINT]) - [93]
2021-03-10 22:37:37.856 TRACE 20712 --- [    Test worker] o.h.type.descriptor.sql.BasicExtractor   : extracted value ([id1_7_] : [BIGINT]) - [94]
2021-03-10 22:37:37.856 TRACE 20712 --- [    Test worker] o.h.type.descriptor.sql.BasicExtractor   : extracted value ([id1_7_] : [BIGINT]) - [95]
2021-03-10 22:37:37.856 TRACE 20712 --- [    Test worker] o.h.type.descriptor.sql.BasicExtractor   : extracted value ([id1_7_] : [BIGINT]) - [96]
2021-03-10 22:37:37.856 TRACE 20712 --- [    Test worker] o.h.type.descriptor.sql.BasicExtractor   : extracted value ([id1_7_] : [BIGINT]) - [97]
2021-03-10 22:37:37.856 TRACE 20712 --- [    Test worker] o.h.type.descriptor.sql.BasicExtractor   : extracted value ([id1_7_] : [BIGINT]) - [98]
2021-03-10 22:37:37.856 TRACE 20712 --- [    Test worker] o.h.type.descriptor.sql.BasicExtractor   : extracted value ([id1_7_] : [BIGINT]) - [99]
2021-03-10 22:37:37.856 TRACE 20712 --- [    Test worker] o.h.type.descriptor.sql.BasicExtractor   : extracted value ([id1_7_] : [BIGINT]) - [100]
2021-03-10 22:37:37.856 TRACE 20712 --- [    Test worker] o.h.type.descriptor.sql.BasicExtractor   : extracted value ([id1_7_] : [BIGINT]) - [101]
2021-03-10 22:37:37.856 TRACE 20712 --- [    Test worker] o.h.type.descriptor.sql.BasicExtractor   : extracted value ([id1_7_] : [BIGINT]) - [102]
2021-03-10 22:37:37.856 TRACE 20712 --- [    Test worker] o.h.type.descriptor.sql.BasicExtractor   : extracted value ([id1_7_] : [BIGINT]) - [103]
2021-03-10 22:37:37.856 TRACE 20712 --- [    Test worker] o.h.type.descriptor.sql.BasicExtractor   : extracted value ([id1_7_] : [BIGINT]) - [104]
2021-03-10 22:37:37.856 TRACE 20712 --- [    Test worker] o.h.type.descriptor.sql.BasicExtractor   : extracted value ([id1_7_] : [BIGINT]) - [105]
2021-03-10 22:37:37.856 TRACE 20712 --- [    Test worker] o.h.type.descriptor.sql.BasicExtractor   : extracted value ([id1_7_] : [BIGINT]) - [106]
2021-03-10 22:37:37.856 TRACE 20712 --- [    Test worker] o.h.type.descriptor.sql.BasicExtractor   : extracted value ([id1_7_] : [BIGINT]) - [107]
2021-03-10 22:37:37.856 TRACE 20712 --- [    Test worker] o.h.type.descriptor.sql.BasicExtractor   : extracted value ([id1_7_] : [BIGINT]) - [108]
2021-03-10 22:37:37.856 TRACE 20712 --- [    Test worker] o.h.type.descriptor.sql.BasicExtractor   : extracted value ([id1_7_] : [BIGINT]) - [109]
2021-03-10 22:37:37.856 TRACE 20712 --- [    Test worker] o.h.type.descriptor.sql.BasicExtractor   : extracted value ([id1_7_] : [BIGINT]) - [110]
2021-03-10 22:37:37.856 TRACE 20712 --- [    Test worker] o.h.type.descriptor.sql.BasicExtractor   : extracted value ([id1_7_] : [BIGINT]) - [111]
2021-03-10 22:37:37.856 TRACE 20712 --- [    Test worker] o.h.type.descriptor.sql.BasicExtractor   : extracted value ([id1_7_] : [BIGINT]) - [112]
2021-03-10 22:37:37.856 TRACE 20712 --- [    Test worker] o.h.type.descriptor.sql.BasicExtractor   : extracted value ([id1_7_] : [BIGINT]) - [113]
2021-03-10 22:37:37.856 TRACE 20712 --- [    Test worker] o.h.type.descriptor.sql.BasicExtractor   : extracted value ([id1_7_] : [BIGINT]) - [114]
2021-03-10 22:37:37.856 TRACE 20712 --- [    Test worker] o.h.type.descriptor.sql.BasicExtractor   : extracted value ([id1_7_] : [BIGINT]) - [115]
2021-03-10 22:37:37.856 TRACE 20712 --- [    Test worker] o.h.type.descriptor.sql.BasicExtractor   : extracted value ([id1_7_] : [BIGINT]) - [116]
2021-03-10 22:37:37.856 TRACE 20712 --- [    Test worker] o.h.type.descriptor.sql.BasicExtractor   : extracted value ([id1_7_] : [BIGINT]) - [117]
2021-03-10 22:37:37.856 TRACE 20712 --- [    Test worker] o.h.type.descriptor.sql.BasicExtractor   : extracted value ([id1_7_] : [BIGINT]) - [118]
2021-03-10 22:37:37.856 TRACE 20712 --- [    Test worker] o.h.type.descriptor.sql.BasicExtractor   : extracted value ([id1_7_] : [BIGINT]) - [119]
2021-03-10 22:37:37.856 TRACE 20712 --- [    Test worker] o.h.type.descriptor.sql.BasicExtractor   : extracted value ([id1_7_] : [BIGINT]) - [120]
2021-03-10 22:37:37.856 TRACE 20712 --- [    Test worker] o.h.type.descriptor.sql.BasicExtractor   : extracted value ([id1_7_] : [BIGINT]) - [121]
2021-03-10 22:37:37.856 TRACE 20712 --- [    Test worker] o.h.type.descriptor.sql.BasicExtractor   : extracted value ([id1_7_] : [BIGINT]) - [122]
2021-03-10 22:37:37.856 TRACE 20712 --- [    Test worker] o.h.type.descriptor.sql.BasicExtractor   : extracted value ([id1_7_] : [BIGINT]) - [123]
2021-03-10 22:37:37.856 TRACE 20712 --- [    Test worker] o.h.type.descriptor.sql.BasicExtractor   : extracted value ([id1_7_] : [BIGINT]) - [124]
2021-03-10 22:37:37.856 TRACE 20712 --- [    Test worker] o.h.type.descriptor.sql.BasicExtractor   : extracted value ([id1_7_] : [BIGINT]) - [125]
2021-03-10 22:37:37.856 TRACE 20712 --- [    Test worker] o.h.type.descriptor.sql.BasicExtractor   : extracted value ([id1_7_] : [BIGINT]) - [126]
2021-03-10 22:37:37.856 TRACE 20712 --- [    Test worker] o.h.type.descriptor.sql.BasicExtractor   : extracted value ([id1_7_] : [BIGINT]) - [127]
2021-03-10 22:37:37.856 TRACE 20712 --- [    Test worker] o.h.type.descriptor.sql.BasicExtractor   : extracted value ([id1_7_] : [BIGINT]) - [128]
2021-03-10 22:37:37.856 TRACE 20712 --- [    Test worker] o.h.type.descriptor.sql.BasicExtractor   : extracted value ([id1_7_] : [BIGINT]) - [129]
2021-03-10 22:37:37.856 TRACE 20712 --- [    Test worker] o.h.type.descriptor.sql.BasicExtractor   : extracted value ([id1_7_] : [BIGINT]) - [130]
2021-03-10 22:37:37.856 TRACE 20712 --- [    Test worker] o.h.type.descriptor.sql.BasicExtractor   : extracted value ([id1_7_] : [BIGINT]) - [131]
2021-03-10 22:37:37.856 TRACE 20712 --- [    Test worker] o.h.type.descriptor.sql.BasicExtractor   : extracted value ([id1_7_] : [BIGINT]) - [132]
2021-03-10 22:37:37.856 TRACE 20712 --- [    Test worker] o.h.type.descriptor.sql.BasicExtractor   : extracted value ([id1_7_] : [BIGINT]) - [133]
2021-03-10 22:37:37.856 TRACE 20712 --- [    Test worker] o.h.type.descriptor.sql.BasicExtractor   : extracted value ([id1_7_] : [BIGINT]) - [134]
2021-03-10 22:37:37.856 TRACE 20712 --- [    Test worker] o.h.type.descriptor.sql.BasicExtractor   : extracted value ([id1_7_] : [BIGINT]) - [135]
2021-03-10 22:37:37.856 TRACE 20712 --- [    Test worker] o.h.type.descriptor.sql.BasicExtractor   : extracted value ([id1_7_] : [BIGINT]) - [136]
2021-03-10 22:37:37.856 TRACE 20712 --- [    Test worker] o.h.type.descriptor.sql.BasicExtractor   : extracted value ([id1_7_] : [BIGINT]) - [137]
2021-03-10 22:37:37.856 TRACE 20712 --- [    Test worker] o.h.type.descriptor.sql.BasicExtractor   : extracted value ([id1_7_] : [BIGINT]) - [138]
2021-03-10 22:37:37.856 TRACE 20712 --- [    Test worker] o.h.type.descriptor.sql.BasicExtractor   : extracted value ([id1_7_] : [BIGINT]) - [139]
2021-03-10 22:37:37.856 TRACE 20712 --- [    Test worker] o.h.type.descriptor.sql.BasicExtractor   : extracted value ([id1_7_] : [BIGINT]) - [140]
2021-03-10 22:37:37.856 TRACE 20712 --- [    Test worker] o.h.type.descriptor.sql.BasicExtractor   : extracted value ([id1_7_] : [BIGINT]) - [141]
2021-03-10 22:37:37.856 TRACE 20712 --- [    Test worker] o.h.type.descriptor.sql.BasicExtractor   : extracted value ([id1_7_] : [BIGINT]) - [142]
2021-03-10 22:37:37.856 TRACE 20712 --- [    Test worker] o.h.type.descriptor.sql.BasicExtractor   : extracted value ([id1_7_] : [BIGINT]) - [143]
2021-03-10 22:37:37.856 TRACE 20712 --- [    Test worker] o.h.type.descriptor.sql.BasicExtractor   : extracted value ([id1_7_] : [BIGINT]) - [144]
2021-03-10 22:37:37.856 TRACE 20712 --- [    Test worker] o.h.type.descriptor.sql.BasicExtractor   : extracted value ([id1_7_] : [BIGINT]) - [145]
Hibernate: 
    select
        zone0_.id as id1_7_,
        zone0_.city as city2_7_,
        zone0_.local_name_of_city as local_na3_7_,
        zone0_.province as province4_7_ 
    from
        zone zone0_
2021-03-10 22:37:37.856 TRACE 20712 --- [    Test worker] o.h.type.descriptor.sql.BasicExtractor   : extracted value ([id1_7_] : [BIGINT]) - [61]
2021-03-10 22:37:37.856 TRACE 20712 --- [    Test worker] o.h.type.descriptor.sql.BasicExtractor   : extracted value ([id1_7_] : [BIGINT]) - [62]
2021-03-10 22:37:37.856 TRACE 20712 --- [    Test worker] o.h.type.descriptor.sql.BasicExtractor   : extracted value ([id1_7_] : [BIGINT]) - [63]
2021-03-10 22:37:37.856 TRACE 20712 --- [    Test worker] o.h.type.descriptor.sql.BasicExtractor   : extracted value ([id1_7_] : [BIGINT]) - [64]
2021-03-10 22:37:37.856 TRACE 20712 --- [    Test worker] o.h.type.descriptor.sql.BasicExtractor   : extracted value ([id1_7_] : [BIGINT]) - [65]
2021-03-10 22:37:37.856 TRACE 20712 --- [    Test worker] o.h.type.descriptor.sql.BasicExtractor   : extracted value ([id1_7_] : [BIGINT]) - [66]
2021-03-10 22:37:37.856 TRACE 20712 --- [    Test worker] o.h.type.descriptor.sql.BasicExtractor   : extracted value ([id1_7_] : [BIGINT]) - [67]
2021-03-10 22:37:37.856 TRACE 20712 --- [    Test worker] o.h.type.descriptor.sql.BasicExtractor   : extracted value ([id1_7_] : [BIGINT]) - [68]
2021-03-10 22:37:37.856 TRACE 20712 --- [    Test worker] o.h.type.descriptor.sql.BasicExtractor   : extracted value ([id1_7_] : [BIGINT]) - [69]
2021-03-10 22:37:37.856 TRACE 20712 --- [    Test worker] o.h.type.descriptor.sql.BasicExtractor   : extracted value ([id1_7_] : [BIGINT]) - [70]
2021-03-10 22:37:37.856 TRACE 20712 --- [    Test worker] o.h.type.descriptor.sql.BasicExtractor   : extracted value ([id1_7_] : [BIGINT]) - [71]
2021-03-10 22:37:37.856 TRACE 20712 --- [    Test worker] o.h.type.descriptor.sql.BasicExtractor   : extracted value ([id1_7_] : [BIGINT]) - [72]
2021-03-10 22:37:37.856 TRACE 20712 --- [    Test worker] o.h.type.descriptor.sql.BasicExtractor   : extracted value ([id1_7_] : [BIGINT]) - [73]
2021-03-10 22:37:37.856 TRACE 20712 --- [    Test worker] o.h.type.descriptor.sql.BasicExtractor   : extracted value ([id1_7_] : [BIGINT]) - [74]
2021-03-10 22:37:37.856 TRACE 20712 --- [    Test worker] o.h.type.descriptor.sql.BasicExtractor   : extracted value ([id1_7_] : [BIGINT]) - [75]
2021-03-10 22:37:37.856 TRACE 20712 --- [    Test worker] o.h.type.descriptor.sql.BasicExtractor   : extracted value ([id1_7_] : [BIGINT]) - [76]
2021-03-10 22:37:37.856 TRACE 20712 --- [    Test worker] o.h.type.descriptor.sql.BasicExtractor   : extracted value ([id1_7_] : [BIGINT]) - [77]
2021-03-10 22:37:37.856 TRACE 20712 --- [    Test worker] o.h.type.descriptor.sql.BasicExtractor   : extracted value ([id1_7_] : [BIGINT]) - [78]
2021-03-10 22:37:37.856 TRACE 20712 --- [    Test worker] o.h.type.descriptor.sql.BasicExtractor   : extracted value ([id1_7_] : [BIGINT]) - [79]
2021-03-10 22:37:37.856 TRACE 20712 --- [    Test worker] o.h.type.descriptor.sql.BasicExtractor   : extracted value ([id1_7_] : [BIGINT]) - [80]
2021-03-10 22:37:37.856 TRACE 20712 --- [    Test worker] o.h.type.descriptor.sql.BasicExtractor   : extracted value ([id1_7_] : [BIGINT]) - [81]
2021-03-10 22:37:37.856 TRACE 20712 --- [    Test worker] o.h.type.descriptor.sql.BasicExtractor   : extracted value ([id1_7_] : [BIGINT]) - [82]
2021-03-10 22:37:37.856 TRACE 20712 --- [    Test worker] o.h.type.descriptor.sql.BasicExtractor   : extracted value ([id1_7_] : [BIGINT]) - [83]
2021-03-10 22:37:37.856 TRACE 20712 --- [    Test worker] o.h.type.descriptor.sql.BasicExtractor   : extracted value ([id1_7_] : [BIGINT]) - [84]
2021-03-10 22:37:37.856 TRACE 20712 --- [    Test worker] o.h.type.descriptor.sql.BasicExtractor   : extracted value ([id1_7_] : [BIGINT]) - [85]
2021-03-10 22:37:37.856 TRACE 20712 --- [    Test worker] o.h.type.descriptor.sql.BasicExtractor   : extracted value ([id1_7_] : [BIGINT]) - [86]
2021-03-10 22:37:37.856 TRACE 20712 --- [    Test worker] o.h.type.descriptor.sql.BasicExtractor   : extracted value ([id1_7_] : [BIGINT]) - [87]
2021-03-10 22:37:37.856 TRACE 20712 --- [    Test worker] o.h.type.descriptor.sql.BasicExtractor   : extracted value ([id1_7_] : [BIGINT]) - [88]
2021-03-10 22:37:37.856 TRACE 20712 --- [    Test worker] o.h.type.descriptor.sql.BasicExtractor   : extracted value ([id1_7_] : [BIGINT]) - [89]
2021-03-10 22:37:37.856 TRACE 20712 --- [    Test worker] o.h.type.descriptor.sql.BasicExtractor   : extracted value ([id1_7_] : [BIGINT]) - [90]
2021-03-10 22:37:37.856 TRACE 20712 --- [    Test worker] o.h.type.descriptor.sql.BasicExtractor   : extracted value ([id1_7_] : [BIGINT]) - [91]
2021-03-10 22:37:37.856 TRACE 20712 --- [    Test worker] o.h.type.descriptor.sql.BasicExtractor   : extracted value ([id1_7_] : [BIGINT]) - [92]
2021-03-10 22:37:37.856 TRACE 20712 --- [    Test worker] o.h.type.descriptor.sql.BasicExtractor   : extracted value ([id1_7_] : [BIGINT]) - [93]
2021-03-10 22:37:37.856 TRACE 20712 --- [    Test worker] o.h.type.descriptor.sql.BasicExtractor   : extracted value ([id1_7_] : [BIGINT]) - [94]
2021-03-10 22:37:37.856 TRACE 20712 --- [    Test worker] o.h.type.descriptor.sql.BasicExtractor   : extracted value ([id1_7_] : [BIGINT]) - [95]
2021-03-10 22:37:37.856 TRACE 20712 --- [    Test worker] o.h.type.descriptor.sql.BasicExtractor   : extracted value ([id1_7_] : [BIGINT]) - [96]
2021-03-10 22:37:37.856 TRACE 20712 --- [    Test worker] o.h.type.descriptor.sql.BasicExtractor   : extracted value ([id1_7_] : [BIGINT]) - [97]
2021-03-10 22:37:37.856 TRACE 20712 --- [    Test worker] o.h.type.descriptor.sql.BasicExtractor   : extracted value ([id1_7_] : [BIGINT]) - [98]
2021-03-10 22:37:37.856 TRACE 20712 --- [    Test worker] o.h.type.descriptor.sql.BasicExtractor   : extracted value ([id1_7_] : [BIGINT]) - [99]
2021-03-10 22:37:37.856 TRACE 20712 --- [    Test worker] o.h.type.descriptor.sql.BasicExtractor   : extracted value ([id1_7_] : [BIGINT]) - [100]
2021-03-10 22:37:37.856 TRACE 20712 --- [    Test worker] o.h.type.descriptor.sql.BasicExtractor   : extracted value ([id1_7_] : [BIGINT]) - [101]
2021-03-10 22:37:37.856 TRACE 20712 --- [    Test worker] o.h.type.descriptor.sql.BasicExtractor   : extracted value ([id1_7_] : [BIGINT]) - [102]
2021-03-10 22:37:37.856 TRACE 20712 --- [    Test worker] o.h.type.descriptor.sql.BasicExtractor   : extracted value ([id1_7_] : [BIGINT]) - [103]
2021-03-10 22:37:37.856 TRACE 20712 --- [    Test worker] o.h.type.descriptor.sql.BasicExtractor   : extracted value ([id1_7_] : [BIGINT]) - [104]
2021-03-10 22:37:37.856 TRACE 20712 --- [    Test worker] o.h.type.descriptor.sql.BasicExtractor   : extracted value ([id1_7_] : [BIGINT]) - [105]
2021-03-10 22:37:37.856 TRACE 20712 --- [    Test worker] o.h.type.descriptor.sql.BasicExtractor   : extracted value ([id1_7_] : [BIGINT]) - [106]
2021-03-10 22:37:37.856 TRACE 20712 --- [    Test worker] o.h.type.descriptor.sql.BasicExtractor   : extracted value ([id1_7_] : [BIGINT]) - [107]
2021-03-10 22:37:37.856 TRACE 20712 --- [    Test worker] o.h.type.descriptor.sql.BasicExtractor   : extracted value ([id1_7_] : [BIGINT]) - [108]
2021-03-10 22:37:37.856 TRACE 20712 --- [    Test worker] o.h.type.descriptor.sql.BasicExtractor   : extracted value ([id1_7_] : [BIGINT]) - [109]
2021-03-10 22:37:37.856 TRACE 20712 --- [    Test worker] o.h.type.descriptor.sql.BasicExtractor   : extracted value ([id1_7_] : [BIGINT]) - [110]
2021-03-10 22:37:37.856 TRACE 20712 --- [    Test worker] o.h.type.descriptor.sql.BasicExtractor   : extracted value ([id1_7_] : [BIGINT]) - [111]
2021-03-10 22:37:37.856 TRACE 20712 --- [    Test worker] o.h.type.descriptor.sql.BasicExtractor   : extracted value ([id1_7_] : [BIGINT]) - [112]
2021-03-10 22:37:37.856 TRACE 20712 --- [    Test worker] o.h.type.descriptor.sql.BasicExtractor   : extracted value ([id1_7_] : [BIGINT]) - [113]
2021-03-10 22:37:37.856 TRACE 20712 --- [    Test worker] o.h.type.descriptor.sql.BasicExtractor   : extracted value ([id1_7_] : [BIGINT]) - [114]
2021-03-10 22:37:37.856 TRACE 20712 --- [    Test worker] o.h.type.descriptor.sql.BasicExtractor   : extracted value ([id1_7_] : [BIGINT]) - [115]
2021-03-10 22:37:37.856 TRACE 20712 --- [    Test worker] o.h.type.descriptor.sql.BasicExtractor   : extracted value ([id1_7_] : [BIGINT]) - [116]
2021-03-10 22:37:37.856 TRACE 20712 --- [    Test worker] o.h.type.descriptor.sql.BasicExtractor   : extracted value ([id1_7_] : [BIGINT]) - [117]
2021-03-10 22:37:37.856 TRACE 20712 --- [    Test worker] o.h.type.descriptor.sql.BasicExtractor   : extracted value ([id1_7_] : [BIGINT]) - [118]
2021-03-10 22:37:37.856 TRACE 20712 --- [    Test worker] o.h.type.descriptor.sql.BasicExtractor   : extracted value ([id1_7_] : [BIGINT]) - [119]
2021-03-10 22:37:37.856 TRACE 20712 --- [    Test worker] o.h.type.descriptor.sql.BasicExtractor   : extracted value ([id1_7_] : [BIGINT]) - [120]
2021-03-10 22:37:37.856 TRACE 20712 --- [    Test worker] o.h.type.descriptor.sql.BasicExtractor   : extracted value ([id1_7_] : [BIGINT]) - [121]
2021-03-10 22:37:37.856 TRACE 20712 --- [    Test worker] o.h.type.descriptor.sql.BasicExtractor   : extracted value ([id1_7_] : [BIGINT]) - [122]
2021-03-10 22:37:37.856 TRACE 20712 --- [    Test worker] o.h.type.descriptor.sql.BasicExtractor   : extracted value ([id1_7_] : [BIGINT]) - [123]
2021-03-10 22:37:37.856 TRACE 20712 --- [    Test worker] o.h.type.descriptor.sql.BasicExtractor   : extracted value ([id1_7_] : [BIGINT]) - [124]
2021-03-10 22:37:37.856 TRACE 20712 --- [    Test worker] o.h.type.descriptor.sql.BasicExtractor   : extracted value ([id1_7_] : [BIGINT]) - [125]
2021-03-10 22:37:37.856 TRACE 20712 --- [    Test worker] o.h.type.descriptor.sql.BasicExtractor   : extracted value ([id1_7_] : [BIGINT]) - [126]
2021-03-10 22:37:37.856 TRACE 20712 --- [    Test worker] o.h.type.descriptor.sql.BasicExtractor   : extracted value ([id1_7_] : [BIGINT]) - [127]
2021-03-10 22:37:37.856 TRACE 20712 --- [    Test worker] o.h.type.descriptor.sql.BasicExtractor   : extracted value ([id1_7_] : [BIGINT]) - [128]
2021-03-10 22:37:37.856 TRACE 20712 --- [    Test worker] o.h.type.descriptor.sql.BasicExtractor   : extracted value ([id1_7_] : [BIGINT]) - [129]
2021-03-10 22:37:37.856 TRACE 20712 --- [    Test worker] o.h.type.descriptor.sql.BasicExtractor   : extracted value ([id1_7_] : [BIGINT]) - [130]
2021-03-10 22:37:37.856 TRACE 20712 --- [    Test worker] o.h.type.descriptor.sql.BasicExtractor   : extracted value ([id1_7_] : [BIGINT]) - [131]
2021-03-10 22:37:37.856 TRACE 20712 --- [    Test worker] o.h.type.descriptor.sql.BasicExtractor   : extracted value ([id1_7_] : [BIGINT]) - [132]
2021-03-10 22:37:37.856 TRACE 20712 --- [    Test worker] o.h.type.descriptor.sql.BasicExtractor   : extracted value ([id1_7_] : [BIGINT]) - [133]
2021-03-10 22:37:37.856 TRACE 20712 --- [    Test worker] o.h.type.descriptor.sql.BasicExtractor   : extracted value ([id1_7_] : [BIGINT]) - [134]
2021-03-10 22:37:37.856 TRACE 20712 --- [    Test worker] o.h.type.descriptor.sql.BasicExtractor   : extracted value ([id1_7_] : [BIGINT]) - [135]
2021-03-10 22:37:37.856 TRACE 20712 --- [    Test worker] o.h.type.descriptor.sql.BasicExtractor   : extracted value ([id1_7_] : [BIGINT]) - [136]
2021-03-10 22:37:37.856 TRACE 20712 --- [    Test worker] o.h.type.descriptor.sql.BasicExtractor   : extracted value ([id1_7_] : [BIGINT]) - [137]
2021-03-10 22:37:37.856 TRACE 20712 --- [    Test worker] o.h.type.descriptor.sql.BasicExtractor   : extracted value ([id1_7_] : [BIGINT]) - [138]
2021-03-10 22:37:37.856 TRACE 20712 --- [    Test worker] o.h.type.descriptor.sql.BasicExtractor   : extracted value ([id1_7_] : [BIGINT]) - [139]
2021-03-10 22:37:37.856 TRACE 20712 --- [    Test worker] o.h.type.descriptor.sql.BasicExtractor   : extracted value ([id1_7_] : [BIGINT]) - [140]
2021-03-10 22:37:37.856 TRACE 20712 --- [    Test worker] o.h.type.descriptor.sql.BasicExtractor   : extracted value ([id1_7_] : [BIGINT]) - [141]
2021-03-10 22:37:37.856 TRACE 20712 --- [    Test worker] o.h.type.descriptor.sql.BasicExtractor   : extracted value ([id1_7_] : [BIGINT]) - [142]
2021-03-10 22:37:37.856 TRACE 20712 --- [    Test worker] o.h.type.descriptor.sql.BasicExtractor   : extracted value ([id1_7_] : [BIGINT]) - [143]
2021-03-10 22:37:37.856 TRACE 20712 --- [    Test worker] o.h.type.descriptor.sql.BasicExtractor   : extracted value ([id1_7_] : [BIGINT]) - [144]
2021-03-10 22:37:37.856 TRACE 20712 --- [    Test worker] o.h.type.descriptor.sql.BasicExtractor   : extracted value ([id1_7_] : [BIGINT]) - [145]
Hibernate: 
    select
        zone0_.id as id1_7_,
        zone0_.city as city2_7_,
        zone0_.local_name_of_city as local_na3_7_,
        zone0_.province as province4_7_ 
    from
        zone zone0_
2021-03-10 22:37:37.856 TRACE 20712 --- [    Test worker] o.h.type.descriptor.sql.BasicExtractor   : extracted value ([id1_7_] : [BIGINT]) - [61]
2021-03-10 22:37:37.856 TRACE 20712 --- [    Test worker] o.h.type.descriptor.sql.BasicExtractor   : extracted value ([id1_7_] : [BIGINT]) - [62]
2021-03-10 22:37:37.856 TRACE 20712 --- [    Test worker] o.h.type.descriptor.sql.BasicExtractor   : extracted value ([id1_7_] : [BIGINT]) - [63]
2021-03-10 22:37:37.856 TRACE 20712 --- [    Test worker] o.h.type.descriptor.sql.BasicExtractor   : extracted value ([id1_7_] : [BIGINT]) - [64]
2021-03-10 22:37:37.856 TRACE 20712 --- [    Test worker] o.h.type.descriptor.sql.BasicExtractor   : extracted value ([id1_7_] : [BIGINT]) - [65]
2021-03-10 22:37:37.856 TRACE 20712 --- [    Test worker] o.h.type.descriptor.sql.BasicExtractor   : extracted value ([id1_7_] : [BIGINT]) - [66]
2021-03-10 22:37:37.856 TRACE 20712 --- [    Test worker] o.h.type.descriptor.sql.BasicExtractor   : extracted value ([id1_7_] : [BIGINT]) - [67]
2021-03-10 22:37:37.856 TRACE 20712 --- [    Test worker] o.h.type.descriptor.sql.BasicExtractor   : extracted value ([id1_7_] : [BIGINT]) - [68]
2021-03-10 22:37:37.856 TRACE 20712 --- [    Test worker] o.h.type.descriptor.sql.BasicExtractor   : extracted value ([id1_7_] : [BIGINT]) - [69]
2021-03-10 22:37:37.856 TRACE 20712 --- [    Test worker] o.h.type.descriptor.sql.BasicExtractor   : extracted value ([id1_7_] : [BIGINT]) - [70]
2021-03-10 22:37:37.856 TRACE 20712 --- [    Test worker] o.h.type.descriptor.sql.BasicExtractor   : extracted value ([id1_7_] : [BIGINT]) - [71]
2021-03-10 22:37:37.856 TRACE 20712 --- [    Test worker] o.h.type.descriptor.sql.BasicExtractor   : extracted value ([id1_7_] : [BIGINT]) - [72]
2021-03-10 22:37:37.856 TRACE 20712 --- [    Test worker] o.h.type.descriptor.sql.BasicExtractor   : extracted value ([id1_7_] : [BIGINT]) - [73]
2021-03-10 22:37:37.856 TRACE 20712 --- [    Test worker] o.h.type.descriptor.sql.BasicExtractor   : extracted value ([id1_7_] : [BIGINT]) - [74]
2021-03-10 22:37:37.856 TRACE 20712 --- [    Test worker] o.h.type.descriptor.sql.BasicExtractor   : extracted value ([id1_7_] : [BIGINT]) - [75]
2021-03-10 22:37:37.856 TRACE 20712 --- [    Test worker] o.h.type.descriptor.sql.BasicExtractor   : extracted value ([id1_7_] : [BIGINT]) - [76]
2021-03-10 22:37:37.856 TRACE 20712 --- [    Test worker] o.h.type.descriptor.sql.BasicExtractor   : extracted value ([id1_7_] : [BIGINT]) - [77]
2021-03-10 22:37:37.856 TRACE 20712 --- [    Test worker] o.h.type.descriptor.sql.BasicExtractor   : extracted value ([id1_7_] : [BIGINT]) - [78]
2021-03-10 22:37:37.856 TRACE 20712 --- [    Test worker] o.h.type.descriptor.sql.BasicExtractor   : extracted value ([id1_7_] : [BIGINT]) - [79]
2021-03-10 22:37:37.856 TRACE 20712 --- [    Test worker] o.h.type.descriptor.sql.BasicExtractor   : extracted value ([id1_7_] : [BIGINT]) - [80]
2021-03-10 22:37:37.856 TRACE 20712 --- [    Test worker] o.h.type.descriptor.sql.BasicExtractor   : extracted value ([id1_7_] : [BIGINT]) - [81]
2021-03-10 22:37:37.856 TRACE 20712 --- [    Test worker] o.h.type.descriptor.sql.BasicExtractor   : extracted value ([id1_7_] : [BIGINT]) - [82]
2021-03-10 22:37:37.856 TRACE 20712 --- [    Test worker] o.h.type.descriptor.sql.BasicExtractor   : extracted value ([id1_7_] : [BIGINT]) - [83]
2021-03-10 22:37:37.856 TRACE 20712 --- [    Test worker] o.h.type.descriptor.sql.BasicExtractor   : extracted value ([id1_7_] : [BIGINT]) - [84]
2021-03-10 22:37:37.856 TRACE 20712 --- [    Test worker] o.h.type.descriptor.sql.BasicExtractor   : extracted value ([id1_7_] : [BIGINT]) - [85]
2021-03-10 22:37:37.856 TRACE 20712 --- [    Test worker] o.h.type.descriptor.sql.BasicExtractor   : extracted value ([id1_7_] : [BIGINT]) - [86]
2021-03-10 22:37:37.856 TRACE 20712 --- [    Test worker] o.h.type.descriptor.sql.BasicExtractor   : extracted value ([id1_7_] : [BIGINT]) - [87]
2021-03-10 22:37:37.856 TRACE 20712 --- [    Test worker] o.h.type.descriptor.sql.BasicExtractor   : extracted value ([id1_7_] : [BIGINT]) - [88]
2021-03-10 22:37:37.856 TRACE 20712 --- [    Test worker] o.h.type.descriptor.sql.BasicExtractor   : extracted value ([id1_7_] : [BIGINT]) - [89]
2021-03-10 22:37:37.856 TRACE 20712 --- [    Test worker] o.h.type.descriptor.sql.BasicExtractor   : extracted value ([id1_7_] : [BIGINT]) - [90]
2021-03-10 22:37:37.856 TRACE 20712 --- [    Test worker] o.h.type.descriptor.sql.BasicExtractor   : extracted value ([id1_7_] : [BIGINT]) - [91]
2021-03-10 22:37:37.856 TRACE 20712 --- [    Test worker] o.h.type.descriptor.sql.BasicExtractor   : extracted value ([id1_7_] : [BIGINT]) - [92]
2021-03-10 22:37:37.856 TRACE 20712 --- [    Test worker] o.h.type.descriptor.sql.BasicExtractor   : extracted value ([id1_7_] : [BIGINT]) - [93]
2021-03-10 22:37:37.856 TRACE 20712 --- [    Test worker] o.h.type.descriptor.sql.BasicExtractor   : extracted value ([id1_7_] : [BIGINT]) - [94]
2021-03-10 22:37:37.856 TRACE 20712 --- [    Test worker] o.h.type.descriptor.sql.BasicExtractor   : extracted value ([id1_7_] : [BIGINT]) - [95]
2021-03-10 22:37:37.856 TRACE 20712 --- [    Test worker] o.h.type.descriptor.sql.BasicExtractor   : extracted value ([id1_7_] : [BIGINT]) - [96]
2021-03-10 22:37:37.856 TRACE 20712 --- [    Test worker] o.h.type.descriptor.sql.BasicExtractor   : extracted value ([id1_7_] : [BIGINT]) - [97]
2021-03-10 22:37:37.856 TRACE 20712 --- [    Test worker] o.h.type.descriptor.sql.BasicExtractor   : extracted value ([id1_7_] : [BIGINT]) - [98]
2021-03-10 22:37:37.856 TRACE 20712 --- [    Test worker] o.h.type.descriptor.sql.BasicExtractor   : extracted value ([id1_7_] : [BIGINT]) - [99]
2021-03-10 22:37:37.856 TRACE 20712 --- [    Test worker] o.h.type.descriptor.sql.BasicExtractor   : extracted value ([id1_7_] : [BIGINT]) - [100]
2021-03-10 22:37:37.856 TRACE 20712 --- [    Test worker] o.h.type.descriptor.sql.BasicExtractor   : extracted value ([id1_7_] : [BIGINT]) - [101]
2021-03-10 22:37:37.856 TRACE 20712 --- [    Test worker] o.h.type.descriptor.sql.BasicExtractor   : extracted value ([id1_7_] : [BIGINT]) - [102]
2021-03-10 22:37:37.856 TRACE 20712 --- [    Test worker] o.h.type.descriptor.sql.BasicExtractor   : extracted value ([id1_7_] : [BIGINT]) - [103]
2021-03-10 22:37:37.856 TRACE 20712 --- [    Test worker] o.h.type.descriptor.sql.BasicExtractor   : extracted value ([id1_7_] : [BIGINT]) - [104]
2021-03-10 22:37:37.856 TRACE 20712 --- [    Test worker] o.h.type.descriptor.sql.BasicExtractor   : extracted value ([id1_7_] : [BIGINT]) - [105]
2021-03-10 22:37:37.856 TRACE 20712 --- [    Test worker] o.h.type.descriptor.sql.BasicExtractor   : extracted value ([id1_7_] : [BIGINT]) - [106]
2021-03-10 22:37:37.856 TRACE 20712 --- [    Test worker] o.h.type.descriptor.sql.BasicExtractor   : extracted value ([id1_7_] : [BIGINT]) - [107]
2021-03-10 22:37:37.856 TRACE 20712 --- [    Test worker] o.h.type.descriptor.sql.BasicExtractor   : extracted value ([id1_7_] : [BIGINT]) - [108]
2021-03-10 22:37:37.856 TRACE 20712 --- [    Test worker] o.h.type.descriptor.sql.BasicExtractor   : extracted value ([id1_7_] : [BIGINT]) - [109]
2021-03-10 22:37:37.856 TRACE 20712 --- [    Test worker] o.h.type.descriptor.sql.BasicExtractor   : extracted value ([id1_7_] : [BIGINT]) - [110]
2021-03-10 22:37:37.856 TRACE 20712 --- [    Test worker] o.h.type.descriptor.sql.BasicExtractor   : extracted value ([id1_7_] : [BIGINT]) - [111]
2021-03-10 22:37:37.856 TRACE 20712 --- [    Test worker] o.h.type.descriptor.sql.BasicExtractor   : extracted value ([id1_7_] : [BIGINT]) - [112]
2021-03-10 22:37:37.856 TRACE 20712 --- [    Test worker] o.h.type.descriptor.sql.BasicExtractor   : extracted value ([id1_7_] : [BIGINT]) - [113]
2021-03-10 22:37:37.856 TRACE 20712 --- [    Test worker] o.h.type.descriptor.sql.BasicExtractor   : extracted value ([id1_7_] : [BIGINT]) - [114]
2021-03-10 22:37:37.856 TRACE 20712 --- [    Test worker] o.h.type.descriptor.sql.BasicExtractor   : extracted value ([id1_7_] : [BIGINT]) - [115]
2021-03-10 22:37:37.856 TRACE 20712 --- [    Test worker] o.h.type.descriptor.sql.BasicExtractor   : extracted value ([id1_7_] : [BIGINT]) - [116]
2021-03-10 22:37:37.856 TRACE 20712 --- [    Test worker] o.h.type.descriptor.sql.BasicExtractor   : extracted value ([id1_7_] : [BIGINT]) - [117]
2021-03-10 22:37:37.856 TRACE 20712 --- [    Test worker] o.h.type.descriptor.sql.BasicExtractor   : extracted value ([id1_7_] : [BIGINT]) - [118]
2021-03-10 22:37:37.856 TRACE 20712 --- [    Test worker] o.h.type.descriptor.sql.BasicExtractor   : extracted value ([id1_7_] : [BIGINT]) - [119]
2021-03-10 22:37:37.856 TRACE 20712 --- [    Test worker] o.h.type.descriptor.sql.BasicExtractor   : extracted value ([id1_7_] : [BIGINT]) - [120]
2021-03-10 22:37:37.856 TRACE 20712 --- [    Test worker] o.h.type.descriptor.sql.BasicExtractor   : extracted value ([id1_7_] : [BIGINT]) - [121]
2021-03-10 22:37:37.856 TRACE 20712 --- [    Test worker] o.h.type.descriptor.sql.BasicExtractor   : extracted value ([id1_7_] : [BIGINT]) - [122]
2021-03-10 22:37:37.856 TRACE 20712 --- [    Test worker] o.h.type.descriptor.sql.BasicExtractor   : extracted value ([id1_7_] : [BIGINT]) - [123]
2021-03-10 22:37:37.856 TRACE 20712 --- [    Test worker] o.h.type.descriptor.sql.BasicExtractor   : extracted value ([id1_7_] : [BIGINT]) - [124]
2021-03-10 22:37:37.856 TRACE 20712 --- [    Test worker] o.h.type.descriptor.sql.BasicExtractor   : extracted value ([id1_7_] : [BIGINT]) - [125]
2021-03-10 22:37:37.856 TRACE 20712 --- [    Test worker] o.h.type.descriptor.sql.BasicExtractor   : extracted value ([id1_7_] : [BIGINT]) - [126]
2021-03-10 22:37:37.856 TRACE 20712 --- [    Test worker] o.h.type.descriptor.sql.BasicExtractor   : extracted value ([id1_7_] : [BIGINT]) - [127]
2021-03-10 22:37:37.856 TRACE 20712 --- [    Test worker] o.h.type.descriptor.sql.BasicExtractor   : extracted value ([id1_7_] : [BIGINT]) - [128]
2021-03-10 22:37:37.856 TRACE 20712 --- [    Test worker] o.h.type.descriptor.sql.BasicExtractor   : extracted value ([id1_7_] : [BIGINT]) - [129]
2021-03-10 22:37:37.856 TRACE 20712 --- [    Test worker] o.h.type.descriptor.sql.BasicExtractor   : extracted value ([id1_7_] : [BIGINT]) - [130]
2021-03-10 22:37:37.856 TRACE 20712 --- [    Test worker] o.h.type.descriptor.sql.BasicExtractor   : extracted value ([id1_7_] : [BIGINT]) - [131]
2021-03-10 22:37:37.856 TRACE 20712 --- [    Test worker] o.h.type.descriptor.sql.BasicExtractor   : extracted value ([id1_7_] : [BIGINT]) - [132]
2021-03-10 22:37:37.856 TRACE 20712 --- [    Test worker] o.h.type.descriptor.sql.BasicExtractor   : extracted value ([id1_7_] : [BIGINT]) - [133]
2021-03-10 22:37:37.856 TRACE 20712 --- [    Test worker] o.h.type.descriptor.sql.BasicExtractor   : extracted value ([id1_7_] : [BIGINT]) - [134]
2021-03-10 22:37:37.856 TRACE 20712 --- [    Test worker] o.h.type.descriptor.sql.BasicExtractor   : extracted value ([id1_7_] : [BIGINT]) - [135]
2021-03-10 22:37:37.856 TRACE 20712 --- [    Test worker] o.h.type.descriptor.sql.BasicExtractor   : extracted value ([id1_7_] : [BIGINT]) - [136]
2021-03-10 22:37:37.856 TRACE 20712 --- [    Test worker] o.h.type.descriptor.sql.BasicExtractor   : extracted value ([id1_7_] : [BIGINT]) - [137]
2021-03-10 22:37:37.856 TRACE 20712 --- [    Test worker] o.h.type.descriptor.sql.BasicExtractor   : extracted value ([id1_7_] : [BIGINT]) - [138]
2021-03-10 22:37:37.856 TRACE 20712 --- [    Test worker] o.h.type.descriptor.sql.BasicExtractor   : extracted value ([id1_7_] : [BIGINT]) - [139]
2021-03-10 22:37:37.856 TRACE 20712 --- [    Test worker] o.h.type.descriptor.sql.BasicExtractor   : extracted value ([id1_7_] : [BIGINT]) - [140]
2021-03-10 22:37:37.856 TRACE 20712 --- [    Test worker] o.h.type.descriptor.sql.BasicExtractor   : extracted value ([id1_7_] : [BIGINT]) - [141]
2021-03-10 22:37:37.856 TRACE 20712 --- [    Test worker] o.h.type.descriptor.sql.BasicExtractor   : extracted value ([id1_7_] : [BIGINT]) - [142]
2021-03-10 22:37:37.856 TRACE 20712 --- [    Test worker] o.h.type.descriptor.sql.BasicExtractor   : extracted value ([id1_7_] : [BIGINT]) - [143]
2021-03-10 22:37:37.856 TRACE 20712 --- [    Test worker] o.h.type.descriptor.sql.BasicExtractor   : extracted value ([id1_7_] : [BIGINT]) - [144]
2021-03-10 22:37:37.856 TRACE 20712 --- [    Test worker] o.h.type.descriptor.sql.BasicExtractor   : extracted value ([id1_7_] : [BIGINT]) - [145]
Hibernate: 
    select
        zone0_.id as id1_7_,
        zone0_.city as city2_7_,
        zone0_.local_name_of_city as local_na3_7_,
        zone0_.province as province4_7_ 
    from
        zone zone0_
2021-03-10 22:37:37.856 TRACE 20712 --- [    Test worker] o.h.type.descriptor.sql.BasicExtractor   : extracted value ([id1_7_] : [BIGINT]) - [61]
2021-03-10 22:37:37.856 TRACE 20712 --- [    Test worker] o.h.type.descriptor.sql.BasicExtractor   : extracted value ([id1_7_] : [BIGINT]) - [62]
2021-03-10 22:37:37.856 TRACE 20712 --- [    Test worker] o.h.type.descriptor.sql.BasicExtractor   : extracted value ([id1_7_] : [BIGINT]) - [63]
2021-03-10 22:37:37.856 TRACE 20712 --- [    Test worker] o.h.type.descriptor.sql.BasicExtractor   : extracted value ([id1_7_] : [BIGINT]) - [64]
2021-03-10 22:37:37.856 TRACE 20712 --- [    Test worker] o.h.type.descriptor.sql.BasicExtractor   : extracted value ([id1_7_] : [BIGINT]) - [65]
2021-03-10 22:37:37.856 TRACE 20712 --- [    Test worker] o.h.type.descriptor.sql.BasicExtractor   : extracted value ([id1_7_] : [BIGINT]) - [66]
2021-03-10 22:37:37.856 TRACE 20712 --- [    Test worker] o.h.type.descriptor.sql.BasicExtractor   : extracted value ([id1_7_] : [BIGINT]) - [67]
2021-03-10 22:37:37.856 TRACE 20712 --- [    Test worker] o.h.type.descriptor.sql.BasicExtractor   : extracted value ([id1_7_] : [BIGINT]) - [68]
2021-03-10 22:37:37.856 TRACE 20712 --- [    Test worker] o.h.type.descriptor.sql.BasicExtractor   : extracted value ([id1_7_] : [BIGINT]) - [69]
2021-03-10 22:37:37.856 TRACE 20712 --- [    Test worker] o.h.type.descriptor.sql.BasicExtractor   : extracted value ([id1_7_] : [BIGINT]) - [70]
2021-03-10 22:37:37.871 TRACE 20712 --- [    Test worker] o.h.type.descriptor.sql.BasicExtractor   : extracted value ([id1_7_] : [BIGINT]) - [71]
2021-03-10 22:37:37.871 TRACE 20712 --- [    Test worker] o.h.type.descriptor.sql.BasicExtractor   : extracted value ([id1_7_] : [BIGINT]) - [72]
2021-03-10 22:37:37.871 TRACE 20712 --- [    Test worker] o.h.type.descriptor.sql.BasicExtractor   : extracted value ([id1_7_] : [BIGINT]) - [73]
2021-03-10 22:37:37.871 TRACE 20712 --- [    Test worker] o.h.type.descriptor.sql.BasicExtractor   : extracted value ([id1_7_] : [BIGINT]) - [74]
2021-03-10 22:37:37.871 TRACE 20712 --- [    Test worker] o.h.type.descriptor.sql.BasicExtractor   : extracted value ([id1_7_] : [BIGINT]) - [75]
2021-03-10 22:37:37.871 TRACE 20712 --- [    Test worker] o.h.type.descriptor.sql.BasicExtractor   : extracted value ([id1_7_] : [BIGINT]) - [76]
2021-03-10 22:37:37.871 TRACE 20712 --- [    Test worker] o.h.type.descriptor.sql.BasicExtractor   : extracted value ([id1_7_] : [BIGINT]) - [77]
2021-03-10 22:37:37.871 TRACE 20712 --- [    Test worker] o.h.type.descriptor.sql.BasicExtractor   : extracted value ([id1_7_] : [BIGINT]) - [78]
2021-03-10 22:37:37.871 TRACE 20712 --- [    Test worker] o.h.type.descriptor.sql.BasicExtractor   : extracted value ([id1_7_] : [BIGINT]) - [79]
2021-03-10 22:37:37.871 TRACE 20712 --- [    Test worker] o.h.type.descriptor.sql.BasicExtractor   : extracted value ([id1_7_] : [BIGINT]) - [80]
2021-03-10 22:37:37.871 TRACE 20712 --- [    Test worker] o.h.type.descriptor.sql.BasicExtractor   : extracted value ([id1_7_] : [BIGINT]) - [81]
2021-03-10 22:37:37.871 TRACE 20712 --- [    Test worker] o.h.type.descriptor.sql.BasicExtractor   : extracted value ([id1_7_] : [BIGINT]) - [82]
2021-03-10 22:37:37.871 TRACE 20712 --- [    Test worker] o.h.type.descriptor.sql.BasicExtractor   : extracted value ([id1_7_] : [BIGINT]) - [83]
2021-03-10 22:37:37.871 TRACE 20712 --- [    Test worker] o.h.type.descriptor.sql.BasicExtractor   : extracted value ([id1_7_] : [BIGINT]) - [84]
2021-03-10 22:37:37.871 TRACE 20712 --- [    Test worker] o.h.type.descriptor.sql.BasicExtractor   : extracted value ([id1_7_] : [BIGINT]) - [85]
2021-03-10 22:37:37.871 TRACE 20712 --- [    Test worker] o.h.type.descriptor.sql.BasicExtractor   : extracted value ([id1_7_] : [BIGINT]) - [86]
2021-03-10 22:37:37.871 TRACE 20712 --- [    Test worker] o.h.type.descriptor.sql.BasicExtractor   : extracted value ([id1_7_] : [BIGINT]) - [87]
2021-03-10 22:37:37.871 TRACE 20712 --- [    Test worker] o.h.type.descriptor.sql.BasicExtractor   : extracted value ([id1_7_] : [BIGINT]) - [88]
2021-03-10 22:37:37.871 TRACE 20712 --- [    Test worker] o.h.type.descriptor.sql.BasicExtractor   : extracted value ([id1_7_] : [BIGINT]) - [89]
2021-03-10 22:37:37.871 TRACE 20712 --- [    Test worker] o.h.type.descriptor.sql.BasicExtractor   : extracted value ([id1_7_] : [BIGINT]) - [90]
2021-03-10 22:37:37.871 TRACE 20712 --- [    Test worker] o.h.type.descriptor.sql.BasicExtractor   : extracted value ([id1_7_] : [BIGINT]) - [91]
2021-03-10 22:37:37.871 TRACE 20712 --- [    Test worker] o.h.type.descriptor.sql.BasicExtractor   : extracted value ([id1_7_] : [BIGINT]) - [92]
2021-03-10 22:37:37.871 TRACE 20712 --- [    Test worker] o.h.type.descriptor.sql.BasicExtractor   : extracted value ([id1_7_] : [BIGINT]) - [93]
2021-03-10 22:37:37.871 TRACE 20712 --- [    Test worker] o.h.type.descriptor.sql.BasicExtractor   : extracted value ([id1_7_] : [BIGINT]) - [94]
2021-03-10 22:37:37.871 TRACE 20712 --- [    Test worker] o.h.type.descriptor.sql.BasicExtractor   : extracted value ([id1_7_] : [BIGINT]) - [95]
2021-03-10 22:37:37.871 TRACE 20712 --- [    Test worker] o.h.type.descriptor.sql.BasicExtractor   : extracted value ([id1_7_] : [BIGINT]) - [96]
2021-03-10 22:37:37.871 TRACE 20712 --- [    Test worker] o.h.type.descriptor.sql.BasicExtractor   : extracted value ([id1_7_] : [BIGINT]) - [97]
2021-03-10 22:37:37.871 TRACE 20712 --- [    Test worker] o.h.type.descriptor.sql.BasicExtractor   : extracted value ([id1_7_] : [BIGINT]) - [98]
2021-03-10 22:37:37.871 TRACE 20712 --- [    Test worker] o.h.type.descriptor.sql.BasicExtractor   : extracted value ([id1_7_] : [BIGINT]) - [99]
2021-03-10 22:37:37.871 TRACE 20712 --- [    Test worker] o.h.type.descriptor.sql.BasicExtractor   : extracted value ([id1_7_] : [BIGINT]) - [100]
2021-03-10 22:37:37.871 TRACE 20712 --- [    Test worker] o.h.type.descriptor.sql.BasicExtractor   : extracted value ([id1_7_] : [BIGINT]) - [101]
2021-03-10 22:37:37.871 TRACE 20712 --- [    Test worker] o.h.type.descriptor.sql.BasicExtractor   : extracted value ([id1_7_] : [BIGINT]) - [102]
2021-03-10 22:37:37.871 TRACE 20712 --- [    Test worker] o.h.type.descriptor.sql.BasicExtractor   : extracted value ([id1_7_] : [BIGINT]) - [103]
2021-03-10 22:37:37.871 TRACE 20712 --- [    Test worker] o.h.type.descriptor.sql.BasicExtractor   : extracted value ([id1_7_] : [BIGINT]) - [104]
2021-03-10 22:37:37.871 TRACE 20712 --- [    Test worker] o.h.type.descriptor.sql.BasicExtractor   : extracted value ([id1_7_] : [BIGINT]) - [105]
2021-03-10 22:37:37.871 TRACE 20712 --- [    Test worker] o.h.type.descriptor.sql.BasicExtractor   : extracted value ([id1_7_] : [BIGINT]) - [106]
2021-03-10 22:37:37.871 TRACE 20712 --- [    Test worker] o.h.type.descriptor.sql.BasicExtractor   : extracted value ([id1_7_] : [BIGINT]) - [107]
2021-03-10 22:37:37.871 TRACE 20712 --- [    Test worker] o.h.type.descriptor.sql.BasicExtractor   : extracted value ([id1_7_] : [BIGINT]) - [108]
2021-03-10 22:37:37.871 TRACE 20712 --- [    Test worker] o.h.type.descriptor.sql.BasicExtractor   : extracted value ([id1_7_] : [BIGINT]) - [109]
2021-03-10 22:37:37.871 TRACE 20712 --- [    Test worker] o.h.type.descriptor.sql.BasicExtractor   : extracted value ([id1_7_] : [BIGINT]) - [110]
2021-03-10 22:37:37.871 TRACE 20712 --- [    Test worker] o.h.type.descriptor.sql.BasicExtractor   : extracted value ([id1_7_] : [BIGINT]) - [111]
2021-03-10 22:37:37.871 TRACE 20712 --- [    Test worker] o.h.type.descriptor.sql.BasicExtractor   : extracted value ([id1_7_] : [BIGINT]) - [112]
2021-03-10 22:37:37.871 TRACE 20712 --- [    Test worker] o.h.type.descriptor.sql.BasicExtractor   : extracted value ([id1_7_] : [BIGINT]) - [113]
2021-03-10 22:37:37.871 TRACE 20712 --- [    Test worker] o.h.type.descriptor.sql.BasicExtractor   : extracted value ([id1_7_] : [BIGINT]) - [114]
2021-03-10 22:37:37.871 TRACE 20712 --- [    Test worker] o.h.type.descriptor.sql.BasicExtractor   : extracted value ([id1_7_] : [BIGINT]) - [115]
2021-03-10 22:37:37.871 TRACE 20712 --- [    Test worker] o.h.type.descriptor.sql.BasicExtractor   : extracted value ([id1_7_] : [BIGINT]) - [116]
2021-03-10 22:37:37.871 TRACE 20712 --- [    Test worker] o.h.type.descriptor.sql.BasicExtractor   : extracted value ([id1_7_] : [BIGINT]) - [117]
2021-03-10 22:37:37.871 TRACE 20712 --- [    Test worker] o.h.type.descriptor.sql.BasicExtractor   : extracted value ([id1_7_] : [BIGINT]) - [118]
2021-03-10 22:37:37.871 TRACE 20712 --- [    Test worker] o.h.type.descriptor.sql.BasicExtractor   : extracted value ([id1_7_] : [BIGINT]) - [119]
2021-03-10 22:37:37.871 TRACE 20712 --- [    Test worker] o.h.type.descriptor.sql.BasicExtractor   : extracted value ([id1_7_] : [BIGINT]) - [120]
2021-03-10 22:37:37.871 TRACE 20712 --- [    Test worker] o.h.type.descriptor.sql.BasicExtractor   : extracted value ([id1_7_] : [BIGINT]) - [121]
2021-03-10 22:37:37.871 TRACE 20712 --- [    Test worker] o.h.type.descriptor.sql.BasicExtractor   : extracted value ([id1_7_] : [BIGINT]) - [122]
2021-03-10 22:37:37.871 TRACE 20712 --- [    Test worker] o.h.type.descriptor.sql.BasicExtractor   : extracted value ([id1_7_] : [BIGINT]) - [123]
2021-03-10 22:37:37.871 TRACE 20712 --- [    Test worker] o.h.type.descriptor.sql.BasicExtractor   : extracted value ([id1_7_] : [BIGINT]) - [124]
2021-03-10 22:37:37.871 TRACE 20712 --- [    Test worker] o.h.type.descriptor.sql.BasicExtractor   : extracted value ([id1_7_] : [BIGINT]) - [125]
2021-03-10 22:37:37.871 TRACE 20712 --- [    Test worker] o.h.type.descriptor.sql.BasicExtractor   : extracted value ([id1_7_] : [BIGINT]) - [126]
2021-03-10 22:37:37.871 TRACE 20712 --- [    Test worker] o.h.type.descriptor.sql.BasicExtractor   : extracted value ([id1_7_] : [BIGINT]) - [127]
2021-03-10 22:37:37.871 TRACE 20712 --- [    Test worker] o.h.type.descriptor.sql.BasicExtractor   : extracted value ([id1_7_] : [BIGINT]) - [128]
2021-03-10 22:37:37.871 TRACE 20712 --- [    Test worker] o.h.type.descriptor.sql.BasicExtractor   : extracted value ([id1_7_] : [BIGINT]) - [129]
2021-03-10 22:37:37.871 TRACE 20712 --- [    Test worker] o.h.type.descriptor.sql.BasicExtractor   : extracted value ([id1_7_] : [BIGINT]) - [130]
2021-03-10 22:37:37.871 TRACE 20712 --- [    Test worker] o.h.type.descriptor.sql.BasicExtractor   : extracted value ([id1_7_] : [BIGINT]) - [131]
2021-03-10 22:37:37.871 TRACE 20712 --- [    Test worker] o.h.type.descriptor.sql.BasicExtractor   : extracted value ([id1_7_] : [BIGINT]) - [132]
2021-03-10 22:37:37.871 TRACE 20712 --- [    Test worker] o.h.type.descriptor.sql.BasicExtractor   : extracted value ([id1_7_] : [BIGINT]) - [133]
2021-03-10 22:37:37.871 TRACE 20712 --- [    Test worker] o.h.type.descriptor.sql.BasicExtractor   : extracted value ([id1_7_] : [BIGINT]) - [134]
2021-03-10 22:37:37.871 TRACE 20712 --- [    Test worker] o.h.type.descriptor.sql.BasicExtractor   : extracted value ([id1_7_] : [BIGINT]) - [135]
2021-03-10 22:37:37.871 TRACE 20712 --- [    Test worker] o.h.type.descriptor.sql.BasicExtractor   : extracted value ([id1_7_] : [BIGINT]) - [136]
2021-03-10 22:37:37.871 TRACE 20712 --- [    Test worker] o.h.type.descriptor.sql.BasicExtractor   : extracted value ([id1_7_] : [BIGINT]) - [137]
2021-03-10 22:37:37.871 TRACE 20712 --- [    Test worker] o.h.type.descriptor.sql.BasicExtractor   : extracted value ([id1_7_] : [BIGINT]) - [138]
2021-03-10 22:37:37.871 TRACE 20712 --- [    Test worker] o.h.type.descriptor.sql.BasicExtractor   : extracted value ([id1_7_] : [BIGINT]) - [139]
2021-03-10 22:37:37.871 TRACE 20712 --- [    Test worker] o.h.type.descriptor.sql.BasicExtractor   : extracted value ([id1_7_] : [BIGINT]) - [140]
2021-03-10 22:37:37.871 TRACE 20712 --- [    Test worker] o.h.type.descriptor.sql.BasicExtractor   : extracted value ([id1_7_] : [BIGINT]) - [141]
2021-03-10 22:37:37.871 TRACE 20712 --- [    Test worker] o.h.type.descriptor.sql.BasicExtractor   : extracted value ([id1_7_] : [BIGINT]) - [142]
2021-03-10 22:37:37.871 TRACE 20712 --- [    Test worker] o.h.type.descriptor.sql.BasicExtractor   : extracted value ([id1_7_] : [BIGINT]) - [143]
2021-03-10 22:37:37.871 TRACE 20712 --- [    Test worker] o.h.type.descriptor.sql.BasicExtractor   : extracted value ([id1_7_] : [BIGINT]) - [144]
2021-03-10 22:37:37.871 TRACE 20712 --- [    Test worker] o.h.type.descriptor.sql.BasicExtractor   : extracted value ([id1_7_] : [BIGINT]) - [145]
Hibernate: 
    select
        zone0_.id as id1_7_,
        zone0_.city as city2_7_,
        zone0_.local_name_of_city as local_na3_7_,
        zone0_.province as province4_7_ 
    from
        zone zone0_
2021-03-10 22:37:37.871 TRACE 20712 --- [    Test worker] o.h.type.descriptor.sql.BasicExtractor   : extracted value ([id1_7_] : [BIGINT]) - [61]
2021-03-10 22:37:37.871 TRACE 20712 --- [    Test worker] o.h.type.descriptor.sql.BasicExtractor   : extracted value ([id1_7_] : [BIGINT]) - [62]
2021-03-10 22:37:37.871 TRACE 20712 --- [    Test worker] o.h.type.descriptor.sql.BasicExtractor   : extracted value ([id1_7_] : [BIGINT]) - [63]
2021-03-10 22:37:37.871 TRACE 20712 --- [    Test worker] o.h.type.descriptor.sql.BasicExtractor   : extracted value ([id1_7_] : [BIGINT]) - [64]
2021-03-10 22:37:37.871 TRACE 20712 --- [    Test worker] o.h.type.descriptor.sql.BasicExtractor   : extracted value ([id1_7_] : [BIGINT]) - [65]
2021-03-10 22:37:37.871 TRACE 20712 --- [    Test worker] o.h.type.descriptor.sql.BasicExtractor   : extracted value ([id1_7_] : [BIGINT]) - [66]
2021-03-10 22:37:37.871 TRACE 20712 --- [    Test worker] o.h.type.descriptor.sql.BasicExtractor   : extracted value ([id1_7_] : [BIGINT]) - [67]
2021-03-10 22:37:37.871 TRACE 20712 --- [    Test worker] o.h.type.descriptor.sql.BasicExtractor   : extracted value ([id1_7_] : [BIGINT]) - [68]
2021-03-10 22:37:37.871 TRACE 20712 --- [    Test worker] o.h.type.descriptor.sql.BasicExtractor   : extracted value ([id1_7_] : [BIGINT]) - [69]
2021-03-10 22:37:37.871 TRACE 20712 --- [    Test worker] o.h.type.descriptor.sql.BasicExtractor   : extracted value ([id1_7_] : [BIGINT]) - [70]
2021-03-10 22:37:37.871 TRACE 20712 --- [    Test worker] o.h.type.descriptor.sql.BasicExtractor   : extracted value ([id1_7_] : [BIGINT]) - [71]
2021-03-10 22:37:37.871 TRACE 20712 --- [    Test worker] o.h.type.descriptor.sql.BasicExtractor   : extracted value ([id1_7_] : [BIGINT]) - [72]
2021-03-10 22:37:37.871 TRACE 20712 --- [    Test worker] o.h.type.descriptor.sql.BasicExtractor   : extracted value ([id1_7_] : [BIGINT]) - [73]
2021-03-10 22:37:37.871 TRACE 20712 --- [    Test worker] o.h.type.descriptor.sql.BasicExtractor   : extracted value ([id1_7_] : [BIGINT]) - [74]
2021-03-10 22:37:37.871 TRACE 20712 --- [    Test worker] o.h.type.descriptor.sql.BasicExtractor   : extracted value ([id1_7_] : [BIGINT]) - [75]
2021-03-10 22:37:37.871 TRACE 20712 --- [    Test worker] o.h.type.descriptor.sql.BasicExtractor   : extracted value ([id1_7_] : [BIGINT]) - [76]
2021-03-10 22:37:37.871 TRACE 20712 --- [    Test worker] o.h.type.descriptor.sql.BasicExtractor   : extracted value ([id1_7_] : [BIGINT]) - [77]
2021-03-10 22:37:37.871 TRACE 20712 --- [    Test worker] o.h.type.descriptor.sql.BasicExtractor   : extracted value ([id1_7_] : [BIGINT]) - [78]
2021-03-10 22:37:37.871 TRACE 20712 --- [    Test worker] o.h.type.descriptor.sql.BasicExtractor   : extracted value ([id1_7_] : [BIGINT]) - [79]
2021-03-10 22:37:37.871 TRACE 20712 --- [    Test worker] o.h.type.descriptor.sql.BasicExtractor   : extracted value ([id1_7_] : [BIGINT]) - [80]
2021-03-10 22:37:37.871 TRACE 20712 --- [    Test worker] o.h.type.descriptor.sql.BasicExtractor   : extracted value ([id1_7_] : [BIGINT]) - [81]
2021-03-10 22:37:37.871 TRACE 20712 --- [    Test worker] o.h.type.descriptor.sql.BasicExtractor   : extracted value ([id1_7_] : [BIGINT]) - [82]
2021-03-10 22:37:37.871 TRACE 20712 --- [    Test worker] o.h.type.descriptor.sql.BasicExtractor   : extracted value ([id1_7_] : [BIGINT]) - [83]
2021-03-10 22:37:37.871 TRACE 20712 --- [    Test worker] o.h.type.descriptor.sql.BasicExtractor   : extracted value ([id1_7_] : [BIGINT]) - [84]
2021-03-10 22:37:37.871 TRACE 20712 --- [    Test worker] o.h.type.descriptor.sql.BasicExtractor   : extracted value ([id1_7_] : [BIGINT]) - [85]
2021-03-10 22:37:37.871 TRACE 20712 --- [    Test worker] o.h.type.descriptor.sql.BasicExtractor   : extracted value ([id1_7_] : [BIGINT]) - [86]
2021-03-10 22:37:37.871 TRACE 20712 --- [    Test worker] o.h.type.descriptor.sql.BasicExtractor   : extracted value ([id1_7_] : [BIGINT]) - [87]
2021-03-10 22:37:37.871 TRACE 20712 --- [    Test worker] o.h.type.descriptor.sql.BasicExtractor   : extracted value ([id1_7_] : [BIGINT]) - [88]
2021-03-10 22:37:37.871 TRACE 20712 --- [    Test worker] o.h.type.descriptor.sql.BasicExtractor   : extracted value ([id1_7_] : [BIGINT]) - [89]
2021-03-10 22:37:37.871 TRACE 20712 --- [    Test worker] o.h.type.descriptor.sql.BasicExtractor   : extracted value ([id1_7_] : [BIGINT]) - [90]
2021-03-10 22:37:37.871 TRACE 20712 --- [    Test worker] o.h.type.descriptor.sql.BasicExtractor   : extracted value ([id1_7_] : [BIGINT]) - [91]
2021-03-10 22:37:37.871 TRACE 20712 --- [    Test worker] o.h.type.descriptor.sql.BasicExtractor   : extracted value ([id1_7_] : [BIGINT]) - [92]
2021-03-10 22:37:37.871 TRACE 20712 --- [    Test worker] o.h.type.descriptor.sql.BasicExtractor   : extracted value ([id1_7_] : [BIGINT]) - [93]
2021-03-10 22:37:37.871 TRACE 20712 --- [    Test worker] o.h.type.descriptor.sql.BasicExtractor   : extracted value ([id1_7_] : [BIGINT]) - [94]
2021-03-10 22:37:37.871 TRACE 20712 --- [    Test worker] o.h.type.descriptor.sql.BasicExtractor   : extracted value ([id1_7_] : [BIGINT]) - [95]
2021-03-10 22:37:37.871 TRACE 20712 --- [    Test worker] o.h.type.descriptor.sql.BasicExtractor   : extracted value ([id1_7_] : [BIGINT]) - [96]
2021-03-10 22:37:37.871 TRACE 20712 --- [    Test worker] o.h.type.descriptor.sql.BasicExtractor   : extracted value ([id1_7_] : [BIGINT]) - [97]
2021-03-10 22:37:37.871 TRACE 20712 --- [    Test worker] o.h.type.descriptor.sql.BasicExtractor   : extracted value ([id1_7_] : [BIGINT]) - [98]
2021-03-10 22:37:37.871 TRACE 20712 --- [    Test worker] o.h.type.descriptor.sql.BasicExtractor   : extracted value ([id1_7_] : [BIGINT]) - [99]
2021-03-10 22:37:37.871 TRACE 20712 --- [    Test worker] o.h.type.descriptor.sql.BasicExtractor   : extracted value ([id1_7_] : [BIGINT]) - [100]
2021-03-10 22:37:37.871 TRACE 20712 --- [    Test worker] o.h.type.descriptor.sql.BasicExtractor   : extracted value ([id1_7_] : [BIGINT]) - [101]
2021-03-10 22:37:37.871 TRACE 20712 --- [    Test worker] o.h.type.descriptor.sql.BasicExtractor   : extracted value ([id1_7_] : [BIGINT]) - [102]
2021-03-10 22:37:37.871 TRACE 20712 --- [    Test worker] o.h.type.descriptor.sql.BasicExtractor   : extracted value ([id1_7_] : [BIGINT]) - [103]
2021-03-10 22:37:37.871 TRACE 20712 --- [    Test worker] o.h.type.descriptor.sql.BasicExtractor   : extracted value ([id1_7_] : [BIGINT]) - [104]
2021-03-10 22:37:37.871 TRACE 20712 --- [    Test worker] o.h.type.descriptor.sql.BasicExtractor   : extracted value ([id1_7_] : [BIGINT]) - [105]
2021-03-10 22:37:37.871 TRACE 20712 --- [    Test worker] o.h.type.descriptor.sql.BasicExtractor   : extracted value ([id1_7_] : [BIGINT]) - [106]
2021-03-10 22:37:37.871 TRACE 20712 --- [    Test worker] o.h.type.descriptor.sql.BasicExtractor   : extracted value ([id1_7_] : [BIGINT]) - [107]
2021-03-10 22:37:37.871 TRACE 20712 --- [    Test worker] o.h.type.descriptor.sql.BasicExtractor   : extracted value ([id1_7_] : [BIGINT]) - [108]
2021-03-10 22:37:37.871 TRACE 20712 --- [    Test worker] o.h.type.descriptor.sql.BasicExtractor   : extracted value ([id1_7_] : [BIGINT]) - [109]
2021-03-10 22:37:37.871 TRACE 20712 --- [    Test worker] o.h.type.descriptor.sql.BasicExtractor   : extracted value ([id1_7_] : [BIGINT]) - [110]
2021-03-10 22:37:37.871 TRACE 20712 --- [    Test worker] o.h.type.descriptor.sql.BasicExtractor   : extracted value ([id1_7_] : [BIGINT]) - [111]
2021-03-10 22:37:37.871 TRACE 20712 --- [    Test worker] o.h.type.descriptor.sql.BasicExtractor   : extracted value ([id1_7_] : [BIGINT]) - [112]
2021-03-10 22:37:37.871 TRACE 20712 --- [    Test worker] o.h.type.descriptor.sql.BasicExtractor   : extracted value ([id1_7_] : [BIGINT]) - [113]
2021-03-10 22:37:37.871 TRACE 20712 --- [    Test worker] o.h.type.descriptor.sql.BasicExtractor   : extracted value ([id1_7_] : [BIGINT]) - [114]
2021-03-10 22:37:37.871 TRACE 20712 --- [    Test worker] o.h.type.descriptor.sql.BasicExtractor   : extracted value ([id1_7_] : [BIGINT]) - [115]
2021-03-10 22:37:37.871 TRACE 20712 --- [    Test worker] o.h.type.descriptor.sql.BasicExtractor   : extracted value ([id1_7_] : [BIGINT]) - [116]
2021-03-10 22:37:37.871 TRACE 20712 --- [    Test worker] o.h.type.descriptor.sql.BasicExtractor   : extracted value ([id1_7_] : [BIGINT]) - [117]
2021-03-10 22:37:37.871 TRACE 20712 --- [    Test worker] o.h.type.descriptor.sql.BasicExtractor   : extracted value ([id1_7_] : [BIGINT]) - [118]
2021-03-10 22:37:37.871 TRACE 20712 --- [    Test worker] o.h.type.descriptor.sql.BasicExtractor   : extracted value ([id1_7_] : [BIGINT]) - [119]
2021-03-10 22:37:37.871 TRACE 20712 --- [    Test worker] o.h.type.descriptor.sql.BasicExtractor   : extracted value ([id1_7_] : [BIGINT]) - [120]
2021-03-10 22:37:37.871 TRACE 20712 --- [    Test worker] o.h.type.descriptor.sql.BasicExtractor   : extracted value ([id1_7_] : [BIGINT]) - [121]
2021-03-10 22:37:37.871 TRACE 20712 --- [    Test worker] o.h.type.descriptor.sql.BasicExtractor   : extracted value ([id1_7_] : [BIGINT]) - [122]
2021-03-10 22:37:37.871 TRACE 20712 --- [    Test worker] o.h.type.descriptor.sql.BasicExtractor   : extracted value ([id1_7_] : [BIGINT]) - [123]
2021-03-10 22:37:37.871 TRACE 20712 --- [    Test worker] o.h.type.descriptor.sql.BasicExtractor   : extracted value ([id1_7_] : [BIGINT]) - [124]
2021-03-10 22:37:37.871 TRACE 20712 --- [    Test worker] o.h.type.descriptor.sql.BasicExtractor   : extracted value ([id1_7_] : [BIGINT]) - [125]
2021-03-10 22:37:37.871 TRACE 20712 --- [    Test worker] o.h.type.descriptor.sql.BasicExtractor   : extracted value ([id1_7_] : [BIGINT]) - [126]
2021-03-10 22:37:37.871 TRACE 20712 --- [    Test worker] o.h.type.descriptor.sql.BasicExtractor   : extracted value ([id1_7_] : [BIGINT]) - [127]
2021-03-10 22:37:37.871 TRACE 20712 --- [    Test worker] o.h.type.descriptor.sql.BasicExtractor   : extracted value ([id1_7_] : [BIGINT]) - [128]
2021-03-10 22:37:37.871 TRACE 20712 --- [    Test worker] o.h.type.descriptor.sql.BasicExtractor   : extracted value ([id1_7_] : [BIGINT]) - [129]
2021-03-10 22:37:37.871 TRACE 20712 --- [    Test worker] o.h.type.descriptor.sql.BasicExtractor   : extracted value ([id1_7_] : [BIGINT]) - [130]
2021-03-10 22:37:37.871 TRACE 20712 --- [    Test worker] o.h.type.descriptor.sql.BasicExtractor   : extracted value ([id1_7_] : [BIGINT]) - [131]
2021-03-10 22:37:37.871 TRACE 20712 --- [    Test worker] o.h.type.descriptor.sql.BasicExtractor   : extracted value ([id1_7_] : [BIGINT]) - [132]
2021-03-10 22:37:37.871 TRACE 20712 --- [    Test worker] o.h.type.descriptor.sql.BasicExtractor   : extracted value ([id1_7_] : [BIGINT]) - [133]
2021-03-10 22:37:37.871 TRACE 20712 --- [    Test worker] o.h.type.descriptor.sql.BasicExtractor   : extracted value ([id1_7_] : [BIGINT]) - [134]
2021-03-10 22:37:37.871 TRACE 20712 --- [    Test worker] o.h.type.descriptor.sql.BasicExtractor   : extracted value ([id1_7_] : [BIGINT]) - [135]
2021-03-10 22:37:37.871 TRACE 20712 --- [    Test worker] o.h.type.descriptor.sql.BasicExtractor   : extracted value ([id1_7_] : [BIGINT]) - [136]
2021-03-10 22:37:37.871 TRACE 20712 --- [    Test worker] o.h.type.descriptor.sql.BasicExtractor   : extracted value ([id1_7_] : [BIGINT]) - [137]
2021-03-10 22:37:37.871 TRACE 20712 --- [    Test worker] o.h.type.descriptor.sql.BasicExtractor   : extracted value ([id1_7_] : [BIGINT]) - [138]
2021-03-10 22:37:37.871 TRACE 20712 --- [    Test worker] o.h.type.descriptor.sql.BasicExtractor   : extracted value ([id1_7_] : [BIGINT]) - [139]
2021-03-10 22:37:37.871 TRACE 20712 --- [    Test worker] o.h.type.descriptor.sql.BasicExtractor   : extracted value ([id1_7_] : [BIGINT]) - [140]
2021-03-10 22:37:37.871 TRACE 20712 --- [    Test worker] o.h.type.descriptor.sql.BasicExtractor   : extracted value ([id1_7_] : [BIGINT]) - [141]
2021-03-10 22:37:37.871 TRACE 20712 --- [    Test worker] o.h.type.descriptor.sql.BasicExtractor   : extracted value ([id1_7_] : [BIGINT]) - [142]
2021-03-10 22:37:37.871 TRACE 20712 --- [    Test worker] o.h.type.descriptor.sql.BasicExtractor   : extracted value ([id1_7_] : [BIGINT]) - [143]
2021-03-10 22:37:37.871 TRACE 20712 --- [    Test worker] o.h.type.descriptor.sql.BasicExtractor   : extracted value ([id1_7_] : [BIGINT]) - [144]
2021-03-10 22:37:37.871 TRACE 20712 --- [    Test worker] o.h.type.descriptor.sql.BasicExtractor   : extracted value ([id1_7_] : [BIGINT]) - [145]
Hibernate: 
    call next value for hibernate_sequence
Hibernate: 
    call next value for hibernate_sequence
Hibernate: 
    call next value for hibernate_sequence
Hibernate: 
    call next value for hibernate_sequence
Hibernate: 
    call next value for hibernate_sequence
Hibernate: 
    call next value for hibernate_sequence
Hibernate: 
    call next value for hibernate_sequence
Hibernate: 
    call next value for hibernate_sequence
Hibernate: 
    call next value for hibernate_sequence
Hibernate: 
    call next value for hibernate_sequence
Hibernate: 
    call next value for hibernate_sequence
Hibernate: 
    call next value for hibernate_sequence
Hibernate: 
    call next value for hibernate_sequence
Hibernate: 
    call next value for hibernate_sequence
Hibernate: 
    call next value for hibernate_sequence
Hibernate: 
    call next value for hibernate_sequence
Hibernate: 
    call next value for hibernate_sequence
Hibernate: 
    call next value for hibernate_sequence
Hibernate: 
    call next value for hibernate_sequence
Hibernate: 
    call next value for hibernate_sequence
Hibernate: 
    call next value for hibernate_sequence
Hibernate: 
    call next value for hibernate_sequence
Hibernate: 
    call next value for hibernate_sequence
Hibernate: 
    call next value for hibernate_sequence
Hibernate: 
    call next value for hibernate_sequence
Hibernate: 
    call next value for hibernate_sequence
Hibernate: 
    call next value for hibernate_sequence
Hibernate: 
    call next value for hibernate_sequence
Hibernate: 
    call next value for hibernate_sequence
Hibernate: 
    call next value for hibernate_sequence
Hibernate: 
    call next value for hibernate_sequence
Hibernate: 
    call next value for hibernate_sequence
Hibernate: 
    call next value for hibernate_sequence
Hibernate: 
    call next value for hibernate_sequence
Hibernate: 
    call next value for hibernate_sequence
Hibernate: 
    call next value for hibernate_sequence
Hibernate: 
    call next value for hibernate_sequence
Hibernate: 
    call next value for hibernate_sequence
Hibernate: 
    call next value for hibernate_sequence
Hibernate: 
    call next value for hibernate_sequence
Hibernate: 
    call next value for hibernate_sequence
Hibernate: 
    call next value for hibernate_sequence
Hibernate: 
    call next value for hibernate_sequence
Hibernate: 
    call next value for hibernate_sequence
Hibernate: 
    call next value for hibernate_sequence
Hibernate: 
    call next value for hibernate_sequence
Hibernate: 
    call next value for hibernate_sequence
Hibernate: 
    call next value for hibernate_sequence
Hibernate: 
    call next value for hibernate_sequence
Hibernate: 
    call next value for hibernate_sequence
Hibernate: 
    call next value for hibernate_sequence
Hibernate: 
    call next value for hibernate_sequence
Hibernate: 
    call next value for hibernate_sequence
Hibernate: 
    call next value for hibernate_sequence
Hibernate: 
    call next value for hibernate_sequence
Hibernate: 
    call next value for hibernate_sequence
Hibernate: 
    call next value for hibernate_sequence
Hibernate: 
    call next value for hibernate_sequence
Hibernate: 
    call next value for hibernate_sequence
Hibernate: 
    call next value for hibernate_sequence
Hibernate: 
    call next value for hibernate_sequence
Hibernate: 
    call next value for hibernate_sequence
Hibernate: 
    call next value for hibernate_sequence
Hibernate: 
    call next value for hibernate_sequence
Hibernate: 
    call next value for hibernate_sequence
Hibernate: 
    call next value for hibernate_sequence
Hibernate: 
    call next value for hibernate_sequence
Hibernate: 
    call next value for hibernate_sequence
Hibernate: 
    call next value for hibernate_sequence
Hibernate: 
    call next value for hibernate_sequence
Hibernate: 
    call next value for hibernate_sequence
Hibernate: 
    call next value for hibernate_sequence
Hibernate: 
    call next value for hibernate_sequence
Hibernate: 
    call next value for hibernate_sequence
Hibernate: 
    call next value for hibernate_sequence
Hibernate: 
    call next value for hibernate_sequence
Hibernate: 
    call next value for hibernate_sequence
Hibernate: 
    call next value for hibernate_sequence
Hibernate: 
    call next value for hibernate_sequence
Hibernate: 
    call next value for hibernate_sequence
Hibernate: 
    call next value for hibernate_sequence
Hibernate: 
    call next value for hibernate_sequence
Hibernate: 
    call next value for hibernate_sequence
Hibernate: 
    call next value for hibernate_sequence
Hibernate: 
    call next value for hibernate_sequence
Hibernate: 
    call next value for hibernate_sequence
Hibernate: 
    call next value for hibernate_sequence
Hibernate: 
    call next value for hibernate_sequence
Hibernate: 
    call next value for hibernate_sequence
Hibernate: 
    call next value for hibernate_sequence
Hibernate: 
    call next value for hibernate_sequence
Hibernate: 
    call next value for hibernate_sequence
Hibernate: 
    call next value for hibernate_sequence
Hibernate: 
    call next value for hibernate_sequence
Hibernate: 
    call next value for hibernate_sequence
Hibernate: 
    call next value for hibernate_sequence
Hibernate: 
    call next value for hibernate_sequence
Hibernate: 
    call next value for hibernate_sequence
Hibernate: 
    call next value for hibernate_sequence
Hibernate: 
    call next value for hibernate_sequence
Hibernate: 
    insert 
    into
        study
        (likes, counts, full_description, level, location_id, max_count, mento_recruiting, open, published_date_time, question, recruiting, short_description, title, id) 
    values
        (?, ?, ?, ?, ?, ?, ?, ?, ?, ?, ?, ?, ?, ?)
2021-03-10 22:37:38.183 TRACE 20712 --- [    Test worker] o.h.type.descriptor.sql.BasicBinder      : binding parameter [1] as [INTEGER] - [0]
2021-03-10 22:37:38.183 TRACE 20712 --- [    Test worker] o.h.type.descriptor.sql.BasicBinder      : binding parameter [2] as [INTEGER] - [0]
2021-03-10 22:37:38.183 TRACE 20712 --- [    Test worker] o.h.type.descriptor.sql.BasicBinder      : binding parameter [3] as [VARCHAR] - [null]
2021-03-10 22:37:38.183 TRACE 20712 --- [    Test worker] o.h.type.descriptor.sql.BasicBinder      : binding parameter [4] as [INTEGER] - [null]
2021-03-10 22:37:38.183 TRACE 20712 --- [    Test worker] o.h.type.descriptor.sql.BasicBinder      : binding parameter [5] as [BIGINT] - [61]
2021-03-10 22:37:38.183 TRACE 20712 --- [    Test worker] o.h.type.descriptor.sql.BasicBinder      : binding parameter [6] as [INTEGER] - [3]
2021-03-10 22:37:38.183 TRACE 20712 --- [    Test worker] o.h.type.descriptor.sql.BasicBinder      : binding parameter [7] as [BOOLEAN] - [null]
2021-03-10 22:37:38.183 TRACE 20712 --- [    Test worker] o.h.type.descriptor.sql.BasicBinder      : binding parameter [8] as [BOOLEAN] - [true]
2021-03-10 22:37:38.183 TRACE 20712 --- [    Test worker] o.h.type.descriptor.sql.BasicBinder      : binding parameter [9] as [TIMESTAMP] - [2021-03-10T22:37:37.450043700]
2021-03-10 22:37:38.183 TRACE 20712 --- [    Test worker] o.h.type.descriptor.sql.BasicBinder      : binding parameter [10] as [VARCHAR] - [null]
2021-03-10 22:37:38.183 TRACE 20712 --- [    Test worker] o.h.type.descriptor.sql.BasicBinder      : binding parameter [11] as [BOOLEAN] - [false]
2021-03-10 22:37:38.183 TRACE 20712 --- [    Test worker] o.h.type.descriptor.sql.BasicBinder      : binding parameter [12] as [VARCHAR] - [스프링 스터디입니다]
2021-03-10 22:37:38.183 TRACE 20712 --- [    Test worker] o.h.type.descriptor.sql.BasicBinder      : binding parameter [13] as [VARCHAR] - [하둡 스터디0]
2021-03-10 22:37:38.183 TRACE 20712 --- [    Test worker] o.h.type.descriptor.sql.BasicBinder      : binding parameter [14] as [BIGINT] - [146]
Hibernate: 
    insert 
    into
        study
        (likes, counts, full_description, level, location_id, max_count, mento_recruiting, open, published_date_time, question, recruiting, short_description, title, id) 
    values
        (?, ?, ?, ?, ?, ?, ?, ?, ?, ?, ?, ?, ?, ?)
2021-03-10 22:37:38.183 TRACE 20712 --- [    Test worker] o.h.type.descriptor.sql.BasicBinder      : binding parameter [1] as [INTEGER] - [0]
2021-03-10 22:37:38.183 TRACE 20712 --- [    Test worker] o.h.type.descriptor.sql.BasicBinder      : binding parameter [2] as [INTEGER] - [0]
2021-03-10 22:37:38.183 TRACE 20712 --- [    Test worker] o.h.type.descriptor.sql.BasicBinder      : binding parameter [3] as [VARCHAR] - [null]
2021-03-10 22:37:38.183 TRACE 20712 --- [    Test worker] o.h.type.descriptor.sql.BasicBinder      : binding parameter [4] as [INTEGER] - [null]
2021-03-10 22:37:38.183 TRACE 20712 --- [    Test worker] o.h.type.descriptor.sql.BasicBinder      : binding parameter [5] as [BIGINT] - [61]
2021-03-10 22:37:38.183 TRACE 20712 --- [    Test worker] o.h.type.descriptor.sql.BasicBinder      : binding parameter [6] as [INTEGER] - [3]
2021-03-10 22:37:38.183 TRACE 20712 --- [    Test worker] o.h.type.descriptor.sql.BasicBinder      : binding parameter [7] as [BOOLEAN] - [null]
2021-03-10 22:37:38.183 TRACE 20712 --- [    Test worker] o.h.type.descriptor.sql.BasicBinder      : binding parameter [8] as [BOOLEAN] - [true]
2021-03-10 22:37:38.183 TRACE 20712 --- [    Test worker] o.h.type.descriptor.sql.BasicBinder      : binding parameter [9] as [TIMESTAMP] - [2021-03-10T22:37:37.450043700]
2021-03-10 22:37:38.183 TRACE 20712 --- [    Test worker] o.h.type.descriptor.sql.BasicBinder      : binding parameter [10] as [VARCHAR] - [null]
2021-03-10 22:37:38.183 TRACE 20712 --- [    Test worker] o.h.type.descriptor.sql.BasicBinder      : binding parameter [11] as [BOOLEAN] - [false]
2021-03-10 22:37:38.183 TRACE 20712 --- [    Test worker] o.h.type.descriptor.sql.BasicBinder      : binding parameter [12] as [VARCHAR] - [스프링 스터디입니다]
2021-03-10 22:37:38.183 TRACE 20712 --- [    Test worker] o.h.type.descriptor.sql.BasicBinder      : binding parameter [13] as [VARCHAR] - [자바 스터디1]
2021-03-10 22:37:38.183 TRACE 20712 --- [    Test worker] o.h.type.descriptor.sql.BasicBinder      : binding parameter [14] as [BIGINT] - [147]
Hibernate: 
    insert 
    into
        study
        (likes, counts, full_description, level, location_id, max_count, mento_recruiting, open, published_date_time, question, recruiting, short_description, title, id) 
    values
        (?, ?, ?, ?, ?, ?, ?, ?, ?, ?, ?, ?, ?, ?)
2021-03-10 22:37:38.183 TRACE 20712 --- [    Test worker] o.h.type.descriptor.sql.BasicBinder      : binding parameter [1] as [INTEGER] - [0]
2021-03-10 22:37:38.183 TRACE 20712 --- [    Test worker] o.h.type.descriptor.sql.BasicBinder      : binding parameter [2] as [INTEGER] - [0]
2021-03-10 22:37:38.183 TRACE 20712 --- [    Test worker] o.h.type.descriptor.sql.BasicBinder      : binding parameter [3] as [VARCHAR] - [null]
2021-03-10 22:37:38.183 TRACE 20712 --- [    Test worker] o.h.type.descriptor.sql.BasicBinder      : binding parameter [4] as [INTEGER] - [null]
2021-03-10 22:37:38.183 TRACE 20712 --- [    Test worker] o.h.type.descriptor.sql.BasicBinder      : binding parameter [5] as [BIGINT] - [61]
2021-03-10 22:37:38.183 TRACE 20712 --- [    Test worker] o.h.type.descriptor.sql.BasicBinder      : binding parameter [6] as [INTEGER] - [3]
2021-03-10 22:37:38.183 TRACE 20712 --- [    Test worker] o.h.type.descriptor.sql.BasicBinder      : binding parameter [7] as [BOOLEAN] - [null]
2021-03-10 22:37:38.183 TRACE 20712 --- [    Test worker] o.h.type.descriptor.sql.BasicBinder      : binding parameter [8] as [BOOLEAN] - [true]
2021-03-10 22:37:38.183 TRACE 20712 --- [    Test worker] o.h.type.descriptor.sql.BasicBinder      : binding parameter [9] as [TIMESTAMP] - [2021-03-10T22:37:37.465667200]
2021-03-10 22:37:38.183 TRACE 20712 --- [    Test worker] o.h.type.descriptor.sql.BasicBinder      : binding parameter [10] as [VARCHAR] - [null]
2021-03-10 22:37:38.183 TRACE 20712 --- [    Test worker] o.h.type.descriptor.sql.BasicBinder      : binding parameter [11] as [BOOLEAN] - [false]
2021-03-10 22:37:38.183 TRACE 20712 --- [    Test worker] o.h.type.descriptor.sql.BasicBinder      : binding parameter [12] as [VARCHAR] - [스프링 스터디입니다]
2021-03-10 22:37:38.183 TRACE 20712 --- [    Test worker] o.h.type.descriptor.sql.BasicBinder      : binding parameter [13] as [VARCHAR] - [하둡 스터디2]
2021-03-10 22:37:38.183 TRACE 20712 --- [    Test worker] o.h.type.descriptor.sql.BasicBinder      : binding parameter [14] as [BIGINT] - [148]
Hibernate: 
    insert 
    into
        study
        (likes, counts, full_description, level, location_id, max_count, mento_recruiting, open, published_date_time, question, recruiting, short_description, title, id) 
    values
        (?, ?, ?, ?, ?, ?, ?, ?, ?, ?, ?, ?, ?, ?)
2021-03-10 22:37:38.183 TRACE 20712 --- [    Test worker] o.h.type.descriptor.sql.BasicBinder      : binding parameter [1] as [INTEGER] - [0]
2021-03-10 22:37:38.183 TRACE 20712 --- [    Test worker] o.h.type.descriptor.sql.BasicBinder      : binding parameter [2] as [INTEGER] - [0]
2021-03-10 22:37:38.183 TRACE 20712 --- [    Test worker] o.h.type.descriptor.sql.BasicBinder      : binding parameter [3] as [VARCHAR] - [null]
2021-03-10 22:37:38.183 TRACE 20712 --- [    Test worker] o.h.type.descriptor.sql.BasicBinder      : binding parameter [4] as [INTEGER] - [null]
2021-03-10 22:37:38.183 TRACE 20712 --- [    Test worker] o.h.type.descriptor.sql.BasicBinder      : binding parameter [5] as [BIGINT] - [61]
2021-03-10 22:37:38.183 TRACE 20712 --- [    Test worker] o.h.type.descriptor.sql.BasicBinder      : binding parameter [6] as [INTEGER] - [3]
2021-03-10 22:37:38.183 TRACE 20712 --- [    Test worker] o.h.type.descriptor.sql.BasicBinder      : binding parameter [7] as [BOOLEAN] - [null]
2021-03-10 22:37:38.183 TRACE 20712 --- [    Test worker] o.h.type.descriptor.sql.BasicBinder      : binding parameter [8] as [BOOLEAN] - [true]
2021-03-10 22:37:38.183 TRACE 20712 --- [    Test worker] o.h.type.descriptor.sql.BasicBinder      : binding parameter [9] as [TIMESTAMP] - [2021-03-10T22:37:37.465667200]
2021-03-10 22:37:38.183 TRACE 20712 --- [    Test worker] o.h.type.descriptor.sql.BasicBinder      : binding parameter [10] as [VARCHAR] - [null]
2021-03-10 22:37:38.183 TRACE 20712 --- [    Test worker] o.h.type.descriptor.sql.BasicBinder      : binding parameter [11] as [BOOLEAN] - [true]
2021-03-10 22:37:38.183 TRACE 20712 --- [    Test worker] o.h.type.descriptor.sql.BasicBinder      : binding parameter [12] as [VARCHAR] - [스프링 스터디입니다]
2021-03-10 22:37:38.183 TRACE 20712 --- [    Test worker] o.h.type.descriptor.sql.BasicBinder      : binding parameter [13] as [VARCHAR] - [스프링 스터디3]
2021-03-10 22:37:38.183 TRACE 20712 --- [    Test worker] o.h.type.descriptor.sql.BasicBinder      : binding parameter [14] as [BIGINT] - [149]
Hibernate: 
    insert 
    into
        study
        (likes, counts, full_description, level, location_id, max_count, mento_recruiting, open, published_date_time, question, recruiting, short_description, title, id) 
    values
        (?, ?, ?, ?, ?, ?, ?, ?, ?, ?, ?, ?, ?, ?)
2021-03-10 22:37:38.183 TRACE 20712 --- [    Test worker] o.h.type.descriptor.sql.BasicBinder      : binding parameter [1] as [INTEGER] - [0]
2021-03-10 22:37:38.183 TRACE 20712 --- [    Test worker] o.h.type.descriptor.sql.BasicBinder      : binding parameter [2] as [INTEGER] - [0]
2021-03-10 22:37:38.183 TRACE 20712 --- [    Test worker] o.h.type.descriptor.sql.BasicBinder      : binding parameter [3] as [VARCHAR] - [null]
2021-03-10 22:37:38.183 TRACE 20712 --- [    Test worker] o.h.type.descriptor.sql.BasicBinder      : binding parameter [4] as [INTEGER] - [null]
2021-03-10 22:37:38.183 TRACE 20712 --- [    Test worker] o.h.type.descriptor.sql.BasicBinder      : binding parameter [5] as [BIGINT] - [61]
2021-03-10 22:37:38.183 TRACE 20712 --- [    Test worker] o.h.type.descriptor.sql.BasicBinder      : binding parameter [6] as [INTEGER] - [3]
2021-03-10 22:37:38.183 TRACE 20712 --- [    Test worker] o.h.type.descriptor.sql.BasicBinder      : binding parameter [7] as [BOOLEAN] - [null]
2021-03-10 22:37:38.183 TRACE 20712 --- [    Test worker] o.h.type.descriptor.sql.BasicBinder      : binding parameter [8] as [BOOLEAN] - [true]
2021-03-10 22:37:38.183 TRACE 20712 --- [    Test worker] o.h.type.descriptor.sql.BasicBinder      : binding parameter [9] as [TIMESTAMP] - [2021-03-10T22:37:37.465667200]
2021-03-10 22:37:38.183 TRACE 20712 --- [    Test worker] o.h.type.descriptor.sql.BasicBinder      : binding parameter [10] as [VARCHAR] - [null]
2021-03-10 22:37:38.183 TRACE 20712 --- [    Test worker] o.h.type.descriptor.sql.BasicBinder      : binding parameter [11] as [BOOLEAN] - [false]
2021-03-10 22:37:38.183 TRACE 20712 --- [    Test worker] o.h.type.descriptor.sql.BasicBinder      : binding parameter [12] as [VARCHAR] - [스프링 스터디입니다]
2021-03-10 22:37:38.183 TRACE 20712 --- [    Test worker] o.h.type.descriptor.sql.BasicBinder      : binding parameter [13] as [VARCHAR] - [스프링 스터디4]
2021-03-10 22:37:38.183 TRACE 20712 --- [    Test worker] o.h.type.descriptor.sql.BasicBinder      : binding parameter [14] as [BIGINT] - [150]
Hibernate: 
    insert 
    into
        study
        (likes, counts, full_description, level, location_id, max_count, mento_recruiting, open, published_date_time, question, recruiting, short_description, title, id) 
    values
        (?, ?, ?, ?, ?, ?, ?, ?, ?, ?, ?, ?, ?, ?)
2021-03-10 22:37:38.183 TRACE 20712 --- [    Test worker] o.h.type.descriptor.sql.BasicBinder      : binding parameter [1] as [INTEGER] - [0]
2021-03-10 22:37:38.183 TRACE 20712 --- [    Test worker] o.h.type.descriptor.sql.BasicBinder      : binding parameter [2] as [INTEGER] - [0]
2021-03-10 22:37:38.183 TRACE 20712 --- [    Test worker] o.h.type.descriptor.sql.BasicBinder      : binding parameter [3] as [VARCHAR] - [null]
2021-03-10 22:37:38.183 TRACE 20712 --- [    Test worker] o.h.type.descriptor.sql.BasicBinder      : binding parameter [4] as [INTEGER] - [null]
2021-03-10 22:37:38.183 TRACE 20712 --- [    Test worker] o.h.type.descriptor.sql.BasicBinder      : binding parameter [5] as [BIGINT] - [61]
2021-03-10 22:37:38.183 TRACE 20712 --- [    Test worker] o.h.type.descriptor.sql.BasicBinder      : binding parameter [6] as [INTEGER] - [3]
2021-03-10 22:37:38.183 TRACE 20712 --- [    Test worker] o.h.type.descriptor.sql.BasicBinder      : binding parameter [7] as [BOOLEAN] - [null]
2021-03-10 22:37:38.183 TRACE 20712 --- [    Test worker] o.h.type.descriptor.sql.BasicBinder      : binding parameter [8] as [BOOLEAN] - [true]
2021-03-10 22:37:38.183 TRACE 20712 --- [    Test worker] o.h.type.descriptor.sql.BasicBinder      : binding parameter [9] as [TIMESTAMP] - [2021-03-10T22:37:37.465667200]
2021-03-10 22:37:38.183 TRACE 20712 --- [    Test worker] o.h.type.descriptor.sql.BasicBinder      : binding parameter [10] as [VARCHAR] - [null]
2021-03-10 22:37:38.183 TRACE 20712 --- [    Test worker] o.h.type.descriptor.sql.BasicBinder      : binding parameter [11] as [BOOLEAN] - [false]
2021-03-10 22:37:38.183 TRACE 20712 --- [    Test worker] o.h.type.descriptor.sql.BasicBinder      : binding parameter [12] as [VARCHAR] - [스프링 스터디입니다]
2021-03-10 22:37:38.183 TRACE 20712 --- [    Test worker] o.h.type.descriptor.sql.BasicBinder      : binding parameter [13] as [VARCHAR] - [스프링 스터디5]
2021-03-10 22:37:38.183 TRACE 20712 --- [    Test worker] o.h.type.descriptor.sql.BasicBinder      : binding parameter [14] as [BIGINT] - [151]
Hibernate: 
    insert 
    into
        study
        (likes, counts, full_description, level, location_id, max_count, mento_recruiting, open, published_date_time, question, recruiting, short_description, title, id) 
    values
        (?, ?, ?, ?, ?, ?, ?, ?, ?, ?, ?, ?, ?, ?)
2021-03-10 22:37:38.183 TRACE 20712 --- [    Test worker] o.h.type.descriptor.sql.BasicBinder      : binding parameter [1] as [INTEGER] - [0]
2021-03-10 22:37:38.183 TRACE 20712 --- [    Test worker] o.h.type.descriptor.sql.BasicBinder      : binding parameter [2] as [INTEGER] - [0]
2021-03-10 22:37:38.183 TRACE 20712 --- [    Test worker] o.h.type.descriptor.sql.BasicBinder      : binding parameter [3] as [VARCHAR] - [null]
2021-03-10 22:37:38.183 TRACE 20712 --- [    Test worker] o.h.type.descriptor.sql.BasicBinder      : binding parameter [4] as [INTEGER] - [null]
2021-03-10 22:37:38.183 TRACE 20712 --- [    Test worker] o.h.type.descriptor.sql.BasicBinder      : binding parameter [5] as [BIGINT] - [61]
2021-03-10 22:37:38.183 TRACE 20712 --- [    Test worker] o.h.type.descriptor.sql.BasicBinder      : binding parameter [6] as [INTEGER] - [3]
2021-03-10 22:37:38.183 TRACE 20712 --- [    Test worker] o.h.type.descriptor.sql.BasicBinder      : binding parameter [7] as [BOOLEAN] - [null]
2021-03-10 22:37:38.183 TRACE 20712 --- [    Test worker] o.h.type.descriptor.sql.BasicBinder      : binding parameter [8] as [BOOLEAN] - [true]
2021-03-10 22:37:38.183 TRACE 20712 --- [    Test worker] o.h.type.descriptor.sql.BasicBinder      : binding parameter [9] as [TIMESTAMP] - [2021-03-10T22:37:37.481292300]
2021-03-10 22:37:38.183 TRACE 20712 --- [    Test worker] o.h.type.descriptor.sql.BasicBinder      : binding parameter [10] as [VARCHAR] - [null]
2021-03-10 22:37:38.183 TRACE 20712 --- [    Test worker] o.h.type.descriptor.sql.BasicBinder      : binding parameter [11] as [BOOLEAN] - [true]
2021-03-10 22:37:38.183 TRACE 20712 --- [    Test worker] o.h.type.descriptor.sql.BasicBinder      : binding parameter [12] as [VARCHAR] - [스프링 스터디입니다]
2021-03-10 22:37:38.183 TRACE 20712 --- [    Test worker] o.h.type.descriptor.sql.BasicBinder      : binding parameter [13] as [VARCHAR] - [자바 스터디6]
2021-03-10 22:37:38.183 TRACE 20712 --- [    Test worker] o.h.type.descriptor.sql.BasicBinder      : binding parameter [14] as [BIGINT] - [152]
Hibernate: 
    insert 
    into
        study
        (likes, counts, full_description, level, location_id, max_count, mento_recruiting, open, published_date_time, question, recruiting, short_description, title, id) 
    values
        (?, ?, ?, ?, ?, ?, ?, ?, ?, ?, ?, ?, ?, ?)
2021-03-10 22:37:38.183 TRACE 20712 --- [    Test worker] o.h.type.descriptor.sql.BasicBinder      : binding parameter [1] as [INTEGER] - [0]
2021-03-10 22:37:38.183 TRACE 20712 --- [    Test worker] o.h.type.descriptor.sql.BasicBinder      : binding parameter [2] as [INTEGER] - [0]
2021-03-10 22:37:38.183 TRACE 20712 --- [    Test worker] o.h.type.descriptor.sql.BasicBinder      : binding parameter [3] as [VARCHAR] - [null]
2021-03-10 22:37:38.183 TRACE 20712 --- [    Test worker] o.h.type.descriptor.sql.BasicBinder      : binding parameter [4] as [INTEGER] - [null]
2021-03-10 22:37:38.183 TRACE 20712 --- [    Test worker] o.h.type.descriptor.sql.BasicBinder      : binding parameter [5] as [BIGINT] - [61]
2021-03-10 22:37:38.183 TRACE 20712 --- [    Test worker] o.h.type.descriptor.sql.BasicBinder      : binding parameter [6] as [INTEGER] - [3]
2021-03-10 22:37:38.183 TRACE 20712 --- [    Test worker] o.h.type.descriptor.sql.BasicBinder      : binding parameter [7] as [BOOLEAN] - [null]
2021-03-10 22:37:38.183 TRACE 20712 --- [    Test worker] o.h.type.descriptor.sql.BasicBinder      : binding parameter [8] as [BOOLEAN] - [true]
2021-03-10 22:37:38.183 TRACE 20712 --- [    Test worker] o.h.type.descriptor.sql.BasicBinder      : binding parameter [9] as [TIMESTAMP] - [2021-03-10T22:37:37.481292300]
2021-03-10 22:37:38.183 TRACE 20712 --- [    Test worker] o.h.type.descriptor.sql.BasicBinder      : binding parameter [10] as [VARCHAR] - [null]
2021-03-10 22:37:38.183 TRACE 20712 --- [    Test worker] o.h.type.descriptor.sql.BasicBinder      : binding parameter [11] as [BOOLEAN] - [true]
2021-03-10 22:37:38.183 TRACE 20712 --- [    Test worker] o.h.type.descriptor.sql.BasicBinder      : binding parameter [12] as [VARCHAR] - [스프링 스터디입니다]
2021-03-10 22:37:38.183 TRACE 20712 --- [    Test worker] o.h.type.descriptor.sql.BasicBinder      : binding parameter [13] as [VARCHAR] - [자바 스터디7]
2021-03-10 22:37:38.183 TRACE 20712 --- [    Test worker] o.h.type.descriptor.sql.BasicBinder      : binding parameter [14] as [BIGINT] - [153]
Hibernate: 
    insert 
    into
        study
        (likes, counts, full_description, level, location_id, max_count, mento_recruiting, open, published_date_time, question, recruiting, short_description, title, id) 
    values
        (?, ?, ?, ?, ?, ?, ?, ?, ?, ?, ?, ?, ?, ?)
2021-03-10 22:37:38.183 TRACE 20712 --- [    Test worker] o.h.type.descriptor.sql.BasicBinder      : binding parameter [1] as [INTEGER] - [0]
2021-03-10 22:37:38.183 TRACE 20712 --- [    Test worker] o.h.type.descriptor.sql.BasicBinder      : binding parameter [2] as [INTEGER] - [0]
2021-03-10 22:37:38.183 TRACE 20712 --- [    Test worker] o.h.type.descriptor.sql.BasicBinder      : binding parameter [3] as [VARCHAR] - [null]
2021-03-10 22:37:38.183 TRACE 20712 --- [    Test worker] o.h.type.descriptor.sql.BasicBinder      : binding parameter [4] as [INTEGER] - [null]
2021-03-10 22:37:38.198 TRACE 20712 --- [    Test worker] o.h.type.descriptor.sql.BasicBinder      : binding parameter [5] as [BIGINT] - [61]
2021-03-10 22:37:38.198 TRACE 20712 --- [    Test worker] o.h.type.descriptor.sql.BasicBinder      : binding parameter [6] as [INTEGER] - [3]
2021-03-10 22:37:38.198 TRACE 20712 --- [    Test worker] o.h.type.descriptor.sql.BasicBinder      : binding parameter [7] as [BOOLEAN] - [null]
2021-03-10 22:37:38.198 TRACE 20712 --- [    Test worker] o.h.type.descriptor.sql.BasicBinder      : binding parameter [8] as [BOOLEAN] - [true]
2021-03-10 22:37:38.198 TRACE 20712 --- [    Test worker] o.h.type.descriptor.sql.BasicBinder      : binding parameter [9] as [TIMESTAMP] - [2021-03-10T22:37:37.481292300]
2021-03-10 22:37:38.198 TRACE 20712 --- [    Test worker] o.h.type.descriptor.sql.BasicBinder      : binding parameter [10] as [VARCHAR] - [null]
2021-03-10 22:37:38.198 TRACE 20712 --- [    Test worker] o.h.type.descriptor.sql.BasicBinder      : binding parameter [11] as [BOOLEAN] - [false]
2021-03-10 22:37:38.198 TRACE 20712 --- [    Test worker] o.h.type.descriptor.sql.BasicBinder      : binding parameter [12] as [VARCHAR] - [스프링 스터디입니다]
2021-03-10 22:37:38.198 TRACE 20712 --- [    Test worker] o.h.type.descriptor.sql.BasicBinder      : binding parameter [13] as [VARCHAR] - [자바 스터디8]
2021-03-10 22:37:38.198 TRACE 20712 --- [    Test worker] o.h.type.descriptor.sql.BasicBinder      : binding parameter [14] as [BIGINT] - [154]
Hibernate: 
    insert 
    into
        study
        (likes, counts, full_description, level, location_id, max_count, mento_recruiting, open, published_date_time, question, recruiting, short_description, title, id) 
    values
        (?, ?, ?, ?, ?, ?, ?, ?, ?, ?, ?, ?, ?, ?)
2021-03-10 22:37:38.198 TRACE 20712 --- [    Test worker] o.h.type.descriptor.sql.BasicBinder      : binding parameter [1] as [INTEGER] - [0]
2021-03-10 22:37:38.198 TRACE 20712 --- [    Test worker] o.h.type.descriptor.sql.BasicBinder      : binding parameter [2] as [INTEGER] - [0]
2021-03-10 22:37:38.198 TRACE 20712 --- [    Test worker] o.h.type.descriptor.sql.BasicBinder      : binding parameter [3] as [VARCHAR] - [null]
2021-03-10 22:37:38.198 TRACE 20712 --- [    Test worker] o.h.type.descriptor.sql.BasicBinder      : binding parameter [4] as [INTEGER] - [null]
2021-03-10 22:37:38.198 TRACE 20712 --- [    Test worker] o.h.type.descriptor.sql.BasicBinder      : binding parameter [5] as [BIGINT] - [61]
2021-03-10 22:37:38.198 TRACE 20712 --- [    Test worker] o.h.type.descriptor.sql.BasicBinder      : binding parameter [6] as [INTEGER] - [3]
2021-03-10 22:37:38.198 TRACE 20712 --- [    Test worker] o.h.type.descriptor.sql.BasicBinder      : binding parameter [7] as [BOOLEAN] - [null]
2021-03-10 22:37:38.198 TRACE 20712 --- [    Test worker] o.h.type.descriptor.sql.BasicBinder      : binding parameter [8] as [BOOLEAN] - [true]
2021-03-10 22:37:38.198 TRACE 20712 --- [    Test worker] o.h.type.descriptor.sql.BasicBinder      : binding parameter [9] as [TIMESTAMP] - [2021-03-10T22:37:37.496919500]
2021-03-10 22:37:38.198 TRACE 20712 --- [    Test worker] o.h.type.descriptor.sql.BasicBinder      : binding parameter [10] as [VARCHAR] - [null]
2021-03-10 22:37:38.198 TRACE 20712 --- [    Test worker] o.h.type.descriptor.sql.BasicBinder      : binding parameter [11] as [BOOLEAN] - [true]
2021-03-10 22:37:38.198 TRACE 20712 --- [    Test worker] o.h.type.descriptor.sql.BasicBinder      : binding parameter [12] as [VARCHAR] - [스프링 스터디입니다]
2021-03-10 22:37:38.198 TRACE 20712 --- [    Test worker] o.h.type.descriptor.sql.BasicBinder      : binding parameter [13] as [VARCHAR] - [하둡 스터디9]
2021-03-10 22:37:38.198 TRACE 20712 --- [    Test worker] o.h.type.descriptor.sql.BasicBinder      : binding parameter [14] as [BIGINT] - [155]
Hibernate: 
    insert 
    into
        study
        (likes, counts, full_description, level, location_id, max_count, mento_recruiting, open, published_date_time, question, recruiting, short_description, title, id) 
    values
        (?, ?, ?, ?, ?, ?, ?, ?, ?, ?, ?, ?, ?, ?)
2021-03-10 22:37:38.198 TRACE 20712 --- [    Test worker] o.h.type.descriptor.sql.BasicBinder      : binding parameter [1] as [INTEGER] - [0]
2021-03-10 22:37:38.198 TRACE 20712 --- [    Test worker] o.h.type.descriptor.sql.BasicBinder      : binding parameter [2] as [INTEGER] - [0]
2021-03-10 22:37:38.198 TRACE 20712 --- [    Test worker] o.h.type.descriptor.sql.BasicBinder      : binding parameter [3] as [VARCHAR] - [null]
2021-03-10 22:37:38.198 TRACE 20712 --- [    Test worker] o.h.type.descriptor.sql.BasicBinder      : binding parameter [4] as [INTEGER] - [null]
2021-03-10 22:37:38.198 TRACE 20712 --- [    Test worker] o.h.type.descriptor.sql.BasicBinder      : binding parameter [5] as [BIGINT] - [61]
2021-03-10 22:37:38.198 TRACE 20712 --- [    Test worker] o.h.type.descriptor.sql.BasicBinder      : binding parameter [6] as [INTEGER] - [3]
2021-03-10 22:37:38.198 TRACE 20712 --- [    Test worker] o.h.type.descriptor.sql.BasicBinder      : binding parameter [7] as [BOOLEAN] - [null]
2021-03-10 22:37:38.198 TRACE 20712 --- [    Test worker] o.h.type.descriptor.sql.BasicBinder      : binding parameter [8] as [BOOLEAN] - [true]
2021-03-10 22:37:38.198 TRACE 20712 --- [    Test worker] o.h.type.descriptor.sql.BasicBinder      : binding parameter [9] as [TIMESTAMP] - [2021-03-10T22:37:37.496919500]
2021-03-10 22:37:38.198 TRACE 20712 --- [    Test worker] o.h.type.descriptor.sql.BasicBinder      : binding parameter [10] as [VARCHAR] - [null]
2021-03-10 22:37:38.198 TRACE 20712 --- [    Test worker] o.h.type.descriptor.sql.BasicBinder      : binding parameter [11] as [BOOLEAN] - [false]
2021-03-10 22:37:38.198 TRACE 20712 --- [    Test worker] o.h.type.descriptor.sql.BasicBinder      : binding parameter [12] as [VARCHAR] - [스프링 스터디입니다]
2021-03-10 22:37:38.198 TRACE 20712 --- [    Test worker] o.h.type.descriptor.sql.BasicBinder      : binding parameter [13] as [VARCHAR] - [자바 스터디10]
2021-03-10 22:37:38.198 TRACE 20712 --- [    Test worker] o.h.type.descriptor.sql.BasicBinder      : binding parameter [14] as [BIGINT] - [156]
Hibernate: 
    insert 
    into
        study
        (likes, counts, full_description, level, location_id, max_count, mento_recruiting, open, published_date_time, question, recruiting, short_description, title, id) 
    values
        (?, ?, ?, ?, ?, ?, ?, ?, ?, ?, ?, ?, ?, ?)
2021-03-10 22:37:38.198 TRACE 20712 --- [    Test worker] o.h.type.descriptor.sql.BasicBinder      : binding parameter [1] as [INTEGER] - [0]
2021-03-10 22:37:38.198 TRACE 20712 --- [    Test worker] o.h.type.descriptor.sql.BasicBinder      : binding parameter [2] as [INTEGER] - [0]
2021-03-10 22:37:38.198 TRACE 20712 --- [    Test worker] o.h.type.descriptor.sql.BasicBinder      : binding parameter [3] as [VARCHAR] - [null]
2021-03-10 22:37:38.198 TRACE 20712 --- [    Test worker] o.h.type.descriptor.sql.BasicBinder      : binding parameter [4] as [INTEGER] - [null]
2021-03-10 22:37:38.198 TRACE 20712 --- [    Test worker] o.h.type.descriptor.sql.BasicBinder      : binding parameter [5] as [BIGINT] - [61]
2021-03-10 22:37:38.198 TRACE 20712 --- [    Test worker] o.h.type.descriptor.sql.BasicBinder      : binding parameter [6] as [INTEGER] - [3]
2021-03-10 22:37:38.198 TRACE 20712 --- [    Test worker] o.h.type.descriptor.sql.BasicBinder      : binding parameter [7] as [BOOLEAN] - [null]
2021-03-10 22:37:38.198 TRACE 20712 --- [    Test worker] o.h.type.descriptor.sql.BasicBinder      : binding parameter [8] as [BOOLEAN] - [true]
2021-03-10 22:37:38.198 TRACE 20712 --- [    Test worker] o.h.type.descriptor.sql.BasicBinder      : binding parameter [9] as [TIMESTAMP] - [2021-03-10T22:37:37.496919500]
2021-03-10 22:37:38.198 TRACE 20712 --- [    Test worker] o.h.type.descriptor.sql.BasicBinder      : binding parameter [10] as [VARCHAR] - [null]
2021-03-10 22:37:38.198 TRACE 20712 --- [    Test worker] o.h.type.descriptor.sql.BasicBinder      : binding parameter [11] as [BOOLEAN] - [false]
2021-03-10 22:37:38.198 TRACE 20712 --- [    Test worker] o.h.type.descriptor.sql.BasicBinder      : binding parameter [12] as [VARCHAR] - [스프링 스터디입니다]
2021-03-10 22:37:38.198 TRACE 20712 --- [    Test worker] o.h.type.descriptor.sql.BasicBinder      : binding parameter [13] as [VARCHAR] - [스프링 스터디11]
2021-03-10 22:37:38.198 TRACE 20712 --- [    Test worker] o.h.type.descriptor.sql.BasicBinder      : binding parameter [14] as [BIGINT] - [157]
Hibernate: 
    insert 
    into
        study
        (likes, counts, full_description, level, location_id, max_count, mento_recruiting, open, published_date_time, question, recruiting, short_description, title, id) 
    values
        (?, ?, ?, ?, ?, ?, ?, ?, ?, ?, ?, ?, ?, ?)
2021-03-10 22:37:38.198 TRACE 20712 --- [    Test worker] o.h.type.descriptor.sql.BasicBinder      : binding parameter [1] as [INTEGER] - [0]
2021-03-10 22:37:38.198 TRACE 20712 --- [    Test worker] o.h.type.descriptor.sql.BasicBinder      : binding parameter [2] as [INTEGER] - [0]
2021-03-10 22:37:38.198 TRACE 20712 --- [    Test worker] o.h.type.descriptor.sql.BasicBinder      : binding parameter [3] as [VARCHAR] - [null]
2021-03-10 22:37:38.198 TRACE 20712 --- [    Test worker] o.h.type.descriptor.sql.BasicBinder      : binding parameter [4] as [INTEGER] - [null]
2021-03-10 22:37:38.198 TRACE 20712 --- [    Test worker] o.h.type.descriptor.sql.BasicBinder      : binding parameter [5] as [BIGINT] - [61]
2021-03-10 22:37:38.198 TRACE 20712 --- [    Test worker] o.h.type.descriptor.sql.BasicBinder      : binding parameter [6] as [INTEGER] - [3]
2021-03-10 22:37:38.198 TRACE 20712 --- [    Test worker] o.h.type.descriptor.sql.BasicBinder      : binding parameter [7] as [BOOLEAN] - [null]
2021-03-10 22:37:38.198 TRACE 20712 --- [    Test worker] o.h.type.descriptor.sql.BasicBinder      : binding parameter [8] as [BOOLEAN] - [true]
2021-03-10 22:37:38.198 TRACE 20712 --- [    Test worker] o.h.type.descriptor.sql.BasicBinder      : binding parameter [9] as [TIMESTAMP] - [2021-03-10T22:37:37.496919500]
2021-03-10 22:37:38.198 TRACE 20712 --- [    Test worker] o.h.type.descriptor.sql.BasicBinder      : binding parameter [10] as [VARCHAR] - [null]
2021-03-10 22:37:38.198 TRACE 20712 --- [    Test worker] o.h.type.descriptor.sql.BasicBinder      : binding parameter [11] as [BOOLEAN] - [true]
2021-03-10 22:37:38.198 TRACE 20712 --- [    Test worker] o.h.type.descriptor.sql.BasicBinder      : binding parameter [12] as [VARCHAR] - [스프링 스터디입니다]
2021-03-10 22:37:38.198 TRACE 20712 --- [    Test worker] o.h.type.descriptor.sql.BasicBinder      : binding parameter [13] as [VARCHAR] - [자바 스터디12]
2021-03-10 22:37:38.198 TRACE 20712 --- [    Test worker] o.h.type.descriptor.sql.BasicBinder      : binding parameter [14] as [BIGINT] - [158]
Hibernate: 
    insert 
    into
        study
        (likes, counts, full_description, level, location_id, max_count, mento_recruiting, open, published_date_time, question, recruiting, short_description, title, id) 
    values
        (?, ?, ?, ?, ?, ?, ?, ?, ?, ?, ?, ?, ?, ?)
2021-03-10 22:37:38.198 TRACE 20712 --- [    Test worker] o.h.type.descriptor.sql.BasicBinder      : binding parameter [1] as [INTEGER] - [0]
2021-03-10 22:37:38.198 TRACE 20712 --- [    Test worker] o.h.type.descriptor.sql.BasicBinder      : binding parameter [2] as [INTEGER] - [0]
2021-03-10 22:37:38.198 TRACE 20712 --- [    Test worker] o.h.type.descriptor.sql.BasicBinder      : binding parameter [3] as [VARCHAR] - [null]
2021-03-10 22:37:38.198 TRACE 20712 --- [    Test worker] o.h.type.descriptor.sql.BasicBinder      : binding parameter [4] as [INTEGER] - [null]
2021-03-10 22:37:38.198 TRACE 20712 --- [    Test worker] o.h.type.descriptor.sql.BasicBinder      : binding parameter [5] as [BIGINT] - [61]
2021-03-10 22:37:38.198 TRACE 20712 --- [    Test worker] o.h.type.descriptor.sql.BasicBinder      : binding parameter [6] as [INTEGER] - [3]
2021-03-10 22:37:38.198 TRACE 20712 --- [    Test worker] o.h.type.descriptor.sql.BasicBinder      : binding parameter [7] as [BOOLEAN] - [null]
2021-03-10 22:37:38.198 TRACE 20712 --- [    Test worker] o.h.type.descriptor.sql.BasicBinder      : binding parameter [8] as [BOOLEAN] - [true]
2021-03-10 22:37:38.198 TRACE 20712 --- [    Test worker] o.h.type.descriptor.sql.BasicBinder      : binding parameter [9] as [TIMESTAMP] - [2021-03-10T22:37:37.512545100]
2021-03-10 22:37:38.198 TRACE 20712 --- [    Test worker] o.h.type.descriptor.sql.BasicBinder      : binding parameter [10] as [VARCHAR] - [null]
2021-03-10 22:37:38.198 TRACE 20712 --- [    Test worker] o.h.type.descriptor.sql.BasicBinder      : binding parameter [11] as [BOOLEAN] - [true]
2021-03-10 22:37:38.198 TRACE 20712 --- [    Test worker] o.h.type.descriptor.sql.BasicBinder      : binding parameter [12] as [VARCHAR] - [스프링 스터디입니다]
2021-03-10 22:37:38.198 TRACE 20712 --- [    Test worker] o.h.type.descriptor.sql.BasicBinder      : binding parameter [13] as [VARCHAR] - [인공지능 스터디13]
2021-03-10 22:37:38.198 TRACE 20712 --- [    Test worker] o.h.type.descriptor.sql.BasicBinder      : binding parameter [14] as [BIGINT] - [159]
Hibernate: 
    insert 
    into
        study
        (likes, counts, full_description, level, location_id, max_count, mento_recruiting, open, published_date_time, question, recruiting, short_description, title, id) 
    values
        (?, ?, ?, ?, ?, ?, ?, ?, ?, ?, ?, ?, ?, ?)
2021-03-10 22:37:38.198 TRACE 20712 --- [    Test worker] o.h.type.descriptor.sql.BasicBinder      : binding parameter [1] as [INTEGER] - [0]
2021-03-10 22:37:38.198 TRACE 20712 --- [    Test worker] o.h.type.descriptor.sql.BasicBinder      : binding parameter [2] as [INTEGER] - [0]
2021-03-10 22:37:38.198 TRACE 20712 --- [    Test worker] o.h.type.descriptor.sql.BasicBinder      : binding parameter [3] as [VARCHAR] - [null]
2021-03-10 22:37:38.198 TRACE 20712 --- [    Test worker] o.h.type.descriptor.sql.BasicBinder      : binding parameter [4] as [INTEGER] - [null]
2021-03-10 22:37:38.198 TRACE 20712 --- [    Test worker] o.h.type.descriptor.sql.BasicBinder      : binding parameter [5] as [BIGINT] - [61]
2021-03-10 22:37:38.198 TRACE 20712 --- [    Test worker] o.h.type.descriptor.sql.BasicBinder      : binding parameter [6] as [INTEGER] - [3]
2021-03-10 22:37:38.198 TRACE 20712 --- [    Test worker] o.h.type.descriptor.sql.BasicBinder      : binding parameter [7] as [BOOLEAN] - [null]
2021-03-10 22:37:38.198 TRACE 20712 --- [    Test worker] o.h.type.descriptor.sql.BasicBinder      : binding parameter [8] as [BOOLEAN] - [true]
2021-03-10 22:37:38.198 TRACE 20712 --- [    Test worker] o.h.type.descriptor.sql.BasicBinder      : binding parameter [9] as [TIMESTAMP] - [2021-03-10T22:37:37.512545100]
2021-03-10 22:37:38.198 TRACE 20712 --- [    Test worker] o.h.type.descriptor.sql.BasicBinder      : binding parameter [10] as [VARCHAR] - [null]
2021-03-10 22:37:38.198 TRACE 20712 --- [    Test worker] o.h.type.descriptor.sql.BasicBinder      : binding parameter [11] as [BOOLEAN] - [false]
2021-03-10 22:37:38.198 TRACE 20712 --- [    Test worker] o.h.type.descriptor.sql.BasicBinder      : binding parameter [12] as [VARCHAR] - [스프링 스터디입니다]
2021-03-10 22:37:38.198 TRACE 20712 --- [    Test worker] o.h.type.descriptor.sql.BasicBinder      : binding parameter [13] as [VARCHAR] - [자바 스터디14]
2021-03-10 22:37:38.198 TRACE 20712 --- [    Test worker] o.h.type.descriptor.sql.BasicBinder      : binding parameter [14] as [BIGINT] - [160]
Hibernate: 
    insert 
    into
        study
        (likes, counts, full_description, level, location_id, max_count, mento_recruiting, open, published_date_time, question, recruiting, short_description, title, id) 
    values
        (?, ?, ?, ?, ?, ?, ?, ?, ?, ?, ?, ?, ?, ?)
2021-03-10 22:37:38.198 TRACE 20712 --- [    Test worker] o.h.type.descriptor.sql.BasicBinder      : binding parameter [1] as [INTEGER] - [0]
2021-03-10 22:37:38.198 TRACE 20712 --- [    Test worker] o.h.type.descriptor.sql.BasicBinder      : binding parameter [2] as [INTEGER] - [0]
2021-03-10 22:37:38.198 TRACE 20712 --- [    Test worker] o.h.type.descriptor.sql.BasicBinder      : binding parameter [3] as [VARCHAR] - [null]
2021-03-10 22:37:38.198 TRACE 20712 --- [    Test worker] o.h.type.descriptor.sql.BasicBinder      : binding parameter [4] as [INTEGER] - [null]
2021-03-10 22:37:38.214 TRACE 20712 --- [    Test worker] o.h.type.descriptor.sql.BasicBinder      : binding parameter [5] as [BIGINT] - [61]
2021-03-10 22:37:38.214 TRACE 20712 --- [    Test worker] o.h.type.descriptor.sql.BasicBinder      : binding parameter [6] as [INTEGER] - [3]
2021-03-10 22:37:38.214 TRACE 20712 --- [    Test worker] o.h.type.descriptor.sql.BasicBinder      : binding parameter [7] as [BOOLEAN] - [null]
2021-03-10 22:37:38.214 TRACE 20712 --- [    Test worker] o.h.type.descriptor.sql.BasicBinder      : binding parameter [8] as [BOOLEAN] - [true]
2021-03-10 22:37:38.214 TRACE 20712 --- [    Test worker] o.h.type.descriptor.sql.BasicBinder      : binding parameter [9] as [TIMESTAMP] - [2021-03-10T22:37:37.512545100]
2021-03-10 22:37:38.214 TRACE 20712 --- [    Test worker] o.h.type.descriptor.sql.BasicBinder      : binding parameter [10] as [VARCHAR] - [null]
2021-03-10 22:37:38.214 TRACE 20712 --- [    Test worker] o.h.type.descriptor.sql.BasicBinder      : binding parameter [11] as [BOOLEAN] - [false]
2021-03-10 22:37:38.214 TRACE 20712 --- [    Test worker] o.h.type.descriptor.sql.BasicBinder      : binding parameter [12] as [VARCHAR] - [스프링 스터디입니다]
2021-03-10 22:37:38.214 TRACE 20712 --- [    Test worker] o.h.type.descriptor.sql.BasicBinder      : binding parameter [13] as [VARCHAR] - [스프링 스터디15]
2021-03-10 22:37:38.214 TRACE 20712 --- [    Test worker] o.h.type.descriptor.sql.BasicBinder      : binding parameter [14] as [BIGINT] - [161]
Hibernate: 
    insert 
    into
        study
        (likes, counts, full_description, level, location_id, max_count, mento_recruiting, open, published_date_time, question, recruiting, short_description, title, id) 
    values
        (?, ?, ?, ?, ?, ?, ?, ?, ?, ?, ?, ?, ?, ?)
2021-03-10 22:37:38.214 TRACE 20712 --- [    Test worker] o.h.type.descriptor.sql.BasicBinder      : binding parameter [1] as [INTEGER] - [0]
2021-03-10 22:37:38.214 TRACE 20712 --- [    Test worker] o.h.type.descriptor.sql.BasicBinder      : binding parameter [2] as [INTEGER] - [0]
2021-03-10 22:37:38.214 TRACE 20712 --- [    Test worker] o.h.type.descriptor.sql.BasicBinder      : binding parameter [3] as [VARCHAR] - [null]
2021-03-10 22:37:38.214 TRACE 20712 --- [    Test worker] o.h.type.descriptor.sql.BasicBinder      : binding parameter [4] as [INTEGER] - [null]
2021-03-10 22:37:38.214 TRACE 20712 --- [    Test worker] o.h.type.descriptor.sql.BasicBinder      : binding parameter [5] as [BIGINT] - [61]
2021-03-10 22:37:38.214 TRACE 20712 --- [    Test worker] o.h.type.descriptor.sql.BasicBinder      : binding parameter [6] as [INTEGER] - [3]
2021-03-10 22:37:38.214 TRACE 20712 --- [    Test worker] o.h.type.descriptor.sql.BasicBinder      : binding parameter [7] as [BOOLEAN] - [null]
2021-03-10 22:37:38.214 TRACE 20712 --- [    Test worker] o.h.type.descriptor.sql.BasicBinder      : binding parameter [8] as [BOOLEAN] - [true]
2021-03-10 22:37:38.214 TRACE 20712 --- [    Test worker] o.h.type.descriptor.sql.BasicBinder      : binding parameter [9] as [TIMESTAMP] - [2021-03-10T22:37:37.528168800]
2021-03-10 22:37:38.214 TRACE 20712 --- [    Test worker] o.h.type.descriptor.sql.BasicBinder      : binding parameter [10] as [VARCHAR] - [null]
2021-03-10 22:37:38.214 TRACE 20712 --- [    Test worker] o.h.type.descriptor.sql.BasicBinder      : binding parameter [11] as [BOOLEAN] - [false]
2021-03-10 22:37:38.214 TRACE 20712 --- [    Test worker] o.h.type.descriptor.sql.BasicBinder      : binding parameter [12] as [VARCHAR] - [스프링 스터디입니다]
2021-03-10 22:37:38.214 TRACE 20712 --- [    Test worker] o.h.type.descriptor.sql.BasicBinder      : binding parameter [13] as [VARCHAR] - [스프링 스터디16]
2021-03-10 22:37:38.214 TRACE 20712 --- [    Test worker] o.h.type.descriptor.sql.BasicBinder      : binding parameter [14] as [BIGINT] - [162]
Hibernate: 
    insert 
    into
        study
        (likes, counts, full_description, level, location_id, max_count, mento_recruiting, open, published_date_time, question, recruiting, short_description, title, id) 
    values
        (?, ?, ?, ?, ?, ?, ?, ?, ?, ?, ?, ?, ?, ?)
2021-03-10 22:37:38.214 TRACE 20712 --- [    Test worker] o.h.type.descriptor.sql.BasicBinder      : binding parameter [1] as [INTEGER] - [0]
2021-03-10 22:37:38.214 TRACE 20712 --- [    Test worker] o.h.type.descriptor.sql.BasicBinder      : binding parameter [2] as [INTEGER] - [0]
2021-03-10 22:37:38.214 TRACE 20712 --- [    Test worker] o.h.type.descriptor.sql.BasicBinder      : binding parameter [3] as [VARCHAR] - [null]
2021-03-10 22:37:38.214 TRACE 20712 --- [    Test worker] o.h.type.descriptor.sql.BasicBinder      : binding parameter [4] as [INTEGER] - [null]
2021-03-10 22:37:38.214 TRACE 20712 --- [    Test worker] o.h.type.descriptor.sql.BasicBinder      : binding parameter [5] as [BIGINT] - [61]
2021-03-10 22:37:38.214 TRACE 20712 --- [    Test worker] o.h.type.descriptor.sql.BasicBinder      : binding parameter [6] as [INTEGER] - [3]
2021-03-10 22:37:38.214 TRACE 20712 --- [    Test worker] o.h.type.descriptor.sql.BasicBinder      : binding parameter [7] as [BOOLEAN] - [null]
2021-03-10 22:37:38.214 TRACE 20712 --- [    Test worker] o.h.type.descriptor.sql.BasicBinder      : binding parameter [8] as [BOOLEAN] - [true]
2021-03-10 22:37:38.214 TRACE 20712 --- [    Test worker] o.h.type.descriptor.sql.BasicBinder      : binding parameter [9] as [TIMESTAMP] - [2021-03-10T22:37:37.528168800]
2021-03-10 22:37:38.214 TRACE 20712 --- [    Test worker] o.h.type.descriptor.sql.BasicBinder      : binding parameter [10] as [VARCHAR] - [null]
2021-03-10 22:37:38.214 TRACE 20712 --- [    Test worker] o.h.type.descriptor.sql.BasicBinder      : binding parameter [11] as [BOOLEAN] - [true]
2021-03-10 22:37:38.214 TRACE 20712 --- [    Test worker] o.h.type.descriptor.sql.BasicBinder      : binding parameter [12] as [VARCHAR] - [스프링 스터디입니다]
2021-03-10 22:37:38.214 TRACE 20712 --- [    Test worker] o.h.type.descriptor.sql.BasicBinder      : binding parameter [13] as [VARCHAR] - [하둡 스터디17]
2021-03-10 22:37:38.214 TRACE 20712 --- [    Test worker] o.h.type.descriptor.sql.BasicBinder      : binding parameter [14] as [BIGINT] - [163]
Hibernate: 
    insert 
    into
        study
        (likes, counts, full_description, level, location_id, max_count, mento_recruiting, open, published_date_time, question, recruiting, short_description, title, id) 
    values
        (?, ?, ?, ?, ?, ?, ?, ?, ?, ?, ?, ?, ?, ?)
2021-03-10 22:37:38.214 TRACE 20712 --- [    Test worker] o.h.type.descriptor.sql.BasicBinder      : binding parameter [1] as [INTEGER] - [0]
2021-03-10 22:37:38.214 TRACE 20712 --- [    Test worker] o.h.type.descriptor.sql.BasicBinder      : binding parameter [2] as [INTEGER] - [0]
2021-03-10 22:37:38.214 TRACE 20712 --- [    Test worker] o.h.type.descriptor.sql.BasicBinder      : binding parameter [3] as [VARCHAR] - [null]
2021-03-10 22:37:38.214 TRACE 20712 --- [    Test worker] o.h.type.descriptor.sql.BasicBinder      : binding parameter [4] as [INTEGER] - [null]
2021-03-10 22:37:38.214 TRACE 20712 --- [    Test worker] o.h.type.descriptor.sql.BasicBinder      : binding parameter [5] as [BIGINT] - [61]
2021-03-10 22:37:38.214 TRACE 20712 --- [    Test worker] o.h.type.descriptor.sql.BasicBinder      : binding parameter [6] as [INTEGER] - [3]
2021-03-10 22:37:38.214 TRACE 20712 --- [    Test worker] o.h.type.descriptor.sql.BasicBinder      : binding parameter [7] as [BOOLEAN] - [null]
2021-03-10 22:37:38.214 TRACE 20712 --- [    Test worker] o.h.type.descriptor.sql.BasicBinder      : binding parameter [8] as [BOOLEAN] - [true]
2021-03-10 22:37:38.214 TRACE 20712 --- [    Test worker] o.h.type.descriptor.sql.BasicBinder      : binding parameter [9] as [TIMESTAMP] - [2021-03-10T22:37:37.528168800]
2021-03-10 22:37:38.214 TRACE 20712 --- [    Test worker] o.h.type.descriptor.sql.BasicBinder      : binding parameter [10] as [VARCHAR] - [null]
2021-03-10 22:37:38.214 TRACE 20712 --- [    Test worker] o.h.type.descriptor.sql.BasicBinder      : binding parameter [11] as [BOOLEAN] - [false]
2021-03-10 22:37:38.214 TRACE 20712 --- [    Test worker] o.h.type.descriptor.sql.BasicBinder      : binding parameter [12] as [VARCHAR] - [스프링 스터디입니다]
2021-03-10 22:37:38.214 TRACE 20712 --- [    Test worker] o.h.type.descriptor.sql.BasicBinder      : binding parameter [13] as [VARCHAR] - [하둡 스터디18]
2021-03-10 22:37:38.214 TRACE 20712 --- [    Test worker] o.h.type.descriptor.sql.BasicBinder      : binding parameter [14] as [BIGINT] - [164]
Hibernate: 
    insert 
    into
        study
        (likes, counts, full_description, level, location_id, max_count, mento_recruiting, open, published_date_time, question, recruiting, short_description, title, id) 
    values
        (?, ?, ?, ?, ?, ?, ?, ?, ?, ?, ?, ?, ?, ?)
2021-03-10 22:37:38.214 TRACE 20712 --- [    Test worker] o.h.type.descriptor.sql.BasicBinder      : binding parameter [1] as [INTEGER] - [0]
2021-03-10 22:37:38.214 TRACE 20712 --- [    Test worker] o.h.type.descriptor.sql.BasicBinder      : binding parameter [2] as [INTEGER] - [0]
2021-03-10 22:37:38.214 TRACE 20712 --- [    Test worker] o.h.type.descriptor.sql.BasicBinder      : binding parameter [3] as [VARCHAR] - [null]
2021-03-10 22:37:38.214 TRACE 20712 --- [    Test worker] o.h.type.descriptor.sql.BasicBinder      : binding parameter [4] as [INTEGER] - [null]
2021-03-10 22:37:38.214 TRACE 20712 --- [    Test worker] o.h.type.descriptor.sql.BasicBinder      : binding parameter [5] as [BIGINT] - [61]
2021-03-10 22:37:38.214 TRACE 20712 --- [    Test worker] o.h.type.descriptor.sql.BasicBinder      : binding parameter [6] as [INTEGER] - [3]
2021-03-10 22:37:38.214 TRACE 20712 --- [    Test worker] o.h.type.descriptor.sql.BasicBinder      : binding parameter [7] as [BOOLEAN] - [null]
2021-03-10 22:37:38.214 TRACE 20712 --- [    Test worker] o.h.type.descriptor.sql.BasicBinder      : binding parameter [8] as [BOOLEAN] - [true]
2021-03-10 22:37:38.214 TRACE 20712 --- [    Test worker] o.h.type.descriptor.sql.BasicBinder      : binding parameter [9] as [TIMESTAMP] - [2021-03-10T22:37:37.528168800]
2021-03-10 22:37:38.214 TRACE 20712 --- [    Test worker] o.h.type.descriptor.sql.BasicBinder      : binding parameter [10] as [VARCHAR] - [null]
2021-03-10 22:37:38.214 TRACE 20712 --- [    Test worker] o.h.type.descriptor.sql.BasicBinder      : binding parameter [11] as [BOOLEAN] - [true]
2021-03-10 22:37:38.214 TRACE 20712 --- [    Test worker] o.h.type.descriptor.sql.BasicBinder      : binding parameter [12] as [VARCHAR] - [스프링 스터디입니다]
2021-03-10 22:37:38.214 TRACE 20712 --- [    Test worker] o.h.type.descriptor.sql.BasicBinder      : binding parameter [13] as [VARCHAR] - [인공지능 스터디19]
2021-03-10 22:37:38.214 TRACE 20712 --- [    Test worker] o.h.type.descriptor.sql.BasicBinder      : binding parameter [14] as [BIGINT] - [165]
Hibernate: 
    insert 
    into
        study
        (likes, counts, full_description, level, location_id, max_count, mento_recruiting, open, published_date_time, question, recruiting, short_description, title, id) 
    values
        (?, ?, ?, ?, ?, ?, ?, ?, ?, ?, ?, ?, ?, ?)
2021-03-10 22:37:38.214 TRACE 20712 --- [    Test worker] o.h.type.descriptor.sql.BasicBinder      : binding parameter [1] as [INTEGER] - [0]
2021-03-10 22:37:38.214 TRACE 20712 --- [    Test worker] o.h.type.descriptor.sql.BasicBinder      : binding parameter [2] as [INTEGER] - [0]
2021-03-10 22:37:38.214 TRACE 20712 --- [    Test worker] o.h.type.descriptor.sql.BasicBinder      : binding parameter [3] as [VARCHAR] - [null]
2021-03-10 22:37:38.214 TRACE 20712 --- [    Test worker] o.h.type.descriptor.sql.BasicBinder      : binding parameter [4] as [INTEGER] - [null]
2021-03-10 22:37:38.214 TRACE 20712 --- [    Test worker] o.h.type.descriptor.sql.BasicBinder      : binding parameter [5] as [BIGINT] - [61]
2021-03-10 22:37:38.214 TRACE 20712 --- [    Test worker] o.h.type.descriptor.sql.BasicBinder      : binding parameter [6] as [INTEGER] - [3]
2021-03-10 22:37:38.214 TRACE 20712 --- [    Test worker] o.h.type.descriptor.sql.BasicBinder      : binding parameter [7] as [BOOLEAN] - [null]
2021-03-10 22:37:38.214 TRACE 20712 --- [    Test worker] o.h.type.descriptor.sql.BasicBinder      : binding parameter [8] as [BOOLEAN] - [true]
2021-03-10 22:37:38.214 TRACE 20712 --- [    Test worker] o.h.type.descriptor.sql.BasicBinder      : binding parameter [9] as [TIMESTAMP] - [2021-03-10T22:37:37.543794900]
2021-03-10 22:37:38.214 TRACE 20712 --- [    Test worker] o.h.type.descriptor.sql.BasicBinder      : binding parameter [10] as [VARCHAR] - [null]
2021-03-10 22:37:38.214 TRACE 20712 --- [    Test worker] o.h.type.descriptor.sql.BasicBinder      : binding parameter [11] as [BOOLEAN] - [false]
2021-03-10 22:37:38.214 TRACE 20712 --- [    Test worker] o.h.type.descriptor.sql.BasicBinder      : binding parameter [12] as [VARCHAR] - [스프링 스터디입니다]
2021-03-10 22:37:38.214 TRACE 20712 --- [    Test worker] o.h.type.descriptor.sql.BasicBinder      : binding parameter [13] as [VARCHAR] - [스프링 스터디20]
2021-03-10 22:37:38.214 TRACE 20712 --- [    Test worker] o.h.type.descriptor.sql.BasicBinder      : binding parameter [14] as [BIGINT] - [166]
Hibernate: 
    insert 
    into
        study
        (likes, counts, full_description, level, location_id, max_count, mento_recruiting, open, published_date_time, question, recruiting, short_description, title, id) 
    values
        (?, ?, ?, ?, ?, ?, ?, ?, ?, ?, ?, ?, ?, ?)
2021-03-10 22:37:38.214 TRACE 20712 --- [    Test worker] o.h.type.descriptor.sql.BasicBinder      : binding parameter [1] as [INTEGER] - [0]
2021-03-10 22:37:38.214 TRACE 20712 --- [    Test worker] o.h.type.descriptor.sql.BasicBinder      : binding parameter [2] as [INTEGER] - [0]
2021-03-10 22:37:38.214 TRACE 20712 --- [    Test worker] o.h.type.descriptor.sql.BasicBinder      : binding parameter [3] as [VARCHAR] - [null]
2021-03-10 22:37:38.214 TRACE 20712 --- [    Test worker] o.h.type.descriptor.sql.BasicBinder      : binding parameter [4] as [INTEGER] - [null]
2021-03-10 22:37:38.214 TRACE 20712 --- [    Test worker] o.h.type.descriptor.sql.BasicBinder      : binding parameter [5] as [BIGINT] - [61]
2021-03-10 22:37:38.214 TRACE 20712 --- [    Test worker] o.h.type.descriptor.sql.BasicBinder      : binding parameter [6] as [INTEGER] - [3]
2021-03-10 22:37:38.214 TRACE 20712 --- [    Test worker] o.h.type.descriptor.sql.BasicBinder      : binding parameter [7] as [BOOLEAN] - [null]
2021-03-10 22:37:38.214 TRACE 20712 --- [    Test worker] o.h.type.descriptor.sql.BasicBinder      : binding parameter [8] as [BOOLEAN] - [true]
2021-03-10 22:37:38.214 TRACE 20712 --- [    Test worker] o.h.type.descriptor.sql.BasicBinder      : binding parameter [9] as [TIMESTAMP] - [2021-03-10T22:37:37.543794900]
2021-03-10 22:37:38.214 TRACE 20712 --- [    Test worker] o.h.type.descriptor.sql.BasicBinder      : binding parameter [10] as [VARCHAR] - [null]
2021-03-10 22:37:38.214 TRACE 20712 --- [    Test worker] o.h.type.descriptor.sql.BasicBinder      : binding parameter [11] as [BOOLEAN] - [true]
2021-03-10 22:37:38.214 TRACE 20712 --- [    Test worker] o.h.type.descriptor.sql.BasicBinder      : binding parameter [12] as [VARCHAR] - [스프링 스터디입니다]
2021-03-10 22:37:38.214 TRACE 20712 --- [    Test worker] o.h.type.descriptor.sql.BasicBinder      : binding parameter [13] as [VARCHAR] - [자바 스터디21]
2021-03-10 22:37:38.214 TRACE 20712 --- [    Test worker] o.h.type.descriptor.sql.BasicBinder      : binding parameter [14] as [BIGINT] - [167]
Hibernate: 
    insert 
    into
        study
        (likes, counts, full_description, level, location_id, max_count, mento_recruiting, open, published_date_time, question, recruiting, short_description, title, id) 
    values
        (?, ?, ?, ?, ?, ?, ?, ?, ?, ?, ?, ?, ?, ?)
2021-03-10 22:37:38.214 TRACE 20712 --- [    Test worker] o.h.type.descriptor.sql.BasicBinder      : binding parameter [1] as [INTEGER] - [0]
2021-03-10 22:37:38.214 TRACE 20712 --- [    Test worker] o.h.type.descriptor.sql.BasicBinder      : binding parameter [2] as [INTEGER] - [0]
2021-03-10 22:37:38.214 TRACE 20712 --- [    Test worker] o.h.type.descriptor.sql.BasicBinder      : binding parameter [3] as [VARCHAR] - [null]
2021-03-10 22:37:38.214 TRACE 20712 --- [    Test worker] o.h.type.descriptor.sql.BasicBinder      : binding parameter [4] as [INTEGER] - [null]
2021-03-10 22:37:38.214 TRACE 20712 --- [    Test worker] o.h.type.descriptor.sql.BasicBinder      : binding parameter [5] as [BIGINT] - [61]
2021-03-10 22:37:38.214 TRACE 20712 --- [    Test worker] o.h.type.descriptor.sql.BasicBinder      : binding parameter [6] as [INTEGER] - [3]
2021-03-10 22:37:38.214 TRACE 20712 --- [    Test worker] o.h.type.descriptor.sql.BasicBinder      : binding parameter [7] as [BOOLEAN] - [null]
2021-03-10 22:37:38.214 TRACE 20712 --- [    Test worker] o.h.type.descriptor.sql.BasicBinder      : binding parameter [8] as [BOOLEAN] - [true]
2021-03-10 22:37:38.214 TRACE 20712 --- [    Test worker] o.h.type.descriptor.sql.BasicBinder      : binding parameter [9] as [TIMESTAMP] - [2021-03-10T22:37:37.543794900]
2021-03-10 22:37:38.214 TRACE 20712 --- [    Test worker] o.h.type.descriptor.sql.BasicBinder      : binding parameter [10] as [VARCHAR] - [null]
2021-03-10 22:37:38.214 TRACE 20712 --- [    Test worker] o.h.type.descriptor.sql.BasicBinder      : binding parameter [11] as [BOOLEAN] - [false]
2021-03-10 22:37:38.214 TRACE 20712 --- [    Test worker] o.h.type.descriptor.sql.BasicBinder      : binding parameter [12] as [VARCHAR] - [스프링 스터디입니다]
2021-03-10 22:37:38.214 TRACE 20712 --- [    Test worker] o.h.type.descriptor.sql.BasicBinder      : binding parameter [13] as [VARCHAR] - [하둡 스터디22]
2021-03-10 22:37:38.214 TRACE 20712 --- [    Test worker] o.h.type.descriptor.sql.BasicBinder      : binding parameter [14] as [BIGINT] - [168]
Hibernate: 
    insert 
    into
        study
        (likes, counts, full_description, level, location_id, max_count, mento_recruiting, open, published_date_time, question, recruiting, short_description, title, id) 
    values
        (?, ?, ?, ?, ?, ?, ?, ?, ?, ?, ?, ?, ?, ?)
2021-03-10 22:37:38.214 TRACE 20712 --- [    Test worker] o.h.type.descriptor.sql.BasicBinder      : binding parameter [1] as [INTEGER] - [0]
2021-03-10 22:37:38.214 TRACE 20712 --- [    Test worker] o.h.type.descriptor.sql.BasicBinder      : binding parameter [2] as [INTEGER] - [0]
2021-03-10 22:37:38.214 TRACE 20712 --- [    Test worker] o.h.type.descriptor.sql.BasicBinder      : binding parameter [3] as [VARCHAR] - [null]
2021-03-10 22:37:38.214 TRACE 20712 --- [    Test worker] o.h.type.descriptor.sql.BasicBinder      : binding parameter [4] as [INTEGER] - [null]
2021-03-10 22:37:38.214 TRACE 20712 --- [    Test worker] o.h.type.descriptor.sql.BasicBinder      : binding parameter [5] as [BIGINT] - [61]
2021-03-10 22:37:38.214 TRACE 20712 --- [    Test worker] o.h.type.descriptor.sql.BasicBinder      : binding parameter [6] as [INTEGER] - [3]
2021-03-10 22:37:38.214 TRACE 20712 --- [    Test worker] o.h.type.descriptor.sql.BasicBinder      : binding parameter [7] as [BOOLEAN] - [null]
2021-03-10 22:37:38.214 TRACE 20712 --- [    Test worker] o.h.type.descriptor.sql.BasicBinder      : binding parameter [8] as [BOOLEAN] - [true]
2021-03-10 22:37:38.214 TRACE 20712 --- [    Test worker] o.h.type.descriptor.sql.BasicBinder      : binding parameter [9] as [TIMESTAMP] - [2021-03-10T22:37:37.543794900]
2021-03-10 22:37:38.214 TRACE 20712 --- [    Test worker] o.h.type.descriptor.sql.BasicBinder      : binding parameter [10] as [VARCHAR] - [null]
2021-03-10 22:37:38.214 TRACE 20712 --- [    Test worker] o.h.type.descriptor.sql.BasicBinder      : binding parameter [11] as [BOOLEAN] - [true]
2021-03-10 22:37:38.214 TRACE 20712 --- [    Test worker] o.h.type.descriptor.sql.BasicBinder      : binding parameter [12] as [VARCHAR] - [스프링 스터디입니다]
2021-03-10 22:37:38.214 TRACE 20712 --- [    Test worker] o.h.type.descriptor.sql.BasicBinder      : binding parameter [13] as [VARCHAR] - [인공지능 스터디23]
2021-03-10 22:37:38.214 TRACE 20712 --- [    Test worker] o.h.type.descriptor.sql.BasicBinder      : binding parameter [14] as [BIGINT] - [169]
Hibernate: 
    insert 
    into
        study
        (likes, counts, full_description, level, location_id, max_count, mento_recruiting, open, published_date_time, question, recruiting, short_description, title, id) 
    values
        (?, ?, ?, ?, ?, ?, ?, ?, ?, ?, ?, ?, ?, ?)
2021-03-10 22:37:38.214 TRACE 20712 --- [    Test worker] o.h.type.descriptor.sql.BasicBinder      : binding parameter [1] as [INTEGER] - [0]
2021-03-10 22:37:38.214 TRACE 20712 --- [    Test worker] o.h.type.descriptor.sql.BasicBinder      : binding parameter [2] as [INTEGER] - [0]
2021-03-10 22:37:38.214 TRACE 20712 --- [    Test worker] o.h.type.descriptor.sql.BasicBinder      : binding parameter [3] as [VARCHAR] - [null]
2021-03-10 22:37:38.214 TRACE 20712 --- [    Test worker] o.h.type.descriptor.sql.BasicBinder      : binding parameter [4] as [INTEGER] - [null]
2021-03-10 22:37:38.214 TRACE 20712 --- [    Test worker] o.h.type.descriptor.sql.BasicBinder      : binding parameter [5] as [BIGINT] - [61]
2021-03-10 22:37:38.214 TRACE 20712 --- [    Test worker] o.h.type.descriptor.sql.BasicBinder      : binding parameter [6] as [INTEGER] - [3]
2021-03-10 22:37:38.214 TRACE 20712 --- [    Test worker] o.h.type.descriptor.sql.BasicBinder      : binding parameter [7] as [BOOLEAN] - [null]
2021-03-10 22:37:38.214 TRACE 20712 --- [    Test worker] o.h.type.descriptor.sql.BasicBinder      : binding parameter [8] as [BOOLEAN] - [true]
2021-03-10 22:37:38.214 TRACE 20712 --- [    Test worker] o.h.type.descriptor.sql.BasicBinder      : binding parameter [9] as [TIMESTAMP] - [2021-03-10T22:37:37.543794900]
2021-03-10 22:37:38.214 TRACE 20712 --- [    Test worker] o.h.type.descriptor.sql.BasicBinder      : binding parameter [10] as [VARCHAR] - [null]
2021-03-10 22:37:38.214 TRACE 20712 --- [    Test worker] o.h.type.descriptor.sql.BasicBinder      : binding parameter [11] as [BOOLEAN] - [true]
2021-03-10 22:37:38.214 TRACE 20712 --- [    Test worker] o.h.type.descriptor.sql.BasicBinder      : binding parameter [12] as [VARCHAR] - [스프링 스터디입니다]
2021-03-10 22:37:38.214 TRACE 20712 --- [    Test worker] o.h.type.descriptor.sql.BasicBinder      : binding parameter [13] as [VARCHAR] - [자바 스터디24]
2021-03-10 22:37:38.214 TRACE 20712 --- [    Test worker] o.h.type.descriptor.sql.BasicBinder      : binding parameter [14] as [BIGINT] - [170]
Hibernate: 
    insert 
    into
        study
        (likes, counts, full_description, level, location_id, max_count, mento_recruiting, open, published_date_time, question, recruiting, short_description, title, id) 
    values
        (?, ?, ?, ?, ?, ?, ?, ?, ?, ?, ?, ?, ?, ?)
2021-03-10 22:37:38.214 TRACE 20712 --- [    Test worker] o.h.type.descriptor.sql.BasicBinder      : binding parameter [1] as [INTEGER] - [0]
2021-03-10 22:37:38.214 TRACE 20712 --- [    Test worker] o.h.type.descriptor.sql.BasicBinder      : binding parameter [2] as [INTEGER] - [0]
2021-03-10 22:37:38.214 TRACE 20712 --- [    Test worker] o.h.type.descriptor.sql.BasicBinder      : binding parameter [3] as [VARCHAR] - [null]
2021-03-10 22:37:38.214 TRACE 20712 --- [    Test worker] o.h.type.descriptor.sql.BasicBinder      : binding parameter [4] as [INTEGER] - [null]
2021-03-10 22:37:38.214 TRACE 20712 --- [    Test worker] o.h.type.descriptor.sql.BasicBinder      : binding parameter [5] as [BIGINT] - [61]
2021-03-10 22:37:38.214 TRACE 20712 --- [    Test worker] o.h.type.descriptor.sql.BasicBinder      : binding parameter [6] as [INTEGER] - [3]
2021-03-10 22:37:38.214 TRACE 20712 --- [    Test worker] o.h.type.descriptor.sql.BasicBinder      : binding parameter [7] as [BOOLEAN] - [null]
2021-03-10 22:37:38.214 TRACE 20712 --- [    Test worker] o.h.type.descriptor.sql.BasicBinder      : binding parameter [8] as [BOOLEAN] - [true]
2021-03-10 22:37:38.214 TRACE 20712 --- [    Test worker] o.h.type.descriptor.sql.BasicBinder      : binding parameter [9] as [TIMESTAMP] - [2021-03-10T22:37:37.559418700]
2021-03-10 22:37:38.214 TRACE 20712 --- [    Test worker] o.h.type.descriptor.sql.BasicBinder      : binding parameter [10] as [VARCHAR] - [null]
2021-03-10 22:37:38.214 TRACE 20712 --- [    Test worker] o.h.type.descriptor.sql.BasicBinder      : binding parameter [11] as [BOOLEAN] - [false]
2021-03-10 22:37:38.214 TRACE 20712 --- [    Test worker] o.h.type.descriptor.sql.BasicBinder      : binding parameter [12] as [VARCHAR] - [스프링 스터디입니다]
2021-03-10 22:37:38.214 TRACE 20712 --- [    Test worker] o.h.type.descriptor.sql.BasicBinder      : binding parameter [13] as [VARCHAR] - [자바 스터디25]
2021-03-10 22:37:38.214 TRACE 20712 --- [    Test worker] o.h.type.descriptor.sql.BasicBinder      : binding parameter [14] as [BIGINT] - [171]
Hibernate: 
    insert 
    into
        study
        (likes, counts, full_description, level, location_id, max_count, mento_recruiting, open, published_date_time, question, recruiting, short_description, title, id) 
    values
        (?, ?, ?, ?, ?, ?, ?, ?, ?, ?, ?, ?, ?, ?)
2021-03-10 22:37:38.214 TRACE 20712 --- [    Test worker] o.h.type.descriptor.sql.BasicBinder      : binding parameter [1] as [INTEGER] - [0]
2021-03-10 22:37:38.214 TRACE 20712 --- [    Test worker] o.h.type.descriptor.sql.BasicBinder      : binding parameter [2] as [INTEGER] - [0]
2021-03-10 22:37:38.214 TRACE 20712 --- [    Test worker] o.h.type.descriptor.sql.BasicBinder      : binding parameter [3] as [VARCHAR] - [null]
2021-03-10 22:37:38.214 TRACE 20712 --- [    Test worker] o.h.type.descriptor.sql.BasicBinder      : binding parameter [4] as [INTEGER] - [null]
2021-03-10 22:37:38.214 TRACE 20712 --- [    Test worker] o.h.type.descriptor.sql.BasicBinder      : binding parameter [5] as [BIGINT] - [61]
2021-03-10 22:37:38.214 TRACE 20712 --- [    Test worker] o.h.type.descriptor.sql.BasicBinder      : binding parameter [6] as [INTEGER] - [3]
2021-03-10 22:37:38.214 TRACE 20712 --- [    Test worker] o.h.type.descriptor.sql.BasicBinder      : binding parameter [7] as [BOOLEAN] - [null]
2021-03-10 22:37:38.214 TRACE 20712 --- [    Test worker] o.h.type.descriptor.sql.BasicBinder      : binding parameter [8] as [BOOLEAN] - [true]
2021-03-10 22:37:38.214 TRACE 20712 --- [    Test worker] o.h.type.descriptor.sql.BasicBinder      : binding parameter [9] as [TIMESTAMP] - [2021-03-10T22:37:37.559418700]
2021-03-10 22:37:38.214 TRACE 20712 --- [    Test worker] o.h.type.descriptor.sql.BasicBinder      : binding parameter [10] as [VARCHAR] - [null]
2021-03-10 22:37:38.214 TRACE 20712 --- [    Test worker] o.h.type.descriptor.sql.BasicBinder      : binding parameter [11] as [BOOLEAN] - [true]
2021-03-10 22:37:38.214 TRACE 20712 --- [    Test worker] o.h.type.descriptor.sql.BasicBinder      : binding parameter [12] as [VARCHAR] - [스프링 스터디입니다]
2021-03-10 22:37:38.214 TRACE 20712 --- [    Test worker] o.h.type.descriptor.sql.BasicBinder      : binding parameter [13] as [VARCHAR] - [인공지능 스터디26]
2021-03-10 22:37:38.214 TRACE 20712 --- [    Test worker] o.h.type.descriptor.sql.BasicBinder      : binding parameter [14] as [BIGINT] - [172]
Hibernate: 
    insert 
    into
        study
        (likes, counts, full_description, level, location_id, max_count, mento_recruiting, open, published_date_time, question, recruiting, short_description, title, id) 
    values
        (?, ?, ?, ?, ?, ?, ?, ?, ?, ?, ?, ?, ?, ?)
2021-03-10 22:37:38.214 TRACE 20712 --- [    Test worker] o.h.type.descriptor.sql.BasicBinder      : binding parameter [1] as [INTEGER] - [0]
2021-03-10 22:37:38.214 TRACE 20712 --- [    Test worker] o.h.type.descriptor.sql.BasicBinder      : binding parameter [2] as [INTEGER] - [0]
2021-03-10 22:37:38.214 TRACE 20712 --- [    Test worker] o.h.type.descriptor.sql.BasicBinder      : binding parameter [3] as [VARCHAR] - [null]
2021-03-10 22:37:38.214 TRACE 20712 --- [    Test worker] o.h.type.descriptor.sql.BasicBinder      : binding parameter [4] as [INTEGER] - [null]
2021-03-10 22:37:38.214 TRACE 20712 --- [    Test worker] o.h.type.descriptor.sql.BasicBinder      : binding parameter [5] as [BIGINT] - [61]
2021-03-10 22:37:38.214 TRACE 20712 --- [    Test worker] o.h.type.descriptor.sql.BasicBinder      : binding parameter [6] as [INTEGER] - [3]
2021-03-10 22:37:38.214 TRACE 20712 --- [    Test worker] o.h.type.descriptor.sql.BasicBinder      : binding parameter [7] as [BOOLEAN] - [null]
2021-03-10 22:37:38.214 TRACE 20712 --- [    Test worker] o.h.type.descriptor.sql.BasicBinder      : binding parameter [8] as [BOOLEAN] - [true]
2021-03-10 22:37:38.214 TRACE 20712 --- [    Test worker] o.h.type.descriptor.sql.BasicBinder      : binding parameter [9] as [TIMESTAMP] - [2021-03-10T22:37:37.559418700]
2021-03-10 22:37:38.214 TRACE 20712 --- [    Test worker] o.h.type.descriptor.sql.BasicBinder      : binding parameter [10] as [VARCHAR] - [null]
2021-03-10 22:37:38.214 TRACE 20712 --- [    Test worker] o.h.type.descriptor.sql.BasicBinder      : binding parameter [11] as [BOOLEAN] - [false]
2021-03-10 22:37:38.214 TRACE 20712 --- [    Test worker] o.h.type.descriptor.sql.BasicBinder      : binding parameter [12] as [VARCHAR] - [스프링 스터디입니다]
2021-03-10 22:37:38.214 TRACE 20712 --- [    Test worker] o.h.type.descriptor.sql.BasicBinder      : binding parameter [13] as [VARCHAR] - [인공지능 스터디27]
2021-03-10 22:37:38.214 TRACE 20712 --- [    Test worker] o.h.type.descriptor.sql.BasicBinder      : binding parameter [14] as [BIGINT] - [173]
Hibernate: 
    insert 
    into
        study
        (likes, counts, full_description, level, location_id, max_count, mento_recruiting, open, published_date_time, question, recruiting, short_description, title, id) 
    values
        (?, ?, ?, ?, ?, ?, ?, ?, ?, ?, ?, ?, ?, ?)
2021-03-10 22:37:38.214 TRACE 20712 --- [    Test worker] o.h.type.descriptor.sql.BasicBinder      : binding parameter [1] as [INTEGER] - [0]
2021-03-10 22:37:38.214 TRACE 20712 --- [    Test worker] o.h.type.descriptor.sql.BasicBinder      : binding parameter [2] as [INTEGER] - [0]
2021-03-10 22:37:38.214 TRACE 20712 --- [    Test worker] o.h.type.descriptor.sql.BasicBinder      : binding parameter [3] as [VARCHAR] - [null]
2021-03-10 22:37:38.214 TRACE 20712 --- [    Test worker] o.h.type.descriptor.sql.BasicBinder      : binding parameter [4] as [INTEGER] - [null]
2021-03-10 22:37:38.214 TRACE 20712 --- [    Test worker] o.h.type.descriptor.sql.BasicBinder      : binding parameter [5] as [BIGINT] - [61]
2021-03-10 22:37:38.214 TRACE 20712 --- [    Test worker] o.h.type.descriptor.sql.BasicBinder      : binding parameter [6] as [INTEGER] - [3]
2021-03-10 22:37:38.214 TRACE 20712 --- [    Test worker] o.h.type.descriptor.sql.BasicBinder      : binding parameter [7] as [BOOLEAN] - [null]
2021-03-10 22:37:38.214 TRACE 20712 --- [    Test worker] o.h.type.descriptor.sql.BasicBinder      : binding parameter [8] as [BOOLEAN] - [true]
2021-03-10 22:37:38.214 TRACE 20712 --- [    Test worker] o.h.type.descriptor.sql.BasicBinder      : binding parameter [9] as [TIMESTAMP] - [2021-03-10T22:37:37.559418700]
2021-03-10 22:37:38.230 TRACE 20712 --- [    Test worker] o.h.type.descriptor.sql.BasicBinder      : binding parameter [10] as [VARCHAR] - [null]
2021-03-10 22:37:38.230 TRACE 20712 --- [    Test worker] o.h.type.descriptor.sql.BasicBinder      : binding parameter [11] as [BOOLEAN] - [true]
2021-03-10 22:37:38.230 TRACE 20712 --- [    Test worker] o.h.type.descriptor.sql.BasicBinder      : binding parameter [12] as [VARCHAR] - [스프링 스터디입니다]
2021-03-10 22:37:38.230 TRACE 20712 --- [    Test worker] o.h.type.descriptor.sql.BasicBinder      : binding parameter [13] as [VARCHAR] - [하둡 스터디28]
2021-03-10 22:37:38.230 TRACE 20712 --- [    Test worker] o.h.type.descriptor.sql.BasicBinder      : binding parameter [14] as [BIGINT] - [174]
Hibernate: 
    insert 
    into
        study
        (likes, counts, full_description, level, location_id, max_count, mento_recruiting, open, published_date_time, question, recruiting, short_description, title, id) 
    values
        (?, ?, ?, ?, ?, ?, ?, ?, ?, ?, ?, ?, ?, ?)
2021-03-10 22:37:38.230 TRACE 20712 --- [    Test worker] o.h.type.descriptor.sql.BasicBinder      : binding parameter [1] as [INTEGER] - [0]
2021-03-10 22:37:38.230 TRACE 20712 --- [    Test worker] o.h.type.descriptor.sql.BasicBinder      : binding parameter [2] as [INTEGER] - [0]
2021-03-10 22:37:38.230 TRACE 20712 --- [    Test worker] o.h.type.descriptor.sql.BasicBinder      : binding parameter [3] as [VARCHAR] - [null]
2021-03-10 22:37:38.230 TRACE 20712 --- [    Test worker] o.h.type.descriptor.sql.BasicBinder      : binding parameter [4] as [INTEGER] - [null]
2021-03-10 22:37:38.230 TRACE 20712 --- [    Test worker] o.h.type.descriptor.sql.BasicBinder      : binding parameter [5] as [BIGINT] - [61]
2021-03-10 22:37:38.230 TRACE 20712 --- [    Test worker] o.h.type.descriptor.sql.BasicBinder      : binding parameter [6] as [INTEGER] - [3]
2021-03-10 22:37:38.230 TRACE 20712 --- [    Test worker] o.h.type.descriptor.sql.BasicBinder      : binding parameter [7] as [BOOLEAN] - [null]
2021-03-10 22:37:38.230 TRACE 20712 --- [    Test worker] o.h.type.descriptor.sql.BasicBinder      : binding parameter [8] as [BOOLEAN] - [true]
2021-03-10 22:37:38.230 TRACE 20712 --- [    Test worker] o.h.type.descriptor.sql.BasicBinder      : binding parameter [9] as [TIMESTAMP] - [2021-03-10T22:37:37.575043900]
2021-03-10 22:37:38.230 TRACE 20712 --- [    Test worker] o.h.type.descriptor.sql.BasicBinder      : binding parameter [10] as [VARCHAR] - [null]
2021-03-10 22:37:38.230 TRACE 20712 --- [    Test worker] o.h.type.descriptor.sql.BasicBinder      : binding parameter [11] as [BOOLEAN] - [true]
2021-03-10 22:37:38.230 TRACE 20712 --- [    Test worker] o.h.type.descriptor.sql.BasicBinder      : binding parameter [12] as [VARCHAR] - [스프링 스터디입니다]
2021-03-10 22:37:38.230 TRACE 20712 --- [    Test worker] o.h.type.descriptor.sql.BasicBinder      : binding parameter [13] as [VARCHAR] - [인공지능 스터디29]
2021-03-10 22:37:38.230 TRACE 20712 --- [    Test worker] o.h.type.descriptor.sql.BasicBinder      : binding parameter [14] as [BIGINT] - [175]
Hibernate: 
    insert 
    into
        study
        (likes, counts, full_description, level, location_id, max_count, mento_recruiting, open, published_date_time, question, recruiting, short_description, title, id) 
    values
        (?, ?, ?, ?, ?, ?, ?, ?, ?, ?, ?, ?, ?, ?)
2021-03-10 22:37:38.230 TRACE 20712 --- [    Test worker] o.h.type.descriptor.sql.BasicBinder      : binding parameter [1] as [INTEGER] - [0]
2021-03-10 22:37:38.230 TRACE 20712 --- [    Test worker] o.h.type.descriptor.sql.BasicBinder      : binding parameter [2] as [INTEGER] - [0]
2021-03-10 22:37:38.230 TRACE 20712 --- [    Test worker] o.h.type.descriptor.sql.BasicBinder      : binding parameter [3] as [VARCHAR] - [null]
2021-03-10 22:37:38.230 TRACE 20712 --- [    Test worker] o.h.type.descriptor.sql.BasicBinder      : binding parameter [4] as [INTEGER] - [null]
2021-03-10 22:37:38.230 TRACE 20712 --- [    Test worker] o.h.type.descriptor.sql.BasicBinder      : binding parameter [5] as [BIGINT] - [61]
2021-03-10 22:37:38.230 TRACE 20712 --- [    Test worker] o.h.type.descriptor.sql.BasicBinder      : binding parameter [6] as [INTEGER] - [3]
2021-03-10 22:37:38.230 TRACE 20712 --- [    Test worker] o.h.type.descriptor.sql.BasicBinder      : binding parameter [7] as [BOOLEAN] - [null]
2021-03-10 22:37:38.230 TRACE 20712 --- [    Test worker] o.h.type.descriptor.sql.BasicBinder      : binding parameter [8] as [BOOLEAN] - [true]
2021-03-10 22:37:38.230 TRACE 20712 --- [    Test worker] o.h.type.descriptor.sql.BasicBinder      : binding parameter [9] as [TIMESTAMP] - [2021-03-10T22:37:37.575043900]
2021-03-10 22:37:38.230 TRACE 20712 --- [    Test worker] o.h.type.descriptor.sql.BasicBinder      : binding parameter [10] as [VARCHAR] - [null]
2021-03-10 22:37:38.230 TRACE 20712 --- [    Test worker] o.h.type.descriptor.sql.BasicBinder      : binding parameter [11] as [BOOLEAN] - [false]
2021-03-10 22:37:38.230 TRACE 20712 --- [    Test worker] o.h.type.descriptor.sql.BasicBinder      : binding parameter [12] as [VARCHAR] - [스프링 스터디입니다]
2021-03-10 22:37:38.230 TRACE 20712 --- [    Test worker] o.h.type.descriptor.sql.BasicBinder      : binding parameter [13] as [VARCHAR] - [하둡 스터디30]
2021-03-10 22:37:38.230 TRACE 20712 --- [    Test worker] o.h.type.descriptor.sql.BasicBinder      : binding parameter [14] as [BIGINT] - [176]
Hibernate: 
    insert 
    into
        study
        (likes, counts, full_description, level, location_id, max_count, mento_recruiting, open, published_date_time, question, recruiting, short_description, title, id) 
    values
        (?, ?, ?, ?, ?, ?, ?, ?, ?, ?, ?, ?, ?, ?)
2021-03-10 22:37:38.230 TRACE 20712 --- [    Test worker] o.h.type.descriptor.sql.BasicBinder      : binding parameter [1] as [INTEGER] - [0]
2021-03-10 22:37:38.230 TRACE 20712 --- [    Test worker] o.h.type.descriptor.sql.BasicBinder      : binding parameter [2] as [INTEGER] - [0]
2021-03-10 22:37:38.230 TRACE 20712 --- [    Test worker] o.h.type.descriptor.sql.BasicBinder      : binding parameter [3] as [VARCHAR] - [null]
2021-03-10 22:37:38.230 TRACE 20712 --- [    Test worker] o.h.type.descriptor.sql.BasicBinder      : binding parameter [4] as [INTEGER] - [null]
2021-03-10 22:37:38.230 TRACE 20712 --- [    Test worker] o.h.type.descriptor.sql.BasicBinder      : binding parameter [5] as [BIGINT] - [61]
2021-03-10 22:37:38.230 TRACE 20712 --- [    Test worker] o.h.type.descriptor.sql.BasicBinder      : binding parameter [6] as [INTEGER] - [3]
2021-03-10 22:37:38.230 TRACE 20712 --- [    Test worker] o.h.type.descriptor.sql.BasicBinder      : binding parameter [7] as [BOOLEAN] - [null]
2021-03-10 22:37:38.230 TRACE 20712 --- [    Test worker] o.h.type.descriptor.sql.BasicBinder      : binding parameter [8] as [BOOLEAN] - [true]
2021-03-10 22:37:38.230 TRACE 20712 --- [    Test worker] o.h.type.descriptor.sql.BasicBinder      : binding parameter [9] as [TIMESTAMP] - [2021-03-10T22:37:37.575043900]
2021-03-10 22:37:38.230 TRACE 20712 --- [    Test worker] o.h.type.descriptor.sql.BasicBinder      : binding parameter [10] as [VARCHAR] - [null]
2021-03-10 22:37:38.230 TRACE 20712 --- [    Test worker] o.h.type.descriptor.sql.BasicBinder      : binding parameter [11] as [BOOLEAN] - [true]
2021-03-10 22:37:38.230 TRACE 20712 --- [    Test worker] o.h.type.descriptor.sql.BasicBinder      : binding parameter [12] as [VARCHAR] - [스프링 스터디입니다]
2021-03-10 22:37:38.230 TRACE 20712 --- [    Test worker] o.h.type.descriptor.sql.BasicBinder      : binding parameter [13] as [VARCHAR] - [자바 스터디31]
2021-03-10 22:37:38.230 TRACE 20712 --- [    Test worker] o.h.type.descriptor.sql.BasicBinder      : binding parameter [14] as [BIGINT] - [177]
Hibernate: 
    insert 
    into
        study
        (likes, counts, full_description, level, location_id, max_count, mento_recruiting, open, published_date_time, question, recruiting, short_description, title, id) 
    values
        (?, ?, ?, ?, ?, ?, ?, ?, ?, ?, ?, ?, ?, ?)
2021-03-10 22:37:38.230 TRACE 20712 --- [    Test worker] o.h.type.descriptor.sql.BasicBinder      : binding parameter [1] as [INTEGER] - [0]
2021-03-10 22:37:38.230 TRACE 20712 --- [    Test worker] o.h.type.descriptor.sql.BasicBinder      : binding parameter [2] as [INTEGER] - [0]
2021-03-10 22:37:38.230 TRACE 20712 --- [    Test worker] o.h.type.descriptor.sql.BasicBinder      : binding parameter [3] as [VARCHAR] - [null]
2021-03-10 22:37:38.230 TRACE 20712 --- [    Test worker] o.h.type.descriptor.sql.BasicBinder      : binding parameter [4] as [INTEGER] - [null]
2021-03-10 22:37:38.230 TRACE 20712 --- [    Test worker] o.h.type.descriptor.sql.BasicBinder      : binding parameter [5] as [BIGINT] - [61]
2021-03-10 22:37:38.230 TRACE 20712 --- [    Test worker] o.h.type.descriptor.sql.BasicBinder      : binding parameter [6] as [INTEGER] - [3]
2021-03-10 22:37:38.230 TRACE 20712 --- [    Test worker] o.h.type.descriptor.sql.BasicBinder      : binding parameter [7] as [BOOLEAN] - [null]
2021-03-10 22:37:38.230 TRACE 20712 --- [    Test worker] o.h.type.descriptor.sql.BasicBinder      : binding parameter [8] as [BOOLEAN] - [true]
2021-03-10 22:37:38.230 TRACE 20712 --- [    Test worker] o.h.type.descriptor.sql.BasicBinder      : binding parameter [9] as [TIMESTAMP] - [2021-03-10T22:37:37.590667500]
2021-03-10 22:37:38.230 TRACE 20712 --- [    Test worker] o.h.type.descriptor.sql.BasicBinder      : binding parameter [10] as [VARCHAR] - [null]
2021-03-10 22:37:38.230 TRACE 20712 --- [    Test worker] o.h.type.descriptor.sql.BasicBinder      : binding parameter [11] as [BOOLEAN] - [false]
2021-03-10 22:37:38.230 TRACE 20712 --- [    Test worker] o.h.type.descriptor.sql.BasicBinder      : binding parameter [12] as [VARCHAR] - [스프링 스터디입니다]
2021-03-10 22:37:38.230 TRACE 20712 --- [    Test worker] o.h.type.descriptor.sql.BasicBinder      : binding parameter [13] as [VARCHAR] - [자바 스터디32]
2021-03-10 22:37:38.230 TRACE 20712 --- [    Test worker] o.h.type.descriptor.sql.BasicBinder      : binding parameter [14] as [BIGINT] - [178]
Hibernate: 
    insert 
    into
        study
        (likes, counts, full_description, level, location_id, max_count, mento_recruiting, open, published_date_time, question, recruiting, short_description, title, id) 
    values
        (?, ?, ?, ?, ?, ?, ?, ?, ?, ?, ?, ?, ?, ?)
2021-03-10 22:37:38.230 TRACE 20712 --- [    Test worker] o.h.type.descriptor.sql.BasicBinder      : binding parameter [1] as [INTEGER] - [0]
2021-03-10 22:37:38.230 TRACE 20712 --- [    Test worker] o.h.type.descriptor.sql.BasicBinder      : binding parameter [2] as [INTEGER] - [0]
2021-03-10 22:37:38.230 TRACE 20712 --- [    Test worker] o.h.type.descriptor.sql.BasicBinder      : binding parameter [3] as [VARCHAR] - [null]
2021-03-10 22:37:38.230 TRACE 20712 --- [    Test worker] o.h.type.descriptor.sql.BasicBinder      : binding parameter [4] as [INTEGER] - [null]
2021-03-10 22:37:38.230 TRACE 20712 --- [    Test worker] o.h.type.descriptor.sql.BasicBinder      : binding parameter [5] as [BIGINT] - [61]
2021-03-10 22:37:38.230 TRACE 20712 --- [    Test worker] o.h.type.descriptor.sql.BasicBinder      : binding parameter [6] as [INTEGER] - [3]
2021-03-10 22:37:38.230 TRACE 20712 --- [    Test worker] o.h.type.descriptor.sql.BasicBinder      : binding parameter [7] as [BOOLEAN] - [null]
2021-03-10 22:37:38.230 TRACE 20712 --- [    Test worker] o.h.type.descriptor.sql.BasicBinder      : binding parameter [8] as [BOOLEAN] - [true]
2021-03-10 22:37:38.230 TRACE 20712 --- [    Test worker] o.h.type.descriptor.sql.BasicBinder      : binding parameter [9] as [TIMESTAMP] - [2021-03-10T22:37:37.590667500]
2021-03-10 22:37:38.230 TRACE 20712 --- [    Test worker] o.h.type.descriptor.sql.BasicBinder      : binding parameter [10] as [VARCHAR] - [null]
2021-03-10 22:37:38.230 TRACE 20712 --- [    Test worker] o.h.type.descriptor.sql.BasicBinder      : binding parameter [11] as [BOOLEAN] - [false]
2021-03-10 22:37:38.230 TRACE 20712 --- [    Test worker] o.h.type.descriptor.sql.BasicBinder      : binding parameter [12] as [VARCHAR] - [스프링 스터디입니다]
2021-03-10 22:37:38.230 TRACE 20712 --- [    Test worker] o.h.type.descriptor.sql.BasicBinder      : binding parameter [13] as [VARCHAR] - [하둡 스터디33]
2021-03-10 22:37:38.230 TRACE 20712 --- [    Test worker] o.h.type.descriptor.sql.BasicBinder      : binding parameter [14] as [BIGINT] - [179]
Hibernate: 
    insert 
    into
        study
        (likes, counts, full_description, level, location_id, max_count, mento_recruiting, open, published_date_time, question, recruiting, short_description, title, id) 
    values
        (?, ?, ?, ?, ?, ?, ?, ?, ?, ?, ?, ?, ?, ?)
2021-03-10 22:37:38.230 TRACE 20712 --- [    Test worker] o.h.type.descriptor.sql.BasicBinder      : binding parameter [1] as [INTEGER] - [0]
2021-03-10 22:37:38.230 TRACE 20712 --- [    Test worker] o.h.type.descriptor.sql.BasicBinder      : binding parameter [2] as [INTEGER] - [0]
2021-03-10 22:37:38.230 TRACE 20712 --- [    Test worker] o.h.type.descriptor.sql.BasicBinder      : binding parameter [3] as [VARCHAR] - [null]
2021-03-10 22:37:38.230 TRACE 20712 --- [    Test worker] o.h.type.descriptor.sql.BasicBinder      : binding parameter [4] as [INTEGER] - [null]
2021-03-10 22:37:38.230 TRACE 20712 --- [    Test worker] o.h.type.descriptor.sql.BasicBinder      : binding parameter [5] as [BIGINT] - [61]
2021-03-10 22:37:38.230 TRACE 20712 --- [    Test worker] o.h.type.descriptor.sql.BasicBinder      : binding parameter [6] as [INTEGER] - [3]
2021-03-10 22:37:38.230 TRACE 20712 --- [    Test worker] o.h.type.descriptor.sql.BasicBinder      : binding parameter [7] as [BOOLEAN] - [null]
2021-03-10 22:37:38.230 TRACE 20712 --- [    Test worker] o.h.type.descriptor.sql.BasicBinder      : binding parameter [8] as [BOOLEAN] - [true]
2021-03-10 22:37:38.230 TRACE 20712 --- [    Test worker] o.h.type.descriptor.sql.BasicBinder      : binding parameter [9] as [TIMESTAMP] - [2021-03-10T22:37:37.590667500]
2021-03-10 22:37:38.230 TRACE 20712 --- [    Test worker] o.h.type.descriptor.sql.BasicBinder      : binding parameter [10] as [VARCHAR] - [null]
2021-03-10 22:37:38.230 TRACE 20712 --- [    Test worker] o.h.type.descriptor.sql.BasicBinder      : binding parameter [11] as [BOOLEAN] - [false]
2021-03-10 22:37:38.230 TRACE 20712 --- [    Test worker] o.h.type.descriptor.sql.BasicBinder      : binding parameter [12] as [VARCHAR] - [스프링 스터디입니다]
2021-03-10 22:37:38.230 TRACE 20712 --- [    Test worker] o.h.type.descriptor.sql.BasicBinder      : binding parameter [13] as [VARCHAR] - [스프링 스터디34]
2021-03-10 22:37:38.230 TRACE 20712 --- [    Test worker] o.h.type.descriptor.sql.BasicBinder      : binding parameter [14] as [BIGINT] - [180]
Hibernate: 
    insert 
    into
        study
        (likes, counts, full_description, level, location_id, max_count, mento_recruiting, open, published_date_time, question, recruiting, short_description, title, id) 
    values
        (?, ?, ?, ?, ?, ?, ?, ?, ?, ?, ?, ?, ?, ?)
2021-03-10 22:37:38.230 TRACE 20712 --- [    Test worker] o.h.type.descriptor.sql.BasicBinder      : binding parameter [1] as [INTEGER] - [0]
2021-03-10 22:37:38.230 TRACE 20712 --- [    Test worker] o.h.type.descriptor.sql.BasicBinder      : binding parameter [2] as [INTEGER] - [0]
2021-03-10 22:37:38.230 TRACE 20712 --- [    Test worker] o.h.type.descriptor.sql.BasicBinder      : binding parameter [3] as [VARCHAR] - [null]
2021-03-10 22:37:38.230 TRACE 20712 --- [    Test worker] o.h.type.descriptor.sql.BasicBinder      : binding parameter [4] as [INTEGER] - [null]
2021-03-10 22:37:38.230 TRACE 20712 --- [    Test worker] o.h.type.descriptor.sql.BasicBinder      : binding parameter [5] as [BIGINT] - [61]
2021-03-10 22:37:38.230 TRACE 20712 --- [    Test worker] o.h.type.descriptor.sql.BasicBinder      : binding parameter [6] as [INTEGER] - [3]
2021-03-10 22:37:38.230 TRACE 20712 --- [    Test worker] o.h.type.descriptor.sql.BasicBinder      : binding parameter [7] as [BOOLEAN] - [null]
2021-03-10 22:37:38.230 TRACE 20712 --- [    Test worker] o.h.type.descriptor.sql.BasicBinder      : binding parameter [8] as [BOOLEAN] - [true]
2021-03-10 22:37:38.230 TRACE 20712 --- [    Test worker] o.h.type.descriptor.sql.BasicBinder      : binding parameter [9] as [TIMESTAMP] - [2021-03-10T22:37:37.590667500]
2021-03-10 22:37:38.230 TRACE 20712 --- [    Test worker] o.h.type.descriptor.sql.BasicBinder      : binding parameter [10] as [VARCHAR] - [null]
2021-03-10 22:37:38.230 TRACE 20712 --- [    Test worker] o.h.type.descriptor.sql.BasicBinder      : binding parameter [11] as [BOOLEAN] - [false]
2021-03-10 22:37:38.230 TRACE 20712 --- [    Test worker] o.h.type.descriptor.sql.BasicBinder      : binding parameter [12] as [VARCHAR] - [스프링 스터디입니다]
2021-03-10 22:37:38.230 TRACE 20712 --- [    Test worker] o.h.type.descriptor.sql.BasicBinder      : binding parameter [13] as [VARCHAR] - [인공지능 스터디35]
2021-03-10 22:37:38.230 TRACE 20712 --- [    Test worker] o.h.type.descriptor.sql.BasicBinder      : binding parameter [14] as [BIGINT] - [181]
Hibernate: 
    insert 
    into
        study
        (likes, counts, full_description, level, location_id, max_count, mento_recruiting, open, published_date_time, question, recruiting, short_description, title, id) 
    values
        (?, ?, ?, ?, ?, ?, ?, ?, ?, ?, ?, ?, ?, ?)
2021-03-10 22:37:38.230 TRACE 20712 --- [    Test worker] o.h.type.descriptor.sql.BasicBinder      : binding parameter [1] as [INTEGER] - [0]
2021-03-10 22:37:38.230 TRACE 20712 --- [    Test worker] o.h.type.descriptor.sql.BasicBinder      : binding parameter [2] as [INTEGER] - [0]
2021-03-10 22:37:38.230 TRACE 20712 --- [    Test worker] o.h.type.descriptor.sql.BasicBinder      : binding parameter [3] as [VARCHAR] - [null]
2021-03-10 22:37:38.230 TRACE 20712 --- [    Test worker] o.h.type.descriptor.sql.BasicBinder      : binding parameter [4] as [INTEGER] - [null]
2021-03-10 22:37:38.230 TRACE 20712 --- [    Test worker] o.h.type.descriptor.sql.BasicBinder      : binding parameter [5] as [BIGINT] - [61]
2021-03-10 22:37:38.230 TRACE 20712 --- [    Test worker] o.h.type.descriptor.sql.BasicBinder      : binding parameter [6] as [INTEGER] - [3]
2021-03-10 22:37:38.230 TRACE 20712 --- [    Test worker] o.h.type.descriptor.sql.BasicBinder      : binding parameter [7] as [BOOLEAN] - [null]
2021-03-10 22:37:38.230 TRACE 20712 --- [    Test worker] o.h.type.descriptor.sql.BasicBinder      : binding parameter [8] as [BOOLEAN] - [true]
2021-03-10 22:37:38.230 TRACE 20712 --- [    Test worker] o.h.type.descriptor.sql.BasicBinder      : binding parameter [9] as [TIMESTAMP] - [2021-03-10T22:37:37.606298200]
2021-03-10 22:37:38.230 TRACE 20712 --- [    Test worker] o.h.type.descriptor.sql.BasicBinder      : binding parameter [10] as [VARCHAR] - [null]
2021-03-10 22:37:38.230 TRACE 20712 --- [    Test worker] o.h.type.descriptor.sql.BasicBinder      : binding parameter [11] as [BOOLEAN] - [false]
2021-03-10 22:37:38.230 TRACE 20712 --- [    Test worker] o.h.type.descriptor.sql.BasicBinder      : binding parameter [12] as [VARCHAR] - [스프링 스터디입니다]
2021-03-10 22:37:38.230 TRACE 20712 --- [    Test worker] o.h.type.descriptor.sql.BasicBinder      : binding parameter [13] as [VARCHAR] - [스프링 스터디36]
2021-03-10 22:37:38.230 TRACE 20712 --- [    Test worker] o.h.type.descriptor.sql.BasicBinder      : binding parameter [14] as [BIGINT] - [182]
Hibernate: 
    insert 
    into
        study
        (likes, counts, full_description, level, location_id, max_count, mento_recruiting, open, published_date_time, question, recruiting, short_description, title, id) 
    values
        (?, ?, ?, ?, ?, ?, ?, ?, ?, ?, ?, ?, ?, ?)
2021-03-10 22:37:38.230 TRACE 20712 --- [    Test worker] o.h.type.descriptor.sql.BasicBinder      : binding parameter [1] as [INTEGER] - [0]
2021-03-10 22:37:38.230 TRACE 20712 --- [    Test worker] o.h.type.descriptor.sql.BasicBinder      : binding parameter [2] as [INTEGER] - [0]
2021-03-10 22:37:38.230 TRACE 20712 --- [    Test worker] o.h.type.descriptor.sql.BasicBinder      : binding parameter [3] as [VARCHAR] - [null]
2021-03-10 22:37:38.230 TRACE 20712 --- [    Test worker] o.h.type.descriptor.sql.BasicBinder      : binding parameter [4] as [INTEGER] - [null]
2021-03-10 22:37:38.230 TRACE 20712 --- [    Test worker] o.h.type.descriptor.sql.BasicBinder      : binding parameter [5] as [BIGINT] - [61]
2021-03-10 22:37:38.230 TRACE 20712 --- [    Test worker] o.h.type.descriptor.sql.BasicBinder      : binding parameter [6] as [INTEGER] - [3]
2021-03-10 22:37:38.230 TRACE 20712 --- [    Test worker] o.h.type.descriptor.sql.BasicBinder      : binding parameter [7] as [BOOLEAN] - [null]
2021-03-10 22:37:38.230 TRACE 20712 --- [    Test worker] o.h.type.descriptor.sql.BasicBinder      : binding parameter [8] as [BOOLEAN] - [true]
2021-03-10 22:37:38.230 TRACE 20712 --- [    Test worker] o.h.type.descriptor.sql.BasicBinder      : binding parameter [9] as [TIMESTAMP] - [2021-03-10T22:37:37.606298200]
2021-03-10 22:37:38.230 TRACE 20712 --- [    Test worker] o.h.type.descriptor.sql.BasicBinder      : binding parameter [10] as [VARCHAR] - [null]
2021-03-10 22:37:38.230 TRACE 20712 --- [    Test worker] o.h.type.descriptor.sql.BasicBinder      : binding parameter [11] as [BOOLEAN] - [false]
2021-03-10 22:37:38.230 TRACE 20712 --- [    Test worker] o.h.type.descriptor.sql.BasicBinder      : binding parameter [12] as [VARCHAR] - [스프링 스터디입니다]
2021-03-10 22:37:38.230 TRACE 20712 --- [    Test worker] o.h.type.descriptor.sql.BasicBinder      : binding parameter [13] as [VARCHAR] - [인공지능 스터디37]
2021-03-10 22:37:38.230 TRACE 20712 --- [    Test worker] o.h.type.descriptor.sql.BasicBinder      : binding parameter [14] as [BIGINT] - [183]
Hibernate: 
    insert 
    into
        study
        (likes, counts, full_description, level, location_id, max_count, mento_recruiting, open, published_date_time, question, recruiting, short_description, title, id) 
    values
        (?, ?, ?, ?, ?, ?, ?, ?, ?, ?, ?, ?, ?, ?)
2021-03-10 22:37:38.230 TRACE 20712 --- [    Test worker] o.h.type.descriptor.sql.BasicBinder      : binding parameter [1] as [INTEGER] - [0]
2021-03-10 22:37:38.230 TRACE 20712 --- [    Test worker] o.h.type.descriptor.sql.BasicBinder      : binding parameter [2] as [INTEGER] - [0]
2021-03-10 22:37:38.230 TRACE 20712 --- [    Test worker] o.h.type.descriptor.sql.BasicBinder      : binding parameter [3] as [VARCHAR] - [null]
2021-03-10 22:37:38.230 TRACE 20712 --- [    Test worker] o.h.type.descriptor.sql.BasicBinder      : binding parameter [4] as [INTEGER] - [null]
2021-03-10 22:37:38.230 TRACE 20712 --- [    Test worker] o.h.type.descriptor.sql.BasicBinder      : binding parameter [5] as [BIGINT] - [61]
2021-03-10 22:37:38.230 TRACE 20712 --- [    Test worker] o.h.type.descriptor.sql.BasicBinder      : binding parameter [6] as [INTEGER] - [3]
2021-03-10 22:37:38.230 TRACE 20712 --- [    Test worker] o.h.type.descriptor.sql.BasicBinder      : binding parameter [7] as [BOOLEAN] - [null]
2021-03-10 22:37:38.230 TRACE 20712 --- [    Test worker] o.h.type.descriptor.sql.BasicBinder      : binding parameter [8] as [BOOLEAN] - [true]
2021-03-10 22:37:38.230 TRACE 20712 --- [    Test worker] o.h.type.descriptor.sql.BasicBinder      : binding parameter [9] as [TIMESTAMP] - [2021-03-10T22:37:37.606298200]
2021-03-10 22:37:38.230 TRACE 20712 --- [    Test worker] o.h.type.descriptor.sql.BasicBinder      : binding parameter [10] as [VARCHAR] - [null]
2021-03-10 22:37:38.230 TRACE 20712 --- [    Test worker] o.h.type.descriptor.sql.BasicBinder      : binding parameter [11] as [BOOLEAN] - [true]
2021-03-10 22:37:38.230 TRACE 20712 --- [    Test worker] o.h.type.descriptor.sql.BasicBinder      : binding parameter [12] as [VARCHAR] - [스프링 스터디입니다]
2021-03-10 22:37:38.230 TRACE 20712 --- [    Test worker] o.h.type.descriptor.sql.BasicBinder      : binding parameter [13] as [VARCHAR] - [인공지능 스터디38]
2021-03-10 22:37:38.230 TRACE 20712 --- [    Test worker] o.h.type.descriptor.sql.BasicBinder      : binding parameter [14] as [BIGINT] - [184]
Hibernate: 
    insert 
    into
        study
        (likes, counts, full_description, level, location_id, max_count, mento_recruiting, open, published_date_time, question, recruiting, short_description, title, id) 
    values
        (?, ?, ?, ?, ?, ?, ?, ?, ?, ?, ?, ?, ?, ?)
2021-03-10 22:37:38.230 TRACE 20712 --- [    Test worker] o.h.type.descriptor.sql.BasicBinder      : binding parameter [1] as [INTEGER] - [0]
2021-03-10 22:37:38.230 TRACE 20712 --- [    Test worker] o.h.type.descriptor.sql.BasicBinder      : binding parameter [2] as [INTEGER] - [0]
2021-03-10 22:37:38.230 TRACE 20712 --- [    Test worker] o.h.type.descriptor.sql.BasicBinder      : binding parameter [3] as [VARCHAR] - [null]
2021-03-10 22:37:38.230 TRACE 20712 --- [    Test worker] o.h.type.descriptor.sql.BasicBinder      : binding parameter [4] as [INTEGER] - [null]
2021-03-10 22:37:38.230 TRACE 20712 --- [    Test worker] o.h.type.descriptor.sql.BasicBinder      : binding parameter [5] as [BIGINT] - [61]
2021-03-10 22:37:38.230 TRACE 20712 --- [    Test worker] o.h.type.descriptor.sql.BasicBinder      : binding parameter [6] as [INTEGER] - [3]
2021-03-10 22:37:38.230 TRACE 20712 --- [    Test worker] o.h.type.descriptor.sql.BasicBinder      : binding parameter [7] as [BOOLEAN] - [null]
2021-03-10 22:37:38.230 TRACE 20712 --- [    Test worker] o.h.type.descriptor.sql.BasicBinder      : binding parameter [8] as [BOOLEAN] - [true]
2021-03-10 22:37:38.230 TRACE 20712 --- [    Test worker] o.h.type.descriptor.sql.BasicBinder      : binding parameter [9] as [TIMESTAMP] - [2021-03-10T22:37:37.621920500]
2021-03-10 22:37:38.230 TRACE 20712 --- [    Test worker] o.h.type.descriptor.sql.BasicBinder      : binding parameter [10] as [VARCHAR] - [null]
2021-03-10 22:37:38.230 TRACE 20712 --- [    Test worker] o.h.type.descriptor.sql.BasicBinder      : binding parameter [11] as [BOOLEAN] - [false]
2021-03-10 22:37:38.230 TRACE 20712 --- [    Test worker] o.h.type.descriptor.sql.BasicBinder      : binding parameter [12] as [VARCHAR] - [스프링 스터디입니다]
2021-03-10 22:37:38.230 TRACE 20712 --- [    Test worker] o.h.type.descriptor.sql.BasicBinder      : binding parameter [13] as [VARCHAR] - [하둡 스터디39]
2021-03-10 22:37:38.230 TRACE 20712 --- [    Test worker] o.h.type.descriptor.sql.BasicBinder      : binding parameter [14] as [BIGINT] - [185]
Hibernate: 
    insert 
    into
        study
        (likes, counts, full_description, level, location_id, max_count, mento_recruiting, open, published_date_time, question, recruiting, short_description, title, id) 
    values
        (?, ?, ?, ?, ?, ?, ?, ?, ?, ?, ?, ?, ?, ?)
2021-03-10 22:37:38.230 TRACE 20712 --- [    Test worker] o.h.type.descriptor.sql.BasicBinder      : binding parameter [1] as [INTEGER] - [0]
2021-03-10 22:37:38.230 TRACE 20712 --- [    Test worker] o.h.type.descriptor.sql.BasicBinder      : binding parameter [2] as [INTEGER] - [0]
2021-03-10 22:37:38.230 TRACE 20712 --- [    Test worker] o.h.type.descriptor.sql.BasicBinder      : binding parameter [3] as [VARCHAR] - [null]
2021-03-10 22:37:38.230 TRACE 20712 --- [    Test worker] o.h.type.descriptor.sql.BasicBinder      : binding parameter [4] as [INTEGER] - [null]
2021-03-10 22:37:38.230 TRACE 20712 --- [    Test worker] o.h.type.descriptor.sql.BasicBinder      : binding parameter [5] as [BIGINT] - [61]
2021-03-10 22:37:38.230 TRACE 20712 --- [    Test worker] o.h.type.descriptor.sql.BasicBinder      : binding parameter [6] as [INTEGER] - [3]
2021-03-10 22:37:38.230 TRACE 20712 --- [    Test worker] o.h.type.descriptor.sql.BasicBinder      : binding parameter [7] as [BOOLEAN] - [null]
2021-03-10 22:37:38.230 TRACE 20712 --- [    Test worker] o.h.type.descriptor.sql.BasicBinder      : binding parameter [8] as [BOOLEAN] - [true]
2021-03-10 22:37:38.230 TRACE 20712 --- [    Test worker] o.h.type.descriptor.sql.BasicBinder      : binding parameter [9] as [TIMESTAMP] - [2021-03-10T22:37:37.621920500]
2021-03-10 22:37:38.230 TRACE 20712 --- [    Test worker] o.h.type.descriptor.sql.BasicBinder      : binding parameter [10] as [VARCHAR] - [null]
2021-03-10 22:37:38.230 TRACE 20712 --- [    Test worker] o.h.type.descriptor.sql.BasicBinder      : binding parameter [11] as [BOOLEAN] - [false]
2021-03-10 22:37:38.230 TRACE 20712 --- [    Test worker] o.h.type.descriptor.sql.BasicBinder      : binding parameter [12] as [VARCHAR] - [스프링 스터디입니다]
2021-03-10 22:37:38.230 TRACE 20712 --- [    Test worker] o.h.type.descriptor.sql.BasicBinder      : binding parameter [13] as [VARCHAR] - [스프링 스터디40]
2021-03-10 22:37:38.230 TRACE 20712 --- [    Test worker] o.h.type.descriptor.sql.BasicBinder      : binding parameter [14] as [BIGINT] - [186]
Hibernate: 
    insert 
    into
        study
        (likes, counts, full_description, level, location_id, max_count, mento_recruiting, open, published_date_time, question, recruiting, short_description, title, id) 
    values
        (?, ?, ?, ?, ?, ?, ?, ?, ?, ?, ?, ?, ?, ?)
2021-03-10 22:37:38.230 TRACE 20712 --- [    Test worker] o.h.type.descriptor.sql.BasicBinder      : binding parameter [1] as [INTEGER] - [0]
2021-03-10 22:37:38.230 TRACE 20712 --- [    Test worker] o.h.type.descriptor.sql.BasicBinder      : binding parameter [2] as [INTEGER] - [0]
2021-03-10 22:37:38.230 TRACE 20712 --- [    Test worker] o.h.type.descriptor.sql.BasicBinder      : binding parameter [3] as [VARCHAR] - [null]
2021-03-10 22:37:38.230 TRACE 20712 --- [    Test worker] o.h.type.descriptor.sql.BasicBinder      : binding parameter [4] as [INTEGER] - [null]
2021-03-10 22:37:38.230 TRACE 20712 --- [    Test worker] o.h.type.descriptor.sql.BasicBinder      : binding parameter [5] as [BIGINT] - [61]
2021-03-10 22:37:38.230 TRACE 20712 --- [    Test worker] o.h.type.descriptor.sql.BasicBinder      : binding parameter [6] as [INTEGER] - [3]
2021-03-10 22:37:38.230 TRACE 20712 --- [    Test worker] o.h.type.descriptor.sql.BasicBinder      : binding parameter [7] as [BOOLEAN] - [null]
2021-03-10 22:37:38.230 TRACE 20712 --- [    Test worker] o.h.type.descriptor.sql.BasicBinder      : binding parameter [8] as [BOOLEAN] - [true]
2021-03-10 22:37:38.230 TRACE 20712 --- [    Test worker] o.h.type.descriptor.sql.BasicBinder      : binding parameter [9] as [TIMESTAMP] - [2021-03-10T22:37:37.621920500]
2021-03-10 22:37:38.230 TRACE 20712 --- [    Test worker] o.h.type.descriptor.sql.BasicBinder      : binding parameter [10] as [VARCHAR] - [null]
2021-03-10 22:37:38.230 TRACE 20712 --- [    Test worker] o.h.type.descriptor.sql.BasicBinder      : binding parameter [11] as [BOOLEAN] - [false]
2021-03-10 22:37:38.230 TRACE 20712 --- [    Test worker] o.h.type.descriptor.sql.BasicBinder      : binding parameter [12] as [VARCHAR] - [스프링 스터디입니다]
2021-03-10 22:37:38.230 TRACE 20712 --- [    Test worker] o.h.type.descriptor.sql.BasicBinder      : binding parameter [13] as [VARCHAR] - [하둡 스터디41]
2021-03-10 22:37:38.230 TRACE 20712 --- [    Test worker] o.h.type.descriptor.sql.BasicBinder      : binding parameter [14] as [BIGINT] - [187]
Hibernate: 
    insert 
    into
        study
        (likes, counts, full_description, level, location_id, max_count, mento_recruiting, open, published_date_time, question, recruiting, short_description, title, id) 
    values
        (?, ?, ?, ?, ?, ?, ?, ?, ?, ?, ?, ?, ?, ?)
2021-03-10 22:37:38.230 TRACE 20712 --- [    Test worker] o.h.type.descriptor.sql.BasicBinder      : binding parameter [1] as [INTEGER] - [0]
2021-03-10 22:37:38.230 TRACE 20712 --- [    Test worker] o.h.type.descriptor.sql.BasicBinder      : binding parameter [2] as [INTEGER] - [0]
2021-03-10 22:37:38.230 TRACE 20712 --- [    Test worker] o.h.type.descriptor.sql.BasicBinder      : binding parameter [3] as [VARCHAR] - [null]
2021-03-10 22:37:38.230 TRACE 20712 --- [    Test worker] o.h.type.descriptor.sql.BasicBinder      : binding parameter [4] as [INTEGER] - [null]
2021-03-10 22:37:38.230 TRACE 20712 --- [    Test worker] o.h.type.descriptor.sql.BasicBinder      : binding parameter [5] as [BIGINT] - [61]
2021-03-10 22:37:38.230 TRACE 20712 --- [    Test worker] o.h.type.descriptor.sql.BasicBinder      : binding parameter [6] as [INTEGER] - [3]
2021-03-10 22:37:38.230 TRACE 20712 --- [    Test worker] o.h.type.descriptor.sql.BasicBinder      : binding parameter [7] as [BOOLEAN] - [null]
2021-03-10 22:37:38.230 TRACE 20712 --- [    Test worker] o.h.type.descriptor.sql.BasicBinder      : binding parameter [8] as [BOOLEAN] - [true]
2021-03-10 22:37:38.230 TRACE 20712 --- [    Test worker] o.h.type.descriptor.sql.BasicBinder      : binding parameter [9] as [TIMESTAMP] - [2021-03-10T22:37:37.621920500]
2021-03-10 22:37:38.230 TRACE 20712 --- [    Test worker] o.h.type.descriptor.sql.BasicBinder      : binding parameter [10] as [VARCHAR] - [null]
2021-03-10 22:37:38.230 TRACE 20712 --- [    Test worker] o.h.type.descriptor.sql.BasicBinder      : binding parameter [11] as [BOOLEAN] - [false]
2021-03-10 22:37:38.230 TRACE 20712 --- [    Test worker] o.h.type.descriptor.sql.BasicBinder      : binding parameter [12] as [VARCHAR] - [스프링 스터디입니다]
2021-03-10 22:37:38.230 TRACE 20712 --- [    Test worker] o.h.type.descriptor.sql.BasicBinder      : binding parameter [13] as [VARCHAR] - [자바 스터디42]
2021-03-10 22:37:38.230 TRACE 20712 --- [    Test worker] o.h.type.descriptor.sql.BasicBinder      : binding parameter [14] as [BIGINT] - [188]
Hibernate: 
    insert 
    into
        study
        (likes, counts, full_description, level, location_id, max_count, mento_recruiting, open, published_date_time, question, recruiting, short_description, title, id) 
    values
        (?, ?, ?, ?, ?, ?, ?, ?, ?, ?, ?, ?, ?, ?)
2021-03-10 22:37:38.230 TRACE 20712 --- [    Test worker] o.h.type.descriptor.sql.BasicBinder      : binding parameter [1] as [INTEGER] - [0]
2021-03-10 22:37:38.230 TRACE 20712 --- [    Test worker] o.h.type.descriptor.sql.BasicBinder      : binding parameter [2] as [INTEGER] - [0]
2021-03-10 22:37:38.230 TRACE 20712 --- [    Test worker] o.h.type.descriptor.sql.BasicBinder      : binding parameter [3] as [VARCHAR] - [null]
2021-03-10 22:37:38.230 TRACE 20712 --- [    Test worker] o.h.type.descriptor.sql.BasicBinder      : binding parameter [4] as [INTEGER] - [null]
2021-03-10 22:37:38.230 TRACE 20712 --- [    Test worker] o.h.type.descriptor.sql.BasicBinder      : binding parameter [5] as [BIGINT] - [61]
2021-03-10 22:37:38.230 TRACE 20712 --- [    Test worker] o.h.type.descriptor.sql.BasicBinder      : binding parameter [6] as [INTEGER] - [3]
2021-03-10 22:37:38.230 TRACE 20712 --- [    Test worker] o.h.type.descriptor.sql.BasicBinder      : binding parameter [7] as [BOOLEAN] - [null]
2021-03-10 22:37:38.230 TRACE 20712 --- [    Test worker] o.h.type.descriptor.sql.BasicBinder      : binding parameter [8] as [BOOLEAN] - [true]
2021-03-10 22:37:38.230 TRACE 20712 --- [    Test worker] o.h.type.descriptor.sql.BasicBinder      : binding parameter [9] as [TIMESTAMP] - [2021-03-10T22:37:37.637543800]
2021-03-10 22:37:38.230 TRACE 20712 --- [    Test worker] o.h.type.descriptor.sql.BasicBinder      : binding parameter [10] as [VARCHAR] - [null]
2021-03-10 22:37:38.230 TRACE 20712 --- [    Test worker] o.h.type.descriptor.sql.BasicBinder      : binding parameter [11] as [BOOLEAN] - [true]
2021-03-10 22:37:38.230 TRACE 20712 --- [    Test worker] o.h.type.descriptor.sql.BasicBinder      : binding parameter [12] as [VARCHAR] - [스프링 스터디입니다]
2021-03-10 22:37:38.230 TRACE 20712 --- [    Test worker] o.h.type.descriptor.sql.BasicBinder      : binding parameter [13] as [VARCHAR] - [스프링 스터디43]
2021-03-10 22:37:38.230 TRACE 20712 --- [    Test worker] o.h.type.descriptor.sql.BasicBinder      : binding parameter [14] as [BIGINT] - [189]
Hibernate: 
    insert 
    into
        study
        (likes, counts, full_description, level, location_id, max_count, mento_recruiting, open, published_date_time, question, recruiting, short_description, title, id) 
    values
        (?, ?, ?, ?, ?, ?, ?, ?, ?, ?, ?, ?, ?, ?)
2021-03-10 22:37:38.230 TRACE 20712 --- [    Test worker] o.h.type.descriptor.sql.BasicBinder      : binding parameter [1] as [INTEGER] - [0]
2021-03-10 22:37:38.230 TRACE 20712 --- [    Test worker] o.h.type.descriptor.sql.BasicBinder      : binding parameter [2] as [INTEGER] - [0]
2021-03-10 22:37:38.230 TRACE 20712 --- [    Test worker] o.h.type.descriptor.sql.BasicBinder      : binding parameter [3] as [VARCHAR] - [null]
2021-03-10 22:37:38.230 TRACE 20712 --- [    Test worker] o.h.type.descriptor.sql.BasicBinder      : binding parameter [4] as [INTEGER] - [null]
2021-03-10 22:37:38.230 TRACE 20712 --- [    Test worker] o.h.type.descriptor.sql.BasicBinder      : binding parameter [5] as [BIGINT] - [61]
2021-03-10 22:37:38.230 TRACE 20712 --- [    Test worker] o.h.type.descriptor.sql.BasicBinder      : binding parameter [6] as [INTEGER] - [3]
2021-03-10 22:37:38.230 TRACE 20712 --- [    Test worker] o.h.type.descriptor.sql.BasicBinder      : binding parameter [7] as [BOOLEAN] - [null]
2021-03-10 22:37:38.230 TRACE 20712 --- [    Test worker] o.h.type.descriptor.sql.BasicBinder      : binding parameter [8] as [BOOLEAN] - [true]
2021-03-10 22:37:38.230 TRACE 20712 --- [    Test worker] o.h.type.descriptor.sql.BasicBinder      : binding parameter [9] as [TIMESTAMP] - [2021-03-10T22:37:37.637543800]
2021-03-10 22:37:38.230 TRACE 20712 --- [    Test worker] o.h.type.descriptor.sql.BasicBinder      : binding parameter [10] as [VARCHAR] - [null]
2021-03-10 22:37:38.230 TRACE 20712 --- [    Test worker] o.h.type.descriptor.sql.BasicBinder      : binding parameter [11] as [BOOLEAN] - [false]
2021-03-10 22:37:38.230 TRACE 20712 --- [    Test worker] o.h.type.descriptor.sql.BasicBinder      : binding parameter [12] as [VARCHAR] - [스프링 스터디입니다]
2021-03-10 22:37:38.230 TRACE 20712 --- [    Test worker] o.h.type.descriptor.sql.BasicBinder      : binding parameter [13] as [VARCHAR] - [인공지능 스터디44]
2021-03-10 22:37:38.230 TRACE 20712 --- [    Test worker] o.h.type.descriptor.sql.BasicBinder      : binding parameter [14] as [BIGINT] - [190]
Hibernate: 
    insert 
    into
        study
        (likes, counts, full_description, level, location_id, max_count, mento_recruiting, open, published_date_time, question, recruiting, short_description, title, id) 
    values
        (?, ?, ?, ?, ?, ?, ?, ?, ?, ?, ?, ?, ?, ?)
2021-03-10 22:37:38.230 TRACE 20712 --- [    Test worker] o.h.type.descriptor.sql.BasicBinder      : binding parameter [1] as [INTEGER] - [0]
2021-03-10 22:37:38.230 TRACE 20712 --- [    Test worker] o.h.type.descriptor.sql.BasicBinder      : binding parameter [2] as [INTEGER] - [0]
2021-03-10 22:37:38.230 TRACE 20712 --- [    Test worker] o.h.type.descriptor.sql.BasicBinder      : binding parameter [3] as [VARCHAR] - [null]
2021-03-10 22:37:38.230 TRACE 20712 --- [    Test worker] o.h.type.descriptor.sql.BasicBinder      : binding parameter [4] as [INTEGER] - [null]
2021-03-10 22:37:38.230 TRACE 20712 --- [    Test worker] o.h.type.descriptor.sql.BasicBinder      : binding parameter [5] as [BIGINT] - [61]
2021-03-10 22:37:38.230 TRACE 20712 --- [    Test worker] o.h.type.descriptor.sql.BasicBinder      : binding parameter [6] as [INTEGER] - [3]
2021-03-10 22:37:38.230 TRACE 20712 --- [    Test worker] o.h.type.descriptor.sql.BasicBinder      : binding parameter [7] as [BOOLEAN] - [null]
2021-03-10 22:37:38.230 TRACE 20712 --- [    Test worker] o.h.type.descriptor.sql.BasicBinder      : binding parameter [8] as [BOOLEAN] - [true]
2021-03-10 22:37:38.230 TRACE 20712 --- [    Test worker] o.h.type.descriptor.sql.BasicBinder      : binding parameter [9] as [TIMESTAMP] - [2021-03-10T22:37:37.637543800]
2021-03-10 22:37:38.230 TRACE 20712 --- [    Test worker] o.h.type.descriptor.sql.BasicBinder      : binding parameter [10] as [VARCHAR] - [null]
2021-03-10 22:37:38.230 TRACE 20712 --- [    Test worker] o.h.type.descriptor.sql.BasicBinder      : binding parameter [11] as [BOOLEAN] - [false]
2021-03-10 22:37:38.230 TRACE 20712 --- [    Test worker] o.h.type.descriptor.sql.BasicBinder      : binding parameter [12] as [VARCHAR] - [스프링 스터디입니다]
2021-03-10 22:37:38.230 TRACE 20712 --- [    Test worker] o.h.type.descriptor.sql.BasicBinder      : binding parameter [13] as [VARCHAR] - [하둡 스터디45]
2021-03-10 22:37:38.230 TRACE 20712 --- [    Test worker] o.h.type.descriptor.sql.BasicBinder      : binding parameter [14] as [BIGINT] - [191]
Hibernate: 
    insert 
    into
        study
        (likes, counts, full_description, level, location_id, max_count, mento_recruiting, open, published_date_time, question, recruiting, short_description, title, id) 
    values
        (?, ?, ?, ?, ?, ?, ?, ?, ?, ?, ?, ?, ?, ?)
2021-03-10 22:37:38.230 TRACE 20712 --- [    Test worker] o.h.type.descriptor.sql.BasicBinder      : binding parameter [1] as [INTEGER] - [0]
2021-03-10 22:37:38.230 TRACE 20712 --- [    Test worker] o.h.type.descriptor.sql.BasicBinder      : binding parameter [2] as [INTEGER] - [0]
2021-03-10 22:37:38.230 TRACE 20712 --- [    Test worker] o.h.type.descriptor.sql.BasicBinder      : binding parameter [3] as [VARCHAR] - [null]
2021-03-10 22:37:38.230 TRACE 20712 --- [    Test worker] o.h.type.descriptor.sql.BasicBinder      : binding parameter [4] as [INTEGER] - [null]
2021-03-10 22:37:38.230 TRACE 20712 --- [    Test worker] o.h.type.descriptor.sql.BasicBinder      : binding parameter [5] as [BIGINT] - [61]
2021-03-10 22:37:38.230 TRACE 20712 --- [    Test worker] o.h.type.descriptor.sql.BasicBinder      : binding parameter [6] as [INTEGER] - [3]
2021-03-10 22:37:38.230 TRACE 20712 --- [    Test worker] o.h.type.descriptor.sql.BasicBinder      : binding parameter [7] as [BOOLEAN] - [null]
2021-03-10 22:37:38.230 TRACE 20712 --- [    Test worker] o.h.type.descriptor.sql.BasicBinder      : binding parameter [8] as [BOOLEAN] - [true]
2021-03-10 22:37:38.230 TRACE 20712 --- [    Test worker] o.h.type.descriptor.sql.BasicBinder      : binding parameter [9] as [TIMESTAMP] - [2021-03-10T22:37:37.653165500]
2021-03-10 22:37:38.230 TRACE 20712 --- [    Test worker] o.h.type.descriptor.sql.BasicBinder      : binding parameter [10] as [VARCHAR] - [null]
2021-03-10 22:37:38.230 TRACE 20712 --- [    Test worker] o.h.type.descriptor.sql.BasicBinder      : binding parameter [11] as [BOOLEAN] - [true]
2021-03-10 22:37:38.230 TRACE 20712 --- [    Test worker] o.h.type.descriptor.sql.BasicBinder      : binding parameter [12] as [VARCHAR] - [스프링 스터디입니다]
2021-03-10 22:37:38.230 TRACE 20712 --- [    Test worker] o.h.type.descriptor.sql.BasicBinder      : binding parameter [13] as [VARCHAR] - [스프링 스터디46]
2021-03-10 22:37:38.230 TRACE 20712 --- [    Test worker] o.h.type.descriptor.sql.BasicBinder      : binding parameter [14] as [BIGINT] - [192]
Hibernate: 
    insert 
    into
        study
        (likes, counts, full_description, level, location_id, max_count, mento_recruiting, open, published_date_time, question, recruiting, short_description, title, id) 
    values
        (?, ?, ?, ?, ?, ?, ?, ?, ?, ?, ?, ?, ?, ?)
2021-03-10 22:37:38.230 TRACE 20712 --- [    Test worker] o.h.type.descriptor.sql.BasicBinder      : binding parameter [1] as [INTEGER] - [0]
2021-03-10 22:37:38.230 TRACE 20712 --- [    Test worker] o.h.type.descriptor.sql.BasicBinder      : binding parameter [2] as [INTEGER] - [0]
2021-03-10 22:37:38.230 TRACE 20712 --- [    Test worker] o.h.type.descriptor.sql.BasicBinder      : binding parameter [3] as [VARCHAR] - [null]
2021-03-10 22:37:38.230 TRACE 20712 --- [    Test worker] o.h.type.descriptor.sql.BasicBinder      : binding parameter [4] as [INTEGER] - [null]
2021-03-10 22:37:38.230 TRACE 20712 --- [    Test worker] o.h.type.descriptor.sql.BasicBinder      : binding parameter [5] as [BIGINT] - [61]
2021-03-10 22:37:38.230 TRACE 20712 --- [    Test worker] o.h.type.descriptor.sql.BasicBinder      : binding parameter [6] as [INTEGER] - [3]
2021-03-10 22:37:38.230 TRACE 20712 --- [    Test worker] o.h.type.descriptor.sql.BasicBinder      : binding parameter [7] as [BOOLEAN] - [null]
2021-03-10 22:37:38.230 TRACE 20712 --- [    Test worker] o.h.type.descriptor.sql.BasicBinder      : binding parameter [8] as [BOOLEAN] - [true]
2021-03-10 22:37:38.230 TRACE 20712 --- [    Test worker] o.h.type.descriptor.sql.BasicBinder      : binding parameter [9] as [TIMESTAMP] - [2021-03-10T22:37:37.653165500]
2021-03-10 22:37:38.245 TRACE 20712 --- [    Test worker] o.h.type.descriptor.sql.BasicBinder      : binding parameter [10] as [VARCHAR] - [null]
2021-03-10 22:37:38.245 TRACE 20712 --- [    Test worker] o.h.type.descriptor.sql.BasicBinder      : binding parameter [11] as [BOOLEAN] - [true]
2021-03-10 22:37:38.245 TRACE 20712 --- [    Test worker] o.h.type.descriptor.sql.BasicBinder      : binding parameter [12] as [VARCHAR] - [스프링 스터디입니다]
2021-03-10 22:37:38.245 TRACE 20712 --- [    Test worker] o.h.type.descriptor.sql.BasicBinder      : binding parameter [13] as [VARCHAR] - [스프링 스터디47]
2021-03-10 22:37:38.245 TRACE 20712 --- [    Test worker] o.h.type.descriptor.sql.BasicBinder      : binding parameter [14] as [BIGINT] - [193]
Hibernate: 
    insert 
    into
        study
        (likes, counts, full_description, level, location_id, max_count, mento_recruiting, open, published_date_time, question, recruiting, short_description, title, id) 
    values
        (?, ?, ?, ?, ?, ?, ?, ?, ?, ?, ?, ?, ?, ?)
2021-03-10 22:37:38.245 TRACE 20712 --- [    Test worker] o.h.type.descriptor.sql.BasicBinder      : binding parameter [1] as [INTEGER] - [0]
2021-03-10 22:37:38.245 TRACE 20712 --- [    Test worker] o.h.type.descriptor.sql.BasicBinder      : binding parameter [2] as [INTEGER] - [0]
2021-03-10 22:37:38.245 TRACE 20712 --- [    Test worker] o.h.type.descriptor.sql.BasicBinder      : binding parameter [3] as [VARCHAR] - [null]
2021-03-10 22:37:38.245 TRACE 20712 --- [    Test worker] o.h.type.descriptor.sql.BasicBinder      : binding parameter [4] as [INTEGER] - [null]
2021-03-10 22:37:38.245 TRACE 20712 --- [    Test worker] o.h.type.descriptor.sql.BasicBinder      : binding parameter [5] as [BIGINT] - [61]
2021-03-10 22:37:38.245 TRACE 20712 --- [    Test worker] o.h.type.descriptor.sql.BasicBinder      : binding parameter [6] as [INTEGER] - [3]
2021-03-10 22:37:38.245 TRACE 20712 --- [    Test worker] o.h.type.descriptor.sql.BasicBinder      : binding parameter [7] as [BOOLEAN] - [null]
2021-03-10 22:37:38.245 TRACE 20712 --- [    Test worker] o.h.type.descriptor.sql.BasicBinder      : binding parameter [8] as [BOOLEAN] - [true]
2021-03-10 22:37:38.245 TRACE 20712 --- [    Test worker] o.h.type.descriptor.sql.BasicBinder      : binding parameter [9] as [TIMESTAMP] - [2021-03-10T22:37:37.653165500]
2021-03-10 22:37:38.245 TRACE 20712 --- [    Test worker] o.h.type.descriptor.sql.BasicBinder      : binding parameter [10] as [VARCHAR] - [null]
2021-03-10 22:37:38.245 TRACE 20712 --- [    Test worker] o.h.type.descriptor.sql.BasicBinder      : binding parameter [11] as [BOOLEAN] - [true]
2021-03-10 22:37:38.245 TRACE 20712 --- [    Test worker] o.h.type.descriptor.sql.BasicBinder      : binding parameter [12] as [VARCHAR] - [스프링 스터디입니다]
2021-03-10 22:37:38.245 TRACE 20712 --- [    Test worker] o.h.type.descriptor.sql.BasicBinder      : binding parameter [13] as [VARCHAR] - [자바 스터디48]
2021-03-10 22:37:38.245 TRACE 20712 --- [    Test worker] o.h.type.descriptor.sql.BasicBinder      : binding parameter [14] as [BIGINT] - [194]
Hibernate: 
    insert 
    into
        study
        (likes, counts, full_description, level, location_id, max_count, mento_recruiting, open, published_date_time, question, recruiting, short_description, title, id) 
    values
        (?, ?, ?, ?, ?, ?, ?, ?, ?, ?, ?, ?, ?, ?)
2021-03-10 22:37:38.245 TRACE 20712 --- [    Test worker] o.h.type.descriptor.sql.BasicBinder      : binding parameter [1] as [INTEGER] - [0]
2021-03-10 22:37:38.245 TRACE 20712 --- [    Test worker] o.h.type.descriptor.sql.BasicBinder      : binding parameter [2] as [INTEGER] - [0]
2021-03-10 22:37:38.245 TRACE 20712 --- [    Test worker] o.h.type.descriptor.sql.BasicBinder      : binding parameter [3] as [VARCHAR] - [null]
2021-03-10 22:37:38.245 TRACE 20712 --- [    Test worker] o.h.type.descriptor.sql.BasicBinder      : binding parameter [4] as [INTEGER] - [null]
2021-03-10 22:37:38.245 TRACE 20712 --- [    Test worker] o.h.type.descriptor.sql.BasicBinder      : binding parameter [5] as [BIGINT] - [61]
2021-03-10 22:37:38.245 TRACE 20712 --- [    Test worker] o.h.type.descriptor.sql.BasicBinder      : binding parameter [6] as [INTEGER] - [3]
2021-03-10 22:37:38.245 TRACE 20712 --- [    Test worker] o.h.type.descriptor.sql.BasicBinder      : binding parameter [7] as [BOOLEAN] - [null]
2021-03-10 22:37:38.245 TRACE 20712 --- [    Test worker] o.h.type.descriptor.sql.BasicBinder      : binding parameter [8] as [BOOLEAN] - [true]
2021-03-10 22:37:38.245 TRACE 20712 --- [    Test worker] o.h.type.descriptor.sql.BasicBinder      : binding parameter [9] as [TIMESTAMP] - [2021-03-10T22:37:37.653165500]
2021-03-10 22:37:38.245 TRACE 20712 --- [    Test worker] o.h.type.descriptor.sql.BasicBinder      : binding parameter [10] as [VARCHAR] - [null]
2021-03-10 22:37:38.245 TRACE 20712 --- [    Test worker] o.h.type.descriptor.sql.BasicBinder      : binding parameter [11] as [BOOLEAN] - [true]
2021-03-10 22:37:38.245 TRACE 20712 --- [    Test worker] o.h.type.descriptor.sql.BasicBinder      : binding parameter [12] as [VARCHAR] - [스프링 스터디입니다]
2021-03-10 22:37:38.245 TRACE 20712 --- [    Test worker] o.h.type.descriptor.sql.BasicBinder      : binding parameter [13] as [VARCHAR] - [인공지능 스터디49]
2021-03-10 22:37:38.245 TRACE 20712 --- [    Test worker] o.h.type.descriptor.sql.BasicBinder      : binding parameter [14] as [BIGINT] - [195]
Hibernate: 
    insert 
    into
        study
        (likes, counts, full_description, level, location_id, max_count, mento_recruiting, open, published_date_time, question, recruiting, short_description, title, id) 
    values
        (?, ?, ?, ?, ?, ?, ?, ?, ?, ?, ?, ?, ?, ?)
2021-03-10 22:37:38.245 TRACE 20712 --- [    Test worker] o.h.type.descriptor.sql.BasicBinder      : binding parameter [1] as [INTEGER] - [0]
2021-03-10 22:37:38.245 TRACE 20712 --- [    Test worker] o.h.type.descriptor.sql.BasicBinder      : binding parameter [2] as [INTEGER] - [0]
2021-03-10 22:37:38.245 TRACE 20712 --- [    Test worker] o.h.type.descriptor.sql.BasicBinder      : binding parameter [3] as [VARCHAR] - [null]
2021-03-10 22:37:38.245 TRACE 20712 --- [    Test worker] o.h.type.descriptor.sql.BasicBinder      : binding parameter [4] as [INTEGER] - [null]
2021-03-10 22:37:38.245 TRACE 20712 --- [    Test worker] o.h.type.descriptor.sql.BasicBinder      : binding parameter [5] as [BIGINT] - [61]
2021-03-10 22:37:38.245 TRACE 20712 --- [    Test worker] o.h.type.descriptor.sql.BasicBinder      : binding parameter [6] as [INTEGER] - [3]
2021-03-10 22:37:38.245 TRACE 20712 --- [    Test worker] o.h.type.descriptor.sql.BasicBinder      : binding parameter [7] as [BOOLEAN] - [null]
2021-03-10 22:37:38.245 TRACE 20712 --- [    Test worker] o.h.type.descriptor.sql.BasicBinder      : binding parameter [8] as [BOOLEAN] - [true]
2021-03-10 22:37:38.245 TRACE 20712 --- [    Test worker] o.h.type.descriptor.sql.BasicBinder      : binding parameter [9] as [TIMESTAMP] - [2021-03-10T22:37:37.668793800]
2021-03-10 22:37:38.245 TRACE 20712 --- [    Test worker] o.h.type.descriptor.sql.BasicBinder      : binding parameter [10] as [VARCHAR] - [null]
2021-03-10 22:37:38.245 TRACE 20712 --- [    Test worker] o.h.type.descriptor.sql.BasicBinder      : binding parameter [11] as [BOOLEAN] - [false]
2021-03-10 22:37:38.245 TRACE 20712 --- [    Test worker] o.h.type.descriptor.sql.BasicBinder      : binding parameter [12] as [VARCHAR] - [스프링 스터디입니다]
2021-03-10 22:37:38.245 TRACE 20712 --- [    Test worker] o.h.type.descriptor.sql.BasicBinder      : binding parameter [13] as [VARCHAR] - [하둡 스터디50]
2021-03-10 22:37:38.245 TRACE 20712 --- [    Test worker] o.h.type.descriptor.sql.BasicBinder      : binding parameter [14] as [BIGINT] - [196]
Hibernate: 
    insert 
    into
        study
        (likes, counts, full_description, level, location_id, max_count, mento_recruiting, open, published_date_time, question, recruiting, short_description, title, id) 
    values
        (?, ?, ?, ?, ?, ?, ?, ?, ?, ?, ?, ?, ?, ?)
2021-03-10 22:37:38.245 TRACE 20712 --- [    Test worker] o.h.type.descriptor.sql.BasicBinder      : binding parameter [1] as [INTEGER] - [0]
2021-03-10 22:37:38.245 TRACE 20712 --- [    Test worker] o.h.type.descriptor.sql.BasicBinder      : binding parameter [2] as [INTEGER] - [0]
2021-03-10 22:37:38.245 TRACE 20712 --- [    Test worker] o.h.type.descriptor.sql.BasicBinder      : binding parameter [3] as [VARCHAR] - [null]
2021-03-10 22:37:38.245 TRACE 20712 --- [    Test worker] o.h.type.descriptor.sql.BasicBinder      : binding parameter [4] as [INTEGER] - [null]
2021-03-10 22:37:38.261 TRACE 20712 --- [    Test worker] o.h.type.descriptor.sql.BasicBinder      : binding parameter [5] as [BIGINT] - [61]
2021-03-10 22:37:38.261 TRACE 20712 --- [    Test worker] o.h.type.descriptor.sql.BasicBinder      : binding parameter [6] as [INTEGER] - [3]
2021-03-10 22:37:38.261 TRACE 20712 --- [    Test worker] o.h.type.descriptor.sql.BasicBinder      : binding parameter [7] as [BOOLEAN] - [null]
2021-03-10 22:37:38.261 TRACE 20712 --- [    Test worker] o.h.type.descriptor.sql.BasicBinder      : binding parameter [8] as [BOOLEAN] - [true]
2021-03-10 22:37:38.261 TRACE 20712 --- [    Test worker] o.h.type.descriptor.sql.BasicBinder      : binding parameter [9] as [TIMESTAMP] - [2021-03-10T22:37:37.668793800]
2021-03-10 22:37:38.261 TRACE 20712 --- [    Test worker] o.h.type.descriptor.sql.BasicBinder      : binding parameter [10] as [VARCHAR] - [null]
2021-03-10 22:37:38.261 TRACE 20712 --- [    Test worker] o.h.type.descriptor.sql.BasicBinder      : binding parameter [11] as [BOOLEAN] - [false]
2021-03-10 22:37:38.261 TRACE 20712 --- [    Test worker] o.h.type.descriptor.sql.BasicBinder      : binding parameter [12] as [VARCHAR] - [스프링 스터디입니다]
2021-03-10 22:37:38.261 TRACE 20712 --- [    Test worker] o.h.type.descriptor.sql.BasicBinder      : binding parameter [13] as [VARCHAR] - [인공지능 스터디51]
2021-03-10 22:37:38.261 TRACE 20712 --- [    Test worker] o.h.type.descriptor.sql.BasicBinder      : binding parameter [14] as [BIGINT] - [197]
Hibernate: 
    insert 
    into
        study
        (likes, counts, full_description, level, location_id, max_count, mento_recruiting, open, published_date_time, question, recruiting, short_description, title, id) 
    values
        (?, ?, ?, ?, ?, ?, ?, ?, ?, ?, ?, ?, ?, ?)
2021-03-10 22:37:38.261 TRACE 20712 --- [    Test worker] o.h.type.descriptor.sql.BasicBinder      : binding parameter [1] as [INTEGER] - [0]
2021-03-10 22:37:38.261 TRACE 20712 --- [    Test worker] o.h.type.descriptor.sql.BasicBinder      : binding parameter [2] as [INTEGER] - [0]
2021-03-10 22:37:38.261 TRACE 20712 --- [    Test worker] o.h.type.descriptor.sql.BasicBinder      : binding parameter [3] as [VARCHAR] - [null]
2021-03-10 22:37:38.261 TRACE 20712 --- [    Test worker] o.h.type.descriptor.sql.BasicBinder      : binding parameter [4] as [INTEGER] - [null]
2021-03-10 22:37:38.261 TRACE 20712 --- [    Test worker] o.h.type.descriptor.sql.BasicBinder      : binding parameter [5] as [BIGINT] - [61]
2021-03-10 22:37:38.261 TRACE 20712 --- [    Test worker] o.h.type.descriptor.sql.BasicBinder      : binding parameter [6] as [INTEGER] - [3]
2021-03-10 22:37:38.261 TRACE 20712 --- [    Test worker] o.h.type.descriptor.sql.BasicBinder      : binding parameter [7] as [BOOLEAN] - [null]
2021-03-10 22:37:38.261 TRACE 20712 --- [    Test worker] o.h.type.descriptor.sql.BasicBinder      : binding parameter [8] as [BOOLEAN] - [true]
2021-03-10 22:37:38.261 TRACE 20712 --- [    Test worker] o.h.type.descriptor.sql.BasicBinder      : binding parameter [9] as [TIMESTAMP] - [2021-03-10T22:37:37.668793800]
2021-03-10 22:37:38.261 TRACE 20712 --- [    Test worker] o.h.type.descriptor.sql.BasicBinder      : binding parameter [10] as [VARCHAR] - [null]
2021-03-10 22:37:38.261 TRACE 20712 --- [    Test worker] o.h.type.descriptor.sql.BasicBinder      : binding parameter [11] as [BOOLEAN] - [false]
2021-03-10 22:37:38.261 TRACE 20712 --- [    Test worker] o.h.type.descriptor.sql.BasicBinder      : binding parameter [12] as [VARCHAR] - [스프링 스터디입니다]
2021-03-10 22:37:38.261 TRACE 20712 --- [    Test worker] o.h.type.descriptor.sql.BasicBinder      : binding parameter [13] as [VARCHAR] - [하둡 스터디52]
2021-03-10 22:37:38.261 TRACE 20712 --- [    Test worker] o.h.type.descriptor.sql.BasicBinder      : binding parameter [14] as [BIGINT] - [198]
Hibernate: 
    insert 
    into
        study
        (likes, counts, full_description, level, location_id, max_count, mento_recruiting, open, published_date_time, question, recruiting, short_description, title, id) 
    values
        (?, ?, ?, ?, ?, ?, ?, ?, ?, ?, ?, ?, ?, ?)
2021-03-10 22:37:38.261 TRACE 20712 --- [    Test worker] o.h.type.descriptor.sql.BasicBinder      : binding parameter [1] as [INTEGER] - [0]
2021-03-10 22:37:38.261 TRACE 20712 --- [    Test worker] o.h.type.descriptor.sql.BasicBinder      : binding parameter [2] as [INTEGER] - [0]
2021-03-10 22:37:38.261 TRACE 20712 --- [    Test worker] o.h.type.descriptor.sql.BasicBinder      : binding parameter [3] as [VARCHAR] - [null]
2021-03-10 22:37:38.261 TRACE 20712 --- [    Test worker] o.h.type.descriptor.sql.BasicBinder      : binding parameter [4] as [INTEGER] - [null]
2021-03-10 22:37:38.261 TRACE 20712 --- [    Test worker] o.h.type.descriptor.sql.BasicBinder      : binding parameter [5] as [BIGINT] - [61]
2021-03-10 22:37:38.261 TRACE 20712 --- [    Test worker] o.h.type.descriptor.sql.BasicBinder      : binding parameter [6] as [INTEGER] - [3]
2021-03-10 22:37:38.261 TRACE 20712 --- [    Test worker] o.h.type.descriptor.sql.BasicBinder      : binding parameter [7] as [BOOLEAN] - [null]
2021-03-10 22:37:38.261 TRACE 20712 --- [    Test worker] o.h.type.descriptor.sql.BasicBinder      : binding parameter [8] as [BOOLEAN] - [true]
2021-03-10 22:37:38.261 TRACE 20712 --- [    Test worker] o.h.type.descriptor.sql.BasicBinder      : binding parameter [9] as [TIMESTAMP] - [2021-03-10T22:37:37.668793800]
2021-03-10 22:37:38.261 TRACE 20712 --- [    Test worker] o.h.type.descriptor.sql.BasicBinder      : binding parameter [10] as [VARCHAR] - [null]
2021-03-10 22:37:38.261 TRACE 20712 --- [    Test worker] o.h.type.descriptor.sql.BasicBinder      : binding parameter [11] as [BOOLEAN] - [false]
2021-03-10 22:37:38.261 TRACE 20712 --- [    Test worker] o.h.type.descriptor.sql.BasicBinder      : binding parameter [12] as [VARCHAR] - [스프링 스터디입니다]
2021-03-10 22:37:38.261 TRACE 20712 --- [    Test worker] o.h.type.descriptor.sql.BasicBinder      : binding parameter [13] as [VARCHAR] - [스프링 스터디53]
2021-03-10 22:37:38.261 TRACE 20712 --- [    Test worker] o.h.type.descriptor.sql.BasicBinder      : binding parameter [14] as [BIGINT] - [199]
Hibernate: 
    insert 
    into
        study
        (likes, counts, full_description, level, location_id, max_count, mento_recruiting, open, published_date_time, question, recruiting, short_description, title, id) 
    values
        (?, ?, ?, ?, ?, ?, ?, ?, ?, ?, ?, ?, ?, ?)
2021-03-10 22:37:38.261 TRACE 20712 --- [    Test worker] o.h.type.descriptor.sql.BasicBinder      : binding parameter [1] as [INTEGER] - [0]
2021-03-10 22:37:38.261 TRACE 20712 --- [    Test worker] o.h.type.descriptor.sql.BasicBinder      : binding parameter [2] as [INTEGER] - [0]
2021-03-10 22:37:38.261 TRACE 20712 --- [    Test worker] o.h.type.descriptor.sql.BasicBinder      : binding parameter [3] as [VARCHAR] - [null]
2021-03-10 22:37:38.261 TRACE 20712 --- [    Test worker] o.h.type.descriptor.sql.BasicBinder      : binding parameter [4] as [INTEGER] - [null]
2021-03-10 22:37:38.261 TRACE 20712 --- [    Test worker] o.h.type.descriptor.sql.BasicBinder      : binding parameter [5] as [BIGINT] - [61]
2021-03-10 22:37:38.261 TRACE 20712 --- [    Test worker] o.h.type.descriptor.sql.BasicBinder      : binding parameter [6] as [INTEGER] - [3]
2021-03-10 22:37:38.261 TRACE 20712 --- [    Test worker] o.h.type.descriptor.sql.BasicBinder      : binding parameter [7] as [BOOLEAN] - [null]
2021-03-10 22:37:38.261 TRACE 20712 --- [    Test worker] o.h.type.descriptor.sql.BasicBinder      : binding parameter [8] as [BOOLEAN] - [true]
2021-03-10 22:37:38.261 TRACE 20712 --- [    Test worker] o.h.type.descriptor.sql.BasicBinder      : binding parameter [9] as [TIMESTAMP] - [2021-03-10T22:37:37.684418800]
2021-03-10 22:37:38.261 TRACE 20712 --- [    Test worker] o.h.type.descriptor.sql.BasicBinder      : binding parameter [10] as [VARCHAR] - [null]
2021-03-10 22:37:38.261 TRACE 20712 --- [    Test worker] o.h.type.descriptor.sql.BasicBinder      : binding parameter [11] as [BOOLEAN] - [true]
2021-03-10 22:37:38.261 TRACE 20712 --- [    Test worker] o.h.type.descriptor.sql.BasicBinder      : binding parameter [12] as [VARCHAR] - [스프링 스터디입니다]
2021-03-10 22:37:38.261 TRACE 20712 --- [    Test worker] o.h.type.descriptor.sql.BasicBinder      : binding parameter [13] as [VARCHAR] - [인공지능 스터디54]
2021-03-10 22:37:38.261 TRACE 20712 --- [    Test worker] o.h.type.descriptor.sql.BasicBinder      : binding parameter [14] as [BIGINT] - [200]
Hibernate: 
    insert 
    into
        study
        (likes, counts, full_description, level, location_id, max_count, mento_recruiting, open, published_date_time, question, recruiting, short_description, title, id) 
    values
        (?, ?, ?, ?, ?, ?, ?, ?, ?, ?, ?, ?, ?, ?)
2021-03-10 22:37:38.261 TRACE 20712 --- [    Test worker] o.h.type.descriptor.sql.BasicBinder      : binding parameter [1] as [INTEGER] - [0]
2021-03-10 22:37:38.261 TRACE 20712 --- [    Test worker] o.h.type.descriptor.sql.BasicBinder      : binding parameter [2] as [INTEGER] - [0]
2021-03-10 22:37:38.261 TRACE 20712 --- [    Test worker] o.h.type.descriptor.sql.BasicBinder      : binding parameter [3] as [VARCHAR] - [null]
2021-03-10 22:37:38.261 TRACE 20712 --- [    Test worker] o.h.type.descriptor.sql.BasicBinder      : binding parameter [4] as [INTEGER] - [null]
2021-03-10 22:37:38.261 TRACE 20712 --- [    Test worker] o.h.type.descriptor.sql.BasicBinder      : binding parameter [5] as [BIGINT] - [61]
2021-03-10 22:37:38.261 TRACE 20712 --- [    Test worker] o.h.type.descriptor.sql.BasicBinder      : binding parameter [6] as [INTEGER] - [3]
2021-03-10 22:37:38.261 TRACE 20712 --- [    Test worker] o.h.type.descriptor.sql.BasicBinder      : binding parameter [7] as [BOOLEAN] - [null]
2021-03-10 22:37:38.261 TRACE 20712 --- [    Test worker] o.h.type.descriptor.sql.BasicBinder      : binding parameter [8] as [BOOLEAN] - [true]
2021-03-10 22:37:38.261 TRACE 20712 --- [    Test worker] o.h.type.descriptor.sql.BasicBinder      : binding parameter [9] as [TIMESTAMP] - [2021-03-10T22:37:37.684418800]
2021-03-10 22:37:38.261 TRACE 20712 --- [    Test worker] o.h.type.descriptor.sql.BasicBinder      : binding parameter [10] as [VARCHAR] - [null]
2021-03-10 22:37:38.261 TRACE 20712 --- [    Test worker] o.h.type.descriptor.sql.BasicBinder      : binding parameter [11] as [BOOLEAN] - [false]
2021-03-10 22:37:38.261 TRACE 20712 --- [    Test worker] o.h.type.descriptor.sql.BasicBinder      : binding parameter [12] as [VARCHAR] - [스프링 스터디입니다]
2021-03-10 22:37:38.261 TRACE 20712 --- [    Test worker] o.h.type.descriptor.sql.BasicBinder      : binding parameter [13] as [VARCHAR] - [인공지능 스터디55]
2021-03-10 22:37:38.261 TRACE 20712 --- [    Test worker] o.h.type.descriptor.sql.BasicBinder      : binding parameter [14] as [BIGINT] - [201]
Hibernate: 
    insert 
    into
        study
        (likes, counts, full_description, level, location_id, max_count, mento_recruiting, open, published_date_time, question, recruiting, short_description, title, id) 
    values
        (?, ?, ?, ?, ?, ?, ?, ?, ?, ?, ?, ?, ?, ?)
2021-03-10 22:37:38.261 TRACE 20712 --- [    Test worker] o.h.type.descriptor.sql.BasicBinder      : binding parameter [1] as [INTEGER] - [0]
2021-03-10 22:37:38.261 TRACE 20712 --- [    Test worker] o.h.type.descriptor.sql.BasicBinder      : binding parameter [2] as [INTEGER] - [0]
2021-03-10 22:37:38.261 TRACE 20712 --- [    Test worker] o.h.type.descriptor.sql.BasicBinder      : binding parameter [3] as [VARCHAR] - [null]
2021-03-10 22:37:38.261 TRACE 20712 --- [    Test worker] o.h.type.descriptor.sql.BasicBinder      : binding parameter [4] as [INTEGER] - [null]
2021-03-10 22:37:38.261 TRACE 20712 --- [    Test worker] o.h.type.descriptor.sql.BasicBinder      : binding parameter [5] as [BIGINT] - [61]
2021-03-10 22:37:38.261 TRACE 20712 --- [    Test worker] o.h.type.descriptor.sql.BasicBinder      : binding parameter [6] as [INTEGER] - [3]
2021-03-10 22:37:38.261 TRACE 20712 --- [    Test worker] o.h.type.descriptor.sql.BasicBinder      : binding parameter [7] as [BOOLEAN] - [null]
2021-03-10 22:37:38.261 TRACE 20712 --- [    Test worker] o.h.type.descriptor.sql.BasicBinder      : binding parameter [8] as [BOOLEAN] - [true]
2021-03-10 22:37:38.261 TRACE 20712 --- [    Test worker] o.h.type.descriptor.sql.BasicBinder      : binding parameter [9] as [TIMESTAMP] - [2021-03-10T22:37:37.684418800]
2021-03-10 22:37:38.277 TRACE 20712 --- [    Test worker] o.h.type.descriptor.sql.BasicBinder      : binding parameter [10] as [VARCHAR] - [null]
2021-03-10 22:37:38.277 TRACE 20712 --- [    Test worker] o.h.type.descriptor.sql.BasicBinder      : binding parameter [11] as [BOOLEAN] - [true]
2021-03-10 22:37:38.277 TRACE 20712 --- [    Test worker] o.h.type.descriptor.sql.BasicBinder      : binding parameter [12] as [VARCHAR] - [스프링 스터디입니다]
2021-03-10 22:37:38.277 TRACE 20712 --- [    Test worker] o.h.type.descriptor.sql.BasicBinder      : binding parameter [13] as [VARCHAR] - [하둡 스터디56]
2021-03-10 22:37:38.277 TRACE 20712 --- [    Test worker] o.h.type.descriptor.sql.BasicBinder      : binding parameter [14] as [BIGINT] - [202]
Hibernate: 
    insert 
    into
        study
        (likes, counts, full_description, level, location_id, max_count, mento_recruiting, open, published_date_time, question, recruiting, short_description, title, id) 
    values
        (?, ?, ?, ?, ?, ?, ?, ?, ?, ?, ?, ?, ?, ?)
2021-03-10 22:37:38.277 TRACE 20712 --- [    Test worker] o.h.type.descriptor.sql.BasicBinder      : binding parameter [1] as [INTEGER] - [0]
2021-03-10 22:37:38.277 TRACE 20712 --- [    Test worker] o.h.type.descriptor.sql.BasicBinder      : binding parameter [2] as [INTEGER] - [0]
2021-03-10 22:37:38.277 TRACE 20712 --- [    Test worker] o.h.type.descriptor.sql.BasicBinder      : binding parameter [3] as [VARCHAR] - [null]
2021-03-10 22:37:38.277 TRACE 20712 --- [    Test worker] o.h.type.descriptor.sql.BasicBinder      : binding parameter [4] as [INTEGER] - [null]
2021-03-10 22:37:38.277 TRACE 20712 --- [    Test worker] o.h.type.descriptor.sql.BasicBinder      : binding parameter [5] as [BIGINT] - [61]
2021-03-10 22:37:38.277 TRACE 20712 --- [    Test worker] o.h.type.descriptor.sql.BasicBinder      : binding parameter [6] as [INTEGER] - [3]
2021-03-10 22:37:38.277 TRACE 20712 --- [    Test worker] o.h.type.descriptor.sql.BasicBinder      : binding parameter [7] as [BOOLEAN] - [null]
2021-03-10 22:37:38.277 TRACE 20712 --- [    Test worker] o.h.type.descriptor.sql.BasicBinder      : binding parameter [8] as [BOOLEAN] - [true]
2021-03-10 22:37:38.277 TRACE 20712 --- [    Test worker] o.h.type.descriptor.sql.BasicBinder      : binding parameter [9] as [TIMESTAMP] - [2021-03-10T22:37:37.684418800]
2021-03-10 22:37:38.277 TRACE 20712 --- [    Test worker] o.h.type.descriptor.sql.BasicBinder      : binding parameter [10] as [VARCHAR] - [null]
2021-03-10 22:37:38.277 TRACE 20712 --- [    Test worker] o.h.type.descriptor.sql.BasicBinder      : binding parameter [11] as [BOOLEAN] - [false]
2021-03-10 22:37:38.277 TRACE 20712 --- [    Test worker] o.h.type.descriptor.sql.BasicBinder      : binding parameter [12] as [VARCHAR] - [스프링 스터디입니다]
2021-03-10 22:37:38.277 TRACE 20712 --- [    Test worker] o.h.type.descriptor.sql.BasicBinder      : binding parameter [13] as [VARCHAR] - [스프링 스터디57]
2021-03-10 22:37:38.277 TRACE 20712 --- [    Test worker] o.h.type.descriptor.sql.BasicBinder      : binding parameter [14] as [BIGINT] - [203]
Hibernate: 
    insert 
    into
        study
        (likes, counts, full_description, level, location_id, max_count, mento_recruiting, open, published_date_time, question, recruiting, short_description, title, id) 
    values
        (?, ?, ?, ?, ?, ?, ?, ?, ?, ?, ?, ?, ?, ?)
2021-03-10 22:37:38.277 TRACE 20712 --- [    Test worker] o.h.type.descriptor.sql.BasicBinder      : binding parameter [1] as [INTEGER] - [0]
2021-03-10 22:37:38.277 TRACE 20712 --- [    Test worker] o.h.type.descriptor.sql.BasicBinder      : binding parameter [2] as [INTEGER] - [0]
2021-03-10 22:37:38.277 TRACE 20712 --- [    Test worker] o.h.type.descriptor.sql.BasicBinder      : binding parameter [3] as [VARCHAR] - [null]
2021-03-10 22:37:38.277 TRACE 20712 --- [    Test worker] o.h.type.descriptor.sql.BasicBinder      : binding parameter [4] as [INTEGER] - [null]
2021-03-10 22:37:38.277 TRACE 20712 --- [    Test worker] o.h.type.descriptor.sql.BasicBinder      : binding parameter [5] as [BIGINT] - [61]
2021-03-10 22:37:38.277 TRACE 20712 --- [    Test worker] o.h.type.descriptor.sql.BasicBinder      : binding parameter [6] as [INTEGER] - [3]
2021-03-10 22:37:38.277 TRACE 20712 --- [    Test worker] o.h.type.descriptor.sql.BasicBinder      : binding parameter [7] as [BOOLEAN] - [null]
2021-03-10 22:37:38.277 TRACE 20712 --- [    Test worker] o.h.type.descriptor.sql.BasicBinder      : binding parameter [8] as [BOOLEAN] - [true]
2021-03-10 22:37:38.277 TRACE 20712 --- [    Test worker] o.h.type.descriptor.sql.BasicBinder      : binding parameter [9] as [TIMESTAMP] - [2021-03-10T22:37:37.700039700]
2021-03-10 22:37:38.277 TRACE 20712 --- [    Test worker] o.h.type.descriptor.sql.BasicBinder      : binding parameter [10] as [VARCHAR] - [null]
2021-03-10 22:37:38.277 TRACE 20712 --- [    Test worker] o.h.type.descriptor.sql.BasicBinder      : binding parameter [11] as [BOOLEAN] - [false]
2021-03-10 22:37:38.277 TRACE 20712 --- [    Test worker] o.h.type.descriptor.sql.BasicBinder      : binding parameter [12] as [VARCHAR] - [스프링 스터디입니다]
2021-03-10 22:37:38.277 TRACE 20712 --- [    Test worker] o.h.type.descriptor.sql.BasicBinder      : binding parameter [13] as [VARCHAR] - [스프링 스터디58]
2021-03-10 22:37:38.277 TRACE 20712 --- [    Test worker] o.h.type.descriptor.sql.BasicBinder      : binding parameter [14] as [BIGINT] - [204]
Hibernate: 
    insert 
    into
        study
        (likes, counts, full_description, level, location_id, max_count, mento_recruiting, open, published_date_time, question, recruiting, short_description, title, id) 
    values
        (?, ?, ?, ?, ?, ?, ?, ?, ?, ?, ?, ?, ?, ?)
2021-03-10 22:37:38.277 TRACE 20712 --- [    Test worker] o.h.type.descriptor.sql.BasicBinder      : binding parameter [1] as [INTEGER] - [0]
2021-03-10 22:37:38.277 TRACE 20712 --- [    Test worker] o.h.type.descriptor.sql.BasicBinder      : binding parameter [2] as [INTEGER] - [0]
2021-03-10 22:37:38.277 TRACE 20712 --- [    Test worker] o.h.type.descriptor.sql.BasicBinder      : binding parameter [3] as [VARCHAR] - [null]
2021-03-10 22:37:38.277 TRACE 20712 --- [    Test worker] o.h.type.descriptor.sql.BasicBinder      : binding parameter [4] as [INTEGER] - [null]
2021-03-10 22:37:38.277 TRACE 20712 --- [    Test worker] o.h.type.descriptor.sql.BasicBinder      : binding parameter [5] as [BIGINT] - [61]
2021-03-10 22:37:38.277 TRACE 20712 --- [    Test worker] o.h.type.descriptor.sql.BasicBinder      : binding parameter [6] as [INTEGER] - [3]
2021-03-10 22:37:38.277 TRACE 20712 --- [    Test worker] o.h.type.descriptor.sql.BasicBinder      : binding parameter [7] as [BOOLEAN] - [null]
2021-03-10 22:37:38.277 TRACE 20712 --- [    Test worker] o.h.type.descriptor.sql.BasicBinder      : binding parameter [8] as [BOOLEAN] - [true]
2021-03-10 22:37:38.277 TRACE 20712 --- [    Test worker] o.h.type.descriptor.sql.BasicBinder      : binding parameter [9] as [TIMESTAMP] - [2021-03-10T22:37:37.700039700]
2021-03-10 22:37:38.277 TRACE 20712 --- [    Test worker] o.h.type.descriptor.sql.BasicBinder      : binding parameter [10] as [VARCHAR] - [null]
2021-03-10 22:37:38.277 TRACE 20712 --- [    Test worker] o.h.type.descriptor.sql.BasicBinder      : binding parameter [11] as [BOOLEAN] - [true]
2021-03-10 22:37:38.277 TRACE 20712 --- [    Test worker] o.h.type.descriptor.sql.BasicBinder      : binding parameter [12] as [VARCHAR] - [스프링 스터디입니다]
2021-03-10 22:37:38.277 TRACE 20712 --- [    Test worker] o.h.type.descriptor.sql.BasicBinder      : binding parameter [13] as [VARCHAR] - [스프링 스터디59]
2021-03-10 22:37:38.277 TRACE 20712 --- [    Test worker] o.h.type.descriptor.sql.BasicBinder      : binding parameter [14] as [BIGINT] - [205]
Hibernate: 
    insert 
    into
        study
        (likes, counts, full_description, level, location_id, max_count, mento_recruiting, open, published_date_time, question, recruiting, short_description, title, id) 
    values
        (?, ?, ?, ?, ?, ?, ?, ?, ?, ?, ?, ?, ?, ?)
2021-03-10 22:37:38.277 TRACE 20712 --- [    Test worker] o.h.type.descriptor.sql.BasicBinder      : binding parameter [1] as [INTEGER] - [0]
2021-03-10 22:37:38.277 TRACE 20712 --- [    Test worker] o.h.type.descriptor.sql.BasicBinder      : binding parameter [2] as [INTEGER] - [0]
2021-03-10 22:37:38.277 TRACE 20712 --- [    Test worker] o.h.type.descriptor.sql.BasicBinder      : binding parameter [3] as [VARCHAR] - [null]
2021-03-10 22:37:38.277 TRACE 20712 --- [    Test worker] o.h.type.descriptor.sql.BasicBinder      : binding parameter [4] as [INTEGER] - [null]
2021-03-10 22:37:38.277 TRACE 20712 --- [    Test worker] o.h.type.descriptor.sql.BasicBinder      : binding parameter [5] as [BIGINT] - [61]
2021-03-10 22:37:38.277 TRACE 20712 --- [    Test worker] o.h.type.descriptor.sql.BasicBinder      : binding parameter [6] as [INTEGER] - [3]
2021-03-10 22:37:38.277 TRACE 20712 --- [    Test worker] o.h.type.descriptor.sql.BasicBinder      : binding parameter [7] as [BOOLEAN] - [null]
2021-03-10 22:37:38.277 TRACE 20712 --- [    Test worker] o.h.type.descriptor.sql.BasicBinder      : binding parameter [8] as [BOOLEAN] - [true]
2021-03-10 22:37:38.277 TRACE 20712 --- [    Test worker] o.h.type.descriptor.sql.BasicBinder      : binding parameter [9] as [TIMESTAMP] - [2021-03-10T22:37:37.700039700]
2021-03-10 22:37:38.277 TRACE 20712 --- [    Test worker] o.h.type.descriptor.sql.BasicBinder      : binding parameter [10] as [VARCHAR] - [null]
2021-03-10 22:37:38.277 TRACE 20712 --- [    Test worker] o.h.type.descriptor.sql.BasicBinder      : binding parameter [11] as [BOOLEAN] - [false]
2021-03-10 22:37:38.277 TRACE 20712 --- [    Test worker] o.h.type.descriptor.sql.BasicBinder      : binding parameter [12] as [VARCHAR] - [스프링 스터디입니다]
2021-03-10 22:37:38.277 TRACE 20712 --- [    Test worker] o.h.type.descriptor.sql.BasicBinder      : binding parameter [13] as [VARCHAR] - [하둡 스터디60]
2021-03-10 22:37:38.277 TRACE 20712 --- [    Test worker] o.h.type.descriptor.sql.BasicBinder      : binding parameter [14] as [BIGINT] - [206]
Hibernate: 
    insert 
    into
        study
        (likes, counts, full_description, level, location_id, max_count, mento_recruiting, open, published_date_time, question, recruiting, short_description, title, id) 
    values
        (?, ?, ?, ?, ?, ?, ?, ?, ?, ?, ?, ?, ?, ?)
2021-03-10 22:37:38.277 TRACE 20712 --- [    Test worker] o.h.type.descriptor.sql.BasicBinder      : binding parameter [1] as [INTEGER] - [0]
2021-03-10 22:37:38.277 TRACE 20712 --- [    Test worker] o.h.type.descriptor.sql.BasicBinder      : binding parameter [2] as [INTEGER] - [0]
2021-03-10 22:37:38.277 TRACE 20712 --- [    Test worker] o.h.type.descriptor.sql.BasicBinder      : binding parameter [3] as [VARCHAR] - [null]
2021-03-10 22:37:38.277 TRACE 20712 --- [    Test worker] o.h.type.descriptor.sql.BasicBinder      : binding parameter [4] as [INTEGER] - [null]
2021-03-10 22:37:38.277 TRACE 20712 --- [    Test worker] o.h.type.descriptor.sql.BasicBinder      : binding parameter [5] as [BIGINT] - [61]
2021-03-10 22:37:38.277 TRACE 20712 --- [    Test worker] o.h.type.descriptor.sql.BasicBinder      : binding parameter [6] as [INTEGER] - [3]
2021-03-10 22:37:38.277 TRACE 20712 --- [    Test worker] o.h.type.descriptor.sql.BasicBinder      : binding parameter [7] as [BOOLEAN] - [null]
2021-03-10 22:37:38.277 TRACE 20712 --- [    Test worker] o.h.type.descriptor.sql.BasicBinder      : binding parameter [8] as [BOOLEAN] - [true]
2021-03-10 22:37:38.277 TRACE 20712 --- [    Test worker] o.h.type.descriptor.sql.BasicBinder      : binding parameter [9] as [TIMESTAMP] - [2021-03-10T22:37:37.700039700]
2021-03-10 22:37:38.277 TRACE 20712 --- [    Test worker] o.h.type.descriptor.sql.BasicBinder      : binding parameter [10] as [VARCHAR] - [null]
2021-03-10 22:37:38.277 TRACE 20712 --- [    Test worker] o.h.type.descriptor.sql.BasicBinder      : binding parameter [11] as [BOOLEAN] - [false]
2021-03-10 22:37:38.277 TRACE 20712 --- [    Test worker] o.h.type.descriptor.sql.BasicBinder      : binding parameter [12] as [VARCHAR] - [스프링 스터디입니다]
2021-03-10 22:37:38.277 TRACE 20712 --- [    Test worker] o.h.type.descriptor.sql.BasicBinder      : binding parameter [13] as [VARCHAR] - [스프링 스터디61]
2021-03-10 22:37:38.277 TRACE 20712 --- [    Test worker] o.h.type.descriptor.sql.BasicBinder      : binding parameter [14] as [BIGINT] - [207]
Hibernate: 
    insert 
    into
        study
        (likes, counts, full_description, level, location_id, max_count, mento_recruiting, open, published_date_time, question, recruiting, short_description, title, id) 
    values
        (?, ?, ?, ?, ?, ?, ?, ?, ?, ?, ?, ?, ?, ?)
2021-03-10 22:37:38.277 TRACE 20712 --- [    Test worker] o.h.type.descriptor.sql.BasicBinder      : binding parameter [1] as [INTEGER] - [0]
2021-03-10 22:37:38.277 TRACE 20712 --- [    Test worker] o.h.type.descriptor.sql.BasicBinder      : binding parameter [2] as [INTEGER] - [0]
2021-03-10 22:37:38.277 TRACE 20712 --- [    Test worker] o.h.type.descriptor.sql.BasicBinder      : binding parameter [3] as [VARCHAR] - [null]
2021-03-10 22:37:38.277 TRACE 20712 --- [    Test worker] o.h.type.descriptor.sql.BasicBinder      : binding parameter [4] as [INTEGER] - [null]
2021-03-10 22:37:38.277 TRACE 20712 --- [    Test worker] o.h.type.descriptor.sql.BasicBinder      : binding parameter [5] as [BIGINT] - [61]
2021-03-10 22:37:38.277 TRACE 20712 --- [    Test worker] o.h.type.descriptor.sql.BasicBinder      : binding parameter [6] as [INTEGER] - [3]
2021-03-10 22:37:38.277 TRACE 20712 --- [    Test worker] o.h.type.descriptor.sql.BasicBinder      : binding parameter [7] as [BOOLEAN] - [null]
2021-03-10 22:37:38.277 TRACE 20712 --- [    Test worker] o.h.type.descriptor.sql.BasicBinder      : binding parameter [8] as [BOOLEAN] - [true]
2021-03-10 22:37:38.277 TRACE 20712 --- [    Test worker] o.h.type.descriptor.sql.BasicBinder      : binding parameter [9] as [TIMESTAMP] - [2021-03-10T22:37:37.715669300]
2021-03-10 22:37:38.277 TRACE 20712 --- [    Test worker] o.h.type.descriptor.sql.BasicBinder      : binding parameter [10] as [VARCHAR] - [null]
2021-03-10 22:37:38.277 TRACE 20712 --- [    Test worker] o.h.type.descriptor.sql.BasicBinder      : binding parameter [11] as [BOOLEAN] - [false]
2021-03-10 22:37:38.277 TRACE 20712 --- [    Test worker] o.h.type.descriptor.sql.BasicBinder      : binding parameter [12] as [VARCHAR] - [스프링 스터디입니다]
2021-03-10 22:37:38.277 TRACE 20712 --- [    Test worker] o.h.type.descriptor.sql.BasicBinder      : binding parameter [13] as [VARCHAR] - [자바 스터디62]
2021-03-10 22:37:38.277 TRACE 20712 --- [    Test worker] o.h.type.descriptor.sql.BasicBinder      : binding parameter [14] as [BIGINT] - [208]
Hibernate: 
    insert 
    into
        study
        (likes, counts, full_description, level, location_id, max_count, mento_recruiting, open, published_date_time, question, recruiting, short_description, title, id) 
    values
        (?, ?, ?, ?, ?, ?, ?, ?, ?, ?, ?, ?, ?, ?)
2021-03-10 22:37:38.277 TRACE 20712 --- [    Test worker] o.h.type.descriptor.sql.BasicBinder      : binding parameter [1] as [INTEGER] - [0]
2021-03-10 22:37:38.277 TRACE 20712 --- [    Test worker] o.h.type.descriptor.sql.BasicBinder      : binding parameter [2] as [INTEGER] - [0]
2021-03-10 22:37:38.277 TRACE 20712 --- [    Test worker] o.h.type.descriptor.sql.BasicBinder      : binding parameter [3] as [VARCHAR] - [null]
2021-03-10 22:37:38.277 TRACE 20712 --- [    Test worker] o.h.type.descriptor.sql.BasicBinder      : binding parameter [4] as [INTEGER] - [null]
2021-03-10 22:37:38.277 TRACE 20712 --- [    Test worker] o.h.type.descriptor.sql.BasicBinder      : binding parameter [5] as [BIGINT] - [61]
2021-03-10 22:37:38.277 TRACE 20712 --- [    Test worker] o.h.type.descriptor.sql.BasicBinder      : binding parameter [6] as [INTEGER] - [3]
2021-03-10 22:37:38.277 TRACE 20712 --- [    Test worker] o.h.type.descriptor.sql.BasicBinder      : binding parameter [7] as [BOOLEAN] - [null]
2021-03-10 22:37:38.277 TRACE 20712 --- [    Test worker] o.h.type.descriptor.sql.BasicBinder      : binding parameter [8] as [BOOLEAN] - [true]
2021-03-10 22:37:38.277 TRACE 20712 --- [    Test worker] o.h.type.descriptor.sql.BasicBinder      : binding parameter [9] as [TIMESTAMP] - [2021-03-10T22:37:37.715669300]
2021-03-10 22:37:38.277 TRACE 20712 --- [    Test worker] o.h.type.descriptor.sql.BasicBinder      : binding parameter [10] as [VARCHAR] - [null]
2021-03-10 22:37:38.277 TRACE 20712 --- [    Test worker] o.h.type.descriptor.sql.BasicBinder      : binding parameter [11] as [BOOLEAN] - [true]
2021-03-10 22:37:38.277 TRACE 20712 --- [    Test worker] o.h.type.descriptor.sql.BasicBinder      : binding parameter [12] as [VARCHAR] - [스프링 스터디입니다]
2021-03-10 22:37:38.277 TRACE 20712 --- [    Test worker] o.h.type.descriptor.sql.BasicBinder      : binding parameter [13] as [VARCHAR] - [하둡 스터디63]
2021-03-10 22:37:38.277 TRACE 20712 --- [    Test worker] o.h.type.descriptor.sql.BasicBinder      : binding parameter [14] as [BIGINT] - [209]
Hibernate: 
    insert 
    into
        study
        (likes, counts, full_description, level, location_id, max_count, mento_recruiting, open, published_date_time, question, recruiting, short_description, title, id) 
    values
        (?, ?, ?, ?, ?, ?, ?, ?, ?, ?, ?, ?, ?, ?)
2021-03-10 22:37:38.277 TRACE 20712 --- [    Test worker] o.h.type.descriptor.sql.BasicBinder      : binding parameter [1] as [INTEGER] - [0]
2021-03-10 22:37:38.277 TRACE 20712 --- [    Test worker] o.h.type.descriptor.sql.BasicBinder      : binding parameter [2] as [INTEGER] - [0]
2021-03-10 22:37:38.277 TRACE 20712 --- [    Test worker] o.h.type.descriptor.sql.BasicBinder      : binding parameter [3] as [VARCHAR] - [null]
2021-03-10 22:37:38.277 TRACE 20712 --- [    Test worker] o.h.type.descriptor.sql.BasicBinder      : binding parameter [4] as [INTEGER] - [null]
2021-03-10 22:37:38.277 TRACE 20712 --- [    Test worker] o.h.type.descriptor.sql.BasicBinder      : binding parameter [5] as [BIGINT] - [61]
2021-03-10 22:37:38.277 TRACE 20712 --- [    Test worker] o.h.type.descriptor.sql.BasicBinder      : binding parameter [6] as [INTEGER] - [3]
2021-03-10 22:37:38.277 TRACE 20712 --- [    Test worker] o.h.type.descriptor.sql.BasicBinder      : binding parameter [7] as [BOOLEAN] - [null]
2021-03-10 22:37:38.277 TRACE 20712 --- [    Test worker] o.h.type.descriptor.sql.BasicBinder      : binding parameter [8] as [BOOLEAN] - [true]
2021-03-10 22:37:38.277 TRACE 20712 --- [    Test worker] o.h.type.descriptor.sql.BasicBinder      : binding parameter [9] as [TIMESTAMP] - [2021-03-10T22:37:37.715669300]
2021-03-10 22:37:38.277 TRACE 20712 --- [    Test worker] o.h.type.descriptor.sql.BasicBinder      : binding parameter [10] as [VARCHAR] - [null]
2021-03-10 22:37:38.277 TRACE 20712 --- [    Test worker] o.h.type.descriptor.sql.BasicBinder      : binding parameter [11] as [BOOLEAN] - [true]
2021-03-10 22:37:38.277 TRACE 20712 --- [    Test worker] o.h.type.descriptor.sql.BasicBinder      : binding parameter [12] as [VARCHAR] - [스프링 스터디입니다]
2021-03-10 22:37:38.277 TRACE 20712 --- [    Test worker] o.h.type.descriptor.sql.BasicBinder      : binding parameter [13] as [VARCHAR] - [하둡 스터디64]
2021-03-10 22:37:38.277 TRACE 20712 --- [    Test worker] o.h.type.descriptor.sql.BasicBinder      : binding parameter [14] as [BIGINT] - [210]
Hibernate: 
    insert 
    into
        study
        (likes, counts, full_description, level, location_id, max_count, mento_recruiting, open, published_date_time, question, recruiting, short_description, title, id) 
    values
        (?, ?, ?, ?, ?, ?, ?, ?, ?, ?, ?, ?, ?, ?)
2021-03-10 22:37:38.277 TRACE 20712 --- [    Test worker] o.h.type.descriptor.sql.BasicBinder      : binding parameter [1] as [INTEGER] - [0]
2021-03-10 22:37:38.277 TRACE 20712 --- [    Test worker] o.h.type.descriptor.sql.BasicBinder      : binding parameter [2] as [INTEGER] - [0]
2021-03-10 22:37:38.277 TRACE 20712 --- [    Test worker] o.h.type.descriptor.sql.BasicBinder      : binding parameter [3] as [VARCHAR] - [null]
2021-03-10 22:37:38.277 TRACE 20712 --- [    Test worker] o.h.type.descriptor.sql.BasicBinder      : binding parameter [4] as [INTEGER] - [null]
2021-03-10 22:37:38.277 TRACE 20712 --- [    Test worker] o.h.type.descriptor.sql.BasicBinder      : binding parameter [5] as [BIGINT] - [61]
2021-03-10 22:37:38.277 TRACE 20712 --- [    Test worker] o.h.type.descriptor.sql.BasicBinder      : binding parameter [6] as [INTEGER] - [3]
2021-03-10 22:37:38.277 TRACE 20712 --- [    Test worker] o.h.type.descriptor.sql.BasicBinder      : binding parameter [7] as [BOOLEAN] - [null]
2021-03-10 22:37:38.277 TRACE 20712 --- [    Test worker] o.h.type.descriptor.sql.BasicBinder      : binding parameter [8] as [BOOLEAN] - [true]
2021-03-10 22:37:38.277 TRACE 20712 --- [    Test worker] o.h.type.descriptor.sql.BasicBinder      : binding parameter [9] as [TIMESTAMP] - [2021-03-10T22:37:37.715669300]
2021-03-10 22:37:38.277 TRACE 20712 --- [    Test worker] o.h.type.descriptor.sql.BasicBinder      : binding parameter [10] as [VARCHAR] - [null]
2021-03-10 22:37:38.277 TRACE 20712 --- [    Test worker] o.h.type.descriptor.sql.BasicBinder      : binding parameter [11] as [BOOLEAN] - [true]
2021-03-10 22:37:38.277 TRACE 20712 --- [    Test worker] o.h.type.descriptor.sql.BasicBinder      : binding parameter [12] as [VARCHAR] - [스프링 스터디입니다]
2021-03-10 22:37:38.277 TRACE 20712 --- [    Test worker] o.h.type.descriptor.sql.BasicBinder      : binding parameter [13] as [VARCHAR] - [인공지능 스터디65]
2021-03-10 22:37:38.277 TRACE 20712 --- [    Test worker] o.h.type.descriptor.sql.BasicBinder      : binding parameter [14] as [BIGINT] - [211]
Hibernate: 
    insert 
    into
        study
        (likes, counts, full_description, level, location_id, max_count, mento_recruiting, open, published_date_time, question, recruiting, short_description, title, id) 
    values
        (?, ?, ?, ?, ?, ?, ?, ?, ?, ?, ?, ?, ?, ?)
2021-03-10 22:37:38.277 TRACE 20712 --- [    Test worker] o.h.type.descriptor.sql.BasicBinder      : binding parameter [1] as [INTEGER] - [0]
2021-03-10 22:37:38.277 TRACE 20712 --- [    Test worker] o.h.type.descriptor.sql.BasicBinder      : binding parameter [2] as [INTEGER] - [0]
2021-03-10 22:37:38.277 TRACE 20712 --- [    Test worker] o.h.type.descriptor.sql.BasicBinder      : binding parameter [3] as [VARCHAR] - [null]
2021-03-10 22:37:38.277 TRACE 20712 --- [    Test worker] o.h.type.descriptor.sql.BasicBinder      : binding parameter [4] as [INTEGER] - [null]
2021-03-10 22:37:38.277 TRACE 20712 --- [    Test worker] o.h.type.descriptor.sql.BasicBinder      : binding parameter [5] as [BIGINT] - [61]
2021-03-10 22:37:38.277 TRACE 20712 --- [    Test worker] o.h.type.descriptor.sql.BasicBinder      : binding parameter [6] as [INTEGER] - [3]
2021-03-10 22:37:38.277 TRACE 20712 --- [    Test worker] o.h.type.descriptor.sql.BasicBinder      : binding parameter [7] as [BOOLEAN] - [null]
2021-03-10 22:37:38.277 TRACE 20712 --- [    Test worker] o.h.type.descriptor.sql.BasicBinder      : binding parameter [8] as [BOOLEAN] - [true]
2021-03-10 22:37:38.277 TRACE 20712 --- [    Test worker] o.h.type.descriptor.sql.BasicBinder      : binding parameter [9] as [TIMESTAMP] - [2021-03-10T22:37:37.731294]
2021-03-10 22:37:38.277 TRACE 20712 --- [    Test worker] o.h.type.descriptor.sql.BasicBinder      : binding parameter [10] as [VARCHAR] - [null]
2021-03-10 22:37:38.277 TRACE 20712 --- [    Test worker] o.h.type.descriptor.sql.BasicBinder      : binding parameter [11] as [BOOLEAN] - [false]
2021-03-10 22:37:38.277 TRACE 20712 --- [    Test worker] o.h.type.descriptor.sql.BasicBinder      : binding parameter [12] as [VARCHAR] - [스프링 스터디입니다]
2021-03-10 22:37:38.277 TRACE 20712 --- [    Test worker] o.h.type.descriptor.sql.BasicBinder      : binding parameter [13] as [VARCHAR] - [자바 스터디66]
2021-03-10 22:37:38.277 TRACE 20712 --- [    Test worker] o.h.type.descriptor.sql.BasicBinder      : binding parameter [14] as [BIGINT] - [212]
Hibernate: 
    insert 
    into
        study
        (likes, counts, full_description, level, location_id, max_count, mento_recruiting, open, published_date_time, question, recruiting, short_description, title, id) 
    values
        (?, ?, ?, ?, ?, ?, ?, ?, ?, ?, ?, ?, ?, ?)
2021-03-10 22:37:38.277 TRACE 20712 --- [    Test worker] o.h.type.descriptor.sql.BasicBinder      : binding parameter [1] as [INTEGER] - [0]
2021-03-10 22:37:38.277 TRACE 20712 --- [    Test worker] o.h.type.descriptor.sql.BasicBinder      : binding parameter [2] as [INTEGER] - [0]
2021-03-10 22:37:38.277 TRACE 20712 --- [    Test worker] o.h.type.descriptor.sql.BasicBinder      : binding parameter [3] as [VARCHAR] - [null]
2021-03-10 22:37:38.277 TRACE 20712 --- [    Test worker] o.h.type.descriptor.sql.BasicBinder      : binding parameter [4] as [INTEGER] - [null]
2021-03-10 22:37:38.277 TRACE 20712 --- [    Test worker] o.h.type.descriptor.sql.BasicBinder      : binding parameter [5] as [BIGINT] - [61]
2021-03-10 22:37:38.277 TRACE 20712 --- [    Test worker] o.h.type.descriptor.sql.BasicBinder      : binding parameter [6] as [INTEGER] - [3]
2021-03-10 22:37:38.277 TRACE 20712 --- [    Test worker] o.h.type.descriptor.sql.BasicBinder      : binding parameter [7] as [BOOLEAN] - [null]
2021-03-10 22:37:38.277 TRACE 20712 --- [    Test worker] o.h.type.descriptor.sql.BasicBinder      : binding parameter [8] as [BOOLEAN] - [true]
2021-03-10 22:37:38.277 TRACE 20712 --- [    Test worker] o.h.type.descriptor.sql.BasicBinder      : binding parameter [9] as [TIMESTAMP] - [2021-03-10T22:37:37.731294]
2021-03-10 22:37:38.277 TRACE 20712 --- [    Test worker] o.h.type.descriptor.sql.BasicBinder      : binding parameter [10] as [VARCHAR] - [null]
2021-03-10 22:37:38.277 TRACE 20712 --- [    Test worker] o.h.type.descriptor.sql.BasicBinder      : binding parameter [11] as [BOOLEAN] - [true]
2021-03-10 22:37:38.277 TRACE 20712 --- [    Test worker] o.h.type.descriptor.sql.BasicBinder      : binding parameter [12] as [VARCHAR] - [스프링 스터디입니다]
2021-03-10 22:37:38.277 TRACE 20712 --- [    Test worker] o.h.type.descriptor.sql.BasicBinder      : binding parameter [13] as [VARCHAR] - [스프링 스터디67]
2021-03-10 22:37:38.277 TRACE 20712 --- [    Test worker] o.h.type.descriptor.sql.BasicBinder      : binding parameter [14] as [BIGINT] - [213]
Hibernate: 
    insert 
    into
        study
        (likes, counts, full_description, level, location_id, max_count, mento_recruiting, open, published_date_time, question, recruiting, short_description, title, id) 
    values
        (?, ?, ?, ?, ?, ?, ?, ?, ?, ?, ?, ?, ?, ?)
2021-03-10 22:37:38.277 TRACE 20712 --- [    Test worker] o.h.type.descriptor.sql.BasicBinder      : binding parameter [1] as [INTEGER] - [0]
2021-03-10 22:37:38.277 TRACE 20712 --- [    Test worker] o.h.type.descriptor.sql.BasicBinder      : binding parameter [2] as [INTEGER] - [0]
2021-03-10 22:37:38.277 TRACE 20712 --- [    Test worker] o.h.type.descriptor.sql.BasicBinder      : binding parameter [3] as [VARCHAR] - [null]
2021-03-10 22:37:38.277 TRACE 20712 --- [    Test worker] o.h.type.descriptor.sql.BasicBinder      : binding parameter [4] as [INTEGER] - [null]
2021-03-10 22:37:38.277 TRACE 20712 --- [    Test worker] o.h.type.descriptor.sql.BasicBinder      : binding parameter [5] as [BIGINT] - [61]
2021-03-10 22:37:38.277 TRACE 20712 --- [    Test worker] o.h.type.descriptor.sql.BasicBinder      : binding parameter [6] as [INTEGER] - [3]
2021-03-10 22:37:38.277 TRACE 20712 --- [    Test worker] o.h.type.descriptor.sql.BasicBinder      : binding parameter [7] as [BOOLEAN] - [null]
2021-03-10 22:37:38.277 TRACE 20712 --- [    Test worker] o.h.type.descriptor.sql.BasicBinder      : binding parameter [8] as [BOOLEAN] - [true]
2021-03-10 22:37:38.277 TRACE 20712 --- [    Test worker] o.h.type.descriptor.sql.BasicBinder      : binding parameter [9] as [TIMESTAMP] - [2021-03-10T22:37:37.731294]
2021-03-10 22:37:38.277 TRACE 20712 --- [    Test worker] o.h.type.descriptor.sql.BasicBinder      : binding parameter [10] as [VARCHAR] - [null]
2021-03-10 22:37:38.277 TRACE 20712 --- [    Test worker] o.h.type.descriptor.sql.BasicBinder      : binding parameter [11] as [BOOLEAN] - [true]
2021-03-10 22:37:38.277 TRACE 20712 --- [    Test worker] o.h.type.descriptor.sql.BasicBinder      : binding parameter [12] as [VARCHAR] - [스프링 스터디입니다]
2021-03-10 22:37:38.277 TRACE 20712 --- [    Test worker] o.h.type.descriptor.sql.BasicBinder      : binding parameter [13] as [VARCHAR] - [하둡 스터디68]
2021-03-10 22:37:38.277 TRACE 20712 --- [    Test worker] o.h.type.descriptor.sql.BasicBinder      : binding parameter [14] as [BIGINT] - [214]
Hibernate: 
    insert 
    into
        study
        (likes, counts, full_description, level, location_id, max_count, mento_recruiting, open, published_date_time, question, recruiting, short_description, title, id) 
    values
        (?, ?, ?, ?, ?, ?, ?, ?, ?, ?, ?, ?, ?, ?)
2021-03-10 22:37:38.277 TRACE 20712 --- [    Test worker] o.h.type.descriptor.sql.BasicBinder      : binding parameter [1] as [INTEGER] - [0]
2021-03-10 22:37:38.277 TRACE 20712 --- [    Test worker] o.h.type.descriptor.sql.BasicBinder      : binding parameter [2] as [INTEGER] - [0]
2021-03-10 22:37:38.277 TRACE 20712 --- [    Test worker] o.h.type.descriptor.sql.BasicBinder      : binding parameter [3] as [VARCHAR] - [null]
2021-03-10 22:37:38.277 TRACE 20712 --- [    Test worker] o.h.type.descriptor.sql.BasicBinder      : binding parameter [4] as [INTEGER] - [null]
2021-03-10 22:37:38.277 TRACE 20712 --- [    Test worker] o.h.type.descriptor.sql.BasicBinder      : binding parameter [5] as [BIGINT] - [61]
2021-03-10 22:37:38.277 TRACE 20712 --- [    Test worker] o.h.type.descriptor.sql.BasicBinder      : binding parameter [6] as [INTEGER] - [3]
2021-03-10 22:37:38.292 TRACE 20712 --- [    Test worker] o.h.type.descriptor.sql.BasicBinder      : binding parameter [7] as [BOOLEAN] - [null]
2021-03-10 22:37:38.292 TRACE 20712 --- [    Test worker] o.h.type.descriptor.sql.BasicBinder      : binding parameter [8] as [BOOLEAN] - [true]
2021-03-10 22:37:38.292 TRACE 20712 --- [    Test worker] o.h.type.descriptor.sql.BasicBinder      : binding parameter [9] as [TIMESTAMP] - [2021-03-10T22:37:37.746920500]
2021-03-10 22:37:38.292 TRACE 20712 --- [    Test worker] o.h.type.descriptor.sql.BasicBinder      : binding parameter [10] as [VARCHAR] - [null]
2021-03-10 22:37:38.292 TRACE 20712 --- [    Test worker] o.h.type.descriptor.sql.BasicBinder      : binding parameter [11] as [BOOLEAN] - [true]
2021-03-10 22:37:38.292 TRACE 20712 --- [    Test worker] o.h.type.descriptor.sql.BasicBinder      : binding parameter [12] as [VARCHAR] - [스프링 스터디입니다]
2021-03-10 22:37:38.292 TRACE 20712 --- [    Test worker] o.h.type.descriptor.sql.BasicBinder      : binding parameter [13] as [VARCHAR] - [하둡 스터디69]
2021-03-10 22:37:38.292 TRACE 20712 --- [    Test worker] o.h.type.descriptor.sql.BasicBinder      : binding parameter [14] as [BIGINT] - [215]
Hibernate: 
    insert 
    into
        study
        (likes, counts, full_description, level, location_id, max_count, mento_recruiting, open, published_date_time, question, recruiting, short_description, title, id) 
    values
        (?, ?, ?, ?, ?, ?, ?, ?, ?, ?, ?, ?, ?, ?)
2021-03-10 22:37:38.292 TRACE 20712 --- [    Test worker] o.h.type.descriptor.sql.BasicBinder      : binding parameter [1] as [INTEGER] - [0]
2021-03-10 22:37:38.292 TRACE 20712 --- [    Test worker] o.h.type.descriptor.sql.BasicBinder      : binding parameter [2] as [INTEGER] - [0]
2021-03-10 22:37:38.292 TRACE 20712 --- [    Test worker] o.h.type.descriptor.sql.BasicBinder      : binding parameter [3] as [VARCHAR] - [null]
2021-03-10 22:37:38.292 TRACE 20712 --- [    Test worker] o.h.type.descriptor.sql.BasicBinder      : binding parameter [4] as [INTEGER] - [null]
2021-03-10 22:37:38.292 TRACE 20712 --- [    Test worker] o.h.type.descriptor.sql.BasicBinder      : binding parameter [5] as [BIGINT] - [61]
2021-03-10 22:37:38.292 TRACE 20712 --- [    Test worker] o.h.type.descriptor.sql.BasicBinder      : binding parameter [6] as [INTEGER] - [3]
2021-03-10 22:37:38.292 TRACE 20712 --- [    Test worker] o.h.type.descriptor.sql.BasicBinder      : binding parameter [7] as [BOOLEAN] - [null]
2021-03-10 22:37:38.292 TRACE 20712 --- [    Test worker] o.h.type.descriptor.sql.BasicBinder      : binding parameter [8] as [BOOLEAN] - [true]
2021-03-10 22:37:38.292 TRACE 20712 --- [    Test worker] o.h.type.descriptor.sql.BasicBinder      : binding parameter [9] as [TIMESTAMP] - [2021-03-10T22:37:37.746920500]
2021-03-10 22:37:38.292 TRACE 20712 --- [    Test worker] o.h.type.descriptor.sql.BasicBinder      : binding parameter [10] as [VARCHAR] - [null]
2021-03-10 22:37:38.292 TRACE 20712 --- [    Test worker] o.h.type.descriptor.sql.BasicBinder      : binding parameter [11] as [BOOLEAN] - [true]
2021-03-10 22:37:38.292 TRACE 20712 --- [    Test worker] o.h.type.descriptor.sql.BasicBinder      : binding parameter [12] as [VARCHAR] - [스프링 스터디입니다]
2021-03-10 22:37:38.292 TRACE 20712 --- [    Test worker] o.h.type.descriptor.sql.BasicBinder      : binding parameter [13] as [VARCHAR] - [하둡 스터디70]
2021-03-10 22:37:38.292 TRACE 20712 --- [    Test worker] o.h.type.descriptor.sql.BasicBinder      : binding parameter [14] as [BIGINT] - [216]
Hibernate: 
    insert 
    into
        study
        (likes, counts, full_description, level, location_id, max_count, mento_recruiting, open, published_date_time, question, recruiting, short_description, title, id) 
    values
        (?, ?, ?, ?, ?, ?, ?, ?, ?, ?, ?, ?, ?, ?)
2021-03-10 22:37:38.292 TRACE 20712 --- [    Test worker] o.h.type.descriptor.sql.BasicBinder      : binding parameter [1] as [INTEGER] - [0]
2021-03-10 22:37:38.292 TRACE 20712 --- [    Test worker] o.h.type.descriptor.sql.BasicBinder      : binding parameter [2] as [INTEGER] - [0]
2021-03-10 22:37:38.292 TRACE 20712 --- [    Test worker] o.h.type.descriptor.sql.BasicBinder      : binding parameter [3] as [VARCHAR] - [null]
2021-03-10 22:37:38.292 TRACE 20712 --- [    Test worker] o.h.type.descriptor.sql.BasicBinder      : binding parameter [4] as [INTEGER] - [null]
2021-03-10 22:37:38.292 TRACE 20712 --- [    Test worker] o.h.type.descriptor.sql.BasicBinder      : binding parameter [5] as [BIGINT] - [61]
2021-03-10 22:37:38.292 TRACE 20712 --- [    Test worker] o.h.type.descriptor.sql.BasicBinder      : binding parameter [6] as [INTEGER] - [3]
2021-03-10 22:37:38.292 TRACE 20712 --- [    Test worker] o.h.type.descriptor.sql.BasicBinder      : binding parameter [7] as [BOOLEAN] - [null]
2021-03-10 22:37:38.292 TRACE 20712 --- [    Test worker] o.h.type.descriptor.sql.BasicBinder      : binding parameter [8] as [BOOLEAN] - [true]
2021-03-10 22:37:38.292 TRACE 20712 --- [    Test worker] o.h.type.descriptor.sql.BasicBinder      : binding parameter [9] as [TIMESTAMP] - [2021-03-10T22:37:37.746920500]
2021-03-10 22:37:38.292 TRACE 20712 --- [    Test worker] o.h.type.descriptor.sql.BasicBinder      : binding parameter [10] as [VARCHAR] - [null]
2021-03-10 22:37:38.292 TRACE 20712 --- [    Test worker] o.h.type.descriptor.sql.BasicBinder      : binding parameter [11] as [BOOLEAN] - [false]
2021-03-10 22:37:38.292 TRACE 20712 --- [    Test worker] o.h.type.descriptor.sql.BasicBinder      : binding parameter [12] as [VARCHAR] - [스프링 스터디입니다]
2021-03-10 22:37:38.292 TRACE 20712 --- [    Test worker] o.h.type.descriptor.sql.BasicBinder      : binding parameter [13] as [VARCHAR] - [하둡 스터디71]
2021-03-10 22:37:38.292 TRACE 20712 --- [    Test worker] o.h.type.descriptor.sql.BasicBinder      : binding parameter [14] as [BIGINT] - [217]
Hibernate: 
    insert 
    into
        study
        (likes, counts, full_description, level, location_id, max_count, mento_recruiting, open, published_date_time, question, recruiting, short_description, title, id) 
    values
        (?, ?, ?, ?, ?, ?, ?, ?, ?, ?, ?, ?, ?, ?)
2021-03-10 22:37:38.292 TRACE 20712 --- [    Test worker] o.h.type.descriptor.sql.BasicBinder      : binding parameter [1] as [INTEGER] - [0]
2021-03-10 22:37:38.292 TRACE 20712 --- [    Test worker] o.h.type.descriptor.sql.BasicBinder      : binding parameter [2] as [INTEGER] - [0]
2021-03-10 22:37:38.292 TRACE 20712 --- [    Test worker] o.h.type.descriptor.sql.BasicBinder      : binding parameter [3] as [VARCHAR] - [null]
2021-03-10 22:37:38.292 TRACE 20712 --- [    Test worker] o.h.type.descriptor.sql.BasicBinder      : binding parameter [4] as [INTEGER] - [null]
2021-03-10 22:37:38.292 TRACE 20712 --- [    Test worker] o.h.type.descriptor.sql.BasicBinder      : binding parameter [5] as [BIGINT] - [61]
2021-03-10 22:37:38.292 TRACE 20712 --- [    Test worker] o.h.type.descriptor.sql.BasicBinder      : binding parameter [6] as [INTEGER] - [3]
2021-03-10 22:37:38.292 TRACE 20712 --- [    Test worker] o.h.type.descriptor.sql.BasicBinder      : binding parameter [7] as [BOOLEAN] - [null]
2021-03-10 22:37:38.292 TRACE 20712 --- [    Test worker] o.h.type.descriptor.sql.BasicBinder      : binding parameter [8] as [BOOLEAN] - [true]
2021-03-10 22:37:38.292 TRACE 20712 --- [    Test worker] o.h.type.descriptor.sql.BasicBinder      : binding parameter [9] as [TIMESTAMP] - [2021-03-10T22:37:37.746920500]
2021-03-10 22:37:38.292 TRACE 20712 --- [    Test worker] o.h.type.descriptor.sql.BasicBinder      : binding parameter [10] as [VARCHAR] - [null]
2021-03-10 22:37:38.292 TRACE 20712 --- [    Test worker] o.h.type.descriptor.sql.BasicBinder      : binding parameter [11] as [BOOLEAN] - [true]
2021-03-10 22:37:38.292 TRACE 20712 --- [    Test worker] o.h.type.descriptor.sql.BasicBinder      : binding parameter [12] as [VARCHAR] - [스프링 스터디입니다]
2021-03-10 22:37:38.292 TRACE 20712 --- [    Test worker] o.h.type.descriptor.sql.BasicBinder      : binding parameter [13] as [VARCHAR] - [하둡 스터디72]
2021-03-10 22:37:38.292 TRACE 20712 --- [    Test worker] o.h.type.descriptor.sql.BasicBinder      : binding parameter [14] as [BIGINT] - [218]
Hibernate: 
    insert 
    into
        study
        (likes, counts, full_description, level, location_id, max_count, mento_recruiting, open, published_date_time, question, recruiting, short_description, title, id) 
    values
        (?, ?, ?, ?, ?, ?, ?, ?, ?, ?, ?, ?, ?, ?)
2021-03-10 22:37:38.292 TRACE 20712 --- [    Test worker] o.h.type.descriptor.sql.BasicBinder      : binding parameter [1] as [INTEGER] - [0]
2021-03-10 22:37:38.292 TRACE 20712 --- [    Test worker] o.h.type.descriptor.sql.BasicBinder      : binding parameter [2] as [INTEGER] - [0]
2021-03-10 22:37:38.292 TRACE 20712 --- [    Test worker] o.h.type.descriptor.sql.BasicBinder      : binding parameter [3] as [VARCHAR] - [null]
2021-03-10 22:37:38.292 TRACE 20712 --- [    Test worker] o.h.type.descriptor.sql.BasicBinder      : binding parameter [4] as [INTEGER] - [null]
2021-03-10 22:37:38.292 TRACE 20712 --- [    Test worker] o.h.type.descriptor.sql.BasicBinder      : binding parameter [5] as [BIGINT] - [61]
2021-03-10 22:37:38.292 TRACE 20712 --- [    Test worker] o.h.type.descriptor.sql.BasicBinder      : binding parameter [6] as [INTEGER] - [3]
2021-03-10 22:37:38.292 TRACE 20712 --- [    Test worker] o.h.type.descriptor.sql.BasicBinder      : binding parameter [7] as [BOOLEAN] - [null]
2021-03-10 22:37:38.292 TRACE 20712 --- [    Test worker] o.h.type.descriptor.sql.BasicBinder      : binding parameter [8] as [BOOLEAN] - [true]
2021-03-10 22:37:38.292 TRACE 20712 --- [    Test worker] o.h.type.descriptor.sql.BasicBinder      : binding parameter [9] as [TIMESTAMP] - [2021-03-10T22:37:37.762547300]
2021-03-10 22:37:38.292 TRACE 20712 --- [    Test worker] o.h.type.descriptor.sql.BasicBinder      : binding parameter [10] as [VARCHAR] - [null]
2021-03-10 22:37:38.292 TRACE 20712 --- [    Test worker] o.h.type.descriptor.sql.BasicBinder      : binding parameter [11] as [BOOLEAN] - [true]
2021-03-10 22:37:38.292 TRACE 20712 --- [    Test worker] o.h.type.descriptor.sql.BasicBinder      : binding parameter [12] as [VARCHAR] - [스프링 스터디입니다]
2021-03-10 22:37:38.292 TRACE 20712 --- [    Test worker] o.h.type.descriptor.sql.BasicBinder      : binding parameter [13] as [VARCHAR] - [인공지능 스터디73]
2021-03-10 22:37:38.292 TRACE 20712 --- [    Test worker] o.h.type.descriptor.sql.BasicBinder      : binding parameter [14] as [BIGINT] - [219]
Hibernate: 
    insert 
    into
        study
        (likes, counts, full_description, level, location_id, max_count, mento_recruiting, open, published_date_time, question, recruiting, short_description, title, id) 
    values
        (?, ?, ?, ?, ?, ?, ?, ?, ?, ?, ?, ?, ?, ?)
2021-03-10 22:37:38.292 TRACE 20712 --- [    Test worker] o.h.type.descriptor.sql.BasicBinder      : binding parameter [1] as [INTEGER] - [0]
2021-03-10 22:37:38.292 TRACE 20712 --- [    Test worker] o.h.type.descriptor.sql.BasicBinder      : binding parameter [2] as [INTEGER] - [0]
2021-03-10 22:37:38.292 TRACE 20712 --- [    Test worker] o.h.type.descriptor.sql.BasicBinder      : binding parameter [3] as [VARCHAR] - [null]
2021-03-10 22:37:38.292 TRACE 20712 --- [    Test worker] o.h.type.descriptor.sql.BasicBinder      : binding parameter [4] as [INTEGER] - [null]
2021-03-10 22:37:38.292 TRACE 20712 --- [    Test worker] o.h.type.descriptor.sql.BasicBinder      : binding parameter [5] as [BIGINT] - [61]
2021-03-10 22:37:38.292 TRACE 20712 --- [    Test worker] o.h.type.descriptor.sql.BasicBinder      : binding parameter [6] as [INTEGER] - [3]
2021-03-10 22:37:38.292 TRACE 20712 --- [    Test worker] o.h.type.descriptor.sql.BasicBinder      : binding parameter [7] as [BOOLEAN] - [null]
2021-03-10 22:37:38.292 TRACE 20712 --- [    Test worker] o.h.type.descriptor.sql.BasicBinder      : binding parameter [8] as [BOOLEAN] - [true]
2021-03-10 22:37:38.292 TRACE 20712 --- [    Test worker] o.h.type.descriptor.sql.BasicBinder      : binding parameter [9] as [TIMESTAMP] - [2021-03-10T22:37:37.762547300]
2021-03-10 22:37:38.292 TRACE 20712 --- [    Test worker] o.h.type.descriptor.sql.BasicBinder      : binding parameter [10] as [VARCHAR] - [null]
2021-03-10 22:37:38.292 TRACE 20712 --- [    Test worker] o.h.type.descriptor.sql.BasicBinder      : binding parameter [11] as [BOOLEAN] - [true]
2021-03-10 22:37:38.292 TRACE 20712 --- [    Test worker] o.h.type.descriptor.sql.BasicBinder      : binding parameter [12] as [VARCHAR] - [스프링 스터디입니다]
2021-03-10 22:37:38.292 TRACE 20712 --- [    Test worker] o.h.type.descriptor.sql.BasicBinder      : binding parameter [13] as [VARCHAR] - [자바 스터디74]
2021-03-10 22:37:38.292 TRACE 20712 --- [    Test worker] o.h.type.descriptor.sql.BasicBinder      : binding parameter [14] as [BIGINT] - [220]
Hibernate: 
    insert 
    into
        study
        (likes, counts, full_description, level, location_id, max_count, mento_recruiting, open, published_date_time, question, recruiting, short_description, title, id) 
    values
        (?, ?, ?, ?, ?, ?, ?, ?, ?, ?, ?, ?, ?, ?)
2021-03-10 22:37:38.292 TRACE 20712 --- [    Test worker] o.h.type.descriptor.sql.BasicBinder      : binding parameter [1] as [INTEGER] - [0]
2021-03-10 22:37:38.292 TRACE 20712 --- [    Test worker] o.h.type.descriptor.sql.BasicBinder      : binding parameter [2] as [INTEGER] - [0]
2021-03-10 22:37:38.292 TRACE 20712 --- [    Test worker] o.h.type.descriptor.sql.BasicBinder      : binding parameter [3] as [VARCHAR] - [null]
2021-03-10 22:37:38.292 TRACE 20712 --- [    Test worker] o.h.type.descriptor.sql.BasicBinder      : binding parameter [4] as [INTEGER] - [null]
2021-03-10 22:37:38.292 TRACE 20712 --- [    Test worker] o.h.type.descriptor.sql.BasicBinder      : binding parameter [5] as [BIGINT] - [61]
2021-03-10 22:37:38.292 TRACE 20712 --- [    Test worker] o.h.type.descriptor.sql.BasicBinder      : binding parameter [6] as [INTEGER] - [3]
2021-03-10 22:37:38.292 TRACE 20712 --- [    Test worker] o.h.type.descriptor.sql.BasicBinder      : binding parameter [7] as [BOOLEAN] - [null]
2021-03-10 22:37:38.292 TRACE 20712 --- [    Test worker] o.h.type.descriptor.sql.BasicBinder      : binding parameter [8] as [BOOLEAN] - [true]
2021-03-10 22:37:38.292 TRACE 20712 --- [    Test worker] o.h.type.descriptor.sql.BasicBinder      : binding parameter [9] as [TIMESTAMP] - [2021-03-10T22:37:37.762547300]
2021-03-10 22:37:38.292 TRACE 20712 --- [    Test worker] o.h.type.descriptor.sql.BasicBinder      : binding parameter [10] as [VARCHAR] - [null]
2021-03-10 22:37:38.292 TRACE 20712 --- [    Test worker] o.h.type.descriptor.sql.BasicBinder      : binding parameter [11] as [BOOLEAN] - [true]
2021-03-10 22:37:38.292 TRACE 20712 --- [    Test worker] o.h.type.descriptor.sql.BasicBinder      : binding parameter [12] as [VARCHAR] - [스프링 스터디입니다]
2021-03-10 22:37:38.292 TRACE 20712 --- [    Test worker] o.h.type.descriptor.sql.BasicBinder      : binding parameter [13] as [VARCHAR] - [하둡 스터디75]
2021-03-10 22:37:38.292 TRACE 20712 --- [    Test worker] o.h.type.descriptor.sql.BasicBinder      : binding parameter [14] as [BIGINT] - [221]
Hibernate: 
    insert 
    into
        study
        (likes, counts, full_description, level, location_id, max_count, mento_recruiting, open, published_date_time, question, recruiting, short_description, title, id) 
    values
        (?, ?, ?, ?, ?, ?, ?, ?, ?, ?, ?, ?, ?, ?)
2021-03-10 22:37:38.292 TRACE 20712 --- [    Test worker] o.h.type.descriptor.sql.BasicBinder      : binding parameter [1] as [INTEGER] - [0]
2021-03-10 22:37:38.292 TRACE 20712 --- [    Test worker] o.h.type.descriptor.sql.BasicBinder      : binding parameter [2] as [INTEGER] - [0]
2021-03-10 22:37:38.292 TRACE 20712 --- [    Test worker] o.h.type.descriptor.sql.BasicBinder      : binding parameter [3] as [VARCHAR] - [null]
2021-03-10 22:37:38.292 TRACE 20712 --- [    Test worker] o.h.type.descriptor.sql.BasicBinder      : binding parameter [4] as [INTEGER] - [null]
2021-03-10 22:37:38.292 TRACE 20712 --- [    Test worker] o.h.type.descriptor.sql.BasicBinder      : binding parameter [5] as [BIGINT] - [61]
2021-03-10 22:37:38.292 TRACE 20712 --- [    Test worker] o.h.type.descriptor.sql.BasicBinder      : binding parameter [6] as [INTEGER] - [3]
2021-03-10 22:37:38.292 TRACE 20712 --- [    Test worker] o.h.type.descriptor.sql.BasicBinder      : binding parameter [7] as [BOOLEAN] - [null]
2021-03-10 22:37:38.292 TRACE 20712 --- [    Test worker] o.h.type.descriptor.sql.BasicBinder      : binding parameter [8] as [BOOLEAN] - [true]
2021-03-10 22:37:38.292 TRACE 20712 --- [    Test worker] o.h.type.descriptor.sql.BasicBinder      : binding parameter [9] as [TIMESTAMP] - [2021-03-10T22:37:37.778167900]
2021-03-10 22:37:38.292 TRACE 20712 --- [    Test worker] o.h.type.descriptor.sql.BasicBinder      : binding parameter [10] as [VARCHAR] - [null]
2021-03-10 22:37:38.292 TRACE 20712 --- [    Test worker] o.h.type.descriptor.sql.BasicBinder      : binding parameter [11] as [BOOLEAN] - [false]
2021-03-10 22:37:38.292 TRACE 20712 --- [    Test worker] o.h.type.descriptor.sql.BasicBinder      : binding parameter [12] as [VARCHAR] - [스프링 스터디입니다]
2021-03-10 22:37:38.292 TRACE 20712 --- [    Test worker] o.h.type.descriptor.sql.BasicBinder      : binding parameter [13] as [VARCHAR] - [자바 스터디76]
2021-03-10 22:37:38.292 TRACE 20712 --- [    Test worker] o.h.type.descriptor.sql.BasicBinder      : binding parameter [14] as [BIGINT] - [222]
Hibernate: 
    insert 
    into
        study
        (likes, counts, full_description, level, location_id, max_count, mento_recruiting, open, published_date_time, question, recruiting, short_description, title, id) 
    values
        (?, ?, ?, ?, ?, ?, ?, ?, ?, ?, ?, ?, ?, ?)
2021-03-10 22:37:38.292 TRACE 20712 --- [    Test worker] o.h.type.descriptor.sql.BasicBinder      : binding parameter [1] as [INTEGER] - [0]
2021-03-10 22:37:38.292 TRACE 20712 --- [    Test worker] o.h.type.descriptor.sql.BasicBinder      : binding parameter [2] as [INTEGER] - [0]
2021-03-10 22:37:38.292 TRACE 20712 --- [    Test worker] o.h.type.descriptor.sql.BasicBinder      : binding parameter [3] as [VARCHAR] - [null]
2021-03-10 22:37:38.292 TRACE 20712 --- [    Test worker] o.h.type.descriptor.sql.BasicBinder      : binding parameter [4] as [INTEGER] - [null]
2021-03-10 22:37:38.292 TRACE 20712 --- [    Test worker] o.h.type.descriptor.sql.BasicBinder      : binding parameter [5] as [BIGINT] - [61]
2021-03-10 22:37:38.292 TRACE 20712 --- [    Test worker] o.h.type.descriptor.sql.BasicBinder      : binding parameter [6] as [INTEGER] - [3]
2021-03-10 22:37:38.292 TRACE 20712 --- [    Test worker] o.h.type.descriptor.sql.BasicBinder      : binding parameter [7] as [BOOLEAN] - [null]
2021-03-10 22:37:38.292 TRACE 20712 --- [    Test worker] o.h.type.descriptor.sql.BasicBinder      : binding parameter [8] as [BOOLEAN] - [true]
2021-03-10 22:37:38.292 TRACE 20712 --- [    Test worker] o.h.type.descriptor.sql.BasicBinder      : binding parameter [9] as [TIMESTAMP] - [2021-03-10T22:37:37.778167900]
2021-03-10 22:37:38.292 TRACE 20712 --- [    Test worker] o.h.type.descriptor.sql.BasicBinder      : binding parameter [10] as [VARCHAR] - [null]
2021-03-10 22:37:38.292 TRACE 20712 --- [    Test worker] o.h.type.descriptor.sql.BasicBinder      : binding parameter [11] as [BOOLEAN] - [true]
2021-03-10 22:37:38.292 TRACE 20712 --- [    Test worker] o.h.type.descriptor.sql.BasicBinder      : binding parameter [12] as [VARCHAR] - [스프링 스터디입니다]
2021-03-10 22:37:38.292 TRACE 20712 --- [    Test worker] o.h.type.descriptor.sql.BasicBinder      : binding parameter [13] as [VARCHAR] - [스프링 스터디77]
2021-03-10 22:37:38.292 TRACE 20712 --- [    Test worker] o.h.type.descriptor.sql.BasicBinder      : binding parameter [14] as [BIGINT] - [223]
Hibernate: 
    insert 
    into
        study
        (likes, counts, full_description, level, location_id, max_count, mento_recruiting, open, published_date_time, question, recruiting, short_description, title, id) 
    values
        (?, ?, ?, ?, ?, ?, ?, ?, ?, ?, ?, ?, ?, ?)
2021-03-10 22:37:38.292 TRACE 20712 --- [    Test worker] o.h.type.descriptor.sql.BasicBinder      : binding parameter [1] as [INTEGER] - [0]
2021-03-10 22:37:38.292 TRACE 20712 --- [    Test worker] o.h.type.descriptor.sql.BasicBinder      : binding parameter [2] as [INTEGER] - [0]
2021-03-10 22:37:38.292 TRACE 20712 --- [    Test worker] o.h.type.descriptor.sql.BasicBinder      : binding parameter [3] as [VARCHAR] - [null]
2021-03-10 22:37:38.292 TRACE 20712 --- [    Test worker] o.h.type.descriptor.sql.BasicBinder      : binding parameter [4] as [INTEGER] - [null]
2021-03-10 22:37:38.292 TRACE 20712 --- [    Test worker] o.h.type.descriptor.sql.BasicBinder      : binding parameter [5] as [BIGINT] - [61]
2021-03-10 22:37:38.292 TRACE 20712 --- [    Test worker] o.h.type.descriptor.sql.BasicBinder      : binding parameter [6] as [INTEGER] - [3]
2021-03-10 22:37:38.292 TRACE 20712 --- [    Test worker] o.h.type.descriptor.sql.BasicBinder      : binding parameter [7] as [BOOLEAN] - [null]
2021-03-10 22:37:38.292 TRACE 20712 --- [    Test worker] o.h.type.descriptor.sql.BasicBinder      : binding parameter [8] as [BOOLEAN] - [true]
2021-03-10 22:37:38.292 TRACE 20712 --- [    Test worker] o.h.type.descriptor.sql.BasicBinder      : binding parameter [9] as [TIMESTAMP] - [2021-03-10T22:37:37.778167900]
2021-03-10 22:37:38.292 TRACE 20712 --- [    Test worker] o.h.type.descriptor.sql.BasicBinder      : binding parameter [10] as [VARCHAR] - [null]
2021-03-10 22:37:38.292 TRACE 20712 --- [    Test worker] o.h.type.descriptor.sql.BasicBinder      : binding parameter [11] as [BOOLEAN] - [false]
2021-03-10 22:37:38.292 TRACE 20712 --- [    Test worker] o.h.type.descriptor.sql.BasicBinder      : binding parameter [12] as [VARCHAR] - [스프링 스터디입니다]
2021-03-10 22:37:38.292 TRACE 20712 --- [    Test worker] o.h.type.descriptor.sql.BasicBinder      : binding parameter [13] as [VARCHAR] - [스프링 스터디78]
2021-03-10 22:37:38.292 TRACE 20712 --- [    Test worker] o.h.type.descriptor.sql.BasicBinder      : binding parameter [14] as [BIGINT] - [224]
Hibernate: 
    insert 
    into
        study
        (likes, counts, full_description, level, location_id, max_count, mento_recruiting, open, published_date_time, question, recruiting, short_description, title, id) 
    values
        (?, ?, ?, ?, ?, ?, ?, ?, ?, ?, ?, ?, ?, ?)
2021-03-10 22:37:38.292 TRACE 20712 --- [    Test worker] o.h.type.descriptor.sql.BasicBinder      : binding parameter [1] as [INTEGER] - [0]
2021-03-10 22:37:38.292 TRACE 20712 --- [    Test worker] o.h.type.descriptor.sql.BasicBinder      : binding parameter [2] as [INTEGER] - [0]
2021-03-10 22:37:38.292 TRACE 20712 --- [    Test worker] o.h.type.descriptor.sql.BasicBinder      : binding parameter [3] as [VARCHAR] - [null]
2021-03-10 22:37:38.292 TRACE 20712 --- [    Test worker] o.h.type.descriptor.sql.BasicBinder      : binding parameter [4] as [INTEGER] - [null]
2021-03-10 22:37:38.292 TRACE 20712 --- [    Test worker] o.h.type.descriptor.sql.BasicBinder      : binding parameter [5] as [BIGINT] - [61]
2021-03-10 22:37:38.292 TRACE 20712 --- [    Test worker] o.h.type.descriptor.sql.BasicBinder      : binding parameter [6] as [INTEGER] - [3]
2021-03-10 22:37:38.292 TRACE 20712 --- [    Test worker] o.h.type.descriptor.sql.BasicBinder      : binding parameter [7] as [BOOLEAN] - [null]
2021-03-10 22:37:38.292 TRACE 20712 --- [    Test worker] o.h.type.descriptor.sql.BasicBinder      : binding parameter [8] as [BOOLEAN] - [true]
2021-03-10 22:37:38.292 TRACE 20712 --- [    Test worker] o.h.type.descriptor.sql.BasicBinder      : binding parameter [9] as [TIMESTAMP] - [2021-03-10T22:37:37.778167900]
2021-03-10 22:37:38.292 TRACE 20712 --- [    Test worker] o.h.type.descriptor.sql.BasicBinder      : binding parameter [10] as [VARCHAR] - [null]
2021-03-10 22:37:38.292 TRACE 20712 --- [    Test worker] o.h.type.descriptor.sql.BasicBinder      : binding parameter [11] as [BOOLEAN] - [false]
2021-03-10 22:37:38.292 TRACE 20712 --- [    Test worker] o.h.type.descriptor.sql.BasicBinder      : binding parameter [12] as [VARCHAR] - [스프링 스터디입니다]
2021-03-10 22:37:38.292 TRACE 20712 --- [    Test worker] o.h.type.descriptor.sql.BasicBinder      : binding parameter [13] as [VARCHAR] - [스프링 스터디79]
2021-03-10 22:37:38.292 TRACE 20712 --- [    Test worker] o.h.type.descriptor.sql.BasicBinder      : binding parameter [14] as [BIGINT] - [225]
Hibernate: 
    insert 
    into
        study
        (likes, counts, full_description, level, location_id, max_count, mento_recruiting, open, published_date_time, question, recruiting, short_description, title, id) 
    values
        (?, ?, ?, ?, ?, ?, ?, ?, ?, ?, ?, ?, ?, ?)
2021-03-10 22:37:38.292 TRACE 20712 --- [    Test worker] o.h.type.descriptor.sql.BasicBinder      : binding parameter [1] as [INTEGER] - [0]
2021-03-10 22:37:38.292 TRACE 20712 --- [    Test worker] o.h.type.descriptor.sql.BasicBinder      : binding parameter [2] as [INTEGER] - [0]
2021-03-10 22:37:38.292 TRACE 20712 --- [    Test worker] o.h.type.descriptor.sql.BasicBinder      : binding parameter [3] as [VARCHAR] - [null]
2021-03-10 22:37:38.292 TRACE 20712 --- [    Test worker] o.h.type.descriptor.sql.BasicBinder      : binding parameter [4] as [INTEGER] - [null]
2021-03-10 22:37:38.292 TRACE 20712 --- [    Test worker] o.h.type.descriptor.sql.BasicBinder      : binding parameter [5] as [BIGINT] - [61]
2021-03-10 22:37:38.292 TRACE 20712 --- [    Test worker] o.h.type.descriptor.sql.BasicBinder      : binding parameter [6] as [INTEGER] - [3]
2021-03-10 22:37:38.292 TRACE 20712 --- [    Test worker] o.h.type.descriptor.sql.BasicBinder      : binding parameter [7] as [BOOLEAN] - [null]
2021-03-10 22:37:38.292 TRACE 20712 --- [    Test worker] o.h.type.descriptor.sql.BasicBinder      : binding parameter [8] as [BOOLEAN] - [true]
2021-03-10 22:37:38.292 TRACE 20712 --- [    Test worker] o.h.type.descriptor.sql.BasicBinder      : binding parameter [9] as [TIMESTAMP] - [2021-03-10T22:37:37.778167900]
2021-03-10 22:37:38.292 TRACE 20712 --- [    Test worker] o.h.type.descriptor.sql.BasicBinder      : binding parameter [10] as [VARCHAR] - [null]
2021-03-10 22:37:38.292 TRACE 20712 --- [    Test worker] o.h.type.descriptor.sql.BasicBinder      : binding parameter [11] as [BOOLEAN] - [false]
2021-03-10 22:37:38.292 TRACE 20712 --- [    Test worker] o.h.type.descriptor.sql.BasicBinder      : binding parameter [12] as [VARCHAR] - [스프링 스터디입니다]
2021-03-10 22:37:38.292 TRACE 20712 --- [    Test worker] o.h.type.descriptor.sql.BasicBinder      : binding parameter [13] as [VARCHAR] - [자바 스터디80]
2021-03-10 22:37:38.292 TRACE 20712 --- [    Test worker] o.h.type.descriptor.sql.BasicBinder      : binding parameter [14] as [BIGINT] - [226]
Hibernate: 
    insert 
    into
        study
        (likes, counts, full_description, level, location_id, max_count, mento_recruiting, open, published_date_time, question, recruiting, short_description, title, id) 
    values
        (?, ?, ?, ?, ?, ?, ?, ?, ?, ?, ?, ?, ?, ?)
2021-03-10 22:37:38.292 TRACE 20712 --- [    Test worker] o.h.type.descriptor.sql.BasicBinder      : binding parameter [1] as [INTEGER] - [0]
2021-03-10 22:37:38.292 TRACE 20712 --- [    Test worker] o.h.type.descriptor.sql.BasicBinder      : binding parameter [2] as [INTEGER] - [0]
2021-03-10 22:37:38.292 TRACE 20712 --- [    Test worker] o.h.type.descriptor.sql.BasicBinder      : binding parameter [3] as [VARCHAR] - [null]
2021-03-10 22:37:38.292 TRACE 20712 --- [    Test worker] o.h.type.descriptor.sql.BasicBinder      : binding parameter [4] as [INTEGER] - [null]
2021-03-10 22:37:38.292 TRACE 20712 --- [    Test worker] o.h.type.descriptor.sql.BasicBinder      : binding parameter [5] as [BIGINT] - [61]
2021-03-10 22:37:38.292 TRACE 20712 --- [    Test worker] o.h.type.descriptor.sql.BasicBinder      : binding parameter [6] as [INTEGER] - [3]
2021-03-10 22:37:38.292 TRACE 20712 --- [    Test worker] o.h.type.descriptor.sql.BasicBinder      : binding parameter [7] as [BOOLEAN] - [null]
2021-03-10 22:37:38.292 TRACE 20712 --- [    Test worker] o.h.type.descriptor.sql.BasicBinder      : binding parameter [8] as [BOOLEAN] - [true]
2021-03-10 22:37:38.292 TRACE 20712 --- [    Test worker] o.h.type.descriptor.sql.BasicBinder      : binding parameter [9] as [TIMESTAMP] - [2021-03-10T22:37:37.793794700]
2021-03-10 22:37:38.292 TRACE 20712 --- [    Test worker] o.h.type.descriptor.sql.BasicBinder      : binding parameter [10] as [VARCHAR] - [null]
2021-03-10 22:37:38.292 TRACE 20712 --- [    Test worker] o.h.type.descriptor.sql.BasicBinder      : binding parameter [11] as [BOOLEAN] - [true]
2021-03-10 22:37:38.292 TRACE 20712 --- [    Test worker] o.h.type.descriptor.sql.BasicBinder      : binding parameter [12] as [VARCHAR] - [스프링 스터디입니다]
2021-03-10 22:37:38.292 TRACE 20712 --- [    Test worker] o.h.type.descriptor.sql.BasicBinder      : binding parameter [13] as [VARCHAR] - [인공지능 스터디81]
2021-03-10 22:37:38.292 TRACE 20712 --- [    Test worker] o.h.type.descriptor.sql.BasicBinder      : binding parameter [14] as [BIGINT] - [227]
Hibernate: 
    insert 
    into
        study
        (likes, counts, full_description, level, location_id, max_count, mento_recruiting, open, published_date_time, question, recruiting, short_description, title, id) 
    values
        (?, ?, ?, ?, ?, ?, ?, ?, ?, ?, ?, ?, ?, ?)
2021-03-10 22:37:38.292 TRACE 20712 --- [    Test worker] o.h.type.descriptor.sql.BasicBinder      : binding parameter [1] as [INTEGER] - [0]
2021-03-10 22:37:38.292 TRACE 20712 --- [    Test worker] o.h.type.descriptor.sql.BasicBinder      : binding parameter [2] as [INTEGER] - [0]
2021-03-10 22:37:38.292 TRACE 20712 --- [    Test worker] o.h.type.descriptor.sql.BasicBinder      : binding parameter [3] as [VARCHAR] - [null]
2021-03-10 22:37:38.292 TRACE 20712 --- [    Test worker] o.h.type.descriptor.sql.BasicBinder      : binding parameter [4] as [INTEGER] - [null]
2021-03-10 22:37:38.292 TRACE 20712 --- [    Test worker] o.h.type.descriptor.sql.BasicBinder      : binding parameter [5] as [BIGINT] - [61]
2021-03-10 22:37:38.292 TRACE 20712 --- [    Test worker] o.h.type.descriptor.sql.BasicBinder      : binding parameter [6] as [INTEGER] - [3]
2021-03-10 22:37:38.292 TRACE 20712 --- [    Test worker] o.h.type.descriptor.sql.BasicBinder      : binding parameter [7] as [BOOLEAN] - [null]
2021-03-10 22:37:38.292 TRACE 20712 --- [    Test worker] o.h.type.descriptor.sql.BasicBinder      : binding parameter [8] as [BOOLEAN] - [true]
2021-03-10 22:37:38.292 TRACE 20712 --- [    Test worker] o.h.type.descriptor.sql.BasicBinder      : binding parameter [9] as [TIMESTAMP] - [2021-03-10T22:37:37.793794700]
2021-03-10 22:37:38.292 TRACE 20712 --- [    Test worker] o.h.type.descriptor.sql.BasicBinder      : binding parameter [10] as [VARCHAR] - [null]
2021-03-10 22:37:38.292 TRACE 20712 --- [    Test worker] o.h.type.descriptor.sql.BasicBinder      : binding parameter [11] as [BOOLEAN] - [false]
2021-03-10 22:37:38.292 TRACE 20712 --- [    Test worker] o.h.type.descriptor.sql.BasicBinder      : binding parameter [12] as [VARCHAR] - [스프링 스터디입니다]
2021-03-10 22:37:38.292 TRACE 20712 --- [    Test worker] o.h.type.descriptor.sql.BasicBinder      : binding parameter [13] as [VARCHAR] - [스프링 스터디82]
2021-03-10 22:37:38.292 TRACE 20712 --- [    Test worker] o.h.type.descriptor.sql.BasicBinder      : binding parameter [14] as [BIGINT] - [228]
Hibernate: 
    insert 
    into
        study
        (likes, counts, full_description, level, location_id, max_count, mento_recruiting, open, published_date_time, question, recruiting, short_description, title, id) 
    values
        (?, ?, ?, ?, ?, ?, ?, ?, ?, ?, ?, ?, ?, ?)
2021-03-10 22:37:38.292 TRACE 20712 --- [    Test worker] o.h.type.descriptor.sql.BasicBinder      : binding parameter [1] as [INTEGER] - [0]
2021-03-10 22:37:38.292 TRACE 20712 --- [    Test worker] o.h.type.descriptor.sql.BasicBinder      : binding parameter [2] as [INTEGER] - [0]
2021-03-10 22:37:38.292 TRACE 20712 --- [    Test worker] o.h.type.descriptor.sql.BasicBinder      : binding parameter [3] as [VARCHAR] - [null]
2021-03-10 22:37:38.292 TRACE 20712 --- [    Test worker] o.h.type.descriptor.sql.BasicBinder      : binding parameter [4] as [INTEGER] - [null]
2021-03-10 22:37:38.308 TRACE 20712 --- [    Test worker] o.h.type.descriptor.sql.BasicBinder      : binding parameter [5] as [BIGINT] - [61]
2021-03-10 22:37:38.308 TRACE 20712 --- [    Test worker] o.h.type.descriptor.sql.BasicBinder      : binding parameter [6] as [INTEGER] - [3]
2021-03-10 22:37:38.308 TRACE 20712 --- [    Test worker] o.h.type.descriptor.sql.BasicBinder      : binding parameter [7] as [BOOLEAN] - [null]
2021-03-10 22:37:38.308 TRACE 20712 --- [    Test worker] o.h.type.descriptor.sql.BasicBinder      : binding parameter [8] as [BOOLEAN] - [true]
2021-03-10 22:37:38.308 TRACE 20712 --- [    Test worker] o.h.type.descriptor.sql.BasicBinder      : binding parameter [9] as [TIMESTAMP] - [2021-03-10T22:37:37.793794700]
2021-03-10 22:37:38.308 TRACE 20712 --- [    Test worker] o.h.type.descriptor.sql.BasicBinder      : binding parameter [10] as [VARCHAR] - [null]
2021-03-10 22:37:38.308 TRACE 20712 --- [    Test worker] o.h.type.descriptor.sql.BasicBinder      : binding parameter [11] as [BOOLEAN] - [true]
2021-03-10 22:37:38.308 TRACE 20712 --- [    Test worker] o.h.type.descriptor.sql.BasicBinder      : binding parameter [12] as [VARCHAR] - [스프링 스터디입니다]
2021-03-10 22:37:38.308 TRACE 20712 --- [    Test worker] o.h.type.descriptor.sql.BasicBinder      : binding parameter [13] as [VARCHAR] - [하둡 스터디83]
2021-03-10 22:37:38.308 TRACE 20712 --- [    Test worker] o.h.type.descriptor.sql.BasicBinder      : binding parameter [14] as [BIGINT] - [229]
Hibernate: 
    insert 
    into
        study
        (likes, counts, full_description, level, location_id, max_count, mento_recruiting, open, published_date_time, question, recruiting, short_description, title, id) 
    values
        (?, ?, ?, ?, ?, ?, ?, ?, ?, ?, ?, ?, ?, ?)
2021-03-10 22:37:38.308 TRACE 20712 --- [    Test worker] o.h.type.descriptor.sql.BasicBinder      : binding parameter [1] as [INTEGER] - [0]
2021-03-10 22:37:38.308 TRACE 20712 --- [    Test worker] o.h.type.descriptor.sql.BasicBinder      : binding parameter [2] as [INTEGER] - [0]
2021-03-10 22:37:38.308 TRACE 20712 --- [    Test worker] o.h.type.descriptor.sql.BasicBinder      : binding parameter [3] as [VARCHAR] - [null]
2021-03-10 22:37:38.308 TRACE 20712 --- [    Test worker] o.h.type.descriptor.sql.BasicBinder      : binding parameter [4] as [INTEGER] - [null]
2021-03-10 22:37:38.308 TRACE 20712 --- [    Test worker] o.h.type.descriptor.sql.BasicBinder      : binding parameter [5] as [BIGINT] - [61]
2021-03-10 22:37:38.308 TRACE 20712 --- [    Test worker] o.h.type.descriptor.sql.BasicBinder      : binding parameter [6] as [INTEGER] - [3]
2021-03-10 22:37:38.308 TRACE 20712 --- [    Test worker] o.h.type.descriptor.sql.BasicBinder      : binding parameter [7] as [BOOLEAN] - [null]
2021-03-10 22:37:38.308 TRACE 20712 --- [    Test worker] o.h.type.descriptor.sql.BasicBinder      : binding parameter [8] as [BOOLEAN] - [true]
2021-03-10 22:37:38.308 TRACE 20712 --- [    Test worker] o.h.type.descriptor.sql.BasicBinder      : binding parameter [9] as [TIMESTAMP] - [2021-03-10T22:37:37.793794700]
2021-03-10 22:37:38.308 TRACE 20712 --- [    Test worker] o.h.type.descriptor.sql.BasicBinder      : binding parameter [10] as [VARCHAR] - [null]
2021-03-10 22:37:38.308 TRACE 20712 --- [    Test worker] o.h.type.descriptor.sql.BasicBinder      : binding parameter [11] as [BOOLEAN] - [true]
2021-03-10 22:37:38.308 TRACE 20712 --- [    Test worker] o.h.type.descriptor.sql.BasicBinder      : binding parameter [12] as [VARCHAR] - [스프링 스터디입니다]
2021-03-10 22:37:38.308 TRACE 20712 --- [    Test worker] o.h.type.descriptor.sql.BasicBinder      : binding parameter [13] as [VARCHAR] - [하둡 스터디84]
2021-03-10 22:37:38.308 TRACE 20712 --- [    Test worker] o.h.type.descriptor.sql.BasicBinder      : binding parameter [14] as [BIGINT] - [230]
Hibernate: 
    insert 
    into
        study
        (likes, counts, full_description, level, location_id, max_count, mento_recruiting, open, published_date_time, question, recruiting, short_description, title, id) 
    values
        (?, ?, ?, ?, ?, ?, ?, ?, ?, ?, ?, ?, ?, ?)
2021-03-10 22:37:38.308 TRACE 20712 --- [    Test worker] o.h.type.descriptor.sql.BasicBinder      : binding parameter [1] as [INTEGER] - [0]
2021-03-10 22:37:38.308 TRACE 20712 --- [    Test worker] o.h.type.descriptor.sql.BasicBinder      : binding parameter [2] as [INTEGER] - [0]
2021-03-10 22:37:38.308 TRACE 20712 --- [    Test worker] o.h.type.descriptor.sql.BasicBinder      : binding parameter [3] as [VARCHAR] - [null]
2021-03-10 22:37:38.308 TRACE 20712 --- [    Test worker] o.h.type.descriptor.sql.BasicBinder      : binding parameter [4] as [INTEGER] - [null]
2021-03-10 22:37:38.308 TRACE 20712 --- [    Test worker] o.h.type.descriptor.sql.BasicBinder      : binding parameter [5] as [BIGINT] - [61]
2021-03-10 22:37:38.308 TRACE 20712 --- [    Test worker] o.h.type.descriptor.sql.BasicBinder      : binding parameter [6] as [INTEGER] - [3]
2021-03-10 22:37:38.308 TRACE 20712 --- [    Test worker] o.h.type.descriptor.sql.BasicBinder      : binding parameter [7] as [BOOLEAN] - [null]
2021-03-10 22:37:38.308 TRACE 20712 --- [    Test worker] o.h.type.descriptor.sql.BasicBinder      : binding parameter [8] as [BOOLEAN] - [true]
2021-03-10 22:37:38.308 TRACE 20712 --- [    Test worker] o.h.type.descriptor.sql.BasicBinder      : binding parameter [9] as [TIMESTAMP] - [2021-03-10T22:37:37.809419900]
2021-03-10 22:37:38.308 TRACE 20712 --- [    Test worker] o.h.type.descriptor.sql.BasicBinder      : binding parameter [10] as [VARCHAR] - [null]
2021-03-10 22:37:38.308 TRACE 20712 --- [    Test worker] o.h.type.descriptor.sql.BasicBinder      : binding parameter [11] as [BOOLEAN] - [false]
2021-03-10 22:37:38.308 TRACE 20712 --- [    Test worker] o.h.type.descriptor.sql.BasicBinder      : binding parameter [12] as [VARCHAR] - [스프링 스터디입니다]
2021-03-10 22:37:38.308 TRACE 20712 --- [    Test worker] o.h.type.descriptor.sql.BasicBinder      : binding parameter [13] as [VARCHAR] - [인공지능 스터디85]
2021-03-10 22:37:38.308 TRACE 20712 --- [    Test worker] o.h.type.descriptor.sql.BasicBinder      : binding parameter [14] as [BIGINT] - [231]
Hibernate: 
    insert 
    into
        study
        (likes, counts, full_description, level, location_id, max_count, mento_recruiting, open, published_date_time, question, recruiting, short_description, title, id) 
    values
        (?, ?, ?, ?, ?, ?, ?, ?, ?, ?, ?, ?, ?, ?)
2021-03-10 22:37:38.308 TRACE 20712 --- [    Test worker] o.h.type.descriptor.sql.BasicBinder      : binding parameter [1] as [INTEGER] - [0]
2021-03-10 22:37:38.308 TRACE 20712 --- [    Test worker] o.h.type.descriptor.sql.BasicBinder      : binding parameter [2] as [INTEGER] - [0]
2021-03-10 22:37:38.308 TRACE 20712 --- [    Test worker] o.h.type.descriptor.sql.BasicBinder      : binding parameter [3] as [VARCHAR] - [null]
2021-03-10 22:37:38.308 TRACE 20712 --- [    Test worker] o.h.type.descriptor.sql.BasicBinder      : binding parameter [4] as [INTEGER] - [null]
2021-03-10 22:37:38.308 TRACE 20712 --- [    Test worker] o.h.type.descriptor.sql.BasicBinder      : binding parameter [5] as [BIGINT] - [61]
2021-03-10 22:37:38.308 TRACE 20712 --- [    Test worker] o.h.type.descriptor.sql.BasicBinder      : binding parameter [6] as [INTEGER] - [3]
2021-03-10 22:37:38.308 TRACE 20712 --- [    Test worker] o.h.type.descriptor.sql.BasicBinder      : binding parameter [7] as [BOOLEAN] - [null]
2021-03-10 22:37:38.308 TRACE 20712 --- [    Test worker] o.h.type.descriptor.sql.BasicBinder      : binding parameter [8] as [BOOLEAN] - [true]
2021-03-10 22:37:38.308 TRACE 20712 --- [    Test worker] o.h.type.descriptor.sql.BasicBinder      : binding parameter [9] as [TIMESTAMP] - [2021-03-10T22:37:37.809419900]
2021-03-10 22:37:38.308 TRACE 20712 --- [    Test worker] o.h.type.descriptor.sql.BasicBinder      : binding parameter [10] as [VARCHAR] - [null]
2021-03-10 22:37:38.308 TRACE 20712 --- [    Test worker] o.h.type.descriptor.sql.BasicBinder      : binding parameter [11] as [BOOLEAN] - [true]
2021-03-10 22:37:38.308 TRACE 20712 --- [    Test worker] o.h.type.descriptor.sql.BasicBinder      : binding parameter [12] as [VARCHAR] - [스프링 스터디입니다]
2021-03-10 22:37:38.308 TRACE 20712 --- [    Test worker] o.h.type.descriptor.sql.BasicBinder      : binding parameter [13] as [VARCHAR] - [자바 스터디86]
2021-03-10 22:37:38.308 TRACE 20712 --- [    Test worker] o.h.type.descriptor.sql.BasicBinder      : binding parameter [14] as [BIGINT] - [232]
Hibernate: 
    insert 
    into
        study
        (likes, counts, full_description, level, location_id, max_count, mento_recruiting, open, published_date_time, question, recruiting, short_description, title, id) 
    values
        (?, ?, ?, ?, ?, ?, ?, ?, ?, ?, ?, ?, ?, ?)
2021-03-10 22:37:38.308 TRACE 20712 --- [    Test worker] o.h.type.descriptor.sql.BasicBinder      : binding parameter [1] as [INTEGER] - [0]
2021-03-10 22:37:38.308 TRACE 20712 --- [    Test worker] o.h.type.descriptor.sql.BasicBinder      : binding parameter [2] as [INTEGER] - [0]
2021-03-10 22:37:38.308 TRACE 20712 --- [    Test worker] o.h.type.descriptor.sql.BasicBinder      : binding parameter [3] as [VARCHAR] - [null]
2021-03-10 22:37:38.308 TRACE 20712 --- [    Test worker] o.h.type.descriptor.sql.BasicBinder      : binding parameter [4] as [INTEGER] - [null]
2021-03-10 22:37:38.308 TRACE 20712 --- [    Test worker] o.h.type.descriptor.sql.BasicBinder      : binding parameter [5] as [BIGINT] - [61]
2021-03-10 22:37:38.308 TRACE 20712 --- [    Test worker] o.h.type.descriptor.sql.BasicBinder      : binding parameter [6] as [INTEGER] - [3]
2021-03-10 22:37:38.308 TRACE 20712 --- [    Test worker] o.h.type.descriptor.sql.BasicBinder      : binding parameter [7] as [BOOLEAN] - [null]
2021-03-10 22:37:38.308 TRACE 20712 --- [    Test worker] o.h.type.descriptor.sql.BasicBinder      : binding parameter [8] as [BOOLEAN] - [true]
2021-03-10 22:37:38.308 TRACE 20712 --- [    Test worker] o.h.type.descriptor.sql.BasicBinder      : binding parameter [9] as [TIMESTAMP] - [2021-03-10T22:37:37.809419900]
2021-03-10 22:37:38.308 TRACE 20712 --- [    Test worker] o.h.type.descriptor.sql.BasicBinder      : binding parameter [10] as [VARCHAR] - [null]
2021-03-10 22:37:38.308 TRACE 20712 --- [    Test worker] o.h.type.descriptor.sql.BasicBinder      : binding parameter [11] as [BOOLEAN] - [true]
2021-03-10 22:37:38.308 TRACE 20712 --- [    Test worker] o.h.type.descriptor.sql.BasicBinder      : binding parameter [12] as [VARCHAR] - [스프링 스터디입니다]
2021-03-10 22:37:38.308 TRACE 20712 --- [    Test worker] o.h.type.descriptor.sql.BasicBinder      : binding parameter [13] as [VARCHAR] - [인공지능 스터디87]
2021-03-10 22:37:38.308 TRACE 20712 --- [    Test worker] o.h.type.descriptor.sql.BasicBinder      : binding parameter [14] as [BIGINT] - [233]
Hibernate: 
    insert 
    into
        study
        (likes, counts, full_description, level, location_id, max_count, mento_recruiting, open, published_date_time, question, recruiting, short_description, title, id) 
    values
        (?, ?, ?, ?, ?, ?, ?, ?, ?, ?, ?, ?, ?, ?)
2021-03-10 22:37:38.308 TRACE 20712 --- [    Test worker] o.h.type.descriptor.sql.BasicBinder      : binding parameter [1] as [INTEGER] - [0]
2021-03-10 22:37:38.308 TRACE 20712 --- [    Test worker] o.h.type.descriptor.sql.BasicBinder      : binding parameter [2] as [INTEGER] - [0]
2021-03-10 22:37:38.308 TRACE 20712 --- [    Test worker] o.h.type.descriptor.sql.BasicBinder      : binding parameter [3] as [VARCHAR] - [null]
2021-03-10 22:37:38.308 TRACE 20712 --- [    Test worker] o.h.type.descriptor.sql.BasicBinder      : binding parameter [4] as [INTEGER] - [null]
2021-03-10 22:37:38.308 TRACE 20712 --- [    Test worker] o.h.type.descriptor.sql.BasicBinder      : binding parameter [5] as [BIGINT] - [61]
2021-03-10 22:37:38.308 TRACE 20712 --- [    Test worker] o.h.type.descriptor.sql.BasicBinder      : binding parameter [6] as [INTEGER] - [3]
2021-03-10 22:37:38.308 TRACE 20712 --- [    Test worker] o.h.type.descriptor.sql.BasicBinder      : binding parameter [7] as [BOOLEAN] - [null]
2021-03-10 22:37:38.308 TRACE 20712 --- [    Test worker] o.h.type.descriptor.sql.BasicBinder      : binding parameter [8] as [BOOLEAN] - [true]
2021-03-10 22:37:38.308 TRACE 20712 --- [    Test worker] o.h.type.descriptor.sql.BasicBinder      : binding parameter [9] as [TIMESTAMP] - [2021-03-10T22:37:37.809419900]
2021-03-10 22:37:38.308 TRACE 20712 --- [    Test worker] o.h.type.descriptor.sql.BasicBinder      : binding parameter [10] as [VARCHAR] - [null]
2021-03-10 22:37:38.308 TRACE 20712 --- [    Test worker] o.h.type.descriptor.sql.BasicBinder      : binding parameter [11] as [BOOLEAN] - [false]
2021-03-10 22:37:38.308 TRACE 20712 --- [    Test worker] o.h.type.descriptor.sql.BasicBinder      : binding parameter [12] as [VARCHAR] - [스프링 스터디입니다]
2021-03-10 22:37:38.308 TRACE 20712 --- [    Test worker] o.h.type.descriptor.sql.BasicBinder      : binding parameter [13] as [VARCHAR] - [스프링 스터디88]
2021-03-10 22:37:38.308 TRACE 20712 --- [    Test worker] o.h.type.descriptor.sql.BasicBinder      : binding parameter [14] as [BIGINT] - [234]
Hibernate: 
    insert 
    into
        study
        (likes, counts, full_description, level, location_id, max_count, mento_recruiting, open, published_date_time, question, recruiting, short_description, title, id) 
    values
        (?, ?, ?, ?, ?, ?, ?, ?, ?, ?, ?, ?, ?, ?)
2021-03-10 22:37:38.308 TRACE 20712 --- [    Test worker] o.h.type.descriptor.sql.BasicBinder      : binding parameter [1] as [INTEGER] - [0]
2021-03-10 22:37:38.308 TRACE 20712 --- [    Test worker] o.h.type.descriptor.sql.BasicBinder      : binding parameter [2] as [INTEGER] - [0]
2021-03-10 22:37:38.308 TRACE 20712 --- [    Test worker] o.h.type.descriptor.sql.BasicBinder      : binding parameter [3] as [VARCHAR] - [null]
2021-03-10 22:37:38.308 TRACE 20712 --- [    Test worker] o.h.type.descriptor.sql.BasicBinder      : binding parameter [4] as [INTEGER] - [null]
2021-03-10 22:37:38.308 TRACE 20712 --- [    Test worker] o.h.type.descriptor.sql.BasicBinder      : binding parameter [5] as [BIGINT] - [61]
2021-03-10 22:37:38.308 TRACE 20712 --- [    Test worker] o.h.type.descriptor.sql.BasicBinder      : binding parameter [6] as [INTEGER] - [3]
2021-03-10 22:37:38.308 TRACE 20712 --- [    Test worker] o.h.type.descriptor.sql.BasicBinder      : binding parameter [7] as [BOOLEAN] - [null]
2021-03-10 22:37:38.308 TRACE 20712 --- [    Test worker] o.h.type.descriptor.sql.BasicBinder      : binding parameter [8] as [BOOLEAN] - [true]
2021-03-10 22:37:38.308 TRACE 20712 --- [    Test worker] o.h.type.descriptor.sql.BasicBinder      : binding parameter [9] as [TIMESTAMP] - [2021-03-10T22:37:37.825046700]
2021-03-10 22:37:38.308 TRACE 20712 --- [    Test worker] o.h.type.descriptor.sql.BasicBinder      : binding parameter [10] as [VARCHAR] - [null]
2021-03-10 22:37:38.308 TRACE 20712 --- [    Test worker] o.h.type.descriptor.sql.BasicBinder      : binding parameter [11] as [BOOLEAN] - [true]
2021-03-10 22:37:38.308 TRACE 20712 --- [    Test worker] o.h.type.descriptor.sql.BasicBinder      : binding parameter [12] as [VARCHAR] - [스프링 스터디입니다]
2021-03-10 22:37:38.308 TRACE 20712 --- [    Test worker] o.h.type.descriptor.sql.BasicBinder      : binding parameter [13] as [VARCHAR] - [인공지능 스터디89]
2021-03-10 22:37:38.308 TRACE 20712 --- [    Test worker] o.h.type.descriptor.sql.BasicBinder      : binding parameter [14] as [BIGINT] - [235]
Hibernate: 
    insert 
    into
        study
        (likes, counts, full_description, level, location_id, max_count, mento_recruiting, open, published_date_time, question, recruiting, short_description, title, id) 
    values
        (?, ?, ?, ?, ?, ?, ?, ?, ?, ?, ?, ?, ?, ?)
2021-03-10 22:37:38.308 TRACE 20712 --- [    Test worker] o.h.type.descriptor.sql.BasicBinder      : binding parameter [1] as [INTEGER] - [0]
2021-03-10 22:37:38.308 TRACE 20712 --- [    Test worker] o.h.type.descriptor.sql.BasicBinder      : binding parameter [2] as [INTEGER] - [0]
2021-03-10 22:37:38.308 TRACE 20712 --- [    Test worker] o.h.type.descriptor.sql.BasicBinder      : binding parameter [3] as [VARCHAR] - [null]
2021-03-10 22:37:38.308 TRACE 20712 --- [    Test worker] o.h.type.descriptor.sql.BasicBinder      : binding parameter [4] as [INTEGER] - [null]
2021-03-10 22:37:38.308 TRACE 20712 --- [    Test worker] o.h.type.descriptor.sql.BasicBinder      : binding parameter [5] as [BIGINT] - [61]
2021-03-10 22:37:38.308 TRACE 20712 --- [    Test worker] o.h.type.descriptor.sql.BasicBinder      : binding parameter [6] as [INTEGER] - [3]
2021-03-10 22:37:38.308 TRACE 20712 --- [    Test worker] o.h.type.descriptor.sql.BasicBinder      : binding parameter [7] as [BOOLEAN] - [null]
2021-03-10 22:37:38.308 TRACE 20712 --- [    Test worker] o.h.type.descriptor.sql.BasicBinder      : binding parameter [8] as [BOOLEAN] - [true]
2021-03-10 22:37:38.308 TRACE 20712 --- [    Test worker] o.h.type.descriptor.sql.BasicBinder      : binding parameter [9] as [TIMESTAMP] - [2021-03-10T22:37:37.840670300]
2021-03-10 22:37:38.308 TRACE 20712 --- [    Test worker] o.h.type.descriptor.sql.BasicBinder      : binding parameter [10] as [VARCHAR] - [null]
2021-03-10 22:37:38.308 TRACE 20712 --- [    Test worker] o.h.type.descriptor.sql.BasicBinder      : binding parameter [11] as [BOOLEAN] - [false]
2021-03-10 22:37:38.308 TRACE 20712 --- [    Test worker] o.h.type.descriptor.sql.BasicBinder      : binding parameter [12] as [VARCHAR] - [스프링 스터디입니다]
2021-03-10 22:37:38.308 TRACE 20712 --- [    Test worker] o.h.type.descriptor.sql.BasicBinder      : binding parameter [13] as [VARCHAR] - [하둡 스터디90]
2021-03-10 22:37:38.308 TRACE 20712 --- [    Test worker] o.h.type.descriptor.sql.BasicBinder      : binding parameter [14] as [BIGINT] - [236]
Hibernate: 
    insert 
    into
        study
        (likes, counts, full_description, level, location_id, max_count, mento_recruiting, open, published_date_time, question, recruiting, short_description, title, id) 
    values
        (?, ?, ?, ?, ?, ?, ?, ?, ?, ?, ?, ?, ?, ?)
2021-03-10 22:37:38.308 TRACE 20712 --- [    Test worker] o.h.type.descriptor.sql.BasicBinder      : binding parameter [1] as [INTEGER] - [0]
2021-03-10 22:37:38.308 TRACE 20712 --- [    Test worker] o.h.type.descriptor.sql.BasicBinder      : binding parameter [2] as [INTEGER] - [0]
2021-03-10 22:37:38.308 TRACE 20712 --- [    Test worker] o.h.type.descriptor.sql.BasicBinder      : binding parameter [3] as [VARCHAR] - [null]
2021-03-10 22:37:38.308 TRACE 20712 --- [    Test worker] o.h.type.descriptor.sql.BasicBinder      : binding parameter [4] as [INTEGER] - [null]
2021-03-10 22:37:38.308 TRACE 20712 --- [    Test worker] o.h.type.descriptor.sql.BasicBinder      : binding parameter [5] as [BIGINT] - [61]
2021-03-10 22:37:38.308 TRACE 20712 --- [    Test worker] o.h.type.descriptor.sql.BasicBinder      : binding parameter [6] as [INTEGER] - [3]
2021-03-10 22:37:38.308 TRACE 20712 --- [    Test worker] o.h.type.descriptor.sql.BasicBinder      : binding parameter [7] as [BOOLEAN] - [null]
2021-03-10 22:37:38.308 TRACE 20712 --- [    Test worker] o.h.type.descriptor.sql.BasicBinder      : binding parameter [8] as [BOOLEAN] - [true]
2021-03-10 22:37:38.308 TRACE 20712 --- [    Test worker] o.h.type.descriptor.sql.BasicBinder      : binding parameter [9] as [TIMESTAMP] - [2021-03-10T22:37:37.840670300]
2021-03-10 22:37:38.308 TRACE 20712 --- [    Test worker] o.h.type.descriptor.sql.BasicBinder      : binding parameter [10] as [VARCHAR] - [null]
2021-03-10 22:37:38.308 TRACE 20712 --- [    Test worker] o.h.type.descriptor.sql.BasicBinder      : binding parameter [11] as [BOOLEAN] - [false]
2021-03-10 22:37:38.308 TRACE 20712 --- [    Test worker] o.h.type.descriptor.sql.BasicBinder      : binding parameter [12] as [VARCHAR] - [스프링 스터디입니다]
2021-03-10 22:37:38.308 TRACE 20712 --- [    Test worker] o.h.type.descriptor.sql.BasicBinder      : binding parameter [13] as [VARCHAR] - [자바 스터디91]
2021-03-10 22:37:38.308 TRACE 20712 --- [    Test worker] o.h.type.descriptor.sql.BasicBinder      : binding parameter [14] as [BIGINT] - [237]
Hibernate: 
    insert 
    into
        study
        (likes, counts, full_description, level, location_id, max_count, mento_recruiting, open, published_date_time, question, recruiting, short_description, title, id) 
    values
        (?, ?, ?, ?, ?, ?, ?, ?, ?, ?, ?, ?, ?, ?)
2021-03-10 22:37:38.308 TRACE 20712 --- [    Test worker] o.h.type.descriptor.sql.BasicBinder      : binding parameter [1] as [INTEGER] - [0]
2021-03-10 22:37:38.308 TRACE 20712 --- [    Test worker] o.h.type.descriptor.sql.BasicBinder      : binding parameter [2] as [INTEGER] - [0]
2021-03-10 22:37:38.308 TRACE 20712 --- [    Test worker] o.h.type.descriptor.sql.BasicBinder      : binding parameter [3] as [VARCHAR] - [null]
2021-03-10 22:37:38.308 TRACE 20712 --- [    Test worker] o.h.type.descriptor.sql.BasicBinder      : binding parameter [4] as [INTEGER] - [null]
2021-03-10 22:37:38.308 TRACE 20712 --- [    Test worker] o.h.type.descriptor.sql.BasicBinder      : binding parameter [5] as [BIGINT] - [61]
2021-03-10 22:37:38.308 TRACE 20712 --- [    Test worker] o.h.type.descriptor.sql.BasicBinder      : binding parameter [6] as [INTEGER] - [3]
2021-03-10 22:37:38.308 TRACE 20712 --- [    Test worker] o.h.type.descriptor.sql.BasicBinder      : binding parameter [7] as [BOOLEAN] - [null]
2021-03-10 22:37:38.308 TRACE 20712 --- [    Test worker] o.h.type.descriptor.sql.BasicBinder      : binding parameter [8] as [BOOLEAN] - [true]
2021-03-10 22:37:38.308 TRACE 20712 --- [    Test worker] o.h.type.descriptor.sql.BasicBinder      : binding parameter [9] as [TIMESTAMP] - [2021-03-10T22:37:37.840670300]
2021-03-10 22:37:38.308 TRACE 20712 --- [    Test worker] o.h.type.descriptor.sql.BasicBinder      : binding parameter [10] as [VARCHAR] - [null]
2021-03-10 22:37:38.308 TRACE 20712 --- [    Test worker] o.h.type.descriptor.sql.BasicBinder      : binding parameter [11] as [BOOLEAN] - [true]
2021-03-10 22:37:38.308 TRACE 20712 --- [    Test worker] o.h.type.descriptor.sql.BasicBinder      : binding parameter [12] as [VARCHAR] - [스프링 스터디입니다]
2021-03-10 22:37:38.308 TRACE 20712 --- [    Test worker] o.h.type.descriptor.sql.BasicBinder      : binding parameter [13] as [VARCHAR] - [스프링 스터디92]
2021-03-10 22:37:38.308 TRACE 20712 --- [    Test worker] o.h.type.descriptor.sql.BasicBinder      : binding parameter [14] as [BIGINT] - [238]
Hibernate: 
    insert 
    into
        study
        (likes, counts, full_description, level, location_id, max_count, mento_recruiting, open, published_date_time, question, recruiting, short_description, title, id) 
    values
        (?, ?, ?, ?, ?, ?, ?, ?, ?, ?, ?, ?, ?, ?)
2021-03-10 22:37:38.308 TRACE 20712 --- [    Test worker] o.h.type.descriptor.sql.BasicBinder      : binding parameter [1] as [INTEGER] - [0]
2021-03-10 22:37:38.308 TRACE 20712 --- [    Test worker] o.h.type.descriptor.sql.BasicBinder      : binding parameter [2] as [INTEGER] - [0]
2021-03-10 22:37:38.308 TRACE 20712 --- [    Test worker] o.h.type.descriptor.sql.BasicBinder      : binding parameter [3] as [VARCHAR] - [null]
2021-03-10 22:37:38.308 TRACE 20712 --- [    Test worker] o.h.type.descriptor.sql.BasicBinder      : binding parameter [4] as [INTEGER] - [null]
2021-03-10 22:37:38.308 TRACE 20712 --- [    Test worker] o.h.type.descriptor.sql.BasicBinder      : binding parameter [5] as [BIGINT] - [61]
2021-03-10 22:37:38.308 TRACE 20712 --- [    Test worker] o.h.type.descriptor.sql.BasicBinder      : binding parameter [6] as [INTEGER] - [3]
2021-03-10 22:37:38.308 TRACE 20712 --- [    Test worker] o.h.type.descriptor.sql.BasicBinder      : binding parameter [7] as [BOOLEAN] - [null]
2021-03-10 22:37:38.308 TRACE 20712 --- [    Test worker] o.h.type.descriptor.sql.BasicBinder      : binding parameter [8] as [BOOLEAN] - [true]
2021-03-10 22:37:38.308 TRACE 20712 --- [    Test worker] o.h.type.descriptor.sql.BasicBinder      : binding parameter [9] as [TIMESTAMP] - [2021-03-10T22:37:37.840670300]
2021-03-10 22:37:38.308 TRACE 20712 --- [    Test worker] o.h.type.descriptor.sql.BasicBinder      : binding parameter [10] as [VARCHAR] - [null]
2021-03-10 22:37:38.308 TRACE 20712 --- [    Test worker] o.h.type.descriptor.sql.BasicBinder      : binding parameter [11] as [BOOLEAN] - [false]
2021-03-10 22:37:38.308 TRACE 20712 --- [    Test worker] o.h.type.descriptor.sql.BasicBinder      : binding parameter [12] as [VARCHAR] - [스프링 스터디입니다]
2021-03-10 22:37:38.308 TRACE 20712 --- [    Test worker] o.h.type.descriptor.sql.BasicBinder      : binding parameter [13] as [VARCHAR] - [인공지능 스터디93]
2021-03-10 22:37:38.308 TRACE 20712 --- [    Test worker] o.h.type.descriptor.sql.BasicBinder      : binding parameter [14] as [BIGINT] - [239]
Hibernate: 
    insert 
    into
        study
        (likes, counts, full_description, level, location_id, max_count, mento_recruiting, open, published_date_time, question, recruiting, short_description, title, id) 
    values
        (?, ?, ?, ?, ?, ?, ?, ?, ?, ?, ?, ?, ?, ?)
2021-03-10 22:37:38.308 TRACE 20712 --- [    Test worker] o.h.type.descriptor.sql.BasicBinder      : binding parameter [1] as [INTEGER] - [0]
2021-03-10 22:37:38.308 TRACE 20712 --- [    Test worker] o.h.type.descriptor.sql.BasicBinder      : binding parameter [2] as [INTEGER] - [0]
2021-03-10 22:37:38.308 TRACE 20712 --- [    Test worker] o.h.type.descriptor.sql.BasicBinder      : binding parameter [3] as [VARCHAR] - [null]
2021-03-10 22:37:38.308 TRACE 20712 --- [    Test worker] o.h.type.descriptor.sql.BasicBinder      : binding parameter [4] as [INTEGER] - [null]
2021-03-10 22:37:38.308 TRACE 20712 --- [    Test worker] o.h.type.descriptor.sql.BasicBinder      : binding parameter [5] as [BIGINT] - [61]
2021-03-10 22:37:38.308 TRACE 20712 --- [    Test worker] o.h.type.descriptor.sql.BasicBinder      : binding parameter [6] as [INTEGER] - [3]
2021-03-10 22:37:38.308 TRACE 20712 --- [    Test worker] o.h.type.descriptor.sql.BasicBinder      : binding parameter [7] as [BOOLEAN] - [null]
2021-03-10 22:37:38.308 TRACE 20712 --- [    Test worker] o.h.type.descriptor.sql.BasicBinder      : binding parameter [8] as [BOOLEAN] - [true]
2021-03-10 22:37:38.308 TRACE 20712 --- [    Test worker] o.h.type.descriptor.sql.BasicBinder      : binding parameter [9] as [TIMESTAMP] - [2021-03-10T22:37:37.840670300]
2021-03-10 22:37:38.308 TRACE 20712 --- [    Test worker] o.h.type.descriptor.sql.BasicBinder      : binding parameter [10] as [VARCHAR] - [null]
2021-03-10 22:37:38.308 TRACE 20712 --- [    Test worker] o.h.type.descriptor.sql.BasicBinder      : binding parameter [11] as [BOOLEAN] - [false]
2021-03-10 22:37:38.308 TRACE 20712 --- [    Test worker] o.h.type.descriptor.sql.BasicBinder      : binding parameter [12] as [VARCHAR] - [스프링 스터디입니다]
2021-03-10 22:37:38.308 TRACE 20712 --- [    Test worker] o.h.type.descriptor.sql.BasicBinder      : binding parameter [13] as [VARCHAR] - [스프링 스터디94]
2021-03-10 22:37:38.308 TRACE 20712 --- [    Test worker] o.h.type.descriptor.sql.BasicBinder      : binding parameter [14] as [BIGINT] - [240]
Hibernate: 
    insert 
    into
        study
        (likes, counts, full_description, level, location_id, max_count, mento_recruiting, open, published_date_time, question, recruiting, short_description, title, id) 
    values
        (?, ?, ?, ?, ?, ?, ?, ?, ?, ?, ?, ?, ?, ?)
2021-03-10 22:37:38.323 TRACE 20712 --- [    Test worker] o.h.type.descriptor.sql.BasicBinder      : binding parameter [1] as [INTEGER] - [0]
2021-03-10 22:37:38.323 TRACE 20712 --- [    Test worker] o.h.type.descriptor.sql.BasicBinder      : binding parameter [2] as [INTEGER] - [0]
2021-03-10 22:37:38.323 TRACE 20712 --- [    Test worker] o.h.type.descriptor.sql.BasicBinder      : binding parameter [3] as [VARCHAR] - [null]
2021-03-10 22:37:38.323 TRACE 20712 --- [    Test worker] o.h.type.descriptor.sql.BasicBinder      : binding parameter [4] as [INTEGER] - [null]
2021-03-10 22:37:38.323 TRACE 20712 --- [    Test worker] o.h.type.descriptor.sql.BasicBinder      : binding parameter [5] as [BIGINT] - [61]
2021-03-10 22:37:38.323 TRACE 20712 --- [    Test worker] o.h.type.descriptor.sql.BasicBinder      : binding parameter [6] as [INTEGER] - [3]
2021-03-10 22:37:38.323 TRACE 20712 --- [    Test worker] o.h.type.descriptor.sql.BasicBinder      : binding parameter [7] as [BOOLEAN] - [null]
2021-03-10 22:37:38.323 TRACE 20712 --- [    Test worker] o.h.type.descriptor.sql.BasicBinder      : binding parameter [8] as [BOOLEAN] - [true]
2021-03-10 22:37:38.323 TRACE 20712 --- [    Test worker] o.h.type.descriptor.sql.BasicBinder      : binding parameter [9] as [TIMESTAMP] - [2021-03-10T22:37:37.856293700]
2021-03-10 22:37:38.323 TRACE 20712 --- [    Test worker] o.h.type.descriptor.sql.BasicBinder      : binding parameter [10] as [VARCHAR] - [null]
2021-03-10 22:37:38.323 TRACE 20712 --- [    Test worker] o.h.type.descriptor.sql.BasicBinder      : binding parameter [11] as [BOOLEAN] - [true]
2021-03-10 22:37:38.323 TRACE 20712 --- [    Test worker] o.h.type.descriptor.sql.BasicBinder      : binding parameter [12] as [VARCHAR] - [스프링 스터디입니다]
2021-03-10 22:37:38.323 TRACE 20712 --- [    Test worker] o.h.type.descriptor.sql.BasicBinder      : binding parameter [13] as [VARCHAR] - [인공지능 스터디95]
2021-03-10 22:37:38.323 TRACE 20712 --- [    Test worker] o.h.type.descriptor.sql.BasicBinder      : binding parameter [14] as [BIGINT] - [241]
Hibernate: 
    insert 
    into
        study
        (likes, counts, full_description, level, location_id, max_count, mento_recruiting, open, published_date_time, question, recruiting, short_description, title, id) 
    values
        (?, ?, ?, ?, ?, ?, ?, ?, ?, ?, ?, ?, ?, ?)
2021-03-10 22:37:38.323 TRACE 20712 --- [    Test worker] o.h.type.descriptor.sql.BasicBinder      : binding parameter [1] as [INTEGER] - [0]
2021-03-10 22:37:38.323 TRACE 20712 --- [    Test worker] o.h.type.descriptor.sql.BasicBinder      : binding parameter [2] as [INTEGER] - [0]
2021-03-10 22:37:38.323 TRACE 20712 --- [    Test worker] o.h.type.descriptor.sql.BasicBinder      : binding parameter [3] as [VARCHAR] - [null]
2021-03-10 22:37:38.323 TRACE 20712 --- [    Test worker] o.h.type.descriptor.sql.BasicBinder      : binding parameter [4] as [INTEGER] - [null]
2021-03-10 22:37:38.323 TRACE 20712 --- [    Test worker] o.h.type.descriptor.sql.BasicBinder      : binding parameter [5] as [BIGINT] - [61]
2021-03-10 22:37:38.323 TRACE 20712 --- [    Test worker] o.h.type.descriptor.sql.BasicBinder      : binding parameter [6] as [INTEGER] - [3]
2021-03-10 22:37:38.323 TRACE 20712 --- [    Test worker] o.h.type.descriptor.sql.BasicBinder      : binding parameter [7] as [BOOLEAN] - [null]
2021-03-10 22:37:38.323 TRACE 20712 --- [    Test worker] o.h.type.descriptor.sql.BasicBinder      : binding parameter [8] as [BOOLEAN] - [true]
2021-03-10 22:37:38.323 TRACE 20712 --- [    Test worker] o.h.type.descriptor.sql.BasicBinder      : binding parameter [9] as [TIMESTAMP] - [2021-03-10T22:37:37.856293700]
2021-03-10 22:37:38.323 TRACE 20712 --- [    Test worker] o.h.type.descriptor.sql.BasicBinder      : binding parameter [10] as [VARCHAR] - [null]
2021-03-10 22:37:38.323 TRACE 20712 --- [    Test worker] o.h.type.descriptor.sql.BasicBinder      : binding parameter [11] as [BOOLEAN] - [true]
2021-03-10 22:37:38.323 TRACE 20712 --- [    Test worker] o.h.type.descriptor.sql.BasicBinder      : binding parameter [12] as [VARCHAR] - [스프링 스터디입니다]
2021-03-10 22:37:38.323 TRACE 20712 --- [    Test worker] o.h.type.descriptor.sql.BasicBinder      : binding parameter [13] as [VARCHAR] - [하둡 스터디96]
2021-03-10 22:37:38.323 TRACE 20712 --- [    Test worker] o.h.type.descriptor.sql.BasicBinder      : binding parameter [14] as [BIGINT] - [242]
Hibernate: 
    insert 
    into
        study
        (likes, counts, full_description, level, location_id, max_count, mento_recruiting, open, published_date_time, question, recruiting, short_description, title, id) 
    values
        (?, ?, ?, ?, ?, ?, ?, ?, ?, ?, ?, ?, ?, ?)
2021-03-10 22:37:38.323 TRACE 20712 --- [    Test worker] o.h.type.descriptor.sql.BasicBinder      : binding parameter [1] as [INTEGER] - [0]
2021-03-10 22:37:38.323 TRACE 20712 --- [    Test worker] o.h.type.descriptor.sql.BasicBinder      : binding parameter [2] as [INTEGER] - [0]
2021-03-10 22:37:38.323 TRACE 20712 --- [    Test worker] o.h.type.descriptor.sql.BasicBinder      : binding parameter [3] as [VARCHAR] - [null]
2021-03-10 22:37:38.323 TRACE 20712 --- [    Test worker] o.h.type.descriptor.sql.BasicBinder      : binding parameter [4] as [INTEGER] - [null]
2021-03-10 22:37:38.323 TRACE 20712 --- [    Test worker] o.h.type.descriptor.sql.BasicBinder      : binding parameter [5] as [BIGINT] - [61]
2021-03-10 22:37:38.323 TRACE 20712 --- [    Test worker] o.h.type.descriptor.sql.BasicBinder      : binding parameter [6] as [INTEGER] - [3]
2021-03-10 22:37:38.323 TRACE 20712 --- [    Test worker] o.h.type.descriptor.sql.BasicBinder      : binding parameter [7] as [BOOLEAN] - [null]
2021-03-10 22:37:38.323 TRACE 20712 --- [    Test worker] o.h.type.descriptor.sql.BasicBinder      : binding parameter [8] as [BOOLEAN] - [true]
2021-03-10 22:37:38.323 TRACE 20712 --- [    Test worker] o.h.type.descriptor.sql.BasicBinder      : binding parameter [9] as [TIMESTAMP] - [2021-03-10T22:37:37.856293700]
2021-03-10 22:37:38.323 TRACE 20712 --- [    Test worker] o.h.type.descriptor.sql.BasicBinder      : binding parameter [10] as [VARCHAR] - [null]
2021-03-10 22:37:38.323 TRACE 20712 --- [    Test worker] o.h.type.descriptor.sql.BasicBinder      : binding parameter [11] as [BOOLEAN] - [false]
2021-03-10 22:37:38.323 TRACE 20712 --- [    Test worker] o.h.type.descriptor.sql.BasicBinder      : binding parameter [12] as [VARCHAR] - [스프링 스터디입니다]
2021-03-10 22:37:38.323 TRACE 20712 --- [    Test worker] o.h.type.descriptor.sql.BasicBinder      : binding parameter [13] as [VARCHAR] - [인공지능 스터디97]
2021-03-10 22:37:38.323 TRACE 20712 --- [    Test worker] o.h.type.descriptor.sql.BasicBinder      : binding parameter [14] as [BIGINT] - [243]
Hibernate: 
    insert 
    into
        study
        (likes, counts, full_description, level, location_id, max_count, mento_recruiting, open, published_date_time, question, recruiting, short_description, title, id) 
    values
        (?, ?, ?, ?, ?, ?, ?, ?, ?, ?, ?, ?, ?, ?)
2021-03-10 22:37:38.323 TRACE 20712 --- [    Test worker] o.h.type.descriptor.sql.BasicBinder      : binding parameter [1] as [INTEGER] - [0]
2021-03-10 22:37:38.323 TRACE 20712 --- [    Test worker] o.h.type.descriptor.sql.BasicBinder      : binding parameter [2] as [INTEGER] - [0]
2021-03-10 22:37:38.323 TRACE 20712 --- [    Test worker] o.h.type.descriptor.sql.BasicBinder      : binding parameter [3] as [VARCHAR] - [null]
2021-03-10 22:37:38.323 TRACE 20712 --- [    Test worker] o.h.type.descriptor.sql.BasicBinder      : binding parameter [4] as [INTEGER] - [null]
2021-03-10 22:37:38.323 TRACE 20712 --- [    Test worker] o.h.type.descriptor.sql.BasicBinder      : binding parameter [5] as [BIGINT] - [61]
2021-03-10 22:37:38.323 TRACE 20712 --- [    Test worker] o.h.type.descriptor.sql.BasicBinder      : binding parameter [6] as [INTEGER] - [3]
2021-03-10 22:37:38.323 TRACE 20712 --- [    Test worker] o.h.type.descriptor.sql.BasicBinder      : binding parameter [7] as [BOOLEAN] - [null]
2021-03-10 22:37:38.323 TRACE 20712 --- [    Test worker] o.h.type.descriptor.sql.BasicBinder      : binding parameter [8] as [BOOLEAN] - [true]
2021-03-10 22:37:38.323 TRACE 20712 --- [    Test worker] o.h.type.descriptor.sql.BasicBinder      : binding parameter [9] as [TIMESTAMP] - [2021-03-10T22:37:37.871920900]
2021-03-10 22:37:38.323 TRACE 20712 --- [    Test worker] o.h.type.descriptor.sql.BasicBinder      : binding parameter [10] as [VARCHAR] - [null]
2021-03-10 22:37:38.323 TRACE 20712 --- [    Test worker] o.h.type.descriptor.sql.BasicBinder      : binding parameter [11] as [BOOLEAN] - [true]
2021-03-10 22:37:38.323 TRACE 20712 --- [    Test worker] o.h.type.descriptor.sql.BasicBinder      : binding parameter [12] as [VARCHAR] - [스프링 스터디입니다]
2021-03-10 22:37:38.323 TRACE 20712 --- [    Test worker] o.h.type.descriptor.sql.BasicBinder      : binding parameter [13] as [VARCHAR] - [스프링 스터디98]
2021-03-10 22:37:38.323 TRACE 20712 --- [    Test worker] o.h.type.descriptor.sql.BasicBinder      : binding parameter [14] as [BIGINT] - [244]
Hibernate: 
    insert 
    into
        study
        (likes, counts, full_description, level, location_id, max_count, mento_recruiting, open, published_date_time, question, recruiting, short_description, title, id) 
    values
        (?, ?, ?, ?, ?, ?, ?, ?, ?, ?, ?, ?, ?, ?)
2021-03-10 22:37:38.323 TRACE 20712 --- [    Test worker] o.h.type.descriptor.sql.BasicBinder      : binding parameter [1] as [INTEGER] - [0]
2021-03-10 22:37:38.323 TRACE 20712 --- [    Test worker] o.h.type.descriptor.sql.BasicBinder      : binding parameter [2] as [INTEGER] - [0]
2021-03-10 22:37:38.323 TRACE 20712 --- [    Test worker] o.h.type.descriptor.sql.BasicBinder      : binding parameter [3] as [VARCHAR] - [null]
2021-03-10 22:37:38.323 TRACE 20712 --- [    Test worker] o.h.type.descriptor.sql.BasicBinder      : binding parameter [4] as [INTEGER] - [null]
2021-03-10 22:37:38.323 TRACE 20712 --- [    Test worker] o.h.type.descriptor.sql.BasicBinder      : binding parameter [5] as [BIGINT] - [61]
2021-03-10 22:37:38.323 TRACE 20712 --- [    Test worker] o.h.type.descriptor.sql.BasicBinder      : binding parameter [6] as [INTEGER] - [3]
2021-03-10 22:37:38.323 TRACE 20712 --- [    Test worker] o.h.type.descriptor.sql.BasicBinder      : binding parameter [7] as [BOOLEAN] - [null]
2021-03-10 22:37:38.323 TRACE 20712 --- [    Test worker] o.h.type.descriptor.sql.BasicBinder      : binding parameter [8] as [BOOLEAN] - [true]
2021-03-10 22:37:38.323 TRACE 20712 --- [    Test worker] o.h.type.descriptor.sql.BasicBinder      : binding parameter [9] as [TIMESTAMP] - [2021-03-10T22:37:37.871920900]
2021-03-10 22:37:38.323 TRACE 20712 --- [    Test worker] o.h.type.descriptor.sql.BasicBinder      : binding parameter [10] as [VARCHAR] - [null]
2021-03-10 22:37:38.323 TRACE 20712 --- [    Test worker] o.h.type.descriptor.sql.BasicBinder      : binding parameter [11] as [BOOLEAN] - [false]
2021-03-10 22:37:38.323 TRACE 20712 --- [    Test worker] o.h.type.descriptor.sql.BasicBinder      : binding parameter [12] as [VARCHAR] - [스프링 스터디입니다]
2021-03-10 22:37:38.323 TRACE 20712 --- [    Test worker] o.h.type.descriptor.sql.BasicBinder      : binding parameter [13] as [VARCHAR] - [인공지능 스터디99]
2021-03-10 22:37:38.323 TRACE 20712 --- [    Test worker] o.h.type.descriptor.sql.BasicBinder      : binding parameter [14] as [BIGINT] - [245]
Hibernate: 
    insert 
    into
        study_tags
        (study_id, tags_id) 
    values
        (?, ?)
2021-03-10 22:37:38.339 TRACE 20712 --- [    Test worker] o.h.type.descriptor.sql.BasicBinder      : binding parameter [1] as [BIGINT] - [146]
2021-03-10 22:37:38.339 TRACE 20712 --- [    Test worker] o.h.type.descriptor.sql.BasicBinder      : binding parameter [2] as [BIGINT] - [29]
Hibernate: 
    insert 
    into
        study_tags
        (study_id, tags_id) 
    values
        (?, ?)
2021-03-10 22:37:38.339 TRACE 20712 --- [    Test worker] o.h.type.descriptor.sql.BasicBinder      : binding parameter [1] as [BIGINT] - [146]
2021-03-10 22:37:38.339 TRACE 20712 --- [    Test worker] o.h.type.descriptor.sql.BasicBinder      : binding parameter [2] as [BIGINT] - [58]
Hibernate: 
    insert 
    into
        study_tags
        (study_id, tags_id) 
    values
        (?, ?)
2021-03-10 22:37:38.339 TRACE 20712 --- [    Test worker] o.h.type.descriptor.sql.BasicBinder      : binding parameter [1] as [BIGINT] - [146]
2021-03-10 22:37:38.339 TRACE 20712 --- [    Test worker] o.h.type.descriptor.sql.BasicBinder      : binding parameter [2] as [BIGINT] - [54]
Hibernate: 
    insert 
    into
        study_tags
        (study_id, tags_id) 
    values
        (?, ?)
2021-03-10 22:37:38.339 TRACE 20712 --- [    Test worker] o.h.type.descriptor.sql.BasicBinder      : binding parameter [1] as [BIGINT] - [147]
2021-03-10 22:37:38.339 TRACE 20712 --- [    Test worker] o.h.type.descriptor.sql.BasicBinder      : binding parameter [2] as [BIGINT] - [49]
Hibernate: 
    insert 
    into
        study_tags
        (study_id, tags_id) 
    values
        (?, ?)
2021-03-10 22:37:38.339 TRACE 20712 --- [    Test worker] o.h.type.descriptor.sql.BasicBinder      : binding parameter [1] as [BIGINT] - [147]
2021-03-10 22:37:38.339 TRACE 20712 --- [    Test worker] o.h.type.descriptor.sql.BasicBinder      : binding parameter [2] as [BIGINT] - [43]
Hibernate: 
    insert 
    into
        study_tags
        (study_id, tags_id) 
    values
        (?, ?)
2021-03-10 22:37:38.339 TRACE 20712 --- [    Test worker] o.h.type.descriptor.sql.BasicBinder      : binding parameter [1] as [BIGINT] - [147]
2021-03-10 22:37:38.339 TRACE 20712 --- [    Test worker] o.h.type.descriptor.sql.BasicBinder      : binding parameter [2] as [BIGINT] - [17]
Hibernate: 
    insert 
    into
        study_tags
        (study_id, tags_id) 
    values
        (?, ?)
2021-03-10 22:37:38.339 TRACE 20712 --- [    Test worker] o.h.type.descriptor.sql.BasicBinder      : binding parameter [1] as [BIGINT] - [148]
2021-03-10 22:37:38.339 TRACE 20712 --- [    Test worker] o.h.type.descriptor.sql.BasicBinder      : binding parameter [2] as [BIGINT] - [47]
Hibernate: 
    insert 
    into
        study_tags
        (study_id, tags_id) 
    values
        (?, ?)
2021-03-10 22:37:38.339 TRACE 20712 --- [    Test worker] o.h.type.descriptor.sql.BasicBinder      : binding parameter [1] as [BIGINT] - [148]
2021-03-10 22:37:38.339 TRACE 20712 --- [    Test worker] o.h.type.descriptor.sql.BasicBinder      : binding parameter [2] as [BIGINT] - [41]
Hibernate: 
    insert 
    into
        study_tags
        (study_id, tags_id) 
    values
        (?, ?)
2021-03-10 22:37:38.339 TRACE 20712 --- [    Test worker] o.h.type.descriptor.sql.BasicBinder      : binding parameter [1] as [BIGINT] - [148]
2021-03-10 22:37:38.339 TRACE 20712 --- [    Test worker] o.h.type.descriptor.sql.BasicBinder      : binding parameter [2] as [BIGINT] - [35]
Hibernate: 
    insert 
    into
        study_tags
        (study_id, tags_id) 
    values
        (?, ?)
2021-03-10 22:37:38.339 TRACE 20712 --- [    Test worker] o.h.type.descriptor.sql.BasicBinder      : binding parameter [1] as [BIGINT] - [149]
2021-03-10 22:37:38.339 TRACE 20712 --- [    Test worker] o.h.type.descriptor.sql.BasicBinder      : binding parameter [2] as [BIGINT] - [27]
Hibernate: 
    insert 
    into
        study_tags
        (study_id, tags_id) 
    values
        (?, ?)
2021-03-10 22:37:38.339 TRACE 20712 --- [    Test worker] o.h.type.descriptor.sql.BasicBinder      : binding parameter [1] as [BIGINT] - [149]
2021-03-10 22:37:38.339 TRACE 20712 --- [    Test worker] o.h.type.descriptor.sql.BasicBinder      : binding parameter [2] as [BIGINT] - [34]
Hibernate: 
    insert 
    into
        study_tags
        (study_id, tags_id) 
    values
        (?, ?)
2021-03-10 22:37:38.339 TRACE 20712 --- [    Test worker] o.h.type.descriptor.sql.BasicBinder      : binding parameter [1] as [BIGINT] - [149]
2021-03-10 22:37:38.339 TRACE 20712 --- [    Test worker] o.h.type.descriptor.sql.BasicBinder      : binding parameter [2] as [BIGINT] - [51]
Hibernate: 
    insert 
    into
        study_tags
        (study_id, tags_id) 
    values
        (?, ?)
2021-03-10 22:37:38.339 TRACE 20712 --- [    Test worker] o.h.type.descriptor.sql.BasicBinder      : binding parameter [1] as [BIGINT] - [150]
2021-03-10 22:37:38.339 TRACE 20712 --- [    Test worker] o.h.type.descriptor.sql.BasicBinder      : binding parameter [2] as [BIGINT] - [28]
Hibernate: 
    insert 
    into
        study_tags
        (study_id, tags_id) 
    values
        (?, ?)
2021-03-10 22:37:38.339 TRACE 20712 --- [    Test worker] o.h.type.descriptor.sql.BasicBinder      : binding parameter [1] as [BIGINT] - [150]
2021-03-10 22:37:38.339 TRACE 20712 --- [    Test worker] o.h.type.descriptor.sql.BasicBinder      : binding parameter [2] as [BIGINT] - [51]
Hibernate: 
    insert 
    into
        study_tags
        (study_id, tags_id) 
    values
        (?, ?)
2021-03-10 22:37:38.339 TRACE 20712 --- [    Test worker] o.h.type.descriptor.sql.BasicBinder      : binding parameter [1] as [BIGINT] - [150]
2021-03-10 22:37:38.339 TRACE 20712 --- [    Test worker] o.h.type.descriptor.sql.BasicBinder      : binding parameter [2] as [BIGINT] - [43]
Hibernate: 
    insert 
    into
        study_tags
        (study_id, tags_id) 
    values
        (?, ?)
2021-03-10 22:37:38.339 TRACE 20712 --- [    Test worker] o.h.type.descriptor.sql.BasicBinder      : binding parameter [1] as [BIGINT] - [151]
2021-03-10 22:37:38.339 TRACE 20712 --- [    Test worker] o.h.type.descriptor.sql.BasicBinder      : binding parameter [2] as [BIGINT] - [34]
Hibernate: 
    insert 
    into
        study_tags
        (study_id, tags_id) 
    values
        (?, ?)
2021-03-10 22:37:38.339 TRACE 20712 --- [    Test worker] o.h.type.descriptor.sql.BasicBinder      : binding parameter [1] as [BIGINT] - [151]
2021-03-10 22:37:38.339 TRACE 20712 --- [    Test worker] o.h.type.descriptor.sql.BasicBinder      : binding parameter [2] as [BIGINT] - [21]
Hibernate: 
    insert 
    into
        study_tags
        (study_id, tags_id) 
    values
        (?, ?)
2021-03-10 22:37:38.339 TRACE 20712 --- [    Test worker] o.h.type.descriptor.sql.BasicBinder      : binding parameter [1] as [BIGINT] - [151]
2021-03-10 22:37:38.339 TRACE 20712 --- [    Test worker] o.h.type.descriptor.sql.BasicBinder      : binding parameter [2] as [BIGINT] - [43]
Hibernate: 
    insert 
    into
        study_tags
        (study_id, tags_id) 
    values
        (?, ?)
2021-03-10 22:37:38.339 TRACE 20712 --- [    Test worker] o.h.type.descriptor.sql.BasicBinder      : binding parameter [1] as [BIGINT] - [152]
2021-03-10 22:37:38.339 TRACE 20712 --- [    Test worker] o.h.type.descriptor.sql.BasicBinder      : binding parameter [2] as [BIGINT] - [28]
Hibernate: 
    insert 
    into
        study_tags
        (study_id, tags_id) 
    values
        (?, ?)
2021-03-10 22:37:38.339 TRACE 20712 --- [    Test worker] o.h.type.descriptor.sql.BasicBinder      : binding parameter [1] as [BIGINT] - [152]
2021-03-10 22:37:38.339 TRACE 20712 --- [    Test worker] o.h.type.descriptor.sql.BasicBinder      : binding parameter [2] as [BIGINT] - [60]
Hibernate: 
    insert 
    into
        study_tags
        (study_id, tags_id) 
    values
        (?, ?)
2021-03-10 22:37:38.339 TRACE 20712 --- [    Test worker] o.h.type.descriptor.sql.BasicBinder      : binding parameter [1] as [BIGINT] - [152]
2021-03-10 22:37:38.339 TRACE 20712 --- [    Test worker] o.h.type.descriptor.sql.BasicBinder      : binding parameter [2] as [BIGINT] - [7]
Hibernate: 
    insert 
    into
        study_tags
        (study_id, tags_id) 
    values
        (?, ?)
2021-03-10 22:37:38.339 TRACE 20712 --- [    Test worker] o.h.type.descriptor.sql.BasicBinder      : binding parameter [1] as [BIGINT] - [153]
2021-03-10 22:37:38.339 TRACE 20712 --- [    Test worker] o.h.type.descriptor.sql.BasicBinder      : binding parameter [2] as [BIGINT] - [19]
Hibernate: 
    insert 
    into
        study_tags
        (study_id, tags_id) 
    values
        (?, ?)
2021-03-10 22:37:38.339 TRACE 20712 --- [    Test worker] o.h.type.descriptor.sql.BasicBinder      : binding parameter [1] as [BIGINT] - [153]
2021-03-10 22:37:38.339 TRACE 20712 --- [    Test worker] o.h.type.descriptor.sql.BasicBinder      : binding parameter [2] as [BIGINT] - [56]
Hibernate: 
    insert 
    into
        study_tags
        (study_id, tags_id) 
    values
        (?, ?)
2021-03-10 22:37:38.339 TRACE 20712 --- [    Test worker] o.h.type.descriptor.sql.BasicBinder      : binding parameter [1] as [BIGINT] - [153]
2021-03-10 22:37:38.339 TRACE 20712 --- [    Test worker] o.h.type.descriptor.sql.BasicBinder      : binding parameter [2] as [BIGINT] - [35]
Hibernate: 
    insert 
    into
        study_tags
        (study_id, tags_id) 
    values
        (?, ?)
2021-03-10 22:37:38.339 TRACE 20712 --- [    Test worker] o.h.type.descriptor.sql.BasicBinder      : binding parameter [1] as [BIGINT] - [154]
2021-03-10 22:37:38.339 TRACE 20712 --- [    Test worker] o.h.type.descriptor.sql.BasicBinder      : binding parameter [2] as [BIGINT] - [18]
Hibernate: 
    insert 
    into
        study_tags
        (study_id, tags_id) 
    values
        (?, ?)
2021-03-10 22:37:38.339 TRACE 20712 --- [    Test worker] o.h.type.descriptor.sql.BasicBinder      : binding parameter [1] as [BIGINT] - [154]
2021-03-10 22:37:38.339 TRACE 20712 --- [    Test worker] o.h.type.descriptor.sql.BasicBinder      : binding parameter [2] as [BIGINT] - [42]
Hibernate: 
    insert 
    into
        study_tags
        (study_id, tags_id) 
    values
        (?, ?)
2021-03-10 22:37:38.339 TRACE 20712 --- [    Test worker] o.h.type.descriptor.sql.BasicBinder      : binding parameter [1] as [BIGINT] - [154]
2021-03-10 22:37:38.339 TRACE 20712 --- [    Test worker] o.h.type.descriptor.sql.BasicBinder      : binding parameter [2] as [BIGINT] - [36]
Hibernate: 
    insert 
    into
        study_tags
        (study_id, tags_id) 
    values
        (?, ?)
2021-03-10 22:37:38.339 TRACE 20712 --- [    Test worker] o.h.type.descriptor.sql.BasicBinder      : binding parameter [1] as [BIGINT] - [155]
2021-03-10 22:37:38.339 TRACE 20712 --- [    Test worker] o.h.type.descriptor.sql.BasicBinder      : binding parameter [2] as [BIGINT] - [49]
Hibernate: 
    insert 
    into
        study_tags
        (study_id, tags_id) 
    values
        (?, ?)
2021-03-10 22:37:38.339 TRACE 20712 --- [    Test worker] o.h.type.descriptor.sql.BasicBinder      : binding parameter [1] as [BIGINT] - [155]
2021-03-10 22:37:38.339 TRACE 20712 --- [    Test worker] o.h.type.descriptor.sql.BasicBinder      : binding parameter [2] as [BIGINT] - [57]
Hibernate: 
    insert 
    into
        study_tags
        (study_id, tags_id) 
    values
        (?, ?)
2021-03-10 22:37:38.339 TRACE 20712 --- [    Test worker] o.h.type.descriptor.sql.BasicBinder      : binding parameter [1] as [BIGINT] - [155]
2021-03-10 22:37:38.339 TRACE 20712 --- [    Test worker] o.h.type.descriptor.sql.BasicBinder      : binding parameter [2] as [BIGINT] - [14]
Hibernate: 
    insert 
    into
        study_tags
        (study_id, tags_id) 
    values
        (?, ?)
2021-03-10 22:37:38.339 TRACE 20712 --- [    Test worker] o.h.type.descriptor.sql.BasicBinder      : binding parameter [1] as [BIGINT] - [156]
2021-03-10 22:37:38.339 TRACE 20712 --- [    Test worker] o.h.type.descriptor.sql.BasicBinder      : binding parameter [2] as [BIGINT] - [13]
Hibernate: 
    insert 
    into
        study_tags
        (study_id, tags_id) 
    values
        (?, ?)
2021-03-10 22:37:38.339 TRACE 20712 --- [    Test worker] o.h.type.descriptor.sql.BasicBinder      : binding parameter [1] as [BIGINT] - [156]
2021-03-10 22:37:38.339 TRACE 20712 --- [    Test worker] o.h.type.descriptor.sql.BasicBinder      : binding parameter [2] as [BIGINT] - [6]
Hibernate: 
    insert 
    into
        study_tags
        (study_id, tags_id) 
    values
        (?, ?)
2021-03-10 22:37:38.339 TRACE 20712 --- [    Test worker] o.h.type.descriptor.sql.BasicBinder      : binding parameter [1] as [BIGINT] - [156]
2021-03-10 22:37:38.339 TRACE 20712 --- [    Test worker] o.h.type.descriptor.sql.BasicBinder      : binding parameter [2] as [BIGINT] - [12]
Hibernate: 
    insert 
    into
        study_tags
        (study_id, tags_id) 
    values
        (?, ?)
2021-03-10 22:37:38.339 TRACE 20712 --- [    Test worker] o.h.type.descriptor.sql.BasicBinder      : binding parameter [1] as [BIGINT] - [157]
2021-03-10 22:37:38.339 TRACE 20712 --- [    Test worker] o.h.type.descriptor.sql.BasicBinder      : binding parameter [2] as [BIGINT] - [52]
Hibernate: 
    insert 
    into
        study_tags
        (study_id, tags_id) 
    values
        (?, ?)
2021-03-10 22:37:38.339 TRACE 20712 --- [    Test worker] o.h.type.descriptor.sql.BasicBinder      : binding parameter [1] as [BIGINT] - [157]
2021-03-10 22:37:38.339 TRACE 20712 --- [    Test worker] o.h.type.descriptor.sql.BasicBinder      : binding parameter [2] as [BIGINT] - [2]
Hibernate: 
    insert 
    into
        study_tags
        (study_id, tags_id) 
    values
        (?, ?)
2021-03-10 22:37:38.339 TRACE 20712 --- [    Test worker] o.h.type.descriptor.sql.BasicBinder      : binding parameter [1] as [BIGINT] - [157]
2021-03-10 22:37:38.339 TRACE 20712 --- [    Test worker] o.h.type.descriptor.sql.BasicBinder      : binding parameter [2] as [BIGINT] - [17]
Hibernate: 
    insert 
    into
        study_tags
        (study_id, tags_id) 
    values
        (?, ?)
2021-03-10 22:37:38.339 TRACE 20712 --- [    Test worker] o.h.type.descriptor.sql.BasicBinder      : binding parameter [1] as [BIGINT] - [158]
2021-03-10 22:37:38.339 TRACE 20712 --- [    Test worker] o.h.type.descriptor.sql.BasicBinder      : binding parameter [2] as [BIGINT] - [44]
Hibernate: 
    insert 
    into
        study_tags
        (study_id, tags_id) 
    values
        (?, ?)
2021-03-10 22:37:38.339 TRACE 20712 --- [    Test worker] o.h.type.descriptor.sql.BasicBinder      : binding parameter [1] as [BIGINT] - [158]
2021-03-10 22:37:38.339 TRACE 20712 --- [    Test worker] o.h.type.descriptor.sql.BasicBinder      : binding parameter [2] as [BIGINT] - [31]
Hibernate: 
    insert 
    into
        study_tags
        (study_id, tags_id) 
    values
        (?, ?)
2021-03-10 22:37:38.339 TRACE 20712 --- [    Test worker] o.h.type.descriptor.sql.BasicBinder      : binding parameter [1] as [BIGINT] - [158]
2021-03-10 22:37:38.339 TRACE 20712 --- [    Test worker] o.h.type.descriptor.sql.BasicBinder      : binding parameter [2] as [BIGINT] - [12]
Hibernate: 
    insert 
    into
        study_tags
        (study_id, tags_id) 
    values
        (?, ?)
2021-03-10 22:37:38.339 TRACE 20712 --- [    Test worker] o.h.type.descriptor.sql.BasicBinder      : binding parameter [1] as [BIGINT] - [159]
2021-03-10 22:37:38.339 TRACE 20712 --- [    Test worker] o.h.type.descriptor.sql.BasicBinder      : binding parameter [2] as [BIGINT] - [29]
Hibernate: 
    insert 
    into
        study_tags
        (study_id, tags_id) 
    values
        (?, ?)
2021-03-10 22:37:38.339 TRACE 20712 --- [    Test worker] o.h.type.descriptor.sql.BasicBinder      : binding parameter [1] as [BIGINT] - [159]
2021-03-10 22:37:38.339 TRACE 20712 --- [    Test worker] o.h.type.descriptor.sql.BasicBinder      : binding parameter [2] as [BIGINT] - [21]
Hibernate: 
    insert 
    into
        study_tags
        (study_id, tags_id) 
    values
        (?, ?)
2021-03-10 22:37:38.339 TRACE 20712 --- [    Test worker] o.h.type.descriptor.sql.BasicBinder      : binding parameter [1] as [BIGINT] - [159]
2021-03-10 22:37:38.339 TRACE 20712 --- [    Test worker] o.h.type.descriptor.sql.BasicBinder      : binding parameter [2] as [BIGINT] - [22]
Hibernate: 
    insert 
    into
        study_tags
        (study_id, tags_id) 
    values
        (?, ?)
2021-03-10 22:37:38.339 TRACE 20712 --- [    Test worker] o.h.type.descriptor.sql.BasicBinder      : binding parameter [1] as [BIGINT] - [160]
2021-03-10 22:37:38.339 TRACE 20712 --- [    Test worker] o.h.type.descriptor.sql.BasicBinder      : binding parameter [2] as [BIGINT] - [23]
Hibernate: 
    insert 
    into
        study_tags
        (study_id, tags_id) 
    values
        (?, ?)
2021-03-10 22:37:38.339 TRACE 20712 --- [    Test worker] o.h.type.descriptor.sql.BasicBinder      : binding parameter [1] as [BIGINT] - [160]
2021-03-10 22:37:38.339 TRACE 20712 --- [    Test worker] o.h.type.descriptor.sql.BasicBinder      : binding parameter [2] as [BIGINT] - [12]
Hibernate: 
    insert 
    into
        study_tags
        (study_id, tags_id) 
    values
        (?, ?)
2021-03-10 22:37:38.339 TRACE 20712 --- [    Test worker] o.h.type.descriptor.sql.BasicBinder      : binding parameter [1] as [BIGINT] - [160]
2021-03-10 22:37:38.339 TRACE 20712 --- [    Test worker] o.h.type.descriptor.sql.BasicBinder      : binding parameter [2] as [BIGINT] - [17]
Hibernate: 
    insert 
    into
        study_tags
        (study_id, tags_id) 
    values
        (?, ?)
2021-03-10 22:37:38.339 TRACE 20712 --- [    Test worker] o.h.type.descriptor.sql.BasicBinder      : binding parameter [1] as [BIGINT] - [161]
2021-03-10 22:37:38.339 TRACE 20712 --- [    Test worker] o.h.type.descriptor.sql.BasicBinder      : binding parameter [2] as [BIGINT] - [31]
Hibernate: 
    insert 
    into
        study_tags
        (study_id, tags_id) 
    values
        (?, ?)
2021-03-10 22:37:38.339 TRACE 20712 --- [    Test worker] o.h.type.descriptor.sql.BasicBinder      : binding parameter [1] as [BIGINT] - [161]
2021-03-10 22:37:38.339 TRACE 20712 --- [    Test worker] o.h.type.descriptor.sql.BasicBinder      : binding parameter [2] as [BIGINT] - [40]
Hibernate: 
    insert 
    into
        study_tags
        (study_id, tags_id) 
    values
        (?, ?)
2021-03-10 22:37:38.339 TRACE 20712 --- [    Test worker] o.h.type.descriptor.sql.BasicBinder      : binding parameter [1] as [BIGINT] - [161]
2021-03-10 22:37:38.339 TRACE 20712 --- [    Test worker] o.h.type.descriptor.sql.BasicBinder      : binding parameter [2] as [BIGINT] - [43]
Hibernate: 
    insert 
    into
        study_tags
        (study_id, tags_id) 
    values
        (?, ?)
2021-03-10 22:37:38.339 TRACE 20712 --- [    Test worker] o.h.type.descriptor.sql.BasicBinder      : binding parameter [1] as [BIGINT] - [162]
2021-03-10 22:37:38.339 TRACE 20712 --- [    Test worker] o.h.type.descriptor.sql.BasicBinder      : binding parameter [2] as [BIGINT] - [38]
Hibernate: 
    insert 
    into
        study_tags
        (study_id, tags_id) 
    values
        (?, ?)
2021-03-10 22:37:38.339 TRACE 20712 --- [    Test worker] o.h.type.descriptor.sql.BasicBinder      : binding parameter [1] as [BIGINT] - [162]
2021-03-10 22:37:38.339 TRACE 20712 --- [    Test worker] o.h.type.descriptor.sql.BasicBinder      : binding parameter [2] as [BIGINT] - [33]
Hibernate: 
    insert 
    into
        study_tags
        (study_id, tags_id) 
    values
        (?, ?)
2021-03-10 22:37:38.339 TRACE 20712 --- [    Test worker] o.h.type.descriptor.sql.BasicBinder      : binding parameter [1] as [BIGINT] - [162]
2021-03-10 22:37:38.339 TRACE 20712 --- [    Test worker] o.h.type.descriptor.sql.BasicBinder      : binding parameter [2] as [BIGINT] - [14]
Hibernate: 
    insert 
    into
        study_tags
        (study_id, tags_id) 
    values
        (?, ?)
2021-03-10 22:37:38.339 TRACE 20712 --- [    Test worker] o.h.type.descriptor.sql.BasicBinder      : binding parameter [1] as [BIGINT] - [163]
2021-03-10 22:37:38.339 TRACE 20712 --- [    Test worker] o.h.type.descriptor.sql.BasicBinder      : binding parameter [2] as [BIGINT] - [49]
Hibernate: 
    insert 
    into
        study_tags
        (study_id, tags_id) 
    values
        (?, ?)
2021-03-10 22:37:38.339 TRACE 20712 --- [    Test worker] o.h.type.descriptor.sql.BasicBinder      : binding parameter [1] as [BIGINT] - [163]
2021-03-10 22:37:38.339 TRACE 20712 --- [    Test worker] o.h.type.descriptor.sql.BasicBinder      : binding parameter [2] as [BIGINT] - [55]
Hibernate: 
    insert 
    into
        study_tags
        (study_id, tags_id) 
    values
        (?, ?)
2021-03-10 22:37:38.339 TRACE 20712 --- [    Test worker] o.h.type.descriptor.sql.BasicBinder      : binding parameter [1] as [BIGINT] - [163]
2021-03-10 22:37:38.339 TRACE 20712 --- [    Test worker] o.h.type.descriptor.sql.BasicBinder      : binding parameter [2] as [BIGINT] - [15]
Hibernate: 
    insert 
    into
        study_tags
        (study_id, tags_id) 
    values
        (?, ?)
2021-03-10 22:37:38.339 TRACE 20712 --- [    Test worker] o.h.type.descriptor.sql.BasicBinder      : binding parameter [1] as [BIGINT] - [164]
2021-03-10 22:37:38.339 TRACE 20712 --- [    Test worker] o.h.type.descriptor.sql.BasicBinder      : binding parameter [2] as [BIGINT] - [11]
Hibernate: 
    insert 
    into
        study_tags
        (study_id, tags_id) 
    values
        (?, ?)
2021-03-10 22:37:38.339 TRACE 20712 --- [    Test worker] o.h.type.descriptor.sql.BasicBinder      : binding parameter [1] as [BIGINT] - [164]
2021-03-10 22:37:38.339 TRACE 20712 --- [    Test worker] o.h.type.descriptor.sql.BasicBinder      : binding parameter [2] as [BIGINT] - [59]
Hibernate: 
    insert 
    into
        study_tags
        (study_id, tags_id) 
    values
        (?, ?)
2021-03-10 22:37:38.339 TRACE 20712 --- [    Test worker] o.h.type.descriptor.sql.BasicBinder      : binding parameter [1] as [BIGINT] - [164]
2021-03-10 22:37:38.339 TRACE 20712 --- [    Test worker] o.h.type.descriptor.sql.BasicBinder      : binding parameter [2] as [BIGINT] - [21]
Hibernate: 
    insert 
    into
        study_tags
        (study_id, tags_id) 
    values
        (?, ?)
2021-03-10 22:37:38.339 TRACE 20712 --- [    Test worker] o.h.type.descriptor.sql.BasicBinder      : binding parameter [1] as [BIGINT] - [165]
2021-03-10 22:37:38.339 TRACE 20712 --- [    Test worker] o.h.type.descriptor.sql.BasicBinder      : binding parameter [2] as [BIGINT] - [18]
Hibernate: 
    insert 
    into
        study_tags
        (study_id, tags_id) 
    values
        (?, ?)
2021-03-10 22:37:38.339 TRACE 20712 --- [    Test worker] o.h.type.descriptor.sql.BasicBinder      : binding parameter [1] as [BIGINT] - [165]
2021-03-10 22:37:38.339 TRACE 20712 --- [    Test worker] o.h.type.descriptor.sql.BasicBinder      : binding parameter [2] as [BIGINT] - [42]
Hibernate: 
    insert 
    into
        study_tags
        (study_id, tags_id) 
    values
        (?, ?)
2021-03-10 22:37:38.339 TRACE 20712 --- [    Test worker] o.h.type.descriptor.sql.BasicBinder      : binding parameter [1] as [BIGINT] - [165]
2021-03-10 22:37:38.339 TRACE 20712 --- [    Test worker] o.h.type.descriptor.sql.BasicBinder      : binding parameter [2] as [BIGINT] - [21]
Hibernate: 
    insert 
    into
        study_tags
        (study_id, tags_id) 
    values
        (?, ?)
2021-03-10 22:37:38.339 TRACE 20712 --- [    Test worker] o.h.type.descriptor.sql.BasicBinder      : binding parameter [1] as [BIGINT] - [166]
2021-03-10 22:37:38.339 TRACE 20712 --- [    Test worker] o.h.type.descriptor.sql.BasicBinder      : binding parameter [2] as [BIGINT] - [34]
Hibernate: 
    insert 
    into
        study_tags
        (study_id, tags_id) 
    values
        (?, ?)
2021-03-10 22:37:38.339 TRACE 20712 --- [    Test worker] o.h.type.descriptor.sql.BasicBinder      : binding parameter [1] as [BIGINT] - [166]
2021-03-10 22:37:38.339 TRACE 20712 --- [    Test worker] o.h.type.descriptor.sql.BasicBinder      : binding parameter [2] as [BIGINT] - [28]
Hibernate: 
    insert 
    into
        study_tags
        (study_id, tags_id) 
    values
        (?, ?)
2021-03-10 22:37:38.355 TRACE 20712 --- [    Test worker] o.h.type.descriptor.sql.BasicBinder      : binding parameter [1] as [BIGINT] - [166]
2021-03-10 22:37:38.355 TRACE 20712 --- [    Test worker] o.h.type.descriptor.sql.BasicBinder      : binding parameter [2] as [BIGINT] - [6]
Hibernate: 
    insert 
    into
        study_tags
        (study_id, tags_id) 
    values
        (?, ?)
2021-03-10 22:37:38.355 TRACE 20712 --- [    Test worker] o.h.type.descriptor.sql.BasicBinder      : binding parameter [1] as [BIGINT] - [167]
2021-03-10 22:37:38.355 TRACE 20712 --- [    Test worker] o.h.type.descriptor.sql.BasicBinder      : binding parameter [2] as [BIGINT] - [34]
Hibernate: 
    insert 
    into
        study_tags
        (study_id, tags_id) 
    values
        (?, ?)
2021-03-10 22:37:38.355 TRACE 20712 --- [    Test worker] o.h.type.descriptor.sql.BasicBinder      : binding parameter [1] as [BIGINT] - [167]
2021-03-10 22:37:38.355 TRACE 20712 --- [    Test worker] o.h.type.descriptor.sql.BasicBinder      : binding parameter [2] as [BIGINT] - [2]
Hibernate: 
    insert 
    into
        study_tags
        (study_id, tags_id) 
    values
        (?, ?)
2021-03-10 22:37:38.355 TRACE 20712 --- [    Test worker] o.h.type.descriptor.sql.BasicBinder      : binding parameter [1] as [BIGINT] - [167]
2021-03-10 22:37:38.355 TRACE 20712 --- [    Test worker] o.h.type.descriptor.sql.BasicBinder      : binding parameter [2] as [BIGINT] - [16]
Hibernate: 
    insert 
    into
        study_tags
        (study_id, tags_id) 
    values
        (?, ?)
2021-03-10 22:37:38.355 TRACE 20712 --- [    Test worker] o.h.type.descriptor.sql.BasicBinder      : binding parameter [1] as [BIGINT] - [168]
2021-03-10 22:37:38.355 TRACE 20712 --- [    Test worker] o.h.type.descriptor.sql.BasicBinder      : binding parameter [2] as [BIGINT] - [53]
Hibernate: 
    insert 
    into
        study_tags
        (study_id, tags_id) 
    values
        (?, ?)
2021-03-10 22:37:38.355 TRACE 20712 --- [    Test worker] o.h.type.descriptor.sql.BasicBinder      : binding parameter [1] as [BIGINT] - [168]
2021-03-10 22:37:38.355 TRACE 20712 --- [    Test worker] o.h.type.descriptor.sql.BasicBinder      : binding parameter [2] as [BIGINT] - [50]
Hibernate: 
    insert 
    into
        study_tags
        (study_id, tags_id) 
    values
        (?, ?)
2021-03-10 22:37:38.355 TRACE 20712 --- [    Test worker] o.h.type.descriptor.sql.BasicBinder      : binding parameter [1] as [BIGINT] - [168]
2021-03-10 22:37:38.355 TRACE 20712 --- [    Test worker] o.h.type.descriptor.sql.BasicBinder      : binding parameter [2] as [BIGINT] - [60]
Hibernate: 
    insert 
    into
        study_tags
        (study_id, tags_id) 
    values
        (?, ?)
2021-03-10 22:37:38.355 TRACE 20712 --- [    Test worker] o.h.type.descriptor.sql.BasicBinder      : binding parameter [1] as [BIGINT] - [169]
2021-03-10 22:37:38.355 TRACE 20712 --- [    Test worker] o.h.type.descriptor.sql.BasicBinder      : binding parameter [2] as [BIGINT] - [44]
Hibernate: 
    insert 
    into
        study_tags
        (study_id, tags_id) 
    values
        (?, ?)
2021-03-10 22:37:38.355 TRACE 20712 --- [    Test worker] o.h.type.descriptor.sql.BasicBinder      : binding parameter [1] as [BIGINT] - [169]
2021-03-10 22:37:38.355 TRACE 20712 --- [    Test worker] o.h.type.descriptor.sql.BasicBinder      : binding parameter [2] as [BIGINT] - [60]
Hibernate: 
    insert 
    into
        study_tags
        (study_id, tags_id) 
    values
        (?, ?)
2021-03-10 22:37:38.355 TRACE 20712 --- [    Test worker] o.h.type.descriptor.sql.BasicBinder      : binding parameter [1] as [BIGINT] - [169]
2021-03-10 22:37:38.355 TRACE 20712 --- [    Test worker] o.h.type.descriptor.sql.BasicBinder      : binding parameter [2] as [BIGINT] - [43]
Hibernate: 
    insert 
    into
        study_tags
        (study_id, tags_id) 
    values
        (?, ?)
2021-03-10 22:37:38.355 TRACE 20712 --- [    Test worker] o.h.type.descriptor.sql.BasicBinder      : binding parameter [1] as [BIGINT] - [170]
2021-03-10 22:37:38.355 TRACE 20712 --- [    Test worker] o.h.type.descriptor.sql.BasicBinder      : binding parameter [2] as [BIGINT] - [38]
Hibernate: 
    insert 
    into
        study_tags
        (study_id, tags_id) 
    values
        (?, ?)
2021-03-10 22:37:38.355 TRACE 20712 --- [    Test worker] o.h.type.descriptor.sql.BasicBinder      : binding parameter [1] as [BIGINT] - [170]
2021-03-10 22:37:38.355 TRACE 20712 --- [    Test worker] o.h.type.descriptor.sql.BasicBinder      : binding parameter [2] as [BIGINT] - [2]
Hibernate: 
    insert 
    into
        study_tags
        (study_id, tags_id) 
    values
        (?, ?)
2021-03-10 22:37:38.355 TRACE 20712 --- [    Test worker] o.h.type.descriptor.sql.BasicBinder      : binding parameter [1] as [BIGINT] - [170]
2021-03-10 22:37:38.355 TRACE 20712 --- [    Test worker] o.h.type.descriptor.sql.BasicBinder      : binding parameter [2] as [BIGINT] - [20]
Hibernate: 
    insert 
    into
        study_tags
        (study_id, tags_id) 
    values
        (?, ?)
2021-03-10 22:37:38.355 TRACE 20712 --- [    Test worker] o.h.type.descriptor.sql.BasicBinder      : binding parameter [1] as [BIGINT] - [171]
2021-03-10 22:37:38.355 TRACE 20712 --- [    Test worker] o.h.type.descriptor.sql.BasicBinder      : binding parameter [2] as [BIGINT] - [25]
Hibernate: 
    insert 
    into
        study_tags
        (study_id, tags_id) 
    values
        (?, ?)
2021-03-10 22:37:38.355 TRACE 20712 --- [    Test worker] o.h.type.descriptor.sql.BasicBinder      : binding parameter [1] as [BIGINT] - [171]
2021-03-10 22:37:38.355 TRACE 20712 --- [    Test worker] o.h.type.descriptor.sql.BasicBinder      : binding parameter [2] as [BIGINT] - [56]
Hibernate: 
    insert 
    into
        study_tags
        (study_id, tags_id) 
    values
        (?, ?)
2021-03-10 22:37:38.355 TRACE 20712 --- [    Test worker] o.h.type.descriptor.sql.BasicBinder      : binding parameter [1] as [BIGINT] - [171]
2021-03-10 22:37:38.355 TRACE 20712 --- [    Test worker] o.h.type.descriptor.sql.BasicBinder      : binding parameter [2] as [BIGINT] - [60]
Hibernate: 
    insert 
    into
        study_tags
        (study_id, tags_id) 
    values
        (?, ?)
2021-03-10 22:37:38.355 TRACE 20712 --- [    Test worker] o.h.type.descriptor.sql.BasicBinder      : binding parameter [1] as [BIGINT] - [172]
2021-03-10 22:37:38.355 TRACE 20712 --- [    Test worker] o.h.type.descriptor.sql.BasicBinder      : binding parameter [2] as [BIGINT] - [38]
Hibernate: 
    insert 
    into
        study_tags
        (study_id, tags_id) 
    values
        (?, ?)
2021-03-10 22:37:38.355 TRACE 20712 --- [    Test worker] o.h.type.descriptor.sql.BasicBinder      : binding parameter [1] as [BIGINT] - [172]
2021-03-10 22:37:38.355 TRACE 20712 --- [    Test worker] o.h.type.descriptor.sql.BasicBinder      : binding parameter [2] as [BIGINT] - [41]
Hibernate: 
    insert 
    into
        study_tags
        (study_id, tags_id) 
    values
        (?, ?)
2021-03-10 22:37:38.355 TRACE 20712 --- [    Test worker] o.h.type.descriptor.sql.BasicBinder      : binding parameter [1] as [BIGINT] - [172]
2021-03-10 22:37:38.355 TRACE 20712 --- [    Test worker] o.h.type.descriptor.sql.BasicBinder      : binding parameter [2] as [BIGINT] - [60]
Hibernate: 
    insert 
    into
        study_tags
        (study_id, tags_id) 
    values
        (?, ?)
2021-03-10 22:37:38.355 TRACE 20712 --- [    Test worker] o.h.type.descriptor.sql.BasicBinder      : binding parameter [1] as [BIGINT] - [173]
2021-03-10 22:37:38.355 TRACE 20712 --- [    Test worker] o.h.type.descriptor.sql.BasicBinder      : binding parameter [2] as [BIGINT] - [29]
Hibernate: 
    insert 
    into
        study_tags
        (study_id, tags_id) 
    values
        (?, ?)
2021-03-10 22:37:38.355 TRACE 20712 --- [    Test worker] o.h.type.descriptor.sql.BasicBinder      : binding parameter [1] as [BIGINT] - [173]
2021-03-10 22:37:38.355 TRACE 20712 --- [    Test worker] o.h.type.descriptor.sql.BasicBinder      : binding parameter [2] as [BIGINT] - [57]
Hibernate: 
    insert 
    into
        study_tags
        (study_id, tags_id) 
    values
        (?, ?)
2021-03-10 22:37:38.355 TRACE 20712 --- [    Test worker] o.h.type.descriptor.sql.BasicBinder      : binding parameter [1] as [BIGINT] - [173]
2021-03-10 22:37:38.355 TRACE 20712 --- [    Test worker] o.h.type.descriptor.sql.BasicBinder      : binding parameter [2] as [BIGINT] - [37]
Hibernate: 
    insert 
    into
        study_tags
        (study_id, tags_id) 
    values
        (?, ?)
2021-03-10 22:37:38.355 TRACE 20712 --- [    Test worker] o.h.type.descriptor.sql.BasicBinder      : binding parameter [1] as [BIGINT] - [174]
2021-03-10 22:37:38.355 TRACE 20712 --- [    Test worker] o.h.type.descriptor.sql.BasicBinder      : binding parameter [2] as [BIGINT] - [25]
Hibernate: 
    insert 
    into
        study_tags
        (study_id, tags_id) 
    values
        (?, ?)
2021-03-10 22:37:38.355 TRACE 20712 --- [    Test worker] o.h.type.descriptor.sql.BasicBinder      : binding parameter [1] as [BIGINT] - [174]
2021-03-10 22:37:38.355 TRACE 20712 --- [    Test worker] o.h.type.descriptor.sql.BasicBinder      : binding parameter [2] as [BIGINT] - [24]
Hibernate: 
    insert 
    into
        study_tags
        (study_id, tags_id) 
    values
        (?, ?)
2021-03-10 22:37:38.355 TRACE 20712 --- [    Test worker] o.h.type.descriptor.sql.BasicBinder      : binding parameter [1] as [BIGINT] - [174]
2021-03-10 22:37:38.355 TRACE 20712 --- [    Test worker] o.h.type.descriptor.sql.BasicBinder      : binding parameter [2] as [BIGINT] - [14]
Hibernate: 
    insert 
    into
        study_tags
        (study_id, tags_id) 
    values
        (?, ?)
2021-03-10 22:37:38.355 TRACE 20712 --- [    Test worker] o.h.type.descriptor.sql.BasicBinder      : binding parameter [1] as [BIGINT] - [175]
2021-03-10 22:37:38.355 TRACE 20712 --- [    Test worker] o.h.type.descriptor.sql.BasicBinder      : binding parameter [2] as [BIGINT] - [57]
Hibernate: 
    insert 
    into
        study_tags
        (study_id, tags_id) 
    values
        (?, ?)
2021-03-10 22:37:38.355 TRACE 20712 --- [    Test worker] o.h.type.descriptor.sql.BasicBinder      : binding parameter [1] as [BIGINT] - [175]
2021-03-10 22:37:38.355 TRACE 20712 --- [    Test worker] o.h.type.descriptor.sql.BasicBinder      : binding parameter [2] as [BIGINT] - [29]
Hibernate: 
    insert 
    into
        study_tags
        (study_id, tags_id) 
    values
        (?, ?)
2021-03-10 22:37:38.355 TRACE 20712 --- [    Test worker] o.h.type.descriptor.sql.BasicBinder      : binding parameter [1] as [BIGINT] - [175]
2021-03-10 22:37:38.355 TRACE 20712 --- [    Test worker] o.h.type.descriptor.sql.BasicBinder      : binding parameter [2] as [BIGINT] - [24]
Hibernate: 
    insert 
    into
        study_tags
        (study_id, tags_id) 
    values
        (?, ?)
2021-03-10 22:37:38.355 TRACE 20712 --- [    Test worker] o.h.type.descriptor.sql.BasicBinder      : binding parameter [1] as [BIGINT] - [176]
2021-03-10 22:37:38.355 TRACE 20712 --- [    Test worker] o.h.type.descriptor.sql.BasicBinder      : binding parameter [2] as [BIGINT] - [29]
Hibernate: 
    insert 
    into
        study_tags
        (study_id, tags_id) 
    values
        (?, ?)
2021-03-10 22:37:38.355 TRACE 20712 --- [    Test worker] o.h.type.descriptor.sql.BasicBinder      : binding parameter [1] as [BIGINT] - [176]
2021-03-10 22:37:38.355 TRACE 20712 --- [    Test worker] o.h.type.descriptor.sql.BasicBinder      : binding parameter [2] as [BIGINT] - [48]
Hibernate: 
    insert 
    into
        study_tags
        (study_id, tags_id) 
    values
        (?, ?)
2021-03-10 22:37:38.355 TRACE 20712 --- [    Test worker] o.h.type.descriptor.sql.BasicBinder      : binding parameter [1] as [BIGINT] - [176]
2021-03-10 22:37:38.355 TRACE 20712 --- [    Test worker] o.h.type.descriptor.sql.BasicBinder      : binding parameter [2] as [BIGINT] - [13]
Hibernate: 
    insert 
    into
        study_tags
        (study_id, tags_id) 
    values
        (?, ?)
2021-03-10 22:37:38.355 TRACE 20712 --- [    Test worker] o.h.type.descriptor.sql.BasicBinder      : binding parameter [1] as [BIGINT] - [177]
2021-03-10 22:37:38.355 TRACE 20712 --- [    Test worker] o.h.type.descriptor.sql.BasicBinder      : binding parameter [2] as [BIGINT] - [38]
Hibernate: 
    insert 
    into
        study_tags
        (study_id, tags_id) 
    values
        (?, ?)
2021-03-10 22:37:38.355 TRACE 20712 --- [    Test worker] o.h.type.descriptor.sql.BasicBinder      : binding parameter [1] as [BIGINT] - [177]
2021-03-10 22:37:38.355 TRACE 20712 --- [    Test worker] o.h.type.descriptor.sql.BasicBinder      : binding parameter [2] as [BIGINT] - [34]
Hibernate: 
    insert 
    into
        study_tags
        (study_id, tags_id) 
    values
        (?, ?)
2021-03-10 22:37:38.355 TRACE 20712 --- [    Test worker] o.h.type.descriptor.sql.BasicBinder      : binding parameter [1] as [BIGINT] - [177]
2021-03-10 22:37:38.355 TRACE 20712 --- [    Test worker] o.h.type.descriptor.sql.BasicBinder      : binding parameter [2] as [BIGINT] - [35]
Hibernate: 
    insert 
    into
        study_tags
        (study_id, tags_id) 
    values
        (?, ?)
2021-03-10 22:37:38.355 TRACE 20712 --- [    Test worker] o.h.type.descriptor.sql.BasicBinder      : binding parameter [1] as [BIGINT] - [178]
2021-03-10 22:37:38.355 TRACE 20712 --- [    Test worker] o.h.type.descriptor.sql.BasicBinder      : binding parameter [2] as [BIGINT] - [52]
Hibernate: 
    insert 
    into
        study_tags
        (study_id, tags_id) 
    values
        (?, ?)
2021-03-10 22:37:38.355 TRACE 20712 --- [    Test worker] o.h.type.descriptor.sql.BasicBinder      : binding parameter [1] as [BIGINT] - [178]
2021-03-10 22:37:38.355 TRACE 20712 --- [    Test worker] o.h.type.descriptor.sql.BasicBinder      : binding parameter [2] as [BIGINT] - [46]
Hibernate: 
    insert 
    into
        study_tags
        (study_id, tags_id) 
    values
        (?, ?)
2021-03-10 22:37:38.355 TRACE 20712 --- [    Test worker] o.h.type.descriptor.sql.BasicBinder      : binding parameter [1] as [BIGINT] - [178]
2021-03-10 22:37:38.355 TRACE 20712 --- [    Test worker] o.h.type.descriptor.sql.BasicBinder      : binding parameter [2] as [BIGINT] - [39]
Hibernate: 
    insert 
    into
        study_tags
        (study_id, tags_id) 
    values
        (?, ?)
2021-03-10 22:37:38.355 TRACE 20712 --- [    Test worker] o.h.type.descriptor.sql.BasicBinder      : binding parameter [1] as [BIGINT] - [179]
2021-03-10 22:37:38.355 TRACE 20712 --- [    Test worker] o.h.type.descriptor.sql.BasicBinder      : binding parameter [2] as [BIGINT] - [27]
Hibernate: 
    insert 
    into
        study_tags
        (study_id, tags_id) 
    values
        (?, ?)
2021-03-10 22:37:38.355 TRACE 20712 --- [    Test worker] o.h.type.descriptor.sql.BasicBinder      : binding parameter [1] as [BIGINT] - [179]
2021-03-10 22:37:38.355 TRACE 20712 --- [    Test worker] o.h.type.descriptor.sql.BasicBinder      : binding parameter [2] as [BIGINT] - [50]
Hibernate: 
    insert 
    into
        study_tags
        (study_id, tags_id) 
    values
        (?, ?)
2021-03-10 22:37:38.355 TRACE 20712 --- [    Test worker] o.h.type.descriptor.sql.BasicBinder      : binding parameter [1] as [BIGINT] - [179]
2021-03-10 22:37:38.355 TRACE 20712 --- [    Test worker] o.h.type.descriptor.sql.BasicBinder      : binding parameter [2] as [BIGINT] - [31]
Hibernate: 
    insert 
    into
        study_tags
        (study_id, tags_id) 
    values
        (?, ?)
2021-03-10 22:37:38.355 TRACE 20712 --- [    Test worker] o.h.type.descriptor.sql.BasicBinder      : binding parameter [1] as [BIGINT] - [180]
2021-03-10 22:37:38.355 TRACE 20712 --- [    Test worker] o.h.type.descriptor.sql.BasicBinder      : binding parameter [2] as [BIGINT] - [46]
Hibernate: 
    insert 
    into
        study_tags
        (study_id, tags_id) 
    values
        (?, ?)
2021-03-10 22:37:38.355 TRACE 20712 --- [    Test worker] o.h.type.descriptor.sql.BasicBinder      : binding parameter [1] as [BIGINT] - [180]
2021-03-10 22:37:38.355 TRACE 20712 --- [    Test worker] o.h.type.descriptor.sql.BasicBinder      : binding parameter [2] as [BIGINT] - [36]
Hibernate: 
    insert 
    into
        study_tags
        (study_id, tags_id) 
    values
        (?, ?)
2021-03-10 22:37:38.355 TRACE 20712 --- [    Test worker] o.h.type.descriptor.sql.BasicBinder      : binding parameter [1] as [BIGINT] - [180]
2021-03-10 22:37:38.355 TRACE 20712 --- [    Test worker] o.h.type.descriptor.sql.BasicBinder      : binding parameter [2] as [BIGINT] - [31]
Hibernate: 
    insert 
    into
        study_tags
        (study_id, tags_id) 
    values
        (?, ?)
2021-03-10 22:37:38.355 TRACE 20712 --- [    Test worker] o.h.type.descriptor.sql.BasicBinder      : binding parameter [1] as [BIGINT] - [181]
2021-03-10 22:37:38.355 TRACE 20712 --- [    Test worker] o.h.type.descriptor.sql.BasicBinder      : binding parameter [2] as [BIGINT] - [21]
Hibernate: 
    insert 
    into
        study_tags
        (study_id, tags_id) 
    values
        (?, ?)
2021-03-10 22:37:38.355 TRACE 20712 --- [    Test worker] o.h.type.descriptor.sql.BasicBinder      : binding parameter [1] as [BIGINT] - [181]
2021-03-10 22:37:38.355 TRACE 20712 --- [    Test worker] o.h.type.descriptor.sql.BasicBinder      : binding parameter [2] as [BIGINT] - [16]
Hibernate: 
    insert 
    into
        study_tags
        (study_id, tags_id) 
    values
        (?, ?)
2021-03-10 22:37:38.355 TRACE 20712 --- [    Test worker] o.h.type.descriptor.sql.BasicBinder      : binding parameter [1] as [BIGINT] - [181]
2021-03-10 22:37:38.355 TRACE 20712 --- [    Test worker] o.h.type.descriptor.sql.BasicBinder      : binding parameter [2] as [BIGINT] - [40]
Hibernate: 
    insert 
    into
        study_tags
        (study_id, tags_id) 
    values
        (?, ?)
2021-03-10 22:37:38.355 TRACE 20712 --- [    Test worker] o.h.type.descriptor.sql.BasicBinder      : binding parameter [1] as [BIGINT] - [182]
2021-03-10 22:37:38.355 TRACE 20712 --- [    Test worker] o.h.type.descriptor.sql.BasicBinder      : binding parameter [2] as [BIGINT] - [49]
Hibernate: 
    insert 
    into
        study_tags
        (study_id, tags_id) 
    values
        (?, ?)
2021-03-10 22:37:38.355 TRACE 20712 --- [    Test worker] o.h.type.descriptor.sql.BasicBinder      : binding parameter [1] as [BIGINT] - [182]
2021-03-10 22:37:38.355 TRACE 20712 --- [    Test worker] o.h.type.descriptor.sql.BasicBinder      : binding parameter [2] as [BIGINT] - [27]
Hibernate: 
    insert 
    into
        study_tags
        (study_id, tags_id) 
    values
        (?, ?)
2021-03-10 22:37:38.355 TRACE 20712 --- [    Test worker] o.h.type.descriptor.sql.BasicBinder      : binding parameter [1] as [BIGINT] - [182]
2021-03-10 22:37:38.355 TRACE 20712 --- [    Test worker] o.h.type.descriptor.sql.BasicBinder      : binding parameter [2] as [BIGINT] - [4]
Hibernate: 
    insert 
    into
        study_tags
        (study_id, tags_id) 
    values
        (?, ?)
2021-03-10 22:37:38.355 TRACE 20712 --- [    Test worker] o.h.type.descriptor.sql.BasicBinder      : binding parameter [1] as [BIGINT] - [183]
2021-03-10 22:37:38.355 TRACE 20712 --- [    Test worker] o.h.type.descriptor.sql.BasicBinder      : binding parameter [2] as [BIGINT] - [34]
Hibernate: 
    insert 
    into
        study_tags
        (study_id, tags_id) 
    values
        (?, ?)
2021-03-10 22:37:38.355 TRACE 20712 --- [    Test worker] o.h.type.descriptor.sql.BasicBinder      : binding parameter [1] as [BIGINT] - [183]
2021-03-10 22:37:38.355 TRACE 20712 --- [    Test worker] o.h.type.descriptor.sql.BasicBinder      : binding parameter [2] as [BIGINT] - [15]
Hibernate: 
    insert 
    into
        study_tags
        (study_id, tags_id) 
    values
        (?, ?)
2021-03-10 22:37:38.355 TRACE 20712 --- [    Test worker] o.h.type.descriptor.sql.BasicBinder      : binding parameter [1] as [BIGINT] - [183]
2021-03-10 22:37:38.355 TRACE 20712 --- [    Test worker] o.h.type.descriptor.sql.BasicBinder      : binding parameter [2] as [BIGINT] - [31]
Hibernate: 
    insert 
    into
        study_tags
        (study_id, tags_id) 
    values
        (?, ?)
2021-03-10 22:37:38.355 TRACE 20712 --- [    Test worker] o.h.type.descriptor.sql.BasicBinder      : binding parameter [1] as [BIGINT] - [184]
2021-03-10 22:37:38.355 TRACE 20712 --- [    Test worker] o.h.type.descriptor.sql.BasicBinder      : binding parameter [2] as [BIGINT] - [19]
Hibernate: 
    insert 
    into
        study_tags
        (study_id, tags_id) 
    values
        (?, ?)
2021-03-10 22:37:38.355 TRACE 20712 --- [    Test worker] o.h.type.descriptor.sql.BasicBinder      : binding parameter [1] as [BIGINT] - [184]
2021-03-10 22:37:38.355 TRACE 20712 --- [    Test worker] o.h.type.descriptor.sql.BasicBinder      : binding parameter [2] as [BIGINT] - [58]
Hibernate: 
    insert 
    into
        study_tags
        (study_id, tags_id) 
    values
        (?, ?)
2021-03-10 22:37:38.355 TRACE 20712 --- [    Test worker] o.h.type.descriptor.sql.BasicBinder      : binding parameter [1] as [BIGINT] - [184]
2021-03-10 22:37:38.355 TRACE 20712 --- [    Test worker] o.h.type.descriptor.sql.BasicBinder      : binding parameter [2] as [BIGINT] - [7]
Hibernate: 
    insert 
    into
        study_tags
        (study_id, tags_id) 
    values
        (?, ?)
2021-03-10 22:37:38.355 TRACE 20712 --- [    Test worker] o.h.type.descriptor.sql.BasicBinder      : binding parameter [1] as [BIGINT] - [185]
2021-03-10 22:37:38.355 TRACE 20712 --- [    Test worker] o.h.type.descriptor.sql.BasicBinder      : binding parameter [2] as [BIGINT] - [59]
Hibernate: 
    insert 
    into
        study_tags
        (study_id, tags_id) 
    values
        (?, ?)
2021-03-10 22:37:38.355 TRACE 20712 --- [    Test worker] o.h.type.descriptor.sql.BasicBinder      : binding parameter [1] as [BIGINT] - [185]
2021-03-10 22:37:38.355 TRACE 20712 --- [    Test worker] o.h.type.descriptor.sql.BasicBinder      : binding parameter [2] as [BIGINT] - [33]
Hibernate: 
    insert 
    into
        study_tags
        (study_id, tags_id) 
    values
        (?, ?)
2021-03-10 22:37:38.355 TRACE 20712 --- [    Test worker] o.h.type.descriptor.sql.BasicBinder      : binding parameter [1] as [BIGINT] - [185]
2021-03-10 22:37:38.355 TRACE 20712 --- [    Test worker] o.h.type.descriptor.sql.BasicBinder      : binding parameter [2] as [BIGINT] - [54]
Hibernate: 
    insert 
    into
        study_tags
        (study_id, tags_id) 
    values
        (?, ?)
2021-03-10 22:37:38.355 TRACE 20712 --- [    Test worker] o.h.type.descriptor.sql.BasicBinder      : binding parameter [1] as [BIGINT] - [186]
2021-03-10 22:37:38.355 TRACE 20712 --- [    Test worker] o.h.type.descriptor.sql.BasicBinder      : binding parameter [2] as [BIGINT] - [42]
Hibernate: 
    insert 
    into
        study_tags
        (study_id, tags_id) 
    values
        (?, ?)
2021-03-10 22:37:38.355 TRACE 20712 --- [    Test worker] o.h.type.descriptor.sql.BasicBinder      : binding parameter [1] as [BIGINT] - [186]
2021-03-10 22:37:38.355 TRACE 20712 --- [    Test worker] o.h.type.descriptor.sql.BasicBinder      : binding parameter [2] as [BIGINT] - [3]
Hibernate: 
    insert 
    into
        study_tags
        (study_id, tags_id) 
    values
        (?, ?)
2021-03-10 22:37:38.355 TRACE 20712 --- [    Test worker] o.h.type.descriptor.sql.BasicBinder      : binding parameter [1] as [BIGINT] - [186]
2021-03-10 22:37:38.355 TRACE 20712 --- [    Test worker] o.h.type.descriptor.sql.BasicBinder      : binding parameter [2] as [BIGINT] - [31]
Hibernate: 
    insert 
    into
        study_tags
        (study_id, tags_id) 
    values
        (?, ?)
2021-03-10 22:37:38.355 TRACE 20712 --- [    Test worker] o.h.type.descriptor.sql.BasicBinder      : binding parameter [1] as [BIGINT] - [187]
2021-03-10 22:37:38.355 TRACE 20712 --- [    Test worker] o.h.type.descriptor.sql.BasicBinder      : binding parameter [2] as [BIGINT] - [56]
Hibernate: 
    insert 
    into
        study_tags
        (study_id, tags_id) 
    values
        (?, ?)
2021-03-10 22:37:38.355 TRACE 20712 --- [    Test worker] o.h.type.descriptor.sql.BasicBinder      : binding parameter [1] as [BIGINT] - [187]
2021-03-10 22:37:38.355 TRACE 20712 --- [    Test worker] o.h.type.descriptor.sql.BasicBinder      : binding parameter [2] as [BIGINT] - [48]
Hibernate: 
    insert 
    into
        study_tags
        (study_id, tags_id) 
    values
        (?, ?)
2021-03-10 22:37:38.355 TRACE 20712 --- [    Test worker] o.h.type.descriptor.sql.BasicBinder      : binding parameter [1] as [BIGINT] - [187]
2021-03-10 22:37:38.355 TRACE 20712 --- [    Test worker] o.h.type.descriptor.sql.BasicBinder      : binding parameter [2] as [BIGINT] - [39]
Hibernate: 
    insert 
    into
        study_tags
        (study_id, tags_id) 
    values
        (?, ?)
2021-03-10 22:37:38.355 TRACE 20712 --- [    Test worker] o.h.type.descriptor.sql.BasicBinder      : binding parameter [1] as [BIGINT] - [188]
2021-03-10 22:37:38.355 TRACE 20712 --- [    Test worker] o.h.type.descriptor.sql.BasicBinder      : binding parameter [2] as [BIGINT] - [1]
Hibernate: 
    insert 
    into
        study_tags
        (study_id, tags_id) 
    values
        (?, ?)
2021-03-10 22:37:38.355 TRACE 20712 --- [    Test worker] o.h.type.descriptor.sql.BasicBinder      : binding parameter [1] as [BIGINT] - [188]
2021-03-10 22:37:38.355 TRACE 20712 --- [    Test worker] o.h.type.descriptor.sql.BasicBinder      : binding parameter [2] as [BIGINT] - [18]
Hibernate: 
    insert 
    into
        study_tags
        (study_id, tags_id) 
    values
        (?, ?)
2021-03-10 22:37:38.355 TRACE 20712 --- [    Test worker] o.h.type.descriptor.sql.BasicBinder      : binding parameter [1] as [BIGINT] - [188]
2021-03-10 22:37:38.355 TRACE 20712 --- [    Test worker] o.h.type.descriptor.sql.BasicBinder      : binding parameter [2] as [BIGINT] - [4]
Hibernate: 
    insert 
    into
        study_tags
        (study_id, tags_id) 
    values
        (?, ?)
2021-03-10 22:37:38.355 TRACE 20712 --- [    Test worker] o.h.type.descriptor.sql.BasicBinder      : binding parameter [1] as [BIGINT] - [189]
2021-03-10 22:37:38.355 TRACE 20712 --- [    Test worker] o.h.type.descriptor.sql.BasicBinder      : binding parameter [2] as [BIGINT] - [11]
Hibernate: 
    insert 
    into
        study_tags
        (study_id, tags_id) 
    values
        (?, ?)
2021-03-10 22:37:38.355 TRACE 20712 --- [    Test worker] o.h.type.descriptor.sql.BasicBinder      : binding parameter [1] as [BIGINT] - [189]
2021-03-10 22:37:38.355 TRACE 20712 --- [    Test worker] o.h.type.descriptor.sql.BasicBinder      : binding parameter [2] as [BIGINT] - [20]
Hibernate: 
    insert 
    into
        study_tags
        (study_id, tags_id) 
    values
        (?, ?)
2021-03-10 22:37:38.355 TRACE 20712 --- [    Test worker] o.h.type.descriptor.sql.BasicBinder      : binding parameter [1] as [BIGINT] - [189]
2021-03-10 22:37:38.355 TRACE 20712 --- [    Test worker] o.h.type.descriptor.sql.BasicBinder      : binding parameter [2] as [BIGINT] - [15]
Hibernate: 
    insert 
    into
        study_tags
        (study_id, tags_id) 
    values
        (?, ?)
2021-03-10 22:37:38.355 TRACE 20712 --- [    Test worker] o.h.type.descriptor.sql.BasicBinder      : binding parameter [1] as [BIGINT] - [190]
2021-03-10 22:37:38.355 TRACE 20712 --- [    Test worker] o.h.type.descriptor.sql.BasicBinder      : binding parameter [2] as [BIGINT] - [45]
Hibernate: 
    insert 
    into
        study_tags
        (study_id, tags_id) 
    values
        (?, ?)
2021-03-10 22:37:38.355 TRACE 20712 --- [    Test worker] o.h.type.descriptor.sql.BasicBinder      : binding parameter [1] as [BIGINT] - [190]
2021-03-10 22:37:38.355 TRACE 20712 --- [    Test worker] o.h.type.descriptor.sql.BasicBinder      : binding parameter [2] as [BIGINT] - [36]
Hibernate: 
    insert 
    into
        study_tags
        (study_id, tags_id) 
    values
        (?, ?)
2021-03-10 22:37:38.355 TRACE 20712 --- [    Test worker] o.h.type.descriptor.sql.BasicBinder      : binding parameter [1] as [BIGINT] - [190]
2021-03-10 22:37:38.355 TRACE 20712 --- [    Test worker] o.h.type.descriptor.sql.BasicBinder      : binding parameter [2] as [BIGINT] - [16]
Hibernate: 
    insert 
    into
        study_tags
        (study_id, tags_id) 
    values
        (?, ?)
2021-03-10 22:37:38.370 TRACE 20712 --- [    Test worker] o.h.type.descriptor.sql.BasicBinder      : binding parameter [1] as [BIGINT] - [191]
2021-03-10 22:37:38.370 TRACE 20712 --- [    Test worker] o.h.type.descriptor.sql.BasicBinder      : binding parameter [2] as [BIGINT] - [57]
Hibernate: 
    insert 
    into
        study_tags
        (study_id, tags_id) 
    values
        (?, ?)
2021-03-10 22:37:38.370 TRACE 20712 --- [    Test worker] o.h.type.descriptor.sql.BasicBinder      : binding parameter [1] as [BIGINT] - [191]
2021-03-10 22:37:38.370 TRACE 20712 --- [    Test worker] o.h.type.descriptor.sql.BasicBinder      : binding parameter [2] as [BIGINT] - [59]
Hibernate: 
    insert 
    into
        study_tags
        (study_id, tags_id) 
    values
        (?, ?)
2021-03-10 22:37:38.370 TRACE 20712 --- [    Test worker] o.h.type.descriptor.sql.BasicBinder      : binding parameter [1] as [BIGINT] - [191]
2021-03-10 22:37:38.370 TRACE 20712 --- [    Test worker] o.h.type.descriptor.sql.BasicBinder      : binding parameter [2] as [BIGINT] - [43]
Hibernate: 
    insert 
    into
        study_tags
        (study_id, tags_id) 
    values
        (?, ?)
2021-03-10 22:37:38.370 TRACE 20712 --- [    Test worker] o.h.type.descriptor.sql.BasicBinder      : binding parameter [1] as [BIGINT] - [192]
2021-03-10 22:37:38.370 TRACE 20712 --- [    Test worker] o.h.type.descriptor.sql.BasicBinder      : binding parameter [2] as [BIGINT] - [26]
Hibernate: 
    insert 
    into
        study_tags
        (study_id, tags_id) 
    values
        (?, ?)
2021-03-10 22:37:38.371 TRACE 20712 --- [    Test worker] o.h.type.descriptor.sql.BasicBinder      : binding parameter [1] as [BIGINT] - [192]
2021-03-10 22:37:38.371 TRACE 20712 --- [    Test worker] o.h.type.descriptor.sql.BasicBinder      : binding parameter [2] as [BIGINT] - [33]
Hibernate: 
    insert 
    into
        study_tags
        (study_id, tags_id) 
    values
        (?, ?)
2021-03-10 22:37:38.371 TRACE 20712 --- [    Test worker] o.h.type.descriptor.sql.BasicBinder      : binding parameter [1] as [BIGINT] - [192]
2021-03-10 22:37:38.371 TRACE 20712 --- [    Test worker] o.h.type.descriptor.sql.BasicBinder      : binding parameter [2] as [BIGINT] - [60]
Hibernate: 
    insert 
    into
        study_tags
        (study_id, tags_id) 
    values
        (?, ?)
2021-03-10 22:37:38.371 TRACE 20712 --- [    Test worker] o.h.type.descriptor.sql.BasicBinder      : binding parameter [1] as [BIGINT] - [193]
2021-03-10 22:37:38.371 TRACE 20712 --- [    Test worker] o.h.type.descriptor.sql.BasicBinder      : binding parameter [2] as [BIGINT] - [37]
Hibernate: 
    insert 
    into
        study_tags
        (study_id, tags_id) 
    values
        (?, ?)
2021-03-10 22:37:38.371 TRACE 20712 --- [    Test worker] o.h.type.descriptor.sql.BasicBinder      : binding parameter [1] as [BIGINT] - [193]
2021-03-10 22:37:38.371 TRACE 20712 --- [    Test worker] o.h.type.descriptor.sql.BasicBinder      : binding parameter [2] as [BIGINT] - [30]
Hibernate: 
    insert 
    into
        study_tags
        (study_id, tags_id) 
    values
        (?, ?)
2021-03-10 22:37:38.371 TRACE 20712 --- [    Test worker] o.h.type.descriptor.sql.BasicBinder      : binding parameter [1] as [BIGINT] - [193]
2021-03-10 22:37:38.371 TRACE 20712 --- [    Test worker] o.h.type.descriptor.sql.BasicBinder      : binding parameter [2] as [BIGINT] - [50]
Hibernate: 
    insert 
    into
        study_tags
        (study_id, tags_id) 
    values
        (?, ?)
2021-03-10 22:37:38.371 TRACE 20712 --- [    Test worker] o.h.type.descriptor.sql.BasicBinder      : binding parameter [1] as [BIGINT] - [194]
2021-03-10 22:37:38.371 TRACE 20712 --- [    Test worker] o.h.type.descriptor.sql.BasicBinder      : binding parameter [2] as [BIGINT] - [6]
Hibernate: 
    insert 
    into
        study_tags
        (study_id, tags_id) 
    values
        (?, ?)
2021-03-10 22:37:38.371 TRACE 20712 --- [    Test worker] o.h.type.descriptor.sql.BasicBinder      : binding parameter [1] as [BIGINT] - [194]
2021-03-10 22:37:38.371 TRACE 20712 --- [    Test worker] o.h.type.descriptor.sql.BasicBinder      : binding parameter [2] as [BIGINT] - [60]
Hibernate: 
    insert 
    into
        study_tags
        (study_id, tags_id) 
    values
        (?, ?)
2021-03-10 22:37:38.371 TRACE 20712 --- [    Test worker] o.h.type.descriptor.sql.BasicBinder      : binding parameter [1] as [BIGINT] - [194]
2021-03-10 22:37:38.371 TRACE 20712 --- [    Test worker] o.h.type.descriptor.sql.BasicBinder      : binding parameter [2] as [BIGINT] - [31]
Hibernate: 
    insert 
    into
        study_tags
        (study_id, tags_id) 
    values
        (?, ?)
2021-03-10 22:37:38.371 TRACE 20712 --- [    Test worker] o.h.type.descriptor.sql.BasicBinder      : binding parameter [1] as [BIGINT] - [195]
2021-03-10 22:37:38.371 TRACE 20712 --- [    Test worker] o.h.type.descriptor.sql.BasicBinder      : binding parameter [2] as [BIGINT] - [37]
Hibernate: 
    insert 
    into
        study_tags
        (study_id, tags_id) 
    values
        (?, ?)
2021-03-10 22:37:38.371 TRACE 20712 --- [    Test worker] o.h.type.descriptor.sql.BasicBinder      : binding parameter [1] as [BIGINT] - [195]
2021-03-10 22:37:38.371 TRACE 20712 --- [    Test worker] o.h.type.descriptor.sql.BasicBinder      : binding parameter [2] as [BIGINT] - [45]
Hibernate: 
    insert 
    into
        study_tags
        (study_id, tags_id) 
    values
        (?, ?)
2021-03-10 22:37:38.371 TRACE 20712 --- [    Test worker] o.h.type.descriptor.sql.BasicBinder      : binding parameter [1] as [BIGINT] - [195]
2021-03-10 22:37:38.371 TRACE 20712 --- [    Test worker] o.h.type.descriptor.sql.BasicBinder      : binding parameter [2] as [BIGINT] - [50]
Hibernate: 
    insert 
    into
        study_tags
        (study_id, tags_id) 
    values
        (?, ?)
2021-03-10 22:37:38.371 TRACE 20712 --- [    Test worker] o.h.type.descriptor.sql.BasicBinder      : binding parameter [1] as [BIGINT] - [196]
2021-03-10 22:37:38.371 TRACE 20712 --- [    Test worker] o.h.type.descriptor.sql.BasicBinder      : binding parameter [2] as [BIGINT] - [25]
Hibernate: 
    insert 
    into
        study_tags
        (study_id, tags_id) 
    values
        (?, ?)
2021-03-10 22:37:38.371 TRACE 20712 --- [    Test worker] o.h.type.descriptor.sql.BasicBinder      : binding parameter [1] as [BIGINT] - [196]
2021-03-10 22:37:38.371 TRACE 20712 --- [    Test worker] o.h.type.descriptor.sql.BasicBinder      : binding parameter [2] as [BIGINT] - [13]
Hibernate: 
    insert 
    into
        study_tags
        (study_id, tags_id) 
    values
        (?, ?)
2021-03-10 22:37:38.371 TRACE 20712 --- [    Test worker] o.h.type.descriptor.sql.BasicBinder      : binding parameter [1] as [BIGINT] - [196]
2021-03-10 22:37:38.371 TRACE 20712 --- [    Test worker] o.h.type.descriptor.sql.BasicBinder      : binding parameter [2] as [BIGINT] - [22]
Hibernate: 
    insert 
    into
        study_tags
        (study_id, tags_id) 
    values
        (?, ?)
2021-03-10 22:37:38.371 TRACE 20712 --- [    Test worker] o.h.type.descriptor.sql.BasicBinder      : binding parameter [1] as [BIGINT] - [197]
2021-03-10 22:37:38.371 TRACE 20712 --- [    Test worker] o.h.type.descriptor.sql.BasicBinder      : binding parameter [2] as [BIGINT] - [48]
Hibernate: 
    insert 
    into
        study_tags
        (study_id, tags_id) 
    values
        (?, ?)
2021-03-10 22:37:38.371 TRACE 20712 --- [    Test worker] o.h.type.descriptor.sql.BasicBinder      : binding parameter [1] as [BIGINT] - [197]
2021-03-10 22:37:38.371 TRACE 20712 --- [    Test worker] o.h.type.descriptor.sql.BasicBinder      : binding parameter [2] as [BIGINT] - [1]
Hibernate: 
    insert 
    into
        study_tags
        (study_id, tags_id) 
    values
        (?, ?)
2021-03-10 22:37:38.371 TRACE 20712 --- [    Test worker] o.h.type.descriptor.sql.BasicBinder      : binding parameter [1] as [BIGINT] - [197]
2021-03-10 22:37:38.371 TRACE 20712 --- [    Test worker] o.h.type.descriptor.sql.BasicBinder      : binding parameter [2] as [BIGINT] - [41]
Hibernate: 
    insert 
    into
        study_tags
        (study_id, tags_id) 
    values
        (?, ?)
2021-03-10 22:37:38.371 TRACE 20712 --- [    Test worker] o.h.type.descriptor.sql.BasicBinder      : binding parameter [1] as [BIGINT] - [198]
2021-03-10 22:37:38.371 TRACE 20712 --- [    Test worker] o.h.type.descriptor.sql.BasicBinder      : binding parameter [2] as [BIGINT] - [48]
Hibernate: 
    insert 
    into
        study_tags
        (study_id, tags_id) 
    values
        (?, ?)
2021-03-10 22:37:38.371 TRACE 20712 --- [    Test worker] o.h.type.descriptor.sql.BasicBinder      : binding parameter [1] as [BIGINT] - [198]
2021-03-10 22:37:38.371 TRACE 20712 --- [    Test worker] o.h.type.descriptor.sql.BasicBinder      : binding parameter [2] as [BIGINT] - [24]
Hibernate: 
    insert 
    into
        study_tags
        (study_id, tags_id) 
    values
        (?, ?)
2021-03-10 22:37:38.371 TRACE 20712 --- [    Test worker] o.h.type.descriptor.sql.BasicBinder      : binding parameter [1] as [BIGINT] - [198]
2021-03-10 22:37:38.371 TRACE 20712 --- [    Test worker] o.h.type.descriptor.sql.BasicBinder      : binding parameter [2] as [BIGINT] - [17]
Hibernate: 
    insert 
    into
        study_tags
        (study_id, tags_id) 
    values
        (?, ?)
2021-03-10 22:37:38.371 TRACE 20712 --- [    Test worker] o.h.type.descriptor.sql.BasicBinder      : binding parameter [1] as [BIGINT] - [199]
2021-03-10 22:37:38.371 TRACE 20712 --- [    Test worker] o.h.type.descriptor.sql.BasicBinder      : binding parameter [2] as [BIGINT] - [53]
Hibernate: 
    insert 
    into
        study_tags
        (study_id, tags_id) 
    values
        (?, ?)
2021-03-10 22:37:38.371 TRACE 20712 --- [    Test worker] o.h.type.descriptor.sql.BasicBinder      : binding parameter [1] as [BIGINT] - [199]
2021-03-10 22:37:38.371 TRACE 20712 --- [    Test worker] o.h.type.descriptor.sql.BasicBinder      : binding parameter [2] as [BIGINT] - [9]
Hibernate: 
    insert 
    into
        study_tags
        (study_id, tags_id) 
    values
        (?, ?)
2021-03-10 22:37:38.371 TRACE 20712 --- [    Test worker] o.h.type.descriptor.sql.BasicBinder      : binding parameter [1] as [BIGINT] - [199]
2021-03-10 22:37:38.371 TRACE 20712 --- [    Test worker] o.h.type.descriptor.sql.BasicBinder      : binding parameter [2] as [BIGINT] - [60]
Hibernate: 
    insert 
    into
        study_tags
        (study_id, tags_id) 
    values
        (?, ?)
2021-03-10 22:37:38.371 TRACE 20712 --- [    Test worker] o.h.type.descriptor.sql.BasicBinder      : binding parameter [1] as [BIGINT] - [200]
2021-03-10 22:37:38.371 TRACE 20712 --- [    Test worker] o.h.type.descriptor.sql.BasicBinder      : binding parameter [2] as [BIGINT] - [27]
Hibernate: 
    insert 
    into
        study_tags
        (study_id, tags_id) 
    values
        (?, ?)
2021-03-10 22:37:38.371 TRACE 20712 --- [    Test worker] o.h.type.descriptor.sql.BasicBinder      : binding parameter [1] as [BIGINT] - [200]
2021-03-10 22:37:38.371 TRACE 20712 --- [    Test worker] o.h.type.descriptor.sql.BasicBinder      : binding parameter [2] as [BIGINT] - [30]
Hibernate: 
    insert 
    into
        study_tags
        (study_id, tags_id) 
    values
        (?, ?)
2021-03-10 22:37:38.371 TRACE 20712 --- [    Test worker] o.h.type.descriptor.sql.BasicBinder      : binding parameter [1] as [BIGINT] - [200]
2021-03-10 22:37:38.371 TRACE 20712 --- [    Test worker] o.h.type.descriptor.sql.BasicBinder      : binding parameter [2] as [BIGINT] - [10]
Hibernate: 
    insert 
    into
        study_tags
        (study_id, tags_id) 
    values
        (?, ?)
2021-03-10 22:37:38.371 TRACE 20712 --- [    Test worker] o.h.type.descriptor.sql.BasicBinder      : binding parameter [1] as [BIGINT] - [201]
2021-03-10 22:37:38.371 TRACE 20712 --- [    Test worker] o.h.type.descriptor.sql.BasicBinder      : binding parameter [2] as [BIGINT] - [59]
Hibernate: 
    insert 
    into
        study_tags
        (study_id, tags_id) 
    values
        (?, ?)
2021-03-10 22:37:38.371 TRACE 20712 --- [    Test worker] o.h.type.descriptor.sql.BasicBinder      : binding parameter [1] as [BIGINT] - [201]
2021-03-10 22:37:38.371 TRACE 20712 --- [    Test worker] o.h.type.descriptor.sql.BasicBinder      : binding parameter [2] as [BIGINT] - [32]
Hibernate: 
    insert 
    into
        study_tags
        (study_id, tags_id) 
    values
        (?, ?)
2021-03-10 22:37:38.371 TRACE 20712 --- [    Test worker] o.h.type.descriptor.sql.BasicBinder      : binding parameter [1] as [BIGINT] - [201]
2021-03-10 22:37:38.371 TRACE 20712 --- [    Test worker] o.h.type.descriptor.sql.BasicBinder      : binding parameter [2] as [BIGINT] - [54]
Hibernate: 
    insert 
    into
        study_tags
        (study_id, tags_id) 
    values
        (?, ?)
2021-03-10 22:37:38.371 TRACE 20712 --- [    Test worker] o.h.type.descriptor.sql.BasicBinder      : binding parameter [1] as [BIGINT] - [202]
2021-03-10 22:37:38.371 TRACE 20712 --- [    Test worker] o.h.type.descriptor.sql.BasicBinder      : binding parameter [2] as [BIGINT] - [14]
Hibernate: 
    insert 
    into
        study_tags
        (study_id, tags_id) 
    values
        (?, ?)
2021-03-10 22:37:38.371 TRACE 20712 --- [    Test worker] o.h.type.descriptor.sql.BasicBinder      : binding parameter [1] as [BIGINT] - [202]
2021-03-10 22:37:38.371 TRACE 20712 --- [    Test worker] o.h.type.descriptor.sql.BasicBinder      : binding parameter [2] as [BIGINT] - [3]
Hibernate: 
    insert 
    into
        study_tags
        (study_id, tags_id) 
    values
        (?, ?)
2021-03-10 22:37:38.371 TRACE 20712 --- [    Test worker] o.h.type.descriptor.sql.BasicBinder      : binding parameter [1] as [BIGINT] - [202]
2021-03-10 22:37:38.371 TRACE 20712 --- [    Test worker] o.h.type.descriptor.sql.BasicBinder      : binding parameter [2] as [BIGINT] - [16]
Hibernate: 
    insert 
    into
        study_tags
        (study_id, tags_id) 
    values
        (?, ?)
2021-03-10 22:37:38.371 TRACE 20712 --- [    Test worker] o.h.type.descriptor.sql.BasicBinder      : binding parameter [1] as [BIGINT] - [203]
2021-03-10 22:37:38.371 TRACE 20712 --- [    Test worker] o.h.type.descriptor.sql.BasicBinder      : binding parameter [2] as [BIGINT] - [37]
Hibernate: 
    insert 
    into
        study_tags
        (study_id, tags_id) 
    values
        (?, ?)
2021-03-10 22:37:38.371 TRACE 20712 --- [    Test worker] o.h.type.descriptor.sql.BasicBinder      : binding parameter [1] as [BIGINT] - [203]
2021-03-10 22:37:38.371 TRACE 20712 --- [    Test worker] o.h.type.descriptor.sql.BasicBinder      : binding parameter [2] as [BIGINT] - [45]
Hibernate: 
    insert 
    into
        study_tags
        (study_id, tags_id) 
    values
        (?, ?)
2021-03-10 22:37:38.371 TRACE 20712 --- [    Test worker] o.h.type.descriptor.sql.BasicBinder      : binding parameter [1] as [BIGINT] - [203]
2021-03-10 22:37:38.371 TRACE 20712 --- [    Test worker] o.h.type.descriptor.sql.BasicBinder      : binding parameter [2] as [BIGINT] - [4]
Hibernate: 
    insert 
    into
        study_tags
        (study_id, tags_id) 
    values
        (?, ?)
2021-03-10 22:37:38.371 TRACE 20712 --- [    Test worker] o.h.type.descriptor.sql.BasicBinder      : binding parameter [1] as [BIGINT] - [204]
2021-03-10 22:37:38.371 TRACE 20712 --- [    Test worker] o.h.type.descriptor.sql.BasicBinder      : binding parameter [2] as [BIGINT] - [8]
Hibernate: 
    insert 
    into
        study_tags
        (study_id, tags_id) 
    values
        (?, ?)
2021-03-10 22:37:38.371 TRACE 20712 --- [    Test worker] o.h.type.descriptor.sql.BasicBinder      : binding parameter [1] as [BIGINT] - [204]
2021-03-10 22:37:38.371 TRACE 20712 --- [    Test worker] o.h.type.descriptor.sql.BasicBinder      : binding parameter [2] as [BIGINT] - [12]
Hibernate: 
    insert 
    into
        study_tags
        (study_id, tags_id) 
    values
        (?, ?)
2021-03-10 22:37:38.371 TRACE 20712 --- [    Test worker] o.h.type.descriptor.sql.BasicBinder      : binding parameter [1] as [BIGINT] - [204]
2021-03-10 22:37:38.371 TRACE 20712 --- [    Test worker] o.h.type.descriptor.sql.BasicBinder      : binding parameter [2] as [BIGINT] - [43]
Hibernate: 
    insert 
    into
        study_tags
        (study_id, tags_id) 
    values
        (?, ?)
2021-03-10 22:37:38.371 TRACE 20712 --- [    Test worker] o.h.type.descriptor.sql.BasicBinder      : binding parameter [1] as [BIGINT] - [205]
2021-03-10 22:37:38.371 TRACE 20712 --- [    Test worker] o.h.type.descriptor.sql.BasicBinder      : binding parameter [2] as [BIGINT] - [38]
Hibernate: 
    insert 
    into
        study_tags
        (study_id, tags_id) 
    values
        (?, ?)
2021-03-10 22:37:38.371 TRACE 20712 --- [    Test worker] o.h.type.descriptor.sql.BasicBinder      : binding parameter [1] as [BIGINT] - [205]
2021-03-10 22:37:38.371 TRACE 20712 --- [    Test worker] o.h.type.descriptor.sql.BasicBinder      : binding parameter [2] as [BIGINT] - [40]
Hibernate: 
    insert 
    into
        study_tags
        (study_id, tags_id) 
    values
        (?, ?)
2021-03-10 22:37:38.371 TRACE 20712 --- [    Test worker] o.h.type.descriptor.sql.BasicBinder      : binding parameter [1] as [BIGINT] - [205]
2021-03-10 22:37:38.371 TRACE 20712 --- [    Test worker] o.h.type.descriptor.sql.BasicBinder      : binding parameter [2] as [BIGINT] - [35]
Hibernate: 
    insert 
    into
        study_tags
        (study_id, tags_id) 
    values
        (?, ?)
2021-03-10 22:37:38.371 TRACE 20712 --- [    Test worker] o.h.type.descriptor.sql.BasicBinder      : binding parameter [1] as [BIGINT] - [206]
2021-03-10 22:37:38.371 TRACE 20712 --- [    Test worker] o.h.type.descriptor.sql.BasicBinder      : binding parameter [2] as [BIGINT] - [26]
Hibernate: 
    insert 
    into
        study_tags
        (study_id, tags_id) 
    values
        (?, ?)
2021-03-10 22:37:38.371 TRACE 20712 --- [    Test worker] o.h.type.descriptor.sql.BasicBinder      : binding parameter [1] as [BIGINT] - [206]
2021-03-10 22:37:38.371 TRACE 20712 --- [    Test worker] o.h.type.descriptor.sql.BasicBinder      : binding parameter [2] as [BIGINT] - [30]
Hibernate: 
    insert 
    into
        study_tags
        (study_id, tags_id) 
    values
        (?, ?)
2021-03-10 22:37:38.371 TRACE 20712 --- [    Test worker] o.h.type.descriptor.sql.BasicBinder      : binding parameter [1] as [BIGINT] - [206]
2021-03-10 22:37:38.371 TRACE 20712 --- [    Test worker] o.h.type.descriptor.sql.BasicBinder      : binding parameter [2] as [BIGINT] - [20]
Hibernate: 
    insert 
    into
        study_tags
        (study_id, tags_id) 
    values
        (?, ?)
2021-03-10 22:37:38.371 TRACE 20712 --- [    Test worker] o.h.type.descriptor.sql.BasicBinder      : binding parameter [1] as [BIGINT] - [207]
2021-03-10 22:37:38.371 TRACE 20712 --- [    Test worker] o.h.type.descriptor.sql.BasicBinder      : binding parameter [2] as [BIGINT] - [11]
Hibernate: 
    insert 
    into
        study_tags
        (study_id, tags_id) 
    values
        (?, ?)
2021-03-10 22:37:38.371 TRACE 20712 --- [    Test worker] o.h.type.descriptor.sql.BasicBinder      : binding parameter [1] as [BIGINT] - [207]
2021-03-10 22:37:38.371 TRACE 20712 --- [    Test worker] o.h.type.descriptor.sql.BasicBinder      : binding parameter [2] as [BIGINT] - [59]
Hibernate: 
    insert 
    into
        study_tags
        (study_id, tags_id) 
    values
        (?, ?)
2021-03-10 22:37:38.371 TRACE 20712 --- [    Test worker] o.h.type.descriptor.sql.BasicBinder      : binding parameter [1] as [BIGINT] - [207]
2021-03-10 22:37:38.371 TRACE 20712 --- [    Test worker] o.h.type.descriptor.sql.BasicBinder      : binding parameter [2] as [BIGINT] - [55]
Hibernate: 
    insert 
    into
        study_tags
        (study_id, tags_id) 
    values
        (?, ?)
2021-03-10 22:37:38.371 TRACE 20712 --- [    Test worker] o.h.type.descriptor.sql.BasicBinder      : binding parameter [1] as [BIGINT] - [208]
2021-03-10 22:37:38.371 TRACE 20712 --- [    Test worker] o.h.type.descriptor.sql.BasicBinder      : binding parameter [2] as [BIGINT] - [56]
Hibernate: 
    insert 
    into
        study_tags
        (study_id, tags_id) 
    values
        (?, ?)
2021-03-10 22:37:38.371 TRACE 20712 --- [    Test worker] o.h.type.descriptor.sql.BasicBinder      : binding parameter [1] as [BIGINT] - [208]
2021-03-10 22:37:38.371 TRACE 20712 --- [    Test worker] o.h.type.descriptor.sql.BasicBinder      : binding parameter [2] as [BIGINT] - [55]
Hibernate: 
    insert 
    into
        study_tags
        (study_id, tags_id) 
    values
        (?, ?)
2021-03-10 22:37:38.371 TRACE 20712 --- [    Test worker] o.h.type.descriptor.sql.BasicBinder      : binding parameter [1] as [BIGINT] - [208]
2021-03-10 22:37:38.371 TRACE 20712 --- [    Test worker] o.h.type.descriptor.sql.BasicBinder      : binding parameter [2] as [BIGINT] - [21]
Hibernate: 
    insert 
    into
        study_tags
        (study_id, tags_id) 
    values
        (?, ?)
2021-03-10 22:37:38.371 TRACE 20712 --- [    Test worker] o.h.type.descriptor.sql.BasicBinder      : binding parameter [1] as [BIGINT] - [209]
2021-03-10 22:37:38.371 TRACE 20712 --- [    Test worker] o.h.type.descriptor.sql.BasicBinder      : binding parameter [2] as [BIGINT] - [47]
Hibernate: 
    insert 
    into
        study_tags
        (study_id, tags_id) 
    values
        (?, ?)
2021-03-10 22:37:38.371 TRACE 20712 --- [    Test worker] o.h.type.descriptor.sql.BasicBinder      : binding parameter [1] as [BIGINT] - [209]
2021-03-10 22:37:38.371 TRACE 20712 --- [    Test worker] o.h.type.descriptor.sql.BasicBinder      : binding parameter [2] as [BIGINT] - [59]
Hibernate: 
    insert 
    into
        study_tags
        (study_id, tags_id) 
    values
        (?, ?)
2021-03-10 22:37:38.371 TRACE 20712 --- [    Test worker] o.h.type.descriptor.sql.BasicBinder      : binding parameter [1] as [BIGINT] - [209]
2021-03-10 22:37:38.371 TRACE 20712 --- [    Test worker] o.h.type.descriptor.sql.BasicBinder      : binding parameter [2] as [BIGINT] - [41]
Hibernate: 
    insert 
    into
        study_tags
        (study_id, tags_id) 
    values
        (?, ?)
2021-03-10 22:37:38.371 TRACE 20712 --- [    Test worker] o.h.type.descriptor.sql.BasicBinder      : binding parameter [1] as [BIGINT] - [210]
2021-03-10 22:37:38.371 TRACE 20712 --- [    Test worker] o.h.type.descriptor.sql.BasicBinder      : binding parameter [2] as [BIGINT] - [30]
Hibernate: 
    insert 
    into
        study_tags
        (study_id, tags_id) 
    values
        (?, ?)
2021-03-10 22:37:38.371 TRACE 20712 --- [    Test worker] o.h.type.descriptor.sql.BasicBinder      : binding parameter [1] as [BIGINT] - [210]
2021-03-10 22:37:38.371 TRACE 20712 --- [    Test worker] o.h.type.descriptor.sql.BasicBinder      : binding parameter [2] as [BIGINT] - [23]
Hibernate: 
    insert 
    into
        study_tags
        (study_id, tags_id) 
    values
        (?, ?)
2021-03-10 22:37:38.371 TRACE 20712 --- [    Test worker] o.h.type.descriptor.sql.BasicBinder      : binding parameter [1] as [BIGINT] - [210]
2021-03-10 22:37:38.371 TRACE 20712 --- [    Test worker] o.h.type.descriptor.sql.BasicBinder      : binding parameter [2] as [BIGINT] - [7]
Hibernate: 
    insert 
    into
        study_tags
        (study_id, tags_id) 
    values
        (?, ?)
2021-03-10 22:37:38.371 TRACE 20712 --- [    Test worker] o.h.type.descriptor.sql.BasicBinder      : binding parameter [1] as [BIGINT] - [211]
2021-03-10 22:37:38.371 TRACE 20712 --- [    Test worker] o.h.type.descriptor.sql.BasicBinder      : binding parameter [2] as [BIGINT] - [46]
Hibernate: 
    insert 
    into
        study_tags
        (study_id, tags_id) 
    values
        (?, ?)
2021-03-10 22:37:38.371 TRACE 20712 --- [    Test worker] o.h.type.descriptor.sql.BasicBinder      : binding parameter [1] as [BIGINT] - [211]
2021-03-10 22:37:38.371 TRACE 20712 --- [    Test worker] o.h.type.descriptor.sql.BasicBinder      : binding parameter [2] as [BIGINT] - [59]
Hibernate: 
    insert 
    into
        study_tags
        (study_id, tags_id) 
    values
        (?, ?)
2021-03-10 22:37:38.371 TRACE 20712 --- [    Test worker] o.h.type.descriptor.sql.BasicBinder      : binding parameter [1] as [BIGINT] - [211]
2021-03-10 22:37:38.371 TRACE 20712 --- [    Test worker] o.h.type.descriptor.sql.BasicBinder      : binding parameter [2] as [BIGINT] - [9]
Hibernate: 
    insert 
    into
        study_tags
        (study_id, tags_id) 
    values
        (?, ?)
2021-03-10 22:37:38.371 TRACE 20712 --- [    Test worker] o.h.type.descriptor.sql.BasicBinder      : binding parameter [1] as [BIGINT] - [212]
2021-03-10 22:37:38.371 TRACE 20712 --- [    Test worker] o.h.type.descriptor.sql.BasicBinder      : binding parameter [2] as [BIGINT] - [14]
Hibernate: 
    insert 
    into
        study_tags
        (study_id, tags_id) 
    values
        (?, ?)
2021-03-10 22:37:38.371 TRACE 20712 --- [    Test worker] o.h.type.descriptor.sql.BasicBinder      : binding parameter [1] as [BIGINT] - [212]
2021-03-10 22:37:38.371 TRACE 20712 --- [    Test worker] o.h.type.descriptor.sql.BasicBinder      : binding parameter [2] as [BIGINT] - [3]
Hibernate: 
    insert 
    into
        study_tags
        (study_id, tags_id) 
    values
        (?, ?)
2021-03-10 22:37:38.371 TRACE 20712 --- [    Test worker] o.h.type.descriptor.sql.BasicBinder      : binding parameter [1] as [BIGINT] - [212]
2021-03-10 22:37:38.371 TRACE 20712 --- [    Test worker] o.h.type.descriptor.sql.BasicBinder      : binding parameter [2] as [BIGINT] - [12]
Hibernate: 
    insert 
    into
        study_tags
        (study_id, tags_id) 
    values
        (?, ?)
2021-03-10 22:37:38.371 TRACE 20712 --- [    Test worker] o.h.type.descriptor.sql.BasicBinder      : binding parameter [1] as [BIGINT] - [213]
2021-03-10 22:37:38.371 TRACE 20712 --- [    Test worker] o.h.type.descriptor.sql.BasicBinder      : binding parameter [2] as [BIGINT] - [20]
Hibernate: 
    insert 
    into
        study_tags
        (study_id, tags_id) 
    values
        (?, ?)
2021-03-10 22:37:38.371 TRACE 20712 --- [    Test worker] o.h.type.descriptor.sql.BasicBinder      : binding parameter [1] as [BIGINT] - [213]
2021-03-10 22:37:38.371 TRACE 20712 --- [    Test worker] o.h.type.descriptor.sql.BasicBinder      : binding parameter [2] as [BIGINT] - [21]
Hibernate: 
    insert 
    into
        study_tags
        (study_id, tags_id) 
    values
        (?, ?)
2021-03-10 22:37:38.371 TRACE 20712 --- [    Test worker] o.h.type.descriptor.sql.BasicBinder      : binding parameter [1] as [BIGINT] - [213]
2021-03-10 22:37:38.371 TRACE 20712 --- [    Test worker] o.h.type.descriptor.sql.BasicBinder      : binding parameter [2] as [BIGINT] - [17]
Hibernate: 
    insert 
    into
        study_tags
        (study_id, tags_id) 
    values
        (?, ?)
2021-03-10 22:37:38.371 TRACE 20712 --- [    Test worker] o.h.type.descriptor.sql.BasicBinder      : binding parameter [1] as [BIGINT] - [214]
2021-03-10 22:37:38.371 TRACE 20712 --- [    Test worker] o.h.type.descriptor.sql.BasicBinder      : binding parameter [2] as [BIGINT] - [11]
Hibernate: 
    insert 
    into
        study_tags
        (study_id, tags_id) 
    values
        (?, ?)
2021-03-10 22:37:38.371 TRACE 20712 --- [    Test worker] o.h.type.descriptor.sql.BasicBinder      : binding parameter [1] as [BIGINT] - [214]
2021-03-10 22:37:38.371 TRACE 20712 --- [    Test worker] o.h.type.descriptor.sql.BasicBinder      : binding parameter [2] as [BIGINT] - [5]
Hibernate: 
    insert 
    into
        study_tags
        (study_id, tags_id) 
    values
        (?, ?)
2021-03-10 22:37:38.371 TRACE 20712 --- [    Test worker] o.h.type.descriptor.sql.BasicBinder      : binding parameter [1] as [BIGINT] - [214]
2021-03-10 22:37:38.371 TRACE 20712 --- [    Test worker] o.h.type.descriptor.sql.BasicBinder      : binding parameter [2] as [BIGINT] - [50]
Hibernate: 
    insert 
    into
        study_tags
        (study_id, tags_id) 
    values
        (?, ?)
2021-03-10 22:37:38.371 TRACE 20712 --- [    Test worker] o.h.type.descriptor.sql.BasicBinder      : binding parameter [1] as [BIGINT] - [215]
2021-03-10 22:37:38.371 TRACE 20712 --- [    Test worker] o.h.type.descriptor.sql.BasicBinder      : binding parameter [2] as [BIGINT] - [19]
Hibernate: 
    insert 
    into
        study_tags
        (study_id, tags_id) 
    values
        (?, ?)
2021-03-10 22:37:38.371 TRACE 20712 --- [    Test worker] o.h.type.descriptor.sql.BasicBinder      : binding parameter [1] as [BIGINT] - [215]
2021-03-10 22:37:38.371 TRACE 20712 --- [    Test worker] o.h.type.descriptor.sql.BasicBinder      : binding parameter [2] as [BIGINT] - [41]
Hibernate: 
    insert 
    into
        study_tags
        (study_id, tags_id) 
    values
        (?, ?)
2021-03-10 22:37:38.371 TRACE 20712 --- [    Test worker] o.h.type.descriptor.sql.BasicBinder      : binding parameter [1] as [BIGINT] - [215]
2021-03-10 22:37:38.371 TRACE 20712 --- [    Test worker] o.h.type.descriptor.sql.BasicBinder      : binding parameter [2] as [BIGINT] - [40]
Hibernate: 
    insert 
    into
        study_tags
        (study_id, tags_id) 
    values
        (?, ?)
2021-03-10 22:37:38.371 TRACE 20712 --- [    Test worker] o.h.type.descriptor.sql.BasicBinder      : binding parameter [1] as [BIGINT] - [216]
2021-03-10 22:37:38.371 TRACE 20712 --- [    Test worker] o.h.type.descriptor.sql.BasicBinder      : binding parameter [2] as [BIGINT] - [29]
Hibernate: 
    insert 
    into
        study_tags
        (study_id, tags_id) 
    values
        (?, ?)
2021-03-10 22:37:38.371 TRACE 20712 --- [    Test worker] o.h.type.descriptor.sql.BasicBinder      : binding parameter [1] as [BIGINT] - [216]
2021-03-10 22:37:38.371 TRACE 20712 --- [    Test worker] o.h.type.descriptor.sql.BasicBinder      : binding parameter [2] as [BIGINT] - [5]
Hibernate: 
    insert 
    into
        study_tags
        (study_id, tags_id) 
    values
        (?, ?)
2021-03-10 22:37:38.371 TRACE 20712 --- [    Test worker] o.h.type.descriptor.sql.BasicBinder      : binding parameter [1] as [BIGINT] - [216]
2021-03-10 22:37:38.371 TRACE 20712 --- [    Test worker] o.h.type.descriptor.sql.BasicBinder      : binding parameter [2] as [BIGINT] - [30]
Hibernate: 
    insert 
    into
        study_tags
        (study_id, tags_id) 
    values
        (?, ?)
2021-03-10 22:37:38.371 TRACE 20712 --- [    Test worker] o.h.type.descriptor.sql.BasicBinder      : binding parameter [1] as [BIGINT] - [217]
2021-03-10 22:37:38.371 TRACE 20712 --- [    Test worker] o.h.type.descriptor.sql.BasicBinder      : binding parameter [2] as [BIGINT] - [6]
Hibernate: 
    insert 
    into
        study_tags
        (study_id, tags_id) 
    values
        (?, ?)
2021-03-10 22:37:38.371 TRACE 20712 --- [    Test worker] o.h.type.descriptor.sql.BasicBinder      : binding parameter [1] as [BIGINT] - [217]
2021-03-10 22:37:38.371 TRACE 20712 --- [    Test worker] o.h.type.descriptor.sql.BasicBinder      : binding parameter [2] as [BIGINT] - [9]
Hibernate: 
    insert 
    into
        study_tags
        (study_id, tags_id) 
    values
        (?, ?)
2021-03-10 22:37:38.371 TRACE 20712 --- [    Test worker] o.h.type.descriptor.sql.BasicBinder      : binding parameter [1] as [BIGINT] - [217]
2021-03-10 22:37:38.371 TRACE 20712 --- [    Test worker] o.h.type.descriptor.sql.BasicBinder      : binding parameter [2] as [BIGINT] - [24]
Hibernate: 
    insert 
    into
        study_tags
        (study_id, tags_id) 
    values
        (?, ?)
2021-03-10 22:37:38.371 TRACE 20712 --- [    Test worker] o.h.type.descriptor.sql.BasicBinder      : binding parameter [1] as [BIGINT] - [218]
2021-03-10 22:37:38.371 TRACE 20712 --- [    Test worker] o.h.type.descriptor.sql.BasicBinder      : binding parameter [2] as [BIGINT] - [2]
Hibernate: 
    insert 
    into
        study_tags
        (study_id, tags_id) 
    values
        (?, ?)
2021-03-10 22:37:38.371 TRACE 20712 --- [    Test worker] o.h.type.descriptor.sql.BasicBinder      : binding parameter [1] as [BIGINT] - [218]
2021-03-10 22:37:38.371 TRACE 20712 --- [    Test worker] o.h.type.descriptor.sql.BasicBinder      : binding parameter [2] as [BIGINT] - [24]
Hibernate: 
    insert 
    into
        study_tags
        (study_id, tags_id) 
    values
        (?, ?)
2021-03-10 22:37:38.371 TRACE 20712 --- [    Test worker] o.h.type.descriptor.sql.BasicBinder      : binding parameter [1] as [BIGINT] - [218]
2021-03-10 22:37:38.371 TRACE 20712 --- [    Test worker] o.h.type.descriptor.sql.BasicBinder      : binding parameter [2] as [BIGINT] - [35]
Hibernate: 
    insert 
    into
        study_tags
        (study_id, tags_id) 
    values
        (?, ?)
2021-03-10 22:37:38.371 TRACE 20712 --- [    Test worker] o.h.type.descriptor.sql.BasicBinder      : binding parameter [1] as [BIGINT] - [219]
2021-03-10 22:37:38.371 TRACE 20712 --- [    Test worker] o.h.type.descriptor.sql.BasicBinder      : binding parameter [2] as [BIGINT] - [46]
Hibernate: 
    insert 
    into
        study_tags
        (study_id, tags_id) 
    values
        (?, ?)
2021-03-10 22:37:38.371 TRACE 20712 --- [    Test worker] o.h.type.descriptor.sql.BasicBinder      : binding parameter [1] as [BIGINT] - [219]
2021-03-10 22:37:38.371 TRACE 20712 --- [    Test worker] o.h.type.descriptor.sql.BasicBinder      : binding parameter [2] as [BIGINT] - [1]
Hibernate: 
    insert 
    into
        study_tags
        (study_id, tags_id) 
    values
        (?, ?)
2021-03-10 22:37:38.371 TRACE 20712 --- [    Test worker] o.h.type.descriptor.sql.BasicBinder      : binding parameter [1] as [BIGINT] - [219]
2021-03-10 22:37:38.371 TRACE 20712 --- [    Test worker] o.h.type.descriptor.sql.BasicBinder      : binding parameter [2] as [BIGINT] - [22]
Hibernate: 
    insert 
    into
        study_tags
        (study_id, tags_id) 
    values
        (?, ?)
2021-03-10 22:37:38.371 TRACE 20712 --- [    Test worker] o.h.type.descriptor.sql.BasicBinder      : binding parameter [1] as [BIGINT] - [220]
2021-03-10 22:37:38.371 TRACE 20712 --- [    Test worker] o.h.type.descriptor.sql.BasicBinder      : binding parameter [2] as [BIGINT] - [30]
Hibernate: 
    insert 
    into
        study_tags
        (study_id, tags_id) 
    values
        (?, ?)
2021-03-10 22:37:38.371 TRACE 20712 --- [    Test worker] o.h.type.descriptor.sql.BasicBinder      : binding parameter [1] as [BIGINT] - [220]
2021-03-10 22:37:38.371 TRACE 20712 --- [    Test worker] o.h.type.descriptor.sql.BasicBinder      : binding parameter [2] as [BIGINT] - [15]
Hibernate: 
    insert 
    into
        study_tags
        (study_id, tags_id) 
    values
        (?, ?)
2021-03-10 22:37:38.371 TRACE 20712 --- [    Test worker] o.h.type.descriptor.sql.BasicBinder      : binding parameter [1] as [BIGINT] - [220]
2021-03-10 22:37:38.371 TRACE 20712 --- [    Test worker] o.h.type.descriptor.sql.BasicBinder      : binding parameter [2] as [BIGINT] - [16]
Hibernate: 
    insert 
    into
        study_tags
        (study_id, tags_id) 
    values
        (?, ?)
2021-03-10 22:37:38.371 TRACE 20712 --- [    Test worker] o.h.type.descriptor.sql.BasicBinder      : binding parameter [1] as [BIGINT] - [221]
2021-03-10 22:37:38.371 TRACE 20712 --- [    Test worker] o.h.type.descriptor.sql.BasicBinder      : binding parameter [2] as [BIGINT] - [49]
Hibernate: 
    insert 
    into
        study_tags
        (study_id, tags_id) 
    values
        (?, ?)
2021-03-10 22:37:38.371 TRACE 20712 --- [    Test worker] o.h.type.descriptor.sql.BasicBinder      : binding parameter [1] as [BIGINT] - [221]
2021-03-10 22:37:38.371 TRACE 20712 --- [    Test worker] o.h.type.descriptor.sql.BasicBinder      : binding parameter [2] as [BIGINT] - [6]
Hibernate: 
    insert 
    into
        study_tags
        (study_id, tags_id) 
    values
        (?, ?)
2021-03-10 22:37:38.371 TRACE 20712 --- [    Test worker] o.h.type.descriptor.sql.BasicBinder      : binding parameter [1] as [BIGINT] - [221]
2021-03-10 22:37:38.371 TRACE 20712 --- [    Test worker] o.h.type.descriptor.sql.BasicBinder      : binding parameter [2] as [BIGINT] - [35]
Hibernate: 
    insert 
    into
        study_tags
        (study_id, tags_id) 
    values
        (?, ?)
2021-03-10 22:37:38.371 TRACE 20712 --- [    Test worker] o.h.type.descriptor.sql.BasicBinder      : binding parameter [1] as [BIGINT] - [222]
2021-03-10 22:37:38.371 TRACE 20712 --- [    Test worker] o.h.type.descriptor.sql.BasicBinder      : binding parameter [2] as [BIGINT] - [47]
Hibernate: 
    insert 
    into
        study_tags
        (study_id, tags_id) 
    values
        (?, ?)
2021-03-10 22:37:38.371 TRACE 20712 --- [    Test worker] o.h.type.descriptor.sql.BasicBinder      : binding parameter [1] as [BIGINT] - [222]
2021-03-10 22:37:38.371 TRACE 20712 --- [    Test worker] o.h.type.descriptor.sql.BasicBinder      : binding parameter [2] as [BIGINT] - [28]
Hibernate: 
    insert 
    into
        study_tags
        (study_id, tags_id) 
    values
        (?, ?)
2021-03-10 22:37:38.371 TRACE 20712 --- [    Test worker] o.h.type.descriptor.sql.BasicBinder      : binding parameter [1] as [BIGINT] - [222]
2021-03-10 22:37:38.371 TRACE 20712 --- [    Test worker] o.h.type.descriptor.sql.BasicBinder      : binding parameter [2] as [BIGINT] - [8]
Hibernate: 
    insert 
    into
        study_tags
        (study_id, tags_id) 
    values
        (?, ?)
2021-03-10 22:37:38.371 TRACE 20712 --- [    Test worker] o.h.type.descriptor.sql.BasicBinder      : binding parameter [1] as [BIGINT] - [223]
2021-03-10 22:37:38.371 TRACE 20712 --- [    Test worker] o.h.type.descriptor.sql.BasicBinder      : binding parameter [2] as [BIGINT] - [1]
Hibernate: 
    insert 
    into
        study_tags
        (study_id, tags_id) 
    values
        (?, ?)
2021-03-10 22:37:38.371 TRACE 20712 --- [    Test worker] o.h.type.descriptor.sql.BasicBinder      : binding parameter [1] as [BIGINT] - [223]
2021-03-10 22:37:38.371 TRACE 20712 --- [    Test worker] o.h.type.descriptor.sql.BasicBinder      : binding parameter [2] as [BIGINT] - [30]
Hibernate: 
    insert 
    into
        study_tags
        (study_id, tags_id) 
    values
        (?, ?)
2021-03-10 22:37:38.371 TRACE 20712 --- [    Test worker] o.h.type.descriptor.sql.BasicBinder      : binding parameter [1] as [BIGINT] - [223]
2021-03-10 22:37:38.371 TRACE 20712 --- [    Test worker] o.h.type.descriptor.sql.BasicBinder      : binding parameter [2] as [BIGINT] - [9]
Hibernate: 
    insert 
    into
        study_tags
        (study_id, tags_id) 
    values
        (?, ?)
2021-03-10 22:37:38.371 TRACE 20712 --- [    Test worker] o.h.type.descriptor.sql.BasicBinder      : binding parameter [1] as [BIGINT] - [224]
2021-03-10 22:37:38.371 TRACE 20712 --- [    Test worker] o.h.type.descriptor.sql.BasicBinder      : binding parameter [2] as [BIGINT] - [10]
Hibernate: 
    insert 
    into
        study_tags
        (study_id, tags_id) 
    values
        (?, ?)
2021-03-10 22:37:38.371 TRACE 20712 --- [    Test worker] o.h.type.descriptor.sql.BasicBinder      : binding parameter [1] as [BIGINT] - [224]
2021-03-10 22:37:38.371 TRACE 20712 --- [    Test worker] o.h.type.descriptor.sql.BasicBinder      : binding parameter [2] as [BIGINT] - [50]
Hibernate: 
    insert 
    into
        study_tags
        (study_id, tags_id) 
    values
        (?, ?)
2021-03-10 22:37:38.371 TRACE 20712 --- [    Test worker] o.h.type.descriptor.sql.BasicBinder      : binding parameter [1] as [BIGINT] - [224]
2021-03-10 22:37:38.371 TRACE 20712 --- [    Test worker] o.h.type.descriptor.sql.BasicBinder      : binding parameter [2] as [BIGINT] - [4]
Hibernate: 
    insert 
    into
        study_tags
        (study_id, tags_id) 
    values
        (?, ?)
2021-03-10 22:37:38.371 TRACE 20712 --- [    Test worker] o.h.type.descriptor.sql.BasicBinder      : binding parameter [1] as [BIGINT] - [225]
2021-03-10 22:37:38.371 TRACE 20712 --- [    Test worker] o.h.type.descriptor.sql.BasicBinder      : binding parameter [2] as [BIGINT] - [20]
Hibernate: 
    insert 
    into
        study_tags
        (study_id, tags_id) 
    values
        (?, ?)
2021-03-10 22:37:38.371 TRACE 20712 --- [    Test worker] o.h.type.descriptor.sql.BasicBinder      : binding parameter [1] as [BIGINT] - [225]
2021-03-10 22:37:38.371 TRACE 20712 --- [    Test worker] o.h.type.descriptor.sql.BasicBinder      : binding parameter [2] as [BIGINT] - [9]
Hibernate: 
    insert 
    into
        study_tags
        (study_id, tags_id) 
    values
        (?, ?)
2021-03-10 22:37:38.387 TRACE 20712 --- [    Test worker] o.h.type.descriptor.sql.BasicBinder      : binding parameter [1] as [BIGINT] - [225]
2021-03-10 22:37:38.387 TRACE 20712 --- [    Test worker] o.h.type.descriptor.sql.BasicBinder      : binding parameter [2] as [BIGINT] - [58]
Hibernate: 
    insert 
    into
        study_tags
        (study_id, tags_id) 
    values
        (?, ?)
2021-03-10 22:37:38.387 TRACE 20712 --- [    Test worker] o.h.type.descriptor.sql.BasicBinder      : binding parameter [1] as [BIGINT] - [226]
2021-03-10 22:37:38.387 TRACE 20712 --- [    Test worker] o.h.type.descriptor.sql.BasicBinder      : binding parameter [2] as [BIGINT] - [38]
Hibernate: 
    insert 
    into
        study_tags
        (study_id, tags_id) 
    values
        (?, ?)
2021-03-10 22:37:38.387 TRACE 20712 --- [    Test worker] o.h.type.descriptor.sql.BasicBinder      : binding parameter [1] as [BIGINT] - [226]
2021-03-10 22:37:38.387 TRACE 20712 --- [    Test worker] o.h.type.descriptor.sql.BasicBinder      : binding parameter [2] as [BIGINT] - [25]
Hibernate: 
    insert 
    into
        study_tags
        (study_id, tags_id) 
    values
        (?, ?)
2021-03-10 22:37:38.387 TRACE 20712 --- [    Test worker] o.h.type.descriptor.sql.BasicBinder      : binding parameter [1] as [BIGINT] - [226]
2021-03-10 22:37:38.387 TRACE 20712 --- [    Test worker] o.h.type.descriptor.sql.BasicBinder      : binding parameter [2] as [BIGINT] - [46]
Hibernate: 
    insert 
    into
        study_tags
        (study_id, tags_id) 
    values
        (?, ?)
2021-03-10 22:37:38.387 TRACE 20712 --- [    Test worker] o.h.type.descriptor.sql.BasicBinder      : binding parameter [1] as [BIGINT] - [227]
2021-03-10 22:37:38.387 TRACE 20712 --- [    Test worker] o.h.type.descriptor.sql.BasicBinder      : binding parameter [2] as [BIGINT] - [48]
Hibernate: 
    insert 
    into
        study_tags
        (study_id, tags_id) 
    values
        (?, ?)
2021-03-10 22:37:38.387 TRACE 20712 --- [    Test worker] o.h.type.descriptor.sql.BasicBinder      : binding parameter [1] as [BIGINT] - [227]
2021-03-10 22:37:38.387 TRACE 20712 --- [    Test worker] o.h.type.descriptor.sql.BasicBinder      : binding parameter [2] as [BIGINT] - [41]
Hibernate: 
    insert 
    into
        study_tags
        (study_id, tags_id) 
    values
        (?, ?)
2021-03-10 22:37:38.387 TRACE 20712 --- [    Test worker] o.h.type.descriptor.sql.BasicBinder      : binding parameter [1] as [BIGINT] - [227]
2021-03-10 22:37:38.387 TRACE 20712 --- [    Test worker] o.h.type.descriptor.sql.BasicBinder      : binding parameter [2] as [BIGINT] - [45]
Hibernate: 
    insert 
    into
        study_tags
        (study_id, tags_id) 
    values
        (?, ?)
2021-03-10 22:37:38.387 TRACE 20712 --- [    Test worker] o.h.type.descriptor.sql.BasicBinder      : binding parameter [1] as [BIGINT] - [228]
2021-03-10 22:37:38.387 TRACE 20712 --- [    Test worker] o.h.type.descriptor.sql.BasicBinder      : binding parameter [2] as [BIGINT] - [29]
Hibernate: 
    insert 
    into
        study_tags
        (study_id, tags_id) 
    values
        (?, ?)
2021-03-10 22:37:38.387 TRACE 20712 --- [    Test worker] o.h.type.descriptor.sql.BasicBinder      : binding parameter [1] as [BIGINT] - [228]
2021-03-10 22:37:38.387 TRACE 20712 --- [    Test worker] o.h.type.descriptor.sql.BasicBinder      : binding parameter [2] as [BIGINT] - [32]
Hibernate: 
    insert 
    into
        study_tags
        (study_id, tags_id) 
    values
        (?, ?)
2021-03-10 22:37:38.387 TRACE 20712 --- [    Test worker] o.h.type.descriptor.sql.BasicBinder      : binding parameter [1] as [BIGINT] - [228]
2021-03-10 22:37:38.387 TRACE 20712 --- [    Test worker] o.h.type.descriptor.sql.BasicBinder      : binding parameter [2] as [BIGINT] - [51]
Hibernate: 
    insert 
    into
        study_tags
        (study_id, tags_id) 
    values
        (?, ?)
2021-03-10 22:37:38.387 TRACE 20712 --- [    Test worker] o.h.type.descriptor.sql.BasicBinder      : binding parameter [1] as [BIGINT] - [229]
2021-03-10 22:37:38.387 TRACE 20712 --- [    Test worker] o.h.type.descriptor.sql.BasicBinder      : binding parameter [2] as [BIGINT] - [26]
Hibernate: 
    insert 
    into
        study_tags
        (study_id, tags_id) 
    values
        (?, ?)
2021-03-10 22:37:38.387 TRACE 20712 --- [    Test worker] o.h.type.descriptor.sql.BasicBinder      : binding parameter [1] as [BIGINT] - [229]
2021-03-10 22:37:38.387 TRACE 20712 --- [    Test worker] o.h.type.descriptor.sql.BasicBinder      : binding parameter [2] as [BIGINT] - [15]
Hibernate: 
    insert 
    into
        study_tags
        (study_id, tags_id) 
    values
        (?, ?)
2021-03-10 22:37:38.387 TRACE 20712 --- [    Test worker] o.h.type.descriptor.sql.BasicBinder      : binding parameter [1] as [BIGINT] - [229]
2021-03-10 22:37:38.387 TRACE 20712 --- [    Test worker] o.h.type.descriptor.sql.BasicBinder      : binding parameter [2] as [BIGINT] - [17]
Hibernate: 
    insert 
    into
        study_tags
        (study_id, tags_id) 
    values
        (?, ?)
2021-03-10 22:37:38.387 TRACE 20712 --- [    Test worker] o.h.type.descriptor.sql.BasicBinder      : binding parameter [1] as [BIGINT] - [230]
2021-03-10 22:37:38.387 TRACE 20712 --- [    Test worker] o.h.type.descriptor.sql.BasicBinder      : binding parameter [2] as [BIGINT] - [23]
Hibernate: 
    insert 
    into
        study_tags
        (study_id, tags_id) 
    values
        (?, ?)
2021-03-10 22:37:38.387 TRACE 20712 --- [    Test worker] o.h.type.descriptor.sql.BasicBinder      : binding parameter [1] as [BIGINT] - [230]
2021-03-10 22:37:38.387 TRACE 20712 --- [    Test worker] o.h.type.descriptor.sql.BasicBinder      : binding parameter [2] as [BIGINT] - [54]
Hibernate: 
    insert 
    into
        study_tags
        (study_id, tags_id) 
    values
        (?, ?)
2021-03-10 22:37:38.387 TRACE 20712 --- [    Test worker] o.h.type.descriptor.sql.BasicBinder      : binding parameter [1] as [BIGINT] - [230]
2021-03-10 22:37:38.387 TRACE 20712 --- [    Test worker] o.h.type.descriptor.sql.BasicBinder      : binding parameter [2] as [BIGINT] - [35]
Hibernate: 
    insert 
    into
        study_tags
        (study_id, tags_id) 
    values
        (?, ?)
2021-03-10 22:37:38.387 TRACE 20712 --- [    Test worker] o.h.type.descriptor.sql.BasicBinder      : binding parameter [1] as [BIGINT] - [231]
2021-03-10 22:37:38.387 TRACE 20712 --- [    Test worker] o.h.type.descriptor.sql.BasicBinder      : binding parameter [2] as [BIGINT] - [11]
Hibernate: 
    insert 
    into
        study_tags
        (study_id, tags_id) 
    values
        (?, ?)
2021-03-10 22:37:38.387 TRACE 20712 --- [    Test worker] o.h.type.descriptor.sql.BasicBinder      : binding parameter [1] as [BIGINT] - [231]
2021-03-10 22:37:38.387 TRACE 20712 --- [    Test worker] o.h.type.descriptor.sql.BasicBinder      : binding parameter [2] as [BIGINT] - [53]
Hibernate: 
    insert 
    into
        study_tags
        (study_id, tags_id) 
    values
        (?, ?)
2021-03-10 22:37:38.387 TRACE 20712 --- [    Test worker] o.h.type.descriptor.sql.BasicBinder      : binding parameter [1] as [BIGINT] - [231]
2021-03-10 22:37:38.387 TRACE 20712 --- [    Test worker] o.h.type.descriptor.sql.BasicBinder      : binding parameter [2] as [BIGINT] - [15]
Hibernate: 
    insert 
    into
        study_tags
        (study_id, tags_id) 
    values
        (?, ?)
2021-03-10 22:37:38.387 TRACE 20712 --- [    Test worker] o.h.type.descriptor.sql.BasicBinder      : binding parameter [1] as [BIGINT] - [232]
2021-03-10 22:37:38.387 TRACE 20712 --- [    Test worker] o.h.type.descriptor.sql.BasicBinder      : binding parameter [2] as [BIGINT] - [19]
Hibernate: 
    insert 
    into
        study_tags
        (study_id, tags_id) 
    values
        (?, ?)
2021-03-10 22:37:38.387 TRACE 20712 --- [    Test worker] o.h.type.descriptor.sql.BasicBinder      : binding parameter [1] as [BIGINT] - [232]
2021-03-10 22:37:38.387 TRACE 20712 --- [    Test worker] o.h.type.descriptor.sql.BasicBinder      : binding parameter [2] as [BIGINT] - [5]
Hibernate: 
    insert 
    into
        study_tags
        (study_id, tags_id) 
    values
        (?, ?)
2021-03-10 22:37:38.387 TRACE 20712 --- [    Test worker] o.h.type.descriptor.sql.BasicBinder      : binding parameter [1] as [BIGINT] - [232]
2021-03-10 22:37:38.387 TRACE 20712 --- [    Test worker] o.h.type.descriptor.sql.BasicBinder      : binding parameter [2] as [BIGINT] - [43]
Hibernate: 
    insert 
    into
        study_tags
        (study_id, tags_id) 
    values
        (?, ?)
2021-03-10 22:37:38.387 TRACE 20712 --- [    Test worker] o.h.type.descriptor.sql.BasicBinder      : binding parameter [1] as [BIGINT] - [233]
2021-03-10 22:37:38.387 TRACE 20712 --- [    Test worker] o.h.type.descriptor.sql.BasicBinder      : binding parameter [2] as [BIGINT] - [51]
Hibernate: 
    insert 
    into
        study_tags
        (study_id, tags_id) 
    values
        (?, ?)
2021-03-10 22:37:38.387 TRACE 20712 --- [    Test worker] o.h.type.descriptor.sql.BasicBinder      : binding parameter [1] as [BIGINT] - [233]
2021-03-10 22:37:38.387 TRACE 20712 --- [    Test worker] o.h.type.descriptor.sql.BasicBinder      : binding parameter [2] as [BIGINT] - [10]
Hibernate: 
    insert 
    into
        study_tags
        (study_id, tags_id) 
    values
        (?, ?)
2021-03-10 22:37:38.387 TRACE 20712 --- [    Test worker] o.h.type.descriptor.sql.BasicBinder      : binding parameter [1] as [BIGINT] - [233]
2021-03-10 22:37:38.387 TRACE 20712 --- [    Test worker] o.h.type.descriptor.sql.BasicBinder      : binding parameter [2] as [BIGINT] - [16]
Hibernate: 
    insert 
    into
        study_tags
        (study_id, tags_id) 
    values
        (?, ?)
2021-03-10 22:37:38.387 TRACE 20712 --- [    Test worker] o.h.type.descriptor.sql.BasicBinder      : binding parameter [1] as [BIGINT] - [234]
2021-03-10 22:37:38.387 TRACE 20712 --- [    Test worker] o.h.type.descriptor.sql.BasicBinder      : binding parameter [2] as [BIGINT] - [23]
Hibernate: 
    insert 
    into
        study_tags
        (study_id, tags_id) 
    values
        (?, ?)
2021-03-10 22:37:38.387 TRACE 20712 --- [    Test worker] o.h.type.descriptor.sql.BasicBinder      : binding parameter [1] as [BIGINT] - [234]
2021-03-10 22:37:38.387 TRACE 20712 --- [    Test worker] o.h.type.descriptor.sql.BasicBinder      : binding parameter [2] as [BIGINT] - [42]
Hibernate: 
    insert 
    into
        study_tags
        (study_id, tags_id) 
    values
        (?, ?)
2021-03-10 22:37:38.387 TRACE 20712 --- [    Test worker] o.h.type.descriptor.sql.BasicBinder      : binding parameter [1] as [BIGINT] - [234]
2021-03-10 22:37:38.387 TRACE 20712 --- [    Test worker] o.h.type.descriptor.sql.BasicBinder      : binding parameter [2] as [BIGINT] - [22]
Hibernate: 
    insert 
    into
        study_tags
        (study_id, tags_id) 
    values
        (?, ?)
2021-03-10 22:37:38.387 TRACE 20712 --- [    Test worker] o.h.type.descriptor.sql.BasicBinder      : binding parameter [1] as [BIGINT] - [235]
2021-03-10 22:37:38.387 TRACE 20712 --- [    Test worker] o.h.type.descriptor.sql.BasicBinder      : binding parameter [2] as [BIGINT] - [51]
Hibernate: 
    insert 
    into
        study_tags
        (study_id, tags_id) 
    values
        (?, ?)
2021-03-10 22:37:38.387 TRACE 20712 --- [    Test worker] o.h.type.descriptor.sql.BasicBinder      : binding parameter [1] as [BIGINT] - [235]
2021-03-10 22:37:38.387 TRACE 20712 --- [    Test worker] o.h.type.descriptor.sql.BasicBinder      : binding parameter [2] as [BIGINT] - [23]
Hibernate: 
    insert 
    into
        study_tags
        (study_id, tags_id) 
    values
        (?, ?)
2021-03-10 22:37:38.387 TRACE 20712 --- [    Test worker] o.h.type.descriptor.sql.BasicBinder      : binding parameter [1] as [BIGINT] - [235]
2021-03-10 22:37:38.387 TRACE 20712 --- [    Test worker] o.h.type.descriptor.sql.BasicBinder      : binding parameter [2] as [BIGINT] - [22]
Hibernate: 
    insert 
    into
        study_tags
        (study_id, tags_id) 
    values
        (?, ?)
2021-03-10 22:37:38.387 TRACE 20712 --- [    Test worker] o.h.type.descriptor.sql.BasicBinder      : binding parameter [1] as [BIGINT] - [236]
2021-03-10 22:37:38.387 TRACE 20712 --- [    Test worker] o.h.type.descriptor.sql.BasicBinder      : binding parameter [2] as [BIGINT] - [53]
Hibernate: 
    insert 
    into
        study_tags
        (study_id, tags_id) 
    values
        (?, ?)
2021-03-10 22:37:38.387 TRACE 20712 --- [    Test worker] o.h.type.descriptor.sql.BasicBinder      : binding parameter [1] as [BIGINT] - [236]
2021-03-10 22:37:38.387 TRACE 20712 --- [    Test worker] o.h.type.descriptor.sql.BasicBinder      : binding parameter [2] as [BIGINT] - [8]
Hibernate: 
    insert 
    into
        study_tags
        (study_id, tags_id) 
    values
        (?, ?)
2021-03-10 22:37:38.387 TRACE 20712 --- [    Test worker] o.h.type.descriptor.sql.BasicBinder      : binding parameter [1] as [BIGINT] - [236]
2021-03-10 22:37:38.387 TRACE 20712 --- [    Test worker] o.h.type.descriptor.sql.BasicBinder      : binding parameter [2] as [BIGINT] - [31]
Hibernate: 
    insert 
    into
        study_tags
        (study_id, tags_id) 
    values
        (?, ?)
2021-03-10 22:37:38.387 TRACE 20712 --- [    Test worker] o.h.type.descriptor.sql.BasicBinder      : binding parameter [1] as [BIGINT] - [237]
2021-03-10 22:37:38.387 TRACE 20712 --- [    Test worker] o.h.type.descriptor.sql.BasicBinder      : binding parameter [2] as [BIGINT] - [15]
Hibernate: 
    insert 
    into
        study_tags
        (study_id, tags_id) 
    values
        (?, ?)
2021-03-10 22:37:38.387 TRACE 20712 --- [    Test worker] o.h.type.descriptor.sql.BasicBinder      : binding parameter [1] as [BIGINT] - [237]
2021-03-10 22:37:38.387 TRACE 20712 --- [    Test worker] o.h.type.descriptor.sql.BasicBinder      : binding parameter [2] as [BIGINT] - [43]
Hibernate: 
    insert 
    into
        study_tags
        (study_id, tags_id) 
    values
        (?, ?)
2021-03-10 22:37:38.387 TRACE 20712 --- [    Test worker] o.h.type.descriptor.sql.BasicBinder      : binding parameter [1] as [BIGINT] - [237]
2021-03-10 22:37:38.387 TRACE 20712 --- [    Test worker] o.h.type.descriptor.sql.BasicBinder      : binding parameter [2] as [BIGINT] - [4]
Hibernate: 
    insert 
    into
        study_tags
        (study_id, tags_id) 
    values
        (?, ?)
2021-03-10 22:37:38.387 TRACE 20712 --- [    Test worker] o.h.type.descriptor.sql.BasicBinder      : binding parameter [1] as [BIGINT] - [238]
2021-03-10 22:37:38.387 TRACE 20712 --- [    Test worker] o.h.type.descriptor.sql.BasicBinder      : binding parameter [2] as [BIGINT] - [25]
Hibernate: 
    insert 
    into
        study_tags
        (study_id, tags_id) 
    values
        (?, ?)
2021-03-10 22:37:38.387 TRACE 20712 --- [    Test worker] o.h.type.descriptor.sql.BasicBinder      : binding parameter [1] as [BIGINT] - [238]
2021-03-10 22:37:38.387 TRACE 20712 --- [    Test worker] o.h.type.descriptor.sql.BasicBinder      : binding parameter [2] as [BIGINT] - [29]
Hibernate: 
    insert 
    into
        study_tags
        (study_id, tags_id) 
    values
        (?, ?)
2021-03-10 22:37:38.387 TRACE 20712 --- [    Test worker] o.h.type.descriptor.sql.BasicBinder      : binding parameter [1] as [BIGINT] - [238]
2021-03-10 22:37:38.387 TRACE 20712 --- [    Test worker] o.h.type.descriptor.sql.BasicBinder      : binding parameter [2] as [BIGINT] - [2]
Hibernate: 
    insert 
    into
        study_tags
        (study_id, tags_id) 
    values
        (?, ?)
2021-03-10 22:37:38.387 TRACE 20712 --- [    Test worker] o.h.type.descriptor.sql.BasicBinder      : binding parameter [1] as [BIGINT] - [239]
2021-03-10 22:37:38.387 TRACE 20712 --- [    Test worker] o.h.type.descriptor.sql.BasicBinder      : binding parameter [2] as [BIGINT] - [5]
Hibernate: 
    insert 
    into
        study_tags
        (study_id, tags_id) 
    values
        (?, ?)
2021-03-10 22:37:38.387 TRACE 20712 --- [    Test worker] o.h.type.descriptor.sql.BasicBinder      : binding parameter [1] as [BIGINT] - [239]
2021-03-10 22:37:38.387 TRACE 20712 --- [    Test worker] o.h.type.descriptor.sql.BasicBinder      : binding parameter [2] as [BIGINT] - [28]
Hibernate: 
    insert 
    into
        study_tags
        (study_id, tags_id) 
    values
        (?, ?)
2021-03-10 22:37:38.387 TRACE 20712 --- [    Test worker] o.h.type.descriptor.sql.BasicBinder      : binding parameter [1] as [BIGINT] - [239]
2021-03-10 22:37:38.387 TRACE 20712 --- [    Test worker] o.h.type.descriptor.sql.BasicBinder      : binding parameter [2] as [BIGINT] - [6]
Hibernate: 
    insert 
    into
        study_tags
        (study_id, tags_id) 
    values
        (?, ?)
2021-03-10 22:37:38.387 TRACE 20712 --- [    Test worker] o.h.type.descriptor.sql.BasicBinder      : binding parameter [1] as [BIGINT] - [240]
2021-03-10 22:37:38.387 TRACE 20712 --- [    Test worker] o.h.type.descriptor.sql.BasicBinder      : binding parameter [2] as [BIGINT] - [39]
Hibernate: 
    insert 
    into
        study_tags
        (study_id, tags_id) 
    values
        (?, ?)
2021-03-10 22:37:38.387 TRACE 20712 --- [    Test worker] o.h.type.descriptor.sql.BasicBinder      : binding parameter [1] as [BIGINT] - [240]
2021-03-10 22:37:38.387 TRACE 20712 --- [    Test worker] o.h.type.descriptor.sql.BasicBinder      : binding parameter [2] as [BIGINT] - [32]
Hibernate: 
    insert 
    into
        study_tags
        (study_id, tags_id) 
    values
        (?, ?)
2021-03-10 22:37:38.387 TRACE 20712 --- [    Test worker] o.h.type.descriptor.sql.BasicBinder      : binding parameter [1] as [BIGINT] - [240]
2021-03-10 22:37:38.387 TRACE 20712 --- [    Test worker] o.h.type.descriptor.sql.BasicBinder      : binding parameter [2] as [BIGINT] - [31]
Hibernate: 
    insert 
    into
        study_tags
        (study_id, tags_id) 
    values
        (?, ?)
2021-03-10 22:37:38.387 TRACE 20712 --- [    Test worker] o.h.type.descriptor.sql.BasicBinder      : binding parameter [1] as [BIGINT] - [241]
2021-03-10 22:37:38.387 TRACE 20712 --- [    Test worker] o.h.type.descriptor.sql.BasicBinder      : binding parameter [2] as [BIGINT] - [29]
Hibernate: 
    insert 
    into
        study_tags
        (study_id, tags_id) 
    values
        (?, ?)
2021-03-10 22:37:38.387 TRACE 20712 --- [    Test worker] o.h.type.descriptor.sql.BasicBinder      : binding parameter [1] as [BIGINT] - [241]
2021-03-10 22:37:38.387 TRACE 20712 --- [    Test worker] o.h.type.descriptor.sql.BasicBinder      : binding parameter [2] as [BIGINT] - [6]
Hibernate: 
    insert 
    into
        study_tags
        (study_id, tags_id) 
    values
        (?, ?)
2021-03-10 22:37:38.387 TRACE 20712 --- [    Test worker] o.h.type.descriptor.sql.BasicBinder      : binding parameter [1] as [BIGINT] - [241]
2021-03-10 22:37:38.387 TRACE 20712 --- [    Test worker] o.h.type.descriptor.sql.BasicBinder      : binding parameter [2] as [BIGINT] - [17]
Hibernate: 
    insert 
    into
        study_tags
        (study_id, tags_id) 
    values
        (?, ?)
2021-03-10 22:37:38.387 TRACE 20712 --- [    Test worker] o.h.type.descriptor.sql.BasicBinder      : binding parameter [1] as [BIGINT] - [242]
2021-03-10 22:37:38.387 TRACE 20712 --- [    Test worker] o.h.type.descriptor.sql.BasicBinder      : binding parameter [2] as [BIGINT] - [5]
Hibernate: 
    insert 
    into
        study_tags
        (study_id, tags_id) 
    values
        (?, ?)
2021-03-10 22:37:38.387 TRACE 20712 --- [    Test worker] o.h.type.descriptor.sql.BasicBinder      : binding parameter [1] as [BIGINT] - [242]
2021-03-10 22:37:38.387 TRACE 20712 --- [    Test worker] o.h.type.descriptor.sql.BasicBinder      : binding parameter [2] as [BIGINT] - [13]
Hibernate: 
    insert 
    into
        study_tags
        (study_id, tags_id) 
    values
        (?, ?)
2021-03-10 22:37:38.387 TRACE 20712 --- [    Test worker] o.h.type.descriptor.sql.BasicBinder      : binding parameter [1] as [BIGINT] - [242]
2021-03-10 22:37:38.387 TRACE 20712 --- [    Test worker] o.h.type.descriptor.sql.BasicBinder      : binding parameter [2] as [BIGINT] - [20]
Hibernate: 
    insert 
    into
        study_tags
        (study_id, tags_id) 
    values
        (?, ?)
2021-03-10 22:37:38.387 TRACE 20712 --- [    Test worker] o.h.type.descriptor.sql.BasicBinder      : binding parameter [1] as [BIGINT] - [243]
2021-03-10 22:37:38.387 TRACE 20712 --- [    Test worker] o.h.type.descriptor.sql.BasicBinder      : binding parameter [2] as [BIGINT] - [47]
Hibernate: 
    insert 
    into
        study_tags
        (study_id, tags_id) 
    values
        (?, ?)
2021-03-10 22:37:38.387 TRACE 20712 --- [    Test worker] o.h.type.descriptor.sql.BasicBinder      : binding parameter [1] as [BIGINT] - [243]
2021-03-10 22:37:38.387 TRACE 20712 --- [    Test worker] o.h.type.descriptor.sql.BasicBinder      : binding parameter [2] as [BIGINT] - [59]
Hibernate: 
    insert 
    into
        study_tags
        (study_id, tags_id) 
    values
        (?, ?)
2021-03-10 22:37:38.387 TRACE 20712 --- [    Test worker] o.h.type.descriptor.sql.BasicBinder      : binding parameter [1] as [BIGINT] - [243]
2021-03-10 22:37:38.387 TRACE 20712 --- [    Test worker] o.h.type.descriptor.sql.BasicBinder      : binding parameter [2] as [BIGINT] - [12]
Hibernate: 
    insert 
    into
        study_tags
        (study_id, tags_id) 
    values
        (?, ?)
2021-03-10 22:37:38.387 TRACE 20712 --- [    Test worker] o.h.type.descriptor.sql.BasicBinder      : binding parameter [1] as [BIGINT] - [244]
2021-03-10 22:37:38.387 TRACE 20712 --- [    Test worker] o.h.type.descriptor.sql.BasicBinder      : binding parameter [2] as [BIGINT] - [25]
Hibernate: 
    insert 
    into
        study_tags
        (study_id, tags_id) 
    values
        (?, ?)
2021-03-10 22:37:38.387 TRACE 20712 --- [    Test worker] o.h.type.descriptor.sql.BasicBinder      : binding parameter [1] as [BIGINT] - [244]
2021-03-10 22:37:38.387 TRACE 20712 --- [    Test worker] o.h.type.descriptor.sql.BasicBinder      : binding parameter [2] as [BIGINT] - [9]
Hibernate: 
    insert 
    into
        study_tags
        (study_id, tags_id) 
    values
        (?, ?)
2021-03-10 22:37:38.387 TRACE 20712 --- [    Test worker] o.h.type.descriptor.sql.BasicBinder      : binding parameter [1] as [BIGINT] - [244]
2021-03-10 22:37:38.387 TRACE 20712 --- [    Test worker] o.h.type.descriptor.sql.BasicBinder      : binding parameter [2] as [BIGINT] - [6]
Hibernate: 
    insert 
    into
        study_tags
        (study_id, tags_id) 
    values
        (?, ?)
2021-03-10 22:37:38.387 TRACE 20712 --- [    Test worker] o.h.type.descriptor.sql.BasicBinder      : binding parameter [1] as [BIGINT] - [245]
2021-03-10 22:37:38.387 TRACE 20712 --- [    Test worker] o.h.type.descriptor.sql.BasicBinder      : binding parameter [2] as [BIGINT] - [24]
Hibernate: 
    insert 
    into
        study_tags
        (study_id, tags_id) 
    values
        (?, ?)
2021-03-10 22:37:38.387 TRACE 20712 --- [    Test worker] o.h.type.descriptor.sql.BasicBinder      : binding parameter [1] as [BIGINT] - [245]
2021-03-10 22:37:38.387 TRACE 20712 --- [    Test worker] o.h.type.descriptor.sql.BasicBinder      : binding parameter [2] as [BIGINT] - [21]
Hibernate: 
    insert 
    into
        study_tags
        (study_id, tags_id) 
    values
        (?, ?)
2021-03-10 22:37:38.387 TRACE 20712 --- [    Test worker] o.h.type.descriptor.sql.BasicBinder      : binding parameter [1] as [BIGINT] - [245]
2021-03-10 22:37:38.387 TRACE 20712 --- [    Test worker] o.h.type.descriptor.sql.BasicBinder      : binding parameter [2] as [BIGINT] - [58]
Hibernate: 
    select
        study0_.id as id1_1_,
        study0_.likes as likes1_3_,
        study0_.counts as counts2_3_,
        study0_.full_description as full_des3_3_,
        study0_.level as level4_3_,
        study0_.location_id as locatio13_3_,
        study0_.max_count as max_coun5_3_,
        study0_.mento_recruiting as mento_re6_3_,
        study0_.open as open7_3_,
        study0_.published_date_time as publishe8_3_,
        study0_.question as question9_3_,
        study0_.recruiting as recruit10_3_,
        study0_.short_description as short_d11_3_,
        study0_.title as title12_3_ 
    from
        study study0_ 
    where
        study0_.recruiting=? 
        and study0_.recruiting=? 
    order by
        study0_.id desc limit ?
2021-03-10 22:37:38.387 TRACE 20712 --- [    Test worker] o.h.type.descriptor.sql.BasicBinder      : binding parameter [1] as [BOOLEAN] - [false]
2021-03-10 22:37:38.387 TRACE 20712 --- [    Test worker] o.h.type.descriptor.sql.BasicBinder      : binding parameter [2] as [BOOLEAN] - [false]
2021-03-10 22:37:38.387 TRACE 20712 --- [    Test worker] o.h.type.descriptor.sql.BasicExtractor   : extracted value ([id1_1_] : [BIGINT]) - [245]
2021-03-10 22:37:38.387 TRACE 20712 --- [    Test worker] o.h.type.descriptor.sql.BasicExtractor   : extracted value ([id1_1_] : [BIGINT]) - [243]
2021-03-10 22:37:38.387 TRACE 20712 --- [    Test worker] o.h.type.descriptor.sql.BasicExtractor   : extracted value ([id1_1_] : [BIGINT]) - [240]
2021-03-10 22:37:38.387 TRACE 20712 --- [    Test worker] o.h.type.descriptor.sql.BasicExtractor   : extracted value ([id1_1_] : [BIGINT]) - [239]
2021-03-10 22:37:38.387 TRACE 20712 --- [    Test worker] o.h.type.descriptor.sql.BasicExtractor   : extracted value ([id1_1_] : [BIGINT]) - [237]
2021-03-10 22:37:38.387 TRACE 20712 --- [    Test worker] o.h.type.descriptor.sql.BasicExtractor   : extracted value ([id1_1_] : [BIGINT]) - [236]
2021-03-10 22:37:38.387 TRACE 20712 --- [    Test worker] o.h.type.descriptor.sql.BasicExtractor   : extracted value ([id1_1_] : [BIGINT]) - [234]
2021-03-10 22:37:38.387 TRACE 20712 --- [    Test worker] o.h.type.descriptor.sql.BasicExtractor   : extracted value ([id1_1_] : [BIGINT]) - [231]
2021-03-10 22:37:38.387 TRACE 20712 --- [    Test worker] o.h.type.descriptor.sql.BasicExtractor   : extracted value ([id1_1_] : [BIGINT]) - [228]
2021-03-10 22:37:38.387 TRACE 20712 --- [    Test worker] o.h.type.descriptor.sql.BasicExtractor   : extracted value ([id1_1_] : [BIGINT]) - [226]
2021-03-10 22:37:54.150  INFO 20712 --- [    Test worker] o.s.t.c.transaction.TransactionContext   : Rolled back transaction for test: [DefaultTestContext@6d4b37fc testClass = StudyRepositoryCustomTest, testInstance = com.project.devidea.modules.content.study.repository.StudyRepositoryCustomTest@28b53187, testMethod = 기본_테스트@StudyRepositoryCustomTest, testException = org.modelmapper.MappingException: ModelMapper mapping errors:

1) Error mapping com.project.devidea.modules.content.study.Study to com.project.devidea.modules.content.study.form.StudyListForm

1 error, mergedContextConfiguration = [WebMergedContextConfiguration@1898e8c5 testClass = StudyRepositoryCustomTest, locations = '{}', classes = '{class com.project.devidea.DevideaApplication}', contextInitializerClasses = '[]', activeProfiles = '{}', propertySourceLocations = '{}', propertySourceProperties = '{org.springframework.boot.test.context.SpringBootTestContextBootstrapper=true}', contextCustomizers = set[org.springframework.boot.test.autoconfigure.actuate.metrics.MetricsExportContextCustomizerFactory$DisableMetricExportContextCustomizer@5ab019bd, org.springframework.boot.test.autoconfigure.properties.PropertyMappingContextCustomizer@0, org.springframework.boot.test.autoconfigure.web.servlet.WebDriverContextCustomizerFactory$Customizer@697bec16, org.springframework.boot.test.context.filter.ExcludeFilterContextCustomizer@33287622, org.springframework.boot.test.json.DuplicateJsonObjectContextCustomizerFactory$DuplicateJsonObjectContextCustomizer@67dcc52f, org.springframework.boot.test.mock.mockito.MockitoContextCustomizer@0, org.springframework.boot.test.web.client.TestRestTemplateContextCustomizer@6a0e8beb, org.springframework.boot.test.context.SpringBootTestArgs@1, org.springframework.boot.test.context.SpringBootTestWebEnvironment@8603bb7], resourceBasePath = 'src/main/webapp', contextLoader = 'org.springframework.boot.test.context.SpringBootContextLoader', parent = [null]], attributes = map['org.springframework.test.context.web.ServletTestExecutionListener.activateListener' -> true, 'org.springframework.test.context.web.ServletTestExecutionListener.populatedRequestContextHolder' -> true, 'org.springframework.test.context.web.ServletTestExecutionListener.resetRequestContextHolder' -> true, 'org.springframework.test.context.event.ApplicationEventsTestExecutionListener.recordApplicationEvents' -> false]]
]]></system-out>
  <system-err><![CDATA[]]></system-err>
</testsuite>
