<?xml version="1.0" encoding="UTF-8"?>
<testsuite name="com.project.devidea.infra.CacheTest" tests="2" skipped="0" failures="0" errors="0" timestamp="2021-03-27T07:42:13" hostname="DESKTOP-8NO6PS7" time="0.325">
  <properties/>
  <testcase name="1" classname="com.project.devidea.infra.CacheTest" time="0.244"/>
  <testcase name="2" classname="com.project.devidea.infra.CacheTest" time="0.028"/>
  <system-out><![CDATA[16:41:57.097 [Test worker] DEBUG org.springframework.test.context.BootstrapUtils - Instantiating CacheAwareContextLoaderDelegate from class [org.springframework.test.context.cache.DefaultCacheAwareContextLoaderDelegate]
16:41:57.113 [Test worker] DEBUG org.springframework.test.context.BootstrapUtils - Instantiating BootstrapContext using constructor [public org.springframework.test.context.support.DefaultBootstrapContext(java.lang.Class,org.springframework.test.context.CacheAwareContextLoaderDelegate)]
16:41:57.144 [Test worker] DEBUG org.springframework.test.context.BootstrapUtils - Instantiating TestContextBootstrapper for test class [com.project.devidea.infra.CacheTest] from class [org.springframework.boot.test.context.SpringBootTestContextBootstrapper]
16:41:57.160 [Test worker] INFO org.springframework.boot.test.context.SpringBootTestContextBootstrapper - Neither @ContextConfiguration nor @ContextHierarchy found for test class [com.project.devidea.infra.CacheTest], using SpringBootContextLoader
16:41:57.175 [Test worker] DEBUG org.springframework.test.context.support.AbstractContextLoader - Did not detect default resource location for test class [com.project.devidea.infra.CacheTest]: class path resource [com/project/devidea/infra/CacheTest-context.xml] does not exist
16:41:57.175 [Test worker] DEBUG org.springframework.test.context.support.AbstractContextLoader - Did not detect default resource location for test class [com.project.devidea.infra.CacheTest]: class path resource [com/project/devidea/infra/CacheTestContext.groovy] does not exist
16:41:57.175 [Test worker] INFO org.springframework.test.context.support.AbstractContextLoader - Could not detect default resource locations for test class [com.project.devidea.infra.CacheTest]: no resource found for suffixes {-context.xml, Context.groovy}.
16:41:57.175 [Test worker] INFO org.springframework.test.context.support.AnnotationConfigContextLoaderUtils - Could not detect default configuration classes for test class [com.project.devidea.infra.CacheTest]: CacheTest does not declare any static, non-private, non-final, nested classes annotated with @Configuration.
16:41:57.222 [Test worker] DEBUG org.springframework.test.context.support.ActiveProfilesUtils - Could not find an 'annotation declaring class' for annotation type [org.springframework.test.context.ActiveProfiles] and class [com.project.devidea.infra.CacheTest]
16:41:57.333 [Test worker] DEBUG org.springframework.context.annotation.ClassPathScanningCandidateComponentProvider - Identified candidate component class: file [C:\Users\minso\intelij\back-end\build\classes\java\main\com\project\devidea\DevideaApplication.class]
16:41:57.333 [Test worker] INFO org.springframework.boot.test.context.SpringBootTestContextBootstrapper - Found @SpringBootConfiguration com.project.devidea.DevideaApplication for test class com.project.devidea.infra.CacheTest
16:41:57.461 [Test worker] DEBUG org.springframework.boot.test.context.SpringBootTestContextBootstrapper - @TestExecutionListeners is not present for class [com.project.devidea.infra.CacheTest]: using defaults.
16:41:57.461 [Test worker] INFO org.springframework.boot.test.context.SpringBootTestContextBootstrapper - Loaded default TestExecutionListener class names from location [META-INF/spring.factories]: [org.springframework.security.test.context.support.WithSecurityContextTestExecutionListener, org.springframework.security.test.context.support.ReactorContextTestExecutionListener, org.springframework.boot.test.autoconfigure.restdocs.RestDocsTestExecutionListener, org.springframework.boot.test.autoconfigure.web.client.MockRestServiceServerResetTestExecutionListener, org.springframework.boot.test.autoconfigure.web.servlet.MockMvcPrintOnlyOnFailureTestExecutionListener, org.springframework.boot.test.autoconfigure.web.servlet.WebDriverTestExecutionListener, org.springframework.boot.test.autoconfigure.webservices.client.MockWebServiceServerTestExecutionListener, org.springframework.boot.test.mock.mockito.MockitoTestExecutionListener, org.springframework.boot.test.mock.mockito.ResetMocksTestExecutionListener, org.springframework.test.context.web.ServletTestExecutionListener, org.springframework.test.context.support.DirtiesContextBeforeModesTestExecutionListener, org.springframework.test.context.event.ApplicationEventsTestExecutionListener, org.springframework.test.context.support.DependencyInjectionTestExecutionListener, org.springframework.test.context.support.DirtiesContextTestExecutionListener, org.springframework.test.context.transaction.TransactionalTestExecutionListener, org.springframework.test.context.jdbc.SqlScriptsTestExecutionListener, org.springframework.test.context.event.EventPublishingTestExecutionListener]
16:41:57.476 [Test worker] INFO org.springframework.boot.test.context.SpringBootTestContextBootstrapper - Using TestExecutionListeners: [org.springframework.test.context.web.ServletTestExecutionListener@9fc2a2, org.springframework.test.context.support.DirtiesContextBeforeModesTestExecutionListener@2a202019, org.springframework.test.context.event.ApplicationEventsTestExecutionListener@23933ba1, org.springframework.boot.test.mock.mockito.MockitoTestExecutionListener@6b30dae7, org.springframework.boot.test.autoconfigure.SpringBootDependencyInjectionTestExecutionListener@15449ff1, org.springframework.test.context.support.DirtiesContextTestExecutionListener@3e4f55a8, org.springframework.test.context.transaction.TransactionalTestExecutionListener@43b2ff3, org.springframework.test.context.jdbc.SqlScriptsTestExecutionListener@69b12a71, org.springframework.security.test.context.support.WithSecurityContextTestExecutionListener@583b8ba1, org.springframework.test.context.event.EventPublishingTestExecutionListener@1c9d771b, org.springframework.security.test.context.support.ReactorContextTestExecutionListener@410487cc, org.springframework.boot.test.autoconfigure.restdocs.RestDocsTestExecutionListener@2106df3f, org.springframework.boot.test.autoconfigure.web.client.MockRestServiceServerResetTestExecutionListener@25e43e3d, org.springframework.boot.test.autoconfigure.web.servlet.MockMvcPrintOnlyOnFailureTestExecutionListener@5236a035, org.springframework.boot.test.autoconfigure.web.servlet.WebDriverTestExecutionListener@37e97758, org.springframework.boot.test.autoconfigure.webservices.client.MockWebServiceServerTestExecutionListener@2001b9bd, org.springframework.boot.test.mock.mockito.ResetMocksTestExecutionListener@24906e56]
16:41:57.492 [Test worker] DEBUG org.springframework.test.context.support.AbstractDirtiesContextTestExecutionListener - Before test class: context [DefaultTestContext@4e52d9b5 testClass = CacheTest, testInstance = [null], testMethod = [null], testException = [null], mergedContextConfiguration = [WebMergedContextConfiguration@64c591a5 testClass = CacheTest, locations = '{}', classes = '{class com.project.devidea.DevideaApplication}', contextInitializerClasses = '[]', activeProfiles = '{}', propertySourceLocations = '{}', propertySourceProperties = '{org.springframework.boot.test.context.SpringBootTestContextBootstrapper=true}', contextCustomizers = set[org.springframework.boot.test.autoconfigure.actuate.metrics.MetricsExportContextCustomizerFactory$DisableMetricExportContextCustomizer@5cb4eba, org.springframework.boot.test.autoconfigure.properties.PropertyMappingContextCustomizer@0, org.springframework.boot.test.autoconfigure.web.servlet.WebDriverContextCustomizerFactory$Customizer@6636a185, [ImportsContextCustomizer@440993ff key = [@org.springframework.boot.test.context.SpringBootTest(args={}, webEnvironment=MOCK, value={}, properties={}, classes={}), @org.springframework.cache.annotation.EnableCaching(mode=PROXY, order=2147483647, proxyTargetClass=false), @org.apiguardian.api.API(consumers={"*"}, since="5.0", status=STABLE), @org.springframework.context.annotation.Import({org.springframework.cache.annotation.CachingConfigurationSelector.class}), @org.junit.jupiter.api.extension.ExtendWith({org.springframework.test.context.junit.jupiter.SpringExtension.class}), @org.springframework.test.context.BootstrapWith(org.springframework.boot.test.context.SpringBootTestContextBootstrapper.class)]], org.springframework.boot.test.context.filter.ExcludeFilterContextCustomizer@f932600, org.springframework.boot.test.json.DuplicateJsonObjectContextCustomizerFactory$DuplicateJsonObjectContextCustomizer@5f21c500, org.springframework.boot.test.mock.mockito.MockitoContextCustomizer@0, org.springframework.boot.test.web.client.TestRestTemplateContextCustomizer@77283d84, org.springframework.boot.test.web.reactive.server.WebTestClientContextCustomizer@6716c408, org.springframework.boot.test.context.SpringBootTestArgs@1, org.springframework.boot.test.context.SpringBootTestWebEnvironment@13b8235f], resourceBasePath = 'src/main/webapp', contextLoader = 'org.springframework.boot.test.context.SpringBootContextLoader', parent = [null]], attributes = map['org.springframework.test.context.web.ServletTestExecutionListener.activateListener' -> true]], class annotated with @DirtiesContext [false] with mode [null].
16:41:57.523 [Test worker] DEBUG org.springframework.test.context.support.TestPropertySourceUtils - Adding inlined properties to environment: {spring.jmx.enabled=false, org.springframework.boot.test.context.SpringBootTestContextBootstrapper=true}

  .   ____          _            __ _ _
 /\\ / ___'_ __ _ _(_)_ __  __ _ \ \ \ \
( ( )\___ | '_ | '_| | '_ \/ _` | \ \ \ \
 \\/  ___)| |_)| | | | | || (_| |  ) ) ) )
  '  |____| .__|_| |_|_| |_\__, | / / / /
 =========|_|==============|___/=/_/_/_/
 :: Spring Boot ::                (v2.4.3)

2021-03-27 16:41:57.955  INFO 3920 --- [    Test worker] com.project.devidea.infra.CacheTest      : Starting CacheTest using Java 15.0.2 on DESKTOP-8NO6PS7 with PID 3920 (started by minso in C:\Users\minso\intelij\back-end)
2021-03-27 16:41:57.970  INFO 3920 --- [    Test worker] com.project.devidea.infra.CacheTest      : No active profile set, falling back to default profiles: default
2021-03-27 16:42:00.112  INFO 3920 --- [    Test worker] .s.d.r.c.RepositoryConfigurationDelegate : Multiple Spring Data modules found, entering strict repository configuration mode!
2021-03-27 16:42:00.112  INFO 3920 --- [    Test worker] .s.d.r.c.RepositoryConfigurationDelegate : Bootstrapping Spring Data JPA repositories in DEFAULT mode.
2021-03-27 16:42:00.400  INFO 3920 --- [    Test worker] .RepositoryConfigurationExtensionSupport : Spring Data JPA - Could not safely identify store assignment for repository candidate interface com.project.devidea.modules.content.tech.TechBlogRepository. If you want this repository to be a JPA repository, consider annotating your entities with one of these annotations: javax.persistence.Entity, javax.persistence.MappedSuperclass (preferred), or consider extending one of the following types with your repository: org.springframework.data.jpa.repository.JpaRepository.
2021-03-27 16:42:00.504  INFO 3920 --- [    Test worker] .s.d.r.c.RepositoryConfigurationDelegate : Finished Spring Data repository scanning in 380 ms. Found 12 JPA repository interfaces.
2021-03-27 16:42:00.512  INFO 3920 --- [    Test worker] .s.d.r.c.RepositoryConfigurationDelegate : Multiple Spring Data modules found, entering strict repository configuration mode!
2021-03-27 16:42:00.512  INFO 3920 --- [    Test worker] .s.d.r.c.RepositoryConfigurationDelegate : Bootstrapping Spring Data MongoDB repositories in DEFAULT mode.
2021-03-27 16:42:00.594  INFO 3920 --- [    Test worker] .RepositoryConfigurationExtensionSupport : Spring Data MongoDB - Could not safely identify store assignment for repository candidate interface com.project.devidea.modules.account.repository.AccountRepository. If you want this repository to be a MongoDB repository, consider annotating your entities with one of these annotations: org.springframework.data.mongodb.core.mapping.Document (preferred), or consider extending one of the following types with your repository: org.springframework.data.mongodb.repository.MongoRepository.
2021-03-27 16:42:00.594  INFO 3920 --- [    Test worker] .RepositoryConfigurationExtensionSupport : Spring Data MongoDB - Could not safely identify store assignment for repository candidate interface com.project.devidea.modules.account.repository.InterestRepository. If you want this repository to be a MongoDB repository, consider annotating your entities with one of these annotations: org.springframework.data.mongodb.core.mapping.Document (preferred), or consider extending one of the following types with your repository: org.springframework.data.mongodb.repository.MongoRepository.
2021-03-27 16:42:00.594  INFO 3920 --- [    Test worker] .RepositoryConfigurationExtensionSupport : Spring Data MongoDB - Could not safely identify store assignment for repository candidate interface com.project.devidea.modules.account.repository.MainActivityZoneRepository. If you want this repository to be a MongoDB repository, consider annotating your entities with one of these annotations: org.springframework.data.mongodb.core.mapping.Document (preferred), or consider extending one of the following types with your repository: org.springframework.data.mongodb.repository.MongoRepository.
2021-03-27 16:42:00.594  INFO 3920 --- [    Test worker] .RepositoryConfigurationExtensionSupport : Spring Data MongoDB - Could not safely identify store assignment for repository candidate interface com.project.devidea.modules.content.mentoring.MenteeRepository. If you want this repository to be a MongoDB repository, consider annotating your entities with one of these annotations: org.springframework.data.mongodb.core.mapping.Document (preferred), or consider extending one of the following types with your repository: org.springframework.data.mongodb.repository.MongoRepository.
2021-03-27 16:42:00.594  INFO 3920 --- [    Test worker] .RepositoryConfigurationExtensionSupport : Spring Data MongoDB - Could not safely identify store assignment for repository candidate interface com.project.devidea.modules.content.mentoring.MentorRepository. If you want this repository to be a MongoDB repository, consider annotating your entities with one of these annotations: org.springframework.data.mongodb.core.mapping.Document (preferred), or consider extending one of the following types with your repository: org.springframework.data.mongodb.repository.MongoRepository.
2021-03-27 16:42:00.594  INFO 3920 --- [    Test worker] .RepositoryConfigurationExtensionSupport : Spring Data MongoDB - Could not safely identify store assignment for repository candidate interface com.project.devidea.modules.content.resume.ResumeRepository. If you want this repository to be a MongoDB repository, consider annotating your entities with one of these annotations: org.springframework.data.mongodb.core.mapping.Document (preferred), or consider extending one of the following types with your repository: org.springframework.data.mongodb.repository.MongoRepository.
2021-03-27 16:42:00.594  INFO 3920 --- [    Test worker] .RepositoryConfigurationExtensionSupport : Spring Data MongoDB - Could not safely identify store assignment for repository candidate interface com.project.devidea.modules.content.study.apply.StudyApplyRepository. If you want this repository to be a MongoDB repository, consider annotating your entities with one of these annotations: org.springframework.data.mongodb.core.mapping.Document (preferred), or consider extending one of the following types with your repository: org.springframework.data.mongodb.repository.MongoRepository.
2021-03-27 16:42:00.594  INFO 3920 --- [    Test worker] .RepositoryConfigurationExtensionSupport : Spring Data MongoDB - Could not safely identify store assignment for repository candidate interface com.project.devidea.modules.content.study.repository.StudyMemberRepository. If you want this repository to be a MongoDB repository, consider annotating your entities with one of these annotations: org.springframework.data.mongodb.core.mapping.Document (preferred), or consider extending one of the following types with your repository: org.springframework.data.mongodb.repository.MongoRepository.
2021-03-27 16:42:00.594  INFO 3920 --- [    Test worker] .RepositoryConfigurationExtensionSupport : Spring Data MongoDB - Could not safely identify store assignment for repository candidate interface com.project.devidea.modules.content.study.repository.StudyRepository. If you want this repository to be a MongoDB repository, consider annotating your entities with one of these annotations: org.springframework.data.mongodb.core.mapping.Document (preferred), or consider extending one of the following types with your repository: org.springframework.data.mongodb.repository.MongoRepository.
2021-03-27 16:42:00.594  INFO 3920 --- [    Test worker] .RepositoryConfigurationExtensionSupport : Spring Data MongoDB - Could not safely identify store assignment for repository candidate interface com.project.devidea.modules.notification.NotificationRepository. If you want this repository to be a MongoDB repository, consider annotating your entities with one of these annotations: org.springframework.data.mongodb.core.mapping.Document (preferred), or consider extending one of the following types with your repository: org.springframework.data.mongodb.repository.MongoRepository.
2021-03-27 16:42:00.594  INFO 3920 --- [    Test worker] .RepositoryConfigurationExtensionSupport : Spring Data MongoDB - Could not safely identify store assignment for repository candidate interface com.project.devidea.modules.tagzone.tag.TagRepository. If you want this repository to be a MongoDB repository, consider annotating your entities with one of these annotations: org.springframework.data.mongodb.core.mapping.Document (preferred), or consider extending one of the following types with your repository: org.springframework.data.mongodb.repository.MongoRepository.
2021-03-27 16:42:00.594  INFO 3920 --- [    Test worker] .RepositoryConfigurationExtensionSupport : Spring Data MongoDB - Could not safely identify store assignment for repository candidate interface com.project.devidea.modules.tagzone.zone.ZoneRepository. If you want this repository to be a MongoDB repository, consider annotating your entities with one of these annotations: org.springframework.data.mongodb.core.mapping.Document (preferred), or consider extending one of the following types with your repository: org.springframework.data.mongodb.repository.MongoRepository.
2021-03-27 16:42:00.640  INFO 3920 --- [    Test worker] .s.d.r.c.RepositoryConfigurationDelegate : Finished Spring Data repository scanning in 128 ms. Found 1 MongoDB repository interfaces.
2021-03-27 16:42:01.981  INFO 3920 --- [    Test worker] org.ehcache.core.EhcacheManager          : Cache 'db_cache' created in EhcacheManager.
2021-03-27 16:42:02.012  INFO 3920 --- [    Test worker] org.ehcache.jsr107.Eh107CacheManager     : Registering Ehcache MBean javax.cache:type=CacheStatistics,CacheManager=urn.X-ehcache.jsr107-default-config,Cache=db_cache
2021-03-27 16:42:02.028  INFO 3920 --- [    Test worker] org.ehcache.jsr107.Eh107CacheManager     : Registering Ehcache MBean javax.cache:type=CacheStatistics,CacheManager=urn.X-ehcache.jsr107-default-config,Cache=db_cache
2021-03-27 16:42:02.389  INFO 3920 --- [    Test worker] o.hibernate.jpa.internal.util.LogHelper  : HHH000204: Processing PersistenceUnitInfo [name: default]
2021-03-27 16:42:02.468  INFO 3920 --- [    Test worker] org.hibernate.Version                    : HHH000412: Hibernate ORM core version 5.4.28.Final
2021-03-27 16:42:02.683  INFO 3920 --- [    Test worker] o.hibernate.annotations.common.Version   : HCANN000001: Hibernate Commons Annotations {5.1.2.Final}
2021-03-27 16:42:02.873  INFO 3920 --- [    Test worker] com.zaxxer.hikari.HikariDataSource       : HikariPool-1 - Starting...
2021-03-27 16:42:02.975  INFO 3920 --- [    Test worker] com.zaxxer.hikari.HikariDataSource       : HikariPool-1 - Start completed.
2021-03-27 16:42:02.994  INFO 3920 --- [    Test worker] org.hibernate.dialect.Dialect            : HHH000400: Using dialect: org.hibernate.dialect.PostgreSQLDialect
2021-03-27 16:42:03.513  WARN 3920 --- [    Test worker] org.hibernate.orm.cache                  : HHH90001006: Missing cache[default-update-timestamps-region] was created on-the-fly. The created cache will use a provider-specific default configuration: make sure you defined one. You can disable this warning by setting 'hibernate.javax.cache.missing_cache_strategy' to 'create'.
2021-03-27 16:42:03.513  INFO 3920 --- [    Test worker] org.ehcache.core.EhcacheManager          : Cache 'default-update-timestamps-region' created in EhcacheManager.
2021-03-27 16:42:03.524  WARN 3920 --- [    Test worker] org.hibernate.orm.cache                  : HHH90001006: Missing cache[default-query-results-region] was created on-the-fly. The created cache will use a provider-specific default configuration: make sure you defined one. You can disable this warning by setting 'hibernate.javax.cache.missing_cache_strategy' to 'create'.
2021-03-27 16:42:03.526  INFO 3920 --- [    Test worker] org.ehcache.core.EhcacheManager          : Cache 'default-query-results-region' created in EhcacheManager.
2021-03-27 16:42:03.707  WARN 3920 --- [    Test worker] org.hibernate.orm.cache                  : HHH90001006: Missing cache[com.project.devidea.modules.tagzone.tag.Tag.children] was created on-the-fly. The created cache will use a provider-specific default configuration: make sure you defined one. You can disable this warning by setting 'hibernate.javax.cache.missing_cache_strategy' to 'create'.
2021-03-27 16:42:03.721  INFO 3920 --- [    Test worker] org.ehcache.core.EhcacheManager          : Cache 'com.project.devidea.modules.tagzone.tag.Tag.children' created in EhcacheManager.
2021-03-27 16:42:03.721  WARN 3920 --- [    Test worker] org.hibernate.orm.cache                  : HHH90001006: Missing cache[com.project.devidea.modules.tagzone.tag.Tag] was created on-the-fly. The created cache will use a provider-specific default configuration: make sure you defined one. You can disable this warning by setting 'hibernate.javax.cache.missing_cache_strategy' to 'create'.
2021-03-27 16:42:03.721  INFO 3920 --- [    Test worker] org.ehcache.core.EhcacheManager          : Cache 'com.project.devidea.modules.tagzone.tag.Tag' created in EhcacheManager.
2021-03-27 16:42:03.721  WARN 3920 --- [    Test worker] org.hibernate.orm.cache                  : HHH90001006: Missing cache[com.project.devidea.modules.tagzone.zone.Zone] was created on-the-fly. The created cache will use a provider-specific default configuration: make sure you defined one. You can disable this warning by setting 'hibernate.javax.cache.missing_cache_strategy' to 'create'.
2021-03-27 16:42:03.721  INFO 3920 --- [    Test worker] org.ehcache.core.EhcacheManager          : Cache 'com.project.devidea.modules.tagzone.zone.Zone' created in EhcacheManager.
Hibernate: 
    
    alter table study 
       add column study_id int8 not null
2021-03-27 16:42:04.478  WARN 3920 --- [    Test worker] o.h.t.s.i.ExceptionHandlerLoggedImpl     : GenerationTarget encountered exception accepting command : Error executing DDL "
    alter table study 
       add column study_id int8 not null" via JDBC Statement

org.hibernate.tool.schema.spi.CommandAcceptanceException: Error executing DDL "
    alter table study 
       add column study_id int8 not null" via JDBC Statement
	at org.hibernate.tool.schema.internal.exec.GenerationTargetToDatabase.accept(GenerationTargetToDatabase.java:67) ~[hibernate-core-5.4.28.Final.jar:5.4.28.Final]
	at org.hibernate.tool.schema.internal.AbstractSchemaMigrator.applySqlString(AbstractSchemaMigrator.java:559) ~[hibernate-core-5.4.28.Final.jar:5.4.28.Final]
	at org.hibernate.tool.schema.internal.AbstractSchemaMigrator.applySqlStrings(AbstractSchemaMigrator.java:580) ~[hibernate-core-5.4.28.Final.jar:5.4.28.Final]
	at org.hibernate.tool.schema.internal.AbstractSchemaMigrator.migrateTable(AbstractSchemaMigrator.java:297) ~[hibernate-core-5.4.28.Final.jar:5.4.28.Final]
	at org.hibernate.tool.schema.internal.GroupedSchemaMigratorImpl.performTablesMigration(GroupedSchemaMigratorImpl.java:75) ~[hibernate-core-5.4.28.Final.jar:5.4.28.Final]
	at org.hibernate.tool.schema.internal.AbstractSchemaMigrator.performMigration(AbstractSchemaMigrator.java:207) ~[hibernate-core-5.4.28.Final.jar:5.4.28.Final]
	at org.hibernate.tool.schema.internal.AbstractSchemaMigrator.doMigration(AbstractSchemaMigrator.java:114) ~[hibernate-core-5.4.28.Final.jar:5.4.28.Final]
	at org.hibernate.tool.schema.spi.SchemaManagementToolCoordinator.performDatabaseAction(SchemaManagementToolCoordinator.java:184) ~[hibernate-core-5.4.28.Final.jar:5.4.28.Final]
	at org.hibernate.tool.schema.spi.SchemaManagementToolCoordinator.process(SchemaManagementToolCoordinator.java:73) ~[hibernate-core-5.4.28.Final.jar:5.4.28.Final]
	at org.hibernate.internal.SessionFactoryImpl.<init>(SessionFactoryImpl.java:318) ~[hibernate-core-5.4.28.Final.jar:5.4.28.Final]
	at org.hibernate.boot.internal.SessionFactoryBuilderImpl.build(SessionFactoryBuilderImpl.java:468) ~[hibernate-core-5.4.28.Final.jar:5.4.28.Final]
	at org.hibernate.jpa.boot.internal.EntityManagerFactoryBuilderImpl.build(EntityManagerFactoryBuilderImpl.java:1259) ~[hibernate-core-5.4.28.Final.jar:5.4.28.Final]
	at org.springframework.orm.jpa.vendor.SpringHibernateJpaPersistenceProvider.createContainerEntityManagerFactory(SpringHibernateJpaPersistenceProvider.java:58) ~[spring-orm-5.3.4.jar:5.3.4]
	at org.springframework.orm.jpa.LocalContainerEntityManagerFactoryBean.createNativeEntityManagerFactory(LocalContainerEntityManagerFactoryBean.java:365) ~[spring-orm-5.3.4.jar:5.3.4]
	at org.springframework.orm.jpa.AbstractEntityManagerFactoryBean.buildNativeEntityManagerFactory(AbstractEntityManagerFactoryBean.java:409) ~[spring-orm-5.3.4.jar:5.3.4]
	at org.springframework.orm.jpa.AbstractEntityManagerFactoryBean.afterPropertiesSet(AbstractEntityManagerFactoryBean.java:396) ~[spring-orm-5.3.4.jar:5.3.4]
	at org.springframework.orm.jpa.LocalContainerEntityManagerFactoryBean.afterPropertiesSet(LocalContainerEntityManagerFactoryBean.java:341) ~[spring-orm-5.3.4.jar:5.3.4]
	at org.springframework.beans.factory.support.AbstractAutowireCapableBeanFactory.invokeInitMethods(AbstractAutowireCapableBeanFactory.java:1845) ~[spring-beans-5.3.4.jar:5.3.4]
	at org.springframework.beans.factory.support.AbstractAutowireCapableBeanFactory.initializeBean(AbstractAutowireCapableBeanFactory.java:1782) ~[spring-beans-5.3.4.jar:5.3.4]
	at org.springframework.beans.factory.support.AbstractAutowireCapableBeanFactory.doCreateBean(AbstractAutowireCapableBeanFactory.java:602) ~[spring-beans-5.3.4.jar:5.3.4]
	at org.springframework.beans.factory.support.AbstractAutowireCapableBeanFactory.createBean(AbstractAutowireCapableBeanFactory.java:524) ~[spring-beans-5.3.4.jar:5.3.4]
	at org.springframework.beans.factory.support.AbstractBeanFactory.lambda$doGetBean$0(AbstractBeanFactory.java:335) ~[spring-beans-5.3.4.jar:5.3.4]
	at org.springframework.beans.factory.support.DefaultSingletonBeanRegistry.getSingleton(DefaultSingletonBeanRegistry.java:234) ~[spring-beans-5.3.4.jar:5.3.4]
	at org.springframework.beans.factory.support.AbstractBeanFactory.doGetBean(AbstractBeanFactory.java:333) ~[spring-beans-5.3.4.jar:5.3.4]
	at org.springframework.beans.factory.support.AbstractBeanFactory.getBean(AbstractBeanFactory.java:208) ~[spring-beans-5.3.4.jar:5.3.4]
	at org.springframework.context.support.AbstractApplicationContext.getBean(AbstractApplicationContext.java:1153) ~[spring-context-5.3.4.jar:5.3.4]
	at org.springframework.context.support.AbstractApplicationContext.finishBeanFactoryInitialization(AbstractApplicationContext.java:907) ~[spring-context-5.3.4.jar:5.3.4]
	at org.springframework.context.support.AbstractApplicationContext.refresh(AbstractApplicationContext.java:582) ~[spring-context-5.3.4.jar:5.3.4]
	at org.springframework.boot.SpringApplication.refresh(SpringApplication.java:767) ~[spring-boot-2.4.3.jar:2.4.3]
	at org.springframework.boot.SpringApplication.refresh(SpringApplication.java:759) ~[spring-boot-2.4.3.jar:2.4.3]
	at org.springframework.boot.SpringApplication.refreshContext(SpringApplication.java:426) ~[spring-boot-2.4.3.jar:2.4.3]
	at org.springframework.boot.SpringApplication.run(SpringApplication.java:326) ~[spring-boot-2.4.3.jar:2.4.3]
	at org.springframework.boot.test.context.SpringBootContextLoader.loadContext(SpringBootContextLoader.java:123) ~[spring-boot-test-2.4.3.jar:2.4.3]
	at org.springframework.test.context.cache.DefaultCacheAwareContextLoaderDelegate.loadContextInternal(DefaultCacheAwareContextLoaderDelegate.java:99) ~[spring-test-5.3.4.jar:5.3.4]
	at org.springframework.test.context.cache.DefaultCacheAwareContextLoaderDelegate.loadContext(DefaultCacheAwareContextLoaderDelegate.java:124) ~[spring-test-5.3.4.jar:5.3.4]
	at org.springframework.test.context.support.DefaultTestContext.getApplicationContext(DefaultTestContext.java:124) ~[spring-test-5.3.4.jar:5.3.4]
	at org.springframework.test.context.web.ServletTestExecutionListener.setUpRequestContextIfNecessary(ServletTestExecutionListener.java:190) ~[spring-test-5.3.4.jar:5.3.4]
	at org.springframework.test.context.web.ServletTestExecutionListener.prepareTestInstance(ServletTestExecutionListener.java:132) ~[spring-test-5.3.4.jar:5.3.4]
	at org.springframework.test.context.TestContextManager.prepareTestInstance(TestContextManager.java:244) ~[spring-test-5.3.4.jar:5.3.4]
	at org.springframework.test.context.junit.jupiter.SpringExtension.postProcessTestInstance(SpringExtension.java:138) ~[spring-test-5.3.4.jar:5.3.4]
	at org.junit.jupiter.engine.descriptor.ClassBasedTestDescriptor.lambda$invokeTestInstancePostProcessors$6(ClassBasedTestDescriptor.java:350) ~[junit-jupiter-engine-5.7.1.jar:5.7.1]
	at org.junit.jupiter.engine.descriptor.ClassBasedTestDescriptor.executeAndMaskThrowable(ClassBasedTestDescriptor.java:355) ~[junit-jupiter-engine-5.7.1.jar:5.7.1]
	at org.junit.jupiter.engine.descriptor.ClassBasedTestDescriptor.lambda$invokeTestInstancePostProcessors$7(ClassBasedTestDescriptor.java:350) ~[junit-jupiter-engine-5.7.1.jar:5.7.1]
	at java.base/java.util.stream.ReferencePipeline$3$1.accept(ReferencePipeline.java:195) ~[na:na]
	at java.base/java.util.stream.ReferencePipeline$2$1.accept(ReferencePipeline.java:177) ~[na:na]
	at java.base/java.util.ArrayList$ArrayListSpliterator.forEachRemaining(ArrayList.java:1625) ~[na:na]
	at java.base/java.util.stream.AbstractPipeline.copyInto(AbstractPipeline.java:484) ~[na:na]
	at java.base/java.util.stream.AbstractPipeline.wrapAndCopyInto(AbstractPipeline.java:474) ~[na:na]
	at java.base/java.util.stream.StreamSpliterators$WrappingSpliterator.forEachRemaining(StreamSpliterators.java:312) ~[na:na]
	at java.base/java.util.stream.Streams$ConcatSpliterator.forEachRemaining(Streams.java:735) ~[na:na]
	at java.base/java.util.stream.Streams$ConcatSpliterator.forEachRemaining(Streams.java:734) ~[na:na]
	at java.base/java.util.stream.ReferencePipeline$Head.forEach(ReferencePipeline.java:658) ~[na:na]
	at org.junit.jupiter.engine.descriptor.ClassBasedTestDescriptor.invokeTestInstancePostProcessors(ClassBasedTestDescriptor.java:349) ~[junit-jupiter-engine-5.7.1.jar:5.7.1]
	at org.junit.jupiter.engine.descriptor.ClassBasedTestDescriptor.lambda$instantiateAndPostProcessTestInstance$4(ClassBasedTestDescriptor.java:270) ~[junit-jupiter-engine-5.7.1.jar:5.7.1]
	at org.junit.platform.engine.support.hierarchical.ThrowableCollector.execute(ThrowableCollector.java:73) ~[junit-platform-engine-1.7.1.jar:1.7.1]
	at org.junit.jupiter.engine.descriptor.ClassBasedTestDescriptor.instantiateAndPostProcessTestInstance(ClassBasedTestDescriptor.java:269) ~[junit-jupiter-engine-5.7.1.jar:5.7.1]
	at org.junit.jupiter.engine.descriptor.ClassBasedTestDescriptor.lambda$testInstancesProvider$2(ClassBasedTestDescriptor.java:259) ~[junit-jupiter-engine-5.7.1.jar:5.7.1]
	at java.base/java.util.Optional.orElseGet(Optional.java:362) ~[na:na]
	at org.junit.jupiter.engine.descriptor.ClassBasedTestDescriptor.lambda$testInstancesProvider$3(ClassBasedTestDescriptor.java:258) ~[junit-jupiter-engine-5.7.1.jar:5.7.1]
	at org.junit.jupiter.engine.execution.TestInstancesProvider.getTestInstances(TestInstancesProvider.java:31) ~[junit-jupiter-engine-5.7.1.jar:5.7.1]
	at org.junit.jupiter.engine.descriptor.TestMethodTestDescriptor.lambda$prepare$0(TestMethodTestDescriptor.java:101) ~[junit-jupiter-engine-5.7.1.jar:5.7.1]
	at org.junit.platform.engine.support.hierarchical.ThrowableCollector.execute(ThrowableCollector.java:73) ~[junit-platform-engine-1.7.1.jar:1.7.1]
	at org.junit.jupiter.engine.descriptor.TestMethodTestDescriptor.prepare(TestMethodTestDescriptor.java:100) ~[junit-jupiter-engine-5.7.1.jar:5.7.1]
	at org.junit.jupiter.engine.descriptor.TestMethodTestDescriptor.prepare(TestMethodTestDescriptor.java:65) ~[junit-jupiter-engine-5.7.1.jar:5.7.1]
	at org.junit.platform.engine.support.hierarchical.NodeTestTask.lambda$prepare$1(NodeTestTask.java:111) ~[junit-platform-engine-1.7.1.jar:1.7.1]
	at org.junit.platform.engine.support.hierarchical.ThrowableCollector.execute(ThrowableCollector.java:73) ~[junit-platform-engine-1.7.1.jar:1.7.1]
	at org.junit.platform.engine.support.hierarchical.NodeTestTask.prepare(NodeTestTask.java:111) ~[junit-platform-engine-1.7.1.jar:1.7.1]
	at org.junit.platform.engine.support.hierarchical.NodeTestTask.execute(NodeTestTask.java:79) ~[junit-platform-engine-1.7.1.jar:1.7.1]
	at java.base/java.util.ArrayList.forEach(ArrayList.java:1511) ~[na:na]
	at org.junit.platform.engine.support.hierarchical.SameThreadHierarchicalTestExecutorService.invokeAll(SameThreadHierarchicalTestExecutorService.java:38) ~[junit-platform-engine-1.7.1.jar:1.7.1]
	at org.junit.platform.engine.support.hierarchical.NodeTestTask.lambda$executeRecursively$5(NodeTestTask.java:143) ~[junit-platform-engine-1.7.1.jar:1.7.1]
	at org.junit.platform.engine.support.hierarchical.ThrowableCollector.execute(ThrowableCollector.java:73) ~[junit-platform-engine-1.7.1.jar:1.7.1]
	at org.junit.platform.engine.support.hierarchical.NodeTestTask.lambda$executeRecursively$7(NodeTestTask.java:129) ~[junit-platform-engine-1.7.1.jar:1.7.1]
	at org.junit.platform.engine.support.hierarchical.Node.around(Node.java:137) ~[junit-platform-engine-1.7.1.jar:1.7.1]
	at org.junit.platform.engine.support.hierarchical.NodeTestTask.lambda$executeRecursively$8(NodeTestTask.java:127) ~[junit-platform-engine-1.7.1.jar:1.7.1]
	at org.junit.platform.engine.support.hierarchical.ThrowableCollector.execute(ThrowableCollector.java:73) ~[junit-platform-engine-1.7.1.jar:1.7.1]
	at org.junit.platform.engine.support.hierarchical.NodeTestTask.executeRecursively(NodeTestTask.java:126) ~[junit-platform-engine-1.7.1.jar:1.7.1]
	at org.junit.platform.engine.support.hierarchical.NodeTestTask.execute(NodeTestTask.java:84) ~[junit-platform-engine-1.7.1.jar:1.7.1]
	at java.base/java.util.ArrayList.forEach(ArrayList.java:1511) ~[na:na]
	at org.junit.platform.engine.support.hierarchical.SameThreadHierarchicalTestExecutorService.invokeAll(SameThreadHierarchicalTestExecutorService.java:38) ~[junit-platform-engine-1.7.1.jar:1.7.1]
	at org.junit.platform.engine.support.hierarchical.NodeTestTask.lambda$executeRecursively$5(NodeTestTask.java:143) ~[junit-platform-engine-1.7.1.jar:1.7.1]
	at org.junit.platform.engine.support.hierarchical.ThrowableCollector.execute(ThrowableCollector.java:73) ~[junit-platform-engine-1.7.1.jar:1.7.1]
	at org.junit.platform.engine.support.hierarchical.NodeTestTask.lambda$executeRecursively$7(NodeTestTask.java:129) ~[junit-platform-engine-1.7.1.jar:1.7.1]
	at org.junit.platform.engine.support.hierarchical.Node.around(Node.java:137) ~[junit-platform-engine-1.7.1.jar:1.7.1]
	at org.junit.platform.engine.support.hierarchical.NodeTestTask.lambda$executeRecursively$8(NodeTestTask.java:127) ~[junit-platform-engine-1.7.1.jar:1.7.1]
	at org.junit.platform.engine.support.hierarchical.ThrowableCollector.execute(ThrowableCollector.java:73) ~[junit-platform-engine-1.7.1.jar:1.7.1]
	at org.junit.platform.engine.support.hierarchical.NodeTestTask.executeRecursively(NodeTestTask.java:126) ~[junit-platform-engine-1.7.1.jar:1.7.1]
	at org.junit.platform.engine.support.hierarchical.NodeTestTask.execute(NodeTestTask.java:84) ~[junit-platform-engine-1.7.1.jar:1.7.1]
	at org.junit.platform.engine.support.hierarchical.SameThreadHierarchicalTestExecutorService.submit(SameThreadHierarchicalTestExecutorService.java:32) ~[junit-platform-engine-1.7.1.jar:1.7.1]
	at org.junit.platform.engine.support.hierarchical.HierarchicalTestExecutor.execute(HierarchicalTestExecutor.java:57) ~[junit-platform-engine-1.7.1.jar:1.7.1]
	at org.junit.platform.engine.support.hierarchical.HierarchicalTestEngine.execute(HierarchicalTestEngine.java:51) ~[junit-platform-engine-1.7.1.jar:1.7.1]
	at org.junit.platform.launcher.core.EngineExecutionOrchestrator.execute(EngineExecutionOrchestrator.java:108) ~[na:na]
	at org.junit.platform.launcher.core.EngineExecutionOrchestrator.execute(EngineExecutionOrchestrator.java:88) ~[na:na]
	at org.junit.platform.launcher.core.EngineExecutionOrchestrator.lambda$execute$0(EngineExecutionOrchestrator.java:54) ~[na:na]
	at org.junit.platform.launcher.core.EngineExecutionOrchestrator.withInterceptedStreams(EngineExecutionOrchestrator.java:67) ~[na:na]
	at org.junit.platform.launcher.core.EngineExecutionOrchestrator.execute(EngineExecutionOrchestrator.java:52) ~[na:na]
	at org.junit.platform.launcher.core.DefaultLauncher.execute(DefaultLauncher.java:96) ~[na:na]
	at org.junit.platform.launcher.core.DefaultLauncher.execute(DefaultLauncher.java:75) ~[na:na]
	at org.gradle.api.internal.tasks.testing.junitplatform.JUnitPlatformTestClassProcessor$CollectAllTestClassesExecutor.processAllTestClasses(JUnitPlatformTestClassProcessor.java:99) ~[na:na]
	at org.gradle.api.internal.tasks.testing.junitplatform.JUnitPlatformTestClassProcessor$CollectAllTestClassesExecutor.access$000(JUnitPlatformTestClassProcessor.java:79) ~[na:na]
	at org.gradle.api.internal.tasks.testing.junitplatform.JUnitPlatformTestClassProcessor.stop(JUnitPlatformTestClassProcessor.java:75) ~[na:na]
	at org.gradle.api.internal.tasks.testing.SuiteTestClassProcessor.stop(SuiteTestClassProcessor.java:61) ~[na:na]
	at java.base/jdk.internal.reflect.NativeMethodAccessorImpl.invoke0(Native Method) ~[na:na]
	at java.base/jdk.internal.reflect.NativeMethodAccessorImpl.invoke(NativeMethodAccessorImpl.java:64) ~[na:na]
	at java.base/jdk.internal.reflect.DelegatingMethodAccessorImpl.invoke(DelegatingMethodAccessorImpl.java:43) ~[na:na]
	at java.base/java.lang.reflect.Method.invoke(Method.java:564) ~[na:na]
	at org.gradle.internal.dispatch.ReflectionDispatch.dispatch(ReflectionDispatch.java:36) ~[na:na]
	at org.gradle.internal.dispatch.ReflectionDispatch.dispatch(ReflectionDispatch.java:24) ~[na:na]
	at org.gradle.internal.dispatch.ContextClassLoaderDispatch.dispatch(ContextClassLoaderDispatch.java:33) ~[na:na]
	at org.gradle.internal.dispatch.ProxyDispatchAdapter$DispatchingInvocationHandler.invoke(ProxyDispatchAdapter.java:94) ~[na:na]
	at com.sun.proxy.$Proxy2.stop(Unknown Source) ~[na:na]
	at org.gradle.api.internal.tasks.testing.worker.TestWorker.stop(TestWorker.java:133) ~[na:na]
	at java.base/jdk.internal.reflect.NativeMethodAccessorImpl.invoke0(Native Method) ~[na:na]
	at java.base/jdk.internal.reflect.NativeMethodAccessorImpl.invoke(NativeMethodAccessorImpl.java:64) ~[na:na]
	at java.base/jdk.internal.reflect.DelegatingMethodAccessorImpl.invoke(DelegatingMethodAccessorImpl.java:43) ~[na:na]
	at java.base/java.lang.reflect.Method.invoke(Method.java:564) ~[na:na]
	at org.gradle.internal.dispatch.ReflectionDispatch.dispatch(ReflectionDispatch.java:36) ~[na:na]
	at org.gradle.internal.dispatch.ReflectionDispatch.dispatch(ReflectionDispatch.java:24) ~[na:na]
	at org.gradle.internal.remote.internal.hub.MessageHubBackedObjectConnection$DispatchWrapper.dispatch(MessageHubBackedObjectConnection.java:182) ~[na:na]
	at org.gradle.internal.remote.internal.hub.MessageHubBackedObjectConnection$DispatchWrapper.dispatch(MessageHubBackedObjectConnection.java:164) ~[na:na]
	at org.gradle.internal.remote.internal.hub.MessageHub$Handler.run(MessageHub.java:414) ~[na:na]
	at org.gradle.internal.concurrent.ExecutorPolicy$CatchAndRecordFailures.onExecute(ExecutorPolicy.java:64) ~[na:na]
	at org.gradle.internal.concurrent.ManagedExecutorImpl$1.run(ManagedExecutorImpl.java:48) ~[na:na]
	at java.base/java.util.concurrent.ThreadPoolExecutor.runWorker(ThreadPoolExecutor.java:1130) ~[na:na]
	at java.base/java.util.concurrent.ThreadPoolExecutor$Worker.run(ThreadPoolExecutor.java:630) ~[na:na]
	at org.gradle.internal.concurrent.ThreadFactoryImpl$ManagedThreadRunnable.run(ThreadFactoryImpl.java:56) ~[na:na]
	at java.base/java.lang.Thread.run(Thread.java:832) ~[na:na]
Caused by: org.postgresql.util.PSQLException: ERROR: column "study_id" contains null values
	at org.postgresql.core.v3.QueryExecutorImpl.receiveErrorResponse(QueryExecutorImpl.java:2553) ~[postgresql-42.2.19.jar:42.2.19]
	at org.postgresql.core.v3.QueryExecutorImpl.processResults(QueryExecutorImpl.java:2285) ~[postgresql-42.2.19.jar:42.2.19]
	at org.postgresql.core.v3.QueryExecutorImpl.execute(QueryExecutorImpl.java:323) ~[postgresql-42.2.19.jar:42.2.19]
	at org.postgresql.jdbc.PgStatement.executeInternal(PgStatement.java:481) ~[postgresql-42.2.19.jar:42.2.19]
	at org.postgresql.jdbc.PgStatement.execute(PgStatement.java:401) ~[postgresql-42.2.19.jar:42.2.19]
	at org.postgresql.jdbc.PgStatement.executeWithFlags(PgStatement.java:322) ~[postgresql-42.2.19.jar:42.2.19]
	at org.postgresql.jdbc.PgStatement.executeCachedSql(PgStatement.java:308) ~[postgresql-42.2.19.jar:42.2.19]
	at org.postgresql.jdbc.PgStatement.executeWithFlags(PgStatement.java:284) ~[postgresql-42.2.19.jar:42.2.19]
	at org.postgresql.jdbc.PgStatement.execute(PgStatement.java:279) ~[postgresql-42.2.19.jar:42.2.19]
	at com.zaxxer.hikari.pool.ProxyStatement.execute(ProxyStatement.java:95) ~[HikariCP-3.4.5.jar:na]
	at com.zaxxer.hikari.pool.HikariProxyStatement.execute(HikariProxyStatement.java) ~[HikariCP-3.4.5.jar:na]
	at org.hibernate.tool.schema.internal.exec.GenerationTargetToDatabase.accept(GenerationTargetToDatabase.java:54) ~[hibernate-core-5.4.28.Final.jar:5.4.28.Final]
	... 126 common frames omitted

Hibernate: create index tag on study_tag (tag_id)
2021-03-27 16:42:04.511  WARN 3920 --- [    Test worker] o.h.t.s.i.ExceptionHandlerLoggedImpl     : GenerationTarget encountered exception accepting command : Error executing DDL "create index tag on study_tag (tag_id)" via JDBC Statement

org.hibernate.tool.schema.spi.CommandAcceptanceException: Error executing DDL "create index tag on study_tag (tag_id)" via JDBC Statement
	at org.hibernate.tool.schema.internal.exec.GenerationTargetToDatabase.accept(GenerationTargetToDatabase.java:67) ~[hibernate-core-5.4.28.Final.jar:5.4.28.Final]
	at org.hibernate.tool.schema.internal.AbstractSchemaMigrator.applySqlString(AbstractSchemaMigrator.java:559) ~[hibernate-core-5.4.28.Final.jar:5.4.28.Final]
	at org.hibernate.tool.schema.internal.AbstractSchemaMigrator.applySqlStrings(AbstractSchemaMigrator.java:504) ~[hibernate-core-5.4.28.Final.jar:5.4.28.Final]
	at org.hibernate.tool.schema.internal.AbstractSchemaMigrator.applyIndexes(AbstractSchemaMigrator.java:331) ~[hibernate-core-5.4.28.Final.jar:5.4.28.Final]
	at org.hibernate.tool.schema.internal.GroupedSchemaMigratorImpl.performTablesMigration(GroupedSchemaMigratorImpl.java:84) ~[hibernate-core-5.4.28.Final.jar:5.4.28.Final]
	at org.hibernate.tool.schema.internal.AbstractSchemaMigrator.performMigration(AbstractSchemaMigrator.java:207) ~[hibernate-core-5.4.28.Final.jar:5.4.28.Final]
	at org.hibernate.tool.schema.internal.AbstractSchemaMigrator.doMigration(AbstractSchemaMigrator.java:114) ~[hibernate-core-5.4.28.Final.jar:5.4.28.Final]
	at org.hibernate.tool.schema.spi.SchemaManagementToolCoordinator.performDatabaseAction(SchemaManagementToolCoordinator.java:184) ~[hibernate-core-5.4.28.Final.jar:5.4.28.Final]
	at org.hibernate.tool.schema.spi.SchemaManagementToolCoordinator.process(SchemaManagementToolCoordinator.java:73) ~[hibernate-core-5.4.28.Final.jar:5.4.28.Final]
	at org.hibernate.internal.SessionFactoryImpl.<init>(SessionFactoryImpl.java:318) ~[hibernate-core-5.4.28.Final.jar:5.4.28.Final]
	at org.hibernate.boot.internal.SessionFactoryBuilderImpl.build(SessionFactoryBuilderImpl.java:468) ~[hibernate-core-5.4.28.Final.jar:5.4.28.Final]
	at org.hibernate.jpa.boot.internal.EntityManagerFactoryBuilderImpl.build(EntityManagerFactoryBuilderImpl.java:1259) ~[hibernate-core-5.4.28.Final.jar:5.4.28.Final]
	at org.springframework.orm.jpa.vendor.SpringHibernateJpaPersistenceProvider.createContainerEntityManagerFactory(SpringHibernateJpaPersistenceProvider.java:58) ~[spring-orm-5.3.4.jar:5.3.4]
	at org.springframework.orm.jpa.LocalContainerEntityManagerFactoryBean.createNativeEntityManagerFactory(LocalContainerEntityManagerFactoryBean.java:365) ~[spring-orm-5.3.4.jar:5.3.4]
	at org.springframework.orm.jpa.AbstractEntityManagerFactoryBean.buildNativeEntityManagerFactory(AbstractEntityManagerFactoryBean.java:409) ~[spring-orm-5.3.4.jar:5.3.4]
	at org.springframework.orm.jpa.AbstractEntityManagerFactoryBean.afterPropertiesSet(AbstractEntityManagerFactoryBean.java:396) ~[spring-orm-5.3.4.jar:5.3.4]
	at org.springframework.orm.jpa.LocalContainerEntityManagerFactoryBean.afterPropertiesSet(LocalContainerEntityManagerFactoryBean.java:341) ~[spring-orm-5.3.4.jar:5.3.4]
	at org.springframework.beans.factory.support.AbstractAutowireCapableBeanFactory.invokeInitMethods(AbstractAutowireCapableBeanFactory.java:1845) ~[spring-beans-5.3.4.jar:5.3.4]
	at org.springframework.beans.factory.support.AbstractAutowireCapableBeanFactory.initializeBean(AbstractAutowireCapableBeanFactory.java:1782) ~[spring-beans-5.3.4.jar:5.3.4]
	at org.springframework.beans.factory.support.AbstractAutowireCapableBeanFactory.doCreateBean(AbstractAutowireCapableBeanFactory.java:602) ~[spring-beans-5.3.4.jar:5.3.4]
	at org.springframework.beans.factory.support.AbstractAutowireCapableBeanFactory.createBean(AbstractAutowireCapableBeanFactory.java:524) ~[spring-beans-5.3.4.jar:5.3.4]
	at org.springframework.beans.factory.support.AbstractBeanFactory.lambda$doGetBean$0(AbstractBeanFactory.java:335) ~[spring-beans-5.3.4.jar:5.3.4]
	at org.springframework.beans.factory.support.DefaultSingletonBeanRegistry.getSingleton(DefaultSingletonBeanRegistry.java:234) ~[spring-beans-5.3.4.jar:5.3.4]
	at org.springframework.beans.factory.support.AbstractBeanFactory.doGetBean(AbstractBeanFactory.java:333) ~[spring-beans-5.3.4.jar:5.3.4]
	at org.springframework.beans.factory.support.AbstractBeanFactory.getBean(AbstractBeanFactory.java:208) ~[spring-beans-5.3.4.jar:5.3.4]
	at org.springframework.context.support.AbstractApplicationContext.getBean(AbstractApplicationContext.java:1153) ~[spring-context-5.3.4.jar:5.3.4]
	at org.springframework.context.support.AbstractApplicationContext.finishBeanFactoryInitialization(AbstractApplicationContext.java:907) ~[spring-context-5.3.4.jar:5.3.4]
	at org.springframework.context.support.AbstractApplicationContext.refresh(AbstractApplicationContext.java:582) ~[spring-context-5.3.4.jar:5.3.4]
	at org.springframework.boot.SpringApplication.refresh(SpringApplication.java:767) ~[spring-boot-2.4.3.jar:2.4.3]
	at org.springframework.boot.SpringApplication.refresh(SpringApplication.java:759) ~[spring-boot-2.4.3.jar:2.4.3]
	at org.springframework.boot.SpringApplication.refreshContext(SpringApplication.java:426) ~[spring-boot-2.4.3.jar:2.4.3]
	at org.springframework.boot.SpringApplication.run(SpringApplication.java:326) ~[spring-boot-2.4.3.jar:2.4.3]
	at org.springframework.boot.test.context.SpringBootContextLoader.loadContext(SpringBootContextLoader.java:123) ~[spring-boot-test-2.4.3.jar:2.4.3]
	at org.springframework.test.context.cache.DefaultCacheAwareContextLoaderDelegate.loadContextInternal(DefaultCacheAwareContextLoaderDelegate.java:99) ~[spring-test-5.3.4.jar:5.3.4]
	at org.springframework.test.context.cache.DefaultCacheAwareContextLoaderDelegate.loadContext(DefaultCacheAwareContextLoaderDelegate.java:124) ~[spring-test-5.3.4.jar:5.3.4]
	at org.springframework.test.context.support.DefaultTestContext.getApplicationContext(DefaultTestContext.java:124) ~[spring-test-5.3.4.jar:5.3.4]
	at org.springframework.test.context.web.ServletTestExecutionListener.setUpRequestContextIfNecessary(ServletTestExecutionListener.java:190) ~[spring-test-5.3.4.jar:5.3.4]
	at org.springframework.test.context.web.ServletTestExecutionListener.prepareTestInstance(ServletTestExecutionListener.java:132) ~[spring-test-5.3.4.jar:5.3.4]
	at org.springframework.test.context.TestContextManager.prepareTestInstance(TestContextManager.java:244) ~[spring-test-5.3.4.jar:5.3.4]
	at org.springframework.test.context.junit.jupiter.SpringExtension.postProcessTestInstance(SpringExtension.java:138) ~[spring-test-5.3.4.jar:5.3.4]
	at org.junit.jupiter.engine.descriptor.ClassBasedTestDescriptor.lambda$invokeTestInstancePostProcessors$6(ClassBasedTestDescriptor.java:350) ~[junit-jupiter-engine-5.7.1.jar:5.7.1]
	at org.junit.jupiter.engine.descriptor.ClassBasedTestDescriptor.executeAndMaskThrowable(ClassBasedTestDescriptor.java:355) ~[junit-jupiter-engine-5.7.1.jar:5.7.1]
	at org.junit.jupiter.engine.descriptor.ClassBasedTestDescriptor.lambda$invokeTestInstancePostProcessors$7(ClassBasedTestDescriptor.java:350) ~[junit-jupiter-engine-5.7.1.jar:5.7.1]
	at java.base/java.util.stream.ReferencePipeline$3$1.accept(ReferencePipeline.java:195) ~[na:na]
	at java.base/java.util.stream.ReferencePipeline$2$1.accept(ReferencePipeline.java:177) ~[na:na]
	at java.base/java.util.ArrayList$ArrayListSpliterator.forEachRemaining(ArrayList.java:1625) ~[na:na]
	at java.base/java.util.stream.AbstractPipeline.copyInto(AbstractPipeline.java:484) ~[na:na]
	at java.base/java.util.stream.AbstractPipeline.wrapAndCopyInto(AbstractPipeline.java:474) ~[na:na]
	at java.base/java.util.stream.StreamSpliterators$WrappingSpliterator.forEachRemaining(StreamSpliterators.java:312) ~[na:na]
	at java.base/java.util.stream.Streams$ConcatSpliterator.forEachRemaining(Streams.java:735) ~[na:na]
	at java.base/java.util.stream.Streams$ConcatSpliterator.forEachRemaining(Streams.java:734) ~[na:na]
	at java.base/java.util.stream.ReferencePipeline$Head.forEach(ReferencePipeline.java:658) ~[na:na]
	at org.junit.jupiter.engine.descriptor.ClassBasedTestDescriptor.invokeTestInstancePostProcessors(ClassBasedTestDescriptor.java:349) ~[junit-jupiter-engine-5.7.1.jar:5.7.1]
	at org.junit.jupiter.engine.descriptor.ClassBasedTestDescriptor.lambda$instantiateAndPostProcessTestInstance$4(ClassBasedTestDescriptor.java:270) ~[junit-jupiter-engine-5.7.1.jar:5.7.1]
	at org.junit.platform.engine.support.hierarchical.ThrowableCollector.execute(ThrowableCollector.java:73) ~[junit-platform-engine-1.7.1.jar:1.7.1]
	at org.junit.jupiter.engine.descriptor.ClassBasedTestDescriptor.instantiateAndPostProcessTestInstance(ClassBasedTestDescriptor.java:269) ~[junit-jupiter-engine-5.7.1.jar:5.7.1]
	at org.junit.jupiter.engine.descriptor.ClassBasedTestDescriptor.lambda$testInstancesProvider$2(ClassBasedTestDescriptor.java:259) ~[junit-jupiter-engine-5.7.1.jar:5.7.1]
	at java.base/java.util.Optional.orElseGet(Optional.java:362) ~[na:na]
	at org.junit.jupiter.engine.descriptor.ClassBasedTestDescriptor.lambda$testInstancesProvider$3(ClassBasedTestDescriptor.java:258) ~[junit-jupiter-engine-5.7.1.jar:5.7.1]
	at org.junit.jupiter.engine.execution.TestInstancesProvider.getTestInstances(TestInstancesProvider.java:31) ~[junit-jupiter-engine-5.7.1.jar:5.7.1]
	at org.junit.jupiter.engine.descriptor.TestMethodTestDescriptor.lambda$prepare$0(TestMethodTestDescriptor.java:101) ~[junit-jupiter-engine-5.7.1.jar:5.7.1]
	at org.junit.platform.engine.support.hierarchical.ThrowableCollector.execute(ThrowableCollector.java:73) ~[junit-platform-engine-1.7.1.jar:1.7.1]
	at org.junit.jupiter.engine.descriptor.TestMethodTestDescriptor.prepare(TestMethodTestDescriptor.java:100) ~[junit-jupiter-engine-5.7.1.jar:5.7.1]
	at org.junit.jupiter.engine.descriptor.TestMethodTestDescriptor.prepare(TestMethodTestDescriptor.java:65) ~[junit-jupiter-engine-5.7.1.jar:5.7.1]
	at org.junit.platform.engine.support.hierarchical.NodeTestTask.lambda$prepare$1(NodeTestTask.java:111) ~[junit-platform-engine-1.7.1.jar:1.7.1]
	at org.junit.platform.engine.support.hierarchical.ThrowableCollector.execute(ThrowableCollector.java:73) ~[junit-platform-engine-1.7.1.jar:1.7.1]
	at org.junit.platform.engine.support.hierarchical.NodeTestTask.prepare(NodeTestTask.java:111) ~[junit-platform-engine-1.7.1.jar:1.7.1]
	at org.junit.platform.engine.support.hierarchical.NodeTestTask.execute(NodeTestTask.java:79) ~[junit-platform-engine-1.7.1.jar:1.7.1]
	at java.base/java.util.ArrayList.forEach(ArrayList.java:1511) ~[na:na]
	at org.junit.platform.engine.support.hierarchical.SameThreadHierarchicalTestExecutorService.invokeAll(SameThreadHierarchicalTestExecutorService.java:38) ~[junit-platform-engine-1.7.1.jar:1.7.1]
	at org.junit.platform.engine.support.hierarchical.NodeTestTask.lambda$executeRecursively$5(NodeTestTask.java:143) ~[junit-platform-engine-1.7.1.jar:1.7.1]
	at org.junit.platform.engine.support.hierarchical.ThrowableCollector.execute(ThrowableCollector.java:73) ~[junit-platform-engine-1.7.1.jar:1.7.1]
	at org.junit.platform.engine.support.hierarchical.NodeTestTask.lambda$executeRecursively$7(NodeTestTask.java:129) ~[junit-platform-engine-1.7.1.jar:1.7.1]
	at org.junit.platform.engine.support.hierarchical.Node.around(Node.java:137) ~[junit-platform-engine-1.7.1.jar:1.7.1]
	at org.junit.platform.engine.support.hierarchical.NodeTestTask.lambda$executeRecursively$8(NodeTestTask.java:127) ~[junit-platform-engine-1.7.1.jar:1.7.1]
	at org.junit.platform.engine.support.hierarchical.ThrowableCollector.execute(ThrowableCollector.java:73) ~[junit-platform-engine-1.7.1.jar:1.7.1]
	at org.junit.platform.engine.support.hierarchical.NodeTestTask.executeRecursively(NodeTestTask.java:126) ~[junit-platform-engine-1.7.1.jar:1.7.1]
	at org.junit.platform.engine.support.hierarchical.NodeTestTask.execute(NodeTestTask.java:84) ~[junit-platform-engine-1.7.1.jar:1.7.1]
	at java.base/java.util.ArrayList.forEach(ArrayList.java:1511) ~[na:na]
	at org.junit.platform.engine.support.hierarchical.SameThreadHierarchicalTestExecutorService.invokeAll(SameThreadHierarchicalTestExecutorService.java:38) ~[junit-platform-engine-1.7.1.jar:1.7.1]
	at org.junit.platform.engine.support.hierarchical.NodeTestTask.lambda$executeRecursively$5(NodeTestTask.java:143) ~[junit-platform-engine-1.7.1.jar:1.7.1]
	at org.junit.platform.engine.support.hierarchical.ThrowableCollector.execute(ThrowableCollector.java:73) ~[junit-platform-engine-1.7.1.jar:1.7.1]
	at org.junit.platform.engine.support.hierarchical.NodeTestTask.lambda$executeRecursively$7(NodeTestTask.java:129) ~[junit-platform-engine-1.7.1.jar:1.7.1]
	at org.junit.platform.engine.support.hierarchical.Node.around(Node.java:137) ~[junit-platform-engine-1.7.1.jar:1.7.1]
	at org.junit.platform.engine.support.hierarchical.NodeTestTask.lambda$executeRecursively$8(NodeTestTask.java:127) ~[junit-platform-engine-1.7.1.jar:1.7.1]
	at org.junit.platform.engine.support.hierarchical.ThrowableCollector.execute(ThrowableCollector.java:73) ~[junit-platform-engine-1.7.1.jar:1.7.1]
	at org.junit.platform.engine.support.hierarchical.NodeTestTask.executeRecursively(NodeTestTask.java:126) ~[junit-platform-engine-1.7.1.jar:1.7.1]
	at org.junit.platform.engine.support.hierarchical.NodeTestTask.execute(NodeTestTask.java:84) ~[junit-platform-engine-1.7.1.jar:1.7.1]
	at org.junit.platform.engine.support.hierarchical.SameThreadHierarchicalTestExecutorService.submit(SameThreadHierarchicalTestExecutorService.java:32) ~[junit-platform-engine-1.7.1.jar:1.7.1]
	at org.junit.platform.engine.support.hierarchical.HierarchicalTestExecutor.execute(HierarchicalTestExecutor.java:57) ~[junit-platform-engine-1.7.1.jar:1.7.1]
	at org.junit.platform.engine.support.hierarchical.HierarchicalTestEngine.execute(HierarchicalTestEngine.java:51) ~[junit-platform-engine-1.7.1.jar:1.7.1]
	at org.junit.platform.launcher.core.EngineExecutionOrchestrator.execute(EngineExecutionOrchestrator.java:108) ~[na:na]
	at org.junit.platform.launcher.core.EngineExecutionOrchestrator.execute(EngineExecutionOrchestrator.java:88) ~[na:na]
	at org.junit.platform.launcher.core.EngineExecutionOrchestrator.lambda$execute$0(EngineExecutionOrchestrator.java:54) ~[na:na]
	at org.junit.platform.launcher.core.EngineExecutionOrchestrator.withInterceptedStreams(EngineExecutionOrchestrator.java:67) ~[na:na]
	at org.junit.platform.launcher.core.EngineExecutionOrchestrator.execute(EngineExecutionOrchestrator.java:52) ~[na:na]
	at org.junit.platform.launcher.core.DefaultLauncher.execute(DefaultLauncher.java:96) ~[na:na]
	at org.junit.platform.launcher.core.DefaultLauncher.execute(DefaultLauncher.java:75) ~[na:na]
	at org.gradle.api.internal.tasks.testing.junitplatform.JUnitPlatformTestClassProcessor$CollectAllTestClassesExecutor.processAllTestClasses(JUnitPlatformTestClassProcessor.java:99) ~[na:na]
	at org.gradle.api.internal.tasks.testing.junitplatform.JUnitPlatformTestClassProcessor$CollectAllTestClassesExecutor.access$000(JUnitPlatformTestClassProcessor.java:79) ~[na:na]
	at org.gradle.api.internal.tasks.testing.junitplatform.JUnitPlatformTestClassProcessor.stop(JUnitPlatformTestClassProcessor.java:75) ~[na:na]
	at org.gradle.api.internal.tasks.testing.SuiteTestClassProcessor.stop(SuiteTestClassProcessor.java:61) ~[na:na]
	at java.base/jdk.internal.reflect.NativeMethodAccessorImpl.invoke0(Native Method) ~[na:na]
	at java.base/jdk.internal.reflect.NativeMethodAccessorImpl.invoke(NativeMethodAccessorImpl.java:64) ~[na:na]
	at java.base/jdk.internal.reflect.DelegatingMethodAccessorImpl.invoke(DelegatingMethodAccessorImpl.java:43) ~[na:na]
	at java.base/java.lang.reflect.Method.invoke(Method.java:564) ~[na:na]
	at org.gradle.internal.dispatch.ReflectionDispatch.dispatch(ReflectionDispatch.java:36) ~[na:na]
	at org.gradle.internal.dispatch.ReflectionDispatch.dispatch(ReflectionDispatch.java:24) ~[na:na]
	at org.gradle.internal.dispatch.ContextClassLoaderDispatch.dispatch(ContextClassLoaderDispatch.java:33) ~[na:na]
	at org.gradle.internal.dispatch.ProxyDispatchAdapter$DispatchingInvocationHandler.invoke(ProxyDispatchAdapter.java:94) ~[na:na]
	at com.sun.proxy.$Proxy2.stop(Unknown Source) ~[na:na]
	at org.gradle.api.internal.tasks.testing.worker.TestWorker.stop(TestWorker.java:133) ~[na:na]
	at java.base/jdk.internal.reflect.NativeMethodAccessorImpl.invoke0(Native Method) ~[na:na]
	at java.base/jdk.internal.reflect.NativeMethodAccessorImpl.invoke(NativeMethodAccessorImpl.java:64) ~[na:na]
	at java.base/jdk.internal.reflect.DelegatingMethodAccessorImpl.invoke(DelegatingMethodAccessorImpl.java:43) ~[na:na]
	at java.base/java.lang.reflect.Method.invoke(Method.java:564) ~[na:na]
	at org.gradle.internal.dispatch.ReflectionDispatch.dispatch(ReflectionDispatch.java:36) ~[na:na]
	at org.gradle.internal.dispatch.ReflectionDispatch.dispatch(ReflectionDispatch.java:24) ~[na:na]
	at org.gradle.internal.remote.internal.hub.MessageHubBackedObjectConnection$DispatchWrapper.dispatch(MessageHubBackedObjectConnection.java:182) ~[na:na]
	at org.gradle.internal.remote.internal.hub.MessageHubBackedObjectConnection$DispatchWrapper.dispatch(MessageHubBackedObjectConnection.java:164) ~[na:na]
	at org.gradle.internal.remote.internal.hub.MessageHub$Handler.run(MessageHub.java:414) ~[na:na]
	at org.gradle.internal.concurrent.ExecutorPolicy$CatchAndRecordFailures.onExecute(ExecutorPolicy.java:64) ~[na:na]
	at org.gradle.internal.concurrent.ManagedExecutorImpl$1.run(ManagedExecutorImpl.java:48) ~[na:na]
	at java.base/java.util.concurrent.ThreadPoolExecutor.runWorker(ThreadPoolExecutor.java:1130) ~[na:na]
	at java.base/java.util.concurrent.ThreadPoolExecutor$Worker.run(ThreadPoolExecutor.java:630) ~[na:na]
	at org.gradle.internal.concurrent.ThreadFactoryImpl$ManagedThreadRunnable.run(ThreadFactoryImpl.java:56) ~[na:na]
	at java.base/java.lang.Thread.run(Thread.java:832) ~[na:na]
Caused by: org.postgresql.util.PSQLException: ERROR: relation "tag" already exists
	at org.postgresql.core.v3.QueryExecutorImpl.receiveErrorResponse(QueryExecutorImpl.java:2553) ~[postgresql-42.2.19.jar:42.2.19]
	at org.postgresql.core.v3.QueryExecutorImpl.processResults(QueryExecutorImpl.java:2285) ~[postgresql-42.2.19.jar:42.2.19]
	at org.postgresql.core.v3.QueryExecutorImpl.execute(QueryExecutorImpl.java:323) ~[postgresql-42.2.19.jar:42.2.19]
	at org.postgresql.jdbc.PgStatement.executeInternal(PgStatement.java:481) ~[postgresql-42.2.19.jar:42.2.19]
	at org.postgresql.jdbc.PgStatement.execute(PgStatement.java:401) ~[postgresql-42.2.19.jar:42.2.19]
	at org.postgresql.jdbc.PgStatement.executeWithFlags(PgStatement.java:322) ~[postgresql-42.2.19.jar:42.2.19]
	at org.postgresql.jdbc.PgStatement.executeCachedSql(PgStatement.java:308) ~[postgresql-42.2.19.jar:42.2.19]
	at org.postgresql.jdbc.PgStatement.executeWithFlags(PgStatement.java:284) ~[postgresql-42.2.19.jar:42.2.19]
	at org.postgresql.jdbc.PgStatement.execute(PgStatement.java:279) ~[postgresql-42.2.19.jar:42.2.19]
	at com.zaxxer.hikari.pool.ProxyStatement.execute(ProxyStatement.java:95) ~[HikariCP-3.4.5.jar:na]
	at com.zaxxer.hikari.pool.HikariProxyStatement.execute(HikariProxyStatement.java) ~[HikariCP-3.4.5.jar:na]
	at org.hibernate.tool.schema.internal.exec.GenerationTargetToDatabase.accept(GenerationTargetToDatabase.java:54) ~[hibernate-core-5.4.28.Final.jar:5.4.28.Final]
	... 126 common frames omitted

2021-03-27 16:42:04.889  INFO 3920 --- [    Test worker] o.h.e.t.j.p.i.JtaPlatformInitiator       : HHH000490: Using JtaPlatform implementation: [org.hibernate.engine.transaction.jta.platform.internal.NoJtaPlatform]
2021-03-27 16:42:04.899  INFO 3920 --- [    Test worker] j.LocalContainerEntityManagerFactoryBean : Initialized JPA EntityManagerFactory for persistence unit 'default'
2021-03-27 16:42:05.765  WARN 3920 --- [    Test worker] JpaBaseConfiguration$JpaWebConfiguration : spring.jpa.open-in-view is enabled by default. Therefore, database queries may be performed during view rendering. Explicitly configure spring.jpa.open-in-view to disable this warning
Hibernate: 
    select
        count(*) as col_0_0_ 
    from
        tag tag0_
2021-03-27 16:42:06.319 TRACE 3920 --- [    Test worker] o.h.type.descriptor.sql.BasicExtractor   : extracted value ([col_0_0_] : [BIGINT]) - [62]
Hibernate: 
    select
        count(*) as col_0_0_ 
    from
        zone zone0_
2021-03-27 16:42:06.389 TRACE 3920 --- [    Test worker] o.h.type.descriptor.sql.BasicExtractor   : extracted value ([col_0_0_] : [BIGINT]) - [360]
Hibernate: 
    select
        count(*) as col_0_0_ 
    from
        account account0_
2021-03-27 16:42:06.707 TRACE 3920 --- [    Test worker] o.h.type.descriptor.sql.BasicExtractor   : extracted value ([col_0_0_] : [BIGINT]) - [2]
2021-03-27 16:42:07.126  INFO 3920 --- [    Test worker] org.mongodb.driver.cluster               : Cluster created with settings {hosts=[mongodb2:27017], mode=SINGLE, requiredClusterType=UNKNOWN, serverSelectionTimeout='30000 ms'}
2021-03-27 16:42:08.641  INFO 3920 --- [    Test worker] o.s.b.a.e.web.EndpointLinksResolver      : Exposing 14 endpoint(s) beneath base path '/actuator'
2021-03-27 16:42:08.941  INFO 3920 --- [    Test worker] pertySourcedRequestMappingHandlerMapping : Mapped URL path [/v2/api-docs] onto method [springfox.documentation.swagger2.web.Swagger2Controller#getDocumentation(String, HttpServletRequest)]
2021-03-27 16:42:09.156  INFO 3920 --- [    Test worker] o.s.s.web.DefaultSecurityFilterChain     : Will secure Ant [pattern='/h2-console/**'] with []
2021-03-27 16:42:09.156  INFO 3920 --- [    Test worker] o.s.s.web.DefaultSecurityFilterChain     : Will secure Ant [pattern='/v2/**'] with []
2021-03-27 16:42:09.156  INFO 3920 --- [    Test worker] o.s.s.web.DefaultSecurityFilterChain     : Will secure Ant [pattern='/swagger-ui.html'] with []
2021-03-27 16:42:09.156  INFO 3920 --- [    Test worker] o.s.s.web.DefaultSecurityFilterChain     : Will secure Ant [pattern='/**'] with []
2021-03-27 16:42:09.298  INFO 3920 --- [    Test worker] o.s.s.web.DefaultSecurityFilterChain     : Will secure any request with [org.springframework.security.web.context.request.async.WebAsyncManagerIntegrationFilter@5cf710cd, org.springframework.security.web.context.SecurityContextPersistenceFilter@50ccffba, org.springframework.security.web.header.HeaderWriterFilter@7a97386b, org.springframework.security.web.authentication.logout.LogoutFilter@1dfeddd0, com.project.devidea.infra.config.security.jwt.JwtRequestFilter@7fea5c37, org.springframework.security.web.savedrequest.RequestCacheAwareFilter@60ca35cc, org.springframework.security.web.servletapi.SecurityContextHolderAwareRequestFilter@613e834b, org.springframework.security.web.authentication.AnonymousAuthenticationFilter@2cc02def, org.springframework.security.web.session.SessionManagementFilter@56775c1a, org.springframework.security.web.access.ExceptionTranslationFilter@545bcfc6, org.springframework.security.web.access.intercept.FilterSecurityInterceptor@6327a0]
2021-03-27 16:42:09.472  INFO 3920 --- [-mongodb2:27017] org.mongodb.driver.cluster               : Exception in monitor thread while connecting to server mongodb2:27017

com.mongodb.MongoSocketException: mongodb2
	at com.mongodb.ServerAddress.getSocketAddresses(ServerAddress.java:211) ~[mongodb-driver-core-4.1.1.jar:na]
	at com.mongodb.internal.connection.SocketStream.initializeSocket(SocketStream.java:75) ~[mongodb-driver-core-4.1.1.jar:na]
	at com.mongodb.internal.connection.SocketStream.open(SocketStream.java:65) ~[mongodb-driver-core-4.1.1.jar:na]
	at com.mongodb.internal.connection.InternalStreamConnection.open(InternalStreamConnection.java:143) ~[mongodb-driver-core-4.1.1.jar:na]
	at com.mongodb.internal.connection.DefaultServerMonitor$ServerMonitorRunnable.lookupServerDescription(DefaultServerMonitor.java:188) ~[mongodb-driver-core-4.1.1.jar:na]
	at com.mongodb.internal.connection.DefaultServerMonitor$ServerMonitorRunnable.run(DefaultServerMonitor.java:144) ~[mongodb-driver-core-4.1.1.jar:na]
	at java.base/java.lang.Thread.run(Thread.java:832) ~[na:na]
Caused by: java.net.UnknownHostException: mongodb2
	at java.base/java.net.InetAddress$CachedAddresses.get(InetAddress.java:800) ~[na:na]
	at java.base/java.net.InetAddress$NameServiceAddresses.get(InetAddress.java:886) ~[na:na]
	at java.base/java.net.InetAddress.getAllByName0(InetAddress.java:1507) ~[na:na]
	at java.base/java.net.InetAddress.getAllByName(InetAddress.java:1366) ~[na:na]
	at java.base/java.net.InetAddress.getAllByName(InetAddress.java:1300) ~[na:na]
	at com.mongodb.ServerAddress.getSocketAddresses(ServerAddress.java:203) ~[mongodb-driver-core-4.1.1.jar:na]
	... 6 common frames omitted

2021-03-27 16:42:09.819  INFO 3920 --- [    Test worker] o.s.s.concurrent.ThreadPoolTaskExecutor  : Initializing ExecutorService 'applicationTaskExecutor'
2021-03-27 16:42:10.143  WARN 3920 --- [    Test worker] ion$DefaultTemplateResolverConfiguration : Cannot find template location: classpath:/templates/ (please add some templates or check your Thymeleaf configuration)
2021-03-27 16:42:10.630  INFO 3920 --- [    Test worker] o.s.s.c.ThreadPoolTaskScheduler          : Initializing ExecutorService
2021-03-27 16:42:11.482  INFO 3920 --- [    Test worker] d.s.w.p.DocumentationPluginsBootstrapper : Context refreshed
2021-03-27 16:42:11.514  INFO 3920 --- [    Test worker] d.s.w.p.DocumentationPluginsBootstrapper : Found 1 custom documentation plugin(s)
2021-03-27 16:42:11.572  INFO 3920 --- [    Test worker] s.d.s.w.s.ApiListingReferenceScanner     : Scanning for api listing references
2021-03-27 16:42:12.480  INFO 3920 --- [    Test worker] com.project.devidea.infra.CacheTest      : Started CacheTest in 14.943 seconds (JVM running for 16.322)
init작업
Hibernate: 
    select
        tag0_.tag_id as tag_id1_23_0_,
        tag1_.tag_id as tag_id1_23_1_,
        children2_.tag_id as tag_id1_23_2_,
        tag0_.first_name as first_na2_23_0_,
        tag0_.parent_id as parent_i5_23_0_,
        tag0_.second_name as second_n3_23_0_,
        tag0_.third_name as third_na4_23_0_,
        tag1_.first_name as first_na2_23_1_,
        tag1_.parent_id as parent_i5_23_1_,
        tag1_.second_name as second_n3_23_1_,
        tag1_.third_name as third_na4_23_1_,
        children2_.first_name as first_na2_23_2_,
        children2_.parent_id as parent_i5_23_2_,
        children2_.second_name as second_n3_23_2_,
        children2_.third_name as third_na4_23_2_,
        children2_.parent_id as parent_i5_23_0__,
        children2_.tag_id as tag_id1_23_0__ 
    from
        tag tag0_ 
    left outer join
        tag tag1_ 
            on tag0_.parent_id=tag1_.tag_id 
    left outer join
        tag children2_ 
            on tag0_.tag_id=children2_.parent_id
2021-03-27 16:42:12.559 TRACE 3920 --- [    Test worker] o.h.type.descriptor.sql.BasicExtractor   : extracted value ([tag_id1_23_0_] : [BIGINT]) - [1]
2021-03-27 16:42:12.559 TRACE 3920 --- [    Test worker] o.h.type.descriptor.sql.BasicExtractor   : extracted value ([tag_id1_23_1_] : [BIGINT]) - [null]
2021-03-27 16:42:12.559 TRACE 3920 --- [    Test worker] o.h.type.descriptor.sql.BasicExtractor   : extracted value ([tag_id1_23_2_] : [BIGINT]) - [2]
2021-03-27 16:42:12.569 TRACE 3920 --- [    Test worker] o.h.type.descriptor.sql.BasicExtractor   : extracted value ([first_na2_23_0_] : [VARCHAR]) - [개발]
2021-03-27 16:42:12.569 TRACE 3920 --- [    Test worker] o.h.type.descriptor.sql.BasicExtractor   : extracted value ([parent_i5_23_0_] : [BIGINT]) - [null]
2021-03-27 16:42:12.569 TRACE 3920 --- [    Test worker] o.h.type.descriptor.sql.BasicExtractor   : extracted value ([second_n3_23_0_] : [VARCHAR]) - [development]
2021-03-27 16:42:12.569 TRACE 3920 --- [    Test worker] o.h.type.descriptor.sql.BasicExtractor   : extracted value ([third_na4_23_0_] : [VARCHAR]) - [software]
2021-03-27 16:42:12.569 TRACE 3920 --- [    Test worker] o.h.type.descriptor.sql.BasicExtractor   : extracted value ([first_na2_23_2_] : [VARCHAR]) - [웹개발]
2021-03-27 16:42:12.569 TRACE 3920 --- [    Test worker] o.h.type.descriptor.sql.BasicExtractor   : extracted value ([parent_i5_23_2_] : [BIGINT]) - [1]
2021-03-27 16:42:12.569 TRACE 3920 --- [    Test worker] o.h.type.descriptor.sql.BasicExtractor   : extracted value ([second_n3_23_2_] : [VARCHAR]) - [web]
2021-03-27 16:42:12.569 TRACE 3920 --- [    Test worker] o.h.type.descriptor.sql.BasicExtractor   : extracted value ([third_na4_23_2_] : [VARCHAR]) - [web-development]
2021-03-27 16:42:12.569 TRACE 3920 --- [    Test worker] o.h.type.descriptor.sql.BasicExtractor   : extracted value ([parent_i5_23_0__] : [BIGINT]) - [1]
2021-03-27 16:42:12.569 TRACE 3920 --- [    Test worker] o.h.type.descriptor.sql.BasicExtractor   : extracted value ([tag_id1_23_0__] : [BIGINT]) - [2]
2021-03-27 16:42:12.585 TRACE 3920 --- [    Test worker] o.h.type.descriptor.sql.BasicExtractor   : extracted value ([tag_id1_23_0_] : [BIGINT]) - [1]
2021-03-27 16:42:12.585 TRACE 3920 --- [    Test worker] o.h.type.descriptor.sql.BasicExtractor   : extracted value ([tag_id1_23_1_] : [BIGINT]) - [null]
2021-03-27 16:42:12.585 TRACE 3920 --- [    Test worker] o.h.type.descriptor.sql.BasicExtractor   : extracted value ([tag_id1_23_2_] : [BIGINT]) - [3]
2021-03-27 16:42:12.585 TRACE 3920 --- [    Test worker] o.h.type.descriptor.sql.BasicExtractor   : extracted value ([first_na2_23_2_] : [VARCHAR]) - [서버/백앤드]
2021-03-27 16:42:12.585 TRACE 3920 --- [    Test worker] o.h.type.descriptor.sql.BasicExtractor   : extracted value ([parent_i5_23_2_] : [BIGINT]) - [1]
2021-03-27 16:42:12.585 TRACE 3920 --- [    Test worker] o.h.type.descriptor.sql.BasicExtractor   : extracted value ([second_n3_23_2_] : [VARCHAR]) - [back-end]
2021-03-27 16:42:12.585 TRACE 3920 --- [    Test worker] o.h.type.descriptor.sql.BasicExtractor   : extracted value ([third_na4_23_2_] : [VARCHAR]) - [server]
2021-03-27 16:42:12.585 TRACE 3920 --- [    Test worker] o.h.type.descriptor.sql.BasicExtractor   : extracted value ([parent_i5_23_0__] : [BIGINT]) - [1]
2021-03-27 16:42:12.585 TRACE 3920 --- [    Test worker] o.h.type.descriptor.sql.BasicExtractor   : extracted value ([tag_id1_23_0__] : [BIGINT]) - [3]
2021-03-27 16:42:12.585 TRACE 3920 --- [    Test worker] o.h.type.descriptor.sql.BasicExtractor   : extracted value ([tag_id1_23_0_] : [BIGINT]) - [1]
2021-03-27 16:42:12.585 TRACE 3920 --- [    Test worker] o.h.type.descriptor.sql.BasicExtractor   : extracted value ([tag_id1_23_1_] : [BIGINT]) - [null]
2021-03-27 16:42:12.585 TRACE 3920 --- [    Test worker] o.h.type.descriptor.sql.BasicExtractor   : extracted value ([tag_id1_23_2_] : [BIGINT]) - [4]
2021-03-27 16:42:12.585 TRACE 3920 --- [    Test worker] o.h.type.descriptor.sql.BasicExtractor   : extracted value ([first_na2_23_2_] : [VARCHAR]) - [프론트앤드]
2021-03-27 16:42:12.585 TRACE 3920 --- [    Test worker] o.h.type.descriptor.sql.BasicExtractor   : extracted value ([parent_i5_23_2_] : [BIGINT]) - [1]
2021-03-27 16:42:12.585 TRACE 3920 --- [    Test worker] o.h.type.descriptor.sql.BasicExtractor   : extracted value ([second_n3_23_2_] : [VARCHAR]) - [front-end]
2021-03-27 16:42:12.585 TRACE 3920 --- [    Test worker] o.h.type.descriptor.sql.BasicExtractor   : extracted value ([third_na4_23_2_] : [VARCHAR]) - [UI]
2021-03-27 16:42:12.585 TRACE 3920 --- [    Test worker] o.h.type.descriptor.sql.BasicExtractor   : extracted value ([parent_i5_23_0__] : [BIGINT]) - [1]
2021-03-27 16:42:12.585 TRACE 3920 --- [    Test worker] o.h.type.descriptor.sql.BasicExtractor   : extracted value ([tag_id1_23_0__] : [BIGINT]) - [4]
2021-03-27 16:42:12.585 TRACE 3920 --- [    Test worker] o.h.type.descriptor.sql.BasicExtractor   : extracted value ([tag_id1_23_0_] : [BIGINT]) - [1]
2021-03-27 16:42:12.585 TRACE 3920 --- [    Test worker] o.h.type.descriptor.sql.BasicExtractor   : extracted value ([tag_id1_23_1_] : [BIGINT]) - [null]
2021-03-27 16:42:12.585 TRACE 3920 --- [    Test worker] o.h.type.descriptor.sql.BasicExtractor   : extracted value ([tag_id1_23_2_] : [BIGINT]) - [5]
2021-03-27 16:42:12.585 TRACE 3920 --- [    Test worker] o.h.type.descriptor.sql.BasicExtractor   : extracted value ([first_na2_23_2_] : [VARCHAR]) - [게임개발]
2021-03-27 16:42:12.585 TRACE 3920 --- [    Test worker] o.h.type.descriptor.sql.BasicExtractor   : extracted value ([parent_i5_23_2_] : [BIGINT]) - [1]
2021-03-27 16:42:12.585 TRACE 3920 --- [    Test worker] o.h.type.descriptor.sql.BasicExtractor   : extracted value ([second_n3_23_2_] : [VARCHAR]) - [game]
2021-03-27 16:42:12.585 TRACE 3920 --- [    Test worker] o.h.type.descriptor.sql.BasicExtractor   : extracted value ([third_na4_23_2_] : [VARCHAR]) - [game-development]
2021-03-27 16:42:12.585 TRACE 3920 --- [    Test worker] o.h.type.descriptor.sql.BasicExtractor   : extracted value ([parent_i5_23_0__] : [BIGINT]) - [1]
2021-03-27 16:42:12.585 TRACE 3920 --- [    Test worker] o.h.type.descriptor.sql.BasicExtractor   : extracted value ([tag_id1_23_0__] : [BIGINT]) - [5]
2021-03-27 16:42:12.585 TRACE 3920 --- [    Test worker] o.h.type.descriptor.sql.BasicExtractor   : extracted value ([tag_id1_23_0_] : [BIGINT]) - [1]
2021-03-27 16:42:12.585 TRACE 3920 --- [    Test worker] o.h.type.descriptor.sql.BasicExtractor   : extracted value ([tag_id1_23_1_] : [BIGINT]) - [null]
2021-03-27 16:42:12.585 TRACE 3920 --- [    Test worker] o.h.type.descriptor.sql.BasicExtractor   : extracted value ([tag_id1_23_2_] : [BIGINT]) - [6]
2021-03-27 16:42:12.585 TRACE 3920 --- [    Test worker] o.h.type.descriptor.sql.BasicExtractor   : extracted value ([first_na2_23_2_] : [VARCHAR]) - [모바일개발]
2021-03-27 16:42:12.585 TRACE 3920 --- [    Test worker] o.h.type.descriptor.sql.BasicExtractor   : extracted value ([parent_i5_23_2_] : [BIGINT]) - [1]
2021-03-27 16:42:12.585 TRACE 3920 --- [    Test worker] o.h.type.descriptor.sql.BasicExtractor   : extracted value ([second_n3_23_2_] : [VARCHAR]) - [mobile]
2021-03-27 16:42:12.585 TRACE 3920 --- [    Test worker] o.h.type.descriptor.sql.BasicExtractor   : extracted value ([third_na4_23_2_] : [VARCHAR]) - [mobile-develop]
2021-03-27 16:42:12.585 TRACE 3920 --- [    Test worker] o.h.type.descriptor.sql.BasicExtractor   : extracted value ([parent_i5_23_0__] : [BIGINT]) - [1]
2021-03-27 16:42:12.585 TRACE 3920 --- [    Test worker] o.h.type.descriptor.sql.BasicExtractor   : extracted value ([tag_id1_23_0__] : [BIGINT]) - [6]
2021-03-27 16:42:12.585 TRACE 3920 --- [    Test worker] o.h.type.descriptor.sql.BasicExtractor   : extracted value ([tag_id1_23_0_] : [BIGINT]) - [1]
2021-03-27 16:42:12.585 TRACE 3920 --- [    Test worker] o.h.type.descriptor.sql.BasicExtractor   : extracted value ([tag_id1_23_1_] : [BIGINT]) - [null]
2021-03-27 16:42:12.585 TRACE 3920 --- [    Test worker] o.h.type.descriptor.sql.BasicExtractor   : extracted value ([tag_id1_23_2_] : [BIGINT]) - [7]
2021-03-27 16:42:12.585 TRACE 3920 --- [    Test worker] o.h.type.descriptor.sql.BasicExtractor   : extracted value ([first_na2_23_2_] : [VARCHAR]) - [정보/보안]
2021-03-27 16:42:12.585 TRACE 3920 --- [    Test worker] o.h.type.descriptor.sql.BasicExtractor   : extracted value ([parent_i5_23_2_] : [BIGINT]) - [1]
2021-03-27 16:42:12.585 TRACE 3920 --- [    Test worker] o.h.type.descriptor.sql.BasicExtractor   : extracted value ([second_n3_23_2_] : [VARCHAR]) - [security]
2021-03-27 16:42:12.585 TRACE 3920 --- [    Test worker] o.h.type.descriptor.sql.BasicExtractor   : extracted value ([third_na4_23_2_] : [VARCHAR]) - [hacker]
2021-03-27 16:42:12.585 TRACE 3920 --- [    Test worker] o.h.type.descriptor.sql.BasicExtractor   : extracted value ([parent_i5_23_0__] : [BIGINT]) - [1]
2021-03-27 16:42:12.601 TRACE 3920 --- [    Test worker] o.h.type.descriptor.sql.BasicExtractor   : extracted value ([tag_id1_23_0__] : [BIGINT]) - [7]
2021-03-27 16:42:12.601 TRACE 3920 --- [    Test worker] o.h.type.descriptor.sql.BasicExtractor   : extracted value ([tag_id1_23_0_] : [BIGINT]) - [8]
2021-03-27 16:42:12.601 TRACE 3920 --- [    Test worker] o.h.type.descriptor.sql.BasicExtractor   : extracted value ([tag_id1_23_1_] : [BIGINT]) - [null]
2021-03-27 16:42:12.602 TRACE 3920 --- [    Test worker] o.h.type.descriptor.sql.BasicExtractor   : extracted value ([tag_id1_23_2_] : [BIGINT]) - [9]
2021-03-27 16:42:12.603 TRACE 3920 --- [    Test worker] o.h.type.descriptor.sql.BasicExtractor   : extracted value ([first_na2_23_0_] : [VARCHAR]) - [프로그래밍언어]
2021-03-27 16:42:12.603 TRACE 3920 --- [    Test worker] o.h.type.descriptor.sql.BasicExtractor   : extracted value ([parent_i5_23_0_] : [BIGINT]) - [null]
2021-03-27 16:42:12.603 TRACE 3920 --- [    Test worker] o.h.type.descriptor.sql.BasicExtractor   : extracted value ([second_n3_23_0_] : [VARCHAR]) - [programing]
2021-03-27 16:42:12.603 TRACE 3920 --- [    Test worker] o.h.type.descriptor.sql.BasicExtractor   : extracted value ([third_na4_23_0_] : [VARCHAR]) - [null]
2021-03-27 16:42:12.604 TRACE 3920 --- [    Test worker] o.h.type.descriptor.sql.BasicExtractor   : extracted value ([first_na2_23_2_] : [VARCHAR]) - [javascript]
2021-03-27 16:42:12.604 TRACE 3920 --- [    Test worker] o.h.type.descriptor.sql.BasicExtractor   : extracted value ([parent_i5_23_2_] : [BIGINT]) - [8]
2021-03-27 16:42:12.604 TRACE 3920 --- [    Test worker] o.h.type.descriptor.sql.BasicExtractor   : extracted value ([second_n3_23_2_] : [VARCHAR]) - [자바스크립트]
2021-03-27 16:42:12.605 TRACE 3920 --- [    Test worker] o.h.type.descriptor.sql.BasicExtractor   : extracted value ([third_na4_23_2_] : [VARCHAR]) - [null]
2021-03-27 16:42:12.605 TRACE 3920 --- [    Test worker] o.h.type.descriptor.sql.BasicExtractor   : extracted value ([parent_i5_23_0__] : [BIGINT]) - [8]
2021-03-27 16:42:12.605 TRACE 3920 --- [    Test worker] o.h.type.descriptor.sql.BasicExtractor   : extracted value ([tag_id1_23_0__] : [BIGINT]) - [9]
2021-03-27 16:42:12.605 TRACE 3920 --- [    Test worker] o.h.type.descriptor.sql.BasicExtractor   : extracted value ([tag_id1_23_0_] : [BIGINT]) - [8]
2021-03-27 16:42:12.605 TRACE 3920 --- [    Test worker] o.h.type.descriptor.sql.BasicExtractor   : extracted value ([tag_id1_23_1_] : [BIGINT]) - [null]
2021-03-27 16:42:12.605 TRACE 3920 --- [    Test worker] o.h.type.descriptor.sql.BasicExtractor   : extracted value ([tag_id1_23_2_] : [BIGINT]) - [10]
2021-03-27 16:42:12.605 TRACE 3920 --- [    Test worker] o.h.type.descriptor.sql.BasicExtractor   : extracted value ([first_na2_23_2_] : [VARCHAR]) - [python]
2021-03-27 16:42:12.606 TRACE 3920 --- [    Test worker] o.h.type.descriptor.sql.BasicExtractor   : extracted value ([parent_i5_23_2_] : [BIGINT]) - [8]
2021-03-27 16:42:12.606 TRACE 3920 --- [    Test worker] o.h.type.descriptor.sql.BasicExtractor   : extracted value ([second_n3_23_2_] : [VARCHAR]) - [파이썬]
2021-03-27 16:42:12.606 TRACE 3920 --- [    Test worker] o.h.type.descriptor.sql.BasicExtractor   : extracted value ([third_na4_23_2_] : [VARCHAR]) - [null]
2021-03-27 16:42:12.606 TRACE 3920 --- [    Test worker] o.h.type.descriptor.sql.BasicExtractor   : extracted value ([parent_i5_23_0__] : [BIGINT]) - [8]
2021-03-27 16:42:12.606 TRACE 3920 --- [    Test worker] o.h.type.descriptor.sql.BasicExtractor   : extracted value ([tag_id1_23_0__] : [BIGINT]) - [10]
2021-03-27 16:42:12.606 TRACE 3920 --- [    Test worker] o.h.type.descriptor.sql.BasicExtractor   : extracted value ([tag_id1_23_0_] : [BIGINT]) - [8]
2021-03-27 16:42:12.606 TRACE 3920 --- [    Test worker] o.h.type.descriptor.sql.BasicExtractor   : extracted value ([tag_id1_23_1_] : [BIGINT]) - [null]
2021-03-27 16:42:12.606 TRACE 3920 --- [    Test worker] o.h.type.descriptor.sql.BasicExtractor   : extracted value ([tag_id1_23_2_] : [BIGINT]) - [11]
2021-03-27 16:42:12.607 TRACE 3920 --- [    Test worker] o.h.type.descriptor.sql.BasicExtractor   : extracted value ([first_na2_23_2_] : [VARCHAR]) - [java]
2021-03-27 16:42:12.607 TRACE 3920 --- [    Test worker] o.h.type.descriptor.sql.BasicExtractor   : extracted value ([parent_i5_23_2_] : [BIGINT]) - [8]
2021-03-27 16:42:12.607 TRACE 3920 --- [    Test worker] o.h.type.descriptor.sql.BasicExtractor   : extracted value ([second_n3_23_2_] : [VARCHAR]) - [자바]
2021-03-27 16:42:12.608 TRACE 3920 --- [    Test worker] o.h.type.descriptor.sql.BasicExtractor   : extracted value ([third_na4_23_2_] : [VARCHAR]) - [null]
2021-03-27 16:42:12.608 TRACE 3920 --- [    Test worker] o.h.type.descriptor.sql.BasicExtractor   : extracted value ([parent_i5_23_0__] : [BIGINT]) - [8]
2021-03-27 16:42:12.608 TRACE 3920 --- [    Test worker] o.h.type.descriptor.sql.BasicExtractor   : extracted value ([tag_id1_23_0__] : [BIGINT]) - [11]
2021-03-27 16:42:12.608 TRACE 3920 --- [    Test worker] o.h.type.descriptor.sql.BasicExtractor   : extracted value ([tag_id1_23_0_] : [BIGINT]) - [8]
2021-03-27 16:42:12.608 TRACE 3920 --- [    Test worker] o.h.type.descriptor.sql.BasicExtractor   : extracted value ([tag_id1_23_1_] : [BIGINT]) - [null]
2021-03-27 16:42:12.609 TRACE 3920 --- [    Test worker] o.h.type.descriptor.sql.BasicExtractor   : extracted value ([tag_id1_23_2_] : [BIGINT]) - [12]
2021-03-27 16:42:12.609 TRACE 3920 --- [    Test worker] o.h.type.descriptor.sql.BasicExtractor   : extracted value ([first_na2_23_2_] : [VARCHAR]) - [go]
2021-03-27 16:42:12.609 TRACE 3920 --- [    Test worker] o.h.type.descriptor.sql.BasicExtractor   : extracted value ([parent_i5_23_2_] : [BIGINT]) - [8]
2021-03-27 16:42:12.609 TRACE 3920 --- [    Test worker] o.h.type.descriptor.sql.BasicExtractor   : extracted value ([second_n3_23_2_] : [VARCHAR]) - [고]
2021-03-27 16:42:12.609 TRACE 3920 --- [    Test worker] o.h.type.descriptor.sql.BasicExtractor   : extracted value ([third_na4_23_2_] : [VARCHAR]) - [null]
2021-03-27 16:42:12.609 TRACE 3920 --- [    Test worker] o.h.type.descriptor.sql.BasicExtractor   : extracted value ([parent_i5_23_0__] : [BIGINT]) - [8]
2021-03-27 16:42:12.609 TRACE 3920 --- [    Test worker] o.h.type.descriptor.sql.BasicExtractor   : extracted value ([tag_id1_23_0__] : [BIGINT]) - [12]
2021-03-27 16:42:12.610 TRACE 3920 --- [    Test worker] o.h.type.descriptor.sql.BasicExtractor   : extracted value ([tag_id1_23_0_] : [BIGINT]) - [8]
2021-03-27 16:42:12.610 TRACE 3920 --- [    Test worker] o.h.type.descriptor.sql.BasicExtractor   : extracted value ([tag_id1_23_1_] : [BIGINT]) - [null]
2021-03-27 16:42:12.610 TRACE 3920 --- [    Test worker] o.h.type.descriptor.sql.BasicExtractor   : extracted value ([tag_id1_23_2_] : [BIGINT]) - [13]
2021-03-27 16:42:12.610 TRACE 3920 --- [    Test worker] o.h.type.descriptor.sql.BasicExtractor   : extracted value ([first_na2_23_2_] : [VARCHAR]) - [ruby]
2021-03-27 16:42:12.610 TRACE 3920 --- [    Test worker] o.h.type.descriptor.sql.BasicExtractor   : extracted value ([parent_i5_23_2_] : [BIGINT]) - [8]
2021-03-27 16:42:12.610 TRACE 3920 --- [    Test worker] o.h.type.descriptor.sql.BasicExtractor   : extracted value ([second_n3_23_2_] : [VARCHAR]) - [루비]
2021-03-27 16:42:12.610 TRACE 3920 --- [    Test worker] o.h.type.descriptor.sql.BasicExtractor   : extracted value ([third_na4_23_2_] : [VARCHAR]) - [null]
2021-03-27 16:42:12.611 TRACE 3920 --- [    Test worker] o.h.type.descriptor.sql.BasicExtractor   : extracted value ([parent_i5_23_0__] : [BIGINT]) - [8]
2021-03-27 16:42:12.611 TRACE 3920 --- [    Test worker] o.h.type.descriptor.sql.BasicExtractor   : extracted value ([tag_id1_23_0__] : [BIGINT]) - [13]
2021-03-27 16:42:12.611 TRACE 3920 --- [    Test worker] o.h.type.descriptor.sql.BasicExtractor   : extracted value ([tag_id1_23_0_] : [BIGINT]) - [8]
2021-03-27 16:42:12.611 TRACE 3920 --- [    Test worker] o.h.type.descriptor.sql.BasicExtractor   : extracted value ([tag_id1_23_1_] : [BIGINT]) - [null]
2021-03-27 16:42:12.612 TRACE 3920 --- [    Test worker] o.h.type.descriptor.sql.BasicExtractor   : extracted value ([tag_id1_23_2_] : [BIGINT]) - [14]
2021-03-27 16:42:12.612 TRACE 3920 --- [    Test worker] o.h.type.descriptor.sql.BasicExtractor   : extracted value ([first_na2_23_2_] : [VARCHAR]) - [c++]
2021-03-27 16:42:12.612 TRACE 3920 --- [    Test worker] o.h.type.descriptor.sql.BasicExtractor   : extracted value ([parent_i5_23_2_] : [BIGINT]) - [8]
2021-03-27 16:42:12.612 TRACE 3920 --- [    Test worker] o.h.type.descriptor.sql.BasicExtractor   : extracted value ([second_n3_23_2_] : [VARCHAR]) - [씨플플]
2021-03-27 16:42:12.612 TRACE 3920 --- [    Test worker] o.h.type.descriptor.sql.BasicExtractor   : extracted value ([third_na4_23_2_] : [VARCHAR]) - [null]
2021-03-27 16:42:12.612 TRACE 3920 --- [    Test worker] o.h.type.descriptor.sql.BasicExtractor   : extracted value ([parent_i5_23_0__] : [BIGINT]) - [8]
2021-03-27 16:42:12.612 TRACE 3920 --- [    Test worker] o.h.type.descriptor.sql.BasicExtractor   : extracted value ([tag_id1_23_0__] : [BIGINT]) - [14]
2021-03-27 16:42:12.613 TRACE 3920 --- [    Test worker] o.h.type.descriptor.sql.BasicExtractor   : extracted value ([tag_id1_23_0_] : [BIGINT]) - [8]
2021-03-27 16:42:12.613 TRACE 3920 --- [    Test worker] o.h.type.descriptor.sql.BasicExtractor   : extracted value ([tag_id1_23_1_] : [BIGINT]) - [null]
2021-03-27 16:42:12.613 TRACE 3920 --- [    Test worker] o.h.type.descriptor.sql.BasicExtractor   : extracted value ([tag_id1_23_2_] : [BIGINT]) - [15]
2021-03-27 16:42:12.613 TRACE 3920 --- [    Test worker] o.h.type.descriptor.sql.BasicExtractor   : extracted value ([first_na2_23_2_] : [VARCHAR]) - [php]
2021-03-27 16:42:12.613 TRACE 3920 --- [    Test worker] o.h.type.descriptor.sql.BasicExtractor   : extracted value ([parent_i5_23_2_] : [BIGINT]) - [8]
2021-03-27 16:42:12.614 TRACE 3920 --- [    Test worker] o.h.type.descriptor.sql.BasicExtractor   : extracted value ([second_n3_23_2_] : [VARCHAR]) - [피에이치피]
2021-03-27 16:42:12.614 TRACE 3920 --- [    Test worker] o.h.type.descriptor.sql.BasicExtractor   : extracted value ([third_na4_23_2_] : [VARCHAR]) - [null]
2021-03-27 16:42:12.614 TRACE 3920 --- [    Test worker] o.h.type.descriptor.sql.BasicExtractor   : extracted value ([parent_i5_23_0__] : [BIGINT]) - [8]
2021-03-27 16:42:12.614 TRACE 3920 --- [    Test worker] o.h.type.descriptor.sql.BasicExtractor   : extracted value ([tag_id1_23_0__] : [BIGINT]) - [15]
2021-03-27 16:42:12.614 TRACE 3920 --- [    Test worker] o.h.type.descriptor.sql.BasicExtractor   : extracted value ([tag_id1_23_0_] : [BIGINT]) - [8]
2021-03-27 16:42:12.614 TRACE 3920 --- [    Test worker] o.h.type.descriptor.sql.BasicExtractor   : extracted value ([tag_id1_23_1_] : [BIGINT]) - [null]
2021-03-27 16:42:12.614 TRACE 3920 --- [    Test worker] o.h.type.descriptor.sql.BasicExtractor   : extracted value ([tag_id1_23_2_] : [BIGINT]) - [16]
2021-03-27 16:42:12.615 TRACE 3920 --- [    Test worker] o.h.type.descriptor.sql.BasicExtractor   : extracted value ([first_na2_23_2_] : [VARCHAR]) - [TypeScript]
2021-03-27 16:42:12.615 TRACE 3920 --- [    Test worker] o.h.type.descriptor.sql.BasicExtractor   : extracted value ([parent_i5_23_2_] : [BIGINT]) - [8]
2021-03-27 16:42:12.615 TRACE 3920 --- [    Test worker] o.h.type.descriptor.sql.BasicExtractor   : extracted value ([second_n3_23_2_] : [VARCHAR]) - [타입스크립트]
2021-03-27 16:42:12.615 TRACE 3920 --- [    Test worker] o.h.type.descriptor.sql.BasicExtractor   : extracted value ([third_na4_23_2_] : [VARCHAR]) - [null]
2021-03-27 16:42:12.615 TRACE 3920 --- [    Test worker] o.h.type.descriptor.sql.BasicExtractor   : extracted value ([parent_i5_23_0__] : [BIGINT]) - [8]
2021-03-27 16:42:12.615 TRACE 3920 --- [    Test worker] o.h.type.descriptor.sql.BasicExtractor   : extracted value ([tag_id1_23_0__] : [BIGINT]) - [16]
2021-03-27 16:42:12.615 TRACE 3920 --- [    Test worker] o.h.type.descriptor.sql.BasicExtractor   : extracted value ([tag_id1_23_0_] : [BIGINT]) - [8]
2021-03-27 16:42:12.615 TRACE 3920 --- [    Test worker] o.h.type.descriptor.sql.BasicExtractor   : extracted value ([tag_id1_23_1_] : [BIGINT]) - [null]
2021-03-27 16:42:12.615 TRACE 3920 --- [    Test worker] o.h.type.descriptor.sql.BasicExtractor   : extracted value ([tag_id1_23_2_] : [BIGINT]) - [17]
2021-03-27 16:42:12.615 TRACE 3920 --- [    Test worker] o.h.type.descriptor.sql.BasicExtractor   : extracted value ([first_na2_23_2_] : [VARCHAR]) - [c#]
2021-03-27 16:42:12.615 TRACE 3920 --- [    Test worker] o.h.type.descriptor.sql.BasicExtractor   : extracted value ([parent_i5_23_2_] : [BIGINT]) - [8]
2021-03-27 16:42:12.615 TRACE 3920 --- [    Test worker] o.h.type.descriptor.sql.BasicExtractor   : extracted value ([second_n3_23_2_] : [VARCHAR]) - [씨샾]
2021-03-27 16:42:12.615 TRACE 3920 --- [    Test worker] o.h.type.descriptor.sql.BasicExtractor   : extracted value ([third_na4_23_2_] : [VARCHAR]) - [null]
2021-03-27 16:42:12.615 TRACE 3920 --- [    Test worker] o.h.type.descriptor.sql.BasicExtractor   : extracted value ([parent_i5_23_0__] : [BIGINT]) - [8]
2021-03-27 16:42:12.615 TRACE 3920 --- [    Test worker] o.h.type.descriptor.sql.BasicExtractor   : extracted value ([tag_id1_23_0__] : [BIGINT]) - [17]
2021-03-27 16:42:12.615 TRACE 3920 --- [    Test worker] o.h.type.descriptor.sql.BasicExtractor   : extracted value ([tag_id1_23_0_] : [BIGINT]) - [8]
2021-03-27 16:42:12.615 TRACE 3920 --- [    Test worker] o.h.type.descriptor.sql.BasicExtractor   : extracted value ([tag_id1_23_1_] : [BIGINT]) - [null]
2021-03-27 16:42:12.615 TRACE 3920 --- [    Test worker] o.h.type.descriptor.sql.BasicExtractor   : extracted value ([tag_id1_23_2_] : [BIGINT]) - [18]
2021-03-27 16:42:12.615 TRACE 3920 --- [    Test worker] o.h.type.descriptor.sql.BasicExtractor   : extracted value ([first_na2_23_2_] : [VARCHAR]) - [c]
2021-03-27 16:42:12.615 TRACE 3920 --- [    Test worker] o.h.type.descriptor.sql.BasicExtractor   : extracted value ([parent_i5_23_2_] : [BIGINT]) - [8]
2021-03-27 16:42:12.615 TRACE 3920 --- [    Test worker] o.h.type.descriptor.sql.BasicExtractor   : extracted value ([second_n3_23_2_] : [VARCHAR]) - [씨]
2021-03-27 16:42:12.615 TRACE 3920 --- [    Test worker] o.h.type.descriptor.sql.BasicExtractor   : extracted value ([third_na4_23_2_] : [VARCHAR]) - [null]
2021-03-27 16:42:12.615 TRACE 3920 --- [    Test worker] o.h.type.descriptor.sql.BasicExtractor   : extracted value ([parent_i5_23_0__] : [BIGINT]) - [8]
2021-03-27 16:42:12.615 TRACE 3920 --- [    Test worker] o.h.type.descriptor.sql.BasicExtractor   : extracted value ([tag_id1_23_0__] : [BIGINT]) - [18]
2021-03-27 16:42:12.615 TRACE 3920 --- [    Test worker] o.h.type.descriptor.sql.BasicExtractor   : extracted value ([tag_id1_23_0_] : [BIGINT]) - [8]
2021-03-27 16:42:12.615 TRACE 3920 --- [    Test worker] o.h.type.descriptor.sql.BasicExtractor   : extracted value ([tag_id1_23_1_] : [BIGINT]) - [null]
2021-03-27 16:42:12.615 TRACE 3920 --- [    Test worker] o.h.type.descriptor.sql.BasicExtractor   : extracted value ([tag_id1_23_2_] : [BIGINT]) - [19]
2021-03-27 16:42:12.615 TRACE 3920 --- [    Test worker] o.h.type.descriptor.sql.BasicExtractor   : extracted value ([first_na2_23_2_] : [VARCHAR]) - [shell]
2021-03-27 16:42:12.615 TRACE 3920 --- [    Test worker] o.h.type.descriptor.sql.BasicExtractor   : extracted value ([parent_i5_23_2_] : [BIGINT]) - [8]
2021-03-27 16:42:12.615 TRACE 3920 --- [    Test worker] o.h.type.descriptor.sql.BasicExtractor   : extracted value ([second_n3_23_2_] : [VARCHAR]) - [쉘]
2021-03-27 16:42:12.615 TRACE 3920 --- [    Test worker] o.h.type.descriptor.sql.BasicExtractor   : extracted value ([third_na4_23_2_] : [VARCHAR]) - [null]
2021-03-27 16:42:12.615 TRACE 3920 --- [    Test worker] o.h.type.descriptor.sql.BasicExtractor   : extracted value ([parent_i5_23_0__] : [BIGINT]) - [8]
2021-03-27 16:42:12.615 TRACE 3920 --- [    Test worker] o.h.type.descriptor.sql.BasicExtractor   : extracted value ([tag_id1_23_0__] : [BIGINT]) - [19]
2021-03-27 16:42:12.615 TRACE 3920 --- [    Test worker] o.h.type.descriptor.sql.BasicExtractor   : extracted value ([tag_id1_23_0_] : [BIGINT]) - [8]
2021-03-27 16:42:12.615 TRACE 3920 --- [    Test worker] o.h.type.descriptor.sql.BasicExtractor   : extracted value ([tag_id1_23_1_] : [BIGINT]) - [null]
2021-03-27 16:42:12.615 TRACE 3920 --- [    Test worker] o.h.type.descriptor.sql.BasicExtractor   : extracted value ([tag_id1_23_2_] : [BIGINT]) - [20]
2021-03-27 16:42:12.615 TRACE 3920 --- [    Test worker] o.h.type.descriptor.sql.BasicExtractor   : extracted value ([first_na2_23_2_] : [VARCHAR]) - [scala]
2021-03-27 16:42:12.615 TRACE 3920 --- [    Test worker] o.h.type.descriptor.sql.BasicExtractor   : extracted value ([parent_i5_23_2_] : [BIGINT]) - [8]
2021-03-27 16:42:12.615 TRACE 3920 --- [    Test worker] o.h.type.descriptor.sql.BasicExtractor   : extracted value ([second_n3_23_2_] : [VARCHAR]) - [스칼라]
2021-03-27 16:42:12.615 TRACE 3920 --- [    Test worker] o.h.type.descriptor.sql.BasicExtractor   : extracted value ([third_na4_23_2_] : [VARCHAR]) - [null]
2021-03-27 16:42:12.615 TRACE 3920 --- [    Test worker] o.h.type.descriptor.sql.BasicExtractor   : extracted value ([parent_i5_23_0__] : [BIGINT]) - [8]
2021-03-27 16:42:12.615 TRACE 3920 --- [    Test worker] o.h.type.descriptor.sql.BasicExtractor   : extracted value ([tag_id1_23_0__] : [BIGINT]) - [20]
2021-03-27 16:42:12.615 TRACE 3920 --- [    Test worker] o.h.type.descriptor.sql.BasicExtractor   : extracted value ([tag_id1_23_0_] : [BIGINT]) - [8]
2021-03-27 16:42:12.615 TRACE 3920 --- [    Test worker] o.h.type.descriptor.sql.BasicExtractor   : extracted value ([tag_id1_23_1_] : [BIGINT]) - [null]
2021-03-27 16:42:12.615 TRACE 3920 --- [    Test worker] o.h.type.descriptor.sql.BasicExtractor   : extracted value ([tag_id1_23_2_] : [BIGINT]) - [21]
2021-03-27 16:42:12.615 TRACE 3920 --- [    Test worker] o.h.type.descriptor.sql.BasicExtractor   : extracted value ([first_na2_23_2_] : [VARCHAR]) - [swift]
2021-03-27 16:42:12.615 TRACE 3920 --- [    Test worker] o.h.type.descriptor.sql.BasicExtractor   : extracted value ([parent_i5_23_2_] : [BIGINT]) - [8]
2021-03-27 16:42:12.615 TRACE 3920 --- [    Test worker] o.h.type.descriptor.sql.BasicExtractor   : extracted value ([second_n3_23_2_] : [VARCHAR]) - [스위프트]
2021-03-27 16:42:12.615 TRACE 3920 --- [    Test worker] o.h.type.descriptor.sql.BasicExtractor   : extracted value ([third_na4_23_2_] : [VARCHAR]) - [null]
2021-03-27 16:42:12.615 TRACE 3920 --- [    Test worker] o.h.type.descriptor.sql.BasicExtractor   : extracted value ([parent_i5_23_0__] : [BIGINT]) - [8]
2021-03-27 16:42:12.615 TRACE 3920 --- [    Test worker] o.h.type.descriptor.sql.BasicExtractor   : extracted value ([tag_id1_23_0__] : [BIGINT]) - [21]
2021-03-27 16:42:12.615 TRACE 3920 --- [    Test worker] o.h.type.descriptor.sql.BasicExtractor   : extracted value ([tag_id1_23_0_] : [BIGINT]) - [8]
2021-03-27 16:42:12.615 TRACE 3920 --- [    Test worker] o.h.type.descriptor.sql.BasicExtractor   : extracted value ([tag_id1_23_1_] : [BIGINT]) - [null]
2021-03-27 16:42:12.615 TRACE 3920 --- [    Test worker] o.h.type.descriptor.sql.BasicExtractor   : extracted value ([tag_id1_23_2_] : [BIGINT]) - [22]
2021-03-27 16:42:12.615 TRACE 3920 --- [    Test worker] o.h.type.descriptor.sql.BasicExtractor   : extracted value ([first_na2_23_2_] : [VARCHAR]) - [rust]
2021-03-27 16:42:12.615 TRACE 3920 --- [    Test worker] o.h.type.descriptor.sql.BasicExtractor   : extracted value ([parent_i5_23_2_] : [BIGINT]) - [8]
2021-03-27 16:42:12.615 TRACE 3920 --- [    Test worker] o.h.type.descriptor.sql.BasicExtractor   : extracted value ([second_n3_23_2_] : [VARCHAR]) - [러스트]
2021-03-27 16:42:12.615 TRACE 3920 --- [    Test worker] o.h.type.descriptor.sql.BasicExtractor   : extracted value ([third_na4_23_2_] : [VARCHAR]) - [null]
2021-03-27 16:42:12.615 TRACE 3920 --- [    Test worker] o.h.type.descriptor.sql.BasicExtractor   : extracted value ([parent_i5_23_0__] : [BIGINT]) - [8]
2021-03-27 16:42:12.615 TRACE 3920 --- [    Test worker] o.h.type.descriptor.sql.BasicExtractor   : extracted value ([tag_id1_23_0__] : [BIGINT]) - [22]
2021-03-27 16:42:12.615 TRACE 3920 --- [    Test worker] o.h.type.descriptor.sql.BasicExtractor   : extracted value ([tag_id1_23_0_] : [BIGINT]) - [8]
2021-03-27 16:42:12.615 TRACE 3920 --- [    Test worker] o.h.type.descriptor.sql.BasicExtractor   : extracted value ([tag_id1_23_1_] : [BIGINT]) - [null]
2021-03-27 16:42:12.615 TRACE 3920 --- [    Test worker] o.h.type.descriptor.sql.BasicExtractor   : extracted value ([tag_id1_23_2_] : [BIGINT]) - [23]
2021-03-27 16:42:12.615 TRACE 3920 --- [    Test worker] o.h.type.descriptor.sql.BasicExtractor   : extracted value ([first_na2_23_2_] : [VARCHAR]) - [dm]
2021-03-27 16:42:12.615 TRACE 3920 --- [    Test worker] o.h.type.descriptor.sql.BasicExtractor   : extracted value ([parent_i5_23_2_] : [BIGINT]) - [8]
2021-03-27 16:42:12.615 TRACE 3920 --- [    Test worker] o.h.type.descriptor.sql.BasicExtractor   : extracted value ([second_n3_23_2_] : [VARCHAR]) - [디엠]
2021-03-27 16:42:12.615 TRACE 3920 --- [    Test worker] o.h.type.descriptor.sql.BasicExtractor   : extracted value ([third_na4_23_2_] : [VARCHAR]) - [null]
2021-03-27 16:42:12.615 TRACE 3920 --- [    Test worker] o.h.type.descriptor.sql.BasicExtractor   : extracted value ([parent_i5_23_0__] : [BIGINT]) - [8]
2021-03-27 16:42:12.615 TRACE 3920 --- [    Test worker] o.h.type.descriptor.sql.BasicExtractor   : extracted value ([tag_id1_23_0__] : [BIGINT]) - [23]
2021-03-27 16:42:12.615 TRACE 3920 --- [    Test worker] o.h.type.descriptor.sql.BasicExtractor   : extracted value ([tag_id1_23_0_] : [BIGINT]) - [8]
2021-03-27 16:42:12.615 TRACE 3920 --- [    Test worker] o.h.type.descriptor.sql.BasicExtractor   : extracted value ([tag_id1_23_1_] : [BIGINT]) - [null]
2021-03-27 16:42:12.615 TRACE 3920 --- [    Test worker] o.h.type.descriptor.sql.BasicExtractor   : extracted value ([tag_id1_23_2_] : [BIGINT]) - [24]
2021-03-27 16:42:12.615 TRACE 3920 --- [    Test worker] o.h.type.descriptor.sql.BasicExtractor   : extracted value ([first_na2_23_2_] : [VARCHAR]) - [objective-c]
2021-03-27 16:42:12.615 TRACE 3920 --- [    Test worker] o.h.type.descriptor.sql.BasicExtractor   : extracted value ([parent_i5_23_2_] : [BIGINT]) - [8]
2021-03-27 16:42:12.615 TRACE 3920 --- [    Test worker] o.h.type.descriptor.sql.BasicExtractor   : extracted value ([second_n3_23_2_] : [VARCHAR]) - [오브젝트 씨]
2021-03-27 16:42:12.615 TRACE 3920 --- [    Test worker] o.h.type.descriptor.sql.BasicExtractor   : extracted value ([third_na4_23_2_] : [VARCHAR]) - [null]
2021-03-27 16:42:12.615 TRACE 3920 --- [    Test worker] o.h.type.descriptor.sql.BasicExtractor   : extracted value ([parent_i5_23_0__] : [BIGINT]) - [8]
2021-03-27 16:42:12.615 TRACE 3920 --- [    Test worker] o.h.type.descriptor.sql.BasicExtractor   : extracted value ([tag_id1_23_0__] : [BIGINT]) - [24]
2021-03-27 16:42:12.615 TRACE 3920 --- [    Test worker] o.h.type.descriptor.sql.BasicExtractor   : extracted value ([tag_id1_23_0_] : [BIGINT]) - [8]
2021-03-27 16:42:12.615 TRACE 3920 --- [    Test worker] o.h.type.descriptor.sql.BasicExtractor   : extracted value ([tag_id1_23_1_] : [BIGINT]) - [null]
2021-03-27 16:42:12.615 TRACE 3920 --- [    Test worker] o.h.type.descriptor.sql.BasicExtractor   : extracted value ([tag_id1_23_2_] : [BIGINT]) - [25]
2021-03-27 16:42:12.615 TRACE 3920 --- [    Test worker] o.h.type.descriptor.sql.BasicExtractor   : extracted value ([first_na2_23_2_] : [VARCHAR]) - [kotlin]
2021-03-27 16:42:12.615 TRACE 3920 --- [    Test worker] o.h.type.descriptor.sql.BasicExtractor   : extracted value ([parent_i5_23_2_] : [BIGINT]) - [8]
2021-03-27 16:42:12.615 TRACE 3920 --- [    Test worker] o.h.type.descriptor.sql.BasicExtractor   : extracted value ([second_n3_23_2_] : [VARCHAR]) - [코틀린]
2021-03-27 16:42:12.615 TRACE 3920 --- [    Test worker] o.h.type.descriptor.sql.BasicExtractor   : extracted value ([third_na4_23_2_] : [VARCHAR]) - [null]
2021-03-27 16:42:12.615 TRACE 3920 --- [    Test worker] o.h.type.descriptor.sql.BasicExtractor   : extracted value ([parent_i5_23_0__] : [BIGINT]) - [8]
2021-03-27 16:42:12.615 TRACE 3920 --- [    Test worker] o.h.type.descriptor.sql.BasicExtractor   : extracted value ([tag_id1_23_0__] : [BIGINT]) - [25]
2021-03-27 16:42:12.615 TRACE 3920 --- [    Test worker] o.h.type.descriptor.sql.BasicExtractor   : extracted value ([tag_id1_23_0_] : [BIGINT]) - [26]
2021-03-27 16:42:12.615 TRACE 3920 --- [    Test worker] o.h.type.descriptor.sql.BasicExtractor   : extracted value ([tag_id1_23_1_] : [BIGINT]) - [null]
2021-03-27 16:42:12.615 TRACE 3920 --- [    Test worker] o.h.type.descriptor.sql.BasicExtractor   : extracted value ([tag_id1_23_2_] : [BIGINT]) - [27]
2021-03-27 16:42:12.615 TRACE 3920 --- [    Test worker] o.h.type.descriptor.sql.BasicExtractor   : extracted value ([first_na2_23_0_] : [VARCHAR]) - [프레임워크]
2021-03-27 16:42:12.615 TRACE 3920 --- [    Test worker] o.h.type.descriptor.sql.BasicExtractor   : extracted value ([parent_i5_23_0_] : [BIGINT]) - [null]
2021-03-27 16:42:12.615 TRACE 3920 --- [    Test worker] o.h.type.descriptor.sql.BasicExtractor   : extracted value ([second_n3_23_0_] : [VARCHAR]) - [framework]
2021-03-27 16:42:12.615 TRACE 3920 --- [    Test worker] o.h.type.descriptor.sql.BasicExtractor   : extracted value ([third_na4_23_0_] : [VARCHAR]) - [null]
2021-03-27 16:42:12.615 TRACE 3920 --- [    Test worker] o.h.type.descriptor.sql.BasicExtractor   : extracted value ([first_na2_23_2_] : [VARCHAR]) - [react]
2021-03-27 16:42:12.615 TRACE 3920 --- [    Test worker] o.h.type.descriptor.sql.BasicExtractor   : extracted value ([parent_i5_23_2_] : [BIGINT]) - [26]
2021-03-27 16:42:12.615 TRACE 3920 --- [    Test worker] o.h.type.descriptor.sql.BasicExtractor   : extracted value ([second_n3_23_2_] : [VARCHAR]) - [리엑트]
2021-03-27 16:42:12.615 TRACE 3920 --- [    Test worker] o.h.type.descriptor.sql.BasicExtractor   : extracted value ([third_na4_23_2_] : [VARCHAR]) - [null]
2021-03-27 16:42:12.615 TRACE 3920 --- [    Test worker] o.h.type.descriptor.sql.BasicExtractor   : extracted value ([parent_i5_23_0__] : [BIGINT]) - [26]
2021-03-27 16:42:12.615 TRACE 3920 --- [    Test worker] o.h.type.descriptor.sql.BasicExtractor   : extracted value ([tag_id1_23_0__] : [BIGINT]) - [27]
2021-03-27 16:42:12.615 TRACE 3920 --- [    Test worker] o.h.type.descriptor.sql.BasicExtractor   : extracted value ([tag_id1_23_0_] : [BIGINT]) - [26]
2021-03-27 16:42:12.615 TRACE 3920 --- [    Test worker] o.h.type.descriptor.sql.BasicExtractor   : extracted value ([tag_id1_23_1_] : [BIGINT]) - [null]
2021-03-27 16:42:12.615 TRACE 3920 --- [    Test worker] o.h.type.descriptor.sql.BasicExtractor   : extracted value ([tag_id1_23_2_] : [BIGINT]) - [28]
2021-03-27 16:42:12.615 TRACE 3920 --- [    Test worker] o.h.type.descriptor.sql.BasicExtractor   : extracted value ([first_na2_23_2_] : [VARCHAR]) - [asp.net mvc]
2021-03-27 16:42:12.615 TRACE 3920 --- [    Test worker] o.h.type.descriptor.sql.BasicExtractor   : extracted value ([parent_i5_23_2_] : [BIGINT]) - [26]
2021-03-27 16:42:12.615 TRACE 3920 --- [    Test worker] o.h.type.descriptor.sql.BasicExtractor   : extracted value ([second_n3_23_2_] : [VARCHAR]) - [null]
2021-03-27 16:42:12.615 TRACE 3920 --- [    Test worker] o.h.type.descriptor.sql.BasicExtractor   : extracted value ([third_na4_23_2_] : [VARCHAR]) - [null]
2021-03-27 16:42:12.615 TRACE 3920 --- [    Test worker] o.h.type.descriptor.sql.BasicExtractor   : extracted value ([parent_i5_23_0__] : [BIGINT]) - [26]
2021-03-27 16:42:12.615 TRACE 3920 --- [    Test worker] o.h.type.descriptor.sql.BasicExtractor   : extracted value ([tag_id1_23_0__] : [BIGINT]) - [28]
2021-03-27 16:42:12.615 TRACE 3920 --- [    Test worker] o.h.type.descriptor.sql.BasicExtractor   : extracted value ([tag_id1_23_0_] : [BIGINT]) - [26]
2021-03-27 16:42:12.615 TRACE 3920 --- [    Test worker] o.h.type.descriptor.sql.BasicExtractor   : extracted value ([tag_id1_23_1_] : [BIGINT]) - [null]
2021-03-27 16:42:12.615 TRACE 3920 --- [    Test worker] o.h.type.descriptor.sql.BasicExtractor   : extracted value ([tag_id1_23_2_] : [BIGINT]) - [29]
2021-03-27 16:42:12.615 TRACE 3920 --- [    Test worker] o.h.type.descriptor.sql.BasicExtractor   : extracted value ([first_na2_23_2_] : [VARCHAR]) - [angular]
2021-03-27 16:42:12.615 TRACE 3920 --- [    Test worker] o.h.type.descriptor.sql.BasicExtractor   : extracted value ([parent_i5_23_2_] : [BIGINT]) - [26]
2021-03-27 16:42:12.615 TRACE 3920 --- [    Test worker] o.h.type.descriptor.sql.BasicExtractor   : extracted value ([second_n3_23_2_] : [VARCHAR]) - [앵귤러]
2021-03-27 16:42:12.615 TRACE 3920 --- [    Test worker] o.h.type.descriptor.sql.BasicExtractor   : extracted value ([third_na4_23_2_] : [VARCHAR]) - [null]
2021-03-27 16:42:12.615 TRACE 3920 --- [    Test worker] o.h.type.descriptor.sql.BasicExtractor   : extracted value ([parent_i5_23_0__] : [BIGINT]) - [26]
2021-03-27 16:42:12.631 TRACE 3920 --- [    Test worker] o.h.type.descriptor.sql.BasicExtractor   : extracted value ([tag_id1_23_0__] : [BIGINT]) - [29]
2021-03-27 16:42:12.631 TRACE 3920 --- [    Test worker] o.h.type.descriptor.sql.BasicExtractor   : extracted value ([tag_id1_23_0_] : [BIGINT]) - [26]
2021-03-27 16:42:12.631 TRACE 3920 --- [    Test worker] o.h.type.descriptor.sql.BasicExtractor   : extracted value ([tag_id1_23_1_] : [BIGINT]) - [null]
2021-03-27 16:42:12.631 TRACE 3920 --- [    Test worker] o.h.type.descriptor.sql.BasicExtractor   : extracted value ([tag_id1_23_2_] : [BIGINT]) - [30]
2021-03-27 16:42:12.631 TRACE 3920 --- [    Test worker] o.h.type.descriptor.sql.BasicExtractor   : extracted value ([first_na2_23_2_] : [VARCHAR]) - [Ruby on Rails]
2021-03-27 16:42:12.631 TRACE 3920 --- [    Test worker] o.h.type.descriptor.sql.BasicExtractor   : extracted value ([parent_i5_23_2_] : [BIGINT]) - [26]
2021-03-27 16:42:12.631 TRACE 3920 --- [    Test worker] o.h.type.descriptor.sql.BasicExtractor   : extracted value ([second_n3_23_2_] : [VARCHAR]) - [루비온레일스]
2021-03-27 16:42:12.631 TRACE 3920 --- [    Test worker] o.h.type.descriptor.sql.BasicExtractor   : extracted value ([third_na4_23_2_] : [VARCHAR]) - [null]
2021-03-27 16:42:12.631 TRACE 3920 --- [    Test worker] o.h.type.descriptor.sql.BasicExtractor   : extracted value ([parent_i5_23_0__] : [BIGINT]) - [26]
2021-03-27 16:42:12.631 TRACE 3920 --- [    Test worker] o.h.type.descriptor.sql.BasicExtractor   : extracted value ([tag_id1_23_0__] : [BIGINT]) - [30]
2021-03-27 16:42:12.631 TRACE 3920 --- [    Test worker] o.h.type.descriptor.sql.BasicExtractor   : extracted value ([tag_id1_23_0_] : [BIGINT]) - [26]
2021-03-27 16:42:12.631 TRACE 3920 --- [    Test worker] o.h.type.descriptor.sql.BasicExtractor   : extracted value ([tag_id1_23_1_] : [BIGINT]) - [null]
2021-03-27 16:42:12.631 TRACE 3920 --- [    Test worker] o.h.type.descriptor.sql.BasicExtractor   : extracted value ([tag_id1_23_2_] : [BIGINT]) - [31]
2021-03-27 16:42:12.631 TRACE 3920 --- [    Test worker] o.h.type.descriptor.sql.BasicExtractor   : extracted value ([first_na2_23_2_] : [VARCHAR]) - [AngularJS]
2021-03-27 16:42:12.631 TRACE 3920 --- [    Test worker] o.h.type.descriptor.sql.BasicExtractor   : extracted value ([parent_i5_23_2_] : [BIGINT]) - [26]
2021-03-27 16:42:12.631 TRACE 3920 --- [    Test worker] o.h.type.descriptor.sql.BasicExtractor   : extracted value ([second_n3_23_2_] : [VARCHAR]) - [null]
2021-03-27 16:42:12.631 TRACE 3920 --- [    Test worker] o.h.type.descriptor.sql.BasicExtractor   : extracted value ([third_na4_23_2_] : [VARCHAR]) - [null]
2021-03-27 16:42:12.631 TRACE 3920 --- [    Test worker] o.h.type.descriptor.sql.BasicExtractor   : extracted value ([parent_i5_23_0__] : [BIGINT]) - [26]
2021-03-27 16:42:12.631 TRACE 3920 --- [    Test worker] o.h.type.descriptor.sql.BasicExtractor   : extracted value ([tag_id1_23_0__] : [BIGINT]) - [31]
2021-03-27 16:42:12.631 TRACE 3920 --- [    Test worker] o.h.type.descriptor.sql.BasicExtractor   : extracted value ([tag_id1_23_0_] : [BIGINT]) - [26]
2021-03-27 16:42:12.631 TRACE 3920 --- [    Test worker] o.h.type.descriptor.sql.BasicExtractor   : extracted value ([tag_id1_23_1_] : [BIGINT]) - [null]
2021-03-27 16:42:12.631 TRACE 3920 --- [    Test worker] o.h.type.descriptor.sql.BasicExtractor   : extracted value ([tag_id1_23_2_] : [BIGINT]) - [32]
2021-03-27 16:42:12.631 TRACE 3920 --- [    Test worker] o.h.type.descriptor.sql.BasicExtractor   : extracted value ([first_na2_23_2_] : [VARCHAR]) - [Vue.js]
2021-03-27 16:42:12.631 TRACE 3920 --- [    Test worker] o.h.type.descriptor.sql.BasicExtractor   : extracted value ([parent_i5_23_2_] : [BIGINT]) - [26]
2021-03-27 16:42:12.631 TRACE 3920 --- [    Test worker] o.h.type.descriptor.sql.BasicExtractor   : extracted value ([second_n3_23_2_] : [VARCHAR]) - [뷰]
2021-03-27 16:42:12.631 TRACE 3920 --- [    Test worker] o.h.type.descriptor.sql.BasicExtractor   : extracted value ([third_na4_23_2_] : [VARCHAR]) - [null]
2021-03-27 16:42:12.631 TRACE 3920 --- [    Test worker] o.h.type.descriptor.sql.BasicExtractor   : extracted value ([parent_i5_23_0__] : [BIGINT]) - [26]
2021-03-27 16:42:12.631 TRACE 3920 --- [    Test worker] o.h.type.descriptor.sql.BasicExtractor   : extracted value ([tag_id1_23_0__] : [BIGINT]) - [32]
2021-03-27 16:42:12.631 TRACE 3920 --- [    Test worker] o.h.type.descriptor.sql.BasicExtractor   : extracted value ([tag_id1_23_0_] : [BIGINT]) - [26]
2021-03-27 16:42:12.631 TRACE 3920 --- [    Test worker] o.h.type.descriptor.sql.BasicExtractor   : extracted value ([tag_id1_23_1_] : [BIGINT]) - [null]
2021-03-27 16:42:12.631 TRACE 3920 --- [    Test worker] o.h.type.descriptor.sql.BasicExtractor   : extracted value ([tag_id1_23_2_] : [BIGINT]) - [33]
2021-03-27 16:42:12.631 TRACE 3920 --- [    Test worker] o.h.type.descriptor.sql.BasicExtractor   : extracted value ([first_na2_23_2_] : [VARCHAR]) - [django]
2021-03-27 16:42:12.631 TRACE 3920 --- [    Test worker] o.h.type.descriptor.sql.BasicExtractor   : extracted value ([parent_i5_23_2_] : [BIGINT]) - [26]
2021-03-27 16:42:12.631 TRACE 3920 --- [    Test worker] o.h.type.descriptor.sql.BasicExtractor   : extracted value ([second_n3_23_2_] : [VARCHAR]) - [장고]
2021-03-27 16:42:12.631 TRACE 3920 --- [    Test worker] o.h.type.descriptor.sql.BasicExtractor   : extracted value ([third_na4_23_2_] : [VARCHAR]) - [null]
2021-03-27 16:42:12.631 TRACE 3920 --- [    Test worker] o.h.type.descriptor.sql.BasicExtractor   : extracted value ([parent_i5_23_0__] : [BIGINT]) - [26]
2021-03-27 16:42:12.631 TRACE 3920 --- [    Test worker] o.h.type.descriptor.sql.BasicExtractor   : extracted value ([tag_id1_23_0__] : [BIGINT]) - [33]
2021-03-27 16:42:12.631 TRACE 3920 --- [    Test worker] o.h.type.descriptor.sql.BasicExtractor   : extracted value ([tag_id1_23_0_] : [BIGINT]) - [26]
2021-03-27 16:42:12.631 TRACE 3920 --- [    Test worker] o.h.type.descriptor.sql.BasicExtractor   : extracted value ([tag_id1_23_1_] : [BIGINT]) - [null]
2021-03-27 16:42:12.631 TRACE 3920 --- [    Test worker] o.h.type.descriptor.sql.BasicExtractor   : extracted value ([tag_id1_23_2_] : [BIGINT]) - [34]
2021-03-27 16:42:12.631 TRACE 3920 --- [    Test worker] o.h.type.descriptor.sql.BasicExtractor   : extracted value ([first_na2_23_2_] : [VARCHAR]) - [laravel]
2021-03-27 16:42:12.631 TRACE 3920 --- [    Test worker] o.h.type.descriptor.sql.BasicExtractor   : extracted value ([parent_i5_23_2_] : [BIGINT]) - [26]
2021-03-27 16:42:12.631 TRACE 3920 --- [    Test worker] o.h.type.descriptor.sql.BasicExtractor   : extracted value ([second_n3_23_2_] : [VARCHAR]) - [라라벨]
2021-03-27 16:42:12.631 TRACE 3920 --- [    Test worker] o.h.type.descriptor.sql.BasicExtractor   : extracted value ([third_na4_23_2_] : [VARCHAR]) - [null]
2021-03-27 16:42:12.631 TRACE 3920 --- [    Test worker] o.h.type.descriptor.sql.BasicExtractor   : extracted value ([parent_i5_23_0__] : [BIGINT]) - [26]
2021-03-27 16:42:12.631 TRACE 3920 --- [    Test worker] o.h.type.descriptor.sql.BasicExtractor   : extracted value ([tag_id1_23_0__] : [BIGINT]) - [34]
2021-03-27 16:42:12.631 TRACE 3920 --- [    Test worker] o.h.type.descriptor.sql.BasicExtractor   : extracted value ([tag_id1_23_0_] : [BIGINT]) - [26]
2021-03-27 16:42:12.631 TRACE 3920 --- [    Test worker] o.h.type.descriptor.sql.BasicExtractor   : extracted value ([tag_id1_23_1_] : [BIGINT]) - [null]
2021-03-27 16:42:12.631 TRACE 3920 --- [    Test worker] o.h.type.descriptor.sql.BasicExtractor   : extracted value ([tag_id1_23_2_] : [BIGINT]) - [35]
2021-03-27 16:42:12.631 TRACE 3920 --- [    Test worker] o.h.type.descriptor.sql.BasicExtractor   : extracted value ([first_na2_23_2_] : [VARCHAR]) - [asp.net]
2021-03-27 16:42:12.631 TRACE 3920 --- [    Test worker] o.h.type.descriptor.sql.BasicExtractor   : extracted value ([parent_i5_23_2_] : [BIGINT]) - [26]
2021-03-27 16:42:12.631 TRACE 3920 --- [    Test worker] o.h.type.descriptor.sql.BasicExtractor   : extracted value ([second_n3_23_2_] : [VARCHAR]) - [null]
2021-03-27 16:42:12.631 TRACE 3920 --- [    Test worker] o.h.type.descriptor.sql.BasicExtractor   : extracted value ([third_na4_23_2_] : [VARCHAR]) - [null]
2021-03-27 16:42:12.631 TRACE 3920 --- [    Test worker] o.h.type.descriptor.sql.BasicExtractor   : extracted value ([parent_i5_23_0__] : [BIGINT]) - [26]
2021-03-27 16:42:12.631 TRACE 3920 --- [    Test worker] o.h.type.descriptor.sql.BasicExtractor   : extracted value ([tag_id1_23_0__] : [BIGINT]) - [35]
2021-03-27 16:42:12.631 TRACE 3920 --- [    Test worker] o.h.type.descriptor.sql.BasicExtractor   : extracted value ([tag_id1_23_0_] : [BIGINT]) - [26]
2021-03-27 16:42:12.631 TRACE 3920 --- [    Test worker] o.h.type.descriptor.sql.BasicExtractor   : extracted value ([tag_id1_23_1_] : [BIGINT]) - [null]
2021-03-27 16:42:12.631 TRACE 3920 --- [    Test worker] o.h.type.descriptor.sql.BasicExtractor   : extracted value ([tag_id1_23_2_] : [BIGINT]) - [36]
2021-03-27 16:42:12.631 TRACE 3920 --- [    Test worker] o.h.type.descriptor.sql.BasicExtractor   : extracted value ([first_na2_23_2_] : [VARCHAR]) - [spring]
2021-03-27 16:42:12.631 TRACE 3920 --- [    Test worker] o.h.type.descriptor.sql.BasicExtractor   : extracted value ([parent_i5_23_2_] : [BIGINT]) - [26]
2021-03-27 16:42:12.631 TRACE 3920 --- [    Test worker] o.h.type.descriptor.sql.BasicExtractor   : extracted value ([second_n3_23_2_] : [VARCHAR]) - [스프링]
2021-03-27 16:42:12.631 TRACE 3920 --- [    Test worker] o.h.type.descriptor.sql.BasicExtractor   : extracted value ([third_na4_23_2_] : [VARCHAR]) - [null]
2021-03-27 16:42:12.631 TRACE 3920 --- [    Test worker] o.h.type.descriptor.sql.BasicExtractor   : extracted value ([parent_i5_23_0__] : [BIGINT]) - [26]
2021-03-27 16:42:12.631 TRACE 3920 --- [    Test worker] o.h.type.descriptor.sql.BasicExtractor   : extracted value ([tag_id1_23_0__] : [BIGINT]) - [36]
2021-03-27 16:42:12.631 TRACE 3920 --- [    Test worker] o.h.type.descriptor.sql.BasicExtractor   : extracted value ([tag_id1_23_0_] : [BIGINT]) - [26]
2021-03-27 16:42:12.631 TRACE 3920 --- [    Test worker] o.h.type.descriptor.sql.BasicExtractor   : extracted value ([tag_id1_23_1_] : [BIGINT]) - [null]
2021-03-27 16:42:12.631 TRACE 3920 --- [    Test worker] o.h.type.descriptor.sql.BasicExtractor   : extracted value ([tag_id1_23_2_] : [BIGINT]) - [37]
2021-03-27 16:42:12.631 TRACE 3920 --- [    Test worker] o.h.type.descriptor.sql.BasicExtractor   : extracted value ([first_na2_23_2_] : [VARCHAR]) - [express]
2021-03-27 16:42:12.631 TRACE 3920 --- [    Test worker] o.h.type.descriptor.sql.BasicExtractor   : extracted value ([parent_i5_23_2_] : [BIGINT]) - [26]
2021-03-27 16:42:12.631 TRACE 3920 --- [    Test worker] o.h.type.descriptor.sql.BasicExtractor   : extracted value ([second_n3_23_2_] : [VARCHAR]) - [익스프레스]
2021-03-27 16:42:12.631 TRACE 3920 --- [    Test worker] o.h.type.descriptor.sql.BasicExtractor   : extracted value ([third_na4_23_2_] : [VARCHAR]) - [null]
2021-03-27 16:42:12.631 TRACE 3920 --- [    Test worker] o.h.type.descriptor.sql.BasicExtractor   : extracted value ([parent_i5_23_0__] : [BIGINT]) - [26]
2021-03-27 16:42:12.631 TRACE 3920 --- [    Test worker] o.h.type.descriptor.sql.BasicExtractor   : extracted value ([tag_id1_23_0__] : [BIGINT]) - [37]
2021-03-27 16:42:12.631 TRACE 3920 --- [    Test worker] o.h.type.descriptor.sql.BasicExtractor   : extracted value ([tag_id1_23_0_] : [BIGINT]) - [26]
2021-03-27 16:42:12.631 TRACE 3920 --- [    Test worker] o.h.type.descriptor.sql.BasicExtractor   : extracted value ([tag_id1_23_1_] : [BIGINT]) - [null]
2021-03-27 16:42:12.631 TRACE 3920 --- [    Test worker] o.h.type.descriptor.sql.BasicExtractor   : extracted value ([tag_id1_23_2_] : [BIGINT]) - [38]
2021-03-27 16:42:12.631 TRACE 3920 --- [    Test worker] o.h.type.descriptor.sql.BasicExtractor   : extracted value ([first_na2_23_2_] : [VARCHAR]) - [flask]
2021-03-27 16:42:12.631 TRACE 3920 --- [    Test worker] o.h.type.descriptor.sql.BasicExtractor   : extracted value ([parent_i5_23_2_] : [BIGINT]) - [26]
2021-03-27 16:42:12.631 TRACE 3920 --- [    Test worker] o.h.type.descriptor.sql.BasicExtractor   : extracted value ([second_n3_23_2_] : [VARCHAR]) - [플라스크]
2021-03-27 16:42:12.631 TRACE 3920 --- [    Test worker] o.h.type.descriptor.sql.BasicExtractor   : extracted value ([third_na4_23_2_] : [VARCHAR]) - [null]
2021-03-27 16:42:12.631 TRACE 3920 --- [    Test worker] o.h.type.descriptor.sql.BasicExtractor   : extracted value ([parent_i5_23_0__] : [BIGINT]) - [26]
2021-03-27 16:42:12.631 TRACE 3920 --- [    Test worker] o.h.type.descriptor.sql.BasicExtractor   : extracted value ([tag_id1_23_0__] : [BIGINT]) - [38]
2021-03-27 16:42:12.631 TRACE 3920 --- [    Test worker] o.h.type.descriptor.sql.BasicExtractor   : extracted value ([tag_id1_23_0_] : [BIGINT]) - [39]
2021-03-27 16:42:12.631 TRACE 3920 --- [    Test worker] o.h.type.descriptor.sql.BasicExtractor   : extracted value ([tag_id1_23_1_] : [BIGINT]) - [null]
2021-03-27 16:42:12.631 TRACE 3920 --- [    Test worker] o.h.type.descriptor.sql.BasicExtractor   : extracted value ([tag_id1_23_2_] : [BIGINT]) - [40]
2021-03-27 16:42:12.631 TRACE 3920 --- [    Test worker] o.h.type.descriptor.sql.BasicExtractor   : extracted value ([first_na2_23_0_] : [VARCHAR]) - [etc]
2021-03-27 16:42:12.631 TRACE 3920 --- [    Test worker] o.h.type.descriptor.sql.BasicExtractor   : extracted value ([parent_i5_23_0_] : [BIGINT]) - [null]
2021-03-27 16:42:12.631 TRACE 3920 --- [    Test worker] o.h.type.descriptor.sql.BasicExtractor   : extracted value ([second_n3_23_0_] : [VARCHAR]) - [null]
2021-03-27 16:42:12.631 TRACE 3920 --- [    Test worker] o.h.type.descriptor.sql.BasicExtractor   : extracted value ([third_na4_23_0_] : [VARCHAR]) - [null]
2021-03-27 16:42:12.631 TRACE 3920 --- [    Test worker] o.h.type.descriptor.sql.BasicExtractor   : extracted value ([first_na2_23_2_] : [VARCHAR]) - [docker]
2021-03-27 16:42:12.631 TRACE 3920 --- [    Test worker] o.h.type.descriptor.sql.BasicExtractor   : extracted value ([parent_i5_23_2_] : [BIGINT]) - [39]
2021-03-27 16:42:12.631 TRACE 3920 --- [    Test worker] o.h.type.descriptor.sql.BasicExtractor   : extracted value ([second_n3_23_2_] : [VARCHAR]) - [도커]
2021-03-27 16:42:12.631 TRACE 3920 --- [    Test worker] o.h.type.descriptor.sql.BasicExtractor   : extracted value ([third_na4_23_2_] : [VARCHAR]) - [null]
2021-03-27 16:42:12.631 TRACE 3920 --- [    Test worker] o.h.type.descriptor.sql.BasicExtractor   : extracted value ([parent_i5_23_0__] : [BIGINT]) - [39]
2021-03-27 16:42:12.631 TRACE 3920 --- [    Test worker] o.h.type.descriptor.sql.BasicExtractor   : extracted value ([tag_id1_23_0__] : [BIGINT]) - [40]
2021-03-27 16:42:12.631 TRACE 3920 --- [    Test worker] o.h.type.descriptor.sql.BasicExtractor   : extracted value ([tag_id1_23_0_] : [BIGINT]) - [39]
2021-03-27 16:42:12.631 TRACE 3920 --- [    Test worker] o.h.type.descriptor.sql.BasicExtractor   : extracted value ([tag_id1_23_1_] : [BIGINT]) - [null]
2021-03-27 16:42:12.631 TRACE 3920 --- [    Test worker] o.h.type.descriptor.sql.BasicExtractor   : extracted value ([tag_id1_23_2_] : [BIGINT]) - [41]
2021-03-27 16:42:12.631 TRACE 3920 --- [    Test worker] o.h.type.descriptor.sql.BasicExtractor   : extracted value ([first_na2_23_2_] : [VARCHAR]) - [devops]
2021-03-27 16:42:12.631 TRACE 3920 --- [    Test worker] o.h.type.descriptor.sql.BasicExtractor   : extracted value ([parent_i5_23_2_] : [BIGINT]) - [39]
2021-03-27 16:42:12.631 TRACE 3920 --- [    Test worker] o.h.type.descriptor.sql.BasicExtractor   : extracted value ([second_n3_23_2_] : [VARCHAR]) - [데브옵스]
2021-03-27 16:42:12.631 TRACE 3920 --- [    Test worker] o.h.type.descriptor.sql.BasicExtractor   : extracted value ([third_na4_23_2_] : [VARCHAR]) - [null]
2021-03-27 16:42:12.631 TRACE 3920 --- [    Test worker] o.h.type.descriptor.sql.BasicExtractor   : extracted value ([parent_i5_23_0__] : [BIGINT]) - [39]
2021-03-27 16:42:12.631 TRACE 3920 --- [    Test worker] o.h.type.descriptor.sql.BasicExtractor   : extracted value ([tag_id1_23_0__] : [BIGINT]) - [41]
2021-03-27 16:42:12.646 TRACE 3920 --- [    Test worker] o.h.type.descriptor.sql.BasicExtractor   : extracted value ([tag_id1_23_0_] : [BIGINT]) - [39]
2021-03-27 16:42:12.646 TRACE 3920 --- [    Test worker] o.h.type.descriptor.sql.BasicExtractor   : extracted value ([tag_id1_23_1_] : [BIGINT]) - [null]
2021-03-27 16:42:12.646 TRACE 3920 --- [    Test worker] o.h.type.descriptor.sql.BasicExtractor   : extracted value ([tag_id1_23_2_] : [BIGINT]) - [42]
2021-03-27 16:42:12.646 TRACE 3920 --- [    Test worker] o.h.type.descriptor.sql.BasicExtractor   : extracted value ([first_na2_23_2_] : [VARCHAR]) - [infra]
2021-03-27 16:42:12.646 TRACE 3920 --- [    Test worker] o.h.type.descriptor.sql.BasicExtractor   : extracted value ([parent_i5_23_2_] : [BIGINT]) - [39]
2021-03-27 16:42:12.646 TRACE 3920 --- [    Test worker] o.h.type.descriptor.sql.BasicExtractor   : extracted value ([second_n3_23_2_] : [VARCHAR]) - [인프라]
2021-03-27 16:42:12.646 TRACE 3920 --- [    Test worker] o.h.type.descriptor.sql.BasicExtractor   : extracted value ([third_na4_23_2_] : [VARCHAR]) - [null]
2021-03-27 16:42:12.646 TRACE 3920 --- [    Test worker] o.h.type.descriptor.sql.BasicExtractor   : extracted value ([parent_i5_23_0__] : [BIGINT]) - [39]
2021-03-27 16:42:12.646 TRACE 3920 --- [    Test worker] o.h.type.descriptor.sql.BasicExtractor   : extracted value ([tag_id1_23_0__] : [BIGINT]) - [42]
2021-03-27 16:42:12.646 TRACE 3920 --- [    Test worker] o.h.type.descriptor.sql.BasicExtractor   : extracted value ([tag_id1_23_0_] : [BIGINT]) - [39]
2021-03-27 16:42:12.646 TRACE 3920 --- [    Test worker] o.h.type.descriptor.sql.BasicExtractor   : extracted value ([tag_id1_23_1_] : [BIGINT]) - [null]
2021-03-27 16:42:12.646 TRACE 3920 --- [    Test worker] o.h.type.descriptor.sql.BasicExtractor   : extracted value ([tag_id1_23_2_] : [BIGINT]) - [43]
2021-03-27 16:42:12.646 TRACE 3920 --- [    Test worker] o.h.type.descriptor.sql.BasicExtractor   : extracted value ([first_na2_23_2_] : [VARCHAR]) - [가상화]
2021-03-27 16:42:12.646 TRACE 3920 --- [    Test worker] o.h.type.descriptor.sql.BasicExtractor   : extracted value ([parent_i5_23_2_] : [BIGINT]) - [39]
2021-03-27 16:42:12.646 TRACE 3920 --- [    Test worker] o.h.type.descriptor.sql.BasicExtractor   : extracted value ([second_n3_23_2_] : [VARCHAR]) - [virtualization]
2021-03-27 16:42:12.646 TRACE 3920 --- [    Test worker] o.h.type.descriptor.sql.BasicExtractor   : extracted value ([third_na4_23_2_] : [VARCHAR]) - [null]
2021-03-27 16:42:12.646 TRACE 3920 --- [    Test worker] o.h.type.descriptor.sql.BasicExtractor   : extracted value ([parent_i5_23_0__] : [BIGINT]) - [39]
2021-03-27 16:42:12.646 TRACE 3920 --- [    Test worker] o.h.type.descriptor.sql.BasicExtractor   : extracted value ([tag_id1_23_0__] : [BIGINT]) - [43]
2021-03-27 16:42:12.646 TRACE 3920 --- [    Test worker] o.h.type.descriptor.sql.BasicExtractor   : extracted value ([tag_id1_23_0_] : [BIGINT]) - [39]
2021-03-27 16:42:12.646 TRACE 3920 --- [    Test worker] o.h.type.descriptor.sql.BasicExtractor   : extracted value ([tag_id1_23_1_] : [BIGINT]) - [null]
2021-03-27 16:42:12.646 TRACE 3920 --- [    Test worker] o.h.type.descriptor.sql.BasicExtractor   : extracted value ([tag_id1_23_2_] : [BIGINT]) - [44]
2021-03-27 16:42:12.646 TRACE 3920 --- [    Test worker] o.h.type.descriptor.sql.BasicExtractor   : extracted value ([first_na2_23_2_] : [VARCHAR]) - [kubernetes]
2021-03-27 16:42:12.646 TRACE 3920 --- [    Test worker] o.h.type.descriptor.sql.BasicExtractor   : extracted value ([parent_i5_23_2_] : [BIGINT]) - [39]
2021-03-27 16:42:12.646 TRACE 3920 --- [    Test worker] o.h.type.descriptor.sql.BasicExtractor   : extracted value ([second_n3_23_2_] : [VARCHAR]) - [쿠버네티스]
2021-03-27 16:42:12.646 TRACE 3920 --- [    Test worker] o.h.type.descriptor.sql.BasicExtractor   : extracted value ([third_na4_23_2_] : [VARCHAR]) - [null]
2021-03-27 16:42:12.646 TRACE 3920 --- [    Test worker] o.h.type.descriptor.sql.BasicExtractor   : extracted value ([parent_i5_23_0__] : [BIGINT]) - [39]
2021-03-27 16:42:12.646 TRACE 3920 --- [    Test worker] o.h.type.descriptor.sql.BasicExtractor   : extracted value ([tag_id1_23_0__] : [BIGINT]) - [44]
2021-03-27 16:42:12.646 TRACE 3920 --- [    Test worker] o.h.type.descriptor.sql.BasicExtractor   : extracted value ([tag_id1_23_0_] : [BIGINT]) - [39]
2021-03-27 16:42:12.646 TRACE 3920 --- [    Test worker] o.h.type.descriptor.sql.BasicExtractor   : extracted value ([tag_id1_23_1_] : [BIGINT]) - [null]
2021-03-27 16:42:12.646 TRACE 3920 --- [    Test worker] o.h.type.descriptor.sql.BasicExtractor   : extracted value ([tag_id1_23_2_] : [BIGINT]) - [45]
2021-03-27 16:42:12.646 TRACE 3920 --- [    Test worker] o.h.type.descriptor.sql.BasicExtractor   : extracted value ([first_na2_23_2_] : [VARCHAR]) - [algorithm]
2021-03-27 16:42:12.646 TRACE 3920 --- [    Test worker] o.h.type.descriptor.sql.BasicExtractor   : extracted value ([parent_i5_23_2_] : [BIGINT]) - [39]
2021-03-27 16:42:12.646 TRACE 3920 --- [    Test worker] o.h.type.descriptor.sql.BasicExtractor   : extracted value ([second_n3_23_2_] : [VARCHAR]) - [알고리즘]
2021-03-27 16:42:12.646 TRACE 3920 --- [    Test worker] o.h.type.descriptor.sql.BasicExtractor   : extracted value ([third_na4_23_2_] : [VARCHAR]) - [null]
2021-03-27 16:42:12.646 TRACE 3920 --- [    Test worker] o.h.type.descriptor.sql.BasicExtractor   : extracted value ([parent_i5_23_0__] : [BIGINT]) - [39]
2021-03-27 16:42:12.646 TRACE 3920 --- [    Test worker] o.h.type.descriptor.sql.BasicExtractor   : extracted value ([tag_id1_23_0__] : [BIGINT]) - [45]
2021-03-27 16:42:12.646 TRACE 3920 --- [    Test worker] o.h.type.descriptor.sql.BasicExtractor   : extracted value ([tag_id1_23_0_] : [BIGINT]) - [39]
2021-03-27 16:42:12.646 TRACE 3920 --- [    Test worker] o.h.type.descriptor.sql.BasicExtractor   : extracted value ([tag_id1_23_1_] : [BIGINT]) - [null]
2021-03-27 16:42:12.646 TRACE 3920 --- [    Test worker] o.h.type.descriptor.sql.BasicExtractor   : extracted value ([tag_id1_23_2_] : [BIGINT]) - [46]
2021-03-27 16:42:12.646 TRACE 3920 --- [    Test worker] o.h.type.descriptor.sql.BasicExtractor   : extracted value ([first_na2_23_2_] : [VARCHAR]) - [data-structure]
2021-03-27 16:42:12.646 TRACE 3920 --- [    Test worker] o.h.type.descriptor.sql.BasicExtractor   : extracted value ([parent_i5_23_2_] : [BIGINT]) - [39]
2021-03-27 16:42:12.646 TRACE 3920 --- [    Test worker] o.h.type.descriptor.sql.BasicExtractor   : extracted value ([second_n3_23_2_] : [VARCHAR]) - [자료구조]
2021-03-27 16:42:12.646 TRACE 3920 --- [    Test worker] o.h.type.descriptor.sql.BasicExtractor   : extracted value ([third_na4_23_2_] : [VARCHAR]) - [null]
2021-03-27 16:42:12.646 TRACE 3920 --- [    Test worker] o.h.type.descriptor.sql.BasicExtractor   : extracted value ([parent_i5_23_0__] : [BIGINT]) - [39]
2021-03-27 16:42:12.646 TRACE 3920 --- [    Test worker] o.h.type.descriptor.sql.BasicExtractor   : extracted value ([tag_id1_23_0__] : [BIGINT]) - [46]
2021-03-27 16:42:12.646 TRACE 3920 --- [    Test worker] o.h.type.descriptor.sql.BasicExtractor   : extracted value ([tag_id1_23_0_] : [BIGINT]) - [39]
2021-03-27 16:42:12.646 TRACE 3920 --- [    Test worker] o.h.type.descriptor.sql.BasicExtractor   : extracted value ([tag_id1_23_1_] : [BIGINT]) - [null]
2021-03-27 16:42:12.646 TRACE 3920 --- [    Test worker] o.h.type.descriptor.sql.BasicExtractor   : extracted value ([tag_id1_23_2_] : [BIGINT]) - [47]
2021-03-27 16:42:12.646 TRACE 3920 --- [    Test worker] o.h.type.descriptor.sql.BasicExtractor   : extracted value ([first_na2_23_2_] : [VARCHAR]) - [system]
2021-03-27 16:42:12.646 TRACE 3920 --- [    Test worker] o.h.type.descriptor.sql.BasicExtractor   : extracted value ([parent_i5_23_2_] : [BIGINT]) - [39]
2021-03-27 16:42:12.646 TRACE 3920 --- [    Test worker] o.h.type.descriptor.sql.BasicExtractor   : extracted value ([second_n3_23_2_] : [VARCHAR]) - [시스템]
2021-03-27 16:42:12.646 TRACE 3920 --- [    Test worker] o.h.type.descriptor.sql.BasicExtractor   : extracted value ([third_na4_23_2_] : [VARCHAR]) - [null]
2021-03-27 16:42:12.646 TRACE 3920 --- [    Test worker] o.h.type.descriptor.sql.BasicExtractor   : extracted value ([parent_i5_23_0__] : [BIGINT]) - [39]
2021-03-27 16:42:12.646 TRACE 3920 --- [    Test worker] o.h.type.descriptor.sql.BasicExtractor   : extracted value ([tag_id1_23_0__] : [BIGINT]) - [47]
2021-03-27 16:42:12.646 TRACE 3920 --- [    Test worker] o.h.type.descriptor.sql.BasicExtractor   : extracted value ([tag_id1_23_0_] : [BIGINT]) - [39]
2021-03-27 16:42:12.646 TRACE 3920 --- [    Test worker] o.h.type.descriptor.sql.BasicExtractor   : extracted value ([tag_id1_23_1_] : [BIGINT]) - [null]
2021-03-27 16:42:12.646 TRACE 3920 --- [    Test worker] o.h.type.descriptor.sql.BasicExtractor   : extracted value ([tag_id1_23_2_] : [BIGINT]) - [48]
2021-03-27 16:42:12.646 TRACE 3920 --- [    Test worker] o.h.type.descriptor.sql.BasicExtractor   : extracted value ([first_na2_23_2_] : [VARCHAR]) - [database]
2021-03-27 16:42:12.646 TRACE 3920 --- [    Test worker] o.h.type.descriptor.sql.BasicExtractor   : extracted value ([parent_i5_23_2_] : [BIGINT]) - [39]
2021-03-27 16:42:12.646 TRACE 3920 --- [    Test worker] o.h.type.descriptor.sql.BasicExtractor   : extracted value ([second_n3_23_2_] : [VARCHAR]) - [데이터베이스]
2021-03-27 16:42:12.646 TRACE 3920 --- [    Test worker] o.h.type.descriptor.sql.BasicExtractor   : extracted value ([third_na4_23_2_] : [VARCHAR]) - [null]
2021-03-27 16:42:12.646 TRACE 3920 --- [    Test worker] o.h.type.descriptor.sql.BasicExtractor   : extracted value ([parent_i5_23_0__] : [BIGINT]) - [39]
2021-03-27 16:42:12.646 TRACE 3920 --- [    Test worker] o.h.type.descriptor.sql.BasicExtractor   : extracted value ([tag_id1_23_0__] : [BIGINT]) - [48]
2021-03-27 16:42:12.646 TRACE 3920 --- [    Test worker] o.h.type.descriptor.sql.BasicExtractor   : extracted value ([tag_id1_23_0_] : [BIGINT]) - [39]
2021-03-27 16:42:12.646 TRACE 3920 --- [    Test worker] o.h.type.descriptor.sql.BasicExtractor   : extracted value ([tag_id1_23_1_] : [BIGINT]) - [null]
2021-03-27 16:42:12.646 TRACE 3920 --- [    Test worker] o.h.type.descriptor.sql.BasicExtractor   : extracted value ([tag_id1_23_2_] : [BIGINT]) - [49]
2021-03-27 16:42:12.646 TRACE 3920 --- [    Test worker] o.h.type.descriptor.sql.BasicExtractor   : extracted value ([first_na2_23_2_] : [VARCHAR]) - [network]
2021-03-27 16:42:12.646 TRACE 3920 --- [    Test worker] o.h.type.descriptor.sql.BasicExtractor   : extracted value ([parent_i5_23_2_] : [BIGINT]) - [39]
2021-03-27 16:42:12.646 TRACE 3920 --- [    Test worker] o.h.type.descriptor.sql.BasicExtractor   : extracted value ([second_n3_23_2_] : [VARCHAR]) - [네트워크]
2021-03-27 16:42:12.646 TRACE 3920 --- [    Test worker] o.h.type.descriptor.sql.BasicExtractor   : extracted value ([third_na4_23_2_] : [VARCHAR]) - [null]
2021-03-27 16:42:12.646 TRACE 3920 --- [    Test worker] o.h.type.descriptor.sql.BasicExtractor   : extracted value ([parent_i5_23_0__] : [BIGINT]) - [39]
2021-03-27 16:42:12.646 TRACE 3920 --- [    Test worker] o.h.type.descriptor.sql.BasicExtractor   : extracted value ([tag_id1_23_0__] : [BIGINT]) - [49]
2021-03-27 16:42:12.646 TRACE 3920 --- [    Test worker] o.h.type.descriptor.sql.BasicExtractor   : extracted value ([tag_id1_23_0_] : [BIGINT]) - [39]
2021-03-27 16:42:12.646 TRACE 3920 --- [    Test worker] o.h.type.descriptor.sql.BasicExtractor   : extracted value ([tag_id1_23_1_] : [BIGINT]) - [null]
2021-03-27 16:42:12.646 TRACE 3920 --- [    Test worker] o.h.type.descriptor.sql.BasicExtractor   : extracted value ([tag_id1_23_2_] : [BIGINT]) - [50]
2021-03-27 16:42:12.646 TRACE 3920 --- [    Test worker] o.h.type.descriptor.sql.BasicExtractor   : extracted value ([first_na2_23_2_] : [VARCHAR]) - [os]
2021-03-27 16:42:12.646 TRACE 3920 --- [    Test worker] o.h.type.descriptor.sql.BasicExtractor   : extracted value ([parent_i5_23_2_] : [BIGINT]) - [39]
2021-03-27 16:42:12.646 TRACE 3920 --- [    Test worker] o.h.type.descriptor.sql.BasicExtractor   : extracted value ([second_n3_23_2_] : [VARCHAR]) - [운영체제]
2021-03-27 16:42:12.646 TRACE 3920 --- [    Test worker] o.h.type.descriptor.sql.BasicExtractor   : extracted value ([third_na4_23_2_] : [VARCHAR]) - [null]
2021-03-27 16:42:12.646 TRACE 3920 --- [    Test worker] o.h.type.descriptor.sql.BasicExtractor   : extracted value ([parent_i5_23_0__] : [BIGINT]) - [39]
2021-03-27 16:42:12.646 TRACE 3920 --- [    Test worker] o.h.type.descriptor.sql.BasicExtractor   : extracted value ([tag_id1_23_0__] : [BIGINT]) - [50]
2021-03-27 16:42:12.646 TRACE 3920 --- [    Test worker] o.h.type.descriptor.sql.BasicExtractor   : extracted value ([tag_id1_23_0_] : [BIGINT]) - [39]
2021-03-27 16:42:12.646 TRACE 3920 --- [    Test worker] o.h.type.descriptor.sql.BasicExtractor   : extracted value ([tag_id1_23_1_] : [BIGINT]) - [null]
2021-03-27 16:42:12.646 TRACE 3920 --- [    Test worker] o.h.type.descriptor.sql.BasicExtractor   : extracted value ([tag_id1_23_2_] : [BIGINT]) - [51]
2021-03-27 16:42:12.646 TRACE 3920 --- [    Test worker] o.h.type.descriptor.sql.BasicExtractor   : extracted value ([first_na2_23_2_] : [VARCHAR]) - [linux]
2021-03-27 16:42:12.646 TRACE 3920 --- [    Test worker] o.h.type.descriptor.sql.BasicExtractor   : extracted value ([parent_i5_23_2_] : [BIGINT]) - [39]
2021-03-27 16:42:12.646 TRACE 3920 --- [    Test worker] o.h.type.descriptor.sql.BasicExtractor   : extracted value ([second_n3_23_2_] : [VARCHAR]) - [리눅스]
2021-03-27 16:42:12.646 TRACE 3920 --- [    Test worker] o.h.type.descriptor.sql.BasicExtractor   : extracted value ([third_na4_23_2_] : [VARCHAR]) - [null]
2021-03-27 16:42:12.646 TRACE 3920 --- [    Test worker] o.h.type.descriptor.sql.BasicExtractor   : extracted value ([parent_i5_23_0__] : [BIGINT]) - [39]
2021-03-27 16:42:12.646 TRACE 3920 --- [    Test worker] o.h.type.descriptor.sql.BasicExtractor   : extracted value ([tag_id1_23_0__] : [BIGINT]) - [51]
2021-03-27 16:42:12.646 TRACE 3920 --- [    Test worker] o.h.type.descriptor.sql.BasicExtractor   : extracted value ([tag_id1_23_0_] : [BIGINT]) - [39]
2021-03-27 16:42:12.646 TRACE 3920 --- [    Test worker] o.h.type.descriptor.sql.BasicExtractor   : extracted value ([tag_id1_23_1_] : [BIGINT]) - [null]
2021-03-27 16:42:12.646 TRACE 3920 --- [    Test worker] o.h.type.descriptor.sql.BasicExtractor   : extracted value ([tag_id1_23_2_] : [BIGINT]) - [52]
2021-03-27 16:42:12.646 TRACE 3920 --- [    Test worker] o.h.type.descriptor.sql.BasicExtractor   : extracted value ([first_na2_23_2_] : [VARCHAR]) - [android]
2021-03-27 16:42:12.646 TRACE 3920 --- [    Test worker] o.h.type.descriptor.sql.BasicExtractor   : extracted value ([parent_i5_23_2_] : [BIGINT]) - [39]
2021-03-27 16:42:12.646 TRACE 3920 --- [    Test worker] o.h.type.descriptor.sql.BasicExtractor   : extracted value ([second_n3_23_2_] : [VARCHAR]) - [안드로이드]
2021-03-27 16:42:12.646 TRACE 3920 --- [    Test worker] o.h.type.descriptor.sql.BasicExtractor   : extracted value ([third_na4_23_2_] : [VARCHAR]) - [null]
2021-03-27 16:42:12.646 TRACE 3920 --- [    Test worker] o.h.type.descriptor.sql.BasicExtractor   : extracted value ([parent_i5_23_0__] : [BIGINT]) - [39]
2021-03-27 16:42:12.646 TRACE 3920 --- [    Test worker] o.h.type.descriptor.sql.BasicExtractor   : extracted value ([tag_id1_23_0__] : [BIGINT]) - [52]
2021-03-27 16:42:12.646 TRACE 3920 --- [    Test worker] o.h.type.descriptor.sql.BasicExtractor   : extracted value ([tag_id1_23_0_] : [BIGINT]) - [39]
2021-03-27 16:42:12.646 TRACE 3920 --- [    Test worker] o.h.type.descriptor.sql.BasicExtractor   : extracted value ([tag_id1_23_1_] : [BIGINT]) - [null]
2021-03-27 16:42:12.646 TRACE 3920 --- [    Test worker] o.h.type.descriptor.sql.BasicExtractor   : extracted value ([tag_id1_23_2_] : [BIGINT]) - [53]
2021-03-27 16:42:12.646 TRACE 3920 --- [    Test worker] o.h.type.descriptor.sql.BasicExtractor   : extracted value ([first_na2_23_2_] : [VARCHAR]) - [ios]
2021-03-27 16:42:12.646 TRACE 3920 --- [    Test worker] o.h.type.descriptor.sql.BasicExtractor   : extracted value ([parent_i5_23_2_] : [BIGINT]) - [39]
2021-03-27 16:42:12.646 TRACE 3920 --- [    Test worker] o.h.type.descriptor.sql.BasicExtractor   : extracted value ([second_n3_23_2_] : [VARCHAR]) - [mac-os]
2021-03-27 16:42:12.646 TRACE 3920 --- [    Test worker] o.h.type.descriptor.sql.BasicExtractor   : extracted value ([third_na4_23_2_] : [VARCHAR]) - [맥os]
2021-03-27 16:42:12.646 TRACE 3920 --- [    Test worker] o.h.type.descriptor.sql.BasicExtractor   : extracted value ([parent_i5_23_0__] : [BIGINT]) - [39]
2021-03-27 16:42:12.646 TRACE 3920 --- [    Test worker] o.h.type.descriptor.sql.BasicExtractor   : extracted value ([tag_id1_23_0__] : [BIGINT]) - [53]
2021-03-27 16:42:12.646 TRACE 3920 --- [    Test worker] o.h.type.descriptor.sql.BasicExtractor   : extracted value ([tag_id1_23_0_] : [BIGINT]) - [39]
2021-03-27 16:42:12.646 TRACE 3920 --- [    Test worker] o.h.type.descriptor.sql.BasicExtractor   : extracted value ([tag_id1_23_1_] : [BIGINT]) - [null]
2021-03-27 16:42:12.646 TRACE 3920 --- [    Test worker] o.h.type.descriptor.sql.BasicExtractor   : extracted value ([tag_id1_23_2_] : [BIGINT]) - [54]
2021-03-27 16:42:12.646 TRACE 3920 --- [    Test worker] o.h.type.descriptor.sql.BasicExtractor   : extracted value ([first_na2_23_2_] : [VARCHAR]) - [data-science]
2021-03-27 16:42:12.646 TRACE 3920 --- [    Test worker] o.h.type.descriptor.sql.BasicExtractor   : extracted value ([parent_i5_23_2_] : [BIGINT]) - [39]
2021-03-27 16:42:12.646 TRACE 3920 --- [    Test worker] o.h.type.descriptor.sql.BasicExtractor   : extracted value ([second_n3_23_2_] : [VARCHAR]) - [데이터사이언스]
2021-03-27 16:42:12.646 TRACE 3920 --- [    Test worker] o.h.type.descriptor.sql.BasicExtractor   : extracted value ([third_na4_23_2_] : [VARCHAR]) - [DS]
2021-03-27 16:42:12.646 TRACE 3920 --- [    Test worker] o.h.type.descriptor.sql.BasicExtractor   : extracted value ([parent_i5_23_0__] : [BIGINT]) - [39]
2021-03-27 16:42:12.646 TRACE 3920 --- [    Test worker] o.h.type.descriptor.sql.BasicExtractor   : extracted value ([tag_id1_23_0__] : [BIGINT]) - [54]
2021-03-27 16:42:12.646 TRACE 3920 --- [    Test worker] o.h.type.descriptor.sql.BasicExtractor   : extracted value ([tag_id1_23_0_] : [BIGINT]) - [39]
2021-03-27 16:42:12.646 TRACE 3920 --- [    Test worker] o.h.type.descriptor.sql.BasicExtractor   : extracted value ([tag_id1_23_1_] : [BIGINT]) - [null]
2021-03-27 16:42:12.646 TRACE 3920 --- [    Test worker] o.h.type.descriptor.sql.BasicExtractor   : extracted value ([tag_id1_23_2_] : [BIGINT]) - [55]
2021-03-27 16:42:12.646 TRACE 3920 --- [    Test worker] o.h.type.descriptor.sql.BasicExtractor   : extracted value ([first_na2_23_2_] : [VARCHAR]) - [AI]
2021-03-27 16:42:12.646 TRACE 3920 --- [    Test worker] o.h.type.descriptor.sql.BasicExtractor   : extracted value ([parent_i5_23_2_] : [BIGINT]) - [39]
2021-03-27 16:42:12.646 TRACE 3920 --- [    Test worker] o.h.type.descriptor.sql.BasicExtractor   : extracted value ([second_n3_23_2_] : [VARCHAR]) - [인공지능]
2021-03-27 16:42:12.646 TRACE 3920 --- [    Test worker] o.h.type.descriptor.sql.BasicExtractor   : extracted value ([third_na4_23_2_] : [VARCHAR]) - [null]
2021-03-27 16:42:12.646 TRACE 3920 --- [    Test worker] o.h.type.descriptor.sql.BasicExtractor   : extracted value ([parent_i5_23_0__] : [BIGINT]) - [39]
2021-03-27 16:42:12.646 TRACE 3920 --- [    Test worker] o.h.type.descriptor.sql.BasicExtractor   : extracted value ([tag_id1_23_0__] : [BIGINT]) - [55]
2021-03-27 16:42:12.646 TRACE 3920 --- [    Test worker] o.h.type.descriptor.sql.BasicExtractor   : extracted value ([tag_id1_23_0_] : [BIGINT]) - [39]
2021-03-27 16:42:12.646 TRACE 3920 --- [    Test worker] o.h.type.descriptor.sql.BasicExtractor   : extracted value ([tag_id1_23_1_] : [BIGINT]) - [null]
2021-03-27 16:42:12.646 TRACE 3920 --- [    Test worker] o.h.type.descriptor.sql.BasicExtractor   : extracted value ([tag_id1_23_2_] : [BIGINT]) - [56]
2021-03-27 16:42:12.646 TRACE 3920 --- [    Test worker] o.h.type.descriptor.sql.BasicExtractor   : extracted value ([first_na2_23_2_] : [VARCHAR]) - [TDD]
2021-03-27 16:42:12.646 TRACE 3920 --- [    Test worker] o.h.type.descriptor.sql.BasicExtractor   : extracted value ([parent_i5_23_2_] : [BIGINT]) - [39]
2021-03-27 16:42:12.646 TRACE 3920 --- [    Test worker] o.h.type.descriptor.sql.BasicExtractor   : extracted value ([second_n3_23_2_] : [VARCHAR]) - [테스트 주도 개발]
2021-03-27 16:42:12.646 TRACE 3920 --- [    Test worker] o.h.type.descriptor.sql.BasicExtractor   : extracted value ([third_na4_23_2_] : [VARCHAR]) - [null]
2021-03-27 16:42:12.646 TRACE 3920 --- [    Test worker] o.h.type.descriptor.sql.BasicExtractor   : extracted value ([parent_i5_23_0__] : [BIGINT]) - [39]
2021-03-27 16:42:12.646 TRACE 3920 --- [    Test worker] o.h.type.descriptor.sql.BasicExtractor   : extracted value ([tag_id1_23_0__] : [BIGINT]) - [56]
2021-03-27 16:42:12.646 TRACE 3920 --- [    Test worker] o.h.type.descriptor.sql.BasicExtractor   : extracted value ([tag_id1_23_0_] : [BIGINT]) - [39]
2021-03-27 16:42:12.646 TRACE 3920 --- [    Test worker] o.h.type.descriptor.sql.BasicExtractor   : extracted value ([tag_id1_23_1_] : [BIGINT]) - [null]
2021-03-27 16:42:12.646 TRACE 3920 --- [    Test worker] o.h.type.descriptor.sql.BasicExtractor   : extracted value ([tag_id1_23_2_] : [BIGINT]) - [57]
2021-03-27 16:42:12.646 TRACE 3920 --- [    Test worker] o.h.type.descriptor.sql.BasicExtractor   : extracted value ([first_na2_23_2_] : [VARCHAR]) - [Design-Pattern]
2021-03-27 16:42:12.646 TRACE 3920 --- [    Test worker] o.h.type.descriptor.sql.BasicExtractor   : extracted value ([parent_i5_23_2_] : [BIGINT]) - [39]
2021-03-27 16:42:12.662 TRACE 3920 --- [    Test worker] o.h.type.descriptor.sql.BasicExtractor   : extracted value ([second_n3_23_2_] : [VARCHAR]) - [디자인 패턴]
2021-03-27 16:42:12.662 TRACE 3920 --- [    Test worker] o.h.type.descriptor.sql.BasicExtractor   : extracted value ([third_na4_23_2_] : [VARCHAR]) - [null]
2021-03-27 16:42:12.662 TRACE 3920 --- [    Test worker] o.h.type.descriptor.sql.BasicExtractor   : extracted value ([parent_i5_23_0__] : [BIGINT]) - [39]
2021-03-27 16:42:12.662 TRACE 3920 --- [    Test worker] o.h.type.descriptor.sql.BasicExtractor   : extracted value ([tag_id1_23_0__] : [BIGINT]) - [57]
2021-03-27 16:42:12.662 TRACE 3920 --- [    Test worker] o.h.type.descriptor.sql.BasicExtractor   : extracted value ([tag_id1_23_0_] : [BIGINT]) - [39]
2021-03-27 16:42:12.662 TRACE 3920 --- [    Test worker] o.h.type.descriptor.sql.BasicExtractor   : extracted value ([tag_id1_23_1_] : [BIGINT]) - [null]
2021-03-27 16:42:12.662 TRACE 3920 --- [    Test worker] o.h.type.descriptor.sql.BasicExtractor   : extracted value ([tag_id1_23_2_] : [BIGINT]) - [58]
2021-03-27 16:42:12.662 TRACE 3920 --- [    Test worker] o.h.type.descriptor.sql.BasicExtractor   : extracted value ([first_na2_23_2_] : [VARCHAR]) - [microservice]
2021-03-27 16:42:12.662 TRACE 3920 --- [    Test worker] o.h.type.descriptor.sql.BasicExtractor   : extracted value ([parent_i5_23_2_] : [BIGINT]) - [39]
2021-03-27 16:42:12.662 TRACE 3920 --- [    Test worker] o.h.type.descriptor.sql.BasicExtractor   : extracted value ([second_n3_23_2_] : [VARCHAR]) - [마이크로서비스]
2021-03-27 16:42:12.662 TRACE 3920 --- [    Test worker] o.h.type.descriptor.sql.BasicExtractor   : extracted value ([third_na4_23_2_] : [VARCHAR]) - [null]
2021-03-27 16:42:12.662 TRACE 3920 --- [    Test worker] o.h.type.descriptor.sql.BasicExtractor   : extracted value ([parent_i5_23_0__] : [BIGINT]) - [39]
2021-03-27 16:42:12.662 TRACE 3920 --- [    Test worker] o.h.type.descriptor.sql.BasicExtractor   : extracted value ([tag_id1_23_0__] : [BIGINT]) - [58]
2021-03-27 16:42:12.662 TRACE 3920 --- [    Test worker] o.h.type.descriptor.sql.BasicExtractor   : extracted value ([tag_id1_23_0_] : [BIGINT]) - [39]
2021-03-27 16:42:12.662 TRACE 3920 --- [    Test worker] o.h.type.descriptor.sql.BasicExtractor   : extracted value ([tag_id1_23_1_] : [BIGINT]) - [null]
2021-03-27 16:42:12.662 TRACE 3920 --- [    Test worker] o.h.type.descriptor.sql.BasicExtractor   : extracted value ([tag_id1_23_2_] : [BIGINT]) - [59]
2021-03-27 16:42:12.662 TRACE 3920 --- [    Test worker] o.h.type.descriptor.sql.BasicExtractor   : extracted value ([first_na2_23_2_] : [VARCHAR]) - [AWS]
2021-03-27 16:42:12.662 TRACE 3920 --- [    Test worker] o.h.type.descriptor.sql.BasicExtractor   : extracted value ([parent_i5_23_2_] : [BIGINT]) - [39]
2021-03-27 16:42:12.662 TRACE 3920 --- [    Test worker] o.h.type.descriptor.sql.BasicExtractor   : extracted value ([second_n3_23_2_] : [VARCHAR]) - [아마존웹서비스]
2021-03-27 16:42:12.662 TRACE 3920 --- [    Test worker] o.h.type.descriptor.sql.BasicExtractor   : extracted value ([third_na4_23_2_] : [VARCHAR]) - [null]
2021-03-27 16:42:12.662 TRACE 3920 --- [    Test worker] o.h.type.descriptor.sql.BasicExtractor   : extracted value ([parent_i5_23_0__] : [BIGINT]) - [39]
2021-03-27 16:42:12.662 TRACE 3920 --- [    Test worker] o.h.type.descriptor.sql.BasicExtractor   : extracted value ([tag_id1_23_0__] : [BIGINT]) - [59]
2021-03-27 16:42:12.662 TRACE 3920 --- [    Test worker] o.h.type.descriptor.sql.BasicExtractor   : extracted value ([tag_id1_23_0_] : [BIGINT]) - [39]
2021-03-27 16:42:12.662 TRACE 3920 --- [    Test worker] o.h.type.descriptor.sql.BasicExtractor   : extracted value ([tag_id1_23_1_] : [BIGINT]) - [null]
2021-03-27 16:42:12.662 TRACE 3920 --- [    Test worker] o.h.type.descriptor.sql.BasicExtractor   : extracted value ([tag_id1_23_2_] : [BIGINT]) - [60]
2021-03-27 16:42:12.662 TRACE 3920 --- [    Test worker] o.h.type.descriptor.sql.BasicExtractor   : extracted value ([first_na2_23_2_] : [VARCHAR]) - [cloud]
2021-03-27 16:42:12.662 TRACE 3920 --- [    Test worker] o.h.type.descriptor.sql.BasicExtractor   : extracted value ([parent_i5_23_2_] : [BIGINT]) - [39]
2021-03-27 16:42:12.662 TRACE 3920 --- [    Test worker] o.h.type.descriptor.sql.BasicExtractor   : extracted value ([second_n3_23_2_] : [VARCHAR]) - [클라우드]
2021-03-27 16:42:12.662 TRACE 3920 --- [    Test worker] o.h.type.descriptor.sql.BasicExtractor   : extracted value ([third_na4_23_2_] : [VARCHAR]) - [null]
2021-03-27 16:42:12.662 TRACE 3920 --- [    Test worker] o.h.type.descriptor.sql.BasicExtractor   : extracted value ([parent_i5_23_0__] : [BIGINT]) - [39]
2021-03-27 16:42:12.662 TRACE 3920 --- [    Test worker] o.h.type.descriptor.sql.BasicExtractor   : extracted value ([tag_id1_23_0__] : [BIGINT]) - [60]
2021-03-27 16:42:12.662 TRACE 3920 --- [    Test worker] o.h.type.descriptor.sql.BasicExtractor   : extracted value ([tag_id1_23_0_] : [BIGINT]) - [39]
2021-03-27 16:42:12.662 TRACE 3920 --- [    Test worker] o.h.type.descriptor.sql.BasicExtractor   : extracted value ([tag_id1_23_1_] : [BIGINT]) - [null]
2021-03-27 16:42:12.662 TRACE 3920 --- [    Test worker] o.h.type.descriptor.sql.BasicExtractor   : extracted value ([tag_id1_23_2_] : [BIGINT]) - [61]
2021-03-27 16:42:12.662 TRACE 3920 --- [    Test worker] o.h.type.descriptor.sql.BasicExtractor   : extracted value ([first_na2_23_2_] : [VARCHAR]) - [git]
2021-03-27 16:42:12.662 TRACE 3920 --- [    Test worker] o.h.type.descriptor.sql.BasicExtractor   : extracted value ([parent_i5_23_2_] : [BIGINT]) - [39]
2021-03-27 16:42:12.662 TRACE 3920 --- [    Test worker] o.h.type.descriptor.sql.BasicExtractor   : extracted value ([second_n3_23_2_] : [VARCHAR]) - [깃]
2021-03-27 16:42:12.662 TRACE 3920 --- [    Test worker] o.h.type.descriptor.sql.BasicExtractor   : extracted value ([third_na4_23_2_] : [VARCHAR]) - [github]
2021-03-27 16:42:12.662 TRACE 3920 --- [    Test worker] o.h.type.descriptor.sql.BasicExtractor   : extracted value ([parent_i5_23_0__] : [BIGINT]) - [39]
2021-03-27 16:42:12.662 TRACE 3920 --- [    Test worker] o.h.type.descriptor.sql.BasicExtractor   : extracted value ([tag_id1_23_0__] : [BIGINT]) - [61]
2021-03-27 16:42:12.662 TRACE 3920 --- [    Test worker] o.h.type.descriptor.sql.BasicExtractor   : extracted value ([tag_id1_23_0_] : [BIGINT]) - [39]
2021-03-27 16:42:12.662 TRACE 3920 --- [    Test worker] o.h.type.descriptor.sql.BasicExtractor   : extracted value ([tag_id1_23_1_] : [BIGINT]) - [null]
2021-03-27 16:42:12.662 TRACE 3920 --- [    Test worker] o.h.type.descriptor.sql.BasicExtractor   : extracted value ([tag_id1_23_2_] : [BIGINT]) - [62]
2021-03-27 16:42:12.662 TRACE 3920 --- [    Test worker] o.h.type.descriptor.sql.BasicExtractor   : extracted value ([first_na2_23_2_] : [VARCHAR]) - [google]
2021-03-27 16:42:12.662 TRACE 3920 --- [    Test worker] o.h.type.descriptor.sql.BasicExtractor   : extracted value ([parent_i5_23_2_] : [BIGINT]) - [39]
2021-03-27 16:42:12.662 TRACE 3920 --- [    Test worker] o.h.type.descriptor.sql.BasicExtractor   : extracted value ([second_n3_23_2_] : [VARCHAR]) - [구글]
2021-03-27 16:42:12.677 TRACE 3920 --- [    Test worker] o.h.type.descriptor.sql.BasicExtractor   : extracted value ([third_na4_23_2_] : [VARCHAR]) - [null]
2021-03-27 16:42:12.677 TRACE 3920 --- [    Test worker] o.h.type.descriptor.sql.BasicExtractor   : extracted value ([parent_i5_23_0__] : [BIGINT]) - [39]
2021-03-27 16:42:12.677 TRACE 3920 --- [    Test worker] o.h.type.descriptor.sql.BasicExtractor   : extracted value ([tag_id1_23_0__] : [BIGINT]) - [62]
2021-03-27 16:42:12.677 TRACE 3920 --- [    Test worker] o.h.type.descriptor.sql.BasicExtractor   : extracted value ([tag_id1_23_0_] : [BIGINT]) - [20]
2021-03-27 16:42:12.677 TRACE 3920 --- [    Test worker] o.h.type.descriptor.sql.BasicExtractor   : extracted value ([tag_id1_23_1_] : [BIGINT]) - [8]
2021-03-27 16:42:12.677 TRACE 3920 --- [    Test worker] o.h.type.descriptor.sql.BasicExtractor   : extracted value ([tag_id1_23_2_] : [BIGINT]) - [null]
2021-03-27 16:42:12.677 TRACE 3920 --- [    Test worker] o.h.type.descriptor.sql.BasicExtractor   : extracted value ([parent_i5_23_0__] : [BIGINT]) - [null]
2021-03-27 16:42:12.677 TRACE 3920 --- [    Test worker] o.h.type.descriptor.sql.BasicExtractor   : extracted value ([tag_id1_23_0_] : [BIGINT]) - [25]
2021-03-27 16:42:12.677 TRACE 3920 --- [    Test worker] o.h.type.descriptor.sql.BasicExtractor   : extracted value ([tag_id1_23_1_] : [BIGINT]) - [8]
2021-03-27 16:42:12.677 TRACE 3920 --- [    Test worker] o.h.type.descriptor.sql.BasicExtractor   : extracted value ([tag_id1_23_2_] : [BIGINT]) - [null]
2021-03-27 16:42:12.677 TRACE 3920 --- [    Test worker] o.h.type.descriptor.sql.BasicExtractor   : extracted value ([parent_i5_23_0__] : [BIGINT]) - [null]
2021-03-27 16:42:12.677 TRACE 3920 --- [    Test worker] o.h.type.descriptor.sql.BasicExtractor   : extracted value ([tag_id1_23_0_] : [BIGINT]) - [27]
2021-03-27 16:42:12.677 TRACE 3920 --- [    Test worker] o.h.type.descriptor.sql.BasicExtractor   : extracted value ([tag_id1_23_1_] : [BIGINT]) - [26]
2021-03-27 16:42:12.677 TRACE 3920 --- [    Test worker] o.h.type.descriptor.sql.BasicExtractor   : extracted value ([tag_id1_23_2_] : [BIGINT]) - [null]
2021-03-27 16:42:12.677 TRACE 3920 --- [    Test worker] o.h.type.descriptor.sql.BasicExtractor   : extracted value ([parent_i5_23_0__] : [BIGINT]) - [null]
2021-03-27 16:42:12.677 TRACE 3920 --- [    Test worker] o.h.type.descriptor.sql.BasicExtractor   : extracted value ([tag_id1_23_0_] : [BIGINT]) - [11]
2021-03-27 16:42:12.677 TRACE 3920 --- [    Test worker] o.h.type.descriptor.sql.BasicExtractor   : extracted value ([tag_id1_23_1_] : [BIGINT]) - [8]
2021-03-27 16:42:12.677 TRACE 3920 --- [    Test worker] o.h.type.descriptor.sql.BasicExtractor   : extracted value ([tag_id1_23_2_] : [BIGINT]) - [null]
2021-03-27 16:42:12.677 TRACE 3920 --- [    Test worker] o.h.type.descriptor.sql.BasicExtractor   : extracted value ([parent_i5_23_0__] : [BIGINT]) - [null]
2021-03-27 16:42:12.677 TRACE 3920 --- [    Test worker] o.h.type.descriptor.sql.BasicExtractor   : extracted value ([tag_id1_23_0_] : [BIGINT]) - [17]
2021-03-27 16:42:12.677 TRACE 3920 --- [    Test worker] o.h.type.descriptor.sql.BasicExtractor   : extracted value ([tag_id1_23_1_] : [BIGINT]) - [8]
2021-03-27 16:42:12.677 TRACE 3920 --- [    Test worker] o.h.type.descriptor.sql.BasicExtractor   : extracted value ([tag_id1_23_2_] : [BIGINT]) - [null]
2021-03-27 16:42:12.677 TRACE 3920 --- [    Test worker] o.h.type.descriptor.sql.BasicExtractor   : extracted value ([parent_i5_23_0__] : [BIGINT]) - [null]
2021-03-27 16:42:12.677 TRACE 3920 --- [    Test worker] o.h.type.descriptor.sql.BasicExtractor   : extracted value ([tag_id1_23_0_] : [BIGINT]) - [33]
2021-03-27 16:42:12.677 TRACE 3920 --- [    Test worker] o.h.type.descriptor.sql.BasicExtractor   : extracted value ([tag_id1_23_1_] : [BIGINT]) - [26]
2021-03-27 16:42:12.677 TRACE 3920 --- [    Test worker] o.h.type.descriptor.sql.BasicExtractor   : extracted value ([tag_id1_23_2_] : [BIGINT]) - [null]
2021-03-27 16:42:12.677 TRACE 3920 --- [    Test worker] o.h.type.descriptor.sql.BasicExtractor   : extracted value ([parent_i5_23_0__] : [BIGINT]) - [null]
2021-03-27 16:42:12.677 TRACE 3920 --- [    Test worker] o.h.type.descriptor.sql.BasicExtractor   : extracted value ([tag_id1_23_0_] : [BIGINT]) - [57]
2021-03-27 16:42:12.677 TRACE 3920 --- [    Test worker] o.h.type.descriptor.sql.BasicExtractor   : extracted value ([tag_id1_23_1_] : [BIGINT]) - [39]
2021-03-27 16:42:12.677 TRACE 3920 --- [    Test worker] o.h.type.descriptor.sql.BasicExtractor   : extracted value ([tag_id1_23_2_] : [BIGINT]) - [null]
2021-03-27 16:42:12.677 TRACE 3920 --- [    Test worker] o.h.type.descriptor.sql.BasicExtractor   : extracted value ([parent_i5_23_0__] : [BIGINT]) - [null]
2021-03-27 16:42:12.677 TRACE 3920 --- [    Test worker] o.h.type.descriptor.sql.BasicExtractor   : extracted value ([tag_id1_23_0_] : [BIGINT]) - [31]
2021-03-27 16:42:12.677 TRACE 3920 --- [    Test worker] o.h.type.descriptor.sql.BasicExtractor   : extracted value ([tag_id1_23_1_] : [BIGINT]) - [26]
2021-03-27 16:42:12.677 TRACE 3920 --- [    Test worker] o.h.type.descriptor.sql.BasicExtractor   : extracted value ([tag_id1_23_2_] : [BIGINT]) - [null]
2021-03-27 16:42:12.677 TRACE 3920 --- [    Test worker] o.h.type.descriptor.sql.BasicExtractor   : extracted value ([parent_i5_23_0__] : [BIGINT]) - [null]
2021-03-27 16:42:12.677 TRACE 3920 --- [    Test worker] o.h.type.descriptor.sql.BasicExtractor   : extracted value ([tag_id1_23_0_] : [BIGINT]) - [34]
2021-03-27 16:42:12.677 TRACE 3920 --- [    Test worker] o.h.type.descriptor.sql.BasicExtractor   : extracted value ([tag_id1_23_1_] : [BIGINT]) - [26]
2021-03-27 16:42:12.677 TRACE 3920 --- [    Test worker] o.h.type.descriptor.sql.BasicExtractor   : extracted value ([tag_id1_23_2_] : [BIGINT]) - [null]
2021-03-27 16:42:12.677 TRACE 3920 --- [    Test worker] o.h.type.descriptor.sql.BasicExtractor   : extracted value ([parent_i5_23_0__] : [BIGINT]) - [null]
2021-03-27 16:42:12.677 TRACE 3920 --- [    Test worker] o.h.type.descriptor.sql.BasicExtractor   : extracted value ([tag_id1_23_0_] : [BIGINT]) - [12]
2021-03-27 16:42:12.677 TRACE 3920 --- [    Test worker] o.h.type.descriptor.sql.BasicExtractor   : extracted value ([tag_id1_23_1_] : [BIGINT]) - [8]
2021-03-27 16:42:12.677 TRACE 3920 --- [    Test worker] o.h.type.descriptor.sql.BasicExtractor   : extracted value ([tag_id1_23_2_] : [BIGINT]) - [null]
2021-03-27 16:42:12.677 TRACE 3920 --- [    Test worker] o.h.type.descriptor.sql.BasicExtractor   : extracted value ([parent_i5_23_0__] : [BIGINT]) - [null]
2021-03-27 16:42:12.677 TRACE 3920 --- [    Test worker] o.h.type.descriptor.sql.BasicExtractor   : extracted value ([tag_id1_23_0_] : [BIGINT]) - [10]
2021-03-27 16:42:12.677 TRACE 3920 --- [    Test worker] o.h.type.descriptor.sql.BasicExtractor   : extracted value ([tag_id1_23_1_] : [BIGINT]) - [8]
2021-03-27 16:42:12.677 TRACE 3920 --- [    Test worker] o.h.type.descriptor.sql.BasicExtractor   : extracted value ([tag_id1_23_2_] : [BIGINT]) - [null]
2021-03-27 16:42:12.677 TRACE 3920 --- [    Test worker] o.h.type.descriptor.sql.BasicExtractor   : extracted value ([parent_i5_23_0__] : [BIGINT]) - [null]
2021-03-27 16:42:12.677 TRACE 3920 --- [    Test worker] o.h.type.descriptor.sql.BasicExtractor   : extracted value ([tag_id1_23_0_] : [BIGINT]) - [18]
2021-03-27 16:42:12.677 TRACE 3920 --- [    Test worker] o.h.type.descriptor.sql.BasicExtractor   : extracted value ([tag_id1_23_1_] : [BIGINT]) - [8]
2021-03-27 16:42:12.677 TRACE 3920 --- [    Test worker] o.h.type.descriptor.sql.BasicExtractor   : extracted value ([tag_id1_23_2_] : [BIGINT]) - [null]
2021-03-27 16:42:12.677 TRACE 3920 --- [    Test worker] o.h.type.descriptor.sql.BasicExtractor   : extracted value ([parent_i5_23_0__] : [BIGINT]) - [null]
2021-03-27 16:42:12.677 TRACE 3920 --- [    Test worker] o.h.type.descriptor.sql.BasicExtractor   : extracted value ([tag_id1_23_0_] : [BIGINT]) - [2]
2021-03-27 16:42:12.677 TRACE 3920 --- [    Test worker] o.h.type.descriptor.sql.BasicExtractor   : extracted value ([tag_id1_23_1_] : [BIGINT]) - [1]
2021-03-27 16:42:12.677 TRACE 3920 --- [    Test worker] o.h.type.descriptor.sql.BasicExtractor   : extracted value ([tag_id1_23_2_] : [BIGINT]) - [null]
2021-03-27 16:42:12.677 TRACE 3920 --- [    Test worker] o.h.type.descriptor.sql.BasicExtractor   : extracted value ([parent_i5_23_0__] : [BIGINT]) - [null]
2021-03-27 16:42:12.677 TRACE 3920 --- [    Test worker] o.h.type.descriptor.sql.BasicExtractor   : extracted value ([tag_id1_23_0_] : [BIGINT]) - [47]
2021-03-27 16:42:12.677 TRACE 3920 --- [    Test worker] o.h.type.descriptor.sql.BasicExtractor   : extracted value ([tag_id1_23_1_] : [BIGINT]) - [39]
2021-03-27 16:42:12.677 TRACE 3920 --- [    Test worker] o.h.type.descriptor.sql.BasicExtractor   : extracted value ([tag_id1_23_2_] : [BIGINT]) - [null]
2021-03-27 16:42:12.677 TRACE 3920 --- [    Test worker] o.h.type.descriptor.sql.BasicExtractor   : extracted value ([parent_i5_23_0__] : [BIGINT]) - [null]
2021-03-27 16:42:12.677 TRACE 3920 --- [    Test worker] o.h.type.descriptor.sql.BasicExtractor   : extracted value ([tag_id1_23_0_] : [BIGINT]) - [46]
2021-03-27 16:42:12.677 TRACE 3920 --- [    Test worker] o.h.type.descriptor.sql.BasicExtractor   : extracted value ([tag_id1_23_1_] : [BIGINT]) - [39]
2021-03-27 16:42:12.677 TRACE 3920 --- [    Test worker] o.h.type.descriptor.sql.BasicExtractor   : extracted value ([tag_id1_23_2_] : [BIGINT]) - [null]
2021-03-27 16:42:12.677 TRACE 3920 --- [    Test worker] o.h.type.descriptor.sql.BasicExtractor   : extracted value ([parent_i5_23_0__] : [BIGINT]) - [null]
2021-03-27 16:42:12.677 TRACE 3920 --- [    Test worker] o.h.type.descriptor.sql.BasicExtractor   : extracted value ([tag_id1_23_0_] : [BIGINT]) - [15]
2021-03-27 16:42:12.677 TRACE 3920 --- [    Test worker] o.h.type.descriptor.sql.BasicExtractor   : extracted value ([tag_id1_23_1_] : [BIGINT]) - [8]
2021-03-27 16:42:12.677 TRACE 3920 --- [    Test worker] o.h.type.descriptor.sql.BasicExtractor   : extracted value ([tag_id1_23_2_] : [BIGINT]) - [null]
2021-03-27 16:42:12.677 TRACE 3920 --- [    Test worker] o.h.type.descriptor.sql.BasicExtractor   : extracted value ([parent_i5_23_0__] : [BIGINT]) - [null]
2021-03-27 16:42:12.677 TRACE 3920 --- [    Test worker] o.h.type.descriptor.sql.BasicExtractor   : extracted value ([tag_id1_23_0_] : [BIGINT]) - [56]
2021-03-27 16:42:12.677 TRACE 3920 --- [    Test worker] o.h.type.descriptor.sql.BasicExtractor   : extracted value ([tag_id1_23_1_] : [BIGINT]) - [39]
2021-03-27 16:42:12.677 TRACE 3920 --- [    Test worker] o.h.type.descriptor.sql.BasicExtractor   : extracted value ([tag_id1_23_2_] : [BIGINT]) - [null]
2021-03-27 16:42:12.677 TRACE 3920 --- [    Test worker] o.h.type.descriptor.sql.BasicExtractor   : extracted value ([parent_i5_23_0__] : [BIGINT]) - [null]
2021-03-27 16:42:12.677 TRACE 3920 --- [    Test worker] o.h.type.descriptor.sql.BasicExtractor   : extracted value ([tag_id1_23_0_] : [BIGINT]) - [40]
2021-03-27 16:42:12.677 TRACE 3920 --- [    Test worker] o.h.type.descriptor.sql.BasicExtractor   : extracted value ([tag_id1_23_1_] : [BIGINT]) - [39]
2021-03-27 16:42:12.677 TRACE 3920 --- [    Test worker] o.h.type.descriptor.sql.BasicExtractor   : extracted value ([tag_id1_23_2_] : [BIGINT]) - [null]
2021-03-27 16:42:12.677 TRACE 3920 --- [    Test worker] o.h.type.descriptor.sql.BasicExtractor   : extracted value ([parent_i5_23_0__] : [BIGINT]) - [null]
2021-03-27 16:42:12.677 TRACE 3920 --- [    Test worker] o.h.type.descriptor.sql.BasicExtractor   : extracted value ([tag_id1_23_0_] : [BIGINT]) - [13]
2021-03-27 16:42:12.677 TRACE 3920 --- [    Test worker] o.h.type.descriptor.sql.BasicExtractor   : extracted value ([tag_id1_23_1_] : [BIGINT]) - [8]
2021-03-27 16:42:12.677 TRACE 3920 --- [    Test worker] o.h.type.descriptor.sql.BasicExtractor   : extracted value ([tag_id1_23_2_] : [BIGINT]) - [null]
2021-03-27 16:42:12.677 TRACE 3920 --- [    Test worker] o.h.type.descriptor.sql.BasicExtractor   : extracted value ([parent_i5_23_0__] : [BIGINT]) - [null]
2021-03-27 16:42:12.677 TRACE 3920 --- [    Test worker] o.h.type.descriptor.sql.BasicExtractor   : extracted value ([tag_id1_23_0_] : [BIGINT]) - [21]
2021-03-27 16:42:12.677 TRACE 3920 --- [    Test worker] o.h.type.descriptor.sql.BasicExtractor   : extracted value ([tag_id1_23_1_] : [BIGINT]) - [8]
2021-03-27 16:42:12.677 TRACE 3920 --- [    Test worker] o.h.type.descriptor.sql.BasicExtractor   : extracted value ([tag_id1_23_2_] : [BIGINT]) - [null]
2021-03-27 16:42:12.677 TRACE 3920 --- [    Test worker] o.h.type.descriptor.sql.BasicExtractor   : extracted value ([parent_i5_23_0__] : [BIGINT]) - [null]
2021-03-27 16:42:12.677 TRACE 3920 --- [    Test worker] o.h.type.descriptor.sql.BasicExtractor   : extracted value ([tag_id1_23_0_] : [BIGINT]) - [5]
2021-03-27 16:42:12.677 TRACE 3920 --- [    Test worker] o.h.type.descriptor.sql.BasicExtractor   : extracted value ([tag_id1_23_1_] : [BIGINT]) - [1]
2021-03-27 16:42:12.677 TRACE 3920 --- [    Test worker] o.h.type.descriptor.sql.BasicExtractor   : extracted value ([tag_id1_23_2_] : [BIGINT]) - [null]
2021-03-27 16:42:12.677 TRACE 3920 --- [    Test worker] o.h.type.descriptor.sql.BasicExtractor   : extracted value ([parent_i5_23_0__] : [BIGINT]) - [null]
2021-03-27 16:42:12.677 TRACE 3920 --- [    Test worker] o.h.type.descriptor.sql.BasicExtractor   : extracted value ([tag_id1_23_0_] : [BIGINT]) - [19]
2021-03-27 16:42:12.677 TRACE 3920 --- [    Test worker] o.h.type.descriptor.sql.BasicExtractor   : extracted value ([tag_id1_23_1_] : [BIGINT]) - [8]
2021-03-27 16:42:12.677 TRACE 3920 --- [    Test worker] o.h.type.descriptor.sql.BasicExtractor   : extracted value ([tag_id1_23_2_] : [BIGINT]) - [null]
2021-03-27 16:42:12.677 TRACE 3920 --- [    Test worker] o.h.type.descriptor.sql.BasicExtractor   : extracted value ([parent_i5_23_0__] : [BIGINT]) - [null]
2021-03-27 16:42:12.677 TRACE 3920 --- [    Test worker] o.h.type.descriptor.sql.BasicExtractor   : extracted value ([tag_id1_23_0_] : [BIGINT]) - [52]
2021-03-27 16:42:12.677 TRACE 3920 --- [    Test worker] o.h.type.descriptor.sql.BasicExtractor   : extracted value ([tag_id1_23_1_] : [BIGINT]) - [39]
2021-03-27 16:42:12.677 TRACE 3920 --- [    Test worker] o.h.type.descriptor.sql.BasicExtractor   : extracted value ([tag_id1_23_2_] : [BIGINT]) - [null]
2021-03-27 16:42:12.677 TRACE 3920 --- [    Test worker] o.h.type.descriptor.sql.BasicExtractor   : extracted value ([parent_i5_23_0__] : [BIGINT]) - [null]
2021-03-27 16:42:12.677 TRACE 3920 --- [    Test worker] o.h.type.descriptor.sql.BasicExtractor   : extracted value ([tag_id1_23_0_] : [BIGINT]) - [37]
2021-03-27 16:42:12.677 TRACE 3920 --- [    Test worker] o.h.type.descriptor.sql.BasicExtractor   : extracted value ([tag_id1_23_1_] : [BIGINT]) - [26]
2021-03-27 16:42:12.677 TRACE 3920 --- [    Test worker] o.h.type.descriptor.sql.BasicExtractor   : extracted value ([tag_id1_23_2_] : [BIGINT]) - [null]
2021-03-27 16:42:12.677 TRACE 3920 --- [    Test worker] o.h.type.descriptor.sql.BasicExtractor   : extracted value ([parent_i5_23_0__] : [BIGINT]) - [null]
2021-03-27 16:42:12.677 TRACE 3920 --- [    Test worker] o.h.type.descriptor.sql.BasicExtractor   : extracted value ([tag_id1_23_0_] : [BIGINT]) - [32]
2021-03-27 16:42:12.677 TRACE 3920 --- [    Test worker] o.h.type.descriptor.sql.BasicExtractor   : extracted value ([tag_id1_23_1_] : [BIGINT]) - [26]
2021-03-27 16:42:12.677 TRACE 3920 --- [    Test worker] o.h.type.descriptor.sql.BasicExtractor   : extracted value ([tag_id1_23_2_] : [BIGINT]) - [null]
2021-03-27 16:42:12.677 TRACE 3920 --- [    Test worker] o.h.type.descriptor.sql.BasicExtractor   : extracted value ([parent_i5_23_0__] : [BIGINT]) - [null]
2021-03-27 16:42:12.677 TRACE 3920 --- [    Test worker] o.h.type.descriptor.sql.BasicExtractor   : extracted value ([tag_id1_23_0_] : [BIGINT]) - [24]
2021-03-27 16:42:12.677 TRACE 3920 --- [    Test worker] o.h.type.descriptor.sql.BasicExtractor   : extracted value ([tag_id1_23_1_] : [BIGINT]) - [8]
2021-03-27 16:42:12.677 TRACE 3920 --- [    Test worker] o.h.type.descriptor.sql.BasicExtractor   : extracted value ([tag_id1_23_2_] : [BIGINT]) - [null]
2021-03-27 16:42:12.677 TRACE 3920 --- [    Test worker] o.h.type.descriptor.sql.BasicExtractor   : extracted value ([parent_i5_23_0__] : [BIGINT]) - [null]
2021-03-27 16:42:12.677 TRACE 3920 --- [    Test worker] o.h.type.descriptor.sql.BasicExtractor   : extracted value ([tag_id1_23_0_] : [BIGINT]) - [55]
2021-03-27 16:42:12.677 TRACE 3920 --- [    Test worker] o.h.type.descriptor.sql.BasicExtractor   : extracted value ([tag_id1_23_1_] : [BIGINT]) - [39]
2021-03-27 16:42:12.677 TRACE 3920 --- [    Test worker] o.h.type.descriptor.sql.BasicExtractor   : extracted value ([tag_id1_23_2_] : [BIGINT]) - [null]
2021-03-27 16:42:12.677 TRACE 3920 --- [    Test worker] o.h.type.descriptor.sql.BasicExtractor   : extracted value ([parent_i5_23_0__] : [BIGINT]) - [null]
2021-03-27 16:42:12.677 TRACE 3920 --- [    Test worker] o.h.type.descriptor.sql.BasicExtractor   : extracted value ([tag_id1_23_0_] : [BIGINT]) - [38]
2021-03-27 16:42:12.677 TRACE 3920 --- [    Test worker] o.h.type.descriptor.sql.BasicExtractor   : extracted value ([tag_id1_23_1_] : [BIGINT]) - [26]
2021-03-27 16:42:12.677 TRACE 3920 --- [    Test worker] o.h.type.descriptor.sql.BasicExtractor   : extracted value ([tag_id1_23_2_] : [BIGINT]) - [null]
2021-03-27 16:42:12.677 TRACE 3920 --- [    Test worker] o.h.type.descriptor.sql.BasicExtractor   : extracted value ([parent_i5_23_0__] : [BIGINT]) - [null]
2021-03-27 16:42:12.677 TRACE 3920 --- [    Test worker] o.h.type.descriptor.sql.BasicExtractor   : extracted value ([tag_id1_23_0_] : [BIGINT]) - [48]
2021-03-27 16:42:12.677 TRACE 3920 --- [    Test worker] o.h.type.descriptor.sql.BasicExtractor   : extracted value ([tag_id1_23_1_] : [BIGINT]) - [39]
2021-03-27 16:42:12.677 TRACE 3920 --- [    Test worker] o.h.type.descriptor.sql.BasicExtractor   : extracted value ([tag_id1_23_2_] : [BIGINT]) - [null]
2021-03-27 16:42:12.677 TRACE 3920 --- [    Test worker] o.h.type.descriptor.sql.BasicExtractor   : extracted value ([parent_i5_23_0__] : [BIGINT]) - [null]
2021-03-27 16:42:12.677 TRACE 3920 --- [    Test worker] o.h.type.descriptor.sql.BasicExtractor   : extracted value ([tag_id1_23_0_] : [BIGINT]) - [28]
2021-03-27 16:42:12.677 TRACE 3920 --- [    Test worker] o.h.type.descriptor.sql.BasicExtractor   : extracted value ([tag_id1_23_1_] : [BIGINT]) - [26]
2021-03-27 16:42:12.677 TRACE 3920 --- [    Test worker] o.h.type.descriptor.sql.BasicExtractor   : extracted value ([tag_id1_23_2_] : [BIGINT]) - [null]
2021-03-27 16:42:12.677 TRACE 3920 --- [    Test worker] o.h.type.descriptor.sql.BasicExtractor   : extracted value ([parent_i5_23_0__] : [BIGINT]) - [null]
2021-03-27 16:42:12.677 TRACE 3920 --- [    Test worker] o.h.type.descriptor.sql.BasicExtractor   : extracted value ([tag_id1_23_0_] : [BIGINT]) - [30]
2021-03-27 16:42:12.677 TRACE 3920 --- [    Test worker] o.h.type.descriptor.sql.BasicExtractor   : extracted value ([tag_id1_23_1_] : [BIGINT]) - [26]
2021-03-27 16:42:12.677 TRACE 3920 --- [    Test worker] o.h.type.descriptor.sql.BasicExtractor   : extracted value ([tag_id1_23_2_] : [BIGINT]) - [null]
2021-03-27 16:42:12.677 TRACE 3920 --- [    Test worker] o.h.type.descriptor.sql.BasicExtractor   : extracted value ([parent_i5_23_0__] : [BIGINT]) - [null]
2021-03-27 16:42:12.677 TRACE 3920 --- [    Test worker] o.h.type.descriptor.sql.BasicExtractor   : extracted value ([tag_id1_23_0_] : [BIGINT]) - [62]
2021-03-27 16:42:12.677 TRACE 3920 --- [    Test worker] o.h.type.descriptor.sql.BasicExtractor   : extracted value ([tag_id1_23_1_] : [BIGINT]) - [39]
2021-03-27 16:42:12.677 TRACE 3920 --- [    Test worker] o.h.type.descriptor.sql.BasicExtractor   : extracted value ([tag_id1_23_2_] : [BIGINT]) - [null]
2021-03-27 16:42:12.677 TRACE 3920 --- [    Test worker] o.h.type.descriptor.sql.BasicExtractor   : extracted value ([parent_i5_23_0__] : [BIGINT]) - [null]
2021-03-27 16:42:12.677 TRACE 3920 --- [    Test worker] o.h.type.descriptor.sql.BasicExtractor   : extracted value ([tag_id1_23_0_] : [BIGINT]) - [50]
2021-03-27 16:42:12.677 TRACE 3920 --- [    Test worker] o.h.type.descriptor.sql.BasicExtractor   : extracted value ([tag_id1_23_1_] : [BIGINT]) - [39]
2021-03-27 16:42:12.677 TRACE 3920 --- [    Test worker] o.h.type.descriptor.sql.BasicExtractor   : extracted value ([tag_id1_23_2_] : [BIGINT]) - [null]
2021-03-27 16:42:12.677 TRACE 3920 --- [    Test worker] o.h.type.descriptor.sql.BasicExtractor   : extracted value ([parent_i5_23_0__] : [BIGINT]) - [null]
2021-03-27 16:42:12.677 TRACE 3920 --- [    Test worker] o.h.type.descriptor.sql.BasicExtractor   : extracted value ([tag_id1_23_0_] : [BIGINT]) - [51]
2021-03-27 16:42:12.677 TRACE 3920 --- [    Test worker] o.h.type.descriptor.sql.BasicExtractor   : extracted value ([tag_id1_23_1_] : [BIGINT]) - [39]
2021-03-27 16:42:12.677 TRACE 3920 --- [    Test worker] o.h.type.descriptor.sql.BasicExtractor   : extracted value ([tag_id1_23_2_] : [BIGINT]) - [null]
2021-03-27 16:42:12.677 TRACE 3920 --- [    Test worker] o.h.type.descriptor.sql.BasicExtractor   : extracted value ([parent_i5_23_0__] : [BIGINT]) - [null]
2021-03-27 16:42:12.677 TRACE 3920 --- [    Test worker] o.h.type.descriptor.sql.BasicExtractor   : extracted value ([tag_id1_23_0_] : [BIGINT]) - [42]
2021-03-27 16:42:12.677 TRACE 3920 --- [    Test worker] o.h.type.descriptor.sql.BasicExtractor   : extracted value ([tag_id1_23_1_] : [BIGINT]) - [39]
2021-03-27 16:42:12.677 TRACE 3920 --- [    Test worker] o.h.type.descriptor.sql.BasicExtractor   : extracted value ([tag_id1_23_2_] : [BIGINT]) - [null]
2021-03-27 16:42:12.677 TRACE 3920 --- [    Test worker] o.h.type.descriptor.sql.BasicExtractor   : extracted value ([parent_i5_23_0__] : [BIGINT]) - [null]
2021-03-27 16:42:12.677 TRACE 3920 --- [    Test worker] o.h.type.descriptor.sql.BasicExtractor   : extracted value ([tag_id1_23_0_] : [BIGINT]) - [59]
2021-03-27 16:42:12.677 TRACE 3920 --- [    Test worker] o.h.type.descriptor.sql.BasicExtractor   : extracted value ([tag_id1_23_1_] : [BIGINT]) - [39]
2021-03-27 16:42:12.677 TRACE 3920 --- [    Test worker] o.h.type.descriptor.sql.BasicExtractor   : extracted value ([tag_id1_23_2_] : [BIGINT]) - [null]
2021-03-27 16:42:12.677 TRACE 3920 --- [    Test worker] o.h.type.descriptor.sql.BasicExtractor   : extracted value ([parent_i5_23_0__] : [BIGINT]) - [null]
2021-03-27 16:42:12.677 TRACE 3920 --- [    Test worker] o.h.type.descriptor.sql.BasicExtractor   : extracted value ([tag_id1_23_0_] : [BIGINT]) - [6]
2021-03-27 16:42:12.677 TRACE 3920 --- [    Test worker] o.h.type.descriptor.sql.BasicExtractor   : extracted value ([tag_id1_23_1_] : [BIGINT]) - [1]
2021-03-27 16:42:12.677 TRACE 3920 --- [    Test worker] o.h.type.descriptor.sql.BasicExtractor   : extracted value ([tag_id1_23_2_] : [BIGINT]) - [null]
2021-03-27 16:42:12.677 TRACE 3920 --- [    Test worker] o.h.type.descriptor.sql.BasicExtractor   : extracted value ([parent_i5_23_0__] : [BIGINT]) - [null]
2021-03-27 16:42:12.677 TRACE 3920 --- [    Test worker] o.h.type.descriptor.sql.BasicExtractor   : extracted value ([tag_id1_23_0_] : [BIGINT]) - [29]
2021-03-27 16:42:12.677 TRACE 3920 --- [    Test worker] o.h.type.descriptor.sql.BasicExtractor   : extracted value ([tag_id1_23_1_] : [BIGINT]) - [26]
2021-03-27 16:42:12.677 TRACE 3920 --- [    Test worker] o.h.type.descriptor.sql.BasicExtractor   : extracted value ([tag_id1_23_2_] : [BIGINT]) - [null]
2021-03-27 16:42:12.677 TRACE 3920 --- [    Test worker] o.h.type.descriptor.sql.BasicExtractor   : extracted value ([parent_i5_23_0__] : [BIGINT]) - [null]
2021-03-27 16:42:12.677 TRACE 3920 --- [    Test worker] o.h.type.descriptor.sql.BasicExtractor   : extracted value ([tag_id1_23_0_] : [BIGINT]) - [41]
2021-03-27 16:42:12.693 TRACE 3920 --- [    Test worker] o.h.type.descriptor.sql.BasicExtractor   : extracted value ([tag_id1_23_1_] : [BIGINT]) - [39]
2021-03-27 16:42:12.693 TRACE 3920 --- [    Test worker] o.h.type.descriptor.sql.BasicExtractor   : extracted value ([tag_id1_23_2_] : [BIGINT]) - [null]
2021-03-27 16:42:12.693 TRACE 3920 --- [    Test worker] o.h.type.descriptor.sql.BasicExtractor   : extracted value ([parent_i5_23_0__] : [BIGINT]) - [null]
2021-03-27 16:42:12.693 TRACE 3920 --- [    Test worker] o.h.type.descriptor.sql.BasicExtractor   : extracted value ([tag_id1_23_0_] : [BIGINT]) - [16]
2021-03-27 16:42:12.693 TRACE 3920 --- [    Test worker] o.h.type.descriptor.sql.BasicExtractor   : extracted value ([tag_id1_23_1_] : [BIGINT]) - [8]
2021-03-27 16:42:12.693 TRACE 3920 --- [    Test worker] o.h.type.descriptor.sql.BasicExtractor   : extracted value ([tag_id1_23_2_] : [BIGINT]) - [null]
2021-03-27 16:42:12.693 TRACE 3920 --- [    Test worker] o.h.type.descriptor.sql.BasicExtractor   : extracted value ([parent_i5_23_0__] : [BIGINT]) - [null]
2021-03-27 16:42:12.693 TRACE 3920 --- [    Test worker] o.h.type.descriptor.sql.BasicExtractor   : extracted value ([tag_id1_23_0_] : [BIGINT]) - [54]
2021-03-27 16:42:12.693 TRACE 3920 --- [    Test worker] o.h.type.descriptor.sql.BasicExtractor   : extracted value ([tag_id1_23_1_] : [BIGINT]) - [39]
2021-03-27 16:42:12.693 TRACE 3920 --- [    Test worker] o.h.type.descriptor.sql.BasicExtractor   : extracted value ([tag_id1_23_2_] : [BIGINT]) - [null]
2021-03-27 16:42:12.693 TRACE 3920 --- [    Test worker] o.h.type.descriptor.sql.BasicExtractor   : extracted value ([parent_i5_23_0__] : [BIGINT]) - [null]
2021-03-27 16:42:12.693 TRACE 3920 --- [    Test worker] o.h.type.descriptor.sql.BasicExtractor   : extracted value ([tag_id1_23_0_] : [BIGINT]) - [36]
2021-03-27 16:42:12.693 TRACE 3920 --- [    Test worker] o.h.type.descriptor.sql.BasicExtractor   : extracted value ([tag_id1_23_1_] : [BIGINT]) - [26]
2021-03-27 16:42:12.693 TRACE 3920 --- [    Test worker] o.h.type.descriptor.sql.BasicExtractor   : extracted value ([tag_id1_23_2_] : [BIGINT]) - [null]
2021-03-27 16:42:12.693 TRACE 3920 --- [    Test worker] o.h.type.descriptor.sql.BasicExtractor   : extracted value ([parent_i5_23_0__] : [BIGINT]) - [null]
2021-03-27 16:42:12.693 TRACE 3920 --- [    Test worker] o.h.type.descriptor.sql.BasicExtractor   : extracted value ([tag_id1_23_0_] : [BIGINT]) - [4]
2021-03-27 16:42:12.693 TRACE 3920 --- [    Test worker] o.h.type.descriptor.sql.BasicExtractor   : extracted value ([tag_id1_23_1_] : [BIGINT]) - [1]
2021-03-27 16:42:12.693 TRACE 3920 --- [    Test worker] o.h.type.descriptor.sql.BasicExtractor   : extracted value ([tag_id1_23_2_] : [BIGINT]) - [null]
2021-03-27 16:42:12.693 TRACE 3920 --- [    Test worker] o.h.type.descriptor.sql.BasicExtractor   : extracted value ([parent_i5_23_0__] : [BIGINT]) - [null]
2021-03-27 16:42:12.693 TRACE 3920 --- [    Test worker] o.h.type.descriptor.sql.BasicExtractor   : extracted value ([tag_id1_23_0_] : [BIGINT]) - [53]
2021-03-27 16:42:12.693 TRACE 3920 --- [    Test worker] o.h.type.descriptor.sql.BasicExtractor   : extracted value ([tag_id1_23_1_] : [BIGINT]) - [39]
2021-03-27 16:42:12.693 TRACE 3920 --- [    Test worker] o.h.type.descriptor.sql.BasicExtractor   : extracted value ([tag_id1_23_2_] : [BIGINT]) - [null]
2021-03-27 16:42:12.693 TRACE 3920 --- [    Test worker] o.h.type.descriptor.sql.BasicExtractor   : extracted value ([parent_i5_23_0__] : [BIGINT]) - [null]
2021-03-27 16:42:12.693 TRACE 3920 --- [    Test worker] o.h.type.descriptor.sql.BasicExtractor   : extracted value ([tag_id1_23_0_] : [BIGINT]) - [23]
2021-03-27 16:42:12.693 TRACE 3920 --- [    Test worker] o.h.type.descriptor.sql.BasicExtractor   : extracted value ([tag_id1_23_1_] : [BIGINT]) - [8]
2021-03-27 16:42:12.693 TRACE 3920 --- [    Test worker] o.h.type.descriptor.sql.BasicExtractor   : extracted value ([tag_id1_23_2_] : [BIGINT]) - [null]
2021-03-27 16:42:12.693 TRACE 3920 --- [    Test worker] o.h.type.descriptor.sql.BasicExtractor   : extracted value ([parent_i5_23_0__] : [BIGINT]) - [null]
2021-03-27 16:42:12.693 TRACE 3920 --- [    Test worker] o.h.type.descriptor.sql.BasicExtractor   : extracted value ([tag_id1_23_0_] : [BIGINT]) - [44]
2021-03-27 16:42:12.693 TRACE 3920 --- [    Test worker] o.h.type.descriptor.sql.BasicExtractor   : extracted value ([tag_id1_23_1_] : [BIGINT]) - [39]
2021-03-27 16:42:12.693 TRACE 3920 --- [    Test worker] o.h.type.descriptor.sql.BasicExtractor   : extracted value ([tag_id1_23_2_] : [BIGINT]) - [null]
2021-03-27 16:42:12.693 TRACE 3920 --- [    Test worker] o.h.type.descriptor.sql.BasicExtractor   : extracted value ([parent_i5_23_0__] : [BIGINT]) - [null]
2021-03-27 16:42:12.693 TRACE 3920 --- [    Test worker] o.h.type.descriptor.sql.BasicExtractor   : extracted value ([tag_id1_23_0_] : [BIGINT]) - [58]
2021-03-27 16:42:12.693 TRACE 3920 --- [    Test worker] o.h.type.descriptor.sql.BasicExtractor   : extracted value ([tag_id1_23_1_] : [BIGINT]) - [39]
2021-03-27 16:42:12.693 TRACE 3920 --- [    Test worker] o.h.type.descriptor.sql.BasicExtractor   : extracted value ([tag_id1_23_2_] : [BIGINT]) - [null]
2021-03-27 16:42:12.693 TRACE 3920 --- [    Test worker] o.h.type.descriptor.sql.BasicExtractor   : extracted value ([parent_i5_23_0__] : [BIGINT]) - [null]
2021-03-27 16:42:12.693 TRACE 3920 --- [    Test worker] o.h.type.descriptor.sql.BasicExtractor   : extracted value ([tag_id1_23_0_] : [BIGINT]) - [49]
2021-03-27 16:42:12.693 TRACE 3920 --- [    Test worker] o.h.type.descriptor.sql.BasicExtractor   : extracted value ([tag_id1_23_1_] : [BIGINT]) - [39]
2021-03-27 16:42:12.693 TRACE 3920 --- [    Test worker] o.h.type.descriptor.sql.BasicExtractor   : extracted value ([tag_id1_23_2_] : [BIGINT]) - [null]
2021-03-27 16:42:12.693 TRACE 3920 --- [    Test worker] o.h.type.descriptor.sql.BasicExtractor   : extracted value ([parent_i5_23_0__] : [BIGINT]) - [null]
2021-03-27 16:42:12.693 TRACE 3920 --- [    Test worker] o.h.type.descriptor.sql.BasicExtractor   : extracted value ([tag_id1_23_0_] : [BIGINT]) - [22]
2021-03-27 16:42:12.693 TRACE 3920 --- [    Test worker] o.h.type.descriptor.sql.BasicExtractor   : extracted value ([tag_id1_23_1_] : [BIGINT]) - [8]
2021-03-27 16:42:12.693 TRACE 3920 --- [    Test worker] o.h.type.descriptor.sql.BasicExtractor   : extracted value ([tag_id1_23_2_] : [BIGINT]) - [null]
2021-03-27 16:42:12.693 TRACE 3920 --- [    Test worker] o.h.type.descriptor.sql.BasicExtractor   : extracted value ([parent_i5_23_0__] : [BIGINT]) - [null]
2021-03-27 16:42:12.693 TRACE 3920 --- [    Test worker] o.h.type.descriptor.sql.BasicExtractor   : extracted value ([tag_id1_23_0_] : [BIGINT]) - [45]
2021-03-27 16:42:12.693 TRACE 3920 --- [    Test worker] o.h.type.descriptor.sql.BasicExtractor   : extracted value ([tag_id1_23_1_] : [BIGINT]) - [39]
2021-03-27 16:42:12.693 TRACE 3920 --- [    Test worker] o.h.type.descriptor.sql.BasicExtractor   : extracted value ([tag_id1_23_2_] : [BIGINT]) - [null]
2021-03-27 16:42:12.693 TRACE 3920 --- [    Test worker] o.h.type.descriptor.sql.BasicExtractor   : extracted value ([parent_i5_23_0__] : [BIGINT]) - [null]
2021-03-27 16:42:12.693 TRACE 3920 --- [    Test worker] o.h.type.descriptor.sql.BasicExtractor   : extracted value ([tag_id1_23_0_] : [BIGINT]) - [60]
2021-03-27 16:42:12.693 TRACE 3920 --- [    Test worker] o.h.type.descriptor.sql.BasicExtractor   : extracted value ([tag_id1_23_1_] : [BIGINT]) - [39]
2021-03-27 16:42:12.693 TRACE 3920 --- [    Test worker] o.h.type.descriptor.sql.BasicExtractor   : extracted value ([tag_id1_23_2_] : [BIGINT]) - [null]
2021-03-27 16:42:12.693 TRACE 3920 --- [    Test worker] o.h.type.descriptor.sql.BasicExtractor   : extracted value ([parent_i5_23_0__] : [BIGINT]) - [null]
2021-03-27 16:42:12.693 TRACE 3920 --- [    Test worker] o.h.type.descriptor.sql.BasicExtractor   : extracted value ([tag_id1_23_0_] : [BIGINT]) - [43]
2021-03-27 16:42:12.693 TRACE 3920 --- [    Test worker] o.h.type.descriptor.sql.BasicExtractor   : extracted value ([tag_id1_23_1_] : [BIGINT]) - [39]
2021-03-27 16:42:12.693 TRACE 3920 --- [    Test worker] o.h.type.descriptor.sql.BasicExtractor   : extracted value ([tag_id1_23_2_] : [BIGINT]) - [null]
2021-03-27 16:42:12.693 TRACE 3920 --- [    Test worker] o.h.type.descriptor.sql.BasicExtractor   : extracted value ([parent_i5_23_0__] : [BIGINT]) - [null]
2021-03-27 16:42:12.693 TRACE 3920 --- [    Test worker] o.h.type.descriptor.sql.BasicExtractor   : extracted value ([tag_id1_23_0_] : [BIGINT]) - [3]
2021-03-27 16:42:12.693 TRACE 3920 --- [    Test worker] o.h.type.descriptor.sql.BasicExtractor   : extracted value ([tag_id1_23_1_] : [BIGINT]) - [1]
2021-03-27 16:42:12.693 TRACE 3920 --- [    Test worker] o.h.type.descriptor.sql.BasicExtractor   : extracted value ([tag_id1_23_2_] : [BIGINT]) - [null]
2021-03-27 16:42:12.693 TRACE 3920 --- [    Test worker] o.h.type.descriptor.sql.BasicExtractor   : extracted value ([parent_i5_23_0__] : [BIGINT]) - [null]
2021-03-27 16:42:12.693 TRACE 3920 --- [    Test worker] o.h.type.descriptor.sql.BasicExtractor   : extracted value ([tag_id1_23_0_] : [BIGINT]) - [61]
2021-03-27 16:42:12.693 TRACE 3920 --- [    Test worker] o.h.type.descriptor.sql.BasicExtractor   : extracted value ([tag_id1_23_1_] : [BIGINT]) - [39]
2021-03-27 16:42:12.693 TRACE 3920 --- [    Test worker] o.h.type.descriptor.sql.BasicExtractor   : extracted value ([tag_id1_23_2_] : [BIGINT]) - [null]
2021-03-27 16:42:12.693 TRACE 3920 --- [    Test worker] o.h.type.descriptor.sql.BasicExtractor   : extracted value ([parent_i5_23_0__] : [BIGINT]) - [null]
2021-03-27 16:42:12.693 TRACE 3920 --- [    Test worker] o.h.type.descriptor.sql.BasicExtractor   : extracted value ([tag_id1_23_0_] : [BIGINT]) - [14]
2021-03-27 16:42:12.693 TRACE 3920 --- [    Test worker] o.h.type.descriptor.sql.BasicExtractor   : extracted value ([tag_id1_23_1_] : [BIGINT]) - [8]
2021-03-27 16:42:12.693 TRACE 3920 --- [    Test worker] o.h.type.descriptor.sql.BasicExtractor   : extracted value ([tag_id1_23_2_] : [BIGINT]) - [null]
2021-03-27 16:42:12.693 TRACE 3920 --- [    Test worker] o.h.type.descriptor.sql.BasicExtractor   : extracted value ([parent_i5_23_0__] : [BIGINT]) - [null]
2021-03-27 16:42:12.693 TRACE 3920 --- [    Test worker] o.h.type.descriptor.sql.BasicExtractor   : extracted value ([tag_id1_23_0_] : [BIGINT]) - [35]
2021-03-27 16:42:12.693 TRACE 3920 --- [    Test worker] o.h.type.descriptor.sql.BasicExtractor   : extracted value ([tag_id1_23_1_] : [BIGINT]) - [26]
2021-03-27 16:42:12.693 TRACE 3920 --- [    Test worker] o.h.type.descriptor.sql.BasicExtractor   : extracted value ([tag_id1_23_2_] : [BIGINT]) - [null]
2021-03-27 16:42:12.693 TRACE 3920 --- [    Test worker] o.h.type.descriptor.sql.BasicExtractor   : extracted value ([parent_i5_23_0__] : [BIGINT]) - [null]
2021-03-27 16:42:12.693 TRACE 3920 --- [    Test worker] o.h.type.descriptor.sql.BasicExtractor   : extracted value ([tag_id1_23_0_] : [BIGINT]) - [9]
2021-03-27 16:42:12.693 TRACE 3920 --- [    Test worker] o.h.type.descriptor.sql.BasicExtractor   : extracted value ([tag_id1_23_1_] : [BIGINT]) - [8]
2021-03-27 16:42:12.693 TRACE 3920 --- [    Test worker] o.h.type.descriptor.sql.BasicExtractor   : extracted value ([tag_id1_23_2_] : [BIGINT]) - [null]
2021-03-27 16:42:12.693 TRACE 3920 --- [    Test worker] o.h.type.descriptor.sql.BasicExtractor   : extracted value ([parent_i5_23_0__] : [BIGINT]) - [null]
2021-03-27 16:42:12.693 TRACE 3920 --- [    Test worker] o.h.type.descriptor.sql.BasicExtractor   : extracted value ([tag_id1_23_0_] : [BIGINT]) - [7]
2021-03-27 16:42:12.693 TRACE 3920 --- [    Test worker] o.h.type.descriptor.sql.BasicExtractor   : extracted value ([tag_id1_23_1_] : [BIGINT]) - [1]
2021-03-27 16:42:12.693 TRACE 3920 --- [    Test worker] o.h.type.descriptor.sql.BasicExtractor   : extracted value ([tag_id1_23_2_] : [BIGINT]) - [null]
2021-03-27 16:42:12.693 TRACE 3920 --- [    Test worker] o.h.type.descriptor.sql.BasicExtractor   : extracted value ([parent_i5_23_0__] : [BIGINT]) - [null]
Hibernate: 
    select
        zone0_.zone_id as zone_id1_24_,
        zone0_.city as city2_24_,
        zone0_.province as province3_24_ 
    from
        zone zone0_
2021-03-27 16:42:12.873 TRACE 3920 --- [    Test worker] o.h.type.descriptor.sql.BasicExtractor   : extracted value ([zone_id1_24_] : [BIGINT]) - [1]
2021-03-27 16:42:12.873 TRACE 3920 --- [    Test worker] o.h.type.descriptor.sql.BasicExtractor   : extracted value ([city2_24_] : [VARCHAR]) - [경기도]
2021-03-27 16:42:12.873 TRACE 3920 --- [    Test worker] o.h.type.descriptor.sql.BasicExtractor   : extracted value ([province3_24_] : [VARCHAR]) - [수원시]
2021-03-27 16:42:12.873 TRACE 3920 --- [    Test worker] o.h.type.descriptor.sql.BasicExtractor   : extracted value ([zone_id1_24_] : [BIGINT]) - [2]
2021-03-27 16:42:12.873 TRACE 3920 --- [    Test worker] o.h.type.descriptor.sql.BasicExtractor   : extracted value ([city2_24_] : [VARCHAR]) - [경기도]
2021-03-27 16:42:12.873 TRACE 3920 --- [    Test worker] o.h.type.descriptor.sql.BasicExtractor   : extracted value ([province3_24_] : [VARCHAR]) - [장안구]
2021-03-27 16:42:12.874 TRACE 3920 --- [    Test worker] o.h.type.descriptor.sql.BasicExtractor   : extracted value ([zone_id1_24_] : [BIGINT]) - [3]
2021-03-27 16:42:12.874 TRACE 3920 --- [    Test worker] o.h.type.descriptor.sql.BasicExtractor   : extracted value ([city2_24_] : [VARCHAR]) - [경기도]
2021-03-27 16:42:12.874 TRACE 3920 --- [    Test worker] o.h.type.descriptor.sql.BasicExtractor   : extracted value ([province3_24_] : [VARCHAR]) - [권선구]
2021-03-27 16:42:12.874 TRACE 3920 --- [    Test worker] o.h.type.descriptor.sql.BasicExtractor   : extracted value ([zone_id1_24_] : [BIGINT]) - [4]
2021-03-27 16:42:12.874 TRACE 3920 --- [    Test worker] o.h.type.descriptor.sql.BasicExtractor   : extracted value ([city2_24_] : [VARCHAR]) - [경기도]
2021-03-27 16:42:12.874 TRACE 3920 --- [    Test worker] o.h.type.descriptor.sql.BasicExtractor   : extracted value ([province3_24_] : [VARCHAR]) - [팔달구]
2021-03-27 16:42:12.874 TRACE 3920 --- [    Test worker] o.h.type.descriptor.sql.BasicExtractor   : extracted value ([zone_id1_24_] : [BIGINT]) - [5]
2021-03-27 16:42:12.874 TRACE 3920 --- [    Test worker] o.h.type.descriptor.sql.BasicExtractor   : extracted value ([city2_24_] : [VARCHAR]) - [경기도]
2021-03-27 16:42:12.874 TRACE 3920 --- [    Test worker] o.h.type.descriptor.sql.BasicExtractor   : extracted value ([province3_24_] : [VARCHAR]) - [영통구]
2021-03-27 16:42:12.875 TRACE 3920 --- [    Test worker] o.h.type.descriptor.sql.BasicExtractor   : extracted value ([zone_id1_24_] : [BIGINT]) - [6]
2021-03-27 16:42:12.875 TRACE 3920 --- [    Test worker] o.h.type.descriptor.sql.BasicExtractor   : extracted value ([city2_24_] : [VARCHAR]) - [경기도]
2021-03-27 16:42:12.875 TRACE 3920 --- [    Test worker] o.h.type.descriptor.sql.BasicExtractor   : extracted value ([province3_24_] : [VARCHAR]) - [성남시]
2021-03-27 16:42:12.875 TRACE 3920 --- [    Test worker] o.h.type.descriptor.sql.BasicExtractor   : extracted value ([zone_id1_24_] : [BIGINT]) - [7]
2021-03-27 16:42:12.875 TRACE 3920 --- [    Test worker] o.h.type.descriptor.sql.BasicExtractor   : extracted value ([city2_24_] : [VARCHAR]) - [경기도]
2021-03-27 16:42:12.875 TRACE 3920 --- [    Test worker] o.h.type.descriptor.sql.BasicExtractor   : extracted value ([province3_24_] : [VARCHAR]) - [수정구]
2021-03-27 16:42:12.875 TRACE 3920 --- [    Test worker] o.h.type.descriptor.sql.BasicExtractor   : extracted value ([zone_id1_24_] : [BIGINT]) - [8]
2021-03-27 16:42:12.875 TRACE 3920 --- [    Test worker] o.h.type.descriptor.sql.BasicExtractor   : extracted value ([city2_24_] : [VARCHAR]) - [경기도]
2021-03-27 16:42:12.875 TRACE 3920 --- [    Test worker] o.h.type.descriptor.sql.BasicExtractor   : extracted value ([province3_24_] : [VARCHAR]) - [중원구]
2021-03-27 16:42:12.875 TRACE 3920 --- [    Test worker] o.h.type.descriptor.sql.BasicExtractor   : extracted value ([zone_id1_24_] : [BIGINT]) - [9]
2021-03-27 16:42:12.876 TRACE 3920 --- [    Test worker] o.h.type.descriptor.sql.BasicExtractor   : extracted value ([city2_24_] : [VARCHAR]) - [경기도]
2021-03-27 16:42:12.876 TRACE 3920 --- [    Test worker] o.h.type.descriptor.sql.BasicExtractor   : extracted value ([province3_24_] : [VARCHAR]) - [분당구]
2021-03-27 16:42:12.876 TRACE 3920 --- [    Test worker] o.h.type.descriptor.sql.BasicExtractor   : extracted value ([zone_id1_24_] : [BIGINT]) - [10]
2021-03-27 16:42:12.876 TRACE 3920 --- [    Test worker] o.h.type.descriptor.sql.BasicExtractor   : extracted value ([city2_24_] : [VARCHAR]) - [경기도]
2021-03-27 16:42:12.876 TRACE 3920 --- [    Test worker] o.h.type.descriptor.sql.BasicExtractor   : extracted value ([province3_24_] : [VARCHAR]) - [의정부시]
2021-03-27 16:42:12.876 TRACE 3920 --- [    Test worker] o.h.type.descriptor.sql.BasicExtractor   : extracted value ([zone_id1_24_] : [BIGINT]) - [11]
2021-03-27 16:42:12.877 TRACE 3920 --- [    Test worker] o.h.type.descriptor.sql.BasicExtractor   : extracted value ([city2_24_] : [VARCHAR]) - [경기도]
2021-03-27 16:42:12.877 TRACE 3920 --- [    Test worker] o.h.type.descriptor.sql.BasicExtractor   : extracted value ([province3_24_] : [VARCHAR]) - [안양시]
2021-03-27 16:42:12.877 TRACE 3920 --- [    Test worker] o.h.type.descriptor.sql.BasicExtractor   : extracted value ([zone_id1_24_] : [BIGINT]) - [12]
2021-03-27 16:42:12.877 TRACE 3920 --- [    Test worker] o.h.type.descriptor.sql.BasicExtractor   : extracted value ([city2_24_] : [VARCHAR]) - [경기도]
2021-03-27 16:42:12.877 TRACE 3920 --- [    Test worker] o.h.type.descriptor.sql.BasicExtractor   : extracted value ([province3_24_] : [VARCHAR]) - [만안구]
2021-03-27 16:42:12.877 TRACE 3920 --- [    Test worker] o.h.type.descriptor.sql.BasicExtractor   : extracted value ([zone_id1_24_] : [BIGINT]) - [13]
2021-03-27 16:42:12.877 TRACE 3920 --- [    Test worker] o.h.type.descriptor.sql.BasicExtractor   : extracted value ([city2_24_] : [VARCHAR]) - [경기도]
2021-03-27 16:42:12.877 TRACE 3920 --- [    Test worker] o.h.type.descriptor.sql.BasicExtractor   : extracted value ([province3_24_] : [VARCHAR]) - [동안구]
2021-03-27 16:42:12.877 TRACE 3920 --- [    Test worker] o.h.type.descriptor.sql.BasicExtractor   : extracted value ([zone_id1_24_] : [BIGINT]) - [14]
2021-03-27 16:42:12.877 TRACE 3920 --- [    Test worker] o.h.type.descriptor.sql.BasicExtractor   : extracted value ([city2_24_] : [VARCHAR]) - [경기도]
2021-03-27 16:42:12.877 TRACE 3920 --- [    Test worker] o.h.type.descriptor.sql.BasicExtractor   : extracted value ([province3_24_] : [VARCHAR]) - [부천시]
2021-03-27 16:42:12.877 TRACE 3920 --- [    Test worker] o.h.type.descriptor.sql.BasicExtractor   : extracted value ([zone_id1_24_] : [BIGINT]) - [15]
2021-03-27 16:42:12.878 TRACE 3920 --- [    Test worker] o.h.type.descriptor.sql.BasicExtractor   : extracted value ([city2_24_] : [VARCHAR]) - [경기도]
2021-03-27 16:42:12.878 TRACE 3920 --- [    Test worker] o.h.type.descriptor.sql.BasicExtractor   : extracted value ([province3_24_] : [VARCHAR]) - [원미구]
2021-03-27 16:42:12.878 TRACE 3920 --- [    Test worker] o.h.type.descriptor.sql.BasicExtractor   : extracted value ([zone_id1_24_] : [BIGINT]) - [16]
2021-03-27 16:42:12.879 TRACE 3920 --- [    Test worker] o.h.type.descriptor.sql.BasicExtractor   : extracted value ([city2_24_] : [VARCHAR]) - [경기도]
2021-03-27 16:42:12.879 TRACE 3920 --- [    Test worker] o.h.type.descriptor.sql.BasicExtractor   : extracted value ([province3_24_] : [VARCHAR]) - [소사구]
2021-03-27 16:42:12.879 TRACE 3920 --- [    Test worker] o.h.type.descriptor.sql.BasicExtractor   : extracted value ([zone_id1_24_] : [BIGINT]) - [17]
2021-03-27 16:42:12.879 TRACE 3920 --- [    Test worker] o.h.type.descriptor.sql.BasicExtractor   : extracted value ([city2_24_] : [VARCHAR]) - [경기도]
2021-03-27 16:42:12.879 TRACE 3920 --- [    Test worker] o.h.type.descriptor.sql.BasicExtractor   : extracted value ([province3_24_] : [VARCHAR]) - [오정구]
2021-03-27 16:42:12.879 TRACE 3920 --- [    Test worker] o.h.type.descriptor.sql.BasicExtractor   : extracted value ([zone_id1_24_] : [BIGINT]) - [18]
2021-03-27 16:42:12.879 TRACE 3920 --- [    Test worker] o.h.type.descriptor.sql.BasicExtractor   : extracted value ([city2_24_] : [VARCHAR]) - [경기도]
2021-03-27 16:42:12.879 TRACE 3920 --- [    Test worker] o.h.type.descriptor.sql.BasicExtractor   : extracted value ([province3_24_] : [VARCHAR]) - [광명시]
2021-03-27 16:42:12.879 TRACE 3920 --- [    Test worker] o.h.type.descriptor.sql.BasicExtractor   : extracted value ([zone_id1_24_] : [BIGINT]) - [19]
2021-03-27 16:42:12.879 TRACE 3920 --- [    Test worker] o.h.type.descriptor.sql.BasicExtractor   : extracted value ([city2_24_] : [VARCHAR]) - [경기도]
2021-03-27 16:42:12.879 TRACE 3920 --- [    Test worker] o.h.type.descriptor.sql.BasicExtractor   : extracted value ([province3_24_] : [VARCHAR]) - [평택시]
2021-03-27 16:42:12.880 TRACE 3920 --- [    Test worker] o.h.type.descriptor.sql.BasicExtractor   : extracted value ([zone_id1_24_] : [BIGINT]) - [20]
2021-03-27 16:42:12.880 TRACE 3920 --- [    Test worker] o.h.type.descriptor.sql.BasicExtractor   : extracted value ([city2_24_] : [VARCHAR]) - [경기도]
2021-03-27 16:42:12.880 TRACE 3920 --- [    Test worker] o.h.type.descriptor.sql.BasicExtractor   : extracted value ([province3_24_] : [VARCHAR]) - [송탄출장소]
2021-03-27 16:42:12.880 TRACE 3920 --- [    Test worker] o.h.type.descriptor.sql.BasicExtractor   : extracted value ([zone_id1_24_] : [BIGINT]) - [21]
2021-03-27 16:42:12.880 TRACE 3920 --- [    Test worker] o.h.type.descriptor.sql.BasicExtractor   : extracted value ([city2_24_] : [VARCHAR]) - [경기도]
2021-03-27 16:42:12.880 TRACE 3920 --- [    Test worker] o.h.type.descriptor.sql.BasicExtractor   : extracted value ([province3_24_] : [VARCHAR]) - [안중출장소]
2021-03-27 16:42:12.880 TRACE 3920 --- [    Test worker] o.h.type.descriptor.sql.BasicExtractor   : extracted value ([zone_id1_24_] : [BIGINT]) - [22]
2021-03-27 16:42:12.880 TRACE 3920 --- [    Test worker] o.h.type.descriptor.sql.BasicExtractor   : extracted value ([city2_24_] : [VARCHAR]) - [경기도]
2021-03-27 16:42:12.880 TRACE 3920 --- [    Test worker] o.h.type.descriptor.sql.BasicExtractor   : extracted value ([province3_24_] : [VARCHAR]) - [송탄시]
2021-03-27 16:42:12.880 TRACE 3920 --- [    Test worker] o.h.type.descriptor.sql.BasicExtractor   : extracted value ([zone_id1_24_] : [BIGINT]) - [23]
2021-03-27 16:42:12.881 TRACE 3920 --- [    Test worker] o.h.type.descriptor.sql.BasicExtractor   : extracted value ([city2_24_] : [VARCHAR]) - [경기도]
2021-03-27 16:42:12.881 TRACE 3920 --- [    Test worker] o.h.type.descriptor.sql.BasicExtractor   : extracted value ([province3_24_] : [VARCHAR]) - [동두천시]
2021-03-27 16:42:12.881 TRACE 3920 --- [    Test worker] o.h.type.descriptor.sql.BasicExtractor   : extracted value ([zone_id1_24_] : [BIGINT]) - [24]
2021-03-27 16:42:12.881 TRACE 3920 --- [    Test worker] o.h.type.descriptor.sql.BasicExtractor   : extracted value ([city2_24_] : [VARCHAR]) - [경기도]
2021-03-27 16:42:12.881 TRACE 3920 --- [    Test worker] o.h.type.descriptor.sql.BasicExtractor   : extracted value ([province3_24_] : [VARCHAR]) - [안산시]
2021-03-27 16:42:12.881 TRACE 3920 --- [    Test worker] o.h.type.descriptor.sql.BasicExtractor   : extracted value ([zone_id1_24_] : [BIGINT]) - [25]
2021-03-27 16:42:12.881 TRACE 3920 --- [    Test worker] o.h.type.descriptor.sql.BasicExtractor   : extracted value ([city2_24_] : [VARCHAR]) - [경기도]
2021-03-27 16:42:12.881 TRACE 3920 --- [    Test worker] o.h.type.descriptor.sql.BasicExtractor   : extracted value ([province3_24_] : [VARCHAR]) - [상록구]
2021-03-27 16:42:12.881 TRACE 3920 --- [    Test worker] o.h.type.descriptor.sql.BasicExtractor   : extracted value ([zone_id1_24_] : [BIGINT]) - [26]
2021-03-27 16:42:12.881 TRACE 3920 --- [    Test worker] o.h.type.descriptor.sql.BasicExtractor   : extracted value ([city2_24_] : [VARCHAR]) - [경기도]
2021-03-27 16:42:12.881 TRACE 3920 --- [    Test worker] o.h.type.descriptor.sql.BasicExtractor   : extracted value ([province3_24_] : [VARCHAR]) - [단원구]
2021-03-27 16:42:12.881 TRACE 3920 --- [    Test worker] o.h.type.descriptor.sql.BasicExtractor   : extracted value ([zone_id1_24_] : [BIGINT]) - [27]
2021-03-27 16:42:12.882 TRACE 3920 --- [    Test worker] o.h.type.descriptor.sql.BasicExtractor   : extracted value ([city2_24_] : [VARCHAR]) - [경기도]
2021-03-27 16:42:12.882 TRACE 3920 --- [    Test worker] o.h.type.descriptor.sql.BasicExtractor   : extracted value ([province3_24_] : [VARCHAR]) - [고양시]
2021-03-27 16:42:12.882 TRACE 3920 --- [    Test worker] o.h.type.descriptor.sql.BasicExtractor   : extracted value ([zone_id1_24_] : [BIGINT]) - [28]
2021-03-27 16:42:12.882 TRACE 3920 --- [    Test worker] o.h.type.descriptor.sql.BasicExtractor   : extracted value ([city2_24_] : [VARCHAR]) - [경기도]
2021-03-27 16:42:12.882 TRACE 3920 --- [    Test worker] o.h.type.descriptor.sql.BasicExtractor   : extracted value ([province3_24_] : [VARCHAR]) - [덕양구]
2021-03-27 16:42:12.882 TRACE 3920 --- [    Test worker] o.h.type.descriptor.sql.BasicExtractor   : extracted value ([zone_id1_24_] : [BIGINT]) - [29]
2021-03-27 16:42:12.883 TRACE 3920 --- [    Test worker] o.h.type.descriptor.sql.BasicExtractor   : extracted value ([city2_24_] : [VARCHAR]) - [경기도]
2021-03-27 16:42:12.883 TRACE 3920 --- [    Test worker] o.h.type.descriptor.sql.BasicExtractor   : extracted value ([province3_24_] : [VARCHAR]) - [일산구]
2021-03-27 16:42:12.883 TRACE 3920 --- [    Test worker] o.h.type.descriptor.sql.BasicExtractor   : extracted value ([zone_id1_24_] : [BIGINT]) - [30]
2021-03-27 16:42:12.883 TRACE 3920 --- [    Test worker] o.h.type.descriptor.sql.BasicExtractor   : extracted value ([city2_24_] : [VARCHAR]) - [경기도]
2021-03-27 16:42:12.883 TRACE 3920 --- [    Test worker] o.h.type.descriptor.sql.BasicExtractor   : extracted value ([province3_24_] : [VARCHAR]) - [일산동구]
2021-03-27 16:42:12.883 TRACE 3920 --- [    Test worker] o.h.type.descriptor.sql.BasicExtractor   : extracted value ([zone_id1_24_] : [BIGINT]) - [31]
2021-03-27 16:42:12.883 TRACE 3920 --- [    Test worker] o.h.type.descriptor.sql.BasicExtractor   : extracted value ([city2_24_] : [VARCHAR]) - [경기도]
2021-03-27 16:42:12.883 TRACE 3920 --- [    Test worker] o.h.type.descriptor.sql.BasicExtractor   : extracted value ([province3_24_] : [VARCHAR]) - [일산서구]
2021-03-27 16:42:12.883 TRACE 3920 --- [    Test worker] o.h.type.descriptor.sql.BasicExtractor   : extracted value ([zone_id1_24_] : [BIGINT]) - [32]
2021-03-27 16:42:12.883 TRACE 3920 --- [    Test worker] o.h.type.descriptor.sql.BasicExtractor   : extracted value ([city2_24_] : [VARCHAR]) - [경기도]
2021-03-27 16:42:12.883 TRACE 3920 --- [    Test worker] o.h.type.descriptor.sql.BasicExtractor   : extracted value ([province3_24_] : [VARCHAR]) - [과천시]
2021-03-27 16:42:12.883 TRACE 3920 --- [    Test worker] o.h.type.descriptor.sql.BasicExtractor   : extracted value ([zone_id1_24_] : [BIGINT]) - [33]
2021-03-27 16:42:12.883 TRACE 3920 --- [    Test worker] o.h.type.descriptor.sql.BasicExtractor   : extracted value ([city2_24_] : [VARCHAR]) - [경기도]
2021-03-27 16:42:12.883 TRACE 3920 --- [    Test worker] o.h.type.descriptor.sql.BasicExtractor   : extracted value ([province3_24_] : [VARCHAR]) - [구리시]
2021-03-27 16:42:12.883 TRACE 3920 --- [    Test worker] o.h.type.descriptor.sql.BasicExtractor   : extracted value ([zone_id1_24_] : [BIGINT]) - [34]
2021-03-27 16:42:12.883 TRACE 3920 --- [    Test worker] o.h.type.descriptor.sql.BasicExtractor   : extracted value ([city2_24_] : [VARCHAR]) - [경기도]
2021-03-27 16:42:12.883 TRACE 3920 --- [    Test worker] o.h.type.descriptor.sql.BasicExtractor   : extracted value ([province3_24_] : [VARCHAR]) - [미금시]
2021-03-27 16:42:12.883 TRACE 3920 --- [    Test worker] o.h.type.descriptor.sql.BasicExtractor   : extracted value ([zone_id1_24_] : [BIGINT]) - [35]
2021-03-27 16:42:12.883 TRACE 3920 --- [    Test worker] o.h.type.descriptor.sql.BasicExtractor   : extracted value ([city2_24_] : [VARCHAR]) - [경기도]
2021-03-27 16:42:12.883 TRACE 3920 --- [    Test worker] o.h.type.descriptor.sql.BasicExtractor   : extracted value ([province3_24_] : [VARCHAR]) - [남양주시]
2021-03-27 16:42:12.883 TRACE 3920 --- [    Test worker] o.h.type.descriptor.sql.BasicExtractor   : extracted value ([zone_id1_24_] : [BIGINT]) - [36]
2021-03-27 16:42:12.883 TRACE 3920 --- [    Test worker] o.h.type.descriptor.sql.BasicExtractor   : extracted value ([city2_24_] : [VARCHAR]) - [경기도]
2021-03-27 16:42:12.883 TRACE 3920 --- [    Test worker] o.h.type.descriptor.sql.BasicExtractor   : extracted value ([province3_24_] : [VARCHAR]) - [풍양출장소]
2021-03-27 16:42:12.883 TRACE 3920 --- [    Test worker] o.h.type.descriptor.sql.BasicExtractor   : extracted value ([zone_id1_24_] : [BIGINT]) - [37]
2021-03-27 16:42:12.883 TRACE 3920 --- [    Test worker] o.h.type.descriptor.sql.BasicExtractor   : extracted value ([city2_24_] : [VARCHAR]) - [경기도]
2021-03-27 16:42:12.883 TRACE 3920 --- [    Test worker] o.h.type.descriptor.sql.BasicExtractor   : extracted value ([province3_24_] : [VARCHAR]) - [오산시]
2021-03-27 16:42:12.883 TRACE 3920 --- [    Test worker] o.h.type.descriptor.sql.BasicExtractor   : extracted value ([zone_id1_24_] : [BIGINT]) - [38]
2021-03-27 16:42:12.883 TRACE 3920 --- [    Test worker] o.h.type.descriptor.sql.BasicExtractor   : extracted value ([city2_24_] : [VARCHAR]) - [경기도]
2021-03-27 16:42:12.883 TRACE 3920 --- [    Test worker] o.h.type.descriptor.sql.BasicExtractor   : extracted value ([province3_24_] : [VARCHAR]) - [시흥시]
2021-03-27 16:42:12.883 TRACE 3920 --- [    Test worker] o.h.type.descriptor.sql.BasicExtractor   : extracted value ([zone_id1_24_] : [BIGINT]) - [39]
2021-03-27 16:42:12.883 TRACE 3920 --- [    Test worker] o.h.type.descriptor.sql.BasicExtractor   : extracted value ([city2_24_] : [VARCHAR]) - [경기도]
2021-03-27 16:42:12.883 TRACE 3920 --- [    Test worker] o.h.type.descriptor.sql.BasicExtractor   : extracted value ([province3_24_] : [VARCHAR]) - [군포시]
2021-03-27 16:42:12.883 TRACE 3920 --- [    Test worker] o.h.type.descriptor.sql.BasicExtractor   : extracted value ([zone_id1_24_] : [BIGINT]) - [40]
2021-03-27 16:42:12.883 TRACE 3920 --- [    Test worker] o.h.type.descriptor.sql.BasicExtractor   : extracted value ([city2_24_] : [VARCHAR]) - [경기도]
2021-03-27 16:42:12.885 TRACE 3920 --- [    Test worker] o.h.type.descriptor.sql.BasicExtractor   : extracted value ([province3_24_] : [VARCHAR]) - [의왕시]
2021-03-27 16:42:12.885 TRACE 3920 --- [    Test worker] o.h.type.descriptor.sql.BasicExtractor   : extracted value ([zone_id1_24_] : [BIGINT]) - [41]
2021-03-27 16:42:12.885 TRACE 3920 --- [    Test worker] o.h.type.descriptor.sql.BasicExtractor   : extracted value ([city2_24_] : [VARCHAR]) - [경기도]
2021-03-27 16:42:12.885 TRACE 3920 --- [    Test worker] o.h.type.descriptor.sql.BasicExtractor   : extracted value ([province3_24_] : [VARCHAR]) - [하남시]
2021-03-27 16:42:12.885 TRACE 3920 --- [    Test worker] o.h.type.descriptor.sql.BasicExtractor   : extracted value ([zone_id1_24_] : [BIGINT]) - [42]
2021-03-27 16:42:12.885 TRACE 3920 --- [    Test worker] o.h.type.descriptor.sql.BasicExtractor   : extracted value ([city2_24_] : [VARCHAR]) - [경기도]
2021-03-27 16:42:12.885 TRACE 3920 --- [    Test worker] o.h.type.descriptor.sql.BasicExtractor   : extracted value ([province3_24_] : [VARCHAR]) - [용인시]
2021-03-27 16:42:12.886 TRACE 3920 --- [    Test worker] o.h.type.descriptor.sql.BasicExtractor   : extracted value ([zone_id1_24_] : [BIGINT]) - [43]
2021-03-27 16:42:12.886 TRACE 3920 --- [    Test worker] o.h.type.descriptor.sql.BasicExtractor   : extracted value ([city2_24_] : [VARCHAR]) - [경기도]
2021-03-27 16:42:12.886 TRACE 3920 --- [    Test worker] o.h.type.descriptor.sql.BasicExtractor   : extracted value ([province3_24_] : [VARCHAR]) - [처인구]
2021-03-27 16:42:12.886 TRACE 3920 --- [    Test worker] o.h.type.descriptor.sql.BasicExtractor   : extracted value ([zone_id1_24_] : [BIGINT]) - [44]
2021-03-27 16:42:12.886 TRACE 3920 --- [    Test worker] o.h.type.descriptor.sql.BasicExtractor   : extracted value ([city2_24_] : [VARCHAR]) - [경기도]
2021-03-27 16:42:12.886 TRACE 3920 --- [    Test worker] o.h.type.descriptor.sql.BasicExtractor   : extracted value ([province3_24_] : [VARCHAR]) - [기흥구]
2021-03-27 16:42:12.886 TRACE 3920 --- [    Test worker] o.h.type.descriptor.sql.BasicExtractor   : extracted value ([zone_id1_24_] : [BIGINT]) - [45]
2021-03-27 16:42:12.886 TRACE 3920 --- [    Test worker] o.h.type.descriptor.sql.BasicExtractor   : extracted value ([city2_24_] : [VARCHAR]) - [경기도]
2021-03-27 16:42:12.886 TRACE 3920 --- [    Test worker] o.h.type.descriptor.sql.BasicExtractor   : extracted value ([province3_24_] : [VARCHAR]) - [수지구]
2021-03-27 16:42:12.886 TRACE 3920 --- [    Test worker] o.h.type.descriptor.sql.BasicExtractor   : extracted value ([zone_id1_24_] : [BIGINT]) - [46]
2021-03-27 16:42:12.886 TRACE 3920 --- [    Test worker] o.h.type.descriptor.sql.BasicExtractor   : extracted value ([city2_24_] : [VARCHAR]) - [경기도]
2021-03-27 16:42:12.886 TRACE 3920 --- [    Test worker] o.h.type.descriptor.sql.BasicExtractor   : extracted value ([province3_24_] : [VARCHAR]) - [파주시]
2021-03-27 16:42:12.886 TRACE 3920 --- [    Test worker] o.h.type.descriptor.sql.BasicExtractor   : extracted value ([zone_id1_24_] : [BIGINT]) - [47]
2021-03-27 16:42:12.886 TRACE 3920 --- [    Test worker] o.h.type.descriptor.sql.BasicExtractor   : extracted value ([city2_24_] : [VARCHAR]) - [경기도]
2021-03-27 16:42:12.886 TRACE 3920 --- [    Test worker] o.h.type.descriptor.sql.BasicExtractor   : extracted value ([province3_24_] : [VARCHAR]) - [이천시]
2021-03-27 16:42:12.886 TRACE 3920 --- [    Test worker] o.h.type.descriptor.sql.BasicExtractor   : extracted value ([zone_id1_24_] : [BIGINT]) - [48]
2021-03-27 16:42:12.886 TRACE 3920 --- [    Test worker] o.h.type.descriptor.sql.BasicExtractor   : extracted value ([city2_24_] : [VARCHAR]) - [경기도]
2021-03-27 16:42:12.886 TRACE 3920 --- [    Test worker] o.h.type.descriptor.sql.BasicExtractor   : extracted value ([province3_24_] : [VARCHAR]) - [안성시]
2021-03-27 16:42:12.886 TRACE 3920 --- [    Test worker] o.h.type.descriptor.sql.BasicExtractor   : extracted value ([zone_id1_24_] : [BIGINT]) - [49]
2021-03-27 16:42:12.886 TRACE 3920 --- [    Test worker] o.h.type.descriptor.sql.BasicExtractor   : extracted value ([city2_24_] : [VARCHAR]) - [경기도]
2021-03-27 16:42:12.886 TRACE 3920 --- [    Test worker] o.h.type.descriptor.sql.BasicExtractor   : extracted value ([province3_24_] : [VARCHAR]) - [김포시]
2021-03-27 16:42:12.886 TRACE 3920 --- [    Test worker] o.h.type.descriptor.sql.BasicExtractor   : extracted value ([zone_id1_24_] : [BIGINT]) - [50]
2021-03-27 16:42:12.886 TRACE 3920 --- [    Test worker] o.h.type.descriptor.sql.BasicExtractor   : extracted value ([city2_24_] : [VARCHAR]) - [경기도]
2021-03-27 16:42:12.886 TRACE 3920 --- [    Test worker] o.h.type.descriptor.sql.BasicExtractor   : extracted value ([province3_24_] : [VARCHAR]) - [화성시]
2021-03-27 16:42:12.886 TRACE 3920 --- [    Test worker] o.h.type.descriptor.sql.BasicExtractor   : extracted value ([zone_id1_24_] : [BIGINT]) - [51]
2021-03-27 16:42:12.886 TRACE 3920 --- [    Test worker] o.h.type.descriptor.sql.BasicExtractor   : extracted value ([city2_24_] : [VARCHAR]) - [경기도]
2021-03-27 16:42:12.886 TRACE 3920 --- [    Test worker] o.h.type.descriptor.sql.BasicExtractor   : extracted value ([province3_24_] : [VARCHAR]) - [화성시동부출장소]
2021-03-27 16:42:12.886 TRACE 3920 --- [    Test worker] o.h.type.descriptor.sql.BasicExtractor   : extracted value ([zone_id1_24_] : [BIGINT]) - [52]
2021-03-27 16:42:12.886 TRACE 3920 --- [    Test worker] o.h.type.descriptor.sql.BasicExtractor   : extracted value ([city2_24_] : [VARCHAR]) - [경기도]
2021-03-27 16:42:12.886 TRACE 3920 --- [    Test worker] o.h.type.descriptor.sql.BasicExtractor   : extracted value ([province3_24_] : [VARCHAR]) - [화성시동탄출장소]
2021-03-27 16:42:12.886 TRACE 3920 --- [    Test worker] o.h.type.descriptor.sql.BasicExtractor   : extracted value ([zone_id1_24_] : [BIGINT]) - [53]
2021-03-27 16:42:12.886 TRACE 3920 --- [    Test worker] o.h.type.descriptor.sql.BasicExtractor   : extracted value ([city2_24_] : [VARCHAR]) - [경기도]
2021-03-27 16:42:12.886 TRACE 3920 --- [    Test worker] o.h.type.descriptor.sql.BasicExtractor   : extracted value ([province3_24_] : [VARCHAR]) - [광주시]
2021-03-27 16:42:12.886 TRACE 3920 --- [    Test worker] o.h.type.descriptor.sql.BasicExtractor   : extracted value ([zone_id1_24_] : [BIGINT]) - [54]
2021-03-27 16:42:12.886 TRACE 3920 --- [    Test worker] o.h.type.descriptor.sql.BasicExtractor   : extracted value ([city2_24_] : [VARCHAR]) - [경기도]
2021-03-27 16:42:12.886 TRACE 3920 --- [    Test worker] o.h.type.descriptor.sql.BasicExtractor   : extracted value ([province3_24_] : [VARCHAR]) - [양주시]
2021-03-27 16:42:12.886 TRACE 3920 --- [    Test worker] o.h.type.descriptor.sql.BasicExtractor   : extracted value ([zone_id1_24_] : [BIGINT]) - [55]
2021-03-27 16:42:12.886 TRACE 3920 --- [    Test worker] o.h.type.descriptor.sql.BasicExtractor   : extracted value ([city2_24_] : [VARCHAR]) - [경기도]
2021-03-27 16:42:12.886 TRACE 3920 --- [    Test worker] o.h.type.descriptor.sql.BasicExtractor   : extracted value ([province3_24_] : [VARCHAR]) - [포천시]
2021-03-27 16:42:12.886 TRACE 3920 --- [    Test worker] o.h.type.descriptor.sql.BasicExtractor   : extracted value ([zone_id1_24_] : [BIGINT]) - [56]
2021-03-27 16:42:12.886 TRACE 3920 --- [    Test worker] o.h.type.descriptor.sql.BasicExtractor   : extracted value ([city2_24_] : [VARCHAR]) - [경기도]
2021-03-27 16:42:12.886 TRACE 3920 --- [    Test worker] o.h.type.descriptor.sql.BasicExtractor   : extracted value ([province3_24_] : [VARCHAR]) - [여주시]
2021-03-27 16:42:12.886 TRACE 3920 --- [    Test worker] o.h.type.descriptor.sql.BasicExtractor   : extracted value ([zone_id1_24_] : [BIGINT]) - [57]
2021-03-27 16:42:12.886 TRACE 3920 --- [    Test worker] o.h.type.descriptor.sql.BasicExtractor   : extracted value ([city2_24_] : [VARCHAR]) - [경기도]
2021-03-27 16:42:12.886 TRACE 3920 --- [    Test worker] o.h.type.descriptor.sql.BasicExtractor   : extracted value ([province3_24_] : [VARCHAR]) - [양주군]
2021-03-27 16:42:12.886 TRACE 3920 --- [    Test worker] o.h.type.descriptor.sql.BasicExtractor   : extracted value ([zone_id1_24_] : [BIGINT]) - [58]
2021-03-27 16:42:12.886 TRACE 3920 --- [    Test worker] o.h.type.descriptor.sql.BasicExtractor   : extracted value ([city2_24_] : [VARCHAR]) - [경기도]
2021-03-27 16:42:12.886 TRACE 3920 --- [    Test worker] o.h.type.descriptor.sql.BasicExtractor   : extracted value ([province3_24_] : [VARCHAR]) - [남양주군]
2021-03-27 16:42:12.886 TRACE 3920 --- [    Test worker] o.h.type.descriptor.sql.BasicExtractor   : extracted value ([zone_id1_24_] : [BIGINT]) - [59]
2021-03-27 16:42:12.886 TRACE 3920 --- [    Test worker] o.h.type.descriptor.sql.BasicExtractor   : extracted value ([city2_24_] : [VARCHAR]) - [경기도]
2021-03-27 16:42:12.886 TRACE 3920 --- [    Test worker] o.h.type.descriptor.sql.BasicExtractor   : extracted value ([province3_24_] : [VARCHAR]) - [여주군]
2021-03-27 16:42:12.886 TRACE 3920 --- [    Test worker] o.h.type.descriptor.sql.BasicExtractor   : extracted value ([zone_id1_24_] : [BIGINT]) - [60]
2021-03-27 16:42:12.886 TRACE 3920 --- [    Test worker] o.h.type.descriptor.sql.BasicExtractor   : extracted value ([city2_24_] : [VARCHAR]) - [경기도]
2021-03-27 16:42:12.886 TRACE 3920 --- [    Test worker] o.h.type.descriptor.sql.BasicExtractor   : extracted value ([province3_24_] : [VARCHAR]) - [평택군]
2021-03-27 16:42:12.886 TRACE 3920 --- [    Test worker] o.h.type.descriptor.sql.BasicExtractor   : extracted value ([zone_id1_24_] : [BIGINT]) - [61]
2021-03-27 16:42:12.886 TRACE 3920 --- [    Test worker] o.h.type.descriptor.sql.BasicExtractor   : extracted value ([city2_24_] : [VARCHAR]) - [경기도]
2021-03-27 16:42:12.886 TRACE 3920 --- [    Test worker] o.h.type.descriptor.sql.BasicExtractor   : extracted value ([province3_24_] : [VARCHAR]) - [화성군]
2021-03-27 16:42:12.886 TRACE 3920 --- [    Test worker] o.h.type.descriptor.sql.BasicExtractor   : extracted value ([zone_id1_24_] : [BIGINT]) - [62]
2021-03-27 16:42:12.886 TRACE 3920 --- [    Test worker] o.h.type.descriptor.sql.BasicExtractor   : extracted value ([city2_24_] : [VARCHAR]) - [경기도]
2021-03-27 16:42:12.886 TRACE 3920 --- [    Test worker] o.h.type.descriptor.sql.BasicExtractor   : extracted value ([province3_24_] : [VARCHAR]) - [파주군]
2021-03-27 16:42:12.886 TRACE 3920 --- [    Test worker] o.h.type.descriptor.sql.BasicExtractor   : extracted value ([zone_id1_24_] : [BIGINT]) - [63]
2021-03-27 16:42:12.886 TRACE 3920 --- [    Test worker] o.h.type.descriptor.sql.BasicExtractor   : extracted value ([city2_24_] : [VARCHAR]) - [경기도]
2021-03-27 16:42:12.886 TRACE 3920 --- [    Test worker] o.h.type.descriptor.sql.BasicExtractor   : extracted value ([province3_24_] : [VARCHAR]) - [광주군]
2021-03-27 16:42:12.886 TRACE 3920 --- [    Test worker] o.h.type.descriptor.sql.BasicExtractor   : extracted value ([zone_id1_24_] : [BIGINT]) - [64]
2021-03-27 16:42:12.886 TRACE 3920 --- [    Test worker] o.h.type.descriptor.sql.BasicExtractor   : extracted value ([city2_24_] : [VARCHAR]) - [경기도]
2021-03-27 16:42:12.886 TRACE 3920 --- [    Test worker] o.h.type.descriptor.sql.BasicExtractor   : extracted value ([province3_24_] : [VARCHAR]) - [연천군]
2021-03-27 16:42:12.886 TRACE 3920 --- [    Test worker] o.h.type.descriptor.sql.BasicExtractor   : extracted value ([zone_id1_24_] : [BIGINT]) - [65]
2021-03-27 16:42:12.886 TRACE 3920 --- [    Test worker] o.h.type.descriptor.sql.BasicExtractor   : extracted value ([city2_24_] : [VARCHAR]) - [경기도]
2021-03-27 16:42:12.886 TRACE 3920 --- [    Test worker] o.h.type.descriptor.sql.BasicExtractor   : extracted value ([province3_24_] : [VARCHAR]) - [포천군]
2021-03-27 16:42:12.886 TRACE 3920 --- [    Test worker] o.h.type.descriptor.sql.BasicExtractor   : extracted value ([zone_id1_24_] : [BIGINT]) - [66]
2021-03-27 16:42:12.886 TRACE 3920 --- [    Test worker] o.h.type.descriptor.sql.BasicExtractor   : extracted value ([city2_24_] : [VARCHAR]) - [경기도]
2021-03-27 16:42:12.886 TRACE 3920 --- [    Test worker] o.h.type.descriptor.sql.BasicExtractor   : extracted value ([province3_24_] : [VARCHAR]) - [가평군]
2021-03-27 16:42:12.886 TRACE 3920 --- [    Test worker] o.h.type.descriptor.sql.BasicExtractor   : extracted value ([zone_id1_24_] : [BIGINT]) - [67]
2021-03-27 16:42:12.886 TRACE 3920 --- [    Test worker] o.h.type.descriptor.sql.BasicExtractor   : extracted value ([city2_24_] : [VARCHAR]) - [경기도]
2021-03-27 16:42:12.886 TRACE 3920 --- [    Test worker] o.h.type.descriptor.sql.BasicExtractor   : extracted value ([province3_24_] : [VARCHAR]) - [양평군]
2021-03-27 16:42:12.886 TRACE 3920 --- [    Test worker] o.h.type.descriptor.sql.BasicExtractor   : extracted value ([zone_id1_24_] : [BIGINT]) - [68]
2021-03-27 16:42:12.886 TRACE 3920 --- [    Test worker] o.h.type.descriptor.sql.BasicExtractor   : extracted value ([city2_24_] : [VARCHAR]) - [경기도]
2021-03-27 16:42:12.886 TRACE 3920 --- [    Test worker] o.h.type.descriptor.sql.BasicExtractor   : extracted value ([province3_24_] : [VARCHAR]) - [이천군]
2021-03-27 16:42:12.886 TRACE 3920 --- [    Test worker] o.h.type.descriptor.sql.BasicExtractor   : extracted value ([zone_id1_24_] : [BIGINT]) - [69]
2021-03-27 16:42:12.886 TRACE 3920 --- [    Test worker] o.h.type.descriptor.sql.BasicExtractor   : extracted value ([city2_24_] : [VARCHAR]) - [경기도]
2021-03-27 16:42:12.886 TRACE 3920 --- [    Test worker] o.h.type.descriptor.sql.BasicExtractor   : extracted value ([province3_24_] : [VARCHAR]) - [용인군]
2021-03-27 16:42:12.886 TRACE 3920 --- [    Test worker] o.h.type.descriptor.sql.BasicExtractor   : extracted value ([zone_id1_24_] : [BIGINT]) - [70]
2021-03-27 16:42:12.886 TRACE 3920 --- [    Test worker] o.h.type.descriptor.sql.BasicExtractor   : extracted value ([city2_24_] : [VARCHAR]) - [경기도]
2021-03-27 16:42:12.886 TRACE 3920 --- [    Test worker] o.h.type.descriptor.sql.BasicExtractor   : extracted value ([province3_24_] : [VARCHAR]) - [안성군]
2021-03-27 16:42:12.886 TRACE 3920 --- [    Test worker] o.h.type.descriptor.sql.BasicExtractor   : extracted value ([zone_id1_24_] : [BIGINT]) - [71]
2021-03-27 16:42:12.886 TRACE 3920 --- [    Test worker] o.h.type.descriptor.sql.BasicExtractor   : extracted value ([city2_24_] : [VARCHAR]) - [경기도]
2021-03-27 16:42:12.886 TRACE 3920 --- [    Test worker] o.h.type.descriptor.sql.BasicExtractor   : extracted value ([province3_24_] : [VARCHAR]) - [김포군]
2021-03-27 16:42:12.886 TRACE 3920 --- [    Test worker] o.h.type.descriptor.sql.BasicExtractor   : extracted value ([zone_id1_24_] : [BIGINT]) - [72]
2021-03-27 16:42:12.886 TRACE 3920 --- [    Test worker] o.h.type.descriptor.sql.BasicExtractor   : extracted value ([city2_24_] : [VARCHAR]) - [경기도]
2021-03-27 16:42:12.886 TRACE 3920 --- [    Test worker] o.h.type.descriptor.sql.BasicExtractor   : extracted value ([province3_24_] : [VARCHAR]) - [강화군]
2021-03-27 16:42:12.886 TRACE 3920 --- [    Test worker] o.h.type.descriptor.sql.BasicExtractor   : extracted value ([zone_id1_24_] : [BIGINT]) - [73]
2021-03-27 16:42:12.886 TRACE 3920 --- [    Test worker] o.h.type.descriptor.sql.BasicExtractor   : extracted value ([city2_24_] : [VARCHAR]) - [경기도]
2021-03-27 16:42:12.886 TRACE 3920 --- [    Test worker] o.h.type.descriptor.sql.BasicExtractor   : extracted value ([province3_24_] : [VARCHAR]) - [옹진군]
2021-03-27 16:42:12.886 TRACE 3920 --- [    Test worker] o.h.type.descriptor.sql.BasicExtractor   : extracted value ([zone_id1_24_] : [BIGINT]) - [74]
2021-03-27 16:42:12.886 TRACE 3920 --- [    Test worker] o.h.type.descriptor.sql.BasicExtractor   : extracted value ([city2_24_] : [VARCHAR]) - [서울특별시]
2021-03-27 16:42:12.886 TRACE 3920 --- [    Test worker] o.h.type.descriptor.sql.BasicExtractor   : extracted value ([province3_24_] : [VARCHAR]) - [종로구]
2021-03-27 16:42:12.886 TRACE 3920 --- [    Test worker] o.h.type.descriptor.sql.BasicExtractor   : extracted value ([zone_id1_24_] : [BIGINT]) - [75]
2021-03-27 16:42:12.886 TRACE 3920 --- [    Test worker] o.h.type.descriptor.sql.BasicExtractor   : extracted value ([city2_24_] : [VARCHAR]) - [서울특별시]
2021-03-27 16:42:12.886 TRACE 3920 --- [    Test worker] o.h.type.descriptor.sql.BasicExtractor   : extracted value ([province3_24_] : [VARCHAR]) - [중구]
2021-03-27 16:42:12.886 TRACE 3920 --- [    Test worker] o.h.type.descriptor.sql.BasicExtractor   : extracted value ([zone_id1_24_] : [BIGINT]) - [76]
2021-03-27 16:42:12.886 TRACE 3920 --- [    Test worker] o.h.type.descriptor.sql.BasicExtractor   : extracted value ([city2_24_] : [VARCHAR]) - [서울특별시]
2021-03-27 16:42:12.886 TRACE 3920 --- [    Test worker] o.h.type.descriptor.sql.BasicExtractor   : extracted value ([province3_24_] : [VARCHAR]) - [용산구]
2021-03-27 16:42:12.886 TRACE 3920 --- [    Test worker] o.h.type.descriptor.sql.BasicExtractor   : extracted value ([zone_id1_24_] : [BIGINT]) - [77]
2021-03-27 16:42:12.886 TRACE 3920 --- [    Test worker] o.h.type.descriptor.sql.BasicExtractor   : extracted value ([city2_24_] : [VARCHAR]) - [서울특별시]
2021-03-27 16:42:12.886 TRACE 3920 --- [    Test worker] o.h.type.descriptor.sql.BasicExtractor   : extracted value ([province3_24_] : [VARCHAR]) - [성동구]
2021-03-27 16:42:12.886 TRACE 3920 --- [    Test worker] o.h.type.descriptor.sql.BasicExtractor   : extracted value ([zone_id1_24_] : [BIGINT]) - [78]
2021-03-27 16:42:12.886 TRACE 3920 --- [    Test worker] o.h.type.descriptor.sql.BasicExtractor   : extracted value ([city2_24_] : [VARCHAR]) - [서울특별시]
2021-03-27 16:42:12.886 TRACE 3920 --- [    Test worker] o.h.type.descriptor.sql.BasicExtractor   : extracted value ([province3_24_] : [VARCHAR]) - [광진구]
2021-03-27 16:42:12.886 TRACE 3920 --- [    Test worker] o.h.type.descriptor.sql.BasicExtractor   : extracted value ([zone_id1_24_] : [BIGINT]) - [79]
2021-03-27 16:42:12.886 TRACE 3920 --- [    Test worker] o.h.type.descriptor.sql.BasicExtractor   : extracted value ([city2_24_] : [VARCHAR]) - [서울특별시]
2021-03-27 16:42:12.886 TRACE 3920 --- [    Test worker] o.h.type.descriptor.sql.BasicExtractor   : extracted value ([province3_24_] : [VARCHAR]) - [동대문구]
2021-03-27 16:42:12.886 TRACE 3920 --- [    Test worker] o.h.type.descriptor.sql.BasicExtractor   : extracted value ([zone_id1_24_] : [BIGINT]) - [80]
2021-03-27 16:42:12.886 TRACE 3920 --- [    Test worker] o.h.type.descriptor.sql.BasicExtractor   : extracted value ([city2_24_] : [VARCHAR]) - [서울특별시]
2021-03-27 16:42:12.886 TRACE 3920 --- [    Test worker] o.h.type.descriptor.sql.BasicExtractor   : extracted value ([province3_24_] : [VARCHAR]) - [중랑구]
2021-03-27 16:42:12.886 TRACE 3920 --- [    Test worker] o.h.type.descriptor.sql.BasicExtractor   : extracted value ([zone_id1_24_] : [BIGINT]) - [81]
2021-03-27 16:42:12.886 TRACE 3920 --- [    Test worker] o.h.type.descriptor.sql.BasicExtractor   : extracted value ([city2_24_] : [VARCHAR]) - [서울특별시]
2021-03-27 16:42:12.886 TRACE 3920 --- [    Test worker] o.h.type.descriptor.sql.BasicExtractor   : extracted value ([province3_24_] : [VARCHAR]) - [성북구]
2021-03-27 16:42:12.886 TRACE 3920 --- [    Test worker] o.h.type.descriptor.sql.BasicExtractor   : extracted value ([zone_id1_24_] : [BIGINT]) - [82]
2021-03-27 16:42:12.886 TRACE 3920 --- [    Test worker] o.h.type.descriptor.sql.BasicExtractor   : extracted value ([city2_24_] : [VARCHAR]) - [서울특별시]
2021-03-27 16:42:12.886 TRACE 3920 --- [    Test worker] o.h.type.descriptor.sql.BasicExtractor   : extracted value ([province3_24_] : [VARCHAR]) - [강북구]
2021-03-27 16:42:12.886 TRACE 3920 --- [    Test worker] o.h.type.descriptor.sql.BasicExtractor   : extracted value ([zone_id1_24_] : [BIGINT]) - [83]
2021-03-27 16:42:12.886 TRACE 3920 --- [    Test worker] o.h.type.descriptor.sql.BasicExtractor   : extracted value ([city2_24_] : [VARCHAR]) - [서울특별시]
2021-03-27 16:42:12.886 TRACE 3920 --- [    Test worker] o.h.type.descriptor.sql.BasicExtractor   : extracted value ([province3_24_] : [VARCHAR]) - [도봉구]
2021-03-27 16:42:12.886 TRACE 3920 --- [    Test worker] o.h.type.descriptor.sql.BasicExtractor   : extracted value ([zone_id1_24_] : [BIGINT]) - [84]
2021-03-27 16:42:12.886 TRACE 3920 --- [    Test worker] o.h.type.descriptor.sql.BasicExtractor   : extracted value ([city2_24_] : [VARCHAR]) - [서울특별시]
2021-03-27 16:42:12.886 TRACE 3920 --- [    Test worker] o.h.type.descriptor.sql.BasicExtractor   : extracted value ([province3_24_] : [VARCHAR]) - [노원구]
2021-03-27 16:42:12.886 TRACE 3920 --- [    Test worker] o.h.type.descriptor.sql.BasicExtractor   : extracted value ([zone_id1_24_] : [BIGINT]) - [85]
2021-03-27 16:42:12.886 TRACE 3920 --- [    Test worker] o.h.type.descriptor.sql.BasicExtractor   : extracted value ([city2_24_] : [VARCHAR]) - [서울특별시]
2021-03-27 16:42:12.886 TRACE 3920 --- [    Test worker] o.h.type.descriptor.sql.BasicExtractor   : extracted value ([province3_24_] : [VARCHAR]) - [은평구]
2021-03-27 16:42:12.886 TRACE 3920 --- [    Test worker] o.h.type.descriptor.sql.BasicExtractor   : extracted value ([zone_id1_24_] : [BIGINT]) - [86]
2021-03-27 16:42:12.886 TRACE 3920 --- [    Test worker] o.h.type.descriptor.sql.BasicExtractor   : extracted value ([city2_24_] : [VARCHAR]) - [서울특별시]
2021-03-27 16:42:12.886 TRACE 3920 --- [    Test worker] o.h.type.descriptor.sql.BasicExtractor   : extracted value ([province3_24_] : [VARCHAR]) - [서대문구]
2021-03-27 16:42:12.886 TRACE 3920 --- [    Test worker] o.h.type.descriptor.sql.BasicExtractor   : extracted value ([zone_id1_24_] : [BIGINT]) - [87]
2021-03-27 16:42:12.886 TRACE 3920 --- [    Test worker] o.h.type.descriptor.sql.BasicExtractor   : extracted value ([city2_24_] : [VARCHAR]) - [서울특별시]
2021-03-27 16:42:12.886 TRACE 3920 --- [    Test worker] o.h.type.descriptor.sql.BasicExtractor   : extracted value ([province3_24_] : [VARCHAR]) - [마포구]
2021-03-27 16:42:12.886 TRACE 3920 --- [    Test worker] o.h.type.descriptor.sql.BasicExtractor   : extracted value ([zone_id1_24_] : [BIGINT]) - [88]
2021-03-27 16:42:12.886 TRACE 3920 --- [    Test worker] o.h.type.descriptor.sql.BasicExtractor   : extracted value ([city2_24_] : [VARCHAR]) - [서울특별시]
2021-03-27 16:42:12.886 TRACE 3920 --- [    Test worker] o.h.type.descriptor.sql.BasicExtractor   : extracted value ([province3_24_] : [VARCHAR]) - [양천구]
2021-03-27 16:42:12.886 TRACE 3920 --- [    Test worker] o.h.type.descriptor.sql.BasicExtractor   : extracted value ([zone_id1_24_] : [BIGINT]) - [89]
2021-03-27 16:42:12.886 TRACE 3920 --- [    Test worker] o.h.type.descriptor.sql.BasicExtractor   : extracted value ([city2_24_] : [VARCHAR]) - [서울특별시]
2021-03-27 16:42:12.886 TRACE 3920 --- [    Test worker] o.h.type.descriptor.sql.BasicExtractor   : extracted value ([province3_24_] : [VARCHAR]) - [강서구]
2021-03-27 16:42:12.886 TRACE 3920 --- [    Test worker] o.h.type.descriptor.sql.BasicExtractor   : extracted value ([zone_id1_24_] : [BIGINT]) - [90]
2021-03-27 16:42:12.886 TRACE 3920 --- [    Test worker] o.h.type.descriptor.sql.BasicExtractor   : extracted value ([city2_24_] : [VARCHAR]) - [서울특별시]
2021-03-27 16:42:12.886 TRACE 3920 --- [    Test worker] o.h.type.descriptor.sql.BasicExtractor   : extracted value ([province3_24_] : [VARCHAR]) - [구로구]
2021-03-27 16:42:12.886 TRACE 3920 --- [    Test worker] o.h.type.descriptor.sql.BasicExtractor   : extracted value ([zone_id1_24_] : [BIGINT]) - [91]
2021-03-27 16:42:12.886 TRACE 3920 --- [    Test worker] o.h.type.descriptor.sql.BasicExtractor   : extracted value ([city2_24_] : [VARCHAR]) - [서울특별시]
2021-03-27 16:42:12.886 TRACE 3920 --- [    Test worker] o.h.type.descriptor.sql.BasicExtractor   : extracted value ([province3_24_] : [VARCHAR]) - [금천구]
2021-03-27 16:42:12.886 TRACE 3920 --- [    Test worker] o.h.type.descriptor.sql.BasicExtractor   : extracted value ([zone_id1_24_] : [BIGINT]) - [92]
2021-03-27 16:42:12.886 TRACE 3920 --- [    Test worker] o.h.type.descriptor.sql.BasicExtractor   : extracted value ([city2_24_] : [VARCHAR]) - [서울특별시]
2021-03-27 16:42:12.886 TRACE 3920 --- [    Test worker] o.h.type.descriptor.sql.BasicExtractor   : extracted value ([province3_24_] : [VARCHAR]) - [영등포구]
2021-03-27 16:42:12.886 TRACE 3920 --- [    Test worker] o.h.type.descriptor.sql.BasicExtractor   : extracted value ([zone_id1_24_] : [BIGINT]) - [93]
2021-03-27 16:42:12.886 TRACE 3920 --- [    Test worker] o.h.type.descriptor.sql.BasicExtractor   : extracted value ([city2_24_] : [VARCHAR]) - [서울특별시]
2021-03-27 16:42:12.886 TRACE 3920 --- [    Test worker] o.h.type.descriptor.sql.BasicExtractor   : extracted value ([province3_24_] : [VARCHAR]) - [동작구]
2021-03-27 16:42:12.886 TRACE 3920 --- [    Test worker] o.h.type.descriptor.sql.BasicExtractor   : extracted value ([zone_id1_24_] : [BIGINT]) - [94]
2021-03-27 16:42:12.886 TRACE 3920 --- [    Test worker] o.h.type.descriptor.sql.BasicExtractor   : extracted value ([city2_24_] : [VARCHAR]) - [서울특별시]
2021-03-27 16:42:12.886 TRACE 3920 --- [    Test worker] o.h.type.descriptor.sql.BasicExtractor   : extracted value ([province3_24_] : [VARCHAR]) - [관악구]
2021-03-27 16:42:12.886 TRACE 3920 --- [    Test worker] o.h.type.descriptor.sql.BasicExtractor   : extracted value ([zone_id1_24_] : [BIGINT]) - [95]
2021-03-27 16:42:12.886 TRACE 3920 --- [    Test worker] o.h.type.descriptor.sql.BasicExtractor   : extracted value ([city2_24_] : [VARCHAR]) - [서울특별시]
2021-03-27 16:42:12.886 TRACE 3920 --- [    Test worker] o.h.type.descriptor.sql.BasicExtractor   : extracted value ([province3_24_] : [VARCHAR]) - [서초구]
2021-03-27 16:42:12.886 TRACE 3920 --- [    Test worker] o.h.type.descriptor.sql.BasicExtractor   : extracted value ([zone_id1_24_] : [BIGINT]) - [96]
2021-03-27 16:42:12.886 TRACE 3920 --- [    Test worker] o.h.type.descriptor.sql.BasicExtractor   : extracted value ([city2_24_] : [VARCHAR]) - [서울특별시]
2021-03-27 16:42:12.886 TRACE 3920 --- [    Test worker] o.h.type.descriptor.sql.BasicExtractor   : extracted value ([province3_24_] : [VARCHAR]) - [강남구]
2021-03-27 16:42:12.886 TRACE 3920 --- [    Test worker] o.h.type.descriptor.sql.BasicExtractor   : extracted value ([zone_id1_24_] : [BIGINT]) - [97]
2021-03-27 16:42:12.886 TRACE 3920 --- [    Test worker] o.h.type.descriptor.sql.BasicExtractor   : extracted value ([city2_24_] : [VARCHAR]) - [서울특별시]
2021-03-27 16:42:12.886 TRACE 3920 --- [    Test worker] o.h.type.descriptor.sql.BasicExtractor   : extracted value ([province3_24_] : [VARCHAR]) - [송파구]
2021-03-27 16:42:12.886 TRACE 3920 --- [    Test worker] o.h.type.descriptor.sql.BasicExtractor   : extracted value ([zone_id1_24_] : [BIGINT]) - [98]
2021-03-27 16:42:12.886 TRACE 3920 --- [    Test worker] o.h.type.descriptor.sql.BasicExtractor   : extracted value ([city2_24_] : [VARCHAR]) - [서울특별시]
2021-03-27 16:42:12.886 TRACE 3920 --- [    Test worker] o.h.type.descriptor.sql.BasicExtractor   : extracted value ([province3_24_] : [VARCHAR]) - [강동구]
2021-03-27 16:42:12.886 TRACE 3920 --- [    Test worker] o.h.type.descriptor.sql.BasicExtractor   : extracted value ([zone_id1_24_] : [BIGINT]) - [99]
2021-03-27 16:42:12.886 TRACE 3920 --- [    Test worker] o.h.type.descriptor.sql.BasicExtractor   : extracted value ([city2_24_] : [VARCHAR]) - [부산광역시]
2021-03-27 16:42:12.886 TRACE 3920 --- [    Test worker] o.h.type.descriptor.sql.BasicExtractor   : extracted value ([province3_24_] : [VARCHAR]) - [중구]
2021-03-27 16:42:12.886 TRACE 3920 --- [    Test worker] o.h.type.descriptor.sql.BasicExtractor   : extracted value ([zone_id1_24_] : [BIGINT]) - [100]
2021-03-27 16:42:12.886 TRACE 3920 --- [    Test worker] o.h.type.descriptor.sql.BasicExtractor   : extracted value ([city2_24_] : [VARCHAR]) - [부산광역시]
2021-03-27 16:42:12.886 TRACE 3920 --- [    Test worker] o.h.type.descriptor.sql.BasicExtractor   : extracted value ([province3_24_] : [VARCHAR]) - [서구]
2021-03-27 16:42:12.886 TRACE 3920 --- [    Test worker] o.h.type.descriptor.sql.BasicExtractor   : extracted value ([zone_id1_24_] : [BIGINT]) - [101]
2021-03-27 16:42:12.886 TRACE 3920 --- [    Test worker] o.h.type.descriptor.sql.BasicExtractor   : extracted value ([city2_24_] : [VARCHAR]) - [부산광역시]
2021-03-27 16:42:12.886 TRACE 3920 --- [    Test worker] o.h.type.descriptor.sql.BasicExtractor   : extracted value ([province3_24_] : [VARCHAR]) - [동구]
2021-03-27 16:42:12.886 TRACE 3920 --- [    Test worker] o.h.type.descriptor.sql.BasicExtractor   : extracted value ([zone_id1_24_] : [BIGINT]) - [102]
2021-03-27 16:42:12.886 TRACE 3920 --- [    Test worker] o.h.type.descriptor.sql.BasicExtractor   : extracted value ([city2_24_] : [VARCHAR]) - [부산광역시]
2021-03-27 16:42:12.886 TRACE 3920 --- [    Test worker] o.h.type.descriptor.sql.BasicExtractor   : extracted value ([province3_24_] : [VARCHAR]) - [영도구]
2021-03-27 16:42:12.886 TRACE 3920 --- [    Test worker] o.h.type.descriptor.sql.BasicExtractor   : extracted value ([zone_id1_24_] : [BIGINT]) - [103]
2021-03-27 16:42:12.886 TRACE 3920 --- [    Test worker] o.h.type.descriptor.sql.BasicExtractor   : extracted value ([city2_24_] : [VARCHAR]) - [부산광역시]
2021-03-27 16:42:12.886 TRACE 3920 --- [    Test worker] o.h.type.descriptor.sql.BasicExtractor   : extracted value ([province3_24_] : [VARCHAR]) - [부산진구]
2021-03-27 16:42:12.886 TRACE 3920 --- [    Test worker] o.h.type.descriptor.sql.BasicExtractor   : extracted value ([zone_id1_24_] : [BIGINT]) - [104]
2021-03-27 16:42:12.886 TRACE 3920 --- [    Test worker] o.h.type.descriptor.sql.BasicExtractor   : extracted value ([city2_24_] : [VARCHAR]) - [부산광역시]
2021-03-27 16:42:12.886 TRACE 3920 --- [    Test worker] o.h.type.descriptor.sql.BasicExtractor   : extracted value ([province3_24_] : [VARCHAR]) - [동래구]
2021-03-27 16:42:12.886 TRACE 3920 --- [    Test worker] o.h.type.descriptor.sql.BasicExtractor   : extracted value ([zone_id1_24_] : [BIGINT]) - [105]
2021-03-27 16:42:12.886 TRACE 3920 --- [    Test worker] o.h.type.descriptor.sql.BasicExtractor   : extracted value ([city2_24_] : [VARCHAR]) - [부산광역시]
2021-03-27 16:42:12.886 TRACE 3920 --- [    Test worker] o.h.type.descriptor.sql.BasicExtractor   : extracted value ([province3_24_] : [VARCHAR]) - [남구]
2021-03-27 16:42:12.886 TRACE 3920 --- [    Test worker] o.h.type.descriptor.sql.BasicExtractor   : extracted value ([zone_id1_24_] : [BIGINT]) - [106]
2021-03-27 16:42:12.886 TRACE 3920 --- [    Test worker] o.h.type.descriptor.sql.BasicExtractor   : extracted value ([city2_24_] : [VARCHAR]) - [부산광역시]
2021-03-27 16:42:12.886 TRACE 3920 --- [    Test worker] o.h.type.descriptor.sql.BasicExtractor   : extracted value ([province3_24_] : [VARCHAR]) - [북구]
2021-03-27 16:42:12.886 TRACE 3920 --- [    Test worker] o.h.type.descriptor.sql.BasicExtractor   : extracted value ([zone_id1_24_] : [BIGINT]) - [107]
2021-03-27 16:42:12.886 TRACE 3920 --- [    Test worker] o.h.type.descriptor.sql.BasicExtractor   : extracted value ([city2_24_] : [VARCHAR]) - [부산광역시]
2021-03-27 16:42:12.886 TRACE 3920 --- [    Test worker] o.h.type.descriptor.sql.BasicExtractor   : extracted value ([province3_24_] : [VARCHAR]) - [해운대구]
2021-03-27 16:42:12.886 TRACE 3920 --- [    Test worker] o.h.type.descriptor.sql.BasicExtractor   : extracted value ([zone_id1_24_] : [BIGINT]) - [108]
2021-03-27 16:42:12.886 TRACE 3920 --- [    Test worker] o.h.type.descriptor.sql.BasicExtractor   : extracted value ([city2_24_] : [VARCHAR]) - [부산광역시]
2021-03-27 16:42:12.886 TRACE 3920 --- [    Test worker] o.h.type.descriptor.sql.BasicExtractor   : extracted value ([province3_24_] : [VARCHAR]) - [사하구]
2021-03-27 16:42:12.886 TRACE 3920 --- [    Test worker] o.h.type.descriptor.sql.BasicExtractor   : extracted value ([zone_id1_24_] : [BIGINT]) - [109]
2021-03-27 16:42:12.886 TRACE 3920 --- [    Test worker] o.h.type.descriptor.sql.BasicExtractor   : extracted value ([city2_24_] : [VARCHAR]) - [부산광역시]
2021-03-27 16:42:12.886 TRACE 3920 --- [    Test worker] o.h.type.descriptor.sql.BasicExtractor   : extracted value ([province3_24_] : [VARCHAR]) - [금정구]
2021-03-27 16:42:12.886 TRACE 3920 --- [    Test worker] o.h.type.descriptor.sql.BasicExtractor   : extracted value ([zone_id1_24_] : [BIGINT]) - [110]
2021-03-27 16:42:12.886 TRACE 3920 --- [    Test worker] o.h.type.descriptor.sql.BasicExtractor   : extracted value ([city2_24_] : [VARCHAR]) - [부산광역시]
2021-03-27 16:42:12.886 TRACE 3920 --- [    Test worker] o.h.type.descriptor.sql.BasicExtractor   : extracted value ([province3_24_] : [VARCHAR]) - [강서구]
2021-03-27 16:42:12.886 TRACE 3920 --- [    Test worker] o.h.type.descriptor.sql.BasicExtractor   : extracted value ([zone_id1_24_] : [BIGINT]) - [111]
2021-03-27 16:42:12.886 TRACE 3920 --- [    Test worker] o.h.type.descriptor.sql.BasicExtractor   : extracted value ([city2_24_] : [VARCHAR]) - [부산광역시]
2021-03-27 16:42:12.886 TRACE 3920 --- [    Test worker] o.h.type.descriptor.sql.BasicExtractor   : extracted value ([province3_24_] : [VARCHAR]) - [연제구]
2021-03-27 16:42:12.886 TRACE 3920 --- [    Test worker] o.h.type.descriptor.sql.BasicExtractor   : extracted value ([zone_id1_24_] : [BIGINT]) - [112]
2021-03-27 16:42:12.886 TRACE 3920 --- [    Test worker] o.h.type.descriptor.sql.BasicExtractor   : extracted value ([city2_24_] : [VARCHAR]) - [부산광역시]
2021-03-27 16:42:12.886 TRACE 3920 --- [    Test worker] o.h.type.descriptor.sql.BasicExtractor   : extracted value ([province3_24_] : [VARCHAR]) - [수영구]
2021-03-27 16:42:12.886 TRACE 3920 --- [    Test worker] o.h.type.descriptor.sql.BasicExtractor   : extracted value ([zone_id1_24_] : [BIGINT]) - [113]
2021-03-27 16:42:12.886 TRACE 3920 --- [    Test worker] o.h.type.descriptor.sql.BasicExtractor   : extracted value ([city2_24_] : [VARCHAR]) - [부산광역시]
2021-03-27 16:42:12.886 TRACE 3920 --- [    Test worker] o.h.type.descriptor.sql.BasicExtractor   : extracted value ([province3_24_] : [VARCHAR]) - [사상구]
2021-03-27 16:42:12.886 TRACE 3920 --- [    Test worker] o.h.type.descriptor.sql.BasicExtractor   : extracted value ([zone_id1_24_] : [BIGINT]) - [114]
2021-03-27 16:42:12.886 TRACE 3920 --- [    Test worker] o.h.type.descriptor.sql.BasicExtractor   : extracted value ([city2_24_] : [VARCHAR]) - [부산광역시]
2021-03-27 16:42:12.886 TRACE 3920 --- [    Test worker] o.h.type.descriptor.sql.BasicExtractor   : extracted value ([province3_24_] : [VARCHAR]) - [기장군]
2021-03-27 16:42:12.886 TRACE 3920 --- [    Test worker] o.h.type.descriptor.sql.BasicExtractor   : extracted value ([zone_id1_24_] : [BIGINT]) - [115]
2021-03-27 16:42:12.886 TRACE 3920 --- [    Test worker] o.h.type.descriptor.sql.BasicExtractor   : extracted value ([city2_24_] : [VARCHAR]) - [대구광역시]
2021-03-27 16:42:12.886 TRACE 3920 --- [    Test worker] o.h.type.descriptor.sql.BasicExtractor   : extracted value ([province3_24_] : [VARCHAR]) - [중구]
2021-03-27 16:42:12.886 TRACE 3920 --- [    Test worker] o.h.type.descriptor.sql.BasicExtractor   : extracted value ([zone_id1_24_] : [BIGINT]) - [116]
2021-03-27 16:42:12.886 TRACE 3920 --- [    Test worker] o.h.type.descriptor.sql.BasicExtractor   : extracted value ([city2_24_] : [VARCHAR]) - [대구광역시]
2021-03-27 16:42:12.886 TRACE 3920 --- [    Test worker] o.h.type.descriptor.sql.BasicExtractor   : extracted value ([province3_24_] : [VARCHAR]) - [동구]
2021-03-27 16:42:12.886 TRACE 3920 --- [    Test worker] o.h.type.descriptor.sql.BasicExtractor   : extracted value ([zone_id1_24_] : [BIGINT]) - [117]
2021-03-27 16:42:12.886 TRACE 3920 --- [    Test worker] o.h.type.descriptor.sql.BasicExtractor   : extracted value ([city2_24_] : [VARCHAR]) - [대구광역시]
2021-03-27 16:42:12.886 TRACE 3920 --- [    Test worker] o.h.type.descriptor.sql.BasicExtractor   : extracted value ([province3_24_] : [VARCHAR]) - [서구]
2021-03-27 16:42:12.886 TRACE 3920 --- [    Test worker] o.h.type.descriptor.sql.BasicExtractor   : extracted value ([zone_id1_24_] : [BIGINT]) - [118]
2021-03-27 16:42:12.886 TRACE 3920 --- [    Test worker] o.h.type.descriptor.sql.BasicExtractor   : extracted value ([city2_24_] : [VARCHAR]) - [대구광역시]
2021-03-27 16:42:12.886 TRACE 3920 --- [    Test worker] o.h.type.descriptor.sql.BasicExtractor   : extracted value ([province3_24_] : [VARCHAR]) - [남구]
2021-03-27 16:42:12.886 TRACE 3920 --- [    Test worker] o.h.type.descriptor.sql.BasicExtractor   : extracted value ([zone_id1_24_] : [BIGINT]) - [119]
2021-03-27 16:42:12.886 TRACE 3920 --- [    Test worker] o.h.type.descriptor.sql.BasicExtractor   : extracted value ([city2_24_] : [VARCHAR]) - [대구광역시]
2021-03-27 16:42:12.886 TRACE 3920 --- [    Test worker] o.h.type.descriptor.sql.BasicExtractor   : extracted value ([province3_24_] : [VARCHAR]) - [북구]
2021-03-27 16:42:12.886 TRACE 3920 --- [    Test worker] o.h.type.descriptor.sql.BasicExtractor   : extracted value ([zone_id1_24_] : [BIGINT]) - [120]
2021-03-27 16:42:12.886 TRACE 3920 --- [    Test worker] o.h.type.descriptor.sql.BasicExtractor   : extracted value ([city2_24_] : [VARCHAR]) - [대구광역시]
2021-03-27 16:42:12.886 TRACE 3920 --- [    Test worker] o.h.type.descriptor.sql.BasicExtractor   : extracted value ([province3_24_] : [VARCHAR]) - [수성구]
2021-03-27 16:42:12.886 TRACE 3920 --- [    Test worker] o.h.type.descriptor.sql.BasicExtractor   : extracted value ([zone_id1_24_] : [BIGINT]) - [121]
2021-03-27 16:42:12.886 TRACE 3920 --- [    Test worker] o.h.type.descriptor.sql.BasicExtractor   : extracted value ([city2_24_] : [VARCHAR]) - [대구광역시]
2021-03-27 16:42:12.886 TRACE 3920 --- [    Test worker] o.h.type.descriptor.sql.BasicExtractor   : extracted value ([province3_24_] : [VARCHAR]) - [달서구]
2021-03-27 16:42:12.886 TRACE 3920 --- [    Test worker] o.h.type.descriptor.sql.BasicExtractor   : extracted value ([zone_id1_24_] : [BIGINT]) - [122]
2021-03-27 16:42:12.886 TRACE 3920 --- [    Test worker] o.h.type.descriptor.sql.BasicExtractor   : extracted value ([city2_24_] : [VARCHAR]) - [대구광역시]
2021-03-27 16:42:12.886 TRACE 3920 --- [    Test worker] o.h.type.descriptor.sql.BasicExtractor   : extracted value ([province3_24_] : [VARCHAR]) - [달성군]
2021-03-27 16:42:12.886 TRACE 3920 --- [    Test worker] o.h.type.descriptor.sql.BasicExtractor   : extracted value ([zone_id1_24_] : [BIGINT]) - [123]
2021-03-27 16:42:12.886 TRACE 3920 --- [    Test worker] o.h.type.descriptor.sql.BasicExtractor   : extracted value ([city2_24_] : [VARCHAR]) - [인천광역시]
2021-03-27 16:42:12.886 TRACE 3920 --- [    Test worker] o.h.type.descriptor.sql.BasicExtractor   : extracted value ([province3_24_] : [VARCHAR]) - [중구]
2021-03-27 16:42:12.886 TRACE 3920 --- [    Test worker] o.h.type.descriptor.sql.BasicExtractor   : extracted value ([zone_id1_24_] : [BIGINT]) - [124]
2021-03-27 16:42:12.886 TRACE 3920 --- [    Test worker] o.h.type.descriptor.sql.BasicExtractor   : extracted value ([city2_24_] : [VARCHAR]) - [인천광역시]
2021-03-27 16:42:12.886 TRACE 3920 --- [    Test worker] o.h.type.descriptor.sql.BasicExtractor   : extracted value ([province3_24_] : [VARCHAR]) - [중구영종출장소]
2021-03-27 16:42:12.886 TRACE 3920 --- [    Test worker] o.h.type.descriptor.sql.BasicExtractor   : extracted value ([zone_id1_24_] : [BIGINT]) - [125]
2021-03-27 16:42:12.886 TRACE 3920 --- [    Test worker] o.h.type.descriptor.sql.BasicExtractor   : extracted value ([city2_24_] : [VARCHAR]) - [인천광역시]
2021-03-27 16:42:12.886 TRACE 3920 --- [    Test worker] o.h.type.descriptor.sql.BasicExtractor   : extracted value ([province3_24_] : [VARCHAR]) - [중구용유출장소]
2021-03-27 16:42:12.886 TRACE 3920 --- [    Test worker] o.h.type.descriptor.sql.BasicExtractor   : extracted value ([zone_id1_24_] : [BIGINT]) - [126]
2021-03-27 16:42:12.886 TRACE 3920 --- [    Test worker] o.h.type.descriptor.sql.BasicExtractor   : extracted value ([city2_24_] : [VARCHAR]) - [인천광역시]
2021-03-27 16:42:12.886 TRACE 3920 --- [    Test worker] o.h.type.descriptor.sql.BasicExtractor   : extracted value ([province3_24_] : [VARCHAR]) - [동구]
2021-03-27 16:42:12.886 TRACE 3920 --- [    Test worker] o.h.type.descriptor.sql.BasicExtractor   : extracted value ([zone_id1_24_] : [BIGINT]) - [127]
2021-03-27 16:42:12.886 TRACE 3920 --- [    Test worker] o.h.type.descriptor.sql.BasicExtractor   : extracted value ([city2_24_] : [VARCHAR]) - [인천광역시]
2021-03-27 16:42:12.886 TRACE 3920 --- [    Test worker] o.h.type.descriptor.sql.BasicExtractor   : extracted value ([province3_24_] : [VARCHAR]) - [남구]
2021-03-27 16:42:12.902 TRACE 3920 --- [    Test worker] o.h.type.descriptor.sql.BasicExtractor   : extracted value ([zone_id1_24_] : [BIGINT]) - [128]
2021-03-27 16:42:12.902 TRACE 3920 --- [    Test worker] o.h.type.descriptor.sql.BasicExtractor   : extracted value ([city2_24_] : [VARCHAR]) - [인천광역시]
2021-03-27 16:42:12.902 TRACE 3920 --- [    Test worker] o.h.type.descriptor.sql.BasicExtractor   : extracted value ([province3_24_] : [VARCHAR]) - [미추홀구]
2021-03-27 16:42:12.902 TRACE 3920 --- [    Test worker] o.h.type.descriptor.sql.BasicExtractor   : extracted value ([zone_id1_24_] : [BIGINT]) - [129]
2021-03-27 16:42:12.902 TRACE 3920 --- [    Test worker] o.h.type.descriptor.sql.BasicExtractor   : extracted value ([city2_24_] : [VARCHAR]) - [인천광역시]
2021-03-27 16:42:12.902 TRACE 3920 --- [    Test worker] o.h.type.descriptor.sql.BasicExtractor   : extracted value ([province3_24_] : [VARCHAR]) - [연수구]
2021-03-27 16:42:12.902 TRACE 3920 --- [    Test worker] o.h.type.descriptor.sql.BasicExtractor   : extracted value ([zone_id1_24_] : [BIGINT]) - [130]
2021-03-27 16:42:12.902 TRACE 3920 --- [    Test worker] o.h.type.descriptor.sql.BasicExtractor   : extracted value ([city2_24_] : [VARCHAR]) - [인천광역시]
2021-03-27 16:42:12.902 TRACE 3920 --- [    Test worker] o.h.type.descriptor.sql.BasicExtractor   : extracted value ([province3_24_] : [VARCHAR]) - [남동구]
2021-03-27 16:42:12.902 TRACE 3920 --- [    Test worker] o.h.type.descriptor.sql.BasicExtractor   : extracted value ([zone_id1_24_] : [BIGINT]) - [131]
2021-03-27 16:42:12.902 TRACE 3920 --- [    Test worker] o.h.type.descriptor.sql.BasicExtractor   : extracted value ([city2_24_] : [VARCHAR]) - [인천광역시]
2021-03-27 16:42:12.902 TRACE 3920 --- [    Test worker] o.h.type.descriptor.sql.BasicExtractor   : extracted value ([province3_24_] : [VARCHAR]) - [북구]
2021-03-27 16:42:12.902 TRACE 3920 --- [    Test worker] o.h.type.descriptor.sql.BasicExtractor   : extracted value ([zone_id1_24_] : [BIGINT]) - [132]
2021-03-27 16:42:12.902 TRACE 3920 --- [    Test worker] o.h.type.descriptor.sql.BasicExtractor   : extracted value ([city2_24_] : [VARCHAR]) - [인천광역시]
2021-03-27 16:42:12.902 TRACE 3920 --- [    Test worker] o.h.type.descriptor.sql.BasicExtractor   : extracted value ([province3_24_] : [VARCHAR]) - [부평구]
2021-03-27 16:42:12.902 TRACE 3920 --- [    Test worker] o.h.type.descriptor.sql.BasicExtractor   : extracted value ([zone_id1_24_] : [BIGINT]) - [133]
2021-03-27 16:42:12.902 TRACE 3920 --- [    Test worker] o.h.type.descriptor.sql.BasicExtractor   : extracted value ([city2_24_] : [VARCHAR]) - [인천광역시]
2021-03-27 16:42:12.902 TRACE 3920 --- [    Test worker] o.h.type.descriptor.sql.BasicExtractor   : extracted value ([province3_24_] : [VARCHAR]) - [계양구]
2021-03-27 16:42:12.902 TRACE 3920 --- [    Test worker] o.h.type.descriptor.sql.BasicExtractor   : extracted value ([zone_id1_24_] : [BIGINT]) - [134]
2021-03-27 16:42:12.902 TRACE 3920 --- [    Test worker] o.h.type.descriptor.sql.BasicExtractor   : extracted value ([city2_24_] : [VARCHAR]) - [인천광역시]
2021-03-27 16:42:12.902 TRACE 3920 --- [    Test worker] o.h.type.descriptor.sql.BasicExtractor   : extracted value ([province3_24_] : [VARCHAR]) - [서구]
2021-03-27 16:42:12.902 TRACE 3920 --- [    Test worker] o.h.type.descriptor.sql.BasicExtractor   : extracted value ([zone_id1_24_] : [BIGINT]) - [135]
2021-03-27 16:42:12.902 TRACE 3920 --- [    Test worker] o.h.type.descriptor.sql.BasicExtractor   : extracted value ([city2_24_] : [VARCHAR]) - [인천광역시]
2021-03-27 16:42:12.902 TRACE 3920 --- [    Test worker] o.h.type.descriptor.sql.BasicExtractor   : extracted value ([province3_24_] : [VARCHAR]) - [서구검단출장소]
2021-03-27 16:42:12.902 TRACE 3920 --- [    Test worker] o.h.type.descriptor.sql.BasicExtractor   : extracted value ([zone_id1_24_] : [BIGINT]) - [136]
2021-03-27 16:42:12.902 TRACE 3920 --- [    Test worker] o.h.type.descriptor.sql.BasicExtractor   : extracted value ([city2_24_] : [VARCHAR]) - [인천광역시]
2021-03-27 16:42:12.902 TRACE 3920 --- [    Test worker] o.h.type.descriptor.sql.BasicExtractor   : extracted value ([province3_24_] : [VARCHAR]) - [강화군]
2021-03-27 16:42:12.902 TRACE 3920 --- [    Test worker] o.h.type.descriptor.sql.BasicExtractor   : extracted value ([zone_id1_24_] : [BIGINT]) - [137]
2021-03-27 16:42:12.902 TRACE 3920 --- [    Test worker] o.h.type.descriptor.sql.BasicExtractor   : extracted value ([city2_24_] : [VARCHAR]) - [인천광역시]
2021-03-27 16:42:12.902 TRACE 3920 --- [    Test worker] o.h.type.descriptor.sql.BasicExtractor   : extracted value ([province3_24_] : [VARCHAR]) - [옹진군]
2021-03-27 16:42:12.902 TRACE 3920 --- [    Test worker] o.h.type.descriptor.sql.BasicExtractor   : extracted value ([zone_id1_24_] : [BIGINT]) - [138]
2021-03-27 16:42:12.902 TRACE 3920 --- [    Test worker] o.h.type.descriptor.sql.BasicExtractor   : extracted value ([city2_24_] : [VARCHAR]) - [광주광역시]
2021-03-27 16:42:12.902 TRACE 3920 --- [    Test worker] o.h.type.descriptor.sql.BasicExtractor   : extracted value ([province3_24_] : [VARCHAR]) - [동구]
2021-03-27 16:42:12.902 TRACE 3920 --- [    Test worker] o.h.type.descriptor.sql.BasicExtractor   : extracted value ([zone_id1_24_] : [BIGINT]) - [139]
2021-03-27 16:42:12.902 TRACE 3920 --- [    Test worker] o.h.type.descriptor.sql.BasicExtractor   : extracted value ([city2_24_] : [VARCHAR]) - [광주광역시]
2021-03-27 16:42:12.902 TRACE 3920 --- [    Test worker] o.h.type.descriptor.sql.BasicExtractor   : extracted value ([province3_24_] : [VARCHAR]) - [서구]
2021-03-27 16:42:12.902 TRACE 3920 --- [    Test worker] o.h.type.descriptor.sql.BasicExtractor   : extracted value ([zone_id1_24_] : [BIGINT]) - [140]
2021-03-27 16:42:12.902 TRACE 3920 --- [    Test worker] o.h.type.descriptor.sql.BasicExtractor   : extracted value ([city2_24_] : [VARCHAR]) - [광주광역시]
2021-03-27 16:42:12.902 TRACE 3920 --- [    Test worker] o.h.type.descriptor.sql.BasicExtractor   : extracted value ([province3_24_] : [VARCHAR]) - [남구]
2021-03-27 16:42:12.902 TRACE 3920 --- [    Test worker] o.h.type.descriptor.sql.BasicExtractor   : extracted value ([zone_id1_24_] : [BIGINT]) - [141]
2021-03-27 16:42:12.902 TRACE 3920 --- [    Test worker] o.h.type.descriptor.sql.BasicExtractor   : extracted value ([city2_24_] : [VARCHAR]) - [광주광역시]
2021-03-27 16:42:12.902 TRACE 3920 --- [    Test worker] o.h.type.descriptor.sql.BasicExtractor   : extracted value ([province3_24_] : [VARCHAR]) - [북구]
2021-03-27 16:42:12.902 TRACE 3920 --- [    Test worker] o.h.type.descriptor.sql.BasicExtractor   : extracted value ([zone_id1_24_] : [BIGINT]) - [142]
2021-03-27 16:42:12.902 TRACE 3920 --- [    Test worker] o.h.type.descriptor.sql.BasicExtractor   : extracted value ([city2_24_] : [VARCHAR]) - [광주광역시]
2021-03-27 16:42:12.902 TRACE 3920 --- [    Test worker] o.h.type.descriptor.sql.BasicExtractor   : extracted value ([province3_24_] : [VARCHAR]) - [광산구]
2021-03-27 16:42:12.902 TRACE 3920 --- [    Test worker] o.h.type.descriptor.sql.BasicExtractor   : extracted value ([zone_id1_24_] : [BIGINT]) - [143]
2021-03-27 16:42:12.902 TRACE 3920 --- [    Test worker] o.h.type.descriptor.sql.BasicExtractor   : extracted value ([city2_24_] : [VARCHAR]) - [대전광역시]
2021-03-27 16:42:12.902 TRACE 3920 --- [    Test worker] o.h.type.descriptor.sql.BasicExtractor   : extracted value ([province3_24_] : [VARCHAR]) - [동구]
2021-03-27 16:42:12.902 TRACE 3920 --- [    Test worker] o.h.type.descriptor.sql.BasicExtractor   : extracted value ([zone_id1_24_] : [BIGINT]) - [144]
2021-03-27 16:42:12.902 TRACE 3920 --- [    Test worker] o.h.type.descriptor.sql.BasicExtractor   : extracted value ([city2_24_] : [VARCHAR]) - [대전광역시]
2021-03-27 16:42:12.902 TRACE 3920 --- [    Test worker] o.h.type.descriptor.sql.BasicExtractor   : extracted value ([province3_24_] : [VARCHAR]) - [중구]
2021-03-27 16:42:12.902 TRACE 3920 --- [    Test worker] o.h.type.descriptor.sql.BasicExtractor   : extracted value ([zone_id1_24_] : [BIGINT]) - [145]
2021-03-27 16:42:12.902 TRACE 3920 --- [    Test worker] o.h.type.descriptor.sql.BasicExtractor   : extracted value ([city2_24_] : [VARCHAR]) - [대전광역시]
2021-03-27 16:42:12.902 TRACE 3920 --- [    Test worker] o.h.type.descriptor.sql.BasicExtractor   : extracted value ([province3_24_] : [VARCHAR]) - [서구]
2021-03-27 16:42:12.902 TRACE 3920 --- [    Test worker] o.h.type.descriptor.sql.BasicExtractor   : extracted value ([zone_id1_24_] : [BIGINT]) - [146]
2021-03-27 16:42:12.902 TRACE 3920 --- [    Test worker] o.h.type.descriptor.sql.BasicExtractor   : extracted value ([city2_24_] : [VARCHAR]) - [대전광역시]
2021-03-27 16:42:12.902 TRACE 3920 --- [    Test worker] o.h.type.descriptor.sql.BasicExtractor   : extracted value ([province3_24_] : [VARCHAR]) - [유성구]
2021-03-27 16:42:12.902 TRACE 3920 --- [    Test worker] o.h.type.descriptor.sql.BasicExtractor   : extracted value ([zone_id1_24_] : [BIGINT]) - [147]
2021-03-27 16:42:12.902 TRACE 3920 --- [    Test worker] o.h.type.descriptor.sql.BasicExtractor   : extracted value ([city2_24_] : [VARCHAR]) - [대전광역시]
2021-03-27 16:42:12.902 TRACE 3920 --- [    Test worker] o.h.type.descriptor.sql.BasicExtractor   : extracted value ([province3_24_] : [VARCHAR]) - [대덕구]
2021-03-27 16:42:12.902 TRACE 3920 --- [    Test worker] o.h.type.descriptor.sql.BasicExtractor   : extracted value ([zone_id1_24_] : [BIGINT]) - [148]
2021-03-27 16:42:12.902 TRACE 3920 --- [    Test worker] o.h.type.descriptor.sql.BasicExtractor   : extracted value ([city2_24_] : [VARCHAR]) - [울산광역시]
2021-03-27 16:42:12.902 TRACE 3920 --- [    Test worker] o.h.type.descriptor.sql.BasicExtractor   : extracted value ([province3_24_] : [VARCHAR]) - [중구]
2021-03-27 16:42:12.902 TRACE 3920 --- [    Test worker] o.h.type.descriptor.sql.BasicExtractor   : extracted value ([zone_id1_24_] : [BIGINT]) - [149]
2021-03-27 16:42:12.902 TRACE 3920 --- [    Test worker] o.h.type.descriptor.sql.BasicExtractor   : extracted value ([city2_24_] : [VARCHAR]) - [울산광역시]
2021-03-27 16:42:12.902 TRACE 3920 --- [    Test worker] o.h.type.descriptor.sql.BasicExtractor   : extracted value ([province3_24_] : [VARCHAR]) - [남구]
2021-03-27 16:42:12.902 TRACE 3920 --- [    Test worker] o.h.type.descriptor.sql.BasicExtractor   : extracted value ([zone_id1_24_] : [BIGINT]) - [150]
2021-03-27 16:42:12.902 TRACE 3920 --- [    Test worker] o.h.type.descriptor.sql.BasicExtractor   : extracted value ([city2_24_] : [VARCHAR]) - [울산광역시]
2021-03-27 16:42:12.902 TRACE 3920 --- [    Test worker] o.h.type.descriptor.sql.BasicExtractor   : extracted value ([province3_24_] : [VARCHAR]) - [동구]
2021-03-27 16:42:12.902 TRACE 3920 --- [    Test worker] o.h.type.descriptor.sql.BasicExtractor   : extracted value ([zone_id1_24_] : [BIGINT]) - [151]
2021-03-27 16:42:12.902 TRACE 3920 --- [    Test worker] o.h.type.descriptor.sql.BasicExtractor   : extracted value ([city2_24_] : [VARCHAR]) - [울산광역시]
2021-03-27 16:42:12.902 TRACE 3920 --- [    Test worker] o.h.type.descriptor.sql.BasicExtractor   : extracted value ([province3_24_] : [VARCHAR]) - [북구]
2021-03-27 16:42:12.902 TRACE 3920 --- [    Test worker] o.h.type.descriptor.sql.BasicExtractor   : extracted value ([zone_id1_24_] : [BIGINT]) - [152]
2021-03-27 16:42:12.902 TRACE 3920 --- [    Test worker] o.h.type.descriptor.sql.BasicExtractor   : extracted value ([city2_24_] : [VARCHAR]) - [울산광역시]
2021-03-27 16:42:12.902 TRACE 3920 --- [    Test worker] o.h.type.descriptor.sql.BasicExtractor   : extracted value ([province3_24_] : [VARCHAR]) - [울주군]
2021-03-27 16:42:12.902 TRACE 3920 --- [    Test worker] o.h.type.descriptor.sql.BasicExtractor   : extracted value ([zone_id1_24_] : [BIGINT]) - [153]
2021-03-27 16:42:12.902 TRACE 3920 --- [    Test worker] o.h.type.descriptor.sql.BasicExtractor   : extracted value ([city2_24_] : [VARCHAR]) - [세종특별자치시]
2021-03-27 16:42:12.902 TRACE 3920 --- [    Test worker] o.h.type.descriptor.sql.BasicExtractor   : extracted value ([province3_24_] : [VARCHAR]) - [세종시]
2021-03-27 16:42:12.902 TRACE 3920 --- [    Test worker] o.h.type.descriptor.sql.BasicExtractor   : extracted value ([zone_id1_24_] : [BIGINT]) - [154]
2021-03-27 16:42:12.902 TRACE 3920 --- [    Test worker] o.h.type.descriptor.sql.BasicExtractor   : extracted value ([city2_24_] : [VARCHAR]) - [강원도]
2021-03-27 16:42:12.902 TRACE 3920 --- [    Test worker] o.h.type.descriptor.sql.BasicExtractor   : extracted value ([province3_24_] : [VARCHAR]) - [춘천시]
2021-03-27 16:42:12.902 TRACE 3920 --- [    Test worker] o.h.type.descriptor.sql.BasicExtractor   : extracted value ([zone_id1_24_] : [BIGINT]) - [155]
2021-03-27 16:42:12.902 TRACE 3920 --- [    Test worker] o.h.type.descriptor.sql.BasicExtractor   : extracted value ([city2_24_] : [VARCHAR]) - [강원도]
2021-03-27 16:42:12.902 TRACE 3920 --- [    Test worker] o.h.type.descriptor.sql.BasicExtractor   : extracted value ([province3_24_] : [VARCHAR]) - [원주시]
2021-03-27 16:42:12.902 TRACE 3920 --- [    Test worker] o.h.type.descriptor.sql.BasicExtractor   : extracted value ([zone_id1_24_] : [BIGINT]) - [156]
2021-03-27 16:42:12.902 TRACE 3920 --- [    Test worker] o.h.type.descriptor.sql.BasicExtractor   : extracted value ([city2_24_] : [VARCHAR]) - [강원도]
2021-03-27 16:42:12.902 TRACE 3920 --- [    Test worker] o.h.type.descriptor.sql.BasicExtractor   : extracted value ([province3_24_] : [VARCHAR]) - [강릉시]
2021-03-27 16:42:12.902 TRACE 3920 --- [    Test worker] o.h.type.descriptor.sql.BasicExtractor   : extracted value ([zone_id1_24_] : [BIGINT]) - [157]
2021-03-27 16:42:12.902 TRACE 3920 --- [    Test worker] o.h.type.descriptor.sql.BasicExtractor   : extracted value ([city2_24_] : [VARCHAR]) - [강원도]
2021-03-27 16:42:12.902 TRACE 3920 --- [    Test worker] o.h.type.descriptor.sql.BasicExtractor   : extracted value ([province3_24_] : [VARCHAR]) - [동해시]
2021-03-27 16:42:12.902 TRACE 3920 --- [    Test worker] o.h.type.descriptor.sql.BasicExtractor   : extracted value ([zone_id1_24_] : [BIGINT]) - [158]
2021-03-27 16:42:12.902 TRACE 3920 --- [    Test worker] o.h.type.descriptor.sql.BasicExtractor   : extracted value ([city2_24_] : [VARCHAR]) - [강원도]
2021-03-27 16:42:12.902 TRACE 3920 --- [    Test worker] o.h.type.descriptor.sql.BasicExtractor   : extracted value ([province3_24_] : [VARCHAR]) - [태백시]
2021-03-27 16:42:12.902 TRACE 3920 --- [    Test worker] o.h.type.descriptor.sql.BasicExtractor   : extracted value ([zone_id1_24_] : [BIGINT]) - [159]
2021-03-27 16:42:12.902 TRACE 3920 --- [    Test worker] o.h.type.descriptor.sql.BasicExtractor   : extracted value ([city2_24_] : [VARCHAR]) - [강원도]
2021-03-27 16:42:12.902 TRACE 3920 --- [    Test worker] o.h.type.descriptor.sql.BasicExtractor   : extracted value ([province3_24_] : [VARCHAR]) - [속초시]
2021-03-27 16:42:12.902 TRACE 3920 --- [    Test worker] o.h.type.descriptor.sql.BasicExtractor   : extracted value ([zone_id1_24_] : [BIGINT]) - [160]
2021-03-27 16:42:12.902 TRACE 3920 --- [    Test worker] o.h.type.descriptor.sql.BasicExtractor   : extracted value ([city2_24_] : [VARCHAR]) - [강원도]
2021-03-27 16:42:12.902 TRACE 3920 --- [    Test worker] o.h.type.descriptor.sql.BasicExtractor   : extracted value ([province3_24_] : [VARCHAR]) - [삼척시]
2021-03-27 16:42:12.902 TRACE 3920 --- [    Test worker] o.h.type.descriptor.sql.BasicExtractor   : extracted value ([zone_id1_24_] : [BIGINT]) - [161]
2021-03-27 16:42:12.902 TRACE 3920 --- [    Test worker] o.h.type.descriptor.sql.BasicExtractor   : extracted value ([city2_24_] : [VARCHAR]) - [강원도]
2021-03-27 16:42:12.902 TRACE 3920 --- [    Test worker] o.h.type.descriptor.sql.BasicExtractor   : extracted value ([province3_24_] : [VARCHAR]) - [춘천군]
2021-03-27 16:42:12.902 TRACE 3920 --- [    Test worker] o.h.type.descriptor.sql.BasicExtractor   : extracted value ([zone_id1_24_] : [BIGINT]) - [162]
2021-03-27 16:42:12.902 TRACE 3920 --- [    Test worker] o.h.type.descriptor.sql.BasicExtractor   : extracted value ([city2_24_] : [VARCHAR]) - [강원도]
2021-03-27 16:42:12.902 TRACE 3920 --- [    Test worker] o.h.type.descriptor.sql.BasicExtractor   : extracted value ([province3_24_] : [VARCHAR]) - [홍천군]
2021-03-27 16:42:12.902 TRACE 3920 --- [    Test worker] o.h.type.descriptor.sql.BasicExtractor   : extracted value ([zone_id1_24_] : [BIGINT]) - [163]
2021-03-27 16:42:12.902 TRACE 3920 --- [    Test worker] o.h.type.descriptor.sql.BasicExtractor   : extracted value ([city2_24_] : [VARCHAR]) - [강원도]
2021-03-27 16:42:12.902 TRACE 3920 --- [    Test worker] o.h.type.descriptor.sql.BasicExtractor   : extracted value ([province3_24_] : [VARCHAR]) - [횡성군]
2021-03-27 16:42:12.902 TRACE 3920 --- [    Test worker] o.h.type.descriptor.sql.BasicExtractor   : extracted value ([zone_id1_24_] : [BIGINT]) - [164]
2021-03-27 16:42:12.902 TRACE 3920 --- [    Test worker] o.h.type.descriptor.sql.BasicExtractor   : extracted value ([city2_24_] : [VARCHAR]) - [강원도]
2021-03-27 16:42:12.902 TRACE 3920 --- [    Test worker] o.h.type.descriptor.sql.BasicExtractor   : extracted value ([province3_24_] : [VARCHAR]) - [원주군]
2021-03-27 16:42:12.902 TRACE 3920 --- [    Test worker] o.h.type.descriptor.sql.BasicExtractor   : extracted value ([zone_id1_24_] : [BIGINT]) - [165]
2021-03-27 16:42:12.902 TRACE 3920 --- [    Test worker] o.h.type.descriptor.sql.BasicExtractor   : extracted value ([city2_24_] : [VARCHAR]) - [강원도]
2021-03-27 16:42:12.902 TRACE 3920 --- [    Test worker] o.h.type.descriptor.sql.BasicExtractor   : extracted value ([province3_24_] : [VARCHAR]) - [영월군]
2021-03-27 16:42:12.902 TRACE 3920 --- [    Test worker] o.h.type.descriptor.sql.BasicExtractor   : extracted value ([zone_id1_24_] : [BIGINT]) - [166]
2021-03-27 16:42:12.902 TRACE 3920 --- [    Test worker] o.h.type.descriptor.sql.BasicExtractor   : extracted value ([city2_24_] : [VARCHAR]) - [강원도]
2021-03-27 16:42:12.902 TRACE 3920 --- [    Test worker] o.h.type.descriptor.sql.BasicExtractor   : extracted value ([province3_24_] : [VARCHAR]) - [평창군]
2021-03-27 16:42:12.902 TRACE 3920 --- [    Test worker] o.h.type.descriptor.sql.BasicExtractor   : extracted value ([zone_id1_24_] : [BIGINT]) - [167]
2021-03-27 16:42:12.902 TRACE 3920 --- [    Test worker] o.h.type.descriptor.sql.BasicExtractor   : extracted value ([city2_24_] : [VARCHAR]) - [강원도]
2021-03-27 16:42:12.902 TRACE 3920 --- [    Test worker] o.h.type.descriptor.sql.BasicExtractor   : extracted value ([province3_24_] : [VARCHAR]) - [정선군]
2021-03-27 16:42:12.902 TRACE 3920 --- [    Test worker] o.h.type.descriptor.sql.BasicExtractor   : extracted value ([zone_id1_24_] : [BIGINT]) - [168]
2021-03-27 16:42:12.902 TRACE 3920 --- [    Test worker] o.h.type.descriptor.sql.BasicExtractor   : extracted value ([city2_24_] : [VARCHAR]) - [강원도]
2021-03-27 16:42:12.902 TRACE 3920 --- [    Test worker] o.h.type.descriptor.sql.BasicExtractor   : extracted value ([province3_24_] : [VARCHAR]) - [철원군]
2021-03-27 16:42:12.902 TRACE 3920 --- [    Test worker] o.h.type.descriptor.sql.BasicExtractor   : extracted value ([zone_id1_24_] : [BIGINT]) - [169]
2021-03-27 16:42:12.902 TRACE 3920 --- [    Test worker] o.h.type.descriptor.sql.BasicExtractor   : extracted value ([city2_24_] : [VARCHAR]) - [강원도]
2021-03-27 16:42:12.902 TRACE 3920 --- [    Test worker] o.h.type.descriptor.sql.BasicExtractor   : extracted value ([province3_24_] : [VARCHAR]) - [화천군]
2021-03-27 16:42:12.902 TRACE 3920 --- [    Test worker] o.h.type.descriptor.sql.BasicExtractor   : extracted value ([zone_id1_24_] : [BIGINT]) - [170]
2021-03-27 16:42:12.902 TRACE 3920 --- [    Test worker] o.h.type.descriptor.sql.BasicExtractor   : extracted value ([city2_24_] : [VARCHAR]) - [강원도]
2021-03-27 16:42:12.902 TRACE 3920 --- [    Test worker] o.h.type.descriptor.sql.BasicExtractor   : extracted value ([province3_24_] : [VARCHAR]) - [양구군]
2021-03-27 16:42:12.902 TRACE 3920 --- [    Test worker] o.h.type.descriptor.sql.BasicExtractor   : extracted value ([zone_id1_24_] : [BIGINT]) - [171]
2021-03-27 16:42:12.902 TRACE 3920 --- [    Test worker] o.h.type.descriptor.sql.BasicExtractor   : extracted value ([city2_24_] : [VARCHAR]) - [강원도]
2021-03-27 16:42:12.902 TRACE 3920 --- [    Test worker] o.h.type.descriptor.sql.BasicExtractor   : extracted value ([province3_24_] : [VARCHAR]) - [인제군]
2021-03-27 16:42:12.902 TRACE 3920 --- [    Test worker] o.h.type.descriptor.sql.BasicExtractor   : extracted value ([zone_id1_24_] : [BIGINT]) - [172]
2021-03-27 16:42:12.902 TRACE 3920 --- [    Test worker] o.h.type.descriptor.sql.BasicExtractor   : extracted value ([city2_24_] : [VARCHAR]) - [강원도]
2021-03-27 16:42:12.902 TRACE 3920 --- [    Test worker] o.h.type.descriptor.sql.BasicExtractor   : extracted value ([province3_24_] : [VARCHAR]) - [고성군]
2021-03-27 16:42:12.902 TRACE 3920 --- [    Test worker] o.h.type.descriptor.sql.BasicExtractor   : extracted value ([zone_id1_24_] : [BIGINT]) - [173]
2021-03-27 16:42:12.902 TRACE 3920 --- [    Test worker] o.h.type.descriptor.sql.BasicExtractor   : extracted value ([city2_24_] : [VARCHAR]) - [강원도]
2021-03-27 16:42:12.902 TRACE 3920 --- [    Test worker] o.h.type.descriptor.sql.BasicExtractor   : extracted value ([province3_24_] : [VARCHAR]) - [양양군]
2021-03-27 16:42:12.902 TRACE 3920 --- [    Test worker] o.h.type.descriptor.sql.BasicExtractor   : extracted value ([zone_id1_24_] : [BIGINT]) - [174]
2021-03-27 16:42:12.902 TRACE 3920 --- [    Test worker] o.h.type.descriptor.sql.BasicExtractor   : extracted value ([city2_24_] : [VARCHAR]) - [강원도]
2021-03-27 16:42:12.902 TRACE 3920 --- [    Test worker] o.h.type.descriptor.sql.BasicExtractor   : extracted value ([province3_24_] : [VARCHAR]) - [명주군]
2021-03-27 16:42:12.902 TRACE 3920 --- [    Test worker] o.h.type.descriptor.sql.BasicExtractor   : extracted value ([zone_id1_24_] : [BIGINT]) - [175]
2021-03-27 16:42:12.902 TRACE 3920 --- [    Test worker] o.h.type.descriptor.sql.BasicExtractor   : extracted value ([city2_24_] : [VARCHAR]) - [강원도]
2021-03-27 16:42:12.902 TRACE 3920 --- [    Test worker] o.h.type.descriptor.sql.BasicExtractor   : extracted value ([province3_24_] : [VARCHAR]) - [삼척군]
2021-03-27 16:42:12.902 TRACE 3920 --- [    Test worker] o.h.type.descriptor.sql.BasicExtractor   : extracted value ([zone_id1_24_] : [BIGINT]) - [176]
2021-03-27 16:42:12.902 TRACE 3920 --- [    Test worker] o.h.type.descriptor.sql.BasicExtractor   : extracted value ([city2_24_] : [VARCHAR]) - [충청북도]
2021-03-27 16:42:12.902 TRACE 3920 --- [    Test worker] o.h.type.descriptor.sql.BasicExtractor   : extracted value ([province3_24_] : [VARCHAR]) - [청주시]
2021-03-27 16:42:12.902 TRACE 3920 --- [    Test worker] o.h.type.descriptor.sql.BasicExtractor   : extracted value ([zone_id1_24_] : [BIGINT]) - [177]
2021-03-27 16:42:12.902 TRACE 3920 --- [    Test worker] o.h.type.descriptor.sql.BasicExtractor   : extracted value ([city2_24_] : [VARCHAR]) - [충청북도]
2021-03-27 16:42:12.902 TRACE 3920 --- [    Test worker] o.h.type.descriptor.sql.BasicExtractor   : extracted value ([province3_24_] : [VARCHAR]) - [서원구]
2021-03-27 16:42:12.902 TRACE 3920 --- [    Test worker] o.h.type.descriptor.sql.BasicExtractor   : extracted value ([zone_id1_24_] : [BIGINT]) - [178]
2021-03-27 16:42:12.902 TRACE 3920 --- [    Test worker] o.h.type.descriptor.sql.BasicExtractor   : extracted value ([city2_24_] : [VARCHAR]) - [충청북도]
2021-03-27 16:42:12.902 TRACE 3920 --- [    Test worker] o.h.type.descriptor.sql.BasicExtractor   : extracted value ([province3_24_] : [VARCHAR]) - [청원구]
2021-03-27 16:42:12.902 TRACE 3920 --- [    Test worker] o.h.type.descriptor.sql.BasicExtractor   : extracted value ([zone_id1_24_] : [BIGINT]) - [179]
2021-03-27 16:42:12.902 TRACE 3920 --- [    Test worker] o.h.type.descriptor.sql.BasicExtractor   : extracted value ([city2_24_] : [VARCHAR]) - [충청북도]
2021-03-27 16:42:12.902 TRACE 3920 --- [    Test worker] o.h.type.descriptor.sql.BasicExtractor   : extracted value ([province3_24_] : [VARCHAR]) - [상당구]
2021-03-27 16:42:12.902 TRACE 3920 --- [    Test worker] o.h.type.descriptor.sql.BasicExtractor   : extracted value ([zone_id1_24_] : [BIGINT]) - [180]
2021-03-27 16:42:12.902 TRACE 3920 --- [    Test worker] o.h.type.descriptor.sql.BasicExtractor   : extracted value ([city2_24_] : [VARCHAR]) - [충청북도]
2021-03-27 16:42:12.902 TRACE 3920 --- [    Test worker] o.h.type.descriptor.sql.BasicExtractor   : extracted value ([province3_24_] : [VARCHAR]) - [흥덕구]
2021-03-27 16:42:12.902 TRACE 3920 --- [    Test worker] o.h.type.descriptor.sql.BasicExtractor   : extracted value ([zone_id1_24_] : [BIGINT]) - [181]
2021-03-27 16:42:12.902 TRACE 3920 --- [    Test worker] o.h.type.descriptor.sql.BasicExtractor   : extracted value ([city2_24_] : [VARCHAR]) - [충청북도]
2021-03-27 16:42:12.902 TRACE 3920 --- [    Test worker] o.h.type.descriptor.sql.BasicExtractor   : extracted value ([province3_24_] : [VARCHAR]) - [동부출장소]
2021-03-27 16:42:12.902 TRACE 3920 --- [    Test worker] o.h.type.descriptor.sql.BasicExtractor   : extracted value ([zone_id1_24_] : [BIGINT]) - [182]
2021-03-27 16:42:12.902 TRACE 3920 --- [    Test worker] o.h.type.descriptor.sql.BasicExtractor   : extracted value ([city2_24_] : [VARCHAR]) - [충청북도]
2021-03-27 16:42:12.902 TRACE 3920 --- [    Test worker] o.h.type.descriptor.sql.BasicExtractor   : extracted value ([province3_24_] : [VARCHAR]) - [서부출장소]
2021-03-27 16:42:12.902 TRACE 3920 --- [    Test worker] o.h.type.descriptor.sql.BasicExtractor   : extracted value ([zone_id1_24_] : [BIGINT]) - [183]
2021-03-27 16:42:12.902 TRACE 3920 --- [    Test worker] o.h.type.descriptor.sql.BasicExtractor   : extracted value ([city2_24_] : [VARCHAR]) - [충청북도]
2021-03-27 16:42:12.902 TRACE 3920 --- [    Test worker] o.h.type.descriptor.sql.BasicExtractor   : extracted value ([province3_24_] : [VARCHAR]) - [충주시]
2021-03-27 16:42:12.902 TRACE 3920 --- [    Test worker] o.h.type.descriptor.sql.BasicExtractor   : extracted value ([zone_id1_24_] : [BIGINT]) - [184]
2021-03-27 16:42:12.902 TRACE 3920 --- [    Test worker] o.h.type.descriptor.sql.BasicExtractor   : extracted value ([city2_24_] : [VARCHAR]) - [충청북도]
2021-03-27 16:42:12.902 TRACE 3920 --- [    Test worker] o.h.type.descriptor.sql.BasicExtractor   : extracted value ([province3_24_] : [VARCHAR]) - [제천시]
2021-03-27 16:42:12.902 TRACE 3920 --- [    Test worker] o.h.type.descriptor.sql.BasicExtractor   : extracted value ([zone_id1_24_] : [BIGINT]) - [185]
2021-03-27 16:42:12.902 TRACE 3920 --- [    Test worker] o.h.type.descriptor.sql.BasicExtractor   : extracted value ([city2_24_] : [VARCHAR]) - [충청북도]
2021-03-27 16:42:12.902 TRACE 3920 --- [    Test worker] o.h.type.descriptor.sql.BasicExtractor   : extracted value ([province3_24_] : [VARCHAR]) - [청원군]
2021-03-27 16:42:12.902 TRACE 3920 --- [    Test worker] o.h.type.descriptor.sql.BasicExtractor   : extracted value ([zone_id1_24_] : [BIGINT]) - [186]
2021-03-27 16:42:12.902 TRACE 3920 --- [    Test worker] o.h.type.descriptor.sql.BasicExtractor   : extracted value ([city2_24_] : [VARCHAR]) - [충청북도]
2021-03-27 16:42:12.902 TRACE 3920 --- [    Test worker] o.h.type.descriptor.sql.BasicExtractor   : extracted value ([province3_24_] : [VARCHAR]) - [보은군]
2021-03-27 16:42:12.902 TRACE 3920 --- [    Test worker] o.h.type.descriptor.sql.BasicExtractor   : extracted value ([zone_id1_24_] : [BIGINT]) - [187]
2021-03-27 16:42:12.902 TRACE 3920 --- [    Test worker] o.h.type.descriptor.sql.BasicExtractor   : extracted value ([city2_24_] : [VARCHAR]) - [충청북도]
2021-03-27 16:42:12.902 TRACE 3920 --- [    Test worker] o.h.type.descriptor.sql.BasicExtractor   : extracted value ([province3_24_] : [VARCHAR]) - [옥천군]
2021-03-27 16:42:12.902 TRACE 3920 --- [    Test worker] o.h.type.descriptor.sql.BasicExtractor   : extracted value ([zone_id1_24_] : [BIGINT]) - [188]
2021-03-27 16:42:12.902 TRACE 3920 --- [    Test worker] o.h.type.descriptor.sql.BasicExtractor   : extracted value ([city2_24_] : [VARCHAR]) - [충청북도]
2021-03-27 16:42:12.902 TRACE 3920 --- [    Test worker] o.h.type.descriptor.sql.BasicExtractor   : extracted value ([province3_24_] : [VARCHAR]) - [영동군]
2021-03-27 16:42:12.902 TRACE 3920 --- [    Test worker] o.h.type.descriptor.sql.BasicExtractor   : extracted value ([zone_id1_24_] : [BIGINT]) - [189]
2021-03-27 16:42:12.902 TRACE 3920 --- [    Test worker] o.h.type.descriptor.sql.BasicExtractor   : extracted value ([city2_24_] : [VARCHAR]) - [충청북도]
2021-03-27 16:42:12.902 TRACE 3920 --- [    Test worker] o.h.type.descriptor.sql.BasicExtractor   : extracted value ([province3_24_] : [VARCHAR]) - [증평군]
2021-03-27 16:42:12.902 TRACE 3920 --- [    Test worker] o.h.type.descriptor.sql.BasicExtractor   : extracted value ([zone_id1_24_] : [BIGINT]) - [190]
2021-03-27 16:42:12.902 TRACE 3920 --- [    Test worker] o.h.type.descriptor.sql.BasicExtractor   : extracted value ([city2_24_] : [VARCHAR]) - [충청북도]
2021-03-27 16:42:12.902 TRACE 3920 --- [    Test worker] o.h.type.descriptor.sql.BasicExtractor   : extracted value ([province3_24_] : [VARCHAR]) - [진천군]
2021-03-27 16:42:12.902 TRACE 3920 --- [    Test worker] o.h.type.descriptor.sql.BasicExtractor   : extracted value ([zone_id1_24_] : [BIGINT]) - [191]
2021-03-27 16:42:12.902 TRACE 3920 --- [    Test worker] o.h.type.descriptor.sql.BasicExtractor   : extracted value ([city2_24_] : [VARCHAR]) - [충청북도]
2021-03-27 16:42:12.902 TRACE 3920 --- [    Test worker] o.h.type.descriptor.sql.BasicExtractor   : extracted value ([province3_24_] : [VARCHAR]) - [괴산군]
2021-03-27 16:42:12.902 TRACE 3920 --- [    Test worker] o.h.type.descriptor.sql.BasicExtractor   : extracted value ([zone_id1_24_] : [BIGINT]) - [192]
2021-03-27 16:42:12.902 TRACE 3920 --- [    Test worker] o.h.type.descriptor.sql.BasicExtractor   : extracted value ([city2_24_] : [VARCHAR]) - [충청북도]
2021-03-27 16:42:12.902 TRACE 3920 --- [    Test worker] o.h.type.descriptor.sql.BasicExtractor   : extracted value ([province3_24_] : [VARCHAR]) - [음성군]
2021-03-27 16:42:12.902 TRACE 3920 --- [    Test worker] o.h.type.descriptor.sql.BasicExtractor   : extracted value ([zone_id1_24_] : [BIGINT]) - [193]
2021-03-27 16:42:12.902 TRACE 3920 --- [    Test worker] o.h.type.descriptor.sql.BasicExtractor   : extracted value ([city2_24_] : [VARCHAR]) - [충청북도]
2021-03-27 16:42:12.902 TRACE 3920 --- [    Test worker] o.h.type.descriptor.sql.BasicExtractor   : extracted value ([province3_24_] : [VARCHAR]) - [중원군]
2021-03-27 16:42:12.902 TRACE 3920 --- [    Test worker] o.h.type.descriptor.sql.BasicExtractor   : extracted value ([zone_id1_24_] : [BIGINT]) - [194]
2021-03-27 16:42:12.902 TRACE 3920 --- [    Test worker] o.h.type.descriptor.sql.BasicExtractor   : extracted value ([city2_24_] : [VARCHAR]) - [충청북도]
2021-03-27 16:42:12.902 TRACE 3920 --- [    Test worker] o.h.type.descriptor.sql.BasicExtractor   : extracted value ([province3_24_] : [VARCHAR]) - [제천군]
2021-03-27 16:42:12.902 TRACE 3920 --- [    Test worker] o.h.type.descriptor.sql.BasicExtractor   : extracted value ([zone_id1_24_] : [BIGINT]) - [195]
2021-03-27 16:42:12.902 TRACE 3920 --- [    Test worker] o.h.type.descriptor.sql.BasicExtractor   : extracted value ([city2_24_] : [VARCHAR]) - [충청북도]
2021-03-27 16:42:12.902 TRACE 3920 --- [    Test worker] o.h.type.descriptor.sql.BasicExtractor   : extracted value ([province3_24_] : [VARCHAR]) - [단양군]
2021-03-27 16:42:12.902 TRACE 3920 --- [    Test worker] o.h.type.descriptor.sql.BasicExtractor   : extracted value ([zone_id1_24_] : [BIGINT]) - [196]
2021-03-27 16:42:12.902 TRACE 3920 --- [    Test worker] o.h.type.descriptor.sql.BasicExtractor   : extracted value ([city2_24_] : [VARCHAR]) - [충청북도]
2021-03-27 16:42:12.902 TRACE 3920 --- [    Test worker] o.h.type.descriptor.sql.BasicExtractor   : extracted value ([province3_24_] : [VARCHAR]) - [증평출장소]
2021-03-27 16:42:12.902 TRACE 3920 --- [    Test worker] o.h.type.descriptor.sql.BasicExtractor   : extracted value ([zone_id1_24_] : [BIGINT]) - [197]
2021-03-27 16:42:12.902 TRACE 3920 --- [    Test worker] o.h.type.descriptor.sql.BasicExtractor   : extracted value ([city2_24_] : [VARCHAR]) - [충청남도]
2021-03-27 16:42:12.902 TRACE 3920 --- [    Test worker] o.h.type.descriptor.sql.BasicExtractor   : extracted value ([province3_24_] : [VARCHAR]) - [당진시]
2021-03-27 16:42:12.902 TRACE 3920 --- [    Test worker] o.h.type.descriptor.sql.BasicExtractor   : extracted value ([zone_id1_24_] : [BIGINT]) - [198]
2021-03-27 16:42:12.902 TRACE 3920 --- [    Test worker] o.h.type.descriptor.sql.BasicExtractor   : extracted value ([city2_24_] : [VARCHAR]) - [충청남도]
2021-03-27 16:42:12.902 TRACE 3920 --- [    Test worker] o.h.type.descriptor.sql.BasicExtractor   : extracted value ([province3_24_] : [VARCHAR]) - [천안시]
2021-03-27 16:42:12.902 TRACE 3920 --- [    Test worker] o.h.type.descriptor.sql.BasicExtractor   : extracted value ([zone_id1_24_] : [BIGINT]) - [199]
2021-03-27 16:42:12.902 TRACE 3920 --- [    Test worker] o.h.type.descriptor.sql.BasicExtractor   : extracted value ([city2_24_] : [VARCHAR]) - [충청남도]
2021-03-27 16:42:12.902 TRACE 3920 --- [    Test worker] o.h.type.descriptor.sql.BasicExtractor   : extracted value ([province3_24_] : [VARCHAR]) - [동남구]
2021-03-27 16:42:12.902 TRACE 3920 --- [    Test worker] o.h.type.descriptor.sql.BasicExtractor   : extracted value ([zone_id1_24_] : [BIGINT]) - [200]
2021-03-27 16:42:12.902 TRACE 3920 --- [    Test worker] o.h.type.descriptor.sql.BasicExtractor   : extracted value ([city2_24_] : [VARCHAR]) - [충청남도]
2021-03-27 16:42:12.902 TRACE 3920 --- [    Test worker] o.h.type.descriptor.sql.BasicExtractor   : extracted value ([province3_24_] : [VARCHAR]) - [서북구]
2021-03-27 16:42:12.902 TRACE 3920 --- [    Test worker] o.h.type.descriptor.sql.BasicExtractor   : extracted value ([zone_id1_24_] : [BIGINT]) - [201]
2021-03-27 16:42:12.902 TRACE 3920 --- [    Test worker] o.h.type.descriptor.sql.BasicExtractor   : extracted value ([city2_24_] : [VARCHAR]) - [충청남도]
2021-03-27 16:42:12.902 TRACE 3920 --- [    Test worker] o.h.type.descriptor.sql.BasicExtractor   : extracted value ([province3_24_] : [VARCHAR]) - [공주시]
2021-03-27 16:42:12.902 TRACE 3920 --- [    Test worker] o.h.type.descriptor.sql.BasicExtractor   : extracted value ([zone_id1_24_] : [BIGINT]) - [202]
2021-03-27 16:42:12.902 TRACE 3920 --- [    Test worker] o.h.type.descriptor.sql.BasicExtractor   : extracted value ([city2_24_] : [VARCHAR]) - [충청남도]
2021-03-27 16:42:12.902 TRACE 3920 --- [    Test worker] o.h.type.descriptor.sql.BasicExtractor   : extracted value ([province3_24_] : [VARCHAR]) - [대천시]
2021-03-27 16:42:12.902 TRACE 3920 --- [    Test worker] o.h.type.descriptor.sql.BasicExtractor   : extracted value ([zone_id1_24_] : [BIGINT]) - [203]
2021-03-27 16:42:12.902 TRACE 3920 --- [    Test worker] o.h.type.descriptor.sql.BasicExtractor   : extracted value ([city2_24_] : [VARCHAR]) - [충청남도]
2021-03-27 16:42:12.902 TRACE 3920 --- [    Test worker] o.h.type.descriptor.sql.BasicExtractor   : extracted value ([province3_24_] : [VARCHAR]) - [보령시]
2021-03-27 16:42:12.902 TRACE 3920 --- [    Test worker] o.h.type.descriptor.sql.BasicExtractor   : extracted value ([zone_id1_24_] : [BIGINT]) - [204]
2021-03-27 16:42:12.902 TRACE 3920 --- [    Test worker] o.h.type.descriptor.sql.BasicExtractor   : extracted value ([city2_24_] : [VARCHAR]) - [충청남도]
2021-03-27 16:42:12.902 TRACE 3920 --- [    Test worker] o.h.type.descriptor.sql.BasicExtractor   : extracted value ([province3_24_] : [VARCHAR]) - [온양시]
2021-03-27 16:42:12.902 TRACE 3920 --- [    Test worker] o.h.type.descriptor.sql.BasicExtractor   : extracted value ([zone_id1_24_] : [BIGINT]) - [205]
2021-03-27 16:42:12.902 TRACE 3920 --- [    Test worker] o.h.type.descriptor.sql.BasicExtractor   : extracted value ([city2_24_] : [VARCHAR]) - [충청남도]
2021-03-27 16:42:12.902 TRACE 3920 --- [    Test worker] o.h.type.descriptor.sql.BasicExtractor   : extracted value ([province3_24_] : [VARCHAR]) - [아산시]
2021-03-27 16:42:12.902 TRACE 3920 --- [    Test worker] o.h.type.descriptor.sql.BasicExtractor   : extracted value ([zone_id1_24_] : [BIGINT]) - [206]
2021-03-27 16:42:12.902 TRACE 3920 --- [    Test worker] o.h.type.descriptor.sql.BasicExtractor   : extracted value ([city2_24_] : [VARCHAR]) - [충청남도]
2021-03-27 16:42:12.902 TRACE 3920 --- [    Test worker] o.h.type.descriptor.sql.BasicExtractor   : extracted value ([province3_24_] : [VARCHAR]) - [서산시]
2021-03-27 16:42:12.902 TRACE 3920 --- [    Test worker] o.h.type.descriptor.sql.BasicExtractor   : extracted value ([zone_id1_24_] : [BIGINT]) - [207]
2021-03-27 16:42:12.902 TRACE 3920 --- [    Test worker] o.h.type.descriptor.sql.BasicExtractor   : extracted value ([city2_24_] : [VARCHAR]) - [충청남도]
2021-03-27 16:42:12.902 TRACE 3920 --- [    Test worker] o.h.type.descriptor.sql.BasicExtractor   : extracted value ([province3_24_] : [VARCHAR]) - [계룡출장소]
2021-03-27 16:42:12.902 TRACE 3920 --- [    Test worker] o.h.type.descriptor.sql.BasicExtractor   : extracted value ([zone_id1_24_] : [BIGINT]) - [208]
2021-03-27 16:42:12.902 TRACE 3920 --- [    Test worker] o.h.type.descriptor.sql.BasicExtractor   : extracted value ([city2_24_] : [VARCHAR]) - [충청남도]
2021-03-27 16:42:12.902 TRACE 3920 --- [    Test worker] o.h.type.descriptor.sql.BasicExtractor   : extracted value ([province3_24_] : [VARCHAR]) - [논산시]
2021-03-27 16:42:12.902 TRACE 3920 --- [    Test worker] o.h.type.descriptor.sql.BasicExtractor   : extracted value ([zone_id1_24_] : [BIGINT]) - [209]
2021-03-27 16:42:12.902 TRACE 3920 --- [    Test worker] o.h.type.descriptor.sql.BasicExtractor   : extracted value ([city2_24_] : [VARCHAR]) - [충청남도]
2021-03-27 16:42:12.902 TRACE 3920 --- [    Test worker] o.h.type.descriptor.sql.BasicExtractor   : extracted value ([province3_24_] : [VARCHAR]) - [계룡시]
2021-03-27 16:42:12.902 TRACE 3920 --- [    Test worker] o.h.type.descriptor.sql.BasicExtractor   : extracted value ([zone_id1_24_] : [BIGINT]) - [210]
2021-03-27 16:42:12.902 TRACE 3920 --- [    Test worker] o.h.type.descriptor.sql.BasicExtractor   : extracted value ([city2_24_] : [VARCHAR]) - [충청남도]
2021-03-27 16:42:12.902 TRACE 3920 --- [    Test worker] o.h.type.descriptor.sql.BasicExtractor   : extracted value ([province3_24_] : [VARCHAR]) - [금산군]
2021-03-27 16:42:12.902 TRACE 3920 --- [    Test worker] o.h.type.descriptor.sql.BasicExtractor   : extracted value ([zone_id1_24_] : [BIGINT]) - [211]
2021-03-27 16:42:12.902 TRACE 3920 --- [    Test worker] o.h.type.descriptor.sql.BasicExtractor   : extracted value ([city2_24_] : [VARCHAR]) - [충청남도]
2021-03-27 16:42:12.902 TRACE 3920 --- [    Test worker] o.h.type.descriptor.sql.BasicExtractor   : extracted value ([province3_24_] : [VARCHAR]) - [연기군]
2021-03-27 16:42:12.902 TRACE 3920 --- [    Test worker] o.h.type.descriptor.sql.BasicExtractor   : extracted value ([zone_id1_24_] : [BIGINT]) - [212]
2021-03-27 16:42:12.902 TRACE 3920 --- [    Test worker] o.h.type.descriptor.sql.BasicExtractor   : extracted value ([city2_24_] : [VARCHAR]) - [충청남도]
2021-03-27 16:42:12.902 TRACE 3920 --- [    Test worker] o.h.type.descriptor.sql.BasicExtractor   : extracted value ([province3_24_] : [VARCHAR]) - [공주군]
2021-03-27 16:42:12.902 TRACE 3920 --- [    Test worker] o.h.type.descriptor.sql.BasicExtractor   : extracted value ([zone_id1_24_] : [BIGINT]) - [213]
2021-03-27 16:42:12.902 TRACE 3920 --- [    Test worker] o.h.type.descriptor.sql.BasicExtractor   : extracted value ([city2_24_] : [VARCHAR]) - [충청남도]
2021-03-27 16:42:12.902 TRACE 3920 --- [    Test worker] o.h.type.descriptor.sql.BasicExtractor   : extracted value ([province3_24_] : [VARCHAR]) - [논산군]
2021-03-27 16:42:12.902 TRACE 3920 --- [    Test worker] o.h.type.descriptor.sql.BasicExtractor   : extracted value ([zone_id1_24_] : [BIGINT]) - [214]
2021-03-27 16:42:12.902 TRACE 3920 --- [    Test worker] o.h.type.descriptor.sql.BasicExtractor   : extracted value ([city2_24_] : [VARCHAR]) - [충청남도]
2021-03-27 16:42:12.902 TRACE 3920 --- [    Test worker] o.h.type.descriptor.sql.BasicExtractor   : extracted value ([province3_24_] : [VARCHAR]) - [부여군]
2021-03-27 16:42:12.902 TRACE 3920 --- [    Test worker] o.h.type.descriptor.sql.BasicExtractor   : extracted value ([zone_id1_24_] : [BIGINT]) - [215]
2021-03-27 16:42:12.902 TRACE 3920 --- [    Test worker] o.h.type.descriptor.sql.BasicExtractor   : extracted value ([city2_24_] : [VARCHAR]) - [충청남도]
2021-03-27 16:42:12.902 TRACE 3920 --- [    Test worker] o.h.type.descriptor.sql.BasicExtractor   : extracted value ([province3_24_] : [VARCHAR]) - [서천군]
2021-03-27 16:42:12.902 TRACE 3920 --- [    Test worker] o.h.type.descriptor.sql.BasicExtractor   : extracted value ([zone_id1_24_] : [BIGINT]) - [216]
2021-03-27 16:42:12.902 TRACE 3920 --- [    Test worker] o.h.type.descriptor.sql.BasicExtractor   : extracted value ([city2_24_] : [VARCHAR]) - [충청남도]
2021-03-27 16:42:12.902 TRACE 3920 --- [    Test worker] o.h.type.descriptor.sql.BasicExtractor   : extracted value ([province3_24_] : [VARCHAR]) - [보령군]
2021-03-27 16:42:12.902 TRACE 3920 --- [    Test worker] o.h.type.descriptor.sql.BasicExtractor   : extracted value ([zone_id1_24_] : [BIGINT]) - [217]
2021-03-27 16:42:12.902 TRACE 3920 --- [    Test worker] o.h.type.descriptor.sql.BasicExtractor   : extracted value ([city2_24_] : [VARCHAR]) - [충청남도]
2021-03-27 16:42:12.902 TRACE 3920 --- [    Test worker] o.h.type.descriptor.sql.BasicExtractor   : extracted value ([province3_24_] : [VARCHAR]) - [청양군]
2021-03-27 16:42:12.902 TRACE 3920 --- [    Test worker] o.h.type.descriptor.sql.BasicExtractor   : extracted value ([zone_id1_24_] : [BIGINT]) - [218]
2021-03-27 16:42:12.902 TRACE 3920 --- [    Test worker] o.h.type.descriptor.sql.BasicExtractor   : extracted value ([city2_24_] : [VARCHAR]) - [충청남도]
2021-03-27 16:42:12.902 TRACE 3920 --- [    Test worker] o.h.type.descriptor.sql.BasicExtractor   : extracted value ([province3_24_] : [VARCHAR]) - [홍성군]
2021-03-27 16:42:12.902 TRACE 3920 --- [    Test worker] o.h.type.descriptor.sql.BasicExtractor   : extracted value ([zone_id1_24_] : [BIGINT]) - [219]
2021-03-27 16:42:12.902 TRACE 3920 --- [    Test worker] o.h.type.descriptor.sql.BasicExtractor   : extracted value ([city2_24_] : [VARCHAR]) - [충청남도]
2021-03-27 16:42:12.902 TRACE 3920 --- [    Test worker] o.h.type.descriptor.sql.BasicExtractor   : extracted value ([province3_24_] : [VARCHAR]) - [예산군]
2021-03-27 16:42:12.902 TRACE 3920 --- [    Test worker] o.h.type.descriptor.sql.BasicExtractor   : extracted value ([zone_id1_24_] : [BIGINT]) - [220]
2021-03-27 16:42:12.902 TRACE 3920 --- [    Test worker] o.h.type.descriptor.sql.BasicExtractor   : extracted value ([city2_24_] : [VARCHAR]) - [충청남도]
2021-03-27 16:42:12.902 TRACE 3920 --- [    Test worker] o.h.type.descriptor.sql.BasicExtractor   : extracted value ([province3_24_] : [VARCHAR]) - [서산군]
2021-03-27 16:42:12.902 TRACE 3920 --- [    Test worker] o.h.type.descriptor.sql.BasicExtractor   : extracted value ([zone_id1_24_] : [BIGINT]) - [221]
2021-03-27 16:42:12.902 TRACE 3920 --- [    Test worker] o.h.type.descriptor.sql.BasicExtractor   : extracted value ([city2_24_] : [VARCHAR]) - [충청남도]
2021-03-27 16:42:12.902 TRACE 3920 --- [    Test worker] o.h.type.descriptor.sql.BasicExtractor   : extracted value ([province3_24_] : [VARCHAR]) - [태안군]
2021-03-27 16:42:12.902 TRACE 3920 --- [    Test worker] o.h.type.descriptor.sql.BasicExtractor   : extracted value ([zone_id1_24_] : [BIGINT]) - [222]
2021-03-27 16:42:12.902 TRACE 3920 --- [    Test worker] o.h.type.descriptor.sql.BasicExtractor   : extracted value ([city2_24_] : [VARCHAR]) - [충청남도]
2021-03-27 16:42:12.902 TRACE 3920 --- [    Test worker] o.h.type.descriptor.sql.BasicExtractor   : extracted value ([province3_24_] : [VARCHAR]) - [당진군]
2021-03-27 16:42:12.902 TRACE 3920 --- [    Test worker] o.h.type.descriptor.sql.BasicExtractor   : extracted value ([zone_id1_24_] : [BIGINT]) - [223]
2021-03-27 16:42:12.902 TRACE 3920 --- [    Test worker] o.h.type.descriptor.sql.BasicExtractor   : extracted value ([city2_24_] : [VARCHAR]) - [충청남도]
2021-03-27 16:42:12.902 TRACE 3920 --- [    Test worker] o.h.type.descriptor.sql.BasicExtractor   : extracted value ([province3_24_] : [VARCHAR]) - [아산군]
2021-03-27 16:42:12.902 TRACE 3920 --- [    Test worker] o.h.type.descriptor.sql.BasicExtractor   : extracted value ([zone_id1_24_] : [BIGINT]) - [224]
2021-03-27 16:42:12.902 TRACE 3920 --- [    Test worker] o.h.type.descriptor.sql.BasicExtractor   : extracted value ([city2_24_] : [VARCHAR]) - [충청남도]
2021-03-27 16:42:12.902 TRACE 3920 --- [    Test worker] o.h.type.descriptor.sql.BasicExtractor   : extracted value ([province3_24_] : [VARCHAR]) - [천안군]
2021-03-27 16:42:12.902 TRACE 3920 --- [    Test worker] o.h.type.descriptor.sql.BasicExtractor   : extracted value ([zone_id1_24_] : [BIGINT]) - [225]
2021-03-27 16:42:12.902 TRACE 3920 --- [    Test worker] o.h.type.descriptor.sql.BasicExtractor   : extracted value ([city2_24_] : [VARCHAR]) - [전라북도]
2021-03-27 16:42:12.902 TRACE 3920 --- [    Test worker] o.h.type.descriptor.sql.BasicExtractor   : extracted value ([province3_24_] : [VARCHAR]) - [전주시]
2021-03-27 16:42:12.902 TRACE 3920 --- [    Test worker] o.h.type.descriptor.sql.BasicExtractor   : extracted value ([zone_id1_24_] : [BIGINT]) - [226]
2021-03-27 16:42:12.902 TRACE 3920 --- [    Test worker] o.h.type.descriptor.sql.BasicExtractor   : extracted value ([city2_24_] : [VARCHAR]) - [전라북도]
2021-03-27 16:42:12.902 TRACE 3920 --- [    Test worker] o.h.type.descriptor.sql.BasicExtractor   : extracted value ([province3_24_] : [VARCHAR]) - [완산구]
2021-03-27 16:42:12.902 TRACE 3920 --- [    Test worker] o.h.type.descriptor.sql.BasicExtractor   : extracted value ([zone_id1_24_] : [BIGINT]) - [227]
2021-03-27 16:42:12.902 TRACE 3920 --- [    Test worker] o.h.type.descriptor.sql.BasicExtractor   : extracted value ([city2_24_] : [VARCHAR]) - [전라북도]
2021-03-27 16:42:12.902 TRACE 3920 --- [    Test worker] o.h.type.descriptor.sql.BasicExtractor   : extracted value ([province3_24_] : [VARCHAR]) - [덕진구]
2021-03-27 16:42:12.902 TRACE 3920 --- [    Test worker] o.h.type.descriptor.sql.BasicExtractor   : extracted value ([zone_id1_24_] : [BIGINT]) - [228]
2021-03-27 16:42:12.902 TRACE 3920 --- [    Test worker] o.h.type.descriptor.sql.BasicExtractor   : extracted value ([city2_24_] : [VARCHAR]) - [전라북도]
2021-03-27 16:42:12.902 TRACE 3920 --- [    Test worker] o.h.type.descriptor.sql.BasicExtractor   : extracted value ([province3_24_] : [VARCHAR]) - [전주시효자출장소]
2021-03-27 16:42:12.902 TRACE 3920 --- [    Test worker] o.h.type.descriptor.sql.BasicExtractor   : extracted value ([zone_id1_24_] : [BIGINT]) - [229]
2021-03-27 16:42:12.902 TRACE 3920 --- [    Test worker] o.h.type.descriptor.sql.BasicExtractor   : extracted value ([city2_24_] : [VARCHAR]) - [전라북도]
2021-03-27 16:42:12.902 TRACE 3920 --- [    Test worker] o.h.type.descriptor.sql.BasicExtractor   : extracted value ([province3_24_] : [VARCHAR]) - [군산시]
2021-03-27 16:42:12.902 TRACE 3920 --- [    Test worker] o.h.type.descriptor.sql.BasicExtractor   : extracted value ([zone_id1_24_] : [BIGINT]) - [230]
2021-03-27 16:42:12.902 TRACE 3920 --- [    Test worker] o.h.type.descriptor.sql.BasicExtractor   : extracted value ([city2_24_] : [VARCHAR]) - [전라북도]
2021-03-27 16:42:12.902 TRACE 3920 --- [    Test worker] o.h.type.descriptor.sql.BasicExtractor   : extracted value ([province3_24_] : [VARCHAR]) - [익산시]
2021-03-27 16:42:12.902 TRACE 3920 --- [    Test worker] o.h.type.descriptor.sql.BasicExtractor   : extracted value ([zone_id1_24_] : [BIGINT]) - [231]
2021-03-27 16:42:12.902 TRACE 3920 --- [    Test worker] o.h.type.descriptor.sql.BasicExtractor   : extracted value ([city2_24_] : [VARCHAR]) - [전라북도]
2021-03-27 16:42:12.902 TRACE 3920 --- [    Test worker] o.h.type.descriptor.sql.BasicExtractor   : extracted value ([province3_24_] : [VARCHAR]) - [익산시함열출장소]
2021-03-27 16:42:12.902 TRACE 3920 --- [    Test worker] o.h.type.descriptor.sql.BasicExtractor   : extracted value ([zone_id1_24_] : [BIGINT]) - [232]
2021-03-27 16:42:12.902 TRACE 3920 --- [    Test worker] o.h.type.descriptor.sql.BasicExtractor   : extracted value ([city2_24_] : [VARCHAR]) - [전라북도]
2021-03-27 16:42:12.902 TRACE 3920 --- [    Test worker] o.h.type.descriptor.sql.BasicExtractor   : extracted value ([province3_24_] : [VARCHAR]) - [정읍시]
2021-03-27 16:42:12.902 TRACE 3920 --- [    Test worker] o.h.type.descriptor.sql.BasicExtractor   : extracted value ([zone_id1_24_] : [BIGINT]) - [233]
2021-03-27 16:42:12.902 TRACE 3920 --- [    Test worker] o.h.type.descriptor.sql.BasicExtractor   : extracted value ([city2_24_] : [VARCHAR]) - [전라북도]
2021-03-27 16:42:12.902 TRACE 3920 --- [    Test worker] o.h.type.descriptor.sql.BasicExtractor   : extracted value ([province3_24_] : [VARCHAR]) - [남원시]
2021-03-27 16:42:12.902 TRACE 3920 --- [    Test worker] o.h.type.descriptor.sql.BasicExtractor   : extracted value ([zone_id1_24_] : [BIGINT]) - [234]
2021-03-27 16:42:12.902 TRACE 3920 --- [    Test worker] o.h.type.descriptor.sql.BasicExtractor   : extracted value ([city2_24_] : [VARCHAR]) - [전라북도]
2021-03-27 16:42:12.902 TRACE 3920 --- [    Test worker] o.h.type.descriptor.sql.BasicExtractor   : extracted value ([province3_24_] : [VARCHAR]) - [김제시]
2021-03-27 16:42:12.902 TRACE 3920 --- [    Test worker] o.h.type.descriptor.sql.BasicExtractor   : extracted value ([zone_id1_24_] : [BIGINT]) - [235]
2021-03-27 16:42:12.902 TRACE 3920 --- [    Test worker] o.h.type.descriptor.sql.BasicExtractor   : extracted value ([city2_24_] : [VARCHAR]) - [전라북도]
2021-03-27 16:42:12.902 TRACE 3920 --- [    Test worker] o.h.type.descriptor.sql.BasicExtractor   : extracted value ([province3_24_] : [VARCHAR]) - [완주군]
2021-03-27 16:42:12.902 TRACE 3920 --- [    Test worker] o.h.type.descriptor.sql.BasicExtractor   : extracted value ([zone_id1_24_] : [BIGINT]) - [236]
2021-03-27 16:42:12.902 TRACE 3920 --- [    Test worker] o.h.type.descriptor.sql.BasicExtractor   : extracted value ([city2_24_] : [VARCHAR]) - [전라북도]
2021-03-27 16:42:12.902 TRACE 3920 --- [    Test worker] o.h.type.descriptor.sql.BasicExtractor   : extracted value ([province3_24_] : [VARCHAR]) - [진안군]
2021-03-27 16:42:12.902 TRACE 3920 --- [    Test worker] o.h.type.descriptor.sql.BasicExtractor   : extracted value ([zone_id1_24_] : [BIGINT]) - [237]
2021-03-27 16:42:12.902 TRACE 3920 --- [    Test worker] o.h.type.descriptor.sql.BasicExtractor   : extracted value ([city2_24_] : [VARCHAR]) - [전라북도]
2021-03-27 16:42:12.902 TRACE 3920 --- [    Test worker] o.h.type.descriptor.sql.BasicExtractor   : extracted value ([province3_24_] : [VARCHAR]) - [무주군]
2021-03-27 16:42:12.902 TRACE 3920 --- [    Test worker] o.h.type.descriptor.sql.BasicExtractor   : extracted value ([zone_id1_24_] : [BIGINT]) - [238]
2021-03-27 16:42:12.902 TRACE 3920 --- [    Test worker] o.h.type.descriptor.sql.BasicExtractor   : extracted value ([city2_24_] : [VARCHAR]) - [전라북도]
2021-03-27 16:42:12.902 TRACE 3920 --- [    Test worker] o.h.type.descriptor.sql.BasicExtractor   : extracted value ([province3_24_] : [VARCHAR]) - [장수군]
2021-03-27 16:42:12.902 TRACE 3920 --- [    Test worker] o.h.type.descriptor.sql.BasicExtractor   : extracted value ([zone_id1_24_] : [BIGINT]) - [239]
2021-03-27 16:42:12.902 TRACE 3920 --- [    Test worker] o.h.type.descriptor.sql.BasicExtractor   : extracted value ([city2_24_] : [VARCHAR]) - [전라북도]
2021-03-27 16:42:12.902 TRACE 3920 --- [    Test worker] o.h.type.descriptor.sql.BasicExtractor   : extracted value ([province3_24_] : [VARCHAR]) - [임실군]
2021-03-27 16:42:12.902 TRACE 3920 --- [    Test worker] o.h.type.descriptor.sql.BasicExtractor   : extracted value ([zone_id1_24_] : [BIGINT]) - [240]
2021-03-27 16:42:12.902 TRACE 3920 --- [    Test worker] o.h.type.descriptor.sql.BasicExtractor   : extracted value ([city2_24_] : [VARCHAR]) - [전라북도]
2021-03-27 16:42:12.902 TRACE 3920 --- [    Test worker] o.h.type.descriptor.sql.BasicExtractor   : extracted value ([province3_24_] : [VARCHAR]) - [남원군]
2021-03-27 16:42:12.902 TRACE 3920 --- [    Test worker] o.h.type.descriptor.sql.BasicExtractor   : extracted value ([zone_id1_24_] : [BIGINT]) - [241]
2021-03-27 16:42:12.902 TRACE 3920 --- [    Test worker] o.h.type.descriptor.sql.BasicExtractor   : extracted value ([city2_24_] : [VARCHAR]) - [전라북도]
2021-03-27 16:42:12.902 TRACE 3920 --- [    Test worker] o.h.type.descriptor.sql.BasicExtractor   : extracted value ([province3_24_] : [VARCHAR]) - [순창군]
2021-03-27 16:42:12.902 TRACE 3920 --- [    Test worker] o.h.type.descriptor.sql.BasicExtractor   : extracted value ([zone_id1_24_] : [BIGINT]) - [242]
2021-03-27 16:42:12.902 TRACE 3920 --- [    Test worker] o.h.type.descriptor.sql.BasicExtractor   : extracted value ([city2_24_] : [VARCHAR]) - [전라북도]
2021-03-27 16:42:12.902 TRACE 3920 --- [    Test worker] o.h.type.descriptor.sql.BasicExtractor   : extracted value ([province3_24_] : [VARCHAR]) - [정읍군]
2021-03-27 16:42:12.902 TRACE 3920 --- [    Test worker] o.h.type.descriptor.sql.BasicExtractor   : extracted value ([zone_id1_24_] : [BIGINT]) - [243]
2021-03-27 16:42:12.902 TRACE 3920 --- [    Test worker] o.h.type.descriptor.sql.BasicExtractor   : extracted value ([city2_24_] : [VARCHAR]) - [전라북도]
2021-03-27 16:42:12.902 TRACE 3920 --- [    Test worker] o.h.type.descriptor.sql.BasicExtractor   : extracted value ([province3_24_] : [VARCHAR]) - [고창군]
2021-03-27 16:42:12.902 TRACE 3920 --- [    Test worker] o.h.type.descriptor.sql.BasicExtractor   : extracted value ([zone_id1_24_] : [BIGINT]) - [244]
2021-03-27 16:42:12.902 TRACE 3920 --- [    Test worker] o.h.type.descriptor.sql.BasicExtractor   : extracted value ([city2_24_] : [VARCHAR]) - [전라북도]
2021-03-27 16:42:12.902 TRACE 3920 --- [    Test worker] o.h.type.descriptor.sql.BasicExtractor   : extracted value ([province3_24_] : [VARCHAR]) - [부안군]
2021-03-27 16:42:12.902 TRACE 3920 --- [    Test worker] o.h.type.descriptor.sql.BasicExtractor   : extracted value ([zone_id1_24_] : [BIGINT]) - [245]
2021-03-27 16:42:12.902 TRACE 3920 --- [    Test worker] o.h.type.descriptor.sql.BasicExtractor   : extracted value ([city2_24_] : [VARCHAR]) - [전라북도]
2021-03-27 16:42:12.902 TRACE 3920 --- [    Test worker] o.h.type.descriptor.sql.BasicExtractor   : extracted value ([province3_24_] : [VARCHAR]) - [김제군]
2021-03-27 16:42:12.902 TRACE 3920 --- [    Test worker] o.h.type.descriptor.sql.BasicExtractor   : extracted value ([zone_id1_24_] : [BIGINT]) - [246]
2021-03-27 16:42:12.902 TRACE 3920 --- [    Test worker] o.h.type.descriptor.sql.BasicExtractor   : extracted value ([city2_24_] : [VARCHAR]) - [전라북도]
2021-03-27 16:42:12.902 TRACE 3920 --- [    Test worker] o.h.type.descriptor.sql.BasicExtractor   : extracted value ([province3_24_] : [VARCHAR]) - [옥구군]
2021-03-27 16:42:12.902 TRACE 3920 --- [    Test worker] o.h.type.descriptor.sql.BasicExtractor   : extracted value ([zone_id1_24_] : [BIGINT]) - [247]
2021-03-27 16:42:12.902 TRACE 3920 --- [    Test worker] o.h.type.descriptor.sql.BasicExtractor   : extracted value ([city2_24_] : [VARCHAR]) - [전라북도]
2021-03-27 16:42:12.902 TRACE 3920 --- [    Test worker] o.h.type.descriptor.sql.BasicExtractor   : extracted value ([province3_24_] : [VARCHAR]) - [익산군]
2021-03-27 16:42:12.902 TRACE 3920 --- [    Test worker] o.h.type.descriptor.sql.BasicExtractor   : extracted value ([zone_id1_24_] : [BIGINT]) - [248]
2021-03-27 16:42:12.902 TRACE 3920 --- [    Test worker] o.h.type.descriptor.sql.BasicExtractor   : extracted value ([city2_24_] : [VARCHAR]) - [전라남도]
2021-03-27 16:42:12.902 TRACE 3920 --- [    Test worker] o.h.type.descriptor.sql.BasicExtractor   : extracted value ([province3_24_] : [VARCHAR]) - [목포시]
2021-03-27 16:42:12.902 TRACE 3920 --- [    Test worker] o.h.type.descriptor.sql.BasicExtractor   : extracted value ([zone_id1_24_] : [BIGINT]) - [249]
2021-03-27 16:42:12.902 TRACE 3920 --- [    Test worker] o.h.type.descriptor.sql.BasicExtractor   : extracted value ([city2_24_] : [VARCHAR]) - [전라남도]
2021-03-27 16:42:12.902 TRACE 3920 --- [    Test worker] o.h.type.descriptor.sql.BasicExtractor   : extracted value ([province3_24_] : [VARCHAR]) - [여수시]
2021-03-27 16:42:12.902 TRACE 3920 --- [    Test worker] o.h.type.descriptor.sql.BasicExtractor   : extracted value ([zone_id1_24_] : [BIGINT]) - [250]
2021-03-27 16:42:12.902 TRACE 3920 --- [    Test worker] o.h.type.descriptor.sql.BasicExtractor   : extracted value ([city2_24_] : [VARCHAR]) - [전라남도]
2021-03-27 16:42:12.902 TRACE 3920 --- [    Test worker] o.h.type.descriptor.sql.BasicExtractor   : extracted value ([province3_24_] : [VARCHAR]) - [순천시]
2021-03-27 16:42:12.918 TRACE 3920 --- [    Test worker] o.h.type.descriptor.sql.BasicExtractor   : extracted value ([zone_id1_24_] : [BIGINT]) - [251]
2021-03-27 16:42:12.918 TRACE 3920 --- [    Test worker] o.h.type.descriptor.sql.BasicExtractor   : extracted value ([city2_24_] : [VARCHAR]) - [전라남도]
2021-03-27 16:42:12.918 TRACE 3920 --- [    Test worker] o.h.type.descriptor.sql.BasicExtractor   : extracted value ([province3_24_] : [VARCHAR]) - [나주시]
2021-03-27 16:42:12.918 TRACE 3920 --- [    Test worker] o.h.type.descriptor.sql.BasicExtractor   : extracted value ([zone_id1_24_] : [BIGINT]) - [252]
2021-03-27 16:42:12.918 TRACE 3920 --- [    Test worker] o.h.type.descriptor.sql.BasicExtractor   : extracted value ([city2_24_] : [VARCHAR]) - [전라남도]
2021-03-27 16:42:12.918 TRACE 3920 --- [    Test worker] o.h.type.descriptor.sql.BasicExtractor   : extracted value ([province3_24_] : [VARCHAR]) - [여천시]
2021-03-27 16:42:12.918 TRACE 3920 --- [    Test worker] o.h.type.descriptor.sql.BasicExtractor   : extracted value ([zone_id1_24_] : [BIGINT]) - [253]
2021-03-27 16:42:12.918 TRACE 3920 --- [    Test worker] o.h.type.descriptor.sql.BasicExtractor   : extracted value ([city2_24_] : [VARCHAR]) - [전라남도]
2021-03-27 16:42:12.918 TRACE 3920 --- [    Test worker] o.h.type.descriptor.sql.BasicExtractor   : extracted value ([province3_24_] : [VARCHAR]) - [동광양시]
2021-03-27 16:42:12.918 TRACE 3920 --- [    Test worker] o.h.type.descriptor.sql.BasicExtractor   : extracted value ([zone_id1_24_] : [BIGINT]) - [254]
2021-03-27 16:42:12.918 TRACE 3920 --- [    Test worker] o.h.type.descriptor.sql.BasicExtractor   : extracted value ([city2_24_] : [VARCHAR]) - [전라남도]
2021-03-27 16:42:12.918 TRACE 3920 --- [    Test worker] o.h.type.descriptor.sql.BasicExtractor   : extracted value ([province3_24_] : [VARCHAR]) - [광양시]
2021-03-27 16:42:12.918 TRACE 3920 --- [    Test worker] o.h.type.descriptor.sql.BasicExtractor   : extracted value ([zone_id1_24_] : [BIGINT]) - [255]
2021-03-27 16:42:12.918 TRACE 3920 --- [    Test worker] o.h.type.descriptor.sql.BasicExtractor   : extracted value ([city2_24_] : [VARCHAR]) - [전라남도]
2021-03-27 16:42:12.918 TRACE 3920 --- [    Test worker] o.h.type.descriptor.sql.BasicExtractor   : extracted value ([province3_24_] : [VARCHAR]) - [담양군]
2021-03-27 16:42:12.918 TRACE 3920 --- [    Test worker] o.h.type.descriptor.sql.BasicExtractor   : extracted value ([zone_id1_24_] : [BIGINT]) - [256]
2021-03-27 16:42:12.918 TRACE 3920 --- [    Test worker] o.h.type.descriptor.sql.BasicExtractor   : extracted value ([city2_24_] : [VARCHAR]) - [전라남도]
2021-03-27 16:42:12.918 TRACE 3920 --- [    Test worker] o.h.type.descriptor.sql.BasicExtractor   : extracted value ([province3_24_] : [VARCHAR]) - [곡성군]
2021-03-27 16:42:12.918 TRACE 3920 --- [    Test worker] o.h.type.descriptor.sql.BasicExtractor   : extracted value ([zone_id1_24_] : [BIGINT]) - [257]
2021-03-27 16:42:12.918 TRACE 3920 --- [    Test worker] o.h.type.descriptor.sql.BasicExtractor   : extracted value ([city2_24_] : [VARCHAR]) - [전라남도]
2021-03-27 16:42:12.918 TRACE 3920 --- [    Test worker] o.h.type.descriptor.sql.BasicExtractor   : extracted value ([province3_24_] : [VARCHAR]) - [구례군]
2021-03-27 16:42:12.918 TRACE 3920 --- [    Test worker] o.h.type.descriptor.sql.BasicExtractor   : extracted value ([zone_id1_24_] : [BIGINT]) - [258]
2021-03-27 16:42:12.918 TRACE 3920 --- [    Test worker] o.h.type.descriptor.sql.BasicExtractor   : extracted value ([city2_24_] : [VARCHAR]) - [전라남도]
2021-03-27 16:42:12.918 TRACE 3920 --- [    Test worker] o.h.type.descriptor.sql.BasicExtractor   : extracted value ([province3_24_] : [VARCHAR]) - [광양군]
2021-03-27 16:42:12.918 TRACE 3920 --- [    Test worker] o.h.type.descriptor.sql.BasicExtractor   : extracted value ([zone_id1_24_] : [BIGINT]) - [259]
2021-03-27 16:42:12.918 TRACE 3920 --- [    Test worker] o.h.type.descriptor.sql.BasicExtractor   : extracted value ([city2_24_] : [VARCHAR]) - [전라남도]
2021-03-27 16:42:12.918 TRACE 3920 --- [    Test worker] o.h.type.descriptor.sql.BasicExtractor   : extracted value ([province3_24_] : [VARCHAR]) - [여천군]
2021-03-27 16:42:12.918 TRACE 3920 --- [    Test worker] o.h.type.descriptor.sql.BasicExtractor   : extracted value ([zone_id1_24_] : [BIGINT]) - [260]
2021-03-27 16:42:12.918 TRACE 3920 --- [    Test worker] o.h.type.descriptor.sql.BasicExtractor   : extracted value ([city2_24_] : [VARCHAR]) - [전라남도]
2021-03-27 16:42:12.918 TRACE 3920 --- [    Test worker] o.h.type.descriptor.sql.BasicExtractor   : extracted value ([province3_24_] : [VARCHAR]) - [승주군]
2021-03-27 16:42:12.918 TRACE 3920 --- [    Test worker] o.h.type.descriptor.sql.BasicExtractor   : extracted value ([zone_id1_24_] : [BIGINT]) - [261]
2021-03-27 16:42:12.918 TRACE 3920 --- [    Test worker] o.h.type.descriptor.sql.BasicExtractor   : extracted value ([city2_24_] : [VARCHAR]) - [전라남도]
2021-03-27 16:42:12.918 TRACE 3920 --- [    Test worker] o.h.type.descriptor.sql.BasicExtractor   : extracted value ([province3_24_] : [VARCHAR]) - [고흥군]
2021-03-27 16:42:12.918 TRACE 3920 --- [    Test worker] o.h.type.descriptor.sql.BasicExtractor   : extracted value ([zone_id1_24_] : [BIGINT]) - [262]
2021-03-27 16:42:12.918 TRACE 3920 --- [    Test worker] o.h.type.descriptor.sql.BasicExtractor   : extracted value ([city2_24_] : [VARCHAR]) - [전라남도]
2021-03-27 16:42:12.918 TRACE 3920 --- [    Test worker] o.h.type.descriptor.sql.BasicExtractor   : extracted value ([province3_24_] : [VARCHAR]) - [보성군]
2021-03-27 16:42:12.918 TRACE 3920 --- [    Test worker] o.h.type.descriptor.sql.BasicExtractor   : extracted value ([zone_id1_24_] : [BIGINT]) - [263]
2021-03-27 16:42:12.918 TRACE 3920 --- [    Test worker] o.h.type.descriptor.sql.BasicExtractor   : extracted value ([city2_24_] : [VARCHAR]) - [전라남도]
2021-03-27 16:42:12.918 TRACE 3920 --- [    Test worker] o.h.type.descriptor.sql.BasicExtractor   : extracted value ([province3_24_] : [VARCHAR]) - [화순군]
2021-03-27 16:42:12.918 TRACE 3920 --- [    Test worker] o.h.type.descriptor.sql.BasicExtractor   : extracted value ([zone_id1_24_] : [BIGINT]) - [264]
2021-03-27 16:42:12.918 TRACE 3920 --- [    Test worker] o.h.type.descriptor.sql.BasicExtractor   : extracted value ([city2_24_] : [VARCHAR]) - [전라남도]
2021-03-27 16:42:12.918 TRACE 3920 --- [    Test worker] o.h.type.descriptor.sql.BasicExtractor   : extracted value ([province3_24_] : [VARCHAR]) - [장흥군]
2021-03-27 16:42:12.918 TRACE 3920 --- [    Test worker] o.h.type.descriptor.sql.BasicExtractor   : extracted value ([zone_id1_24_] : [BIGINT]) - [265]
2021-03-27 16:42:12.918 TRACE 3920 --- [    Test worker] o.h.type.descriptor.sql.BasicExtractor   : extracted value ([city2_24_] : [VARCHAR]) - [전라남도]
2021-03-27 16:42:12.918 TRACE 3920 --- [    Test worker] o.h.type.descriptor.sql.BasicExtractor   : extracted value ([province3_24_] : [VARCHAR]) - [강진군]
2021-03-27 16:42:12.918 TRACE 3920 --- [    Test worker] o.h.type.descriptor.sql.BasicExtractor   : extracted value ([zone_id1_24_] : [BIGINT]) - [266]
2021-03-27 16:42:12.918 TRACE 3920 --- [    Test worker] o.h.type.descriptor.sql.BasicExtractor   : extracted value ([city2_24_] : [VARCHAR]) - [전라남도]
2021-03-27 16:42:12.918 TRACE 3920 --- [    Test worker] o.h.type.descriptor.sql.BasicExtractor   : extracted value ([province3_24_] : [VARCHAR]) - [해남군]
2021-03-27 16:42:12.918 TRACE 3920 --- [    Test worker] o.h.type.descriptor.sql.BasicExtractor   : extracted value ([zone_id1_24_] : [BIGINT]) - [267]
2021-03-27 16:42:12.918 TRACE 3920 --- [    Test worker] o.h.type.descriptor.sql.BasicExtractor   : extracted value ([city2_24_] : [VARCHAR]) - [전라남도]
2021-03-27 16:42:12.918 TRACE 3920 --- [    Test worker] o.h.type.descriptor.sql.BasicExtractor   : extracted value ([province3_24_] : [VARCHAR]) - [영암군]
2021-03-27 16:42:12.918 TRACE 3920 --- [    Test worker] o.h.type.descriptor.sql.BasicExtractor   : extracted value ([zone_id1_24_] : [BIGINT]) - [268]
2021-03-27 16:42:12.918 TRACE 3920 --- [    Test worker] o.h.type.descriptor.sql.BasicExtractor   : extracted value ([city2_24_] : [VARCHAR]) - [전라남도]
2021-03-27 16:42:12.918 TRACE 3920 --- [    Test worker] o.h.type.descriptor.sql.BasicExtractor   : extracted value ([province3_24_] : [VARCHAR]) - [무안군]
2021-03-27 16:42:12.918 TRACE 3920 --- [    Test worker] o.h.type.descriptor.sql.BasicExtractor   : extracted value ([zone_id1_24_] : [BIGINT]) - [269]
2021-03-27 16:42:12.918 TRACE 3920 --- [    Test worker] o.h.type.descriptor.sql.BasicExtractor   : extracted value ([city2_24_] : [VARCHAR]) - [전라남도]
2021-03-27 16:42:12.918 TRACE 3920 --- [    Test worker] o.h.type.descriptor.sql.BasicExtractor   : extracted value ([province3_24_] : [VARCHAR]) - [나주군]
2021-03-27 16:42:12.918 TRACE 3920 --- [    Test worker] o.h.type.descriptor.sql.BasicExtractor   : extracted value ([zone_id1_24_] : [BIGINT]) - [270]
2021-03-27 16:42:12.918 TRACE 3920 --- [    Test worker] o.h.type.descriptor.sql.BasicExtractor   : extracted value ([city2_24_] : [VARCHAR]) - [전라남도]
2021-03-27 16:42:12.918 TRACE 3920 --- [    Test worker] o.h.type.descriptor.sql.BasicExtractor   : extracted value ([province3_24_] : [VARCHAR]) - [함평군]
2021-03-27 16:42:12.918 TRACE 3920 --- [    Test worker] o.h.type.descriptor.sql.BasicExtractor   : extracted value ([zone_id1_24_] : [BIGINT]) - [271]
2021-03-27 16:42:12.918 TRACE 3920 --- [    Test worker] o.h.type.descriptor.sql.BasicExtractor   : extracted value ([city2_24_] : [VARCHAR]) - [전라남도]
2021-03-27 16:42:12.918 TRACE 3920 --- [    Test worker] o.h.type.descriptor.sql.BasicExtractor   : extracted value ([province3_24_] : [VARCHAR]) - [영광군]
2021-03-27 16:42:12.918 TRACE 3920 --- [    Test worker] o.h.type.descriptor.sql.BasicExtractor   : extracted value ([zone_id1_24_] : [BIGINT]) - [272]
2021-03-27 16:42:12.918 TRACE 3920 --- [    Test worker] o.h.type.descriptor.sql.BasicExtractor   : extracted value ([city2_24_] : [VARCHAR]) - [전라남도]
2021-03-27 16:42:12.918 TRACE 3920 --- [    Test worker] o.h.type.descriptor.sql.BasicExtractor   : extracted value ([province3_24_] : [VARCHAR]) - [장성군]
2021-03-27 16:42:12.918 TRACE 3920 --- [    Test worker] o.h.type.descriptor.sql.BasicExtractor   : extracted value ([zone_id1_24_] : [BIGINT]) - [273]
2021-03-27 16:42:12.918 TRACE 3920 --- [    Test worker] o.h.type.descriptor.sql.BasicExtractor   : extracted value ([city2_24_] : [VARCHAR]) - [전라남도]
2021-03-27 16:42:12.918 TRACE 3920 --- [    Test worker] o.h.type.descriptor.sql.BasicExtractor   : extracted value ([province3_24_] : [VARCHAR]) - [완도군]
2021-03-27 16:42:12.918 TRACE 3920 --- [    Test worker] o.h.type.descriptor.sql.BasicExtractor   : extracted value ([zone_id1_24_] : [BIGINT]) - [274]
2021-03-27 16:42:12.918 TRACE 3920 --- [    Test worker] o.h.type.descriptor.sql.BasicExtractor   : extracted value ([city2_24_] : [VARCHAR]) - [전라남도]
2021-03-27 16:42:12.918 TRACE 3920 --- [    Test worker] o.h.type.descriptor.sql.BasicExtractor   : extracted value ([province3_24_] : [VARCHAR]) - [진도군]
2021-03-27 16:42:12.918 TRACE 3920 --- [    Test worker] o.h.type.descriptor.sql.BasicExtractor   : extracted value ([zone_id1_24_] : [BIGINT]) - [275]
2021-03-27 16:42:12.918 TRACE 3920 --- [    Test worker] o.h.type.descriptor.sql.BasicExtractor   : extracted value ([city2_24_] : [VARCHAR]) - [전라남도]
2021-03-27 16:42:12.918 TRACE 3920 --- [    Test worker] o.h.type.descriptor.sql.BasicExtractor   : extracted value ([province3_24_] : [VARCHAR]) - [신안군]
2021-03-27 16:42:12.918 TRACE 3920 --- [    Test worker] o.h.type.descriptor.sql.BasicExtractor   : extracted value ([zone_id1_24_] : [BIGINT]) - [276]
2021-03-27 16:42:12.918 TRACE 3920 --- [    Test worker] o.h.type.descriptor.sql.BasicExtractor   : extracted value ([city2_24_] : [VARCHAR]) - [경상북도]
2021-03-27 16:42:12.918 TRACE 3920 --- [    Test worker] o.h.type.descriptor.sql.BasicExtractor   : extracted value ([province3_24_] : [VARCHAR]) - [포항시]
2021-03-27 16:42:12.918 TRACE 3920 --- [    Test worker] o.h.type.descriptor.sql.BasicExtractor   : extracted value ([zone_id1_24_] : [BIGINT]) - [277]
2021-03-27 16:42:12.918 TRACE 3920 --- [    Test worker] o.h.type.descriptor.sql.BasicExtractor   : extracted value ([city2_24_] : [VARCHAR]) - [경상북도]
2021-03-27 16:42:12.918 TRACE 3920 --- [    Test worker] o.h.type.descriptor.sql.BasicExtractor   : extracted value ([province3_24_] : [VARCHAR]) - [남구]
2021-03-27 16:42:12.918 TRACE 3920 --- [    Test worker] o.h.type.descriptor.sql.BasicExtractor   : extracted value ([zone_id1_24_] : [BIGINT]) - [278]
2021-03-27 16:42:12.918 TRACE 3920 --- [    Test worker] o.h.type.descriptor.sql.BasicExtractor   : extracted value ([city2_24_] : [VARCHAR]) - [경상북도]
2021-03-27 16:42:12.918 TRACE 3920 --- [    Test worker] o.h.type.descriptor.sql.BasicExtractor   : extracted value ([province3_24_] : [VARCHAR]) - [북구]
2021-03-27 16:42:12.918 TRACE 3920 --- [    Test worker] o.h.type.descriptor.sql.BasicExtractor   : extracted value ([zone_id1_24_] : [BIGINT]) - [279]
2021-03-27 16:42:12.918 TRACE 3920 --- [    Test worker] o.h.type.descriptor.sql.BasicExtractor   : extracted value ([city2_24_] : [VARCHAR]) - [경상북도]
2021-03-27 16:42:12.918 TRACE 3920 --- [    Test worker] o.h.type.descriptor.sql.BasicExtractor   : extracted value ([province3_24_] : [VARCHAR]) - [경주시]
2021-03-27 16:42:12.918 TRACE 3920 --- [    Test worker] o.h.type.descriptor.sql.BasicExtractor   : extracted value ([zone_id1_24_] : [BIGINT]) - [280]
2021-03-27 16:42:12.918 TRACE 3920 --- [    Test worker] o.h.type.descriptor.sql.BasicExtractor   : extracted value ([city2_24_] : [VARCHAR]) - [경상북도]
2021-03-27 16:42:12.918 TRACE 3920 --- [    Test worker] o.h.type.descriptor.sql.BasicExtractor   : extracted value ([province3_24_] : [VARCHAR]) - [김천시]
2021-03-27 16:42:12.918 TRACE 3920 --- [    Test worker] o.h.type.descriptor.sql.BasicExtractor   : extracted value ([zone_id1_24_] : [BIGINT]) - [281]
2021-03-27 16:42:12.918 TRACE 3920 --- [    Test worker] o.h.type.descriptor.sql.BasicExtractor   : extracted value ([city2_24_] : [VARCHAR]) - [경상북도]
2021-03-27 16:42:12.918 TRACE 3920 --- [    Test worker] o.h.type.descriptor.sql.BasicExtractor   : extracted value ([province3_24_] : [VARCHAR]) - [안동시]
2021-03-27 16:42:12.918 TRACE 3920 --- [    Test worker] o.h.type.descriptor.sql.BasicExtractor   : extracted value ([zone_id1_24_] : [BIGINT]) - [282]
2021-03-27 16:42:12.918 TRACE 3920 --- [    Test worker] o.h.type.descriptor.sql.BasicExtractor   : extracted value ([city2_24_] : [VARCHAR]) - [경상북도]
2021-03-27 16:42:12.918 TRACE 3920 --- [    Test worker] o.h.type.descriptor.sql.BasicExtractor   : extracted value ([province3_24_] : [VARCHAR]) - [구미시]
2021-03-27 16:42:12.918 TRACE 3920 --- [    Test worker] o.h.type.descriptor.sql.BasicExtractor   : extracted value ([zone_id1_24_] : [BIGINT]) - [283]
2021-03-27 16:42:12.918 TRACE 3920 --- [    Test worker] o.h.type.descriptor.sql.BasicExtractor   : extracted value ([city2_24_] : [VARCHAR]) - [경상북도]
2021-03-27 16:42:12.918 TRACE 3920 --- [    Test worker] o.h.type.descriptor.sql.BasicExtractor   : extracted value ([province3_24_] : [VARCHAR]) - [영주시]
2021-03-27 16:42:12.918 TRACE 3920 --- [    Test worker] o.h.type.descriptor.sql.BasicExtractor   : extracted value ([zone_id1_24_] : [BIGINT]) - [284]
2021-03-27 16:42:12.918 TRACE 3920 --- [    Test worker] o.h.type.descriptor.sql.BasicExtractor   : extracted value ([city2_24_] : [VARCHAR]) - [경상북도]
2021-03-27 16:42:12.918 TRACE 3920 --- [    Test worker] o.h.type.descriptor.sql.BasicExtractor   : extracted value ([province3_24_] : [VARCHAR]) - [영천시]
2021-03-27 16:42:12.918 TRACE 3920 --- [    Test worker] o.h.type.descriptor.sql.BasicExtractor   : extracted value ([zone_id1_24_] : [BIGINT]) - [285]
2021-03-27 16:42:12.918 TRACE 3920 --- [    Test worker] o.h.type.descriptor.sql.BasicExtractor   : extracted value ([city2_24_] : [VARCHAR]) - [경상북도]
2021-03-27 16:42:12.918 TRACE 3920 --- [    Test worker] o.h.type.descriptor.sql.BasicExtractor   : extracted value ([province3_24_] : [VARCHAR]) - [상주시]
2021-03-27 16:42:12.918 TRACE 3920 --- [    Test worker] o.h.type.descriptor.sql.BasicExtractor   : extracted value ([zone_id1_24_] : [BIGINT]) - [286]
2021-03-27 16:42:12.918 TRACE 3920 --- [    Test worker] o.h.type.descriptor.sql.BasicExtractor   : extracted value ([city2_24_] : [VARCHAR]) - [경상북도]
2021-03-27 16:42:12.918 TRACE 3920 --- [    Test worker] o.h.type.descriptor.sql.BasicExtractor   : extracted value ([province3_24_] : [VARCHAR]) - [점촌시]
2021-03-27 16:42:12.918 TRACE 3920 --- [    Test worker] o.h.type.descriptor.sql.BasicExtractor   : extracted value ([zone_id1_24_] : [BIGINT]) - [287]
2021-03-27 16:42:12.918 TRACE 3920 --- [    Test worker] o.h.type.descriptor.sql.BasicExtractor   : extracted value ([city2_24_] : [VARCHAR]) - [경상북도]
2021-03-27 16:42:12.918 TRACE 3920 --- [    Test worker] o.h.type.descriptor.sql.BasicExtractor   : extracted value ([province3_24_] : [VARCHAR]) - [문경시]
2021-03-27 16:42:12.918 TRACE 3920 --- [    Test worker] o.h.type.descriptor.sql.BasicExtractor   : extracted value ([zone_id1_24_] : [BIGINT]) - [288]
2021-03-27 16:42:12.918 TRACE 3920 --- [    Test worker] o.h.type.descriptor.sql.BasicExtractor   : extracted value ([city2_24_] : [VARCHAR]) - [경상북도]
2021-03-27 16:42:12.918 TRACE 3920 --- [    Test worker] o.h.type.descriptor.sql.BasicExtractor   : extracted value ([province3_24_] : [VARCHAR]) - [경산시]
2021-03-27 16:42:12.918 TRACE 3920 --- [    Test worker] o.h.type.descriptor.sql.BasicExtractor   : extracted value ([zone_id1_24_] : [BIGINT]) - [289]
2021-03-27 16:42:12.918 TRACE 3920 --- [    Test worker] o.h.type.descriptor.sql.BasicExtractor   : extracted value ([city2_24_] : [VARCHAR]) - [경상북도]
2021-03-27 16:42:12.918 TRACE 3920 --- [    Test worker] o.h.type.descriptor.sql.BasicExtractor   : extracted value ([province3_24_] : [VARCHAR]) - [달성군]
2021-03-27 16:42:12.918 TRACE 3920 --- [    Test worker] o.h.type.descriptor.sql.BasicExtractor   : extracted value ([zone_id1_24_] : [BIGINT]) - [290]
2021-03-27 16:42:12.918 TRACE 3920 --- [    Test worker] o.h.type.descriptor.sql.BasicExtractor   : extracted value ([city2_24_] : [VARCHAR]) - [경상북도]
2021-03-27 16:42:12.918 TRACE 3920 --- [    Test worker] o.h.type.descriptor.sql.BasicExtractor   : extracted value ([province3_24_] : [VARCHAR]) - [군위군]
2021-03-27 16:42:12.918 TRACE 3920 --- [    Test worker] o.h.type.descriptor.sql.BasicExtractor   : extracted value ([zone_id1_24_] : [BIGINT]) - [291]
2021-03-27 16:42:12.918 TRACE 3920 --- [    Test worker] o.h.type.descriptor.sql.BasicExtractor   : extracted value ([city2_24_] : [VARCHAR]) - [경상북도]
2021-03-27 16:42:12.918 TRACE 3920 --- [    Test worker] o.h.type.descriptor.sql.BasicExtractor   : extracted value ([province3_24_] : [VARCHAR]) - [의성군]
2021-03-27 16:42:12.918 TRACE 3920 --- [    Test worker] o.h.type.descriptor.sql.BasicExtractor   : extracted value ([zone_id1_24_] : [BIGINT]) - [292]
2021-03-27 16:42:12.918 TRACE 3920 --- [    Test worker] o.h.type.descriptor.sql.BasicExtractor   : extracted value ([city2_24_] : [VARCHAR]) - [경상북도]
2021-03-27 16:42:12.918 TRACE 3920 --- [    Test worker] o.h.type.descriptor.sql.BasicExtractor   : extracted value ([province3_24_] : [VARCHAR]) - [안동군]
2021-03-27 16:42:12.918 TRACE 3920 --- [    Test worker] o.h.type.descriptor.sql.BasicExtractor   : extracted value ([zone_id1_24_] : [BIGINT]) - [293]
2021-03-27 16:42:12.918 TRACE 3920 --- [    Test worker] o.h.type.descriptor.sql.BasicExtractor   : extracted value ([city2_24_] : [VARCHAR]) - [경상북도]
2021-03-27 16:42:12.918 TRACE 3920 --- [    Test worker] o.h.type.descriptor.sql.BasicExtractor   : extracted value ([province3_24_] : [VARCHAR]) - [청송군]
2021-03-27 16:42:12.918 TRACE 3920 --- [    Test worker] o.h.type.descriptor.sql.BasicExtractor   : extracted value ([zone_id1_24_] : [BIGINT]) - [294]
2021-03-27 16:42:12.918 TRACE 3920 --- [    Test worker] o.h.type.descriptor.sql.BasicExtractor   : extracted value ([city2_24_] : [VARCHAR]) - [경상북도]
2021-03-27 16:42:12.918 TRACE 3920 --- [    Test worker] o.h.type.descriptor.sql.BasicExtractor   : extracted value ([province3_24_] : [VARCHAR]) - [영양군]
2021-03-27 16:42:12.918 TRACE 3920 --- [    Test worker] o.h.type.descriptor.sql.BasicExtractor   : extracted value ([zone_id1_24_] : [BIGINT]) - [295]
2021-03-27 16:42:12.918 TRACE 3920 --- [    Test worker] o.h.type.descriptor.sql.BasicExtractor   : extracted value ([city2_24_] : [VARCHAR]) - [경상북도]
2021-03-27 16:42:12.918 TRACE 3920 --- [    Test worker] o.h.type.descriptor.sql.BasicExtractor   : extracted value ([province3_24_] : [VARCHAR]) - [영덕군]
2021-03-27 16:42:12.918 TRACE 3920 --- [    Test worker] o.h.type.descriptor.sql.BasicExtractor   : extracted value ([zone_id1_24_] : [BIGINT]) - [296]
2021-03-27 16:42:12.918 TRACE 3920 --- [    Test worker] o.h.type.descriptor.sql.BasicExtractor   : extracted value ([city2_24_] : [VARCHAR]) - [경상북도]
2021-03-27 16:42:12.918 TRACE 3920 --- [    Test worker] o.h.type.descriptor.sql.BasicExtractor   : extracted value ([province3_24_] : [VARCHAR]) - [영일군]
2021-03-27 16:42:12.918 TRACE 3920 --- [    Test worker] o.h.type.descriptor.sql.BasicExtractor   : extracted value ([zone_id1_24_] : [BIGINT]) - [297]
2021-03-27 16:42:12.918 TRACE 3920 --- [    Test worker] o.h.type.descriptor.sql.BasicExtractor   : extracted value ([city2_24_] : [VARCHAR]) - [경상북도]
2021-03-27 16:42:12.918 TRACE 3920 --- [    Test worker] o.h.type.descriptor.sql.BasicExtractor   : extracted value ([province3_24_] : [VARCHAR]) - [경주군]
2021-03-27 16:42:12.918 TRACE 3920 --- [    Test worker] o.h.type.descriptor.sql.BasicExtractor   : extracted value ([zone_id1_24_] : [BIGINT]) - [298]
2021-03-27 16:42:12.918 TRACE 3920 --- [    Test worker] o.h.type.descriptor.sql.BasicExtractor   : extracted value ([city2_24_] : [VARCHAR]) - [경상북도]
2021-03-27 16:42:12.918 TRACE 3920 --- [    Test worker] o.h.type.descriptor.sql.BasicExtractor   : extracted value ([province3_24_] : [VARCHAR]) - [영천군]
2021-03-27 16:42:12.918 TRACE 3920 --- [    Test worker] o.h.type.descriptor.sql.BasicExtractor   : extracted value ([zone_id1_24_] : [BIGINT]) - [299]
2021-03-27 16:42:12.918 TRACE 3920 --- [    Test worker] o.h.type.descriptor.sql.BasicExtractor   : extracted value ([city2_24_] : [VARCHAR]) - [경상북도]
2021-03-27 16:42:12.918 TRACE 3920 --- [    Test worker] o.h.type.descriptor.sql.BasicExtractor   : extracted value ([province3_24_] : [VARCHAR]) - [경산군]
2021-03-27 16:42:12.918 TRACE 3920 --- [    Test worker] o.h.type.descriptor.sql.BasicExtractor   : extracted value ([zone_id1_24_] : [BIGINT]) - [300]
2021-03-27 16:42:12.918 TRACE 3920 --- [    Test worker] o.h.type.descriptor.sql.BasicExtractor   : extracted value ([city2_24_] : [VARCHAR]) - [경상북도]
2021-03-27 16:42:12.918 TRACE 3920 --- [    Test worker] o.h.type.descriptor.sql.BasicExtractor   : extracted value ([province3_24_] : [VARCHAR]) - [청도군]
2021-03-27 16:42:12.918 TRACE 3920 --- [    Test worker] o.h.type.descriptor.sql.BasicExtractor   : extracted value ([zone_id1_24_] : [BIGINT]) - [301]
2021-03-27 16:42:12.918 TRACE 3920 --- [    Test worker] o.h.type.descriptor.sql.BasicExtractor   : extracted value ([city2_24_] : [VARCHAR]) - [경상북도]
2021-03-27 16:42:12.918 TRACE 3920 --- [    Test worker] o.h.type.descriptor.sql.BasicExtractor   : extracted value ([province3_24_] : [VARCHAR]) - [고령군]
2021-03-27 16:42:12.918 TRACE 3920 --- [    Test worker] o.h.type.descriptor.sql.BasicExtractor   : extracted value ([zone_id1_24_] : [BIGINT]) - [302]
2021-03-27 16:42:12.918 TRACE 3920 --- [    Test worker] o.h.type.descriptor.sql.BasicExtractor   : extracted value ([city2_24_] : [VARCHAR]) - [경상북도]
2021-03-27 16:42:12.918 TRACE 3920 --- [    Test worker] o.h.type.descriptor.sql.BasicExtractor   : extracted value ([province3_24_] : [VARCHAR]) - [성주군]
2021-03-27 16:42:12.918 TRACE 3920 --- [    Test worker] o.h.type.descriptor.sql.BasicExtractor   : extracted value ([zone_id1_24_] : [BIGINT]) - [303]
2021-03-27 16:42:12.918 TRACE 3920 --- [    Test worker] o.h.type.descriptor.sql.BasicExtractor   : extracted value ([city2_24_] : [VARCHAR]) - [경상북도]
2021-03-27 16:42:12.918 TRACE 3920 --- [    Test worker] o.h.type.descriptor.sql.BasicExtractor   : extracted value ([province3_24_] : [VARCHAR]) - [칠곡군]
2021-03-27 16:42:12.918 TRACE 3920 --- [    Test worker] o.h.type.descriptor.sql.BasicExtractor   : extracted value ([zone_id1_24_] : [BIGINT]) - [304]
2021-03-27 16:42:12.918 TRACE 3920 --- [    Test worker] o.h.type.descriptor.sql.BasicExtractor   : extracted value ([city2_24_] : [VARCHAR]) - [경상북도]
2021-03-27 16:42:12.918 TRACE 3920 --- [    Test worker] o.h.type.descriptor.sql.BasicExtractor   : extracted value ([province3_24_] : [VARCHAR]) - [금릉군]
2021-03-27 16:42:12.918 TRACE 3920 --- [    Test worker] o.h.type.descriptor.sql.BasicExtractor   : extracted value ([zone_id1_24_] : [BIGINT]) - [305]
2021-03-27 16:42:12.918 TRACE 3920 --- [    Test worker] o.h.type.descriptor.sql.BasicExtractor   : extracted value ([city2_24_] : [VARCHAR]) - [경상북도]
2021-03-27 16:42:12.918 TRACE 3920 --- [    Test worker] o.h.type.descriptor.sql.BasicExtractor   : extracted value ([province3_24_] : [VARCHAR]) - [선산군]
2021-03-27 16:42:12.918 TRACE 3920 --- [    Test worker] o.h.type.descriptor.sql.BasicExtractor   : extracted value ([zone_id1_24_] : [BIGINT]) - [306]
2021-03-27 16:42:12.918 TRACE 3920 --- [    Test worker] o.h.type.descriptor.sql.BasicExtractor   : extracted value ([city2_24_] : [VARCHAR]) - [경상북도]
2021-03-27 16:42:12.918 TRACE 3920 --- [    Test worker] o.h.type.descriptor.sql.BasicExtractor   : extracted value ([province3_24_] : [VARCHAR]) - [상주군]
2021-03-27 16:42:12.918 TRACE 3920 --- [    Test worker] o.h.type.descriptor.sql.BasicExtractor   : extracted value ([zone_id1_24_] : [BIGINT]) - [307]
2021-03-27 16:42:12.918 TRACE 3920 --- [    Test worker] o.h.type.descriptor.sql.BasicExtractor   : extracted value ([city2_24_] : [VARCHAR]) - [경상북도]
2021-03-27 16:42:12.918 TRACE 3920 --- [    Test worker] o.h.type.descriptor.sql.BasicExtractor   : extracted value ([province3_24_] : [VARCHAR]) - [문경군]
2021-03-27 16:42:12.918 TRACE 3920 --- [    Test worker] o.h.type.descriptor.sql.BasicExtractor   : extracted value ([zone_id1_24_] : [BIGINT]) - [308]
2021-03-27 16:42:12.918 TRACE 3920 --- [    Test worker] o.h.type.descriptor.sql.BasicExtractor   : extracted value ([city2_24_] : [VARCHAR]) - [경상북도]
2021-03-27 16:42:12.918 TRACE 3920 --- [    Test worker] o.h.type.descriptor.sql.BasicExtractor   : extracted value ([province3_24_] : [VARCHAR]) - [예천군]
2021-03-27 16:42:12.918 TRACE 3920 --- [    Test worker] o.h.type.descriptor.sql.BasicExtractor   : extracted value ([zone_id1_24_] : [BIGINT]) - [309]
2021-03-27 16:42:12.918 TRACE 3920 --- [    Test worker] o.h.type.descriptor.sql.BasicExtractor   : extracted value ([city2_24_] : [VARCHAR]) - [경상북도]
2021-03-27 16:42:12.918 TRACE 3920 --- [    Test worker] o.h.type.descriptor.sql.BasicExtractor   : extracted value ([province3_24_] : [VARCHAR]) - [영풍군]
2021-03-27 16:42:12.918 TRACE 3920 --- [    Test worker] o.h.type.descriptor.sql.BasicExtractor   : extracted value ([zone_id1_24_] : [BIGINT]) - [310]
2021-03-27 16:42:12.918 TRACE 3920 --- [    Test worker] o.h.type.descriptor.sql.BasicExtractor   : extracted value ([city2_24_] : [VARCHAR]) - [경상북도]
2021-03-27 16:42:12.918 TRACE 3920 --- [    Test worker] o.h.type.descriptor.sql.BasicExtractor   : extracted value ([province3_24_] : [VARCHAR]) - [봉화군]
2021-03-27 16:42:12.918 TRACE 3920 --- [    Test worker] o.h.type.descriptor.sql.BasicExtractor   : extracted value ([zone_id1_24_] : [BIGINT]) - [311]
2021-03-27 16:42:12.918 TRACE 3920 --- [    Test worker] o.h.type.descriptor.sql.BasicExtractor   : extracted value ([city2_24_] : [VARCHAR]) - [경상북도]
2021-03-27 16:42:12.918 TRACE 3920 --- [    Test worker] o.h.type.descriptor.sql.BasicExtractor   : extracted value ([province3_24_] : [VARCHAR]) - [울진군]
2021-03-27 16:42:12.918 TRACE 3920 --- [    Test worker] o.h.type.descriptor.sql.BasicExtractor   : extracted value ([zone_id1_24_] : [BIGINT]) - [312]
2021-03-27 16:42:12.918 TRACE 3920 --- [    Test worker] o.h.type.descriptor.sql.BasicExtractor   : extracted value ([city2_24_] : [VARCHAR]) - [경상북도]
2021-03-27 16:42:12.918 TRACE 3920 --- [    Test worker] o.h.type.descriptor.sql.BasicExtractor   : extracted value ([province3_24_] : [VARCHAR]) - [울릉군]
2021-03-27 16:42:12.918 TRACE 3920 --- [    Test worker] o.h.type.descriptor.sql.BasicExtractor   : extracted value ([zone_id1_24_] : [BIGINT]) - [313]
2021-03-27 16:42:12.918 TRACE 3920 --- [    Test worker] o.h.type.descriptor.sql.BasicExtractor   : extracted value ([city2_24_] : [VARCHAR]) - [경상남도]
2021-03-27 16:42:12.918 TRACE 3920 --- [    Test worker] o.h.type.descriptor.sql.BasicExtractor   : extracted value ([province3_24_] : [VARCHAR]) - [창원시]
2021-03-27 16:42:12.918 TRACE 3920 --- [    Test worker] o.h.type.descriptor.sql.BasicExtractor   : extracted value ([zone_id1_24_] : [BIGINT]) - [314]
2021-03-27 16:42:12.918 TRACE 3920 --- [    Test worker] o.h.type.descriptor.sql.BasicExtractor   : extracted value ([city2_24_] : [VARCHAR]) - [경상남도]
2021-03-27 16:42:12.918 TRACE 3920 --- [    Test worker] o.h.type.descriptor.sql.BasicExtractor   : extracted value ([province3_24_] : [VARCHAR]) - [의창구]
2021-03-27 16:42:12.918 TRACE 3920 --- [    Test worker] o.h.type.descriptor.sql.BasicExtractor   : extracted value ([zone_id1_24_] : [BIGINT]) - [315]
2021-03-27 16:42:12.918 TRACE 3920 --- [    Test worker] o.h.type.descriptor.sql.BasicExtractor   : extracted value ([city2_24_] : [VARCHAR]) - [경상남도]
2021-03-27 16:42:12.918 TRACE 3920 --- [    Test worker] o.h.type.descriptor.sql.BasicExtractor   : extracted value ([province3_24_] : [VARCHAR]) - [성산구]
2021-03-27 16:42:12.918 TRACE 3920 --- [    Test worker] o.h.type.descriptor.sql.BasicExtractor   : extracted value ([zone_id1_24_] : [BIGINT]) - [316]
2021-03-27 16:42:12.918 TRACE 3920 --- [    Test worker] o.h.type.descriptor.sql.BasicExtractor   : extracted value ([city2_24_] : [VARCHAR]) - [경상남도]
2021-03-27 16:42:12.918 TRACE 3920 --- [    Test worker] o.h.type.descriptor.sql.BasicExtractor   : extracted value ([province3_24_] : [VARCHAR]) - [마산합포구]
2021-03-27 16:42:12.918 TRACE 3920 --- [    Test worker] o.h.type.descriptor.sql.BasicExtractor   : extracted value ([zone_id1_24_] : [BIGINT]) - [317]
2021-03-27 16:42:12.918 TRACE 3920 --- [    Test worker] o.h.type.descriptor.sql.BasicExtractor   : extracted value ([city2_24_] : [VARCHAR]) - [경상남도]
2021-03-27 16:42:12.918 TRACE 3920 --- [    Test worker] o.h.type.descriptor.sql.BasicExtractor   : extracted value ([province3_24_] : [VARCHAR]) - [마산회원구]
2021-03-27 16:42:12.918 TRACE 3920 --- [    Test worker] o.h.type.descriptor.sql.BasicExtractor   : extracted value ([zone_id1_24_] : [BIGINT]) - [318]
2021-03-27 16:42:12.918 TRACE 3920 --- [    Test worker] o.h.type.descriptor.sql.BasicExtractor   : extracted value ([city2_24_] : [VARCHAR]) - [경상남도]
2021-03-27 16:42:12.918 TRACE 3920 --- [    Test worker] o.h.type.descriptor.sql.BasicExtractor   : extracted value ([province3_24_] : [VARCHAR]) - [진해구]
2021-03-27 16:42:12.918 TRACE 3920 --- [    Test worker] o.h.type.descriptor.sql.BasicExtractor   : extracted value ([zone_id1_24_] : [BIGINT]) - [319]
2021-03-27 16:42:12.918 TRACE 3920 --- [    Test worker] o.h.type.descriptor.sql.BasicExtractor   : extracted value ([city2_24_] : [VARCHAR]) - [경상남도]
2021-03-27 16:42:12.918 TRACE 3920 --- [    Test worker] o.h.type.descriptor.sql.BasicExtractor   : extracted value ([province3_24_] : [VARCHAR]) - [창원시]
2021-03-27 16:42:12.918 TRACE 3920 --- [    Test worker] o.h.type.descriptor.sql.BasicExtractor   : extracted value ([zone_id1_24_] : [BIGINT]) - [320]
2021-03-27 16:42:12.918 TRACE 3920 --- [    Test worker] o.h.type.descriptor.sql.BasicExtractor   : extracted value ([city2_24_] : [VARCHAR]) - [경상남도]
2021-03-27 16:42:12.918 TRACE 3920 --- [    Test worker] o.h.type.descriptor.sql.BasicExtractor   : extracted value ([province3_24_] : [VARCHAR]) - [울산시]
2021-03-27 16:42:12.918 TRACE 3920 --- [    Test worker] o.h.type.descriptor.sql.BasicExtractor   : extracted value ([zone_id1_24_] : [BIGINT]) - [321]
2021-03-27 16:42:12.918 TRACE 3920 --- [    Test worker] o.h.type.descriptor.sql.BasicExtractor   : extracted value ([city2_24_] : [VARCHAR]) - [경상남도]
2021-03-27 16:42:12.918 TRACE 3920 --- [    Test worker] o.h.type.descriptor.sql.BasicExtractor   : extracted value ([province3_24_] : [VARCHAR]) - [합포구]
2021-03-27 16:42:12.918 TRACE 3920 --- [    Test worker] o.h.type.descriptor.sql.BasicExtractor   : extracted value ([zone_id1_24_] : [BIGINT]) - [322]
2021-03-27 16:42:12.918 TRACE 3920 --- [    Test worker] o.h.type.descriptor.sql.BasicExtractor   : extracted value ([city2_24_] : [VARCHAR]) - [경상남도]
2021-03-27 16:42:12.918 TRACE 3920 --- [    Test worker] o.h.type.descriptor.sql.BasicExtractor   : extracted value ([province3_24_] : [VARCHAR]) - [회원구]
2021-03-27 16:42:12.918 TRACE 3920 --- [    Test worker] o.h.type.descriptor.sql.BasicExtractor   : extracted value ([zone_id1_24_] : [BIGINT]) - [323]
2021-03-27 16:42:12.918 TRACE 3920 --- [    Test worker] o.h.type.descriptor.sql.BasicExtractor   : extracted value ([city2_24_] : [VARCHAR]) - [경상남도]
2021-03-27 16:42:12.918 TRACE 3920 --- [    Test worker] o.h.type.descriptor.sql.BasicExtractor   : extracted value ([province3_24_] : [VARCHAR]) - [마산시]
2021-03-27 16:42:12.918 TRACE 3920 --- [    Test worker] o.h.type.descriptor.sql.BasicExtractor   : extracted value ([zone_id1_24_] : [BIGINT]) - [324]
2021-03-27 16:42:12.918 TRACE 3920 --- [    Test worker] o.h.type.descriptor.sql.BasicExtractor   : extracted value ([city2_24_] : [VARCHAR]) - [경상남도]
2021-03-27 16:42:12.918 TRACE 3920 --- [    Test worker] o.h.type.descriptor.sql.BasicExtractor   : extracted value ([province3_24_] : [VARCHAR]) - [진주시]
2021-03-27 16:42:12.918 TRACE 3920 --- [    Test worker] o.h.type.descriptor.sql.BasicExtractor   : extracted value ([zone_id1_24_] : [BIGINT]) - [325]
2021-03-27 16:42:12.918 TRACE 3920 --- [    Test worker] o.h.type.descriptor.sql.BasicExtractor   : extracted value ([city2_24_] : [VARCHAR]) - [경상남도]
2021-03-27 16:42:12.918 TRACE 3920 --- [    Test worker] o.h.type.descriptor.sql.BasicExtractor   : extracted value ([province3_24_] : [VARCHAR]) - [진해시]
2021-03-27 16:42:12.918 TRACE 3920 --- [    Test worker] o.h.type.descriptor.sql.BasicExtractor   : extracted value ([zone_id1_24_] : [BIGINT]) - [326]
2021-03-27 16:42:12.918 TRACE 3920 --- [    Test worker] o.h.type.descriptor.sql.BasicExtractor   : extracted value ([city2_24_] : [VARCHAR]) - [경상남도]
2021-03-27 16:42:12.918 TRACE 3920 --- [    Test worker] o.h.type.descriptor.sql.BasicExtractor   : extracted value ([province3_24_] : [VARCHAR]) - [충무시]
2021-03-27 16:42:12.918 TRACE 3920 --- [    Test worker] o.h.type.descriptor.sql.BasicExtractor   : extracted value ([zone_id1_24_] : [BIGINT]) - [327]
2021-03-27 16:42:12.918 TRACE 3920 --- [    Test worker] o.h.type.descriptor.sql.BasicExtractor   : extracted value ([city2_24_] : [VARCHAR]) - [경상남도]
2021-03-27 16:42:12.918 TRACE 3920 --- [    Test worker] o.h.type.descriptor.sql.BasicExtractor   : extracted value ([province3_24_] : [VARCHAR]) - [통영시]
2021-03-27 16:42:12.918 TRACE 3920 --- [    Test worker] o.h.type.descriptor.sql.BasicExtractor   : extracted value ([zone_id1_24_] : [BIGINT]) - [328]
2021-03-27 16:42:12.918 TRACE 3920 --- [    Test worker] o.h.type.descriptor.sql.BasicExtractor   : extracted value ([city2_24_] : [VARCHAR]) - [경상남도]
2021-03-27 16:42:12.918 TRACE 3920 --- [    Test worker] o.h.type.descriptor.sql.BasicExtractor   : extracted value ([province3_24_] : [VARCHAR]) - [삼천포시]
2021-03-27 16:42:12.918 TRACE 3920 --- [    Test worker] o.h.type.descriptor.sql.BasicExtractor   : extracted value ([zone_id1_24_] : [BIGINT]) - [329]
2021-03-27 16:42:12.918 TRACE 3920 --- [    Test worker] o.h.type.descriptor.sql.BasicExtractor   : extracted value ([city2_24_] : [VARCHAR]) - [경상남도]
2021-03-27 16:42:12.918 TRACE 3920 --- [    Test worker] o.h.type.descriptor.sql.BasicExtractor   : extracted value ([province3_24_] : [VARCHAR]) - [사천시]
2021-03-27 16:42:12.918 TRACE 3920 --- [    Test worker] o.h.type.descriptor.sql.BasicExtractor   : extracted value ([zone_id1_24_] : [BIGINT]) - [330]
2021-03-27 16:42:12.918 TRACE 3920 --- [    Test worker] o.h.type.descriptor.sql.BasicExtractor   : extracted value ([city2_24_] : [VARCHAR]) - [경상남도]
2021-03-27 16:42:12.918 TRACE 3920 --- [    Test worker] o.h.type.descriptor.sql.BasicExtractor   : extracted value ([province3_24_] : [VARCHAR]) - [사천남양출장소]
2021-03-27 16:42:12.918 TRACE 3920 --- [    Test worker] o.h.type.descriptor.sql.BasicExtractor   : extracted value ([zone_id1_24_] : [BIGINT]) - [331]
2021-03-27 16:42:12.918 TRACE 3920 --- [    Test worker] o.h.type.descriptor.sql.BasicExtractor   : extracted value ([city2_24_] : [VARCHAR]) - [경상남도]
2021-03-27 16:42:12.918 TRACE 3920 --- [    Test worker] o.h.type.descriptor.sql.BasicExtractor   : extracted value ([province3_24_] : [VARCHAR]) - [김해시]
2021-03-27 16:42:12.918 TRACE 3920 --- [    Test worker] o.h.type.descriptor.sql.BasicExtractor   : extracted value ([zone_id1_24_] : [BIGINT]) - [332]
2021-03-27 16:42:12.918 TRACE 3920 --- [    Test worker] o.h.type.descriptor.sql.BasicExtractor   : extracted value ([city2_24_] : [VARCHAR]) - [경상남도]
2021-03-27 16:42:12.918 TRACE 3920 --- [    Test worker] o.h.type.descriptor.sql.BasicExtractor   : extracted value ([province3_24_] : [VARCHAR]) - [장유출장소]
2021-03-27 16:42:12.918 TRACE 3920 --- [    Test worker] o.h.type.descriptor.sql.BasicExtractor   : extracted value ([zone_id1_24_] : [BIGINT]) - [333]
2021-03-27 16:42:12.918 TRACE 3920 --- [    Test worker] o.h.type.descriptor.sql.BasicExtractor   : extracted value ([city2_24_] : [VARCHAR]) - [경상남도]
2021-03-27 16:42:12.918 TRACE 3920 --- [    Test worker] o.h.type.descriptor.sql.BasicExtractor   : extracted value ([province3_24_] : [VARCHAR]) - [밀양시]
2021-03-27 16:42:12.918 TRACE 3920 --- [    Test worker] o.h.type.descriptor.sql.BasicExtractor   : extracted value ([zone_id1_24_] : [BIGINT]) - [334]
2021-03-27 16:42:12.918 TRACE 3920 --- [    Test worker] o.h.type.descriptor.sql.BasicExtractor   : extracted value ([city2_24_] : [VARCHAR]) - [경상남도]
2021-03-27 16:42:12.918 TRACE 3920 --- [    Test worker] o.h.type.descriptor.sql.BasicExtractor   : extracted value ([province3_24_] : [VARCHAR]) - [장승포시]
2021-03-27 16:42:12.918 TRACE 3920 --- [    Test worker] o.h.type.descriptor.sql.BasicExtractor   : extracted value ([zone_id1_24_] : [BIGINT]) - [335]
2021-03-27 16:42:12.918 TRACE 3920 --- [    Test worker] o.h.type.descriptor.sql.BasicExtractor   : extracted value ([city2_24_] : [VARCHAR]) - [경상남도]
2021-03-27 16:42:12.918 TRACE 3920 --- [    Test worker] o.h.type.descriptor.sql.BasicExtractor   : extracted value ([province3_24_] : [VARCHAR]) - [거제시]
2021-03-27 16:42:12.918 TRACE 3920 --- [    Test worker] o.h.type.descriptor.sql.BasicExtractor   : extracted value ([zone_id1_24_] : [BIGINT]) - [336]
2021-03-27 16:42:12.918 TRACE 3920 --- [    Test worker] o.h.type.descriptor.sql.BasicExtractor   : extracted value ([city2_24_] : [VARCHAR]) - [경상남도]
2021-03-27 16:42:12.918 TRACE 3920 --- [    Test worker] o.h.type.descriptor.sql.BasicExtractor   : extracted value ([province3_24_] : [VARCHAR]) - [양산시]
2021-03-27 16:42:12.918 TRACE 3920 --- [    Test worker] o.h.type.descriptor.sql.BasicExtractor   : extracted value ([zone_id1_24_] : [BIGINT]) - [337]
2021-03-27 16:42:12.918 TRACE 3920 --- [    Test worker] o.h.type.descriptor.sql.BasicExtractor   : extracted value ([city2_24_] : [VARCHAR]) - [경상남도]
2021-03-27 16:42:12.918 TRACE 3920 --- [    Test worker] o.h.type.descriptor.sql.BasicExtractor   : extracted value ([province3_24_] : [VARCHAR]) - [양산시웅상출장소]
2021-03-27 16:42:12.918 TRACE 3920 --- [    Test worker] o.h.type.descriptor.sql.BasicExtractor   : extracted value ([zone_id1_24_] : [BIGINT]) - [338]
2021-03-27 16:42:12.918 TRACE 3920 --- [    Test worker] o.h.type.descriptor.sql.BasicExtractor   : extracted value ([city2_24_] : [VARCHAR]) - [경상남도]
2021-03-27 16:42:12.918 TRACE 3920 --- [    Test worker] o.h.type.descriptor.sql.BasicExtractor   : extracted value ([province3_24_] : [VARCHAR]) - [진양군]
2021-03-27 16:42:12.918 TRACE 3920 --- [    Test worker] o.h.type.descriptor.sql.BasicExtractor   : extracted value ([zone_id1_24_] : [BIGINT]) - [339]
2021-03-27 16:42:12.918 TRACE 3920 --- [    Test worker] o.h.type.descriptor.sql.BasicExtractor   : extracted value ([city2_24_] : [VARCHAR]) - [경상남도]
2021-03-27 16:42:12.918 TRACE 3920 --- [    Test worker] o.h.type.descriptor.sql.BasicExtractor   : extracted value ([province3_24_] : [VARCHAR]) - [의령군]
2021-03-27 16:42:12.918 TRACE 3920 --- [    Test worker] o.h.type.descriptor.sql.BasicExtractor   : extracted value ([zone_id1_24_] : [BIGINT]) - [340]
2021-03-27 16:42:12.918 TRACE 3920 --- [    Test worker] o.h.type.descriptor.sql.BasicExtractor   : extracted value ([city2_24_] : [VARCHAR]) - [경상남도]
2021-03-27 16:42:12.918 TRACE 3920 --- [    Test worker] o.h.type.descriptor.sql.BasicExtractor   : extracted value ([province3_24_] : [VARCHAR]) - [함안군]
2021-03-27 16:42:12.918 TRACE 3920 --- [    Test worker] o.h.type.descriptor.sql.BasicExtractor   : extracted value ([zone_id1_24_] : [BIGINT]) - [341]
2021-03-27 16:42:12.918 TRACE 3920 --- [    Test worker] o.h.type.descriptor.sql.BasicExtractor   : extracted value ([city2_24_] : [VARCHAR]) - [경상남도]
2021-03-27 16:42:12.918 TRACE 3920 --- [    Test worker] o.h.type.descriptor.sql.BasicExtractor   : extracted value ([province3_24_] : [VARCHAR]) - [창녕군]
2021-03-27 16:42:12.918 TRACE 3920 --- [    Test worker] o.h.type.descriptor.sql.BasicExtractor   : extracted value ([zone_id1_24_] : [BIGINT]) - [342]
2021-03-27 16:42:12.918 TRACE 3920 --- [    Test worker] o.h.type.descriptor.sql.BasicExtractor   : extracted value ([city2_24_] : [VARCHAR]) - [경상남도]
2021-03-27 16:42:12.918 TRACE 3920 --- [    Test worker] o.h.type.descriptor.sql.BasicExtractor   : extracted value ([province3_24_] : [VARCHAR]) - [밀양군]
2021-03-27 16:42:12.918 TRACE 3920 --- [    Test worker] o.h.type.descriptor.sql.BasicExtractor   : extracted value ([zone_id1_24_] : [BIGINT]) - [343]
2021-03-27 16:42:12.918 TRACE 3920 --- [    Test worker] o.h.type.descriptor.sql.BasicExtractor   : extracted value ([city2_24_] : [VARCHAR]) - [경상남도]
2021-03-27 16:42:12.918 TRACE 3920 --- [    Test worker] o.h.type.descriptor.sql.BasicExtractor   : extracted value ([province3_24_] : [VARCHAR]) - [양산군]
2021-03-27 16:42:12.918 TRACE 3920 --- [    Test worker] o.h.type.descriptor.sql.BasicExtractor   : extracted value ([zone_id1_24_] : [BIGINT]) - [344]
2021-03-27 16:42:12.918 TRACE 3920 --- [    Test worker] o.h.type.descriptor.sql.BasicExtractor   : extracted value ([city2_24_] : [VARCHAR]) - [경상남도]
2021-03-27 16:42:12.918 TRACE 3920 --- [    Test worker] o.h.type.descriptor.sql.BasicExtractor   : extracted value ([province3_24_] : [VARCHAR]) - [울산군]
2021-03-27 16:42:12.918 TRACE 3920 --- [    Test worker] o.h.type.descriptor.sql.BasicExtractor   : extracted value ([zone_id1_24_] : [BIGINT]) - [345]
2021-03-27 16:42:12.918 TRACE 3920 --- [    Test worker] o.h.type.descriptor.sql.BasicExtractor   : extracted value ([city2_24_] : [VARCHAR]) - [경상남도]
2021-03-27 16:42:12.918 TRACE 3920 --- [    Test worker] o.h.type.descriptor.sql.BasicExtractor   : extracted value ([province3_24_] : [VARCHAR]) - [김해군]
2021-03-27 16:42:12.918 TRACE 3920 --- [    Test worker] o.h.type.descriptor.sql.BasicExtractor   : extracted value ([zone_id1_24_] : [BIGINT]) - [346]
2021-03-27 16:42:12.918 TRACE 3920 --- [    Test worker] o.h.type.descriptor.sql.BasicExtractor   : extracted value ([city2_24_] : [VARCHAR]) - [경상남도]
2021-03-27 16:42:12.918 TRACE 3920 --- [    Test worker] o.h.type.descriptor.sql.BasicExtractor   : extracted value ([province3_24_] : [VARCHAR]) - [창원군]
2021-03-27 16:42:12.918 TRACE 3920 --- [    Test worker] o.h.type.descriptor.sql.BasicExtractor   : extracted value ([zone_id1_24_] : [BIGINT]) - [347]
2021-03-27 16:42:12.918 TRACE 3920 --- [    Test worker] o.h.type.descriptor.sql.BasicExtractor   : extracted value ([city2_24_] : [VARCHAR]) - [경상남도]
2021-03-27 16:42:12.918 TRACE 3920 --- [    Test worker] o.h.type.descriptor.sql.BasicExtractor   : extracted value ([province3_24_] : [VARCHAR]) - [통영군]
2021-03-27 16:42:12.918 TRACE 3920 --- [    Test worker] o.h.type.descriptor.sql.BasicExtractor   : extracted value ([zone_id1_24_] : [BIGINT]) - [348]
2021-03-27 16:42:12.918 TRACE 3920 --- [    Test worker] o.h.type.descriptor.sql.BasicExtractor   : extracted value ([city2_24_] : [VARCHAR]) - [경상남도]
2021-03-27 16:42:12.918 TRACE 3920 --- [    Test worker] o.h.type.descriptor.sql.BasicExtractor   : extracted value ([province3_24_] : [VARCHAR]) - [거제군]
2021-03-27 16:42:12.918 TRACE 3920 --- [    Test worker] o.h.type.descriptor.sql.BasicExtractor   : extracted value ([zone_id1_24_] : [BIGINT]) - [349]
2021-03-27 16:42:12.918 TRACE 3920 --- [    Test worker] o.h.type.descriptor.sql.BasicExtractor   : extracted value ([city2_24_] : [VARCHAR]) - [경상남도]
2021-03-27 16:42:12.918 TRACE 3920 --- [    Test worker] o.h.type.descriptor.sql.BasicExtractor   : extracted value ([province3_24_] : [VARCHAR]) - [고성군]
2021-03-27 16:42:12.918 TRACE 3920 --- [    Test worker] o.h.type.descriptor.sql.BasicExtractor   : extracted value ([zone_id1_24_] : [BIGINT]) - [350]
2021-03-27 16:42:12.918 TRACE 3920 --- [    Test worker] o.h.type.descriptor.sql.BasicExtractor   : extracted value ([city2_24_] : [VARCHAR]) - [경상남도]
2021-03-27 16:42:12.918 TRACE 3920 --- [    Test worker] o.h.type.descriptor.sql.BasicExtractor   : extracted value ([province3_24_] : [VARCHAR]) - [사천군]
2021-03-27 16:42:12.918 TRACE 3920 --- [    Test worker] o.h.type.descriptor.sql.BasicExtractor   : extracted value ([zone_id1_24_] : [BIGINT]) - [351]
2021-03-27 16:42:12.918 TRACE 3920 --- [    Test worker] o.h.type.descriptor.sql.BasicExtractor   : extracted value ([city2_24_] : [VARCHAR]) - [경상남도]
2021-03-27 16:42:12.918 TRACE 3920 --- [    Test worker] o.h.type.descriptor.sql.BasicExtractor   : extracted value ([province3_24_] : [VARCHAR]) - [남해군]
2021-03-27 16:42:12.918 TRACE 3920 --- [    Test worker] o.h.type.descriptor.sql.BasicExtractor   : extracted value ([zone_id1_24_] : [BIGINT]) - [352]
2021-03-27 16:42:12.918 TRACE 3920 --- [    Test worker] o.h.type.descriptor.sql.BasicExtractor   : extracted value ([city2_24_] : [VARCHAR]) - [경상남도]
2021-03-27 16:42:12.918 TRACE 3920 --- [    Test worker] o.h.type.descriptor.sql.BasicExtractor   : extracted value ([province3_24_] : [VARCHAR]) - [하동군]
2021-03-27 16:42:12.918 TRACE 3920 --- [    Test worker] o.h.type.descriptor.sql.BasicExtractor   : extracted value ([zone_id1_24_] : [BIGINT]) - [353]
2021-03-27 16:42:12.918 TRACE 3920 --- [    Test worker] o.h.type.descriptor.sql.BasicExtractor   : extracted value ([city2_24_] : [VARCHAR]) - [경상남도]
2021-03-27 16:42:12.918 TRACE 3920 --- [    Test worker] o.h.type.descriptor.sql.BasicExtractor   : extracted value ([province3_24_] : [VARCHAR]) - [산청군]
2021-03-27 16:42:12.918 TRACE 3920 --- [    Test worker] o.h.type.descriptor.sql.BasicExtractor   : extracted value ([zone_id1_24_] : [BIGINT]) - [354]
2021-03-27 16:42:12.918 TRACE 3920 --- [    Test worker] o.h.type.descriptor.sql.BasicExtractor   : extracted value ([city2_24_] : [VARCHAR]) - [경상남도]
2021-03-27 16:42:12.918 TRACE 3920 --- [    Test worker] o.h.type.descriptor.sql.BasicExtractor   : extracted value ([province3_24_] : [VARCHAR]) - [함양군]
2021-03-27 16:42:12.918 TRACE 3920 --- [    Test worker] o.h.type.descriptor.sql.BasicExtractor   : extracted value ([zone_id1_24_] : [BIGINT]) - [355]
2021-03-27 16:42:12.918 TRACE 3920 --- [    Test worker] o.h.type.descriptor.sql.BasicExtractor   : extracted value ([city2_24_] : [VARCHAR]) - [경상남도]
2021-03-27 16:42:12.918 TRACE 3920 --- [    Test worker] o.h.type.descriptor.sql.BasicExtractor   : extracted value ([province3_24_] : [VARCHAR]) - [거창군]
2021-03-27 16:42:12.918 TRACE 3920 --- [    Test worker] o.h.type.descriptor.sql.BasicExtractor   : extracted value ([zone_id1_24_] : [BIGINT]) - [356]
2021-03-27 16:42:12.918 TRACE 3920 --- [    Test worker] o.h.type.descriptor.sql.BasicExtractor   : extracted value ([city2_24_] : [VARCHAR]) - [경상남도]
2021-03-27 16:42:12.918 TRACE 3920 --- [    Test worker] o.h.type.descriptor.sql.BasicExtractor   : extracted value ([province3_24_] : [VARCHAR]) - [합천군]
2021-03-27 16:42:12.918 TRACE 3920 --- [    Test worker] o.h.type.descriptor.sql.BasicExtractor   : extracted value ([zone_id1_24_] : [BIGINT]) - [357]
2021-03-27 16:42:12.918 TRACE 3920 --- [    Test worker] o.h.type.descriptor.sql.BasicExtractor   : extracted value ([city2_24_] : [VARCHAR]) - [제주특별자치도]
2021-03-27 16:42:12.918 TRACE 3920 --- [    Test worker] o.h.type.descriptor.sql.BasicExtractor   : extracted value ([province3_24_] : [VARCHAR]) - [제주시]
2021-03-27 16:42:12.918 TRACE 3920 --- [    Test worker] o.h.type.descriptor.sql.BasicExtractor   : extracted value ([zone_id1_24_] : [BIGINT]) - [358]
2021-03-27 16:42:12.918 TRACE 3920 --- [    Test worker] o.h.type.descriptor.sql.BasicExtractor   : extracted value ([city2_24_] : [VARCHAR]) - [제주특별자치도]
2021-03-27 16:42:12.918 TRACE 3920 --- [    Test worker] o.h.type.descriptor.sql.BasicExtractor   : extracted value ([province3_24_] : [VARCHAR]) - [서귀포시]
2021-03-27 16:42:12.918 TRACE 3920 --- [    Test worker] o.h.type.descriptor.sql.BasicExtractor   : extracted value ([zone_id1_24_] : [BIGINT]) - [359]
2021-03-27 16:42:12.918 TRACE 3920 --- [    Test worker] o.h.type.descriptor.sql.BasicExtractor   : extracted value ([city2_24_] : [VARCHAR]) - [제주특별자치도]
2021-03-27 16:42:12.918 TRACE 3920 --- [    Test worker] o.h.type.descriptor.sql.BasicExtractor   : extracted value ([province3_24_] : [VARCHAR]) - [북제주군]
2021-03-27 16:42:12.918 TRACE 3920 --- [    Test worker] o.h.type.descriptor.sql.BasicExtractor   : extracted value ([zone_id1_24_] : [BIGINT]) - [360]
2021-03-27 16:42:12.918 TRACE 3920 --- [    Test worker] o.h.type.descriptor.sql.BasicExtractor   : extracted value ([city2_24_] : [VARCHAR]) - [제주특별자치도]
2021-03-27 16:42:12.918 TRACE 3920 --- [    Test worker] o.h.type.descriptor.sql.BasicExtractor   : extracted value ([province3_24_] : [VARCHAR]) - [남제주군]
---------------------------------
init작업
---------------------------------
]]></system-out>
  <system-err><![CDATA[]]></system-err>
</testsuite>
